 FRESCO - FRES 3.4: Coupled Reaction Channels
 Assuming NAMELIST input.

 p+O20 with CH89;                                                                

   0.030  60.000   0.500   0.000   0.000   0.000   0.000   0.000   0.000   0.000

 Centre-of-mass Range is   2002 * 0.0300 fm., Maximum at  60.00 fm., Interpolating NL forms every  0.51 fm.
 Non - locality width is      4 * 0.0300 fm., Maximum of   0.09 fm., Centred at  0.00 fm.
 2-Nucleon Separation of      0 * 0.5100 fm., Maximum of   0.00 fm., Minimum at  0.00 fm.
 Maximum single particle bins of 59.6700 fm.
               M,Mint =         2001        1990


 Range of total J is     0.0 <= J <=    50.0 (at least     0.0) and Absorbtion =>     0.0010 mb.
 Dry Run = F, CC set limits =  0  0, Relativistic kinematics =  , Both/Far/Near Analyses =  1                     

 Cross Sections (and up to T0 for 0=projectile) for Theta from   3.0 to-180.0 in steps of  1.0 degrees, DGAM=0,  Coordinates = 0 (Mads)

 Lower Radial Cutoff = maximum of -1.60*L*h &       0.0 fm.,  Lower Cutoff for Couplings =   0.0  fm.


 Iterate Couplings between   0 and   0 times, to  0.000 % if sooner.                                          
  Block solved exactly =   0 chs., with Pade = 0 & Isocen =  =0, NOSOL = F, initwf =  0
  NL quadrature with   18 Gaussian points, Calculate multipoles up to    56 from   0
  M-transfers for lp+lt greater than or equal to  6, Angular Integration Cutoff below  2.7778 %


 Trace switches are :  CHANS =  1, LISTCC =  0, TRENEG =  0, CDETR =  0, SMATS =  2, XSTABL =  1, NLPL =  0

                       WAVES =  0, LAMPL =  0, VEFF =  0, KFUS =  0, WDISK =  0, BPM =  0, MELFIL =  0

                       CDCC =  0, NFUS =  0

 Using unit mass = 1.000000 amu and 1/fine-structure constant = 137.03599 ( 1.000000 * true ) with hc = 197.32705 MeV.fm,
  thus 2*amu/hbar^2 = 0.0478450 = 1/20.9008 and Coulomb constant = 0.1574855 so e^2 = 1.43997, and nuclear magneton= 0.1261183

 Now pre-scan input and save to file 3



 *********** PARTITION NUMBER  1 ******************************************************************************************

   PROJ=p          MASS=  1.0073 Z=   1.0,        # STATES=    1T, TARG=O20      MASS= 19.9997 Z=   8.0,     Q-VALUE =  -0.0000 MEV.

     1:  J= 0.5+ (B# 1), E=  0.0000, K= 0.5              Potl#  1       J= 0.0+ (B# 1), E=  0.0000, K= 0.0    


 ************************************************************************************************************************************

 The following POTENTIALS are defined :

  KP#       TYPE      IT    SHAPE      at     V1        r1        a1        V2        r2        a2        A-in     A-used


                                            A#1       A#2        r0c       ac                                                h @ 1
    1    0=Coulomb       0=CHARGE (WS)  1    20.000     0.000    1.2842    0.0000    0.0000    0.0000     0.000    20.000   0.03000

    1    1=Volume        0=Woods-Saxon  2   48.5527    1.1671    0.6900    3.5900    1.1753    0.6900     0.000    20.000

    1    2=Surface       0=Woods-Saxon  3    0.0000    0.0000    0.0000    7.6184    1.1753    0.6900     0.000    20.000

    1    3=Projtl S.O.   0=Woods-Saxon  4    5.9000    0.8979    0.6300    0.0000    0.0000    0.0000     0.000    20.000

 Incoming partition  1 in excitation state # 1,   Laboratory Energy given for partition  1 Nucleus 1 in Excitation pair 1

0Lab. ENERGY ranges :

   from    35.0000     to   0.00000     in     0 intervals
   from    0.00000     to   0.00000     in     0 intervals
   from    0.00000     to   0.00000     in     0 intervals

 Largest real,imaginary parts of any form factor at R=   59.52 are   2.42E-02  8.16E-32 MeV
 Finished all Couplings @    4.60000010E-04           4

 Symmetric Hamiltonian
1***********************************************************************************************************************************
************************************************************************************************************************************

        INCOMING p        ;    LABORATORY p        ENERGY =   35.000     MeV.

 ***********************************************************************************************************************************
 ***********************************************************************************************************************************

 Allocate arrays for            2  channels, of which            1  need wfs.

 ######################################################################################################################
 #                                                                                                                    #
 # Total SPIN and PARITY =     0.5 +,      1 channels,    0 in 1st block.  Rmin & Coul turning =    0.0    0.3 fm.  #
 #                                                                                                                    #
 ######################################################################################################################



    C Projectl Target   #   EX.   (L  Proj) J  + Targ = Jtotal     E-cm      Re K     Re Eta     RM*K            CH
    1 p        O20      #    1: I   0 0.5    0.5  0.0     0.5    33.32176   1.23648   0.21373   74.1887   0.33920  -0.36833 1 1 1   1
   S-matrix    1 =    0.26853  -0.30070 for L=    0, J=    0.5 channel on core I =   0.0 from L=    0,  Acc. loss =  0.0 D.
 Elastic phase shift   1 =  -24.117  26.025 deg. for the L =    0, J =    0.5 channel.
       0.5  0.26853341 -0.30070135i: elastic S-matrix  @@      0.00  0   0 F  0
 Reaction Xsec     0.5+/ 0 @ 1 =  17.209 , Out:   0.000#


 Total SPIN, PARITY =     0.5 -,      1 chs,      0 cc.  Rmin & Coul turning =    0.0    0.3
   S-matrix    1 =   -0.05368  -0.36492 for L=    1, J=    0.5 channel on core I =   0.0 from L=    1,  Acc. loss =  0.0 D.
 Elastic phase shift   1 =  -49.184  28.573 deg. for the L =    1, J =    0.5 channel.
       0.5 -0.05367635 -0.36491981i: elastic S-matrix  @@      0.00  0   0 F  0
 Reaction Xsec     0.5-/ 1 @ 1 =  17.753 , Out:   0.000#


 Total SPIN, PARITY =     1.5 +,      1 chs,      0 cc.  Rmin & Coul turning =    0.0    1.3
   S-matrix    1 =   -0.31373  -0.18704 for L=    2, J=    1.5 channel on core I =   0.0 from L=    2,  Acc. loss =  0.0 D.
 Elastic phase shift   1 =  -74.599  28.853 deg. for the L =    2, J =    1.5 channel.
       1.5 -0.31372788 -0.18703605i: elastic S-matrix  @@      0.00  0   0 F  0
 Reaction Xsec     1.5+/ 2 @ 1 =  35.614 , Out:   0.000#


 Total SPIN, PARITY =     1.5 -,      1 chs,      0 cc.  Rmin & Coul turning =    0.0    1.3
   S-matrix    1 =    0.13009  -0.36322 for L=    1, J=    1.5 channel on core I =   0.0 from L=    1,  Acc. loss =  0.0 D.
 Elastic phase shift   1 =  -35.147  27.285 deg. for the L =    1, J =    1.5 channel.
       1.5  0.13008862 -0.36321510i: elastic S-matrix  @@      0.00  0   0 F  0
 Reaction Xsec     1.5-/ 1 @ 1 =  34.979 , Out:   0.000#


 Total SPIN, PARITY =     2.5 +,      1 chs,      0 cc.  Rmin & Coul turning =    0.1    2.2
   S-matrix    1 =   -0.07159  -0.36245 for L=    2, J=    2.5 channel on core I =   0.0 from L=    2,  Acc. loss =  0.0 D.
 Elastic phase shift   1 =  -50.587  28.526 deg. for the L =    2, J =    2.5 channel.
       2.5 -0.07158959 -0.36245018i: elastic S-matrix  @@      0.00  0   0 F  0
 Reaction Xsec     2.5+/ 2 @ 1 =  53.231 , Out:   0.000#


 Total SPIN, PARITY =     2.5 -,      1 chs,      0 cc.  Rmin & Coul turning =    0.1    2.2
   S-matrix    1 =   -0.29978   0.05853 for L=    3, J=    2.5 channel on core I =   0.0 from L=    3,  Acc. loss =  0.0 D.
 Elastic phase shift   1 =   84.476  33.976 deg. for the L =    3, J =    2.5 channel.
       2.5 -0.29978143  0.05853458i: elastic S-matrix  @@      0.00  0   0 F  0
 Reaction Xsec     2.5-/ 3 @ 1 =  55.894 , Out:   0.000#


 Total SPIN, PARITY =     3.5 +,      1 chs,      0 cc.  Rmin & Coul turning =    0.1    3.0
   S-matrix    1 =    0.05850   0.25456 for L=    4, J=    3.5 channel on core I =   0.0 from L=    4,  Acc. loss =  0.0 D.
 Elastic phase shift   1 =   38.529  38.460 deg. for the L =    4, J =    3.5 channel.
       3.5  0.05849816  0.25455903i: elastic S-matrix  @@      0.00  0   0 F  0
 Reaction Xsec     3.5+/ 4 @ 1 =  76.586 , Out:   0.000#


 Total SPIN, PARITY =     3.5 -,      1 chs,      0 cc.  Rmin & Coul turning =    0.1    3.0
   S-matrix    1 =   -0.24769  -0.28981 for L=    3, J=    3.5 channel on core I =   0.0 from L=    3,  Acc. loss =  0.0 D.
 Elastic phase shift   1 =  -65.260  27.626 deg. for the L =    3, J =    3.5 channel.
       3.5 -0.24769225 -0.28981247i: elastic S-matrix  @@      0.00  0   0 F  0
 Reaction Xsec     3.5-/ 3 @ 1 =  70.247 , Out:   0.000#


 Total SPIN, PARITY =     4.5 +,      1 chs,      0 cc.  Rmin & Coul turning =    0.2    3.8
   S-matrix    1 =   -0.17456   0.04019 for L=    4, J=    4.5 channel on core I =   0.0 from L=    4,  Acc. loss =  0.0 D.
 Elastic phase shift   1 =   83.517  49.265 deg. for the L =    4, J =    4.5 channel.
       4.5 -0.17455811  0.04019350i: elastic S-matrix  @@      0.00  0   0 F  0
 Reaction Xsec     4.5+/ 4 @ 1 =  99.445 , Out:   0.000#


 Total SPIN, PARITY =     4.5 -,      1 chs,      0 cc.  Rmin & Coul turning =    0.2    3.8
   S-matrix    1 =    0.53987   0.26543 for L=    5, J=    4.5 channel on core I =   0.0 from L=    5,  Acc. loss =  0.0 D.
 Elastic phase shift   1 =   13.090  14.558 deg. for the L =    5, J =    4.5 channel.
       4.5  0.53986974  0.26542533i: elastic S-matrix  @@      0.00  0   0 F  0
 Reaction Xsec     4.5-/ 5 @ 1 =  65.558 , Out:   0.000#


 Total SPIN, PARITY =     5.5 +,      1 chs,      0 cc.  Rmin & Coul turning =    0.2    4.6
   S-matrix    1 =    0.83196   0.14611 for L=    6, J=    5.5 channel on core I =   0.0 from L=    6,  Acc. loss =  0.0 D.
 Elastic phase shift   1 =    4.980   4.835 deg. for the L =    6, J =    5.5 channel.
       5.5  0.83196161  0.14610517i: elastic S-matrix  @@      0.00  0   0 F  0
 Reaction Xsec     5.5+/ 6 @ 1 =  35.322 , Out:   0.000#


 Total SPIN, PARITY =     5.5 -,      1 chs,      0 cc.  Rmin & Coul turning =    0.2    4.6
   S-matrix    1 =    0.37217   0.31720 for L=    5, J=    5.5 channel on core I =   0.0 from L=    5,  Acc. loss =  0.0 D.
 Elastic phase shift   1 =   20.221  20.494 deg. for the L =    5, J =    5.5 channel.
       5.5  0.37216975  0.31720296i: elastic S-matrix  @@      0.00  0   0 F  0
 Reaction Xsec     5.5-/ 5 @ 1 =  93.808 , Out:   0.000#


 Total SPIN, PARITY =     6.5 +,      1 chs,      0 cc.  Rmin & Coul turning =    0.3    5.4
   S-matrix    1 =    0.79932   0.19710 for L=    6, J=    6.5 channel on core I =   0.0 from L=    6,  Acc. loss =  0.0 D.
 Elastic phase shift   1 =    6.926   5.571 deg. for the L =    6, J =    6.5 channel.
       6.5  0.79932213  0.19709902i: elastic S-matrix  @@      0.00  0   0 F  0
 Reaction Xsec     6.5+/ 6 @ 1 =  46.350 , Out:   0.000#


 Total SPIN, PARITY =     6.5 -,      1 chs,      0 cc.  Rmin & Coul turning =    0.3    5.4
   S-matrix    1 =    0.94340   0.06017 for L=    7, J=    6.5 channel on core I =   0.0 from L=    7,  Acc. loss =  0.0 D.
 Elastic phase shift   1 =    1.825   1.611 deg. for the L =    7, J =    6.5 channel.
       6.5  0.94340024  0.06016628i: elastic S-matrix  @@      0.00  0   0 F  0
 Reaction Xsec     6.5-/ 7 @ 1 =  15.301 , Out:   0.000#


 Total SPIN, PARITY =     7.5 +,      1 chs,      0 cc.  Rmin & Coul turning =    0.3    6.2
   S-matrix    1 =    0.98092   0.02226 for L=    8, J=    7.5 channel on core I =   0.0 from L=    8,  Acc. loss =  0.0 D.
 Elastic phase shift   1 =    0.650   0.545 deg. for the L =    8, J =    7.5 channel.
       7.5  0.98091535  0.02225867i: elastic S-matrix  @@      0.00  0   0 F  0
 Reaction Xsec     7.5+/ 8 @ 1 =   6.133 , Out:   0.000#


 Total SPIN, PARITY =     7.5 -,      1 chs,      0 cc.  Rmin & Coul turning =    0.3    6.2
   S-matrix    1 =    0.93911   0.07793 for L=    7, J=    7.5 channel on core I =   0.0 from L=    7,  Acc. loss =  0.0 D.
 Elastic phase shift   1 =    2.372   1.702 deg. for the L =    7, J =    7.5 channel.
       7.5  0.93910645  0.07792662i: elastic S-matrix  @@      0.00  0   0 F  0
 Reaction Xsec     7.5-/ 7 @ 1 =  18.412 , Out:   0.000#


 Total SPIN, PARITY =     8.5 +,      1 chs,      0 cc.  Rmin & Coul turning =    0.4    7.0
   S-matrix    1 =    0.98038   0.02775 for L=    8, J=    8.5 channel on core I =   0.0 from L=    8,  Acc. loss =  0.0 D.
 Elastic phase shift   1 =    0.811   0.556 deg. for the L =    8, J =    8.5 channel.
       8.5  0.98038183  0.02775382i: elastic S-matrix  @@      0.00  0   0 F  0
 Reaction Xsec     8.5+/ 8 @ 1 =   7.043 , Out:   0.000#


 Total SPIN, PARITY =     8.5 -,      1 chs,      0 cc.  Rmin & Coul turning =    0.4    7.0
   S-matrix    1 =    0.99351   0.00791 for L=    9, J=    8.5 channel on core I =   0.0 from L=    9,  Acc. loss =  0.0 D.
 Elastic phase shift   1 =    0.228   0.186 deg. for the L =    9, J =    8.5 channel.
       8.5  0.99351035  0.00790676i: elastic S-matrix  @@      0.00  0   0 F  0
 Reaction Xsec     8.5-/ 9 @ 1 =   2.381 , Out:   0.000#


 Total SPIN, PARITY =     9.5 +,      1 chs,      0 cc.  Rmin & Coul turning =    0.4    7.8
   S-matrix    1 =    0.99779   0.00276 for L=   10, J=    9.5 channel on core I =   0.0 from L=   10,  Acc. loss =  0.0 D.
 Elastic phase shift   1 =    0.079   0.063 deg. for the L =   10, J =    9.5 channel.
       9.5  0.99778569  0.00275982i: elastic S-matrix  @@      0.00  0   0 F  0
 Reaction Xsec     9.5+/10 @ 1 =   0.907 , Out:   0.000#


 Total SPIN, PARITY =     9.5 -,      1 chs,      0 cc.  Rmin & Coul turning =    0.4    7.8
   S-matrix    1 =    0.99344   0.00960 for L=    9, J=    9.5 channel on core I =   0.0 from L=    9,  Acc. loss =  0.0 D.
 Elastic phase shift   1 =    0.277   0.187 deg. for the L =    9, J =    9.5 channel.
       9.5  0.99344391  0.00960035i: elastic S-matrix  @@      0.00  0   0 F  0
 Reaction Xsec     9.5-/ 9 @ 1 =   2.667 , Out:   0.000#


 Total SPIN, PARITY =    10.5 +,      1 chs,      0 cc.  Rmin & Coul turning =    0.5    8.7
   S-matrix    1 =    0.99778   0.00328 for L=   10, J=   10.5 channel on core I =   0.0 from L=   10,  Acc. loss =  0.0 D.
 Elastic phase shift   1 =    0.094   0.064 deg. for the L =   10, J =   10.5 channel.
      10.5  0.99777736  0.00328486i: elastic S-matrix  @@      0.00  0   0 F  0
 Reaction Xsec    10.5+/10 @ 1 =   1.001 , Out:   0.000#


 Total SPIN, PARITY =    10.5 -,      1 chs,      0 cc.  Rmin & Coul turning =    0.5    8.7
   S-matrix    1 =    0.99924   0.00095 for L=   11, J=   10.5 channel on core I =   0.0 from L=   11,  Acc. loss =  0.0 D.
 Elastic phase shift   1 =    0.027   0.022 deg. for the L =   11, J =   10.5 channel.
      10.5  0.99924454  0.00095468i: elastic S-matrix  @@      0.00  0   0 F  0
 Reaction Xsec    10.5-/11 @ 1 =   0.341 , Out:   0.000#


 Total SPIN, PARITY =    11.5 +,      1 chs,      0 cc.  Rmin & Coul turning =    0.5    9.5
   S-matrix    1 =    0.99974   0.00033 for L=   12, J=   11.5 channel on core I =   0.0 from L=   12,  Acc. loss =  0.0 D.
 Elastic phase shift   1 =    0.009   0.007 deg. for the L =   12, J =   11.5 channel.
      11.5  0.99974266  0.00032842i: elastic S-matrix  @@      0.00  0   0 F  0
 Reaction Xsec    11.5+/12 @ 1 =   0.127 , Out:   0.000#


 Total SPIN, PARITY =    11.5 -,      1 chs,      0 cc.  Rmin & Coul turning =    0.5    9.5
   S-matrix    1 =    0.99924   0.00112 for L=   11, J=   11.5 channel on core I =   0.0 from L=   11,  Acc. loss =  0.0 D.
 Elastic phase shift   1 =    0.032   0.022 deg. for the L =   11, J =   11.5 channel.
      11.5  0.99924349  0.00111786i: elastic S-matrix  @@      0.00  0   0 F  0
 Reaction Xsec    11.5-/11 @ 1 =   0.373 , Out:   0.000#


 Total SPIN, PARITY =    12.5 +,      1 chs,      0 cc.  Rmin & Coul turning =    0.6   10.3
   S-matrix    1 =    0.99974   0.00038 for L=   12, J=   12.5 channel on core I =   0.0 from L=   12,  Acc. loss =  0.0 D.
 Elastic phase shift   1 =    0.011   0.007 deg. for the L =   12, J =   12.5 channel.
      12.5  0.99974253  0.00037912i: elastic S-matrix  @@      0.00  0   0 F  0
 Reaction Xsec    12.5+/12 @ 1 =   0.137 , Out:   0.000#


 Total SPIN, PARITY =    12.5 -,      1 chs,      0 cc.  Rmin & Coul turning =    0.6   10.3
   S-matrix    1 =    0.99991   0.00011 for L=   13, J=   12.5 channel on core I =   0.0 from L=   13,  Acc. loss =  0.0 D.
 Elastic phase shift   1 =    0.003   0.003 deg. for the L =   13, J =   12.5 channel.
      12.5  0.99991252  0.00011253i: elastic S-matrix  @@      0.00  0   0 F  0
 Reaction Xsec    12.5-/13 @ 1 =   0.047 , Out:   0.000#


 Total SPIN, PARITY =    13.5 +,      1 chs,      0 cc.  Rmin & Coul turning =    0.6   11.1
   S-matrix    1 =    0.99997   0.00004 for L=   14, J=   13.5 channel on core I =   0.0 from L=   14,  Acc. loss =  0.0 D.
 Elastic phase shift   1 =    0.001   0.001 deg. for the L =   14, J =   13.5 channel.
      13.5  0.99997032  0.00003843i: elastic S-matrix  @@      0.00  0   0 F  0
 Reaction Xsec    13.5+/14 @ 1 =   0.017 , Out:   0.000#


 Total SPIN, PARITY =    13.5 -,      1 chs,      0 cc.  Rmin & Coul turning =    0.6   11.1
   S-matrix    1 =    0.99991   0.00013 for L=   13, J=   13.5 channel on core I =   0.0 from L=   13,  Acc. loss =  0.0 D.
 Elastic phase shift   1 =    0.004   0.003 deg. for the L =   13, J =   13.5 channel.
      13.5  0.99991251  0.00012825i: elastic S-matrix  @@      0.00  0   0 F  0
 Reaction Xsec    13.5-/13 @ 1 =   0.050 , Out:   0.000#


 Total SPIN, PARITY =    14.5 +,      1 chs,      0 cc.  Rmin & Coul turning =    0.7   11.9
   S-matrix    1 =    0.99997   0.00004 for L=   14, J=   14.5 channel on core I =   0.0 from L=   14,  Acc. loss =  0.0 D.
 Elastic phase shift   1 =    0.001   0.001 deg. for the L =   14, J =   14.5 channel.
      14.5  0.99997032  0.00004330i: elastic S-matrix  @@      0.00  0   0 F  0
 Reaction Xsec    14.5+/14 @ 1 =   0.018 , Out:   0.000#


 Total SPIN, PARITY =    14.5 -,      1 chs,      0 cc.  Rmin & Coul turning =    0.7   11.9
   S-matrix    1 =    0.99999   0.00001 for L=   15, J=   14.5 channel on core I =   0.0 from L=   15,  Acc. loss =  0.0 D.
 Elastic phase shift   1 =    0.000   0.000 deg. for the L =   15, J =   14.5 channel.
      14.5  0.99998995  0.00001309i: elastic S-matrix  @@      0.00  0   0 F  0
 Reaction Xsec    14.5-/15 @ 1 =   6.194/, Out:   0.000#


 Total SPIN, PARITY =    15.5 +,      1 chs,      0 cc.  Rmin & Coul turning =    0.7   12.7
   S-matrix    1 =    1.00000   0.00000 for L=   16, J=   15.5 channel on core I =   0.0 from L=   16,  Acc. loss =  0.0 D.
 Elastic phase shift   1 =    0.000   0.000 deg. for the L =   16, J =   15.5 channel.
      15.5  0.99999660  0.00000445i: elastic S-matrix  @@      0.00  0   0 F  0
 Reaction Xsec    15.5+/16 @ 1 =   2.233/, Out:   0.000#


 Total SPIN, PARITY =    15.5 -,      1 chs,      0 cc.  Rmin & Coul turning =    0.7   12.7
   S-matrix    1 =    0.99999   0.00001 for L=   15, J=   15.5 channel on core I =   0.0 from L=   15,  Acc. loss =  0.0 D.
 Elastic phase shift   1 =    0.000   0.000 deg. for the L =   15, J =   15.5 channel.
      15.5  0.99998995  0.00001460i: elastic S-matrix  @@      0.00  0   0 F  0
 Reaction Xsec    15.5-/15 @ 1 =   6.607/, Out:   0.000#


 Total SPIN, PARITY =    16.5 +,      1 chs,      0 cc.  Rmin & Coul turning =    0.8   13.5
   S-matrix    1 =    1.00000   0.00000 for L=   16, J=   16.5 channel on core I =   0.0 from L=   16,  Acc. loss =  0.0 D.
 Elastic phase shift   1 =    0.000   0.000 deg. for the L =   16, J =   16.5 channel.
      16.5  0.99999660  0.00000491i: elastic S-matrix  @@      0.00  0   0 F  0
 Reaction Xsec    16.5+/16 @ 1 =   2.373/, Out:   0.000#


 Total SPIN, PARITY =    16.5 -,      1 chs,      0 cc.  Rmin & Coul turning =    0.8   13.5
   S-matrix    1 =    1.00000   0.00000 for L=   17, J=   16.5 channel on core I =   0.0 from L=   17,  Acc. loss =  0.0 D.
 Elastic phase shift   1 =    0.000   0.000 deg. for the L =   17, J =   16.5 channel.
      16.5  0.99999885  0.00000151i: elastic S-matrix  @@      0.00  0   0 F  0
 Reaction Xsec    16.5-/17 @ 1 =   0.801/, Out:   0.000#


 Total SPIN, PARITY =    17.5 +,      1 chs,      0 cc.  Rmin & Coul turning =    0.8   14.3
   S-matrix    1 =    1.00000   0.00000 for L=   18, J=   17.5 channel on core I =   0.0 from L=   18,  Acc. loss =  0.0 D.
 Elastic phase shift   1 =    0.000   0.000 deg. for the L =   18, J =   17.5 channel.
      17.5  0.99999961  0.00000051i: elastic S-matrix  @@      0.00  0   0 F  0
 Reaction Xsec    17.5+/18 @ 1 =   0.286/, Out:   0.000#


 Total SPIN, PARITY =    17.5 -,      1 chs,      0 cc.  Rmin & Coul turning =    0.8   14.3
   S-matrix    1 =    1.00000   0.00000 for L=   17, J=   17.5 channel on core I =   0.0 from L=   17,  Acc. loss =  0.0 D.
 Elastic phase shift   1 =    0.000   0.000 deg. for the L =   17, J =   17.5 channel.
      17.5  0.99999885  0.00000165i: elastic S-matrix  @@      0.00  0   0 F  0
 Reaction Xsec    17.5-/17 @ 1 =   0.848/, Out:   0.000#

 Finished all CC sets @    4.27399995E-03
0CUMULATIVE REACTION cross section                 =  756.97033  <L> =     4.08  <L**2> =     20.0
0CUMULATIVE outgoing cross sections in partition 1 :    0.00000
0Cumulative ABSORBTION by Imaginary Potentials     =  756.97033  <L> =     4.08  <L**2> =     20.0
   Fusion for specific p        M-states :  756.970330  756.970330
0CUMULATIVE OUTGOING cross section                 =    0.00000
 To convert to S-factors (MeV.mb = keV.b),  multiply by  1.2763E+02


 CROSS SECTIONS FOR OUTGOING p        & O20      in state #   1 with spins & parities 0.5  + &  0.0  +;  0

     3.00 deg.: X-S =   1.3100E+05 mb/sr,
+                                         /R =   8.2346E-01
     4.00 deg.: X-S =   3.7719E+04 mb/sr,
+                                         /R =   7.4907E-01
     5.00 deg.: X-S =   1.4559E+04 mb/sr,
+                                         /R =   7.0557E-01
     6.00 deg.: X-S =  7128.191302 mb/sr,
+                                         /R =   7.1593E-01
     7.00 deg.: X-S =  4312.299686 mb/sr,
+                                         /R =   8.0187E-01
     8.00 deg.: X-S =  3099.440015 mb/sr,
+                                         /R =   9.8246E-01
     9.00 deg.: X-S =  2508.819928 mb/sr,
+                                         /R =   1.2727E+00
    10.00 deg.: X-S =  2177.908640 mb/sr,
+                                         /R =   1.6823E+00
    11.00 deg.: X-S =  1960.270658 mb/sr,
+                                         /R =   2.2146E+00
    12.00 deg.: X-S =  1793.150805 mb/sr,
+                                         /R =   2.8658E+00
    13.00 deg.: X-S =  1648.801952 mb/sr,
+                                         /R =   3.6249E+00
    14.00 deg.: X-S =  1514.990452 mb/sr,
+                                         /R =   4.4738E+00
    15.00 deg.: X-S =  1386.635463 mb/sr,
+                                         /R =   5.3882E+00
    16.00 deg.: X-S =  1262.020081 mb/sr,
+                                         /R =   6.3384E+00
    17.00 deg.: X-S =  1140.996305 mb/sr,
+                                         /R =   7.2910E+00
    18.00 deg.: X-S =  1024.104515 mb/sr,
+                                         /R =   8.2104E+00
    19.00 deg.: X-S =   912.130837 mb/sr,
+                                         /R =   9.0612E+00
    20.00 deg.: X-S =   805.882255 mb/sr,
+                                         /R =   9.8094E+00
    21.00 deg.: X-S =   706.073790 mb/sr,
+                                         /R =   1.0425E+01
    22.00 deg.: X-S =   613.275220 mb/sr,
+                                         /R =   1.0883E+01
    23.00 deg.: X-S =   527.890428 mb/sr,
+                                         /R =   1.1165E+01
    24.00 deg.: X-S =   450.155112 mb/sr,
+                                         /R =   1.1261E+01
    25.00 deg.: X-S =   380.145049 mb/sr,
+                                         /R =   1.1168E+01
    26.00 deg.: X-S =   317.790450 mb/sr,
+                                         /R =   1.0894E+01
    27.00 deg.: X-S =   262.893711 mb/sr,
+                                         /R =   1.0452E+01
    28.00 deg.: X-S =   215.148885 mb/sr,
+                                         /R =   9.8658E+00
    29.00 deg.: X-S =   174.161698 mb/sr,
+                                         /R =   9.1631E+00
    30.00 deg.: X-S =   139.469331 mb/sr,
+                                         /R =   8.3783E+00
    31.00 deg.: X-S =   110.559353 mb/sr,
+                                         /R =   7.5489E+00
    32.00 deg.: X-S =    86.887382 mb/sr,
+                                         /R =   6.7143E+00
    33.00 deg.: X-S =    67.893162 mb/sr,
+                                         /R =   5.9141E+00
    34.00 deg.: X-S =    53.014835 mb/sr,
+                                         /R =   5.1860E+00
    35.00 deg.: X-S =    41.701275 mb/sr,
+                                         /R =   4.5647E+00
    36.00 deg.: X-S =    33.422438 mb/sr,
+                                         /R =   4.0800E+00
    37.00 deg.: X-S =    27.677731 mb/sr,
+                                         /R =   3.7560E+00
    38.00 deg.: X-S =    24.002461 mb/sr,
+                                         /R =   3.6101E+00
    39.00 deg.: X-S =    21.972474 mb/sr,
+                                         /R =   3.6522E+00
    40.00 deg.: X-S =    21.207125 mb/sr,
+                                         /R =   3.8849E+00
    41.00 deg.: X-S =    21.370747 mb/sr,
+                                         /R =   4.3034E+00
    42.00 deg.: X-S =    22.172806 mb/sr,
+                                         /R =   4.8959E+00
    43.00 deg.: X-S =    23.366934 mb/sr,
+                                         /R =   5.6441E+00
    44.00 deg.: X-S =    24.749034 mb/sr,
+                                         /R =   6.5246E+00
    45.00 deg.: X-S =    26.154662 mb/sr,
+                                         /R =   7.5093E+00
    46.00 deg.: X-S =    27.455847 mb/sr,
+                                         /R =   8.5672E+00
    47.00 deg.: X-S =    28.557540 mb/sr,
+                                         /R =   9.6652E+00
    48.00 deg.: X-S =    29.393838 mb/sr,
+                                         /R =   1.0770E+01
    49.00 deg.: X-S =    29.924107 mb/sr,
+                                         /R =   1.1847E+01
    50.00 deg.: X-S =    30.129146 mb/sr,
+                                         /R =   1.2867E+01
    51.00 deg.: X-S =    30.007461 mb/sr,
+                                         /R =   1.3799E+01
    52.00 deg.: X-S =    29.571745 mb/sr,
+                                         /R =   1.4620E+01
    53.00 deg.: X-S =    28.845619 mb/sr,
+                                         /R =   1.5307E+01
    54.00 deg.: X-S =    27.860670 mb/sr,
+                                         /R =   1.5844E+01
    55.00 deg.: X-S =    26.653821 mb/sr,
+                                         /R =   1.6221E+01
    56.00 deg.: X-S =    25.265043 mb/sr,
+                                         /R =   1.6430E+01
    57.00 deg.: X-S =    23.735408 mb/sr,
+                                         /R =   1.6472E+01
    58.00 deg.: X-S =    22.105480 mb/sr,
+                                         /R =   1.6348E+01
    59.00 deg.: X-S =    20.414024 mb/sr,
+                                         /R =   1.6069E+01
    60.00 deg.: X-S =    18.697015 mb/sr,
+                                         /R =   1.5644E+01
    61.00 deg.: X-S =    16.986913 mb/sr,
+                                         /R =   1.5090E+01
    62.00 deg.: X-S =    15.312188 mb/sr,
+                                         /R =   1.4424E+01
    63.00 deg.: X-S =    13.697049 mb/sr,
+                                         /R =   1.3667E+01
    64.00 deg.: X-S =    12.161359 mb/sr,
+                                         /R =   1.2838E+01
    65.00 deg.: X-S =    10.720693 mb/sr,
+                                         /R =   1.1961E+01
    66.00 deg.: X-S =     9.386526 mb/sr,
+                                         /R =   1.1057E+01
    67.00 deg.: X-S =     8.166509 mb/sr,
+                                         /R =   1.0146E+01
    68.00 deg.: X-S =     7.064807 mb/sr,
+                                         /R =   9.2478E+00
    69.00 deg.: X-S =     6.082499 mb/sr,
+                                         /R =   8.3808E+00
    70.00 deg.: X-S =     5.217983 mb/sr,
+                                         /R =   7.5607E+00
    71.00 deg.: X-S =     4.467412 mb/sr,
+                                         /R =   6.8009E+00
    72.00 deg.: X-S =     3.825107 mb/sr,
+                                         /R =   6.1124E+00
    73.00 deg.: X-S =     3.283967 mb/sr,
+                                         /R =   5.5035E+00
    74.00 deg.: X-S =     2.835844 mb/sr,
+                                         /R =   4.9800E+00
    75.00 deg.: X-S =     2.471893 mb/sr,
+                                         /R =   4.5448E+00
    76.00 deg.: X-S =     2.182886 mb/sr,
+                                         /R =   4.1985E+00
    77.00 deg.: X-S =     1.959481 mb/sr,
+                                         /R =   3.9394E+00
    78.00 deg.: X-S =     1.792458 mb/sr,
+                                         /R =   3.7638E+00
    79.00 deg.: X-S =     1.672917 mb/sr,
+                                         /R =   3.6661E+00
    80.00 deg.: X-S =     1.592425 mb/sr,
+                                         /R =   3.6393E+00
    81.00 deg.: X-S =     1.543144 mb/sr,
+                                         /R =   3.6752E+00
    82.00 deg.: X-S =     1.517914 mb/sr,
+                                         /R =   3.7645E+00
    83.00 deg.: X-S =     1.510310 mb/sr,
+                                         /R =   3.8978E+00
    84.00 deg.: X-S =     1.514672 mb/sr,
+                                         /R =   4.0649E+00
    85.00 deg.: X-S =     1.526110 mb/sr,
+                                         /R =   4.2561E+00
    86.00 deg.: X-S =     1.540493 mb/sr,
+                                         /R =   4.4615E+00
    87.00 deg.: X-S =     1.554422 mb/sr,
+                                         /R =   4.6721E+00
    88.00 deg.: X-S =     1.565183 mb/sr,
+                                         /R =   4.8791E+00
    89.00 deg.: X-S =     1.570700 mb/sr,
+                                         /R =   5.0750E+00
    90.00 deg.: X-S =     1.569477 mb/sr,
+                                         /R =   5.2528E+00
    91.00 deg.: X-S =     1.560534 mb/sr,
+                                         /R =   5.4067E+00
    92.00 deg.: X-S =     1.543343 mb/sr,
+                                         /R =   5.5321E+00
    93.00 deg.: X-S =     1.517766 mb/sr,
+                                         /R =   5.6253E+00
    94.00 deg.: X-S =     1.483988 mb/sr,
+                                         /R =   5.6837E+00
    95.00 deg.: X-S =     1.442460 mb/sr,
+                                         /R =   5.7058E+00
    96.00 deg.: X-S =     1.393843 mb/sr,
+                                         /R =   5.6911E+00
    97.00 deg.: X-S =     1.338950 mb/sr,
+                                         /R =   5.6400E+00
    98.00 deg.: X-S =     1.278707 mb/sr,
+                                         /R =   5.5537E+00
    99.00 deg.: X-S =     1.214104 mb/sr,
+                                         /R =   5.4341E+00
   100.00 deg.: X-S =     1.146163 mb/sr,
+                                         /R =   5.2839E+00
   101.00 deg.: X-S =     1.075902 mb/sr,
+                                         /R =   5.1061E+00
   102.00 deg.: X-S =     1.004313 mb/sr,
+                                         /R =   4.9042E+00
   103.00 deg.: X-S =     0.932339 mb/sr,
+                                         /R =   4.6821E+00
   104.00 deg.: X-S =     0.860856 mb/sr,
+                                         /R =   4.4438E+00
   105.00 deg.: X-S =     0.790661 mb/sr,
+                                         /R =   4.1932E+00
   106.00 deg.: X-S =     0.722464 mb/sr,
+                                         /R =   3.9346E+00
   107.00 deg.: X-S =     0.656882 mb/sr,
+                                         /R =   3.6719E+00
   108.00 deg.: X-S =     0.594436 mb/sr,
+                                         /R =   3.4090E+00
   109.00 deg.: X-S =     0.535551 mb/sr,
+                                         /R =   3.1495E+00
   110.00 deg.: X-S =     0.480559 mb/sr,
+                                         /R =   2.8967E+00
   111.00 deg.: X-S =     0.429701 mb/sr,
+                                         /R =   2.6536E+00
   112.00 deg.: X-S =     0.383136 mb/sr,
+                                         /R =   2.4229E+00
   113.00 deg.: X-S =     0.340940 mb/sr,
+                                         /R =   2.2070E+00
   114.00 deg.: X-S =     0.303120 mb/sr,
+                                         /R =   2.0076E+00
   115.00 deg.: X-S =     0.269620 mb/sr,
+                                         /R =   1.8262E+00
   116.00 deg.: X-S =     0.240323 mb/sr,
+                                         /R =   1.6641E+00
   117.00 deg.: X-S =     0.215066 mb/sr,
+                                         /R =   1.5217E+00
   118.00 deg.: X-S =     0.193645 mb/sr,
+                                         /R =   1.3995E+00
   119.00 deg.: X-S =     0.175821 mb/sr,
+                                         /R =   1.2973E+00
   120.00 deg.: X-S =     0.161327 mb/sr,
+                                         /R =   1.2148E+00
   121.00 deg.: X-S =     0.149880 mb/sr,
+                                         /R =   1.1514E+00
   122.00 deg.: X-S =     0.141179 mb/sr,
+                                         /R =   1.1060E+00
   123.00 deg.: X-S =     0.134918 mb/sr,
+                                         /R =   1.0773E+00
   124.00 deg.: X-S =     0.130787 mb/sr,
+                                         /R =   1.0641E+00
   125.00 deg.: X-S =     0.128479 mb/sr,
+                                         /R =   1.0647E+00
   126.00 deg.: X-S =     0.127695 mb/sr,
+                                         /R =   1.0774E+00
   127.00 deg.: X-S =     0.128145 mb/sr,
+                                         /R =   1.1004E+00
   128.00 deg.: X-S =     0.129553 mb/sr,
+                                         /R =   1.1318E+00
   129.00 deg.: X-S =     0.131661 mb/sr,
+                                         /R =   1.1698E+00
   130.00 deg.: X-S =     0.134228 mb/sr,
+                                         /R =   1.2124E+00
   131.00 deg.: X-S =     0.137037 mb/sr,
+                                         /R =   1.2578E+00
   132.00 deg.: X-S =     0.139892 mb/sr,
+                                         /R =   1.3044E+00
   133.00 deg.: X-S =     0.142620 mb/sr,
+                                         /R =   1.3504E+00
   134.00 deg.: X-S =     0.145074 mb/sr,
+                                         /R =   1.3944E+00
   135.00 deg.: X-S =     0.147130 mb/sr,
+                                         /R =   1.4350E+00
   136.00 deg.: X-S =     0.148690 mb/sr,
+                                         /R =   1.4711E+00
   137.00 deg.: X-S =     0.149681 mb/sr,
+                                         /R =   1.5017E+00
   138.00 deg.: X-S =     0.150052 mb/sr,
+                                         /R =   1.5260E+00
   139.00 deg.: X-S =     0.149776 mb/sr,
+                                         /R =   1.5434E+00
   140.00 deg.: X-S =     0.148846 mb/sr,
+                                         /R =   1.5537E+00
   141.00 deg.: X-S =     0.147277 mb/sr,
+                                         /R =   1.5567E+00
   142.00 deg.: X-S =     0.145100 mb/sr,
+                                         /R =   1.5525E+00
   143.00 deg.: X-S =     0.142364 mb/sr,
+                                         /R =   1.5414E+00
   144.00 deg.: X-S =     0.139133 mb/sr,
+                                         /R =   1.5239E+00
   145.00 deg.: X-S =     0.135482 mb/sr,
+                                         /R =   1.5005E+00
   146.00 deg.: X-S =     0.131495 mb/sr,
+                                         /R =   1.4723E+00
   147.00 deg.: X-S =     0.127265 mb/sr,
+                                         /R =   1.4400E+00
   148.00 deg.: X-S =     0.122891 mb/sr,
+                                         /R =   1.4047E+00
   149.00 deg.: X-S =     0.118471 mb/sr,
+                                         /R =   1.3676E+00
   150.00 deg.: X-S =     0.114107 mb/sr,
+                                         /R =   1.3298E+00
   151.00 deg.: X-S =     0.109897 mb/sr,
+                                         /R =   1.2925E+00
   152.00 deg.: X-S =     0.105936 mb/sr,
+                                         /R =   1.2570E+00
   153.00 deg.: X-S =     0.102310 mb/sr,
+                                         /R =   1.2244E+00
   154.00 deg.: X-S =     0.099101 mb/sr,
+                                         /R =   1.1958E+00
   155.00 deg.: X-S =     0.096377 mb/sr,
+                                         /R =   1.1722E+00
   156.00 deg.: X-S =     0.094198 mb/sr,
+                                         /R =   1.1544E+00
   157.00 deg.: X-S =     0.092609 mb/sr,
+                                         /R =   1.1432E+00
   158.00 deg.: X-S =     0.091643 mb/sr,
+                                         /R =   1.1391E+00
   159.00 deg.: X-S =     0.091318 mb/sr,
+                                         /R =   1.1427E+00
   160.00 deg.: X-S =     0.091640 mb/sr,
+                                         /R =   1.1539E+00
   161.00 deg.: X-S =     0.092598 mb/sr,
+                                         /R =   1.1730E+00
   162.00 deg.: X-S =     0.094168 mb/sr,
+                                         /R =   1.1997E+00
   163.00 deg.: X-S =     0.096313 mb/sr,
+                                         /R =   1.2336E+00
   164.00 deg.: X-S =     0.098984 mb/sr,
+                                         /R =   1.2743E+00
   165.00 deg.: X-S =     0.102118 mb/sr,
+                                         /R =   1.3209E+00
   166.00 deg.: X-S =     0.105645 mb/sr,
+                                         /R =   1.3726E+00
   167.00 deg.: X-S =     0.109486 mb/sr,
+                                         /R =   1.4284E+00
   168.00 deg.: X-S =     0.113554 mb/sr,
+                                         /R =   1.4871E+00
   169.00 deg.: X-S =     0.117758 mb/sr,
+                                         /R =   1.5476E+00
   170.00 deg.: X-S =     0.122004 mb/sr,
+                                         /R =   1.6086E+00
   171.00 deg.: X-S =     0.126199 mb/sr,
+                                         /R =   1.6687E+00
   172.00 deg.: X-S =     0.130248 mb/sr,
+                                         /R =   1.7267E+00
   173.00 deg.: X-S =     0.134063 mb/sr,
+                                         /R =   1.7814E+00
   174.00 deg.: X-S =     0.137559 mb/sr,
+                                         /R =   1.8315E+00
   175.00 deg.: X-S =     0.140658 mb/sr,
+                                         /R =   1.8759E+00
   176.00 deg.: X-S =     0.143293 mb/sr,
+                                         /R =   1.9136E+00
   177.00 deg.: X-S =     0.145405 mb/sr,
+                                         /R =   1.9439E+00
   178.00 deg.: X-S =     0.146948 mb/sr,
+                                         /R =   1.9660E+00
   179.00 deg.: X-S =     0.147887 mb/sr,
+                                         /R =   1.9795E+00
   179.99 deg.: X-S =     0.148203 mb/sr,
+                                         /R =   1.9840E+00
                                           Integrated 2085.6987 mb, over [   3.000, 180.000] at    35.0000 MeV 
 Finished all xsecs @    5.19599998E-03

  The following files have been created:
   3:local copy of User input.            6:standard output.                   
   7:elastic  S-matrix elements.         13:total cross sections/state.        
  16:tables of cross sections.           38:cross sections for each J/pi.      
  39:cross sections for each Ecm.        40:all cross sectns. for each Elab.   
  45:scat phase shift as E functions.    56:Fusion for each Jtotal.            
 201:Separate cross sections.           

 PARAMETERS : MAXQRN   MFNL   MLOC  LMAX1 MCLIST
    ALLOWED :      1      1      4     70      6
    REQUIRED:      0      0      4     19      4


 ACCURACY ANALYSIS at    35.000 MeV :

  Elastic h*k = 0.037 so OK       compared with 0.200

   Real(S-el) > 0.01 first at J =       0.5
   Real(S-el) > 0.10 first at J =       0.5
   Real(S-el) > 0.50 first at J =       4.5
   Real(S-el) > 0.90 first at J =       6.5
   Real(S-el) > 0.99 first at J =       8.5
   R-turn =    14.32 fm    at J =      17.5

 Forward-angle excitation cut off below   1.361 deg by max JT =      17.5
                              and below   0.330 deg by max R.

