 FRESCO - FRES 3.4: Coupled Reaction Channels
 Assuming NAMELIST input.

 p+O20 with CH89;                                                                

   0.030  60.000   0.500   0.000   0.000   0.000   0.000   0.000   0.000   0.000

 Centre-of-mass Range is   2002 * 0.0300 fm., Maximum at  60.00 fm., Interpolating NL forms every  0.51 fm.
 Non - locality width is      4 * 0.0300 fm., Maximum of   0.09 fm., Centred at  0.00 fm.
 2-Nucleon Separation of      0 * 0.5100 fm., Maximum of   0.00 fm., Minimum at  0.00 fm.
 Maximum single particle bins of 59.6700 fm.
               M,Mint =         2001        1990


 Range of total J is     0.0 <= J <=    50.0 (at least     0.0) and Absorbtion =>     0.0010 mb.
 Dry Run = F, CC set limits =  0  0, Relativistic kinematics =  , Both/Far/Near Analyses =  1                     

 Cross Sections (and up to T0 for 0=projectile) for Theta from   3.0 to-180.0 in steps of  1.0 degrees, DGAM=0,  Coordinates = 0 (Mads)

 Lower Radial Cutoff = maximum of -1.60*L*h &       0.0 fm.,  Lower Cutoff for Couplings =   0.0  fm.


 Iterate Couplings between   0 and   0 times, to  0.000 % if sooner.                                          
  Block solved exactly =   0 chs., with Pade = 0 & Isocen =  =0, NOSOL = F, initwf =  0
  NL quadrature with   18 Gaussian points, Calculate multipoles up to    56 from   0
  M-transfers for lp+lt greater than or equal to  6, Angular Integration Cutoff below  2.7778 %


 Trace switches are :  CHANS =  1, LISTCC =  0, TRENEG =  0, CDETR =  0, SMATS =  2, XSTABL =  1, NLPL =  0

                       WAVES =  0, LAMPL =  0, VEFF =  0, KFUS =  0, WDISK =  0, BPM =  0, MELFIL =  0

                       CDCC =  0, NFUS =  0

 Using unit mass = 1.000000 amu and 1/fine-structure constant = 137.03599 ( 1.000000 * true ) with hc = 197.32705 MeV.fm,
  thus 2*amu/hbar^2 = 0.0478450 = 1/20.9008 and Coulomb constant = 0.1574855 so e^2 = 1.43997, and nuclear magneton= 0.1261183

 Now pre-scan input and save to file 3



 *********** PARTITION NUMBER  1 ******************************************************************************************

   PROJ=p          MASS=  1.0073 Z=   1.0,        # STATES=    1T, TARG=O20      MASS= 19.9997 Z=   8.0,     Q-VALUE =  -0.0000 MEV.

     1:  J= 0.5+ (B# 1), E=  0.0000, K= 0.5              Potl#  1       J= 0.0+ (B# 1), E=  0.0000, K= 0.0    


 ************************************************************************************************************************************

 The following POTENTIALS are defined :

  KP#       TYPE      IT    SHAPE      at     V1        r1        a1        V2        r2        a2        A-in     A-used


                                            A#1       A#2        r0c       ac                                                h @ 1
    1    0=Coulomb       0=CHARGE (WS)  1    20.000     0.000    1.2842    0.0000    0.0000    0.0000     0.000    20.000   0.03000

    1    1=Volume        0=Woods-Saxon  2   36.9926    1.1671    0.6900    3.2481    1.1753    0.6900     0.000    20.000

    1    2=Surface       0=Woods-Saxon  3    0.0000    0.0000    0.0000    6.8928    1.1753    0.6900     0.000    20.000

    1    3=Projtl S.O.   0=Woods-Saxon  4    5.9000    0.8979    0.6300    0.0000    0.0000    0.0000     0.000    20.000

 Incoming partition  1 in excitation state # 1,   Laboratory Energy given for partition  1 Nucleus 1 in Excitation pair 1

0Lab. ENERGY ranges :

   from    35.0000     to   0.00000     in     0 intervals
   from    0.00000     to   0.00000     in     0 intervals
   from    0.00000     to   0.00000     in     0 intervals

 Largest real,imaginary parts of any form factor at R=   59.52 are   2.42E-02  7.39E-32 MeV
 Finished all Couplings @    4.24000085E-04           4

 Symmetric Hamiltonian
1***********************************************************************************************************************************
************************************************************************************************************************************

        INCOMING p        ;    LABORATORY p        ENERGY =   35.000     MeV.

 ***********************************************************************************************************************************
 ***********************************************************************************************************************************

 Allocate arrays for            2  channels, of which            1  need wfs.

 ######################################################################################################################
 #                                                                                                                    #
 # Total SPIN and PARITY =     0.5 +,      1 channels,    0 in 1st block.  Rmin & Coul turning =    0.0    0.3 fm.  #
 #                                                                                                                    #
 ######################################################################################################################



    C Projectl Target   #   EX.   (L  Proj) J  + Targ = Jtotal     E-cm      Re K     Re Eta     RM*K            CH
    1 p        O20      #    1: I   0 0.5    0.5  0.0     0.5    33.32176   1.23648   0.21373   74.1887   0.33920  -0.36833 1 1 1   1
   S-matrix    1 =   -0.10272  -0.41180 for L=    0, J=    0.5 channel on core I =   0.0 from L=    0,  Acc. loss =  0.0 D.
 Elastic phase shift   1 =  -52.003  24.552 deg. for the L =    0, J =    0.5 channel.
       0.5 -0.10271724 -0.41179836i: elastic S-matrix  @@      0.00  0   0 F  0
 Reaction Xsec     0.5+/ 0 @ 1 =  16.847 , Out:   0.000#


 Total SPIN, PARITY =     0.5 -,      1 chs,      0 cc.  Rmin & Coul turning =    0.0    0.3
   S-matrix    1 =   -0.35369  -0.13861 for L=    1, J=    0.5 channel on core I =   0.0 from L=    1,  Acc. loss =  0.0 D.
 Elastic phase shift   1 =  -79.300  27.728 deg. for the L =    1, J =    0.5 channel.
       0.5 -0.35369090 -0.13861080i: elastic S-matrix  @@      0.00  0   0 F  0
 Reaction Xsec     0.5-/ 1 @ 1 =  17.583 , Out:   0.000#


 Total SPIN, PARITY =     1.5 +,      1 chs,      0 cc.  Rmin & Coul turning =    0.0    1.3
   S-matrix    1 =   -0.35954   0.13852 for L=    2, J=    1.5 channel on core I =   0.0 from L=    2,  Acc. loss =  0.0 D.
 Elastic phase shift   1 =   79.465  27.323 deg. for the L =    2, J =    1.5 channel.
       1.5 -0.35953757  0.13851637i: elastic S-matrix  @@      0.00  0   0 F  0
 Reaction Xsec     1.5+/ 2 @ 1 =  34.996 , Out:   0.000#


 Total SPIN, PARITY =     1.5 -,      1 chs,      0 cc.  Rmin & Coul turning =    0.0    1.3
   S-matrix    1 =   -0.23809  -0.30968 for L=    1, J=    1.5 channel on core I =   0.0 from L=    1,  Acc. loss =  0.0 D.
 Elastic phase shift   1 =  -63.777  26.929 deg. for the L =    1, J =    1.5 channel.
       1.5 -0.23808768 -0.30968189i: elastic S-matrix  @@      0.00  0   0 F  0
 Reaction Xsec     1.5-/ 1 @ 1 =  34.826 , Out:   0.000#


 Total SPIN, PARITY =     2.5 +,      1 chs,      0 cc.  Rmin & Coul turning =    0.1    2.2
   S-matrix    1 =   -0.36099  -0.19279 for L=    2, J=    2.5 channel on core I =   0.0 from L=    2,  Acc. loss =  0.0 D.
 Elastic phase shift   1 =  -75.948  25.595 deg. for the L =    2, J =    2.5 channel.
       2.5 -0.36099306 -0.19278916i: elastic S-matrix  @@      0.00  0   0 F  0
 Reaction Xsec     2.5+/ 2 @ 1 =  51.320 , Out:   0.000#


 Total SPIN, PARITY =     2.5 -,      1 chs,      0 cc.  Rmin & Coul turning =    0.1    2.2
   S-matrix    1 =   -0.12432   0.25847 for L=    3, J=    2.5 channel on core I =   0.0 from L=    3,  Acc. loss =  0.0 D.
 Elastic phase shift   1 =   57.843  35.779 deg. for the L =    3, J =    2.5 channel.
       2.5 -0.12431657  0.25847201i: elastic S-matrix  @@      0.00  0   0 F  0
 Reaction Xsec     2.5-/ 3 @ 1 =  56.574 , Out:   0.000#


 Total SPIN, PARITY =     3.5 +,      1 chs,      0 cc.  Rmin & Coul turning =    0.1    3.0
   S-matrix    1 =    0.26755   0.27392 for L=    4, J=    3.5 channel on core I =   0.0 from L=    4,  Acc. loss =  0.0 D.
 Elastic phase shift   1 =   22.837  27.501 deg. for the L =    4, J =    3.5 channel.
       3.5  0.26754720  0.27391951i: elastic S-matrix  @@      0.00  0   0 F  0
 Reaction Xsec     3.5+/ 4 @ 1 =  70.143 , Out:   0.000#


 Total SPIN, PARITY =     3.5 -,      1 chs,      0 cc.  Rmin & Coul turning =    0.1    3.0
   S-matrix    1 =   -0.35512  -0.03185 for L=    3, J=    3.5 channel on core I =   0.0 from L=    3,  Acc. loss =  0.0 D.
 Elastic phase shift   1 =  -87.437  29.544 deg. for the L =    3, J =    3.5 channel.
       3.5 -0.35511978 -0.03185363i: elastic S-matrix  @@      0.00  0   0 F  0
 Reaction Xsec     3.5-/ 3 @ 1 =  71.744 , Out:   0.000#


 Total SPIN, PARITY =     4.5 +,      1 chs,      0 cc.  Rmin & Coul turning =    0.2    3.8
   S-matrix    1 =   -0.03049   0.23357 for L=    4, J=    4.5 channel on core I =   0.0 from L=    4,  Acc. loss =  0.0 D.
 Elastic phase shift   1 =   48.719  41.420 deg. for the L =    4, J =    4.5 channel.
       4.5 -0.03049371  0.23356520i: elastic S-matrix  @@      0.00  0   0 F  0
 Reaction Xsec     4.5+/ 4 @ 1 =  97.041 , Out:   0.000#


 Total SPIN, PARITY =     4.5 -,      1 chs,      0 cc.  Rmin & Coul turning =    0.2    3.8
   S-matrix    1 =    0.64534   0.20376 for L=    5, J=    4.5 channel on core I =   0.0 from L=    5,  Acc. loss =  0.0 D.
 Elastic phase shift   1 =    8.762  11.186 deg. for the L =    5, J =    4.5 channel.
       4.5  0.64533580  0.20375941i: elastic S-matrix  @@      0.00  0   0 F  0
 Reaction Xsec     4.5-/ 5 @ 1 =  55.688 , Out:   0.000#


 Total SPIN, PARITY =     5.5 +,      1 chs,      0 cc.  Rmin & Coul turning =    0.2    4.6
   S-matrix    1 =    0.86246   0.10486 for L=    6, J=    5.5 channel on core I =   0.0 from L=    6,  Acc. loss =  0.0 D.
 Elastic phase shift   1 =    3.466   4.029 deg. for the L =    6, J =    5.5 channel.
       5.5  0.86245717  0.10486418i: elastic S-matrix  @@      0.00  0   0 F  0
 Reaction Xsec     5.5+/ 6 @ 1 =  30.227 , Out:   0.000#


 Total SPIN, PARITY =     5.5 -,      1 chs,      0 cc.  Rmin & Coul turning =    0.2    4.6
   S-matrix    1 =    0.52020   0.29380 for L=    5, J=    5.5 channel on core I =   0.0 from L=    5,  Acc. loss =  0.0 D.
 Elastic phase shift   1 =   14.728  14.757 deg. for the L =    5, J =    5.5 channel.
       5.5  0.52019927  0.29379621i: elastic S-matrix  @@      0.00  0   0 F  0
 Reaction Xsec     5.5-/ 5 @ 1 =  79.285 , Out:   0.000#


 Total SPIN, PARITY =     6.5 +,      1 chs,      0 cc.  Rmin & Coul turning =    0.3    5.4
   S-matrix    1 =    0.83879   0.15458 for L=    6, J=    6.5 channel on core I =   0.0 from L=    6,  Acc. loss =  0.0 D.
 Elastic phase shift   1 =    5.221   4.558 deg. for the L =    6, J =    6.5 channel.
       6.5  0.83878947  0.15458258i: elastic S-matrix  @@      0.00  0   0 F  0
 Reaction Xsec     6.5+/ 6 @ 1 =  39.201 , Out:   0.000#


 Total SPIN, PARITY =     6.5 -,      1 chs,      0 cc.  Rmin & Coul turning =    0.3    5.4
   S-matrix    1 =    0.95119   0.04331 for L=    7, J=    6.5 channel on core I =   0.0 from L=    7,  Acc. loss =  0.0 D.
 Elastic phase shift   1 =    1.304   1.404 deg. for the L =    7, J =    6.5 channel.
       6.5  0.95119322  0.04331496i: elastic S-matrix  @@      0.00  0   0 F  0
 Reaction Xsec     6.5-/ 7 @ 1 =  13.428 , Out:   0.000#


 Total SPIN, PARITY =     7.5 +,      1 chs,      0 cc.  Rmin & Coul turning =    0.3    6.2
   S-matrix    1 =    0.98309   0.01620 for L=    8, J=    7.5 channel on core I =   0.0 from L=    8,  Acc. loss =  0.0 D.
 Elastic phase shift   1 =    0.472   0.485 deg. for the L =    8, J =    7.5 channel.
       7.5  0.98308644  0.01619516i: elastic S-matrix  @@      0.00  0   0 F  0
 Reaction Xsec     7.5+/ 8 @ 1 =   5.471 , Out:   0.000#


 Total SPIN, PARITY =     7.5 -,      1 chs,      0 cc.  Rmin & Coul turning =    0.3    6.2
   S-matrix    1 =    0.94785   0.06041 for L=    7, J=    7.5 channel on core I =   0.0 from L=    7,  Acc. loss =  0.0 D.
 Elastic phase shift   1 =    1.823   1.476 deg. for the L =    7, J =    7.5 channel.
       7.5  0.94785133  0.06040600i: elastic S-matrix  @@      0.00  0   0 F  0
 Reaction Xsec     7.5-/ 7 @ 1 =  16.098 , Out:   0.000#


 Total SPIN, PARITY =     8.5 +,      1 chs,      0 cc.  Rmin & Coul turning =    0.4    7.0
   S-matrix    1 =    0.98265   0.02158 for L=    8, J=    8.5 channel on core I =   0.0 from L=    8,  Acc. loss =  0.0 D.
 Elastic phase shift   1 =    0.629   0.495 deg. for the L =    8, J =    8.5 channel.
       8.5  0.98264845  0.02157959i: elastic S-matrix  @@      0.00  0   0 F  0
 Reaction Xsec     8.5+/ 8 @ 1 =   6.276 , Out:   0.000#


 Total SPIN, PARITY =     8.5 -,      1 chs,      0 cc.  Rmin & Coul turning =    0.4    7.0
   S-matrix    1 =    0.99418   0.00580 for L=    9, J=    8.5 channel on core I =   0.0 from L=    9,  Acc. loss =  0.0 D.
 Elastic phase shift   1 =    0.167   0.167 deg. for the L =    9, J =    8.5 channel.
       8.5  0.99417827  0.00579877i: elastic S-matrix  @@      0.00  0   0 F  0
 Reaction Xsec     8.5-/ 9 @ 1 =   2.141 , Out:   0.000#


 Total SPIN, PARITY =     9.5 +,      1 chs,      0 cc.  Rmin & Coul turning =    0.4    7.8
   S-matrix    1 =    0.99800   0.00204 for L=   10, J=    9.5 channel on core I =   0.0 from L=   10,  Acc. loss =  0.0 D.
 Elastic phase shift   1 =    0.058   0.057 deg. for the L =   10, J =    9.5 channel.
       9.5  0.99800347  0.00203508i: elastic S-matrix  @@      0.00  0   0 F  0
 Reaction Xsec     9.5+/10 @ 1 =   0.819 , Out:   0.000#


 Total SPIN, PARITY =     9.5 -,      1 chs,      0 cc.  Rmin & Coul turning =    0.4    7.8
   S-matrix    1 =    0.99412   0.00748 for L=    9, J=    9.5 channel on core I =   0.0 from L=    9,  Acc. loss =  0.0 D.
 Elastic phase shift   1 =    0.215   0.168 deg. for the L =    9, J =    9.5 channel.
       9.5  0.99412194  0.00747678i: elastic S-matrix  @@      0.00  0   0 F  0
 Reaction Xsec     9.5-/ 9 @ 1 =   2.397 , Out:   0.000#


 Total SPIN, PARITY =    10.5 +,      1 chs,      0 cc.  Rmin & Coul turning =    0.5    8.7
   S-matrix    1 =    0.99800   0.00256 for L=   10, J=   10.5 channel on core I =   0.0 from L=   10,  Acc. loss =  0.0 D.
 Elastic phase shift   1 =    0.073   0.057 deg. for the L =   10, J =   10.5 channel.
      10.5  0.99799628  0.00255803i: elastic S-matrix  @@      0.00  0   0 F  0
 Reaction Xsec    10.5+/10 @ 1 =   0.903 , Out:   0.000#


 Total SPIN, PARITY =    10.5 -,      1 chs,      0 cc.  Rmin & Coul turning =    0.5    8.7
   S-matrix    1 =    0.99932   0.00071 for L=   11, J=   10.5 channel on core I =   0.0 from L=   11,  Acc. loss =  0.0 D.
 Elastic phase shift   1 =    0.020   0.020 deg. for the L =   11, J =   10.5 channel.
      10.5  0.99931743  0.00070677i: elastic S-matrix  @@      0.00  0   0 F  0
 Reaction Xsec    10.5-/11 @ 1 =   0.308 , Out:   0.000#


 Total SPIN, PARITY =    11.5 +,      1 chs,      0 cc.  Rmin & Coul turning =    0.5    9.5
   S-matrix    1 =    0.99977   0.00024 for L=   12, J=   11.5 channel on core I =   0.0 from L=   12,  Acc. loss =  0.0 D.
 Elastic phase shift   1 =    0.007   0.007 deg. for the L =   12, J =   11.5 channel.
      11.5  0.99976730  0.00024390i: elastic S-matrix  @@      0.00  0   0 F  0
 Reaction Xsec    11.5+/12 @ 1 =   0.115 , Out:   0.000#


 Total SPIN, PARITY =    11.5 -,      1 chs,      0 cc.  Rmin & Coul turning =    0.5    9.5
   S-matrix    1 =    0.99932   0.00087 for L=   11, J=   11.5 channel on core I =   0.0 from L=   11,  Acc. loss =  0.0 D.
 Elastic phase shift   1 =    0.025   0.020 deg. for the L =   11, J =   11.5 channel.
      11.5  0.99931651  0.00086968i: elastic S-matrix  @@      0.00  0   0 F  0
 Reaction Xsec    11.5-/11 @ 1 =   0.337 , Out:   0.000#


 Total SPIN, PARITY =    12.5 +,      1 chs,      0 cc.  Rmin & Coul turning =    0.6   10.3
   S-matrix    1 =    0.99977   0.00029 for L=   12, J=   12.5 channel on core I =   0.0 from L=   12,  Acc. loss =  0.0 D.
 Elastic phase shift   1 =    0.008   0.007 deg. for the L =   12, J =   12.5 channel.
      12.5  0.99976719  0.00029456i: elastic S-matrix  @@      0.00  0   0 F  0
 Reaction Xsec    12.5+/12 @ 1 =   0.124 , Out:   0.000#


 Total SPIN, PARITY =    12.5 -,      1 chs,      0 cc.  Rmin & Coul turning =    0.6   10.3
   S-matrix    1 =    0.99992   0.00008 for L=   13, J=   12.5 channel on core I =   0.0 from L=   13,  Acc. loss =  0.0 D.
 Elastic phase shift   1 =    0.002   0.002 deg. for the L =   13, J =   12.5 channel.
      12.5  0.99992087  0.00008379i: elastic S-matrix  @@      0.00  0   0 F  0
 Reaction Xsec    12.5-/13 @ 1 =   0.042 , Out:   0.000#


 Total SPIN, PARITY =    13.5 +,      1 chs,      0 cc.  Rmin & Coul turning =    0.6   11.1
   S-matrix    1 =    0.99997   0.00003 for L=   14, J=   13.5 channel on core I =   0.0 from L=   14,  Acc. loss =  0.0 D.
 Elastic phase shift   1 =    0.001   0.001 deg. for the L =   14, J =   13.5 channel.
      13.5  0.99997315  0.00002868i: elastic S-matrix  @@      0.00  0   0 F  0
 Reaction Xsec    13.5+/14 @ 1 =   0.015 , Out:   0.000#


 Total SPIN, PARITY =    13.5 -,      1 chs,      0 cc.  Rmin & Coul turning =    0.6   11.1
   S-matrix    1 =    0.99992   0.00010 for L=   13, J=   13.5 channel on core I =   0.0 from L=   13,  Acc. loss =  0.0 D.
 Elastic phase shift   1 =    0.003   0.002 deg. for the L =   13, J =   13.5 channel.
      13.5  0.99992086  0.00009951i: elastic S-matrix  @@      0.00  0   0 F  0
 Reaction Xsec    13.5-/13 @ 1 =   0.046 , Out:   0.000#


 Total SPIN, PARITY =    14.5 +,      1 chs,      0 cc.  Rmin & Coul turning =    0.7   11.9
   S-matrix    1 =    0.99997   0.00003 for L=   14, J=   14.5 channel on core I =   0.0 from L=   14,  Acc. loss =  0.0 D.
 Elastic phase shift   1 =    0.001   0.001 deg. for the L =   14, J =   14.5 channel.
      14.5  0.99997315  0.00003355i: elastic S-matrix  @@      0.00  0   0 F  0
 Reaction Xsec    14.5+/14 @ 1 =   0.017 , Out:   0.000#


 Total SPIN, PARITY =    14.5 -,      1 chs,      0 cc.  Rmin & Coul turning =    0.7   11.9
   S-matrix    1 =    0.99999   0.00001 for L=   15, J=   14.5 channel on core I =   0.0 from L=   15,  Acc. loss =  0.0 D.
 Elastic phase shift   1 =    0.000   0.000 deg. for the L =   15, J =   14.5 channel.
      14.5  0.99999091  0.00000979i: elastic S-matrix  @@      0.00  0   0 F  0
 Reaction Xsec    14.5-/15 @ 1 =   5.604/, Out:   0.000#


 Total SPIN, PARITY =    15.5 +,      1 chs,      0 cc.  Rmin & Coul turning =    0.7   12.7
   S-matrix    1 =    1.00000   0.00000 for L=   16, J=   15.5 channel on core I =   0.0 from L=   16,  Acc. loss =  0.0 D.
 Elastic phase shift   1 =    0.000   0.000 deg. for the L =   16, J =   15.5 channel.
      15.5  0.99999693  0.00000333i: elastic S-matrix  @@      0.00  0   0 F  0
 Reaction Xsec    15.5+/16 @ 1 =   2.020/, Out:   0.000#


 Total SPIN, PARITY =    15.5 -,      1 chs,      0 cc.  Rmin & Coul turning =    0.7   12.7
   S-matrix    1 =    0.99999   0.00001 for L=   15, J=   15.5 channel on core I =   0.0 from L=   15,  Acc. loss =  0.0 D.
 Elastic phase shift   1 =    0.000   0.000 deg. for the L =   15, J =   15.5 channel.
      15.5  0.99999091  0.00001129i: elastic S-matrix  @@      0.00  0   0 F  0
 Reaction Xsec    15.5-/15 @ 1 =   5.978/, Out:   0.000#


 Total SPIN, PARITY =    16.5 +,      1 chs,      0 cc.  Rmin & Coul turning =    0.8   13.5
   S-matrix    1 =    1.00000   0.00000 for L=   16, J=   16.5 channel on core I =   0.0 from L=   16,  Acc. loss =  0.0 D.
 Elastic phase shift   1 =    0.000   0.000 deg. for the L =   16, J =   16.5 channel.
      16.5  0.99999693  0.00000380i: elastic S-matrix  @@      0.00  0   0 F  0
 Reaction Xsec    16.5+/16 @ 1 =   2.147/, Out:   0.000#


 Total SPIN, PARITY =    16.5 -,      1 chs,      0 cc.  Rmin & Coul turning =    0.8   13.5
   S-matrix    1 =    1.00000   0.00000 for L=   17, J=   16.5 channel on core I =   0.0 from L=   17,  Acc. loss =  0.0 D.
 Elastic phase shift   1 =    0.000   0.000 deg. for the L =   17, J =   16.5 channel.
      16.5  0.99999896  0.00000113i: elastic S-matrix  @@      0.00  0   0 F  0
 Reaction Xsec    16.5-/17 @ 1 =   0.724/, Out:   0.000#


 Total SPIN, PARITY =    17.5 +,      1 chs,      0 cc.  Rmin & Coul turning =    0.8   14.3
   S-matrix    1 =    1.00000   0.00000 for L=   18, J=   17.5 channel on core I =   0.0 from L=   18,  Acc. loss =  0.0 D.
 Elastic phase shift   1 =    0.000   0.000 deg. for the L =   18, J =   17.5 channel.
      17.5  0.99999965  0.00000038i: elastic S-matrix  @@      0.00  0   0 F  0
 Reaction Xsec    17.5+/18 @ 1 =   0.259/, Out:   0.000#


 Total SPIN, PARITY =    17.5 -,      1 chs,      0 cc.  Rmin & Coul turning =    0.8   14.3
   S-matrix    1 =    1.00000   0.00000 for L=   17, J=   17.5 channel on core I =   0.0 from L=   17,  Acc. loss =  0.0 D.
 Elastic phase shift   1 =    0.000   0.000 deg. for the L =   17, J =   17.5 channel.
      17.5  0.99999896  0.00000128i: elastic S-matrix  @@      0.00  0   0 F  0
 Reaction Xsec    17.5-/17 @ 1 =   0.767/, Out:   0.000#

 Finished all CC sets @    4.28500026E-03
0CUMULATIVE REACTION cross section                 =  704.03012  <L> =     3.98  <L**2> =     19.3
0CUMULATIVE outgoing cross sections in partition 1 :    0.00000
0Cumulative ABSORBTION by Imaginary Potentials     =  704.03012  <L> =     3.98  <L**2> =     19.3
   Fusion for specific p        M-states :  704.030121  704.030121
0CUMULATIVE OUTGOING cross section                 =    0.00000
 To convert to S-factors (MeV.mb = keV.b),  multiply by  1.2763E+02


 CROSS SECTIONS FOR OUTGOING p        & O20      in state #   1 with spins & parities 0.5  + &  0.0  +;  0

     3.00 deg.: X-S =   1.2923E+05 mb/sr,
+                                         /R =   8.1235E-01
     4.00 deg.: X-S =   3.6357E+04 mb/sr,
+                                         /R =   7.2204E-01
     5.00 deg.: X-S =   1.3498E+04 mb/sr,
+                                         /R =   6.5416E-01
     6.00 deg.: X-S =  6281.792061 mb/sr,
+                                         /R =   6.3092E-01
     7.00 deg.: X-S =  3623.875577 mb/sr,
+                                         /R =   6.7385E-01
     8.00 deg.: X-S =  2531.928116 mb/sr,
+                                         /R =   8.0257E-01
     9.00 deg.: X-S =  2037.243403 mb/sr,
+                                         /R =   1.0335E+00
    10.00 deg.: X-S =  1784.816378 mb/sr,
+                                         /R =   1.3787E+00
    11.00 deg.: X-S =  1632.986626 mb/sr,
+                                         /R =   1.8449E+00
    12.00 deg.: X-S =  1522.090292 mb/sr,
+                                         /R =   2.4326E+00
    13.00 deg.: X-S =  1426.418715 mb/sr,
+                                         /R =   3.1360E+00
    14.00 deg.: X-S =  1335.105758 mb/sr,
+                                         /R =   3.9426E+00
    15.00 deg.: X-S =  1244.004831 mb/sr,
+                                         /R =   4.8340E+00
    16.00 deg.: X-S =  1152.051992 mb/sr,
+                                         /R =   5.7861E+00
    17.00 deg.: X-S =  1059.570365 mb/sr,
+                                         /R =   6.7706E+00
    18.00 deg.: X-S =   967.455820 mb/sr,
+                                         /R =   7.7563E+00
    19.00 deg.: X-S =   876.778862 mb/sr,
+                                         /R =   8.7100E+00
    20.00 deg.: X-S =   788.589703 mb/sr,
+                                         /R =   9.5990E+00
    21.00 deg.: X-S =   703.825341 mb/sr,
+                                         /R =   1.0392E+01
    22.00 deg.: X-S =   623.269092 mb/sr,
+                                         /R =   1.1060E+01
    23.00 deg.: X-S =   547.537676 mb/sr,
+                                         /R =   1.1580E+01
    24.00 deg.: X-S =   477.082998 mb/sr,
+                                         /R =   1.1934E+01
    25.00 deg.: X-S =   412.201850 mb/sr,
+                                         /R =   1.2110E+01
    26.00 deg.: X-S =   353.049839 mb/sr,
+                                         /R =   1.2103E+01
    27.00 deg.: X-S =   299.657438 mb/sr,
+                                         /R =   1.1914E+01
    28.00 deg.: X-S =   251.946949 mb/sr,
+                                         /R =   1.1553E+01
    29.00 deg.: X-S =   209.749565 mb/sr,
+                                         /R =   1.1035E+01
    30.00 deg.: X-S =   172.822043 mb/sr,
+                                         /R =   1.0382E+01
    31.00 deg.: X-S =   140.862595 mb/sr,
+                                         /R =   9.6180E+00
    32.00 deg.: X-S =   113.525748 mb/sr,
+                                         /R =   8.7728E+00
    33.00 deg.: X-S =    90.435972 mb/sr,
+                                         /R =   7.8777E+00
    34.00 deg.: X-S =    71.199952 mb/sr,
+                                         /R =   6.9649E+00
    35.00 deg.: X-S =    55.417411 mb/sr,
+                                         /R =   6.0660E+00
    36.00 deg.: X-S =    42.690460 mb/sr,
+                                         /R =   5.2114E+00
    37.00 deg.: X-S =    32.631459 mb/sr,
+                                         /R =   4.4283E+00
    38.00 deg.: X-S =    24.869452 mb/sr,
+                                         /R =   3.7405E+00
    39.00 deg.: X-S =    19.055211 mb/sr,
+                                         /R =   3.1673E+00
    40.00 deg.: X-S =    14.865004 mb/sr,
+                                         /R =   2.7231E+00
    41.00 deg.: X-S =    12.003176 mb/sr,
+                                         /R =   2.4171E+00
    42.00 deg.: X-S =    10.203687 mb/sr,
+                                         /R =   2.2530E+00
    43.00 deg.: X-S =     9.230704 mb/sr,
+                                         /R =   2.2296E+00
    44.00 deg.: X-S =     8.878420 mb/sr,
+                                         /R =   2.3406E+00
    45.00 deg.: X-S =     8.970191 mb/sr,
+                                         /R =   2.5754E+00
    46.00 deg.: X-S =     9.357157 mb/sr,
+                                         /R =   2.9198E+00
    47.00 deg.: X-S =     9.916441 mb/sr,
+                                         /R =   3.3562E+00
    48.00 deg.: X-S =    10.549054 mb/sr,
+                                         /R =   3.8651E+00
    49.00 deg.: X-S =    11.177604 mb/sr,
+                                         /R =   4.4254E+00
    50.00 deg.: X-S =    11.743896 mb/sr,
+                                         /R =   5.0153E+00
    51.00 deg.: X-S =    12.206504 mb/sr,
+                                         /R =   5.6133E+00
    52.00 deg.: X-S =    12.538384 mb/sr,
+                                         /R =   6.1987E+00
    53.00 deg.: X-S =    12.724566 mb/sr,
+                                         /R =   6.7522E+00
    54.00 deg.: X-S =    12.759993 mb/sr,
+                                         /R =   7.2565E+00
    55.00 deg.: X-S =    12.647512 mb/sr,
+                                         /R =   7.6970E+00
    56.00 deg.: X-S =    12.396052 mb/sr,
+                                         /R =   8.0614E+00
    57.00 deg.: X-S =    12.019000 mb/sr,
+                                         /R =   8.3409E+00
    58.00 deg.: X-S =    11.532780 mb/sr,
+                                         /R =   8.5293E+00
    59.00 deg.: X-S =    10.955635 mb/sr,
+                                         /R =   8.6235E+00
    60.00 deg.: X-S =    10.306598 mb/sr,
+                                         /R =   8.6236E+00
    61.00 deg.: X-S =     9.604658 mb/sr,
+                                         /R =   8.5320E+00
    62.00 deg.: X-S =     8.868093 mb/sr,
+                                         /R =   8.3537E+00
    63.00 deg.: X-S =     8.113960 mb/sr,
+                                         /R =   8.0959E+00
    64.00 deg.: X-S =     7.357728 mb/sr,
+                                         /R =   7.7674E+00
    65.00 deg.: X-S =     6.613033 mb/sr,
+                                         /R =   7.3783E+00
    66.00 deg.: X-S =     5.891541 mb/sr,
+                                         /R =   6.9399E+00
    67.00 deg.: X-S =     5.202897 mb/sr,
+                                         /R =   6.4639E+00
    68.00 deg.: X-S =     4.554751 mb/sr,
+                                         /R =   5.9622E+00
    69.00 deg.: X-S =     3.952840 mb/sr,
+                                         /R =   5.4464E+00
    70.00 deg.: X-S =     3.401113 mb/sr,
+                                         /R =   4.9281E+00
    71.00 deg.: X-S =     2.901891 mb/sr,
+                                         /R =   4.4176E+00
    72.00 deg.: X-S =     2.456047 mb/sr,
+                                         /R =   3.9247E+00
    73.00 deg.: X-S =     2.063196 mb/sr,
+                                         /R =   3.4577E+00
    74.00 deg.: X-S =     1.721894 mb/sr,
+                                         /R =   3.0238E+00
    75.00 deg.: X-S =     1.429827 mb/sr,
+                                         /R =   2.6288E+00
    76.00 deg.: X-S =     1.183997 mb/sr,
+                                         /R =   2.2772E+00
    77.00 deg.: X-S =     0.980901 mb/sr,
+                                         /R =   1.9720E+00
    78.00 deg.: X-S =     0.816681 mb/sr,
+                                         /R =   1.7149E+00
    79.00 deg.: X-S =     0.687277 mb/sr,
+                                         /R =   1.5061E+00
    80.00 deg.: X-S =     0.588542 mb/sr,
+                                         /R =   1.3451E+00
    81.00 deg.: X-S =     0.516359 mb/sr,
+                                         /R =   1.2298E+00
    82.00 deg.: X-S =     0.466723 mb/sr,
+                                         /R =   1.1575E+00
    83.00 deg.: X-S =     0.435818 mb/sr,
+                                         /R =   1.1247E+00
    84.00 deg.: X-S =     0.420071 mb/sr,
+                                         /R =   1.1273E+00
    85.00 deg.: X-S =     0.416196 mb/sr,
+                                         /R =   1.1607E+00
    86.00 deg.: X-S =     0.421218 mb/sr,
+                                         /R =   1.2199E+00
    87.00 deg.: X-S =     0.432493 mb/sr,
+                                         /R =   1.2999E+00
    88.00 deg.: X-S =     0.447714 mb/sr,
+                                         /R =   1.3957E+00
    89.00 deg.: X-S =     0.464903 mb/sr,
+                                         /R =   1.5021E+00
    90.00 deg.: X-S =     0.482407 mb/sr,
+                                         /R =   1.6145E+00
    91.00 deg.: X-S =     0.498878 mb/sr,
+                                         /R =   1.7284E+00
    92.00 deg.: X-S =     0.513255 mb/sr,
+                                         /R =   1.8398E+00
    93.00 deg.: X-S =     0.524739 mb/sr,
+                                         /R =   1.9448E+00
    94.00 deg.: X-S =     0.532767 mb/sr,
+                                         /R =   2.0405E+00
    95.00 deg.: X-S =     0.536986 mb/sr,
+                                         /R =   2.1241E+00
    96.00 deg.: X-S =     0.537225 mb/sr,
+                                         /R =   2.1935E+00
    97.00 deg.: X-S =     0.533469 mb/sr,
+                                         /R =   2.2471E+00
    98.00 deg.: X-S =     0.525832 mb/sr,
+                                         /R =   2.2838E+00
    99.00 deg.: X-S =     0.514533 mb/sr,
+                                         /R =   2.3030E+00
   100.00 deg.: X-S =     0.499873 mb/sr,
+                                         /R =   2.3044E+00
   101.00 deg.: X-S =     0.482212 mb/sr,
+                                         /R =   2.2885E+00
   102.00 deg.: X-S =     0.461954 mb/sr,
+                                         /R =   2.2558E+00
   103.00 deg.: X-S =     0.439526 mb/sr,
+                                         /R =   2.2073E+00
   104.00 deg.: X-S =     0.415366 mb/sr,
+                                         /R =   2.1441E+00
   105.00 deg.: X-S =     0.389912 mb/sr,
+                                         /R =   2.0679E+00
   106.00 deg.: X-S =     0.363584 mb/sr,
+                                         /R =   1.9801E+00
   107.00 deg.: X-S =     0.336787 mb/sr,
+                                         /R =   1.8826E+00
   108.00 deg.: X-S =     0.309894 mb/sr,
+                                         /R =   1.7772E+00
   109.00 deg.: X-S =     0.283248 mb/sr,
+                                         /R =   1.6657E+00
   110.00 deg.: X-S =     0.257154 mb/sr,
+                                         /R =   1.5500E+00
   111.00 deg.: X-S =     0.231879 mb/sr,
+                                         /R =   1.4320E+00
   112.00 deg.: X-S =     0.207653 mb/sr,
+                                         /R =   1.3132E+00
   113.00 deg.: X-S =     0.184664 mb/sr,
+                                         /R =   1.1954E+00
   114.00 deg.: X-S =     0.163063 mb/sr,
+                                         /R =   1.0800E+00
   115.00 deg.: X-S =     0.142966 mb/sr,
+                                         /R =   9.6837E-01
   116.00 deg.: X-S =     0.124451 mb/sr,
+                                         /R =   8.6173E-01
   117.00 deg.: X-S =     0.107566 mb/sr,
+                                         /R =   7.6108E-01
   118.00 deg.: X-S =     0.092330 mb/sr,
+                                         /R =   6.6726E-01
   119.00 deg.: X-S =     0.078735 mb/sr,
+                                         /R =   5.8096E-01
   120.00 deg.: X-S =     0.066752 mb/sr,
+                                         /R =   5.0266E-01
   121.00 deg.: X-S =     0.056329 mb/sr,
+                                         /R =   4.3272E-01
   122.00 deg.: X-S =     0.047400 mb/sr,
+                                         /R =   3.7132E-01
   123.00 deg.: X-S =     0.039883 mb/sr,
+                                         /R =   3.1848E-01
   124.00 deg.: X-S =     0.033689 mb/sr,
+                                         /R =   2.7410E-01
   125.00 deg.: X-S =     0.028716 mb/sr,
+                                         /R =   2.3798E-01
   126.00 deg.: X-S =     0.024861 mb/sr,
+                                         /R =   2.0976E-01
   127.00 deg.: X-S =     0.022015 mb/sr,
+                                         /R =   1.8905E-01
   128.00 deg.: X-S =     0.020069 mb/sr,
+                                         /R =   1.7533E-01
   129.00 deg.: X-S =     0.018915 mb/sr,
+                                         /R =   1.6806E-01
   130.00 deg.: X-S =     0.018447 mb/sr,
+                                         /R =   1.6662E-01
   131.00 deg.: X-S =     0.018564 mb/sr,
+                                         /R =   1.7039E-01
   132.00 deg.: X-S =     0.019167 mb/sr,
+                                         /R =   1.7872E-01
   133.00 deg.: X-S =     0.020167 mb/sr,
+                                         /R =   1.9095E-01
   134.00 deg.: X-S =     0.021478 mb/sr,
+                                         /R =   2.0644E-01
   135.00 deg.: X-S =     0.023023 mb/sr,
+                                         /R =   2.2455E-01
   136.00 deg.: X-S =     0.024733 mb/sr,
+                                         /R =   2.4470E-01
   137.00 deg.: X-S =     0.026546 mb/sr,
+                                         /R =   2.6632E-01
   138.00 deg.: X-S =     0.028408 mb/sr,
+                                         /R =   2.8889E-01
   139.00 deg.: X-S =     0.030272 mb/sr,
+                                         /R =   3.1194E-01
   140.00 deg.: X-S =     0.032099 mb/sr,
+                                         /R =   3.3506E-01
   141.00 deg.: X-S =     0.033858 mb/sr,
+                                         /R =   3.5788E-01
   142.00 deg.: X-S =     0.035525 mb/sr,
+                                         /R =   3.8010E-01
   143.00 deg.: X-S =     0.037080 mb/sr,
+                                         /R =   4.0147E-01
   144.00 deg.: X-S =     0.038511 mb/sr,
+                                         /R =   4.2180E-01
   145.00 deg.: X-S =     0.039811 mb/sr,
+                                         /R =   4.4094E-01
   146.00 deg.: X-S =     0.040978 mb/sr,
+                                         /R =   4.5880E-01
   147.00 deg.: X-S =     0.042012 mb/sr,
+                                         /R =   4.7535E-01
   148.00 deg.: X-S =     0.042919 mb/sr,
+                                         /R =   4.9058E-01
   149.00 deg.: X-S =     0.043708 mb/sr,
+                                         /R =   5.0453E-01
   150.00 deg.: X-S =     0.044387 mb/sr,
+                                         /R =   5.1727E-01
   151.00 deg.: X-S =     0.044969 mb/sr,
+                                         /R =   5.2890E-01
   152.00 deg.: X-S =     0.045467 mb/sr,
+                                         /R =   5.3952E-01
   153.00 deg.: X-S =     0.045896 mb/sr,
+                                         /R =   5.4927E-01
   154.00 deg.: X-S =     0.046267 mb/sr,
+                                         /R =   5.5829E-01
   155.00 deg.: X-S =     0.046596 mb/sr,
+                                         /R =   5.6672E-01
   156.00 deg.: X-S =     0.046895 mb/sr,
+                                         /R =   5.7469E-01
   157.00 deg.: X-S =     0.047175 mb/sr,
+                                         /R =   5.8234E-01
   158.00 deg.: X-S =     0.047448 mb/sr,
+                                         /R =   5.8979E-01
   159.00 deg.: X-S =     0.047723 mb/sr,
+                                         /R =   5.9716E-01
   160.00 deg.: X-S =     0.048008 mb/sr,
+                                         /R =   6.0452E-01
   161.00 deg.: X-S =     0.048307 mb/sr,
+                                         /R =   6.1195E-01
   162.00 deg.: X-S =     0.048626 mb/sr,
+                                         /R =   6.1950E-01
   163.00 deg.: X-S =     0.048966 mb/sr,
+                                         /R =   6.2720E-01
   164.00 deg.: X-S =     0.049329 mb/sr,
+                                         /R =   6.3504E-01
   165.00 deg.: X-S =     0.049712 mb/sr,
+                                         /R =   6.4303E-01
   166.00 deg.: X-S =     0.050114 mb/sr,
+                                         /R =   6.5111E-01
   167.00 deg.: X-S =     0.050530 mb/sr,
+                                         /R =   6.5924E-01
   168.00 deg.: X-S =     0.050956 mb/sr,
+                                         /R =   6.6734E-01
   169.00 deg.: X-S =     0.051385 mb/sr,
+                                         /R =   6.7532E-01
   170.00 deg.: X-S =     0.051810 mb/sr,
+                                         /R =   6.8310E-01
   171.00 deg.: X-S =     0.052225 mb/sr,
+                                         /R =   6.9057E-01
   172.00 deg.: X-S =     0.052622 mb/sr,
+                                         /R =   6.9763E-01
   173.00 deg.: X-S =     0.052994 mb/sr,
+                                         /R =   7.0416E-01
   174.00 deg.: X-S =     0.053332 mb/sr,
+                                         /R =   7.1007E-01
   175.00 deg.: X-S =     0.053632 mb/sr,
+                                         /R =   7.1525E-01
   176.00 deg.: X-S =     0.053885 mb/sr,
+                                         /R =   7.1962E-01
   177.00 deg.: X-S =     0.054089 mb/sr,
+                                         /R =   7.2311E-01
   178.00 deg.: X-S =     0.054237 mb/sr,
+                                         /R =   7.2564E-01
   179.00 deg.: X-S =     0.054327 mb/sr,
+                                         /R =   7.2718E-01
   179.99 deg.: X-S =     0.054357 mb/sr,
+                                         /R =   7.2770E-01
                                           Integrated 1961.8168 mb, over [   3.000, 180.000] at    35.0000 MeV 
 Finished all xsecs @    5.22200018E-03

  The following files have been created:
   3:local copy of User input.            6:standard output.                   
   7:elastic  S-matrix elements.         13:total cross sections/state.        
  16:tables of cross sections.           38:cross sections for each J/pi.      
  39:cross sections for each Ecm.        40:all cross sectns. for each Elab.   
  45:scat phase shift as E functions.    56:Fusion for each Jtotal.            
 201:Separate cross sections.           

 PARAMETERS : MAXQRN   MFNL   MLOC  LMAX1 MCLIST
    ALLOWED :      1      1      4     70      6
    REQUIRED:      0      0      4     19      4


 ACCURACY ANALYSIS at    35.000 MeV :

  Elastic h*k = 0.037 so OK       compared with 0.200

   Real(S-el) > 0.01 first at J =       3.5
   Real(S-el) > 0.10 first at J =       3.5
   Real(S-el) > 0.50 first at J =       4.5
   Real(S-el) > 0.90 first at J =       6.5
   Real(S-el) > 0.99 first at J =       8.5
   R-turn =    14.32 fm    at J =      17.5

 Forward-angle excitation cut off below   1.361 deg by max JT =      17.5
                              and below   0.330 deg by max R.

