 FRESCO - FRES 3.4: Coupled Reaction Channels
 Assuming NAMELIST input.

 p+O20 with CH89;                                                                

   0.030  60.000   0.500   0.000   0.000   0.000   0.000   0.000   0.000   0.000

 Centre-of-mass Range is   2002 * 0.0300 fm., Maximum at  60.00 fm., Interpolating NL forms every  0.51 fm.
 Non - locality width is      4 * 0.0300 fm., Maximum of   0.09 fm., Centred at  0.00 fm.
 2-Nucleon Separation of      0 * 0.5100 fm., Maximum of   0.00 fm., Minimum at  0.00 fm.
 Maximum single particle bins of 59.6700 fm.
               M,Mint =         2001        1990


 Range of total J is     0.0 <= J <=    50.0 (at least     0.0) and Absorbtion =>     0.0010 mb.
 Dry Run = F, CC set limits =  0  0, Relativistic kinematics =  , Both/Far/Near Analyses =  1                     

 Cross Sections (and up to T0 for 0=projectile) for Theta from   3.0 to-180.0 in steps of  1.0 degrees, DGAM=0,  Coordinates = 0 (Mads)

 Lower Radial Cutoff = maximum of -1.60*L*h &       0.0 fm.,  Lower Cutoff for Couplings =   0.0  fm.


 Iterate Couplings between   0 and   0 times, to  0.000 % if sooner.                                          
  Block solved exactly =   0 chs., with Pade = 0 & Isocen =  =0, NOSOL = F, initwf =  0
  NL quadrature with   18 Gaussian points, Calculate multipoles up to    56 from   0
  M-transfers for lp+lt greater than or equal to  6, Angular Integration Cutoff below  2.7778 %


 Trace switches are :  CHANS =  1, LISTCC =  0, TRENEG =  0, CDETR =  0, SMATS =  2, XSTABL =  1, NLPL =  0

                       WAVES =  0, LAMPL =  0, VEFF =  0, KFUS =  0, WDISK =  0, BPM =  0, MELFIL =  0

                       CDCC =  0, NFUS =  0

 Using unit mass = 1.000000 amu and 1/fine-structure constant = 137.03599 ( 1.000000 * true ) with hc = 197.32705 MeV.fm,
  thus 2*amu/hbar^2 = 0.0478450 = 1/20.9008 and Coulomb constant = 0.1574855 so e^2 = 1.43997, and nuclear magneton= 0.1261183

 Now pre-scan input and save to file 3



 *********** PARTITION NUMBER  1 ******************************************************************************************

   PROJ=p          MASS=  1.0073 Z=   1.0,        # STATES=    1T, TARG=O20      MASS= 19.9997 Z=   8.0,     Q-VALUE =  -0.0000 MEV.

     1:  J= 0.5+ (B# 1), E=  0.0000, K= 0.5              Potl#  1       J= 0.0+ (B# 1), E=  0.0000, K= 0.0    


 ************************************************************************************************************************************

 The following POTENTIALS are defined :

  KP#       TYPE      IT    SHAPE      at     V1        r1        a1        V2        r2        a2        A-in     A-used


                                            A#1       A#2        r0c       ac                                                h @ 1
    1    0=Coulomb       0=CHARGE (WS)  1    20.000     0.000    1.2807    0.0000    0.0000    0.0000     0.000    20.000   0.03000

    1    1=Volume        0=Woods-Saxon  2   46.2440    1.1671    0.6900    3.4179    1.1753    0.6900     0.000    20.000

    1    2=Surface       0=Woods-Saxon  3    0.0000    0.0000    0.0000    7.2566    1.1753    0.6900     0.000    20.000

    1    3=Projtl S.O.   0=Woods-Saxon  4    2.9500    0.8979    0.6300    0.0000    0.0000    0.0000     0.000    20.000

 Incoming partition  1 in excitation state # 1,   Laboratory Energy given for partition  1 Nucleus 1 in Excitation pair 1

0Lab. ENERGY ranges :

   from    35.0000     to   0.00000     in     0 intervals
   from    0.00000     to   0.00000     in     0 intervals
   from    0.00000     to   0.00000     in     0 intervals

 Largest real,imaginary parts of any form factor at R=   59.52 are   2.42E-02  7.78E-32 MeV
 Finished all Couplings @    6.92999922E-04           4

 Symmetric Hamiltonian
1***********************************************************************************************************************************
************************************************************************************************************************************

        INCOMING p        ;    LABORATORY p        ENERGY =   35.000     MeV.

 ***********************************************************************************************************************************
 ***********************************************************************************************************************************

 Allocate arrays for            2  channels, of which            1  need wfs.

 ######################################################################################################################
 #                                                                                                                    #
 # Total SPIN and PARITY =     0.5 +,      1 channels,    0 in 1st block.  Rmin & Coul turning =    0.0    0.3 fm.  #
 #                                                                                                                    #
 ######################################################################################################################



    C Projectl Target   #   EX.   (L  Proj) J  + Targ = Jtotal     E-cm      Re K     Re Eta     RM*K            CH
    1 p        O20      #    1: I   0 0.5    0.5  0.0     0.5    33.32176   1.23648   0.21373   74.1887   0.33920  -0.36833 1 1 1   1
   S-matrix    1 =    0.21446  -0.36020 for L=    0, J=    0.5 channel on core I =   0.0 from L=    0,  Acc. loss =  0.0 D.
 Elastic phase shift   1 =  -29.616  24.906 deg. for the L =    0, J =    0.5 channel.
       0.5  0.21446046 -0.36020417i: elastic S-matrix  @@      0.00  0   0 F  0
 Reaction Xsec     0.5+/ 0 @ 1 =  16.937 , Out:   0.000#


 Total SPIN, PARITY =     0.5 -,      1 chs,      0 cc.  Rmin & Coul turning =    0.0    0.3
   S-matrix    1 =   -0.07005  -0.37910 for L=    1, J=    0.5 channel on core I =   0.0 from L=    1,  Acc. loss =  0.0 D.
 Elastic phase shift   1 =  -50.234  27.307 deg. for the L =    1, J =    0.5 channel.
       0.5 -0.07004526 -0.37909510i: elastic S-matrix  @@      0.00  0   0 F  0
 Reaction Xsec     0.5-/ 1 @ 1 =  17.494 , Out:   0.000#


 Total SPIN, PARITY =     1.5 +,      1 chs,      0 cc.  Rmin & Coul turning =    0.0    1.3
   S-matrix    1 =   -0.31542  -0.22176 for L=    2, J=    1.5 channel on core I =   0.0 from L=    2,  Acc. loss =  0.0 D.
 Elastic phase shift   1 =  -72.445  27.302 deg. for the L =    2, J =    1.5 channel.
       1.5 -0.31542129 -0.22176479i: elastic S-matrix  @@      0.00  0   0 F  0
 Reaction Xsec     1.5+/ 2 @ 1 =  34.987 , Out:   0.000#


 Total SPIN, PARITY =     1.5 -,      1 chs,      0 cc.  Rmin & Coul turning =    0.0    1.3
   S-matrix    1 =    0.02617  -0.39280 for L=    1, J=    1.5 channel on core I =   0.0 from L=    1,  Acc. loss =  0.0 D.
 Elastic phase shift   1 =  -43.094  26.707 deg. for the L =    1, J =    1.5 channel.
       1.5  0.02617146 -0.39279603i: elastic S-matrix  @@      0.00  0   0 F  0
 Reaction Xsec     1.5-/ 1 @ 1 =  34.728 , Out:   0.000#


 Total SPIN, PARITY =     2.5 +,      1 chs,      0 cc.  Rmin & Coul turning =    0.1    2.2
   S-matrix    1 =   -0.19944  -0.33317 for L=    2, J=    2.5 channel on core I =   0.0 from L=    2,  Acc. loss =  0.0 D.
 Elastic phase shift   1 =  -60.453  27.100 deg. for the L =    2, J =    2.5 channel.
       2.5 -0.19944206 -0.33316974i: elastic S-matrix  @@      0.00  0   0 F  0
 Reaction Xsec     2.5+/ 2 @ 1 =  52.350 , Out:   0.000#


 Total SPIN, PARITY =     2.5 -,      1 chs,      0 cc.  Rmin & Coul turning =    0.1    2.2
   S-matrix    1 =   -0.33091   0.01670 for L=    3, J=    2.5 channel on core I =   0.0 from L=    3,  Acc. loss =  0.0 D.
 Elastic phase shift   1 =   88.555  31.645 deg. for the L =    3, J =    2.5 channel.
       2.5 -0.33091054  0.01670407i: elastic S-matrix  @@      0.00  0   0 F  0
 Reaction Xsec     2.5-/ 3 @ 1 =  54.878 , Out:   0.000#


 Total SPIN, PARITY =     3.5 +,      1 chs,      0 cc.  Rmin & Coul turning =    0.1    3.0
   S-matrix    1 =    0.01884   0.25647 for L=    4, J=    3.5 channel on core I =   0.0 from L=    4,  Acc. loss =  0.0 D.
 Elastic phase shift   1 =   42.899  38.905 deg. for the L =    4, J =    3.5 channel.
       3.5  0.01884383  0.25647228i: elastic S-matrix  @@      0.00  0   0 F  0
 Reaction Xsec     3.5+/ 4 @ 1 =  76.758 , Out:   0.000#


 Total SPIN, PARITY =     3.5 -,      1 chs,      0 cc.  Rmin & Coul turning =    0.1    3.0
   S-matrix    1 =   -0.32844  -0.17584 for L=    3, J=    3.5 channel on core I =   0.0 from L=    3,  Acc. loss =  0.0 D.
 Elastic phase shift   1 =  -75.918  28.287 deg. for the L =    3, J =    3.5 channel.
       3.5 -0.32843735 -0.17584013i: elastic S-matrix  @@      0.00  0   0 F  0
 Reaction Xsec     3.5-/ 3 @ 1 =  70.786 , Out:   0.000#


 Total SPIN, PARITY =     4.5 +,      1 chs,      0 cc.  Rmin & Coul turning =    0.2    3.8
   S-matrix    1 =   -0.11874   0.16052 for L=    4, J=    4.5 channel on core I =   0.0 from L=    4,  Acc. loss =  0.0 D.
 Elastic phase shift   1 =   63.245  46.155 deg. for the L =    4, J =    4.5 channel.
       4.5 -0.11873802  0.16052060i: elastic S-matrix  @@      0.00  0   0 F  0
 Reaction Xsec     4.5+/ 4 @ 1 =  98.646 , Out:   0.000#


 Total SPIN, PARITY =     4.5 -,      1 chs,      0 cc.  Rmin & Coul turning =    0.2    3.8
   S-matrix    1 =    0.53222   0.28340 for L=    5, J=    4.5 channel on core I =   0.0 from L=    5,  Acc. loss =  0.0 D.
 Elastic phase shift   1 =   14.017  14.493 deg. for the L =    5, J =    4.5 channel.
       4.5  0.53221821  0.28339680i: elastic S-matrix  @@      0.00  0   0 F  0
 Reaction Xsec     4.5-/ 5 @ 1 =  65.388 , Out:   0.000#


 Total SPIN, PARITY =     5.5 +,      1 chs,      0 cc.  Rmin & Coul turning =    0.2    4.6
   S-matrix    1 =    0.83523   0.15276 for L=    6, J=    5.5 channel on core I =   0.0 from L=    6,  Acc. loss =  0.0 D.
 Elastic phase shift   1 =    5.182   4.687 deg. for the L =    6, J =    5.5 channel.
       5.5  0.83522701  0.15276316i: elastic S-matrix  @@      0.00  0   0 F  0
 Reaction Xsec     5.5+/ 6 @ 1 =  34.405 , Out:   0.000#


 Total SPIN, PARITY =     5.5 -,      1 chs,      0 cc.  Rmin & Coul turning =    0.2    4.6
   S-matrix    1 =    0.45085   0.31646 for L=    5, J=    5.5 channel on core I =   0.0 from L=    5,  Acc. loss =  0.0 D.
 Elastic phase shift   1 =   17.533  17.083 deg. for the L =    5, J =    5.5 channel.
       5.5  0.45085304  0.31646214i: elastic S-matrix  @@      0.00  0   0 F  0
 Reaction Xsec     5.5-/ 5 @ 1 =  85.882 , Out:   0.000#


 Total SPIN, PARITY =     6.5 +,      1 chs,      0 cc.  Rmin & Coul turning =    0.3    5.4
   S-matrix    1 =    0.81999   0.17854 for L=    6, J=    6.5 channel on core I =   0.0 from L=    6,  Acc. loss =  0.0 D.
 Elastic phase shift   1 =    6.142   5.022 deg. for the L =    6, J =    6.5 channel.
       6.5  0.81998520  0.17854430i: elastic S-matrix  @@      0.00  0   0 F  0
 Reaction Xsec     6.5+/ 6 @ 1 =  42.540 , Out:   0.000#


 Total SPIN, PARITY =     6.5 -,      1 chs,      0 cc.  Rmin & Coul turning =    0.3    5.4
   S-matrix    1 =    0.94553   0.06162 for L=    7, J=    6.5 channel on core I =   0.0 from L=    7,  Acc. loss =  0.0 D.
 Elastic phase shift   1 =    1.864   1.544 deg. for the L =    7, J =    6.5 channel.
       6.5  0.94552910  0.06162116i: elastic S-matrix  @@      0.00  0   0 F  0
 Reaction Xsec     6.5-/ 7 @ 1 =  14.697 , Out:   0.000#


 Total SPIN, PARITY =     7.5 +,      1 chs,      0 cc.  Rmin & Coul turning =    0.3    6.2
   S-matrix    1 =    0.98176   0.02251 for L=    8, J=    7.5 channel on core I =   0.0 from L=    8,  Acc. loss =  0.0 D.
 Elastic phase shift   1 =    0.657   0.520 deg. for the L =    8, J =    7.5 channel.
       7.5  0.98176018  0.02251225i: elastic S-matrix  @@      0.00  0   0 F  0
 Reaction Xsec     7.5+/ 8 @ 1 =   5.859 , Out:   0.000#


 Total SPIN, PARITY =     7.5 -,      1 chs,      0 cc.  Rmin & Coul turning =    0.3    6.2
   S-matrix    1 =    0.94351   0.07047 for L=    7, J=    7.5 channel on core I =   0.0 from L=    7,  Acc. loss =  0.0 D.
 Elastic phase shift   1 =    2.136   1.586 deg. for the L =    7, J =    7.5 channel.
       7.5  0.94351423  0.07046946i: elastic S-matrix  @@      0.00  0   0 F  0
 Reaction Xsec     7.5-/ 7 @ 1 =  17.230 , Out:   0.000#


 Total SPIN, PARITY =     8.5 +,      1 chs,      0 cc.  Rmin & Coul turning =    0.4    7.0
   S-matrix    1 =    0.98151   0.02525 for L=    8, J=    8.5 channel on core I =   0.0 from L=    8,  Acc. loss =  0.0 D.
 Elastic phase shift   1 =    0.737   0.525 deg. for the L =    8, J =    8.5 channel.
       8.5  0.98150821  0.02525203i: elastic S-matrix  @@      0.00  0   0 F  0
 Reaction Xsec     8.5+/ 8 @ 1 =   6.658 , Out:   0.000#


 Total SPIN, PARITY =     8.5 -,      1 chs,      0 cc.  Rmin & Coul turning =    0.4    7.0
   S-matrix    1 =    0.99381   0.00793 for L=    9, J=    8.5 channel on core I =   0.0 from L=    9,  Acc. loss =  0.0 D.
 Elastic phase shift   1 =    0.229   0.177 deg. for the L =    9, J =    8.5 channel.
       8.5  0.99381205  0.00793290i: elastic S-matrix  @@      0.00  0   0 F  0
 Reaction Xsec     8.5-/ 9 @ 1 =   2.270 , Out:   0.000#


 Total SPIN, PARITY =     9.5 +,      1 chs,      0 cc.  Rmin & Coul turning =    0.4    7.8
   S-matrix    1 =    0.99789   0.00275 for L=   10, J=    9.5 channel on core I =   0.0 from L=   10,  Acc. loss =  0.0 D.
 Elastic phase shift   1 =    0.079   0.060 deg. for the L =   10, J =    9.5 channel.
       9.5  0.99789022  0.00275281i: elastic S-matrix  @@      0.00  0   0 F  0
 Reaction Xsec     9.5+/10 @ 1 =   0.865 , Out:   0.000#


 Total SPIN, PARITY =     9.5 -,      1 chs,      0 cc.  Rmin & Coul turning =    0.4    7.8
   S-matrix    1 =    0.99378   0.00878 for L=    9, J=    9.5 channel on core I =   0.0 from L=    9,  Acc. loss =  0.0 D.
 Elastic phase shift   1 =    0.253   0.178 deg. for the L =    9, J =    9.5 channel.
       9.5  0.99378055  0.00877846i: elastic S-matrix  @@      0.00  0   0 F  0
 Reaction Xsec     9.5-/ 9 @ 1 =   2.532 , Out:   0.000#


 Total SPIN, PARITY =    10.5 +,      1 chs,      0 cc.  Rmin & Coul turning =    0.5    8.7
   S-matrix    1 =    0.99789   0.00302 for L=   10, J=   10.5 channel on core I =   0.0 from L=   10,  Acc. loss =  0.0 D.
 Elastic phase shift   1 =    0.087   0.060 deg. for the L =   10, J =   10.5 channel.
      10.5  0.99788627  0.00301515i: elastic S-matrix  @@      0.00  0   0 F  0
 Reaction Xsec    10.5+/10 @ 1 =   0.952 , Out:   0.000#


 Total SPIN, PARITY =    10.5 -,      1 chs,      0 cc.  Rmin & Coul turning =    0.5    8.7
   S-matrix    1 =    0.99928   0.00095 for L=   11, J=   10.5 channel on core I =   0.0 from L=   11,  Acc. loss =  0.0 D.
 Elastic phase shift   1 =    0.027   0.021 deg. for the L =   11, J =   10.5 channel.
      10.5  0.99928037  0.00094777i: elastic S-matrix  @@      0.00  0   0 F  0
 Reaction Xsec    10.5-/11 @ 1 =   0.325 , Out:   0.000#


 Total SPIN, PARITY =    11.5 +,      1 chs,      0 cc.  Rmin & Coul turning =    0.5    9.5
   S-matrix    1 =    0.99975   0.00032 for L=   12, J=   11.5 channel on core I =   0.0 from L=   12,  Acc. loss =  0.0 D.
 Elastic phase shift   1 =    0.009   0.007 deg. for the L =   12, J =   11.5 channel.
      11.5  0.99975489  0.00032472i: elastic S-matrix  @@      0.00  0   0 F  0
 Reaction Xsec    11.5+/12 @ 1 =   0.121 , Out:   0.000#


 Total SPIN, PARITY =    11.5 -,      1 chs,      0 cc.  Rmin & Coul turning =    0.5    9.5
   S-matrix    1 =    0.99928   0.00103 for L=   11, J=   11.5 channel on core I =   0.0 from L=   11,  Acc. loss =  0.0 D.
 Elastic phase shift   1 =    0.030   0.021 deg. for the L =   11, J =   11.5 channel.
      11.5  0.99927987  0.00102934i: elastic S-matrix  @@      0.00  0   0 F  0
 Reaction Xsec    11.5-/11 @ 1 =   0.355 , Out:   0.000#


 Total SPIN, PARITY =    12.5 +,      1 chs,      0 cc.  Rmin & Coul turning =    0.6   10.3
   S-matrix    1 =    0.99975   0.00035 for L=   12, J=   12.5 channel on core I =   0.0 from L=   12,  Acc. loss =  0.0 D.
 Elastic phase shift   1 =    0.010   0.007 deg. for the L =   12, J =   12.5 channel.
      12.5  0.99975483  0.00035007i: elastic S-matrix  @@      0.00  0   0 F  0
 Reaction Xsec    12.5+/12 @ 1 =   0.131 , Out:   0.000#


 Total SPIN, PARITY =    12.5 -,      1 chs,      0 cc.  Rmin & Coul turning =    0.6   10.3
   S-matrix    1 =    0.99992   0.00011 for L=   13, J=   12.5 channel on core I =   0.0 from L=   13,  Acc. loss =  0.0 D.
 Elastic phase shift   1 =    0.003   0.002 deg. for the L =   13, J =   12.5 channel.
      12.5  0.99991668  0.00011087i: elastic S-matrix  @@      0.00  0   0 F  0
 Reaction Xsec    12.5-/13 @ 1 =   0.045 , Out:   0.000#


 Total SPIN, PARITY =    13.5 +,      1 chs,      0 cc.  Rmin & Coul turning =    0.6   11.1
   S-matrix    1 =    0.99997   0.00004 for L=   14, J=   13.5 channel on core I =   0.0 from L=   14,  Acc. loss =  0.0 D.
 Elastic phase shift   1 =    0.001   0.001 deg. for the L =   14, J =   13.5 channel.
      13.5  0.99997173  0.00003774i: elastic S-matrix  @@      0.00  0   0 F  0
 Reaction Xsec    13.5+/14 @ 1 =   0.016 , Out:   0.000#


 Total SPIN, PARITY =    13.5 -,      1 chs,      0 cc.  Rmin & Coul turning =    0.6   11.1
   S-matrix    1 =    0.99992   0.00012 for L=   13, J=   13.5 channel on core I =   0.0 from L=   13,  Acc. loss =  0.0 D.
 Elastic phase shift   1 =    0.003   0.002 deg. for the L =   13, J =   13.5 channel.
      13.5  0.99991667  0.00011873i: elastic S-matrix  @@      0.00  0   0 F  0
 Reaction Xsec    13.5-/13 @ 1 =   0.048 , Out:   0.000#


 Total SPIN, PARITY =    14.5 +,      1 chs,      0 cc.  Rmin & Coul turning =    0.7   11.9
   S-matrix    1 =    0.99997   0.00004 for L=   14, J=   14.5 channel on core I =   0.0 from L=   14,  Acc. loss =  0.0 D.
 Elastic phase shift   1 =    0.001   0.001 deg. for the L =   14, J =   14.5 channel.
      14.5  0.99997173  0.00004018i: elastic S-matrix  @@      0.00  0   0 F  0
 Reaction Xsec    14.5+/14 @ 1 =   0.017 , Out:   0.000#


 Total SPIN, PARITY =    14.5 -,      1 chs,      0 cc.  Rmin & Coul turning =    0.7   11.9
   S-matrix    1 =    0.99999   0.00001 for L=   15, J=   14.5 channel on core I =   0.0 from L=   15,  Acc. loss =  0.0 D.
 Elastic phase shift   1 =    0.000   0.000 deg. for the L =   15, J =   14.5 channel.
      14.5  0.99999043  0.00001282i: elastic S-matrix  @@      0.00  0   0 F  0
 Reaction Xsec    14.5-/15 @ 1 =   5.900/, Out:   0.000#


 Total SPIN, PARITY =    15.5 +,      1 chs,      0 cc.  Rmin & Coul turning =    0.7   12.7
   S-matrix    1 =    1.00000   0.00000 for L=   16, J=   15.5 channel on core I =   0.0 from L=   16,  Acc. loss =  0.0 D.
 Elastic phase shift   1 =    0.000   0.000 deg. for the L =   16, J =   15.5 channel.
      15.5  0.99999677  0.00000435i: elastic S-matrix  @@      0.00  0   0 F  0
 Reaction Xsec    15.5+/16 @ 1 =   2.127/, Out:   0.000#


 Total SPIN, PARITY =    15.5 -,      1 chs,      0 cc.  Rmin & Coul turning =    0.7   12.7
   S-matrix    1 =    0.99999   0.00001 for L=   15, J=   15.5 channel on core I =   0.0 from L=   15,  Acc. loss =  0.0 D.
 Elastic phase shift   1 =    0.000   0.000 deg. for the L =   15, J =   15.5 channel.
      15.5  0.99999043  0.00001357i: elastic S-matrix  @@      0.00  0   0 F  0
 Reaction Xsec    15.5-/15 @ 1 =   6.293/, Out:   0.000#


 Total SPIN, PARITY =    16.5 +,      1 chs,      0 cc.  Rmin & Coul turning =    0.8   13.5
   S-matrix    1 =    1.00000   0.00000 for L=   16, J=   16.5 channel on core I =   0.0 from L=   16,  Acc. loss =  0.0 D.
 Elastic phase shift   1 =    0.000   0.000 deg. for the L =   16, J =   16.5 channel.
      16.5  0.99999677  0.00000458i: elastic S-matrix  @@      0.00  0   0 F  0
 Reaction Xsec    16.5+/16 @ 1 =   2.260/, Out:   0.000#


 Total SPIN, PARITY =    16.5 -,      1 chs,      0 cc.  Rmin & Coul turning =    0.8   13.5
   S-matrix    1 =    1.00000   0.00000 for L=   17, J=   16.5 channel on core I =   0.0 from L=   17,  Acc. loss =  0.0 D.
 Elastic phase shift   1 =    0.000   0.000 deg. for the L =   17, J =   16.5 channel.
      16.5  0.99999891  0.00000147i: elastic S-matrix  @@      0.00  0   0 F  0
 Reaction Xsec    16.5-/17 @ 1 =   0.763/, Out:   0.000#


 Total SPIN, PARITY =    17.5 +,      1 chs,      0 cc.  Rmin & Coul turning =    0.8   14.3
   S-matrix    1 =    1.00000   0.00000 for L=   18, J=   17.5 channel on core I =   0.0 from L=   18,  Acc. loss =  0.0 D.
 Elastic phase shift   1 =    0.000   0.000 deg. for the L =   18, J =   17.5 channel.
      17.5  0.99999963  0.00000050i: elastic S-matrix  @@      0.00  0   0 F  0
 Reaction Xsec    17.5+/18 @ 1 =   0.272/, Out:   0.000#


 Total SPIN, PARITY =    17.5 -,      1 chs,      0 cc.  Rmin & Coul turning =    0.8   14.3
   S-matrix    1 =    1.00000   0.00000 for L=   17, J=   17.5 channel on core I =   0.0 from L=   17,  Acc. loss =  0.0 D.
 Elastic phase shift   1 =    0.000   0.000 deg. for the L =   17, J =   17.5 channel.
      17.5  0.99999891  0.00000154i: elastic S-matrix  @@      0.00  0   0 F  0
 Reaction Xsec    17.5-/17 @ 1 =   0.808/, Out:   0.000#

 Finished all CC sets @    4.38600034E-03
0CUMULATIVE REACTION cross section                 =  737.91680  <L> =     4.04  <L**2> =     19.7
0CUMULATIVE outgoing cross sections in partition 1 :    0.00000
0Cumulative ABSORBTION by Imaginary Potentials     =  737.91680  <L> =     4.04  <L**2> =     19.7
   Fusion for specific p        M-states :  737.916803  737.916803
0CUMULATIVE OUTGOING cross section                 =    0.00000
 To convert to S-factors (MeV.mb = keV.b),  multiply by  1.2763E+02


 CROSS SECTIONS FOR OUTGOING p        & O20      in state #   1 with spins & parities 0.5  + &  0.0  +;  0

     3.00 deg.: X-S =   1.3000E+05 mb/sr,
+                                         /R =   8.1720E-01
     4.00 deg.: X-S =   3.7155E+04 mb/sr,
+                                         /R =   7.3789E-01
     5.00 deg.: X-S =   1.4212E+04 mb/sr,
+                                         /R =   6.8875E-01
     6.00 deg.: X-S =  6904.238423 mb/sr,
+                                         /R =   6.9344E-01
     7.00 deg.: X-S =  4165.174195 mb/sr,
+                                         /R =   7.7451E-01
     8.00 deg.: X-S =  3003.413634 mb/sr,
+                                         /R =   9.5202E-01
     9.00 deg.: X-S =  2448.425348 mb/sr,
+                                         /R =   1.2421E+00
    10.00 deg.: X-S =  2143.243384 mb/sr,
+                                         /R =   1.6556E+00
    11.00 deg.: X-S =  1944.656567 mb/sr,
+                                         /R =   2.1970E+00
    12.00 deg.: X-S =  1791.878923 mb/sr,
+                                         /R =   2.8638E+00
    13.00 deg.: X-S =  1658.419520 mb/sr,
+                                         /R =   3.6460E+00
    14.00 deg.: X-S =  1532.876875 mb/sr,
+                                         /R =   4.5267E+00
    15.00 deg.: X-S =  1410.740773 mb/sr,
+                                         /R =   5.4819E+00
    16.00 deg.: X-S =  1290.698912 mb/sr,
+                                         /R =   6.4824E+00
    17.00 deg.: X-S =  1172.900103 mb/sr,
+                                         /R =   7.4948E+00
    18.00 deg.: X-S =  1058.110320 mb/sr,
+                                         /R =   8.4831E+00
    19.00 deg.: X-S =   947.293548 mb/sr,
+                                         /R =   9.4105E+00
    20.00 deg.: X-S =   841.402217 mb/sr,
+                                         /R =   1.0242E+01
    21.00 deg.: X-S =   741.274454 mb/sr,
+                                         /R =   1.0945E+01
    22.00 deg.: X-S =   647.587415 mb/sr,
+                                         /R =   1.1492E+01
    23.00 deg.: X-S =   560.840927 mb/sr,
+                                         /R =   1.1862E+01
    24.00 deg.: X-S =   481.357912 mb/sr,
+                                         /R =   1.2041E+01
    25.00 deg.: X-S =   409.294295 mb/sr,
+                                         /R =   1.2025E+01
    26.00 deg.: X-S =   344.654262 mb/sr,
+                                         /R =   1.1815E+01
    27.00 deg.: X-S =   287.308450 mb/sr,
+                                         /R =   1.1423E+01
    28.00 deg.: X-S =   237.013529 mb/sr,
+                                         /R =   1.0868E+01
    29.00 deg.: X-S =   193.432175 mb/sr,
+                                         /R =   1.0177E+01
    30.00 deg.: X-S =   156.152704 mb/sr,
+                                         /R =   9.3805E+00
    31.00 deg.: X-S =   124.707865 mb/sr,
+                                         /R =   8.5149E+00
    32.00 deg.: X-S =    98.592377 mb/sr,
+                                         /R =   7.6188E+00
    33.00 deg.: X-S =    77.278960 mb/sr,
+                                         /R =   6.7316E+00
    34.00 deg.: X-S =    60.232636 mb/sr,
+                                         /R =   5.8920E+00
    35.00 deg.: X-S =    46.923192 mb/sr,
+                                         /R =   5.1363E+00
    36.00 deg.: X-S =    36.835758 mb/sr,
+                                         /R =   4.4967E+00
    37.00 deg.: X-S =    29.479478 mb/sr,
+                                         /R =   4.0005E+00
    38.00 deg.: X-S =    24.394361 mb/sr,
+                                         /R =   3.6690E+00
    39.00 deg.: X-S =    21.156373 mb/sr,
+                                         /R =   3.5165E+00
    40.00 deg.: X-S =    19.380920 mb/sr,
+                                         /R =   3.5504E+00
    41.00 deg.: X-S =    18.724869 mb/sr,
+                                         /R =   3.7706E+00
    42.00 deg.: X-S =    18.887265 mb/sr,
+                                         /R =   4.1704E+00
    43.00 deg.: X-S =    19.608939 mb/sr,
+                                         /R =   4.7364E+00
    44.00 deg.: X-S =    20.671179 mb/sr,
+                                         /R =   5.4495E+00
    45.00 deg.: X-S =    21.893645 mb/sr,
+                                         /R =   6.2859E+00
    46.00 deg.: X-S =    23.131703 mb/sr,
+                                         /R =   7.2179E+00
    47.00 deg.: X-S =    24.273338 mb/sr,
+                                         /R =   8.2152E+00
    48.00 deg.: X-S =    25.235786 mb/sr,
+                                         /R =   9.2462E+00
    49.00 deg.: X-S =    25.962034 mb/sr,
+                                         /R =   1.0279E+01
    50.00 deg.: X-S =    26.417275 mb/sr,
+                                         /R =   1.1282E+01
    51.00 deg.: X-S =    26.585443 mb/sr,
+                                         /R =   1.2226E+01
    52.00 deg.: X-S =    26.465881 mb/sr,
+                                         /R =   1.3084E+01
    53.00 deg.: X-S =    26.070221 mb/sr,
+                                         /R =   1.3834E+01
    54.00 deg.: X-S =    25.419514 mb/sr,
+                                         /R =   1.4456E+01
    55.00 deg.: X-S =    24.541642 mb/sr,
+                                         /R =   1.4935E+01
    56.00 deg.: X-S =    23.469028 mb/sr,
+                                         /R =   1.5262E+01
    57.00 deg.: X-S =    22.236659 mb/sr,
+                                         /R =   1.5432E+01
    58.00 deg.: X-S =    20.880410 mb/sr,
+                                         /R =   1.5442E+01
    59.00 deg.: X-S =    19.435664 mb/sr,
+                                         /R =   1.5298E+01
    60.00 deg.: X-S =    17.936214 mb/sr,
+                                         /R =   1.5007E+01
    61.00 deg.: X-S =    16.413415 mb/sr,
+                                         /R =   1.4580E+01
    62.00 deg.: X-S =    14.895576 mb/sr,
+                                         /R =   1.4032E+01
    63.00 deg.: X-S =    13.407560 mb/sr,
+                                         /R =   1.3378E+01
    64.00 deg.: X-S =    11.970554 mb/sr,
+                                         /R =   1.2637E+01
    65.00 deg.: X-S =    10.602005 mb/sr,
+                                         /R =   1.1829E+01
    66.00 deg.: X-S =     9.315673 mb/sr,
+                                         /R =   1.0973E+01
    67.00 deg.: X-S =     8.121790 mb/sr,
+                                         /R =   1.0090E+01
    68.00 deg.: X-S =     7.027293 mb/sr,
+                                         /R =   9.1987E+00
    69.00 deg.: X-S =     6.036119 mb/sr,
+                                         /R =   8.3169E+00
    70.00 deg.: X-S =     5.149537 mb/sr,
+                                         /R =   7.4615E+00
    71.00 deg.: X-S =     4.366494 mb/sr,
+                                         /R =   6.6472E+00
    72.00 deg.: X-S =     3.683982 mb/sr,
+                                         /R =   5.8869E+00
    73.00 deg.: X-S =     3.097389 mb/sr,
+                                         /R =   5.1908E+00
    74.00 deg.: X-S =     2.600843 mb/sr,
+                                         /R =   4.5673E+00
    75.00 deg.: X-S =     2.187532 mb/sr,
+                                         /R =   4.0219E+00
    76.00 deg.: X-S =     1.850002 mb/sr,
+                                         /R =   3.5582E+00
    77.00 deg.: X-S =     1.580419 mb/sr,
+                                         /R =   3.1773E+00
    78.00 deg.: X-S =     1.370805 mb/sr,
+                                         /R =   2.8784E+00
    79.00 deg.: X-S =     1.213239 mb/sr,
+                                         /R =   2.6588E+00
    80.00 deg.: X-S =     1.100020 mb/sr,
+                                         /R =   2.5140E+00
    81.00 deg.: X-S =     1.023811 mb/sr,
+                                         /R =   2.4383E+00
    82.00 deg.: X-S =     0.977738 mb/sr,
+                                         /R =   2.4249E+00
    83.00 deg.: X-S =     0.955471 mb/sr,
+                                         /R =   2.4659E+00
    84.00 deg.: X-S =     0.951279 mb/sr,
+                                         /R =   2.5530E+00
    85.00 deg.: X-S =     0.960058 mb/sr,
+                                         /R =   2.6775E+00
    86.00 deg.: X-S =     0.977345 mb/sr,
+                                         /R =   2.8306E+00
    87.00 deg.: X-S =     0.999309 mb/sr,
+                                         /R =   3.0036E+00
    88.00 deg.: X-S =     1.022739 mb/sr,
+                                         /R =   3.1882E+00
    89.00 deg.: X-S =     1.045004 mb/sr,
+                                         /R =   3.3764E+00
    90.00 deg.: X-S =     1.064026 mb/sr,
+                                         /R =   3.5611E+00
    91.00 deg.: X-S =     1.078226 mb/sr,
+                                         /R =   3.7357E+00
    92.00 deg.: X-S =     1.086479 mb/sr,
+                                         /R =   3.8945E+00
    93.00 deg.: X-S =     1.088064 mb/sr,
+                                         /R =   4.0327E+00
    94.00 deg.: X-S =     1.082609 mb/sr,
+                                         /R =   4.1464E+00
    95.00 deg.: X-S =     1.070044 mb/sr,
+                                         /R =   4.2327E+00
    96.00 deg.: X-S =     1.050547 mb/sr,
+                                         /R =   4.2894E+00
    97.00 deg.: X-S =     1.024499 mb/sr,
+                                         /R =   4.3155E+00
    98.00 deg.: X-S =     0.992441 mb/sr,
+                                         /R =   4.3104E+00
    99.00 deg.: X-S =     0.955033 mb/sr,
+                                         /R =   4.2746E+00
   100.00 deg.: X-S =     0.913015 mb/sr,
+                                         /R =   4.2091E+00
   101.00 deg.: X-S =     0.867179 mb/sr,
+                                         /R =   4.1155E+00
   102.00 deg.: X-S =     0.818340 mb/sr,
+                                         /R =   3.9961E+00
   103.00 deg.: X-S =     0.767309 mb/sr,
+                                         /R =   3.8534E+00
   104.00 deg.: X-S =     0.714878 mb/sr,
+                                         /R =   3.6902E+00
   105.00 deg.: X-S =     0.661797 mb/sr,
+                                         /R =   3.5098E+00
   106.00 deg.: X-S =     0.608769 mb/sr,
+                                         /R =   3.3154E+00
   107.00 deg.: X-S =     0.556432 mb/sr,
+                                         /R =   3.1104E+00
   108.00 deg.: X-S =     0.505360 mb/sr,
+                                         /R =   2.8982E+00
   109.00 deg.: X-S =     0.456052 mb/sr,
+                                         /R =   2.6819E+00
   110.00 deg.: X-S =     0.408935 mb/sr,
+                                         /R =   2.4649E+00
   111.00 deg.: X-S =     0.364361 mb/sr,
+                                         /R =   2.2501E+00
   112.00 deg.: X-S =     0.322608 mb/sr,
+                                         /R =   2.0402E+00
   113.00 deg.: X-S =     0.283885 mb/sr,
+                                         /R =   1.8376E+00
   114.00 deg.: X-S =     0.248334 mb/sr,
+                                         /R =   1.6447E+00
   115.00 deg.: X-S =     0.216035 mb/sr,
+                                         /R =   1.4633E+00
   116.00 deg.: X-S =     0.187012 mb/sr,
+                                         /R =   1.2949E+00
   117.00 deg.: X-S =     0.161237 mb/sr,
+                                         /R =   1.1408E+00
   118.00 deg.: X-S =     0.138638 mb/sr,
+                                         /R =   1.0019E+00
   119.00 deg.: X-S =     0.119104 mb/sr,
+                                         /R =   8.7882E-01
   120.00 deg.: X-S =     0.102488 mb/sr,
+                                         /R =   7.7177E-01
   121.00 deg.: X-S =     0.088619 mb/sr,
+                                         /R =   6.8078E-01
   122.00 deg.: X-S =     0.077302 mb/sr,
+                                         /R =   6.0557E-01
   123.00 deg.: X-S =     0.068328 mb/sr,
+                                         /R =   5.4562E-01
   124.00 deg.: X-S =     0.061475 mb/sr,
+                                         /R =   5.0018E-01
   125.00 deg.: X-S =     0.056514 mb/sr,
+                                         /R =   4.6834E-01
   126.00 deg.: X-S =     0.053214 mb/sr,
+                                         /R =   4.4900E-01
   127.00 deg.: X-S =     0.051347 mb/sr,
+                                         /R =   4.4093E-01
   128.00 deg.: X-S =     0.050689 mb/sr,
+                                         /R =   4.4284E-01
   129.00 deg.: X-S =     0.051022 mb/sr,
+                                         /R =   4.5332E-01
   130.00 deg.: X-S =     0.052143 mb/sr,
+                                         /R =   4.7096E-01
   131.00 deg.: X-S =     0.053858 mb/sr,
+                                         /R =   4.9435E-01
   132.00 deg.: X-S =     0.055991 mb/sr,
+                                         /R =   5.2207E-01
   133.00 deg.: X-S =     0.058379 mb/sr,
+                                         /R =   5.5277E-01
   134.00 deg.: X-S =     0.060881 mb/sr,
+                                         /R =   5.8516E-01
   135.00 deg.: X-S =     0.063368 mb/sr,
+                                         /R =   6.1805E-01
   136.00 deg.: X-S =     0.065736 mb/sr,
+                                         /R =   6.5036E-01
   137.00 deg.: X-S =     0.067894 mb/sr,
+                                         /R =   6.8113E-01
   138.00 deg.: X-S =     0.069772 mb/sr,
+                                         /R =   7.0955E-01
   139.00 deg.: X-S =     0.071319 mb/sr,
+                                         /R =   7.3493E-01
   140.00 deg.: X-S =     0.072499 mb/sr,
+                                         /R =   7.5677E-01
   141.00 deg.: X-S =     0.073292 mb/sr,
+                                         /R =   7.7470E-01
   142.00 deg.: X-S =     0.073695 mb/sr,
+                                         /R =   7.8852E-01
   143.00 deg.: X-S =     0.073718 mb/sr,
+                                         /R =   7.9816E-01
   144.00 deg.: X-S =     0.073382 mb/sr,
+                                         /R =   8.0372E-01
   145.00 deg.: X-S =     0.072720 mb/sr,
+                                         /R =   8.0542E-01
   146.00 deg.: X-S =     0.071773 mb/sr,
+                                         /R =   8.0360E-01
   147.00 deg.: X-S =     0.070591 mb/sr,
+                                         /R =   7.9871E-01
   148.00 deg.: X-S =     0.069228 mb/sr,
+                                         /R =   7.9130E-01
   149.00 deg.: X-S =     0.067741 mb/sr,
+                                         /R =   7.8197E-01
   150.00 deg.: X-S =     0.066192 mb/sr,
+                                         /R =   7.7139E-01
   151.00 deg.: X-S =     0.064641 mb/sr,
+                                         /R =   7.6027E-01
   152.00 deg.: X-S =     0.063146 mb/sr,
+                                         /R =   7.4930E-01
   153.00 deg.: X-S =     0.061766 mb/sr,
+                                         /R =   7.3921E-01
   154.00 deg.: X-S =     0.060551 mb/sr,
+                                         /R =   7.3065E-01
   155.00 deg.: X-S =     0.059550 mb/sr,
+                                         /R =   7.2427E-01
   156.00 deg.: X-S =     0.058803 mb/sr,
+                                         /R =   7.2062E-01
   157.00 deg.: X-S =     0.058343 mb/sr,
+                                         /R =   7.2019E-01
   158.00 deg.: X-S =     0.058196 mb/sr,
+                                         /R =   7.2339E-01
   159.00 deg.: X-S =     0.058379 mb/sr,
+                                         /R =   7.3049E-01
   160.00 deg.: X-S =     0.058901 mb/sr,
+                                         /R =   7.4168E-01
   161.00 deg.: X-S =     0.059760 mb/sr,
+                                         /R =   7.5703E-01
   162.00 deg.: X-S =     0.060948 mb/sr,
+                                         /R =   7.7648E-01
   163.00 deg.: X-S =     0.062446 mb/sr,
+                                         /R =   7.9986E-01
   164.00 deg.: X-S =     0.064230 mb/sr,
+                                         /R =   8.2688E-01
   165.00 deg.: X-S =     0.066266 mb/sr,
+                                         /R =   8.5715E-01
   166.00 deg.: X-S =     0.068516 mb/sr,
+                                         /R =   8.9019E-01
   167.00 deg.: X-S =     0.070934 mb/sr,
+                                         /R =   9.2543E-01
   168.00 deg.: X-S =     0.073471 mb/sr,
+                                         /R =   9.6220E-01
   169.00 deg.: X-S =     0.076076 mb/sr,
+                                         /R =   9.9982E-01
   170.00 deg.: X-S =     0.078694 mb/sr,
+                                         /R =   1.0376E+00
   171.00 deg.: X-S =     0.081270 mb/sr,
+                                         /R =   1.0746E+00
   172.00 deg.: X-S =     0.083750 mb/sr,
+                                         /R =   1.1103E+00
   173.00 deg.: X-S =     0.086081 mb/sr,
+                                         /R =   1.1438E+00
   174.00 deg.: X-S =     0.088213 mb/sr,
+                                         /R =   1.1745E+00
   175.00 deg.: X-S =     0.090101 mb/sr,
+                                         /R =   1.2016E+00
   176.00 deg.: X-S =     0.091704 mb/sr,
+                                         /R =   1.2247E+00
   177.00 deg.: X-S =     0.092988 mb/sr,
+                                         /R =   1.2432E+00
   178.00 deg.: X-S =     0.093926 mb/sr,
+                                         /R =   1.2566E+00
   179.00 deg.: X-S =     0.094496 mb/sr,
+                                         /R =   1.2649E+00
   179.99 deg.: X-S =     0.094688 mb/sr,
+                                         /R =   1.2676E+00
                                           Integrated 2080.1510 mb, over [   3.000, 180.000] at    35.0000 MeV 
 Finished all xsecs @    5.28999977E-03

  The following files have been created:
   3:local copy of User input.            6:standard output.                   
   7:elastic  S-matrix elements.         13:total cross sections/state.        
  16:tables of cross sections.           38:cross sections for each J/pi.      
  39:cross sections for each Ecm.        40:all cross sectns. for each Elab.   
  45:scat phase shift as E functions.    56:Fusion for each Jtotal.            
 201:Separate cross sections.           

 PARAMETERS : MAXQRN   MFNL   MLOC  LMAX1 MCLIST
    ALLOWED :      1      1      4     70      6
    REQUIRED:      0      0      4     19      4


 ACCURACY ANALYSIS at    35.000 MeV :

  Elastic h*k = 0.037 so OK       compared with 0.200

   Real(S-el) > 0.01 first at J =       0.5
   Real(S-el) > 0.10 first at J =       0.5
   Real(S-el) > 0.50 first at J =       4.5
   Real(S-el) > 0.90 first at J =       6.5
   Real(S-el) > 0.99 first at J =       8.5
   R-turn =    14.32 fm    at J =      17.5

 Forward-angle excitation cut off below   1.361 deg by max JT =      17.5
                              and below   0.330 deg by max R.

