 FRESCO - FRES 3.4: Coupled Reaction Channels
 Assuming NAMELIST input.

 p+O20 with CH89;                                                                

   0.030  60.000   0.500   0.000   0.000   0.000   0.000   0.000   0.000   0.000

 Centre-of-mass Range is   2002 * 0.0300 fm., Maximum at  60.00 fm., Interpolating NL forms every  0.51 fm.
 Non - locality width is      4 * 0.0300 fm., Maximum of   0.09 fm., Centred at  0.00 fm.
 2-Nucleon Separation of      0 * 0.5100 fm., Maximum of   0.00 fm., Minimum at  0.00 fm.
 Maximum single particle bins of 59.6700 fm.
               M,Mint =         2001        1990


 Range of total J is     0.0 <= J <=    50.0 (at least     0.0) and Absorbtion =>     0.0010 mb.
 Dry Run = F, CC set limits =  0  0, Relativistic kinematics =  , Both/Far/Near Analyses =  1                     

 Cross Sections (and up to T0 for 0=projectile) for Theta from   3.0 to-180.0 in steps of  1.0 degrees, DGAM=0,  Coordinates = 0 (Mads)

 Lower Radial Cutoff = maximum of -1.60*L*h &       0.0 fm.,  Lower Cutoff for Couplings =   0.0  fm.


 Iterate Couplings between   0 and   0 times, to  0.000 % if sooner.                                          
  Block solved exactly =   0 chs., with Pade = 0 & Isocen =  =0, NOSOL = F, initwf =  0
  NL quadrature with   18 Gaussian points, Calculate multipoles up to    56 from   0
  M-transfers for lp+lt greater than or equal to  6, Angular Integration Cutoff below  2.7778 %


 Trace switches are :  CHANS =  1, LISTCC =  0, TRENEG =  0, CDETR =  0, SMATS =  2, XSTABL =  1, NLPL =  0

                       WAVES =  0, LAMPL =  0, VEFF =  0, KFUS =  0, WDISK =  0, BPM =  0, MELFIL =  0

                       CDCC =  0, NFUS =  0

 Using unit mass = 1.000000 amu and 1/fine-structure constant = 137.03599 ( 1.000000 * true ) with hc = 197.32705 MeV.fm,
  thus 2*amu/hbar^2 = 0.0478450 = 1/20.9008 and Coulomb constant = 0.1574855 so e^2 = 1.43997, and nuclear magneton= 0.1261183

 Now pre-scan input and save to file 3



 *********** PARTITION NUMBER  1 ******************************************************************************************

   PROJ=p          MASS=  1.0073 Z=   1.0,        # STATES=    1T, TARG=O20      MASS= 19.9997 Z=   8.0,     Q-VALUE =  -0.0000 MEV.

     1:  J= 0.5+ (B# 1), E=  0.0000, K= 0.5              Potl#  1       J= 0.0+ (B# 1), E=  0.0000, K= 0.0    


 ************************************************************************************************************************************

 The following POTENTIALS are defined :

  KP#       TYPE      IT    SHAPE      at     V1        r1        a1        V2        r2        a2        A-in     A-used


                                            A#1       A#2        r0c       ac                                                h @ 1
    1    0=Coulomb       0=CHARGE (WS)  1    20.000     0.000    1.2842    0.0000    0.0000    0.0000     0.000    20.000   0.03000

    1    1=Volume        0=Woods-Saxon  2   25.4324    1.1671    0.6900    3.7610    1.1753    0.6900     0.000    20.000

    1    2=Surface       0=Woods-Saxon  3    0.0000    0.0000    0.0000    7.9812    1.1753    0.6900     0.000    20.000

    1    3=Projtl S.O.   0=Woods-Saxon  4    5.9000    0.8979    0.6300    0.0000    0.0000    0.0000     0.000    20.000

 Incoming partition  1 in excitation state # 1,   Laboratory Energy given for partition  1 Nucleus 1 in Excitation pair 1

0Lab. ENERGY ranges :

   from    35.0000     to   0.00000     in     0 intervals
   from    0.00000     to   0.00000     in     0 intervals
   from    0.00000     to   0.00000     in     0 intervals

 Largest real,imaginary parts of any form factor at R=   59.52 are   2.42E-02  8.55E-32 MeV
 Finished all Couplings @    9.79000004E-04           4

 Symmetric Hamiltonian
1***********************************************************************************************************************************
************************************************************************************************************************************

        INCOMING p        ;    LABORATORY p        ENERGY =   35.000     MeV.

 ***********************************************************************************************************************************
 ***********************************************************************************************************************************

 Allocate arrays for            2  channels, of which            1  need wfs.

 ######################################################################################################################
 #                                                                                                                    #
 # Total SPIN and PARITY =     0.5 +,      1 channels,    0 in 1st block.  Rmin & Coul turning =    0.0    0.3 fm.  #
 #                                                                                                                    #
 ######################################################################################################################



    C Projectl Target   #   EX.   (L  Proj) J  + Targ = Jtotal     E-cm      Re K     Re Eta     RM*K            CH
    1 p        O20      #    1: I   0 0.5    0.5  0.0     0.5    33.32176   1.23648   0.21373   74.1887   0.33920  -0.36833 1 1 1   1
   S-matrix    1 =   -0.32246  -0.09969 for L=    0, J=    0.5 channel on core I =   0.0 from L=    0,  Acc. loss =  0.0 D.
 Elastic phase shift   1 =  -81.410  31.116 deg. for the L =    0, J =    0.5 channel.
       0.5 -0.32245539 -0.09969095i: elastic S-matrix  @@      0.00  0   0 F  0
 Reaction Xsec     0.5+/ 0 @ 1 =  18.208 , Out:   0.000#


 Total SPIN, PARITY =     0.5 -,      1 chs,      0 cc.  Rmin & Coul turning =    0.0    0.3
   S-matrix    1 =   -0.23382   0.21120 for L=    1, J=    0.5 channel on core I =   0.0 from L=    1,  Acc. loss =  0.0 D.
 Elastic phase shift   1 =   68.955  33.086 deg. for the L =    1, J =    0.5 channel.
       0.5 -0.23381838  0.21120031i: elastic S-matrix  @@      0.00  0   0 F  0
 Reaction Xsec     0.5-/ 1 @ 1 =  18.508 , Out:   0.000#


 Total SPIN, PARITY =     1.5 +,      1 chs,      0 cc.  Rmin & Coul turning =    0.0    1.3
   S-matrix    1 =   -0.08892   0.27755 for L=    2, J=    1.5 channel on core I =   0.0 from L=    2,  Acc. loss =  0.0 D.
 Elastic phase shift   1 =   53.882  35.320 deg. for the L =    2, J =    1.5 channel.
       1.5 -0.08891848  0.27755216i: elastic S-matrix  @@      0.00  0   0 F  0
 Reaction Xsec     1.5+/ 2 @ 1 =  37.606 , Out:   0.000#


 Total SPIN, PARITY =     1.5 -,      1 chs,      0 cc.  Rmin & Coul turning =    0.0    1.3
   S-matrix    1 =   -0.31672   0.04762 for L=    1, J=    1.5 channel on core I =   0.0 from L=    1,  Acc. loss =  0.0 D.
 Elastic phase shift   1 =   85.725  32.617 deg. for the L =    1, J =    1.5 channel.
       1.5 -0.31672445  0.04762302i: elastic S-matrix  @@      0.00  0   0 F  0
 Reaction Xsec     1.5-/ 1 @ 1 =  36.881 , Out:   0.000#


 Total SPIN, PARITY =     2.5 +,      1 chs,      0 cc.  Rmin & Coul turning =    0.1    2.2
   S-matrix    1 =   -0.31873   0.12441 for L=    2, J=    2.5 channel on core I =   0.0 from L=    2,  Acc. loss =  0.0 D.
 Elastic phase shift   1 =   79.339  30.725 deg. for the L =    2, J =    2.5 channel.
       2.5 -0.31873097  0.12440645i: elastic S-matrix  @@      0.00  0   0 F  0
 Reaction Xsec     2.5+/ 2 @ 1 =  54.428 , Out:   0.000#


 Total SPIN, PARITY =     2.5 -,      1 chs,      0 cc.  Rmin & Coul turning =    0.1    2.2
   S-matrix    1 =    0.10534   0.19561 for L=    3, J=    2.5 channel on core I =   0.0 from L=    3,  Acc. loss =  0.0 D.
 Elastic phase shift   1 =   30.848  43.095 deg. for the L =    3, J =    2.5 channel.
       2.5  0.10534459  0.19560735i: elastic S-matrix  @@      0.00  0   0 F  0
 Reaction Xsec     2.5-/ 3 @ 1 =  58.602 , Out:   0.000#


 Total SPIN, PARITY =     3.5 +,      1 chs,      0 cc.  Rmin & Coul turning =    0.1    3.0
   S-matrix    1 =    0.38803   0.13534 for L=    4, J=    3.5 channel on core I =   0.0 from L=    4,  Acc. loss =  0.0 D.
 Elastic phase shift   1 =    9.614  25.476 deg. for the L =    4, J =    3.5 channel.
       3.5  0.38803184  0.13533750i: elastic S-matrix  @@      0.00  0   0 F  0
 Reaction Xsec     3.5+/ 4 @ 1 =  68.312 , Out:   0.000#


 Total SPIN, PARITY =     3.5 -,      1 chs,      0 cc.  Rmin & Coul turning =    0.1    3.0
   S-matrix    1 =   -0.17601   0.15407 for L=    3, J=    3.5 channel on core I =   0.0 from L=    3,  Acc. loss =  0.0 D.
 Elastic phase shift   1 =   69.401  41.619 deg. for the L =    3, J =    3.5 channel.
       3.5 -0.17601018  0.15407329i: elastic S-matrix  @@      0.00  0   0 F  0
 Reaction Xsec     3.5-/ 3 @ 1 =  77.696 , Out:   0.000#


 Total SPIN, PARITY =     4.5 +,      1 chs,      0 cc.  Rmin & Coul turning =    0.2    3.8
   S-matrix    1 =    0.17907   0.20491 for L=    4, J=    4.5 channel on core I =   0.0 from L=    4,  Acc. loss =  0.0 D.
 Elastic phase shift   1 =   24.425  37.285 deg. for the L =    4, J =    4.5 channel.
       4.5  0.17906948  0.20490788i: elastic S-matrix  @@      0.00  0   0 F  0
 Reaction Xsec     4.5+/ 4 @ 1 =  95.133 , Out:   0.000#


 Total SPIN, PARITY =     4.5 -,      1 chs,      0 cc.  Rmin & Coul turning =    0.2    3.8
   S-matrix    1 =    0.67221   0.09774 for L=    5, J=    4.5 channel on core I =   0.0 from L=    5,  Acc. loss =  0.0 D.
 Elastic phase shift   1 =    4.136  11.079 deg. for the L =    5, J =    4.5 channel.
       4.5  0.67220573  0.09774059i: elastic S-matrix  @@      0.00  0   0 F  0
 Reaction Xsec     4.5-/ 5 @ 1 =  55.335 , Out:   0.000#


 Total SPIN, PARITY =     5.5 +,      1 chs,      0 cc.  Rmin & Coul turning =    0.2    4.6
   S-matrix    1 =    0.85873   0.05609 for L=    6, J=    5.5 channel on core I =   0.0 from L=    6,  Acc. loss =  0.0 D.
 Elastic phase shift   1 =    1.868   4.302 deg. for the L =    6, J =    5.5 channel.
       5.5  0.85873334  0.05608848i: elastic S-matrix  @@      0.00  0   0 F  0
 Reaction Xsec     5.5+/ 6 @ 1 =  31.985 , Out:   0.000#


 Total SPIN, PARITY =     5.5 -,      1 chs,      0 cc.  Rmin & Coul turning =    0.2    4.6
   S-matrix    1 =    0.58915   0.18440 for L=    5, J=    5.5 channel on core I =   0.0 from L=    5,  Acc. loss =  0.0 D.
 Elastic phase shift   1 =    8.690  13.818 deg. for the L =    5, J =    5.5 channel.
       5.5  0.58914555  0.18439827i: elastic S-matrix  @@      0.00  0   0 F  0
 Reaction Xsec     5.5-/ 5 @ 1 =  76.305 , Out:   0.000#


 Total SPIN, PARITY =     6.5 +,      1 chs,      0 cc.  Rmin & Coul turning =    0.3    5.4
   S-matrix    1 =    0.84021   0.10036 for L=    6, J=    6.5 channel on core I =   0.0 from L=    6,  Acc. loss =  0.0 D.
 Elastic phase shift   1 =    3.406   4.785 deg. for the L =    6, J =    6.5 channel.
       6.5  0.84021033  0.10035525i: elastic S-matrix  @@      0.00  0   0 F  0
 Reaction Xsec     6.5+/ 6 @ 1 =  40.847 , Out:   0.000#


 Total SPIN, PARITY =     6.5 -,      1 chs,      0 cc.  Rmin & Coul turning =    0.3    5.4
   S-matrix    1 =    0.94647   0.02533 for L=    7, J=    6.5 channel on core I =   0.0 from L=    7,  Acc. loss =  0.0 D.
 Elastic phase shift   1 =    0.767   1.566 deg. for the L =    7, J =    6.5 channel.
       6.5  0.94646582  0.02533035i: elastic S-matrix  @@      0.00  0   0 F  0
 Reaction Xsec     6.5-/ 7 @ 1 =  14.896 , Out:   0.000#


 Total SPIN, PARITY =     7.5 +,      1 chs,      0 cc.  Rmin & Coul turning =    0.3    6.2
   S-matrix    1 =    0.98086   0.00997 for L=    8, J=    7.5 channel on core I =   0.0 from L=    8,  Acc. loss =  0.0 D.
 Elastic phase shift   1 =    0.291   0.552 deg. for the L =    8, J =    7.5 channel.
       7.5  0.98085541  0.00996646i: elastic S-matrix  @@      0.00  0   0 F  0
 Reaction Xsec     7.5+/ 8 @ 1 =   6.218 , Out:   0.000#


 Total SPIN, PARITY =     7.5 -,      1 chs,      0 cc.  Rmin & Coul turning =    0.3    6.2
   S-matrix    1 =    0.94345   0.04140 for L=    7, J=    7.5 channel on core I =   0.0 from L=    7,  Acc. loss =  0.0 D.
 Elastic phase shift   1 =    1.256   1.640 deg. for the L =    7, J =    7.5 channel.
       7.5  0.94345366  0.04140353i: elastic S-matrix  @@      0.00  0   0 F  0
 Reaction Xsec     7.5-/ 7 @ 1 =  17.783 , Out:   0.000#


 Total SPIN, PARITY =     8.5 +,      1 chs,      0 cc.  Rmin & Coul turning =    0.4    7.0
   S-matrix    1 =    0.98043   0.01521 for L=    8, J=    8.5 channel on core I =   0.0 from L=    8,  Acc. loss =  0.0 D.
 Elastic phase shift   1 =    0.444   0.563 deg. for the L =    8, J =    8.5 channel.
       8.5  0.98042587  0.01520809i: elastic S-matrix  @@      0.00  0   0 F  0
 Reaction Xsec     8.5+/ 8 @ 1 =   7.126 , Out:   0.000#


 Total SPIN, PARITY =     8.5 -,      1 chs,      0 cc.  Rmin & Coul turning =    0.4    7.0
   S-matrix    1 =    0.99332   0.00367 for L=    9, J=    8.5 channel on core I =   0.0 from L=    9,  Acc. loss =  0.0 D.
 Elastic phase shift   1 =    0.106   0.192 deg. for the L =    9, J =    8.5 channel.
       8.5  0.99332090  0.00366737i: elastic S-matrix  @@      0.00  0   0 F  0
 Reaction Xsec     8.5-/ 9 @ 1 =   2.460 , Out:   0.000#


 Total SPIN, PARITY =     9.5 +,      1 chs,      0 cc.  Rmin & Coul turning =    0.4    7.8
   S-matrix    1 =    0.99770   0.00131 for L=   10, J=    9.5 channel on core I =   0.0 from L=   10,  Acc. loss =  0.0 D.
 Elastic phase shift   1 =    0.038   0.066 deg. for the L =   10, J =    9.5 channel.
       9.5  0.99769675  0.00130710i: elastic S-matrix  @@      0.00  0   0 F  0
 Reaction Xsec     9.5+/10 @ 1 =   0.945 , Out:   0.000#


 Total SPIN, PARITY =     9.5 -,      1 chs,      0 cc.  Rmin & Coul turning =    0.4    7.8
   S-matrix    1 =    0.99326   0.00533 for L=    9, J=    9.5 channel on core I =   0.0 from L=    9,  Acc. loss =  0.0 D.
 Elastic phase shift   1 =    0.154   0.193 deg. for the L =    9, J =    9.5 channel.
       9.5  0.99326289  0.00532668i: elastic S-matrix  @@      0.00  0   0 F  0
 Reaction Xsec     9.5-/ 9 @ 1 =   2.754 , Out:   0.000#


 Total SPIN, PARITY =    10.5 +,      1 chs,      0 cc.  Rmin & Coul turning =    0.5    8.7
   S-matrix    1 =    0.99769   0.00183 for L=   10, J=   10.5 channel on core I =   0.0 from L=   10,  Acc. loss =  0.0 D.
 Elastic phase shift   1 =    0.052   0.066 deg. for the L =   10, J =   10.5 channel.
      10.5  0.99768912  0.00182765i: elastic S-matrix  @@      0.00  0   0 F  0
 Reaction Xsec    10.5+/10 @ 1 =   1.043 , Out:   0.000#


 Total SPIN, PARITY =    10.5 -,      1 chs,      0 cc.  Rmin & Coul turning =    0.5    8.7
   S-matrix    1 =    0.99921   0.00046 for L=   11, J=   10.5 channel on core I =   0.0 from L=   11,  Acc. loss =  0.0 D.
 Elastic phase shift   1 =    0.013   0.023 deg. for the L =   11, J =   10.5 channel.
      10.5  0.99921082  0.00045842i: elastic S-matrix  @@      0.00  0   0 F  0
 Reaction Xsec    10.5-/11 @ 1 =   0.357 , Out:   0.000#


 Total SPIN, PARITY =    11.5 +,      1 chs,      0 cc.  Rmin & Coul turning =    0.5    9.5
   S-matrix    1 =    0.99973   0.00016 for L=   12, J=   11.5 channel on core I =   0.0 from L=   12,  Acc. loss =  0.0 D.
 Elastic phase shift   1 =    0.005   0.008 deg. for the L =   12, J =   11.5 channel.
      11.5  0.99973072  0.00015932i: elastic S-matrix  @@      0.00  0   0 F  0
 Reaction Xsec    11.5+/12 @ 1 =   0.133 , Out:   0.000#


 Total SPIN, PARITY =    11.5 -,      1 chs,      0 cc.  Rmin & Coul turning =    0.5    9.5
   S-matrix    1 =    0.99921   0.00062 for L=   11, J=   11.5 channel on core I =   0.0 from L=   11,  Acc. loss =  0.0 D.
 Elastic phase shift   1 =    0.018   0.023 deg. for the L =   11, J =   11.5 channel.
      11.5  0.99920982  0.00062102i: elastic S-matrix  @@      0.00  0   0 F  0
 Reaction Xsec    11.5-/11 @ 1 =   0.389 , Out:   0.000#


 Total SPIN, PARITY =    12.5 +,      1 chs,      0 cc.  Rmin & Coul turning =    0.6   10.3
   S-matrix    1 =    0.99973   0.00021 for L=   12, J=   12.5 channel on core I =   0.0 from L=   12,  Acc. loss =  0.0 D.
 Elastic phase shift   1 =    0.006   0.008 deg. for the L =   12, J =   12.5 channel.
      12.5  0.99973059  0.00020994i: elastic S-matrix  @@      0.00  0   0 F  0
 Reaction Xsec    12.5+/12 @ 1 =   0.144 , Out:   0.000#


 Total SPIN, PARITY =    12.5 -,      1 chs,      0 cc.  Rmin & Coul turning =    0.6   10.3
   S-matrix    1 =    0.99991   0.00006 for L=   13, J=   12.5 channel on core I =   0.0 from L=   13,  Acc. loss =  0.0 D.
 Elastic phase shift   1 =    0.002   0.003 deg. for the L =   13, J =   12.5 channel.
      12.5  0.99990840  0.00005504i: elastic S-matrix  @@      0.00  0   0 F  0
 Reaction Xsec    12.5-/13 @ 1 =   0.049 , Out:   0.000#


 Total SPIN, PARITY =    13.5 +,      1 chs,      0 cc.  Rmin & Coul turning =    0.6   11.1
   S-matrix    1 =    0.99997   0.00002 for L=   14, J=   13.5 channel on core I =   0.0 from L=   14,  Acc. loss =  0.0 D.
 Elastic phase shift   1 =    0.001   0.001 deg. for the L =   14, J =   13.5 channel.
      13.5  0.99996892  0.00001893i: elastic S-matrix  @@      0.00  0   0 F  0
 Reaction Xsec    13.5+/14 @ 1 =   0.018 , Out:   0.000#


 Total SPIN, PARITY =    13.5 -,      1 chs,      0 cc.  Rmin & Coul turning =    0.6   11.1
   S-matrix    1 =    0.99991   0.00007 for L=   13, J=   13.5 channel on core I =   0.0 from L=   13,  Acc. loss =  0.0 D.
 Elastic phase shift   1 =    0.002   0.003 deg. for the L =   13, J =   13.5 channel.
      13.5  0.99990838  0.00007075i: elastic S-matrix  @@      0.00  0   0 F  0
 Reaction Xsec    13.5-/13 @ 1 =   0.053 , Out:   0.000#


 Total SPIN, PARITY =    14.5 +,      1 chs,      0 cc.  Rmin & Coul turning =    0.7   11.9
   S-matrix    1 =    0.99997   0.00002 for L=   14, J=   14.5 channel on core I =   0.0 from L=   14,  Acc. loss =  0.0 D.
 Elastic phase shift   1 =    0.001   0.001 deg. for the L =   14, J =   14.5 channel.
      14.5  0.99996891  0.00002380i: elastic S-matrix  @@      0.00  0   0 F  0
 Reaction Xsec    14.5+/14 @ 1 =   0.019 , Out:   0.000#


 Total SPIN, PARITY =    14.5 -,      1 chs,      0 cc.  Rmin & Coul turning =    0.7   11.9
   S-matrix    1 =    0.99999   0.00001 for L=   15, J=   14.5 channel on core I =   0.0 from L=   15,  Acc. loss =  0.0 D.
 Elastic phase shift   1 =    0.000   0.000 deg. for the L =   15, J =   14.5 channel.
      14.5  0.99998947  0.00000649i: elastic S-matrix  @@      0.00  0   0 F  0
 Reaction Xsec    14.5-/15 @ 1 =   6.489/, Out:   0.000#


 Total SPIN, PARITY =    15.5 +,      1 chs,      0 cc.  Rmin & Coul turning =    0.7   12.7
   S-matrix    1 =    1.00000   0.00000 for L=   16, J=   15.5 channel on core I =   0.0 from L=   16,  Acc. loss =  0.0 D.
 Elastic phase shift   1 =    0.000   0.000 deg. for the L =   16, J =   15.5 channel.
      15.5  0.99999644  0.00000222i: elastic S-matrix  @@      0.00  0   0 F  0
 Reaction Xsec    15.5+/16 @ 1 =   2.339/, Out:   0.000#


 Total SPIN, PARITY =    15.5 -,      1 chs,      0 cc.  Rmin & Coul turning =    0.7   12.7
   S-matrix    1 =    0.99999   0.00001 for L=   15, J=   15.5 channel on core I =   0.0 from L=   15,  Acc. loss =  0.0 D.
 Elastic phase shift   1 =    0.000   0.000 deg. for the L =   15, J =   15.5 channel.
      15.5  0.99998947  0.00000799i: elastic S-matrix  @@      0.00  0   0 F  0
 Reaction Xsec    15.5-/15 @ 1 =   6.921/, Out:   0.000#


 Total SPIN, PARITY =    16.5 +,      1 chs,      0 cc.  Rmin & Coul turning =    0.8   13.5
   S-matrix    1 =    1.00000   0.00000 for L=   16, J=   16.5 channel on core I =   0.0 from L=   16,  Acc. loss =  0.0 D.
 Elastic phase shift   1 =    0.000   0.000 deg. for the L =   16, J =   16.5 channel.
      16.5  0.99999644  0.00000268i: elastic S-matrix  @@      0.00  0   0 F  0
 Reaction Xsec    16.5+/16 @ 1 =   2.486/, Out:   0.000#


 Total SPIN, PARITY =    16.5 -,      1 chs,      0 cc.  Rmin & Coul turning =    0.8   13.5
   S-matrix    1 =    1.00000   0.00000 for L=   17, J=   16.5 channel on core I =   0.0 from L=   17,  Acc. loss =  0.0 D.
 Elastic phase shift   1 =    0.000   0.000 deg. for the L =   17, J =   16.5 channel.
      16.5  0.99999880  0.00000076i: elastic S-matrix  @@      0.00  0   0 F  0
 Reaction Xsec    16.5-/17 @ 1 =   0.839/, Out:   0.000#


 Total SPIN, PARITY =    17.5 +,      1 chs,      0 cc.  Rmin & Coul turning =    0.8   14.3
   S-matrix    1 =    1.00000   0.00000 for L=   18, J=   17.5 channel on core I =   0.0 from L=   18,  Acc. loss =  0.0 D.
 Elastic phase shift   1 =    0.000   0.000 deg. for the L =   18, J =   17.5 channel.
      17.5  0.99999960  0.00000026i: elastic S-matrix  @@      0.00  0   0 F  0
 Reaction Xsec    17.5+/18 @ 1 =   0.299/, Out:   0.000#


 Total SPIN, PARITY =    17.5 -,      1 chs,      0 cc.  Rmin & Coul turning =    0.8   14.3
   S-matrix    1 =    1.00000   0.00000 for L=   17, J=   17.5 channel on core I =   0.0 from L=   17,  Acc. loss =  0.0 D.
 Elastic phase shift   1 =    0.000   0.000 deg. for the L =   17, J =   17.5 channel.
      17.5  0.99999880  0.00000090i: elastic S-matrix  @@      0.00  0   0 F  0
 Reaction Xsec    17.5-/17 @ 1 =   0.888/, Out:   0.000#

 Finished all CC sets @    8.81399959E-03
0CUMULATIVE REACTION cross section                 =  724.25208  <L> =     3.98  <L**2> =     19.3
0CUMULATIVE outgoing cross sections in partition 1 :    0.00000
0Cumulative ABSORBTION by Imaginary Potentials     =  724.25208  <L> =     3.98  <L**2> =     19.3
   Fusion for specific p        M-states :  724.252082  724.252082
0CUMULATIVE OUTGOING cross section                 =    0.00000
 To convert to S-factors (MeV.mb = keV.b),  multiply by  1.2763E+02


 CROSS SECTIONS FOR OUTGOING p        & O20      in state #   1 with spins & parities 0.5  + &  0.0  +;  0

     3.00 deg.: X-S =   1.3205E+05 mb/sr,
+                                         /R =   8.3005E-01
     4.00 deg.: X-S =   3.7374E+04 mb/sr,
+                                         /R =   7.4223E-01
     5.00 deg.: X-S =   1.3777E+04 mb/sr,
+                                         /R =   6.6769E-01
     6.00 deg.: X-S =  6210.828302 mb/sr,
+                                         /R =   6.2380E-01
     7.00 deg.: X-S =  3373.546375 mb/sr,
+                                         /R =   6.2731E-01
     8.00 deg.: X-S =  2187.746022 mb/sr,
+                                         /R =   6.9347E-01
     9.00 deg.: X-S =  1646.174332 mb/sr,
+                                         /R =   8.3510E-01
    10.00 deg.: X-S =  1374.491588 mb/sr,
+                                         /R =   1.0617E+00
    11.00 deg.: X-S =  1220.505523 mb/sr,
+                                         /R =   1.3789E+00
    12.00 deg.: X-S =  1118.404685 mb/sr,
+                                         /R =   1.7874E+00
    13.00 deg.: X-S =  1038.669177 mb/sr,
+                                         /R =   2.2835E+00
    14.00 deg.: X-S =   967.940317 mb/sr,
+                                         /R =   2.8584E+00
    15.00 deg.: X-S =   900.362589 mb/sr,
+                                         /R =   3.4986E+00
    16.00 deg.: X-S =   833.652013 mb/sr,
+                                         /R =   4.1870E+00
    17.00 deg.: X-S =   767.231684 mb/sr,
+                                         /R =   4.9026E+00
    18.00 deg.: X-S =   701.317304 mb/sr,
+                                         /R =   5.6226E+00
    19.00 deg.: X-S =   636.457727 mb/sr,
+                                         /R =   6.3226E+00
    20.00 deg.: X-S =   573.301196 mb/sr,
+                                         /R =   6.9784E+00
    21.00 deg.: X-S =   512.476932 mb/sr,
+                                         /R =   7.5666E+00
    22.00 deg.: X-S =   454.537192 mb/sr,
+                                         /R =   8.0660E+00
    23.00 deg.: X-S =   399.931756 mb/sr,
+                                         /R =   8.4586E+00
    24.00 deg.: X-S =   349.000095 mb/sr,
+                                         /R =   8.7304E+00
    25.00 deg.: X-S =   301.973297 mb/sr,
+                                         /R =   8.8717E+00
    26.00 deg.: X-S =   258.981381 mb/sr,
+                                         /R =   8.8779E+00
    27.00 deg.: X-S =   220.063473 mb/sr,
+                                         /R =   8.7495E+00
    28.00 deg.: X-S =   185.179418 mb/sr,
+                                         /R =   8.4915E+00
    29.00 deg.: X-S =   154.221876 mb/sr,
+                                         /R =   8.1140E+00
    30.00 deg.: X-S =   127.028367 mb/sr,
+                                         /R =   7.6309E+00
    31.00 deg.: X-S =   103.392856 mb/sr,
+                                         /R =   7.0596E+00
    32.00 deg.: X-S =    83.076623 mb/sr,
+                                         /R =   6.4198E+00
    33.00 deg.: X-S =    65.818247 mb/sr,
+                                         /R =   5.7333E+00
    34.00 deg.: X-S =    51.342589 mb/sr,
+                                         /R =   5.0224E+00
    35.00 deg.: X-S =    39.368693 mb/sr,
+                                         /R =   4.3093E+00
    36.00 deg.: X-S =    29.616596 mb/sr,
+                                         /R =   3.6154E+00
    37.00 deg.: X-S =    21.813038 mb/sr,
+                                         /R =   2.9602E+00
    38.00 deg.: X-S =    15.696114 mb/sr,
+                                         /R =   2.3608E+00
    39.00 deg.: X-S =    11.018909 mb/sr,
+                                         /R =   1.8315E+00
    40.00 deg.: X-S =     7.552200 mb/sr,
+                                         /R =   1.3835E+00
    41.00 deg.: X-S =     5.086301 mb/sr,
+                                         /R =   1.0242E+00
    42.00 deg.: X-S =     3.432148 mb/sr,
+                                         /R =   7.5783E-01
    43.00 deg.: X-S =     2.421721 mb/sr,
+                                         /R =   5.8495E-01
    44.00 deg.: X-S =     1.907902 mb/sr,
+                                         /R =   5.0298E-01
    45.00 deg.: X-S =     1.763862 mb/sr,
+                                         /R =   5.0643E-01
    46.00 deg.: X-S =     1.882087 mb/sr,
+                                         /R =   5.8728E-01
    47.00 deg.: X-S =     2.173107 mb/sr,
+                                         /R =   7.3548E-01
    48.00 deg.: X-S =     2.564034 mb/sr,
+                                         /R =   9.3944E-01
    49.00 deg.: X-S =     2.996962 mb/sr,
+                                         /R =   1.1865E+00
    50.00 deg.: X-S =     3.427305 mb/sr,
+                                         /R =   1.4637E+00
    51.00 deg.: X-S =     3.822117 mb/sr,
+                                         /R =   1.7577E+00
    52.00 deg.: X-S =     4.158450 mb/sr,
+                                         /R =   2.0558E+00
    53.00 deg.: X-S =     4.421778 mb/sr,
+                                         /R =   2.3464E+00
    54.00 deg.: X-S =     4.604517 mb/sr,
+                                         /R =   2.6186E+00
    55.00 deg.: X-S =     4.704658 mb/sr,
+                                         /R =   2.8631E+00
    56.00 deg.: X-S =     4.724539 mb/sr,
+                                         /R =   3.0725E+00
    57.00 deg.: X-S =     4.669749 mb/sr,
+                                         /R =   3.2407E+00
    58.00 deg.: X-S =     4.548166 mb/sr,
+                                         /R =   3.3637E+00
    59.00 deg.: X-S =     4.369144 mb/sr,
+                                         /R =   3.4391E+00
    60.00 deg.: X-S =     4.142826 mb/sr,
+                                         /R =   3.4663E+00
    61.00 deg.: X-S =     3.879584 mb/sr,
+                                         /R =   3.4463E+00
    62.00 deg.: X-S =     3.589573 mb/sr,
+                                         /R =   3.3814E+00
    63.00 deg.: X-S =     3.282389 mb/sr,
+                                         /R =   3.2751E+00
    64.00 deg.: X-S =     2.966825 mb/sr,
+                                         /R =   3.1320E+00
    65.00 deg.: X-S =     2.650695 mb/sr,
+                                         /R =   2.9575E+00
    66.00 deg.: X-S =     2.340742 mb/sr,
+                                         /R =   2.7573E+00
    67.00 deg.: X-S =     2.042596 mb/sr,
+                                         /R =   2.5377E+00
    68.00 deg.: X-S =     1.760771 mb/sr,
+                                         /R =   2.3048E+00
    69.00 deg.: X-S =     1.498718 mb/sr,
+                                         /R =   2.0650E+00
    70.00 deg.: X-S =     1.258882 mb/sr,
+                                         /R =   1.8241E+00
    71.00 deg.: X-S =     1.042802 mb/sr,
+                                         /R =   1.5875E+00
    72.00 deg.: X-S =     0.851204 mb/sr,
+                                         /R =   1.3602E+00
    73.00 deg.: X-S =     0.684116 mb/sr,
+                                         /R =   1.1465E+00
    74.00 deg.: X-S =     0.540975 mb/sr,
+                                         /R =   9.5000E-01
    75.00 deg.: X-S =     0.420741 mb/sr,
+                                         /R =   7.7356E-01
    76.00 deg.: X-S =     0.321996 mb/sr,
+                                         /R =   6.1931E-01
    77.00 deg.: X-S =     0.243044 mb/sr,
+                                         /R =   4.8862E-01
    78.00 deg.: X-S =     0.181999 mb/sr,
+                                         /R =   3.8216E-01
    79.00 deg.: X-S =     0.136867 mb/sr,
+                                         /R =   2.9994E-01
    80.00 deg.: X-S =     0.105607 mb/sr,
+                                         /R =   2.4135E-01
    81.00 deg.: X-S =     0.086198 mb/sr,
+                                         /R =   2.0529E-01
    82.00 deg.: X-S =     0.076678 mb/sr,
+                                         /R =   1.9017E-01
    83.00 deg.: X-S =     0.075189 mb/sr,
+                                         /R =   1.9405E-01
    84.00 deg.: X-S =     0.080002 mb/sr,
+                                         /R =   2.1470E-01
    85.00 deg.: X-S =     0.089538 mb/sr,
+                                         /R =   2.4971E-01
    86.00 deg.: X-S =     0.102384 mb/sr,
+                                         /R =   2.9652E-01
    87.00 deg.: X-S =     0.117296 mb/sr,
+                                         /R =   3.5255E-01
    88.00 deg.: X-S =     0.133203 mb/sr,
+                                         /R =   4.1523E-01
    89.00 deg.: X-S =     0.149203 mb/sr,
+                                         /R =   4.8208E-01
    90.00 deg.: X-S =     0.164556 mb/sr,
+                                         /R =   5.5074E-01
    91.00 deg.: X-S =     0.178675 mb/sr,
+                                         /R =   6.1905E-01
    92.00 deg.: X-S =     0.191115 mb/sr,
+                                         /R =   6.8505E-01
    93.00 deg.: X-S =     0.201556 mb/sr,
+                                         /R =   7.4703E-01
    94.00 deg.: X-S =     0.209793 mb/sr,
+                                         /R =   8.0351E-01
    95.00 deg.: X-S =     0.215720 mb/sr,
+                                         /R =   8.5331E-01
    96.00 deg.: X-S =     0.219316 mb/sr,
+                                         /R =   8.9548E-01
    97.00 deg.: X-S =     0.220630 mb/sr,
+                                         /R =   9.2935E-01
    98.00 deg.: X-S =     0.219768 mb/sr,
+                                         /R =   9.5450E-01
    99.00 deg.: X-S =     0.216883 mb/sr,
+                                         /R =   9.7073E-01
   100.00 deg.: X-S =     0.212159 mb/sr,
+                                         /R =   9.7807E-01
   101.00 deg.: X-S =     0.205805 mb/sr,
+                                         /R =   9.7673E-01
   102.00 deg.: X-S =     0.198045 mb/sr,
+                                         /R =   9.6709E-01
   103.00 deg.: X-S =     0.189108 mb/sr,
+                                         /R =   9.4969E-01
   104.00 deg.: X-S =     0.179224 mb/sr,
+                                         /R =   9.2516E-01
   105.00 deg.: X-S =     0.168618 mb/sr,
+                                         /R =   8.9426E-01
   106.00 deg.: X-S =     0.157502 mb/sr,
+                                         /R =   8.5777E-01
   107.00 deg.: X-S =     0.146077 mb/sr,
+                                         /R =   8.1656E-01
   108.00 deg.: X-S =     0.134528 mb/sr,
+                                         /R =   7.7150E-01
   109.00 deg.: X-S =     0.123020 mb/sr,
+                                         /R =   7.2346E-01
   110.00 deg.: X-S =     0.111700 mb/sr,
+                                         /R =   6.7329E-01
   111.00 deg.: X-S =     0.100694 mb/sr,
+                                         /R =   6.2183E-01
   112.00 deg.: X-S =     0.090111 mb/sr,
+                                         /R =   5.6986E-01
   113.00 deg.: X-S =     0.080039 mb/sr,
+                                         /R =   5.1811E-01
   114.00 deg.: X-S =     0.070547 mb/sr,
+                                         /R =   4.6723E-01
   115.00 deg.: X-S =     0.061688 mb/sr,
+                                         /R =   4.1784E-01
   116.00 deg.: X-S =     0.053498 mb/sr,
+                                         /R =   3.7044E-01
   117.00 deg.: X-S =     0.046000 mb/sr,
+                                         /R =   3.2547E-01
   118.00 deg.: X-S =     0.039203 mb/sr,
+                                         /R =   2.8332E-01
   119.00 deg.: X-S =     0.033104 mb/sr,
+                                         /R =   2.4426E-01
   120.00 deg.: X-S =     0.027689 mb/sr,
+                                         /R =   2.0851E-01
   121.00 deg.: X-S =     0.022939 mb/sr,
+                                         /R =   1.7622E-01
   122.00 deg.: X-S =     0.018826 mb/sr,
+                                         /R =   1.4748E-01
   123.00 deg.: X-S =     0.015315 mb/sr,
+                                         /R =   1.2229E-01
   124.00 deg.: X-S =     0.012368 mb/sr,
+                                         /R =   1.0063E-01
   125.00 deg.: X-S =     0.009946 mb/sr,
+                                         /R =   8.2425E-02
   126.00 deg.: X-S =     0.008004 mb/sr,
+                                         /R =   6.7537E-02
   127.00 deg.: X-S =     0.006499 mb/sr,
+                                         /R =   5.5811E-02
   128.00 deg.: X-S =     0.005386 mb/sr,
+                                         /R =   4.7056E-02
   129.00 deg.: X-S =     0.004621 mb/sr,
+                                         /R =   4.1059E-02
   130.00 deg.: X-S =     0.004162 mb/sr,
+                                         /R =   3.7588E-02
   131.00 deg.: X-S =     0.003966 mb/sr,
+                                         /R =   3.6399E-02
   132.00 deg.: X-S =     0.003994 mb/sr,
+                                         /R =   3.7242E-02
   133.00 deg.: X-S =     0.004210 mb/sr,
+                                         /R =   3.9863E-02
   134.00 deg.: X-S =     0.004579 mb/sr,
+                                         /R =   4.4010E-02
   135.00 deg.: X-S =     0.005069 mb/sr,
+                                         /R =   4.9436E-02
   136.00 deg.: X-S =     0.005651 mb/sr,
+                                         /R =   5.5904E-02
   137.00 deg.: X-S =     0.006298 mb/sr,
+                                         /R =   6.3186E-02
   138.00 deg.: X-S =     0.006988 mb/sr,
+                                         /R =   7.1069E-02
   139.00 deg.: X-S =     0.007701 mb/sr,
+                                         /R =   7.9353E-02
   140.00 deg.: X-S =     0.008417 mb/sr,
+                                         /R =   8.7858E-02
   141.00 deg.: X-S =     0.009122 mb/sr,
+                                         /R =   9.6416E-02
   142.00 deg.: X-S =     0.009802 mb/sr,
+                                         /R =   1.0488E-01
   143.00 deg.: X-S =     0.010448 mb/sr,
+                                         /R =   1.1313E-01
   144.00 deg.: X-S =     0.011051 mb/sr,
+                                         /R =   1.2104E-01
   145.00 deg.: X-S =     0.011604 mb/sr,
+                                         /R =   1.2852E-01
   146.00 deg.: X-S =     0.012103 mb/sr,
+                                         /R =   1.3551E-01
   147.00 deg.: X-S =     0.012544 mb/sr,
+                                         /R =   1.4193E-01
   148.00 deg.: X-S =     0.012925 mb/sr,
+                                         /R =   1.4774E-01
   149.00 deg.: X-S =     0.013247 mb/sr,
+                                         /R =   1.5291E-01
   150.00 deg.: X-S =     0.013509 mb/sr,
+                                         /R =   1.5743E-01
   151.00 deg.: X-S =     0.013713 mb/sr,
+                                         /R =   1.6129E-01
   152.00 deg.: X-S =     0.013862 mb/sr,
+                                         /R =   1.6449E-01
   153.00 deg.: X-S =     0.013958 mb/sr,
+                                         /R =   1.6705E-01
   154.00 deg.: X-S =     0.014005 mb/sr,
+                                         /R =   1.6900E-01
   155.00 deg.: X-S =     0.014006 mb/sr,
+                                         /R =   1.7035E-01
   156.00 deg.: X-S =     0.013966 mb/sr,
+                                         /R =   1.7116E-01
   157.00 deg.: X-S =     0.013889 mb/sr,
+                                         /R =   1.7145E-01
   158.00 deg.: X-S =     0.013779 mb/sr,
+                                         /R =   1.7127E-01
   159.00 deg.: X-S =     0.013640 mb/sr,
+                                         /R =   1.7068E-01
   160.00 deg.: X-S =     0.013478 mb/sr,
+                                         /R =   1.6971E-01
   161.00 deg.: X-S =     0.013295 mb/sr,
+                                         /R =   1.6842E-01
   162.00 deg.: X-S =     0.013097 mb/sr,
+                                         /R =   1.6686E-01
   163.00 deg.: X-S =     0.012888 mb/sr,
+                                         /R =   1.6508E-01
   164.00 deg.: X-S =     0.012670 mb/sr,
+                                         /R =   1.6312E-01
   165.00 deg.: X-S =     0.012449 mb/sr,
+                                         /R =   1.6103E-01
   166.00 deg.: X-S =     0.012227 mb/sr,
+                                         /R =   1.5886E-01
   167.00 deg.: X-S =     0.012007 mb/sr,
+                                         /R =   1.5664E-01
   168.00 deg.: X-S =     0.011792 mb/sr,
+                                         /R =   1.5443E-01
   169.00 deg.: X-S =     0.011585 mb/sr,
+                                         /R =   1.5226E-01
   170.00 deg.: X-S =     0.011389 mb/sr,
+                                         /R =   1.5015E-01
   171.00 deg.: X-S =     0.011205 mb/sr,
+                                         /R =   1.4816E-01
   172.00 deg.: X-S =     0.011035 mb/sr,
+                                         /R =   1.4629E-01
   173.00 deg.: X-S =     0.010881 mb/sr,
+                                         /R =   1.4459E-01
   174.00 deg.: X-S =     0.010745 mb/sr,
+                                         /R =   1.4306E-01
   175.00 deg.: X-S =     0.010628 mb/sr,
+                                         /R =   1.4174E-01
   176.00 deg.: X-S =     0.010531 mb/sr,
+                                         /R =   1.4064E-01
   177.00 deg.: X-S =     0.010455 mb/sr,
+                                         /R =   1.3977E-01
   178.00 deg.: X-S =     0.010399 mb/sr,
+                                         /R =   1.3913E-01
   179.00 deg.: X-S =     0.010366 mb/sr,
+                                         /R =   1.3875E-01
   179.99 deg.: X-S =     0.010355 mb/sr,
+                                         /R =   1.3863E-01
                                           Integrated 1794.4679 mb, over [   3.000, 180.000] at    35.0000 MeV 
 Finished all xsecs @    1.02289999E-02

  The following files have been created:
   3:local copy of User input.            6:standard output.                   
   7:elastic  S-matrix elements.         13:total cross sections/state.        
  16:tables of cross sections.           38:cross sections for each J/pi.      
  39:cross sections for each Ecm.        40:all cross sectns. for each Elab.   
  45:scat phase shift as E functions.    56:Fusion for each Jtotal.            
 201:Separate cross sections.           

 PARAMETERS : MAXQRN   MFNL   MLOC  LMAX1 MCLIST
    ALLOWED :      1      1      4     70      6
    REQUIRED:      0      0      4     19      4


 ACCURACY ANALYSIS at    35.000 MeV :

  Elastic h*k = 0.037 so OK       compared with 0.200

   Real(S-el) > 0.01 first at J =       2.5
   Real(S-el) > 0.10 first at J =       2.5
   Real(S-el) > 0.50 first at J =       4.5
   Real(S-el) > 0.90 first at J =       6.5
   Real(S-el) > 0.99 first at J =       8.5
   R-turn =    14.32 fm    at J =      17.5

 Forward-angle excitation cut off below   1.361 deg by max JT =      17.5
                              and below   0.330 deg by max R.

 Total CPU  0 time =       0.01 seconds
