 FRESCO - FRES 3.4: Coupled Reaction Channels
 Assuming NAMELIST input.

 p+O20 2nd ex with BG ;                                                          

   0.030  60.000   0.500   0.000   0.000   0.000   0.000   0.000   0.000   0.000

 Centre-of-mass Range is   2002 * 0.0300 fm., Maximum at  60.00 fm., Interpolating NL forms every  0.51 fm.
 Non - locality width is      4 * 0.0300 fm., Maximum of   0.09 fm., Centred at  0.00 fm.
 2-Nucleon Separation of      0 * 0.5100 fm., Maximum of   0.00 fm., Minimum at  0.00 fm.
 Maximum single particle bins of 59.6700 fm.
               M,Mint =         2001        1990


 Range of total J is     0.0 <= J <=    50.0 (at least     0.0) and Absorbtion =>    -1.0000 mb.
 Dry Run = F, CC set limits =  0  0, Relativistic kinematics =  , Both/Far/Near Analyses =  1                     

 Cross Sections (and up to T0 for 0=projectile) for Theta from   0.0 to-180.0 in steps of  1.0 degrees, DGAM=0,  Coordinates = 0 (Mads)

 Lower Radial Cutoff = maximum of -1.60*L*h &       0.0 fm.,  Lower Cutoff for Couplings =   0.0  fm.


 Iterate Couplings between   0 and   1 times, to  0.000 % if sooner.                                          
  Block solved exactly =   2 chs., with Pade = 0 & Isocen =  =0, NOSOL = F, initwf =  0
  NL quadrature with   18 Gaussian points, Calculate multipoles up to    56 from   0
  M-transfers for lp+lt greater than or equal to  6, Angular Integration Cutoff below  2.7778 %


 Trace switches are :  CHANS =  1, LISTCC =  0, TRENEG =  0, CDETR =  0, SMATS =  2, XSTABL =  1, NLPL =  0

                       WAVES =  0, LAMPL =  0, VEFF =  0, KFUS =  0, WDISK =  0, BPM =  0, MELFIL =  0

                       CDCC =  0, NFUS =  0

 Using unit mass = 1.000000 amu and 1/fine-structure constant = 137.03599 ( 1.000000 * true ) with hc = 197.32705 MeV.fm,
  thus 2*amu/hbar^2 = 0.0478450 = 1/20.9008 and Coulomb constant = 0.1574855 so e^2 = 1.43997, and nuclear magneton= 0.1261183

 Now pre-scan input and save to file 3



 *********** PARTITION NUMBER  1 ******************************************************************************************

   PROJ=p          MASS=  1.0073 Z=   1.0,        # STATES=    2T, TARG=O20      MASS= 19.9997 Z=   8.0,     Q-VALUE =  -0.0000 MEV.

     1:  J= 0.5+ (B# 1), E=  0.0000, K= 0.5              Potl#  1       J= 0.0+ (B# 1), E=  0.0000, K= 0.0    

     2:  J= 0.5+ (B# 1), E=  0.0000, K= 0.5              Potl#  1       J= 2.0+ (B# 1), E=  4.1000, K= 0.0    
                                  (Just State  1)


 ************************************************************************************************************************************

 The following POTENTIALS are defined :

  KP#       TYPE      IT    SHAPE      at     V1        r1        a1        V2        r2        a2        A-in     A-used


                                            A#1       A#2        r0c       ac                                                h @ 1
    1    0=Coulomb       0=CHARGE (WS)  1    20.000     0.000    1.3000    0.0000    0.0000    0.0000     0.000    20.000   0.03000

                                           Mn(E1)    Mn(E2)    Mn(E3)  .....
    1   11=Target defm  10=derivatives  2    0.0000    5.3000    0.0000    0.0000    0.0000    0.0000     0.000     3.529= RADIUS

              At    2 is k =  2 (Potl. beta = 0.22286)
                                     Beta of targ. = 0.22286 (using radius of 3.529 fm.).

    1    1=Volume        0=Woods-Saxon  3   48.7789    1.1700    0.7500    0.0000    0.0000    0.0000     0.000    20.000

                                            Def1      Def2      Def3   .....
    1   11=Target defm  10=derivatives  4    0.0000    1.3974    0.0000    0.0000    0.0000    0.0000     0.000     3.176= RADIUS

              At    4 is k =  2 (Potl. beta = 0.44000)
                                     Beta of targ. = 0.44000 (using radius of 3.176 fm.).

    1    1=Volume        0=Woods-Saxon  5    0.0000    0.0000    0.0000    5.0000    1.3200    0.6500     0.000    20.000

                                            Def1      Def2      Def3   .....
    1   11=Target defm  10=derivatives  6    0.0000    1.5765    0.0000    0.0000    0.0000    0.0000     0.000     3.583= RADIUS

              At    6 is k =  2 (Potl. beta = 0.44000)
                                     Beta of targ. = 0.44000 (using radius of 3.583 fm.).

    1    2=Surface       0=Woods-Saxon  7    0.0000    0.0000    0.0000    5.4500    1.3200    0.6500     0.000    20.000

                                            Def1      Def2      Def3   .....
    1   11=Target defm  10=derivatives  8    0.0000    1.5765    0.0000    0.0000    0.0000    0.0000     0.000     3.583= RADIUS

              At    8 is k =  2 (Potl. beta = 0.44000)
                                     Beta of targ. = 0.44000 (using radius of 3.583 fm.).

    1    3=Projtl S.O.   0=Woods-Saxon  9    3.1000    1.0100    0.7500    0.0000    0.0000    0.0000     0.000    20.000

 Incoming partition  1 in excitation state # 1,   Laboratory Energy given for partition  1 Nucleus 1 in Excitation pair 1

0Lab. ENERGY ranges :

   from    35.0000     to   0.00000     in     0 intervals
   from    0.00000     to   0.00000     in     0 intervals
   from    0.00000     to   0.00000     in     0 intervals

 Largest real,imaginary parts of any form factor at R=   59.52 are   2.42E-02  5.84E-32 MeV
 Finished all Couplings @    8.28000018E-04           9

 Symmetric Hamiltonian
1***********************************************************************************************************************************
************************************************************************************************************************************

        INCOMING p        ;    LABORATORY p        ENERGY =   35.000     MeV.

 ***********************************************************************************************************************************
 ***********************************************************************************************************************************

 Allocate arrays for            3  channels, of which            3  need wfs.

 ######################################################################################################################
 #                                                                                                                    #
 # Total SPIN and PARITY =     0.5 +,      3 channels,    3 in 1st block.  Rmin & Coul turning =    0.0    0.3 fm.  #
 #                                                                                                                    #
 ######################################################################################################################



    C Projectl Target   #   EX.   (L  Proj) J  + Targ = Jtotal     E-cm      Re K     Re Eta     RM*K            CH
    1 p        O20      #    1: I   0 0.5    0.5  0.0     0.5    33.32176   1.23648   0.21373   74.1887   0.33920  -0.36833 1 1 1   1
    2 p        O20      #    2:     2 0.5    1.5  2.0     0.5    29.22176   1.15791   0.22823   69.4748  -0.24538  -0.43678 1 1 1   2
    3 p        O20      #    2:     2 0.5    2.5  2.0     0.5    29.22176   1.15791   0.22823   69.4748  -0.24538  -0.43678 1 1 1   2
   S-matrix    1 =    0.23201  -0.27529 for L=    0, J=    0.5 channel on core I =   0.0 from L=    0,  Acc. loss =  0.0 D.
 Elastic phase shift   1 =  -24.938  29.267 deg. for the L =    0, J =    0.5 channel.
       0.5  0.23201172 -0.27529055i: elastic S-matrix  @@      0.00  0   0 F  0
 Reaction Xsec     0.5+/ 0 @ 1 =  17.885 , Out:   0.000#   0.745   17.140f


 Total SPIN, PARITY =     0.5 -,      3 chs,      3 cc.  Rmin & Coul turning =    0.0    0.3
   S-matrix    1 =    0.00475  -0.33638 for L=    1, J=    0.5 channel on core I =   0.0 from L=    1,  Acc. loss =  0.0 D.
 Elastic phase shift   1 =  -44.596  31.209 deg. for the L =    1, J =    0.5 channel.
       0.5  0.00474882 -0.33637993i: elastic S-matrix  @@      0.00  0   0 F  0
 Reaction Xsec     0.5-/ 1 @ 1 =  18.223 , Out:   0.000#   0.611   17.612f

 Allocate arrays for            5  channels, of which            5  need wfs.

 Total SPIN, PARITY =     1.5 +,      5 chs,      5 cc.  Rmin & Coul turning =    0.0    1.3
   S-matrix    1 =   -0.24115  -0.26230 for L=    2, J=    1.5 channel on core I =   0.0 from L=    2,  Acc. loss =  0.0 D.
 Elastic phase shift   1 =  -66.297  29.564 deg. for the L =    2, J =    1.5 channel.
       1.5 -0.24114990 -0.26229876i: elastic S-matrix  @@      0.00  0   0 F  0
 Reaction Xsec     1.5+/ 2 @ 1 =  35.879 , Out:   0.000#   1.329   34.551f


 Total SPIN, PARITY =     1.5 -,      5 chs,      5 cc.  Rmin & Coul turning =    0.0    1.3
   S-matrix    1 =    0.08982  -0.33716 for L=    1, J=    1.5 channel on core I =   0.0 from L=    1,  Acc. loss =  0.0 D.
 Elastic phase shift   1 =  -37.541  30.164 deg. for the L =    1, J =    1.5 channel.
       1.5  0.08981991 -0.33715597i: elastic S-matrix  @@      0.00  0   0 F  0
 Reaction Xsec     1.5-/ 1 @ 1 =  36.093 , Out:   0.000#   1.125   34.969f

 Allocate arrays for            6  channels, of which            6  need wfs.

 Total SPIN, PARITY =     2.5 +,      6 chs,      6 cc.  Rmin & Coul turning =    0.1    2.2
   S-matrix    1 =   -0.11877  -0.33528 for L=    2, J=    2.5 channel on core I =   0.0 from L=    2,  Acc. loss =  0.0 D.
 Elastic phase shift   1 =  -54.753  29.613 deg. for the L =    2, J =    2.5 channel.
       2.5 -0.11877022 -0.33527687i: elastic S-matrix  @@      0.00  0   0 F  0
 Reaction Xsec     2.5+/ 2 @ 1 =  53.846 , Out:   0.000#   1.905   51.941f


 Total SPIN, PARITY =     2.5 -,      6 chs,      6 cc.  Rmin & Coul turning =    0.1    2.2
   S-matrix    1 =   -0.32761  -0.07244 for L=    3, J=    2.5 channel on core I =   0.0 from L=    3,  Acc. loss =  0.0 D.
 Elastic phase shift   1 =  -83.766  31.286 deg. for the L =    3, J =    2.5 channel.
       2.5 -0.32760541 -0.07243589i: elastic S-matrix  @@      0.00  0   0 F  0
 Reaction Xsec     2.5-/ 3 @ 1 =  54.705 , Out:   0.000#   1.405   53.301f


 Total SPIN, PARITY =     3.5 +,      6 chs,      6 cc.  Rmin & Coul turning =    0.1    3.0
   S-matrix    1 =   -0.03952   0.18639 for L=    4, J=    3.5 channel on core I =   0.0 from L=    4,  Acc. loss =  0.0 D.
 Elastic phase shift   1 =   50.985  47.497 deg. for the L =    4, J =    3.5 channel.
       3.5 -0.03951545  0.18638565i: elastic S-matrix  @@      0.00  0   0 F  0
 Reaction Xsec     3.5+/ 4 @ 1 =  79.210 , Out:   0.000#   2.975   76.235f


 Total SPIN, PARITY =     3.5 -,      6 chs,      6 cc.  Rmin & Coul turning =    0.1    3.0
   S-matrix    1 =   -0.28496  -0.24516 for L=    3, J=    3.5 channel on core I =   0.0 from L=    3,  Acc. loss =  0.0 D.
 Elastic phase shift   1 =  -69.647  28.030 deg. for the L =    3, J =    3.5 channel.
       3.5 -0.28495894 -0.24516151i: elastic S-matrix  @@      0.00  0   0 F  0
 Reaction Xsec     3.5-/ 3 @ 1 =  70.579 , Out:   0.000#   1.641   68.938f


 Total SPIN, PARITY =     4.5 +,      6 chs,      6 cc.  Rmin & Coul turning =    0.2    3.8
   S-matrix    1 =   -0.17429   0.06085 for L=    4, J=    4.5 channel on core I =   0.0 from L=    4,  Acc. loss =  0.0 D.
 Elastic phase shift   1 =   80.377  48.402 deg. for the L =    4, J =    4.5 channel.
       4.5 -0.17428760  0.06084827i: elastic S-matrix  @@      0.00  0   0 F  0
 Reaction Xsec     4.5+/ 4 @ 1 =  99.240 , Out:   0.000#   3.334   95.906f


 Total SPIN, PARITY =     4.5 -,      6 chs,      6 cc.  Rmin & Coul turning =    0.2    3.8
   S-matrix    1 =    0.45364   0.27804 for L=    5, J=    4.5 channel on core I =   0.0 from L=    5,  Acc. loss =  0.0 D.
 Elastic phase shift   1 =   15.752  18.076 deg. for the L =    5, J =    4.5 channel.
       4.5  0.45363910  0.27803976i: elastic S-matrix  @@      0.00  0   0 F  0
 Reaction Xsec     4.5-/ 5 @ 1 =  73.656 , Out:   0.000#   2.507   71.149f


 Total SPIN, PARITY =     5.5 +,      6 chs,      6 cc.  Rmin & Coul turning =    0.2    4.6
   S-matrix    1 =    0.79620   0.17954 for L=    6, J=    5.5 channel on core I =   0.0 from L=    6,  Acc. loss =  0.0 D.
 Elastic phase shift   1 =    6.354   5.819 deg. for the L =    6, J =    5.5 channel.
       5.5  0.79619809  0.17953712i: elastic S-matrix  @@      0.00  0   0 F  0
 Reaction Xsec     5.5+/ 6 @ 1 =  41.158 , Out:   0.000#   1.539   39.619f


 Total SPIN, PARITY =     5.5 -,      6 chs,      6 cc.  Rmin & Coul turning =    0.2    4.6
   S-matrix    1 =    0.31606   0.31482 for L=    5, J=    5.5 channel on core I =   0.0 from L=    5,  Acc. loss =  0.0 D.
 Elastic phase shift   1 =   22.444  23.125 deg. for the L =    5, J =    5.5 channel.
       5.5  0.31605909  0.31481735i: elastic S-matrix  @@      0.00  0   0 F  0
 Reaction Xsec     5.5-/ 5 @ 1 =  98.755 , Out:   0.000#   3.282   95.473f


 Total SPIN, PARITY =     6.5 +,      6 chs,      6 cc.  Rmin & Coul turning =    0.3    5.4
   S-matrix    1 =    0.75738   0.23695 for L=    6, J=    6.5 channel on core I =   0.0 from L=    6,  Acc. loss =  0.0 D.
 Elastic phase shift   1 =    8.686   6.623 deg. for the L =    6, J =    6.5 channel.
       6.5  0.75737910  0.23695395i: elastic S-matrix  @@      0.00  0   0 F  0
 Reaction Xsec     6.5+/ 6 @ 1 =  53.253 , Out:   0.000#   1.794   51.459f


 Total SPIN, PARITY =     6.5 -,      6 chs,      6 cc.  Rmin & Coul turning =    0.3    5.4
   S-matrix    1 =    0.93299   0.08249 for L=    7, J=    6.5 channel on core I =   0.0 from L=    7,  Acc. loss =  0.1 D.
 Elastic phase shift   1 =    2.526   1.875 deg. for the L =    7, J =    6.5 channel.
       6.5  0.93299329  0.08248593i: elastic S-matrix  @@      0.00  0   0 F  0
 Reaction Xsec     6.5-/ 7 @ 1 =  17.652 , Out:   0.000#   0.600   17.052f


 Total SPIN, PARITY =     7.5 +,      6 chs,      6 cc.  Rmin & Coul turning =    0.3    6.2
   S-matrix    1 =    0.97886   0.03343 for L=    8, J=    7.5 channel on core I =   0.0 from L=    8,  Acc. loss =  0.0 D.
 Elastic phase shift   1 =    0.978   0.595 deg. for the L =    8, J =    7.5 channel.
       7.5  0.97885846  0.03343439i: elastic S-matrix  @@      0.00  0   0 F  0
 Reaction Xsec     7.5+/ 8 @ 1 =   6.694 , Out:   0.000#   0.118    6.576f


 Total SPIN, PARITY =     7.5 -,      6 chs,      6 cc.  Rmin & Coul turning =    0.3    6.2
   S-matrix    1 =    0.92629   0.10844 for L=    7, J=    7.5 channel on core I =   0.0 from L=    7,  Acc. loss =  0.1 D.
 Elastic phase shift   1 =    3.339   1.998 deg. for the L =    7, J =    7.5 channel.
       7.5  0.92629168  0.10844086i: elastic S-matrix  @@      0.00  0   0 F  0
 Reaction Xsec     7.5-/ 7 @ 1 =  21.407 , Out:   0.000#   0.751   20.656f


 Total SPIN, PARITY =     8.5 +,      6 chs,      6 cc.  Rmin & Coul turning =    0.4    7.0
   S-matrix    1 =    0.97781   0.04341 for L=    8, J=    8.5 channel on core I =   0.0 from L=    8,  Acc. loss =  0.0 D.
 Elastic phase shift   1 =    1.271   0.615 deg. for the L =    8, J =    8.5 channel.
       8.5  0.97781392  0.04341270i: elastic S-matrix  @@      0.00  0   0 F  0
 Reaction Xsec     8.5+/ 8 @ 1 =   7.766 , Out:   0.000#   0.144    7.622f


 Total SPIN, PARITY =     8.5 -,      6 chs,      6 cc.  Rmin & Coul turning =    0.4    7.0
   S-matrix    1 =    0.99336   0.01280 for L=    9, J=    8.5 channel on core I =   0.0 from L=    9,  Acc. loss =  0.0 D.
 Elastic phase shift   1 =    0.369   0.188 deg. for the L =    9, J =    8.5 channel.
       8.5  0.99336403  0.01280477i: elastic S-matrix  @@      0.00  0   0 F  0
 Reaction Xsec     8.5-/ 9 @ 1 =   2.416 , Out:   0.000#   0.015    2.401f


 Total SPIN, PARITY =     9.5 +,      6 chs,      6 cc.  Rmin & Coul turning =    0.4    7.8
   S-matrix    1 =    0.99790   0.00480 for L=   10, J=    9.5 channel on core I =   0.0 from L=   10,  Acc. loss =  0.0 D.
 Elastic phase shift   1 =    0.138   0.060 deg. for the L =   10, J =    9.5 channel.
       9.5  0.99789945  0.00479713i: elastic S-matrix  @@      0.00  0   0 F  0
 Reaction Xsec     9.5+/10 @ 1 =   0.858 , Out:   0.000#   1.318/   0.856f


 Total SPIN, PARITY =     9.5 -,      6 chs,      6 cc.  Rmin & Coul turning =    0.4    7.8
   S-matrix    1 =    0.99321   0.01652 for L=    9, J=    9.5 channel on core I =   0.0 from L=    9,  Acc. loss =  0.0 D.
 Elastic phase shift   1 =    0.476   0.191 deg. for the L =    9, J =    9.5 channel.
       9.5  0.99321401  0.01652107i: elastic S-matrix  @@      0.00  0   0 F  0
 Reaction Xsec     9.5-/ 9 @ 1 =   2.723 , Out:   0.000#   0.018    2.706f


 Total SPIN, PARITY =    10.5 +,      6 chs,      6 cc.  Rmin & Coul turning =    0.5    8.7
   S-matrix    1 =    0.99788   0.00618 for L=   10, J=   10.5 channel on core I =   0.0 from L=   10,  Acc. loss =  0.0 D.
 Elastic phase shift   1 =    0.177   0.060 deg. for the L =   10, J =   10.5 channel.
      10.5  0.99787835  0.00617651i: elastic S-matrix  @@      0.00  0   0 F  0
 Reaction Xsec    10.5+/10 @ 1 =   0.949 , Out:   0.000#   1.490/   0.948f


 Total SPIN, PARITY =    10.5 -,      6 chs,      6 cc.  Rmin & Coul turning =    0.5    8.7
   S-matrix    1 =    0.99933   0.00178 for L=   11, J=   10.5 channel on core I =   0.0 from L=   11,  Acc. loss =  0.0 D.
 Elastic phase shift   1 =    0.051   0.019 deg. for the L =   11, J =   10.5 channel.
      10.5  0.99933079  0.00178191i: elastic S-matrix  @@      0.00  0   0 F  0
 Reaction Xsec    10.5-/11 @ 1 =   0.302 , Out:   0.000#   0.112/   0.302f


 Total SPIN, PARITY =    11.5 +,      6 chs,      6 cc.  Rmin & Coul turning =    0.5    9.5
   S-matrix    1 =    0.99979   0.00066 for L=   12, J=   11.5 channel on core I =   0.0 from L=   12,  Acc. loss =  0.0 D.
 Elastic phase shift   1 =    0.019   0.006 deg. for the L =   12, J =   11.5 channel.
      11.5  0.99978608  0.00065917i: elastic S-matrix  @@      0.00  0   0 F  0
 Reaction Xsec    11.5+/12 @ 1 =   0.105 , Out:   0.000#   0.171/   0.105f


 Total SPIN, PARITY =    11.5 -,      6 chs,      6 cc.  Rmin & Coul turning =    0.5    9.5
   S-matrix    1 =    0.99933   0.00229 for L=   11, J=   11.5 channel on core I =   0.0 from L=   11,  Acc. loss =  0.0 D.
 Elastic phase shift   1 =    0.066   0.019 deg. for the L =   11, J =   11.5 channel.
      11.5  0.99932783  0.00229403i: elastic S-matrix  @@      0.00  0   0 F  0
 Reaction Xsec    11.5-/11 @ 1 =   0.330 , Out:   0.000#   0.123/   0.330f


 Total SPIN, PARITY =    12.5 +,      6 chs,      6 cc.  Rmin & Coul turning =    0.6   10.3
   S-matrix    1 =    0.99979   0.00085 for L=   12, J=   12.5 channel on core I =   0.0 from L=   12,  Acc. loss =  0.0 D.
 Elastic phase shift   1 =    0.024   0.006 deg. for the L =   12, J =   12.5 channel.
      12.5  0.99978566  0.00084913i: elastic S-matrix  @@      0.00  0   0 F  0
 Reaction Xsec    12.5+/12 @ 1 =   0.114 , Out:   0.000#   0.185/   0.114f


 Total SPIN, PARITY =    12.5 -,      6 chs,      6 cc.  Rmin & Coul turning =    0.6   10.3
   S-matrix    1 =    0.99993   0.00024 for L=   13, J=   12.5 channel on core I =   0.0 from L=   13,  Acc. loss =  0.0 D.
 Elastic phase shift   1 =    0.007   0.002 deg. for the L =   13, J =   12.5 channel.
      12.5  0.99993143  0.00024322i: elastic S-matrix  @@      0.00  0   0 F  0
 Reaction Xsec    12.5-/13 @ 1 =   0.037 , Out:   0.000#   0.223/   0.036f


 Total SPIN, PARITY =    13.5 +,      6 chs,      6 cc.  Rmin & Coul turning =    0.6   11.1
   S-matrix    1 =    0.99998   0.00009 for L=   14, J=   13.5 channel on core I =   0.0 from L=   14,  Acc. loss =  0.0 D.
 Elastic phase shift   1 =    0.003   0.001 deg. for the L =   14, J =   13.5 channel.
      13.5  0.99997790  0.00008958i: elastic S-matrix  @@      0.00  0   0 F  0
 Reaction Xsec    13.5+/14 @ 1 =   0.013 , Out:   0.000#   0.218/   0.012f


 Total SPIN, PARITY =    13.5 -,      6 chs,      6 cc.  Rmin & Coul turning =    0.6   11.1
   S-matrix    1 =    0.99993   0.00031 for L=   13, J=   13.5 channel on core I =   0.0 from L=   13,  Acc. loss =  0.0 D.
 Elastic phase shift   1 =    0.009   0.002 deg. for the L =   13, J =   13.5 channel.
      13.5  0.99993137  0.00031354i: elastic S-matrix  @@      0.00  0   0 F  0
 Reaction Xsec    13.5-/13 @ 1 =   0.039 , Out:   0.000#   0.240/   0.039f


 Total SPIN, PARITY =    14.5 +,      6 chs,      6 cc.  Rmin & Coul turning =    0.7   11.9
   S-matrix    1 =    0.99998   0.00012 for L=   14, J=   14.5 channel on core I =   0.0 from L=   14,  Acc. loss =  0.0 D.
 Elastic phase shift   1 =    0.003   0.001 deg. for the L =   14, J =   14.5 channel.
      14.5  0.99997789  0.00011556i: elastic S-matrix  @@      0.00  0   0 F  0
 Reaction Xsec    14.5+/14 @ 1 =   0.014 , Out:   0.000#   0.233/   0.013f


 Total SPIN, PARITY =    14.5 -,      6 chs,      6 cc.  Rmin & Coul turning =    0.7   11.9
   S-matrix    1 =    0.99999   0.00003 for L=   15, J=   14.5 channel on core I =   0.0 from L=   15,  Acc. loss =  0.0 D.
 Elastic phase shift   1 =    0.001   0.000 deg. for the L =   15, J =   14.5 channel.
      14.5  0.99999278  0.00003297i: elastic S-matrix  @@      0.00  0   0 F  0
 Reaction Xsec    14.5-/15 @ 1 =   4.452/, Out:   0.000#   0.192/   0.004f


 Total SPIN, PARITY =    15.5 +,      6 chs,      6 cc.  Rmin & Coul turning =    0.7   12.7
   S-matrix    1 =    1.00000   0.00001 for L=   16, J=   15.5 channel on core I =   0.0 from L=   16,  Acc. loss =  0.0 D.
 Elastic phase shift   1 =    0.000   0.000 deg. for the L =   16, J =   15.5 channel.
      15.5  0.99999756  0.00001215i: elastic S-matrix  @@      0.00  0   0 F  0
 Reaction Xsec    15.5+/16 @ 1 =   1.607/, Out:   0.000#   0.163/   0.001f


 Total SPIN, PARITY =    15.5 -,      6 chs,      6 cc.  Rmin & Coul turning =    0.7   12.7
   S-matrix    1 =    0.99999   0.00004 for L=   15, J=   15.5 channel on core I =   0.0 from L=   15,  Acc. loss =  0.0 D.
 Elastic phase shift   1 =    0.001   0.000 deg. for the L =   15, J =   15.5 channel.
      15.5  0.99999278  0.00004255i: elastic S-matrix  @@      0.00  0   0 F  0
 Reaction Xsec    15.5-/15 @ 1 =   4.750/, Out:   0.000#   0.204/   0.005f


 Total SPIN, PARITY =    16.5 +,      6 chs,      6 cc.  Rmin & Coul turning =    0.8   13.5
   S-matrix    1 =    1.00000   0.00002 for L=   16, J=   16.5 channel on core I =   0.0 from L=   16,  Acc. loss =  0.0 D.
 Elastic phase shift   1 =    0.000   0.000 deg. for the L =   16, J =   16.5 channel.
      16.5  0.99999756  0.00001567i: elastic S-matrix  @@      0.00  0   0 F  0
 Reaction Xsec    16.5+/16 @ 1 =   1.708/, Out:   0.000#   0.173/   0.002f


 Total SPIN, PARITY =    16.5 -,      6 chs,      6 cc.  Rmin & Coul turning =    0.8   13.5
   S-matrix    1 =    1.00000   0.00000 for L=   17, J=   16.5 channel on core I =   0.0 from L=   17,  Acc. loss =  0.0 D.
 Elastic phase shift   1 =    0.000   0.000 deg. for the L =   17, J =   16.5 channel.
      16.5  0.99999911  0.00000450i: elastic S-matrix  @@      0.00  0   0 F  0
 Reaction Xsec    16.5-/17 @ 1 =   0.624/, Out:   0.000#   0.137/   0.000f


 Total SPIN, PARITY =    17.5 +,      6 chs,      6 cc.  Rmin & Coul turning =    0.8   14.3
   S-matrix    1 =    1.00000   0.00000 for L=   18, J=   17.5 channel on core I =   0.0 from L=   18,  Acc. loss =  0.0 D.
 Elastic phase shift   1 =    0.000   0.000 deg. for the L =   18, J =   17.5 channel.
      17.5  0.99999962  0.00000169i: elastic S-matrix  @@      0.00  0   0 F  0
 Reaction Xsec    17.5+/18 @ 1 =   0.278/, Out:   0.000#   0.115/   0.000f


 Total SPIN, PARITY =    17.5 -,      6 chs,      6 cc.  Rmin & Coul turning =    0.8   14.3
   S-matrix    1 =    1.00000   0.00001 for L=   17, J=   17.5 channel on core I =   0.0 from L=   17,  Acc. loss =  0.0 D.
 Elastic phase shift   1 =    0.000   0.000 deg. for the L =   17, J =   17.5 channel.
      17.5  0.99999911  0.00000579i: elastic S-matrix  @@      0.00  0   0 F  0
 Reaction Xsec    17.5-/17 @ 1 =   0.660/, Out:   0.000#   0.145/   0.001f


 Total SPIN, PARITY =    18.5 +,      6 chs,      6 cc.  Rmin & Coul turning =    0.8   15.1
   S-matrix    1 =    1.00000   0.00000 for L=   18, J=   18.5 channel on core I =   0.0 from L=   18,  Acc. loss =  0.0 D.
 Elastic phase shift   1 =    0.000   0.000 deg. for the L =   18, J =   18.5 channel.
      18.5  0.99999962  0.00000216i: elastic S-matrix  @@      0.00  0   0 F  0
 Reaction Xsec    18.5+/18 @ 1 =   0.294/, Out:   0.000#   0.121/   0.000f


 Total SPIN, PARITY =    18.5 -,      6 chs,      6 cc.  Rmin & Coul turning =    0.8   15.1
   S-matrix    1 =    1.00000   0.00000 for L=   19, J=   18.5 channel on core I =   0.0 from L=   19,  Acc. loss =  0.0 D.
 Elastic phase shift   1 =    0.000   0.000 deg. for the L =   19, J =   18.5 channel.
      18.5  0.99999981  0.00000065i: elastic S-matrix  @@      0.00  0   0 F  0
 Reaction Xsec    18.5-/19 @ 1 =   0.151/, Out:   0.000#   0.097/   0.000f


 Total SPIN, PARITY =    19.5 +,      6 chs,      6 cc.  Rmin & Coul turning =    0.9   15.9
   S-matrix    1 =    1.00000   0.00000 for L=   20, J=   19.5 channel on core I =   0.0 from L=   20,  Acc. loss =  0.0 D.
 Elastic phase shift   1 =    0.000   0.000 deg. for the L =   20, J =   19.5 channel.
      19.5  0.99999988  0.00000027i: elastic S-matrix  @@      0.00  0   0 F  0
 Reaction Xsec    19.5+/20 @ 1 =   0.100/, Out:   0.000#   0.082/   0.000f


 Total SPIN, PARITY =    19.5 -,      6 chs,      6 cc.  Rmin & Coul turning =    0.9   15.9
   S-matrix    1 =    1.00000   0.00000 for L=   19, J=   19.5 channel on core I =   0.0 from L=   19,  Acc. loss =  0.0 D.
 Elastic phase shift   1 =    0.000   0.000 deg. for the L =   19, J =   19.5 channel.
      19.5  0.99999981  0.00000083i: elastic S-matrix  @@      0.00  0   0 F  0
 Reaction Xsec    19.5-/19 @ 1 =   0.159/, Out:   0.000#   0.102/   0.000f


 Total SPIN, PARITY =    20.5 +,      6 chs,      6 cc.  Rmin & Coul turning =    1.0   16.7
   S-matrix    1 =    1.00000   0.00000 for L=   20, J=   20.5 channel on core I =   0.0 from L=   20,  Acc. loss =  0.0 D.
 Elastic phase shift   1 =    0.000   0.000 deg. for the L =   20, J =   20.5 channel.
      20.5  0.99999988  0.00000033i: elastic S-matrix  @@      0.00  0   0 F  0
 Reaction Xsec    20.5+/20 @ 1 =   0.105/, Out:   0.000#   0.086/   0.000f


 Total SPIN, PARITY =    20.5 -,      6 chs,      6 cc.  Rmin & Coul turning =    1.0   16.7
   S-matrix    1 =    1.00000   0.00000 for L=   21, J=   20.5 channel on core I =   0.0 from L=   21,  Acc. loss =  0.0 D.
 Elastic phase shift   1 =    0.000   0.000 deg. for the L =   21, J =   20.5 channel.
      20.5  0.99999991  0.00000013i: elastic S-matrix  @@      0.00  0   0 F  0
 Reaction Xsec    20.5-/21 @ 1 =   0.075/, Out:   0.000#   0.069/   0.000f


 Total SPIN, PARITY =    21.5 +,      6 chs,      6 cc.  Rmin & Coul turning =    1.0   17.6
   S-matrix    1 =    1.00000   0.00000 for L=   22, J=   21.5 channel on core I =   0.0 from L=   22,  Acc. loss =  0.0 D.
 Elastic phase shift   1 =    0.000   0.000 deg. for the L =   22, J =   21.5 channel.
      21.5  0.99999993  0.00000007i: elastic S-matrix  @@      0.00  0   0 F  0
 Reaction Xsec    21.5+/22 @ 1 =   0.061/, Out:   0.000#   0.059/   0.000f


 Total SPIN, PARITY =    21.5 -,      6 chs,      6 cc.  Rmin & Coul turning =    1.0   17.6
   S-matrix    1 =    1.00000   0.00000 for L=   21, J=   21.5 channel on core I =   0.0 from L=   21,  Acc. loss =  0.0 D.
 Elastic phase shift   1 =    0.000   0.000 deg. for the L =   21, J =   21.5 channel.
      21.5  0.99999991  0.00000015i: elastic S-matrix  @@      0.00  0   0 F  0
 Reaction Xsec    21.5-/21 @ 1 =   0.079/, Out:   0.000#   0.073/   0.000f


 Total SPIN, PARITY =    22.5 +,      6 chs,      6 cc.  Rmin & Coul turning =    1.1   18.4
   S-matrix    1 =    1.00000   0.00000 for L=   22, J=   22.5 channel on core I =   0.0 from L=   22,  Acc. loss =  0.0 D.
 Elastic phase shift   1 =    0.000   0.000 deg. for the L =   22, J =   22.5 channel.
      22.5  0.99999993  0.00000008i: elastic S-matrix  @@      0.00  0   0 F  0
 Reaction Xsec    22.5+/22 @ 1 =   0.064/, Out:   0.000#   0.062/   0.000f


 Total SPIN, PARITY =    22.5 -,      6 chs,      6 cc.  Rmin & Coul turning =    1.1   18.4
   S-matrix    1 =    1.00000   0.00000 for L=   23, J=   22.5 channel on core I =   0.0 from L=   23,  Acc. loss =  0.0 D.
 Elastic phase shift   1 =    0.000   0.000 deg. for the L =   23, J =   22.5 channel.
      22.5  0.99999995  0.00000005i: elastic S-matrix  @@      0.00  0   0 F  0
 Reaction Xsec    22.5-/23 @ 1 =   0.051/, Out:   0.000#   0.050/   0.000f


 Total SPIN, PARITY =    23.5 +,      6 chs,      6 cc.  Rmin & Coul turning =    1.1   19.2
   S-matrix    1 =    1.00000   0.00000 for L=   24, J=   23.5 channel on core I =   0.0 from L=   24,  Acc. loss =  0.0 D.
 Elastic phase shift   1 =    0.000   0.000 deg. for the L =   24, J =   23.5 channel.
      23.5  0.99999996  0.00000004i: elastic S-matrix  @@      0.00  0   0 F  0
 Reaction Xsec    23.5+/24 @ 1 =   0.043/, Out:   0.000#   0.043/   0.000f


 Total SPIN, PARITY =    23.5 -,      6 chs,      6 cc.  Rmin & Coul turning =    1.1   19.2
   S-matrix    1 =    1.00000   0.00000 for L=   23, J=   23.5 channel on core I =   0.0 from L=   23,  Acc. loss =  0.0 D.
 Elastic phase shift   1 =    0.000   0.000 deg. for the L =   23, J =   23.5 channel.
      23.5  0.99999995  0.00000005i: elastic S-matrix  @@      0.00  0   0 F  0
 Reaction Xsec    23.5-/23 @ 1 =   0.053/, Out:   0.000#   0.053/   0.000f


 Total SPIN, PARITY =    24.5 +,      6 chs,      6 cc.  Rmin & Coul turning =    1.1   20.0
   S-matrix    1 =    1.00000   0.00000 for L=   24, J=   24.5 channel on core I =   0.0 from L=   24,  Acc. loss =  0.0 D.
 Elastic phase shift   1 =    0.000   0.000 deg. for the L =   24, J =   24.5 channel.
      24.5  0.99999996  0.00000004i: elastic S-matrix  @@      0.00  0   0 F  0
 Reaction Xsec    24.5+/24 @ 1 =   0.045/, Out:   0.000#   0.045/   0.000f


 Total SPIN, PARITY =    24.5 -,      6 chs,      6 cc.  Rmin & Coul turning =    1.1   20.0
   S-matrix    1 =    1.00000   0.00000 for L=   25, J=   24.5 channel on core I =   0.0 from L=   25,  Acc. loss =  0.0 D.
 Elastic phase shift   1 =    0.000   0.000 deg. for the L =   25, J =   24.5 channel.
      24.5  0.99999996  0.00000003i: elastic S-matrix  @@      0.00  0   0 F  0
 Reaction Xsec    24.5-/25 @ 1 =   0.037/, Out:   0.000#   0.037/   0.000f


 Total SPIN, PARITY =    25.5 +,      6 chs,      6 cc.  Rmin & Coul turning =    1.2   20.8
   S-matrix    1 =    1.00000   0.00000 for L=   26, J=   25.5 channel on core I =   0.0 from L=   26,  Acc. loss =  0.0 D.
 Elastic phase shift   1 =    0.000   0.000 deg. for the L =   26, J =   25.5 channel.
      25.5  0.99999997  0.00000003i: elastic S-matrix  @@      0.00  0   0 F  0
 Reaction Xsec    25.5+/26 @ 1 =   0.032/, Out:   0.000#   0.032/   0.000f


 Total SPIN, PARITY =    25.5 -,      6 chs,      6 cc.  Rmin & Coul turning =    1.2   20.8
   S-matrix    1 =    1.00000   0.00000 for L=   25, J=   25.5 channel on core I =   0.0 from L=   25,  Acc. loss =  0.0 D.
 Elastic phase shift   1 =    0.000   0.000 deg. for the L =   25, J =   25.5 channel.
      25.5  0.99999996  0.00000003i: elastic S-matrix  @@      0.00  0   0 F  0
 Reaction Xsec    25.5-/25 @ 1 =   0.039/, Out:   0.000#   0.038/   0.000f


 Total SPIN, PARITY =    26.5 +,      6 chs,      6 cc.  Rmin & Coul turning =    1.2   21.6
   S-matrix    1 =    1.00000   0.00000 for L=   26, J=   26.5 channel on core I =   0.0 from L=   26,  Acc. loss =  0.0 D.
 Elastic phase shift   1 =    0.000   0.000 deg. for the L =   26, J =   26.5 channel.
      26.5  0.99999997  0.00000003i: elastic S-matrix  @@      0.00  0   0 F  0
 Reaction Xsec    26.5+/26 @ 1 =   0.033/, Out:   0.000#   0.033/   0.000f


 Total SPIN, PARITY =    26.5 -,      6 chs,      6 cc.  Rmin & Coul turning =    1.2   21.6
   S-matrix    1 =    1.00000   0.00000 for L=   27, J=   26.5 channel on core I =   0.0 from L=   27,  Acc. loss =  0.0 D.
 Elastic phase shift   1 =    0.000   0.000 deg. for the L =   27, J =   26.5 channel.
      26.5  0.99999998  0.00000002i: elastic S-matrix  @@      0.00  0   0 F  0
 Reaction Xsec    26.5-/27 @ 1 =   0.027/, Out:   0.000#   0.027/   0.000f


 Total SPIN, PARITY =    27.5 +,      6 chs,      6 cc.  Rmin & Coul turning =    1.3   22.4
   S-matrix    1 =    1.00000   0.00000 for L=   28, J=   27.5 channel on core I =   0.0 from L=   28,  Acc. loss =  0.0 D.
 Elastic phase shift   1 =    0.000   0.000 deg. for the L =   28, J =   27.5 channel.
      27.5  0.99999998  0.00000002i: elastic S-matrix  @@      0.00  0   0 F  0
 Reaction Xsec    27.5+/28 @ 1 =   0.024/, Out:   0.000#   0.024/   0.000f


 Total SPIN, PARITY =    27.5 -,      6 chs,      6 cc.  Rmin & Coul turning =    1.3   22.4
   S-matrix    1 =    1.00000   0.00000 for L=   27, J=   27.5 channel on core I =   0.0 from L=   27,  Acc. loss =  0.0 D.
 Elastic phase shift   1 =    0.000   0.000 deg. for the L =   27, J =   27.5 channel.
      27.5  0.99999998  0.00000002i: elastic S-matrix  @@      0.00  0   0 F  0
 Reaction Xsec    27.5-/27 @ 1 =   0.028/, Out:   0.000#   0.028/   0.000f


 Total SPIN, PARITY =    28.5 +,      6 chs,      6 cc.  Rmin & Coul turning =    1.3   23.2
   S-matrix    1 =    1.00000   0.00000 for L=   28, J=   28.5 channel on core I =   0.0 from L=   28,  Acc. loss =  0.0 D.
 Elastic phase shift   1 =    0.000   0.000 deg. for the L =   28, J =   28.5 channel.
      28.5  0.99999998  0.00000002i: elastic S-matrix  @@      0.00  0   0 F  0
 Reaction Xsec    28.5+/28 @ 1 =   0.025/, Out:   0.000#   0.025/   0.000f


 Total SPIN, PARITY =    28.5 -,      6 chs,      6 cc.  Rmin & Coul turning =    1.3   23.2
   S-matrix    1 =    1.00000   0.00000 for L=   29, J=   28.5 channel on core I =   0.0 from L=   29,  Acc. loss =  0.0 D.
 Elastic phase shift   1 =    0.000   0.000 deg. for the L =   29, J =   28.5 channel.
      28.5  0.99999998  0.00000002i: elastic S-matrix  @@      0.00  0   0 F  0
 Reaction Xsec    28.5-/29 @ 1 =   0.021/, Out:   0.000#   0.021/   0.000f


 Total SPIN, PARITY =    29.5 +,      6 chs,      6 cc.  Rmin & Coul turning =    1.4   24.0
   S-matrix    1 =    1.00000   0.00000 for L=   30, J=   29.5 channel on core I =   0.0 from L=   30,  Acc. loss =  0.0 D.
 Elastic phase shift   1 =    0.000   0.000 deg. for the L =   30, J =   29.5 channel.
      29.5  0.99999999  0.00000002i: elastic S-matrix  @@      0.00  0   0 F  0
 Reaction Xsec    29.5+/30 @ 1 =   0.018/, Out:   0.000#   0.018/   0.000f


 Total SPIN, PARITY =    29.5 -,      6 chs,      6 cc.  Rmin & Coul turning =    1.4   24.0
   S-matrix    1 =    1.00000   0.00000 for L=   29, J=   29.5 channel on core I =   0.0 from L=   29,  Acc. loss =  0.0 D.
 Elastic phase shift   1 =    0.000   0.000 deg. for the L =   29, J =   29.5 channel.
      29.5  0.99999998  0.00000002i: elastic S-matrix  @@      0.00  0   0 F  0
 Reaction Xsec    29.5-/29 @ 1 =   0.021/, Out:   0.000#   0.021/   0.000f


 Total SPIN, PARITY =    30.5 +,      6 chs,      6 cc.  Rmin & Coul turning =    1.4   24.8
   S-matrix    1 =    1.00000   0.00000 for L=   30, J=   30.5 channel on core I =   0.0 from L=   30,  Acc. loss =  0.0 D.
 Elastic phase shift   1 =    0.000   0.000 deg. for the L =   30, J =   30.5 channel.
      30.5  0.99999999  0.00000002i: elastic S-matrix  @@      0.00  0   0 F  0
 Reaction Xsec    30.5+/30 @ 1 =   0.018/, Out:   0.000#   0.018/   0.000f


 Total SPIN, PARITY =    30.5 -,      6 chs,      6 cc.  Rmin & Coul turning =    1.4   24.8
   S-matrix    1 =    1.00000   0.00000 for L=   31, J=   30.5 channel on core I =   0.0 from L=   31,  Acc. loss =  0.0 D.
 Elastic phase shift   1 =    0.000   0.000 deg. for the L =   31, J =   30.5 channel.
      30.5  0.99999999  0.00000001i: elastic S-matrix  @@      0.00  0   0 F  0
 Reaction Xsec    30.5-/31 @ 1 =   0.016/, Out:   0.000#   0.016/   0.000f


 Total SPIN, PARITY =    31.5 +,      6 chs,      6 cc.  Rmin & Coul turning =    1.5   25.6
   S-matrix    1 =    1.00000   0.00000 for L=   32, J=   31.5 channel on core I =   0.0 from L=   32,  Acc. loss =  0.0 D.
 Elastic phase shift   1 =    0.000   0.000 deg. for the L =   32, J =   31.5 channel.
      31.5  0.99999999  0.00000001i: elastic S-matrix  @@      0.00  0   0 F  0
 Reaction Xsec    31.5+/32 @ 1 =   0.014/, Out:   0.000#   0.014/   0.000f


 Total SPIN, PARITY =    31.5 -,      6 chs,      6 cc.  Rmin & Coul turning =    1.5   25.6
   S-matrix    1 =    1.00000   0.00000 for L=   31, J=   31.5 channel on core I =   0.0 from L=   31,  Acc. loss =  0.0 D.
 Elastic phase shift   1 =    0.000   0.000 deg. for the L =   31, J =   31.5 channel.
      31.5  0.99999999  0.00000001i: elastic S-matrix  @@      0.00  0   0 F  0
 Reaction Xsec    31.5-/31 @ 1 =   0.016/, Out:   0.000#   0.016/   0.000f


 Total SPIN, PARITY =    32.5 +,      6 chs,      6 cc.  Rmin & Coul turning =    1.5   26.5
   S-matrix    1 =    1.00000   0.00000 for L=   32, J=   32.5 channel on core I =   0.0 from L=   32,  Acc. loss =  0.0 D.
 Elastic phase shift   1 =    0.000   0.000 deg. for the L =   32, J =   32.5 channel.
      32.5  0.99999999  0.00000001i: elastic S-matrix  @@      0.00  0   0 F  0
 Reaction Xsec    32.5+/32 @ 1 =   0.014/, Out:   0.000#   0.014/   0.000f


 Total SPIN, PARITY =    32.5 -,      6 chs,      6 cc.  Rmin & Coul turning =    1.5   26.5
   S-matrix    1 =    1.00000   0.00000 for L=   33, J=   32.5 channel on core I =   0.0 from L=   33,  Acc. loss =  0.0 D.
 Elastic phase shift   1 =    0.000   0.000 deg. for the L =   33, J =   32.5 channel.
      32.5  0.99999999  0.00000001i: elastic S-matrix  @@      0.00  0   0 F  0
 Reaction Xsec    32.5-/33 @ 1 =   0.012/, Out:   0.000#   0.012/   0.000f


 Total SPIN, PARITY =    33.5 +,      6 chs,      6 cc.  Rmin & Coul turning =    1.6   27.3
   S-matrix    1 =    1.00000   0.00000 for L=   34, J=   33.5 channel on core I =   0.0 from L=   34,  Acc. loss =  0.0 D.
 Elastic phase shift   1 =    0.000   0.000 deg. for the L =   34, J =   33.5 channel.
      33.5  0.99999999  0.00000001i: elastic S-matrix  @@      0.00  0   0 F  0
 Reaction Xsec    33.5+/34 @ 1 =   0.010/, Out:   0.000#   0.010/   0.000f


 Total SPIN, PARITY =    33.5 -,      6 chs,      6 cc.  Rmin & Coul turning =    1.6   27.3
   S-matrix    1 =    1.00000   0.00000 for L=   33, J=   33.5 channel on core I =   0.0 from L=   33,  Acc. loss =  0.0 D.
 Elastic phase shift   1 =    0.000   0.000 deg. for the L =   33, J =   33.5 channel.
      33.5  0.99999999  0.00000001i: elastic S-matrix  @@      0.00  0   0 F  0
 Reaction Xsec    33.5-/33 @ 1 =   0.012/, Out:   0.000#   0.012/   0.000f


 Total SPIN, PARITY =    34.5 +,      6 chs,      6 cc.  Rmin & Coul turning =    1.6   28.1
   S-matrix    1 =    1.00000   0.00000 for L=   34, J=   34.5 channel on core I =   0.0 from L=   34,  Acc. loss =  0.0 D.
 Elastic phase shift   1 =    0.000   0.000 deg. for the L =   34, J =   34.5 channel.
      34.5  0.99999999  0.00000001i: elastic S-matrix  @@      0.00  0   0 F  0
 Reaction Xsec    34.5+/34 @ 1 =   0.011/, Out:   0.000#   0.011/   0.000f


 Total SPIN, PARITY =    34.5 -,      6 chs,      6 cc.  Rmin & Coul turning =    1.6   28.1
   S-matrix    1 =    1.00000   0.00000 for L=   35, J=   34.5 channel on core I =   0.0 from L=   35,  Acc. loss =  0.0 D.
 Elastic phase shift   1 =    0.000   0.000 deg. for the L =   35, J =   34.5 channel.
      34.5  0.99999999  0.00000001i: elastic S-matrix  @@      0.00  0   0 F  0
 Reaction Xsec    34.5-/35 @ 1 =   9.026#, Out:   0.000#   9.026#   0.000f


 Total SPIN, PARITY =    35.5 +,      6 chs,      6 cc.  Rmin & Coul turning =    1.7   28.9
   S-matrix    1 =    1.00000   0.00000 for L=   36, J=   35.5 channel on core I =   0.0 from L=   36,  Acc. loss =  0.0 D.
 Elastic phase shift   1 =    0.000   0.000 deg. for the L =   36, J =   35.5 channel.
      35.5  0.99999999  0.00000001i: elastic S-matrix  @@      0.00  0   0 F  0
 Reaction Xsec    35.5+/36 @ 1 =   7.926#, Out:   0.000#   7.926#   0.000f


 Total SPIN, PARITY =    35.5 -,      6 chs,      6 cc.  Rmin & Coul turning =    1.7   28.9
   S-matrix    1 =    1.00000   0.00000 for L=   35, J=   35.5 channel on core I =   0.0 from L=   35,  Acc. loss =  0.0 D.
 Elastic phase shift   1 =    0.000   0.000 deg. for the L =   35, J =   35.5 channel.
      35.5  0.99999999  0.00000001i: elastic S-matrix  @@      0.00  0   0 F  0
 Reaction Xsec    35.5-/35 @ 1 =   9.284#, Out:   0.000#   9.283#   0.000f


 Total SPIN, PARITY =    36.5 +,      6 chs,      6 cc.  Rmin & Coul turning =    1.7   29.7
   S-matrix    1 =    1.00000   0.00000 for L=   36, J=   36.5 channel on core I =   0.0 from L=   36,  Acc. loss =  0.0 D.
 Elastic phase shift   1 =    0.000   0.000 deg. for the L =   36, J =   36.5 channel.
      36.5  0.99999999  0.00000001i: elastic S-matrix  @@      0.00  0   0 F  0
 Reaction Xsec    36.5+/36 @ 1 =   8.146#, Out:   0.000#   8.146#   0.000f


 Total SPIN, PARITY =    36.5 -,      6 chs,      6 cc.  Rmin & Coul turning =    1.7   29.7
   S-matrix    1 =    1.00000   0.00000 for L=   37, J=   36.5 channel on core I =   0.0 from L=   37,  Acc. loss =  0.0 D.
 Elastic phase shift   1 =    0.000   0.000 deg. for the L =   37, J =   36.5 channel.
      36.5  1.00000000  0.00000001i: elastic S-matrix  @@      0.00  0   0 F  0
 Reaction Xsec    36.5-/37 @ 1 =   7.028#, Out:   0.000#   7.028#   0.000f


 Total SPIN, PARITY =    37.5 +,      6 chs,      6 cc.  Rmin & Coul turning =    1.8   30.5
   S-matrix    1 =    1.00000   0.00000 for L=   38, J=   37.5 channel on core I =   0.0 from L=   38,  Acc. loss =  0.0 D.
 Elastic phase shift   1 =    0.000   0.000 deg. for the L =   38, J =   37.5 channel.
      37.5  1.00000000  0.00000001i: elastic S-matrix  @@      0.00  0   0 F  0
 Reaction Xsec    37.5+/38 @ 1 =   6.124#, Out:   0.000#   6.124#   0.000f


 Total SPIN, PARITY =    37.5 -,      6 chs,      6 cc.  Rmin & Coul turning =    1.8   30.5
   S-matrix    1 =    1.00000   0.00000 for L=   37, J=   37.5 channel on core I =   0.0 from L=   37,  Acc. loss =  0.0 D.
 Elastic phase shift   1 =    0.000   0.000 deg. for the L =   37, J =   37.5 channel.
      37.5  1.00000000  0.00000001i: elastic S-matrix  @@      0.00  0   0 F  0
 Reaction Xsec    37.5-/37 @ 1 =   7.218#, Out:   0.000#   7.218#   0.000f


 Total SPIN, PARITY =    38.5 +,      6 chs,      6 cc.  Rmin & Coul turning =    1.8   31.3
   S-matrix    1 =    1.00000   0.00000 for L=   38, J=   38.5 channel on core I =   0.0 from L=   38,  Acc. loss =  0.0 D.
 Elastic phase shift   1 =    0.000   0.000 deg. for the L =   38, J =   38.5 channel.
      38.5  1.00000000  0.00000001i: elastic S-matrix  @@      0.00  0   0 F  0
 Reaction Xsec    38.5+/38 @ 1 =   6.286#, Out:   0.000#   6.285#   0.000f


 Total SPIN, PARITY =    38.5 -,      6 chs,      6 cc.  Rmin & Coul turning =    1.8   31.3
   S-matrix    1 =    1.00000   0.00000 for L=   39, J=   38.5 channel on core I =   0.0 from L=   39,  Acc. loss =  0.0 D.
 Elastic phase shift   1 =    0.000   0.000 deg. for the L =   39, J =   38.5 channel.
      38.5  1.00000000  0.00000001i: elastic S-matrix  @@      0.00  0   0 F  0
 Reaction Xsec    38.5-/39 @ 1 =   5.402#, Out:   0.000#   5.401#   0.000f


 Total SPIN, PARITY =    39.5 +,      6 chs,      6 cc.  Rmin & Coul turning =    1.9   32.1
   S-matrix    1 =    1.00000   0.00000 for L=   40, J=   39.5 channel on core I =   0.0 from L=   40,  Acc. loss =  0.0 D.
 Elastic phase shift   1 =    0.000   0.000 deg. for the L =   40, J =   39.5 channel.
      39.5  1.00000000  0.00000001i: elastic S-matrix  @@      0.00  0   0 F  0
 Reaction Xsec    39.5+/40 @ 1 =   4.839#, Out:   0.000#   4.839#   0.000f


 Total SPIN, PARITY =    39.5 -,      6 chs,      6 cc.  Rmin & Coul turning =    1.9   32.1
   S-matrix    1 =    1.00000   0.00000 for L=   39, J=   39.5 channel on core I =   0.0 from L=   39,  Acc. loss =  0.0 D.
 Elastic phase shift   1 =    0.000   0.000 deg. for the L =   39, J =   39.5 channel.
      39.5  1.00000000  0.00000001i: elastic S-matrix  @@      0.00  0   0 F  0
 Reaction Xsec    39.5-/39 @ 1 =   5.540#, Out:   0.000#   5.540#   0.000f


 Total SPIN, PARITY =    40.5 +,      6 chs,      6 cc.  Rmin & Coul turning =    1.9   32.9
   S-matrix    1 =    1.00000   0.00000 for L=   40, J=   40.5 channel on core I =   0.0 from L=   40,  Acc. loss =  0.0 D.
 Elastic phase shift   1 =    0.000   0.000 deg. for the L =   40, J =   40.5 channel.
      40.5  1.00000000  0.00000001i: elastic S-matrix  @@      0.00  0   0 F  0
 Reaction Xsec    40.5+/40 @ 1 =   4.960#, Out:   0.000#   4.960#   0.000f


 Total SPIN, PARITY =    40.5 -,      6 chs,      6 cc.  Rmin & Coul turning =    1.9   32.9
   S-matrix    1 =    1.00000   0.00000 for L=   41, J=   40.5 channel on core I =   0.0 from L=   41,  Acc. loss =  0.0 D.
 Elastic phase shift   1 =    0.000   0.000 deg. for the L =   41, J =   40.5 channel.
      40.5  1.00000000  0.00000000i: elastic S-matrix  @@      0.00  0   0 F  0
 Reaction Xsec    40.5-/41 @ 1 =   4.238#, Out:   0.000#   4.237#   0.000f


 Total SPIN, PARITY =    41.5 +,      6 chs,      6 cc.  Rmin & Coul turning =    1.9   33.7
   S-matrix    1 =    1.00000   0.00000 for L=   42, J=   41.5 channel on core I =   0.0 from L=   42,  Acc. loss =  0.0 D.
 Elastic phase shift   1 =    0.000   0.000 deg. for the L =   42, J =   41.5 channel.
      41.5  1.00000000  0.00000000i: elastic S-matrix  @@      0.00  0   0 F  0
 Reaction Xsec    41.5+/42 @ 1 =   3.733#, Out:   0.000#   3.733#   0.000f


 Total SPIN, PARITY =    41.5 -,      6 chs,      6 cc.  Rmin & Coul turning =    1.9   33.7
   S-matrix    1 =    1.00000   0.00000 for L=   41, J=   41.5 channel on core I =   0.0 from L=   41,  Acc. loss =  0.0 D.
 Elastic phase shift   1 =    0.000   0.000 deg. for the L =   41, J =   41.5 channel.
      41.5  1.00000000  0.00000000i: elastic S-matrix  @@      0.00  0   0 F  0
 Reaction Xsec    41.5-/41 @ 1 =   4.341#, Out:   0.000#   4.340#   0.000f


 Total SPIN, PARITY =    42.5 +,      6 chs,      6 cc.  Rmin & Coul turning =    2.0   34.5
   S-matrix    1 =    1.00000   0.00000 for L=   42, J=   42.5 channel on core I =   0.0 from L=   42,  Acc. loss =  0.0 D.
 Elastic phase shift   1 =    0.000   0.000 deg. for the L =   42, J =   42.5 channel.
      42.5  1.00000000  0.00000000i: elastic S-matrix  @@      0.00  0   0 F  0
 Reaction Xsec    42.5+/42 @ 1 =   3.822#, Out:   0.000#   3.822#   0.000f


 Total SPIN, PARITY =    42.5 -,      6 chs,      6 cc.  Rmin & Coul turning =    2.0   34.5
   S-matrix    1 =    1.00000   0.00000 for L=   43, J=   42.5 channel on core I =   0.0 from L=   43,  Acc. loss =  0.0 D.
 Elastic phase shift   1 =    0.000   0.000 deg. for the L =   43, J =   42.5 channel.
      42.5  1.00000000  0.00000000i: elastic S-matrix  @@      0.00  0   0 F  0
 Reaction Xsec    42.5-/43 @ 1 =   3.386#, Out:   0.000#   3.385#   0.000f


 Total SPIN, PARITY =    43.5 +,      6 chs,      6 cc.  Rmin & Coul turning =    2.0   35.4
   S-matrix    1 =    1.00000   0.00000 for L=   44, J=   43.5 channel on core I =   0.0 from L=   44,  Acc. loss =  0.0 D.
 Elastic phase shift   1 =    0.000   0.000 deg. for the L =   44, J =   43.5 channel.
      43.5  1.00000000  0.00000000i: elastic S-matrix  @@      0.00  0   0 F  0
 Reaction Xsec    43.5+/44 @ 1 =   3.006#, Out:   0.000#   3.006#   0.000f


 Total SPIN, PARITY =    43.5 -,      6 chs,      6 cc.  Rmin & Coul turning =    2.0   35.4
   S-matrix    1 =    1.00000   0.00000 for L=   43, J=   43.5 channel on core I =   0.0 from L=   43,  Acc. loss =  0.0 D.
 Elastic phase shift   1 =    0.000   0.000 deg. for the L =   43, J =   43.5 channel.
      43.5  1.00000000  0.00000000i: elastic S-matrix  @@      0.00  0   0 F  0
 Reaction Xsec    43.5-/43 @ 1 =   3.464#, Out:   0.000#   3.464#   0.000f


 Total SPIN, PARITY =    44.5 +,      6 chs,      6 cc.  Rmin & Coul turning =    2.1   36.2
   S-matrix    1 =    1.00000   0.00000 for L=   44, J=   44.5 channel on core I =   0.0 from L=   44,  Acc. loss =  0.0 D.
 Elastic phase shift   1 =    0.000   0.000 deg. for the L =   44, J =   44.5 channel.
      44.5  1.00000000  0.00000000i: elastic S-matrix  @@      0.00  0   0 F  0
 Reaction Xsec    44.5+/44 @ 1 =   3.074#, Out:   0.000#   3.074#   0.000f


 Total SPIN, PARITY =    44.5 -,      6 chs,      6 cc.  Rmin & Coul turning =    2.1   36.2
   S-matrix    1 =    1.00000   0.00000 for L=   45, J=   44.5 channel on core I =   0.0 from L=   45,  Acc. loss =  0.0 D.
 Elastic phase shift   1 =    0.000   0.000 deg. for the L =   45, J =   44.5 channel.
      44.5  1.00000000  0.00000000i: elastic S-matrix  @@      0.00  0   0 F  0
 Reaction Xsec    44.5-/45 @ 1 =   2.627#, Out:   0.000#   2.627#   0.000f


 Total SPIN, PARITY =    45.5 +,      6 chs,      6 cc.  Rmin & Coul turning =    2.2   37.0
   S-matrix    1 =    1.00000   0.00000 for L=   46, J=   45.5 channel on core I =   0.0 from L=   46,  Acc. loss =  0.0 D.
 Elastic phase shift   1 =    0.000   0.000 deg. for the L =   46, J =   45.5 channel.
      45.5  1.00000000  0.00000000i: elastic S-matrix  @@      0.00  0   0 F  0
 Reaction Xsec    45.5+/46 @ 1 =   2.389#, Out:   0.000#   2.389#   0.000f


 Total SPIN, PARITY =    45.5 -,      6 chs,      6 cc.  Rmin & Coul turning =    2.2   37.0
   S-matrix    1 =    1.00000   0.00000 for L=   45, J=   45.5 channel on core I =   0.0 from L=   45,  Acc. loss =  0.0 D.
 Elastic phase shift   1 =    0.000   0.000 deg. for the L =   45, J =   45.5 channel.
      45.5  1.00000000  0.00000000i: elastic S-matrix  @@      0.00  0   0 F  0
 Reaction Xsec    45.5-/45 @ 1 =   2.686#, Out:   0.000#   2.685#   0.000f


 Total SPIN, PARITY =    46.5 +,      6 chs,      6 cc.  Rmin & Coul turning =    2.2   37.8
   S-matrix    1 =    1.00000   0.00000 for L=   46, J=   46.5 channel on core I =   0.0 from L=   46,  Acc. loss =  0.0 D.
 Elastic phase shift   1 =    0.000   0.000 deg. for the L =   46, J =   46.5 channel.
      46.5  1.00000000  0.00000000i: elastic S-matrix  @@      0.00  0   0 F  0
 Reaction Xsec    46.5+/46 @ 1 =   2.441#, Out:   0.000#   2.441#   0.000f


 Total SPIN, PARITY =    46.5 -,      6 chs,      6 cc.  Rmin & Coul turning =    2.2   37.8
   S-matrix    1 =    1.00000   0.00000 for L=   47, J=   46.5 channel on core I =   0.0 from L=   47,  Acc. loss =  0.0 D.
 Elastic phase shift   1 =    0.000   0.000 deg. for the L =   47, J =   46.5 channel.
      46.5  1.00000000  0.00000000i: elastic S-matrix  @@      0.00  0   0 F  0
 Reaction Xsec    46.5-/47 @ 1 =   2.186#, Out:   0.000#   2.185#   0.000f


 Total SPIN, PARITY =    47.5 +,      6 chs,      6 cc.  Rmin & Coul turning =    2.2   38.6
   S-matrix    1 =    1.00000   0.00000 for L=   48, J=   47.5 channel on core I =   0.0 from L=   48,  Acc. loss =  0.0 D.
 Elastic phase shift   1 =    0.000   0.000 deg. for the L =   48, J =   47.5 channel.
      47.5  1.00000000  0.00000000i: elastic S-matrix  @@      0.00  0   0 F  0
 Reaction Xsec    47.5+/48 @ 1 =   1.915#, Out:   0.000#   1.915#   0.000f


 Total SPIN, PARITY =    47.5 -,      6 chs,      6 cc.  Rmin & Coul turning =    2.2   38.6
   S-matrix    1 =    1.00000   0.00000 for L=   47, J=   47.5 channel on core I =   0.0 from L=   47,  Acc. loss =  0.0 D.
 Elastic phase shift   1 =    0.000   0.000 deg. for the L =   47, J =   47.5 channel.
      47.5  1.00000000  0.00000000i: elastic S-matrix  @@      0.00  0   0 F  0
 Reaction Xsec    47.5-/47 @ 1 =   2.232#, Out:   0.000#   2.232#   0.000f


 Total SPIN, PARITY =    48.5 +,      6 chs,      6 cc.  Rmin & Coul turning =    2.3   39.4
   S-matrix    1 =    1.00000   0.00000 for L=   48, J=   48.5 channel on core I =   0.0 from L=   48,  Acc. loss =  0.0 D.
 Elastic phase shift   1 =    0.000   0.000 deg. for the L =   48, J =   48.5 channel.
      48.5  1.00000000  0.00000000i: elastic S-matrix  @@      0.00  0   0 F  0
 Reaction Xsec    48.5+/48 @ 1 =   1.955#, Out:   0.000#   1.955#   0.000f


 Total SPIN, PARITY =    48.5 -,      6 chs,      6 cc.  Rmin & Coul turning =    2.3   39.4
   S-matrix    1 =    1.00000   0.00000 for L=   49, J=   48.5 channel on core I =   0.0 from L=   49,  Acc. loss =  0.0 D.
 Elastic phase shift   1 =    0.000   0.000 deg. for the L =   49, J =   48.5 channel.
      48.5  1.00000000  0.00000000i: elastic S-matrix  @@      0.00  0   0 F  0
 Reaction Xsec    48.5-/49 @ 1 =   1.696#, Out:   0.000#   1.696#   0.000f


 Total SPIN, PARITY =    49.5 +,      6 chs,      6 cc.  Rmin & Coul turning =    2.3   40.2
   S-matrix    1 =    1.00000   0.00000 for L=   50, J=   49.5 channel on core I =   0.0 from L=   50,  Acc. loss =  0.0 D.
 Elastic phase shift   1 =    0.000   0.000 deg. for the L =   50, J =   49.5 channel.
      49.5  1.00000000  0.00000000i: elastic S-matrix  @@      0.00  0   0 F  0
 Reaction Xsec    49.5+/50 @ 1 =   1.585#, Out:   0.000#   1.584#   0.000f


 Total SPIN, PARITY =    49.5 -,      6 chs,      6 cc.  Rmin & Coul turning =    2.3   40.2
   S-matrix    1 =    1.00000   0.00000 for L=   49, J=   49.5 channel on core I =   0.0 from L=   49,  Acc. loss =  0.0 D.
 Elastic phase shift   1 =    0.000   0.000 deg. for the L =   49, J =   49.5 channel.
      49.5  1.00000000  0.00000000i: elastic S-matrix  @@      0.00  0   0 F  0
 Reaction Xsec    49.5-/49 @ 1 =   1.731#, Out:   0.000#   1.731#   0.000f


 Total SPIN, PARITY =    50.5 +,      6 chs,      6 cc.  Rmin & Coul turning =    2.4   41.0
   S-matrix    1 =    1.00000   0.00000 for L=   50, J=   50.5 channel on core I =   0.0 from L=   50,  Acc. loss =  0.0 D.
 Elastic phase shift   1 =    0.000   0.000 deg. for the L =   50, J =   50.5 channel.
      50.5  1.00000000  0.00000000i: elastic S-matrix  @@      0.00  0   0 F  0
 Reaction Xsec    50.5+/50 @ 1 =   1.616#, Out:   0.000#   1.616#   0.000f


 Total SPIN, PARITY =    50.5 -,      6 chs,      6 cc.  Rmin & Coul turning =    2.4   41.0
   S-matrix    1 =    1.00000   0.00000 for L=   51, J=   50.5 channel on core I =   0.0 from L=   51,  Acc. loss =  0.0 D.
 Elastic phase shift   1 =    0.000   0.000 deg. for the L =   51, J =   50.5 channel.
      50.5  1.00000000  0.00000000i: elastic S-matrix  @@      0.00  0   0 F  0
 Reaction Xsec    50.5-/51 @ 1 =   1.457#, Out:   0.000#   1.457#   0.000f

 Finished all CC sets @   0.340119988    
0CUMULATIVE REACTION cross section                 =  793.91799  <L> =     4.13  <L**2> =     20.5
0CUMULATIVE outgoing cross sections in partition 1 :    0.00000   25.84497
0Cumulative ABSORBTION by Imaginary Potentials     =  768.07302  <L> =     4.14  <L**2> =     20.5
   Fusion for specific p        M-states :  768.073018  768.073018
0CUMULATIVE OUTGOING cross section                 =   25.84497
 To convert to S-factors (MeV.mb = keV.b),  multiply by  1.2763E+02


 CROSS SECTIONS FOR OUTGOING p        & O20      in state #   1 with spins & parities 0.5  + &  0.0  +;  0

     0.01 deg.: X-S =   1.2880E+15 mb/sr,
+                                         /R =   1.0000E+00
     1.00 deg.: X-S =   1.2504E+07 mb/sr,
+                                         /R =   9.7079E-01
     2.00 deg.: X-S =   7.2415E+05 mb/sr,
+                                         /R =   8.9937E-01
     3.00 deg.: X-S =   1.2920E+05 mb/sr,
+                                         /R =   8.1211E-01
     4.00 deg.: X-S =   3.6970E+04 mb/sr,
+                                         /R =   7.3420E-01
     5.00 deg.: X-S =   1.4262E+04 mb/sr,
+                                         /R =   6.9118E-01
     6.00 deg.: X-S =  7053.074386 mb/sr,
+                                         /R =   7.0839E-01
     7.00 deg.: X-S =  4353.827048 mb/sr,
+                                         /R =   8.0959E-01
     8.00 deg.: X-S =  3203.179928 mb/sr,
+                                         /R =   1.0153E+00
     9.00 deg.: X-S =  2644.087375 mb/sr,
+                                         /R =   1.3413E+00
    10.00 deg.: X-S =  2326.336806 mb/sr,
+                                         /R =   1.7970E+00
    11.00 deg.: X-S =  2110.442537 mb/sr,
+                                         /R =   2.3843E+00
    12.00 deg.: X-S =  1937.854314 mb/sr,
+                                         /R =   3.0971E+00
    13.00 deg.: X-S =  1783.522734 mb/sr,
+                                         /R =   3.9211E+00
    14.00 deg.: X-S =  1637.029874 mb/sr,
+                                         /R =   4.8342E+00
    15.00 deg.: X-S =  1494.562708 mb/sr,
+                                         /R =   5.8076E+00
    16.00 deg.: X-S =  1355.311641 mb/sr,
+                                         /R =   6.8069E+00
    17.00 deg.: X-S =  1219.785476 mb/sr,
+                                         /R =   7.7944E+00
    18.00 deg.: X-S =  1088.998461 mb/sr,
+                                         /R =   8.7307E+00
    19.00 deg.: X-S =   964.071308 mb/sr,
+                                         /R =   9.5772E+00
    20.00 deg.: X-S =   846.036156 mb/sr,
+                                         /R =   1.0298E+01
    21.00 deg.: X-S =   735.745446 mb/sr,
+                                         /R =   1.0863E+01
    22.00 deg.: X-S =   633.835432 mb/sr,
+                                         /R =   1.1248E+01
    23.00 deg.: X-S =   540.719240 mb/sr,
+                                         /R =   1.1436E+01
    24.00 deg.: X-S =   456.596251 mb/sr,
+                                         /R =   1.1422E+01
    25.00 deg.: X-S =   381.470560 mb/sr,
+                                         /R =   1.1207E+01
    26.00 deg.: X-S =   315.174363 mb/sr,
+                                         /R =   1.0804E+01
    27.00 deg.: X-S =   257.393707 mb/sr,
+                                         /R =   1.0234E+01
    28.00 deg.: X-S =   207.694993 mb/sr,
+                                         /R =   9.5240E+00
    29.00 deg.: X-S =   165.551091 mb/sr,
+                                         /R =   8.7101E+00
    30.00 deg.: X-S =   130.366285 mb/sr,
+                                         /R =   7.8315E+00
    31.00 deg.: X-S =   101.499463 mb/sr,
+                                         /R =   6.9303E+00
    32.00 deg.: X-S =    78.285152 mb/sr,
+                                         /R =   6.0496E+00
    33.00 deg.: X-S =    60.052129 mb/sr,
+                                         /R =   5.2310E+00
    34.00 deg.: X-S =    46.139450 mb/sr,
+                                         /R =   4.5134E+00
    35.00 deg.: X-S =    35.909852 mb/sr,
+                                         /R =   3.9307E+00
    36.00 deg.: X-S =    28.760542 mb/sr,
+                                         /R =   3.5109E+00
    37.00 deg.: X-S =    24.131483 mb/sr,
+                                         /R =   3.2748E+00
    38.00 deg.: X-S =    21.511336 mb/sr,
+                                         /R =   3.2354E+00
    39.00 deg.: X-S =    20.441246 mb/sr,
+                                         /R =   3.3977E+00
    40.00 deg.: X-S =    20.516711 mb/sr,
+                                         /R =   3.7584E+00
    41.00 deg.: X-S =    21.387782 mb/sr,
+                                         /R =   4.3068E+00
    42.00 deg.: X-S =    22.757864 mb/sr,
+                                         /R =   5.0250E+00
    43.00 deg.: X-S =    24.381347 mb/sr,
+                                         /R =   5.8891E+00
    44.00 deg.: X-S =    26.060360 mb/sr,
+                                         /R =   6.8703E+00
    45.00 deg.: X-S =    27.640836 mb/sr,
+                                         /R =   7.9360E+00
    46.00 deg.: X-S =    29.008147 mb/sr,
+                                         /R =   9.0516E+00
    47.00 deg.: X-S =    30.082474 mb/sr,
+                                         /R =   1.0181E+01
    48.00 deg.: X-S =    30.814086 mb/sr,
+                                         /R =   1.1290E+01
    49.00 deg.: X-S =    31.178683 mb/sr,
+                                         /R =   1.2344E+01
    50.00 deg.: X-S =    31.172902 mb/sr,
+                                         /R =   1.3313E+01
    51.00 deg.: X-S =    30.810093 mb/sr,
+                                         /R =   1.4168E+01
    52.00 deg.: X-S =    30.116422 mb/sr,
+                                         /R =   1.4889E+01
    53.00 deg.: X-S =    29.127359 mb/sr,
+                                         /R =   1.5456E+01
    54.00 deg.: X-S =    27.884568 mb/sr,
+                                         /R =   1.5858E+01
    55.00 deg.: X-S =    26.433225 mb/sr,
+                                         /R =   1.6087E+01
    56.00 deg.: X-S =    24.819747 mb/sr,
+                                         /R =   1.6141E+01
    57.00 deg.: X-S =    23.089930 mb/sr,
+                                         /R =   1.6024E+01
    58.00 deg.: X-S =    21.287468 mb/sr,
+                                         /R =   1.5743E+01
    59.00 deg.: X-S =    19.452824 mb/sr,
+                                         /R =   1.5312E+01
    60.00 deg.: X-S =    17.622421 mb/sr,
+                                         /R =   1.4745E+01
    61.00 deg.: X-S =    15.828116 mb/sr,
+                                         /R =   1.4060E+01
    62.00 deg.: X-S =    14.096916 mb/sr,
+                                         /R =   1.3279E+01
    63.00 deg.: X-S =    12.450904 mb/sr,
+                                         /R =   1.2423E+01
    64.00 deg.: X-S =    10.907331 mb/sr,
+                                         /R =   1.1515E+01
    65.00 deg.: X-S =     9.478845 mb/sr,
+                                         /R =   1.0576E+01
    66.00 deg.: X-S =     8.173821 mb/sr,
+                                         /R =   9.6284E+00
    67.00 deg.: X-S =     6.996766 mb/sr,
+                                         /R =   8.6926E+00
    68.00 deg.: X-S =     5.948773 mb/sr,
+                                         /R =   7.7869E+00
    69.00 deg.: X-S =     5.027993 mb/sr,
+                                         /R =   6.9279E+00
    70.00 deg.: X-S =     4.230123 mb/sr,
+                                         /R =   6.1293E+00
    71.00 deg.: X-S =     3.548879 mb/sr,
+                                         /R =   5.4026E+00
    72.00 deg.: X-S =     2.976449 mb/sr,
+                                         /R =   4.7563E+00
    73.00 deg.: X-S =     2.503914 mb/sr,
+                                         /R =   4.1963E+00
    74.00 deg.: X-S =     2.121635 mb/sr,
+                                         /R =   3.7258E+00
    75.00 deg.: X-S =     1.819589 mb/sr,
+                                         /R =   3.3454E+00
    76.00 deg.: X-S =     1.587673 mb/sr,
+                                         /R =   3.0537E+00
    77.00 deg.: X-S =     1.415949 mb/sr,
+                                         /R =   2.8467E+00
    78.00 deg.: X-S =     1.294855 mb/sr,
+                                         /R =   2.7189E+00
    79.00 deg.: X-S =     1.215371 mb/sr,
+                                         /R =   2.6634E+00
    80.00 deg.: X-S =     1.169137 mb/sr,
+                                         /R =   2.6719E+00
    81.00 deg.: X-S =     1.148545 mb/sr,
+                                         /R =   2.7354E+00
    82.00 deg.: X-S =     1.146794 mb/sr,
+                                         /R =   2.8441E+00
    83.00 deg.: X-S =     1.157915 mb/sr,
+                                         /R =   2.9883E+00
    84.00 deg.: X-S =     1.176770 mb/sr,
+                                         /R =   3.1581E+00
    85.00 deg.: X-S =     1.199036 mb/sr,
+                                         /R =   3.3439E+00
    86.00 deg.: X-S =     1.221169 mb/sr,
+                                         /R =   3.5367E+00
    87.00 deg.: X-S =     1.240353 mb/sr,
+                                         /R =   3.7281E+00
    88.00 deg.: X-S =     1.254442 mb/sr,
+                                         /R =   3.9105E+00
    89.00 deg.: X-S =     1.261897 mb/sr,
+                                         /R =   4.0772E+00
    90.00 deg.: X-S =     1.261714 mb/sr,
+                                         /R =   4.2227E+00
    91.00 deg.: X-S =     1.253358 mb/sr,
+                                         /R =   4.3425E+00
    92.00 deg.: X-S =     1.236688 mb/sr,
+                                         /R =   4.4329E+00
    93.00 deg.: X-S =     1.211894 mb/sr,
+                                         /R =   4.4916E+00
    94.00 deg.: X-S =     1.179432 mb/sr,
+                                         /R =   4.5173E+00
    95.00 deg.: X-S =     1.139962 mb/sr,
+                                         /R =   4.5093E+00
    96.00 deg.: X-S =     1.094297 mb/sr,
+                                         /R =   4.4681E+00
    97.00 deg.: X-S =     1.043349 mb/sr,
+                                         /R =   4.3949E+00
    98.00 deg.: X-S =     0.988094 mb/sr,
+                                         /R =   4.2915E+00
    99.00 deg.: X-S =     0.929526 mb/sr,
+                                         /R =   4.1604E+00
   100.00 deg.: X-S =     0.868631 mb/sr,
+                                         /R =   4.0045E+00
   101.00 deg.: X-S =     0.806362 mb/sr,
+                                         /R =   3.8269E+00
   102.00 deg.: X-S =     0.743614 mb/sr,
+                                         /R =   3.6312E+00
   103.00 deg.: X-S =     0.681213 mb/sr,
+                                         /R =   3.4210E+00
   104.00 deg.: X-S =     0.619901 mb/sr,
+                                         /R =   3.1999E+00
   105.00 deg.: X-S =     0.560331 mb/sr,
+                                         /R =   2.9717E+00
   106.00 deg.: X-S =     0.503064 mb/sr,
+                                         /R =   2.7397E+00
   107.00 deg.: X-S =     0.448565 mb/sr,
+                                         /R =   2.5075E+00
   108.00 deg.: X-S =     0.397207 mb/sr,
+                                         /R =   2.2779E+00
   109.00 deg.: X-S =     0.349274 mb/sr,
+                                         /R =   2.0540E+00
   110.00 deg.: X-S =     0.304965 mb/sr,
+                                         /R =   1.8382E+00
   111.00 deg.: X-S =     0.264403 mb/sr,
+                                         /R =   1.6328E+00
   112.00 deg.: X-S =     0.227638 mb/sr,
+                                         /R =   1.4396E+00
   113.00 deg.: X-S =     0.194660 mb/sr,
+                                         /R =   1.2601E+00
   114.00 deg.: X-S =     0.165400 mb/sr,
+                                         /R =   1.0955E+00
   115.00 deg.: X-S =     0.139747 mb/sr,
+                                         /R =   9.4656E-01
   116.00 deg.: X-S =     0.117546 mb/sr,
+                                         /R =   8.1392E-01
   117.00 deg.: X-S =     0.098612 mb/sr,
+                                         /R =   6.9773E-01
   118.00 deg.: X-S =     0.082737 mb/sr,
+                                         /R =   5.9794E-01
   119.00 deg.: X-S =     0.069692 mb/sr,
+                                         /R =   5.1423E-01
   120.00 deg.: X-S =     0.059237 mb/sr,
+                                         /R =   4.4608E-01
   121.00 deg.: X-S =     0.051124 mb/sr,
+                                         /R =   3.9274E-01
   122.00 deg.: X-S =     0.045103 mb/sr,
+                                         /R =   3.5333E-01
   123.00 deg.: X-S =     0.040926 mb/sr,
+                                         /R =   3.2681E-01
   124.00 deg.: X-S =     0.038350 mb/sr,
+                                         /R =   3.1203E-01
   125.00 deg.: X-S =     0.037139 mb/sr,
+                                         /R =   3.0778E-01
   126.00 deg.: X-S =     0.037068 mb/sr,
+                                         /R =   3.1276E-01
   127.00 deg.: X-S =     0.037924 mb/sr,
+                                         /R =   3.2567E-01
   128.00 deg.: X-S =     0.039509 mb/sr,
+                                         /R =   3.4517E-01
   129.00 deg.: X-S =     0.041638 mb/sr,
+                                         /R =   3.6994E-01
   130.00 deg.: X-S =     0.044143 mb/sr,
+                                         /R =   3.9871E-01
   131.00 deg.: X-S =     0.046870 mb/sr,
+                                         /R =   4.3020E-01
   132.00 deg.: X-S =     0.049683 mb/sr,
+                                         /R =   4.6325E-01
   133.00 deg.: X-S =     0.052461 mb/sr,
+                                         /R =   4.9673E-01
   134.00 deg.: X-S =     0.055100 mb/sr,
+                                         /R =   5.2960E-01
   135.00 deg.: X-S =     0.057511 mb/sr,
+                                         /R =   5.6092E-01
   136.00 deg.: X-S =     0.059620 mb/sr,
+                                         /R =   5.8986E-01
   137.00 deg.: X-S =     0.061368 mb/sr,
+                                         /R =   6.1566E-01
   138.00 deg.: X-S =     0.062709 mb/sr,
+                                         /R =   6.3772E-01
   139.00 deg.: X-S =     0.063612 mb/sr,
+                                         /R =   6.5551E-01
   140.00 deg.: X-S =     0.064057 mb/sr,
+                                         /R =   6.6866E-01
   141.00 deg.: X-S =     0.064037 mb/sr,
+                                         /R =   6.7687E-01
   142.00 deg.: X-S =     0.063554 mb/sr,
+                                         /R =   6.8000E-01
   143.00 deg.: X-S =     0.062620 mb/sr,
+                                         /R =   6.7801E-01
   144.00 deg.: X-S =     0.061259 mb/sr,
+                                         /R =   6.7095E-01
   145.00 deg.: X-S =     0.059499 mb/sr,
+                                         /R =   6.5899E-01
   146.00 deg.: X-S =     0.057376 mb/sr,
+                                         /R =   6.4241E-01
   147.00 deg.: X-S =     0.054934 mb/sr,
+                                         /R =   6.2155E-01
   148.00 deg.: X-S =     0.052217 mb/sr,
+                                         /R =   5.9686E-01
   149.00 deg.: X-S =     0.049277 mb/sr,
+                                         /R =   5.6883E-01
   150.00 deg.: X-S =     0.046166 mb/sr,
+                                         /R =   5.3801E-01
   151.00 deg.: X-S =     0.042938 mb/sr,
+                                         /R =   5.0501E-01
   152.00 deg.: X-S =     0.039646 mb/sr,
+                                         /R =   4.7045E-01
   153.00 deg.: X-S =     0.036344 mb/sr,
+                                         /R =   4.3496E-01
   154.00 deg.: X-S =     0.033083 mb/sr,
+                                         /R =   3.9920E-01
   155.00 deg.: X-S =     0.029910 mb/sr,
+                                         /R =   3.6377E-01
   156.00 deg.: X-S =     0.026869 mb/sr,
+                                         /R =   3.2928E-01
   157.00 deg.: X-S =     0.024002 mb/sr,
+                                         /R =   2.9628E-01
   158.00 deg.: X-S =     0.021340 mb/sr,
+                                         /R =   2.6526E-01
   159.00 deg.: X-S =     0.018914 mb/sr,
+                                         /R =   2.3667E-01
   160.00 deg.: X-S =     0.016745 mb/sr,
+                                         /R =   2.1085E-01
   161.00 deg.: X-S =     0.014849 mb/sr,
+                                         /R =   1.8810E-01
   162.00 deg.: X-S =     0.013234 mb/sr,
+                                         /R =   1.6860E-01
   163.00 deg.: X-S =     0.011904 mb/sr,
+                                         /R =   1.5247E-01
   164.00 deg.: X-S =     0.010853 mb/sr,
+                                         /R =   1.3972E-01
   165.00 deg.: X-S =     0.010071 mb/sr,
+                                         /R =   1.3027E-01
   166.00 deg.: X-S =     0.009543 mb/sr,
+                                         /R =   1.2399E-01
   167.00 deg.: X-S =     0.009248 mb/sr,
+                                         /R =   1.2065E-01
   168.00 deg.: X-S =     0.009159 mb/sr,
+                                         /R =   1.1994E-01
   169.00 deg.: X-S =     0.009248 mb/sr,
+                                         /R =   1.2154E-01
   170.00 deg.: X-S =     0.009483 mb/sr,
+                                         /R =   1.2503E-01
   171.00 deg.: X-S =     0.009831 mb/sr,
+                                         /R =   1.2999E-01
   172.00 deg.: X-S =     0.010258 mb/sr,
+                                         /R =   1.3599E-01
   173.00 deg.: X-S =     0.010730 mb/sr,
+                                         /R =   1.4258E-01
   174.00 deg.: X-S =     0.011215 mb/sr,
+                                         /R =   1.4932E-01
   175.00 deg.: X-S =     0.011682 mb/sr,
+                                         /R =   1.5580E-01
   176.00 deg.: X-S =     0.012105 mb/sr,
+                                         /R =   1.6165E-01
   177.00 deg.: X-S =     0.012459 mb/sr,
+                                         /R =   1.6656E-01
   178.00 deg.: X-S =     0.012726 mb/sr,
+                                         /R =   1.7026E-01
   179.00 deg.: X-S =     0.012892 mb/sr,
+                                         /R =   1.7256E-01
   179.99 deg.: X-S =     0.012948 mb/sr,
+                                         /R =   1.7334E-01
                                           Integrated********** mb, over [   0.000, 180.000] at    35.0000 MeV 

 CROSS SECTIONS FOR OUTGOING p        & O20      in state #   2 with spins & parities 0.5  + &  2.0  +;  0

     0.00 deg.: X-S =    17.170562 mb/sr,
+                                         REAC   2.5845E+01 mb
     1.00 deg.: X-S =    17.230699 mb/sr,
     2.00 deg.: X-S =    17.378797 mb/sr,
     3.00 deg.: X-S =    17.532506 mb/sr,
     4.00 deg.: X-S =    17.595012 mb/sr,
     5.00 deg.: X-S =    17.492982 mb/sr,
     6.00 deg.: X-S =    17.199960 mb/sr,
     7.00 deg.: X-S =    16.738112 mb/sr,
     8.00 deg.: X-S =    16.161796 mb/sr,
     9.00 deg.: X-S =    15.533447 mb/sr,
    10.00 deg.: X-S =    14.903716 mb/sr,
    11.00 deg.: X-S =    14.303376 mb/sr,
    12.00 deg.: X-S =    13.746761 mb/sr,
    13.00 deg.: X-S =    13.240532 mb/sr,
    14.00 deg.: X-S =    12.790874 mb/sr,
    15.00 deg.: X-S =    12.405651 mb/sr,
    16.00 deg.: X-S =    12.092234 mb/sr,
    17.00 deg.: X-S =    11.854013 mb/sr,
    18.00 deg.: X-S =    11.688373 mb/sr,
    19.00 deg.: X-S =    11.587081 mb/sr,
    20.00 deg.: X-S =    11.538158 mb/sr,
    21.00 deg.: X-S =    11.527791 mb/sr,
    22.00 deg.: X-S =    11.541529 mb/sr,
    23.00 deg.: X-S =    11.564882 mb/sr,
    24.00 deg.: X-S =    11.583777 mb/sr,
    25.00 deg.: X-S =    11.585111 mb/sr,
    26.00 deg.: X-S =    11.557257 mb/sr,
    27.00 deg.: X-S =    11.490294 mb/sr,
    28.00 deg.: X-S =    11.375980 mb/sr,
    29.00 deg.: X-S =    11.207781 mb/sr,
    30.00 deg.: X-S =    10.981214 mb/sr,
    31.00 deg.: X-S =    10.694434 mb/sr,
    32.00 deg.: X-S =    10.348639 mb/sr,
    33.00 deg.: X-S =     9.947930 mb/sr,
    34.00 deg.: X-S =     9.498593 mb/sr,
    35.00 deg.: X-S =     9.008171 mb/sr,
    36.00 deg.: X-S =     8.484806 mb/sr,
    37.00 deg.: X-S =     7.937071 mb/sr,
    38.00 deg.: X-S =     7.374103 mb/sr,
    39.00 deg.: X-S =     6.805618 mb/sr,
    40.00 deg.: X-S =     6.241564 mb/sr,
    41.00 deg.: X-S =     5.691487 mb/sr,
    42.00 deg.: X-S =     5.163904 mb/sr,
    43.00 deg.: X-S =     4.665982 mb/sr,
    44.00 deg.: X-S =     4.203549 mb/sr,
    45.00 deg.: X-S =     3.781231 mb/sr,
    46.00 deg.: X-S =     3.402495 mb/sr,
    47.00 deg.: X-S =     3.069545 mb/sr,
    48.00 deg.: X-S =     2.783209 mb/sr,
    49.00 deg.: X-S =     2.542979 mb/sr,
    50.00 deg.: X-S =     2.347231 mb/sr,
    51.00 deg.: X-S =     2.193501 mb/sr,
    52.00 deg.: X-S =     2.078659 mb/sr,
    53.00 deg.: X-S =     1.998928 mb/sr,
    54.00 deg.: X-S =     1.949887 mb/sr,
    55.00 deg.: X-S =     1.926602 mb/sr,
    56.00 deg.: X-S =     1.923939 mb/sr,
    57.00 deg.: X-S =     1.936941 mb/sr,
    58.00 deg.: X-S =     1.961059 mb/sr,
    59.00 deg.: X-S =     1.992160 mb/sr,
    60.00 deg.: X-S =     2.026376 mb/sr,
    61.00 deg.: X-S =     2.060007 mb/sr,
    62.00 deg.: X-S =     2.089599 mb/sr,
    63.00 deg.: X-S =     2.112198 mb/sr,
    64.00 deg.: X-S =     2.125586 mb/sr,
    65.00 deg.: X-S =     2.128342 mb/sr,
    66.00 deg.: X-S =     2.119683 mb/sr,
    67.00 deg.: X-S =     2.099208 mb/sr,
    68.00 deg.: X-S =     2.066738 mb/sr,
    69.00 deg.: X-S =     2.022320 mb/sr,
    70.00 deg.: X-S =     1.966356 mb/sr,
    71.00 deg.: X-S =     1.899702 mb/sr,
    72.00 deg.: X-S =     1.823627 mb/sr,
    73.00 deg.: X-S =     1.739633 mb/sr,
    74.00 deg.: X-S =     1.649258 mb/sr,
    75.00 deg.: X-S =     1.553962 mb/sr,
    76.00 deg.: X-S =     1.455137 mb/sr,
    77.00 deg.: X-S =     1.354181 mb/sr,
    78.00 deg.: X-S =     1.252527 mb/sr,
    79.00 deg.: X-S =     1.151599 mb/sr,
    80.00 deg.: X-S =     1.052713 mb/sr,
    81.00 deg.: X-S =     0.956988 mb/sr,
    82.00 deg.: X-S =     0.865336 mb/sr,
    83.00 deg.: X-S =     0.778494 mb/sr,
    84.00 deg.: X-S =     0.697072 mb/sr,
    85.00 deg.: X-S =     0.621564 mb/sr,
    86.00 deg.: X-S =     0.552325 mb/sr,
    87.00 deg.: X-S =     0.489548 mb/sr,
    88.00 deg.: X-S =     0.433266 mb/sr,
    89.00 deg.: X-S =     0.383383 mb/sr,
    90.00 deg.: X-S =     0.339715 mb/sr,
    91.00 deg.: X-S =     0.302013 mb/sr,
    92.00 deg.: X-S =     0.269956 mb/sr,
    93.00 deg.: X-S =     0.243149 mb/sr,
    94.00 deg.: X-S =     0.221131 mb/sr,
    95.00 deg.: X-S =     0.203408 mb/sr,
    96.00 deg.: X-S =     0.189483 mb/sr,
    97.00 deg.: X-S =     0.178880 mb/sr,
    98.00 deg.: X-S =     0.171136 mb/sr,
    99.00 deg.: X-S =     0.165788 mb/sr,
   100.00 deg.: X-S =     0.162375 mb/sr,
   101.00 deg.: X-S =     0.160454 mb/sr,
   102.00 deg.: X-S =     0.159625 mb/sr,
   103.00 deg.: X-S =     0.159544 mb/sr,
   104.00 deg.: X-S =     0.159922 mb/sr,
   105.00 deg.: X-S =     0.160503 mb/sr,
   106.00 deg.: X-S =     0.161059 mb/sr,
   107.00 deg.: X-S =     0.161389 mb/sr,
   108.00 deg.: X-S =     0.161331 mb/sr,
   109.00 deg.: X-S =     0.160768 mb/sr,
   110.00 deg.: X-S =     0.159629 mb/sr,
   111.00 deg.: X-S =     0.157874 mb/sr,
   112.00 deg.: X-S =     0.155482 mb/sr,
   113.00 deg.: X-S =     0.152446 mb/sr,
   114.00 deg.: X-S =     0.148781 mb/sr,
   115.00 deg.: X-S =     0.144526 mb/sr,
   116.00 deg.: X-S =     0.139741 mb/sr,
   117.00 deg.: X-S =     0.134497 mb/sr,
   118.00 deg.: X-S =     0.128867 mb/sr,
   119.00 deg.: X-S =     0.122918 mb/sr,
   120.00 deg.: X-S =     0.116720 mb/sr,
   121.00 deg.: X-S =     0.110349 mb/sr,
   122.00 deg.: X-S =     0.103886 mb/sr,
   123.00 deg.: X-S =     0.097410 mb/sr,
   124.00 deg.: X-S =     0.090992 mb/sr,
   125.00 deg.: X-S =     0.084691 mb/sr,
   126.00 deg.: X-S =     0.078557 mb/sr,
   127.00 deg.: X-S =     0.072636 mb/sr,
   128.00 deg.: X-S =     0.066974 mb/sr,
   129.00 deg.: X-S =     0.061611 mb/sr,
   130.00 deg.: X-S =     0.056575 mb/sr,
   131.00 deg.: X-S =     0.051881 mb/sr,
   132.00 deg.: X-S =     0.047533 mb/sr,
   133.00 deg.: X-S =     0.043536 mb/sr,
   134.00 deg.: X-S =     0.039894 mb/sr,
   135.00 deg.: X-S =     0.036610 mb/sr,
   136.00 deg.: X-S =     0.033676 mb/sr,
   137.00 deg.: X-S =     0.031075 mb/sr,
   138.00 deg.: X-S =     0.028782 mb/sr,
   139.00 deg.: X-S =     0.026771 mb/sr,
   140.00 deg.: X-S =     0.025023 mb/sr,
   141.00 deg.: X-S =     0.023527 mb/sr,
   142.00 deg.: X-S =     0.022268 mb/sr,
   143.00 deg.: X-S =     0.021226 mb/sr,
   144.00 deg.: X-S =     0.020372 mb/sr,
   145.00 deg.: X-S =     0.019673 mb/sr,
   146.00 deg.: X-S =     0.019103 mb/sr,
   147.00 deg.: X-S =     0.018646 mb/sr,
   148.00 deg.: X-S =     0.018294 mb/sr,
   149.00 deg.: X-S =     0.018040 mb/sr,
   150.00 deg.: X-S =     0.017872 mb/sr,
   151.00 deg.: X-S =     0.017773 mb/sr,
   152.00 deg.: X-S =     0.017725 mb/sr,
   153.00 deg.: X-S =     0.017716 mb/sr,
   154.00 deg.: X-S =     0.017741 mb/sr,
   155.00 deg.: X-S =     0.017801 mb/sr,
   156.00 deg.: X-S =     0.017896 mb/sr,
   157.00 deg.: X-S =     0.018024 mb/sr,
   158.00 deg.: X-S =     0.018179 mb/sr,
   159.00 deg.: X-S =     0.018355 mb/sr,
   160.00 deg.: X-S =     0.018550 mb/sr,
   161.00 deg.: X-S =     0.018764 mb/sr,
   162.00 deg.: X-S =     0.018997 mb/sr,
   163.00 deg.: X-S =     0.019247 mb/sr,
   164.00 deg.: X-S =     0.019512 mb/sr,
   165.00 deg.: X-S =     0.019789 mb/sr,
   166.00 deg.: X-S =     0.020076 mb/sr,
   167.00 deg.: X-S =     0.020371 mb/sr,
   168.00 deg.: X-S =     0.020673 mb/sr,
   169.00 deg.: X-S =     0.020975 mb/sr,
   170.00 deg.: X-S =     0.021271 mb/sr,
   171.00 deg.: X-S =     0.021554 mb/sr,
   172.00 deg.: X-S =     0.021821 mb/sr,
   173.00 deg.: X-S =     0.022069 mb/sr,
   174.00 deg.: X-S =     0.022297 mb/sr,
   175.00 deg.: X-S =     0.022502 mb/sr,
   176.00 deg.: X-S =     0.022677 mb/sr,
   177.00 deg.: X-S =     0.022816 mb/sr,
   178.00 deg.: X-S =     0.022916 mb/sr,
   179.00 deg.: X-S =     0.022977 mb/sr,
   180.00 deg.: X-S =     0.022997 mb/sr,
                                           Integrated   25.8422 mb, over [   0.000, 180.000] at    35.0000 MeV 
 Finished all xsecs @   0.344224989    

  The following files have been created:
   3:local copy of User input.            6:standard output.                   
   7:elastic  S-matrix elements.         13:total cross sections/state.        
  16:tables of cross sections.           35:Astrophysics S-factors  / Ecm.     
  38:cross sections for each J/pi.       39:cross sections for each Ecm.       
  40:all cross sectns. for each Elab.    45:scat phase shift as E functions.   
  56:Fusion for each Jtotal.             75:S-factors for lab energies.        
 201:Separate cross sections.           202:Separate cross sections.           

 PARAMETERS : MAXQRN   MFNL   MLOC  LMAX1 MCLIST
    ALLOWED :      1     36      9     70     15
    REQUIRED:      0      0      9     54      9


 ACCURACY ANALYSIS at    35.000 MeV :

  Elastic h*k = 0.037 so OK       compared with 0.200

   Real(S-el) > 0.01 first at J =       0.5
   Real(S-el) > 0.10 first at J =       0.5
   Real(S-el) > 0.50 first at J =       5.5
   Real(S-el) > 0.90 first at J =       6.5
   Real(S-el) > 0.99 first at J =       8.5
   R-turn =    41.01 fm    at J =      50.5

 Forward-angle excitation cut off below   0.480 deg by max JT =      50.5
                              and below   0.330 deg by max R.

 Total CPU  0 time =       0.34 seconds
