 FRESCO - FRES 3.4: Coupled Reaction Channels
 Assuming NAMELIST input.

 p+O20 1st ex with BG ;                                                          

   0.030  60.000   0.500   0.000   0.000   0.000   0.000   0.000   0.000   0.000

 Centre-of-mass Range is   2002 * 0.0300 fm., Maximum at  60.00 fm., Interpolating NL forms every  0.51 fm.
 Non - locality width is      4 * 0.0300 fm., Maximum of   0.09 fm., Centred at  0.00 fm.
 2-Nucleon Separation of      0 * 0.5100 fm., Maximum of   0.00 fm., Minimum at  0.00 fm.
 Maximum single particle bins of 59.6700 fm.
               M,Mint =         2001        1990


 Range of total J is     0.0 <= J <=    50.0 (at least     0.0) and Absorbtion =>    -1.0000 mb.
 Dry Run = F, CC set limits =  0  0, Relativistic kinematics =  , Both/Far/Near Analyses =  1                     

 Cross Sections (and up to T0 for 0=projectile) for Theta from   0.0 to-180.0 in steps of  1.0 degrees, DGAM=0,  Coordinates = 0 (Mads)

 Lower Radial Cutoff = maximum of -1.60*L*h &       0.0 fm.,  Lower Cutoff for Couplings =   0.0  fm.


 Iterate Couplings between   0 and   1 times, to  0.000 % if sooner.                                          
  Block solved exactly =   2 chs., with Pade = 0 & Isocen =  =0, NOSOL = F, initwf =  0
  NL quadrature with   18 Gaussian points, Calculate multipoles up to    56 from   0
  M-transfers for lp+lt greater than or equal to  6, Angular Integration Cutoff below  2.7778 %


 Trace switches are :  CHANS =  1, LISTCC =  0, TRENEG =  0, CDETR =  0, SMATS =  2, XSTABL =  1, NLPL =  0

                       WAVES =  0, LAMPL =  0, VEFF =  0, KFUS =  0, WDISK =  0, BPM =  0, MELFIL =  0

                       CDCC =  0, NFUS =  0

 Using unit mass = 1.000000 amu and 1/fine-structure constant = 137.03599 ( 1.000000 * true ) with hc = 197.32705 MeV.fm,
  thus 2*amu/hbar^2 = 0.0478450 = 1/20.9008 and Coulomb constant = 0.1574855 so e^2 = 1.43997, and nuclear magneton= 0.1261183

 Now pre-scan input and save to file 3



 *********** PARTITION NUMBER  1 ******************************************************************************************

   PROJ=p          MASS=  1.0073 Z=   1.0,        # STATES=    2T, TARG=O20      MASS= 19.9997 Z=   8.0,     Q-VALUE =  -0.0000 MEV.

     1:  J= 0.5+ (B# 1), E=  0.0000, K= 0.5              Potl#  1       J= 0.0+ (B# 1), E=  0.0000, K= 0.0    

     2:  J= 0.5+ (B# 1), E=  0.0000, K= 0.5              Potl#  1       J= 2.0+ (B# 1), E=  1.6350, K= 0.0    
                                  (Just State  1)


 ************************************************************************************************************************************

 The following POTENTIALS are defined :

  KP#       TYPE      IT    SHAPE      at     V1        r1        a1        V2        r2        a2        A-in     A-used


                                            A#1       A#2        r0c       ac                                                h @ 1
    1    0=Coulomb       0=CHARGE (WS)  1    20.000     0.000    1.3000    0.0000    0.0000    0.0000     0.000    20.000   0.03000

                                           Mn(E1)    Mn(E2)    Mn(E3)  .....
    1   11=Target defm  10=derivatives  2    0.0000    5.3000    0.0000    0.0000    0.0000    0.0000     0.000     3.529= RADIUS

              At    2 is k =  2 (Potl. beta = 0.22286)
                                     Beta of targ. = 0.22286 (using radius of 3.529 fm.).

    1    1=Volume        0=Woods-Saxon  3   48.7789    1.1700    0.7500    0.0000    0.0000    0.0000     0.000    20.000

                                            Def1      Def2      Def3   .....
    1   11=Target defm  10=derivatives  4    0.0000    2.0643    0.0000    0.0000    0.0000    0.0000     0.000     3.176= RADIUS

              At    4 is k =  2 (Potl. beta = 0.65000)
                                     Beta of targ. = 0.65000 (using radius of 3.176 fm.).

    1    1=Volume        0=Woods-Saxon  5    0.0000    0.0000    0.0000    5.0000    1.3200    0.6500     0.000    20.000

                                            Def1      Def2      Def3   .....
    1   11=Target defm  10=derivatives  6    0.0000    2.3290    0.0000    0.0000    0.0000    0.0000     0.000     3.583= RADIUS

              At    6 is k =  2 (Potl. beta = 0.65000)
                                     Beta of targ. = 0.65000 (using radius of 3.583 fm.).

    1    2=Surface       0=Woods-Saxon  7    0.0000    0.0000    0.0000    5.4500    1.3200    0.6500     0.000    20.000

                                            Def1      Def2      Def3   .....
    1   11=Target defm  10=derivatives  8    0.0000    2.3290    0.0000    0.0000    0.0000    0.0000     0.000     3.583= RADIUS

              At    8 is k =  2 (Potl. beta = 0.65000)
                                     Beta of targ. = 0.65000 (using radius of 3.583 fm.).

    1    3=Projtl S.O.   0=Woods-Saxon  9    3.1000    1.0100    0.7500    0.0000    0.0000    0.0000     0.000    20.000

 Incoming partition  1 in excitation state # 1,   Laboratory Energy given for partition  1 Nucleus 1 in Excitation pair 1

0Lab. ENERGY ranges :

   from    35.0000     to   0.00000     in     0 intervals
   from    0.00000     to   0.00000     in     0 intervals
   from    0.00000     to   0.00000     in     0 intervals

 Largest real,imaginary parts of any form factor at R=   59.52 are   2.42E-02  5.84E-32 MeV
 Finished all Couplings @    6.36999961E-04           9

 Symmetric Hamiltonian
1***********************************************************************************************************************************
************************************************************************************************************************************

        INCOMING p        ;    LABORATORY p        ENERGY =   35.000     MeV.

 ***********************************************************************************************************************************
 ***********************************************************************************************************************************

 Allocate arrays for            3  channels, of which            3  need wfs.

 ######################################################################################################################
 #                                                                                                                    #
 # Total SPIN and PARITY =     0.5 +,      3 channels,    3 in 1st block.  Rmin & Coul turning =    0.0    0.3 fm.  #
 #                                                                                                                    #
 ######################################################################################################################



    C Projectl Target   #   EX.   (L  Proj) J  + Targ = Jtotal     E-cm      Re K     Re Eta     RM*K            CH
    1 p        O20      #    1: I   0 0.5    0.5  0.0     0.5    33.32176   1.23648   0.21373   74.1887   0.33920  -0.36833 1 1 1   1
    2 p        O20      #    2:     2 0.5    1.5  2.0     0.5    31.68676   1.20576   0.21918   72.3457   0.34393   0.36416 1 1 1   2
    3 p        O20      #    2:     2 0.5    2.5  2.0     0.5    31.68676   1.20576   0.21918   72.3457   0.34393   0.36416 1 1 1   2
   S-matrix    1 =    0.18114  -0.28798 for L=    0, J=    0.5 channel on core I =   0.0 from L=    0,  Acc. loss =  0.0 D.
 Elastic phase shift   1 =  -28.915  30.888 deg. for the L =    0, J =    0.5 channel.
       0.5  0.18113984 -0.28797896i: elastic S-matrix  @@      0.00  0   0 F  0
 Reaction Xsec     0.5+/ 0 @ 1 =  18.170 , Out:   0.000#   1.306   16.864f


 Total SPIN, PARITY =     0.5 -,      3 chs,      3 cc.  Rmin & Coul turning =    0.0    0.3
   S-matrix    1 =   -0.03590  -0.29990 for L=    1, J=    0.5 channel on core I =   0.0 from L=    1,  Acc. loss =  0.0 D.
 Elastic phase shift   1 =  -48.413  34.297 deg. for the L =    1, J =    0.5 channel.
       0.5 -0.03589902 -0.29990131i: elastic S-matrix  @@      0.00  0   0 F  0
 Reaction Xsec     0.5-/ 1 @ 1 =  18.674 , Out:   0.000#   1.059   17.615f

 Allocate arrays for            5  channels, of which            5  need wfs.

 Total SPIN, PARITY =     1.5 +,      5 chs,      5 cc.  Rmin & Coul turning =    0.0    1.3
   S-matrix    1 =   -0.24679  -0.23911 for L=    2, J=    1.5 channel on core I =   0.0 from L=    2,  Acc. loss =  0.0 D.
 Elastic phase shift   1 =  -67.953  30.602 deg. for the L =    2, J =    1.5 channel.
       1.5 -0.24678894 -0.23910874i: elastic S-matrix  @@      0.00  0   0 F  0
 Reaction Xsec     1.5+/ 2 @ 1 =  36.244 , Out:   0.000#   2.620   33.624f


 Total SPIN, PARITY =     1.5 -,      5 chs,      5 cc.  Rmin & Coul turning =    0.0    1.3
   S-matrix    1 =    0.04925  -0.31003 for L=    1, J=    1.5 channel on core I =   0.0 from L=    1,  Acc. loss =  0.0 D.
 Elastic phase shift   1 =  -40.487  33.192 deg. for the L =    1, J =    1.5 channel.
       1.5  0.04924638 -0.31002779i: elastic S-matrix  @@      0.00  0   0 F  0
 Reaction Xsec     1.5-/ 1 @ 1 =  37.047 , Out:   0.000#   2.029   35.018f

 Allocate arrays for            6  channels, of which            6  need wfs.

 Total SPIN, PARITY =     2.5 +,      6 chs,      6 cc.  Rmin & Coul turning =    0.1    2.2
   S-matrix    1 =   -0.13089  -0.31391 for L=    2, J=    2.5 channel on core I =   0.0 from L=    2,  Acc. loss =  0.0 D.
 Elastic phase shift   1 =  -56.317  30.897 deg. for the L =    2, J =    2.5 channel.
       2.5 -0.13088700 -0.31390601i: elastic S-matrix  @@      0.00  0   0 F  0
 Reaction Xsec     2.5+/ 2 @ 1 =  54.515 , Out:   0.000#   3.782   50.732f


 Total SPIN, PARITY =     2.5 -,      6 chs,      6 cc.  Rmin & Coul turning =    0.1    2.2
   S-matrix    1 =   -0.28730  -0.09488 for L=    3, J=    2.5 channel on core I =   0.0 from L=    3,  Acc. loss =  0.0 D.
 Elastic phase shift   1 =  -80.862  34.248 deg. for the L =    3, J =    2.5 channel.
       2.5 -0.28729632 -0.09487828i: elastic S-matrix  @@      0.00  0   0 F  0
 Reaction Xsec     2.5-/ 3 @ 1 =  56.002 , Out:   0.000#   3.071   52.931f


 Total SPIN, PARITY =     3.5 +,      6 chs,      6 cc.  Rmin & Coul turning =    0.1    3.0
   S-matrix    1 =   -0.00582   0.13839 for L=    4, J=    3.5 channel on core I =   0.0 from L=    4,  Acc. loss =  0.0 D.
 Elastic phase shift   1 =   46.203  56.631 deg. for the L =    4, J =    3.5 channel.
       3.5 -0.00581527  0.13839225i: elastic S-matrix  @@      0.00  0   0 F  0
 Reaction Xsec     3.5+/ 4 @ 1 =  80.616 , Out:   0.000#   6.549   74.068f


 Total SPIN, PARITY =     3.5 -,      6 chs,      6 cc.  Rmin & Coul turning =    0.1    3.0
   S-matrix    1 =   -0.24770  -0.24732 for L=    3, J=    3.5 channel on core I =   0.0 from L=    3,  Acc. loss =  0.0 D.
 Elastic phase shift   1 =  -67.522  30.072 deg. for the L =    3, J =    3.5 channel.
       3.5 -0.24770212 -0.24732280i: elastic S-matrix  @@      0.00  0   0 F  0
 Reaction Xsec     3.5-/ 3 @ 1 =  72.123 , Out:   0.000#   3.678   68.444f


 Total SPIN, PARITY =     4.5 +,      6 chs,      6 cc.  Rmin & Coul turning =    0.2    3.8
   S-matrix    1 =   -0.12382   0.02998 for L=    4, J=    4.5 channel on core I =   0.0 from L=    4,  Acc. loss =  0.0 D.
 Elastic phase shift   1 =   83.194  59.027 deg. for the L =    4, J =    4.5 channel.
       4.5 -0.12382115  0.02998369i: elastic S-matrix  @@      0.00  0   0 F  0
 Reaction Xsec     4.5+/ 4 @ 1 = 101.074 , Out:   0.000#   7.327   93.747f


 Total SPIN, PARITY =     4.5 -,      6 chs,      6 cc.  Rmin & Coul turning =    0.2    3.8
   S-matrix    1 =    0.46005   0.24718 for L=    5, J=    4.5 channel on core I =   0.0 from L=    5,  Acc. loss =  0.0 D.
 Elastic phase shift   1 =   14.125  18.610 deg. for the L =    5, J =    4.5 channel.
       4.5  0.46005236  0.24718476i: elastic S-matrix  @@      0.00  0   0 F  0
 Reaction Xsec     4.5-/ 5 @ 1 =  74.719 , Out:   0.000#   5.501   69.218f


 Total SPIN, PARITY =     5.5 +,      6 chs,      6 cc.  Rmin & Coul turning =    0.2    4.6
   S-matrix    1 =    0.79665   0.16853 for L=    6, J=    5.5 channel on core I =   0.0 from L=    6,  Acc. loss =  0.0 D.
 Elastic phase shift   1 =    5.972   5.886 deg. for the L =    6, J =    5.5 channel.
       5.5  0.79664969  0.16853232i: elastic S-matrix  @@      0.00  0   0 F  0
 Reaction Xsec     5.5+/ 6 @ 1 =  41.542 , Out:   0.000#   2.946   38.596f


 Total SPIN, PARITY =     5.5 -,      6 chs,      6 cc.  Rmin & Coul turning =    0.2    4.6
   S-matrix    1 =    0.33202   0.28058 for L=    5, J=    5.5 channel on core I =   0.0 from L=    5,  Acc. loss =  0.0 D.
 Elastic phase shift   1 =   20.100  23.867 deg. for the L =    5, J =    5.5 channel.
       5.5  0.33201769  0.28058247i: elastic S-matrix  @@      0.00  0   0 F  0
 Reaction Xsec     5.5-/ 5 @ 1 =  99.993 , Out:   0.000#   7.386   92.607f


 Total SPIN, PARITY =     6.5 +,      6 chs,      6 cc.  Rmin & Coul turning =    0.3    5.4
   S-matrix    1 =    0.75872   0.22519 for L=    6, J=    6.5 channel on core I =   0.0 from L=    6,  Acc. loss =  0.0 D.
 Elastic phase shift   1 =    8.265   6.701 deg. for the L =    6, J =    6.5 channel.
       6.5  0.75871513  0.22518558i: elastic S-matrix  @@      0.00  0   0 F  0
 Reaction Xsec     6.5+/ 6 @ 1 =  53.744 , Out:   0.000#   3.440   50.304f


 Total SPIN, PARITY =     6.5 -,      6 chs,      6 cc.  Rmin & Coul turning =    0.3    5.4
   S-matrix    1 =    0.93200   0.07895 for L=    7, J=    6.5 channel on core I =   0.0 from L=    7,  Acc. loss =  0.1 D.
 Elastic phase shift   1 =    2.421   1.915 deg. for the L =    7, J =    6.5 channel.
       6.5  0.93199648  0.07895421i: elastic S-matrix  @@      0.00  0   0 F  0
 Reaction Xsec     6.5-/ 7 @ 1 =  18.001 , Out:   0.000#   1.280   16.721f


 Total SPIN, PARITY =     7.5 +,      6 chs,      6 cc.  Rmin & Coul turning =    0.3    6.2
   S-matrix    1 =    0.97829   0.03282 for L=    8, J=    7.5 channel on core I =   0.0 from L=    8,  Acc. loss =  0.1 D.
 Elastic phase shift   1 =    0.961   0.613 deg. for the L =    8, J =    7.5 channel.
       7.5  0.97829407  0.03282376i: elastic S-matrix  @@      0.00  0   0 F  0
 Reaction Xsec     7.5+/ 8 @ 1 =   6.882 , Out:   0.000#   0.302    6.579f


 Total SPIN, PARITY =     7.5 -,      6 chs,      6 cc.  Rmin & Coul turning =    0.3    6.2
   S-matrix    1 =    0.92563   0.10456 for L=    7, J=    7.5 channel on core I =   0.0 from L=    7,  Acc. loss =  0.1 D.
 Elastic phase shift   1 =    3.222   2.032 deg. for the L =    7, J =    7.5 channel.
       7.5  0.92562965  0.10455861i: elastic S-matrix  @@      0.00  0   0 F  0
 Reaction Xsec     7.5-/ 7 @ 1 =  21.745 , Out:   0.000#   1.543   20.202f


 Total SPIN, PARITY =     8.5 +,      6 chs,      6 cc.  Rmin & Coul turning =    0.4    7.0
   S-matrix    1 =    0.97723   0.04272 for L=    8, J=    8.5 channel on core I =   0.0 from L=    8,  Acc. loss =  0.1 D.
 Elastic phase shift   1 =    1.252   0.632 deg. for the L =    8, J =    8.5 channel.
       8.5  0.97723418  0.04272332i: elastic S-matrix  @@      0.00  0   0 F  0
 Reaction Xsec     8.5+/ 8 @ 1 =   7.987 , Out:   0.000#   0.368    7.619f


 Total SPIN, PARITY =     8.5 -,      6 chs,      6 cc.  Rmin & Coul turning =    0.4    7.0
   S-matrix    1 =    0.99323   0.01274 for L=    9, J=    8.5 channel on core I =   0.0 from L=    9,  Acc. loss =  0.0 D.
 Elastic phase shift   1 =    0.368   0.192 deg. for the L =    9, J =    8.5 channel.
       8.5  0.99323415  0.01274367i: elastic S-matrix  @@      0.00  0   0 F  0
 Reaction Xsec     8.5-/ 9 @ 1 =   2.464 , Out:   0.000#   0.047    2.417f


 Total SPIN, PARITY =     9.5 +,      6 chs,      6 cc.  Rmin & Coul turning =    0.4    7.8
   S-matrix    1 =    0.99788   0.00479 for L=   10, J=    9.5 channel on core I =   0.0 from L=   10,  Acc. loss =  0.0 D.
 Elastic phase shift   1 =    0.138   0.061 deg. for the L =   10, J =    9.5 channel.
       9.5  0.99787762  0.00479432i: elastic S-matrix  @@      0.00  0   0 F  0
 Reaction Xsec     9.5+/10 @ 1 =   0.867 , Out:   0.000#   5.730/   0.861f


 Total SPIN, PARITY =     9.5 -,      6 chs,      6 cc.  Rmin & Coul turning =    0.4    7.8
   S-matrix    1 =    0.99308   0.01645 for L=    9, J=    9.5 channel on core I =   0.0 from L=    9,  Acc. loss =  0.0 D.
 Elastic phase shift   1 =    0.475   0.195 deg. for the L =    9, J =    9.5 channel.
       9.5  0.99307832  0.01645493i: elastic S-matrix  @@      0.00  0   0 F  0
 Reaction Xsec     9.5-/ 9 @ 1 =   2.779 , Out:   0.000#   0.055    2.724f


 Total SPIN, PARITY =    10.5 +,      6 chs,      6 cc.  Rmin & Coul turning =    0.5    8.7
   S-matrix    1 =    0.99786   0.00617 for L=   10, J=   10.5 channel on core I =   0.0 from L=   10,  Acc. loss =  0.0 D.
 Elastic phase shift   1 =    0.177   0.061 deg. for the L =   10, J =   10.5 channel.
      10.5  0.99785592  0.00617352i: elastic S-matrix  @@      0.00  0   0 F  0
 Reaction Xsec    10.5+/10 @ 1 =   0.960 , Out:   0.000#   6.466/   0.953f


 Total SPIN, PARITY =    10.5 -,      6 chs,      6 cc.  Rmin & Coul turning =    0.5    8.7
   S-matrix    1 =    0.99933   0.00178 for L=   11, J=   10.5 channel on core I =   0.0 from L=   11,  Acc. loss =  0.0 D.
 Elastic phase shift   1 =    0.051   0.019 deg. for the L =   11, J =   10.5 channel.
      10.5  0.99932775  0.00178246i: elastic S-matrix  @@      0.00  0   0 F  0
 Reaction Xsec    10.5-/11 @ 1 =   0.303 , Out:   0.000#   0.528/   0.303f


 Total SPIN, PARITY =    11.5 +,      6 chs,      6 cc.  Rmin & Coul turning =    0.5    9.5
   S-matrix    1 =    0.99979   0.00066 for L=   12, J=   11.5 channel on core I =   0.0 from L=   12,  Acc. loss =  0.0 D.
 Elastic phase shift   1 =    0.019   0.006 deg. for the L =   12, J =   11.5 channel.
      11.5  0.99978580  0.00065935i: elastic S-matrix  @@      0.00  0   0 F  0
 Reaction Xsec    11.5+/12 @ 1 =   0.106 , Out:   0.000#   0.121/   0.105f


 Total SPIN, PARITY =    11.5 -,      6 chs,      6 cc.  Rmin & Coul turning =    0.5    9.5
   S-matrix    1 =    0.99932   0.00229 for L=   11, J=   11.5 channel on core I =   0.0 from L=   11,  Acc. loss =  0.0 D.
 Elastic phase shift   1 =    0.066   0.019 deg. for the L =   11, J =   11.5 channel.
      11.5  0.99932474  0.00229458i: elastic S-matrix  @@      0.00  0   0 F  0
 Reaction Xsec    11.5-/11 @ 1 =   0.332 , Out:   0.000#   0.584/   0.331f


 Total SPIN, PARITY =    12.5 +,      6 chs,      6 cc.  Rmin & Coul turning =    0.6   10.3
   S-matrix    1 =    0.99979   0.00085 for L=   12, J=   12.5 channel on core I =   0.0 from L=   12,  Acc. loss =  0.0 D.
 Elastic phase shift   1 =    0.024   0.006 deg. for the L =   12, J =   12.5 channel.
      12.5  0.99978539  0.00084930i: elastic S-matrix  @@      0.00  0   0 F  0
 Reaction Xsec    12.5+/12 @ 1 =   0.114 , Out:   0.000#   0.131/   0.114f


 Total SPIN, PARITY =    12.5 -,      6 chs,      6 cc.  Rmin & Coul turning =    0.6   10.3
   S-matrix    1 =    0.99993   0.00024 for L=   13, J=   12.5 channel on core I =   0.0 from L=   13,  Acc. loss =  0.0 D.
 Elastic phase shift   1 =    0.007   0.002 deg. for the L =   13, J =   12.5 channel.
      12.5  0.99993149  0.00024318i: elastic S-matrix  @@      0.00  0   0 F  0
 Reaction Xsec    12.5-/13 @ 1 =   0.037 , Out:   0.000#   0.157/   0.036f


 Total SPIN, PARITY =    13.5 +,      6 chs,      6 cc.  Rmin & Coul turning =    0.6   11.1
   S-matrix    1 =    0.99998   0.00009 for L=   14, J=   13.5 channel on core I =   0.0 from L=   14,  Acc. loss =  0.0 D.
 Elastic phase shift   1 =    0.003   0.001 deg. for the L =   14, J =   13.5 channel.
      13.5  0.99997796  0.00008950i: elastic S-matrix  @@      0.00  0   0 F  0
 Reaction Xsec    13.5+/14 @ 1 =   0.013 , Out:   0.000#   0.174/   0.013f


 Total SPIN, PARITY =    13.5 -,      6 chs,      6 cc.  Rmin & Coul turning =    0.6   11.1
   S-matrix    1 =    0.99993   0.00031 for L=   13, J=   13.5 channel on core I =   0.0 from L=   13,  Acc. loss =  0.0 D.
 Elastic phase shift   1 =    0.009   0.002 deg. for the L =   13, J =   13.5 channel.
      13.5  0.99993143  0.00031351i: elastic S-matrix  @@      0.00  0   0 F  0
 Reaction Xsec    13.5-/13 @ 1 =   0.039 , Out:   0.000#   0.169/   0.039f


 Total SPIN, PARITY =    14.5 +,      6 chs,      6 cc.  Rmin & Coul turning =    0.7   11.9
   S-matrix    1 =    0.99998   0.00012 for L=   14, J=   14.5 channel on core I =   0.0 from L=   14,  Acc. loss =  0.0 D.
 Elastic phase shift   1 =    0.003   0.001 deg. for the L =   14, J =   14.5 channel.
      14.5  0.99997796  0.00011548i: elastic S-matrix  @@      0.00  0   0 F  0
 Reaction Xsec    14.5+/14 @ 1 =   0.014 , Out:   0.000#   0.187/   0.013f


 Total SPIN, PARITY =    14.5 -,      6 chs,      6 cc.  Rmin & Coul turning =    0.7   11.9
   S-matrix    1 =    0.99999   0.00003 for L=   15, J=   14.5 channel on core I =   0.0 from L=   15,  Acc. loss =  0.0 D.
 Elastic phase shift   1 =    0.001   0.000 deg. for the L =   15, J =   14.5 channel.
      14.5  0.99999282  0.00003288i: elastic S-matrix  @@      0.00  0   0 F  0
 Reaction Xsec    14.5-/15 @ 1 =   4.426/, Out:   0.000#   0.164/   0.004f


 Total SPIN, PARITY =    15.5 +,      6 chs,      6 cc.  Rmin & Coul turning =    0.7   12.7
   S-matrix    1 =    1.00000   0.00001 for L=   16, J=   15.5 channel on core I =   0.0 from L=   16,  Acc. loss =  0.0 D.
 Elastic phase shift   1 =    0.000   0.000 deg. for the L =   16, J =   15.5 channel.
      15.5  0.99999758  0.00001206i: elastic S-matrix  @@      0.00  0   0 F  0
 Reaction Xsec    15.5+/16 @ 1 =   1.589/, Out:   0.000#   0.144/   0.001f


 Total SPIN, PARITY =    15.5 -,      6 chs,      6 cc.  Rmin & Coul turning =    0.7   12.7
   S-matrix    1 =    0.99999   0.00004 for L=   15, J=   15.5 channel on core I =   0.0 from L=   15,  Acc. loss =  0.0 D.
 Elastic phase shift   1 =    0.001   0.000 deg. for the L =   15, J =   15.5 channel.
      15.5  0.99999282  0.00004245i: elastic S-matrix  @@      0.00  0   0 F  0
 Reaction Xsec    15.5-/15 @ 1 =   4.721/, Out:   0.000#   0.174/   0.005f


 Total SPIN, PARITY =    16.5 +,      6 chs,      6 cc.  Rmin & Coul turning =    0.8   13.5
   S-matrix    1 =    1.00000   0.00002 for L=   16, J=   16.5 channel on core I =   0.0 from L=   16,  Acc. loss =  0.0 D.
 Elastic phase shift   1 =    0.000   0.000 deg. for the L =   16, J =   16.5 channel.
      16.5  0.99999758  0.00001558i: elastic S-matrix  @@      0.00  0   0 F  0
 Reaction Xsec    16.5+/16 @ 1 =   1.688/, Out:   0.000#   0.153/   0.002f


 Total SPIN, PARITY =    16.5 -,      6 chs,      6 cc.  Rmin & Coul turning =    0.8   13.5
   S-matrix    1 =    1.00000   0.00000 for L=   17, J=   16.5 channel on core I =   0.0 from L=   17,  Acc. loss =  0.0 D.
 Elastic phase shift   1 =    0.000   0.000 deg. for the L =   17, J =   16.5 channel.
      16.5  0.99999912  0.00000442i: elastic S-matrix  @@      0.00  0   0 F  0
 Reaction Xsec    16.5-/17 @ 1 =   0.611/, Out:   0.000#   0.125/   0.000f


 Total SPIN, PARITY =    17.5 +,      6 chs,      6 cc.  Rmin & Coul turning =    0.8   14.3
   S-matrix    1 =    1.00000   0.00000 for L=   18, J=   17.5 channel on core I =   0.0 from L=   18,  Acc. loss =  0.0 D.
 Elastic phase shift   1 =    0.000   0.000 deg. for the L =   18, J =   17.5 channel.
      17.5  0.99999963  0.00000162i: elastic S-matrix  @@      0.00  0   0 F  0
 Reaction Xsec    17.5+/18 @ 1 =   0.270/, Out:   0.000#   0.107/   0.000f


 Total SPIN, PARITY =    17.5 -,      6 chs,      6 cc.  Rmin & Coul turning =    0.8   14.3
   S-matrix    1 =    1.00000   0.00001 for L=   17, J=   17.5 channel on core I =   0.0 from L=   17,  Acc. loss =  0.0 D.
 Elastic phase shift   1 =    0.000   0.000 deg. for the L =   17, J =   17.5 channel.
      17.5  0.99999912  0.00000572i: elastic S-matrix  @@      0.00  0   0 F  0
 Reaction Xsec    17.5-/17 @ 1 =   0.647/, Out:   0.000#   0.132/   0.001f


 Total SPIN, PARITY =    18.5 +,      6 chs,      6 cc.  Rmin & Coul turning =    0.8   15.1
   S-matrix    1 =    1.00000   0.00000 for L=   18, J=   18.5 channel on core I =   0.0 from L=   18,  Acc. loss =  0.0 D.
 Elastic phase shift   1 =    0.000   0.000 deg. for the L =   18, J =   18.5 channel.
      18.5  0.99999963  0.00000210i: elastic S-matrix  @@      0.00  0   0 F  0
 Reaction Xsec    18.5+/18 @ 1 =   0.285/, Out:   0.000#   0.113/   0.000f


 Total SPIN, PARITY =    18.5 -,      6 chs,      6 cc.  Rmin & Coul turning =    0.8   15.1
   S-matrix    1 =    1.00000   0.00000 for L=   19, J=   18.5 channel on core I =   0.0 from L=   19,  Acc. loss =  0.0 D.
 Elastic phase shift   1 =    0.000   0.000 deg. for the L =   19, J =   18.5 channel.
      18.5  0.99999981  0.00000060i: elastic S-matrix  @@      0.00  0   0 F  0
 Reaction Xsec    18.5-/19 @ 1 =   0.147/, Out:   0.000#   0.092/   0.000f


 Total SPIN, PARITY =    19.5 +,      6 chs,      6 cc.  Rmin & Coul turning =    0.9   15.9
   S-matrix    1 =    1.00000   0.00000 for L=   20, J=   19.5 channel on core I =   0.0 from L=   20,  Acc. loss =  0.0 D.
 Elastic phase shift   1 =    0.000   0.000 deg. for the L =   20, J =   19.5 channel.
      19.5  0.99999988  0.00000022i: elastic S-matrix  @@      0.00  0   0 F  0
 Reaction Xsec    19.5+/20 @ 1 =   0.098/, Out:   0.000#   0.080/   0.000f


 Total SPIN, PARITY =    19.5 -,      6 chs,      6 cc.  Rmin & Coul turning =    0.9   15.9
   S-matrix    1 =    1.00000   0.00000 for L=   19, J=   19.5 channel on core I =   0.0 from L=   19,  Acc. loss =  0.0 D.
 Elastic phase shift   1 =    0.000   0.000 deg. for the L =   19, J =   19.5 channel.
      19.5  0.99999981  0.00000077i: elastic S-matrix  @@      0.00  0   0 F  0
 Reaction Xsec    19.5-/19 @ 1 =   0.155/, Out:   0.000#   0.097/   0.000f


 Total SPIN, PARITY =    20.5 +,      6 chs,      6 cc.  Rmin & Coul turning =    1.0   16.7
   S-matrix    1 =    1.00000   0.00000 for L=   20, J=   20.5 channel on core I =   0.0 from L=   20,  Acc. loss =  0.0 D.
 Elastic phase shift   1 =    0.000   0.000 deg. for the L =   20, J =   20.5 channel.
      20.5  0.99999988  0.00000029i: elastic S-matrix  @@      0.00  0   0 F  0
 Reaction Xsec    20.5+/20 @ 1 =   0.103/, Out:   0.000#   0.084/   0.000f


 Total SPIN, PARITY =    20.5 -,      6 chs,      6 cc.  Rmin & Coul turning =    1.0   16.7
   S-matrix    1 =    1.00000   0.00000 for L=   21, J=   20.5 channel on core I =   0.0 from L=   21,  Acc. loss =  0.0 D.
 Elastic phase shift   1 =    0.000   0.000 deg. for the L =   21, J =   20.5 channel.
      20.5  0.99999991  0.00000009i: elastic S-matrix  @@      0.00  0   0 F  0
 Reaction Xsec    20.5-/21 @ 1 =   0.076/, Out:   0.000#   0.070/   0.000f


 Total SPIN, PARITY =    21.5 +,      6 chs,      6 cc.  Rmin & Coul turning =    1.0   17.6
   S-matrix    1 =    1.00000   0.00000 for L=   22, J=   21.5 channel on core I =   0.0 from L=   22,  Acc. loss =  0.0 D.
 Elastic phase shift   1 =    0.000   0.000 deg. for the L =   22, J =   21.5 channel.
      21.5  0.99999993  0.00000004i: elastic S-matrix  @@      0.00  0   0 F  0
 Reaction Xsec    21.5+/22 @ 1 =   0.063/, Out:   0.000#   0.061/   0.000f


 Total SPIN, PARITY =    21.5 -,      6 chs,      6 cc.  Rmin & Coul turning =    1.0   17.6
   S-matrix    1 =    1.00000   0.00000 for L=   21, J=   21.5 channel on core I =   0.0 from L=   21,  Acc. loss =  0.0 D.
 Elastic phase shift   1 =    0.000   0.000 deg. for the L =   21, J =   21.5 channel.
      21.5  0.99999991  0.00000011i: elastic S-matrix  @@      0.00  0   0 F  0
 Reaction Xsec    21.5-/21 @ 1 =   0.079/, Out:   0.000#   0.073/   0.000f


 Total SPIN, PARITY =    22.5 +,      6 chs,      6 cc.  Rmin & Coul turning =    1.1   18.4
   S-matrix    1 =    1.00000   0.00000 for L=   22, J=   22.5 channel on core I =   0.0 from L=   22,  Acc. loss =  0.0 D.
 Elastic phase shift   1 =    0.000   0.000 deg. for the L =   22, J =   22.5 channel.
      22.5  0.99999993  0.00000004i: elastic S-matrix  @@      0.00  0   0 F  0
 Reaction Xsec    22.5+/22 @ 1 =   0.066/, Out:   0.000#   0.064/   0.000f


 Total SPIN, PARITY =    22.5 -,      6 chs,      6 cc.  Rmin & Coul turning =    1.1   18.4
   S-matrix    1 =    1.00000   0.00000 for L=   23, J=   22.5 channel on core I =   0.0 from L=   23,  Acc. loss =  0.0 D.
 Elastic phase shift   1 =    0.000   0.000 deg. for the L =   23, J =   22.5 channel.
      22.5  0.99999994  0.00000002i: elastic S-matrix  @@      0.00  0   0 F  0
 Reaction Xsec    22.5-/23 @ 1 =   0.054/, Out:   0.000#   0.054/   0.000f


 Total SPIN, PARITY =    23.5 +,      6 chs,      6 cc.  Rmin & Coul turning =    1.1   19.2
   S-matrix    1 =    1.00000   0.00000 for L=   24, J=   23.5 channel on core I =   0.0 from L=   24,  Acc. loss =  0.0 D.
 Elastic phase shift   1 =    0.000   0.000 deg. for the L =   24, J =   23.5 channel.
      23.5  0.99999995  0.00000001i: elastic S-matrix  @@      0.00  0   0 F  0
 Reaction Xsec    23.5+/24 @ 1 =   0.048/, Out:   0.000#   0.048/   0.000f


 Total SPIN, PARITY =    23.5 -,      6 chs,      6 cc.  Rmin & Coul turning =    1.1   19.2
   S-matrix    1 =    1.00000   0.00000 for L=   23, J=   23.5 channel on core I =   0.0 from L=   23,  Acc. loss =  0.0 D.
 Elastic phase shift   1 =    0.000   0.000 deg. for the L =   23, J =   23.5 channel.
      23.5  0.99999994  0.00000002i: elastic S-matrix  @@      0.00  0   0 F  0
 Reaction Xsec    23.5-/23 @ 1 =   0.057/, Out:   0.000#   0.056/   0.000f


 Total SPIN, PARITY =    24.5 +,      6 chs,      6 cc.  Rmin & Coul turning =    1.1   20.0
   S-matrix    1 =    1.00000   0.00000 for L=   24, J=   24.5 channel on core I =   0.0 from L=   24,  Acc. loss =  0.0 D.
 Elastic phase shift   1 =    0.000   0.000 deg. for the L =   24, J =   24.5 channel.
      24.5  0.99999995  0.00000001i: elastic S-matrix  @@      0.00  0   0 F  0
 Reaction Xsec    24.5+/24 @ 1 =   0.050/, Out:   0.000#   0.050/   0.000f


 Total SPIN, PARITY =    24.5 -,      6 chs,      6 cc.  Rmin & Coul turning =    1.1   20.0
   S-matrix    1 =    1.00000   0.00000 for L=   25, J=   24.5 channel on core I =   0.0 from L=   25,  Acc. loss =  0.0 D.
 Elastic phase shift   1 =    0.000   0.000 deg. for the L =   25, J =   24.5 channel.
      24.5  0.99999996  0.00000001i: elastic S-matrix  @@      0.00  0   0 F  0
 Reaction Xsec    24.5-/25 @ 1 =   0.042/, Out:   0.000#   0.042/   0.000f


 Total SPIN, PARITY =    25.5 +,      6 chs,      6 cc.  Rmin & Coul turning =    1.2   20.8
   S-matrix    1 =    1.00000   0.00000 for L=   26, J=   25.5 channel on core I =   0.0 from L=   26,  Acc. loss =  0.0 D.
 Elastic phase shift   1 =    0.000   0.000 deg. for the L =   26, J =   25.5 channel.
      25.5  0.99999996  0.00000001i: elastic S-matrix  @@      0.00  0   0 F  0
 Reaction Xsec    25.5+/26 @ 1 =   0.038/, Out:   0.000#   0.038/   0.000f


 Total SPIN, PARITY =    25.5 -,      6 chs,      6 cc.  Rmin & Coul turning =    1.2   20.8
   S-matrix    1 =    1.00000   0.00000 for L=   25, J=   25.5 channel on core I =   0.0 from L=   25,  Acc. loss =  0.0 D.
 Elastic phase shift   1 =    0.000   0.000 deg. for the L =   25, J =   25.5 channel.
      25.5  0.99999996  0.00000001i: elastic S-matrix  @@      0.00  0   0 F  0
 Reaction Xsec    25.5-/25 @ 1 =   0.044/, Out:   0.000#   0.044/   0.000f


 Total SPIN, PARITY =    26.5 +,      6 chs,      6 cc.  Rmin & Coul turning =    1.2   21.6
   S-matrix    1 =    1.00000   0.00000 for L=   26, J=   26.5 channel on core I =   0.0 from L=   26,  Acc. loss =  0.0 D.
 Elastic phase shift   1 =    0.000   0.000 deg. for the L =   26, J =   26.5 channel.
      26.5  0.99999996  0.00000001i: elastic S-matrix  @@      0.00  0   0 F  0
 Reaction Xsec    26.5+/26 @ 1 =   0.039/, Out:   0.000#   0.039/   0.000f


 Total SPIN, PARITY =    26.5 -,      6 chs,      6 cc.  Rmin & Coul turning =    1.2   21.6
   S-matrix    1 =    1.00000   0.00000 for L=   27, J=   26.5 channel on core I =   0.0 from L=   27,  Acc. loss =  0.0 D.
 Elastic phase shift   1 =    0.000   0.000 deg. for the L =   27, J =   26.5 channel.
      26.5  0.99999997  0.00000001i: elastic S-matrix  @@      0.00  0   0 F  0
 Reaction Xsec    26.5-/27 @ 1 =   0.034/, Out:   0.000#   0.034/   0.000f


 Total SPIN, PARITY =    27.5 +,      6 chs,      6 cc.  Rmin & Coul turning =    1.3   22.4
   S-matrix    1 =    1.00000   0.00000 for L=   28, J=   27.5 channel on core I =   0.0 from L=   28,  Acc. loss =  0.0 D.
 Elastic phase shift   1 =    0.000   0.000 deg. for the L =   28, J =   27.5 channel.
      27.5  0.99999997  0.00000000i: elastic S-matrix  @@      0.00  0   0 F  0
 Reaction Xsec    27.5+/28 @ 1 =   0.030/, Out:   0.000#   0.030/   0.000f


 Total SPIN, PARITY =    27.5 -,      6 chs,      6 cc.  Rmin & Coul turning =    1.3   22.4
   S-matrix    1 =    1.00000   0.00000 for L=   27, J=   27.5 channel on core I =   0.0 from L=   27,  Acc. loss =  0.0 D.
 Elastic phase shift   1 =    0.000   0.000 deg. for the L =   27, J =   27.5 channel.
      27.5  0.99999997  0.00000001i: elastic S-matrix  @@      0.00  0   0 F  0
 Reaction Xsec    27.5-/27 @ 1 =   0.035/, Out:   0.000#   0.035/   0.000f


 Total SPIN, PARITY =    28.5 +,      6 chs,      6 cc.  Rmin & Coul turning =    1.3   23.2
   S-matrix    1 =    1.00000   0.00000 for L=   28, J=   28.5 channel on core I =   0.0 from L=   28,  Acc. loss =  0.0 D.
 Elastic phase shift   1 =    0.000   0.000 deg. for the L =   28, J =   28.5 channel.
      28.5  0.99999997  0.00000000i: elastic S-matrix  @@      0.00  0   0 F  0
 Reaction Xsec    28.5+/28 @ 1 =   0.031/, Out:   0.000#   0.031/   0.000f


 Total SPIN, PARITY =    28.5 -,      6 chs,      6 cc.  Rmin & Coul turning =    1.3   23.2
   S-matrix    1 =    1.00000   0.00000 for L=   29, J=   28.5 channel on core I =   0.0 from L=   29,  Acc. loss =  0.0 D.
 Elastic phase shift   1 =    0.000   0.000 deg. for the L =   29, J =   28.5 channel.
      28.5  0.99999998  0.00000000i: elastic S-matrix  @@      0.00  0   0 F  0
 Reaction Xsec    28.5-/29 @ 1 =   0.027/, Out:   0.000#   0.027/   0.000f


 Total SPIN, PARITY =    29.5 +,      6 chs,      6 cc.  Rmin & Coul turning =    1.4   24.0
   S-matrix    1 =    1.00000   0.00000 for L=   30, J=   29.5 channel on core I =   0.0 from L=   30,  Acc. loss =  0.0 D.
 Elastic phase shift   1 =    0.000   0.000 deg. for the L =   30, J =   29.5 channel.
      29.5  0.99999998  0.00000000i: elastic S-matrix  @@      0.00  0   0 F  0
 Reaction Xsec    29.5+/30 @ 1 =   0.025/, Out:   0.000#   0.025/   0.000f


 Total SPIN, PARITY =    29.5 -,      6 chs,      6 cc.  Rmin & Coul turning =    1.4   24.0
   S-matrix    1 =    1.00000   0.00000 for L=   29, J=   29.5 channel on core I =   0.0 from L=   29,  Acc. loss =  0.0 D.
 Elastic phase shift   1 =    0.000   0.000 deg. for the L =   29, J =   29.5 channel.
      29.5  0.99999998  0.00000000i: elastic S-matrix  @@      0.00  0   0 F  0
 Reaction Xsec    29.5-/29 @ 1 =   0.028/, Out:   0.000#   0.028/   0.000f


 Total SPIN, PARITY =    30.5 +,      6 chs,      6 cc.  Rmin & Coul turning =    1.4   24.8
   S-matrix    1 =    1.00000   0.00000 for L=   30, J=   30.5 channel on core I =   0.0 from L=   30,  Acc. loss =  0.0 D.
 Elastic phase shift   1 =    0.000   0.000 deg. for the L =   30, J =   30.5 channel.
      30.5  0.99999998  0.00000000i: elastic S-matrix  @@      0.00  0   0 F  0
 Reaction Xsec    30.5+/30 @ 1 =   0.026/, Out:   0.000#   0.026/   0.000f


 Total SPIN, PARITY =    30.5 -,      6 chs,      6 cc.  Rmin & Coul turning =    1.4   24.8
   S-matrix    1 =    1.00000   0.00000 for L=   31, J=   30.5 channel on core I =   0.0 from L=   31,  Acc. loss =  0.0 D.
 Elastic phase shift   1 =    0.000   0.000 deg. for the L =   31, J =   30.5 channel.
      30.5  0.99999998  0.00000000i: elastic S-matrix  @@      0.00  0   0 F  0
 Reaction Xsec    30.5-/31 @ 1 =   0.022/, Out:   0.000#   0.022/   0.000f


 Total SPIN, PARITY =    31.5 +,      6 chs,      6 cc.  Rmin & Coul turning =    1.5   25.6
   S-matrix    1 =    1.00000   0.00000 for L=   32, J=   31.5 channel on core I =   0.0 from L=   32,  Acc. loss =  0.0 D.
 Elastic phase shift   1 =    0.000   0.000 deg. for the L =   32, J =   31.5 channel.
      31.5  0.99999998  0.00000000i: elastic S-matrix  @@      0.00  0   0 F  0
 Reaction Xsec    31.5+/32 @ 1 =   0.020/, Out:   0.000#   0.020/   0.000f


 Total SPIN, PARITY =    31.5 -,      6 chs,      6 cc.  Rmin & Coul turning =    1.5   25.6
   S-matrix    1 =    1.00000   0.00000 for L=   31, J=   31.5 channel on core I =   0.0 from L=   31,  Acc. loss =  0.0 D.
 Elastic phase shift   1 =    0.000   0.000 deg. for the L =   31, J =   31.5 channel.
      31.5  0.99999998  0.00000000i: elastic S-matrix  @@      0.00  0   0 F  0
 Reaction Xsec    31.5-/31 @ 1 =   0.023/, Out:   0.000#   0.023/   0.000f


 Total SPIN, PARITY =    32.5 +,      6 chs,      6 cc.  Rmin & Coul turning =    1.5   26.5
   S-matrix    1 =    1.00000   0.00000 for L=   32, J=   32.5 channel on core I =   0.0 from L=   32,  Acc. loss =  0.0 D.
 Elastic phase shift   1 =    0.000   0.000 deg. for the L =   32, J =   32.5 channel.
      32.5  0.99999998  0.00000000i: elastic S-matrix  @@      0.00  0   0 F  0
 Reaction Xsec    32.5+/32 @ 1 =   0.021/, Out:   0.000#   0.021/   0.000f


 Total SPIN, PARITY =    32.5 -,      6 chs,      6 cc.  Rmin & Coul turning =    1.5   26.5
   S-matrix    1 =    1.00000   0.00000 for L=   33, J=   32.5 channel on core I =   0.0 from L=   33,  Acc. loss =  0.0 D.
 Elastic phase shift   1 =    0.000   0.000 deg. for the L =   33, J =   32.5 channel.
      32.5  0.99999999  0.00000000i: elastic S-matrix  @@      0.00  0   0 F  0
 Reaction Xsec    32.5-/33 @ 1 =   0.018/, Out:   0.000#   0.018/  -0.000f


 Total SPIN, PARITY =    33.5 +,      6 chs,      6 cc.  Rmin & Coul turning =    1.6   27.3
   S-matrix    1 =    1.00000   0.00000 for L=   34, J=   33.5 channel on core I =   0.0 from L=   34,  Acc. loss =  0.0 D.
 Elastic phase shift   1 =    0.000   0.000 deg. for the L =   34, J =   33.5 channel.
      33.5  0.99999999  0.00000000i: elastic S-matrix  @@      0.00  0   0 F  0
 Reaction Xsec    33.5+/34 @ 1 =   0.017/, Out:   0.000#   0.017/   0.000f


 Total SPIN, PARITY =    33.5 -,      6 chs,      6 cc.  Rmin & Coul turning =    1.6   27.3
   S-matrix    1 =    1.00000   0.00000 for L=   33, J=   33.5 channel on core I =   0.0 from L=   33,  Acc. loss =  0.0 D.
 Elastic phase shift   1 =    0.000   0.000 deg. for the L =   33, J =   33.5 channel.
      33.5  0.99999999  0.00000000i: elastic S-matrix  @@      0.00  0   0 F  0
 Reaction Xsec    33.5-/33 @ 1 =   0.019/, Out:   0.000#   0.019/   0.000f


 Total SPIN, PARITY =    34.5 +,      6 chs,      6 cc.  Rmin & Coul turning =    1.6   28.1
   S-matrix    1 =    1.00000   0.00000 for L=   34, J=   34.5 channel on core I =   0.0 from L=   34,  Acc. loss =  0.0 D.
 Elastic phase shift   1 =    0.000   0.000 deg. for the L =   34, J =   34.5 channel.
      34.5  0.99999999  0.00000000i: elastic S-matrix  @@      0.00  0   0 F  0
 Reaction Xsec    34.5+/34 @ 1 =   0.017/, Out:   0.000#   0.017/   0.000f


 Total SPIN, PARITY =    34.5 -,      6 chs,      6 cc.  Rmin & Coul turning =    1.6   28.1
   S-matrix    1 =    1.00000   0.00000 for L=   35, J=   34.5 channel on core I =   0.0 from L=   35,  Acc. loss =  0.0 D.
 Elastic phase shift   1 =    0.000   0.000 deg. for the L =   35, J =   34.5 channel.
      34.5  0.99999999  0.00000000i: elastic S-matrix  @@      0.00  0   0 F  0
 Reaction Xsec    34.5-/35 @ 1 =   0.015/, Out:   0.000#   0.015/   0.000f


 Total SPIN, PARITY =    35.5 +,      6 chs,      6 cc.  Rmin & Coul turning =    1.7   28.9
   S-matrix    1 =    1.00000   0.00000 for L=   36, J=   35.5 channel on core I =   0.0 from L=   36,  Acc. loss =  0.0 D.
 Elastic phase shift   1 =    0.000   0.000 deg. for the L =   36, J =   35.5 channel.
      35.5  0.99999999  0.00000000i: elastic S-matrix  @@      0.00  0   0 F  0
 Reaction Xsec    35.5+/36 @ 1 =   0.014/, Out:   0.000#   0.014/   0.000f


 Total SPIN, PARITY =    35.5 -,      6 chs,      6 cc.  Rmin & Coul turning =    1.7   28.9
   S-matrix    1 =    1.00000   0.00000 for L=   35, J=   35.5 channel on core I =   0.0 from L=   35,  Acc. loss =  0.0 D.
 Elastic phase shift   1 =    0.000   0.000 deg. for the L =   35, J =   35.5 channel.
      35.5  0.99999999  0.00000000i: elastic S-matrix  @@      0.00  0   0 F  0
 Reaction Xsec    35.5-/35 @ 1 =   0.016/, Out:   0.000#   0.016/   0.000f


 Total SPIN, PARITY =    36.5 +,      6 chs,      6 cc.  Rmin & Coul turning =    1.7   29.7
   S-matrix    1 =    1.00000   0.00000 for L=   36, J=   36.5 channel on core I =   0.0 from L=   36,  Acc. loss =  0.0 D.
 Elastic phase shift   1 =    0.000   0.000 deg. for the L =   36, J =   36.5 channel.
      36.5  0.99999999  0.00000000i: elastic S-matrix  @@      0.00  0   0 F  0
 Reaction Xsec    36.5+/36 @ 1 =   0.014/, Out:   0.000#   0.014/   0.000f


 Total SPIN, PARITY =    36.5 -,      6 chs,      6 cc.  Rmin & Coul turning =    1.7   29.7
   S-matrix    1 =    1.00000   0.00000 for L=   37, J=   36.5 channel on core I =   0.0 from L=   37,  Acc. loss =  0.0 D.
 Elastic phase shift   1 =    0.000   0.000 deg. for the L =   37, J =   36.5 channel.
      36.5  0.99999999  0.00000000i: elastic S-matrix  @@      0.00  0   0 F  0
 Reaction Xsec    36.5-/37 @ 1 =   0.013/, Out:   0.000#   0.013/   0.000f


 Total SPIN, PARITY =    37.5 +,      6 chs,      6 cc.  Rmin & Coul turning =    1.8   30.5
   S-matrix    1 =    1.00000   0.00000 for L=   38, J=   37.5 channel on core I =   0.0 from L=   38,  Acc. loss =  0.0 D.
 Elastic phase shift   1 =    0.000   0.000 deg. for the L =   38, J =   37.5 channel.
      37.5  0.99999999  0.00000000i: elastic S-matrix  @@      0.00  0   0 F  0
 Reaction Xsec    37.5+/38 @ 1 =   0.012/, Out:   0.000#   0.012/   0.000f


 Total SPIN, PARITY =    37.5 -,      6 chs,      6 cc.  Rmin & Coul turning =    1.8   30.5
   S-matrix    1 =    1.00000   0.00000 for L=   37, J=   37.5 channel on core I =   0.0 from L=   37,  Acc. loss =  0.0 D.
 Elastic phase shift   1 =    0.000   0.000 deg. for the L =   37, J =   37.5 channel.
      37.5  0.99999999  0.00000000i: elastic S-matrix  @@      0.00  0   0 F  0
 Reaction Xsec    37.5-/37 @ 1 =   0.013/, Out:   0.000#   0.013/   0.000f


 Total SPIN, PARITY =    38.5 +,      6 chs,      6 cc.  Rmin & Coul turning =    1.8   31.3
   S-matrix    1 =    1.00000   0.00000 for L=   38, J=   38.5 channel on core I =   0.0 from L=   38,  Acc. loss =  0.0 D.
 Elastic phase shift   1 =    0.000   0.000 deg. for the L =   38, J =   38.5 channel.
      38.5  0.99999999  0.00000000i: elastic S-matrix  @@      0.00  0   0 F  0
 Reaction Xsec    38.5+/38 @ 1 =   0.012/, Out:   0.000#   0.012/   0.000f


 Total SPIN, PARITY =    38.5 -,      6 chs,      6 cc.  Rmin & Coul turning =    1.8   31.3
   S-matrix    1 =    1.00000   0.00000 for L=   39, J=   38.5 channel on core I =   0.0 from L=   39,  Acc. loss =  0.0 D.
 Elastic phase shift   1 =    0.000   0.000 deg. for the L =   39, J =   38.5 channel.
      38.5  0.99999999  0.00000000i: elastic S-matrix  @@      0.00  0   0 F  0
 Reaction Xsec    38.5-/39 @ 1 =   0.011/, Out:   0.000#   0.011/   0.000f


 Total SPIN, PARITY =    39.5 +,      6 chs,      6 cc.  Rmin & Coul turning =    1.9   32.1
   S-matrix    1 =    1.00000   0.00000 for L=   40, J=   39.5 channel on core I =   0.0 from L=   40,  Acc. loss =  0.0 D.
 Elastic phase shift   1 =    0.000   0.000 deg. for the L =   40, J =   39.5 channel.
      39.5  0.99999999  0.00000000i: elastic S-matrix  @@      0.00  0   0 F  0
 Reaction Xsec    39.5+/40 @ 1 =   9.767#, Out:   0.000#   9.767#   0.000f


 Total SPIN, PARITY =    39.5 -,      6 chs,      6 cc.  Rmin & Coul turning =    1.9   32.1
   S-matrix    1 =    1.00000   0.00000 for L=   39, J=   39.5 channel on core I =   0.0 from L=   39,  Acc. loss =  0.0 D.
 Elastic phase shift   1 =    0.000   0.000 deg. for the L =   39, J =   39.5 channel.
      39.5  0.99999999  0.00000000i: elastic S-matrix  @@      0.00  0   0 F  0
 Reaction Xsec    39.5-/39 @ 1 =   0.011/, Out:   0.000#   0.011/   0.000f


 Total SPIN, PARITY =    40.5 +,      6 chs,      6 cc.  Rmin & Coul turning =    1.9   32.9
   S-matrix    1 =    1.00000   0.00000 for L=   40, J=   40.5 channel on core I =   0.0 from L=   40,  Acc. loss =  0.0 D.
 Elastic phase shift   1 =    0.000   0.000 deg. for the L =   40, J =   40.5 channel.
      40.5  0.99999999  0.00000000i: elastic S-matrix  @@      0.00  0   0 F  0
 Reaction Xsec    40.5+/40 @ 1 =   0.010/, Out:   0.000#   0.010/   0.000f


 Total SPIN, PARITY =    40.5 -,      6 chs,      6 cc.  Rmin & Coul turning =    1.9   32.9
   S-matrix    1 =    1.00000   0.00000 for L=   41, J=   40.5 channel on core I =   0.0 from L=   41,  Acc. loss =  0.0 D.
 Elastic phase shift   1 =    0.000   0.000 deg. for the L =   41, J =   40.5 channel.
      40.5  0.99999999  0.00000000i: elastic S-matrix  @@      0.00  0   0 F  0
 Reaction Xsec    40.5-/41 @ 1 =   9.020#, Out:   0.000#   9.020#   0.000f


 Total SPIN, PARITY =    41.5 +,      6 chs,      6 cc.  Rmin & Coul turning =    1.9   33.7
   S-matrix    1 =    1.00000   0.00000 for L=   42, J=   41.5 channel on core I =   0.0 from L=   42,  Acc. loss =  0.0 D.
 Elastic phase shift   1 =    0.000   0.000 deg. for the L =   42, J =   41.5 channel.
      41.5  1.00000000  0.00000000i: elastic S-matrix  @@      0.00  0   0 F  0
 Reaction Xsec    41.5+/42 @ 1 =   8.236#, Out:   0.000#   8.236#   0.000f


 Total SPIN, PARITY =    41.5 -,      6 chs,      6 cc.  Rmin & Coul turning =    1.9   33.7
   S-matrix    1 =    1.00000   0.00000 for L=   41, J=   41.5 channel on core I =   0.0 from L=   41,  Acc. loss =  0.0 D.
 Elastic phase shift   1 =    0.000   0.000 deg. for the L =   41, J =   41.5 channel.
      41.5  0.99999999  0.00000000i: elastic S-matrix  @@      0.00  0   0 F  0
 Reaction Xsec    41.5-/41 @ 1 =   9.240#, Out:   0.000#   9.240#   0.000f


 Total SPIN, PARITY =    42.5 +,      6 chs,      6 cc.  Rmin & Coul turning =    2.0   34.5
   S-matrix    1 =    1.00000   0.00000 for L=   42, J=   42.5 channel on core I =   0.0 from L=   42,  Acc. loss =  0.0 D.
 Elastic phase shift   1 =    0.000   0.000 deg. for the L =   42, J =   42.5 channel.
      42.5  1.00000000  0.00000000i: elastic S-matrix  @@      0.00  0   0 F  0
 Reaction Xsec    42.5+/42 @ 1 =   8.432#, Out:   0.000#   8.432#   0.000f


 Total SPIN, PARITY =    42.5 -,      6 chs,      6 cc.  Rmin & Coul turning =    2.0   34.5
   S-matrix    1 =    1.00000   0.00000 for L=   43, J=   42.5 channel on core I =   0.0 from L=   43,  Acc. loss =  0.0 D.
 Elastic phase shift   1 =    0.000   0.000 deg. for the L =   43, J =   42.5 channel.
      42.5  1.00000000  0.00000000i: elastic S-matrix  @@      0.00  0   0 F  0
 Reaction Xsec    42.5-/43 @ 1 =   7.537#, Out:   0.000#   7.537#   0.000f


 Total SPIN, PARITY =    43.5 +,      6 chs,      6 cc.  Rmin & Coul turning =    2.0   35.4
   S-matrix    1 =    1.00000   0.00000 for L=   44, J=   43.5 channel on core I =   0.0 from L=   44,  Acc. loss =  0.0 D.
 Elastic phase shift   1 =    0.000   0.000 deg. for the L =   44, J =   43.5 channel.
      43.5  1.00000000  0.00000000i: elastic S-matrix  @@      0.00  0   0 F  0
 Reaction Xsec    43.5+/44 @ 1 =   6.989#, Out:   0.000#   6.988#   0.000f


 Total SPIN, PARITY =    43.5 -,      6 chs,      6 cc.  Rmin & Coul turning =    2.0   35.4
   S-matrix    1 =    1.00000   0.00000 for L=   43, J=   43.5 channel on core I =   0.0 from L=   43,  Acc. loss =  0.0 D.
 Elastic phase shift   1 =    0.000   0.000 deg. for the L =   43, J =   43.5 channel.
      43.5  1.00000000  0.00000000i: elastic S-matrix  @@      0.00  0   0 F  0
 Reaction Xsec    43.5-/43 @ 1 =   7.712#, Out:   0.000#   7.712#   0.000f


 Total SPIN, PARITY =    44.5 +,      6 chs,      6 cc.  Rmin & Coul turning =    2.1   36.2
   S-matrix    1 =    1.00000   0.00000 for L=   44, J=   44.5 channel on core I =   0.0 from L=   44,  Acc. loss =  0.0 D.
 Elastic phase shift   1 =    0.000   0.000 deg. for the L =   44, J =   44.5 channel.
      44.5  1.00000000  0.00000000i: elastic S-matrix  @@      0.00  0   0 F  0
 Reaction Xsec    44.5+/44 @ 1 =   7.147#, Out:   0.000#   7.147#   0.000f


 Total SPIN, PARITY =    44.5 -,      6 chs,      6 cc.  Rmin & Coul turning =    2.1   36.2
   S-matrix    1 =    1.00000   0.00000 for L=   45, J=   44.5 channel on core I =   0.0 from L=   45,  Acc. loss =  0.0 D.
 Elastic phase shift   1 =    0.000   0.000 deg. for the L =   45, J =   44.5 channel.
      44.5  1.00000000  0.00000000i: elastic S-matrix  @@      0.00  0   0 F  0
 Reaction Xsec    44.5-/45 @ 1 =   6.414#, Out:   0.000#   6.414#   0.000f


 Total SPIN, PARITY =    45.5 +,      6 chs,      6 cc.  Rmin & Coul turning =    2.2   37.0
   S-matrix    1 =    1.00000   0.00000 for L=   46, J=   45.5 channel on core I =   0.0 from L=   46,  Acc. loss =  0.0 D.
 Elastic phase shift   1 =    0.000   0.000 deg. for the L =   46, J =   45.5 channel.
      45.5  1.00000000  0.00000000i: elastic S-matrix  @@      0.00  0   0 F  0
 Reaction Xsec    45.5+/46 @ 1 =   5.840#, Out:   0.000#   5.839#   0.000f


 Total SPIN, PARITY =    45.5 -,      6 chs,      6 cc.  Rmin & Coul turning =    2.2   37.0
   S-matrix    1 =    1.00000   0.00000 for L=   45, J=   45.5 channel on core I =   0.0 from L=   45,  Acc. loss =  0.0 D.
 Elastic phase shift   1 =    0.000   0.000 deg. for the L =   45, J =   45.5 channel.
      45.5  1.00000000  0.00000000i: elastic S-matrix  @@      0.00  0   0 F  0
 Reaction Xsec    45.5-/45 @ 1 =   6.556#, Out:   0.000#   6.556#   0.000f


 Total SPIN, PARITY =    46.5 +,      6 chs,      6 cc.  Rmin & Coul turning =    2.2   37.8
   S-matrix    1 =    1.00000   0.00000 for L=   46, J=   46.5 channel on core I =   0.0 from L=   46,  Acc. loss =  0.0 D.
 Elastic phase shift   1 =    0.000   0.000 deg. for the L =   46, J =   46.5 channel.
      46.5  1.00000000  0.00000000i: elastic S-matrix  @@      0.00  0   0 F  0
 Reaction Xsec    46.5+/46 @ 1 =   5.966#, Out:   0.000#   5.966#   0.000f


 Total SPIN, PARITY =    46.5 -,      6 chs,      6 cc.  Rmin & Coul turning =    2.2   37.8
   S-matrix    1 =    1.00000   0.00000 for L=   47, J=   46.5 channel on core I =   0.0 from L=   47,  Acc. loss =  0.0 D.
 Elastic phase shift   1 =    0.000   0.000 deg. for the L =   47, J =   46.5 channel.
      46.5  1.00000000  0.00000000i: elastic S-matrix  @@      0.00  0   0 F  0
 Reaction Xsec    46.5-/47 @ 1 =   5.408#, Out:   0.000#   5.407#   0.000f


 Total SPIN, PARITY =    47.5 +,      6 chs,      6 cc.  Rmin & Coul turning =    2.2   38.6
   S-matrix    1 =    1.00000   0.00000 for L=   48, J=   47.5 channel on core I =   0.0 from L=   48,  Acc. loss =  0.0 D.
 Elastic phase shift   1 =    0.000   0.000 deg. for the L =   48, J =   47.5 channel.
      47.5  1.00000000  0.00000000i: elastic S-matrix  @@      0.00  0   0 F  0
 Reaction Xsec    47.5+/48 @ 1 =   5.015#, Out:   0.000#   5.015#   0.000f


 Total SPIN, PARITY =    47.5 -,      6 chs,      6 cc.  Rmin & Coul turning =    2.2   38.6
   S-matrix    1 =    1.00000   0.00000 for L=   47, J=   47.5 channel on core I =   0.0 from L=   47,  Acc. loss =  0.0 D.
 Elastic phase shift   1 =    0.000   0.000 deg. for the L =   47, J =   47.5 channel.
      47.5  1.00000000  0.00000000i: elastic S-matrix  @@      0.00  0   0 F  0
 Reaction Xsec    47.5-/47 @ 1 =   5.523#, Out:   0.000#   5.522#   0.000f


 Total SPIN, PARITY =    48.5 +,      6 chs,      6 cc.  Rmin & Coul turning =    2.3   39.4
   S-matrix    1 =    1.00000   0.00000 for L=   48, J=   48.5 channel on core I =   0.0 from L=   48,  Acc. loss =  0.0 D.
 Elastic phase shift   1 =    0.000   0.000 deg. for the L =   48, J =   48.5 channel.
      48.5  1.00000000  0.00000000i: elastic S-matrix  @@      0.00  0   0 F  0
 Reaction Xsec    48.5+/48 @ 1 =   5.120#, Out:   0.000#   5.120#   0.000f


 Total SPIN, PARITY =    48.5 -,      6 chs,      6 cc.  Rmin & Coul turning =    2.3   39.4
   S-matrix    1 =    1.00000   0.00000 for L=   49, J=   48.5 channel on core I =   0.0 from L=   49,  Acc. loss =  0.0 D.
 Elastic phase shift   1 =    0.000   0.000 deg. for the L =   49, J =   48.5 channel.
      48.5  1.00000000  0.00000000i: elastic S-matrix  @@      0.00  0   0 F  0
 Reaction Xsec    48.5-/49 @ 1 =   4.560#, Out:   0.000#   4.560#   0.000f


 Total SPIN, PARITY =    49.5 +,      6 chs,      6 cc.  Rmin & Coul turning =    2.3   40.2
   S-matrix    1 =    1.00000   0.00000 for L=   50, J=   49.5 channel on core I =   0.0 from L=   50,  Acc. loss =  0.0 D.
 Elastic phase shift   1 =    0.000   0.000 deg. for the L =   50, J =   49.5 channel.
      49.5  1.00000000  0.00000000i: elastic S-matrix  @@      0.00  0   0 F  0
 Reaction Xsec    49.5+/50 @ 1 =   4.165#, Out:   0.000#   4.165#   0.000f


 Total SPIN, PARITY =    49.5 -,      6 chs,      6 cc.  Rmin & Coul turning =    2.3   40.2
   S-matrix    1 =    1.00000   0.00000 for L=   49, J=   49.5 channel on core I =   0.0 from L=   49,  Acc. loss =  0.0 D.
 Elastic phase shift   1 =    0.000   0.000 deg. for the L =   49, J =   49.5 channel.
      49.5  1.00000000  0.00000000i: elastic S-matrix  @@      0.00  0   0 F  0
 Reaction Xsec    49.5-/49 @ 1 =   4.653#, Out:   0.000#   4.653#   0.000f


 Total SPIN, PARITY =    50.5 +,      6 chs,      6 cc.  Rmin & Coul turning =    2.4   41.0
   S-matrix    1 =    1.00000   0.00000 for L=   50, J=   50.5 channel on core I =   0.0 from L=   50,  Acc. loss =  0.0 D.
 Elastic phase shift   1 =    0.000   0.000 deg. for the L =   50, J =   50.5 channel.
      50.5  1.00000000  0.00000000i: elastic S-matrix  @@      0.00  0   0 F  0
 Reaction Xsec    50.5+/50 @ 1 =   4.248#, Out:   0.000#   4.248#   0.000f


 Total SPIN, PARITY =    50.5 -,      6 chs,      6 cc.  Rmin & Coul turning =    2.4   41.0
   S-matrix    1 =    1.00000   0.00000 for L=   51, J=   50.5 channel on core I =   0.0 from L=   51,  Acc. loss =  0.0 D.
 Elastic phase shift   1 =    0.000   0.000 deg. for the L =   51, J =   50.5 channel.
      50.5  1.00000000  0.00000000i: elastic S-matrix  @@      0.00  0   0 F  0
 Reaction Xsec    50.5-/51 @ 1 =   3.886#, Out:   0.000#   3.886#   0.000f

 Finished all CC sets @   0.237825990    
0CUMULATIVE REACTION cross section                 =  807.11873  <L> =     4.13  <L**2> =     20.5
0CUMULATIVE outgoing cross sections in partition 1 :    0.00000   54.30653
0Cumulative ABSORBTION by Imaginary Potentials     =  752.81220  <L> =     4.13  <L**2> =     20.5
   Fusion for specific p        M-states :  752.812202  752.812202
0CUMULATIVE OUTGOING cross section                 =   54.30653
 To convert to S-factors (MeV.mb = keV.b),  multiply by  1.2763E+02


 CROSS SECTIONS FOR OUTGOING p        & O20      in state #   1 with spins & parities 0.5  + &  0.0  +;  0

     0.01 deg.: X-S =   1.2880E+15 mb/sr,
+                                         /R =   1.0000E+00
     1.00 deg.: X-S =   1.2513E+07 mb/sr,
+                                         /R =   9.7145E-01
     2.00 deg.: X-S =   7.2633E+05 mb/sr,
+                                         /R =   9.0208E-01
     3.00 deg.: X-S =   1.3009E+05 mb/sr,
+                                         /R =   8.1774E-01
     4.00 deg.: X-S =   3.7407E+04 mb/sr,
+                                         /R =   7.4289E-01
     5.00 deg.: X-S =   1.4490E+04 mb/sr,
+                                         /R =   7.0223E-01
     6.00 deg.: X-S =  7170.696933 mb/sr,
+                                         /R =   7.2020E-01
     7.00 deg.: X-S =  4408.224150 mb/sr,
+                                         /R =   8.1970E-01
     8.00 deg.: X-S =  3219.625094 mb/sr,
+                                         /R =   1.0206E+00
     9.00 deg.: X-S =  2637.291738 mb/sr,
+                                         /R =   1.3379E+00
    10.00 deg.: X-S =  2305.410460 mb/sr,
+                                         /R =   1.7808E+00
    11.00 deg.: X-S =  2081.286927 mb/sr,
+                                         /R =   2.3513E+00
    12.00 deg.: X-S =  1904.412153 mb/sr,
+                                         /R =   3.0436E+00
    13.00 deg.: X-S =  1748.475202 mb/sr,
+                                         /R =   3.8440E+00
    14.00 deg.: X-S =  1602.207885 mb/sr,
+                                         /R =   4.7314E+00
    15.00 deg.: X-S =  1461.201919 mb/sr,
+                                         /R =   5.6780E+00
    16.00 deg.: X-S =  1324.218087 mb/sr,
+                                         /R =   6.6508E+00
    17.00 deg.: X-S =  1191.448007 mb/sr,
+                                         /R =   7.6133E+00
    18.00 deg.: X-S =  1063.668362 mb/sr,
+                                         /R =   8.5276E+00
    19.00 deg.: X-S =   941.820963 mb/sr,
+                                         /R =   9.3562E+00
    20.00 deg.: X-S =   826.803840 mb/sr,
+                                         /R =   1.0064E+01
    21.00 deg.: X-S =   719.370570 mb/sr,
+                                         /R =   1.0621E+01
    22.00 deg.: X-S =   620.086932 mb/sr,
+                                         /R =   1.1004E+01
    23.00 deg.: X-S =   529.318810 mb/sr,
+                                         /R =   1.1195E+01
    24.00 deg.: X-S =   447.237501 mb/sr,
+                                         /R =   1.1188E+01
    25.00 deg.: X-S =   373.834832 mb/sr,
+                                         /R =   1.0983E+01
    26.00 deg.: X-S =   308.943672 mb/sr,
+                                         /R =   1.0591E+01
    27.00 deg.: X-S =   252.261181 mb/sr,
+                                         /R =   1.0030E+01
    28.00 deg.: X-S =   203.373059 mb/sr,
+                                         /R =   9.3258E+00
    29.00 deg.: X-S =   161.777657 mb/sr,
+                                         /R =   8.5116E+00
    30.00 deg.: X-S =   126.909102 mb/sr,
+                                         /R =   7.6238E+00
    31.00 deg.: X-S =    98.158872 mb/sr,
+                                         /R =   6.7022E+00
    32.00 deg.: X-S =    74.895404 mb/sr,
+                                         /R =   5.7876E+00
    33.00 deg.: X-S =    56.481468 mb/sr,
+                                         /R =   4.9200E+00
    34.00 deg.: X-S =    42.289146 mb/sr,
+                                         /R =   4.1368E+00
    35.00 deg.: X-S =    31.712370 mb/sr,
+                                         /R =   3.4713E+00
    36.00 deg.: X-S =    24.177030 mb/sr,
+                                         /R =   2.9514E+00
    37.00 deg.: X-S =    19.148754 mb/sr,
+                                         /R =   2.5986E+00
    38.00 deg.: X-S =    16.138502 mb/sr,
+                                         /R =   2.4273E+00
    39.00 deg.: X-S =    14.706154 mb/sr,
+                                         /R =   2.4444E+00
    40.00 deg.: X-S =    14.462321 mb/sr,
+                                         /R =   2.6493E+00
    41.00 deg.: X-S =    15.068599 mb/sr,
+                                         /R =   3.0344E+00
    42.00 deg.: X-S =    16.236514 mb/sr,
+                                         /R =   3.5851E+00
    43.00 deg.: X-S =    17.725401 mb/sr,
+                                         /R =   4.2814E+00
    44.00 deg.: X-S =    19.339437 mb/sr,
+                                         /R =   5.0984E+00
    45.00 deg.: X-S =    20.924065 mb/sr,
+                                         /R =   6.0075E+00
    46.00 deg.: X-S =    22.361981 mb/sr,
+                                         /R =   6.9777E+00
    47.00 deg.: X-S =    23.568898 mb/sr,
+                                         /R =   7.9768E+00
    48.00 deg.: X-S =    24.489201 mb/sr,
+                                         /R =   8.9726E+00
    49.00 deg.: X-S =    25.091665 mb/sr,
+                                         /R =   9.9341E+00
    50.00 deg.: X-S =    25.365306 mb/sr,
+                                         /R =   1.0832E+01
    51.00 deg.: X-S =    25.315483 mb/sr,
+                                         /R =   1.1642E+01
    52.00 deg.: X-S =    24.960288 mb/sr,
+                                         /R =   1.2340E+01
    53.00 deg.: X-S =    24.327276 mb/sr,
+                                         /R =   1.2909E+01
    54.00 deg.: X-S =    23.450578 mb/sr,
+                                         /R =   1.3336E+01
    55.00 deg.: X-S =    22.368375 mb/sr,
+                                         /R =   1.3613E+01
    56.00 deg.: X-S =    21.120762 mb/sr,
+                                         /R =   1.3735E+01
    57.00 deg.: X-S =    19.747980 mb/sr,
+                                         /R =   1.3705E+01
    58.00 deg.: X-S =    18.288985 mb/sr,
+                                         /R =   1.3526E+01
    59.00 deg.: X-S =    16.780348 mb/sr,
+                                         /R =   1.3208E+01
    60.00 deg.: X-S =    15.255444 mb/sr,
+                                         /R =   1.2764E+01
    61.00 deg.: X-S =    13.743891 mb/sr,
+                                         /R =   1.2209E+01
    62.00 deg.: X-S =    12.271228 mb/sr,
+                                         /R =   1.1559E+01
    63.00 deg.: X-S =    10.858775 mb/sr,
+                                         /R =   1.0835E+01
    64.00 deg.: X-S =     9.523652 mb/sr,
+                                         /R =   1.0054E+01
    65.00 deg.: X-S =     8.278926 mb/sr,
+                                         /R =   9.2370E+00
    66.00 deg.: X-S =     7.133859 mb/sr,
+                                         /R =   8.4033E+00
    67.00 deg.: X-S =     6.094228 mb/sr,
+                                         /R =   7.5713E+00
    68.00 deg.: X-S =     5.162687 mb/sr,
+                                         /R =   6.7579E+00
    69.00 deg.: X-S =     4.339169 mb/sr,
+                                         /R =   5.9788E+00
    70.00 deg.: X-S =     3.621294 mb/sr,
+                                         /R =   5.2471E+00
    71.00 deg.: X-S =     3.004774 mb/sr,
+                                         /R =   4.5743E+00
    72.00 deg.: X-S =     2.483806 mb/sr,
+                                         /R =   3.9690E+00
    73.00 deg.: X-S =     2.051445 mb/sr,
+                                         /R =   3.4380E+00
    74.00 deg.: X-S =     1.699940 mb/sr,
+                                         /R =   2.9852E+00
    75.00 deg.: X-S =     1.421046 mb/sr,
+                                         /R =   2.6127E+00
    76.00 deg.: X-S =     1.206292 mb/sr,
+                                         /R =   2.3201E+00
    77.00 deg.: X-S =     1.047214 mb/sr,
+                                         /R =   2.1054E+00
    78.00 deg.: X-S =     0.935552 mb/sr,
+                                         /R =   1.9645E+00
    79.00 deg.: X-S =     0.863407 mb/sr,
+                                         /R =   1.8921E+00
    80.00 deg.: X-S =     0.823365 mb/sr,
+                                         /R =   1.8817E+00
    81.00 deg.: X-S =     0.808595 mb/sr,
+                                         /R =   1.9258E+00
    82.00 deg.: X-S =     0.812905 mb/sr,
+                                         /R =   2.0161E+00
    83.00 deg.: X-S =     0.830784 mb/sr,
+                                         /R =   2.1441E+00
    84.00 deg.: X-S =     0.857417 mb/sr,
+                                         /R =   2.3011E+00
    85.00 deg.: X-S =     0.888680 mb/sr,
+                                         /R =   2.4784E+00
    86.00 deg.: X-S =     0.921122 mb/sr,
+                                         /R =   2.6677E+00
    87.00 deg.: X-S =     0.951929 mb/sr,
+                                         /R =   2.8612E+00
    88.00 deg.: X-S =     0.978887 mb/sr,
+                                         /R =   3.0515E+00
    89.00 deg.: X-S =     1.000328 mb/sr,
+                                         /R =   3.2321E+00
    90.00 deg.: X-S =     1.015080 mb/sr,
+                                         /R =   3.3973E+00
    91.00 deg.: X-S =     1.022405 mb/sr,
+                                         /R =   3.5423E+00
    92.00 deg.: X-S =     1.021946 mb/sr,
+                                         /R =   3.6632E+00
    93.00 deg.: X-S =     1.013668 mb/sr,
+                                         /R =   3.7570E+00
    94.00 deg.: X-S =     0.997803 mb/sr,
+                                         /R =   3.8216E+00
    95.00 deg.: X-S =     0.974796 mb/sr,
+                                         /R =   3.8559E+00
    96.00 deg.: X-S =     0.945263 mb/sr,
+                                         /R =   3.8596E+00
    97.00 deg.: X-S =     0.909935 mb/sr,
+                                         /R =   3.8329E+00
    98.00 deg.: X-S =     0.869631 mb/sr,
+                                         /R =   3.7770E+00
    99.00 deg.: X-S =     0.825213 mb/sr,
+                                         /R =   3.6935E+00
   100.00 deg.: X-S =     0.777560 mb/sr,
+                                         /R =   3.5846E+00
   101.00 deg.: X-S =     0.727544 mb/sr,
+                                         /R =   3.4528E+00
   102.00 deg.: X-S =     0.676003 mb/sr,
+                                         /R =   3.3010E+00
   103.00 deg.: X-S =     0.623731 mb/sr,
+                                         /R =   3.1323E+00
   104.00 deg.: X-S =     0.571458 mb/sr,
+                                         /R =   2.9499E+00
   105.00 deg.: X-S =     0.519847 mb/sr,
+                                         /R =   2.7570E+00
   106.00 deg.: X-S =     0.469483 mb/sr,
+                                         /R =   2.5569E+00
   107.00 deg.: X-S =     0.420873 mb/sr,
+                                         /R =   2.3527E+00
   108.00 deg.: X-S =     0.374443 mb/sr,
+                                         /R =   2.1474E+00
   109.00 deg.: X-S =     0.330539 mb/sr,
+                                         /R =   1.9438E+00
   110.00 deg.: X-S =     0.289431 mb/sr,
+                                         /R =   1.7446E+00
   111.00 deg.: X-S =     0.251317 mb/sr,
+                                         /R =   1.5520E+00
   112.00 deg.: X-S =     0.216327 mb/sr,
+                                         /R =   1.3680E+00
   113.00 deg.: X-S =     0.184530 mb/sr,
+                                         /R =   1.1945E+00
   114.00 deg.: X-S =     0.155938 mb/sr,
+                                         /R =   1.0328E+00
   115.00 deg.: X-S =     0.130516 mb/sr,
+                                         /R =   8.8404E-01
   116.00 deg.: X-S =     0.108187 mb/sr,
+                                         /R =   7.4912E-01
   117.00 deg.: X-S =     0.088839 mb/sr,
+                                         /R =   6.2857E-01
   118.00 deg.: X-S =     0.072328 mb/sr,
+                                         /R =   5.2271E-01
   119.00 deg.: X-S =     0.058489 mb/sr,
+                                         /R =   4.3156E-01
   120.00 deg.: X-S =     0.047138 mb/sr,
+                                         /R =   3.5497E-01
   121.00 deg.: X-S =     0.038081 mb/sr,
+                                         /R =   2.9254E-01
   122.00 deg.: X-S =     0.031111 mb/sr,
+                                         /R =   2.4371E-01
   123.00 deg.: X-S =     0.026020 mb/sr,
+                                         /R =   2.0777E-01
   124.00 deg.: X-S =     0.022599 mb/sr,
+                                         /R =   1.8387E-01
   125.00 deg.: X-S =     0.020641 mb/sr,
+                                         /R =   1.7105E-01
   126.00 deg.: X-S =     0.019943 mb/sr,
+                                         /R =   1.6827E-01
   127.00 deg.: X-S =     0.020312 mb/sr,
+                                         /R =   1.7442E-01
   128.00 deg.: X-S =     0.021560 mb/sr,
+                                         /R =   1.8835E-01
   129.00 deg.: X-S =     0.023512 mb/sr,
+                                         /R =   2.0889E-01
   130.00 deg.: X-S =     0.026003 mb/sr,
+                                         /R =   2.3486E-01
   131.00 deg.: X-S =     0.028881 mb/sr,
+                                         /R =   2.6509E-01
   132.00 deg.: X-S =     0.032006 mb/sr,
+                                         /R =   2.9843E-01
   133.00 deg.: X-S =     0.035251 mb/sr,
+                                         /R =   3.3377E-01
   134.00 deg.: X-S =     0.038502 mb/sr,
+                                         /R =   3.7007E-01
   135.00 deg.: X-S =     0.041660 mb/sr,
+                                         /R =   4.0632E-01
   136.00 deg.: X-S =     0.044636 mb/sr,
+                                         /R =   4.4161E-01
   137.00 deg.: X-S =     0.047357 mb/sr,
+                                         /R =   4.7510E-01
   138.00 deg.: X-S =     0.049760 mb/sr,
+                                         /R =   5.0603E-01
   139.00 deg.: X-S =     0.051796 mb/sr,
+                                         /R =   5.3375E-01
   140.00 deg.: X-S =     0.053428 mb/sr,
+                                         /R =   5.5770E-01
   141.00 deg.: X-S =     0.054629 mb/sr,
+                                         /R =   5.7743E-01
   142.00 deg.: X-S =     0.055383 mb/sr,
+                                         /R =   5.9258E-01
   143.00 deg.: X-S =     0.055686 mb/sr,
+                                         /R =   6.0293E-01
   144.00 deg.: X-S =     0.055542 mb/sr,
+                                         /R =   6.0833E-01
   145.00 deg.: X-S =     0.054963 mb/sr,
+                                         /R =   6.0875E-01
   146.00 deg.: X-S =     0.053971 mb/sr,
+                                         /R =   6.0428E-01
   147.00 deg.: X-S =     0.052594 mb/sr,
+                                         /R =   5.9508E-01
   148.00 deg.: X-S =     0.050865 mb/sr,
+                                         /R =   5.8140E-01
   149.00 deg.: X-S =     0.048825 mb/sr,
+                                         /R =   5.6361E-01
   150.00 deg.: X-S =     0.046517 mb/sr,
+                                         /R =   5.4210E-01
   151.00 deg.: X-S =     0.043987 mb/sr,
+                                         /R =   5.1735E-01
   152.00 deg.: X-S =     0.041285 mb/sr,
+                                         /R =   4.8990E-01
   153.00 deg.: X-S =     0.038461 mb/sr,
+                                         /R =   4.6029E-01
   154.00 deg.: X-S =     0.035563 mb/sr,
+                                         /R =   4.2913E-01
   155.00 deg.: X-S =     0.032641 mb/sr,
+                                         /R =   3.9700E-01
   156.00 deg.: X-S =     0.029742 mb/sr,
+                                         /R =   3.6449E-01
   157.00 deg.: X-S =     0.026909 mb/sr,
+                                         /R =   3.3217E-01
   158.00 deg.: X-S =     0.024182 mb/sr,
+                                         /R =   3.0058E-01
   159.00 deg.: X-S =     0.021596 mb/sr,
+                                         /R =   2.7022E-01
   160.00 deg.: X-S =     0.019181 mb/sr,
+                                         /R =   2.4153E-01
   161.00 deg.: X-S =     0.016963 mb/sr,
+                                         /R =   2.1488E-01
   162.00 deg.: X-S =     0.014959 mb/sr,
+                                         /R =   1.9058E-01
   163.00 deg.: X-S =     0.013183 mb/sr,
+                                         /R =   1.6885E-01
   164.00 deg.: X-S =     0.011640 mb/sr,
+                                         /R =   1.4985E-01
   165.00 deg.: X-S =     0.010331 mb/sr,
+                                         /R =   1.3364E-01
   166.00 deg.: X-S =     0.009252 mb/sr,
+                                         /R =   1.2021E-01
   167.00 deg.: X-S =     0.008391 mb/sr,
+                                         /R =   1.0948E-01
   168.00 deg.: X-S =     0.007734 mb/sr,
+                                         /R =   1.0129E-01
   169.00 deg.: X-S =     0.007262 mb/sr,
+                                         /R =   9.5435E-02
   170.00 deg.: X-S =     0.006951 mb/sr,
+                                         /R =   9.1649E-02
   171.00 deg.: X-S =     0.006778 mb/sr,
+                                         /R =   8.9631E-02
   172.00 deg.: X-S =     0.006717 mb/sr,
+                                         /R =   8.9055E-02
   173.00 deg.: X-S =     0.006742 mb/sr,
+                                         /R =   8.9580E-02
   174.00 deg.: X-S =     0.006825 mb/sr,
+                                         /R =   9.0869E-02
   175.00 deg.: X-S =     0.006943 mb/sr,
+                                         /R =   9.2595E-02
   176.00 deg.: X-S =     0.007073 mb/sr,
+                                         /R =   9.4460E-02
   177.00 deg.: X-S =     0.007196 mb/sr,
+                                         /R =   9.6202E-02
   178.00 deg.: X-S =     0.007295 mb/sr,
+                                         /R =   9.7607E-02
   179.00 deg.: X-S =     0.007360 mb/sr,
+                                         /R =   9.8515E-02
   179.99 deg.: X-S =     0.007382 mb/sr,
+                                         /R =   9.8829E-02
                                           Integrated********** mb, over [   0.000, 180.000] at    35.0000 MeV 

 CROSS SECTIONS FOR OUTGOING p        & O20      in state #   2 with spins & parities 0.5  + &  2.0  +;  0

     0.00 deg.: X-S =    37.252766 mb/sr,
+                                         REAC   5.4307E+01 mb
     1.00 deg.: X-S =    37.244454 mb/sr,
     2.00 deg.: X-S =    37.180176 mb/sr,
     3.00 deg.: X-S =    36.961714 mb/sr,
     4.00 deg.: X-S =    36.482820 mb/sr,
     5.00 deg.: X-S =    35.685834 mb/sr,
     6.00 deg.: X-S =    34.592001 mb/sr,
     7.00 deg.: X-S =    33.289035 mb/sr,
     8.00 deg.: X-S =    31.889368 mb/sr,
     9.00 deg.: X-S =    30.489851 mb/sr,
    10.00 deg.: X-S =    29.154584 mb/sr,
    11.00 deg.: X-S =    27.920889 mb/sr,
    12.00 deg.: X-S =    26.814478 mb/sr,
    13.00 deg.: X-S =    25.859654 mb/sr,
    14.00 deg.: X-S =    25.078739 mb/sr,
    15.00 deg.: X-S =    24.484823 mb/sr,
    16.00 deg.: X-S =    24.076692 mb/sr,
    17.00 deg.: X-S =    23.841086 mb/sr,
    18.00 deg.: X-S =    23.759425 mb/sr,
    19.00 deg.: X-S =    23.812160 mb/sr,
    20.00 deg.: X-S =    23.977173 mb/sr,
    21.00 deg.: X-S =    24.224835 mb/sr,
    22.00 deg.: X-S =    24.515596 mb/sr,
    23.00 deg.: X-S =    24.803902 mb/sr,
    24.00 deg.: X-S =    25.046792 mb/sr,
    25.00 deg.: X-S =    25.211378 mb/sr,
    26.00 deg.: X-S =    25.276190 mb/sr,
    27.00 deg.: X-S =    25.226455 mb/sr,
    28.00 deg.: X-S =    25.048104 mb/sr,
    29.00 deg.: X-S =    24.725788 mb/sr,
    30.00 deg.: X-S =    24.246471 mb/sr,
    31.00 deg.: X-S =    23.605514 mb/sr,
    32.00 deg.: X-S =    22.810299 mb/sr,
    33.00 deg.: X-S =    21.878558 mb/sr,
    34.00 deg.: X-S =    20.832833 mb/sr,
    35.00 deg.: X-S =    19.695173 mb/sr,
    36.00 deg.: X-S =    18.485353 mb/sr,
    37.00 deg.: X-S =    17.222753 mb/sr,
    38.00 deg.: X-S =    15.929211 mb/sr,
    39.00 deg.: X-S =    14.629876 mb/sr,
    40.00 deg.: X-S =    13.351086 mb/sr,
    41.00 deg.: X-S =    12.116850 mb/sr,
    42.00 deg.: X-S =    10.946382 mb/sr,
    43.00 deg.: X-S =     9.853968 mb/sr,
    44.00 deg.: X-S =     8.850462 mb/sr,
    45.00 deg.: X-S =     7.944680 mb/sr,
    46.00 deg.: X-S =     7.143491 mb/sr,
    47.00 deg.: X-S =     6.450803 mb/sr,
    48.00 deg.: X-S =     5.866642 mb/sr,
    49.00 deg.: X-S =     5.387304 mb/sr,
    50.00 deg.: X-S =     5.006505 mb/sr,
    51.00 deg.: X-S =     4.716616 mb/sr,
    52.00 deg.: X-S =     4.509153 mb/sr,
    53.00 deg.: X-S =     4.374493 mb/sr,
    54.00 deg.: X-S =     4.301535 mb/sr,
    55.00 deg.: X-S =     4.278021 mb/sr,
    56.00 deg.: X-S =     4.291606 mb/sr,
    57.00 deg.: X-S =     4.331017 mb/sr,
    58.00 deg.: X-S =     4.386551 mb/sr,
    59.00 deg.: X-S =     4.449717 mb/sr,
    60.00 deg.: X-S =     4.512525 mb/sr,
    61.00 deg.: X-S =     4.567194 mb/sr,
    62.00 deg.: X-S =     4.606600 mb/sr,
    63.00 deg.: X-S =     4.625161 mb/sr,
    64.00 deg.: X-S =     4.619435 mb/sr,
    65.00 deg.: X-S =     4.587974 mb/sr,
    66.00 deg.: X-S =     4.530543 mb/sr,
    67.00 deg.: X-S =     4.447325 mb/sr,
    68.00 deg.: X-S =     4.338627 mb/sr,
    69.00 deg.: X-S =     4.205212 mb/sr,
    70.00 deg.: X-S =     4.048816 mb/sr,
    71.00 deg.: X-S =     3.872355 mb/sr,
    72.00 deg.: X-S =     3.679576 mb/sr,
    73.00 deg.: X-S =     3.474388 mb/sr,
    74.00 deg.: X-S =     3.260330 mb/sr,
    75.00 deg.: X-S =     3.040452 mb/sr,
    76.00 deg.: X-S =     2.817588 mb/sr,
    77.00 deg.: X-S =     2.594664 mb/sr,
    78.00 deg.: X-S =     2.374762 mb/sr,
    79.00 deg.: X-S =     2.160870 mb/sr,
    80.00 deg.: X-S =     1.955530 mb/sr,
    81.00 deg.: X-S =     1.760633 mb/sr,
    82.00 deg.: X-S =     1.577487 mb/sr,
    83.00 deg.: X-S =     1.407036 mb/sr,
    84.00 deg.: X-S =     1.250048 mb/sr,
    85.00 deg.: X-S =     1.107133 mb/sr,
    86.00 deg.: X-S =     0.978634 mb/sr,
    87.00 deg.: X-S =     0.864513 mb/sr,
    88.00 deg.: X-S =     0.764355 mb/sr,
    89.00 deg.: X-S =     0.677478 mb/sr,
    90.00 deg.: X-S =     0.603073 mb/sr,
    91.00 deg.: X-S =     0.540281 mb/sr,
    92.00 deg.: X-S =     0.488186 mb/sr,
    93.00 deg.: X-S =     0.445782 mb/sr,
    94.00 deg.: X-S =     0.411966 mb/sr,
    95.00 deg.: X-S =     0.385597 mb/sr,
    96.00 deg.: X-S =     0.365570 mb/sr,
    97.00 deg.: X-S =     0.350853 mb/sr,
    98.00 deg.: X-S =     0.340482 mb/sr,
    99.00 deg.: X-S =     0.333545 mb/sr,
   100.00 deg.: X-S =     0.329170 mb/sr,
   101.00 deg.: X-S =     0.326562 mb/sr,
   102.00 deg.: X-S =     0.325042 mb/sr,
   103.00 deg.: X-S =     0.324057 mb/sr,
   104.00 deg.: X-S =     0.323161 mb/sr,
   105.00 deg.: X-S =     0.321966 mb/sr,
   106.00 deg.: X-S =     0.320133 mb/sr,
   107.00 deg.: X-S =     0.317380 mb/sr,
   108.00 deg.: X-S =     0.313516 mb/sr,
   109.00 deg.: X-S =     0.308457 mb/sr,
   110.00 deg.: X-S =     0.302206 mb/sr,
   111.00 deg.: X-S =     0.294806 mb/sr,
   112.00 deg.: X-S =     0.286309 mb/sr,
   113.00 deg.: X-S =     0.276767 mb/sr,
   114.00 deg.: X-S =     0.266260 mb/sr,
   115.00 deg.: X-S =     0.254908 mb/sr,
   116.00 deg.: X-S =     0.242878 mb/sr,
   117.00 deg.: X-S =     0.230352 mb/sr,
   118.00 deg.: X-S =     0.217498 mb/sr,
   119.00 deg.: X-S =     0.204462 mb/sr,
   120.00 deg.: X-S =     0.191376 mb/sr,
   121.00 deg.: X-S =     0.178376 mb/sr,
   122.00 deg.: X-S =     0.165599 mb/sr,
   123.00 deg.: X-S =     0.153178 mb/sr,
   124.00 deg.: X-S =     0.141218 mb/sr,
   125.00 deg.: X-S =     0.129796 mb/sr,
   126.00 deg.: X-S =     0.118971 mb/sr,
   127.00 deg.: X-S =     0.108801 mb/sr,
   128.00 deg.: X-S =     0.099349 mb/sr,
   129.00 deg.: X-S =     0.090661 mb/sr,
   130.00 deg.: X-S =     0.082753 mb/sr,
   131.00 deg.: X-S =     0.075604 mb/sr,
   132.00 deg.: X-S =     0.069173 mb/sr,
   133.00 deg.: X-S =     0.063431 mb/sr,
   134.00 deg.: X-S =     0.058365 mb/sr,
   135.00 deg.: X-S =     0.053974 mb/sr,
   136.00 deg.: X-S =     0.050238 mb/sr,
   137.00 deg.: X-S =     0.047100 mb/sr,
   138.00 deg.: X-S =     0.044476 mb/sr,
   139.00 deg.: X-S =     0.042281 mb/sr,
   140.00 deg.: X-S =     0.040453 mb/sr,
   141.00 deg.: X-S =     0.038963 mb/sr,
   142.00 deg.: X-S =     0.037795 mb/sr,
   143.00 deg.: X-S =     0.036916 mb/sr,
   144.00 deg.: X-S =     0.036267 mb/sr,
   145.00 deg.: X-S =     0.035775 mb/sr,
   146.00 deg.: X-S =     0.035377 mb/sr,
   147.00 deg.: X-S =     0.035036 mb/sr,
   148.00 deg.: X-S =     0.034743 mb/sr,
   149.00 deg.: X-S =     0.034492 mb/sr,
   150.00 deg.: X-S =     0.034268 mb/sr,
   151.00 deg.: X-S =     0.034045 mb/sr,
   152.00 deg.: X-S =     0.033794 mb/sr,
   153.00 deg.: X-S =     0.033501 mb/sr,
   154.00 deg.: X-S =     0.033166 mb/sr,
   155.00 deg.: X-S =     0.032795 mb/sr,
   156.00 deg.: X-S =     0.032394 mb/sr,
   157.00 deg.: X-S =     0.031957 mb/sr,
   158.00 deg.: X-S =     0.031487 mb/sr,
   159.00 deg.: X-S =     0.030994 mb/sr,
   160.00 deg.: X-S =     0.030497 mb/sr,
   161.00 deg.: X-S =     0.030012 mb/sr,
   162.00 deg.: X-S =     0.029544 mb/sr,
   163.00 deg.: X-S =     0.029083 mb/sr,
   164.00 deg.: X-S =     0.028621 mb/sr,
   165.00 deg.: X-S =     0.028162 mb/sr,
   166.00 deg.: X-S =     0.027730 mb/sr,
   167.00 deg.: X-S =     0.027352 mb/sr,
   168.00 deg.: X-S =     0.027039 mb/sr,
   169.00 deg.: X-S =     0.026780 mb/sr,
   170.00 deg.: X-S =     0.026550 mb/sr,
   171.00 deg.: X-S =     0.026326 mb/sr,
   172.00 deg.: X-S =     0.026111 mb/sr,
   173.00 deg.: X-S =     0.025926 mb/sr,
   174.00 deg.: X-S =     0.025791 mb/sr,
   175.00 deg.: X-S =     0.025709 mb/sr,
   176.00 deg.: X-S =     0.025662 mb/sr,
   177.00 deg.: X-S =     0.025628 mb/sr,
   178.00 deg.: X-S =     0.025593 mb/sr,
   179.00 deg.: X-S =     0.025561 mb/sr,
   180.00 deg.: X-S =     0.025547 mb/sr,
                                           Integrated   54.3006 mb, over [   0.000, 180.000] at    35.0000 MeV 
 Finished all xsecs @   0.240652993    

  The following files have been created:
   3:local copy of User input.            6:standard output.                   
   7:elastic  S-matrix elements.         13:total cross sections/state.        
  16:tables of cross sections.           35:Astrophysics S-factors  / Ecm.     
  38:cross sections for each J/pi.       39:cross sections for each Ecm.       
  40:all cross sectns. for each Elab.    45:scat phase shift as E functions.   
  56:Fusion for each Jtotal.             75:S-factors for lab energies.        
 201:Separate cross sections.           202:Separate cross sections.           

 PARAMETERS : MAXQRN   MFNL   MLOC  LMAX1 MCLIST
    ALLOWED :      1     36      9     70     15
    REQUIRED:      0      0      9     54      9


 ACCURACY ANALYSIS at    35.000 MeV :

  Elastic h*k = 0.037 so OK       compared with 0.200

   Real(S-el) > 0.01 first at J =       0.5
   Real(S-el) > 0.10 first at J =       0.5
   Real(S-el) > 0.50 first at J =       5.5
   Real(S-el) > 0.90 first at J =       6.5
   Real(S-el) > 0.99 first at J =       8.5
   R-turn =    41.01 fm    at J =      50.5

 Forward-angle excitation cut off below   0.480 deg by max JT =      50.5
                              and below   0.330 deg by max R.

 Total CPU  0 time =       0.24 seconds
