 FRESCO - FRES 3.4: Coupled Reaction Channels
 Assuming NAMELIST input.

 p+O20 with CH89;                                                                

   0.030  60.000   0.500   0.000   0.000   0.000   0.000   0.000   0.000   0.000

 Centre-of-mass Range is   2002 * 0.0300 fm., Maximum at  60.00 fm., Interpolating NL forms every  0.51 fm.
 Non - locality width is      4 * 0.0300 fm., Maximum of   0.09 fm., Centred at  0.00 fm.
 2-Nucleon Separation of      0 * 0.5100 fm., Maximum of   0.00 fm., Minimum at  0.00 fm.
 Maximum single particle bins of 59.6700 fm.
               M,Mint =         2001        1990


 Range of total J is     0.0 <= J <=    50.0 (at least     0.0) and Absorbtion =>     0.0010 mb.
 Dry Run = F, CC set limits =  0  0, Relativistic kinematics =  , Both/Far/Near Analyses =  1                     

 Cross Sections (and up to T0 for 0=projectile) for Theta from   3.0 to-180.0 in steps of  1.0 degrees, DGAM=0,  Coordinates = 0 (Mads)

 Lower Radial Cutoff = maximum of -1.60*L*h &       0.0 fm.,  Lower Cutoff for Couplings =   0.0  fm.


 Iterate Couplings between   0 and   0 times, to  0.000 % if sooner.                                          
  Block solved exactly =   0 chs., with Pade = 0 & Isocen =  =0, NOSOL = F, initwf =  0
  NL quadrature with   18 Gaussian points, Calculate multipoles up to    56 from   0
  M-transfers for lp+lt greater than or equal to  6, Angular Integration Cutoff below  2.7778 %


 Trace switches are :  CHANS =  1, LISTCC =  0, TRENEG =  0, CDETR =  0, SMATS =  2, XSTABL =  1, NLPL =  0

                       WAVES =  0, LAMPL =  0, VEFF =  0, KFUS =  0, WDISK =  0, BPM =  0, MELFIL =  0

                       CDCC =  0, NFUS =  0

 Using unit mass = 1.000000 amu and 1/fine-structure constant = 137.03599 ( 1.000000 * true ) with hc = 197.32705 MeV.fm,
  thus 2*amu/hbar^2 = 0.0478450 = 1/20.9008 and Coulomb constant = 0.1574855 so e^2 = 1.43997, and nuclear magneton= 0.1261183

 Now pre-scan input and save to file 3



 *********** PARTITION NUMBER  1 ******************************************************************************************

   PROJ=p          MASS=  1.0073 Z=   1.0,        # STATES=    1T, TARG=O20      MASS= 19.9997 Z=   8.0,     Q-VALUE =  -0.0000 MEV.

     1:  J= 0.5+ (B# 1), E=  0.0000, K= 0.5              Potl#  1       J= 0.0+ (B# 1), E=  0.0000, K= 0.0    


 ************************************************************************************************************************************

 The following POTENTIALS are defined :

  KP#       TYPE      IT    SHAPE      at     V1        r1        a1        V2        r2        a2        A-in     A-used


                                            A#1       A#2        r0c       ac                                                h @ 1
    1    0=Coulomb       0=CHARGE (WS)  1    20.000     0.000    1.2842    0.0000    0.0000    0.0000     0.000    20.000   0.03000

    1    1=Volume        0=Woods-Saxon  2   30.0565    1.1671    0.6900    2.5643    1.1753    0.6900     0.000    20.000

    1    2=Surface       0=Woods-Saxon  3    0.0000    0.0000    0.0000    5.4417    1.1753    0.6900     0.000    20.000

    1    3=Projtl S.O.   0=Woods-Saxon  4    5.9000    0.8979    0.6300    0.0000    0.0000    0.0000     0.000    20.000

 Incoming partition  1 in excitation state # 1,   Laboratory Energy given for partition  1 Nucleus 1 in Excitation pair 1

0Lab. ENERGY ranges :

   from    35.0000     to   0.00000     in     0 intervals
   from    0.00000     to   0.00000     in     0 intervals
   from    0.00000     to   0.00000     in     0 intervals

 Largest real,imaginary parts of any form factor at R=   59.52 are   2.42E-02  5.83E-32 MeV
 Finished all Couplings @    5.99000021E-04           4

 Symmetric Hamiltonian
1***********************************************************************************************************************************
************************************************************************************************************************************

        INCOMING p        ;    LABORATORY p        ENERGY =   35.000     MeV.

 ***********************************************************************************************************************************
 ***********************************************************************************************************************************

 Allocate arrays for            2  channels, of which            1  need wfs.

 ######################################################################################################################
 #                                                                                                                    #
 # Total SPIN and PARITY =     0.5 +,      1 channels,    0 in 1st block.  Rmin & Coul turning =    0.0    0.3 fm.  #
 #                                                                                                                    #
 ######################################################################################################################



    C Projectl Target   #   EX.   (L  Proj) J  + Targ = Jtotal     E-cm      Re K     Re Eta     RM*K            CH
    1 p        O20      #    1: I   0 0.5    0.5  0.0     0.5    33.32176   1.23648   0.21373   74.1887   0.33920  -0.36833 1 1 1   1
   S-matrix    1 =   -0.37552  -0.31265 for L=    0, J=    0.5 channel on core I =   0.0 from L=    0,  Acc. loss =  0.0 D.
 Elastic phase shift   1 =  -70.110  20.516 deg. for the L =    0, J =    0.5 channel.
       0.5 -0.37552488 -0.31264978i: elastic S-matrix  @@      0.00  0   0 F  0
 Reaction Xsec     0.5+/ 0 @ 1 =  15.642 , Out:   0.000#


 Total SPIN, PARITY =     0.5 -,      1 chs,      0 cc.  Rmin & Coul turning =    0.0    0.3
   S-matrix    1 =   -0.44080   0.13205 for L=    1, J=    0.5 channel on core I =   0.0 from L=    1,  Acc. loss =  0.0 D.
 Elastic phase shift   1 =   81.662  22.236 deg. for the L =    1, J =    0.5 channel.
       0.5 -0.44080319  0.13205351i: elastic S-matrix  @@      0.00  0   0 F  0
 Reaction Xsec     0.5-/ 1 @ 1 =  16.197 , Out:   0.000#


 Total SPIN, PARITY =     1.5 +,      1 chs,      0 cc.  Rmin & Coul turning =    0.0    1.3
   S-matrix    1 =   -0.25659   0.36086 for L=    2, J=    1.5 channel on core I =   0.0 from L=    2,  Acc. loss =  0.0 D.
 Elastic phase shift   1 =   62.708  23.339 deg. for the L =    2, J =    1.5 channel.
       1.5 -0.25659450  0.36085862i: elastic S-matrix  @@      0.00  0   0 F  0
 Reaction Xsec     1.5+/ 2 @ 1 =  33.039 , Out:   0.000#


 Total SPIN, PARITY =     1.5 -,      1 chs,      0 cc.  Rmin & Coul turning =    0.0    1.3
   S-matrix    1 =   -0.44971  -0.12495 for L=    1, J=    1.5 channel on core I =   0.0 from L=    1,  Acc. loss =  0.0 D.
 Elastic phase shift   1 =  -82.236  21.829 deg. for the L =    1, J =    1.5 channel.
       1.5 -0.44970932 -0.12495146i: elastic S-matrix  @@      0.00  0   0 F  0
 Reaction Xsec     1.5-/ 1 @ 1 =  32.144 , Out:   0.000#


 Total SPIN, PARITY =     2.5 +,      1 chs,      0 cc.  Rmin & Coul turning =    0.1    2.2
   S-matrix    1 =   -0.48515   0.01994 for L=    2, J=    2.5 channel on core I =   0.0 from L=    2,  Acc. loss =  0.0 D.
 Elastic phase shift   1 =   88.823  20.697 deg. for the L =    2, J =    2.5 channel.
       2.5 -0.48514542  0.01994416i: elastic S-matrix  @@      0.00  0   0 F  0
 Reaction Xsec     2.5+/ 2 @ 1 =  47.111 , Out:   0.000#


 Total SPIN, PARITY =     2.5 -,      1 chs,      0 cc.  Rmin & Coul turning =    0.1    2.2
   S-matrix    1 =    0.05788   0.36309 for L=    3, J=    2.5 channel on core I =   0.0 from L=    3,  Acc. loss =  0.0 D.
 Elastic phase shift   1 =   40.472  28.664 deg. for the L =    3, J =    2.5 channel.
       2.5  0.05787539  0.36309332i: elastic S-matrix  @@      0.00  0   0 F  0
 Reaction Xsec     2.5-/ 3 @ 1 =  53.311 , Out:   0.000#


 Total SPIN, PARITY =     3.5 +,      1 chs,      0 cc.  Rmin & Coul turning =    0.1    3.0
   S-matrix    1 =    0.42759   0.28564 for L=    4, J=    3.5 channel on core I =   0.0 from L=    4,  Acc. loss =  0.0 D.
 Elastic phase shift   1 =   16.872  19.054 deg. for the L =    4, J =    3.5 channel.
       3.5  0.42758824  0.28563775i: elastic S-matrix  @@      0.00  0   0 F  0
 Reaction Xsec     3.5+/ 4 @ 1 =  60.460 , Out:   0.000#


 Total SPIN, PARITY =     3.5 -,      1 chs,      0 cc.  Rmin & Coul turning =    0.1    3.0
   S-matrix    1 =   -0.34679   0.18728 for L=    3, J=    3.5 channel on core I =   0.0 from L=    3,  Acc. loss =  0.0 D.
 Elastic phase shift   1 =   75.815  26.674 deg. for the L =    3, J =    3.5 channel.
       3.5 -0.34678864  0.18727844i: elastic S-matrix  @@      0.00  0   0 F  0
 Reaction Xsec     3.5-/ 3 @ 1 =  69.426 , Out:   0.000#


 Total SPIN, PARITY =     4.5 +,      1 chs,      0 cc.  Rmin & Coul turning =    0.2    3.8
   S-matrix    1 =    0.11123   0.36246 for L=    4, J=    4.5 channel on core I =   0.0 from L=    4,  Acc. loss =  0.0 D.
 Elastic phase shift   1 =   36.470  27.784 deg. for the L =    4, J =    4.5 channel.
       4.5  0.11123410  0.36246090i: elastic S-matrix  @@      0.00  0   0 F  0
 Reaction Xsec     4.5+/ 4 @ 1 =  87.972 , Out:   0.000#


 Total SPIN, PARITY =     4.5 -,      1 chs,      0 cc.  Rmin & Coul turning =    0.2    3.8
   S-matrix    1 =    0.73148   0.17683 for L=    5, J=    4.5 channel on core I =   0.0 from L=    5,  Acc. loss =  0.0 D.
 Elastic phase shift   1 =    6.795   8.144 deg. for the L =    5, J =    4.5 channel.
       4.5  0.73148336  0.17683326i: elastic S-matrix  @@      0.00  0   0 F  0
 Reaction Xsec     4.5-/ 5 @ 1 =  44.555 , Out:   0.000#


 Total SPIN, PARITY =     5.5 +,      1 chs,      0 cc.  Rmin & Coul turning =    0.2    4.6
   S-matrix    1 =    0.89514   0.08436 for L=    6, J=    5.5 channel on core I =   0.0 from L=    6,  Acc. loss =  0.0 D.
 Elastic phase shift   1 =    2.692   3.047 deg. for the L =    6, J =    5.5 channel.
       5.5  0.89514358  0.08436183i: elastic S-matrix  @@      0.00  0   0 F  0
 Reaction Xsec     5.5+/ 6 @ 1 =  23.622 , Out:   0.000#


 Total SPIN, PARITY =     5.5 -,      1 chs,      0 cc.  Rmin & Coul turning =    0.2    4.6
   S-matrix    1 =    0.62997   0.29134 for L=    5, J=    5.5 channel on core I =   0.0 from L=    5,  Acc. loss =  0.0 D.
 Elastic phase shift   1 =   12.409  10.462 deg. for the L =    5, J =    5.5 channel.
       5.5  0.62996983  0.29133517i: elastic S-matrix  @@      0.00  0   0 F  0
 Reaction Xsec     5.5-/ 5 @ 1 =  63.896 , Out:   0.000#


 Total SPIN, PARITY =     6.5 +,      1 chs,      0 cc.  Rmin & Coul turning =    0.3    5.4
   S-matrix    1 =    0.87719   0.13494 for L=    6, J=    6.5 channel on core I =   0.0 from L=    6,  Acc. loss =  0.0 D.
 Elastic phase shift   1 =    4.373   3.419 deg. for the L =    6, J =    6.5 channel.
       6.5  0.87719243  0.13493691i: elastic S-matrix  @@      0.00  0   0 F  0
 Reaction Xsec     6.5+/ 6 @ 1 =  30.541 , Out:   0.000#


 Total SPIN, PARITY =     6.5 -,      1 chs,      0 cc.  Rmin & Coul turning =    0.3    5.4
   S-matrix    1 =    0.96221   0.03410 for L=    7, J=    6.5 channel on core I =   0.0 from L=    7,  Acc. loss =  0.0 D.
 Elastic phase shift   1 =    1.015   1.086 deg. for the L =    7, J =    6.5 channel.
       6.5  0.96221265  0.03410229i: elastic S-matrix  @@      0.00  0   0 F  0
 Reaction Xsec     6.5-/ 7 @ 1 =  10.498 , Out:   0.000#


 Total SPIN, PARITY =     7.5 +,      1 chs,      0 cc.  Rmin & Coul turning =    0.3    6.2
   S-matrix    1 =    0.98677   0.01271 for L=    8, J=    7.5 channel on core I =   0.0 from L=    8,  Acc. loss =  0.0 D.
 Elastic phase shift   1 =    0.369   0.379 deg. for the L =    8, J =    7.5 channel.
       7.5  0.98676975  0.01270542i: elastic S-matrix  @@      0.00  0   0 F  0
 Reaction Xsec     7.5+/ 8 @ 1 =   4.294 , Out:   0.000#


 Total SPIN, PARITY =     7.5 -,      1 chs,      0 cc.  Rmin & Coul turning =    0.3    6.2
   S-matrix    1 =    0.95966   0.05102 for L=    7, J=    7.5 channel on core I =   0.0 from L=    7,  Acc. loss =  0.0 D.
 Elastic phase shift   1 =    1.522   1.139 deg. for the L =    7, J =    7.5 channel.
       7.5  0.95966259  0.05101789i: elastic S-matrix  @@      0.00  0   0 F  0
 Reaction Xsec     7.5-/ 7 @ 1 =  12.567 , Out:   0.000#


 Total SPIN, PARITY =     8.5 +,      1 chs,      0 cc.  Rmin & Coul turning =    0.4    7.0
   S-matrix    1 =    0.98643   0.01805 for L=    8, J=    8.5 channel on core I =   0.0 from L=    8,  Acc. loss =  0.0 D.
 Elastic phase shift   1 =    0.524   0.387 deg. for the L =    8, J =    8.5 channel.
       8.5  0.98643067  0.01804598i: elastic S-matrix  @@      0.00  0   0 F  0
 Reaction Xsec     8.5+/ 8 @ 1 =   4.925 , Out:   0.000#


 Total SPIN, PARITY =     8.5 -,      1 chs,      0 cc.  Rmin & Coul turning =    0.4    7.0
   S-matrix    1 =    0.99542   0.00456 for L=    9, J=    8.5 channel on core I =   0.0 from L=    9,  Acc. loss =  0.0 D.
 Elastic phase shift   1 =    0.131   0.131 deg. for the L =    9, J =    8.5 channel.
       8.5  0.99542245  0.00455620i: elastic S-matrix  @@      0.00  0   0 F  0
 Reaction Xsec     8.5-/ 9 @ 1 =   1.685 , Out:   0.000#


 Total SPIN, PARITY =     9.5 +,      1 chs,      0 cc.  Rmin & Coul turning =    0.4    7.8
   S-matrix    1 =    0.99843   0.00160 for L=   10, J=    9.5 channel on core I =   0.0 from L=   10,  Acc. loss =  0.0 D.
 Elastic phase shift   1 =    0.046   0.045 deg. for the L =   10, J =    9.5 channel.
       9.5  0.99842649  0.00160343i: elastic S-matrix  @@      0.00  0   0 F  0
 Reaction Xsec     9.5+/10 @ 1 =   0.646 , Out:   0.000#


 Total SPIN, PARITY =     9.5 -,      1 chs,      0 cc.  Rmin & Coul turning =    0.4    7.8
   S-matrix    1 =    0.99538   0.00623 for L=    9, J=    9.5 channel on core I =   0.0 from L=    9,  Acc. loss =  0.0 D.
 Elastic phase shift   1 =    0.179   0.132 deg. for the L =    9, J =    9.5 channel.
       9.5  0.99537840  0.00622700i: elastic S-matrix  @@      0.00  0   0 F  0
 Reaction Xsec     9.5-/ 9 @ 1 =   1.887 , Out:   0.000#


 Total SPIN, PARITY =    10.5 +,      1 chs,      0 cc.  Rmin & Coul turning =    0.5    8.7
   S-matrix    1 =    0.99842   0.00213 for L=   10, J=   10.5 channel on core I =   0.0 from L=   10,  Acc. loss =  0.0 D.
 Elastic phase shift   1 =    0.061   0.045 deg. for the L =   10, J =   10.5 channel.
      10.5  0.99842083  0.00212532i: elastic S-matrix  @@      0.00  0   0 F  0
 Reaction Xsec    10.5+/10 @ 1 =   0.712 , Out:   0.000#


 Total SPIN, PARITY =    10.5 -,      1 chs,      0 cc.  Rmin & Coul turning =    0.5    8.7
   S-matrix    1 =    0.99946   0.00056 for L=   11, J=   10.5 channel on core I =   0.0 from L=   11,  Acc. loss =  0.0 D.
 Elastic phase shift   1 =    0.016   0.015 deg. for the L =   11, J =   10.5 channel.
      10.5  0.99946151  0.00055847i: elastic S-matrix  @@      0.00  0   0 F  0
 Reaction Xsec    10.5-/11 @ 1 =   0.243 , Out:   0.000#


 Total SPIN, PARITY =    11.5 +,      1 chs,      0 cc.  Rmin & Coul turning =    0.5    9.5
   S-matrix    1 =    0.99982   0.00019 for L=   12, J=   11.5 channel on core I =   0.0 from L=   12,  Acc. loss =  0.0 D.
 Elastic phase shift   1 =    0.006   0.005 deg. for the L =   12, J =   11.5 channel.
      11.5  0.99981634  0.00019325i: elastic S-matrix  @@      0.00  0   0 F  0
 Reaction Xsec    11.5+/12 @ 1 =   0.091 , Out:   0.000#


 Total SPIN, PARITY =    11.5 -,      1 chs,      0 cc.  Rmin & Coul turning =    0.5    9.5
   S-matrix    1 =    0.99946   0.00072 for L=   11, J=   11.5 channel on core I =   0.0 from L=   11,  Acc. loss =  0.0 D.
 Elastic phase shift   1 =    0.021   0.015 deg. for the L =   11, J =   11.5 channel.
      11.5  0.99946079  0.00072123i: elastic S-matrix  @@      0.00  0   0 F  0
 Reaction Xsec    11.5-/11 @ 1 =   0.266 , Out:   0.000#


 Total SPIN, PARITY =    12.5 +,      1 chs,      0 cc.  Rmin & Coul turning =    0.6   10.3
   S-matrix    1 =    0.99982   0.00024 for L=   12, J=   12.5 channel on core I =   0.0 from L=   12,  Acc. loss =  0.0 D.
 Elastic phase shift   1 =    0.007   0.005 deg. for the L =   12, J =   12.5 channel.
      12.5  0.99981625  0.00024389i: elastic S-matrix  @@      0.00  0   0 F  0
 Reaction Xsec    12.5+/12 @ 1 =   0.098 , Out:   0.000#


 Total SPIN, PARITY =    12.5 -,      1 chs,      0 cc.  Rmin & Coul turning =    0.6   10.3
   S-matrix    1 =    0.99994   0.00007 for L=   13, J=   12.5 channel on core I =   0.0 from L=   13,  Acc. loss =  0.0 D.
 Elastic phase shift   1 =    0.002   0.002 deg. for the L =   13, J =   12.5 channel.
      12.5  0.99993754  0.00006655i: elastic S-matrix  @@      0.00  0   0 F  0
 Reaction Xsec    12.5-/13 @ 1 =   0.033 , Out:   0.000#


 Total SPIN, PARITY =    13.5 +,      1 chs,      0 cc.  Rmin & Coul turning =    0.6   11.1
   S-matrix    1 =    0.99998   0.00002 for L=   14, J=   13.5 channel on core I =   0.0 from L=   14,  Acc. loss =  0.0 D.
 Elastic phase shift   1 =    0.001   0.001 deg. for the L =   14, J =   13.5 channel.
      13.5  0.99997881  0.00002283i: elastic S-matrix  @@      0.00  0   0 F  0
 Reaction Xsec    13.5+/14 @ 1 =   0.012 , Out:   0.000#


 Total SPIN, PARITY =    13.5 -,      1 chs,      0 cc.  Rmin & Coul turning =    0.6   11.1
   S-matrix    1 =    0.99994   0.00008 for L=   13, J=   13.5 channel on core I =   0.0 from L=   13,  Acc. loss =  0.0 D.
 Elastic phase shift   1 =    0.002   0.002 deg. for the L =   13, J =   13.5 channel.
      13.5  0.99993753  0.00008227i: elastic S-matrix  @@      0.00  0   0 F  0
 Reaction Xsec    13.5-/13 @ 1 =   0.036 , Out:   0.000#


 Total SPIN, PARITY =    14.5 +,      1 chs,      0 cc.  Rmin & Coul turning =    0.7   11.9
   S-matrix    1 =    0.99998   0.00003 for L=   14, J=   14.5 channel on core I =   0.0 from L=   14,  Acc. loss =  0.0 D.
 Elastic phase shift   1 =    0.001   0.001 deg. for the L =   14, J =   14.5 channel.
      14.5  0.99997880  0.00002770i: elastic S-matrix  @@      0.00  0   0 F  0
 Reaction Xsec    14.5+/14 @ 1 =   0.013 , Out:   0.000#


 Total SPIN, PARITY =    14.5 -,      1 chs,      0 cc.  Rmin & Coul turning =    0.7   11.9
   S-matrix    1 =    0.99999   0.00001 for L=   15, J=   14.5 channel on core I =   0.0 from L=   15,  Acc. loss =  0.0 D.
 Elastic phase shift   1 =    0.000   0.000 deg. for the L =   15, J =   14.5 channel.
      14.5  0.99999282  0.00000781i: elastic S-matrix  @@      0.00  0   0 F  0
 Reaction Xsec    14.5-/15 @ 1 =   4.424/, Out:   0.000#


 Total SPIN, PARITY =    15.5 +,      1 chs,      0 cc.  Rmin & Coul turning =    0.7   12.7
   S-matrix    1 =    1.00000   0.00000 for L=   16, J=   15.5 channel on core I =   0.0 from L=   16,  Acc. loss =  0.0 D.
 Elastic phase shift   1 =    0.000   0.000 deg. for the L =   16, J =   15.5 channel.
      15.5  0.99999757  0.00000266i: elastic S-matrix  @@      0.00  0   0 F  0
 Reaction Xsec    15.5+/16 @ 1 =   1.595/, Out:   0.000#


 Total SPIN, PARITY =    15.5 -,      1 chs,      0 cc.  Rmin & Coul turning =    0.7   12.7
   S-matrix    1 =    0.99999   0.00001 for L=   15, J=   15.5 channel on core I =   0.0 from L=   15,  Acc. loss =  0.0 D.
 Elastic phase shift   1 =    0.000   0.000 deg. for the L =   15, J =   15.5 channel.
      15.5  0.99999282  0.00000931i: elastic S-matrix  @@      0.00  0   0 F  0
 Reaction Xsec    15.5-/15 @ 1 =   4.719/, Out:   0.000#


 Total SPIN, PARITY =    16.5 +,      1 chs,      0 cc.  Rmin & Coul turning =    0.8   13.5
   S-matrix    1 =    1.00000   0.00000 for L=   16, J=   16.5 channel on core I =   0.0 from L=   16,  Acc. loss =  0.0 D.
 Elastic phase shift   1 =    0.000   0.000 deg. for the L =   16, J =   16.5 channel.
      16.5  0.99999757  0.00000313i: elastic S-matrix  @@      0.00  0   0 F  0
 Reaction Xsec    16.5+/16 @ 1 =   1.695/, Out:   0.000#


 Total SPIN, PARITY =    16.5 -,      1 chs,      0 cc.  Rmin & Coul turning =    0.8   13.5
   S-matrix    1 =    1.00000   0.00000 for L=   17, J=   16.5 channel on core I =   0.0 from L=   17,  Acc. loss =  0.0 D.
 Elastic phase shift   1 =    0.000   0.000 deg. for the L =   17, J =   16.5 channel.
      16.5  0.99999918  0.00000091i: elastic S-matrix  @@      0.00  0   0 F  0
 Reaction Xsec    16.5-/17 @ 1 =   0.572/, Out:   0.000#


 Total SPIN, PARITY =    17.5 +,      1 chs,      0 cc.  Rmin & Coul turning =    0.8   14.3
   S-matrix    1 =    1.00000   0.00000 for L=   18, J=   17.5 channel on core I =   0.0 from L=   18,  Acc. loss =  0.0 D.
 Elastic phase shift   1 =    0.000   0.000 deg. for the L =   18, J =   17.5 channel.
      17.5  0.99999972  0.00000031i: elastic S-matrix  @@      0.00  0   0 F  0
 Reaction Xsec    17.5+/18 @ 1 =   0.204/, Out:   0.000#


 Total SPIN, PARITY =    17.5 -,      1 chs,      0 cc.  Rmin & Coul turning =    0.8   14.3
   S-matrix    1 =    1.00000   0.00000 for L=   17, J=   17.5 channel on core I =   0.0 from L=   17,  Acc. loss =  0.0 D.
 Elastic phase shift   1 =    0.000   0.000 deg. for the L =   17, J =   17.5 channel.
      17.5  0.99999918  0.00000105i: elastic S-matrix  @@      0.00  0   0 F  0
 Reaction Xsec    17.5-/17 @ 1 =   0.606/, Out:   0.000#

 Finished all CC sets @    5.05799986E-03
0CUMULATIVE REACTION cross section                 =  615.93717  <L> =     3.88  <L**2> =     18.3
0CUMULATIVE outgoing cross sections in partition 1 :    0.00000
0Cumulative ABSORBTION by Imaginary Potentials     =  615.93717  <L> =     3.88  <L**2> =     18.3
   Fusion for specific p        M-states :  615.937170  615.937170
0CUMULATIVE OUTGOING cross section                 =    0.00000
 To convert to S-factors (MeV.mb = keV.b),  multiply by  1.2763E+02


 CROSS SECTIONS FOR OUTGOING p        & O20      in state #   1 with spins & parities 0.5  + &  0.0  +;  0

     3.00 deg.: X-S =   1.2850E+05 mb/sr,
+                                         /R =   8.0777E-01
     4.00 deg.: X-S =   3.5465E+04 mb/sr,
+                                         /R =   7.0432E-01
     5.00 deg.: X-S =   1.2663E+04 mb/sr,
+                                         /R =   6.1369E-01
     6.00 deg.: X-S =  5539.059061 mb/sr,
+                                         /R =   5.5633E-01
     7.00 deg.: X-S =  2970.918836 mb/sr,
+                                         /R =   5.5244E-01
     8.00 deg.: X-S =  1958.952179 mb/sr,
+                                         /R =   6.2095E-01
     9.00 deg.: X-S =  1534.381735 mb/sr,
+                                         /R =   7.7839E-01
    10.00 deg.: X-S =  1343.629267 mb/sr,
+                                         /R =   1.0379E+00
    11.00 deg.: X-S =  1246.516929 mb/sr,
+                                         /R =   1.4083E+00
    12.00 deg.: X-S =  1184.589096 mb/sr,
+                                         /R =   1.8932E+00
    13.00 deg.: X-S =  1133.046123 mb/sr,
+                                         /R =   2.4910E+00
    14.00 deg.: X-S =  1081.683015 mb/sr,
+                                         /R =   3.1943E+00
    15.00 deg.: X-S =  1026.827573 mb/sr,
+                                         /R =   3.9901E+00
    16.00 deg.: X-S =   967.756512 mb/sr,
+                                         /R =   4.8605E+00
    17.00 deg.: X-S =   905.041675 mb/sr,
+                                         /R =   5.7832E+00
    18.00 deg.: X-S =   839.767303 mb/sr,
+                                         /R =   6.7326E+00
    19.00 deg.: X-S =   773.155241 mb/sr,
+                                         /R =   7.6806E+00
    20.00 deg.: X-S =   706.386826 mb/sr,
+                                         /R =   8.5984E+00
    21.00 deg.: X-S =   640.521766 mb/sr,
+                                         /R =   9.4571E+00
    22.00 deg.: X-S =   576.465613 mb/sr,
+                                         /R =   1.0230E+01
    23.00 deg.: X-S =   514.961816 mb/sr,
+                                         /R =   1.0892E+01
    24.00 deg.: X-S =   456.596189 mb/sr,
+                                         /R =   1.1422E+01
    25.00 deg.: X-S =   401.807580 mb/sr,
+                                         /R =   1.1805E+01
    26.00 deg.: X-S =   350.901478 mb/sr,
+                                         /R =   1.2029E+01
    27.00 deg.: X-S =   304.064836 mb/sr,
+                                         /R =   1.2089E+01
    28.00 deg.: X-S =   261.381167 mb/sr,
+                                         /R =   1.1986E+01
    29.00 deg.: X-S =   222.845377 mb/sr,
+                                         /R =   1.1724E+01
    30.00 deg.: X-S =   188.378020 mb/sr,
+                                         /R =   1.1316E+01
    31.00 deg.: X-S =   157.838757 mb/sr,
+                                         /R =   1.0777E+01
    32.00 deg.: X-S =   131.038890 mb/sr,
+                                         /R =   1.0126E+01
    33.00 deg.: X-S =   107.752874 mb/sr,
+                                         /R =   9.3862E+00
    34.00 deg.: X-S =    87.728739 mb/sr,
+                                         /R =   8.5817E+00
    35.00 deg.: X-S =    70.697391 mb/sr,
+                                         /R =   7.7386E+00
    36.00 deg.: X-S =    56.380778 mb/sr,
+                                         /R =   6.8826E+00
    37.00 deg.: X-S =    44.498927 mb/sr,
+                                         /R =   6.0388E+00
    38.00 deg.: X-S =    34.775881 mb/sr,
+                                         /R =   5.2304E+00
    39.00 deg.: X-S =    26.944591 mb/sr,
+                                         /R =   4.4786E+00
    40.00 deg.: X-S =    20.750805 mb/sr,
+                                         /R =   3.8013E+00
    41.00 deg.: X-S =    15.956048 mb/sr,
+                                         /R =   3.2131E+00
    42.00 deg.: X-S =    12.339764 mb/sr,
+                                         /R =   2.7247E+00
    43.00 deg.: X-S =     9.700704 mb/sr,
+                                         /R =   2.3431E+00
    44.00 deg.: X-S =     7.857664 mb/sr,
+                                         /R =   2.0715E+00
    45.00 deg.: X-S =     6.649651 mb/sr,
+                                         /R =   1.9092E+00
    46.00 deg.: X-S =     5.935581 mb/sr,
+                                         /R =   1.8521E+00
    47.00 deg.: X-S =     5.593586 mb/sr,
+                                         /R =   1.8931E+00
    48.00 deg.: X-S =     5.520017 mb/sr,
+                                         /R =   2.0225E+00
    49.00 deg.: X-S =     5.628215 mb/sr,
+                                         /R =   2.2283E+00
    50.00 deg.: X-S =     5.847126 mb/sr,
+                                         /R =   2.4971E+00
    51.00 deg.: X-S =     6.119807 mb/sr,
+                                         /R =   2.8143E+00
    52.00 deg.: X-S =     6.401892 mb/sr,
+                                         /R =   3.1650E+00
    53.00 deg.: X-S =     6.660055 mb/sr,
+                                         /R =   3.5341E+00
    54.00 deg.: X-S =     6.870498 mb/sr,
+                                         /R =   3.9072E+00
    55.00 deg.: X-S =     7.017513 mb/sr,
+                                         /R =   4.2707E+00
    56.00 deg.: X-S =     7.092126 mb/sr,
+                                         /R =   4.6122E+00
    57.00 deg.: X-S =     7.090844 mb/sr,
+                                         /R =   4.9209E+00
    58.00 deg.: X-S =     7.014514 mb/sr,
+                                         /R =   5.1877E+00
    59.00 deg.: X-S =     6.867311 mb/sr,
+                                         /R =   5.4055E+00
    60.00 deg.: X-S =     6.655836 mb/sr,
+                                         /R =   5.5690E+00
    61.00 deg.: X-S =     6.388344 mb/sr,
+                                         /R =   5.6749E+00
    62.00 deg.: X-S =     6.074088 mb/sr,
+                                         /R =   5.7218E+00
    63.00 deg.: X-S =     5.722769 mb/sr,
+                                         /R =   5.7100E+00
    64.00 deg.: X-S =     5.344096 mb/sr,
+                                         /R =   5.6416E+00
    65.00 deg.: X-S =     4.947436 mb/sr,
+                                         /R =   5.5200E+00
    66.00 deg.: X-S =     4.541544 mb/sr,
+                                         /R =   5.3497E+00
    67.00 deg.: X-S =     4.134378 mb/sr,
+                                         /R =   5.1364E+00
    68.00 deg.: X-S =     3.732970 mb/sr,
+                                         /R =   4.8864E+00
    69.00 deg.: X-S =     3.343356 mb/sr,
+                                         /R =   4.6067E+00
    70.00 deg.: X-S =     2.970548 mb/sr,
+                                         /R =   4.3042E+00
    71.00 deg.: X-S =     2.618549 mb/sr,
+                                         /R =   3.9863E+00
    72.00 deg.: X-S =     2.290391 mb/sr,
+                                         /R =   3.6600E+00
    73.00 deg.: X-S =     1.988199 mb/sr,
+                                         /R =   3.3320E+00
    74.00 deg.: X-S =     1.713270 mb/sr,
+                                         /R =   3.0086E+00
    75.00 deg.: X-S =     1.466162 mb/sr,
+                                         /R =   2.6956E+00
    76.00 deg.: X-S =     1.246790 mb/sr,
+                                         /R =   2.3980E+00
    77.00 deg.: X-S =     1.054524 mb/sr,
+                                         /R =   2.1201E+00
    78.00 deg.: X-S =     0.888280 mb/sr,
+                                         /R =   1.8652E+00
    79.00 deg.: X-S =     0.746618 mb/sr,
+                                         /R =   1.6362E+00
    80.00 deg.: X-S =     0.627827 mb/sr,
+                                         /R =   1.4348E+00
    81.00 deg.: X-S =     0.530002 mb/sr,
+                                         /R =   1.2623E+00
    82.00 deg.: X-S =     0.451117 mb/sr,
+                                         /R =   1.1188E+00
    83.00 deg.: X-S =     0.389088 mb/sr,
+                                         /R =   1.0041E+00
    84.00 deg.: X-S =     0.341828 mb/sr,
+                                         /R =   9.1737E-01
    85.00 deg.: X-S =     0.307292 mb/sr,
+                                         /R =   8.5699E-01
    86.00 deg.: X-S =     0.283514 mb/sr,
+                                         /R =   8.2111E-01
    87.00 deg.: X-S =     0.268639 mb/sr,
+                                         /R =   8.0744E-01
    88.00 deg.: X-S =     0.260941 mb/sr,
+                                         /R =   8.1343E-01
    89.00 deg.: X-S =     0.258842 mb/sr,
+                                         /R =   8.3632E-01
    90.00 deg.: X-S =     0.260924 mb/sr,
+                                         /R =   8.7326E-01
    91.00 deg.: X-S =     0.265928 mb/sr,
+                                         /R =   9.2135E-01
    92.00 deg.: X-S =     0.272758 mb/sr,
+                                         /R =   9.7770E-01
    93.00 deg.: X-S =     0.280480 mb/sr,
+                                         /R =   1.0395E+00
    94.00 deg.: X-S =     0.288310 mb/sr,
+                                         /R =   1.1042E+00
    95.00 deg.: X-S =     0.295611 mb/sr,
+                                         /R =   1.1693E+00
    96.00 deg.: X-S =     0.301879 mb/sr,
+                                         /R =   1.2326E+00
    97.00 deg.: X-S =     0.306733 mb/sr,
+                                         /R =   1.2920E+00
    98.00 deg.: X-S =     0.309905 mb/sr,
+                                         /R =   1.3460E+00
    99.00 deg.: X-S =     0.311221 mb/sr,
+                                         /R =   1.3930E+00
   100.00 deg.: X-S =     0.310595 mb/sr,
+                                         /R =   1.4319E+00
   101.00 deg.: X-S =     0.308013 mb/sr,
+                                         /R =   1.4618E+00
   102.00 deg.: X-S =     0.303523 mb/sr,
+                                         /R =   1.4822E+00
   103.00 deg.: X-S =     0.297220 mb/sr,
+                                         /R =   1.4926E+00
   104.00 deg.: X-S =     0.289241 mb/sr,
+                                         /R =   1.4931E+00
   105.00 deg.: X-S =     0.279751 mb/sr,
+                                         /R =   1.4836E+00
   106.00 deg.: X-S =     0.268935 mb/sr,
+                                         /R =   1.4647E+00
   107.00 deg.: X-S =     0.256993 mb/sr,
+                                         /R =   1.4366E+00
   108.00 deg.: X-S =     0.244131 mb/sr,
+                                         /R =   1.4001E+00
   109.00 deg.: X-S =     0.230553 mb/sr,
+                                         /R =   1.3558E+00
   110.00 deg.: X-S =     0.216462 mb/sr,
+                                         /R =   1.3048E+00
   111.00 deg.: X-S =     0.202052 mb/sr,
+                                         /R =   1.2478E+00
   112.00 deg.: X-S =     0.187505 mb/sr,
+                                         /R =   1.1858E+00
   113.00 deg.: X-S =     0.172989 mb/sr,
+                                         /R =   1.1198E+00
   114.00 deg.: X-S =     0.158657 mb/sr,
+                                         /R =   1.0508E+00
   115.00 deg.: X-S =     0.144645 mb/sr,
+                                         /R =   9.7974E-01
   116.00 deg.: X-S =     0.131072 mb/sr,
+                                         /R =   9.0758E-01
   117.00 deg.: X-S =     0.118039 mb/sr,
+                                         /R =   8.3518E-01
   118.00 deg.: X-S =     0.105630 mb/sr,
+                                         /R =   7.6338E-01
   119.00 deg.: X-S =     0.093912 mb/sr,
+                                         /R =   6.9294E-01
   120.00 deg.: X-S =     0.082937 mb/sr,
+                                         /R =   6.2454E-01
   121.00 deg.: X-S =     0.072741 mb/sr,
+                                         /R =   5.5880E-01
   122.00 deg.: X-S =     0.063346 mb/sr,
+                                         /R =   4.9623E-01
   123.00 deg.: X-S =     0.054762 mb/sr,
+                                         /R =   4.3729E-01
   124.00 deg.: X-S =     0.046989 mb/sr,
+                                         /R =   3.8232E-01
   125.00 deg.: X-S =     0.040015 mb/sr,
+                                         /R =   3.3162E-01
   126.00 deg.: X-S =     0.033821 mb/sr,
+                                         /R =   2.8537E-01
   127.00 deg.: X-S =     0.028380 mb/sr,
+                                         /R =   2.4371E-01
   128.00 deg.: X-S =     0.023658 mb/sr,
+                                         /R =   2.0669E-01
   129.00 deg.: X-S =     0.019620 mb/sr,
+                                         /R =   1.7432E-01
   130.00 deg.: X-S =     0.016223 mb/sr,
+                                         /R =   1.4653E-01
   131.00 deg.: X-S =     0.013424 mb/sr,
+                                         /R =   1.2321E-01
   132.00 deg.: X-S =     0.011178 mb/sr,
+                                         /R =   1.0422E-01
   133.00 deg.: X-S =     0.009439 mb/sr,
+                                         /R =   8.9370E-02
   134.00 deg.: X-S =     0.008161 mb/sr,
+                                         /R =   7.8437E-02
   135.00 deg.: X-S =     0.007299 mb/sr,
+                                         /R =   7.1186E-02
   136.00 deg.: X-S =     0.006808 mb/sr,
+                                         /R =   6.7360E-02
   137.00 deg.: X-S =     0.006648 mb/sr,
+                                         /R =   6.6693E-02
   138.00 deg.: X-S =     0.006777 mb/sr,
+                                         /R =   6.8914E-02
   139.00 deg.: X-S =     0.007157 mb/sr,
+                                         /R =   7.3749E-02
   140.00 deg.: X-S =     0.007753 mb/sr,
+                                         /R =   8.0928E-02
   141.00 deg.: X-S =     0.008532 mb/sr,
+                                         /R =   9.0188E-02
   142.00 deg.: X-S =     0.009465 mb/sr,
+                                         /R =   1.0128E-01
   143.00 deg.: X-S =     0.010525 mb/sr,
+                                         /R =   1.1395E-01
   144.00 deg.: X-S =     0.011686 mb/sr,
+                                         /R =   1.2799E-01
   145.00 deg.: X-S =     0.012927 mb/sr,
+                                         /R =   1.4318E-01
   146.00 deg.: X-S =     0.014230 mb/sr,
+                                         /R =   1.5932E-01
   147.00 deg.: X-S =     0.015576 mb/sr,
+                                         /R =   1.7624E-01
   148.00 deg.: X-S =     0.016953 mb/sr,
+                                         /R =   1.9377E-01
   149.00 deg.: X-S =     0.018346 mb/sr,
+                                         /R =   2.1178E-01
   150.00 deg.: X-S =     0.019747 mb/sr,
+                                         /R =   2.3013E-01
   151.00 deg.: X-S =     0.021146 mb/sr,
+                                         /R =   2.4871E-01
   152.00 deg.: X-S =     0.022535 mb/sr,
+                                         /R =   2.6741E-01
   153.00 deg.: X-S =     0.023910 mb/sr,
+                                         /R =   2.8615E-01
   154.00 deg.: X-S =     0.025264 mb/sr,
+                                         /R =   3.0485E-01
   155.00 deg.: X-S =     0.026594 mb/sr,
+                                         /R =   3.2344E-01
   156.00 deg.: X-S =     0.027896 mb/sr,
+                                         /R =   3.4186E-01
   157.00 deg.: X-S =     0.029168 mb/sr,
+                                         /R =   3.6005E-01
   158.00 deg.: X-S =     0.030407 mb/sr,
+                                         /R =   3.7797E-01
   159.00 deg.: X-S =     0.031612 mb/sr,
+                                         /R =   3.9555E-01
   160.00 deg.: X-S =     0.032780 mb/sr,
+                                         /R =   4.1277E-01
   161.00 deg.: X-S =     0.033910 mb/sr,
+                                         /R =   4.2957E-01
   162.00 deg.: X-S =     0.035001 mb/sr,
+                                         /R =   4.4591E-01
   163.00 deg.: X-S =     0.036050 mb/sr,
+                                         /R =   4.6175E-01
   164.00 deg.: X-S =     0.037056 mb/sr,
+                                         /R =   4.7704E-01
   165.00 deg.: X-S =     0.038016 mb/sr,
+                                         /R =   4.9174E-01
   166.00 deg.: X-S =     0.038929 mb/sr,
+                                         /R =   5.0579E-01
   167.00 deg.: X-S =     0.039793 mb/sr,
+                                         /R =   5.1916E-01
   168.00 deg.: X-S =     0.040606 mb/sr,
+                                         /R =   5.3179E-01
   169.00 deg.: X-S =     0.041365 mb/sr,
+                                         /R =   5.4363E-01
   170.00 deg.: X-S =     0.042067 mb/sr,
+                                         /R =   5.5465E-01
   171.00 deg.: X-S =     0.042712 mb/sr,
+                                         /R =   5.6478E-01
   172.00 deg.: X-S =     0.043296 mb/sr,
+                                         /R =   5.7398E-01
   173.00 deg.: X-S =     0.043817 mb/sr,
+                                         /R =   5.8222E-01
   174.00 deg.: X-S =     0.044273 mb/sr,
+                                         /R =   5.8945E-01
   175.00 deg.: X-S =     0.044662 mb/sr,
+                                         /R =   5.9563E-01
   176.00 deg.: X-S =     0.044983 mb/sr,
+                                         /R =   6.0074E-01
   177.00 deg.: X-S =     0.045235 mb/sr,
+                                         /R =   6.0474E-01
   178.00 deg.: X-S =     0.045415 mb/sr,
+                                         /R =   6.0761E-01
   179.00 deg.: X-S =     0.045524 mb/sr,
+                                         /R =   6.0934E-01
   179.99 deg.: X-S =     0.045560 mb/sr,
+                                         /R =   6.0992E-01
                                           Integrated 1836.8945 mb, over [   3.000, 180.000] at    35.0000 MeV 
 Finished all xsecs @    6.01399969E-03

  The following files have been created:
   3:local copy of User input.            6:standard output.                   
   7:elastic  S-matrix elements.         13:total cross sections/state.        
  16:tables of cross sections.           38:cross sections for each J/pi.      
  39:cross sections for each Ecm.        40:all cross sectns. for each Elab.   
  45:scat phase shift as E functions.    56:Fusion for each Jtotal.            
 201:Separate cross sections.           

 PARAMETERS : MAXQRN   MFNL   MLOC  LMAX1 MCLIST
    ALLOWED :      1      1      4     70      6
    REQUIRED:      0      0      4     19      4


 ACCURACY ANALYSIS at    35.000 MeV :

  Elastic h*k = 0.037 so OK       compared with 0.200

   Real(S-el) > 0.01 first at J =       2.5
   Real(S-el) > 0.10 first at J =       3.5
   Real(S-el) > 0.50 first at J =       4.5
   Real(S-el) > 0.90 first at J =       6.5
   Real(S-el) > 0.99 first at J =       8.5
   R-turn =    14.32 fm    at J =      17.5

 Forward-angle excitation cut off below   1.361 deg by max JT =      17.5
                              and below   0.330 deg by max R.

