 FRESCO - FRES 3.4: Coupled Reaction Channels
 Assuming NAMELIST input.

 p+O20 with CH89;                                                                

   0.030  60.000   0.500   0.000   0.000   0.000   0.000   0.000   0.000   0.000

 Centre-of-mass Range is   2002 * 0.0300 fm., Maximum at  60.00 fm., Interpolating NL forms every  0.51 fm.
 Non - locality width is      4 * 0.0300 fm., Maximum of   0.09 fm., Centred at  0.00 fm.
 2-Nucleon Separation of      0 * 0.5100 fm., Maximum of   0.00 fm., Minimum at  0.00 fm.
 Maximum single particle bins of 59.6700 fm.
               M,Mint =         2001        1990


 Range of total J is     0.0 <= J <=    50.0 (at least     0.0) and Absorbtion =>     0.0010 mb.
 Dry Run = F, CC set limits =  0  0, Relativistic kinematics =  , Both/Far/Near Analyses =  1                     

 Cross Sections (and up to T0 for 0=projectile) for Theta from   3.0 to-180.0 in steps of  1.0 degrees, DGAM=0,  Coordinates = 0 (Mads)

 Lower Radial Cutoff = maximum of -1.60*L*h &       0.0 fm.,  Lower Cutoff for Couplings =   0.0  fm.


 Iterate Couplings between   0 and   0 times, to  0.000 % if sooner.                                          
  Block solved exactly =   0 chs., with Pade = 0 & Isocen =  =0, NOSOL = F, initwf =  0
  NL quadrature with   18 Gaussian points, Calculate multipoles up to    56 from   0
  M-transfers for lp+lt greater than or equal to  6, Angular Integration Cutoff below  2.7778 %


 Trace switches are :  CHANS =  1, LISTCC =  0, TRENEG =  0, CDETR =  0, SMATS =  2, XSTABL =  1, NLPL =  0

                       WAVES =  0, LAMPL =  0, VEFF =  0, KFUS =  0, WDISK =  0, BPM =  0, MELFIL =  0

                       CDCC =  0, NFUS =  0

 Using unit mass = 1.000000 amu and 1/fine-structure constant = 137.03599 ( 1.000000 * true ) with hc = 197.32705 MeV.fm,
  thus 2*amu/hbar^2 = 0.0478450 = 1/20.9008 and Coulomb constant = 0.1574855 so e^2 = 1.43997, and nuclear magneton= 0.1261183

 Now pre-scan input and save to file 3



 *********** PARTITION NUMBER  1 ******************************************************************************************

   PROJ=p          MASS=  1.0073 Z=   1.0,        # STATES=    1T, TARG=O20      MASS= 19.9997 Z=   8.0,     Q-VALUE =  -0.0000 MEV.

     1:  J= 0.5+ (B# 1), E=  0.0000, K= 0.5              Potl#  1       J= 0.0+ (B# 1), E=  0.0000, K= 0.0    


 ************************************************************************************************************************************

 The following POTENTIALS are defined :

  KP#       TYPE      IT    SHAPE      at     V1        r1        a1        V2        r2        a2        A-in     A-used


                                            A#1       A#2        r0c       ac                                                h @ 1
    1    0=Coulomb       0=CHARGE (WS)  1    20.000     0.000    1.2842    0.0000    0.0000    0.0000     0.000    20.000   0.03000

    1    1=Volume        0=Woods-Saxon  2   25.4324    1.1671    0.6900    2.7353    1.1753    0.6900     0.000    20.000

    1    2=Surface       0=Woods-Saxon  3    0.0000    0.0000    0.0000    5.8045    1.1753    0.6900     0.000    20.000

    1    3=Projtl S.O.   0=Woods-Saxon  4    5.9000    0.8979    0.6300    0.0000    0.0000    0.0000     0.000    20.000

 Incoming partition  1 in excitation state # 1,   Laboratory Energy given for partition  1 Nucleus 1 in Excitation pair 1

0Lab. ENERGY ranges :

   from    35.0000     to   0.00000     in     0 intervals
   from    0.00000     to   0.00000     in     0 intervals
   from    0.00000     to   0.00000     in     0 intervals

 Largest real,imaginary parts of any form factor at R=   59.52 are   2.42E-02  6.22E-32 MeV
 Finished all Couplings @    6.79000048E-04           4

 Symmetric Hamiltonian
1***********************************************************************************************************************************
************************************************************************************************************************************

        INCOMING p        ;    LABORATORY p        ENERGY =   35.000     MeV.

 ***********************************************************************************************************************************
 ***********************************************************************************************************************************

 Allocate arrays for            2  channels, of which            1  need wfs.

 ######################################################################################################################
 #                                                                                                                    #
 # Total SPIN and PARITY =     0.5 +,      1 channels,    0 in 1st block.  Rmin & Coul turning =    0.0    0.3 fm.  #
 #                                                                                                                    #
 ######################################################################################################################



    C Projectl Target   #   EX.   (L  Proj) J  + Targ = Jtotal     E-cm      Re K     Re Eta     RM*K            CH
    1 p        O20      #    1: I   0 0.5    0.5  0.0     0.5    33.32176   1.23648   0.21373   74.1887   0.33920  -0.36833 1 1 1   1
   S-matrix    1 =   -0.43510  -0.11691 for L=    0, J=    0.5 channel on core I =   0.0 from L=    0,  Acc. loss =  0.0 D.
 Elastic phase shift   1 =  -82.480  22.842 deg. for the L =    0, J =    0.5 channel.
       0.5 -0.43509869 -0.11690638i: elastic S-matrix  @@      0.00  0   0 F  0
 Reaction Xsec     0.5+/ 0 @ 1 =  16.377 , Out:   0.000#


 Total SPIN, PARITY =     0.5 -,      1 chs,      0 cc.  Rmin & Coul turning =    0.0    0.3
   S-matrix    1 =   -0.32098   0.29101 for L=    1, J=    0.5 channel on core I =   0.0 from L=    1,  Acc. loss =  0.0 D.
 Elastic phase shift   1 =   68.902  23.962 deg. for the L =    1, J =    0.5 channel.
       0.5 -0.32097776  0.29101283i: elastic S-matrix  @@      0.00  0   0 F  0
 Reaction Xsec     0.5-/ 1 @ 1 =  16.691 , Out:   0.000#


 Total SPIN, PARITY =     1.5 +,      1 chs,      0 cc.  Rmin & Coul turning =    0.0    1.3
   S-matrix    1 =   -0.09363   0.38807 for L=    2, J=    1.5 channel on core I =   0.0 from L=    2,  Acc. loss =  0.0 D.
 Elastic phase shift   1 =   51.782  26.307 deg. for the L =    2, J =    1.5 channel.
       1.5 -0.09362646  0.38806797i: elastic S-matrix  @@      0.00  0   0 F  0
 Reaction Xsec     1.5+/ 2 @ 1 =  34.547 , Out:   0.000#


 Total SPIN, PARITY =     1.5 -,      1 chs,      0 cc.  Rmin & Coul turning =    0.0    1.3
   S-matrix    1 =   -0.43449   0.06868 for L=    1, J=    1.5 channel on core I =   0.0 from L=    1,  Acc. loss =  0.0 D.
 Elastic phase shift   1 =   85.509  23.527 deg. for the L =    1, J =    1.5 channel.
       1.5 -0.43448827  0.06868009i: elastic S-matrix  @@      0.00  0   0 F  0
 Reaction Xsec     1.5-/ 1 @ 1 =  33.145 , Out:   0.000#


 Total SPIN, PARITY =     2.5 +,      1 chs,      0 cc.  Rmin & Coul turning =    0.1    2.2
   S-matrix    1 =   -0.41684   0.17488 for L=    2, J=    2.5 channel on core I =   0.0 from L=    2,  Acc. loss =  0.0 D.
 Elastic phase shift   1 =   78.620  22.746 deg. for the L =    2, J =    2.5 channel.
       2.5 -0.41684434  0.17488368i: elastic S-matrix  @@      0.00  0   0 F  0
 Reaction Xsec     2.5+/ 2 @ 1 =  49.048 , Out:   0.000#


 Total SPIN, PARITY =     2.5 -,      1 chs,      0 cc.  Rmin & Coul turning =    0.1    2.2
   S-matrix    1 =    0.16923   0.30407 for L=    3, J=    2.5 channel on core I =   0.0 from L=    3,  Acc. loss =  0.0 D.
 Elastic phase shift   1 =   30.451  30.240 deg. for the L =    3, J =    2.5 channel.
       2.5  0.16922835  0.30407464i: elastic S-matrix  @@      0.00  0   0 F  0
 Reaction Xsec     2.5-/ 3 @ 1 =  54.180 , Out:   0.000#


 Total SPIN, PARITY =     3.5 +,      1 chs,      0 cc.  Rmin & Coul turning =    0.1    3.0
   S-matrix    1 =    0.47517   0.21306 for L=    4, J=    3.5 channel on core I =   0.0 from L=    4,  Acc. loss =  0.0 D.
 Elastic phase shift   1 =   12.075  18.692 deg. for the L =    4, J =    3.5 channel.
       3.5  0.47517426  0.21306018i: elastic S-matrix  @@      0.00  0   0 F  0
 Reaction Xsec     3.5+/ 4 @ 1 =  59.904 , Out:   0.000#


 Total SPIN, PARITY =     3.5 -,      1 chs,      0 cc.  Rmin & Coul turning =    0.1    3.0
   S-matrix    1 =   -0.22608   0.26096 for L=    3, J=    3.5 channel on core I =   0.0 from L=    3,  Acc. loss =  0.0 D.
 Elastic phase shift   1 =   65.452  30.465 deg. for the L =    3, J =    3.5 channel.
       3.5 -0.22608034  0.26096355i: elastic S-matrix  @@      0.00  0   0 F  0
 Reaction Xsec     3.5-/ 3 @ 1 =  72.395 , Out:   0.000#


 Total SPIN, PARITY =     4.5 +,      1 chs,      0 cc.  Rmin & Coul turning =    0.2    3.8
   S-matrix    1 =    0.21299   0.32818 for L=    4, J=    4.5 channel on core I =   0.0 from L=    4,  Acc. loss =  0.0 D.
 Elastic phase shift   1 =   28.508  26.884 deg. for the L =    4, J =    4.5 channel.
       4.5  0.21299476  0.32817634i: elastic S-matrix  @@      0.00  0   0 F  0
 Reaction Xsec     4.5+/ 4 @ 1 =  87.015 , Out:   0.000#


 Total SPIN, PARITY =     4.5 -,      1 chs,      0 cc.  Rmin & Coul turning =    0.2    3.8
   S-matrix    1 =    0.73994   0.13122 for L=    5, J=    4.5 channel on core I =   0.0 from L=    5,  Acc. loss =  0.0 D.
 Elastic phase shift   1 =    5.028   8.185 deg. for the L =    5, J =    4.5 channel.
       4.5  0.73993508  0.13122079i: elastic S-matrix  @@      0.00  0   0 F  0
 Reaction Xsec     4.5-/ 5 @ 1 =  44.721 , Out:   0.000#


 Total SPIN, PARITY =     5.5 +,      1 chs,      0 cc.  Rmin & Coul turning =    0.2    4.6
   S-matrix    1 =    0.89353   0.06482 for L=    6, J=    5.5 channel on core I =   0.0 from L=    6,  Acc. loss =  0.0 D.
 Elastic phase shift   1 =    2.075   3.150 deg. for the L =    6, J =    5.5 channel.
       5.5  0.89353138  0.06481895i: elastic S-matrix  @@      0.00  0   0 F  0
 Reaction Xsec     5.5+/ 6 @ 1 =  24.337 , Out:   0.000#


 Total SPIN, PARITY =     5.5 -,      1 chs,      0 cc.  Rmin & Coul turning =    0.2    4.6
   S-matrix    1 =    0.65511   0.24091 for L=    5, J=    5.5 channel on core I =   0.0 from L=    5,  Acc. loss =  0.0 D.
 Elastic phase shift   1 =   10.095  10.300 deg. for the L =    5, J =    5.5 channel.
       5.5  0.65511399  0.24091323i: elastic S-matrix  @@      0.00  0   0 F  0
 Reaction Xsec     5.5-/ 5 @ 1 =  63.221 , Out:   0.000#


 Total SPIN, PARITY =     6.5 +,      1 chs,      0 cc.  Rmin & Coul turning =    0.3    5.4
   S-matrix    1 =    0.87737   0.11309 for L=    6, J=    6.5 channel on core I =   0.0 from L=    6,  Acc. loss =  0.0 D.
 Elastic phase shift   1 =    3.672   3.512 deg. for the L =    6, J =    6.5 channel.
       6.5  0.87736659  0.11309321i: elastic S-matrix  @@      0.00  0   0 F  0
 Reaction Xsec     6.5+/ 6 @ 1 =  31.276 , Out:   0.000#


 Total SPIN, PARITY =     6.5 -,      1 chs,      0 cc.  Rmin & Coul turning =    0.3    5.4
   S-matrix    1 =    0.96057   0.02698 for L=    7, J=    6.5 channel on core I =   0.0 from L=    7,  Acc. loss =  0.0 D.
 Elastic phase shift   1 =    0.805   1.141 deg. for the L =    7, J =    6.5 channel.
       6.5  0.96056998  0.02698344i: elastic S-matrix  @@      0.00  0   0 F  0
 Reaction Xsec     6.5-/ 7 @ 1 =  11.015 , Out:   0.000#


 Total SPIN, PARITY =     7.5 +,      1 chs,      0 cc.  Rmin & Coul turning =    0.3    6.2
   S-matrix    1 =    0.98602   0.01023 for L=    8, J=    7.5 channel on core I =   0.0 from L=    8,  Acc. loss =  0.0 D.
 Elastic phase shift   1 =    0.297   0.402 deg. for the L =    8, J =    7.5 channel.
       7.5  0.98601696  0.01023266i: elastic S-matrix  @@      0.00  0   0 F  0
 Reaction Xsec     7.5+/ 8 @ 1 =   4.548 , Out:   0.000#


 Total SPIN, PARITY =     7.5 -,      1 chs,      0 cc.  Rmin & Coul turning =    0.3    6.2
   S-matrix    1 =    0.95814   0.04350 for L=    7, J=    7.5 channel on core I =   0.0 from L=    7,  Acc. loss =  0.0 D.
 Elastic phase shift   1 =    1.300   1.196 deg. for the L =    7, J =    7.5 channel.
       7.5  0.95813718  0.04350454i: elastic S-matrix  @@      0.00  0   0 F  0
 Reaction Xsec     7.5-/ 7 @ 1 =  13.164 , Out:   0.000#


 Total SPIN, PARITY =     8.5 +,      1 chs,      0 cc.  Rmin & Coul turning =    0.4    7.0
   S-matrix    1 =    0.98568   0.01552 for L=    8, J=    8.5 channel on core I =   0.0 from L=    8,  Acc. loss =  0.0 D.
 Elastic phase shift   1 =    0.451   0.410 deg. for the L =    8, J =    8.5 channel.
       8.5  0.98568205  0.01551819i: elastic S-matrix  @@      0.00  0   0 F  0
 Reaction Xsec     8.5+/ 8 @ 1 =   5.213 , Out:   0.000#


 Total SPIN, PARITY =     8.5 -,      1 chs,      0 cc.  Rmin & Coul turning =    0.4    7.0
   S-matrix    1 =    0.99514   0.00371 for L=    9, J=    8.5 channel on core I =   0.0 from L=    9,  Acc. loss =  0.0 D.
 Elastic phase shift   1 =    0.107   0.139 deg. for the L =    9, J =    8.5 channel.
       8.5  0.99513550  0.00370698i: elastic S-matrix  @@      0.00  0   0 F  0
 Reaction Xsec     8.5-/ 9 @ 1 =   1.792 , Out:   0.000#


 Total SPIN, PARITY =     9.5 +,      1 chs,      0 cc.  Rmin & Coul turning =    0.4    7.8
   S-matrix    1 =    0.99832   0.00131 for L=   10, J=    9.5 channel on core I =   0.0 from L=   10,  Acc. loss =  0.0 D.
 Elastic phase shift   1 =    0.038   0.048 deg. for the L =   10, J =    9.5 channel.
       9.5  0.99832410  0.00131276i: elastic S-matrix  @@      0.00  0   0 F  0
 Reaction Xsec     9.5+/10 @ 1 =   0.688 , Out:   0.000#


 Total SPIN, PARITY =     9.5 -,      1 chs,      0 cc.  Rmin & Coul turning =    0.4    7.8
   S-matrix    1 =    0.99509   0.00537 for L=    9, J=    9.5 channel on core I =   0.0 from L=    9,  Acc. loss =  0.0 D.
 Elastic phase shift   1 =    0.155   0.141 deg. for the L =    9, J =    9.5 channel.
       9.5  0.99509107  0.00537051i: elastic S-matrix  @@      0.00  0   0 F  0
 Reaction Xsec     9.5-/ 9 @ 1 =   2.007 , Out:   0.000#


 Total SPIN, PARITY =    10.5 +,      1 chs,      0 cc.  Rmin & Coul turning =    0.5    8.7
   S-matrix    1 =    0.99832   0.00183 for L=   10, J=   10.5 channel on core I =   0.0 from L=   10,  Acc. loss =  0.0 D.
 Elastic phase shift   1 =    0.053   0.048 deg. for the L =   10, J =   10.5 channel.
      10.5  0.99831832  0.00183371i: elastic S-matrix  @@      0.00  0   0 F  0
 Reaction Xsec    10.5+/10 @ 1 =   0.759 , Out:   0.000#


 Total SPIN, PARITY =    10.5 -,      1 chs,      0 cc.  Rmin & Coul turning =    0.5    8.7
   S-matrix    1 =    0.99943   0.00046 for L=   11, J=   10.5 channel on core I =   0.0 from L=   11,  Acc. loss =  0.0 D.
 Elastic phase shift   1 =    0.013   0.016 deg. for the L =   11, J =   10.5 channel.
      10.5  0.99942595  0.00045921i: elastic S-matrix  @@      0.00  0   0 F  0
 Reaction Xsec    10.5-/11 @ 1 =   0.259 , Out:   0.000#


 Total SPIN, PARITY =    11.5 +,      1 chs,      0 cc.  Rmin & Coul turning =    0.5    9.5
   S-matrix    1 =    0.99980   0.00016 for L=   12, J=   11.5 channel on core I =   0.0 from L=   12,  Acc. loss =  0.0 D.
 Elastic phase shift   1 =    0.005   0.006 deg. for the L =   12, J =   11.5 channel.
      11.5  0.99980415  0.00015942i: elastic S-matrix  @@      0.00  0   0 F  0
 Reaction Xsec    11.5+/12 @ 1 =   0.097 , Out:   0.000#


 Total SPIN, PARITY =    11.5 -,      1 chs,      0 cc.  Rmin & Coul turning =    0.5    9.5
   S-matrix    1 =    0.99943   0.00062 for L=   11, J=   11.5 channel on core I =   0.0 from L=   11,  Acc. loss =  0.0 D.
 Elastic phase shift   1 =    0.018   0.016 deg. for the L =   11, J =   11.5 channel.
      11.5  0.99942521  0.00062185i: elastic S-matrix  @@      0.00  0   0 F  0
 Reaction Xsec    11.5-/11 @ 1 =   0.283 , Out:   0.000#


 Total SPIN, PARITY =    12.5 +,      1 chs,      0 cc.  Rmin & Coul turning =    0.6   10.3
   S-matrix    1 =    0.99980   0.00021 for L=   12, J=   12.5 channel on core I =   0.0 from L=   12,  Acc. loss =  0.0 D.
 Elastic phase shift   1 =    0.006   0.006 deg. for the L =   12, J =   12.5 channel.
      12.5  0.99980405  0.00021005i: elastic S-matrix  @@      0.00  0   0 F  0
 Reaction Xsec    12.5+/12 @ 1 =   0.105 , Out:   0.000#


 Total SPIN, PARITY =    12.5 -,      1 chs,      0 cc.  Rmin & Coul turning =    0.6   10.3
   S-matrix    1 =    0.99993   0.00006 for L=   13, J=   12.5 channel on core I =   0.0 from L=   13,  Acc. loss =  0.0 D.
 Elastic phase shift   1 =    0.002   0.002 deg. for the L =   13, J =   12.5 channel.
      12.5  0.99993338  0.00005505i: elastic S-matrix  @@      0.00  0   0 F  0
 Reaction Xsec    12.5-/13 @ 1 =   0.036 , Out:   0.000#


 Total SPIN, PARITY =    13.5 +,      1 chs,      0 cc.  Rmin & Coul turning =    0.6   11.1
   S-matrix    1 =    0.99998   0.00002 for L=   14, J=   13.5 channel on core I =   0.0 from L=   14,  Acc. loss =  0.0 D.
 Elastic phase shift   1 =    0.001   0.001 deg. for the L =   14, J =   13.5 channel.
      13.5  0.99997739  0.00001893i: elastic S-matrix  @@      0.00  0   0 F  0
 Reaction Xsec    13.5+/14 @ 1 =   0.013 , Out:   0.000#


 Total SPIN, PARITY =    13.5 -,      1 chs,      0 cc.  Rmin & Coul turning =    0.6   11.1
   S-matrix    1 =    0.99993   0.00007 for L=   13, J=   13.5 channel on core I =   0.0 from L=   13,  Acc. loss =  0.0 D.
 Elastic phase shift   1 =    0.002   0.002 deg. for the L =   13, J =   13.5 channel.
      13.5  0.99993337  0.00007077i: elastic S-matrix  @@      0.00  0   0 F  0
 Reaction Xsec    13.5-/13 @ 1 =   0.038 , Out:   0.000#


 Total SPIN, PARITY =    14.5 +,      1 chs,      0 cc.  Rmin & Coul turning =    0.7   11.9
   S-matrix    1 =    0.99998   0.00002 for L=   14, J=   14.5 channel on core I =   0.0 from L=   14,  Acc. loss =  0.0 D.
 Elastic phase shift   1 =    0.001   0.001 deg. for the L =   14, J =   14.5 channel.
      14.5  0.99997739  0.00002380i: elastic S-matrix  @@      0.00  0   0 F  0
 Reaction Xsec    14.5+/14 @ 1 =   0.014 , Out:   0.000#


 Total SPIN, PARITY =    14.5 -,      1 chs,      0 cc.  Rmin & Coul turning =    0.7   11.9
   S-matrix    1 =    0.99999   0.00001 for L=   15, J=   14.5 channel on core I =   0.0 from L=   15,  Acc. loss =  0.0 D.
 Elastic phase shift   1 =    0.000   0.000 deg. for the L =   15, J =   14.5 channel.
      14.5  0.99999234  0.00000649i: elastic S-matrix  @@      0.00  0   0 F  0
 Reaction Xsec    14.5-/15 @ 1 =   4.719/, Out:   0.000#


 Total SPIN, PARITY =    15.5 +,      1 chs,      0 cc.  Rmin & Coul turning =    0.7   12.7
   S-matrix    1 =    1.00000   0.00000 for L=   16, J=   15.5 channel on core I =   0.0 from L=   16,  Acc. loss =  0.0 D.
 Elastic phase shift   1 =    0.000   0.000 deg. for the L =   16, J =   15.5 channel.
      15.5  0.99999741  0.00000222i: elastic S-matrix  @@      0.00  0   0 F  0
 Reaction Xsec    15.5+/16 @ 1 =   1.701/, Out:   0.000#


 Total SPIN, PARITY =    15.5 -,      1 chs,      0 cc.  Rmin & Coul turning =    0.7   12.7
   S-matrix    1 =    0.99999   0.00001 for L=   15, J=   15.5 channel on core I =   0.0 from L=   15,  Acc. loss =  0.0 D.
 Elastic phase shift   1 =    0.000   0.000 deg. for the L =   15, J =   15.5 channel.
      15.5  0.99999234  0.00000799i: elastic S-matrix  @@      0.00  0   0 F  0
 Reaction Xsec    15.5-/15 @ 1 =   5.034/, Out:   0.000#


 Total SPIN, PARITY =    16.5 +,      1 chs,      0 cc.  Rmin & Coul turning =    0.8   13.5
   S-matrix    1 =    1.00000   0.00000 for L=   16, J=   16.5 channel on core I =   0.0 from L=   16,  Acc. loss =  0.0 D.
 Elastic phase shift   1 =    0.000   0.000 deg. for the L =   16, J =   16.5 channel.
      16.5  0.99999741  0.00000268i: elastic S-matrix  @@      0.00  0   0 F  0
 Reaction Xsec    16.5+/16 @ 1 =   1.808/, Out:   0.000#


 Total SPIN, PARITY =    16.5 -,      1 chs,      0 cc.  Rmin & Coul turning =    0.8   13.5
   S-matrix    1 =    1.00000   0.00000 for L=   17, J=   16.5 channel on core I =   0.0 from L=   17,  Acc. loss =  0.0 D.
 Elastic phase shift   1 =    0.000   0.000 deg. for the L =   17, J =   16.5 channel.
      16.5  0.99999913  0.00000076i: elastic S-matrix  @@      0.00  0   0 F  0
 Reaction Xsec    16.5-/17 @ 1 =   0.610/, Out:   0.000#


 Total SPIN, PARITY =    17.5 +,      1 chs,      0 cc.  Rmin & Coul turning =    0.8   14.3
   S-matrix    1 =    1.00000   0.00000 for L=   18, J=   17.5 channel on core I =   0.0 from L=   18,  Acc. loss =  0.0 D.
 Elastic phase shift   1 =    0.000   0.000 deg. for the L =   18, J =   17.5 channel.
      17.5  0.99999971  0.00000026i: elastic S-matrix  @@      0.00  0   0 F  0
 Reaction Xsec    17.5+/18 @ 1 =   0.218/, Out:   0.000#


 Total SPIN, PARITY =    17.5 -,      1 chs,      0 cc.  Rmin & Coul turning =    0.8   14.3
   S-matrix    1 =    1.00000   0.00000 for L=   17, J=   17.5 channel on core I =   0.0 from L=   17,  Acc. loss =  0.0 D.
 Elastic phase shift   1 =    0.000   0.000 deg. for the L =   17, J =   17.5 channel.
      17.5  0.99999913  0.00000090i: elastic S-matrix  @@      0.00  0   0 F  0
 Reaction Xsec    17.5-/17 @ 1 =   0.646/, Out:   0.000#

 Finished all CC sets @    7.01600034E-03
0CUMULATIVE REACTION cross section                 =  626.90301  <L> =     3.87  <L**2> =     18.3
0CUMULATIVE outgoing cross sections in partition 1 :    0.00000
0Cumulative ABSORBTION by Imaginary Potentials     =  626.90301  <L> =     3.87  <L**2> =     18.3
   Fusion for specific p        M-states :  626.903013  626.903013
0CUMULATIVE OUTGOING cross section                 =    0.00000
 To convert to S-factors (MeV.mb = keV.b),  multiply by  1.2763E+02


 CROSS SECTIONS FOR OUTGOING p        & O20      in state #   1 with spins & parities 0.5  + &  0.0  +;  0

     3.00 deg.: X-S =   1.3036E+05 mb/sr,
+                                         /R =   8.1942E-01
     4.00 deg.: X-S =   3.6207E+04 mb/sr,
+                                         /R =   7.1906E-01
     5.00 deg.: X-S =   1.2938E+04 mb/sr,
+                                         /R =   6.2703E-01
     6.00 deg.: X-S =  5586.471420 mb/sr,
+                                         /R =   5.6109E-01
     7.00 deg.: X-S =  2897.226548 mb/sr,
+                                         /R =   5.3874E-01
     8.00 deg.: X-S =  1818.290659 mb/sr,
+                                         /R =   5.7636E-01
     9.00 deg.: X-S =  1356.816555 mb/sr,
+                                         /R =   6.8831E-01
    10.00 deg.: X-S =  1147.044650 mb/sr,
+                                         /R =   8.8605E-01
    11.00 deg.: X-S =  1042.116094 mb/sr,
+                                         /R =   1.1773E+00
    12.00 deg.: X-S =   979.658784 mb/sr,
+                                         /R =   1.5657E+00
    13.00 deg.: X-S =   932.442038 mb/sr,
+                                         /R =   2.0500E+00
    14.00 deg.: X-S =   888.674039 mb/sr,
+                                         /R =   2.6243E+00
    15.00 deg.: X-S =   843.599749 mb/sr,
+                                         /R =   3.2781E+00
    16.00 deg.: X-S =   795.727838 mb/sr,
+                                         /R =   3.9965E+00
    17.00 deg.: X-S =   745.067414 mb/sr,
+                                         /R =   4.7610E+00
    18.00 deg.: X-S =   692.279735 mb/sr,
+                                         /R =   5.5501E+00
    19.00 deg.: X-S =   638.262882 mb/sr,
+                                         /R =   6.3406E+00
    20.00 deg.: X-S =   583.947833 mb/sr,
+                                         /R =   7.1080E+00
    21.00 deg.: X-S =   530.200372 mb/sr,
+                                         /R =   7.8282E+00
    22.00 deg.: X-S =   477.777006 mb/sr,
+                                         /R =   8.4784E+00
    23.00 deg.: X-S =   427.308830 mb/sr,
+                                         /R =   9.0376E+00
    24.00 deg.: X-S =   379.299933 mb/sr,
+                                         /R =   9.4883E+00
    25.00 deg.: X-S =   334.133352 mb/sr,
+                                         /R =   9.8165E+00
    26.00 deg.: X-S =   292.080846 mb/sr,
+                                         /R =   1.0013E+01
    27.00 deg.: X-S =   253.314450 mb/sr,
+                                         /R =   1.0071E+01
    28.00 deg.: X-S =   217.918718 mb/sr,
+                                         /R =   9.9928E+00
    29.00 deg.: X-S =   185.902982 mb/sr,
+                                         /R =   9.7809E+00
    30.00 deg.: X-S =   157.213255 mb/sr,
+                                         /R =   9.4442E+00
    31.00 deg.: X-S =   131.743541 mb/sr,
+                                         /R =   8.9953E+00
    32.00 deg.: X-S =   109.346399 mb/sr,
+                                         /R =   8.4498E+00
    33.00 deg.: X-S =    89.842646 mb/sr,
+                                         /R =   7.8260E+00
    34.00 deg.: X-S =    73.030157 mb/sr,
+                                         /R =   7.1439E+00
    35.00 deg.: X-S =    58.691702 mb/sr,
+                                         /R =   6.4244E+00
    36.00 deg.: X-S =    46.601835 mb/sr,
+                                         /R =   5.6888E+00
    37.00 deg.: X-S =    36.532816 mb/sr,
+                                         /R =   4.9577E+00
    38.00 deg.: X-S =    28.259611 mb/sr,
+                                         /R =   4.2504E+00
    39.00 deg.: X-S =    21.564007 mb/sr,
+                                         /R =   3.5843E+00
    40.00 deg.: X-S =    16.237888 mb/sr,
+                                         /R =   2.9746E+00
    41.00 deg.: X-S =    12.085742 mb/sr,
+                                         /R =   2.4337E+00
    42.00 deg.: X-S =     8.926469 mb/sr,
+                                         /R =   1.9710E+00
    43.00 deg.: X-S =     6.594566 mb/sr,
+                                         /R =   1.5929E+00
    44.00 deg.: X-S =     4.940759 mb/sr,
+                                         /R =   1.3025E+00
    45.00 deg.: X-S =     3.832167 mb/sr,
+                                         /R =   1.1003E+00
    46.00 deg.: X-S =     3.152083 mb/sr,
+                                         /R =   9.8356E-01
    47.00 deg.: X-S =     2.799417 mb/sr,
+                                         /R =   9.4745E-01
    48.00 deg.: X-S =     2.687901 mb/sr,
+                                         /R =   9.8482E-01
    49.00 deg.: X-S =     2.745101 mb/sr,
+                                         /R =   1.0868E+00
    50.00 deg.: X-S =     2.911292 mb/sr,
+                                         /R =   1.2433E+00
    51.00 deg.: X-S =     3.138259 mb/sr,
+                                         /R =   1.4432E+00
    52.00 deg.: X-S =     3.388054 mb/sr,
+                                         /R =   1.6750E+00
    53.00 deg.: X-S =     3.631749 mb/sr,
+                                         /R =   1.9272E+00
    54.00 deg.: X-S =     3.848223 mb/sr,
+                                         /R =   2.1885E+00
    55.00 deg.: X-S =     4.022993 mb/sr,
+                                         /R =   2.4483E+00
    56.00 deg.: X-S =     4.147126 mb/sr,
+                                         /R =   2.6970E+00
    57.00 deg.: X-S =     4.216222 mb/sr,
+                                         /R =   2.9260E+00
    58.00 deg.: X-S =     4.229499 mb/sr,
+                                         /R =   3.1280E+00
    59.00 deg.: X-S =     4.188973 mb/sr,
+                                         /R =   3.2973E+00
    60.00 deg.: X-S =     4.098735 mb/sr,
+                                         /R =   3.4294E+00
    61.00 deg.: X-S =     3.964324 mb/sr,
+                                         /R =   3.5216E+00
    62.00 deg.: X-S =     3.792199 mb/sr,
+                                         /R =   3.5722E+00
    63.00 deg.: X-S =     3.589297 mb/sr,
+                                         /R =   3.5813E+00
    64.00 deg.: X-S =     3.362670 mb/sr,
+                                         /R =   3.5499E+00
    65.00 deg.: X-S =     3.119207 mb/sr,
+                                         /R =   3.4802E+00
    66.00 deg.: X-S =     2.865408 mb/sr,
+                                         /R =   3.3753E+00
    67.00 deg.: X-S =     2.607233 mb/sr,
+                                         /R =   3.2391E+00
    68.00 deg.: X-S =     2.349993 mb/sr,
+                                         /R =   3.0761E+00
    69.00 deg.: X-S =     2.098285 mb/sr,
+                                         /R =   2.8911E+00
    70.00 deg.: X-S =     1.855965 mb/sr,
+                                         /R =   2.6892E+00
    71.00 deg.: X-S =     1.626155 mb/sr,
+                                         /R =   2.4755E+00
    72.00 deg.: X-S =     1.411263 mb/sr,
+                                         /R =   2.2551E+00
    73.00 deg.: X-S =     1.213029 mb/sr,
+                                         /R =   2.0329E+00
    74.00 deg.: X-S =     1.032580 mb/sr,
+                                         /R =   1.8133E+00
    75.00 deg.: X-S =     0.870496 mb/sr,
+                                         /R =   1.6005E+00
    76.00 deg.: X-S =     0.726877 mb/sr,
+                                         /R =   1.3980E+00
    77.00 deg.: X-S =     0.601414 mb/sr,
+                                         /R =   1.2091E+00
    78.00 deg.: X-S =     0.493462 mb/sr,
+                                         /R =   1.0362E+00
    79.00 deg.: X-S =     0.402104 mb/sr,
+                                         /R =   8.8120E-01
    80.00 deg.: X-S =     0.326217 mb/sr,
+                                         /R =   7.4554E-01
    81.00 deg.: X-S =     0.264528 mb/sr,
+                                         /R =   6.3000E-01
    82.00 deg.: X-S =     0.215671 mb/sr,
+                                         /R =   5.3488E-01
    83.00 deg.: X-S =     0.178229 mb/sr,
+                                         /R =   4.5997E-01
    84.00 deg.: X-S =     0.150773 mb/sr,
+                                         /R =   4.0463E-01
    85.00 deg.: X-S =     0.131902 mb/sr,
+                                         /R =   3.6785E-01
    86.00 deg.: X-S =     0.120263 mb/sr,
+                                         /R =   3.4830E-01
    87.00 deg.: X-S =     0.114579 mb/sr,
+                                         /R =   3.4439E-01
    88.00 deg.: X-S =     0.113661 mb/sr,
+                                         /R =   3.5431E-01
    89.00 deg.: X-S =     0.116421 mb/sr,
+                                         /R =   3.7616E-01
    90.00 deg.: X-S =     0.121880 mb/sr,
+                                         /R =   4.0791E-01
    91.00 deg.: X-S =     0.129172 mb/sr,
+                                         /R =   4.4754E-01
    92.00 deg.: X-S =     0.137544 mb/sr,
+                                         /R =   4.9303E-01
    93.00 deg.: X-S =     0.146353 mb/sr,
+                                         /R =   5.4243E-01
    94.00 deg.: X-S =     0.155062 mb/sr,
+                                         /R =   5.9389E-01
    95.00 deg.: X-S =     0.163235 mb/sr,
+                                         /R =   6.4570E-01
    96.00 deg.: X-S =     0.170530 mb/sr,
+                                         /R =   6.9628E-01
    97.00 deg.: X-S =     0.176689 mb/sr,
+                                         /R =   7.4426E-01
    98.00 deg.: X-S =     0.181531 mb/sr,
+                                         /R =   7.8843E-01
    99.00 deg.: X-S =     0.184943 mb/sr,
+                                         /R =   8.2777E-01
   100.00 deg.: X-S =     0.186870 mb/sr,
+                                         /R =   8.6149E-01
   101.00 deg.: X-S =     0.187309 mb/sr,
+                                         /R =   8.8894E-01
   102.00 deg.: X-S =     0.186296 mb/sr,
+                                         /R =   9.0971E-01
   103.00 deg.: X-S =     0.183903 mb/sr,
+                                         /R =   9.2354E-01
   104.00 deg.: X-S =     0.180228 mb/sr,
+                                         /R =   9.3034E-01
   105.00 deg.: X-S =     0.175390 mb/sr,
+                                         /R =   9.3017E-01
   106.00 deg.: X-S =     0.169521 mb/sr,
+                                         /R =   9.2323E-01
   107.00 deg.: X-S =     0.162763 mb/sr,
+                                         /R =   9.0983E-01
   108.00 deg.: X-S =     0.155261 mb/sr,
+                                         /R =   8.9040E-01
   109.00 deg.: X-S =     0.147160 mb/sr,
+                                         /R =   8.6542E-01
   110.00 deg.: X-S =     0.138603 mb/sr,
+                                         /R =   8.3546E-01
   111.00 deg.: X-S =     0.129728 mb/sr,
+                                         /R =   8.0113E-01
   112.00 deg.: X-S =     0.120664 mb/sr,
+                                         /R =   7.6307E-01
   113.00 deg.: X-S =     0.111529 mb/sr,
+                                         /R =   7.2195E-01
   114.00 deg.: X-S =     0.102434 mb/sr,
+                                         /R =   6.7843E-01
   115.00 deg.: X-S =     0.093475 mb/sr,
+                                         /R =   6.3315E-01
   116.00 deg.: X-S =     0.084739 mb/sr,
+                                         /R =   5.8675E-01
   117.00 deg.: X-S =     0.076298 mb/sr,
+                                         /R =   5.3985E-01
   118.00 deg.: X-S =     0.068216 mb/sr,
+                                         /R =   4.9299E-01
   119.00 deg.: X-S =     0.060542 mb/sr,
+                                         /R =   4.4671E-01
   120.00 deg.: X-S =     0.053316 mb/sr,
+                                         /R =   4.0148E-01
   121.00 deg.: X-S =     0.046567 mb/sr,
+                                         /R =   3.5773E-01
   122.00 deg.: X-S =     0.040316 mb/sr,
+                                         /R =   3.1583E-01
   123.00 deg.: X-S =     0.034574 mb/sr,
+                                         /R =   2.7608E-01
   124.00 deg.: X-S =     0.029344 mb/sr,
+                                         /R =   2.3876E-01
   125.00 deg.: X-S =     0.024624 mb/sr,
+                                         /R =   2.0407E-01
   126.00 deg.: X-S =     0.020404 mb/sr,
+                                         /R =   1.7216E-01
   127.00 deg.: X-S =     0.016670 mb/sr,
+                                         /R =   1.4315E-01
   128.00 deg.: X-S =     0.013404 mb/sr,
+                                         /R =   1.1710E-01
   129.00 deg.: X-S =     0.010583 mb/sr,
+                                         /R =   9.4024E-02
   130.00 deg.: X-S =     0.008183 mb/sr,
+                                         /R =   7.3908E-02
   131.00 deg.: X-S =     0.006177 mb/sr,
+                                         /R =   5.6696E-02
   132.00 deg.: X-S =     0.004537 mb/sr,
+                                         /R =   4.2307E-02
   133.00 deg.: X-S =     0.003235 mb/sr,
+                                         /R =   3.0631E-02
   134.00 deg.: X-S =     0.002241 mb/sr,
+                                         /R =   2.1537E-02
   135.00 deg.: X-S =     0.001525 mb/sr,
+                                         /R =   1.4877E-02
   136.00 deg.: X-S =     0.001060 mb/sr,
+                                         /R =   1.0488E-02
   137.00 deg.: X-S =     0.000817 mb/sr,
+                                         /R =   8.1974E-03
   138.00 deg.: X-S =     0.000770 mb/sr,
+                                         /R =   7.8262E-03
   139.00 deg.: X-S =     0.000892 mb/sr,
+                                         /R =   9.1916E-03
   140.00 deg.: X-S =     0.001160 mb/sr,
+                                         /R =   1.2110E-02
   141.00 deg.: X-S =     0.001552 mb/sr,
+                                         /R =   1.6400E-02
   142.00 deg.: X-S =     0.002045 mb/sr,
+                                         /R =   2.1883E-02
   143.00 deg.: X-S =     0.002622 mb/sr,
+                                         /R =   2.8388E-02
   144.00 deg.: X-S =     0.003264 mb/sr,
+                                         /R =   3.5750E-02
   145.00 deg.: X-S =     0.003956 mb/sr,
+                                         /R =   4.3815E-02
   146.00 deg.: X-S =     0.004683 mb/sr,
+                                         /R =   5.2437E-02
   147.00 deg.: X-S =     0.005434 mb/sr,
+                                         /R =   6.1480E-02
   148.00 deg.: X-S =     0.006196 mb/sr,
+                                         /R =   7.0820E-02
   149.00 deg.: X-S =     0.006960 mb/sr,
+                                         /R =   8.0346E-02
   150.00 deg.: X-S =     0.007719 mb/sr,
+                                         /R =   8.9955E-02
   151.00 deg.: X-S =     0.008465 mb/sr,
+                                         /R =   9.9558E-02
   152.00 deg.: X-S =     0.009192 mb/sr,
+                                         /R =   1.0907E-01
   153.00 deg.: X-S =     0.009896 mb/sr,
+                                         /R =   1.1844E-01
   154.00 deg.: X-S =     0.010573 mb/sr,
+                                         /R =   1.2759E-01
   155.00 deg.: X-S =     0.011221 mb/sr,
+                                         /R =   1.3647E-01
   156.00 deg.: X-S =     0.011837 mb/sr,
+                                         /R =   1.4506E-01
   157.00 deg.: X-S =     0.012419 mb/sr,
+                                         /R =   1.5331E-01
   158.00 deg.: X-S =     0.012968 mb/sr,
+                                         /R =   1.6120E-01
   159.00 deg.: X-S =     0.013482 mb/sr,
+                                         /R =   1.6870E-01
   160.00 deg.: X-S =     0.013963 mb/sr,
+                                         /R =   1.7582E-01
   161.00 deg.: X-S =     0.014409 mb/sr,
+                                         /R =   1.8253E-01
   162.00 deg.: X-S =     0.014823 mb/sr,
+                                         /R =   1.8884E-01
   163.00 deg.: X-S =     0.015204 mb/sr,
+                                         /R =   1.9475E-01
   164.00 deg.: X-S =     0.015555 mb/sr,
+                                         /R =   2.0025E-01
   165.00 deg.: X-S =     0.015876 mb/sr,
+                                         /R =   2.0536E-01
   166.00 deg.: X-S =     0.016168 mb/sr,
+                                         /R =   2.1007E-01
   167.00 deg.: X-S =     0.016434 mb/sr,
+                                         /R =   2.1440E-01
   168.00 deg.: X-S =     0.016673 mb/sr,
+                                         /R =   2.1836E-01
   169.00 deg.: X-S =     0.016888 mb/sr,
+                                         /R =   2.2195E-01
   170.00 deg.: X-S =     0.017080 mb/sr,
+                                         /R =   2.2520E-01
   171.00 deg.: X-S =     0.017250 mb/sr,
+                                         /R =   2.2809E-01
   172.00 deg.: X-S =     0.017399 mb/sr,
+                                         /R =   2.3066E-01
   173.00 deg.: X-S =     0.017527 mb/sr,
+                                         /R =   2.3290E-01
   174.00 deg.: X-S =     0.017637 mb/sr,
+                                         /R =   2.3482E-01
   175.00 deg.: X-S =     0.017729 mb/sr,
+                                         /R =   2.3644E-01
   176.00 deg.: X-S =     0.017803 mb/sr,
+                                         /R =   2.3775E-01
   177.00 deg.: X-S =     0.017859 mb/sr,
+                                         /R =   2.3876E-01
   178.00 deg.: X-S =     0.017900 mb/sr,
+                                         /R =   2.3948E-01
   179.00 deg.: X-S =     0.017924 mb/sr,
+                                         /R =   2.3992E-01
   179.99 deg.: X-S =     0.017932 mb/sr,
+                                         /R =   2.4006E-01
                                           Integrated 1751.8970 mb, over [   3.000, 180.000] at    35.0000 MeV 
 Finished all xsecs @    8.30300059E-03

  The following files have been created:
   3:local copy of User input.            6:standard output.                   
   7:elastic  S-matrix elements.         13:total cross sections/state.        
  16:tables of cross sections.           38:cross sections for each J/pi.      
  39:cross sections for each Ecm.        40:all cross sectns. for each Elab.   
  45:scat phase shift as E functions.    56:Fusion for each Jtotal.            
 201:Separate cross sections.           

 PARAMETERS : MAXQRN   MFNL   MLOC  LMAX1 MCLIST
    ALLOWED :      1      1      4     70      6
    REQUIRED:      0      0      4     19      4


 ACCURACY ANALYSIS at    35.000 MeV :

  Elastic h*k = 0.037 so OK       compared with 0.200

   Real(S-el) > 0.01 first at J =       2.5
   Real(S-el) > 0.10 first at J =       2.5
   Real(S-el) > 0.50 first at J =       4.5
   Real(S-el) > 0.90 first at J =       6.5
   Real(S-el) > 0.99 first at J =       8.5
   R-turn =    14.32 fm    at J =      17.5

 Forward-angle excitation cut off below   1.361 deg by max JT =      17.5
                              and below   0.330 deg by max R.

