 FRESCO - FRES 3.4: Coupled Reaction Channels
 Assuming NAMELIST input.

 p+O20 with CH89;                                                                

   0.030  60.000   0.500   0.000   0.000   0.000   0.000   0.000   0.000   0.000

 Centre-of-mass Range is   2002 * 0.0300 fm., Maximum at  60.00 fm., Interpolating NL forms every  0.51 fm.
 Non - locality width is      4 * 0.0300 fm., Maximum of   0.09 fm., Centred at  0.00 fm.
 2-Nucleon Separation of      0 * 0.5100 fm., Maximum of   0.00 fm., Minimum at  0.00 fm.
 Maximum single particle bins of 59.6700 fm.
               M,Mint =         2001        1990


 Range of total J is     0.0 <= J <=    50.0 (at least     0.0) and Absorbtion =>     0.0010 mb.
 Dry Run = F, CC set limits =  0  0, Relativistic kinematics =  , Both/Far/Near Analyses =  1                     

 Cross Sections (and up to T0 for 0=projectile) for Theta from   3.0 to-180.0 in steps of  1.0 degrees, DGAM=0,  Coordinates = 0 (Mads)

 Lower Radial Cutoff = maximum of -1.60*L*h &       0.0 fm.,  Lower Cutoff for Couplings =   0.0  fm.


 Iterate Couplings between   0 and   0 times, to  0.000 % if sooner.                                          
  Block solved exactly =   0 chs., with Pade = 0 & Isocen =  =0, NOSOL = F, initwf =  0
  NL quadrature with   18 Gaussian points, Calculate multipoles up to    56 from   0
  M-transfers for lp+lt greater than or equal to  6, Angular Integration Cutoff below  2.7778 %


 Trace switches are :  CHANS =  1, LISTCC =  0, TRENEG =  0, CDETR =  0, SMATS =  2, XSTABL =  1, NLPL =  0

                       WAVES =  0, LAMPL =  0, VEFF =  0, KFUS =  0, WDISK =  0, BPM =  0, MELFIL =  0

                       CDCC =  0, NFUS =  0

 Using unit mass = 1.000000 amu and 1/fine-structure constant = 137.03599 ( 1.000000 * true ) with hc = 197.32705 MeV.fm,
  thus 2*amu/hbar^2 = 0.0478450 = 1/20.9008 and Coulomb constant = 0.1574855 so e^2 = 1.43997, and nuclear magneton= 0.1261183

 Now pre-scan input and save to file 3



 *********** PARTITION NUMBER  1 ******************************************************************************************

   PROJ=p          MASS=  1.0073 Z=   1.0,        # STATES=    1T, TARG=O20      MASS= 19.9997 Z=   8.0,     Q-VALUE =  -0.0000 MEV.

     1:  J= 0.5+ (B# 1), E=  0.0000, K= 0.5              Potl#  1       J= 0.0+ (B# 1), E=  0.0000, K= 0.0    


 ************************************************************************************************************************************

 The following POTENTIALS are defined :

  KP#       TYPE      IT    SHAPE      at     V1        r1        a1        V2        r2        a2        A-in     A-used


                                            A#1       A#2        r0c       ac                                                h @ 1
    1    0=Coulomb       0=CHARGE (WS)  1    20.000     0.000    1.2842    0.0000    0.0000    0.0000     0.000    20.000   0.03000

    1    1=Volume        0=Woods-Saxon  2   25.4324    1.1671    0.6900    5.1287    1.1753    0.6900     0.000    20.000

    1    2=Surface       0=Woods-Saxon  3    0.0000    0.0000    0.0000   10.8834    1.1753    0.6900     0.000    20.000

    1    3=Projtl S.O.   0=Woods-Saxon  4    5.9000    0.8979    0.6300    0.0000    0.0000    0.0000     0.000    20.000

 Incoming partition  1 in excitation state # 1,   Laboratory Energy given for partition  1 Nucleus 1 in Excitation pair 1

0Lab. ENERGY ranges :

   from    35.0000     to   0.00000     in     0 intervals
   from    0.00000     to   0.00000     in     0 intervals
   from    0.00000     to   0.00000     in     0 intervals

 Largest real,imaginary parts of any form factor at R=   59.52 are   2.42E-02  1.17E-31 MeV
 Finished all Couplings @    5.28999954E-04           4

 Symmetric Hamiltonian
1***********************************************************************************************************************************
************************************************************************************************************************************

        INCOMING p        ;    LABORATORY p        ENERGY =   35.000     MeV.

 ***********************************************************************************************************************************
 ***********************************************************************************************************************************

 Allocate arrays for            2  channels, of which            1  need wfs.

 ######################################################################################################################
 #                                                                                                                    #
 # Total SPIN and PARITY =     0.5 +,      1 channels,    0 in 1st block.  Rmin & Coul turning =    0.0    0.3 fm.  #
 #                                                                                                                    #
 ######################################################################################################################



    C Projectl Target   #   EX.   (L  Proj) J  + Targ = Jtotal     E-cm      Re K     Re Eta     RM*K            CH
    1 p        O20      #    1: I   0 0.5    0.5  0.0     0.5    33.32176   1.23648   0.21373   74.1887   0.33920  -0.36833 1 1 1   1
   S-matrix    1 =   -0.21830  -0.08373 for L=    0, J=    0.5 channel on core I =   0.0 from L=    0,  Acc. loss =  0.0 D.
 Elastic phase shift   1 =  -79.508  41.633 deg. for the L =    0, J =    0.5 channel.
       0.5 -0.21830304 -0.08372850i: elastic S-matrix  @@      0.00  0   0 F  0
 Reaction Xsec     0.5+/ 0 @ 1 =  19.425 , Out:   0.000#


 Total SPIN, PARITY =     0.5 -,      1 chs,      0 cc.  Rmin & Coul turning =    0.0    0.3
   S-matrix    1 =   -0.15072   0.13690 for L=    1, J=    0.5 channel on core I =   0.0 from L=    1,  Acc. loss =  0.0 D.
 Elastic phase shift   1 =   68.875  45.594 deg. for the L =    1, J =    0.5 channel.
       0.5 -0.15071620  0.13690249i: elastic S-matrix  @@      0.00  0   0 F  0
 Reaction Xsec     0.5-/ 1 @ 1 =  19.696 , Out:   0.000#


 Total SPIN, PARITY =     1.5 +,      1 chs,      0 cc.  Rmin & Coul turning =    0.0    1.3
   S-matrix    1 =   -0.08361   0.18298 for L=    2, J=    1.5 channel on core I =   0.0 from L=    2,  Acc. loss =  0.0 D.
 Elastic phase shift   1 =   57.279  45.939 deg. for the L =    2, J =    1.5 channel.
       1.5 -0.08361107  0.18297567i: elastic S-matrix  @@      0.00  0   0 F  0
 Reaction Xsec     1.5+/ 2 @ 1 =  39.433 , Out:   0.000#


 Total SPIN, PARITY =     1.5 -,      1 chs,      0 cc.  Rmin & Coul turning =    0.0    1.3
   S-matrix    1 =   -0.20421   0.02747 for L=    1, J=    1.5 channel on core I =   0.0 from L=    1,  Acc. loss =  0.0 D.
 Elastic phase shift   1 =   86.170  45.254 deg. for the L =    1, J =    1.5 channel.
       1.5 -0.20420592  0.02746833i: elastic S-matrix  @@      0.00  0   0 F  0
 Reaction Xsec     1.5-/ 1 @ 1 =  39.352 , Out:   0.000#


 Total SPIN, PARITY =     2.5 +,      1 chs,      0 cc.  Rmin & Coul turning =    0.1    2.2
   S-matrix    1 =   -0.22787   0.08129 for L=    2, J=    2.5 channel on core I =   0.0 from L=    2,  Acc. loss =  0.0 D.
 Elastic phase shift   1 =   80.184  40.654 deg. for the L =    2, J =    2.5 channel.
       2.5 -0.22787188  0.08128685i: elastic S-matrix  @@      0.00  0   0 F  0
 Reaction Xsec     2.5+/ 2 @ 1 =  58.037 , Out:   0.000#


 Total SPIN, PARITY =     2.5 -,      1 chs,      0 cc.  Rmin & Coul turning =    0.1    2.2
   S-matrix    1 =    0.04513   0.09810 for L=    3, J=    2.5 channel on core I =   0.0 from L=    3,  Acc. loss =  0.0 D.
 Elastic phase shift   1 =   32.649  63.764 deg. for the L =    3, J =    2.5 channel.
       2.5  0.04512736  0.09810270i: elastic S-matrix  @@      0.00  0   0 F  0
 Reaction Xsec     2.5-/ 3 @ 1 =  60.926 , Out:   0.000#


 Total SPIN, PARITY =     3.5 +,      1 chs,      0 cc.  Rmin & Coul turning =    0.1    3.0
   S-matrix    1 =    0.30112   0.05222 for L=    4, J=    3.5 channel on core I =   0.0 from L=    4,  Acc. loss =  0.0 D.
 Elastic phase shift   1 =    4.919  33.960 deg. for the L =    4, J =    3.5 channel.
       3.5  0.30111646  0.05222137i: elastic S-matrix  @@      0.00  0   0 F  0
 Reaction Xsec     3.5+/ 4 @ 1 =  74.517 , Out:   0.000#


 Total SPIN, PARITY =     3.5 -,      1 chs,      0 cc.  Rmin & Coul turning =    0.1    3.0
   S-matrix    1 =   -0.13560   0.06144 for L=    3, J=    3.5 channel on core I =   0.0 from L=    3,  Acc. loss =  0.0 D.
 Elastic phase shift   1 =   77.813  54.565 deg. for the L =    3, J =    3.5 channel.
       3.5 -0.13560009  0.06143641i: elastic S-matrix  @@      0.00  0   0 F  0
 Reaction Xsec     3.5-/ 3 @ 1 =  80.372 , Out:   0.000#


 Total SPIN, PARITY =     4.5 +,      1 chs,      0 cc.  Rmin & Coul turning =    0.2    3.8
   S-matrix    1 =    0.14806   0.08644 for L=    4, J=    4.5 channel on core I =   0.0 from L=    4,  Acc. loss =  0.0 D.
 Elastic phase shift   1 =   15.139  50.520 deg. for the L =    4, J =    4.5 channel.
       4.5  0.14806100  0.08644046i: elastic S-matrix  @@      0.00  0   0 F  0
 Reaction Xsec     4.5+/ 4 @ 1 =  99.722 , Out:   0.000#


 Total SPIN, PARITY =     4.5 -,      1 chs,      0 cc.  Rmin & Coul turning =    0.2    3.8
   S-matrix    1 =    0.59647   0.05395 for L=    5, J=    4.5 channel on core I =   0.0 from L=    5,  Acc. loss =  0.0 D.
 Elastic phase shift   1 =    2.584  14.687 deg. for the L =    5, J =    4.5 channel.
       4.5  0.59646596  0.05395483i: elastic S-matrix  @@      0.00  0   0 F  0
 Reaction Xsec     4.5-/ 5 @ 1 =  65.890 , Out:   0.000#


 Total SPIN, PARITY =     5.5 +,      1 chs,      0 cc.  Rmin & Coul turning =    0.2    4.6
   S-matrix    1 =    0.81570   0.04283 for L=    6, J=    5.5 channel on core I =   0.0 from L=    6,  Acc. loss =  0.0 D.
 Elastic phase shift   1 =    1.503   5.796 deg. for the L =    6, J =    5.5 channel.
       5.5  0.81570017  0.04282845i: elastic S-matrix  @@      0.00  0   0 F  0
 Reaction Xsec     5.5+/ 6 @ 1 =  41.031 , Out:   0.000#


 Total SPIN, PARITY =     5.5 -,      1 chs,      0 cc.  Rmin & Coul turning =    0.2    4.6
   S-matrix    1 =    0.52010   0.11629 for L=    5, J=    5.5 channel on core I =   0.0 from L=    5,  Acc. loss =  0.0 D.
 Elastic phase shift   1 =    6.302  18.029 deg. for the L =    5, J =    5.5 channel.
       5.5  0.52010094  0.11628978i: elastic S-matrix  @@      0.00  0   0 F  0
 Reaction Xsec     5.5-/ 5 @ 1 =  88.272 , Out:   0.000#


 Total SPIN, PARITY =     6.5 +,      1 chs,      0 cc.  Rmin & Coul turning =    0.3    5.4
   S-matrix    1 =    0.79506   0.08179 for L=    6, J=    6.5 channel on core I =   0.0 from L=    6,  Acc. loss =  0.0 D.
 Elastic phase shift   1 =    2.937   6.419 deg. for the L =    6, J =    6.5 channel.
       6.5  0.79505971  0.08178852i: elastic S-matrix  @@      0.00  0   0 F  0
 Reaction Xsec     6.5+/ 6 @ 1 =  51.953 , Out:   0.000#


 Total SPIN, PARITY =     6.5 -,      1 chs,      0 cc.  Rmin & Coul turning =    0.3    5.4
   S-matrix    1 =    0.92814   0.02261 for L=    7, J=    6.5 channel on core I =   0.0 from L=    7,  Acc. loss =  0.0 D.
 Elastic phase shift   1 =    0.698   2.128 deg. for the L =    7, J =    6.5 channel.
       6.5  0.92814453  0.02261477i: elastic S-matrix  @@      0.00  0   0 F  0
 Reaction Xsec     6.5-/ 7 @ 1 =  19.855 , Out:   0.000#


 Total SPIN, PARITY =     7.5 +,      1 chs,      0 cc.  Rmin & Coul turning =    0.3    6.2
   S-matrix    1 =    0.97403   0.00951 for L=    8, J=    7.5 channel on core I =   0.0 from L=    8,  Acc. loss =  0.0 D.
 Elastic phase shift   1 =    0.280   0.752 deg. for the L =    8, J =    7.5 channel.
       7.5  0.97403053  0.00951318i: elastic S-matrix  @@      0.00  0   0 F  0
 Reaction Xsec     7.5+/ 8 @ 1 =   8.412 , Out:   0.000#


 Total SPIN, PARITY =     7.5 -,      1 chs,      0 cc.  Rmin & Coul turning =    0.3    6.2
   S-matrix    1 =    0.92444   0.03804 for L=    7, J=    7.5 channel on core I =   0.0 from L=    7,  Acc. loss =  0.0 D.
 Elastic phase shift   1 =    1.178   2.227 deg. for the L =    7, J =    7.5 channel.
       7.5  0.92443888  0.03803832i: elastic S-matrix  @@      0.00  0   0 F  0
 Reaction Xsec     7.5-/ 7 @ 1 =  23.666 , Out:   0.000#


 Total SPIN, PARITY =     8.5 +,      1 chs,      0 cc.  Rmin & Coul turning =    0.4    7.0
   S-matrix    1 =    0.97348   0.01469 for L=    8, J=    8.5 channel on core I =   0.0 from L=    8,  Acc. loss =  0.0 D.
 Elastic phase shift   1 =    0.432   0.767 deg. for the L =    8, J =    8.5 channel.
       8.5  0.97347912  0.01469011i: elastic S-matrix  @@      0.00  0   0 F  0
 Reaction Xsec     8.5+/ 8 @ 1 =   9.639 , Out:   0.000#


 Total SPIN, PARITY =     8.5 -,      1 chs,      0 cc.  Rmin & Coul turning =    0.4    7.0
   S-matrix    1 =    0.99091   0.00360 for L=    9, J=    8.5 channel on core I =   0.0 from L=    9,  Acc. loss =  0.0 D.
 Elastic phase shift   1 =    0.104   0.261 deg. for the L =    9, J =    8.5 channel.
       8.5  0.99090780  0.00359874i: elastic S-matrix  @@      0.00  0   0 F  0
 Reaction Xsec     8.5-/ 9 @ 1 =   3.345 , Out:   0.000#


 Total SPIN, PARITY =     9.5 +,      1 chs,      0 cc.  Rmin & Coul turning =    0.4    7.8
   S-matrix    1 =    0.99686   0.00130 for L=   10, J=    9.5 channel on core I =   0.0 from L=   10,  Acc. loss =  0.0 D.
 Elastic phase shift   1 =    0.037   0.090 deg. for the L =   10, J =    9.5 channel.
       9.5  0.99686099  0.00129720i: elastic S-matrix  @@      0.00  0   0 F  0
 Reaction Xsec     9.5+/10 @ 1 =   1.288 , Out:   0.000#


 Total SPIN, PARITY =     9.5 -,      1 chs,      0 cc.  Rmin & Coul turning =    0.4    7.8
   S-matrix    1 =    0.99083   0.00525 for L=    9, J=    9.5 channel on core I =   0.0 from L=    9,  Acc. loss =  0.0 D.
 Elastic phase shift   1 =    0.152   0.263 deg. for the L =    9, J =    9.5 channel.
       9.5  0.99083190  0.00525191i: elastic S-matrix  @@      0.00  0   0 F  0
 Reaction Xsec     9.5-/ 9 @ 1 =   3.745 , Out:   0.000#


 Total SPIN, PARITY =    10.5 +,      1 chs,      0 cc.  Rmin & Coul turning =    0.5    8.7
   S-matrix    1 =    0.99685   0.00182 for L=   10, J=   10.5 channel on core I =   0.0 from L=   10,  Acc. loss =  0.0 D.
 Elastic phase shift   1 =    0.052   0.090 deg. for the L =   10, J =   10.5 channel.
      10.5  0.99685090  0.00181716i: elastic S-matrix  @@      0.00  0   0 F  0
 Reaction Xsec    10.5+/10 @ 1 =   1.421 , Out:   0.000#


 Total SPIN, PARITY =    10.5 -,      1 chs,      0 cc.  Rmin & Coul turning =    0.5    8.7
   S-matrix    1 =    0.99892   0.00046 for L=   11, J=   10.5 channel on core I =   0.0 from L=   11,  Acc. loss =  0.0 D.
 Elastic phase shift   1 =    0.013   0.031 deg. for the L =   11, J =   10.5 channel.
      10.5  0.99892404  0.00045703i: elastic S-matrix  @@      0.00  0   0 F  0
 Reaction Xsec    10.5-/11 @ 1 =   0.486 , Out:   0.000#


 Total SPIN, PARITY =    11.5 +,      1 chs,      0 cc.  Rmin & Coul turning =    0.5    9.5
   S-matrix    1 =    0.99963   0.00016 for L=   12, J=   11.5 channel on core I =   0.0 from L=   12,  Acc. loss =  0.0 D.
 Elastic phase shift   1 =    0.005   0.011 deg. for the L =   12, J =   11.5 channel.
      11.5  0.99963282  0.00015912i: elastic S-matrix  @@      0.00  0   0 F  0
 Reaction Xsec    11.5+/12 @ 1 =   0.181 , Out:   0.000#


 Total SPIN, PARITY =    11.5 -,      1 chs,      0 cc.  Rmin & Coul turning =    0.5    9.5
   S-matrix    1 =    0.99892   0.00062 for L=   11, J=   11.5 channel on core I =   0.0 from L=   11,  Acc. loss =  0.0 D.
 Elastic phase shift   1 =    0.018   0.031 deg. for the L =   11, J =   11.5 channel.
      11.5  0.99892273  0.00061957i: elastic S-matrix  @@      0.00  0   0 F  0
 Reaction Xsec    11.5-/11 @ 1 =   0.531 , Out:   0.000#


 Total SPIN, PARITY =    12.5 +,      1 chs,      0 cc.  Rmin & Coul turning =    0.6   10.3
   S-matrix    1 =    0.99963   0.00021 for L=   12, J=   12.5 channel on core I =   0.0 from L=   12,  Acc. loss =  0.0 D.
 Elastic phase shift   1 =    0.006   0.011 deg. for the L =   12, J =   12.5 channel.
      12.5  0.99963265  0.00020974i: elastic S-matrix  @@      0.00  0   0 F  0
 Reaction Xsec    12.5+/12 @ 1 =   0.196 , Out:   0.000#


 Total SPIN, PARITY =    12.5 -,      1 chs,      0 cc.  Rmin & Coul turning =    0.6   10.3
   S-matrix    1 =    0.99988   0.00006 for L=   13, J=   12.5 channel on core I =   0.0 from L=   13,  Acc. loss =  0.0 D.
 Elastic phase shift   1 =    0.002   0.004 deg. for the L =   13, J =   12.5 channel.
      12.5  0.99987509  0.00005501i: elastic S-matrix  @@      0.00  0   0 F  0
 Reaction Xsec    12.5-/13 @ 1 =   0.067 , Out:   0.000#


 Total SPIN, PARITY =    13.5 +,      1 chs,      0 cc.  Rmin & Coul turning =    0.6   11.1
   S-matrix    1 =    0.99996   0.00002 for L=   14, J=   13.5 channel on core I =   0.0 from L=   14,  Acc. loss =  0.0 D.
 Elastic phase shift   1 =    0.001   0.001 deg. for the L =   14, J =   13.5 channel.
      13.5  0.99995761  0.00001893i: elastic S-matrix  @@      0.00  0   0 F  0
 Reaction Xsec    13.5+/14 @ 1 =   0.024 , Out:   0.000#


 Total SPIN, PARITY =    13.5 -,      1 chs,      0 cc.  Rmin & Coul turning =    0.6   11.1
   S-matrix    1 =    0.99988   0.00007 for L=   13, J=   13.5 channel on core I =   0.0 from L=   13,  Acc. loss =  0.0 D.
 Elastic phase shift   1 =    0.002   0.004 deg. for the L =   13, J =   13.5 channel.
      13.5  0.99987507  0.00007073i: elastic S-matrix  @@      0.00  0   0 F  0
 Reaction Xsec    13.5-/13 @ 1 =   0.072 , Out:   0.000#


 Total SPIN, PARITY =    14.5 +,      1 chs,      0 cc.  Rmin & Coul turning =    0.7   11.9
   S-matrix    1 =    0.99996   0.00002 for L=   14, J=   14.5 channel on core I =   0.0 from L=   14,  Acc. loss =  0.0 D.
 Elastic phase shift   1 =    0.001   0.001 deg. for the L =   14, J =   14.5 channel.
      14.5  0.99995761  0.00002379i: elastic S-matrix  @@      0.00  0   0 F  0
 Reaction Xsec    14.5+/14 @ 1 =   0.026 , Out:   0.000#


 Total SPIN, PARITY =    14.5 -,      1 chs,      0 cc.  Rmin & Coul turning =    0.7   11.9
   S-matrix    1 =    0.99999   0.00001 for L=   15, J=   14.5 channel on core I =   0.0 from L=   15,  Acc. loss =  0.0 D.
 Elastic phase shift   1 =    0.000   0.000 deg. for the L =   15, J =   14.5 channel.
      14.5  0.99998565  0.00000649i: elastic S-matrix  @@      0.00  0   0 F  0
 Reaction Xsec    14.5-/15 @ 1 =   8.848/, Out:   0.000#


 Total SPIN, PARITY =    15.5 +,      1 chs,      0 cc.  Rmin & Coul turning =    0.7   12.7
   S-matrix    1 =    1.00000   0.00000 for L=   16, J=   15.5 channel on core I =   0.0 from L=   16,  Acc. loss =  0.0 D.
 Elastic phase shift   1 =    0.000   0.000 deg. for the L =   16, J =   15.5 channel.
      15.5  0.99999515  0.00000222i: elastic S-matrix  @@      0.00  0   0 F  0
 Reaction Xsec    15.5+/16 @ 1 =   3.190/, Out:   0.000#


 Total SPIN, PARITY =    15.5 -,      1 chs,      0 cc.  Rmin & Coul turning =    0.7   12.7
   S-matrix    1 =    0.99999   0.00001 for L=   15, J=   15.5 channel on core I =   0.0 from L=   15,  Acc. loss =  0.0 D.
 Elastic phase shift   1 =    0.000   0.000 deg. for the L =   15, J =   15.5 channel.
      15.5  0.99998565  0.00000799i: elastic S-matrix  @@      0.00  0   0 F  0
 Reaction Xsec    15.5-/15 @ 1 =   9.438/, Out:   0.000#


 Total SPIN, PARITY =    16.5 +,      1 chs,      0 cc.  Rmin & Coul turning =    0.8   13.5
   S-matrix    1 =    1.00000   0.00000 for L=   16, J=   16.5 channel on core I =   0.0 from L=   16,  Acc. loss =  0.0 D.
 Elastic phase shift   1 =    0.000   0.000 deg. for the L =   16, J =   16.5 channel.
      16.5  0.99999515  0.00000268i: elastic S-matrix  @@      0.00  0   0 F  0
 Reaction Xsec    16.5+/16 @ 1 =   3.390/, Out:   0.000#


 Total SPIN, PARITY =    16.5 -,      1 chs,      0 cc.  Rmin & Coul turning =    0.8   13.5
   S-matrix    1 =    1.00000   0.00000 for L=   17, J=   16.5 channel on core I =   0.0 from L=   17,  Acc. loss =  0.0 D.
 Elastic phase shift   1 =    0.000   0.000 deg. for the L =   17, J =   16.5 channel.
      16.5  0.99999836  0.00000076i: elastic S-matrix  @@      0.00  0   0 F  0
 Reaction Xsec    16.5-/17 @ 1 =   1.144/, Out:   0.000#


 Total SPIN, PARITY =    17.5 +,      1 chs,      0 cc.  Rmin & Coul turning =    0.8   14.3
   S-matrix    1 =    1.00000   0.00000 for L=   18, J=   17.5 channel on core I =   0.0 from L=   18,  Acc. loss =  0.0 D.
 Elastic phase shift   1 =    0.000   0.000 deg. for the L =   18, J =   17.5 channel.
      17.5  0.99999945  0.00000026i: elastic S-matrix  @@      0.00  0   0 F  0
 Reaction Xsec    17.5+/18 @ 1 =   0.408/, Out:   0.000#


 Total SPIN, PARITY =    17.5 -,      1 chs,      0 cc.  Rmin & Coul turning =    0.8   14.3
   S-matrix    1 =    1.00000   0.00000 for L=   17, J=   17.5 channel on core I =   0.0 from L=   17,  Acc. loss =  0.0 D.
 Elastic phase shift   1 =    0.000   0.000 deg. for the L =   17, J =   17.5 channel.
      17.5  0.99999836  0.00000090i: elastic S-matrix  @@      0.00  0   0 F  0
 Reaction Xsec    17.5-/17 @ 1 =   1.211/, Out:   0.000#


 Total SPIN, PARITY =    18.5 +,      1 chs,      0 cc.  Rmin & Coul turning =    0.8   15.1
   S-matrix    1 =    1.00000   0.00000 for L=   18, J=   18.5 channel on core I =   0.0 from L=   18,  Acc. loss =  0.0 D.
 Elastic phase shift   1 =    0.000   0.000 deg. for the L =   18, J =   18.5 channel.
      18.5  0.99999945  0.00000030i: elastic S-matrix  @@      0.00  0   0 F  0
 Reaction Xsec    18.5+/18 @ 1 =   0.431/, Out:   0.000#

 Finished all CC sets @    5.58499992E-03
0CUMULATIVE REACTION cross section                 =  811.60766  <L> =     4.11  <L**2> =     20.6
0CUMULATIVE outgoing cross sections in partition 1 :    0.00000
0Cumulative ABSORBTION by Imaginary Potentials     =  811.60766  <L> =     4.11  <L**2> =     20.6
   Fusion for specific p        M-states : 1202.025732 1202.025732
0CUMULATIVE OUTGOING cross section                 =    0.00000
 To convert to S-factors (MeV.mb = keV.b),  multiply by  1.2763E+02


 CROSS SECTIONS FOR OUTGOING p        & O20      in state #   1 with spins & parities 0.5  + &  0.0  +;  0

     3.00 deg.: X-S =   1.3371E+05 mb/sr,
+                                         /R =   8.4046E-01
     4.00 deg.: X-S =   3.8568E+04 mb/sr,
+                                         /R =   7.6595E-01
     5.00 deg.: X-S =   1.4664E+04 mb/sr,
+                                         /R =   7.1066E-01
     6.00 deg.: X-S =  6889.620864 mb/sr,
+                                         /R =   6.9197E-01
     7.00 deg.: X-S =  3905.274905 mb/sr,
+                                         /R =   7.2618E-01
     8.00 deg.: X-S =  2610.977454 mb/sr,
+                                         /R =   8.2762E-01
     9.00 deg.: X-S =  1986.356436 mb/sr,
+                                         /R =   1.0077E+00
    10.00 deg.: X-S =  1649.121478 mb/sr,
+                                         /R =   1.2739E+00
    11.00 deg.: X-S =  1442.091706 mb/sr,
+                                         /R =   1.6292E+00
    12.00 deg.: X-S =  1296.225943 mb/sr,
+                                         /R =   2.0716E+00
    13.00 deg.: X-S =  1179.854563 mb/sr,
+                                         /R =   2.5939E+00
    14.00 deg.: X-S =  1078.151424 mb/sr,
+                                         /R =   3.1838E+00
    15.00 deg.: X-S =   984.234366 mb/sr,
+                                         /R =   3.8246E+00
    16.00 deg.: X-S =   895.082286 mb/sr,
+                                         /R =   4.4955E+00
    17.00 deg.: X-S =   809.573310 mb/sr,
+                                         /R =   5.1732E+00
    18.00 deg.: X-S =   727.506307 mb/sr,
+                                         /R =   5.8326E+00
    19.00 deg.: X-S =   649.098710 mb/sr,
+                                         /R =   6.4482E+00
    20.00 deg.: X-S =   574.724030 mb/sr,
+                                         /R =   6.9957E+00
    21.00 deg.: X-S =   504.774132 mb/sr,
+                                         /R =   7.4528E+00
    22.00 deg.: X-S =   439.588488 mb/sr,
+                                         /R =   7.8007E+00
    23.00 deg.: X-S =   379.420373 mb/sr,
+                                         /R =   8.0248E+00
    24.00 deg.: X-S =   324.423945 mb/sr,
+                                         /R =   8.1156E+00
    25.00 deg.: X-S =   274.653329 mb/sr,
+                                         /R =   8.0691E+00
    26.00 deg.: X-S =   230.068641 mb/sr,
+                                         /R =   7.8868E+00
    27.00 deg.: X-S =   190.545955 mb/sr,
+                                         /R =   7.5759E+00
    28.00 deg.: X-S =   155.889348 mb/sr,
+                                         /R =   7.1484E+00
    29.00 deg.: X-S =   125.843856 mb/sr,
+                                         /R =   6.6210E+00
    30.00 deg.: X-S =   100.108514 mb/sr,
+                                         /R =   6.0138E+00
    31.00 deg.: X-S =    78.348976 mb/sr,
+                                         /R =   5.3496E+00
    32.00 deg.: X-S =    60.209295 mb/sr,
+                                         /R =   4.6527E+00
    33.00 deg.: X-S =    45.322644 mb/sr,
+                                         /R =   3.9480E+00
    34.00 deg.: X-S =    33.320790 mb/sr,
+                                         /R =   3.2595E+00
    35.00 deg.: X-S =    23.842238 mb/sr,
+                                         /R =   2.6098E+00
    36.00 deg.: X-S =    16.539010 mb/sr,
+                                         /R =   2.0190E+00
    37.00 deg.: X-S =    11.082076 mb/sr,
+                                         /R =   1.5039E+00
    38.00 deg.: X-S =     7.165491 mb/sr,
+                                         /R =   1.0777E+00
    39.00 deg.: X-S =     4.509322 mb/sr,
+                                         /R =   7.4952E-01
    40.00 deg.: X-S =     2.861468 mb/sr,
+                                         /R =   5.2419E-01
    41.00 deg.: X-S =     1.998511 mb/sr,
+                                         /R =   4.0244E-01
    42.00 deg.: X-S =     1.725710 mb/sr,
+                                         /R =   3.8105E-01
    43.00 deg.: X-S =     1.876294 mb/sr,
+                                         /R =   4.5320E-01
    44.00 deg.: X-S =     2.310170 mb/sr,
+                                         /R =   6.0903E-01
    45.00 deg.: X-S =     2.912196 mb/sr,
+                                         /R =   8.3612E-01
    46.00 deg.: X-S =     3.590124 mb/sr,
+                                         /R =   1.1202E+00
    47.00 deg.: X-S =     4.272329 mb/sr,
+                                         /R =   1.4460E+00
    48.00 deg.: X-S =     4.905427 mb/sr,
+                                         /R =   1.7973E+00
    49.00 deg.: X-S =     5.451857 mb/sr,
+                                         /R =   2.1585E+00
    50.00 deg.: X-S =     5.887511 mb/sr,
+                                         /R =   2.5143E+00
    51.00 deg.: X-S =     6.199456 mb/sr,
+                                         /R =   2.8509E+00
    52.00 deg.: X-S =     6.383800 mb/sr,
+                                         /R =   3.1560E+00
    53.00 deg.: X-S =     6.443736 mb/sr,
+                                         /R =   3.4193E+00
    54.00 deg.: X-S =     6.387783 mb/sr,
+                                         /R =   3.6327E+00
    55.00 deg.: X-S =     6.228232 mb/sr,
+                                         /R =   3.7903E+00
    56.00 deg.: X-S =     5.979811 mb/sr,
+                                         /R =   3.8888E+00
    57.00 deg.: X-S =     5.658553 mb/sr,
+                                         /R =   3.9269E+00
    58.00 deg.: X-S =     5.280873 mb/sr,
+                                         /R =   3.9056E+00
    59.00 deg.: X-S =     4.862827 mb/sr,
+                                         /R =   3.8277E+00
    60.00 deg.: X-S =     4.419546 mb/sr,
+                                         /R =   3.6979E+00
    61.00 deg.: X-S =     3.964825 mb/sr,
+                                         /R =   3.5220E+00
    62.00 deg.: X-S =     3.510846 mb/sr,
+                                         /R =   3.3072E+00
    63.00 deg.: X-S =     3.068021 mb/sr,
+                                         /R =   3.0612E+00
    64.00 deg.: X-S =     2.644925 mb/sr,
+                                         /R =   2.7922E+00
    65.00 deg.: X-S =     2.248314 mb/sr,
+                                         /R =   2.5085E+00
    66.00 deg.: X-S =     1.883205 mb/sr,
+                                         /R =   2.2183E+00
    67.00 deg.: X-S =     1.552998 mb/sr,
+                                         /R =   1.9294E+00
    68.00 deg.: X-S =     1.259634 mb/sr,
+                                         /R =   1.6489E+00
    69.00 deg.: X-S =     1.003773 mb/sr,
+                                         /R =   1.3831E+00
    70.00 deg.: X-S =     0.784987 mb/sr,
+                                         /R =   1.1374E+00
    71.00 deg.: X-S =     0.601941 mb/sr,
+                                         /R =   9.1635E-01
    72.00 deg.: X-S =     0.452590 mb/sr,
+                                         /R =   7.2322E-01
    73.00 deg.: X-S =     0.334347 mb/sr,
+                                         /R =   5.6033E-01
    74.00 deg.: X-S =     0.244250 mb/sr,
+                                         /R =   4.2892E-01
    75.00 deg.: X-S =     0.179101 mb/sr,
+                                         /R =   3.2929E-01
    76.00 deg.: X-S =     0.135603 mb/sr,
+                                         /R =   2.6081E-01
    77.00 deg.: X-S =     0.110458 mb/sr,
+                                         /R =   2.2207E-01
    78.00 deg.: X-S =     0.100463 mb/sr,
+                                         /R =   2.1095E-01
    79.00 deg.: X-S =     0.102581 mb/sr,
+                                         /R =   2.2480E-01
    80.00 deg.: X-S =     0.113992 mb/sr,
+                                         /R =   2.6052E-01
    81.00 deg.: X-S =     0.132136 mb/sr,
+                                         /R =   3.1470E-01
    82.00 deg.: X-S =     0.154734 mb/sr,
+                                         /R =   3.8375E-01
    83.00 deg.: X-S =     0.179805 mb/sr,
+                                         /R =   4.6404E-01
    84.00 deg.: X-S =     0.205664 mb/sr,
+                                         /R =   5.5194E-01
    85.00 deg.: X-S =     0.230917 mb/sr,
+                                         /R =   6.4399E-01
    86.00 deg.: X-S =     0.254451 mb/sr,
+                                         /R =   7.3694E-01
    87.00 deg.: X-S =     0.275411 mb/sr,
+                                         /R =   8.2779E-01
    88.00 deg.: X-S =     0.293178 mb/sr,
+                                         /R =   9.1392E-01
    89.00 deg.: X-S =     0.307348 mb/sr,
+                                         /R =   9.9305E-01
    90.00 deg.: X-S =     0.317702 mb/sr,
+                                         /R =   1.0633E+00
    91.00 deg.: X-S =     0.324182 mb/sr,
+                                         /R =   1.1232E+00
    92.00 deg.: X-S =     0.326859 mb/sr,
+                                         /R =   1.1716E+00
    93.00 deg.: X-S =     0.325917 mb/sr,
+                                         /R =   1.2079E+00
    94.00 deg.: X-S =     0.321619 mb/sr,
+                                         /R =   1.2318E+00
    95.00 deg.: X-S =     0.314295 mb/sr,
+                                         /R =   1.2432E+00
    96.00 deg.: X-S =     0.304314 mb/sr,
+                                         /R =   1.2425E+00
    97.00 deg.: X-S =     0.292071 mb/sr,
+                                         /R =   1.2303E+00
    98.00 deg.: X-S =     0.277971 mb/sr,
+                                         /R =   1.2073E+00
    99.00 deg.: X-S =     0.262417 mb/sr,
+                                         /R =   1.1745E+00
   100.00 deg.: X-S =     0.245798 mb/sr,
+                                         /R =   1.1331E+00
   101.00 deg.: X-S =     0.228482 mb/sr,
+                                         /R =   1.0843E+00
   102.00 deg.: X-S =     0.210809 mb/sr,
+                                         /R =   1.0294E+00
   103.00 deg.: X-S =     0.193086 mb/sr,
+                                         /R =   9.6966E-01
   104.00 deg.: X-S =     0.175587 mb/sr,
+                                         /R =   9.0639E-01
   105.00 deg.: X-S =     0.158547 mb/sr,
+                                         /R =   8.4085E-01
   106.00 deg.: X-S =     0.142164 mb/sr,
+                                         /R =   7.7424E-01
   107.00 deg.: X-S =     0.126601 mb/sr,
+                                         /R =   7.0769E-01
   108.00 deg.: X-S =     0.111984 mb/sr,
+                                         /R =   6.4221E-01
   109.00 deg.: X-S =     0.098406 mb/sr,
+                                         /R =   5.7871E-01
   110.00 deg.: X-S =     0.085933 mb/sr,
+                                         /R =   5.1797E-01
   111.00 deg.: X-S =     0.074597 mb/sr,
+                                         /R =   4.6067E-01
   112.00 deg.: X-S =     0.064412 mb/sr,
+                                         /R =   4.0734E-01
   113.00 deg.: X-S =     0.055366 mb/sr,
+                                         /R =   3.5840E-01
   114.00 deg.: X-S =     0.047431 mb/sr,
+                                         /R =   3.1414E-01
   115.00 deg.: X-S =     0.040563 mb/sr,
+                                         /R =   2.7475E-01
   116.00 deg.: X-S =     0.034706 mb/sr,
+                                         /R =   2.4032E-01
   117.00 deg.: X-S =     0.029795 mb/sr,
+                                         /R =   2.1082E-01
   118.00 deg.: X-S =     0.025758 mb/sr,
+                                         /R =   1.8615E-01
   119.00 deg.: X-S =     0.022517 mb/sr,
+                                         /R =   1.6614E-01
   120.00 deg.: X-S =     0.019993 mb/sr,
+                                         /R =   1.5055E-01
   121.00 deg.: X-S =     0.018107 mb/sr,
+                                         /R =   1.3910E-01
   122.00 deg.: X-S =     0.016780 mb/sr,
+                                         /R =   1.3145E-01
   123.00 deg.: X-S =     0.015934 mb/sr,
+                                         /R =   1.2724E-01
   124.00 deg.: X-S =     0.015497 mb/sr,
+                                         /R =   1.2609E-01
   125.00 deg.: X-S =     0.015399 mb/sr,
+                                         /R =   1.2762E-01
   126.00 deg.: X-S =     0.015575 mb/sr,
+                                         /R =   1.3142E-01
   127.00 deg.: X-S =     0.015966 mb/sr,
+                                         /R =   1.3710E-01
   128.00 deg.: X-S =     0.016517 mb/sr,
+                                         /R =   1.4430E-01
   129.00 deg.: X-S =     0.017180 mb/sr,
+                                         /R =   1.5264E-01
   130.00 deg.: X-S =     0.017912 mb/sr,
+                                         /R =   1.6179E-01
   131.00 deg.: X-S =     0.018676 mb/sr,
+                                         /R =   1.7142E-01
   132.00 deg.: X-S =     0.019440 mb/sr,
+                                         /R =   1.8126E-01
   133.00 deg.: X-S =     0.020177 mb/sr,
+                                         /R =   1.9105E-01
   134.00 deg.: X-S =     0.020865 mb/sr,
+                                         /R =   2.0055E-01
   135.00 deg.: X-S =     0.021486 mb/sr,
+                                         /R =   2.0956E-01
   136.00 deg.: X-S =     0.022027 mb/sr,
+                                         /R =   2.1793E-01
   137.00 deg.: X-S =     0.022478 mb/sr,
+                                         /R =   2.2551E-01
   138.00 deg.: X-S =     0.022833 mb/sr,
+                                         /R =   2.3220E-01
   139.00 deg.: X-S =     0.023087 mb/sr,
+                                         /R =   2.3791E-01
   140.00 deg.: X-S =     0.023241 mb/sr,
+                                         /R =   2.4260E-01
   141.00 deg.: X-S =     0.023296 mb/sr,
+                                         /R =   2.4624E-01
   142.00 deg.: X-S =     0.023253 mb/sr,
+                                         /R =   2.4881E-01
   143.00 deg.: X-S =     0.023119 mb/sr,
+                                         /R =   2.5032E-01
   144.00 deg.: X-S =     0.022899 mb/sr,
+                                         /R =   2.5080E-01
   145.00 deg.: X-S =     0.022600 mb/sr,
+                                         /R =   2.5031E-01
   146.00 deg.: X-S =     0.022228 mb/sr,
+                                         /R =   2.4887E-01
   147.00 deg.: X-S =     0.021793 mb/sr,
+                                         /R =   2.4658E-01
   148.00 deg.: X-S =     0.021301 mb/sr,
+                                         /R =   2.4348E-01
   149.00 deg.: X-S =     0.020762 mb/sr,
+                                         /R =   2.3967E-01
   150.00 deg.: X-S =     0.020184 mb/sr,
+                                         /R =   2.3522E-01
   151.00 deg.: X-S =     0.019574 mb/sr,
+                                         /R =   2.3021E-01
   152.00 deg.: X-S =     0.018939 mb/sr,
+                                         /R =   2.2474E-01
   153.00 deg.: X-S =     0.018289 mb/sr,
+                                         /R =   2.1888E-01
   154.00 deg.: X-S =     0.017628 mb/sr,
+                                         /R =   2.1271E-01
   155.00 deg.: X-S =     0.016964 mb/sr,
+                                         /R =   2.0632E-01
   156.00 deg.: X-S =     0.016302 mb/sr,
+                                         /R =   1.9978E-01
   157.00 deg.: X-S =     0.015648 mb/sr,
+                                         /R =   1.9316E-01
   158.00 deg.: X-S =     0.015005 mb/sr,
+                                         /R =   1.8652E-01
   159.00 deg.: X-S =     0.014379 mb/sr,
+                                         /R =   1.7992E-01
   160.00 deg.: X-S =     0.013772 mb/sr,
+                                         /R =   1.7342E-01
   161.00 deg.: X-S =     0.013189 mb/sr,
+                                         /R =   1.6707E-01
   162.00 deg.: X-S =     0.012630 mb/sr,
+                                         /R =   1.6091E-01
   163.00 deg.: X-S =     0.012099 mb/sr,
+                                         /R =   1.5498E-01
   164.00 deg.: X-S =     0.011597 mb/sr,
+                                         /R =   1.4930E-01
   165.00 deg.: X-S =     0.011125 mb/sr,
+                                         /R =   1.4391E-01
   166.00 deg.: X-S =     0.010685 mb/sr,
+                                         /R =   1.3882E-01
   167.00 deg.: X-S =     0.010276 mb/sr,
+                                         /R =   1.3406E-01
   168.00 deg.: X-S =     0.009899 mb/sr,
+                                         /R =   1.2964E-01
   169.00 deg.: X-S =     0.009554 mb/sr,
+                                         /R =   1.2556E-01
   170.00 deg.: X-S =     0.009241 mb/sr,
+                                         /R =   1.2184E-01
   171.00 deg.: X-S =     0.008960 mb/sr,
+                                         /R =   1.1847E-01
   172.00 deg.: X-S =     0.008710 mb/sr,
+                                         /R =   1.1546E-01
   173.00 deg.: X-S =     0.008490 mb/sr,
+                                         /R =   1.1282E-01
   174.00 deg.: X-S =     0.008302 mb/sr,
+                                         /R =   1.1053E-01
   175.00 deg.: X-S =     0.008143 mb/sr,
+                                         /R =   1.0860E-01
   176.00 deg.: X-S =     0.008014 mb/sr,
+                                         /R =   1.0702E-01
   177.00 deg.: X-S =     0.007914 mb/sr,
+                                         /R =   1.0580E-01
   178.00 deg.: X-S =     0.007843 mb/sr,
+                                         /R =   1.0493E-01
   179.00 deg.: X-S =     0.007800 mb/sr,
+                                         /R =   1.0441E-01
   179.99 deg.: X-S =     0.007786 mb/sr,
+                                         /R =   1.0423E-01
                                           Integrated 1857.1430 mb, over [   3.000, 180.000] at    35.0000 MeV 
 Finished all xsecs @    6.61800010E-03

  The following files have been created:
   3:local copy of User input.            6:standard output.                   
   7:elastic  S-matrix elements.         13:total cross sections/state.        
  16:tables of cross sections.           38:cross sections for each J/pi.      
  39:cross sections for each Ecm.        40:all cross sectns. for each Elab.   
  45:scat phase shift as E functions.    56:Fusion for each Jtotal.            
 201:Separate cross sections.           

 PARAMETERS : MAXQRN   MFNL   MLOC  LMAX1 MCLIST
    ALLOWED :      1      1      4     70      6
    REQUIRED:      0      0      4     19      4


 ACCURACY ANALYSIS at    35.000 MeV :

  Elastic h*k = 0.037 so OK       compared with 0.200

   Real(S-el) > 0.01 first at J =       2.5
   Real(S-el) > 0.10 first at J =       3.5
   Real(S-el) > 0.50 first at J =       4.5
   Real(S-el) > 0.90 first at J =       6.5
   Real(S-el) > 0.99 first at J =       8.5
   R-turn =    15.13 fm    at J =      18.5

 Forward-angle excitation cut off below   1.289 deg by max JT =      18.5
                              and below   0.330 deg by max R.

