 FRESCO - FRES 3.4: Coupled Reaction Channels
 Assuming NAMELIST input.

 p+O20 with CH89;                                                                

   0.030  60.000   0.500   0.000   0.000   0.000   0.000   0.000   0.000   0.000

 Centre-of-mass Range is   2002 * 0.0300 fm., Maximum at  60.00 fm., Interpolating NL forms every  0.51 fm.
 Non - locality width is      4 * 0.0300 fm., Maximum of   0.09 fm., Centred at  0.00 fm.
 2-Nucleon Separation of      0 * 0.5100 fm., Maximum of   0.00 fm., Minimum at  0.00 fm.
 Maximum single particle bins of 59.6700 fm.
               M,Mint =         2001        1990


 Range of total J is     0.0 <= J <=    50.0 (at least     0.0) and Absorbtion =>     0.0010 mb.
 Dry Run = F, CC set limits =  0  0, Relativistic kinematics =  , Both/Far/Near Analyses =  1                     

 Cross Sections (and up to T0 for 0=projectile) for Theta from   3.0 to-180.0 in steps of  1.0 degrees, DGAM=0,  Coordinates = 0 (Mads)

 Lower Radial Cutoff = maximum of -1.60*L*h &       0.0 fm.,  Lower Cutoff for Couplings =   0.0  fm.


 Iterate Couplings between   0 and   0 times, to  0.000 % if sooner.                                          
  Block solved exactly =   0 chs., with Pade = 0 & Isocen =  =0, NOSOL = F, initwf =  0
  NL quadrature with   18 Gaussian points, Calculate multipoles up to    56 from   0
  M-transfers for lp+lt greater than or equal to  6, Angular Integration Cutoff below  2.7778 %


 Trace switches are :  CHANS =  1, LISTCC =  0, TRENEG =  0, CDETR =  0, SMATS =  2, XSTABL =  1, NLPL =  0

                       WAVES =  0, LAMPL =  0, VEFF =  0, KFUS =  0, WDISK =  0, BPM =  0, MELFIL =  0

                       CDCC =  0, NFUS =  0

 Using unit mass = 1.000000 amu and 1/fine-structure constant = 137.03599 ( 1.000000 * true ) with hc = 197.32705 MeV.fm,
  thus 2*amu/hbar^2 = 0.0478450 = 1/20.9008 and Coulomb constant = 0.1574855 so e^2 = 1.43997, and nuclear magneton= 0.1261183

 Now pre-scan input and save to file 3



 *********** PARTITION NUMBER  1 ******************************************************************************************

   PROJ=p          MASS=  1.0073 Z=   1.0,        # STATES=    1T, TARG=O20      MASS= 19.9997 Z=   8.0,     Q-VALUE =  -0.0000 MEV.

     1:  J= 0.5+ (B# 1), E=  0.0000, K= 0.5              Potl#  1       J= 0.0+ (B# 1), E=  0.0000, K= 0.0    


 ************************************************************************************************************************************

 The following POTENTIALS are defined :

  KP#       TYPE      IT    SHAPE      at     V1        r1        a1        V2        r2        a2        A-in     A-used


                                            A#1       A#2        r0c       ac                                                h @ 1
    1    0=Coulomb       0=CHARGE (WS)  1    20.000     0.000    1.2842    0.0000    0.0000    0.0000     0.000    20.000   0.03000

    1    1=Volume        0=Woods-Saxon  2   30.0565    1.1671    0.6900    3.0772    1.1753    0.6900     0.000    20.000

    1    2=Surface       0=Woods-Saxon  3    0.0000    0.0000    0.0000    6.5300    1.1753    0.6900     0.000    20.000

    1    3=Projtl S.O.   0=Woods-Saxon  4    5.9000    0.8979    0.6300    0.0000    0.0000    0.0000     0.000    20.000

 Incoming partition  1 in excitation state # 1,   Laboratory Energy given for partition  1 Nucleus 1 in Excitation pair 1

0Lab. ENERGY ranges :

   from    35.0000     to   0.00000     in     0 intervals
   from    0.00000     to   0.00000     in     0 intervals
   from    0.00000     to   0.00000     in     0 intervals

 Largest real,imaginary parts of any form factor at R=   59.52 are   2.42E-02  7.00E-32 MeV
 Finished all Couplings @    8.19999957E-04           4

 Symmetric Hamiltonian
1***********************************************************************************************************************************
************************************************************************************************************************************

        INCOMING p        ;    LABORATORY p        ENERGY =   35.000     MeV.

 ***********************************************************************************************************************************
 ***********************************************************************************************************************************

 Allocate arrays for            2  channels, of which            1  need wfs.

 ######################################################################################################################
 #                                                                                                                    #
 # Total SPIN and PARITY =     0.5 +,      1 channels,    0 in 1st block.  Rmin & Coul turning =    0.0    0.3 fm.  #
 #                                                                                                                    #
 ######################################################################################################################



    C Projectl Target   #   EX.   (L  Proj) J  + Targ = Jtotal     E-cm      Re K     Re Eta     RM*K            CH
    1 p        O20      #    1: I   0 0.5    0.5  0.0     0.5    33.32176   1.23648   0.21373   74.1887   0.33920  -0.36833 1 1 1   1
   S-matrix    1 =   -0.32314  -0.27599 for L=    0, J=    0.5 channel on core I =   0.0 from L=    0,  Acc. loss =  0.0 D.
 Elastic phase shift   1 =  -69.750  24.516 deg. for the L =    0, J =    0.5 channel.
       0.5 -0.32314152 -0.27599467i: elastic S-matrix  @@      0.00  0   0 F  0
 Reaction Xsec     0.5+/ 0 @ 1 =  16.837 , Out:   0.000#


 Total SPIN, PARITY =     0.5 -,      1 chs,      0 cc.  Rmin & Coul turning =    0.0    0.3
   S-matrix    1 =   -0.37672   0.11160 for L=    1, J=    0.5 channel on core I =   0.0 from L=    1,  Acc. loss =  0.0 D.
 Elastic phase shift   1 =   81.750  26.763 deg. for the L =    1, J =    0.5 channel.
       0.5 -0.37672142  0.11159552i: elastic S-matrix  @@      0.00  0   0 F  0
 Reaction Xsec     0.5-/ 1 @ 1 =  17.376 , Out:   0.000#


 Total SPIN, PARITY =     1.5 +,      1 chs,      0 cc.  Rmin & Coul turning =    0.0    1.3
   S-matrix    1 =   -0.22745   0.30419 for L=    2, J=    1.5 channel on core I =   0.0 from L=    2,  Acc. loss =  0.0 D.
 Elastic phase shift   1 =   63.393  27.733 deg. for the L =    2, J =    1.5 channel.
       1.5 -0.22744683  0.30418661i: elastic S-matrix  @@      0.00  0   0 F  0
 Reaction Xsec     1.5+/ 2 @ 1 =  35.168 , Out:   0.000#


 Total SPIN, PARITY =     1.5 -,      1 chs,      0 cc.  Rmin & Coul turning =    0.0    1.3
   S-matrix    1 =   -0.38423  -0.10963 for L=    1, J=    1.5 channel on core I =   0.0 from L=    1,  Acc. loss =  0.0 D.
 Elastic phase shift   1 =  -82.037  26.281 deg. for the L =    1, J =    1.5 channel.
       1.5 -0.38422730 -0.10963489i: elastic S-matrix  @@      0.00  0   0 F  0
 Reaction Xsec     1.5-/ 1 @ 1 =  34.536 , Out:   0.000#


 Total SPIN, PARITY =     2.5 +,      1 chs,      0 cc.  Rmin & Coul turning =    0.1    2.2
   S-matrix    1 =   -0.42185   0.01500 for L=    2, J=    2.5 channel on core I =   0.0 from L=    2,  Acc. loss =  0.0 D.
 Elastic phase shift   1 =   88.982  24.708 deg. for the L =    2, J =    2.5 channel.
       2.5 -0.42185013  0.01500096i: elastic S-matrix  @@      0.00  0   0 F  0
 Reaction Xsec     2.5+/ 2 @ 1 =  50.661 , Out:   0.000#


 Total SPIN, PARITY =     2.5 -,      1 chs,      0 cc.  Rmin & Coul turning =    0.1    2.2
   S-matrix    1 =    0.04052   0.29369 for L=    3, J=    2.5 channel on core I =   0.0 from L=    3,  Acc. loss =  0.0 D.
 Elastic phase shift   1 =   41.072  34.830 deg. for the L =    3, J =    2.5 channel.
       2.5  0.04052344  0.29368742i: elastic S-matrix  @@      0.00  0   0 F  0
 Reaction Xsec     2.5-/ 3 @ 1 =  56.227 , Out:   0.000#


 Total SPIN, PARITY =     3.5 +,      1 chs,      0 cc.  Rmin & Coul turning =    0.1    3.0
   S-matrix    1 =    0.38465   0.23521 for L=    4, J=    3.5 channel on core I =   0.0 from L=    4,  Acc. loss =  0.0 D.
 Elastic phase shift   1 =   15.723  22.821 deg. for the L =    4, J =    3.5 channel.
       3.5  0.38464657  0.23521067i: elastic S-matrix  @@      0.00  0   0 F  0
 Reaction Xsec     3.5+/ 4 @ 1 =  65.485 , Out:   0.000#


 Total SPIN, PARITY =     3.5 -,      1 chs,      0 cc.  Rmin & Coul turning =    0.1    3.0
   S-matrix    1 =   -0.29847   0.14099 for L=    3, J=    3.5 channel on core I =   0.0 from L=    3,  Acc. loss =  0.0 D.
 Elastic phase shift   1 =   77.357  31.752 deg. for the L =    3, J =    3.5 channel.
       3.5 -0.29847056  0.14099370i: elastic S-matrix  @@      0.00  0   0 F  0
 Reaction Xsec     3.5-/ 3 @ 1 =  73.237 , Out:   0.000#


 Total SPIN, PARITY =     4.5 +,      1 chs,      0 cc.  Rmin & Coul turning =    0.2    3.8
   S-matrix    1 =    0.10688   0.28896 for L=    4, J=    4.5 channel on core I =   0.0 from L=    4,  Acc. loss =  0.0 D.
 Elastic phase shift   1 =   34.851  33.729 deg. for the L =    4, J =    4.5 channel.
       4.5  0.10688081  0.28895591i: elastic S-matrix  @@      0.00  0   0 F  0
 Reaction Xsec     4.5+/ 4 @ 1 =  92.989 , Out:   0.000#


 Total SPIN, PARITY =     4.5 -,      1 chs,      0 cc.  Rmin & Coul turning =    0.2    3.8
   S-matrix    1 =    0.69526   0.15693 for L=    5, J=    4.5 channel on core I =   0.0 from L=    5,  Acc. loss =  0.0 D.
 Elastic phase shift   1 =    6.360   9.701 deg. for the L =    5, J =    4.5 channel.
       4.5  0.69526402  0.15693313i: elastic S-matrix  @@      0.00  0   0 F  0
 Reaction Xsec     4.5-/ 5 @ 1 =  50.547 , Out:   0.000#


 Total SPIN, PARITY =     5.5 +,      1 chs,      0 cc.  Rmin & Coul turning =    0.2    4.6
   S-matrix    1 =    0.87693   0.07967 for L=    6, J=    5.5 channel on core I =   0.0 from L=    6,  Acc. loss =  0.0 D.
 Elastic phase shift   1 =    2.596   3.645 deg. for the L =    6, J =    5.5 channel.
       5.5  0.87692813  0.07967378i: elastic S-matrix  @@      0.00  0   0 F  0
 Reaction Xsec     5.5+/ 6 @ 1 =  27.697 , Out:   0.000#


 Total SPIN, PARITY =     5.5 -,      1 chs,      0 cc.  Rmin & Coul turning =    0.2    4.6
   S-matrix    1 =    0.59522   0.25748 for L=    5, J=    5.5 channel on core I =   0.0 from L=    5,  Acc. loss =  0.0 D.
 Elastic phase shift   1 =   11.696  12.406 deg. for the L =    5, J =    5.5 channel.
       5.5  0.59521791  0.25747632i: elastic S-matrix  @@      0.00  0   0 F  0
 Reaction Xsec     5.5-/ 5 @ 1 =  71.437 , Out:   0.000#


 Total SPIN, PARITY =     6.5 +,      1 chs,      0 cc.  Rmin & Coul turning =    0.3    5.4
   S-matrix    1 =    0.85761   0.12804 for L=    6, J=    6.5 channel on core I =   0.0 from L=    6,  Acc. loss =  0.0 D.
 Elastic phase shift   1 =    4.246   4.085 deg. for the L =    6, J =    6.5 channel.
       6.5  0.85761375  0.12804434i: elastic S-matrix  @@      0.00  0   0 F  0
 Reaction Xsec     6.5+/ 6 @ 1 =  35.687 , Out:   0.000#


 Total SPIN, PARITY =     6.5 -,      1 chs,      0 cc.  Rmin & Coul turning =    0.3    5.4
   S-matrix    1 =    0.95501   0.03327 for L=    7, J=    6.5 channel on core I =   0.0 from L=    7,  Acc. loss =  0.0 D.
 Elastic phase shift   1 =    0.998   1.301 deg. for the L =    7, J =    6.5 channel.
       6.5  0.95500770  0.03327434i: elastic S-matrix  @@      0.00  0   0 F  0
 Reaction Xsec     6.5-/ 7 @ 1 =  12.493 , Out:   0.000#


 Total SPIN, PARITY =     7.5 +,      1 chs,      0 cc.  Rmin & Coul turning =    0.3    6.2
   S-matrix    1 =    0.98417   0.01258 for L=    8, J=    7.5 channel on core I =   0.0 from L=    8,  Acc. loss =  0.0 D.
 Elastic phase shift   1 =    0.366   0.455 deg. for the L =    8, J =    7.5 channel.
       7.5  0.98416582  0.01257742i: elastic S-matrix  @@      0.00  0   0 F  0
 Reaction Xsec     7.5+/ 8 @ 1 =   5.139 , Out:   0.000#


 Total SPIN, PARITY =     7.5 -,      1 chs,      0 cc.  Rmin & Coul turning =    0.3    6.2
   S-matrix    1 =    0.95215   0.04996 for L=    7, J=    7.5 channel on core I =   0.0 from L=    7,  Acc. loss =  0.0 D.
 Elastic phase shift   1 =    1.502   1.365 deg. for the L =    7, J =    7.5 channel.
       7.5  0.95214622  0.04996105i: elastic S-matrix  @@      0.00  0   0 F  0
 Reaction Xsec     7.5-/ 7 @ 1 =  14.946 , Out:   0.000#


 Total SPIN, PARITY =     8.5 +,      1 chs,      0 cc.  Rmin & Coul turning =    0.4    7.0
   S-matrix    1 =    0.98378   0.01790 for L=    8, J=    8.5 channel on core I =   0.0 from L=    8,  Acc. loss =  0.0 D.
 Elastic phase shift   1 =    0.521   0.464 deg. for the L =    8, J =    8.5 channel.
       8.5  0.98377780  0.01789625i: elastic S-matrix  @@      0.00  0   0 F  0
 Reaction Xsec     8.5+/ 8 @ 1 =   5.892 , Out:   0.000#


 Total SPIN, PARITY =     8.5 -,      1 chs,      0 cc.  Rmin & Coul turning =    0.4    7.0
   S-matrix    1 =    0.99451   0.00454 for L=    9, J=    8.5 channel on core I =   0.0 from L=    9,  Acc. loss =  0.0 D.
 Elastic phase shift   1 =    0.131   0.157 deg. for the L =    9, J =    8.5 channel.
       8.5  0.99451189  0.00453762i: elastic S-matrix  @@      0.00  0   0 F  0
 Reaction Xsec     8.5-/ 9 @ 1 =   2.021 , Out:   0.000#


 Total SPIN, PARITY =     9.5 +,      1 chs,      0 cc.  Rmin & Coul turning =    0.4    7.8
   S-matrix    1 =    0.99811   0.00160 for L=   10, J=    9.5 channel on core I =   0.0 from L=   10,  Acc. loss =  0.0 D.
 Elastic phase shift   1 =    0.046   0.054 deg. for the L =   10, J =    9.5 channel.
       9.5  0.99811237  0.00160081i: elastic S-matrix  @@      0.00  0   0 F  0
 Reaction Xsec     9.5+/10 @ 1 =   0.774 , Out:   0.000#


 Total SPIN, PARITY =     9.5 -,      1 chs,      0 cc.  Rmin & Coul turning =    0.4    7.8
   S-matrix    1 =    0.99446   0.00621 for L=    9, J=    9.5 channel on core I =   0.0 from L=    9,  Acc. loss =  0.0 D.
 Elastic phase shift   1 =    0.179   0.159 deg. for the L =    9, J =    9.5 channel.
       9.5  0.99446094  0.00620634i: elastic S-matrix  @@      0.00  0   0 F  0
 Reaction Xsec     9.5-/ 9 @ 1 =   2.262 , Out:   0.000#


 Total SPIN, PARITY =    10.5 +,      1 chs,      0 cc.  Rmin & Coul turning =    0.5    8.7
   S-matrix    1 =    0.99811   0.00212 for L=   10, J=   10.5 channel on core I =   0.0 from L=   10,  Acc. loss =  0.0 D.
 Elastic phase shift   1 =    0.061   0.054 deg. for the L =   10, J =   10.5 channel.
      10.5  0.99810577  0.00212251i: elastic S-matrix  @@      0.00  0   0 F  0
 Reaction Xsec    10.5+/10 @ 1 =   0.854 , Out:   0.000#


 Total SPIN, PARITY =    10.5 -,      1 chs,      0 cc.  Rmin & Coul turning =    0.5    8.7
   S-matrix    1 =    0.99935   0.00056 for L=   11, J=   10.5 channel on core I =   0.0 from L=   11,  Acc. loss =  0.0 D.
 Elastic phase shift   1 =    0.016   0.019 deg. for the L =   11, J =   10.5 channel.
      10.5  0.99935388  0.00055811i: elastic S-matrix  @@      0.00  0   0 F  0
 Reaction Xsec    10.5-/11 @ 1 =   0.292 , Out:   0.000#


 Total SPIN, PARITY =    11.5 +,      1 chs,      0 cc.  Rmin & Coul turning =    0.5    9.5
   S-matrix    1 =    0.99978   0.00019 for L=   12, J=   11.5 channel on core I =   0.0 from L=   12,  Acc. loss =  0.0 D.
 Elastic phase shift   1 =    0.006   0.006 deg. for the L =   12, J =   11.5 channel.
      11.5  0.99977962  0.00019320i: elastic S-matrix  @@      0.00  0   0 F  0
 Reaction Xsec    11.5+/12 @ 1 =   0.109 , Out:   0.000#


 Total SPIN, PARITY =    11.5 -,      1 chs,      0 cc.  Rmin & Coul turning =    0.5    9.5
   S-matrix    1 =    0.99935   0.00072 for L=   11, J=   11.5 channel on core I =   0.0 from L=   11,  Acc. loss =  0.0 D.
 Elastic phase shift   1 =    0.021   0.019 deg. for the L =   11, J =   11.5 channel.
      11.5  0.99935304  0.00072085i: elastic S-matrix  @@      0.00  0   0 F  0
 Reaction Xsec    11.5-/11 @ 1 =   0.319 , Out:   0.000#


 Total SPIN, PARITY =    12.5 +,      1 chs,      0 cc.  Rmin & Coul turning =    0.6   10.3
   S-matrix    1 =    0.99978   0.00024 for L=   12, J=   12.5 channel on core I =   0.0 from L=   12,  Acc. loss =  0.0 D.
 Elastic phase shift   1 =    0.007   0.006 deg. for the L =   12, J =   12.5 channel.
      12.5  0.99977951  0.00024384i: elastic S-matrix  @@      0.00  0   0 F  0
 Reaction Xsec    12.5+/12 @ 1 =   0.118 , Out:   0.000#


 Total SPIN, PARITY =    12.5 -,      1 chs,      0 cc.  Rmin & Coul turning =    0.6   10.3
   S-matrix    1 =    0.99993   0.00007 for L=   13, J=   12.5 channel on core I =   0.0 from L=   13,  Acc. loss =  0.0 D.
 Elastic phase shift   1 =    0.002   0.002 deg. for the L =   13, J =   12.5 channel.
      12.5  0.99992505  0.00006654i: elastic S-matrix  @@      0.00  0   0 F  0
 Reaction Xsec    12.5-/13 @ 1 =   0.040 , Out:   0.000#


 Total SPIN, PARITY =    13.5 +,      1 chs,      0 cc.  Rmin & Coul turning =    0.6   11.1
   S-matrix    1 =    0.99997   0.00002 for L=   14, J=   13.5 channel on core I =   0.0 from L=   14,  Acc. loss =  0.0 D.
 Elastic phase shift   1 =    0.001   0.001 deg. for the L =   14, J =   13.5 channel.
      13.5  0.99997457  0.00002283i: elastic S-matrix  @@      0.00  0   0 F  0
 Reaction Xsec    13.5+/14 @ 1 =   0.015 , Out:   0.000#


 Total SPIN, PARITY =    13.5 -,      1 chs,      0 cc.  Rmin & Coul turning =    0.6   11.1
   S-matrix    1 =    0.99993   0.00008 for L=   13, J=   13.5 channel on core I =   0.0 from L=   13,  Acc. loss =  0.0 D.
 Elastic phase shift   1 =    0.002   0.002 deg. for the L =   13, J =   13.5 channel.
      13.5  0.99992503  0.00008226i: elastic S-matrix  @@      0.00  0   0 F  0
 Reaction Xsec    13.5-/13 @ 1 =   0.043 , Out:   0.000#


 Total SPIN, PARITY =    14.5 +,      1 chs,      0 cc.  Rmin & Coul turning =    0.7   11.9
   S-matrix    1 =    0.99997   0.00003 for L=   14, J=   14.5 channel on core I =   0.0 from L=   14,  Acc. loss =  0.0 D.
 Elastic phase shift   1 =    0.001   0.001 deg. for the L =   14, J =   14.5 channel.
      14.5  0.99997457  0.00002770i: elastic S-matrix  @@      0.00  0   0 F  0
 Reaction Xsec    14.5+/14 @ 1 =   0.016 , Out:   0.000#


 Total SPIN, PARITY =    14.5 -,      1 chs,      0 cc.  Rmin & Coul turning =    0.7   11.9
   S-matrix    1 =    0.99999   0.00001 for L=   15, J=   14.5 channel on core I =   0.0 from L=   15,  Acc. loss =  0.0 D.
 Elastic phase shift   1 =    0.000   0.000 deg. for the L =   15, J =   14.5 channel.
      14.5  0.99999139  0.00000781i: elastic S-matrix  @@      0.00  0   0 F  0
 Reaction Xsec    14.5-/15 @ 1 =   5.309/, Out:   0.000#


 Total SPIN, PARITY =    15.5 +,      1 chs,      0 cc.  Rmin & Coul turning =    0.7   12.7
   S-matrix    1 =    1.00000   0.00000 for L=   16, J=   15.5 channel on core I =   0.0 from L=   16,  Acc. loss =  0.0 D.
 Elastic phase shift   1 =    0.000   0.000 deg. for the L =   16, J =   15.5 channel.
      15.5  0.99999709  0.00000266i: elastic S-matrix  @@      0.00  0   0 F  0
 Reaction Xsec    15.5+/16 @ 1 =   1.914/, Out:   0.000#


 Total SPIN, PARITY =    15.5 -,      1 chs,      0 cc.  Rmin & Coul turning =    0.7   12.7
   S-matrix    1 =    0.99999   0.00001 for L=   15, J=   15.5 channel on core I =   0.0 from L=   15,  Acc. loss =  0.0 D.
 Elastic phase shift   1 =    0.000   0.000 deg. for the L =   15, J =   15.5 channel.
      15.5  0.99999139  0.00000931i: elastic S-matrix  @@      0.00  0   0 F  0
 Reaction Xsec    15.5-/15 @ 1 =   5.663/, Out:   0.000#


 Total SPIN, PARITY =    16.5 +,      1 chs,      0 cc.  Rmin & Coul turning =    0.8   13.5
   S-matrix    1 =    1.00000   0.00000 for L=   16, J=   16.5 channel on core I =   0.0 from L=   16,  Acc. loss =  0.0 D.
 Elastic phase shift   1 =    0.000   0.000 deg. for the L =   16, J =   16.5 channel.
      16.5  0.99999709  0.00000313i: elastic S-matrix  @@      0.00  0   0 F  0
 Reaction Xsec    16.5+/16 @ 1 =   2.034/, Out:   0.000#


 Total SPIN, PARITY =    16.5 -,      1 chs,      0 cc.  Rmin & Coul turning =    0.8   13.5
   S-matrix    1 =    1.00000   0.00000 for L=   17, J=   16.5 channel on core I =   0.0 from L=   17,  Acc. loss =  0.0 D.
 Elastic phase shift   1 =    0.000   0.000 deg. for the L =   17, J =   16.5 channel.
      16.5  0.99999902  0.00000091i: elastic S-matrix  @@      0.00  0   0 F  0
 Reaction Xsec    16.5-/17 @ 1 =   0.686/, Out:   0.000#


 Total SPIN, PARITY =    17.5 +,      1 chs,      0 cc.  Rmin & Coul turning =    0.8   14.3
   S-matrix    1 =    1.00000   0.00000 for L=   18, J=   17.5 channel on core I =   0.0 from L=   18,  Acc. loss =  0.0 D.
 Elastic phase shift   1 =    0.000   0.000 deg. for the L =   18, J =   17.5 channel.
      17.5  0.99999967  0.00000031i: elastic S-matrix  @@      0.00  0   0 F  0
 Reaction Xsec    17.5+/18 @ 1 =   0.245/, Out:   0.000#


 Total SPIN, PARITY =    17.5 -,      1 chs,      0 cc.  Rmin & Coul turning =    0.8   14.3
   S-matrix    1 =    1.00000   0.00000 for L=   17, J=   17.5 channel on core I =   0.0 from L=   17,  Acc. loss =  0.0 D.
 Elastic phase shift   1 =    0.000   0.000 deg. for the L =   17, J =   17.5 channel.
      17.5  0.99999902  0.00000105i: elastic S-matrix  @@      0.00  0   0 F  0
 Reaction Xsec    17.5-/17 @ 1 =   0.727/, Out:   0.000#

 Finished all CC sets @    6.21499959E-03
0CUMULATIVE REACTION cross section                 =  673.23283  <L> =     3.93  <L**2> =     18.8
0CUMULATIVE outgoing cross sections in partition 1 :    0.00000
0Cumulative ABSORBTION by Imaginary Potentials     =  673.23283  <L> =     3.93  <L**2> =     18.8
   Fusion for specific p        M-states :  673.232831  673.232831
0CUMULATIVE OUTGOING cross section                 =    0.00000
 To convert to S-factors (MeV.mb = keV.b),  multiply by  1.2763E+02


 CROSS SECTIONS FOR OUTGOING p        & O20      in state #   1 with spins & parities 0.5  + &  0.0  +;  0

     3.00 deg.: X-S =   1.2961E+05 mb/sr,
+                                         /R =   8.1469E-01
     4.00 deg.: X-S =   3.6156E+04 mb/sr,
+                                         /R =   7.1804E-01
     5.00 deg.: X-S =   1.3126E+04 mb/sr,
+                                         /R =   6.3615E-01
     6.00 deg.: X-S =  5863.505807 mb/sr,
+                                         /R =   5.8891E-01
     7.00 deg.: X-S =  3204.013437 mb/sr,
+                                         /R =   5.9578E-01
     8.00 deg.: X-S =  2128.667656 mb/sr,
+                                         /R =   6.7474E-01
     9.00 deg.: X-S =  1658.246260 mb/sr,
+                                         /R =   8.4123E-01
    10.00 deg.: X-S =  1433.226479 mb/sr,
+                                         /R =   1.1071E+00
    11.00 deg.: X-S =  1309.850181 mb/sr,
+                                         /R =   1.4798E+00
    12.00 deg.: X-S =  1227.403916 mb/sr,
+                                         /R =   1.9616E+00
    13.00 deg.: X-S =  1159.608546 mb/sr,
+                                         /R =   2.5494E+00
    14.00 deg.: X-S =  1095.257058 mb/sr,
+                                         /R =   3.2343E+00
    15.00 deg.: X-S =  1029.978230 mb/sr,
+                                         /R =   4.0023E+00
    16.00 deg.: X-S =   962.547415 mb/sr,
+                                         /R =   4.8343E+00
    17.00 deg.: X-S =   893.166943 mb/sr,
+                                         /R =   5.7073E+00
    18.00 deg.: X-S =   822.641120 mb/sr,
+                                         /R =   6.5953E+00
    19.00 deg.: X-S =   751.973630 mb/sr,
+                                         /R =   7.4702E+00
    20.00 deg.: X-S =   682.170828 mb/sr,
+                                         /R =   8.3036E+00
    21.00 deg.: X-S =   614.148014 mb/sr,
+                                         /R =   9.0677E+00
    22.00 deg.: X-S =   548.688321 mb/sr,
+                                         /R =   9.7367E+00
    23.00 deg.: X-S =   486.428895 mb/sr,
+                                         /R =   1.0288E+01
    24.00 deg.: X-S =   427.861387 mb/sr,
+                                         /R =   1.0703E+01
    25.00 deg.: X-S =   373.339949 mb/sr,
+                                         /R =   1.0968E+01
    26.00 deg.: X-S =   323.093098 mb/sr,
+                                         /R =   1.1076E+01
    27.00 deg.: X-S =   277.237426 mb/sr,
+                                         /R =   1.1023E+01
    28.00 deg.: X-S =   235.792023 mb/sr,
+                                         /R =   1.0812E+01
    29.00 deg.: X-S =   198.692926 mb/sr,
+                                         /R =   1.0454E+01
    30.00 deg.: X-S =   165.807174 mb/sr,
+                                         /R =   9.9605E+00
    31.00 deg.: X-S =   136.946163 mb/sr,
+                                         /R =   9.3505E+00
    32.00 deg.: X-S =   111.878136 mb/sr,
+                                         /R =   8.6455E+00
    33.00 deg.: X-S =    90.339636 mb/sr,
+                                         /R =   7.8693E+00
    34.00 deg.: X-S =    72.045862 mb/sr,
+                                         /R =   7.0476E+00
    35.00 deg.: X-S =    56.699859 mb/sr,
+                                         /R =   6.2064E+00
    36.00 deg.: X-S =    44.000519 mb/sr,
+                                         /R =   5.3713E+00
    37.00 deg.: X-S =    33.649407 mb/sr,
+                                         /R =   4.5664E+00
    38.00 deg.: X-S =    25.356432 mb/sr,
+                                         /R =   3.8137E+00
    39.00 deg.: X-S =    18.844428 mb/sr,
+                                         /R =   3.1322E+00
    40.00 deg.: X-S =    13.852696 mb/sr,
+                                         /R =   2.5377E+00
    41.00 deg.: X-S =    10.139608 mb/sr,
+                                         /R =   2.0418E+00
    42.00 deg.: X-S =     7.484349 mb/sr,
+                                         /R =   1.6526E+00
    43.00 deg.: X-S =     5.687904 mb/sr,
+                                         /R =   1.3739E+00
    44.00 deg.: X-S =     4.573385 mb/sr,
+                                         /R =   1.2057E+00
    45.00 deg.: X-S =     3.985810 mb/sr,
+                                         /R =   1.1444E+00
    46.00 deg.: X-S =     3.791412 mb/sr,
+                                         /R =   1.1831E+00
    47.00 deg.: X-S =     3.876599 mb/sr,
+                                         /R =   1.3120E+00
    48.00 deg.: X-S =     4.146621 mb/sr,
+                                         /R =   1.5193E+00
    49.00 deg.: X-S =     4.524057 mb/sr,
+                                         /R =   1.7911E+00
    50.00 deg.: X-S =     4.947161 mb/sr,
+                                         /R =   2.1127E+00
    51.00 deg.: X-S =     5.368151 mb/sr,
+                                         /R =   2.4686E+00
    52.00 deg.: X-S =     5.751489 mb/sr,
+                                         /R =   2.8434E+00
    53.00 deg.: X-S =     6.072188 mb/sr,
+                                         /R =   3.2222E+00
    54.00 deg.: X-S =     6.314190 mb/sr,
+                                         /R =   3.5908E+00
    55.00 deg.: X-S =     6.468843 mb/sr,
+                                         /R =   3.9368E+00
    56.00 deg.: X-S =     6.533490 mb/sr,
+                                         /R =   4.2489E+00
    57.00 deg.: X-S =     6.510185 mb/sr,
+                                         /R =   4.5179E+00
    58.00 deg.: X-S =     6.404555 mb/sr,
+                                         /R =   4.7366E+00
    59.00 deg.: X-S =     6.224794 mb/sr,
+                                         /R =   4.8997E+00
    60.00 deg.: X-S =     5.980799 mb/sr,
+                                         /R =   5.0042E+00
    61.00 deg.: X-S =     5.683437 mb/sr,
+                                         /R =   5.0487E+00
    62.00 deg.: X-S =     5.343945 mb/sr,
+                                         /R =   5.0340E+00
    63.00 deg.: X-S =     4.973441 mb/sr,
+                                         /R =   4.9624E+00
    64.00 deg.: X-S =     4.582545 mb/sr,
+                                         /R =   4.8377E+00
    65.00 deg.: X-S =     4.181097 mb/sr,
+                                         /R =   4.6650E+00
    66.00 deg.: X-S =     3.777958 mb/sr,
+                                         /R =   4.4502E+00
    67.00 deg.: X-S =     3.380884 mb/sr,
+                                         /R =   4.2003E+00
    68.00 deg.: X-S =     2.996461 mb/sr,
+                                         /R =   3.9224E+00
    69.00 deg.: X-S =     2.630091 mb/sr,
+                                         /R =   3.6239E+00
    70.00 deg.: X-S =     2.286019 mb/sr,
+                                         /R =   3.3124E+00
    71.00 deg.: X-S =     1.967392 mb/sr,
+                                         /R =   2.9950E+00
    72.00 deg.: X-S =     1.676340 mb/sr,
+                                         /R =   2.6787E+00
    73.00 deg.: X-S =     1.414077 mb/sr,
+                                         /R =   2.3698E+00
    74.00 deg.: X-S =     1.181005 mb/sr,
+                                         /R =   2.0739E+00
    75.00 deg.: X-S =     0.976832 mb/sr,
+                                         /R =   1.7960E+00
    76.00 deg.: X-S =     0.800684 mb/sr,
+                                         /R =   1.5400E+00
    77.00 deg.: X-S =     0.651213 mb/sr,
+                                         /R =   1.3092E+00
    78.00 deg.: X-S =     0.526708 mb/sr,
+                                         /R =   1.1060E+00
    79.00 deg.: X-S =     0.425190 mb/sr,
+                                         /R =   9.3179E-01
    80.00 deg.: X-S =     0.344499 mb/sr,
+                                         /R =   7.8732E-01
    81.00 deg.: X-S =     0.282375 mb/sr,
+                                         /R =   6.7251E-01
    82.00 deg.: X-S =     0.236526 mb/sr,
+                                         /R =   5.8660E-01
    83.00 deg.: X-S =     0.204684 mb/sr,
+                                         /R =   5.2824E-01
    84.00 deg.: X-S =     0.184658 mb/sr,
+                                         /R =   4.9557E-01
    85.00 deg.: X-S =     0.174365 mb/sr,
+                                         /R =   4.8628E-01
    86.00 deg.: X-S =     0.171865 mb/sr,
+                                         /R =   4.9775E-01
    87.00 deg.: X-S =     0.175380 mb/sr,
+                                         /R =   5.2713E-01
    88.00 deg.: X-S =     0.183308 mb/sr,
+                                         /R =   5.7143E-01
    89.00 deg.: X-S =     0.194231 mb/sr,
+                                         /R =   6.2757E-01
    90.00 deg.: X-S =     0.206916 mb/sr,
+                                         /R =   6.9251E-01
    91.00 deg.: X-S =     0.220310 mb/sr,
+                                         /R =   7.6330E-01
    92.00 deg.: X-S =     0.233539 mb/sr,
+                                         /R =   8.3712E-01
    93.00 deg.: X-S =     0.245895 mb/sr,
+                                         /R =   9.1136E-01
    94.00 deg.: X-S =     0.256823 mb/sr,
+                                         /R =   9.8364E-01
    95.00 deg.: X-S =     0.265911 mb/sr,
+                                         /R =   1.0518E+00
    96.00 deg.: X-S =     0.272872 mb/sr,
+                                         /R =   1.1142E+00
    97.00 deg.: X-S =     0.277532 mb/sr,
+                                         /R =   1.1690E+00
    98.00 deg.: X-S =     0.279816 mb/sr,
+                                         /R =   1.2153E+00
    99.00 deg.: X-S =     0.279727 mb/sr,
+                                         /R =   1.2520E+00
   100.00 deg.: X-S =     0.277342 mb/sr,
+                                         /R =   1.2786E+00
   101.00 deg.: X-S =     0.272788 mb/sr,
+                                         /R =   1.2946E+00
   102.00 deg.: X-S =     0.266239 mb/sr,
+                                         /R =   1.3001E+00
   103.00 deg.: X-S =     0.257899 mb/sr,
+                                         /R =   1.2951E+00
   104.00 deg.: X-S =     0.247993 mb/sr,
+                                         /R =   1.2801E+00
   105.00 deg.: X-S =     0.236759 mb/sr,
+                                         /R =   1.2556E+00
   106.00 deg.: X-S =     0.224442 mb/sr,
+                                         /R =   1.2223E+00
   107.00 deg.: X-S =     0.211284 mb/sr,
+                                         /R =   1.1811E+00
   108.00 deg.: X-S =     0.197519 mb/sr,
+                                         /R =   1.1327E+00
   109.00 deg.: X-S =     0.183371 mb/sr,
+                                         /R =   1.0784E+00
   110.00 deg.: X-S =     0.169050 mb/sr,
+                                         /R =   1.0190E+00
   111.00 deg.: X-S =     0.154747 mb/sr,
+                                         /R =   9.5563E-01
   112.00 deg.: X-S =     0.140634 mb/sr,
+                                         /R =   8.8936E-01
   113.00 deg.: X-S =     0.126863 mb/sr,
+                                         /R =   8.2121E-01
   114.00 deg.: X-S =     0.113566 mb/sr,
+                                         /R =   7.5215E-01
   115.00 deg.: X-S =     0.100854 mb/sr,
+                                         /R =   6.8313E-01
   116.00 deg.: X-S =     0.088816 mb/sr,
+                                         /R =   6.1499E-01
   117.00 deg.: X-S =     0.077524 mb/sr,
+                                         /R =   5.4852E-01
   118.00 deg.: X-S =     0.067029 mb/sr,
+                                         /R =   4.8442E-01
   119.00 deg.: X-S =     0.057368 mb/sr,
+                                         /R =   4.2330E-01
   120.00 deg.: X-S =     0.048560 mb/sr,
+                                         /R =   3.6568E-01
   121.00 deg.: X-S =     0.040612 mb/sr,
+                                         /R =   3.1198E-01
   122.00 deg.: X-S =     0.033515 mb/sr,
+                                         /R =   2.6255E-01
   123.00 deg.: X-S =     0.027253 mb/sr,
+                                         /R =   2.1762E-01
   124.00 deg.: X-S =     0.021798 mb/sr,
+                                         /R =   1.7736E-01
   125.00 deg.: X-S =     0.017118 mb/sr,
+                                         /R =   1.4186E-01
   126.00 deg.: X-S =     0.013169 mb/sr,
+                                         /R =   1.1112E-01
   127.00 deg.: X-S =     0.009909 mb/sr,
+                                         /R =   8.5088E-02
   128.00 deg.: X-S =     0.007286 mb/sr,
+                                         /R =   6.3652E-02
   129.00 deg.: X-S =     0.005250 mb/sr,
+                                         /R =   4.6645E-02
   130.00 deg.: X-S =     0.003748 mb/sr,
+                                         /R =   3.3855E-02
   131.00 deg.: X-S =     0.002728 mb/sr,
+                                         /R =   2.5036E-02
   132.00 deg.: X-S =     0.002136 mb/sr,
+                                         /R =   1.9913E-02
   133.00 deg.: X-S =     0.001921 mb/sr,
+                                         /R =   1.8186E-02
   134.00 deg.: X-S =     0.002033 mb/sr,
+                                         /R =   1.9544E-02
   135.00 deg.: X-S =     0.002426 mb/sr,
+                                         /R =   2.3664E-02
   136.00 deg.: X-S =     0.003055 mb/sr,
+                                         /R =   3.0222E-02
   137.00 deg.: X-S =     0.003877 mb/sr,
+                                         /R =   3.8894E-02
   138.00 deg.: X-S =     0.004854 mb/sr,
+                                         /R =   4.9366E-02
   139.00 deg.: X-S =     0.005952 mb/sr,
+                                         /R =   6.1332E-02
   140.00 deg.: X-S =     0.007137 mb/sr,
+                                         /R =   7.4501E-02
   141.00 deg.: X-S =     0.008382 mb/sr,
+                                         /R =   8.8601E-02
   142.00 deg.: X-S =     0.009662 mb/sr,
+                                         /R =   1.0338E-01
   143.00 deg.: X-S =     0.010953 mb/sr,
+                                         /R =   1.1860E-01
   144.00 deg.: X-S =     0.012239 mb/sr,
+                                         /R =   1.3405E-01
   145.00 deg.: X-S =     0.013502 mb/sr,
+                                         /R =   1.4954E-01
   146.00 deg.: X-S =     0.014729 mb/sr,
+                                         /R =   1.6492E-01
   147.00 deg.: X-S =     0.015911 mb/sr,
+                                         /R =   1.8003E-01
   148.00 deg.: X-S =     0.017038 mb/sr,
+                                         /R =   1.9475E-01
   149.00 deg.: X-S =     0.018105 mb/sr,
+                                         /R =   2.0900E-01
   150.00 deg.: X-S =     0.019108 mb/sr,
+                                         /R =   2.2268E-01
   151.00 deg.: X-S =     0.020043 mb/sr,
+                                         /R =   2.3574E-01
   152.00 deg.: X-S =     0.020911 mb/sr,
+                                         /R =   2.4813E-01
   153.00 deg.: X-S =     0.021710 mb/sr,
+                                         /R =   2.5983E-01
   154.00 deg.: X-S =     0.022443 mb/sr,
+                                         /R =   2.7081E-01
   155.00 deg.: X-S =     0.023112 mb/sr,
+                                         /R =   2.8109E-01
   156.00 deg.: X-S =     0.023719 mb/sr,
+                                         /R =   2.9067E-01
   157.00 deg.: X-S =     0.024267 mb/sr,
+                                         /R =   2.9956E-01
   158.00 deg.: X-S =     0.024761 mb/sr,
+                                         /R =   3.0778E-01
   159.00 deg.: X-S =     0.025203 mb/sr,
+                                         /R =   3.1536E-01
   160.00 deg.: X-S =     0.025599 mb/sr,
+                                         /R =   3.2234E-01
   161.00 deg.: X-S =     0.025951 mb/sr,
+                                         /R =   3.2874E-01
   162.00 deg.: X-S =     0.026264 mb/sr,
+                                         /R =   3.3461E-01
   163.00 deg.: X-S =     0.026542 mb/sr,
+                                         /R =   3.3997E-01
   164.00 deg.: X-S =     0.026788 mb/sr,
+                                         /R =   3.4486E-01
   165.00 deg.: X-S =     0.027005 mb/sr,
+                                         /R =   3.4931E-01
   166.00 deg.: X-S =     0.027196 mb/sr,
+                                         /R =   3.5335E-01
   167.00 deg.: X-S =     0.027365 mb/sr,
+                                         /R =   3.5701E-01
   168.00 deg.: X-S =     0.027513 mb/sr,
+                                         /R =   3.6032E-01
   169.00 deg.: X-S =     0.027643 mb/sr,
+                                         /R =   3.6329E-01
   170.00 deg.: X-S =     0.027756 mb/sr,
+                                         /R =   3.6595E-01
   171.00 deg.: X-S =     0.027855 mb/sr,
+                                         /R =   3.6832E-01
   172.00 deg.: X-S =     0.027940 mb/sr,
+                                         /R =   3.7041E-01
   173.00 deg.: X-S =     0.028013 mb/sr,
+                                         /R =   3.7222E-01
   174.00 deg.: X-S =     0.028074 mb/sr,
+                                         /R =   3.7378E-01
   175.00 deg.: X-S =     0.028125 mb/sr,
+                                         /R =   3.7509E-01
   176.00 deg.: X-S =     0.028166 mb/sr,
+                                         /R =   3.7615E-01
   177.00 deg.: X-S =     0.028197 mb/sr,
+                                         /R =   3.7697E-01
   178.00 deg.: X-S =     0.028220 mb/sr,
+                                         /R =   3.7755E-01
   179.00 deg.: X-S =     0.028233 mb/sr,
+                                         /R =   3.7790E-01
   179.99 deg.: X-S =     0.028237 mb/sr,
+                                         /R =   3.7802E-01
                                           Integrated 1841.7236 mb, over [   3.000, 180.000] at    35.0000 MeV 
 Finished all xsecs @    7.24999979E-03

  The following files have been created:
   3:local copy of User input.            6:standard output.                   
   7:elastic  S-matrix elements.         13:total cross sections/state.        
  16:tables of cross sections.           38:cross sections for each J/pi.      
  39:cross sections for each Ecm.        40:all cross sectns. for each Elab.   
  45:scat phase shift as E functions.    56:Fusion for each Jtotal.            
 201:Separate cross sections.           

 PARAMETERS : MAXQRN   MFNL   MLOC  LMAX1 MCLIST
    ALLOWED :      1      1      4     70      6
    REQUIRED:      0      0      4     19      4


 ACCURACY ANALYSIS at    35.000 MeV :

  Elastic h*k = 0.037 so OK       compared with 0.200

   Real(S-el) > 0.01 first at J =       2.5
   Real(S-el) > 0.10 first at J =       3.5
   Real(S-el) > 0.50 first at J =       4.5
   Real(S-el) > 0.90 first at J =       6.5
   Real(S-el) > 0.99 first at J =       8.5
   R-turn =    14.32 fm    at J =      17.5

 Forward-angle excitation cut off below   1.361 deg by max JT =      17.5
                              and below   0.330 deg by max R.

