 FRESCO - FRES 3.4: Coupled Reaction Channels
 Assuming NAMELIST input.

 p+O20 1st ex with BG ;                                                          

   0.030  60.000   0.500   0.000   0.000   0.000   0.000   0.000   0.000   0.000

 Centre-of-mass Range is   2002 * 0.0300 fm., Maximum at  60.00 fm., Interpolating NL forms every  0.51 fm.
 Non - locality width is      4 * 0.0300 fm., Maximum of   0.09 fm., Centred at  0.00 fm.
 2-Nucleon Separation of      0 * 0.5100 fm., Maximum of   0.00 fm., Minimum at  0.00 fm.
 Maximum single particle bins of 59.6700 fm.
               M,Mint =         2001        1990


 Range of total J is     0.0 <= J <=    50.0 (at least     0.0) and Absorbtion =>    -1.0000 mb.
 Dry Run = F, CC set limits =  0  0, Relativistic kinematics =  , Both/Far/Near Analyses =  1                     

 Cross Sections (and up to T0 for 0=projectile) for Theta from   0.0 to-180.0 in steps of  1.0 degrees, DGAM=0,  Coordinates = 0 (Mads)

 Lower Radial Cutoff = maximum of -1.60*L*h &       0.0 fm.,  Lower Cutoff for Couplings =   0.0  fm.


 Iterate Couplings between   0 and   1 times, to  0.000 % if sooner.                                          
  Block solved exactly =   2 chs., with Pade = 0 & Isocen =  =0, NOSOL = F, initwf =  0
  NL quadrature with   18 Gaussian points, Calculate multipoles up to    56 from   0
  M-transfers for lp+lt greater than or equal to  6, Angular Integration Cutoff below  2.7778 %


 Trace switches are :  CHANS =  1, LISTCC =  0, TRENEG =  0, CDETR =  0, SMATS =  2, XSTABL =  1, NLPL =  0

                       WAVES =  0, LAMPL =  0, VEFF =  0, KFUS =  0, WDISK =  0, BPM =  0, MELFIL =  0

                       CDCC =  0, NFUS =  0

 Using unit mass = 1.000000 amu and 1/fine-structure constant = 137.03599 ( 1.000000 * true ) with hc = 197.32705 MeV.fm,
  thus 2*amu/hbar^2 = 0.0478450 = 1/20.9008 and Coulomb constant = 0.1574855 so e^2 = 1.43997, and nuclear magneton= 0.1261183

 Now pre-scan input and save to file 3



 *********** PARTITION NUMBER  1 ******************************************************************************************

   PROJ=p          MASS=  1.0073 Z=   1.0,        # STATES=    2T, TARG=O20      MASS= 19.9997 Z=   8.0,     Q-VALUE =  -0.0000 MEV.

     1:  J= 0.5+ (B# 1), E=  0.0000, K= 0.5              Potl#  1       J= 0.0+ (B# 1), E=  0.0000, K= 0.0    

     2:  J= 0.5+ (B# 1), E=  0.0000, K= 0.5              Potl#  1       J= 3.0- (B#-1), E=  5.6400, K= 0.0    
                                  (Just State  1)


 ************************************************************************************************************************************

 The following POTENTIALS are defined :

  KP#       TYPE      IT    SHAPE      at     V1        r1        a1        V2        r2        a2        A-in     A-used


                                            A#1       A#2        r0c       ac                                                h @ 1
    1    0=Coulomb       0=CHARGE (WS)  1    20.000     0.000    1.3000    0.0000    0.0000    0.0000     0.000    20.000   0.03000

                                           Mn(E1)    Mn(E2)    Mn(E3)  .....
    1   11=Target defm  10=derivatives  2    0.0000    0.0000   40.0000    0.0000    0.0000    0.0000     0.000     3.529= RADIUS

              At    2 is k =  3 (Potl. beta = 0.47665)
                                     Beta of targ. = 0.47665 (using radius of 3.529 fm.).

    1    1=Volume        0=Woods-Saxon  3   48.7789    1.1700    0.7500    0.0000    0.0000    0.0000     0.000    20.000

                                            Def1      Def2      Def3   .....
    1   11=Target defm  10=derivatives  4    0.0000    0.0000    1.3974    0.0000    0.0000    0.0000     0.000     3.176= RADIUS

              At    4 is k =  3 (Potl. beta = 0.44000)
                                     Beta of targ. = 0.44000 (using radius of 3.176 fm.).

    1    1=Volume        0=Woods-Saxon  5    0.0000    0.0000    0.0000    5.0000    1.3200    0.6500     0.000    20.000

                                            Def1      Def2      Def3   .....
    1   11=Target defm  10=derivatives  6    0.0000    0.0000    1.5765    0.0000    0.0000    0.0000     0.000     3.583= RADIUS

              At    6 is k =  3 (Potl. beta = 0.44000)
                                     Beta of targ. = 0.44000 (using radius of 3.583 fm.).

    1    2=Surface       0=Woods-Saxon  7    0.0000    0.0000    0.0000    5.4500    1.3200    0.6500     0.000    20.000

                                            Def1      Def2      Def3   .....
    1   11=Target defm  10=derivatives  8    0.0000    0.0000    1.5765    0.0000    0.0000    0.0000     0.000     3.583= RADIUS

              At    8 is k =  3 (Potl. beta = 0.44000)
                                     Beta of targ. = 0.44000 (using radius of 3.583 fm.).

    1    3=Projtl S.O.   0=Woods-Saxon  9    3.1000    1.0100    0.7500    0.0000    0.0000    0.0000     0.000    20.000

 Incoming partition  1 in excitation state # 1,   Laboratory Energy given for partition  1 Nucleus 1 in Excitation pair 1

0Lab. ENERGY ranges :

   from    35.0000     to   0.00000     in     0 intervals
   from    0.00000     to   0.00000     in     0 intervals
   from    0.00000     to   0.00000     in     0 intervals

 Largest real,imaginary parts of any form factor at R=   59.52 are   2.42E-02  5.84E-32 MeV
 Finished all Couplings @    6.10999996E-04           9

 Symmetric Hamiltonian
1***********************************************************************************************************************************
************************************************************************************************************************************

        INCOMING p        ;    LABORATORY p        ENERGY =   35.000     MeV.

 ***********************************************************************************************************************************
 ***********************************************************************************************************************************

 Allocate arrays for            3  channels, of which            3  need wfs.

 ######################################################################################################################
 #                                                                                                                    #
 # Total SPIN and PARITY =     0.5 +,      3 channels,    3 in 1st block.  Rmin & Coul turning =    0.0    0.3 fm.  #
 #                                                                                                                    #
 ######################################################################################################################



    C Projectl Target   #   EX.   (L  Proj) J  + Targ = Jtotal     E-cm      Re K     Re Eta     RM*K            CH
    1 p        O20      #    1: I   0 0.5    0.5  0.0     0.5    33.32176   1.23648   0.21373   74.1887   0.33920  -0.36833 1 1 1   1
    2 p        O20      #    2:     3 0.5    2.5  3.0     0.5    27.68176   1.12699   0.23450   67.6193   0.31964   0.38605 1 1 1   2
    3 p        O20      #    2:     3 0.5    3.5  3.0     0.5    27.68176   1.12699   0.23450   67.6193   0.31964   0.38605 1 1 1   2
   S-matrix    1 =    0.30425  -0.24166 for L=    0, J=    0.5 channel on core I =   0.0 from L=    0,  Acc. loss =  0.1 D.
 Elastic phase shift   1 =  -19.229  27.082 deg. for the L =    0, J =    0.5 channel.
       0.5  0.30425279 -0.24165625i: elastic S-matrix  @@      0.00  0   0 F  0
 Reaction Xsec     0.5+/ 0 @ 1 =  17.446 , Out:   0.000#   0.125   17.321f


 Total SPIN, PARITY =     0.5 -,      3 chs,      3 cc.  Rmin & Coul turning =    0.0    0.3
   S-matrix    1 =    0.06081  -0.35581 for L=    1, J=    0.5 channel on core I =   0.0 from L=    1,  Acc. loss =  0.1 D.
 Elastic phase shift   1 =  -40.151  29.191 deg. for the L =    1, J =    0.5 channel.
       0.5  0.06080649 -0.35580902i: elastic S-matrix  @@      0.00  0   0 F  0
 Reaction Xsec     0.5-/ 1 @ 1 =  17.871 , Out:   0.000#   0.289   17.582f

 Allocate arrays for            5  channels, of which            5  need wfs.

 Total SPIN, PARITY =     1.5 +,      5 chs,      5 cc.  Rmin & Coul turning =    0.0    1.3
   S-matrix    1 =   -0.24045  -0.27685 for L=    2, J=    1.5 channel on core I =   0.0 from L=    2,  Acc. loss =  0.1 D.
 Elastic phase shift   1 =  -65.487  28.740 deg. for the L =    2, J =    1.5 channel.
       1.5 -0.24044939 -0.27685395i: elastic S-matrix  @@      0.00  0   0 F  0
 Reaction Xsec     1.5+/ 2 @ 1 =  35.571 , Out:   0.000#   0.575   34.996f


 Total SPIN, PARITY =     1.5 -,      5 chs,      5 cc.  Rmin & Coul turning =    0.0    1.3
   S-matrix    1 =    0.13844  -0.34216 for L=    1, J=    1.5 channel on core I =   0.0 from L=    1,  Acc. loss =  0.1 D.
 Elastic phase shift   1 =  -33.985  28.552 deg. for the L =    1, J =    1.5 channel.
       1.5  0.13844443 -0.34216163i: elastic S-matrix  @@      0.00  0   0 F  0
 Reaction Xsec     1.5-/ 1 @ 1 =  35.498 , Out:   0.000#   0.536   34.962f

 Allocate arrays for            7  channels, of which            7  need wfs.

 Total SPIN, PARITY =     2.5 +,      7 chs,      7 cc.  Rmin & Coul turning =    0.1    2.2
   S-matrix    1 =   -0.11505  -0.34198 for L=    2, J=    2.5 channel on core I =   0.0 from L=    2,  Acc. loss =  0.2 D.
 Elastic phase shift   1 =  -54.297  29.203 deg. for the L =    2, J =    2.5 channel.
       2.5 -0.11504931 -0.34198288i: elastic S-matrix  @@      0.00  0   0 F  0
 Reaction Xsec     2.5+/ 2 @ 1 =  53.619 , Out:   0.000#   1.082   52.538f


 Total SPIN, PARITY =     2.5 -,      7 chs,      7 cc.  Rmin & Coul turning =    0.1    2.2
   S-matrix    1 =   -0.34481  -0.05964 for L=    3, J=    2.5 channel on core I =   0.0 from L=    3,  Acc. loss =  0.0 D.
 Elastic phase shift   1 =  -85.094  30.081 deg. for the L =    3, J =    2.5 channel.
       2.5 -0.34480762 -0.05963833i: elastic S-matrix  @@      0.00  0   0 F  0
 Reaction Xsec     2.5-/ 3 @ 1 =  54.097 , Out:   0.000#   0.836   53.261f

 Allocate arrays for            8  channels, of which            8  need wfs.

 Total SPIN, PARITY =     3.5 +,      8 chs,      8 cc.  Rmin & Coul turning =    0.1    3.0
   S-matrix    1 =   -0.04095   0.19984 for L=    4, J=    3.5 channel on core I =   0.0 from L=    4,  Acc. loss =  0.0 D.
 Elastic phase shift   1 =   50.790  45.541 deg. for the L =    4, J =    3.5 channel.
       3.5 -0.04095125  0.19984101i: elastic S-matrix  @@      0.00  0   0 F  0
 Reaction Xsec     3.5+/ 4 @ 1 =  78.773 , Out:   0.000#   2.315   76.458f


 Total SPIN, PARITY =     3.5 -,      8 chs,      8 cc.  Rmin & Coul turning =    0.1    3.0
   S-matrix    1 =   -0.30085  -0.23902 for L=    3, J=    3.5 channel on core I =   0.0 from L=    3,  Acc. loss =  0.0 D.
 Elastic phase shift   1 =  -70.766  27.401 deg. for the L =    3, J =    3.5 channel.
       3.5 -0.30084552 -0.23902456i: elastic S-matrix  @@      0.00  0   0 F  0
 Reaction Xsec     3.5-/ 3 @ 1 =  70.058 , Out:   0.000#   1.223   68.835f


 Total SPIN, PARITY =     4.5 +,      8 chs,      8 cc.  Rmin & Coul turning =    0.2    3.8
   S-matrix    1 =   -0.18234   0.07232 for L=    4, J=    4.5 channel on core I =   0.0 from L=    4,  Acc. loss =  0.0 D.
 Elastic phase shift   1 =   79.184  46.663 deg. for the L =    4, J =    4.5 channel.
       4.5 -0.18234183  0.07231547i: elastic S-matrix  @@      0.00  0   0 F  0
 Reaction Xsec     4.5+/ 4 @ 1 =  98.788 , Out:   0.000#   2.587   96.201f


 Total SPIN, PARITY =     4.5 -,      8 chs,      8 cc.  Rmin & Coul turning =    0.2    3.8
   S-matrix    1 =    0.45360   0.27899 for L=    5, J=    4.5 channel on core I =   0.0 from L=    5,  Acc. loss =  0.2 D.
 Elastic phase shift   1 =   15.797  18.052 deg. for the L =    5, J =    4.5 channel.
       4.5  0.45359752  0.27899016i: elastic S-matrix  @@      0.00  0   0 F  0
 Reaction Xsec     4.5-/ 5 @ 1 =  73.605 , Out:   0.000#   2.795   70.811f


 Total SPIN, PARITY =     5.5 +,      8 chs,      8 cc.  Rmin & Coul turning =    0.2    4.6
   S-matrix    1 =    0.79502   0.18248 for L=    6, J=    5.5 channel on core I =   0.0 from L=    6,  Acc. loss =  0.1 D.
 Elastic phase shift   1 =    6.464   5.836 deg. for the L =    6, J =    5.5 channel.
       5.5  0.79501651  0.18247893i: elastic S-matrix  @@      0.00  0   0 F  0
 Reaction Xsec     5.5+/ 6 @ 1 =  41.259 , Out:   0.000#   1.094   40.165f


 Total SPIN, PARITY =     5.5 -,      8 chs,      8 cc.  Rmin & Coul turning =    0.2    4.6
   S-matrix    1 =    0.31762   0.31727 for L=    5, J=    5.5 channel on core I =   0.0 from L=    5,  Acc. loss =  0.0 D.
 Elastic phase shift   1 =   22.484  22.943 deg. for the L =    5, J =    5.5 channel.
       5.5  0.31762207  0.31727008i: elastic S-matrix  @@      0.00  0   0 F  0
 Reaction Xsec     5.5-/ 5 @ 1 =  98.442 , Out:   0.000#   3.625   94.816f


 Total SPIN, PARITY =     6.5 +,      8 chs,      8 cc.  Rmin & Coul turning =    0.3    5.4
   S-matrix    1 =    0.75508   0.23911 for L=    6, J=    6.5 channel on core I =   0.0 from L=    6,  Acc. loss =  0.1 D.
 Elastic phase shift   1 =    8.786   6.679 deg. for the L =    6, J =    6.5 channel.
       6.5  0.75507686  0.23910718i: elastic S-matrix  @@      0.00  0   0 F  0
 Reaction Xsec     6.5+/ 6 @ 1 =  53.607 , Out:   0.000#   1.490   52.116f


 Total SPIN, PARITY =     6.5 -,      8 chs,      8 cc.  Rmin & Coul turning =    0.3    5.4
   S-matrix    1 =    0.93394   0.08317 for L=    7, J=    6.5 channel on core I =   0.0 from L=    7,  Acc. loss =  0.3 D.
 Elastic phase shift   1 =    2.544   1.845 deg. for the L =    7, J =    6.5 channel.
       6.5  0.93394365  0.08316699i: elastic S-matrix  @@      0.00  0   0 F  0
 Reaction Xsec     6.5-/ 7 @ 1 =  17.380 , Out:   0.000#   0.403   16.978f


 Total SPIN, PARITY =     7.5 +,      8 chs,      8 cc.  Rmin & Coul turning =    0.3    6.2
   S-matrix    1 =    0.97904   0.03333 for L=    8, J=    7.5 channel on core I =   0.0 from L=    8,  Acc. loss =  0.0 D.
 Elastic phase shift   1 =    0.975   0.590 deg. for the L =    8, J =    7.5 channel.
       7.5  0.97904062  0.03333149i: elastic S-matrix  @@      0.00  0   0 F  0
 Reaction Xsec     7.5+/ 8 @ 1 =   6.636 , Out:   0.000#   0.129    6.507f


 Total SPIN, PARITY =     7.5 -,      8 chs,      8 cc.  Rmin & Coul turning =    0.3    6.2
   S-matrix    1 =    0.92721   0.10949 for L=    7, J=    7.5 channel on core I =   0.0 from L=    7,  Acc. loss =  0.4 D.
 Elastic phase shift   1 =    3.367   1.967 deg. for the L =    7, J =    7.5 channel.
       7.5  0.92720847  0.10949192i: elastic S-matrix  @@      0.00  0   0 F  0
 Reaction Xsec     7.5-/ 7 @ 1 =  21.090 , Out:   0.000#   0.446   20.644f


 Total SPIN, PARITY =     8.5 +,      8 chs,      8 cc.  Rmin & Coul turning =    0.4    7.0
   S-matrix    1 =    0.97804   0.04331 for L=    8, J=    8.5 channel on core I =   0.0 from L=    8,  Acc. loss =  0.0 D.
 Elastic phase shift   1 =    1.268   0.608 deg. for the L =    8, J =    8.5 channel.
       8.5  0.97803646  0.04330851i: elastic S-matrix  @@      0.00  0   0 F  0
 Reaction Xsec     8.5+/ 8 @ 1 =   7.688 , Out:   0.000#   0.153    7.534f


 Total SPIN, PARITY =     8.5 -,      8 chs,      8 cc.  Rmin & Coul turning =    0.4    7.0
   S-matrix    1 =    0.99337   0.01277 for L=    9, J=    8.5 channel on core I =   0.0 from L=    9,  Acc. loss =  0.0 D.
 Elastic phase shift   1 =    0.368   0.188 deg. for the L =    9, J =    8.5 channel.
       8.5  0.99336919  0.01277499i: elastic S-matrix  @@      0.00  0   0 F  0
 Reaction Xsec     8.5-/ 9 @ 1 =   2.414 , Out:   0.000#   0.024    2.390f


 Total SPIN, PARITY =     9.5 +,      8 chs,      8 cc.  Rmin & Coul turning =    0.4    7.8
   S-matrix    1 =    0.99790   0.00479 for L=   10, J=    9.5 channel on core I =   0.0 from L=   10,  Acc. loss =  0.0 D.
 Elastic phase shift   1 =    0.138   0.060 deg. for the L =   10, J =    9.5 channel.
       9.5  0.99789722  0.00479279i: elastic S-matrix  @@      0.00  0   0 F  0
 Reaction Xsec     9.5+/10 @ 1 =   0.859 , Out:   0.000#   3.164/   0.855f


 Total SPIN, PARITY =     9.5 -,      8 chs,      8 cc.  Rmin & Coul turning =    0.4    7.8
   S-matrix    1 =    0.99322   0.01649 for L=    9, J=    9.5 channel on core I =   0.0 from L=    9,  Acc. loss =  0.0 D.
 Elastic phase shift   1 =    0.476   0.191 deg. for the L =    9, J =    9.5 channel.
       9.5  0.99322019  0.01648874i: elastic S-matrix  @@      0.00  0   0 F  0
 Reaction Xsec     9.5-/ 9 @ 1 =   2.721 , Out:   0.000#   0.028    2.693f


 Total SPIN, PARITY =    10.5 +,      8 chs,      8 cc.  Rmin & Coul turning =    0.5    8.7
   S-matrix    1 =    0.99788   0.00617 for L=   10, J=   10.5 channel on core I =   0.0 from L=   10,  Acc. loss =  0.0 D.
 Elastic phase shift   1 =    0.177   0.060 deg. for the L =   10, J =   10.5 channel.
      10.5  0.99787605  0.00617200i: elastic S-matrix  @@      0.00  0   0 F  0
 Reaction Xsec    10.5+/10 @ 1 =   0.951 , Out:   0.000#   3.588/   0.947f


 Total SPIN, PARITY =    10.5 -,      8 chs,      8 cc.  Rmin & Coul turning =    0.5    8.7
   S-matrix    1 =    0.99933   0.00178 for L=   11, J=   10.5 channel on core I =   0.0 from L=   11,  Acc. loss =  0.0 D.
 Elastic phase shift   1 =    0.051   0.019 deg. for the L =   11, J =   10.5 channel.
      10.5  0.99933038  0.00178130i: elastic S-matrix  @@      0.00  0   0 F  0
 Reaction Xsec    10.5-/11 @ 1 =   0.302 , Out:   0.000#   0.315/   0.302f


 Total SPIN, PARITY =    11.5 +,      8 chs,      8 cc.  Rmin & Coul turning =    0.5    9.5
   S-matrix    1 =    0.99979   0.00066 for L=   12, J=   11.5 channel on core I =   0.0 from L=   12,  Acc. loss =  0.0 D.
 Elastic phase shift   1 =    0.019   0.006 deg. for the L =   12, J =   11.5 channel.
      11.5  0.99978633  0.00065900i: elastic S-matrix  @@      0.00  0   0 F  0
 Reaction Xsec    11.5+/12 @ 1 =   0.105 , Out:   0.000#   0.024/   0.105f


 Total SPIN, PARITY =    11.5 -,      8 chs,      8 cc.  Rmin & Coul turning =    0.5    9.5
   S-matrix    1 =    0.99933   0.00229 for L=   11, J=   11.5 channel on core I =   0.0 from L=   11,  Acc. loss =  0.0 D.
 Elastic phase shift   1 =    0.066   0.019 deg. for the L =   11, J =   11.5 channel.
      11.5  0.99932741  0.00229341i: elastic S-matrix  @@      0.00  0   0 F  0
 Reaction Xsec    11.5-/11 @ 1 =   0.330 , Out:   0.000#   0.349/   0.330f


 Total SPIN, PARITY =    12.5 +,      8 chs,      8 cc.  Rmin & Coul turning =    0.6   10.3
   S-matrix    1 =    0.99979   0.00085 for L=   12, J=   12.5 channel on core I =   0.0 from L=   12,  Acc. loss =  0.0 D.
 Elastic phase shift   1 =    0.024   0.006 deg. for the L =   12, J =   12.5 channel.
      12.5  0.99978591  0.00084896i: elastic S-matrix  @@      0.00  0   0 F  0
 Reaction Xsec    12.5+/12 @ 1 =   0.114 , Out:   0.000#   0.026/   0.114f


 Total SPIN, PARITY =    12.5 -,      8 chs,      8 cc.  Rmin & Coul turning =    0.6   10.3
   S-matrix    1 =    0.99993   0.00024 for L=   13, J=   12.5 channel on core I =   0.0 from L=   13,  Acc. loss =  0.0 D.
 Elastic phase shift   1 =    0.007   0.002 deg. for the L =   13, J =   12.5 channel.
      12.5  0.99993180  0.00024309i: elastic S-matrix  @@      0.00  0   0 F  0
 Reaction Xsec    12.5-/13 @ 1 =   0.036 , Out:   0.000#   0.015/   0.036f


 Total SPIN, PARITY =    13.5 +,      8 chs,      8 cc.  Rmin & Coul turning =    0.6   11.1
   S-matrix    1 =    0.99998   0.00009 for L=   14, J=   13.5 channel on core I =   0.0 from L=   14,  Acc. loss =  0.0 D.
 Elastic phase shift   1 =    0.003   0.001 deg. for the L =   14, J =   13.5 channel.
      13.5  0.99997824  0.00008947i: elastic S-matrix  @@      0.00  0   0 F  0
 Reaction Xsec    13.5+/14 @ 1 =   0.013 , Out:   0.000#   0.019/   0.012f


 Total SPIN, PARITY =    13.5 -,      8 chs,      8 cc.  Rmin & Coul turning =    0.6   11.1
   S-matrix    1 =    0.99993   0.00031 for L=   13, J=   13.5 channel on core I =   0.0 from L=   13,  Acc. loss =  0.0 D.
 Elastic phase shift   1 =    0.009   0.002 deg. for the L =   13, J =   13.5 channel.
      13.5  0.99993174  0.00031342i: elastic S-matrix  @@      0.00  0   0 F  0
 Reaction Xsec    13.5-/13 @ 1 =   0.039 , Out:   0.000#   0.017/   0.039f


 Total SPIN, PARITY =    14.5 +,      8 chs,      8 cc.  Rmin & Coul turning =    0.7   11.9
   S-matrix    1 =    0.99998   0.00012 for L=   14, J=   14.5 channel on core I =   0.0 from L=   14,  Acc. loss =  0.0 D.
 Elastic phase shift   1 =    0.003   0.001 deg. for the L =   14, J =   14.5 channel.
      14.5  0.99997823  0.00011545i: elastic S-matrix  @@      0.00  0   0 F  0
 Reaction Xsec    14.5+/14 @ 1 =   0.013 , Out:   0.000#   0.021/   0.013f


 Total SPIN, PARITY =    14.5 -,      8 chs,      8 cc.  Rmin & Coul turning =    0.7   11.9
   S-matrix    1 =    0.99999   0.00003 for L=   15, J=   14.5 channel on core I =   0.0 from L=   15,  Acc. loss =  0.0 D.
 Elastic phase shift   1 =    0.001   0.000 deg. for the L =   15, J =   14.5 channel.
      14.5  0.99999306  0.00003287i: elastic S-matrix  @@      0.00  0   0 F  0
 Reaction Xsec    14.5-/15 @ 1 =   4.280/, Out:   0.000#   0.018/   0.004f


 Total SPIN, PARITY =    15.5 +,      8 chs,      8 cc.  Rmin & Coul turning =    0.7   12.7
   S-matrix    1 =    1.00000   0.00001 for L=   16, J=   15.5 channel on core I =   0.0 from L=   16,  Acc. loss =  0.0 D.
 Elastic phase shift   1 =    0.000   0.000 deg. for the L =   16, J =   15.5 channel.
      15.5  0.99999778  0.00001206i: elastic S-matrix  @@      0.00  0   0 F  0
 Reaction Xsec    15.5+/16 @ 1 =   1.459/, Out:   0.000#   0.015/   0.001f


 Total SPIN, PARITY =    15.5 -,      8 chs,      8 cc.  Rmin & Coul turning =    0.7   12.7
   S-matrix    1 =    0.99999   0.00004 for L=   15, J=   15.5 channel on core I =   0.0 from L=   15,  Acc. loss =  0.0 D.
 Elastic phase shift   1 =    0.001   0.000 deg. for the L =   15, J =   15.5 channel.
      15.5  0.99999306  0.00004245i: elastic S-matrix  @@      0.00  0   0 F  0
 Reaction Xsec    15.5-/15 @ 1 =   4.566/, Out:   0.000#   0.019/   0.005f


 Total SPIN, PARITY =    16.5 +,      8 chs,      8 cc.  Rmin & Coul turning =    0.8   13.5
   S-matrix    1 =    1.00000   0.00002 for L=   16, J=   16.5 channel on core I =   0.0 from L=   16,  Acc. loss =  0.0 D.
 Elastic phase shift   1 =    0.000   0.000 deg. for the L =   16, J =   16.5 channel.
      16.5  0.99999778  0.00001558i: elastic S-matrix  @@      0.00  0   0 F  0
 Reaction Xsec    16.5+/16 @ 1 =   1.551/, Out:   0.000#   0.016/   0.002f


 Total SPIN, PARITY =    16.5 -,      8 chs,      8 cc.  Rmin & Coul turning =    0.8   13.5
   S-matrix    1 =    1.00000   0.00000 for L=   17, J=   16.5 channel on core I =   0.0 from L=   17,  Acc. loss =  0.0 D.
 Elastic phase shift   1 =    0.000   0.000 deg. for the L =   17, J =   16.5 channel.
      16.5  0.99999929  0.00000442i: elastic S-matrix  @@      0.00  0   0 F  0
 Reaction Xsec    16.5-/17 @ 1 =   0.499/, Out:   0.000#   0.012/   0.000f


 Total SPIN, PARITY =    17.5 +,      8 chs,      8 cc.  Rmin & Coul turning =    0.8   14.3
   S-matrix    1 =    1.00000   0.00000 for L=   18, J=   17.5 channel on core I =   0.0 from L=   18,  Acc. loss =  0.0 D.
 Elastic phase shift   1 =    0.000   0.000 deg. for the L =   18, J =   17.5 channel.
      17.5  0.99999977  0.00000162i: elastic S-matrix  @@      0.00  0   0 F  0
 Reaction Xsec    17.5+/18 @ 1 =   0.172/, Out:   0.000#   9.086#   0.000f


 Total SPIN, PARITY =    17.5 -,      8 chs,      8 cc.  Rmin & Coul turning =    0.8   14.3
   S-matrix    1 =    1.00000   0.00001 for L=   17, J=   17.5 channel on core I =   0.0 from L=   17,  Acc. loss =  0.0 D.
 Elastic phase shift   1 =    0.000   0.000 deg. for the L =   17, J =   17.5 channel.
      17.5  0.99999929  0.00000571i: elastic S-matrix  @@      0.00  0   0 F  0
 Reaction Xsec    17.5-/17 @ 1 =   0.528/, Out:   0.000#   0.012/   0.001f


 Total SPIN, PARITY =    18.5 +,      8 chs,      8 cc.  Rmin & Coul turning =    0.8   15.1
   S-matrix    1 =    1.00000   0.00000 for L=   18, J=   18.5 channel on core I =   0.0 from L=   18,  Acc. loss =  0.0 D.
 Elastic phase shift   1 =    0.000   0.000 deg. for the L =   18, J =   18.5 channel.
      18.5  0.99999977  0.00000209i: elastic S-matrix  @@      0.00  0   0 F  0
 Reaction Xsec    18.5+/18 @ 1 =   0.182/, Out:   0.000#   9.590#   0.000f


 Total SPIN, PARITY =    18.5 -,      8 chs,      8 cc.  Rmin & Coul turning =    0.8   15.1
   S-matrix    1 =    1.00000   0.00000 for L=   19, J=   18.5 channel on core I =   0.0 from L=   19,  Acc. loss =  0.0 D.
 Elastic phase shift   1 =    0.000   0.000 deg. for the L =   19, J =   18.5 channel.
      18.5  0.99999992  0.00000059i: elastic S-matrix  @@      0.00  0   0 F  0
 Reaction Xsec    18.5-/19 @ 1 =   0.062/, Out:   0.000#   7.017#   0.000f


 Total SPIN, PARITY =    19.5 +,      8 chs,      8 cc.  Rmin & Coul turning =    0.9   15.9
   S-matrix    1 =    1.00000   0.00000 for L=   20, J=   19.5 channel on core I =   0.0 from L=   20,  Acc. loss =  0.0 D.
 Elastic phase shift   1 =    0.000   0.000 deg. for the L =   20, J =   19.5 channel.
      19.5  0.99999997  0.00000022i: elastic S-matrix  @@      0.00  0   0 F  0
 Reaction Xsec    19.5+/20 @ 1 =   0.024/, Out:   0.000#   5.445#   0.000f


 Total SPIN, PARITY =    19.5 -,      8 chs,      8 cc.  Rmin & Coul turning =    0.9   15.9
   S-matrix    1 =    1.00000   0.00000 for L=   19, J=   19.5 channel on core I =   0.0 from L=   19,  Acc. loss =  0.0 D.
 Elastic phase shift   1 =    0.000   0.000 deg. for the L =   19, J =   19.5 channel.
      19.5  0.99999992  0.00000077i: elastic S-matrix  @@      0.00  0   0 F  0
 Reaction Xsec    19.5-/19 @ 1 =   0.065/, Out:   0.000#   7.386#   0.000f


 Total SPIN, PARITY =    20.5 +,      8 chs,      8 cc.  Rmin & Coul turning =    1.0   16.7
   S-matrix    1 =    1.00000   0.00000 for L=   20, J=   20.5 channel on core I =   0.0 from L=   20,  Acc. loss =  0.0 D.
 Elastic phase shift   1 =    0.000   0.000 deg. for the L =   20, J =   20.5 channel.
      20.5  0.99999997  0.00000028i: elastic S-matrix  @@      0.00  0   0 F  0
 Reaction Xsec    20.5+/20 @ 1 =   0.025/, Out:   0.000#   5.718#   0.000f


 Total SPIN, PARITY =    20.5 -,      8 chs,      8 cc.  Rmin & Coul turning =    1.0   16.7
   S-matrix    1 =    1.00000   0.00000 for L=   21, J=   20.5 channel on core I =   0.0 from L=   21,  Acc. loss =  0.0 D.
 Elastic phase shift   1 =    0.000   0.000 deg. for the L =   21, J =   20.5 channel.
      20.5  0.99999999  0.00000008i: elastic S-matrix  @@      0.00  0   0 F  0
 Reaction Xsec    20.5-/21 @ 1 =   0.010/, Out:   0.000#   4.249#   0.000f


 Total SPIN, PARITY =    21.5 +,      8 chs,      8 cc.  Rmin & Coul turning =    1.0   17.6
   S-matrix    1 =    1.00000   0.00000 for L=   22, J=   21.5 channel on core I =   0.0 from L=   22,  Acc. loss =  0.0 D.
 Elastic phase shift   1 =    0.000   0.000 deg. for the L =   22, J =   21.5 channel.
      21.5  0.99999999  0.00000003i: elastic S-matrix  @@      0.00  0   0 F  0
 Reaction Xsec    21.5+/22 @ 1 =   5.323#, Out:   0.000#   3.335#   0.000f


 Total SPIN, PARITY =    21.5 -,      8 chs,      8 cc.  Rmin & Coul turning =    1.0   17.6
   S-matrix    1 =    1.00000   0.00000 for L=   21, J=   21.5 channel on core I =   0.0 from L=   21,  Acc. loss =  0.0 D.
 Elastic phase shift   1 =    0.000   0.000 deg. for the L =   21, J =   21.5 channel.
      21.5  0.99999999  0.00000010i: elastic S-matrix  @@      0.00  0   0 F  0
 Reaction Xsec    21.5-/21 @ 1 =   0.011/, Out:   0.000#   4.452#   0.000f


 Total SPIN, PARITY =    22.5 +,      8 chs,      8 cc.  Rmin & Coul turning =    1.1   18.4
   S-matrix    1 =    1.00000   0.00000 for L=   22, J=   22.5 channel on core I =   0.0 from L=   22,  Acc. loss =  0.0 D.
 Elastic phase shift   1 =    0.000   0.000 deg. for the L =   22, J =   22.5 channel.
      22.5  0.99999999  0.00000004i: elastic S-matrix  @@      0.00  0   0 F  0
 Reaction Xsec    22.5+/22 @ 1 =   5.565#, Out:   0.000#   3.486#   0.000f


 Total SPIN, PARITY =    22.5 -,      8 chs,      8 cc.  Rmin & Coul turning =    1.1   18.4
   S-matrix    1 =    1.00000   0.00000 for L=   23, J=   22.5 channel on core I =   0.0 from L=   23,  Acc. loss =  0.0 D.
 Elastic phase shift   1 =    0.000   0.000 deg. for the L =   23, J =   22.5 channel.
      22.5  1.00000000  0.00000001i: elastic S-matrix  @@      0.00  0   0 F  0
 Reaction Xsec    22.5-/23 @ 1 =   3.289#, Out:   0.000#   2.634#   0.000f


 Total SPIN, PARITY =    23.5 +,      8 chs,      8 cc.  Rmin & Coul turning =    1.1   19.2
   S-matrix    1 =    1.00000   0.00000 for L=   24, J=   23.5 channel on core I =   0.0 from L=   24,  Acc. loss =  0.0 D.
 Elastic phase shift   1 =    0.000   0.000 deg. for the L =   24, J =   23.5 channel.
      23.5  1.00000000  0.00000001i: elastic S-matrix  @@      0.00  0   0 F  0
 Reaction Xsec    23.5+/24 @ 1 =   2.303#, Out:   0.000#   2.088#   0.000f


 Total SPIN, PARITY =    23.5 -,      8 chs,      8 cc.  Rmin & Coul turning =    1.1   19.2
   S-matrix    1 =    1.00000   0.00000 for L=   23, J=   23.5 channel on core I =   0.0 from L=   23,  Acc. loss =  0.0 D.
 Elastic phase shift   1 =    0.000   0.000 deg. for the L =   23, J =   23.5 channel.
      23.5  1.00000000  0.00000002i: elastic S-matrix  @@      0.00  0   0 F  0
 Reaction Xsec    23.5-/23 @ 1 =   3.432#, Out:   0.000#   2.749#   0.000f


 Total SPIN, PARITY =    24.5 +,      8 chs,      8 cc.  Rmin & Coul turning =    1.1   20.0
   S-matrix    1 =    1.00000   0.00000 for L=   24, J=   24.5 channel on core I =   0.0 from L=   24,  Acc. loss =  0.0 D.
 Elastic phase shift   1 =    0.000   0.000 deg. for the L =   24, J =   24.5 channel.
      24.5  1.00000000  0.00000001i: elastic S-matrix  @@      0.00  0   0 F  0
 Reaction Xsec    24.5+/24 @ 1 =   2.399#, Out:   0.000#   2.175#   0.000f


 Total SPIN, PARITY =    24.5 -,      8 chs,      8 cc.  Rmin & Coul turning =    1.1   20.0
   S-matrix    1 =    1.00000   0.00000 for L=   25, J=   24.5 channel on core I =   0.0 from L=   25,  Acc. loss =  0.0 D.
 Elastic phase shift   1 =    0.000   0.000 deg. for the L =   25, J =   24.5 channel.
      24.5  1.00000000  0.00000000i: elastic S-matrix  @@      0.00  0   0 F  0
 Reaction Xsec    24.5-/25 @ 1 =   1.736#, Out:   0.000#   1.665#   0.000f


 Total SPIN, PARITY =    25.5 +,      8 chs,      8 cc.  Rmin & Coul turning =    1.2   20.8
   S-matrix    1 =    1.00000   0.00000 for L=   26, J=   25.5 channel on core I =   0.0 from L=   26,  Acc. loss =  0.0 D.
 Elastic phase shift   1 =    0.000   0.000 deg. for the L =   26, J =   25.5 channel.
      25.5  1.00000000  0.00000000i: elastic S-matrix  @@      0.00  0   0 F  0
 Reaction Xsec    25.5+/26 @ 1 =   1.355#, Out:   0.000#   1.332#   0.000f


 Total SPIN, PARITY =    25.5 -,      8 chs,      8 cc.  Rmin & Coul turning =    1.2   20.8
   S-matrix    1 =    1.00000   0.00000 for L=   25, J=   25.5 channel on core I =   0.0 from L=   25,  Acc. loss =  0.0 D.
 Elastic phase shift   1 =    0.000   0.000 deg. for the L =   25, J =   25.5 channel.
      25.5  1.00000000  0.00000000i: elastic S-matrix  @@      0.00  0   0 F  0
 Reaction Xsec    25.5-/25 @ 1 =   1.805#, Out:   0.000#   1.732#   0.000f


 Total SPIN, PARITY =    26.5 +,      8 chs,      8 cc.  Rmin & Coul turning =    1.2   21.6
   S-matrix    1 =    1.00000   0.00000 for L=   26, J=   26.5 channel on core I =   0.0 from L=   26,  Acc. loss =  0.0 D.
 Elastic phase shift   1 =    0.000   0.000 deg. for the L =   26, J =   26.5 channel.
      26.5  1.00000000  0.00000000i: elastic S-matrix  @@      0.00  0   0 F  0
 Reaction Xsec    26.5+/26 @ 1 =   1.407#, Out:   0.000#   1.383#   0.000f


 Total SPIN, PARITY =    26.5 -,      8 chs,      8 cc.  Rmin & Coul turning =    1.2   21.6
   S-matrix    1 =    1.00000   0.00000 for L=   27, J=   26.5 channel on core I =   0.0 from L=   27,  Acc. loss =  0.0 D.
 Elastic phase shift   1 =    0.000   0.000 deg. for the L =   27, J =   26.5 channel.
      26.5  1.00000000  0.00000000i: elastic S-matrix  @@      0.00  0   0 F  0
 Reaction Xsec    26.5-/27 @ 1 =   1.076#, Out:   0.000#   1.069#   0.000f


 Total SPIN, PARITY =    27.5 +,      8 chs,      8 cc.  Rmin & Coul turning =    1.3   22.4
   S-matrix    1 =    1.00000   0.00000 for L=   28, J=   27.5 channel on core I =   0.0 from L=   28,  Acc. loss =  0.0 D.
 Elastic phase shift   1 =    0.000   0.000 deg. for the L =   28, J =   27.5 channel.
      27.5  1.00000000  0.00000000i: elastic S-matrix  @@      0.00  0   0 F  0
 Reaction Xsec    27.5+/28 @ 1 =   0.865#, Out:   0.000#   0.862#   0.000f


 Total SPIN, PARITY =    27.5 -,      8 chs,      8 cc.  Rmin & Coul turning =    1.3   22.4
   S-matrix    1 =    1.00000   0.00000 for L=   27, J=   27.5 channel on core I =   0.0 from L=   27,  Acc. loss =  0.0 D.
 Elastic phase shift   1 =    0.000   0.000 deg. for the L =   27, J =   27.5 channel.
      27.5  1.00000000  0.00000000i: elastic S-matrix  @@      0.00  0   0 F  0
 Reaction Xsec    27.5-/27 @ 1 =   1.116#, Out:   0.000#   1.108#   0.000f


 Total SPIN, PARITY =    28.5 +,      8 chs,      8 cc.  Rmin & Coul turning =    1.3   23.2
   S-matrix    1 =    1.00000   0.00000 for L=   28, J=   28.5 channel on core I =   0.0 from L=   28,  Acc. loss =  0.0 D.
 Elastic phase shift   1 =    0.000   0.000 deg. for the L =   28, J =   28.5 channel.
      28.5  1.00000000  0.00000000i: elastic S-matrix  @@      0.00  0   0 F  0
 Reaction Xsec    28.5+/28 @ 1 =   0.896#, Out:   0.000#   0.893#   0.000f


 Total SPIN, PARITY =    28.5 -,      8 chs,      8 cc.  Rmin & Coul turning =    1.3   23.2
   S-matrix    1 =    1.00000   0.00000 for L=   29, J=   28.5 channel on core I =   0.0 from L=   29,  Acc. loss =  0.0 D.
 Elastic phase shift   1 =    0.000   0.000 deg. for the L =   29, J =   28.5 channel.
      28.5  1.00000000  0.00000000i: elastic S-matrix  @@      0.00  0   0 F  0
 Reaction Xsec    28.5-/29 @ 1 =   0.697#, Out:   0.000#   0.696#   0.000f


 Total SPIN, PARITY =    29.5 +,      8 chs,      8 cc.  Rmin & Coul turning =    1.4   24.0
   S-matrix    1 =    1.00000   0.00000 for L=   30, J=   29.5 channel on core I =   0.0 from L=   30,  Acc. loss =  0.0 D.
 Elastic phase shift   1 =    0.000   0.000 deg. for the L =   30, J =   29.5 channel.
      29.5  1.00000000  0.00000000i: elastic S-matrix  @@      0.00  0   0 F  0
 Reaction Xsec    29.5+/30 @ 1 =   0.564#, Out:   0.000#   0.564#   0.000f


 Total SPIN, PARITY =    29.5 -,      8 chs,      8 cc.  Rmin & Coul turning =    1.4   24.0
   S-matrix    1 =    1.00000   0.00000 for L=   29, J=   29.5 channel on core I =   0.0 from L=   29,  Acc. loss =  0.0 D.
 Elastic phase shift   1 =    0.000   0.000 deg. for the L =   29, J =   29.5 channel.
      29.5  1.00000000  0.00000000i: elastic S-matrix  @@      0.00  0   0 F  0
 Reaction Xsec    29.5-/29 @ 1 =   0.721#, Out:   0.000#   0.720#   0.000f


 Total SPIN, PARITY =    30.5 +,      8 chs,      8 cc.  Rmin & Coul turning =    1.4   24.8
   S-matrix    1 =    1.00000   0.00000 for L=   30, J=   30.5 channel on core I =   0.0 from L=   30,  Acc. loss =  0.0 D.
 Elastic phase shift   1 =    0.000   0.000 deg. for the L =   30, J =   30.5 channel.
      30.5  1.00000000  0.00000000i: elastic S-matrix  @@      0.00  0   0 F  0
 Reaction Xsec    30.5+/30 @ 1 =   0.583#, Out:   0.000#   0.582#   0.000f


 Total SPIN, PARITY =    30.5 -,      8 chs,      8 cc.  Rmin & Coul turning =    1.4   24.8
   S-matrix    1 =    1.00000   0.00000 for L=   31, J=   30.5 channel on core I =   0.0 from L=   31,  Acc. loss =  0.0 D.
 Elastic phase shift   1 =    0.000   0.000 deg. for the L =   31, J =   30.5 channel.
      30.5  1.00000000  0.00000000i: elastic S-matrix  @@      0.00  0   0 F  0
 Reaction Xsec    30.5-/31 @ 1 =   0.459#, Out:   0.000#   0.459#   0.000f


 Total SPIN, PARITY =    31.5 +,      8 chs,      8 cc.  Rmin & Coul turning =    1.5   25.6
   S-matrix    1 =    1.00000   0.00000 for L=   32, J=   31.5 channel on core I =   0.0 from L=   32,  Acc. loss =  0.0 D.
 Elastic phase shift   1 =    0.000   0.000 deg. for the L =   32, J =   31.5 channel.
      31.5  1.00000000  0.00000000i: elastic S-matrix  @@      0.00  0   0 F  0
 Reaction Xsec    31.5+/32 @ 1 =   0.372#, Out:   0.000#   0.372#   0.000f


 Total SPIN, PARITY =    31.5 -,      8 chs,      8 cc.  Rmin & Coul turning =    1.5   25.6
   S-matrix    1 =    1.00000   0.00000 for L=   31, J=   31.5 channel on core I =   0.0 from L=   31,  Acc. loss =  0.0 D.
 Elastic phase shift   1 =    0.000   0.000 deg. for the L =   31, J =   31.5 channel.
      31.5  1.00000000  0.00000000i: elastic S-matrix  @@      0.00  0   0 F  0
 Reaction Xsec    31.5-/31 @ 1 =   0.474#, Out:   0.000#   0.473#   0.000f


 Total SPIN, PARITY =    32.5 +,      8 chs,      8 cc.  Rmin & Coul turning =    1.5   26.5
   S-matrix    1 =    1.00000   0.00000 for L=   32, J=   32.5 channel on core I =   0.0 from L=   32,  Acc. loss =  0.0 D.
 Elastic phase shift   1 =    0.000   0.000 deg. for the L =   32, J =   32.5 channel.
      32.5  1.00000000  0.00000000i: elastic S-matrix  @@      0.00  0   0 F  0
 Reaction Xsec    32.5+/32 @ 1 =   0.384#, Out:   0.000#   0.384#   0.000f


 Total SPIN, PARITY =    32.5 -,      8 chs,      8 cc.  Rmin & Coul turning =    1.5   26.5
   S-matrix    1 =    1.00000   0.00000 for L=   33, J=   32.5 channel on core I =   0.0 from L=   33,  Acc. loss =  0.0 D.
 Elastic phase shift   1 =    0.000   0.000 deg. for the L =   33, J =   32.5 channel.
      32.5  1.00000000  0.00000000i: elastic S-matrix  @@      0.00  0   0 F  0
 Reaction Xsec    32.5-/33 @ 1 =   0.304#, Out:   0.000#   0.304#   0.000f


 Total SPIN, PARITY =    33.5 +,      8 chs,      8 cc.  Rmin & Coul turning =    1.6   27.3
   S-matrix    1 =    1.00000   0.00000 for L=   34, J=   33.5 channel on core I =   0.0 from L=   34,  Acc. loss =  0.0 D.
 Elastic phase shift   1 =    0.000   0.000 deg. for the L =   34, J =   33.5 channel.
      33.5  1.00000000  0.00000000i: elastic S-matrix  @@      0.00  0   0 F  0
 Reaction Xsec    33.5+/34 @ 1 =   0.249#, Out:   0.000#   0.249#   0.000f


 Total SPIN, PARITY =    33.5 -,      8 chs,      8 cc.  Rmin & Coul turning =    1.6   27.3
   S-matrix    1 =    1.00000   0.00000 for L=   33, J=   33.5 channel on core I =   0.0 from L=   33,  Acc. loss =  0.0 D.
 Elastic phase shift   1 =    0.000   0.000 deg. for the L =   33, J =   33.5 channel.
      33.5  1.00000000  0.00000000i: elastic S-matrix  @@      0.00  0   0 F  0
 Reaction Xsec    33.5-/33 @ 1 =   0.313#, Out:   0.000#   0.313#   0.000f


 Total SPIN, PARITY =    34.5 +,      8 chs,      8 cc.  Rmin & Coul turning =    1.6   28.1
   S-matrix    1 =    1.00000   0.00000 for L=   34, J=   34.5 channel on core I =   0.0 from L=   34,  Acc. loss =  0.0 D.
 Elastic phase shift   1 =    0.000   0.000 deg. for the L =   34, J =   34.5 channel.
      34.5  1.00000000  0.00000000i: elastic S-matrix  @@      0.00  0   0 F  0
 Reaction Xsec    34.5+/34 @ 1 =   0.256#, Out:   0.000#   0.256#   0.000f


 Total SPIN, PARITY =    34.5 -,      8 chs,      8 cc.  Rmin & Coul turning =    1.6   28.1
   S-matrix    1 =    1.00000   0.00000 for L=   35, J=   34.5 channel on core I =   0.0 from L=   35,  Acc. loss =  0.0 D.
 Elastic phase shift   1 =    0.000   0.000 deg. for the L =   35, J =   34.5 channel.
      34.5  1.00000000  0.00000000i: elastic S-matrix  @@      0.00  0   0 F  0
 Reaction Xsec    34.5-/35 @ 1 =   0.203#, Out:   0.000#   0.203#   0.000f


 Total SPIN, PARITY =    35.5 +,      8 chs,      8 cc.  Rmin & Coul turning =    1.7   28.9
   S-matrix    1 =    1.00000   0.00000 for L=   36, J=   35.5 channel on core I =   0.0 from L=   36,  Acc. loss =  0.0 D.
 Elastic phase shift   1 =    0.000   0.000 deg. for the L =   36, J =   35.5 channel.
      35.5  1.00000000  0.00000000i: elastic S-matrix  @@      0.00  0   0 F  0
 Reaction Xsec    35.5+/36 @ 1 =   0.167#, Out:   0.000#   0.167#   0.000f


 Total SPIN, PARITY =    35.5 -,      8 chs,      8 cc.  Rmin & Coul turning =    1.7   28.9
   S-matrix    1 =    1.00000   0.00000 for L=   35, J=   35.5 channel on core I =   0.0 from L=   35,  Acc. loss =  0.0 D.
 Elastic phase shift   1 =    0.000   0.000 deg. for the L =   35, J =   35.5 channel.
      35.5  1.00000000  0.00000000i: elastic S-matrix  @@      0.00  0   0 F  0
 Reaction Xsec    35.5-/35 @ 1 =   0.209#, Out:   0.000#   0.209#   0.000f


 Total SPIN, PARITY =    36.5 +,      8 chs,      8 cc.  Rmin & Coul turning =    1.7   29.7
   S-matrix    1 =    1.00000   0.00000 for L=   36, J=   36.5 channel on core I =   0.0 from L=   36,  Acc. loss =  0.0 D.
 Elastic phase shift   1 =    0.000   0.000 deg. for the L =   36, J =   36.5 channel.
      36.5  1.00000000  0.00000000i: elastic S-matrix  @@      0.00  0   0 F  0
 Reaction Xsec    36.5+/36 @ 1 =   0.172#, Out:   0.000#   0.172#  -0.000f


 Total SPIN, PARITY =    36.5 -,      8 chs,      8 cc.  Rmin & Coul turning =    1.7   29.7
   S-matrix    1 =    1.00000   0.00000 for L=   37, J=   36.5 channel on core I =   0.0 from L=   37,  Acc. loss =  0.0 D.
 Elastic phase shift   1 =    0.000   0.000 deg. for the L =   37, J =   36.5 channel.
      36.5  1.00000000  0.00000000i: elastic S-matrix  @@      0.00  0   0 F  0
 Reaction Xsec    36.5-/37 @ 1 =   0.138#, Out:   0.000#   0.138#   0.000f


 Total SPIN, PARITY =    37.5 +,      8 chs,      8 cc.  Rmin & Coul turning =    1.8   30.5
   S-matrix    1 =    1.00000   0.00000 for L=   38, J=   37.5 channel on core I =   0.0 from L=   38,  Acc. loss =  0.0 D.
 Elastic phase shift   1 =    0.000   0.000 deg. for the L =   38, J =   37.5 channel.
      37.5  1.00000000  0.00000000i: elastic S-matrix  @@      0.00  0   0 F  0
 Reaction Xsec    37.5+/38 @ 1 =   0.113#, Out:   0.000#   0.113#  -0.000f


 Total SPIN, PARITY =    37.5 -,      8 chs,      8 cc.  Rmin & Coul turning =    1.8   30.5
   S-matrix    1 =    1.00000   0.00000 for L=   37, J=   37.5 channel on core I =   0.0 from L=   37,  Acc. loss =  0.0 D.
 Elastic phase shift   1 =    0.000   0.000 deg. for the L =   37, J =   37.5 channel.
      37.5  1.00000000  0.00000000i: elastic S-matrix  @@      0.00  0   0 F  0
 Reaction Xsec    37.5-/37 @ 1 =   0.142#, Out:   0.000#   0.142#   0.000f


 Total SPIN, PARITY =    38.5 +,      8 chs,      8 cc.  Rmin & Coul turning =    1.8   31.3
   S-matrix    1 =    1.00000   0.00000 for L=   38, J=   38.5 channel on core I =   0.0 from L=   38,  Acc. loss =  0.0 D.
 Elastic phase shift   1 =    0.000   0.000 deg. for the L =   38, J =   38.5 channel.
      38.5  1.00000000  0.00000000i: elastic S-matrix  @@      0.00  0   0 F  0
 Reaction Xsec    38.5+/38 @ 1 =   0.116#, Out:   0.000#   0.116#  -0.000f


 Total SPIN, PARITY =    38.5 -,      8 chs,      8 cc.  Rmin & Coul turning =    1.8   31.3
   S-matrix    1 =    1.00000   0.00000 for L=   39, J=   38.5 channel on core I =   0.0 from L=   39,  Acc. loss =  0.0 D.
 Elastic phase shift   1 =    0.000   0.000 deg. for the L =   39, J =   38.5 channel.
      38.5  1.00000000  0.00000000i: elastic S-matrix  @@      0.00  0   0 F  0
 Reaction Xsec    38.5-/39 @ 1 =   0.093#, Out:   0.000#   0.093#  -0.000f


 Total SPIN, PARITY =    39.5 +,      8 chs,      8 cc.  Rmin & Coul turning =    1.9   32.1
   S-matrix    1 =    1.00000   0.00000 for L=   40, J=   39.5 channel on core I =   0.0 from L=   40,  Acc. loss =  0.0 D.
 Elastic phase shift   1 =    0.000   0.000 deg. for the L =   40, J =   39.5 channel.
      39.5  1.00000000  0.00000000i: elastic S-matrix  @@      0.00  0   0 F  0
 Reaction Xsec    39.5+/40 @ 1 =   0.078#, Out:   0.000#   0.078#   0.000f


 Total SPIN, PARITY =    39.5 -,      8 chs,      8 cc.  Rmin & Coul turning =    1.9   32.1
   S-matrix    1 =    1.00000   0.00000 for L=   39, J=   39.5 channel on core I =   0.0 from L=   39,  Acc. loss =  0.0 D.
 Elastic phase shift   1 =    0.000   0.000 deg. for the L =   39, J =   39.5 channel.
      39.5  1.00000000  0.00000000i: elastic S-matrix  @@      0.00  0   0 F  0
 Reaction Xsec    39.5-/39 @ 1 =   0.096#, Out:   0.000#   0.096#  -0.000f


 Total SPIN, PARITY =    40.5 +,      8 chs,      8 cc.  Rmin & Coul turning =    1.9   32.9
   S-matrix    1 =    1.00000   0.00000 for L=   40, J=   40.5 channel on core I =   0.0 from L=   40,  Acc. loss =  0.0 D.
 Elastic phase shift   1 =    0.000   0.000 deg. for the L =   40, J =   40.5 channel.
      40.5  1.00000000  0.00000000i: elastic S-matrix  @@      0.00  0   0 F  0
 Reaction Xsec    40.5+/40 @ 1 =   0.080#, Out:   0.000#   0.080#   0.000f


 Total SPIN, PARITY =    40.5 -,      8 chs,      8 cc.  Rmin & Coul turning =    1.9   32.9
   S-matrix    1 =    1.00000   0.00000 for L=   41, J=   40.5 channel on core I =   0.0 from L=   41,  Acc. loss =  0.0 D.
 Elastic phase shift   1 =    0.000   0.000 deg. for the L =   41, J =   40.5 channel.
      40.5  1.00000000  0.00000000i: elastic S-matrix  @@      0.00  0   0 F  0
 Reaction Xsec    40.5-/41 @ 1 =   0.064#, Out:   0.000#   0.064#  -0.000f


 Total SPIN, PARITY =    41.5 +,      8 chs,      8 cc.  Rmin & Coul turning =    1.9   33.7
   S-matrix    1 =    1.00000   0.00000 for L=   42, J=   41.5 channel on core I =   0.0 from L=   42,  Acc. loss =  0.0 D.
 Elastic phase shift   1 =    0.000   0.000 deg. for the L =   42, J =   41.5 channel.
      41.5  1.00000000  0.00000000i: elastic S-matrix  @@      0.00  0   0 F  0
 Reaction Xsec    41.5+/42 @ 1 =   0.053#, Out:   0.000#   0.053#  -0.000f


 Total SPIN, PARITY =    41.5 -,      8 chs,      8 cc.  Rmin & Coul turning =    1.9   33.7
   S-matrix    1 =    1.00000   0.00000 for L=   41, J=   41.5 channel on core I =   0.0 from L=   41,  Acc. loss =  0.0 D.
 Elastic phase shift   1 =    0.000   0.000 deg. for the L =   41, J =   41.5 channel.
      41.5  1.00000000  0.00000000i: elastic S-matrix  @@      0.00  0   0 F  0
 Reaction Xsec    41.5-/41 @ 1 =   0.065#, Out:   0.000#   0.065#   0.000f


 Total SPIN, PARITY =    42.5 +,      8 chs,      8 cc.  Rmin & Coul turning =    2.0   34.5
   S-matrix    1 =    1.00000   0.00000 for L=   42, J=   42.5 channel on core I =   0.0 from L=   42,  Acc. loss =  0.0 D.
 Elastic phase shift   1 =    0.000   0.000 deg. for the L =   42, J =   42.5 channel.
      42.5  1.00000000  0.00000000i: elastic S-matrix  @@      0.00  0   0 F  0
 Reaction Xsec    42.5+/42 @ 1 =   0.054#, Out:   0.000#   0.054#   0.000f


 Total SPIN, PARITY =    42.5 -,      8 chs,      8 cc.  Rmin & Coul turning =    2.0   34.5
   S-matrix    1 =    1.00000   0.00000 for L=   43, J=   42.5 channel on core I =   0.0 from L=   43,  Acc. loss =  0.0 D.
 Elastic phase shift   1 =    0.000   0.000 deg. for the L =   43, J =   42.5 channel.
      42.5  1.00000000  0.00000000i: elastic S-matrix  @@      0.00  0   0 F  0
 Reaction Xsec    42.5-/43 @ 1 =   0.045#, Out:   0.000#   0.045#  -0.000f


 Total SPIN, PARITY =    43.5 +,      8 chs,      8 cc.  Rmin & Coul turning =    2.0   35.4
   S-matrix    1 =    1.00000   0.00000 for L=   44, J=   43.5 channel on core I =   0.0 from L=   44,  Acc. loss =  0.0 D.
 Elastic phase shift   1 =    0.000   0.000 deg. for the L =   44, J =   43.5 channel.
      43.5  1.00000000  0.00000000i: elastic S-matrix  @@      0.00  0   0 F  0
 Reaction Xsec    43.5+/44 @ 1 =   0.037#, Out:   0.000#   0.037#   0.000f


 Total SPIN, PARITY =    43.5 -,      8 chs,      8 cc.  Rmin & Coul turning =    2.0   35.4
   S-matrix    1 =    1.00000   0.00000 for L=   43, J=   43.5 channel on core I =   0.0 from L=   43,  Acc. loss =  0.0 D.
 Elastic phase shift   1 =    0.000   0.000 deg. for the L =   43, J =   43.5 channel.
      43.5  1.00000000  0.00000000i: elastic S-matrix  @@      0.00  0   0 F  0
 Reaction Xsec    43.5-/43 @ 1 =   0.046#, Out:   0.000#   0.046#   0.000f


 Total SPIN, PARITY =    44.5 +,      8 chs,      8 cc.  Rmin & Coul turning =    2.1   36.2
   S-matrix    1 =    1.00000   0.00000 for L=   44, J=   44.5 channel on core I =   0.0 from L=   44,  Acc. loss =  0.0 D.
 Elastic phase shift   1 =    0.000   0.000 deg. for the L =   44, J =   44.5 channel.
      44.5  1.00000000  0.00000000i: elastic S-matrix  @@      0.00  0   0 F  0
 Reaction Xsec    44.5+/44 @ 1 =   0.038#, Out:   0.000#   0.038#   0.000f


 Total SPIN, PARITY =    44.5 -,      8 chs,      8 cc.  Rmin & Coul turning =    2.1   36.2
   S-matrix    1 =    1.00000   0.00000 for L=   45, J=   44.5 channel on core I =   0.0 from L=   45,  Acc. loss =  0.0 D.
 Elastic phase shift   1 =    0.000   0.000 deg. for the L =   45, J =   44.5 channel.
      44.5  1.00000000  0.00000000i: elastic S-matrix  @@      0.00  0   0 F  0
 Reaction Xsec    44.5-/45 @ 1 =   0.031#, Out:   0.000#   0.031#   0.000f


 Total SPIN, PARITY =    45.5 +,      8 chs,      8 cc.  Rmin & Coul turning =    2.2   37.0
   S-matrix    1 =    1.00000   0.00000 for L=   46, J=   45.5 channel on core I =   0.0 from L=   46,  Acc. loss =  0.0 D.
 Elastic phase shift   1 =    0.000   0.000 deg. for the L =   46, J =   45.5 channel.
      45.5  1.00000000  0.00000000i: elastic S-matrix  @@      0.00  0   0 F  0
 Reaction Xsec    45.5+/46 @ 1 =   0.026#, Out:   0.000#   0.026#   0.000f


 Total SPIN, PARITY =    45.5 -,      8 chs,      8 cc.  Rmin & Coul turning =    2.2   37.0
   S-matrix    1 =    1.00000   0.00000 for L=   45, J=   45.5 channel on core I =   0.0 from L=   45,  Acc. loss =  0.0 D.
 Elastic phase shift   1 =    0.000   0.000 deg. for the L =   45, J =   45.5 channel.
      45.5  1.00000000  0.00000000i: elastic S-matrix  @@      0.00  0   0 F  0
 Reaction Xsec    45.5-/45 @ 1 =   0.031#, Out:   0.000#   0.031#   0.000f


 Total SPIN, PARITY =    46.5 +,      8 chs,      8 cc.  Rmin & Coul turning =    2.2   37.8
   S-matrix    1 =    1.00000   0.00000 for L=   46, J=   46.5 channel on core I =   0.0 from L=   46,  Acc. loss =  0.0 D.
 Elastic phase shift   1 =    0.000   0.000 deg. for the L =   46, J =   46.5 channel.
      46.5  1.00000000  0.00000000i: elastic S-matrix  @@      0.00  0   0 F  0
 Reaction Xsec    46.5+/46 @ 1 =   0.027#, Out:   0.000#   0.027#   0.000f


 Total SPIN, PARITY =    46.5 -,      8 chs,      8 cc.  Rmin & Coul turning =    2.2   37.8
   S-matrix    1 =    1.00000   0.00000 for L=   47, J=   46.5 channel on core I =   0.0 from L=   47,  Acc. loss =  0.0 D.
 Elastic phase shift   1 =    0.000   0.000 deg. for the L =   47, J =   46.5 channel.
      46.5  1.00000000  0.00000000i: elastic S-matrix  @@      0.00  0   0 F  0
 Reaction Xsec    46.5-/47 @ 1 =   0.022#, Out:   0.000#   0.022#   0.000f


 Total SPIN, PARITY =    47.5 +,      8 chs,      8 cc.  Rmin & Coul turning =    2.2   38.6
   S-matrix    1 =    1.00000   0.00000 for L=   48, J=   47.5 channel on core I =   0.0 from L=   48,  Acc. loss =  0.0 D.
 Elastic phase shift   1 =    0.000   0.000 deg. for the L =   48, J =   47.5 channel.
      47.5  1.00000000  0.00000000i: elastic S-matrix  @@      0.00  0   0 F  0
 Reaction Xsec    47.5+/48 @ 1 =   0.018#, Out:   0.000#   0.018#   0.000f


 Total SPIN, PARITY =    47.5 -,      8 chs,      8 cc.  Rmin & Coul turning =    2.2   38.6
   S-matrix    1 =    1.00000   0.00000 for L=   47, J=   47.5 channel on core I =   0.0 from L=   47,  Acc. loss =  0.0 D.
 Elastic phase shift   1 =    0.000   0.000 deg. for the L =   47, J =   47.5 channel.
      47.5  1.00000000  0.00000000i: elastic S-matrix  @@      0.00  0   0 F  0
 Reaction Xsec    47.5-/47 @ 1 =   0.023#, Out:   0.000#   0.023#   0.000f


 Total SPIN, PARITY =    48.5 +,      8 chs,      8 cc.  Rmin & Coul turning =    2.3   39.4
   S-matrix    1 =    1.00000   0.00000 for L=   48, J=   48.5 channel on core I =   0.0 from L=   48,  Acc. loss =  0.0 D.
 Elastic phase shift   1 =    0.000   0.000 deg. for the L =   48, J =   48.5 channel.
      48.5  1.00000000  0.00000000i: elastic S-matrix  @@      0.00  0   0 F  0
 Reaction Xsec    48.5+/48 @ 1 =   0.019#, Out:   0.000#   0.019#   0.000f


 Total SPIN, PARITY =    48.5 -,      8 chs,      8 cc.  Rmin & Coul turning =    2.3   39.4
   S-matrix    1 =    1.00000  -0.00000 for L=   49, J=   48.5 channel on core I =   0.0 from L=   49,  Acc. loss =  0.0 D.
 Elastic phase shift   1 =   -0.000   0.000 deg. for the L =   49, J =   48.5 channel.
      48.5  1.00000000 -0.00000000i: elastic S-matrix  @@      0.00  0   0 F  0
 Reaction Xsec    48.5-/49 @ 1 =   0.016#, Out:   0.000#   0.016#   0.000f


 Total SPIN, PARITY =    49.5 +,      8 chs,      8 cc.  Rmin & Coul turning =    2.3   40.2
   S-matrix    1 =    1.00000  -0.00000 for L=   50, J=   49.5 channel on core I =   0.0 from L=   50,  Acc. loss =  0.0 D.
 Elastic phase shift   1 =   -0.000   0.000 deg. for the L =   50, J =   49.5 channel.
      49.5  1.00000000 -0.00000000i: elastic S-matrix  @@      0.00  0   0 F  0
 Reaction Xsec    49.5+/50 @ 1 =   0.014#, Out:   0.000#   0.014#   0.000f


 Total SPIN, PARITY =    49.5 -,      8 chs,      8 cc.  Rmin & Coul turning =    2.3   40.2
   S-matrix    1 =    1.00000  -0.00000 for L=   49, J=   49.5 channel on core I =   0.0 from L=   49,  Acc. loss =  0.0 D.
 Elastic phase shift   1 =   -0.000   0.000 deg. for the L =   49, J =   49.5 channel.
      49.5  1.00000000 -0.00000000i: elastic S-matrix  @@      0.00  0   0 F  0
 Reaction Xsec    49.5-/49 @ 1 =   0.016#, Out:   0.000#   0.016#   0.000f


 Total SPIN, PARITY =    50.5 +,      8 chs,      8 cc.  Rmin & Coul turning =    2.4   41.0
   S-matrix    1 =    1.00000  -0.00000 for L=   50, J=   50.5 channel on core I =   0.0 from L=   50,  Acc. loss =  0.0 D.
 Elastic phase shift   1 =   -0.000   0.000 deg. for the L =   50, J =   50.5 channel.
      50.5  1.00000000 -0.00000000i: elastic S-matrix  @@      0.00  0   0 F  0
 Reaction Xsec    50.5+/50 @ 1 =   0.014#, Out:   0.000#   0.014#   0.000f


 Total SPIN, PARITY =    50.5 -,      8 chs,      8 cc.  Rmin & Coul turning =    2.4   41.0
   S-matrix    1 =    1.00000   0.00000 for L=   51, J=   50.5 channel on core I =   0.0 from L=   51,  Acc. loss =  0.0 D.
 Elastic phase shift   1 =    0.000   0.000 deg. for the L =   51, J =   50.5 channel.
      50.5  1.00000000  0.00000000i: elastic S-matrix  @@      0.00  0   0 F  0
 Reaction Xsec    50.5-/51 @ 1 =   0.012#, Out:   0.000#   0.012#  -0.000f

 Finished all CC sets @   0.317347974    
0CUMULATIVE REACTION cross section                 =  789.33849  <L> =     4.14  <L**2> =     20.6
0CUMULATIVE outgoing cross sections in partition 1 :    0.00000   19.76218
0Cumulative ABSORBTION by Imaginary Potentials     =  769.57631  <L> =     4.13  <L**2> =     20.5
   Fusion for specific p        M-states :  769.576308  769.576308
0CUMULATIVE OUTGOING cross section                 =   19.76218
 To convert to S-factors (MeV.mb = keV.b),  multiply by  1.2763E+02


 CROSS SECTIONS FOR OUTGOING p        & O20      in state #   1 with spins & parities 0.5  + &  0.0  +;  0

     0.01 deg.: X-S =   1.2880E+15 mb/sr,
+                                         /R =   1.0000E+00
     1.00 deg.: X-S =   1.2505E+07 mb/sr,
+                                         /R =   9.7079E-01
     2.00 deg.: X-S =   7.2411E+05 mb/sr,
+                                         /R =   8.9932E-01
     3.00 deg.: X-S =   1.2916E+05 mb/sr,
+                                         /R =   8.1191E-01
     4.00 deg.: X-S =   3.6947E+04 mb/sr,
+                                         /R =   7.3375E-01
     5.00 deg.: X-S =   1.4245E+04 mb/sr,
+                                         /R =   6.9036E-01
     6.00 deg.: X-S =  7039.899675 mb/sr,
+                                         /R =   7.0706E-01
     7.00 deg.: X-S =  4343.047983 mb/sr,
+                                         /R =   8.0758E-01
     8.00 deg.: X-S =  3193.984330 mb/sr,
+                                         /R =   1.0124E+00
     9.00 deg.: X-S =  2635.943222 mb/sr,
+                                         /R =   1.3372E+00
    10.00 deg.: X-S =  2318.887725 mb/sr,
+                                         /R =   1.7912E+00
    11.00 deg.: X-S =  2103.447684 mb/sr,
+                                         /R =   2.3764E+00
    12.00 deg.: X-S =  1931.152285 mb/sr,
+                                         /R =   3.0864E+00
    13.00 deg.: X-S =  1777.008888 mb/sr,
+                                         /R =   3.9068E+00
    14.00 deg.: X-S =  1630.641405 mb/sr,
+                                         /R =   4.8154E+00
    15.00 deg.: X-S =  1488.268306 mb/sr,
+                                         /R =   5.7831E+00
    16.00 deg.: X-S =  1349.103982 mb/sr,
+                                         /R =   6.7758E+00
    17.00 deg.: X-S =  1213.675478 mb/sr,
+                                         /R =   7.7554E+00
    18.00 deg.: X-S =  1083.010710 mb/sr,
+                                         /R =   8.6827E+00
    19.00 deg.: X-S =   958.240282 mb/sr,
+                                         /R =   9.5193E+00
    20.00 deg.: X-S =   840.403029 mb/sr,
+                                         /R =   1.0230E+01
    21.00 deg.: X-S =   730.355340 mb/sr,
+                                         /R =   1.0783E+01
    22.00 deg.: X-S =   628.735037 mb/sr,
+                                         /R =   1.1157E+01
    23.00 deg.: X-S =   535.954749 mb/sr,
+                                         /R =   1.1336E+01
    24.00 deg.: X-S =   452.211583 mb/sr,
+                                         /R =   1.1312E+01
    25.00 deg.: X-S =   377.505875 mb/sr,
+                                         /R =   1.1091E+01
    26.00 deg.: X-S =   311.664831 mb/sr,
+                                         /R =   1.0684E+01
    27.00 deg.: X-S =   254.368554 mb/sr,
+                                         /R =   1.0113E+01
    28.00 deg.: X-S =   205.176792 mb/sr,
+                                         /R =   9.4085E+00
    29.00 deg.: X-S =   163.555305 mb/sr,
+                                         /R =   8.6051E+00
    30.00 deg.: X-S =   128.901024 mb/sr,
+                                         /R =   7.7434E+00
    31.00 deg.: X-S =   100.565464 mb/sr,
+                                         /R =   6.8665E+00
    32.00 deg.: X-S =    77.875943 mb/sr,
+                                         /R =   6.0179E+00
    33.00 deg.: X-S =    60.154366 mb/sr,
+                                         /R =   5.2399E+00
    34.00 deg.: X-S =    46.733403 mb/sr,
+                                         /R =   4.5715E+00
    35.00 deg.: X-S =    36.970008 mb/sr,
+                                         /R =   4.0468E+00
    36.00 deg.: X-S =    30.256304 mb/sr,
+                                         /R =   3.6935E+00
    37.00 deg.: X-S =    26.027944 mb/sr,
+                                         /R =   3.5321E+00
    38.00 deg.: X-S =    23.770090 mb/sr,
+                                         /R =   3.5751E+00
    39.00 deg.: X-S =    23.021224 mb/sr,
+                                         /R =   3.8265E+00
    40.00 deg.: X-S =    23.375018 mb/sr,
+                                         /R =   4.2820E+00
    41.00 deg.: X-S =    24.480514 mb/sr,
+                                         /R =   4.9296E+00
    42.00 deg.: X-S =    26.040880 mb/sr,
+                                         /R =   5.7500E+00
    43.00 deg.: X-S =    27.810999 mb/sr,
+                                         /R =   6.7175E+00
    44.00 deg.: X-S =    29.594147 mb/sr,
+                                         /R =   7.8019E+00
    45.00 deg.: X-S =    31.237996 mb/sr,
+                                         /R =   8.9688E+00
    46.00 deg.: X-S =    32.630159 mb/sr,
+                                         /R =   1.0182E+01
    47.00 deg.: X-S =    33.693479 mb/sr,
+                                         /R =   1.1403E+01
    48.00 deg.: X-S =    34.381227 mb/sr,
+                                         /R =   1.2597E+01
    49.00 deg.: X-S =    34.672353 mb/sr,
+                                         /R =   1.3727E+01
    50.00 deg.: X-S =    34.566915 mb/sr,
+                                         /R =   1.4762E+01
    51.00 deg.: X-S =    34.081774 mb/sr,
+                                         /R =   1.5673E+01
    52.00 deg.: X-S =    33.246629 mb/sr,
+                                         /R =   1.6436E+01
    53.00 deg.: X-S =    32.100433 mb/sr,
+                                         /R =   1.7034E+01
    54.00 deg.: X-S =    30.688237 mb/sr,
+                                         /R =   1.7452E+01
    55.00 deg.: X-S =    29.058445 mb/sr,
+                                         /R =   1.7684E+01
    56.00 deg.: X-S =    27.260513 mb/sr,
+                                         /R =   1.7728E+01
    57.00 deg.: X-S =    25.343050 mb/sr,
+                                         /R =   1.7587E+01
    58.00 deg.: X-S =    23.352310 mb/sr,
+                                         /R =   1.7271E+01
    59.00 deg.: X-S =    21.331051 mb/sr,
+                                         /R =   1.6790E+01
    60.00 deg.: X-S =    19.317714 mb/sr,
+                                         /R =   1.6163E+01
    61.00 deg.: X-S =    17.345893 mb/sr,
+                                         /R =   1.5409E+01
    62.00 deg.: X-S =    15.444057 mb/sr,
+                                         /R =   1.4548E+01
    63.00 deg.: X-S =    13.635480 mb/sr,
+                                         /R =   1.3605E+01
    64.00 deg.: X-S =    11.938350 mb/sr,
+                                         /R =   1.2603E+01
    65.00 deg.: X-S =    10.366006 mb/sr,
+                                         /R =   1.1566E+01
    66.00 deg.: X-S =     8.927297 mb/sr,
+                                         /R =   1.0516E+01
    67.00 deg.: X-S =     7.626998 mb/sr,
+                                         /R =   9.4755E+00
    68.00 deg.: X-S =     6.466287 mb/sr,
+                                         /R =   8.4643E+00
    69.00 deg.: X-S =     5.443246 mb/sr,
+                                         /R =   7.5000E+00
    70.00 deg.: X-S =     4.553364 mb/sr,
+                                         /R =   6.5977E+00
    71.00 deg.: X-S =     3.790033 mb/sr,
+                                         /R =   5.7697E+00
    72.00 deg.: X-S =     3.145023 mb/sr,
+                                         /R =   5.0256E+00
    73.00 deg.: X-S =     2.608926 mb/sr,
+                                         /R =   4.3722E+00
    74.00 deg.: X-S =     2.171553 mb/sr,
+                                         /R =   3.8134E+00
    75.00 deg.: X-S =     1.822298 mb/sr,
+                                         /R =   3.3504E+00
    76.00 deg.: X-S =     1.550444 mb/sr,
+                                         /R =   2.9821E+00
    77.00 deg.: X-S =     1.345435 mb/sr,
+                                         /R =   2.7049E+00
    78.00 deg.: X-S =     1.197088 mb/sr,
+                                         /R =   2.5137E+00
    79.00 deg.: X-S =     1.095772 mb/sr,
+                                         /R =   2.4013E+00
    80.00 deg.: X-S =     1.032537 mb/sr,
+                                         /R =   2.3598E+00
    81.00 deg.: X-S =     0.999210 mb/sr,
+                                         /R =   2.3797E+00
    82.00 deg.: X-S =     0.988454 mb/sr,
+                                         /R =   2.4514E+00
    83.00 deg.: X-S =     0.993797 mb/sr,
+                                         /R =   2.5648E+00
    84.00 deg.: X-S =     1.009636 mb/sr,
+                                         /R =   2.7096E+00
    85.00 deg.: X-S =     1.031221 mb/sr,
+                                         /R =   2.8759E+00
    86.00 deg.: X-S =     1.054619 mb/sr,
+                                         /R =   3.0544E+00
    87.00 deg.: X-S =     1.076662 mb/sr,
+                                         /R =   3.2361E+00
    88.00 deg.: X-S =     1.094891 mb/sr,
+                                         /R =   3.4131E+00
    89.00 deg.: X-S =     1.107489 mb/sr,
+                                         /R =   3.5783E+00
    90.00 deg.: X-S =     1.113210 mb/sr,
+                                         /R =   3.7257E+00
    91.00 deg.: X-S =     1.111306 mb/sr,
+                                         /R =   3.8503E+00
    92.00 deg.: X-S =     1.101458 mb/sr,
+                                         /R =   3.9482E+00
    93.00 deg.: X-S =     1.083702 mb/sr,
+                                         /R =   4.0165E+00
    94.00 deg.: X-S =     1.058365 mb/sr,
+                                         /R =   4.0536E+00
    95.00 deg.: X-S =     1.026004 mb/sr,
+                                         /R =   4.0585E+00
    96.00 deg.: X-S =     0.987347 mb/sr,
+                                         /R =   4.0314E+00
    97.00 deg.: X-S =     0.943240 mb/sr,
+                                         /R =   3.9732E+00
    98.00 deg.: X-S =     0.894609 mb/sr,
+                                         /R =   3.8855E+00
    99.00 deg.: X-S =     0.842412 mb/sr,
+                                         /R =   3.7705E+00
   100.00 deg.: X-S =     0.787610 mb/sr,
+                                         /R =   3.6309E+00
   101.00 deg.: X-S =     0.731140 mb/sr,
+                                         /R =   3.4699E+00
   102.00 deg.: X-S =     0.673892 mb/sr,
+                                         /R =   3.2907E+00
   103.00 deg.: X-S =     0.616690 mb/sr,
+                                         /R =   3.0970E+00
   104.00 deg.: X-S =     0.560283 mb/sr,
+                                         /R =   2.8922E+00
   105.00 deg.: X-S =     0.505332 mb/sr,
+                                         /R =   2.6800E+00
   106.00 deg.: X-S =     0.452407 mb/sr,
+                                         /R =   2.4639E+00
   107.00 deg.: X-S =     0.401988 mb/sr,
+                                         /R =   2.2471E+00
   108.00 deg.: X-S =     0.354461 mb/sr,
+                                         /R =   2.0328E+00
   109.00 deg.: X-S =     0.310123 mb/sr,
+                                         /R =   1.8238E+00
   110.00 deg.: X-S =     0.269187 mb/sr,
+                                         /R =   1.6226E+00
   111.00 deg.: X-S =     0.231785 mb/sr,
+                                         /R =   1.4314E+00
   112.00 deg.: X-S =     0.197981 mb/sr,
+                                         /R =   1.2520E+00
   113.00 deg.: X-S =     0.167771 mb/sr,
+                                         /R =   1.0860E+00
   114.00 deg.: X-S =     0.141095 mb/sr,
+                                         /R =   9.3448E-01
   115.00 deg.: X-S =     0.117847 mb/sr,
+                                         /R =   7.9823E-01
   116.00 deg.: X-S =     0.097876 mb/sr,
+                                         /R =   6.7772E-01
   117.00 deg.: X-S =     0.081002 mb/sr,
+                                         /R =   5.7312E-01
   118.00 deg.: X-S =     0.067015 mb/sr,
+                                         /R =   4.8431E-01
   119.00 deg.: X-S =     0.055690 mb/sr,
+                                         /R =   4.1091E-01
   120.00 deg.: X-S =     0.046786 mb/sr,
+                                         /R =   3.5231E-01
   121.00 deg.: X-S =     0.040055 mb/sr,
+                                         /R =   3.0771E-01
   122.00 deg.: X-S =     0.035251 mb/sr,
+                                         /R =   2.7614E-01
   123.00 deg.: X-S =     0.032124 mb/sr,
+                                         /R =   2.5652E-01
   124.00 deg.: X-S =     0.030435 mb/sr,
+                                         /R =   2.4763E-01
   125.00 deg.: X-S =     0.029952 mb/sr,
+                                         /R =   2.4822E-01
   126.00 deg.: X-S =     0.030456 mb/sr,
+                                         /R =   2.5697E-01
   127.00 deg.: X-S =     0.031741 mb/sr,
+                                         /R =   2.7257E-01
   128.00 deg.: X-S =     0.033617 mb/sr,
+                                         /R =   2.9369E-01
   129.00 deg.: X-S =     0.035911 mb/sr,
+                                         /R =   3.1906E-01
   130.00 deg.: X-S =     0.038468 mb/sr,
+                                         /R =   3.4745E-01
   131.00 deg.: X-S =     0.041149 mb/sr,
+                                         /R =   3.7769E-01
   132.00 deg.: X-S =     0.043833 mb/sr,
+                                         /R =   4.0871E-01
   133.00 deg.: X-S =     0.046419 mb/sr,
+                                         /R =   4.3952E-01
   134.00 deg.: X-S =     0.048819 mb/sr,
+                                         /R =   4.6923E-01
   135.00 deg.: X-S =     0.050964 mb/sr,
+                                         /R =   4.9707E-01
   136.00 deg.: X-S =     0.052800 mb/sr,
+                                         /R =   5.2238E-01
   137.00 deg.: X-S =     0.054286 mb/sr,
+                                         /R =   5.4462E-01
   138.00 deg.: X-S =     0.055395 mb/sr,
+                                         /R =   5.6334E-01
   139.00 deg.: X-S =     0.056113 mb/sr,
+                                         /R =   5.7824E-01
   140.00 deg.: X-S =     0.056435 mb/sr,
+                                         /R =   5.8909E-01
   141.00 deg.: X-S =     0.056366 mb/sr,
+                                         /R =   5.9579E-01
   142.00 deg.: X-S =     0.055920 mb/sr,
+                                         /R =   5.9833E-01
   143.00 deg.: X-S =     0.055117 mb/sr,
+                                         /R =   5.9676E-01
   144.00 deg.: X-S =     0.053984 mb/sr,
+                                         /R =   5.9126E-01
   145.00 deg.: X-S =     0.052551 mb/sr,
+                                         /R =   5.8203E-01
   146.00 deg.: X-S =     0.050853 mb/sr,
+                                         /R =   5.6937E-01
   147.00 deg.: X-S =     0.048927 mb/sr,
+                                         /R =   5.5359E-01
   148.00 deg.: X-S =     0.046812 mb/sr,
+                                         /R =   5.3507E-01
   149.00 deg.: X-S =     0.044546 mb/sr,
+                                         /R =   5.1421E-01
   150.00 deg.: X-S =     0.042168 mb/sr,
+                                         /R =   4.9141E-01
   151.00 deg.: X-S =     0.039716 mb/sr,
+                                         /R =   4.6711E-01
   152.00 deg.: X-S =     0.037226 mb/sr,
+                                         /R =   4.4173E-01
   153.00 deg.: X-S =     0.034733 mb/sr,
+                                         /R =   4.1568E-01
   154.00 deg.: X-S =     0.032267 mb/sr,
+                                         /R =   3.8936E-01
   155.00 deg.: X-S =     0.029858 mb/sr,
+                                         /R =   3.6314E-01
   156.00 deg.: X-S =     0.027530 mb/sr,
+                                         /R =   3.3738E-01
   157.00 deg.: X-S =     0.025306 mb/sr,
+                                         /R =   3.1238E-01
   158.00 deg.: X-S =     0.023203 mb/sr,
+                                         /R =   2.8842E-01
   159.00 deg.: X-S =     0.021237 mb/sr,
+                                         /R =   2.6573E-01
   160.00 deg.: X-S =     0.019417 mb/sr,
+                                         /R =   2.4450E-01
   161.00 deg.: X-S =     0.017752 mb/sr,
+                                         /R =   2.2488E-01
   162.00 deg.: X-S =     0.016246 mb/sr,
+                                         /R =   2.0697E-01
   163.00 deg.: X-S =     0.014898 mb/sr,
+                                         /R =   1.9083E-01
   164.00 deg.: X-S =     0.013709 mb/sr,
+                                         /R =   1.7648E-01
   165.00 deg.: X-S =     0.012672 mb/sr,
+                                         /R =   1.6391E-01
   166.00 deg.: X-S =     0.011781 mb/sr,
+                                         /R =   1.5306E-01
   167.00 deg.: X-S =     0.011026 mb/sr,
+                                         /R =   1.4385E-01
   168.00 deg.: X-S =     0.010399 mb/sr,
+                                         /R =   1.3618E-01
   169.00 deg.: X-S =     0.009886 mb/sr,
+                                         /R =   1.2992E-01
   170.00 deg.: X-S =     0.009475 mb/sr,
+                                         /R =   1.2492E-01
   171.00 deg.: X-S =     0.009154 mb/sr,
+                                         /R =   1.2104E-01
   172.00 deg.: X-S =     0.008909 mb/sr,
+                                         /R =   1.1811E-01
   173.00 deg.: X-S =     0.008728 mb/sr,
+                                         /R =   1.1597E-01
   174.00 deg.: X-S =     0.008598 mb/sr,
+                                         /R =   1.1448E-01
   175.00 deg.: X-S =     0.008509 mb/sr,
+                                         /R =   1.1348E-01
   176.00 deg.: X-S =     0.008451 mb/sr,
+                                         /R =   1.1286E-01
   177.00 deg.: X-S =     0.008415 mb/sr,
+                                         /R =   1.1249E-01
   178.00 deg.: X-S =     0.008394 mb/sr,
+                                         /R =   1.1230E-01
   179.00 deg.: X-S =     0.008383 mb/sr,
+                                         /R =   1.1221E-01
   179.99 deg.: X-S =     0.008380 mb/sr,
+                                         /R =   1.1219E-01
                                           Integrated********** mb, over [   0.000, 180.000] at    35.0000 MeV 

 CROSS SECTIONS FOR OUTGOING p        & O20      in state #   2 with spins & parities 0.5  + &  3.0  -;  0

     0.00 deg.: X-S =     1.937021 mb/sr,
+                                         REAC   1.9762E+01 mb
     1.00 deg.: X-S =     1.953766 mb/sr,
     2.00 deg.: X-S =     2.003460 mb/sr,
     3.00 deg.: X-S =     2.084477 mb/sr,
     4.00 deg.: X-S =     2.194143 mb/sr,
     5.00 deg.: X-S =     2.328909 mb/sr,
     6.00 deg.: X-S =     2.484718 mb/sr,
     7.00 deg.: X-S =     2.657499 mb/sr,
     8.00 deg.: X-S =     2.843606 mb/sr,
     9.00 deg.: X-S =     3.040017 mb/sr,
    10.00 deg.: X-S =     3.244240 mb/sr,
    11.00 deg.: X-S =     3.454032 mb/sr,
    12.00 deg.: X-S =     3.667169 mb/sr,
    13.00 deg.: X-S =     3.881432 mb/sr,
    14.00 deg.: X-S =     4.094823 mb/sr,
    15.00 deg.: X-S =     4.305874 mb/sr,
    16.00 deg.: X-S =     4.513842 mb/sr,
    17.00 deg.: X-S =     4.718658 mb/sr,
    18.00 deg.: X-S =     4.920679 mb/sr,
    19.00 deg.: X-S =     5.120350 mb/sr,
    20.00 deg.: X-S =     5.317964 mb/sr,
    21.00 deg.: X-S =     5.513570 mb/sr,
    22.00 deg.: X-S =     5.706995 mb/sr,
    23.00 deg.: X-S =     5.897876 mb/sr,
    24.00 deg.: X-S =     6.085631 mb/sr,
    25.00 deg.: X-S =     6.269342 mb/sr,
    26.00 deg.: X-S =     6.447633 mb/sr,
    27.00 deg.: X-S =     6.618604 mb/sr,
    28.00 deg.: X-S =     6.779870 mb/sr,
    29.00 deg.: X-S =     6.928676 mb/sr,
    30.00 deg.: X-S =     7.062052 mb/sr,
    31.00 deg.: X-S =     7.176947 mb/sr,
    32.00 deg.: X-S =     7.270332 mb/sr,
    33.00 deg.: X-S =     7.339288 mb/sr,
    34.00 deg.: X-S =     7.381100 mb/sr,
    35.00 deg.: X-S =     7.393367 mb/sr,
    36.00 deg.: X-S =     7.374120 mb/sr,
    37.00 deg.: X-S =     7.321933 mb/sr,
    38.00 deg.: X-S =     7.236001 mb/sr,
    39.00 deg.: X-S =     7.116193 mb/sr,
    40.00 deg.: X-S =     6.963061 mb/sr,
    41.00 deg.: X-S =     6.777836 mb/sr,
    42.00 deg.: X-S =     6.562394 mb/sr,
    43.00 deg.: X-S =     6.319208 mb/sr,
    44.00 deg.: X-S =     6.051282 mb/sr,
    45.00 deg.: X-S =     5.762081 mb/sr,
    46.00 deg.: X-S =     5.455436 mb/sr,
    47.00 deg.: X-S =     5.135453 mb/sr,
    48.00 deg.: X-S =     4.806401 mb/sr,
    49.00 deg.: X-S =     4.472599 mb/sr,
    50.00 deg.: X-S =     4.138310 mb/sr,
    51.00 deg.: X-S =     3.807634 mb/sr,
    52.00 deg.: X-S =     3.484434 mb/sr,
    53.00 deg.: X-S =     3.172258 mb/sr,
    54.00 deg.: X-S =     2.874280 mb/sr,
    55.00 deg.: X-S =     2.593248 mb/sr,
    56.00 deg.: X-S =     2.331437 mb/sr,
    57.00 deg.: X-S =     2.090621 mb/sr,
    58.00 deg.: X-S =     1.872064 mb/sr,
    59.00 deg.: X-S =     1.676534 mb/sr,
    60.00 deg.: X-S =     1.504329 mb/sr,
    61.00 deg.: X-S =     1.355307 mb/sr,
    62.00 deg.: X-S =     1.228914 mb/sr,
    63.00 deg.: X-S =     1.124222 mb/sr,
    64.00 deg.: X-S =     1.039970 mb/sr,
    65.00 deg.: X-S =     0.974622 mb/sr,
    66.00 deg.: X-S =     0.926432 mb/sr,
    67.00 deg.: X-S =     0.893507 mb/sr,
    68.00 deg.: X-S =     0.873863 mb/sr,
    69.00 deg.: X-S =     0.865464 mb/sr,
    70.00 deg.: X-S =     0.866271 mb/sr,
    71.00 deg.: X-S =     0.874272 mb/sr,
    72.00 deg.: X-S =     0.887529 mb/sr,
    73.00 deg.: X-S =     0.904220 mb/sr,
    74.00 deg.: X-S =     0.922675 mb/sr,
    75.00 deg.: X-S =     0.941393 mb/sr,
    76.00 deg.: X-S =     0.959053 mb/sr,
    77.00 deg.: X-S =     0.974519 mb/sr,
    78.00 deg.: X-S =     0.986836 mb/sr,
    79.00 deg.: X-S =     0.995236 mb/sr,
    80.00 deg.: X-S =     0.999143 mb/sr,
    81.00 deg.: X-S =     0.998168 mb/sr,
    82.00 deg.: X-S =     0.992097 mb/sr,
    83.00 deg.: X-S =     0.980872 mb/sr,
    84.00 deg.: X-S =     0.964569 mb/sr,
    85.00 deg.: X-S =     0.943379 mb/sr,
    86.00 deg.: X-S =     0.917596 mb/sr,
    87.00 deg.: X-S =     0.887598 mb/sr,
    88.00 deg.: X-S =     0.853842 mb/sr,
    89.00 deg.: X-S =     0.816834 mb/sr,
    90.00 deg.: X-S =     0.777117 mb/sr,
    91.00 deg.: X-S =     0.735250 mb/sr,
    92.00 deg.: X-S =     0.691789 mb/sr,
    93.00 deg.: X-S =     0.647284 mb/sr,
    94.00 deg.: X-S =     0.602265 mb/sr,
    95.00 deg.: X-S =     0.557238 mb/sr,
    96.00 deg.: X-S =     0.512677 mb/sr,
    97.00 deg.: X-S =     0.469012 mb/sr,
    98.00 deg.: X-S =     0.426628 mb/sr,
    99.00 deg.: X-S =     0.385856 mb/sr,
   100.00 deg.: X-S =     0.346976 mb/sr,
   101.00 deg.: X-S =     0.310220 mb/sr,
   102.00 deg.: X-S =     0.275768 mb/sr,
   103.00 deg.: X-S =     0.243758 mb/sr,
   104.00 deg.: X-S =     0.214277 mb/sr,
   105.00 deg.: X-S =     0.187374 mb/sr,
   106.00 deg.: X-S =     0.163054 mb/sr,
   107.00 deg.: X-S =     0.141286 mb/sr,
   108.00 deg.: X-S =     0.122008 mb/sr,
   109.00 deg.: X-S =     0.105132 mb/sr,
   110.00 deg.: X-S =     0.090547 mb/sr,
   111.00 deg.: X-S =     0.078126 mb/sr,
   112.00 deg.: X-S =     0.067727 mb/sr,
   113.00 deg.: X-S =     0.059195 mb/sr,
   114.00 deg.: X-S =     0.052370 mb/sr,
   115.00 deg.: X-S =     0.047083 mb/sr,
   116.00 deg.: X-S =     0.043169 mb/sr,
   117.00 deg.: X-S =     0.040461 mb/sr,
   118.00 deg.: X-S =     0.038799 mb/sr,
   119.00 deg.: X-S =     0.038029 mb/sr,
   120.00 deg.: X-S =     0.038004 mb/sr,
   121.00 deg.: X-S =     0.038586 mb/sr,
   122.00 deg.: X-S =     0.039643 mb/sr,
   123.00 deg.: X-S =     0.041057 mb/sr,
   124.00 deg.: X-S =     0.042716 mb/sr,
   125.00 deg.: X-S =     0.044524 mb/sr,
   126.00 deg.: X-S =     0.046397 mb/sr,
   127.00 deg.: X-S =     0.048259 mb/sr,
   128.00 deg.: X-S =     0.050047 mb/sr,
   129.00 deg.: X-S =     0.051705 mb/sr,
   130.00 deg.: X-S =     0.053187 mb/sr,
   131.00 deg.: X-S =     0.054455 mb/sr,
   132.00 deg.: X-S =     0.055483 mb/sr,
   133.00 deg.: X-S =     0.056252 mb/sr,
   134.00 deg.: X-S =     0.056751 mb/sr,
   135.00 deg.: X-S =     0.056974 mb/sr,
   136.00 deg.: X-S =     0.056922 mb/sr,
   137.00 deg.: X-S =     0.056596 mb/sr,
   138.00 deg.: X-S =     0.056006 mb/sr,
   139.00 deg.: X-S =     0.055163 mb/sr,
   140.00 deg.: X-S =     0.054084 mb/sr,
   141.00 deg.: X-S =     0.052786 mb/sr,
   142.00 deg.: X-S =     0.051291 mb/sr,
   143.00 deg.: X-S =     0.049621 mb/sr,
   144.00 deg.: X-S =     0.047796 mb/sr,
   145.00 deg.: X-S =     0.045838 mb/sr,
   146.00 deg.: X-S =     0.043772 mb/sr,
   147.00 deg.: X-S =     0.041619 mb/sr,
   148.00 deg.: X-S =     0.039403 mb/sr,
   149.00 deg.: X-S =     0.037146 mb/sr,
   150.00 deg.: X-S =     0.034870 mb/sr,
   151.00 deg.: X-S =     0.032592 mb/sr,
   152.00 deg.: X-S =     0.030332 mb/sr,
   153.00 deg.: X-S =     0.028105 mb/sr,
   154.00 deg.: X-S =     0.025926 mb/sr,
   155.00 deg.: X-S =     0.023810 mb/sr,
   156.00 deg.: X-S =     0.021770 mb/sr,
   157.00 deg.: X-S =     0.019814 mb/sr,
   158.00 deg.: X-S =     0.017951 mb/sr,
   159.00 deg.: X-S =     0.016189 mb/sr,
   160.00 deg.: X-S =     0.014531 mb/sr,
   161.00 deg.: X-S =     0.012981 mb/sr,
   162.00 deg.: X-S =     0.011541 mb/sr,
   163.00 deg.: X-S =     0.010213 mb/sr,
   164.00 deg.: X-S =     0.008995 mb/sr,
   165.00 deg.: X-S =     0.007885 mb/sr,
   166.00 deg.: X-S =     0.006881 mb/sr,
   167.00 deg.: X-S =     0.005979 mb/sr,
   168.00 deg.: X-S =     0.005173 mb/sr,
   169.00 deg.: X-S =     0.004460 mb/sr,
   170.00 deg.: X-S =     0.003834 mb/sr,
   171.00 deg.: X-S =     0.003290 mb/sr,
   172.00 deg.: X-S =     0.002822 mb/sr,
   173.00 deg.: X-S =     0.002424 mb/sr,
   174.00 deg.: X-S =     0.002090 mb/sr,
   175.00 deg.: X-S =     0.001817 mb/sr,
   176.00 deg.: X-S =     0.001600 mb/sr,
   177.00 deg.: X-S =     0.001435 mb/sr,
   178.00 deg.: X-S =     0.001320 mb/sr,
   179.00 deg.: X-S =     0.001252 mb/sr,
   180.00 deg.: X-S =     0.001230 mb/sr,
                                           Integrated   19.7619 mb, over [   0.000, 180.000] at    35.0000 MeV 
 Finished all xsecs @   0.321030974    

  The following files have been created:
   3:local copy of User input.            6:standard output.                   
   7:elastic  S-matrix elements.         13:total cross sections/state.        
  16:tables of cross sections.           35:Astrophysics S-factors  / Ecm.     
  38:cross sections for each J/pi.       39:cross sections for each Ecm.       
  40:all cross sectns. for each Elab.    45:scat phase shift as E functions.   
  56:Fusion for each Jtotal.             75:S-factors for lab energies.        
 201:Separate cross sections.           202:Separate cross sections.           

 PARAMETERS : MAXQRN   MFNL   MLOC  LMAX1 MCLIST
    ALLOWED :      1     64      9     70     15
    REQUIRED:      0      0      9     55      5


 ACCURACY ANALYSIS at    35.000 MeV :

  Elastic h*k = 0.037 so OK       compared with 0.200

   Real(S-el) > 0.01 first at J =       0.5
   Real(S-el) > 0.10 first at J =       0.5
   Real(S-el) > 0.50 first at J =       5.5
   Real(S-el) > 0.90 first at J =       6.5
   Real(S-el) > 0.99 first at J =       8.5
   R-turn =    41.01 fm    at J =      50.5

 Forward-angle excitation cut off below   0.480 deg by max JT =      50.5
                              and below   0.330 deg by max R.

 Total CPU  0 time =       0.32 seconds
