 FRESCO - FRES 3.4: Coupled Reaction Channels
 Assuming NAMELIST input.

 p+O20 with CH89;                                                                

   0.030  60.000   0.500   0.000   0.000   0.000   0.000   0.000   0.000   0.000

 Centre-of-mass Range is   2002 * 0.0300 fm., Maximum at  60.00 fm., Interpolating NL forms every  0.51 fm.
 Non - locality width is      4 * 0.0300 fm., Maximum of   0.09 fm., Centred at  0.00 fm.
 2-Nucleon Separation of      0 * 0.5100 fm., Maximum of   0.00 fm., Minimum at  0.00 fm.
 Maximum single particle bins of 59.6700 fm.
               M,Mint =         2001        1990


 Range of total J is     0.0 <= J <=    50.0 (at least     0.0) and Absorbtion =>     0.0010 mb.
 Dry Run = F, CC set limits =  0  0, Relativistic kinematics =  , Both/Far/Near Analyses =  1                     

 Cross Sections (and up to T0 for 0=projectile) for Theta from   3.0 to-180.0 in steps of  1.0 degrees, DGAM=0,  Coordinates = 0 (Mads)

 Lower Radial Cutoff = maximum of -1.60*L*h &       0.0 fm.,  Lower Cutoff for Couplings =   0.0  fm.


 Iterate Couplings between   0 and   0 times, to  0.000 % if sooner.                                          
  Block solved exactly =   0 chs., with Pade = 0 & Isocen =  =0, NOSOL = F, initwf =  0
  NL quadrature with   18 Gaussian points, Calculate multipoles up to    56 from   0
  M-transfers for lp+lt greater than or equal to  6, Angular Integration Cutoff below  2.7778 %


 Trace switches are :  CHANS =  1, LISTCC =  0, TRENEG =  0, CDETR =  0, SMATS =  2, XSTABL =  1, NLPL =  0

                       WAVES =  0, LAMPL =  0, VEFF =  0, KFUS =  0, WDISK =  0, BPM =  0, MELFIL =  0

                       CDCC =  0, NFUS =  0

 Using unit mass = 1.000000 amu and 1/fine-structure constant = 137.03599 ( 1.000000 * true ) with hc = 197.32705 MeV.fm,
  thus 2*amu/hbar^2 = 0.0478450 = 1/20.9008 and Coulomb constant = 0.1574855 so e^2 = 1.43997, and nuclear magneton= 0.1261183

 Now pre-scan input and save to file 3



 *********** PARTITION NUMBER  1 ******************************************************************************************

   PROJ=p          MASS=  1.0073 Z=   1.0,        # STATES=    1T, TARG=O20      MASS= 19.9997 Z=   8.0,     Q-VALUE =  -0.0000 MEV.

     1:  J= 0.5+ (B# 1), E=  0.0000, K= 0.5              Potl#  1       J= 0.0+ (B# 1), E=  0.0000, K= 0.0    


 ************************************************************************************************************************************

 The following POTENTIALS are defined :

  KP#       TYPE      IT    SHAPE      at     V1        r1        a1        V2        r2        a2        A-in     A-used


                                            A#1       A#2        r0c       ac                                                h @ 1
    1    0=Coulomb       0=CHARGE (WS)  1    20.000     0.000    1.2842    0.0000    0.0000    0.0000     0.000    20.000   0.03000

    1    1=Volume        0=Woods-Saxon  2   57.8009    1.1671    0.6900    2.9062    1.1753    0.6900     0.000    20.000

    1    2=Surface       0=Woods-Saxon  3    0.0000    0.0000    0.0000    6.1673    1.1753    0.6900     0.000    20.000

    1    3=Projtl S.O.   0=Woods-Saxon  4    5.9000    0.8979    0.6300    0.0000    0.0000    0.0000     0.000    20.000

 Incoming partition  1 in excitation state # 1,   Laboratory Energy given for partition  1 Nucleus 1 in Excitation pair 1

0Lab. ENERGY ranges :

   from    35.0000     to   0.00000     in     0 intervals
   from    0.00000     to   0.00000     in     0 intervals
   from    0.00000     to   0.00000     in     0 intervals

 Largest real,imaginary parts of any form factor at R=   59.52 are   2.42E-02  6.61E-32 MeV
 Finished all Couplings @    4.63000033E-04           4

 Symmetric Hamiltonian
1***********************************************************************************************************************************
************************************************************************************************************************************

        INCOMING p        ;    LABORATORY p        ENERGY =   35.000     MeV.

 ***********************************************************************************************************************************
 ***********************************************************************************************************************************

 Allocate arrays for            2  channels, of which            1  need wfs.

 ######################################################################################################################
 #                                                                                                                    #
 # Total SPIN and PARITY =     0.5 +,      1 channels,    0 in 1st block.  Rmin & Coul turning =    0.0    0.3 fm.  #
 #                                                                                                                    #
 ######################################################################################################################



    C Projectl Target   #   EX.   (L  Proj) J  + Targ = Jtotal     E-cm      Re K     Re Eta     RM*K            CH
    1 p        O20      #    1: I   0 0.5    0.5  0.0     0.5    33.32176   1.23648   0.21373   74.1887   0.33920  -0.36833 1 1 1   1
   S-matrix    1 =    0.48199  -0.04383 for L=    0, J=    0.5 channel on core I =   0.0 from L=    0,  Acc. loss =  0.0 D.
 Elastic phase shift   1 =   -2.598  20.790 deg. for the L =    0, J =    0.5 channel.
       0.5  0.48198782 -0.04383064i: elastic S-matrix  @@      0.00  0   0 F  0
 Reaction Xsec     0.5+/ 0 @ 1 =  15.735 , Out:   0.000#


 Total SPIN, PARITY =     0.5 -,      1 chs,      0 cc.  Rmin & Coul turning =    0.0    0.3
   S-matrix    1 =    0.26441  -0.38995 for L=    1, J=    0.5 channel on core I =   0.0 from L=    1,  Acc. loss =  0.0 D.
 Elastic phase shift   1 =  -27.930  21.561 deg. for the L =    1, J =    0.5 channel.
       0.5  0.26440604 -0.38994631i: elastic S-matrix  @@      0.00  0   0 F  0
 Reaction Xsec     0.5-/ 1 @ 1 =  15.987 , Out:   0.000#


 Total SPIN, PARITY =     1.5 +,      1 chs,      0 cc.  Rmin & Coul turning =    0.0    1.3
   S-matrix    1 =   -0.13235  -0.42365 for L=    2, J=    1.5 channel on core I =   0.0 from L=    2,  Acc. loss =  0.0 D.
 Elastic phase shift   1 =  -53.675  23.270 deg. for the L =    2, J =    1.5 channel.
       1.5 -0.13235134 -0.42364725i: elastic S-matrix  @@      0.00  0   0 F  0
 Reaction Xsec     1.5+/ 2 @ 1 =  33.001 , Out:   0.000#


 Total SPIN, PARITY =     1.5 -,      1 chs,      0 cc.  Rmin & Coul turning =    0.0    1.3
   S-matrix    1 =    0.42176  -0.24143 for L=    1, J=    1.5 channel on core I =   0.0 from L=    1,  Acc. loss =  0.0 D.
 Elastic phase shift   1 =  -14.894  20.672 deg. for the L =    1, J =    1.5 channel.
       1.5  0.42176467 -0.24142829i: elastic S-matrix  @@      0.00  0   0 F  0
 Reaction Xsec     1.5-/ 1 @ 1 =  31.391 , Out:   0.000#


 Total SPIN, PARITY =     2.5 +,      1 chs,      0 cc.  Rmin & Coul turning =    0.1    2.2
   S-matrix    1 =    0.22384  -0.39018 for L=    2, J=    2.5 channel on core I =   0.0 from L=    2,  Acc. loss =  0.0 D.
 Elastic phase shift   1 =  -30.079  22.887 deg. for the L =    2, J =    2.5 channel.
       2.5  0.22383808 -0.39017737i: elastic S-matrix  @@      0.00  0   0 F  0
 Reaction Xsec     2.5+/ 2 @ 1 =  49.172 , Out:   0.000#


 Total SPIN, PARITY =     2.5 -,      1 chs,      0 cc.  Rmin & Coul turning =    0.1    2.2
   S-matrix    1 =   -0.39085  -0.16180 for L=    3, J=    2.5 channel on core I =   0.0 from L=    3,  Acc. loss =  0.0 D.
 Elastic phase shift   1 =  -78.756  24.647 deg. for the L =    3, J =    2.5 channel.
       2.5 -0.39085179 -0.16179762i: elastic S-matrix  @@      0.00  0   0 F  0
 Reaction Xsec     2.5-/ 3 @ 1 =  50.614 , Out:   0.000#


 Total SPIN, PARITY =     3.5 +,      1 chs,      0 cc.  Rmin & Coul turning =    0.1    3.0
   S-matrix    1 =   -0.13805   0.26461 for L=    4, J=    3.5 channel on core I =   0.0 from L=    4,  Acc. loss =  0.0 D.
 Elastic phase shift   1 =   58.776  34.639 deg. for the L =    4, J =    3.5 channel.
       3.5 -0.13805040  0.26461389i: elastic S-matrix  @@      0.00  0   0 F  0
 Reaction Xsec     3.5+/ 4 @ 1 =  74.872 , Out:   0.000#


 Total SPIN, PARITY =     3.5 -,      1 chs,      0 cc.  Rmin & Coul turning =    0.1    3.0
   S-matrix    1 =   -0.06979  -0.46953 for L=    3, J=    3.5 channel on core I =   0.0 from L=    3,  Acc. loss =  0.0 D.
 Elastic phase shift   1 =  -49.227  21.346 deg. for the L =    3, J =    3.5 channel.
       3.5 -0.06978950 -0.46952689i: elastic S-matrix  @@      0.00  0   0 F  0
 Reaction Xsec     3.5-/ 3 @ 1 =  63.673 , Out:   0.000#


 Total SPIN, PARITY =     4.5 +,      1 chs,      0 cc.  Rmin & Coul turning =    0.2    3.8
   S-matrix    1 =   -0.27812  -0.14805 for L=    4, J=    4.5 channel on core I =   0.0 from L=    4,  Acc. loss =  0.0 D.
 Elastic phase shift   1 =  -75.986  33.087 deg. for the L =    4, J =    4.5 channel.
       4.5 -0.27812255 -0.14805214i: elastic S-matrix  @@      0.00  0   0 F  0
 Reaction Xsec     4.5+/ 4 @ 1 =  92.542 , Out:   0.000#


 Total SPIN, PARITY =     4.5 -,      1 chs,      0 cc.  Rmin & Coul turning =    0.2    3.8
   S-matrix    1 =    0.48351   0.37531 for L=    5, J=    4.5 channel on core I =   0.0 from L=    5,  Acc. loss =  0.0 D.
 Elastic phase shift   1 =   18.910  14.063 deg. for the L =    5, J =    4.5 channel.
       4.5  0.48351476  0.37531221i: elastic S-matrix  @@      0.00  0   0 F  0
 Reaction Xsec     4.5-/ 5 @ 1 =  64.250 , Out:   0.000#


 Total SPIN, PARITY =     5.5 +,      1 chs,      0 cc.  Rmin & Coul turning =    0.2    4.6
   S-matrix    1 =    0.83933   0.19666 for L=    6, J=    5.5 channel on core I =   0.0 from L=    6,  Acc. loss =  0.0 D.
 Elastic phase shift   1 =    6.593   4.252 deg. for the L =    6, J =    5.5 channel.
       5.5  0.83933219  0.19666211i: elastic S-matrix  @@      0.00  0   0 F  0
 Reaction Xsec     5.5+/ 6 @ 1 =  31.666 , Out:   0.000#


 Total SPIN, PARITY =     5.5 -,      1 chs,      0 cc.  Rmin & Coul turning =    0.2    4.6
   S-matrix    1 =    0.24488   0.40055 for L=    5, J=    5.5 channel on core I =   0.0 from L=    5,  Acc. loss =  0.0 D.
 Elastic phase shift   1 =   29.280  21.662 deg. for the L =    5, J =    5.5 channel.
       5.5  0.24487644  0.40054678i: elastic S-matrix  @@      0.00  0   0 F  0
 Reaction Xsec     5.5-/ 5 @ 1 =  96.117 , Out:   0.000#


 Total SPIN, PARITY =     6.5 +,      1 chs,      0 cc.  Rmin & Coul turning =    0.3    5.4
   S-matrix    1 =    0.79951   0.25544 for L=    6, J=    6.5 channel on core I =   0.0 from L=    6,  Acc. loss =  0.0 D.
 Elastic phase shift   1 =    8.859   5.018 deg. for the L =    6, J =    6.5 channel.
       6.5  0.79951454  0.25544449i: elastic S-matrix  @@      0.00  0   0 F  0
 Reaction Xsec     6.5+/ 6 @ 1 =  42.508 , Out:   0.000#


 Total SPIN, PARITY =     6.5 -,      1 chs,      0 cc.  Rmin & Coul turning =    0.3    5.4
   S-matrix    1 =    0.95090   0.07657 for L=    7, J=    6.5 channel on core I =   0.0 from L=    7,  Acc. loss =  0.0 D.
 Elastic phase shift   1 =    2.302   1.350 deg. for the L =    7, J =    6.5 channel.
       6.5  0.95089921  0.07657379i: elastic S-matrix  @@      0.00  0   0 F  0
 Reaction Xsec     6.5-/ 7 @ 1 =  12.935 , Out:   0.000#


 Total SPIN, PARITY =     7.5 +,      1 chs,      0 cc.  Rmin & Coul turning =    0.3    6.2
   S-matrix    1 =    0.98413   0.02753 for L=    8, J=    7.5 channel on core I =   0.0 from L=    8,  Acc. loss =  0.0 D.
 Elastic phase shift   1 =    0.801   0.447 deg. for the L =    8, J =    7.5 channel.
       7.5  0.98412801  0.02753159i: elastic S-matrix  @@      0.00  0   0 F  0
 Reaction Xsec     7.5+/ 8 @ 1 =   5.052 , Out:   0.000#


 Total SPIN, PARITY =     7.5 -,      1 chs,      0 cc.  Rmin & Coul turning =    0.3    6.2
   S-matrix    1 =    0.94642   0.09554 for L=    7, J=    7.5 channel on core I =   0.0 from L=    7,  Acc. loss =  0.0 D.
 Elastic phase shift   1 =    2.882   1.432 deg. for the L =    7, J =    7.5 channel.
       7.5  0.94641864  0.09554264i: elastic S-matrix  @@      0.00  0   0 F  0
 Reaction Xsec     7.5-/ 7 @ 1 =  15.644 , Out:   0.000#


 Total SPIN, PARITY =     8.5 +,      1 chs,      0 cc.  Rmin & Coul turning =    0.4    7.0
   S-matrix    1 =    0.98362   0.03317 for L=    8, J=    8.5 channel on core I =   0.0 from L=    8,  Acc. loss =  0.0 D.
 Elastic phase shift   1 =    0.966   0.457 deg. for the L =    8, J =    8.5 channel.
       8.5  0.98361525  0.03317089i: elastic S-matrix  @@      0.00  0   0 F  0
 Reaction Xsec     8.5+/ 8 @ 1 =   5.807 , Out:   0.000#


 Total SPIN, PARITY =     8.5 -,      1 chs,      0 cc.  Rmin & Coul turning =    0.4    7.0
   S-matrix    1 =    0.99469   0.00965 for L=    9, J=    8.5 channel on core I =   0.0 from L=    9,  Acc. loss =  0.0 D.
 Elastic phase shift   1 =    0.278   0.151 deg. for the L =    9, J =    8.5 channel.
       8.5  0.99469186  0.00965167i: elastic S-matrix  @@      0.00  0   0 F  0
 Reaction Xsec     8.5-/ 9 @ 1 =   1.941 , Out:   0.000#


 Total SPIN, PARITY =     9.5 +,      1 chs,      0 cc.  Rmin & Coul turning =    0.4    7.8
   S-matrix    1 =    0.99820   0.00335 for L=   10, J=    9.5 channel on core I =   0.0 from L=   10,  Acc. loss =  0.0 D.
 Elastic phase shift   1 =    0.096   0.051 deg. for the L =   10, J =    9.5 channel.
       9.5  0.99820036  0.00334761i: elastic S-matrix  @@      0.00  0   0 F  0
 Reaction Xsec     9.5+/10 @ 1 =   0.737 , Out:   0.000#


 Total SPIN, PARITY =     9.5 -,      1 chs,      0 cc.  Rmin & Coul turning =    0.4    7.8
   S-matrix    1 =    0.99463   0.01136 for L=    9, J=    9.5 channel on core I =   0.0 from L=    9,  Acc. loss =  0.0 D.
 Elastic phase shift   1 =    0.327   0.152 deg. for the L =    9, J =    9.5 channel.
       9.5  0.99463081  0.01136246i: elastic S-matrix  @@      0.00  0   0 F  0
 Reaction Xsec     9.5-/ 9 @ 1 =   2.174 , Out:   0.000#


 Total SPIN, PARITY =    10.5 +,      1 chs,      0 cc.  Rmin & Coul turning =    0.5    8.7
   S-matrix    1 =    0.99819   0.00387 for L=   10, J=   10.5 channel on core I =   0.0 from L=   10,  Acc. loss =  0.0 D.
 Elastic phase shift   1 =    0.111   0.052 deg. for the L =   10, J =   10.5 channel.
      10.5  0.99819292  0.00387475i: elastic S-matrix  @@      0.00  0   0 F  0
 Reaction Xsec    10.5+/10 @ 1 =   0.813 , Out:   0.000#


 Total SPIN, PARITY =    10.5 -,      1 chs,      0 cc.  Rmin & Coul turning =    0.5    8.7
   S-matrix    1 =    0.99939   0.00115 for L=   11, J=   10.5 channel on core I =   0.0 from L=   11,  Acc. loss =  0.0 D.
 Elastic phase shift   1 =    0.033   0.018 deg. for the L =   11, J =   10.5 channel.
      10.5  0.99938751  0.00115409i: elastic S-matrix  @@      0.00  0   0 F  0
 Reaction Xsec    10.5-/11 @ 1 =   0.276 , Out:   0.000#


 Total SPIN, PARITY =    11.5 +,      1 chs,      0 cc.  Rmin & Coul turning =    0.5    9.5
   S-matrix    1 =    0.99979   0.00040 for L=   12, J=   11.5 channel on core I =   0.0 from L=   12,  Acc. loss =  0.0 D.
 Elastic phase shift   1 =    0.011   0.006 deg. for the L =   12, J =   11.5 channel.
      11.5  0.99979156  0.00039618i: elastic S-matrix  @@      0.00  0   0 F  0
 Reaction Xsec    11.5+/12 @ 1 =   0.103 , Out:   0.000#


 Total SPIN, PARITY =    11.5 -,      1 chs,      0 cc.  Rmin & Coul turning =    0.5    9.5
   S-matrix    1 =    0.99939   0.00132 for L=   11, J=   11.5 channel on core I =   0.0 from L=   11,  Acc. loss =  0.0 D.
 Elastic phase shift   1 =    0.038   0.018 deg. for the L =   11, J =   11.5 channel.
      11.5  0.99938659  0.00131753i: elastic S-matrix  @@      0.00  0   0 F  0
 Reaction Xsec    11.5-/11 @ 1 =   0.302 , Out:   0.000#


 Total SPIN, PARITY =    12.5 +,      1 chs,      0 cc.  Rmin & Coul turning =    0.6   10.3
   S-matrix    1 =    0.99979   0.00045 for L=   12, J=   12.5 channel on core I =   0.0 from L=   12,  Acc. loss =  0.0 D.
 Elastic phase shift   1 =    0.013   0.006 deg. for the L =   12, J =   12.5 channel.
      12.5  0.99979145  0.00044691i: elastic S-matrix  @@      0.00  0   0 F  0
 Reaction Xsec    12.5+/12 @ 1 =   0.111 , Out:   0.000#


 Total SPIN, PARITY =    12.5 -,      1 chs,      0 cc.  Rmin & Coul turning =    0.6   10.3
   S-matrix    1 =    0.99993   0.00014 for L=   13, J=   12.5 channel on core I =   0.0 from L=   13,  Acc. loss =  0.0 D.
 Elastic phase shift   1 =    0.004   0.002 deg. for the L =   13, J =   12.5 channel.
      12.5  0.99992917  0.00013554i: elastic S-matrix  @@      0.00  0   0 F  0
 Reaction Xsec    12.5-/13 @ 1 =   0.038 , Out:   0.000#


 Total SPIN, PARITY =    13.5 +,      1 chs,      0 cc.  Rmin & Coul turning =    0.6   11.1
   S-matrix    1 =    0.99998   0.00005 for L=   14, J=   13.5 channel on core I =   0.0 from L=   14,  Acc. loss =  0.0 D.
 Elastic phase shift   1 =    0.001   0.001 deg. for the L =   14, J =   13.5 channel.
      13.5  0.99997597  0.00004624i: elastic S-matrix  @@      0.00  0   0 F  0
 Reaction Xsec    13.5+/14 @ 1 =   0.014 , Out:   0.000#


 Total SPIN, PARITY =    13.5 -,      1 chs,      0 cc.  Rmin & Coul turning =    0.6   11.1
   S-matrix    1 =    0.99993   0.00015 for L=   13, J=   13.5 channel on core I =   0.0 from L=   13,  Acc. loss =  0.0 D.
 Elastic phase shift   1 =    0.004   0.002 deg. for the L =   13, J =   13.5 channel.
      13.5  0.99992915  0.00015127i: elastic S-matrix  @@      0.00  0   0 F  0
 Reaction Xsec    13.5-/13 @ 1 =   0.041 , Out:   0.000#


 Total SPIN, PARITY =    14.5 +,      1 chs,      0 cc.  Rmin & Coul turning =    0.7   11.9
   S-matrix    1 =    0.99998   0.00005 for L=   14, J=   14.5 channel on core I =   0.0 from L=   14,  Acc. loss =  0.0 D.
 Elastic phase shift   1 =    0.001   0.001 deg. for the L =   14, J =   14.5 channel.
      14.5  0.99997597  0.00005110i: elastic S-matrix  @@      0.00  0   0 F  0
 Reaction Xsec    14.5+/14 @ 1 =   0.015 , Out:   0.000#


 Total SPIN, PARITY =    14.5 -,      1 chs,      0 cc.  Rmin & Coul turning =    0.7   11.9
   S-matrix    1 =    0.99999   0.00002 for L=   15, J=   14.5 channel on core I =   0.0 from L=   15,  Acc. loss =  0.0 D.
 Elastic phase shift   1 =    0.000   0.000 deg. for the L =   15, J =   14.5 channel.
      14.5  0.99999187  0.00001573i: elastic S-matrix  @@      0.00  0   0 F  0
 Reaction Xsec    14.5-/15 @ 1 =   5.014/, Out:   0.000#


 Total SPIN, PARITY =    15.5 +,      1 chs,      0 cc.  Rmin & Coul turning =    0.7   12.7
   S-matrix    1 =    1.00000   0.00001 for L=   16, J=   15.5 channel on core I =   0.0 from L=   16,  Acc. loss =  0.0 D.
 Elastic phase shift   1 =    0.000   0.000 deg. for the L =   16, J =   15.5 channel.
      15.5  0.99999725  0.00000534i: elastic S-matrix  @@      0.00  0   0 F  0
 Reaction Xsec    15.5+/16 @ 1 =   1.808/, Out:   0.000#


 Total SPIN, PARITY =    15.5 -,      1 chs,      0 cc.  Rmin & Coul turning =    0.7   12.7
   S-matrix    1 =    0.99999   0.00002 for L=   15, J=   15.5 channel on core I =   0.0 from L=   15,  Acc. loss =  0.0 D.
 Elastic phase shift   1 =    0.000   0.000 deg. for the L =   15, J =   15.5 channel.
      15.5  0.99999187  0.00001724i: elastic S-matrix  @@      0.00  0   0 F  0
 Reaction Xsec    15.5-/15 @ 1 =   5.349/, Out:   0.000#


 Total SPIN, PARITY =    16.5 +,      1 chs,      0 cc.  Rmin & Coul turning =    0.8   13.5
   S-matrix    1 =    1.00000   0.00001 for L=   16, J=   16.5 channel on core I =   0.0 from L=   16,  Acc. loss =  0.0 D.
 Elastic phase shift   1 =    0.000   0.000 deg. for the L =   16, J =   16.5 channel.
      16.5  0.99999725  0.00000581i: elastic S-matrix  @@      0.00  0   0 F  0
 Reaction Xsec    16.5+/16 @ 1 =   1.921/, Out:   0.000#


 Total SPIN, PARITY =    16.5 -,      1 chs,      0 cc.  Rmin & Coul turning =    0.8   13.5
   S-matrix    1 =    1.00000   0.00000 for L=   17, J=   16.5 channel on core I =   0.0 from L=   17,  Acc. loss =  0.0 D.
 Elastic phase shift   1 =    0.000   0.000 deg. for the L =   17, J =   16.5 channel.
      16.5  0.99999907  0.00000181i: elastic S-matrix  @@      0.00  0   0 F  0
 Reaction Xsec    16.5-/17 @ 1 =   0.648/, Out:   0.000#


 Total SPIN, PARITY =    17.5 +,      1 chs,      0 cc.  Rmin & Coul turning =    0.8   14.3
   S-matrix    1 =    1.00000   0.00000 for L=   18, J=   17.5 channel on core I =   0.0 from L=   18,  Acc. loss =  0.0 D.
 Elastic phase shift   1 =    0.000   0.000 deg. for the L =   18, J =   17.5 channel.
      17.5  0.99999969  0.00000061i: elastic S-matrix  @@      0.00  0   0 F  0
 Reaction Xsec    17.5+/18 @ 1 =   0.231/, Out:   0.000#


 Total SPIN, PARITY =    17.5 -,      1 chs,      0 cc.  Rmin & Coul turning =    0.8   14.3
   S-matrix    1 =    1.00000   0.00000 for L=   17, J=   17.5 channel on core I =   0.0 from L=   17,  Acc. loss =  0.0 D.
 Elastic phase shift   1 =    0.000   0.000 deg. for the L =   17, J =   17.5 channel.
      17.5  0.99999907  0.00000195i: elastic S-matrix  @@      0.00  0   0 F  0
 Reaction Xsec    17.5-/17 @ 1 =   0.686/, Out:   0.000#

 Finished all CC sets @    4.30000015E-03
0CUMULATIVE REACTION cross section                 =  707.54492  <L> =     4.08  <L**2> =     19.9
0CUMULATIVE outgoing cross sections in partition 1 :    0.00000
0Cumulative ABSORBTION by Imaginary Potentials     =  707.54492  <L> =     4.08  <L**2> =     19.9
   Fusion for specific p        M-states :  707.544920  707.544920
0CUMULATIVE OUTGOING cross section                 =    0.00000
 To convert to S-factors (MeV.mb = keV.b),  multiply by  1.2763E+02


 CROSS SECTIONS FOR OUTGOING p        & O20      in state #   1 with spins & parities 0.5  + &  0.0  +;  0

     3.00 deg.: X-S =   1.3213E+05 mb/sr,
+                                         /R =   8.3053E-01
     4.00 deg.: X-S =   3.8382E+04 mb/sr,
+                                         /R =   7.6224E-01
     5.00 deg.: X-S =   1.4988E+04 mb/sr,
+                                         /R =   7.2637E-01
     6.00 deg.: X-S =  7421.137926 mb/sr,
+                                         /R =   7.4535E-01
     7.00 deg.: X-S =  4517.848813 mb/sr,
+                                         /R =   8.4009E-01
     8.00 deg.: X-S =  3244.740030 mb/sr,
+                                         /R =   1.0285E+00
     9.00 deg.: X-S =  2610.223888 mb/sr,
+                                         /R =   1.3242E+00
    10.00 deg.: X-S =  2245.946100 mb/sr,
+                                         /R =   1.7349E+00
    11.00 deg.: X-S =  2002.134322 mb/sr,
+                                         /R =   2.2619E+00
    12.00 deg.: X-S =  1814.031423 mb/sr,
+                                         /R =   2.8992E+00
    13.00 deg.: X-S =  1652.644580 mb/sr,
+                                         /R =   3.6333E+00
    14.00 deg.: X-S =  1504.940305 mb/sr,
+                                         /R =   4.4442E+00
    15.00 deg.: X-S =  1365.308006 mb/sr,
+                                         /R =   5.3053E+00
    16.00 deg.: X-S =  1231.667060 mb/sr,
+                                         /R =   6.1860E+00
    17.00 deg.: X-S =  1103.607953 mb/sr,
+                                         /R =   7.0520E+00
    18.00 deg.: X-S =   981.471569 mb/sr,
+                                         /R =   7.8686E+00
    19.00 deg.: X-S =   865.880846 mb/sr,
+                                         /R =   8.6018E+00
    20.00 deg.: X-S =   757.499417 mb/sr,
+                                         /R =   9.2205E+00
    21.00 deg.: X-S =   656.908373 mb/sr,
+                                         /R =   9.6990E+00
    22.00 deg.: X-S =   564.546697 mb/sr,
+                                         /R =   1.0018E+01
    23.00 deg.: X-S =   480.687155 mb/sr,
+                                         /R =   1.0167E+01
    24.00 deg.: X-S =   405.432533 mb/sr,
+                                         /R =   1.0142E+01
    25.00 deg.: X-S =   338.723803 mb/sr,
+                                         /R =   9.9514E+00
    26.00 deg.: X-S =   280.355311 mb/sr,
+                                         /R =   9.6107E+00
    27.00 deg.: X-S =   229.993975 mb/sr,
+                                         /R =   9.1443E+00
    28.00 deg.: X-S =   187.200533 mb/sr,
+                                         /R =   8.5842E+00
    29.00 deg.: X-S =   151.451501 mb/sr,
+                                         /R =   7.9683E+00
    30.00 deg.: X-S =   122.160874 mb/sr,
+                                         /R =   7.3385E+00
    31.00 deg.: X-S =    98.700873 mb/sr,
+                                         /R =   6.7392E+00
    32.00 deg.: X-S =    80.421196 mb/sr,
+                                         /R =   6.2146E+00
    33.00 deg.: X-S =    66.666418 mb/sr,
+                                         /R =   5.8072E+00
    34.00 deg.: X-S =    56.791272 mb/sr,
+                                         /R =   5.5554E+00
    35.00 deg.: X-S =    50.173671 mb/sr,
+                                         /R =   5.4921E+00
    36.00 deg.: X-S =    46.225404 mb/sr,
+                                         /R =   5.6429E+00
    37.00 deg.: X-S =    44.400539 mb/sr,
+                                         /R =   6.0254E+00
    38.00 deg.: X-S =    44.201601 mb/sr,
+                                         /R =   6.6481E+00
    39.00 deg.: X-S =    45.183685 mb/sr,
+                                         /R =   7.5103E+00
    40.00 deg.: X-S =    46.956657 mb/sr,
+                                         /R =   8.6019E+00
    41.00 deg.: X-S =    49.185680 mb/sr,
+                                         /R =   9.9045E+00
    42.00 deg.: X-S =    51.590268 mb/sr,
+                                         /R =   1.1391E+01
    43.00 deg.: X-S =    53.942127 mb/sr,
+                                         /R =   1.3029E+01
    44.00 deg.: X-S =    56.062005 mb/sr,
+                                         /R =   1.4780E+01
    45.00 deg.: X-S =    57.815788 mb/sr,
+                                         /R =   1.6600E+01
    46.00 deg.: X-S =    59.110058 mb/sr,
+                                         /R =   1.8444E+01
    47.00 deg.: X-S =    59.887327 mb/sr,
+                                         /R =   2.0269E+01
    48.00 deg.: X-S =    60.121097 mb/sr,
+                                         /R =   2.2028E+01
    49.00 deg.: X-S =    59.810935 mb/sr,
+                                         /R =   2.3680E+01
    50.00 deg.: X-S =    58.977675 mb/sr,
+                                         /R =   2.5187E+01
    51.00 deg.: X-S =    57.658859 mb/sr,
+                                         /R =   2.6515E+01
    52.00 deg.: X-S =    55.904508 mb/sr,
+                                         /R =   2.7638E+01
    53.00 deg.: X-S =    53.773276 mb/sr,
+                                         /R =   2.8534E+01
    54.00 deg.: X-S =    51.329029 mb/sr,
+                                         /R =   2.9191E+01
    55.00 deg.: X-S =    48.637877 mb/sr,
+                                         /R =   2.9600E+01
    56.00 deg.: X-S =    45.765665 mb/sr,
+                                         /R =   2.9762E+01
    57.00 deg.: X-S =    42.775901 mb/sr,
+                                         /R =   2.9685E+01
    58.00 deg.: X-S =    39.728125 mb/sr,
+                                         /R =   2.9382E+01
    59.00 deg.: X-S =    36.676677 mb/sr,
+                                         /R =   2.8869E+01
    60.00 deg.: X-S =    33.669828 mb/sr,
+                                         /R =   2.8172E+01
    61.00 deg.: X-S =    30.749244 mb/sr,
+                                         /R =   2.7315E+01
    62.00 deg.: X-S =    27.949740 mb/sr,
+                                         /R =   2.6329E+01
    63.00 deg.: X-S =    25.299273 mb/sr,
+                                         /R =   2.5243E+01
    64.00 deg.: X-S =    22.819146 mb/sr,
+                                         /R =   2.4090E+01
    65.00 deg.: X-S =    20.524365 mb/sr,
+                                         /R =   2.2900E+01
    66.00 deg.: X-S =    18.424130 mb/sr,
+                                         /R =   2.1703E+01
    67.00 deg.: X-S =    16.522410 mb/sr,
+                                         /R =   2.0527E+01
    68.00 deg.: X-S =    14.818578 mb/sr,
+                                         /R =   1.9397E+01
    69.00 deg.: X-S =    13.308072 mb/sr,
+                                         /R =   1.8337E+01
    70.00 deg.: X-S =    11.983064 mb/sr,
+                                         /R =   1.7363E+01
    71.00 deg.: X-S =    10.833118 mb/sr,
+                                         /R =   1.6492E+01
    72.00 deg.: X-S =     9.845812 mb/sr,
+                                         /R =   1.5733E+01
    73.00 deg.: X-S =     9.007320 mb/sr,
+                                         /R =   1.5095E+01
    74.00 deg.: X-S =     8.302939 mb/sr,
+                                         /R =   1.4581E+01
    75.00 deg.: X-S =     7.717566 mb/sr,
+                                         /R =   1.4189E+01
    76.00 deg.: X-S =     7.236101 mb/sr,
+                                         /R =   1.3918E+01
    77.00 deg.: X-S =     6.843793 mb/sr,
+                                         /R =   1.3759E+01
    78.00 deg.: X-S =     6.526530 mb/sr,
+                                         /R =   1.3704E+01
    79.00 deg.: X-S =     6.271056 mb/sr,
+                                         /R =   1.3743E+01
    80.00 deg.: X-S =     6.065143 mb/sr,
+                                         /R =   1.3861E+01
    81.00 deg.: X-S =     5.897708 mb/sr,
+                                         /R =   1.4046E+01
    82.00 deg.: X-S =     5.758881 mb/sr,
+                                         /R =   1.4282E+01
    83.00 deg.: X-S =     5.640034 mb/sr,
+                                         /R =   1.4556E+01
    84.00 deg.: X-S =     5.533778 mb/sr,
+                                         /R =   1.4851E+01
    85.00 deg.: X-S =     5.433928 mb/sr,
+                                         /R =   1.5154E+01
    86.00 deg.: X-S =     5.335443 mb/sr,
+                                         /R =   1.5452E+01
    87.00 deg.: X-S =     5.234354 mb/sr,
+                                         /R =   1.5733E+01
    88.00 deg.: X-S =     5.127669 mb/sr,
+                                         /R =   1.5984E+01
    89.00 deg.: X-S =     5.013278 mb/sr,
+                                         /R =   1.6198E+01
    90.00 deg.: X-S =     4.889851 mb/sr,
+                                         /R =   1.6365E+01
    91.00 deg.: X-S =     4.756731 mb/sr,
+                                         /R =   1.6480E+01
    92.00 deg.: X-S =     4.613833 mb/sr,
+                                         /R =   1.6538E+01
    93.00 deg.: X-S =     4.461541 mb/sr,
+                                         /R =   1.6536E+01
    94.00 deg.: X-S =     4.300620 mb/sr,
+                                         /R =   1.6471E+01
    95.00 deg.: X-S =     4.132123 mb/sr,
+                                         /R =   1.6345E+01
    96.00 deg.: X-S =     3.957319 mb/sr,
+                                         /R =   1.6158E+01
    97.00 deg.: X-S =     3.777618 mb/sr,
+                                         /R =   1.5912E+01
    98.00 deg.: X-S =     3.594511 mb/sr,
+                                         /R =   1.5612E+01
    99.00 deg.: X-S =     3.409518 mb/sr,
+                                         /R =   1.5260E+01
   100.00 deg.: X-S =     3.224146 mb/sr,
+                                         /R =   1.4864E+01
   101.00 deg.: X-S =     3.039849 mb/sr,
+                                         /R =   1.4427E+01
   102.00 deg.: X-S =     2.858002 mb/sr,
+                                         /R =   1.3956E+01
   103.00 deg.: X-S =     2.679882 mb/sr,
+                                         /R =   1.3458E+01
   104.00 deg.: X-S =     2.506645 mb/sr,
+                                         /R =   1.2939E+01
   105.00 deg.: X-S =     2.339322 mb/sr,
+                                         /R =   1.2406E+01
   106.00 deg.: X-S =     2.178812 mb/sr,
+                                         /R =   1.1866E+01
   107.00 deg.: X-S =     2.025874 mb/sr,
+                                         /R =   1.1325E+01
   108.00 deg.: X-S =     1.881136 mb/sr,
+                                         /R =   1.0788E+01
   109.00 deg.: X-S =     1.745091 mb/sr,
+                                         /R =   1.0263E+01
   110.00 deg.: X-S =     1.618107 mb/sr,
+                                         /R =   9.7534E+00
   111.00 deg.: X-S =     1.500426 mb/sr,
+                                         /R =   9.2658E+00
   112.00 deg.: X-S =     1.392179 mb/sr,
+                                         /R =   8.8041E+00
   113.00 deg.: X-S =     1.293389 mb/sr,
+                                         /R =   8.3723E+00
   114.00 deg.: X-S =     1.203976 mb/sr,
+                                         /R =   7.9740E+00
   115.00 deg.: X-S =     1.123774 mb/sr,
+                                         /R =   7.6118E+00
   116.00 deg.: X-S =     1.052526 mb/sr,
+                                         /R =   7.2880E+00
   117.00 deg.: X-S =     0.989905 mb/sr,
+                                         /R =   7.0040E+00
   118.00 deg.: X-S =     0.935511 mb/sr,
+                                         /R =   6.7609E+00
   119.00 deg.: X-S =     0.888886 mb/sr,
+                                         /R =   6.5587E+00
   120.00 deg.: X-S =     0.849516 mb/sr,
+                                         /R =   6.3971E+00
   121.00 deg.: X-S =     0.816843 mb/sr,
+                                         /R =   6.2751E+00
   122.00 deg.: X-S =     0.790271 mb/sr,
+                                         /R =   6.1908E+00
   123.00 deg.: X-S =     0.769171 mb/sr,
+                                         /R =   6.1420E+00
   124.00 deg.: X-S =     0.752896 mb/sr,
+                                         /R =   6.1259E+00
   125.00 deg.: X-S =     0.740780 mb/sr,
+                                         /R =   6.1390E+00
   126.00 deg.: X-S =     0.732155 mb/sr,
+                                         /R =   6.1776E+00
   127.00 deg.: X-S =     0.726353 mb/sr,
+                                         /R =   6.2374E+00
   128.00 deg.: X-S =     0.722719 mb/sr,
+                                         /R =   6.3140E+00
   129.00 deg.: X-S =     0.720616 mb/sr,
+                                         /R =   6.4025E+00
   130.00 deg.: X-S =     0.719439 mb/sr,
+                                         /R =   6.4981E+00
   131.00 deg.: X-S =     0.718617 mb/sr,
+                                         /R =   6.5960E+00
   132.00 deg.: X-S =     0.717624 mb/sr,
+                                         /R =   6.6913E+00
   133.00 deg.: X-S =     0.715989 mb/sr,
+                                         /R =   6.7794E+00
   134.00 deg.: X-S =     0.713300 mb/sr,
+                                         /R =   6.8560E+00
   135.00 deg.: X-S =     0.709211 mb/sr,
+                                         /R =   6.9172E+00
   136.00 deg.: X-S =     0.703447 mb/sr,
+                                         /R =   6.9596E+00
   137.00 deg.: X-S =     0.695810 mb/sr,
+                                         /R =   6.9806E+00
   138.00 deg.: X-S =     0.686179 mb/sr,
+                                         /R =   6.9781E+00
   139.00 deg.: X-S =     0.674515 mb/sr,
+                                         /R =   6.9508E+00
   140.00 deg.: X-S =     0.660856 mb/sr,
+                                         /R =   6.8983E+00
   141.00 deg.: X-S =     0.645322 mb/sr,
+                                         /R =   6.8211E+00
   142.00 deg.: X-S =     0.628106 mb/sr,
+                                         /R =   6.7206E+00
   143.00 deg.: X-S =     0.609471 mb/sr,
+                                         /R =   6.5989E+00
   144.00 deg.: X-S =     0.589746 mb/sr,
+                                         /R =   6.4593E+00
   145.00 deg.: X-S =     0.569317 mb/sr,
+                                         /R =   6.3056E+00
   146.00 deg.: X-S =     0.548617 mb/sr,
+                                         /R =   6.1425E+00
   147.00 deg.: X-S =     0.528115 mb/sr,
+                                         /R =   5.9754E+00
   148.00 deg.: X-S =     0.508307 mb/sr,
+                                         /R =   5.8101E+00
   149.00 deg.: X-S =     0.489705 mb/sr,
+                                         /R =   5.6529E+00
   150.00 deg.: X-S =     0.472820 mb/sr,
+                                         /R =   5.5101E+00
   151.00 deg.: X-S =     0.458154 mb/sr,
+                                         /R =   5.3885E+00
   152.00 deg.: X-S =     0.446184 mb/sr,
+                                         /R =   5.2945E+00
   153.00 deg.: X-S =     0.437352 mb/sr,
+                                         /R =   5.2342E+00
   154.00 deg.: X-S =     0.432050 mb/sr,
+                                         /R =   5.2134E+00
   155.00 deg.: X-S =     0.430615 mb/sr,
+                                         /R =   5.2373E+00
   156.00 deg.: X-S =     0.433313 mb/sr,
+                                         /R =   5.3102E+00
   157.00 deg.: X-S =     0.440333 mb/sr,
+                                         /R =   5.4356E+00
   158.00 deg.: X-S =     0.451782 mb/sr,
+                                         /R =   5.6157E+00
   159.00 deg.: X-S =     0.467678 mb/sr,
+                                         /R =   5.8520E+00
   160.00 deg.: X-S =     0.487949 mb/sr,
+                                         /R =   6.1443E+00
   161.00 deg.: X-S =     0.512428 mb/sr,
+                                         /R =   6.4914E+00
   162.00 deg.: X-S =     0.540859 mb/sr,
+                                         /R =   6.8906E+00
   163.00 deg.: X-S =     0.572899 mb/sr,
+                                         /R =   7.3381E+00
   164.00 deg.: X-S =     0.608119 mb/sr,
+                                         /R =   7.8287E+00
   165.00 deg.: X-S =     0.646017 mb/sr,
+                                         /R =   8.3562E+00
   166.00 deg.: X-S =     0.686024 mb/sr,
+                                         /R =   8.9132E+00
   167.00 deg.: X-S =     0.727516 mb/sr,
+                                         /R =   9.4914E+00
   168.00 deg.: X-S =     0.769822 mb/sr,
+                                         /R =   1.0082E+01
   169.00 deg.: X-S =     0.812245 mb/sr,
+                                         /R =   1.0675E+01
   170.00 deg.: X-S =     0.854067 mb/sr,
+                                         /R =   1.1261E+01
   171.00 deg.: X-S =     0.894570 mb/sr,
+                                         /R =   1.1829E+01
   172.00 deg.: X-S =     0.933048 mb/sr,
+                                         /R =   1.2370E+01
   173.00 deg.: X-S =     0.968823 mb/sr,
+                                         /R =   1.2873E+01
   174.00 deg.: X-S =     1.001257 mb/sr,
+                                         /R =   1.3331E+01
   175.00 deg.: X-S =     1.029768 mb/sr,
+                                         /R =   1.3733E+01
   176.00 deg.: X-S =     1.053839 mb/sr,
+                                         /R =   1.4074E+01
   177.00 deg.: X-S =     1.073034 mb/sr,
+                                         /R =   1.4345E+01
   178.00 deg.: X-S =     1.087002 mb/sr,
+                                         /R =   1.4543E+01
   179.00 deg.: X-S =     1.095486 mb/sr,
+                                         /R =   1.4663E+01
   179.99 deg.: X-S =     1.098331 mb/sr,
+                                         /R =   1.4704E+01
                                           Integrated 2164.8462 mb, over [   3.000, 180.000] at    35.0000 MeV 
 Finished all xsecs @    5.23500005E-03

  The following files have been created:
   3:local copy of User input.            6:standard output.                   
   7:elastic  S-matrix elements.         13:total cross sections/state.        
  16:tables of cross sections.           38:cross sections for each J/pi.      
  39:cross sections for each Ecm.        40:all cross sectns. for each Elab.   
  45:scat phase shift as E functions.    56:Fusion for each Jtotal.            
 201:Separate cross sections.           

 PARAMETERS : MAXQRN   MFNL   MLOC  LMAX1 MCLIST
    ALLOWED :      1      1      4     70      6
    REQUIRED:      0      0      4     19      4


 ACCURACY ANALYSIS at    35.000 MeV :

  Elastic h*k = 0.037 so OK       compared with 0.200

   Real(S-el) > 0.01 first at J =       0.5
   Real(S-el) > 0.10 first at J =       0.5
   Real(S-el) > 0.50 first at J =       5.5
   Real(S-el) > 0.90 first at J =       6.5
   Real(S-el) > 0.99 first at J =       8.5
   R-turn =    14.32 fm    at J =      17.5

 Forward-angle excitation cut off below   1.361 deg by max JT =      17.5
                              and below   0.330 deg by max R.

