 FRESCO - FRES 3.4: Coupled Reaction Channels
 Assuming NAMELIST input.

 p+O20 1st with BG ;                                                             

   0.030  60.000   0.500   0.000   0.000   0.000   0.000   0.000   0.000   0.000

 Centre-of-mass Range is   2002 * 0.0300 fm., Maximum at  60.00 fm., Interpolating NL forms every  0.51 fm.
 Non - locality width is      4 * 0.0300 fm., Maximum of   0.09 fm., Centred at  0.00 fm.
 2-Nucleon Separation of      0 * 0.5100 fm., Maximum of   0.00 fm., Minimum at  0.00 fm.
 Maximum single particle bins of 59.6700 fm.
               M,Mint =         2001        1990


 Range of total J is     0.0 <= J <=    50.0 (at least     0.0) and Absorbtion =>    -1.0000 mb.
 Dry Run = F, CC set limits =  0  0, Relativistic kinematics =  , Both/Far/Near Analyses =  1                     

 Cross Sections (and up to T0 for 0=projectile) for Theta from   3.0 to-180.0 in steps of  1.0 degrees, DGAM=0,  Coordinates = 0 (Mads)

 Lower Radial Cutoff = maximum of -1.60*L*h &       0.0 fm.,  Lower Cutoff for Couplings =   0.0  fm.


 Iterate Couplings between   0 and   1 times, to  0.000 % if sooner.                                          
  Block solved exactly =   2 chs., with Pade = 0 & Isocen =  =0, NOSOL = F, initwf =  0
  NL quadrature with   18 Gaussian points, Calculate multipoles up to    56 from   0
  M-transfers for lp+lt greater than or equal to  6, Angular Integration Cutoff below  2.7778 %


 Trace switches are :  CHANS =  1, LISTCC =  0, TRENEG =  0, CDETR =  0, SMATS =  2, XSTABL =  1, NLPL =  0

                       WAVES =  0, LAMPL =  0, VEFF =  0, KFUS =  0, WDISK =  0, BPM =  0, MELFIL =  0

                       CDCC =  0, NFUS =  0

 Using unit mass = 1.000000 amu and 1/fine-structure constant = 137.03599 ( 1.000000 * true ) with hc = 197.32705 MeV.fm,
  thus 2*amu/hbar^2 = 0.0478450 = 1/20.9008 and Coulomb constant = 0.1574855 so e^2 = 1.43997, and nuclear magneton= 0.1261183

 Now pre-scan input and save to file 3



 *********** PARTITION NUMBER  1 ******************************************************************************************

   PROJ=p          MASS=  1.0073 Z=   1.0,        # STATES=    2T, TARG=O20      MASS= 19.9997 Z=   8.0,     Q-VALUE =  -0.0000 MEV.

     1:  J= 0.5+ (B# 1), E=  0.0000, K= 0.5              Potl#  1       J= 0.0+ (B# 1), E=  0.0000, K= 0.0    

     2:  J= 0.5+ (B# 1), E=  0.0000, K= 0.5              Potl#  1       J= 2.0+ (B# 1), E=  1.6700, K= 0.0    
                                  (Just State  1)


 ************************************************************************************************************************************

 The following POTENTIALS are defined :

  KP#       TYPE      IT    SHAPE      at     V1        r1        a1        V2        r2        a2        A-in     A-used


                                            A#1       A#2        r0c       ac                                                h @ 1
    1    0=Coulomb       0=CHARGE (WS)  1    20.000     0.000    1.2000    0.0000    0.0000    0.0000     0.000    20.000   0.03000

                                           Mn(E1)    Mn(E2)    Mn(E3)  .....
    1   11=Target defm  10=derivatives  2    0.0000    5.3000    0.0000    0.0000    0.0000    0.0000     0.000     3.257= RADIUS

              At    2 is k =  2 (Potl. beta = 0.26155)
                                     Beta of targ. = 0.26155 (using radius of 3.257 fm.).

    1    1=Volume        0=Woods-Saxon  3   46.1325    1.1700    0.7500    0.0000    0.0000    0.0000     0.000    20.000

                                            Def1      Def2      Def3   .....
    1   11=Target defm  10=derivatives  4    0.0000    2.2549    0.0000    0.0000    0.0000    0.0000     0.000     3.176= RADIUS

              At    4 is k =  2 (Potl. beta = 0.71000)
                                     Beta of targ. = 0.71000 (using radius of 3.176 fm.).

    1    1=Volume        0=Woods-Saxon  5    0.0000    0.0000    0.0000    6.8194    1.3200    0.6500     0.000    20.000

                                            Def1      Def2      Def3   .....
    1   11=Target defm  10=derivatives  6    0.0000    2.5440    0.0000    0.0000    0.0000    0.0000     0.000     3.583= RADIUS

              At    6 is k =  2 (Potl. beta = 0.71000)
                                     Beta of targ. = 0.71000 (using radius of 3.583 fm.).

    1    2=Surface       0=Woods-Saxon  7    0.0000    0.0000    0.0000    3.3825    1.3200    0.6500     0.000    20.000

                                            Def1      Def2      Def3   .....
    1   11=Target defm  10=derivatives  8    0.0000    2.5440    0.0000    0.0000    0.0000    0.0000     0.000     3.583= RADIUS

              At    8 is k =  2 (Potl. beta = 0.71000)
                                     Beta of targ. = 0.71000 (using radius of 3.583 fm.).

    1    3=Projtl S.O.   0=Woods-Saxon  9    3.1000    1.0100    0.7500    0.0000    0.0000    0.0000     0.000    20.000

 Incoming partition  1 in excitation state # 1,   Laboratory Energy given for partition  1 Nucleus 1 in Excitation pair 1

0Lab. ENERGY ranges :

   from    43.2700     to   0.00000     in     0 intervals
   from    0.00000     to   0.00000     in     0 intervals
   from    0.00000     to   0.00000     in     0 intervals

 Largest real,imaginary parts of any form factor at R=   59.52 are   2.42E-02  3.62E-32 MeV
 Finished all Couplings @    6.44999905E-04           9

 Symmetric Hamiltonian
1***********************************************************************************************************************************
************************************************************************************************************************************

        INCOMING p        ;    LABORATORY p        ENERGY =   43.270     MeV.

 ***********************************************************************************************************************************
 ***********************************************************************************************************************************

 Allocate arrays for            3  channels, of which            3  need wfs.

 ######################################################################################################################
 #                                                                                                                    #
 # Total SPIN and PARITY =     0.5 +,      3 channels,    3 in 1st block.  Rmin & Coul turning =    0.0    0.3 fm.  #
 #                                                                                                                    #
 ######################################################################################################################



    C Projectl Target   #   EX.   (L  Proj) J  + Targ = Jtotal     E-cm      Re K     Re Eta     RM*K            CH
    1 p        O20      #    1: I   0 0.5    0.5  0.0     0.5    41.19522   1.37482   0.19223   82.4893   0.13909   0.48087 1 1 1   1
    2 p        O20      #    2:     2 0.5    1.5  2.0     0.5    39.52522   1.34667   0.19624   80.8000  -0.49870   0.04495 1 1 1   2
    3 p        O20      #    2:     2 0.5    2.5  2.0     0.5    39.52522   1.34667   0.19624   80.8000  -0.49870   0.04495 1 1 1   2
   S-matrix    1 =   -0.02394  -0.35760 for L=    0, J=    0.5 channel on core I =   0.0 from L=    0,  Acc. loss =  0.0 D.
 Elastic phase shift   1 =  -46.915  29.396 deg. for the L =    0, J =    0.5 channel.
       0.5 -0.02394101 -0.35760027i: elastic S-matrix  @@      0.00  0   0 F  0
 Reaction Xsec     0.5+/ 0 @ 1 =  14.486 , Out:   0.000#   1.084   13.402f


 Total SPIN, PARITY =     0.5 -,      3 chs,      3 cc.  Rmin & Coul turning =    0.0    0.3
   S-matrix    1 =   -0.21509  -0.26212 for L=    1, J=    0.5 channel on core I =   0.0 from L=    1,  Acc. loss =  0.0 D.
 Elastic phase shift   1 =  -64.686  30.984 deg. for the L =    1, J =    0.5 channel.
       0.5 -0.21508794 -0.26212292i: elastic S-matrix  @@      0.00  0   0 F  0
 Reaction Xsec     0.5-/ 1 @ 1 =  14.710 , Out:   0.000#   0.936   13.774f

 Allocate arrays for            5  channels, of which            5  need wfs.

 Total SPIN, PARITY =     1.5 +,      5 chs,      5 cc.  Rmin & Coul turning =    0.0    1.2
   S-matrix    1 =   -0.34106  -0.12713 for L=    2, J=    1.5 channel on core I =   0.0 from L=    2,  Acc. loss =  0.0 D.
 Elastic phase shift   1 =  -79.778  28.953 deg. for the L =    2, J =    1.5 channel.
       1.5 -0.34106254 -0.12713265i: elastic S-matrix  @@      0.00  0   0 F  0
 Reaction Xsec     1.5+/ 2 @ 1 =  28.838 , Out:   0.000#   2.131   26.707f


 Total SPIN, PARITY =     1.5 -,      5 chs,      5 cc.  Rmin & Coul turning =    0.0    1.2
   S-matrix    1 =   -0.14504  -0.31590 for L=    1, J=    1.5 channel on core I =   0.0 from L=    1,  Acc. loss =  0.0 D.
 Elastic phase shift   1 =  -57.331  30.272 deg. for the L =    1, J =    1.5 channel.
       1.5 -0.14503903 -0.31589864i: elastic S-matrix  @@      0.00  0   0 F  0
 Reaction Xsec     1.5-/ 1 @ 1 =  29.225 , Out:   0.000#   1.813   27.413f

 Allocate arrays for            6  channels, of which            6  need wfs.

 Total SPIN, PARITY =     2.5 +,      6 chs,      6 cc.  Rmin & Coul turning =    0.1    1.9
   S-matrix    1 =   -0.26753  -0.24912 for L=    2, J=    2.5 channel on core I =   0.0 from L=    2,  Acc. loss =  0.0 D.
 Elastic phase shift   1 =  -68.520  28.829 deg. for the L =    2, J =    2.5 channel.
       2.5 -0.26752992 -0.24912270i: elastic S-matrix  @@      0.00  0   0 F  0
 Reaction Xsec     2.5+/ 2 @ 1 =  43.200 , Out:   0.000#   3.041   40.158f


 Total SPIN, PARITY =     2.5 -,      6 chs,      6 cc.  Rmin & Coul turning =    0.1    1.9
   S-matrix    1 =   -0.34071   0.03376 for L=    3, J=    2.5 channel on core I =   0.0 from L=    3,  Acc. loss =  0.0 D.
 Elastic phase shift   1 =   87.171  30.706 deg. for the L =    3, J =    2.5 channel.
       2.5 -0.34071244  0.03375747i: elastic S-matrix  @@      0.00  0   0 F  0
 Reaction Xsec     2.5-/ 3 @ 1 =  44.018 , Out:   0.000#   2.891   41.126f


 Total SPIN, PARITY =     3.5 +,      6 chs,      6 cc.  Rmin & Coul turning =    0.1    2.7
   S-matrix    1 =   -0.09130   0.21667 for L=    4, J=    3.5 channel on core I =   0.0 from L=    4,  Acc. loss =  0.0 D.
 Elastic phase shift   1 =   56.425  41.472 deg. for the L =    4, J =    3.5 channel.
       3.5 -0.09130157  0.21666869i: elastic S-matrix  @@      0.00  0   0 F  0
 Reaction Xsec     3.5+/ 4 @ 1 =  62.809 , Out:   0.000#   6.193   56.615f


 Total SPIN, PARITY =     3.5 -,      6 chs,      6 cc.  Rmin & Coul turning =    0.1    2.7
   S-matrix    1 =   -0.34660  -0.14178 for L=    3, J=    3.5 channel on core I =   0.0 from L=    3,  Acc. loss =  0.0 D.
 Elastic phase shift   1 =  -78.876  28.139 deg. for the L =    3, J =    3.5 channel.
       3.5 -0.34659628 -0.14178031i: elastic S-matrix  @@      0.00  0   0 F  0
 Reaction Xsec     3.5-/ 3 @ 1 =  57.161 , Out:   0.000#   3.555   53.606f


 Total SPIN, PARITY =     4.5 +,      6 chs,      6 cc.  Rmin & Coul turning =    0.2    3.4
   S-matrix    1 =   -0.23871   0.08973 for L=    4, J=    4.5 channel on core I =   0.0 from L=    4,  Acc. loss =  0.0 D.
 Elastic phase shift   1 =   79.700  39.145 deg. for the L =    4, J =    4.5 channel.
       4.5 -0.23870812  0.08972801i: elastic S-matrix  @@      0.00  0   0 F  0
 Reaction Xsec     4.5+/ 4 @ 1 =  77.701 , Out:   0.000#   6.720   70.980f


 Total SPIN, PARITY =     4.5 -,      6 chs,      6 cc.  Rmin & Coul turning =    0.2    3.4
   S-matrix    1 =    0.33528   0.31133 for L=    5, J=    4.5 channel on core I =   0.0 from L=    5,  Acc. loss =  0.1 D.
 Elastic phase shift   1 =   21.440  22.400 deg. for the L =    5, J =    4.5 channel.
       4.5  0.33527690  0.31133201i: elastic S-matrix  @@      0.00  0   0 F  0
 Reaction Xsec     4.5-/ 5 @ 1 =  65.708 , Out:   0.000#   6.896   58.812f


 Total SPIN, PARITY =     5.5 +,      6 chs,      6 cc.  Rmin & Coul turning =    0.2    4.1
   S-matrix    1 =    0.70592   0.24152 for L=    6, J=    5.5 channel on core I =   0.0 from L=    6,  Acc. loss =  0.0 D.
 Elastic phase shift   1 =    9.444   8.391 deg. for the L =    6, J =    5.5 channel.
       5.5  0.70591649  0.24152195i: elastic S-matrix  @@      0.00  0   0 F  0
 Reaction Xsec     5.5+/ 6 @ 1 =  44.213 , Out:   0.000#   4.316   39.897f


 Total SPIN, PARITY =     5.5 -,      6 chs,      6 cc.  Rmin & Coul turning =    0.2    4.1
   S-matrix    1 =    0.15364   0.33277 for L=    5, J=    5.5 channel on core I =   0.0 from L=    5,  Acc. loss =  0.1 D.
 Elastic phase shift   1 =   32.608  28.754 deg. for the L =    5, J =    5.5 channel.
       5.5  0.15364071  0.33276648i: elastic S-matrix  @@      0.00  0   0 F  0
 Reaction Xsec     5.5-/ 5 @ 1 =  86.329 , Out:   0.000#   9.009   77.320f


 Total SPIN, PARITY =     6.5 +,      6 chs,      6 cc.  Rmin & Coul turning =    0.3    4.9
   S-matrix    1 =    0.62559   0.32691 for L=    6, J=    6.5 channel on core I =   0.0 from L=    6,  Acc. loss =  0.0 D.
 Elastic phase shift   1 =   13.795   9.979 deg. for the L =    6, J =    6.5 channel.
       6.5  0.62558709  0.32691023i: elastic S-matrix  @@      0.00  0   0 F  0
 Reaction Xsec     6.5+/ 6 @ 1 =  58.380 , Out:   0.000#   5.344   53.036f


 Total SPIN, PARITY =     6.5 -,      6 chs,      6 cc.  Rmin & Coul turning =    0.3    4.9
   S-matrix    1 =    0.88859   0.12984 for L=    7, J=    6.5 channel on core I =   0.0 from L=    7,  Acc. loss =  0.0 D.
 Elastic phase shift   1 =    4.157   3.081 deg. for the L =    7, J =    6.5 channel.
       6.5  0.88858716  0.12984380i: elastic S-matrix  @@      0.00  0   0 F  0
 Reaction Xsec     6.5-/ 7 @ 1 =  22.519 , Out:   0.000#   2.314   20.206f


 Total SPIN, PARITY =     7.5 +,      6 chs,      6 cc.  Rmin & Coul turning =    0.3    5.6
   S-matrix    1 =    0.95991   0.06110 for L=    8, J=    7.5 channel on core I =   0.0 from L=    8,  Acc. loss =  0.0 D.
 Elastic phase shift   1 =    1.821   1.114 deg. for the L =    8, J =    7.5 channel.
       7.5  0.95990728  0.06109588i: elastic S-matrix  @@      0.00  0   0 F  0
 Reaction Xsec     7.5+/ 8 @ 1 =   9.952 , Out:   0.000#   0.796    9.156f


 Total SPIN, PARITY =     7.5 -,      6 chs,      6 cc.  Rmin & Coul turning =    0.3    5.6
   S-matrix    1 =    0.87083   0.18033 for L=    7, J=    7.5 channel on core I =   0.0 from L=    7,  Acc. loss =  0.0 D.
 Elastic phase shift   1 =    5.850   3.361 deg. for the L =    7, J =    7.5 channel.
       7.5  0.87082977  0.18033367i: elastic S-matrix  @@      0.00  0   0 F  0
 Reaction Xsec     7.5-/ 7 @ 1 =  27.808 , Out:   0.000#   2.746   25.063f


 Total SPIN, PARITY =     8.5 +,      6 chs,      6 cc.  Rmin & Coul turning =    0.4    6.3
   S-matrix    1 =    0.95635   0.08329 for L=    8, J=    8.5 channel on core I =   0.0 from L=    8,  Acc. loss =  0.0 D.
 Elastic phase shift   1 =    2.489   1.170 deg. for the L =    8, J =    8.5 channel.
       8.5  0.95635094  0.08328581i: elastic S-matrix  @@      0.00  0   0 F  0
 Reaction Xsec     8.5+/ 8 @ 1 =  11.736 , Out:   0.000#   0.976   10.760f


 Total SPIN, PARITY =     8.5 -,      6 chs,      6 cc.  Rmin & Coul turning =    0.4    6.3
   S-matrix    1 =    0.98615   0.02669 for L=    9, J=    8.5 channel on core I =   0.0 from L=    9,  Acc. loss =  0.1 D.
 Elastic phase shift   1 =    0.775   0.389 deg. for the L =    9, J =    8.5 channel.
       8.5  0.98614935  0.02668669i: elastic S-matrix  @@      0.00  0   0 F  0
 Reaction Xsec     8.5-/ 9 @ 1 =   4.009 , Out:   0.000#   0.178    3.830f


 Total SPIN, PARITY =     9.5 +,      6 chs,      6 cc.  Rmin & Coul turning =    0.4    7.0
   S-matrix    1 =    0.99523   0.01116 for L=   10, J=    9.5 channel on core I =   0.0 from L=   10,  Acc. loss =  0.0 D.
 Elastic phase shift   1 =    0.321   0.135 deg. for the L =   10, J =    9.5 channel.
       9.5  0.99523158  0.01116349i: elastic S-matrix  @@      0.00  0   0 F  0
 Reaction Xsec     9.5+/10 @ 1 =   1.561 , Out:   0.000#   0.032    1.529f


 Total SPIN, PARITY =     9.5 -,      6 chs,      6 cc.  Rmin & Coul turning =    0.4    7.0
   S-matrix    1 =    0.98550   0.03596 for L=    9, J=    9.5 channel on core I =   0.0 from L=    9,  Acc. loss =  0.1 D.
 Elastic phase shift   1 =    1.045   0.399 deg. for the L =    9, J =    9.5 channel.
       9.5  0.98549678  0.03596484i: elastic S-matrix  @@      0.00  0   0 F  0
 Reaction Xsec     9.5-/ 9 @ 1 =   4.571 , Out:   0.000#   0.212    4.359f


 Total SPIN, PARITY =    10.5 +,      6 chs,      6 cc.  Rmin & Coul turning =    0.5    7.8
   S-matrix    1 =    0.99512   0.01497 for L=   10, J=   10.5 channel on core I =   0.0 from L=   10,  Acc. loss =  0.0 D.
 Elastic phase shift   1 =    0.431   0.137 deg. for the L =   10, J =   10.5 channel.
      10.5  0.99512197  0.01496658i: elastic S-matrix  @@      0.00  0   0 F  0
 Reaction Xsec    10.5+/10 @ 1 =   1.738 , Out:   0.000#   0.036    1.702f


 Total SPIN, PARITY =    10.5 -,      6 chs,      6 cc.  Rmin & Coul turning =    0.5    7.8
   S-matrix    1 =    0.99834   0.00459 for L=   11, J=   10.5 channel on core I =   0.0 from L=   11,  Acc. loss =  0.0 D.
 Elastic phase shift   1 =    0.132   0.047 deg. for the L =   11, J =   10.5 channel.
      10.5  0.99833904  0.00458529i: elastic S-matrix  @@      0.00  0   0 F  0
 Reaction Xsec    10.5-/11 @ 1 =   0.603 , Out:   0.000#   4.655/   0.598f


 Total SPIN, PARITY =    11.5 +,      6 chs,      6 cc.  Rmin & Coul turning =    0.5    8.5
   S-matrix    1 =    0.99942   0.00187 for L=   12, J=   11.5 channel on core I =   0.0 from L=   12,  Acc. loss =  0.0 D.
 Elastic phase shift   1 =    0.054   0.017 deg. for the L =   12, J =   11.5 channel.
      11.5  0.99941574  0.00186939i: elastic S-matrix  @@      0.00  0   0 F  0
 Reaction Xsec    11.5+/12 @ 1 =   0.232 , Out:   0.000#   0.533/   0.232f


 Total SPIN, PARITY =    11.5 -,      6 chs,      6 cc.  Rmin & Coul turning =    0.5    8.5
   S-matrix    1 =    0.99832   0.00614 for L=   11, J=   11.5 channel on core I =   0.0 from L=   11,  Acc. loss =  0.0 D.
 Elastic phase shift   1 =    0.176   0.048 deg. for the L =   11, J =   11.5 channel.
      11.5  0.99832100  0.00613823i: elastic S-matrix  @@      0.00  0   0 F  0
 Reaction Xsec    11.5-/11 @ 1 =   0.662 , Out:   0.000#   5.186/   0.656f


 Total SPIN, PARITY =    12.5 +,      6 chs,      6 cc.  Rmin & Coul turning =    0.6    9.2
   S-matrix    1 =    0.99941   0.00250 for L=   12, J=   12.5 channel on core I =   0.0 from L=   12,  Acc. loss =  0.0 D.
 Elastic phase shift   1 =    0.072   0.017 deg. for the L =   12, J =   12.5 channel.
      12.5  0.99941277  0.00250294i: elastic S-matrix  @@      0.00  0   0 F  0
 Reaction Xsec    12.5+/12 @ 1 =   0.252 , Out:   0.000#   0.584/   0.252f


 Total SPIN, PARITY =    12.5 -,      6 chs,      6 cc.  Rmin & Coul turning =    0.6    9.2
   S-matrix    1 =    0.99979   0.00076 for L=   13, J=   12.5 channel on core I =   0.0 from L=   13,  Acc. loss =  0.0 D.
 Elastic phase shift   1 =    0.022   0.006 deg. for the L =   13, J =   12.5 channel.
      12.5  0.99979330  0.00075935i: elastic S-matrix  @@      0.00  0   0 F  0
 Reaction Xsec    12.5-/13 @ 1 =   0.089 , Out:   0.000#   0.087/   0.089f


 Total SPIN, PARITY =    13.5 +,      6 chs,      6 cc.  Rmin & Coul turning =    0.6   10.0
   S-matrix    1 =    0.99993   0.00031 for L=   14, J=   13.5 channel on core I =   0.0 from L=   14,  Acc. loss =  0.0 D.
 Elastic phase shift   1 =    0.009   0.002 deg. for the L =   14, J =   13.5 channel.
      13.5  0.99992662  0.00030771i: elastic S-matrix  @@      0.00  0   0 F  0
 Reaction Xsec    13.5+/14 @ 1 =   0.034 , Out:   0.000#   0.101/   0.034f


 Total SPIN, PARITY =    13.5 -,      6 chs,      6 cc.  Rmin & Coul turning =    0.6   10.0
   S-matrix    1 =    0.99979   0.00102 for L=   13, J=   13.5 channel on core I =   0.0 from L=   13,  Acc. loss =  0.0 D.
 Elastic phase shift   1 =    0.029   0.006 deg. for the L =   13, J =   13.5 channel.
      13.5  0.99979281  0.00101747i: elastic S-matrix  @@      0.00  0   0 F  0
 Reaction Xsec    13.5-/13 @ 1 =   0.096 , Out:   0.000#   0.094/   0.096f


 Total SPIN, PARITY =    14.5 +,      6 chs,      6 cc.  Rmin & Coul turning =    0.7   10.7
   S-matrix    1 =    0.99993   0.00041 for L=   14, J=   14.5 channel on core I =   0.0 from L=   14,  Acc. loss =  0.0 D.
 Elastic phase shift   1 =    0.012   0.002 deg. for the L =   14, J =   14.5 channel.
      14.5  0.99992654  0.00041269i: elastic S-matrix  @@      0.00  0   0 F  0
 Reaction Xsec    14.5+/14 @ 1 =   0.037 , Out:   0.000#   0.108/   0.036f


 Total SPIN, PARITY =    14.5 -,      6 chs,      6 cc.  Rmin & Coul turning =    0.7   10.7
   S-matrix    1 =    0.99997   0.00012 for L=   15, J=   14.5 channel on core I =   0.0 from L=   15,  Acc. loss =  0.2 D.
 Elastic phase shift   1 =    0.004   0.001 deg. for the L =   15, J =   14.5 channel.
      14.5  0.99997384  0.00012446i: elastic S-matrix  @@      0.00  0   0 F  0
 Reaction Xsec    14.5-/15 @ 1 =   0.013 , Out:   0.000#   0.125/   0.013f


 Total SPIN, PARITY =    15.5 +,      6 chs,      6 cc.  Rmin & Coul turning =    0.7   11.4
   S-matrix    1 =    0.99999   0.00005 for L=   16, J=   15.5 channel on core I =   0.0 from L=   16,  Acc. loss =  0.0 D.
 Elastic phase shift   1 =    0.001   0.000 deg. for the L =   16, J =   15.5 channel.
      15.5  0.99999060  0.00005026i: elastic S-matrix  @@      0.00  0   0 F  0
 Reaction Xsec    15.5+/16 @ 1 =   4.999/, Out:   0.000#   0.126/   0.005f


 Total SPIN, PARITY =    15.5 -,      6 chs,      6 cc.  Rmin & Coul turning =    0.7   11.4
   S-matrix    1 =    0.99997   0.00017 for L=   15, J=   15.5 channel on core I =   0.0 from L=   15,  Acc. loss =  0.2 D.
 Elastic phase shift   1 =    0.005   0.001 deg. for the L =   15, J =   15.5 channel.
      15.5  0.99997383  0.00016707i: elastic S-matrix  @@      0.00  0   0 F  0
 Reaction Xsec    15.5-/15 @ 1 =   0.014 , Out:   0.000#   0.133/   0.014f


 Total SPIN, PARITY =    16.5 +,      6 chs,      6 cc.  Rmin & Coul turning =    0.8   12.1
   S-matrix    1 =    0.99999   0.00007 for L=   16, J=   16.5 channel on core I =   0.0 from L=   16,  Acc. loss =  0.0 D.
 Elastic phase shift   1 =    0.002   0.000 deg. for the L =   16, J =   16.5 channel.
      16.5  0.99999060  0.00006752i: elastic S-matrix  @@      0.00  0   0 F  0
 Reaction Xsec    16.5+/16 @ 1 =   5.312/, Out:   0.000#   0.134/   0.005f


 Total SPIN, PARITY =    16.5 -,      6 chs,      6 cc.  Rmin & Coul turning =    0.8   12.1
   S-matrix    1 =    1.00000   0.00002 for L=   17, J=   16.5 channel on core I =   0.0 from L=   17,  Acc. loss =  0.0 D.
 Elastic phase shift   1 =    0.001   0.000 deg. for the L =   17, J =   16.5 channel.
      16.5  0.99999656  0.00002027i: elastic S-matrix  @@      0.00  0   0 F  0
 Reaction Xsec    16.5-/17 @ 1 =   1.945/, Out:   0.000#   0.116/   0.002f


 Total SPIN, PARITY =    17.5 +,      6 chs,      6 cc.  Rmin & Coul turning =    0.8   12.9
   S-matrix    1 =    1.00000   0.00001 for L=   18, J=   17.5 channel on core I =   0.0 from L=   18,  Acc. loss =  0.0 D.
 Elastic phase shift   1 =    0.000   0.000 deg. for the L =   18, J =   17.5 channel.
      17.5  0.99999869  0.00000817i: elastic S-matrix  @@      0.00  0   0 F  0
 Reaction Xsec    17.5+/18 @ 1 =   0.786/, Out:   0.000#   0.102/   0.001f


 Total SPIN, PARITY =    17.5 -,      6 chs,      6 cc.  Rmin & Coul turning =    0.8   12.9
   S-matrix    1 =    1.00000   0.00003 for L=   17, J=   17.5 channel on core I =   0.0 from L=   17,  Acc. loss =  0.0 D.
 Elastic phase shift   1 =    0.001   0.000 deg. for the L =   17, J =   17.5 channel.
      17.5  0.99999656  0.00002725i: elastic S-matrix  @@      0.00  0   0 F  0
 Reaction Xsec    17.5-/17 @ 1 =   2.059/, Out:   0.000#   0.123/   0.002f


 Total SPIN, PARITY =    18.5 +,      6 chs,      6 cc.  Rmin & Coul turning =    0.8   13.6
   S-matrix    1 =    1.00000   0.00001 for L=   18, J=   18.5 channel on core I =   0.0 from L=   18,  Acc. loss =  0.0 D.
 Elastic phase shift   1 =    0.000   0.000 deg. for the L =   18, J =   18.5 channel.
      18.5  0.99999869  0.00001098i: elastic S-matrix  @@      0.00  0   0 F  0
 Reaction Xsec    18.5+/18 @ 1 =   0.829/, Out:   0.000#   0.108/   0.001f


 Total SPIN, PARITY =    18.5 -,      6 chs,      6 cc.  Rmin & Coul turning =    0.8   13.6
   S-matrix    1 =    1.00000   0.00000 for L=   19, J=   18.5 channel on core I =   0.0 from L=   19,  Acc. loss =  0.0 D.
 Elastic phase shift   1 =    0.000   0.000 deg. for the L =   19, J =   18.5 channel.
      18.5  0.99999946  0.00000329i: elastic S-matrix  @@      0.00  0   0 F  0
 Reaction Xsec    18.5-/19 @ 1 =   0.344/, Out:   0.000#   0.089/   0.000f


 Total SPIN, PARITY =    19.5 +,      6 chs,      6 cc.  Rmin & Coul turning =    0.9   14.3
   S-matrix    1 =    1.00000   0.00000 for L=   20, J=   19.5 channel on core I =   0.0 from L=   20,  Acc. loss =  0.0 D.
 Elastic phase shift   1 =    0.000   0.000 deg. for the L =   20, J =   19.5 channel.
      19.5  0.99999974  0.00000132i: elastic S-matrix  @@      0.00  0   0 F  0
 Reaction Xsec    19.5+/20 @ 1 =   0.172/, Out:   0.000#   0.078/   0.000f


 Total SPIN, PARITY =    19.5 -,      6 chs,      6 cc.  Rmin & Coul turning =    0.9   14.3
   S-matrix    1 =    1.00000   0.00000 for L=   19, J=   19.5 channel on core I =   0.0 from L=   19,  Acc. loss =  0.0 D.
 Elastic phase shift   1 =    0.000   0.000 deg. for the L =   19, J =   19.5 channel.
      19.5  0.99999946  0.00000442i: elastic S-matrix  @@      0.00  0   0 F  0
 Reaction Xsec    19.5-/19 @ 1 =   0.362/, Out:   0.000#   0.094/   0.000f


 Total SPIN, PARITY =    20.5 +,      6 chs,      6 cc.  Rmin & Coul turning =    1.0   15.0
   S-matrix    1 =    1.00000   0.00000 for L=   20, J=   20.5 channel on core I =   0.0 from L=   20,  Acc. loss =  0.0 D.
 Elastic phase shift   1 =    0.000   0.000 deg. for the L =   20, J =   20.5 channel.
      20.5  0.99999974  0.00000178i: elastic S-matrix  @@      0.00  0   0 F  0
 Reaction Xsec    20.5+/20 @ 1 =   0.181/, Out:   0.000#   0.082/   0.000f


 Total SPIN, PARITY =    20.5 -,      6 chs,      6 cc.  Rmin & Coul turning =    1.0   15.0
   S-matrix    1 =    1.00000   0.00000 for L=   21, J=   20.5 channel on core I =   0.0 from L=   21,  Acc. loss =  0.0 D.
 Elastic phase shift   1 =    0.000   0.000 deg. for the L =   21, J =   20.5 channel.
      20.5  0.99999985  0.00000054i: elastic S-matrix  @@      0.00  0   0 F  0
 Reaction Xsec    20.5-/21 @ 1 =   0.103/, Out:   0.000#   0.068/   0.000f


 Total SPIN, PARITY =    21.5 +,      6 chs,      6 cc.  Rmin & Coul turning =    1.0   15.8
   S-matrix    1 =    1.00000   0.00000 for L=   22, J=   21.5 channel on core I =   0.0 from L=   22,  Acc. loss =  0.0 D.
 Elastic phase shift   1 =    0.000   0.000 deg. for the L =   22, J =   21.5 channel.
      21.5  0.99999990  0.00000022i: elastic S-matrix  @@      0.00  0   0 F  0
 Reaction Xsec    21.5+/22 @ 1 =   0.073/, Out:   0.000#   0.060/   0.000f


 Total SPIN, PARITY =    21.5 -,      6 chs,      6 cc.  Rmin & Coul turning =    1.0   15.8
   S-matrix    1 =    1.00000   0.00000 for L=   21, J=   21.5 channel on core I =   0.0 from L=   21,  Acc. loss =  0.0 D.
 Elastic phase shift   1 =    0.000   0.000 deg. for the L =   21, J =   21.5 channel.
      21.5  0.99999985  0.00000072i: elastic S-matrix  @@      0.00  0   0 F  0
 Reaction Xsec    21.5-/21 @ 1 =   0.108/, Out:   0.000#   0.071/   0.000f


 Total SPIN, PARITY =    22.5 +,      6 chs,      6 cc.  Rmin & Coul turning =    1.1   16.5
   S-matrix    1 =    1.00000   0.00000 for L=   22, J=   22.5 channel on core I =   0.0 from L=   22,  Acc. loss =  0.0 D.
 Elastic phase shift   1 =    0.000   0.000 deg. for the L =   22, J =   22.5 channel.
      22.5  0.99999990  0.00000029i: elastic S-matrix  @@      0.00  0   0 F  0
 Reaction Xsec    22.5+/22 @ 1 =   0.076/, Out:   0.000#   0.063/   0.000f


 Total SPIN, PARITY =    22.5 -,      6 chs,      6 cc.  Rmin & Coul turning =    1.1   16.5
   S-matrix    1 =    1.00000   0.00000 for L=   23, J=   22.5 channel on core I =   0.0 from L=   23,  Acc. loss =  0.0 D.
 Elastic phase shift   1 =    0.000   0.000 deg. for the L =   23, J =   22.5 channel.
      22.5  0.99999992  0.00000009i: elastic S-matrix  @@      0.00  0   0 F  0
 Reaction Xsec    22.5-/23 @ 1 =   0.058/, Out:   0.000#   0.053/   0.000f


 Total SPIN, PARITY =    23.5 +,      6 chs,      6 cc.  Rmin & Coul turning =    1.1   17.2
   S-matrix    1 =    1.00000   0.00000 for L=   24, J=   23.5 channel on core I =   0.0 from L=   24,  Acc. loss =  0.0 D.
 Elastic phase shift   1 =    0.000   0.000 deg. for the L =   24, J =   23.5 channel.
      23.5  0.99999994  0.00000004i: elastic S-matrix  @@      0.00  0   0 F  0
 Reaction Xsec    23.5+/24 @ 1 =   0.049/, Out:   0.000#   0.047/   0.000f


 Total SPIN, PARITY =    23.5 -,      6 chs,      6 cc.  Rmin & Coul turning =    1.1   17.2
   S-matrix    1 =    1.00000   0.00000 for L=   23, J=   23.5 channel on core I =   0.0 from L=   23,  Acc. loss =  0.0 D.
 Elastic phase shift   1 =    0.000   0.000 deg. for the L =   23, J =   23.5 channel.
      23.5  0.99999992  0.00000012i: elastic S-matrix  @@      0.00  0   0 F  0
 Reaction Xsec    23.5-/23 @ 1 =   0.060/, Out:   0.000#   0.055/   0.000f


 Total SPIN, PARITY =    24.5 +,      6 chs,      6 cc.  Rmin & Coul turning =    1.1   18.0
   S-matrix    1 =    1.00000   0.00000 for L=   24, J=   24.5 channel on core I =   0.0 from L=   24,  Acc. loss =  0.0 D.
 Elastic phase shift   1 =    0.000   0.000 deg. for the L =   24, J =   24.5 channel.
      24.5  0.99999994  0.00000005i: elastic S-matrix  @@      0.00  0   0 F  0
 Reaction Xsec    24.5+/24 @ 1 =   0.051/, Out:   0.000#   0.049/   0.000f


 Total SPIN, PARITY =    24.5 -,      6 chs,      6 cc.  Rmin & Coul turning =    1.1   18.0
   S-matrix    1 =    1.00000   0.00000 for L=   25, J=   24.5 channel on core I =   0.0 from L=   25,  Acc. loss =  0.0 D.
 Elastic phase shift   1 =    0.000   0.000 deg. for the L =   25, J =   24.5 channel.
      24.5  0.99999995  0.00000002i: elastic S-matrix  @@      0.00  0   0 F  0
 Reaction Xsec    24.5-/25 @ 1 =   0.042/, Out:   0.000#   0.042/   0.000f


 Total SPIN, PARITY =    25.5 +,      6 chs,      6 cc.  Rmin & Coul turning =    1.2   18.7
   S-matrix    1 =    1.00000   0.00000 for L=   26, J=   25.5 channel on core I =   0.0 from L=   26,  Acc. loss =  0.0 D.
 Elastic phase shift   1 =    0.000   0.000 deg. for the L =   26, J =   25.5 channel.
      25.5  0.99999996  0.00000001i: elastic S-matrix  @@      0.00  0   0 F  0
 Reaction Xsec    25.5+/26 @ 1 =   0.037/, Out:   0.000#   0.037/   0.000f


 Total SPIN, PARITY =    25.5 -,      6 chs,      6 cc.  Rmin & Coul turning =    1.2   18.7
   S-matrix    1 =    1.00000   0.00000 for L=   25, J=   25.5 channel on core I =   0.0 from L=   25,  Acc. loss =  0.0 D.
 Elastic phase shift   1 =    0.000   0.000 deg. for the L =   25, J =   25.5 channel.
      25.5  0.99999995  0.00000002i: elastic S-matrix  @@      0.00  0   0 F  0
 Reaction Xsec    25.5-/25 @ 1 =   0.044/, Out:   0.000#   0.043/   0.000f


 Total SPIN, PARITY =    26.5 +,      6 chs,      6 cc.  Rmin & Coul turning =    1.2   19.4
   S-matrix    1 =    1.00000   0.00000 for L=   26, J=   26.5 channel on core I =   0.0 from L=   26,  Acc. loss =  0.0 D.
 Elastic phase shift   1 =    0.000   0.000 deg. for the L =   26, J =   26.5 channel.
      26.5  0.99999996  0.00000001i: elastic S-matrix  @@      0.00  0   0 F  0
 Reaction Xsec    26.5+/26 @ 1 =   0.039/, Out:   0.000#   0.039/   0.000f


 Total SPIN, PARITY =    26.5 -,      6 chs,      6 cc.  Rmin & Coul turning =    1.2   19.4
   S-matrix    1 =    1.00000   0.00000 for L=   27, J=   26.5 channel on core I =   0.0 from L=   27,  Acc. loss =  0.0 D.
 Elastic phase shift   1 =    0.000   0.000 deg. for the L =   27, J =   26.5 channel.
      26.5  0.99999996  0.00000001i: elastic S-matrix  @@      0.00  0   0 F  0
 Reaction Xsec    26.5-/27 @ 1 =   0.033/, Out:   0.000#   0.033/   0.000f


 Total SPIN, PARITY =    27.5 +,      6 chs,      6 cc.  Rmin & Coul turning =    1.3   20.1
   S-matrix    1 =    1.00000   0.00000 for L=   28, J=   27.5 channel on core I =   0.0 from L=   28,  Acc. loss =  0.0 D.
 Elastic phase shift   1 =    0.000   0.000 deg. for the L =   28, J =   27.5 channel.
      27.5  0.99999997  0.00000000i: elastic S-matrix  @@      0.00  0   0 F  0
 Reaction Xsec    27.5+/28 @ 1 =   0.030/, Out:   0.000#   0.030/   0.000f


 Total SPIN, PARITY =    27.5 -,      6 chs,      6 cc.  Rmin & Coul turning =    1.3   20.1
   S-matrix    1 =    1.00000   0.00000 for L=   27, J=   27.5 channel on core I =   0.0 from L=   27,  Acc. loss =  0.0 D.
 Elastic phase shift   1 =    0.000   0.000 deg. for the L =   27, J =   27.5 channel.
      27.5  0.99999996  0.00000001i: elastic S-matrix  @@      0.00  0   0 F  0
 Reaction Xsec    27.5-/27 @ 1 =   0.035/, Out:   0.000#   0.035/   0.000f


 Total SPIN, PARITY =    28.5 +,      6 chs,      6 cc.  Rmin & Coul turning =    1.3   20.9
   S-matrix    1 =    1.00000   0.00000 for L=   28, J=   28.5 channel on core I =   0.0 from L=   28,  Acc. loss =  0.0 D.
 Elastic phase shift   1 =    0.000   0.000 deg. for the L =   28, J =   28.5 channel.
      28.5  0.99999997  0.00000001i: elastic S-matrix  @@      0.00  0   0 F  0
 Reaction Xsec    28.5+/28 @ 1 =   0.031/, Out:   0.000#   0.031/   0.000f


 Total SPIN, PARITY =    28.5 -,      6 chs,      6 cc.  Rmin & Coul turning =    1.3   20.9
   S-matrix    1 =    1.00000   0.00000 for L=   29, J=   28.5 channel on core I =   0.0 from L=   29,  Acc. loss =  0.0 D.
 Elastic phase shift   1 =    0.000   0.000 deg. for the L =   29, J =   28.5 channel.
      28.5  0.99999997  0.00000000i: elastic S-matrix  @@      0.00  0   0 F  0
 Reaction Xsec    28.5-/29 @ 1 =   0.027/, Out:   0.000#   0.027/   0.000f


 Total SPIN, PARITY =    29.5 +,      6 chs,      6 cc.  Rmin & Coul turning =    1.4   21.6
   S-matrix    1 =    1.00000   0.00000 for L=   30, J=   29.5 channel on core I =   0.0 from L=   30,  Acc. loss =  0.0 D.
 Elastic phase shift   1 =    0.000   0.000 deg. for the L =   30, J =   29.5 channel.
      29.5  0.99999998  0.00000000i: elastic S-matrix  @@      0.00  0   0 F  0
 Reaction Xsec    29.5+/30 @ 1 =   0.025/, Out:   0.000#   0.025/   0.000f


 Total SPIN, PARITY =    29.5 -,      6 chs,      6 cc.  Rmin & Coul turning =    1.4   21.6
   S-matrix    1 =    1.00000   0.00000 for L=   29, J=   29.5 channel on core I =   0.0 from L=   29,  Acc. loss =  0.0 D.
 Elastic phase shift   1 =    0.000   0.000 deg. for the L =   29, J =   29.5 channel.
      29.5  0.99999997  0.00000000i: elastic S-matrix  @@      0.00  0   0 F  0
 Reaction Xsec    29.5-/29 @ 1 =   0.028/, Out:   0.000#   0.028/   0.000f


 Total SPIN, PARITY =    30.5 +,      6 chs,      6 cc.  Rmin & Coul turning =    1.4   22.3
   S-matrix    1 =    1.00000   0.00000 for L=   30, J=   30.5 channel on core I =   0.0 from L=   30,  Acc. loss =  0.0 D.
 Elastic phase shift   1 =    0.000   0.000 deg. for the L =   30, J =   30.5 channel.
      30.5  0.99999998  0.00000000i: elastic S-matrix  @@      0.00  0   0 F  0
 Reaction Xsec    30.5+/30 @ 1 =   0.025/, Out:   0.000#   0.025/   0.000f


 Total SPIN, PARITY =    30.5 -,      6 chs,      6 cc.  Rmin & Coul turning =    1.4   22.3
   S-matrix    1 =    1.00000   0.00000 for L=   31, J=   30.5 channel on core I =   0.0 from L=   31,  Acc. loss =  0.0 D.
 Elastic phase shift   1 =    0.000   0.000 deg. for the L =   31, J =   30.5 channel.
      30.5  0.99999998  0.00000000i: elastic S-matrix  @@      0.00  0   0 F  0
 Reaction Xsec    30.5-/31 @ 1 =   0.022/, Out:   0.000#   0.022/   0.000f


 Total SPIN, PARITY =    31.5 +,      6 chs,      6 cc.  Rmin & Coul turning =    1.5   23.0
   S-matrix    1 =    1.00000   0.00000 for L=   32, J=   31.5 channel on core I =   0.0 from L=   32,  Acc. loss =  0.0 D.
 Elastic phase shift   1 =    0.000   0.000 deg. for the L =   32, J =   31.5 channel.
      31.5  0.99999998  0.00000000i: elastic S-matrix  @@      0.00  0   0 F  0
 Reaction Xsec    31.5+/32 @ 1 =   0.020/, Out:   0.000#   0.020/   0.000f


 Total SPIN, PARITY =    31.5 -,      6 chs,      6 cc.  Rmin & Coul turning =    1.5   23.0
   S-matrix    1 =    1.00000   0.00000 for L=   31, J=   31.5 channel on core I =   0.0 from L=   31,  Acc. loss =  0.0 D.
 Elastic phase shift   1 =    0.000   0.000 deg. for the L =   31, J =   31.5 channel.
      31.5  0.99999998  0.00000000i: elastic S-matrix  @@      0.00  0   0 F  0
 Reaction Xsec    31.5-/31 @ 1 =   0.023/, Out:   0.000#   0.023/   0.000f


 Total SPIN, PARITY =    32.5 +,      6 chs,      6 cc.  Rmin & Coul turning =    1.5   23.8
   S-matrix    1 =    1.00000   0.00000 for L=   32, J=   32.5 channel on core I =   0.0 from L=   32,  Acc. loss =  0.0 D.
 Elastic phase shift   1 =    0.000   0.000 deg. for the L =   32, J =   32.5 channel.
      32.5  0.99999998  0.00000000i: elastic S-matrix  @@      0.00  0   0 F  0
 Reaction Xsec    32.5+/32 @ 1 =   0.021/, Out:   0.000#   0.021/   0.000f


 Total SPIN, PARITY =    32.5 -,      6 chs,      6 cc.  Rmin & Coul turning =    1.5   23.8
   S-matrix    1 =    1.00000   0.00000 for L=   33, J=   32.5 channel on core I =   0.0 from L=   33,  Acc. loss =  0.0 D.
 Elastic phase shift   1 =    0.000   0.000 deg. for the L =   33, J =   32.5 channel.
      32.5  0.99999998  0.00000000i: elastic S-matrix  @@      0.00  0   0 F  0
 Reaction Xsec    32.5-/33 @ 1 =   0.019/, Out:   0.000#   0.019/   0.000f


 Total SPIN, PARITY =    33.5 +,      6 chs,      6 cc.  Rmin & Coul turning =    1.6   24.5
   S-matrix    1 =    1.00000   0.00000 for L=   34, J=   33.5 channel on core I =   0.0 from L=   34,  Acc. loss =  0.0 D.
 Elastic phase shift   1 =    0.000   0.000 deg. for the L =   34, J =   33.5 channel.
      33.5  0.99999999  0.00000000i: elastic S-matrix  @@      0.00  0   0 F  0
 Reaction Xsec    33.5+/34 @ 1 =   0.017/, Out:   0.000#   0.017/   0.000f


 Total SPIN, PARITY =    33.5 -,      6 chs,      6 cc.  Rmin & Coul turning =    1.6   24.5
   S-matrix    1 =    1.00000   0.00000 for L=   33, J=   33.5 channel on core I =   0.0 from L=   33,  Acc. loss =  0.0 D.
 Elastic phase shift   1 =    0.000   0.000 deg. for the L =   33, J =   33.5 channel.
      33.5  0.99999998  0.00000000i: elastic S-matrix  @@      0.00  0   0 F  0
 Reaction Xsec    33.5-/33 @ 1 =   0.019/, Out:   0.000#   0.019/   0.000f


 Total SPIN, PARITY =    34.5 +,      6 chs,      6 cc.  Rmin & Coul turning =    1.6   25.2
   S-matrix    1 =    1.00000   0.00000 for L=   34, J=   34.5 channel on core I =   0.0 from L=   34,  Acc. loss =  0.0 D.
 Elastic phase shift   1 =    0.000   0.000 deg. for the L =   34, J =   34.5 channel.
      34.5  0.99999999  0.00000000i: elastic S-matrix  @@      0.00  0   0 F  0
 Reaction Xsec    34.5+/34 @ 1 =   0.017/, Out:   0.000#   0.017/   0.000f


 Total SPIN, PARITY =    34.5 -,      6 chs,      6 cc.  Rmin & Coul turning =    1.6   25.2
   S-matrix    1 =    1.00000   0.00000 for L=   35, J=   34.5 channel on core I =   0.0 from L=   35,  Acc. loss =  0.0 D.
 Elastic phase shift   1 =    0.000   0.000 deg. for the L =   35, J =   34.5 channel.
      34.5  0.99999999  0.00000000i: elastic S-matrix  @@      0.00  0   0 F  0
 Reaction Xsec    34.5-/35 @ 1 =   0.015/, Out:   0.000#   0.015/  -0.000f


 Total SPIN, PARITY =    35.5 +,      6 chs,      6 cc.  Rmin & Coul turning =    1.7   26.0
   S-matrix    1 =    1.00000   0.00000 for L=   36, J=   35.5 channel on core I =   0.0 from L=   36,  Acc. loss =  0.0 D.
 Elastic phase shift   1 =    0.000   0.000 deg. for the L =   36, J =   35.5 channel.
      35.5  0.99999999  0.00000000i: elastic S-matrix  @@      0.00  0   0 F  0
 Reaction Xsec    35.5+/36 @ 1 =   0.014/, Out:   0.000#   0.014/  -0.000f


 Total SPIN, PARITY =    35.5 -,      6 chs,      6 cc.  Rmin & Coul turning =    1.7   26.0
   S-matrix    1 =    1.00000   0.00000 for L=   35, J=   35.5 channel on core I =   0.0 from L=   35,  Acc. loss =  0.0 D.
 Elastic phase shift   1 =    0.000   0.000 deg. for the L =   35, J =   35.5 channel.
      35.5  0.99999999  0.00000000i: elastic S-matrix  @@      0.00  0   0 F  0
 Reaction Xsec    35.5-/35 @ 1 =   0.016/, Out:   0.000#   0.016/  -0.000f


 Total SPIN, PARITY =    36.5 +,      6 chs,      6 cc.  Rmin & Coul turning =    1.7   26.7
   S-matrix    1 =    1.00000   0.00000 for L=   36, J=   36.5 channel on core I =   0.0 from L=   36,  Acc. loss =  0.0 D.
 Elastic phase shift   1 =    0.000   0.000 deg. for the L =   36, J =   36.5 channel.
      36.5  0.99999999  0.00000000i: elastic S-matrix  @@      0.00  0   0 F  0
 Reaction Xsec    36.5+/36 @ 1 =   0.015/, Out:   0.000#   0.015/  -0.000f


 Total SPIN, PARITY =    36.5 -,      6 chs,      6 cc.  Rmin & Coul turning =    1.7   26.7
   S-matrix    1 =    1.00000   0.00000 for L=   37, J=   36.5 channel on core I =   0.0 from L=   37,  Acc. loss =  0.0 D.
 Elastic phase shift   1 =    0.000   0.000 deg. for the L =   37, J =   36.5 channel.
      36.5  0.99999999  0.00000000i: elastic S-matrix  @@      0.00  0   0 F  0
 Reaction Xsec    36.5-/37 @ 1 =   0.013/, Out:   0.000#   0.013/  -0.000f


 Total SPIN, PARITY =    37.5 +,      6 chs,      6 cc.  Rmin & Coul turning =    1.8   27.4
   S-matrix    1 =    1.00000   0.00000 for L=   38, J=   37.5 channel on core I =   0.0 from L=   38,  Acc. loss =  0.0 D.
 Elastic phase shift   1 =    0.000   0.000 deg. for the L =   38, J =   37.5 channel.
      37.5  0.99999999  0.00000000i: elastic S-matrix  @@      0.00  0   0 F  0
 Reaction Xsec    37.5+/38 @ 1 =   0.012/, Out:   0.000#   0.012/  -0.000f


 Total SPIN, PARITY =    37.5 -,      6 chs,      6 cc.  Rmin & Coul turning =    1.8   27.4
   S-matrix    1 =    1.00000   0.00000 for L=   37, J=   37.5 channel on core I =   0.0 from L=   37,  Acc. loss =  0.0 D.
 Elastic phase shift   1 =    0.000   0.000 deg. for the L =   37, J =   37.5 channel.
      37.5  0.99999999  0.00000000i: elastic S-matrix  @@      0.00  0   0 F  0
 Reaction Xsec    37.5-/37 @ 1 =   0.013/, Out:   0.000#   0.013/  -0.000f


 Total SPIN, PARITY =    38.5 +,      6 chs,      6 cc.  Rmin & Coul turning =    1.8   28.1
   S-matrix    1 =    1.00000   0.00000 for L=   38, J=   38.5 channel on core I =   0.0 from L=   38,  Acc. loss =  0.0 D.
 Elastic phase shift   1 =    0.000   0.000 deg. for the L =   38, J =   38.5 channel.
      38.5  0.99999999  0.00000000i: elastic S-matrix  @@      0.00  0   0 F  0
 Reaction Xsec    38.5+/38 @ 1 =   0.012/, Out:   0.000#   0.012/  -0.000f


 Total SPIN, PARITY =    38.5 -,      6 chs,      6 cc.  Rmin & Coul turning =    1.8   28.1
   S-matrix    1 =    1.00000   0.00000 for L=   39, J=   38.5 channel on core I =   0.0 from L=   39,  Acc. loss =  0.0 D.
 Elastic phase shift   1 =    0.000   0.000 deg. for the L =   39, J =   38.5 channel.
      38.5  0.99999999  0.00000000i: elastic S-matrix  @@      0.00  0   0 F  0
 Reaction Xsec    38.5-/39 @ 1 =   0.011/, Out:   0.000#   0.011/  -0.000f


 Total SPIN, PARITY =    39.5 +,      6 chs,      6 cc.  Rmin & Coul turning =    1.9   28.9
   S-matrix    1 =    1.00000   0.00000 for L=   40, J=   39.5 channel on core I =   0.0 from L=   40,  Acc. loss =  0.0 D.
 Elastic phase shift   1 =    0.000   0.000 deg. for the L =   40, J =   39.5 channel.
      39.5  0.99999999  0.00000000i: elastic S-matrix  @@      0.00  0   0 F  0
 Reaction Xsec    39.5+/40 @ 1 =   0.010/, Out:   0.000#   0.010/  -0.000f


 Total SPIN, PARITY =    39.5 -,      6 chs,      6 cc.  Rmin & Coul turning =    1.9   28.9
   S-matrix    1 =    1.00000   0.00000 for L=   39, J=   39.5 channel on core I =   0.0 from L=   39,  Acc. loss =  0.0 D.
 Elastic phase shift   1 =    0.000   0.000 deg. for the L =   39, J =   39.5 channel.
      39.5  0.99999999  0.00000000i: elastic S-matrix  @@      0.00  0   0 F  0
 Reaction Xsec    39.5-/39 @ 1 =   0.011/, Out:   0.000#   0.011/  -0.000f


 Total SPIN, PARITY =    40.5 +,      6 chs,      6 cc.  Rmin & Coul turning =    1.9   29.6
   S-matrix    1 =    1.00000   0.00000 for L=   40, J=   40.5 channel on core I =   0.0 from L=   40,  Acc. loss =  0.0 D.
 Elastic phase shift   1 =    0.000   0.000 deg. for the L =   40, J =   40.5 channel.
      40.5  0.99999999  0.00000000i: elastic S-matrix  @@      0.00  0   0 F  0
 Reaction Xsec    40.5+/40 @ 1 =   0.010/, Out:   0.000#   0.010/  -0.000f


 Total SPIN, PARITY =    40.5 -,      6 chs,      6 cc.  Rmin & Coul turning =    1.9   29.6
   S-matrix    1 =    1.00000   0.00000 for L=   41, J=   40.5 channel on core I =   0.0 from L=   41,  Acc. loss =  0.0 D.
 Elastic phase shift   1 =    0.000   0.000 deg. for the L =   41, J =   40.5 channel.
      40.5  0.99999999  0.00000000i: elastic S-matrix  @@      0.00  0   0 F  0
 Reaction Xsec    40.5-/41 @ 1 =   9.392#, Out:   0.000#   9.392#  -0.000f


 Total SPIN, PARITY =    41.5 +,      6 chs,      6 cc.  Rmin & Coul turning =    1.9   30.3
   S-matrix    1 =    1.00000   0.00000 for L=   42, J=   41.5 channel on core I =   0.0 from L=   42,  Acc. loss =  0.0 D.
 Elastic phase shift   1 =    0.000   0.000 deg. for the L =   42, J =   41.5 channel.
      41.5  0.99999999  0.00000000i: elastic S-matrix  @@      0.00  0   0 F  0
 Reaction Xsec    41.5+/42 @ 1 =   8.707#, Out:   0.000#   8.707#  -0.000f


 Total SPIN, PARITY =    41.5 -,      6 chs,      6 cc.  Rmin & Coul turning =    1.9   30.3
   S-matrix    1 =    1.00000   0.00000 for L=   41, J=   41.5 channel on core I =   0.0 from L=   41,  Acc. loss =  0.0 D.
 Elastic phase shift   1 =    0.000   0.000 deg. for the L =   41, J =   41.5 channel.
      41.5  0.99999999  0.00000000i: elastic S-matrix  @@      0.00  0   0 F  0
 Reaction Xsec    41.5-/41 @ 1 =   9.621#, Out:   0.000#   9.621#  -0.000f


 Total SPIN, PARITY =    42.5 +,      6 chs,      6 cc.  Rmin & Coul turning =    2.0   31.1
   S-matrix    1 =    1.00000   0.00000 for L=   42, J=   42.5 channel on core I =   0.0 from L=   42,  Acc. loss =  0.0 D.
 Elastic phase shift   1 =    0.000   0.000 deg. for the L =   42, J =   42.5 channel.
      42.5  0.99999999  0.00000000i: elastic S-matrix  @@      0.00  0   0 F  0
 Reaction Xsec    42.5+/42 @ 1 =   8.914#, Out:   0.000#   8.914#  -0.000f


 Total SPIN, PARITY =    42.5 -,      6 chs,      6 cc.  Rmin & Coul turning =    2.0   31.1
   S-matrix    1 =    1.00000   0.00000 for L=   43, J=   42.5 channel on core I =   0.0 from L=   43,  Acc. loss =  0.0 D.
 Elastic phase shift   1 =    0.000   0.000 deg. for the L =   43, J =   42.5 channel.
      42.5  0.99999999  0.00000000i: elastic S-matrix  @@      0.00  0   0 F  0
 Reaction Xsec    42.5-/43 @ 1 =   8.014#, Out:   0.000#   8.014#  -0.000f


 Total SPIN, PARITY =    43.5 +,      6 chs,      6 cc.  Rmin & Coul turning =    2.0   31.8
   S-matrix    1 =    1.00000   0.00000 for L=   44, J=   43.5 channel on core I =   0.0 from L=   44,  Acc. loss =  0.0 D.
 Elastic phase shift   1 =    0.000   0.000 deg. for the L =   44, J =   43.5 channel.
      43.5  0.99999999  0.00000000i: elastic S-matrix  @@      0.00  0   0 F  0
 Reaction Xsec    43.5+/44 @ 1 =   7.422#, Out:   0.000#   7.422#   0.000f


 Total SPIN, PARITY =    43.5 -,      6 chs,      6 cc.  Rmin & Coul turning =    2.0   31.8
   S-matrix    1 =    1.00000   0.00000 for L=   43, J=   43.5 channel on core I =   0.0 from L=   43,  Acc. loss =  0.0 D.
 Elastic phase shift   1 =    0.000   0.000 deg. for the L =   43, J =   43.5 channel.
      43.5  0.99999999  0.00000000i: elastic S-matrix  @@      0.00  0   0 F  0
 Reaction Xsec    43.5-/43 @ 1 =   8.200#, Out:   0.000#   8.200#  -0.000f


 Total SPIN, PARITY =    44.5 +,      6 chs,      6 cc.  Rmin & Coul turning =    2.1   32.5
   S-matrix    1 =    1.00000   0.00000 for L=   44, J=   44.5 channel on core I =   0.0 from L=   44,  Acc. loss =  0.0 D.
 Elastic phase shift   1 =    0.000   0.000 deg. for the L =   44, J =   44.5 channel.
      44.5  0.99999999  0.00000000i: elastic S-matrix  @@      0.00  0   0 F  0
 Reaction Xsec    44.5+/44 @ 1 =   7.591#, Out:   0.000#   7.591#   0.000f


 Total SPIN, PARITY =    44.5 -,      6 chs,      6 cc.  Rmin & Coul turning =    2.1   32.5
   S-matrix    1 =    1.00000   0.00000 for L=   45, J=   44.5 channel on core I =   0.0 from L=   45,  Acc. loss =  0.0 D.
 Elastic phase shift   1 =    0.000   0.000 deg. for the L =   45, J =   44.5 channel.
      44.5  1.00000000  0.00000000i: elastic S-matrix  @@      0.00  0   0 F  0
 Reaction Xsec    44.5-/45 @ 1 =   6.907#, Out:   0.000#   6.907#   0.000f


 Total SPIN, PARITY =    45.5 +,      6 chs,      6 cc.  Rmin & Coul turning =    2.2   33.2
   S-matrix    1 =    1.00000   0.00000 for L=   46, J=   45.5 channel on core I =   0.0 from L=   46,  Acc. loss =  0.0 D.
 Elastic phase shift   1 =    0.000   0.000 deg. for the L =   46, J =   45.5 channel.
      45.5  1.00000000  0.00000000i: elastic S-matrix  @@      0.00  0   0 F  0
 Reaction Xsec    45.5+/46 @ 1 =   6.368#, Out:   0.000#   6.368#   0.000f


 Total SPIN, PARITY =    45.5 -,      6 chs,      6 cc.  Rmin & Coul turning =    2.2   33.2
   S-matrix    1 =    1.00000   0.00000 for L=   45, J=   45.5 channel on core I =   0.0 from L=   45,  Acc. loss =  0.0 D.
 Elastic phase shift   1 =    0.000   0.000 deg. for the L =   45, J =   45.5 channel.
      45.5  1.00000000  0.00000000i: elastic S-matrix  @@      0.00  0   0 F  0
 Reaction Xsec    45.5-/45 @ 1 =   7.061#, Out:   0.000#   7.061#   0.000f


 Total SPIN, PARITY =    46.5 +,      6 chs,      6 cc.  Rmin & Coul turning =    2.2   34.0
   S-matrix    1 =    1.00000   0.00000 for L=   46, J=   46.5 channel on core I =   0.0 from L=   46,  Acc. loss =  0.0 D.
 Elastic phase shift   1 =    0.000   0.000 deg. for the L =   46, J =   46.5 channel.
      46.5  1.00000000  0.00000000i: elastic S-matrix  @@      0.00  0   0 F  0
 Reaction Xsec    46.5+/46 @ 1 =   6.506#, Out:   0.000#   6.506#   0.000f


 Total SPIN, PARITY =    46.5 -,      6 chs,      6 cc.  Rmin & Coul turning =    2.2   34.0
   S-matrix    1 =    1.00000   0.00000 for L=   47, J=   46.5 channel on core I =   0.0 from L=   47,  Acc. loss =  0.0 D.
 Elastic phase shift   1 =    0.000   0.000 deg. for the L =   47, J =   46.5 channel.
      46.5  1.00000000  0.00000000i: elastic S-matrix  @@      0.00  0   0 F  0
 Reaction Xsec    46.5-/47 @ 1 =   5.896#, Out:   0.000#   5.896#   0.000f


 Total SPIN, PARITY =    47.5 +,      6 chs,      6 cc.  Rmin & Coul turning =    2.2   34.7
   S-matrix    1 =    1.00000   0.00000 for L=   48, J=   47.5 channel on core I =   0.0 from L=   48,  Acc. loss =  0.0 D.
 Elastic phase shift   1 =    0.000   0.000 deg. for the L =   48, J =   47.5 channel.
      47.5  1.00000000  0.00000000i: elastic S-matrix  @@      0.00  0   0 F  0
 Reaction Xsec    47.5+/48 @ 1 =   5.508#, Out:   0.000#   5.508#   0.000f


 Total SPIN, PARITY =    47.5 -,      6 chs,      6 cc.  Rmin & Coul turning =    2.2   34.7
   S-matrix    1 =    1.00000   0.00000 for L=   47, J=   47.5 channel on core I =   0.0 from L=   47,  Acc. loss =  0.0 D.
 Elastic phase shift   1 =    0.000   0.000 deg. for the L =   47, J =   47.5 channel.
      47.5  1.00000000  0.00000000i: elastic S-matrix  @@      0.00  0   0 F  0
 Reaction Xsec    47.5-/47 @ 1 =   6.021#, Out:   0.000#   6.021#   0.000f


 Total SPIN, PARITY =    48.5 +,      6 chs,      6 cc.  Rmin & Coul turning =    2.3   35.4
   S-matrix    1 =    1.00000   0.00000 for L=   48, J=   48.5 channel on core I =   0.0 from L=   48,  Acc. loss =  0.0 D.
 Elastic phase shift   1 =    0.000   0.000 deg. for the L =   48, J =   48.5 channel.
      48.5  1.00000000  0.00000000i: elastic S-matrix  @@      0.00  0   0 F  0
 Reaction Xsec    48.5+/48 @ 1 =   5.623#, Out:   0.000#   5.623#   0.000f


 Total SPIN, PARITY =    48.5 -,      6 chs,      6 cc.  Rmin & Coul turning =    2.3   35.4
   S-matrix    1 =    1.00000   0.00000 for L=   49, J=   48.5 channel on core I =   0.0 from L=   49,  Acc. loss =  0.0 D.
 Elastic phase shift   1 =    0.000   0.000 deg. for the L =   49, J =   48.5 channel.
      48.5  1.00000000  0.00000000i: elastic S-matrix  @@      0.00  0   0 F  0
 Reaction Xsec    48.5-/49 @ 1 =   5.094#, Out:   0.000#   5.094#   0.000f


 Total SPIN, PARITY =    49.5 +,      6 chs,      6 cc.  Rmin & Coul turning =    2.3   36.1
   S-matrix    1 =    1.00000   0.00000 for L=   50, J=   49.5 channel on core I =   0.0 from L=   50,  Acc. loss =  0.0 D.
 Elastic phase shift   1 =    0.000   0.000 deg. for the L =   50, J =   49.5 channel.
      49.5  1.00000000  0.00000000i: elastic S-matrix  @@      0.00  0   0 F  0
 Reaction Xsec    49.5+/50 @ 1 =   4.700#, Out:   0.000#   4.700#   0.000f


 Total SPIN, PARITY =    49.5 -,      6 chs,      6 cc.  Rmin & Coul turning =    2.3   36.1
   S-matrix    1 =    1.00000   0.00000 for L=   49, J=   49.5 channel on core I =   0.0 from L=   49,  Acc. loss =  0.0 D.
 Elastic phase shift   1 =    0.000   0.000 deg. for the L =   49, J =   49.5 channel.
      49.5  1.00000000  0.00000000i: elastic S-matrix  @@      0.00  0   0 F  0
 Reaction Xsec    49.5-/49 @ 1 =   5.198#, Out:   0.000#   5.198#   0.000f


 Total SPIN, PARITY =    50.5 +,      6 chs,      6 cc.  Rmin & Coul turning =    2.4   36.9
   S-matrix    1 =    1.00000   0.00000 for L=   50, J=   50.5 channel on core I =   0.0 from L=   50,  Acc. loss =  0.0 D.
 Elastic phase shift   1 =    0.000   0.000 deg. for the L =   50, J =   50.5 channel.
      50.5  1.00000000  0.00000000i: elastic S-matrix  @@      0.00  0   0 F  0
 Reaction Xsec    50.5+/50 @ 1 =   4.794#, Out:   0.000#   4.794#   0.000f


 Total SPIN, PARITY =    50.5 -,      6 chs,      6 cc.  Rmin & Coul turning =    2.4   36.9
   S-matrix    1 =    1.00000   0.00000 for L=   51, J=   50.5 channel on core I =   0.0 from L=   51,  Acc. loss =  0.0 D.
 Elastic phase shift   1 =    0.000   0.000 deg. for the L =   51, J =   50.5 channel.
      50.5  1.00000000  0.00000000i: elastic S-matrix  @@      0.00  0   0 F  0
 Reaction Xsec    50.5-/51 @ 1 =   4.397#, Out:   0.000#   4.397#   0.000f

 Finished all CC sets @   0.253128022    
0CUMULATIVE REACTION cross section                 =  712.72264  <L> =     4.41  <L**2> =     23.4
0CUMULATIVE outgoing cross sections in partition 1 :    0.00000   61.23248
0Cumulative ABSORBTION by Imaginary Potentials     =  651.49016  <L> =     4.40  <L**2> =     23.4
   Fusion for specific p        M-states :  651.490161  651.490161
0CUMULATIVE OUTGOING cross section                 =   61.23248
 To convert to S-factors (MeV.mb = keV.b),  multiply by  1.3784E+02


 CROSS SECTIONS FOR OUTGOING p        & O20      in state #   1 with spins & parities 0.5  + &  0.0  +;  0

     3.00 deg.: X-S =   7.9333E+04 mb/sr,
+                                         /R =   7.6218E-01
     4.00 deg.: X-S =   2.2141E+04 mb/sr,
+                                         /R =   6.7206E-01
     5.00 deg.: X-S =  8629.482330 mb/sr,
+                                         /R =   6.3919E-01
     6.00 deg.: X-S =  4574.387177 mb/sr,
+                                         /R =   7.0220E-01
     7.00 deg.: X-S =  3156.113840 mb/sr,
+                                         /R =   8.9698E-01
     8.00 deg.: X-S =  2587.410007 mb/sr,
+                                         /R =   1.2535E+00
     9.00 deg.: X-S =  2312.459298 mb/sr,
+                                         /R =   1.7930E+00
    10.00 deg.: X-S =  2138.901967 mb/sr,
+                                         /R =   2.5253E+00
    11.00 deg.: X-S =  1996.459374 mb/sr,
+                                         /R =   3.4473E+00
    12.00 deg.: X-S =  1859.696634 mb/sr,
+                                         /R =   4.5427E+00
    13.00 deg.: X-S =  1720.609445 mb/sr,
+                                         /R =   5.7816E+00
    14.00 deg.: X-S =  1578.109621 mb/sr,
+                                         /R =   7.1227E+00
    15.00 deg.: X-S =  1433.754513 mb/sr,
+                                         /R =   8.5152E+00
    16.00 deg.: X-S =  1289.943714 mb/sr,
+                                         /R =   9.9020E+00
    17.00 deg.: X-S =  1149.143978 mb/sr,
+                                         /R =   1.1223E+01
    18.00 deg.: X-S =  1013.561371 mb/sr,
+                                         /R =   1.2420E+01
    19.00 deg.: X-S =   885.014838 mb/sr,
+                                         /R =   1.3437E+01
    20.00 deg.: X-S =   764.903165 mb/sr,
+                                         /R =   1.4230E+01
    21.00 deg.: X-S =   654.216225 mb/sr,
+                                         /R =   1.4763E+01
    22.00 deg.: X-S =   553.567472 mb/sr,
+                                         /R =   1.5014E+01
    23.00 deg.: X-S =   463.236407 mb/sr,
+                                         /R =   1.4975E+01
    24.00 deg.: X-S =   383.215197 mb/sr,
+                                         /R =   1.4652E+01
    25.00 deg.: X-S =   313.256216 mb/sr,
+                                         /R =   1.4066E+01
    26.00 deg.: X-S =   252.918528 mb/sr,
+                                         /R =   1.3251E+01
    27.00 deg.: X-S =   201.612028 mb/sr,
+                                         /R =   1.2251E+01
    28.00 deg.: X-S =   158.638309 mb/sr,
+                                         /R =   1.1118E+01
    29.00 deg.: X-S =   123.227658 mb/sr,
+                                         /R =   9.9092E+00
    30.00 deg.: X-S =    94.571733 mb/sr,
+                                         /R =   8.6831E+00
    31.00 deg.: X-S =    71.851715 mb/sr,
+                                         /R =   7.4983E+00
    32.00 deg.: X-S =    54.261868 mb/sr,
+                                         /R =   6.4088E+00
    33.00 deg.: X-S =    41.028593 mb/sr,
+                                         /R =   5.4624E+00
    34.00 deg.: X-S =    31.425171 mb/sr,
+                                         /R =   4.6984E+00
    35.00 deg.: X-S =    24.782525 mb/sr,
+                                         /R =   4.1461E+00
    36.00 deg.: X-S =    20.496354 mb/sr,
+                                         /R =   3.8242E+00
    37.00 deg.: X-S =    18.031085 mb/sr,
+                                         /R =   3.7399E+00
    38.00 deg.: X-S =    16.921088 mb/sr,
+                                         /R =   3.8898E+00
    39.00 deg.: X-S =    16.769621 mb/sr,
+                                         /R =   4.2602E+00
    40.00 deg.: X-S =    17.245960 mb/sr,
+                                         /R =   4.8286E+00
    41.00 deg.: X-S =    18.081133 mb/sr,
+                                         /R =   5.5649E+00
    42.00 deg.: X-S =    19.062669 mb/sr,
+                                         /R =   6.4332E+00
    43.00 deg.: X-S =    20.028700 mb/sr,
+                                         /R =   7.3941E+00
    44.00 deg.: X-S =    20.861734 mb/sr,
+                                         /R =   8.4059E+00
    45.00 deg.: X-S =    21.482353 mb/sr,
+                                         /R =   9.4269E+00
    46.00 deg.: X-S =    21.843044 mb/sr,
+                                         /R =   1.0417E+01
    47.00 deg.: X-S =    21.922345 mb/sr,
+                                         /R =   1.1340E+01
    48.00 deg.: X-S =    21.719404 mb/sr,
+                                         /R =   1.2163E+01
    49.00 deg.: X-S =    21.249056 mb/sr,
+                                         /R =   1.2858E+01
    50.00 deg.: X-S =    20.537471 mb/sr,
+                                         /R =   1.3405E+01
    51.00 deg.: X-S =    19.618369 mb/sr,
+                                         /R =   1.3789E+01
    52.00 deg.: X-S =    18.529838 mb/sr,
+                                         /R =   1.4001E+01
    53.00 deg.: X-S =    17.311700 mb/sr,
+                                         /R =   1.4040E+01
    54.00 deg.: X-S =    16.003422 mb/sr,
+                                         /R =   1.3910E+01
    55.00 deg.: X-S =    14.642502 mb/sr,
+                                         /R =   1.3620E+01
    56.00 deg.: X-S =    13.263293 mb/sr,
+                                         /R =   1.3183E+01
    57.00 deg.: X-S =    11.896210 mb/sr,
+                                         /R =   1.2618E+01
    58.00 deg.: X-S =    10.567254 mb/sr,
+                                         /R =   1.1945E+01
    59.00 deg.: X-S =     9.297818 mb/sr,
+                                         /R =   1.1186E+01
    60.00 deg.: X-S =     8.104695 mb/sr,
+                                         /R =   1.0364E+01
    61.00 deg.: X-S =     7.000272 mb/sr,
+                                         /R =   9.5043E+00
    62.00 deg.: X-S =     5.992840 mb/sr,
+                                         /R =   8.6282E+00
    63.00 deg.: X-S =     5.086996 mb/sr,
+                                         /R =   7.7577E+00
    64.00 deg.: X-S =     4.284102 mb/sr,
+                                         /R =   6.9124E+00
    65.00 deg.: X-S =     3.582767 mb/sr,
+                                         /R =   6.1096E+00
    66.00 deg.: X-S =     2.979337 mb/sr,
+                                         /R =   5.3639E+00
    67.00 deg.: X-S =     2.468373 mb/sr,
+                                         /R =   4.6870E+00
    68.00 deg.: X-S =     2.043094 mb/sr,
+                                         /R =   4.0876E+00
    69.00 deg.: X-S =     1.695794 mb/sr,
+                                         /R =   3.5712E+00
    70.00 deg.: X-S =     1.418204 mb/sr,
+                                         /R =   3.1408E+00
    71.00 deg.: X-S =     1.201814 mb/sr,
+                                         /R =   2.7963E+00
    72.00 deg.: X-S =     1.038144 mb/sr,
+                                         /R =   2.5355E+00
    73.00 deg.: X-S =     0.918968 mb/sr,
+                                         /R =   2.3539E+00
    74.00 deg.: X-S =     0.836482 mb/sr,
+                                         /R =   2.2451E+00
    75.00 deg.: X-S =     0.783449 mb/sr,
+                                         /R =   2.2016E+00
    76.00 deg.: X-S =     0.753279 mb/sr,
+                                         /R =   2.2144E+00
    77.00 deg.: X-S =     0.740099 mb/sr,
+                                         /R =   2.2741E+00
    78.00 deg.: X-S =     0.738774 mb/sr,
+                                         /R =   2.3710E+00
    79.00 deg.: X-S =     0.744913 mb/sr,
+                                         /R =   2.4950E+00
    80.00 deg.: X-S =     0.754846 mb/sr,
+                                         /R =   2.6367E+00
    81.00 deg.: X-S =     0.765597 mb/sr,
+                                         /R =   2.7868E+00
    82.00 deg.: X-S =     0.774828 mb/sr,
+                                         /R =   2.9370E+00
    83.00 deg.: X-S =     0.780788 mb/sr,
+                                         /R =   3.0798E+00
    84.00 deg.: X-S =     0.782248 mb/sr,
+                                         /R =   3.2086E+00
    85.00 deg.: X-S =     0.778435 mb/sr,
+                                         /R =   3.3181E+00
    86.00 deg.: X-S =     0.768968 mb/sr,
+                                         /R =   3.4039E+00
    87.00 deg.: X-S =     0.753794 mb/sr,
+                                         /R =   3.4628E+00
    88.00 deg.: X-S =     0.733120 mb/sr,
+                                         /R =   3.4929E+00
    89.00 deg.: X-S =     0.707364 mb/sr,
+                                         /R =   3.4932E+00
    90.00 deg.: X-S =     0.677095 mb/sr,
+                                         /R =   3.4635E+00
    91.00 deg.: X-S =     0.642988 mb/sr,
+                                         /R =   3.4049E+00
    92.00 deg.: X-S =     0.605784 mb/sr,
+                                         /R =   3.3188E+00
    93.00 deg.: X-S =     0.566249 mb/sr,
+                                         /R =   3.2076E+00
    94.00 deg.: X-S =     0.525150 mb/sr,
+                                         /R =   3.0741E+00
    95.00 deg.: X-S =     0.483223 mb/sr,
+                                         /R =   2.9215E+00
    96.00 deg.: X-S =     0.441163 mb/sr,
+                                         /R =   2.7531E+00
    97.00 deg.: X-S =     0.399599 mb/sr,
+                                         /R =   2.5726E+00
    98.00 deg.: X-S =     0.359091 mb/sr,
+                                         /R =   2.3837E+00
    99.00 deg.: X-S =     0.320122 mb/sr,
+                                         /R =   2.1899E+00
   100.00 deg.: X-S =     0.283091 mb/sr,
+                                         /R =   1.9947E+00
   101.00 deg.: X-S =     0.248318 mb/sr,
+                                         /R =   1.8012E+00
   102.00 deg.: X-S =     0.216044 mb/sr,
+                                         /R =   1.6124E+00
   103.00 deg.: X-S =     0.186434 mb/sr,
+                                         /R =   1.4310E+00
   104.00 deg.: X-S =     0.159583 mb/sr,
+                                         /R =   1.2591E+00
   105.00 deg.: X-S =     0.135524 mb/sr,
+                                         /R =   1.0985E+00
   106.00 deg.: X-S =     0.114234 mb/sr,
+                                         /R =   9.5087E-01
   107.00 deg.: X-S =     0.095641 mb/sr,
+                                         /R =   8.1712E-01
   108.00 deg.: X-S =     0.079632 mb/sr,
+                                         /R =   6.9799E-01
   109.00 deg.: X-S =     0.066064 mb/sr,
+                                         /R =   5.9379E-01
   110.00 deg.: X-S =     0.054765 mb/sr,
+                                         /R =   5.0454E-01
   111.00 deg.: X-S =     0.045549 mb/sr,
+                                         /R =   4.2991E-01
   112.00 deg.: X-S =     0.038214 mb/sr,
+                                         /R =   3.6936E-01
   113.00 deg.: X-S =     0.032554 mb/sr,
+                                         /R =   3.2208E-01
   114.00 deg.: X-S =     0.028364 mb/sr,
+                                         /R =   2.8712E-01
   115.00 deg.: X-S =     0.025438 mb/sr,
+                                         /R =   2.6335E-01
   116.00 deg.: X-S =     0.023581 mb/sr,
+                                         /R =   2.4956E-01
   117.00 deg.: X-S =     0.022608 mb/sr,
+                                         /R =   2.4449E-01
   118.00 deg.: X-S =     0.022345 mb/sr,
+                                         /R =   2.4682E-01
   119.00 deg.: X-S =     0.022634 mb/sr,
+                                         /R =   2.5526E-01
   120.00 deg.: X-S =     0.023332 mb/sr,
+                                         /R =   2.6853E-01
   121.00 deg.: X-S =     0.024311 mb/sr,
+                                         /R =   2.8544E-01
   122.00 deg.: X-S =     0.025461 mb/sr,
+                                         /R =   3.0484E-01
   123.00 deg.: X-S =     0.026687 mb/sr,
+                                         /R =   3.2570E-01
   124.00 deg.: X-S =     0.027910 mb/sr,
+                                         /R =   3.4707E-01
   125.00 deg.: X-S =     0.029065 mb/sr,
+                                         /R =   3.6814E-01
   126.00 deg.: X-S =     0.030101 mb/sr,
+                                         /R =   3.8819E-01
   127.00 deg.: X-S =     0.030980 mb/sr,
+                                         /R =   4.0661E-01
   128.00 deg.: X-S =     0.031674 mb/sr,
+                                         /R =   4.2293E-01
   129.00 deg.: X-S =     0.032163 mb/sr,
+                                         /R =   4.3676E-01
   130.00 deg.: X-S =     0.032439 mb/sr,
+                                         /R =   4.4782E-01
   131.00 deg.: X-S =     0.032499 mb/sr,
+                                         /R =   4.5592E-01
   132.00 deg.: X-S =     0.032345 mb/sr,
+                                         /R =   4.6096E-01
   133.00 deg.: X-S =     0.031985 mb/sr,
+                                         /R =   4.6288E-01
   134.00 deg.: X-S =     0.031430 mb/sr,
+                                         /R =   4.6172E-01
   135.00 deg.: X-S =     0.030694 mb/sr,
+                                         /R =   4.5755E-01
   136.00 deg.: X-S =     0.029791 mb/sr,
+                                         /R =   4.5049E-01
   137.00 deg.: X-S =     0.028740 mb/sr,
+                                         /R =   4.4068E-01
   138.00 deg.: X-S =     0.027557 mb/sr,
+                                         /R =   4.2832E-01
   139.00 deg.: X-S =     0.026260 mb/sr,
+                                         /R =   4.1360E-01
   140.00 deg.: X-S =     0.024868 mb/sr,
+                                         /R =   3.9674E-01
   141.00 deg.: X-S =     0.023396 mb/sr,
+                                         /R =   3.7798E-01
   142.00 deg.: X-S =     0.021864 mb/sr,
+                                         /R =   3.5756E-01
   143.00 deg.: X-S =     0.020288 mb/sr,
+                                         /R =   3.3573E-01
   144.00 deg.: X-S =     0.018683 mb/sr,
+                                         /R =   3.1276E-01
   145.00 deg.: X-S =     0.017067 mb/sr,
+                                         /R =   2.8892E-01
   146.00 deg.: X-S =     0.015456 mb/sr,
+                                         /R =   2.6448E-01
   147.00 deg.: X-S =     0.013863 mb/sr,
+                                         /R =   2.3974E-01
   148.00 deg.: X-S =     0.012306 mb/sr,
+                                         /R =   2.1498E-01
   149.00 deg.: X-S =     0.010798 mb/sr,
+                                         /R =   1.9050E-01
   150.00 deg.: X-S =     0.009354 mb/sr,
+                                         /R =   1.6660E-01
   151.00 deg.: X-S =     0.007987 mb/sr,
+                                         /R =   1.4358E-01
   152.00 deg.: X-S =     0.006713 mb/sr,
+                                         /R =   1.2174E-01
   153.00 deg.: X-S =     0.005542 mb/sr,
+                                         /R =   1.0137E-01
   154.00 deg.: X-S =     0.004486 mb/sr,
+                                         /R =   8.2738E-02
   155.00 deg.: X-S =     0.003557 mb/sr,
+                                         /R =   6.6119E-02
   156.00 deg.: X-S =     0.002763 mb/sr,
+                                         /R =   5.1747E-02
   157.00 deg.: X-S =     0.002111 mb/sr,
+                                         /R =   3.9830E-02
   158.00 deg.: X-S =     0.001607 mb/sr,
+                                         /R =   3.0540E-02
   159.00 deg.: X-S =     0.001255 mb/sr,
+                                         /R =   2.4006E-02
   160.00 deg.: X-S =     0.001055 mb/sr,
+                                         /R =   2.0312E-02
   161.00 deg.: X-S =     0.001006 mb/sr,
+                                         /R =   1.9485E-02
   162.00 deg.: X-S =     0.001104 mb/sr,
+                                         /R =   2.1499E-02
   163.00 deg.: X-S =     0.001342 mb/sr,
+                                         /R =   2.6267E-02
   164.00 deg.: X-S =     0.001710 mb/sr,
+                                         /R =   3.3642E-02
   165.00 deg.: X-S =     0.002196 mb/sr,
+                                         /R =   4.3419E-02
   166.00 deg.: X-S =     0.002787 mb/sr,
+                                         /R =   5.5336E-02
   167.00 deg.: X-S =     0.003464 mb/sr,
+                                         /R =   6.9079E-02
   168.00 deg.: X-S =     0.004211 mb/sr,
+                                         /R =   8.4288E-02
   169.00 deg.: X-S =     0.005006 mb/sr,
+                                         /R =   1.0056E-01
   170.00 deg.: X-S =     0.005830 mb/sr,
+                                         /R =   1.1748E-01
   171.00 deg.: X-S =     0.006659 mb/sr,
+                                         /R =   1.3459E-01
   172.00 deg.: X-S =     0.007474 mb/sr,
+                                         /R =   1.5143E-01
   173.00 deg.: X-S =     0.008251 mb/sr,
+                                         /R =   1.6757E-01
   174.00 deg.: X-S =     0.008972 mb/sr,
+                                         /R =   1.8257E-01
   175.00 deg.: X-S =     0.009616 mb/sr,
+                                         /R =   1.9601E-01
   176.00 deg.: X-S =     0.010169 mb/sr,
+                                         /R =   2.0756E-01
   177.00 deg.: X-S =     0.010614 mb/sr,
+                                         /R =   2.1687E-01
   178.00 deg.: X-S =     0.010940 mb/sr,
+                                         /R =   2.2372E-01
   179.00 deg.: X-S =     0.011140 mb/sr,
+                                         /R =   2.2790E-01
   179.99 deg.: X-S =     0.011207 mb/sr,
+                                         /R =   2.2931E-01
                                           Integrated 1497.2055 mb, over [   3.000, 180.000] at    43.2700 MeV 

 CROSS SECTIONS FOR OUTGOING p        & O20      in state #   2 with spins & parities 0.5  + &  2.0  +;  0

     3.00 deg.: X-S =    40.999808 mb/sr,
+                                         REAC   6.1232E+01 mb
     4.00 deg.: X-S =    40.212890 mb/sr,
     5.00 deg.: X-S =    39.076704 mb/sr,
     6.00 deg.: X-S =    37.652314 mb/sr,
     7.00 deg.: X-S =    36.065296 mb/sr,
     8.00 deg.: X-S =    34.457422 mb/sr,
     9.00 deg.: X-S =    32.945301 mb/sr,
    10.00 deg.: X-S =    31.607332 mb/sr,
    11.00 deg.: X-S =    30.494195 mb/sr,
    12.00 deg.: X-S =    29.644011 mb/sr,
    13.00 deg.: X-S =    29.087312 mb/sr,
    14.00 deg.: X-S =    28.839925 mb/sr,
    15.00 deg.: X-S =    28.893071 mb/sr,
    16.00 deg.: X-S =    29.211965 mb/sr,
    17.00 deg.: X-S =    29.745755 mb/sr,
    18.00 deg.: X-S =    30.440877 mb/sr,
    19.00 deg.: X-S =    31.247246 mb/sr,
    20.00 deg.: X-S =    32.114116 mb/sr,
    21.00 deg.: X-S =    32.982017 mb/sr,
    22.00 deg.: X-S =    33.780444 mb/sr,
    23.00 deg.: X-S =    34.435859 mb/sr,
    24.00 deg.: X-S =    34.885757 mb/sr,
    25.00 deg.: X-S =    35.089326 mb/sr,
    26.00 deg.: X-S =    35.027944 mb/sr,
    27.00 deg.: X-S =    34.696838 mb/sr,
    28.00 deg.: X-S =    34.095632 mb/sr,
    29.00 deg.: X-S =    33.225140 mb/sr,
    30.00 deg.: X-S =    32.091791 mb/sr,
    31.00 deg.: X-S =    30.714727 mb/sr,
    32.00 deg.: X-S =    29.128846 mb/sr,
    33.00 deg.: X-S =    27.380763 mb/sr,
    34.00 deg.: X-S =    25.520391 mb/sr,
    35.00 deg.: X-S =    23.593749 mb/sr,
    36.00 deg.: X-S =    21.640817 mb/sr,
    37.00 deg.: X-S =    19.697824 mb/sr,
    38.00 deg.: X-S =    17.800271 mb/sr,
    39.00 deg.: X-S =    15.983241 mb/sr,
    40.00 deg.: X-S =    14.278507 mb/sr,
    41.00 deg.: X-S =    12.710788 mb/sr,
    42.00 deg.: X-S =    11.295967 mb/sr,
    43.00 deg.: X-S =    10.042134 mb/sr,
    44.00 deg.: X-S =     8.952020 mb/sr,
    45.00 deg.: X-S =     8.024729 mb/sr,
    46.00 deg.: X-S =     7.255800 mb/sr,
    47.00 deg.: X-S =     6.636397 mb/sr,
    48.00 deg.: X-S =     6.153173 mb/sr,
    49.00 deg.: X-S =     5.789588 mb/sr,
    50.00 deg.: X-S =     5.528029 mb/sr,
    51.00 deg.: X-S =     5.351387 mb/sr,
    52.00 deg.: X-S =     5.243311 mb/sr,
    53.00 deg.: X-S =     5.187561 mb/sr,
    54.00 deg.: X-S =     5.167619 mb/sr,
    55.00 deg.: X-S =     5.167341 mb/sr,
    56.00 deg.: X-S =     5.172444 mb/sr,
    57.00 deg.: X-S =     5.171778 mb/sr,
    58.00 deg.: X-S =     5.157487 mb/sr,
    59.00 deg.: X-S =     5.124065 mb/sr,
    60.00 deg.: X-S =     5.067172 mb/sr,
    61.00 deg.: X-S =     4.983113 mb/sr,
    62.00 deg.: X-S =     4.869292 mb/sr,
    63.00 deg.: X-S =     4.725062 mb/sr,
    64.00 deg.: X-S =     4.552131 mb/sr,
    65.00 deg.: X-S =     4.354070 mb/sr,
    66.00 deg.: X-S =     4.135231 mb/sr,
    67.00 deg.: X-S =     3.899796 mb/sr,
    68.00 deg.: X-S =     3.651492 mb/sr,
    69.00 deg.: X-S =     3.393944 mb/sr,
    70.00 deg.: X-S =     3.131156 mb/sr,
    71.00 deg.: X-S =     2.867618 mb/sr,
    72.00 deg.: X-S =     2.607882 mb/sr,
    73.00 deg.: X-S =     2.355952 mb/sr,
    74.00 deg.: X-S =     2.114896 mb/sr,
    75.00 deg.: X-S =     1.886901 mb/sr,
    76.00 deg.: X-S =     1.673606 mb/sr,
    77.00 deg.: X-S =     1.476402 mb/sr,
    78.00 deg.: X-S =     1.296468 mb/sr,
    79.00 deg.: X-S =     1.134580 mb/sr,
    80.00 deg.: X-S =     0.990921 mb/sr,
    81.00 deg.: X-S =     0.865072 mb/sr,
    82.00 deg.: X-S =     0.756193 mb/sr,
    83.00 deg.: X-S =     0.663248 mb/sr,
    84.00 deg.: X-S =     0.585134 mb/sr,
    85.00 deg.: X-S =     0.520661 mb/sr,
    86.00 deg.: X-S =     0.468491 mb/sr,
    87.00 deg.: X-S =     0.427128 mb/sr,
    88.00 deg.: X-S =     0.395013 mb/sr,
    89.00 deg.: X-S =     0.370649 mb/sr,
    90.00 deg.: X-S =     0.352679 mb/sr,
    91.00 deg.: X-S =     0.339873 mb/sr,
    92.00 deg.: X-S =     0.331077 mb/sr,
    93.00 deg.: X-S =     0.325192 mb/sr,
    94.00 deg.: X-S =     0.321208 mb/sr,
    95.00 deg.: X-S =     0.318270 mb/sr,
    96.00 deg.: X-S =     0.315718 mb/sr,
    97.00 deg.: X-S =     0.313056 mb/sr,
    98.00 deg.: X-S =     0.309897 mb/sr,
    99.00 deg.: X-S =     0.305910 mb/sr,
   100.00 deg.: X-S =     0.300830 mb/sr,
   101.00 deg.: X-S =     0.294486 mb/sr,
   102.00 deg.: X-S =     0.286834 mb/sr,
   103.00 deg.: X-S =     0.277935 mb/sr,
   104.00 deg.: X-S =     0.267906 mb/sr,
   105.00 deg.: X-S =     0.256870 mb/sr,
   106.00 deg.: X-S =     0.244944 mb/sr,
   107.00 deg.: X-S =     0.232258 mb/sr,
   108.00 deg.: X-S =     0.218978 mb/sr,
   109.00 deg.: X-S =     0.205307 mb/sr,
   110.00 deg.: X-S =     0.191459 mb/sr,
   111.00 deg.: X-S =     0.177626 mb/sr,
   112.00 deg.: X-S =     0.163959 mb/sr,
   113.00 deg.: X-S =     0.150587 mb/sr,
   114.00 deg.: X-S =     0.137629 mb/sr,
   115.00 deg.: X-S =     0.125203 mb/sr,
   116.00 deg.: X-S =     0.113417 mb/sr,
   117.00 deg.: X-S =     0.102346 mb/sr,
   118.00 deg.: X-S =     0.092035 mb/sr,
   119.00 deg.: X-S =     0.082505 mb/sr,
   120.00 deg.: X-S =     0.073776 mb/sr,
   121.00 deg.: X-S =     0.065869 mb/sr,
   122.00 deg.: X-S =     0.058791 mb/sr,
   123.00 deg.: X-S =     0.052521 mb/sr,
   124.00 deg.: X-S =     0.047009 mb/sr,
   125.00 deg.: X-S =     0.042191 mb/sr,
   126.00 deg.: X-S =     0.038012 mb/sr,
   127.00 deg.: X-S =     0.034442 mb/sr,
   128.00 deg.: X-S =     0.031460 mb/sr,
   129.00 deg.: X-S =     0.029029 mb/sr,
   130.00 deg.: X-S =     0.027085 mb/sr,
   131.00 deg.: X-S =     0.025542 mb/sr,
   132.00 deg.: X-S =     0.024320 mb/sr,
   133.00 deg.: X-S =     0.023367 mb/sr,
   134.00 deg.: X-S =     0.022658 mb/sr,
   135.00 deg.: X-S =     0.022179 mb/sr,
   136.00 deg.: X-S =     0.021900 mb/sr,
   137.00 deg.: X-S =     0.021770 mb/sr,
   138.00 deg.: X-S =     0.021725 mb/sr,
   139.00 deg.: X-S =     0.021715 mb/sr,
   140.00 deg.: X-S =     0.021716 mb/sr,
   141.00 deg.: X-S =     0.021724 mb/sr,
   142.00 deg.: X-S =     0.021736 mb/sr,
   143.00 deg.: X-S =     0.021739 mb/sr,
   144.00 deg.: X-S =     0.021705 mb/sr,
   145.00 deg.: X-S =     0.021611 mb/sr,
   146.00 deg.: X-S =     0.021440 mb/sr,
   147.00 deg.: X-S =     0.021192 mb/sr,
   148.00 deg.: X-S =     0.020876 mb/sr,
   149.00 deg.: X-S =     0.020494 mb/sr,
   150.00 deg.: X-S =     0.020045 mb/sr,
   151.00 deg.: X-S =     0.019526 mb/sr,
   152.00 deg.: X-S =     0.018940 mb/sr,
   153.00 deg.: X-S =     0.018296 mb/sr,
   154.00 deg.: X-S =     0.017606 mb/sr,
   155.00 deg.: X-S =     0.016877 mb/sr,
   156.00 deg.: X-S =     0.016113 mb/sr,
   157.00 deg.: X-S =     0.015315 mb/sr,
   158.00 deg.: X-S =     0.014489 mb/sr,
   159.00 deg.: X-S =     0.013654 mb/sr,
   160.00 deg.: X-S =     0.012827 mb/sr,
   161.00 deg.: X-S =     0.012021 mb/sr,
   162.00 deg.: X-S =     0.011237 mb/sr,
   163.00 deg.: X-S =     0.010473 mb/sr,
   164.00 deg.: X-S =     0.009728 mb/sr,
   165.00 deg.: X-S =     0.009008 mb/sr,
   166.00 deg.: X-S =     0.008327 mb/sr,
   167.00 deg.: X-S =     0.007700 mb/sr,
   168.00 deg.: X-S =     0.007132 mb/sr,
   169.00 deg.: X-S =     0.006618 mb/sr,
   170.00 deg.: X-S =     0.006151 mb/sr,
   171.00 deg.: X-S =     0.005725 mb/sr,
   172.00 deg.: X-S =     0.005337 mb/sr,
   173.00 deg.: X-S =     0.004998 mb/sr,
   174.00 deg.: X-S =     0.004713 mb/sr,
   175.00 deg.: X-S =     0.004482 mb/sr,
   176.00 deg.: X-S =     0.004301 mb/sr,
   177.00 deg.: X-S =     0.004165 mb/sr,
   178.00 deg.: X-S =     0.004067 mb/sr,
   179.00 deg.: X-S =     0.004005 mb/sr,
   180.00 deg.: X-S =     0.003984 mb/sr,
                                           Integrated   60.9874 mb, over [   3.000, 180.000] at    43.2700 MeV 
 Finished all xsecs @   0.256176025    

  The following files have been created:
   3:local copy of User input.            6:standard output.                   
   7:elastic  S-matrix elements.         13:total cross sections/state.        
  16:tables of cross sections.           35:Astrophysics S-factors  / Ecm.     
  38:cross sections for each J/pi.       39:cross sections for each Ecm.       
  40:all cross sectns. for each Elab.    45:scat phase shift as E functions.   
  56:Fusion for each Jtotal.             75:S-factors for lab energies.        
 201:Separate cross sections.           202:Separate cross sections.           

 PARAMETERS : MAXQRN   MFNL   MLOC  LMAX1 MCLIST
    ALLOWED :      1     36      9     70     15
    REQUIRED:      0      0      9     54      9


 ACCURACY ANALYSIS at    43.270 MeV :

  Elastic h*k = 0.041 so OK       compared with 0.200

   Real(S-el) > 0.01 first at J =       4.5
   Real(S-el) > 0.10 first at J =       4.5
   Real(S-el) > 0.50 first at J =       5.5
   Real(S-el) > 0.90 first at J =       7.5
   Real(S-el) > 0.99 first at J =       9.5
   R-turn =    36.87 fm    at J =      50.5

 Forward-angle excitation cut off below   0.432 deg by max JT =      50.5
                              and below   0.267 deg by max R.

 Total CPU  0 time =       0.26 seconds
