 FRESCO - FRES 3.4: Coupled Reaction Channels
 Assuming NAMELIST input.

 p+O20 2nd ex with BG ;                                                          

   0.030  60.000   0.500   0.000   0.000   0.000   0.000   0.000   0.000   0.000

 Centre-of-mass Range is   2002 * 0.0300 fm., Maximum at  60.00 fm., Interpolating NL forms every  0.51 fm.
 Non - locality width is      4 * 0.0300 fm., Maximum of   0.09 fm., Centred at  0.00 fm.
 2-Nucleon Separation of      0 * 0.5100 fm., Maximum of   0.00 fm., Minimum at  0.00 fm.
 Maximum single particle bins of 59.6700 fm.
               M,Mint =         2001        1990


 Range of total J is     0.0 <= J <=    50.0 (at least     0.0) and Absorbtion =>    -1.0000 mb.
 Dry Run = F, CC set limits =  0  0, Relativistic kinematics =  , Both/Far/Near Analyses =  1                     

 Cross Sections (and up to T0 for 0=projectile) for Theta from   0.0 to-180.0 in steps of  1.0 degrees, DGAM=0,  Coordinates = 0 (Mads)

 Lower Radial Cutoff = maximum of -1.60*L*h &       0.0 fm.,  Lower Cutoff for Couplings =   0.0  fm.


 Iterate Couplings between   0 and   1 times, to  0.000 % if sooner.                                          
  Block solved exactly =   2 chs., with Pade = 0 & Isocen =  =0, NOSOL = F, initwf =  0
  NL quadrature with   18 Gaussian points, Calculate multipoles up to    56 from   0
  M-transfers for lp+lt greater than or equal to  6, Angular Integration Cutoff below  2.7778 %


 Trace switches are :  CHANS =  1, LISTCC =  0, TRENEG =  0, CDETR =  0, SMATS =  2, XSTABL =  1, NLPL =  0

                       WAVES =  0, LAMPL =  0, VEFF =  0, KFUS =  0, WDISK =  0, BPM =  0, MELFIL =  0

                       CDCC =  0, NFUS =  0

 Using unit mass = 1.000000 amu and 1/fine-structure constant = 137.03599 ( 1.000000 * true ) with hc = 197.32705 MeV.fm,
  thus 2*amu/hbar^2 = 0.0478450 = 1/20.9008 and Coulomb constant = 0.1574855 so e^2 = 1.43997, and nuclear magneton= 0.1261183

 Now pre-scan input and save to file 3



 *********** PARTITION NUMBER  1 ******************************************************************************************

   PROJ=p          MASS=  1.0073 Z=   1.0,        # STATES=    2T, TARG=O20      MASS= 19.9997 Z=   8.0,     Q-VALUE =  -0.0000 MEV.

     1:  J= 0.5+ (B# 1), E=  0.0000, K= 0.5              Potl#  1       J= 0.0+ (B# 1), E=  0.0000, K= 0.0    

     2:  J= 0.5+ (B# 1), E=  0.0000, K= 0.5              Potl#  1       J= 2.0+ (B# 1), E=  4.1000, K= 0.0    
                                  (Just State  1)


 ************************************************************************************************************************************

 The following POTENTIALS are defined :

  KP#       TYPE      IT    SHAPE      at     V1        r1        a1        V2        r2        a2        A-in     A-used


                                            A#1       A#2        r0c       ac                                                h @ 1
    1    0=Coulomb       0=CHARGE (WS)  1    20.000     0.000    1.3000    0.0000    0.0000    0.0000     0.000    20.000   0.03000

                                           Mn(E1)    Mn(E2)    Mn(E3)  .....
    1   11=Target defm  10=derivatives  2    0.0000    5.3000    0.0000    0.0000    0.0000    0.0000     0.000     3.529= RADIUS

              At    2 is k =  2 (Potl. beta = 0.22286)
                                     Beta of targ. = 0.22286 (using radius of 3.529 fm.).

    1    1=Volume        0=Woods-Saxon  3   48.7789    1.1700    0.7500    0.0000    0.0000    0.0000     0.000    20.000

                                            Def1      Def2      Def3   .....
    1   11=Target defm  10=derivatives  4    0.0000    0.8892    0.0000    0.0000    0.0000    0.0000     0.000     3.176= RADIUS

              At    4 is k =  2 (Potl. beta = 0.28000)
                                     Beta of targ. = 0.28000 (using radius of 3.176 fm.).

    1    1=Volume        0=Woods-Saxon  5    0.0000    0.0000    0.0000    5.0000    1.3200    0.6500     0.000    20.000

                                            Def1      Def2      Def3   .....
    1   11=Target defm  10=derivatives  6    0.0000    1.0032    0.0000    0.0000    0.0000    0.0000     0.000     3.583= RADIUS

              At    6 is k =  2 (Potl. beta = 0.28000)
                                     Beta of targ. = 0.28000 (using radius of 3.583 fm.).

    1    2=Surface       0=Woods-Saxon  7    0.0000    0.0000    0.0000    5.4500    1.3200    0.6500     0.000    20.000

                                            Def1      Def2      Def3   .....
    1   11=Target defm  10=derivatives  8    0.0000    1.0032    0.0000    0.0000    0.0000    0.0000     0.000     3.583= RADIUS

              At    8 is k =  2 (Potl. beta = 0.28000)
                                     Beta of targ. = 0.28000 (using radius of 3.583 fm.).

    1    3=Projtl S.O.   0=Woods-Saxon  9    3.1000    1.0100    0.7500    0.0000    0.0000    0.0000     0.000    20.000

 Incoming partition  1 in excitation state # 1,   Laboratory Energy given for partition  1 Nucleus 1 in Excitation pair 1

0Lab. ENERGY ranges :

   from    35.0000     to   0.00000     in     0 intervals
   from    0.00000     to   0.00000     in     0 intervals
   from    0.00000     to   0.00000     in     0 intervals

 Largest real,imaginary parts of any form factor at R=   59.52 are   2.42E-02  5.84E-32 MeV
 Finished all Couplings @    8.60000029E-04           9

 Symmetric Hamiltonian
1***********************************************************************************************************************************
************************************************************************************************************************************

        INCOMING p        ;    LABORATORY p        ENERGY =   35.000     MeV.

 ***********************************************************************************************************************************
 ***********************************************************************************************************************************

 Allocate arrays for            3  channels, of which            3  need wfs.

 ######################################################################################################################
 #                                                                                                                    #
 # Total SPIN and PARITY =     0.5 +,      3 channels,    3 in 1st block.  Rmin & Coul turning =    0.0    0.3 fm.  #
 #                                                                                                                    #
 ######################################################################################################################



    C Projectl Target   #   EX.   (L  Proj) J  + Targ = Jtotal     E-cm      Re K     Re Eta     RM*K            CH
    1 p        O20      #    1: I   0 0.5    0.5  0.0     0.5    33.32176   1.23648   0.21373   74.1887   0.33920  -0.36833 1 1 1   1
    2 p        O20      #    2:     2 0.5    1.5  2.0     0.5    29.22176   1.15791   0.22823   69.4748  -0.24538  -0.43678 1 1 1   2
    3 p        O20      #    2:     2 0.5    2.5  2.0     0.5    29.22176   1.15791   0.22823   69.4748  -0.24538  -0.43678 1 1 1   2
   S-matrix    1 =    0.26288  -0.28004 for L=    0, J=    0.5 channel on core I =   0.0 from L=    0,  Acc. loss =  0.0 D.
 Elastic phase shift   1 =  -23.406  27.412 deg. for the L =    0, J =    0.5 channel.
       0.5  0.26287663 -0.28004425i: elastic S-matrix  @@      0.00  0   0 F  0
 Reaction Xsec     0.5+/ 0 @ 1 =  17.517 , Out:   0.000#   0.321   17.196f


 Total SPIN, PARITY =     0.5 -,      3 chs,      3 cc.  Rmin & Coul turning =    0.0    0.3
   S-matrix    1 =    0.02088  -0.36519 for L=    1, J=    0.5 channel on core I =   0.0 from L=    1,  Acc. loss =  0.0 D.
 Elastic phase shift   1 =  -43.364  28.812 deg. for the L =    1, J =    0.5 channel.
       0.5  0.02087822 -0.36518597i: elastic S-matrix  @@      0.00  0   0 F  0
 Reaction Xsec     0.5-/ 1 @ 1 =  17.799 , Out:   0.000#   0.266   17.533f

 Allocate arrays for            5  channels, of which            5  need wfs.

 Total SPIN, PARITY =     1.5 +,      5 chs,      5 cc.  Rmin & Coul turning =    0.0    1.3
   S-matrix    1 =   -0.24293  -0.27739 for L=    2, J=    1.5 channel on core I =   0.0 from L=    2,  Acc. loss =  0.0 D.
 Elastic phase shift   1 =  -65.606  28.582 deg. for the L =    2, J =    1.5 channel.
       1.5 -0.24293277 -0.27739092i: elastic S-matrix  @@      0.00  0   0 F  0
 Reaction Xsec     1.5+/ 2 @ 1 =  35.509 , Out:   0.000#   0.560   34.949f


 Total SPIN, PARITY =     1.5 -,      5 chs,      5 cc.  Rmin & Coul turning =    0.0    1.3
   S-matrix    1 =    0.10859  -0.36031 for L=    1, J=    1.5 channel on core I =   0.0 from L=    1,  Acc. loss =  0.0 D.
 Elastic phase shift   1 =  -36.614  27.998 deg. for the L =    1, J =    1.5 channel.
       1.5  0.10859497 -0.36030787i: elastic S-matrix  @@      0.00  0   0 F  0
 Reaction Xsec     1.5-/ 1 @ 1 =  35.277 , Out:   0.000#   0.484   34.793f

 Allocate arrays for            6  channels, of which            6  need wfs.

 Total SPIN, PARITY =     2.5 +,      6 chs,      6 cc.  Rmin & Coul turning =    0.1    2.2
   S-matrix    1 =   -0.11497  -0.35012 for L=    2, J=    2.5 channel on core I =   0.0 from L=    2,  Acc. loss =  0.0 D.
 Elastic phase shift   1 =  -54.089  28.599 deg. for the L =    2, J =    2.5 channel.
       2.5 -0.11496604 -0.35012210i: elastic S-matrix  @@      0.00  0   0 F  0
 Reaction Xsec     2.5+/ 2 @ 1 =  53.273 , Out:   0.000#   0.802   52.471f


 Total SPIN, PARITY =     2.5 -,      6 chs,      6 cc.  Rmin & Coul turning =    0.1    2.2
   S-matrix    1 =   -0.34789  -0.05847 for L=    3, J=    2.5 channel on core I =   0.0 from L=    3,  Acc. loss =  0.0 D.
 Elastic phase shift   1 =  -85.230  29.849 deg. for the L =    3, J =    2.5 channel.
       2.5 -0.34789276 -0.05847232i: elastic S-matrix  @@      0.00  0   0 F  0
 Reaction Xsec     2.5-/ 3 @ 1 =  53.973 , Out:   0.000#   0.583   53.391f


 Total SPIN, PARITY =     3.5 +,      6 chs,      6 cc.  Rmin & Coul turning =    0.1    3.0
   S-matrix    1 =   -0.05437   0.21181 for L=    4, J=    3.5 channel on core I =   0.0 from L=    4,  Acc. loss =  0.0 D.
 Elastic phase shift   1 =   52.198  43.550 deg. for the L =    4, J =    3.5 channel.
       3.5 -0.05436638  0.21180901i: elastic S-matrix  @@      0.00  0   0 F  0
 Reaction Xsec     3.5+/ 4 @ 1 =  78.263 , Out:   0.000#   1.246   77.017f


 Total SPIN, PARITY =     3.5 -,      6 chs,      6 cc.  Rmin & Coul turning =    0.1    3.0
   S-matrix    1 =   -0.30448  -0.24264 for L=    3, J=    3.5 channel on core I =   0.0 from L=    3,  Acc. loss =  0.0 D.
 Elastic phase shift   1 =  -70.724  27.024 deg. for the L =    3, J =    3.5 channel.
       3.5 -0.30448333 -0.24264498i: elastic S-matrix  @@      0.00  0   0 F  0
 Reaction Xsec     3.5-/ 3 @ 1 =  69.734 , Out:   0.000#   0.676   69.058f


 Total SPIN, PARITY =     4.5 +,      6 chs,      6 cc.  Rmin & Coul turning =    0.2    3.8
   S-matrix    1 =   -0.19857   0.07837 for L=    4, J=    4.5 channel on core I =   0.0 from L=    4,  Acc. loss =  0.0 D.
 Elastic phase shift   1 =   79.231  44.240 deg. for the L =    4, J =    4.5 channel.
       4.5 -0.19856528  0.07836897i: elastic S-matrix  @@      0.00  0   0 F  0
 Reaction Xsec     4.5+/ 4 @ 1 =  98.060 , Out:   0.000#   1.391   96.669f


 Total SPIN, PARITY =     4.5 -,      6 chs,      6 cc.  Rmin & Coul turning =    0.2    3.8
   S-matrix    1 =    0.45039   0.29384 for L=    5, J=    4.5 channel on core I =   0.0 from L=    5,  Acc. loss =  0.0 D.
 Elastic phase shift   1 =   16.560  17.771 deg. for the L =    5, J =    4.5 channel.
       4.5  0.45038986  0.29383944i: elastic S-matrix  @@      0.00  0   0 F  0
 Reaction Xsec     4.5-/ 5 @ 1 =  73.029 , Out:   0.000#   1.070   71.959f


 Total SPIN, PARITY =     5.5 +,      6 chs,      6 cc.  Rmin & Coul turning =    0.2    4.6
   S-matrix    1 =    0.79651   0.18616 for L=    6, J=    5.5 channel on core I =   0.0 from L=    6,  Acc. loss =  0.0 D.
 Elastic phase shift   1 =    6.578   5.756 deg. for the L =    6, J =    5.5 channel.
       5.5  0.79650820  0.18616150i: elastic S-matrix  @@      0.00  0   0 F  0
 Reaction Xsec     5.5+/ 6 @ 1 =  40.799 , Out:   0.000#   0.648   40.151f


 Total SPIN, PARITY =     5.5 -,      6 chs,      6 cc.  Rmin & Coul turning =    0.2    4.6
   S-matrix    1 =    0.30847   0.33205 for L=    5, J=    5.5 channel on core I =   0.0 from L=    5,  Acc. loss =  0.0 D.
 Elastic phase shift   1 =   23.554  22.671 deg. for the L =    5, J =    5.5 channel.
       5.5  0.30847407  0.33204669i: elastic S-matrix  @@      0.00  0   0 F  0
 Reaction Xsec     5.5-/ 5 @ 1 =  97.965 , Out:   0.000#   1.400   96.564f


 Total SPIN, PARITY =     6.5 +,      6 chs,      6 cc.  Rmin & Coul turning =    0.3    5.4
   S-matrix    1 =    0.75674   0.24409 for L=    6, J=    6.5 channel on core I =   0.0 from L=    6,  Acc. loss =  0.0 D.
 Elastic phase shift   1 =    8.939   6.567 deg. for the L =    6, J =    6.5 channel.
       6.5  0.75674233  0.24409445i: elastic S-matrix  @@      0.00  0   0 F  0
 Reaction Xsec     6.5+/ 6 @ 1 =  52.898 , Out:   0.000#   0.764   52.133f


 Total SPIN, PARITY =     6.5 -,      6 chs,      6 cc.  Rmin & Coul turning =    0.3    5.4
   S-matrix    1 =    0.93400   0.08420 for L=    7, J=    6.5 channel on core I =   0.0 from L=    7,  Acc. loss =  0.0 D.
 Elastic phase shift   1 =    2.576   1.840 deg. for the L =    7, J =    6.5 channel.
       6.5  0.93399918  0.08420306i: elastic S-matrix  @@      0.00  0   0 F  0
 Reaction Xsec     6.5-/ 7 @ 1 =  17.340 , Out:   0.000#   0.239   17.102f


 Total SPIN, PARITY =     7.5 +,      6 chs,      6 cc.  Rmin & Coul turning =    0.3    6.2
   S-matrix    1 =    0.97919   0.03365 for L=    8, J=    7.5 channel on core I =   0.0 from L=    8,  Acc. loss =  0.0 D.
 Elastic phase shift   1 =    0.984   0.586 deg. for the L =    8, J =    7.5 channel.
       7.5  0.97918661  0.03364705i: elastic S-matrix  @@      0.00  0   0 F  0
 Reaction Xsec     7.5+/ 8 @ 1 =   6.586 , Out:   0.000#   0.044    6.542f


 Total SPIN, PARITY =     7.5 -,      6 chs,      6 cc.  Rmin & Coul turning =    0.3    6.2
   S-matrix    1 =    0.92722   0.11045 for L=    7, J=    7.5 channel on core I =   0.0 from L=    7,  Acc. loss =  0.0 D.
 Elastic phase shift   1 =    3.397   1.963 deg. for the L =    7, J =    7.5 channel.
       7.5  0.92721970  0.11044999i: elastic S-matrix  @@      0.00  0   0 F  0
 Reaction Xsec     7.5-/ 7 @ 1 =  21.052 , Out:   0.000#   0.301   20.751f


 Total SPIN, PARITY =     8.5 +,      6 chs,      6 cc.  Rmin & Coul turning =    0.4    7.0
   S-matrix    1 =    0.97816   0.04366 for L=    8, J=    8.5 channel on core I =   0.0 from L=    8,  Acc. loss =  0.0 D.
 Elastic phase shift   1 =    1.278   0.604 deg. for the L =    8, J =    8.5 channel.
       8.5  0.97816291  0.04365569i: elastic S-matrix  @@      0.00  0   0 F  0
 Reaction Xsec     8.5+/ 8 @ 1 =   7.636 , Out:   0.000#   0.054    7.582f


 Total SPIN, PARITY =     8.5 -,      6 chs,      6 cc.  Rmin & Coul turning =    0.4    7.0
   S-matrix    1 =    0.99342   0.01282 for L=    9, J=    8.5 channel on core I =   0.0 from L=    9,  Acc. loss =  0.0 D.
 Elastic phase shift   1 =    0.370   0.187 deg. for the L =    9, J =    8.5 channel.
       8.5  0.99342351  0.01281901i: elastic S-matrix  @@      0.00  0   0 F  0
 Reaction Xsec     8.5-/ 9 @ 1 =   2.394 , Out:   0.000#   5.066/   2.389f


 Total SPIN, PARITY =     9.5 +,      6 chs,      6 cc.  Rmin & Coul turning =    0.4    7.8
   S-matrix    1 =    0.99791   0.00480 for L=   10, J=    9.5 channel on core I =   0.0 from L=   10,  Acc. loss =  0.0 D.
 Elastic phase shift   1 =    0.138   0.060 deg. for the L =   10, J =    9.5 channel.
       9.5  0.99790774  0.00479679i: elastic S-matrix  @@      0.00  0   0 F  0
 Reaction Xsec     9.5+/10 @ 1 =   0.854 , Out:   0.000#   0.366/   0.854f


 Total SPIN, PARITY =     9.5 -,      6 chs,      6 cc.  Rmin & Coul turning =    0.4    7.8
   S-matrix    1 =    0.99328   0.01654 for L=    9, J=    9.5 channel on core I =   0.0 from L=    9,  Acc. loss =  0.0 D.
 Elastic phase shift   1 =    0.477   0.189 deg. for the L =    9, J =    9.5 channel.
       9.5  0.99327637  0.01653661i: elastic S-matrix  @@      0.00  0   0 F  0
 Reaction Xsec     9.5-/ 9 @ 1 =   2.698 , Out:   0.000#   5.937/   2.692f


 Total SPIN, PARITY =    10.5 +,      6 chs,      6 cc.  Rmin & Coul turning =    0.5    8.7
   S-matrix    1 =    0.99789   0.00618 for L=   10, J=   10.5 channel on core I =   0.0 from L=   10,  Acc. loss =  0.0 D.
 Elastic phase shift   1 =    0.177   0.060 deg. for the L =   10, J =   10.5 channel.
      10.5  0.99788688  0.00617619i: elastic S-matrix  @@      0.00  0   0 F  0
 Reaction Xsec    10.5+/10 @ 1 =   0.946 , Out:   0.000#   0.414/   0.945f


 Total SPIN, PARITY =    10.5 -,      6 chs,      6 cc.  Rmin & Coul turning =    0.5    8.7
   S-matrix    1 =    0.99933   0.00178 for L=   11, J=   10.5 channel on core I =   0.0 from L=   11,  Acc. loss =  0.0 D.
 Elastic phase shift   1 =    0.051   0.019 deg. for the L =   11, J =   10.5 channel.
      10.5  0.99933162  0.00178158i: elastic S-matrix  @@      0.00  0   0 F  0
 Reaction Xsec    10.5-/11 @ 1 =   0.301 , Out:   0.000#   0.151/   0.301f


 Total SPIN, PARITY =    11.5 +,      6 chs,      6 cc.  Rmin & Coul turning =    0.5    9.5
   S-matrix    1 =    0.99979   0.00066 for L=   12, J=   11.5 channel on core I =   0.0 from L=   12,  Acc. loss =  0.0 D.
 Elastic phase shift   1 =    0.019   0.006 deg. for the L =   12, J =   11.5 channel.
      11.5  0.99978607  0.00065910i: elastic S-matrix  @@      0.00  0   0 F  0
 Reaction Xsec    11.5+/12 @ 1 =   0.105 , Out:   0.000#   0.235/   0.105f


 Total SPIN, PARITY =    11.5 -,      6 chs,      6 cc.  Rmin & Coul turning =    0.5    9.5
   S-matrix    1 =    0.99933   0.00229 for L=   11, J=   11.5 channel on core I =   0.0 from L=   11,  Acc. loss =  0.0 D.
 Elastic phase shift   1 =    0.066   0.019 deg. for the L =   11, J =   11.5 channel.
      11.5  0.99932868  0.00229369i: elastic S-matrix  @@      0.00  0   0 F  0
 Reaction Xsec    11.5-/11 @ 1 =   0.330 , Out:   0.000#   0.164/   0.329f


 Total SPIN, PARITY =    12.5 +,      6 chs,      6 cc.  Rmin & Coul turning =    0.6   10.3
   S-matrix    1 =    0.99979   0.00085 for L=   12, J=   12.5 channel on core I =   0.0 from L=   12,  Acc. loss =  0.0 D.
 Elastic phase shift   1 =    0.024   0.006 deg. for the L =   12, J =   12.5 channel.
      12.5  0.99978566  0.00084905i: elastic S-matrix  @@      0.00  0   0 F  0
 Reaction Xsec    12.5+/12 @ 1 =   0.114 , Out:   0.000#   0.255/   0.114f


 Total SPIN, PARITY =    12.5 -,      6 chs,      6 cc.  Rmin & Coul turning =    0.6   10.3
   S-matrix    1 =    0.99993   0.00024 for L=   13, J=   12.5 channel on core I =   0.0 from L=   13,  Acc. loss =  0.0 D.
 Elastic phase shift   1 =    0.007   0.002 deg. for the L =   13, J =   12.5 channel.
      12.5  0.99993139  0.00024321i: elastic S-matrix  @@      0.00  0   0 F  0
 Reaction Xsec    12.5-/13 @ 1 =   0.037 , Out:   0.000#   0.251/   0.036f


 Total SPIN, PARITY =    13.5 +,      6 chs,      6 cc.  Rmin & Coul turning =    0.6   11.1
   S-matrix    1 =    0.99998   0.00009 for L=   14, J=   13.5 channel on core I =   0.0 from L=   14,  Acc. loss =  0.0 D.
 Elastic phase shift   1 =    0.003   0.001 deg. for the L =   14, J =   13.5 channel.
      13.5  0.99997788  0.00008958i: elastic S-matrix  @@      0.00  0   0 F  0
 Reaction Xsec    13.5+/14 @ 1 =   0.013 , Out:   0.000#   0.228/   0.012f


 Total SPIN, PARITY =    13.5 -,      6 chs,      6 cc.  Rmin & Coul turning =    0.6   11.1
   S-matrix    1 =    0.99993   0.00031 for L=   13, J=   13.5 channel on core I =   0.0 from L=   13,  Acc. loss =  0.0 D.
 Elastic phase shift   1 =    0.009   0.002 deg. for the L =   13, J =   13.5 channel.
      13.5  0.99993133  0.00031353i: elastic S-matrix  @@      0.00  0   0 F  0
 Reaction Xsec    13.5-/13 @ 1 =   0.039 , Out:   0.000#   0.271/   0.039f


 Total SPIN, PARITY =    14.5 +,      6 chs,      6 cc.  Rmin & Coul turning =    0.7   11.9
   S-matrix    1 =    0.99998   0.00012 for L=   14, J=   14.5 channel on core I =   0.0 from L=   14,  Acc. loss =  0.0 D.
 Elastic phase shift   1 =    0.003   0.001 deg. for the L =   14, J =   14.5 channel.
      14.5  0.99997787  0.00011556i: elastic S-matrix  @@      0.00  0   0 F  0
 Reaction Xsec    14.5+/14 @ 1 =   0.014 , Out:   0.000#   0.245/   0.013f


 Total SPIN, PARITY =    14.5 -,      6 chs,      6 cc.  Rmin & Coul turning =    0.7   11.9
   S-matrix    1 =    0.99999   0.00003 for L=   15, J=   14.5 channel on core I =   0.0 from L=   15,  Acc. loss =  0.0 D.
 Elastic phase shift   1 =    0.001   0.000 deg. for the L =   15, J =   14.5 channel.
      14.5  0.99999277  0.00003297i: elastic S-matrix  @@      0.00  0   0 F  0
 Reaction Xsec    14.5-/15 @ 1 =   4.456/, Out:   0.000#   0.195/   0.004f


 Total SPIN, PARITY =    15.5 +,      6 chs,      6 cc.  Rmin & Coul turning =    0.7   12.7
   S-matrix    1 =    1.00000   0.00001 for L=   16, J=   15.5 channel on core I =   0.0 from L=   16,  Acc. loss =  0.0 D.
 Elastic phase shift   1 =    0.000   0.000 deg. for the L =   16, J =   15.5 channel.
      15.5  0.99999755  0.00001215i: elastic S-matrix  @@      0.00  0   0 F  0
 Reaction Xsec    15.5+/16 @ 1 =   1.609/, Out:   0.000#   0.164/   0.001f


 Total SPIN, PARITY =    15.5 -,      6 chs,      6 cc.  Rmin & Coul turning =    0.7   12.7
   S-matrix    1 =    0.99999   0.00004 for L=   15, J=   15.5 channel on core I =   0.0 from L=   15,  Acc. loss =  0.0 D.
 Elastic phase shift   1 =    0.001   0.000 deg. for the L =   15, J =   15.5 channel.
      15.5  0.99999277  0.00004255i: elastic S-matrix  @@      0.00  0   0 F  0
 Reaction Xsec    15.5-/15 @ 1 =   4.754/, Out:   0.000#   0.208/   0.005f


 Total SPIN, PARITY =    16.5 +,      6 chs,      6 cc.  Rmin & Coul turning =    0.8   13.5
   S-matrix    1 =    1.00000   0.00002 for L=   16, J=   16.5 channel on core I =   0.0 from L=   16,  Acc. loss =  0.0 D.
 Elastic phase shift   1 =    0.000   0.000 deg. for the L =   16, J =   16.5 channel.
      16.5  0.99999755  0.00001567i: elastic S-matrix  @@      0.00  0   0 F  0
 Reaction Xsec    16.5+/16 @ 1 =   1.709/, Out:   0.000#   0.175/   0.002f


 Total SPIN, PARITY =    16.5 -,      6 chs,      6 cc.  Rmin & Coul turning =    0.8   13.5
   S-matrix    1 =    1.00000   0.00000 for L=   17, J=   16.5 channel on core I =   0.0 from L=   17,  Acc. loss =  0.0 D.
 Elastic phase shift   1 =    0.000   0.000 deg. for the L =   17, J =   16.5 channel.
      16.5  0.99999911  0.00000450i: elastic S-matrix  @@      0.00  0   0 F  0
 Reaction Xsec    16.5-/17 @ 1 =   0.624/, Out:   0.000#   0.137/   0.000f


 Total SPIN, PARITY =    17.5 +,      6 chs,      6 cc.  Rmin & Coul turning =    0.8   14.3
   S-matrix    1 =    1.00000   0.00000 for L=   18, J=   17.5 channel on core I =   0.0 from L=   18,  Acc. loss =  0.0 D.
 Elastic phase shift   1 =    0.000   0.000 deg. for the L =   18, J =   17.5 channel.
      17.5  0.99999962  0.00000169i: elastic S-matrix  @@      0.00  0   0 F  0
 Reaction Xsec    17.5+/18 @ 1 =   0.279/, Out:   0.000#   0.115/   0.000f


 Total SPIN, PARITY =    17.5 -,      6 chs,      6 cc.  Rmin & Coul turning =    0.8   14.3
   S-matrix    1 =    1.00000   0.00001 for L=   17, J=   17.5 channel on core I =   0.0 from L=   17,  Acc. loss =  0.0 D.
 Elastic phase shift   1 =    0.000   0.000 deg. for the L =   17, J =   17.5 channel.
      17.5  0.99999911  0.00000579i: elastic S-matrix  @@      0.00  0   0 F  0
 Reaction Xsec    17.5-/17 @ 1 =   0.661/, Out:   0.000#   0.145/   0.001f


 Total SPIN, PARITY =    18.5 +,      6 chs,      6 cc.  Rmin & Coul turning =    0.8   15.1
   S-matrix    1 =    1.00000   0.00000 for L=   18, J=   18.5 channel on core I =   0.0 from L=   18,  Acc. loss =  0.0 D.
 Elastic phase shift   1 =    0.000   0.000 deg. for the L =   18, J =   18.5 channel.
      18.5  0.99999962  0.00000216i: elastic S-matrix  @@      0.00  0   0 F  0
 Reaction Xsec    18.5+/18 @ 1 =   0.294/, Out:   0.000#   0.122/   0.000f


 Total SPIN, PARITY =    18.5 -,      6 chs,      6 cc.  Rmin & Coul turning =    0.8   15.1
   S-matrix    1 =    1.00000   0.00000 for L=   19, J=   18.5 channel on core I =   0.0 from L=   19,  Acc. loss =  0.0 D.
 Elastic phase shift   1 =    0.000   0.000 deg. for the L =   19, J =   18.5 channel.
      18.5  0.99999981  0.00000065i: elastic S-matrix  @@      0.00  0   0 F  0
 Reaction Xsec    18.5-/19 @ 1 =   0.151/, Out:   0.000#   0.097/   0.000f


 Total SPIN, PARITY =    19.5 +,      6 chs,      6 cc.  Rmin & Coul turning =    0.9   15.9
   S-matrix    1 =    1.00000   0.00000 for L=   20, J=   19.5 channel on core I =   0.0 from L=   20,  Acc. loss =  0.0 D.
 Elastic phase shift   1 =    0.000   0.000 deg. for the L =   20, J =   19.5 channel.
      19.5  0.99999988  0.00000027i: elastic S-matrix  @@      0.00  0   0 F  0
 Reaction Xsec    19.5+/20 @ 1 =   0.100/, Out:   0.000#   0.082/   0.000f


 Total SPIN, PARITY =    19.5 -,      6 chs,      6 cc.  Rmin & Coul turning =    0.9   15.9
   S-matrix    1 =    1.00000   0.00000 for L=   19, J=   19.5 channel on core I =   0.0 from L=   19,  Acc. loss =  0.0 D.
 Elastic phase shift   1 =    0.000   0.000 deg. for the L =   19, J =   19.5 channel.
      19.5  0.99999981  0.00000083i: elastic S-matrix  @@      0.00  0   0 F  0
 Reaction Xsec    19.5-/19 @ 1 =   0.159/, Out:   0.000#   0.102/   0.000f


 Total SPIN, PARITY =    20.5 +,      6 chs,      6 cc.  Rmin & Coul turning =    1.0   16.7
   S-matrix    1 =    1.00000   0.00000 for L=   20, J=   20.5 channel on core I =   0.0 from L=   20,  Acc. loss =  0.0 D.
 Elastic phase shift   1 =    0.000   0.000 deg. for the L =   20, J =   20.5 channel.
      20.5  0.99999988  0.00000033i: elastic S-matrix  @@      0.00  0   0 F  0
 Reaction Xsec    20.5+/20 @ 1 =   0.105/, Out:   0.000#   0.086/   0.000f


 Total SPIN, PARITY =    20.5 -,      6 chs,      6 cc.  Rmin & Coul turning =    1.0   16.7
   S-matrix    1 =    1.00000   0.00000 for L=   21, J=   20.5 channel on core I =   0.0 from L=   21,  Acc. loss =  0.0 D.
 Elastic phase shift   1 =    0.000   0.000 deg. for the L =   21, J =   20.5 channel.
      20.5  0.99999991  0.00000013i: elastic S-matrix  @@      0.00  0   0 F  0
 Reaction Xsec    20.5-/21 @ 1 =   0.075/, Out:   0.000#   0.069/   0.000f


 Total SPIN, PARITY =    21.5 +,      6 chs,      6 cc.  Rmin & Coul turning =    1.0   17.6
   S-matrix    1 =    1.00000   0.00000 for L=   22, J=   21.5 channel on core I =   0.0 from L=   22,  Acc. loss =  0.0 D.
 Elastic phase shift   1 =    0.000   0.000 deg. for the L =   22, J =   21.5 channel.
      21.5  0.99999993  0.00000007i: elastic S-matrix  @@      0.00  0   0 F  0
 Reaction Xsec    21.5+/22 @ 1 =   0.061/, Out:   0.000#   0.059/   0.000f


 Total SPIN, PARITY =    21.5 -,      6 chs,      6 cc.  Rmin & Coul turning =    1.0   17.6
   S-matrix    1 =    1.00000   0.00000 for L=   21, J=   21.5 channel on core I =   0.0 from L=   21,  Acc. loss =  0.0 D.
 Elastic phase shift   1 =    0.000   0.000 deg. for the L =   21, J =   21.5 channel.
      21.5  0.99999991  0.00000015i: elastic S-matrix  @@      0.00  0   0 F  0
 Reaction Xsec    21.5-/21 @ 1 =   0.079/, Out:   0.000#   0.073/   0.000f


 Total SPIN, PARITY =    22.5 +,      6 chs,      6 cc.  Rmin & Coul turning =    1.1   18.4
   S-matrix    1 =    1.00000   0.00000 for L=   22, J=   22.5 channel on core I =   0.0 from L=   22,  Acc. loss =  0.0 D.
 Elastic phase shift   1 =    0.000   0.000 deg. for the L =   22, J =   22.5 channel.
      22.5  0.99999993  0.00000008i: elastic S-matrix  @@      0.00  0   0 F  0
 Reaction Xsec    22.5+/22 @ 1 =   0.064/, Out:   0.000#   0.062/   0.000f


 Total SPIN, PARITY =    22.5 -,      6 chs,      6 cc.  Rmin & Coul turning =    1.1   18.4
   S-matrix    1 =    1.00000   0.00000 for L=   23, J=   22.5 channel on core I =   0.0 from L=   23,  Acc. loss =  0.0 D.
 Elastic phase shift   1 =    0.000   0.000 deg. for the L =   23, J =   22.5 channel.
      22.5  0.99999995  0.00000005i: elastic S-matrix  @@      0.00  0   0 F  0
 Reaction Xsec    22.5-/23 @ 1 =   0.051/, Out:   0.000#   0.050/   0.000f


 Total SPIN, PARITY =    23.5 +,      6 chs,      6 cc.  Rmin & Coul turning =    1.1   19.2
   S-matrix    1 =    1.00000   0.00000 for L=   24, J=   23.5 channel on core I =   0.0 from L=   24,  Acc. loss =  0.0 D.
 Elastic phase shift   1 =    0.000   0.000 deg. for the L =   24, J =   23.5 channel.
      23.5  0.99999996  0.00000004i: elastic S-matrix  @@      0.00  0   0 F  0
 Reaction Xsec    23.5+/24 @ 1 =   0.043/, Out:   0.000#   0.043/   0.000f


 Total SPIN, PARITY =    23.5 -,      6 chs,      6 cc.  Rmin & Coul turning =    1.1   19.2
   S-matrix    1 =    1.00000   0.00000 for L=   23, J=   23.5 channel on core I =   0.0 from L=   23,  Acc. loss =  0.0 D.
 Elastic phase shift   1 =    0.000   0.000 deg. for the L =   23, J =   23.5 channel.
      23.5  0.99999995  0.00000005i: elastic S-matrix  @@      0.00  0   0 F  0
 Reaction Xsec    23.5-/23 @ 1 =   0.053/, Out:   0.000#   0.053/   0.000f


 Total SPIN, PARITY =    24.5 +,      6 chs,      6 cc.  Rmin & Coul turning =    1.1   20.0
   S-matrix    1 =    1.00000   0.00000 for L=   24, J=   24.5 channel on core I =   0.0 from L=   24,  Acc. loss =  0.0 D.
 Elastic phase shift   1 =    0.000   0.000 deg. for the L =   24, J =   24.5 channel.
      24.5  0.99999996  0.00000004i: elastic S-matrix  @@      0.00  0   0 F  0
 Reaction Xsec    24.5+/24 @ 1 =   0.045/, Out:   0.000#   0.045/   0.000f


 Total SPIN, PARITY =    24.5 -,      6 chs,      6 cc.  Rmin & Coul turning =    1.1   20.0
   S-matrix    1 =    1.00000   0.00000 for L=   25, J=   24.5 channel on core I =   0.0 from L=   25,  Acc. loss =  0.0 D.
 Elastic phase shift   1 =    0.000   0.000 deg. for the L =   25, J =   24.5 channel.
      24.5  0.99999996  0.00000003i: elastic S-matrix  @@      0.00  0   0 F  0
 Reaction Xsec    24.5-/25 @ 1 =   0.037/, Out:   0.000#   0.037/   0.000f


 Total SPIN, PARITY =    25.5 +,      6 chs,      6 cc.  Rmin & Coul turning =    1.2   20.8
   S-matrix    1 =    1.00000   0.00000 for L=   26, J=   25.5 channel on core I =   0.0 from L=   26,  Acc. loss =  0.0 D.
 Elastic phase shift   1 =    0.000   0.000 deg. for the L =   26, J =   25.5 channel.
      25.5  0.99999997  0.00000003i: elastic S-matrix  @@      0.00  0   0 F  0
 Reaction Xsec    25.5+/26 @ 1 =   0.032/, Out:   0.000#   0.032/   0.000f


 Total SPIN, PARITY =    25.5 -,      6 chs,      6 cc.  Rmin & Coul turning =    1.2   20.8
   S-matrix    1 =    1.00000   0.00000 for L=   25, J=   25.5 channel on core I =   0.0 from L=   25,  Acc. loss =  0.0 D.
 Elastic phase shift   1 =    0.000   0.000 deg. for the L =   25, J =   25.5 channel.
      25.5  0.99999996  0.00000003i: elastic S-matrix  @@      0.00  0   0 F  0
 Reaction Xsec    25.5-/25 @ 1 =   0.039/, Out:   0.000#   0.038/   0.000f


 Total SPIN, PARITY =    26.5 +,      6 chs,      6 cc.  Rmin & Coul turning =    1.2   21.6
   S-matrix    1 =    1.00000   0.00000 for L=   26, J=   26.5 channel on core I =   0.0 from L=   26,  Acc. loss =  0.0 D.
 Elastic phase shift   1 =    0.000   0.000 deg. for the L =   26, J =   26.5 channel.
      26.5  0.99999997  0.00000003i: elastic S-matrix  @@      0.00  0   0 F  0
 Reaction Xsec    26.5+/26 @ 1 =   0.033/, Out:   0.000#   0.033/   0.000f


 Total SPIN, PARITY =    26.5 -,      6 chs,      6 cc.  Rmin & Coul turning =    1.2   21.6
   S-matrix    1 =    1.00000   0.00000 for L=   27, J=   26.5 channel on core I =   0.0 from L=   27,  Acc. loss =  0.0 D.
 Elastic phase shift   1 =    0.000   0.000 deg. for the L =   27, J =   26.5 channel.
      26.5  0.99999998  0.00000002i: elastic S-matrix  @@      0.00  0   0 F  0
 Reaction Xsec    26.5-/27 @ 1 =   0.027/, Out:   0.000#   0.027/   0.000f


 Total SPIN, PARITY =    27.5 +,      6 chs,      6 cc.  Rmin & Coul turning =    1.3   22.4
   S-matrix    1 =    1.00000   0.00000 for L=   28, J=   27.5 channel on core I =   0.0 from L=   28,  Acc. loss =  0.0 D.
 Elastic phase shift   1 =    0.000   0.000 deg. for the L =   28, J =   27.5 channel.
      27.5  0.99999998  0.00000002i: elastic S-matrix  @@      0.00  0   0 F  0
 Reaction Xsec    27.5+/28 @ 1 =   0.024/, Out:   0.000#   0.024/   0.000f


 Total SPIN, PARITY =    27.5 -,      6 chs,      6 cc.  Rmin & Coul turning =    1.3   22.4
   S-matrix    1 =    1.00000   0.00000 for L=   27, J=   27.5 channel on core I =   0.0 from L=   27,  Acc. loss =  0.0 D.
 Elastic phase shift   1 =    0.000   0.000 deg. for the L =   27, J =   27.5 channel.
      27.5  0.99999998  0.00000002i: elastic S-matrix  @@      0.00  0   0 F  0
 Reaction Xsec    27.5-/27 @ 1 =   0.028/, Out:   0.000#   0.028/   0.000f


 Total SPIN, PARITY =    28.5 +,      6 chs,      6 cc.  Rmin & Coul turning =    1.3   23.2
   S-matrix    1 =    1.00000   0.00000 for L=   28, J=   28.5 channel on core I =   0.0 from L=   28,  Acc. loss =  0.0 D.
 Elastic phase shift   1 =    0.000   0.000 deg. for the L =   28, J =   28.5 channel.
      28.5  0.99999998  0.00000002i: elastic S-matrix  @@      0.00  0   0 F  0
 Reaction Xsec    28.5+/28 @ 1 =   0.025/, Out:   0.000#   0.025/   0.000f


 Total SPIN, PARITY =    28.5 -,      6 chs,      6 cc.  Rmin & Coul turning =    1.3   23.2
   S-matrix    1 =    1.00000   0.00000 for L=   29, J=   28.5 channel on core I =   0.0 from L=   29,  Acc. loss =  0.0 D.
 Elastic phase shift   1 =    0.000   0.000 deg. for the L =   29, J =   28.5 channel.
      28.5  0.99999998  0.00000002i: elastic S-matrix  @@      0.00  0   0 F  0
 Reaction Xsec    28.5-/29 @ 1 =   0.021/, Out:   0.000#   0.021/   0.000f


 Total SPIN, PARITY =    29.5 +,      6 chs,      6 cc.  Rmin & Coul turning =    1.4   24.0
   S-matrix    1 =    1.00000   0.00000 for L=   30, J=   29.5 channel on core I =   0.0 from L=   30,  Acc. loss =  0.0 D.
 Elastic phase shift   1 =    0.000   0.000 deg. for the L =   30, J =   29.5 channel.
      29.5  0.99999999  0.00000002i: elastic S-matrix  @@      0.00  0   0 F  0
 Reaction Xsec    29.5+/30 @ 1 =   0.018/, Out:   0.000#   0.018/   0.000f


 Total SPIN, PARITY =    29.5 -,      6 chs,      6 cc.  Rmin & Coul turning =    1.4   24.0
   S-matrix    1 =    1.00000   0.00000 for L=   29, J=   29.5 channel on core I =   0.0 from L=   29,  Acc. loss =  0.0 D.
 Elastic phase shift   1 =    0.000   0.000 deg. for the L =   29, J =   29.5 channel.
      29.5  0.99999998  0.00000002i: elastic S-matrix  @@      0.00  0   0 F  0
 Reaction Xsec    29.5-/29 @ 1 =   0.021/, Out:   0.000#   0.021/   0.000f


 Total SPIN, PARITY =    30.5 +,      6 chs,      6 cc.  Rmin & Coul turning =    1.4   24.8
   S-matrix    1 =    1.00000   0.00000 for L=   30, J=   30.5 channel on core I =   0.0 from L=   30,  Acc. loss =  0.0 D.
 Elastic phase shift   1 =    0.000   0.000 deg. for the L =   30, J =   30.5 channel.
      30.5  0.99999999  0.00000002i: elastic S-matrix  @@      0.00  0   0 F  0
 Reaction Xsec    30.5+/30 @ 1 =   0.018/, Out:   0.000#   0.018/   0.000f


 Total SPIN, PARITY =    30.5 -,      6 chs,      6 cc.  Rmin & Coul turning =    1.4   24.8
   S-matrix    1 =    1.00000   0.00000 for L=   31, J=   30.5 channel on core I =   0.0 from L=   31,  Acc. loss =  0.0 D.
 Elastic phase shift   1 =    0.000   0.000 deg. for the L =   31, J =   30.5 channel.
      30.5  0.99999999  0.00000001i: elastic S-matrix  @@      0.00  0   0 F  0
 Reaction Xsec    30.5-/31 @ 1 =   0.016/, Out:   0.000#   0.016/   0.000f


 Total SPIN, PARITY =    31.5 +,      6 chs,      6 cc.  Rmin & Coul turning =    1.5   25.6
   S-matrix    1 =    1.00000   0.00000 for L=   32, J=   31.5 channel on core I =   0.0 from L=   32,  Acc. loss =  0.0 D.
 Elastic phase shift   1 =    0.000   0.000 deg. for the L =   32, J =   31.5 channel.
      31.5  0.99999999  0.00000001i: elastic S-matrix  @@      0.00  0   0 F  0
 Reaction Xsec    31.5+/32 @ 1 =   0.014/, Out:   0.000#   0.014/   0.000f


 Total SPIN, PARITY =    31.5 -,      6 chs,      6 cc.  Rmin & Coul turning =    1.5   25.6
   S-matrix    1 =    1.00000   0.00000 for L=   31, J=   31.5 channel on core I =   0.0 from L=   31,  Acc. loss =  0.0 D.
 Elastic phase shift   1 =    0.000   0.000 deg. for the L =   31, J =   31.5 channel.
      31.5  0.99999999  0.00000001i: elastic S-matrix  @@      0.00  0   0 F  0
 Reaction Xsec    31.5-/31 @ 1 =   0.016/, Out:   0.000#   0.016/   0.000f


 Total SPIN, PARITY =    32.5 +,      6 chs,      6 cc.  Rmin & Coul turning =    1.5   26.5
   S-matrix    1 =    1.00000   0.00000 for L=   32, J=   32.5 channel on core I =   0.0 from L=   32,  Acc. loss =  0.0 D.
 Elastic phase shift   1 =    0.000   0.000 deg. for the L =   32, J =   32.5 channel.
      32.5  0.99999999  0.00000001i: elastic S-matrix  @@      0.00  0   0 F  0
 Reaction Xsec    32.5+/32 @ 1 =   0.014/, Out:   0.000#   0.014/   0.000f


 Total SPIN, PARITY =    32.5 -,      6 chs,      6 cc.  Rmin & Coul turning =    1.5   26.5
   S-matrix    1 =    1.00000   0.00000 for L=   33, J=   32.5 channel on core I =   0.0 from L=   33,  Acc. loss =  0.0 D.
 Elastic phase shift   1 =    0.000   0.000 deg. for the L =   33, J =   32.5 channel.
      32.5  0.99999999  0.00000001i: elastic S-matrix  @@      0.00  0   0 F  0
 Reaction Xsec    32.5-/33 @ 1 =   0.012/, Out:   0.000#   0.012/   0.000f


 Total SPIN, PARITY =    33.5 +,      6 chs,      6 cc.  Rmin & Coul turning =    1.6   27.3
   S-matrix    1 =    1.00000   0.00000 for L=   34, J=   33.5 channel on core I =   0.0 from L=   34,  Acc. loss =  0.0 D.
 Elastic phase shift   1 =    0.000   0.000 deg. for the L =   34, J =   33.5 channel.
      33.5  0.99999999  0.00000001i: elastic S-matrix  @@      0.00  0   0 F  0
 Reaction Xsec    33.5+/34 @ 1 =   0.010/, Out:   0.000#   0.010/   0.000f


 Total SPIN, PARITY =    33.5 -,      6 chs,      6 cc.  Rmin & Coul turning =    1.6   27.3
   S-matrix    1 =    1.00000   0.00000 for L=   33, J=   33.5 channel on core I =   0.0 from L=   33,  Acc. loss =  0.0 D.
 Elastic phase shift   1 =    0.000   0.000 deg. for the L =   33, J =   33.5 channel.
      33.5  0.99999999  0.00000001i: elastic S-matrix  @@      0.00  0   0 F  0
 Reaction Xsec    33.5-/33 @ 1 =   0.012/, Out:   0.000#   0.012/   0.000f


 Total SPIN, PARITY =    34.5 +,      6 chs,      6 cc.  Rmin & Coul turning =    1.6   28.1
   S-matrix    1 =    1.00000   0.00000 for L=   34, J=   34.5 channel on core I =   0.0 from L=   34,  Acc. loss =  0.0 D.
 Elastic phase shift   1 =    0.000   0.000 deg. for the L =   34, J =   34.5 channel.
      34.5  0.99999999  0.00000001i: elastic S-matrix  @@      0.00  0   0 F  0
 Reaction Xsec    34.5+/34 @ 1 =   0.011/, Out:   0.000#   0.011/   0.000f


 Total SPIN, PARITY =    34.5 -,      6 chs,      6 cc.  Rmin & Coul turning =    1.6   28.1
   S-matrix    1 =    1.00000   0.00000 for L=   35, J=   34.5 channel on core I =   0.0 from L=   35,  Acc. loss =  0.0 D.
 Elastic phase shift   1 =    0.000   0.000 deg. for the L =   35, J =   34.5 channel.
      34.5  0.99999999  0.00000001i: elastic S-matrix  @@      0.00  0   0 F  0
 Reaction Xsec    34.5-/35 @ 1 =   9.026#, Out:   0.000#   9.026#   0.000f


 Total SPIN, PARITY =    35.5 +,      6 chs,      6 cc.  Rmin & Coul turning =    1.7   28.9
   S-matrix    1 =    1.00000   0.00000 for L=   36, J=   35.5 channel on core I =   0.0 from L=   36,  Acc. loss =  0.0 D.
 Elastic phase shift   1 =    0.000   0.000 deg. for the L =   36, J =   35.5 channel.
      35.5  0.99999999  0.00000001i: elastic S-matrix  @@      0.00  0   0 F  0
 Reaction Xsec    35.5+/36 @ 1 =   7.926#, Out:   0.000#   7.926#   0.000f


 Total SPIN, PARITY =    35.5 -,      6 chs,      6 cc.  Rmin & Coul turning =    1.7   28.9
   S-matrix    1 =    1.00000   0.00000 for L=   35, J=   35.5 channel on core I =   0.0 from L=   35,  Acc. loss =  0.0 D.
 Elastic phase shift   1 =    0.000   0.000 deg. for the L =   35, J =   35.5 channel.
      35.5  0.99999999  0.00000001i: elastic S-matrix  @@      0.00  0   0 F  0
 Reaction Xsec    35.5-/35 @ 1 =   9.284#, Out:   0.000#   9.283#   0.000f


 Total SPIN, PARITY =    36.5 +,      6 chs,      6 cc.  Rmin & Coul turning =    1.7   29.7
   S-matrix    1 =    1.00000   0.00000 for L=   36, J=   36.5 channel on core I =   0.0 from L=   36,  Acc. loss =  0.0 D.
 Elastic phase shift   1 =    0.000   0.000 deg. for the L =   36, J =   36.5 channel.
      36.5  0.99999999  0.00000001i: elastic S-matrix  @@      0.00  0   0 F  0
 Reaction Xsec    36.5+/36 @ 1 =   8.146#, Out:   0.000#   8.146#   0.000f


 Total SPIN, PARITY =    36.5 -,      6 chs,      6 cc.  Rmin & Coul turning =    1.7   29.7
   S-matrix    1 =    1.00000   0.00000 for L=   37, J=   36.5 channel on core I =   0.0 from L=   37,  Acc. loss =  0.0 D.
 Elastic phase shift   1 =    0.000   0.000 deg. for the L =   37, J =   36.5 channel.
      36.5  1.00000000  0.00000001i: elastic S-matrix  @@      0.00  0   0 F  0
 Reaction Xsec    36.5-/37 @ 1 =   7.028#, Out:   0.000#   7.028#   0.000f


 Total SPIN, PARITY =    37.5 +,      6 chs,      6 cc.  Rmin & Coul turning =    1.8   30.5
   S-matrix    1 =    1.00000   0.00000 for L=   38, J=   37.5 channel on core I =   0.0 from L=   38,  Acc. loss =  0.0 D.
 Elastic phase shift   1 =    0.000   0.000 deg. for the L =   38, J =   37.5 channel.
      37.5  1.00000000  0.00000001i: elastic S-matrix  @@      0.00  0   0 F  0
 Reaction Xsec    37.5+/38 @ 1 =   6.124#, Out:   0.000#   6.124#   0.000f


 Total SPIN, PARITY =    37.5 -,      6 chs,      6 cc.  Rmin & Coul turning =    1.8   30.5
   S-matrix    1 =    1.00000   0.00000 for L=   37, J=   37.5 channel on core I =   0.0 from L=   37,  Acc. loss =  0.0 D.
 Elastic phase shift   1 =    0.000   0.000 deg. for the L =   37, J =   37.5 channel.
      37.5  1.00000000  0.00000001i: elastic S-matrix  @@      0.00  0   0 F  0
 Reaction Xsec    37.5-/37 @ 1 =   7.218#, Out:   0.000#   7.218#   0.000f


 Total SPIN, PARITY =    38.5 +,      6 chs,      6 cc.  Rmin & Coul turning =    1.8   31.3
   S-matrix    1 =    1.00000   0.00000 for L=   38, J=   38.5 channel on core I =   0.0 from L=   38,  Acc. loss =  0.0 D.
 Elastic phase shift   1 =    0.000   0.000 deg. for the L =   38, J =   38.5 channel.
      38.5  1.00000000  0.00000001i: elastic S-matrix  @@      0.00  0   0 F  0
 Reaction Xsec    38.5+/38 @ 1 =   6.286#, Out:   0.000#   6.285#   0.000f


 Total SPIN, PARITY =    38.5 -,      6 chs,      6 cc.  Rmin & Coul turning =    1.8   31.3
   S-matrix    1 =    1.00000   0.00000 for L=   39, J=   38.5 channel on core I =   0.0 from L=   39,  Acc. loss =  0.0 D.
 Elastic phase shift   1 =    0.000   0.000 deg. for the L =   39, J =   38.5 channel.
      38.5  1.00000000  0.00000001i: elastic S-matrix  @@      0.00  0   0 F  0
 Reaction Xsec    38.5-/39 @ 1 =   5.402#, Out:   0.000#   5.401#   0.000f


 Total SPIN, PARITY =    39.5 +,      6 chs,      6 cc.  Rmin & Coul turning =    1.9   32.1
   S-matrix    1 =    1.00000   0.00000 for L=   40, J=   39.5 channel on core I =   0.0 from L=   40,  Acc. loss =  0.0 D.
 Elastic phase shift   1 =    0.000   0.000 deg. for the L =   40, J =   39.5 channel.
      39.5  1.00000000  0.00000001i: elastic S-matrix  @@      0.00  0   0 F  0
 Reaction Xsec    39.5+/40 @ 1 =   4.839#, Out:   0.000#   4.839#   0.000f


 Total SPIN, PARITY =    39.5 -,      6 chs,      6 cc.  Rmin & Coul turning =    1.9   32.1
   S-matrix    1 =    1.00000   0.00000 for L=   39, J=   39.5 channel on core I =   0.0 from L=   39,  Acc. loss =  0.0 D.
 Elastic phase shift   1 =    0.000   0.000 deg. for the L =   39, J =   39.5 channel.
      39.5  1.00000000  0.00000001i: elastic S-matrix  @@      0.00  0   0 F  0
 Reaction Xsec    39.5-/39 @ 1 =   5.540#, Out:   0.000#   5.540#   0.000f


 Total SPIN, PARITY =    40.5 +,      6 chs,      6 cc.  Rmin & Coul turning =    1.9   32.9
   S-matrix    1 =    1.00000   0.00000 for L=   40, J=   40.5 channel on core I =   0.0 from L=   40,  Acc. loss =  0.0 D.
 Elastic phase shift   1 =    0.000   0.000 deg. for the L =   40, J =   40.5 channel.
      40.5  1.00000000  0.00000001i: elastic S-matrix  @@      0.00  0   0 F  0
 Reaction Xsec    40.5+/40 @ 1 =   4.960#, Out:   0.000#   4.960#   0.000f


 Total SPIN, PARITY =    40.5 -,      6 chs,      6 cc.  Rmin & Coul turning =    1.9   32.9
   S-matrix    1 =    1.00000   0.00000 for L=   41, J=   40.5 channel on core I =   0.0 from L=   41,  Acc. loss =  0.0 D.
 Elastic phase shift   1 =    0.000   0.000 deg. for the L =   41, J =   40.5 channel.
      40.5  1.00000000  0.00000000i: elastic S-matrix  @@      0.00  0   0 F  0
 Reaction Xsec    40.5-/41 @ 1 =   4.238#, Out:   0.000#   4.237#   0.000f


 Total SPIN, PARITY =    41.5 +,      6 chs,      6 cc.  Rmin & Coul turning =    1.9   33.7
   S-matrix    1 =    1.00000   0.00000 for L=   42, J=   41.5 channel on core I =   0.0 from L=   42,  Acc. loss =  0.0 D.
 Elastic phase shift   1 =    0.000   0.000 deg. for the L =   42, J =   41.5 channel.
      41.5  1.00000000  0.00000000i: elastic S-matrix  @@      0.00  0   0 F  0
 Reaction Xsec    41.5+/42 @ 1 =   3.733#, Out:   0.000#   3.733#   0.000f


 Total SPIN, PARITY =    41.5 -,      6 chs,      6 cc.  Rmin & Coul turning =    1.9   33.7
   S-matrix    1 =    1.00000   0.00000 for L=   41, J=   41.5 channel on core I =   0.0 from L=   41,  Acc. loss =  0.0 D.
 Elastic phase shift   1 =    0.000   0.000 deg. for the L =   41, J =   41.5 channel.
      41.5  1.00000000  0.00000000i: elastic S-matrix  @@      0.00  0   0 F  0
 Reaction Xsec    41.5-/41 @ 1 =   4.341#, Out:   0.000#   4.340#   0.000f


 Total SPIN, PARITY =    42.5 +,      6 chs,      6 cc.  Rmin & Coul turning =    2.0   34.5
   S-matrix    1 =    1.00000   0.00000 for L=   42, J=   42.5 channel on core I =   0.0 from L=   42,  Acc. loss =  0.0 D.
 Elastic phase shift   1 =    0.000   0.000 deg. for the L =   42, J =   42.5 channel.
      42.5  1.00000000  0.00000000i: elastic S-matrix  @@      0.00  0   0 F  0
 Reaction Xsec    42.5+/42 @ 1 =   3.822#, Out:   0.000#   3.822#   0.000f


 Total SPIN, PARITY =    42.5 -,      6 chs,      6 cc.  Rmin & Coul turning =    2.0   34.5
   S-matrix    1 =    1.00000   0.00000 for L=   43, J=   42.5 channel on core I =   0.0 from L=   43,  Acc. loss =  0.0 D.
 Elastic phase shift   1 =    0.000   0.000 deg. for the L =   43, J =   42.5 channel.
      42.5  1.00000000  0.00000000i: elastic S-matrix  @@      0.00  0   0 F  0
 Reaction Xsec    42.5-/43 @ 1 =   3.386#, Out:   0.000#   3.385#   0.000f


 Total SPIN, PARITY =    43.5 +,      6 chs,      6 cc.  Rmin & Coul turning =    2.0   35.4
   S-matrix    1 =    1.00000   0.00000 for L=   44, J=   43.5 channel on core I =   0.0 from L=   44,  Acc. loss =  0.0 D.
 Elastic phase shift   1 =    0.000   0.000 deg. for the L =   44, J =   43.5 channel.
      43.5  1.00000000  0.00000000i: elastic S-matrix  @@      0.00  0   0 F  0
 Reaction Xsec    43.5+/44 @ 1 =   3.006#, Out:   0.000#   3.006#   0.000f


 Total SPIN, PARITY =    43.5 -,      6 chs,      6 cc.  Rmin & Coul turning =    2.0   35.4
   S-matrix    1 =    1.00000   0.00000 for L=   43, J=   43.5 channel on core I =   0.0 from L=   43,  Acc. loss =  0.0 D.
 Elastic phase shift   1 =    0.000   0.000 deg. for the L =   43, J =   43.5 channel.
      43.5  1.00000000  0.00000000i: elastic S-matrix  @@      0.00  0   0 F  0
 Reaction Xsec    43.5-/43 @ 1 =   3.464#, Out:   0.000#   3.464#   0.000f


 Total SPIN, PARITY =    44.5 +,      6 chs,      6 cc.  Rmin & Coul turning =    2.1   36.2
   S-matrix    1 =    1.00000   0.00000 for L=   44, J=   44.5 channel on core I =   0.0 from L=   44,  Acc. loss =  0.0 D.
 Elastic phase shift   1 =    0.000   0.000 deg. for the L =   44, J =   44.5 channel.
      44.5  1.00000000  0.00000000i: elastic S-matrix  @@      0.00  0   0 F  0
 Reaction Xsec    44.5+/44 @ 1 =   3.074#, Out:   0.000#   3.074#   0.000f


 Total SPIN, PARITY =    44.5 -,      6 chs,      6 cc.  Rmin & Coul turning =    2.1   36.2
   S-matrix    1 =    1.00000   0.00000 for L=   45, J=   44.5 channel on core I =   0.0 from L=   45,  Acc. loss =  0.0 D.
 Elastic phase shift   1 =    0.000   0.000 deg. for the L =   45, J =   44.5 channel.
      44.5  1.00000000  0.00000000i: elastic S-matrix  @@      0.00  0   0 F  0
 Reaction Xsec    44.5-/45 @ 1 =   2.627#, Out:   0.000#   2.627#   0.000f


 Total SPIN, PARITY =    45.5 +,      6 chs,      6 cc.  Rmin & Coul turning =    2.2   37.0
   S-matrix    1 =    1.00000   0.00000 for L=   46, J=   45.5 channel on core I =   0.0 from L=   46,  Acc. loss =  0.0 D.
 Elastic phase shift   1 =    0.000   0.000 deg. for the L =   46, J =   45.5 channel.
      45.5  1.00000000  0.00000000i: elastic S-matrix  @@      0.00  0   0 F  0
 Reaction Xsec    45.5+/46 @ 1 =   2.389#, Out:   0.000#   2.389#   0.000f


 Total SPIN, PARITY =    45.5 -,      6 chs,      6 cc.  Rmin & Coul turning =    2.2   37.0
   S-matrix    1 =    1.00000   0.00000 for L=   45, J=   45.5 channel on core I =   0.0 from L=   45,  Acc. loss =  0.0 D.
 Elastic phase shift   1 =    0.000   0.000 deg. for the L =   45, J =   45.5 channel.
      45.5  1.00000000  0.00000000i: elastic S-matrix  @@      0.00  0   0 F  0
 Reaction Xsec    45.5-/45 @ 1 =   2.686#, Out:   0.000#   2.685#   0.000f


 Total SPIN, PARITY =    46.5 +,      6 chs,      6 cc.  Rmin & Coul turning =    2.2   37.8
   S-matrix    1 =    1.00000   0.00000 for L=   46, J=   46.5 channel on core I =   0.0 from L=   46,  Acc. loss =  0.0 D.
 Elastic phase shift   1 =    0.000   0.000 deg. for the L =   46, J =   46.5 channel.
      46.5  1.00000000  0.00000000i: elastic S-matrix  @@      0.00  0   0 F  0
 Reaction Xsec    46.5+/46 @ 1 =   2.441#, Out:   0.000#   2.441#   0.000f


 Total SPIN, PARITY =    46.5 -,      6 chs,      6 cc.  Rmin & Coul turning =    2.2   37.8
   S-matrix    1 =    1.00000   0.00000 for L=   47, J=   46.5 channel on core I =   0.0 from L=   47,  Acc. loss =  0.0 D.
 Elastic phase shift   1 =    0.000   0.000 deg. for the L =   47, J =   46.5 channel.
      46.5  1.00000000  0.00000000i: elastic S-matrix  @@      0.00  0   0 F  0
 Reaction Xsec    46.5-/47 @ 1 =   2.186#, Out:   0.000#   2.185#   0.000f


 Total SPIN, PARITY =    47.5 +,      6 chs,      6 cc.  Rmin & Coul turning =    2.2   38.6
   S-matrix    1 =    1.00000   0.00000 for L=   48, J=   47.5 channel on core I =   0.0 from L=   48,  Acc. loss =  0.0 D.
 Elastic phase shift   1 =    0.000   0.000 deg. for the L =   48, J =   47.5 channel.
      47.5  1.00000000  0.00000000i: elastic S-matrix  @@      0.00  0   0 F  0
 Reaction Xsec    47.5+/48 @ 1 =   1.915#, Out:   0.000#   1.915#   0.000f


 Total SPIN, PARITY =    47.5 -,      6 chs,      6 cc.  Rmin & Coul turning =    2.2   38.6
   S-matrix    1 =    1.00000   0.00000 for L=   47, J=   47.5 channel on core I =   0.0 from L=   47,  Acc. loss =  0.0 D.
 Elastic phase shift   1 =    0.000   0.000 deg. for the L =   47, J =   47.5 channel.
      47.5  1.00000000  0.00000000i: elastic S-matrix  @@      0.00  0   0 F  0
 Reaction Xsec    47.5-/47 @ 1 =   2.232#, Out:   0.000#   2.232#   0.000f


 Total SPIN, PARITY =    48.5 +,      6 chs,      6 cc.  Rmin & Coul turning =    2.3   39.4
   S-matrix    1 =    1.00000   0.00000 for L=   48, J=   48.5 channel on core I =   0.0 from L=   48,  Acc. loss =  0.0 D.
 Elastic phase shift   1 =    0.000   0.000 deg. for the L =   48, J =   48.5 channel.
      48.5  1.00000000  0.00000000i: elastic S-matrix  @@      0.00  0   0 F  0
 Reaction Xsec    48.5+/48 @ 1 =   1.955#, Out:   0.000#   1.955#   0.000f


 Total SPIN, PARITY =    48.5 -,      6 chs,      6 cc.  Rmin & Coul turning =    2.3   39.4
   S-matrix    1 =    1.00000   0.00000 for L=   49, J=   48.5 channel on core I =   0.0 from L=   49,  Acc. loss =  0.0 D.
 Elastic phase shift   1 =    0.000   0.000 deg. for the L =   49, J =   48.5 channel.
      48.5  1.00000000  0.00000000i: elastic S-matrix  @@      0.00  0   0 F  0
 Reaction Xsec    48.5-/49 @ 1 =   1.696#, Out:   0.000#   1.696#   0.000f


 Total SPIN, PARITY =    49.5 +,      6 chs,      6 cc.  Rmin & Coul turning =    2.3   40.2
   S-matrix    1 =    1.00000   0.00000 for L=   50, J=   49.5 channel on core I =   0.0 from L=   50,  Acc. loss =  0.0 D.
 Elastic phase shift   1 =    0.000   0.000 deg. for the L =   50, J =   49.5 channel.
      49.5  1.00000000  0.00000000i: elastic S-matrix  @@      0.00  0   0 F  0
 Reaction Xsec    49.5+/50 @ 1 =   1.585#, Out:   0.000#   1.584#   0.000f


 Total SPIN, PARITY =    49.5 -,      6 chs,      6 cc.  Rmin & Coul turning =    2.3   40.2
   S-matrix    1 =    1.00000   0.00000 for L=   49, J=   49.5 channel on core I =   0.0 from L=   49,  Acc. loss =  0.0 D.
 Elastic phase shift   1 =    0.000   0.000 deg. for the L =   49, J =   49.5 channel.
      49.5  1.00000000  0.00000000i: elastic S-matrix  @@      0.00  0   0 F  0
 Reaction Xsec    49.5-/49 @ 1 =   1.731#, Out:   0.000#   1.731#   0.000f


 Total SPIN, PARITY =    50.5 +,      6 chs,      6 cc.  Rmin & Coul turning =    2.4   41.0
   S-matrix    1 =    1.00000   0.00000 for L=   50, J=   50.5 channel on core I =   0.0 from L=   50,  Acc. loss =  0.0 D.
 Elastic phase shift   1 =    0.000   0.000 deg. for the L =   50, J =   50.5 channel.
      50.5  1.00000000  0.00000000i: elastic S-matrix  @@      0.00  0   0 F  0
 Reaction Xsec    50.5+/50 @ 1 =   1.616#, Out:   0.000#   1.616#   0.000f


 Total SPIN, PARITY =    50.5 -,      6 chs,      6 cc.  Rmin & Coul turning =    2.4   41.0
   S-matrix    1 =    1.00000   0.00000 for L=   51, J=   50.5 channel on core I =   0.0 from L=   51,  Acc. loss =  0.0 D.
 Elastic phase shift   1 =    0.000   0.000 deg. for the L =   51, J =   50.5 channel.
      50.5  1.00000000  0.00000000i: elastic S-matrix  @@      0.00  0   0 F  0
 Reaction Xsec    50.5-/51 @ 1 =   1.457#, Out:   0.000#   1.457#   0.000f

 Finished all CC sets @   0.339498997    
0CUMULATIVE REACTION cross section                 =  784.57093  <L> =     4.14  <L**2> =     20.5
0CUMULATIVE outgoing cross sections in partition 1 :    0.00000   10.86584
0Cumulative ABSORBTION by Imaginary Potentials     =  773.70509  <L> =     4.14  <L**2> =     20.6
   Fusion for specific p        M-states :  773.705095  773.705095
0CUMULATIVE OUTGOING cross section                 =   10.86584
 To convert to S-factors (MeV.mb = keV.b),  multiply by  1.2763E+02


 CROSS SECTIONS FOR OUTGOING p        & O20      in state #   1 with spins & parities 0.5  + &  0.0  +;  0

     0.01 deg.: X-S =   1.2880E+15 mb/sr,
+                                         /R =   1.0000E+00
     1.00 deg.: X-S =   1.2500E+07 mb/sr,
+                                         /R =   9.7044E-01
     2.00 deg.: X-S =   7.2302E+05 mb/sr,
+                                         /R =   8.9798E-01
     3.00 deg.: X-S =   1.2874E+05 mb/sr,
+                                         /R =   8.0923E-01
     4.00 deg.: X-S =   3.6749E+04 mb/sr,
+                                         /R =   7.2981E-01
     5.00 deg.: X-S =   1.4149E+04 mb/sr,
+                                         /R =   6.8571E-01
     6.00 deg.: X-S =  6996.864886 mb/sr,
+                                         /R =   7.0274E-01
     7.00 deg.: X-S =  4330.009646 mb/sr,
+                                         /R =   8.0516E-01
     8.00 deg.: X-S =  3198.760872 mb/sr,
+                                         /R =   1.0139E+00
     9.00 deg.: X-S =  2651.513300 mb/sr,
+                                         /R =   1.3451E+00
    10.00 deg.: X-S =  2340.934195 mb/sr,
+                                         /R =   1.8083E+00
    11.00 deg.: X-S =  2129.185058 mb/sr,
+                                         /R =   2.4055E+00
    12.00 deg.: X-S =  1958.719762 mb/sr,
+                                         /R =   3.1304E+00
    13.00 deg.: X-S =  1805.134839 mb/sr,
+                                         /R =   3.9686E+00
    14.00 deg.: X-S =  1658.447304 mb/sr,
+                                         /R =   4.8975E+00
    15.00 deg.: X-S =  1515.148422 mb/sr,
+                                         /R =   5.8876E+00
    16.00 deg.: X-S =  1374.648161 mb/sr,
+                                         /R =   6.9041E+00
    17.00 deg.: X-S =  1237.617464 mb/sr,
+                                         /R =   7.9084E+00
    18.00 deg.: X-S =  1105.192116 mb/sr,
+                                         /R =   8.8605E+00
    19.00 deg.: X-S =   978.584495 mb/sr,
+                                         /R =   9.7214E+00
    20.00 deg.: X-S =   858.895627 mb/sr,
+                                         /R =   1.0455E+01
    21.00 deg.: X-S =   747.028927 mb/sr,
+                                         /R =   1.1030E+01
    22.00 deg.: X-S =   643.657207 mb/sr,
+                                         /R =   1.1422E+01
    23.00 deg.: X-S =   549.218348 mb/sr,
+                                         /R =   1.1616E+01
    24.00 deg.: X-S =   463.926746 mb/sr,
+                                         /R =   1.1605E+01
    25.00 deg.: X-S =   387.793468 mb/sr,
+                                         /R =   1.1393E+01
    26.00 deg.: X-S =   320.651078 mb/sr,
+                                         /R =   1.0992E+01
    27.00 deg.: X-S =   262.180662 mb/sr,
+                                         /R =   1.0424E+01
    28.00 deg.: X-S =   211.939452 mb/sr,
+                                         /R =   9.7186E+00
    29.00 deg.: X-S =   169.387965 mb/sr,
+                                         /R =   8.9120E+00
    30.00 deg.: X-S =   133.915859 mb/sr,
+                                         /R =   8.0447E+00
    31.00 deg.: X-S =   104.865944 mb/sr,
+                                         /R =   7.1601E+00
    32.00 deg.: X-S =    81.555939 mb/sr,
+                                         /R =   6.3023E+00
    33.00 deg.: X-S =    63.297711 mb/sr,
+                                         /R =   5.5138E+00
    34.00 deg.: X-S =    49.413842 mb/sr,
+                                         /R =   4.8337E+00
    35.00 deg.: X-S =    39.251469 mb/sr,
+                                         /R =   4.2965E+00
    36.00 deg.: X-S =    32.193424 mb/sr,
+                                         /R =   3.9300E+00
    37.00 deg.: X-S =    27.666785 mb/sr,
+                                         /R =   3.7545E+00
    38.00 deg.: X-S =    25.148996 mb/sr,
+                                         /R =   3.7825E+00
    39.00 deg.: X-S =    24.171761 mb/sr,
+                                         /R =   4.0177E+00
    40.00 deg.: X-S =    24.322947 mb/sr,
+                                         /R =   4.4557E+00
    41.00 deg.: X-S =    25.246765 mb/sr,
+                                         /R =   5.0839E+00
    42.00 deg.: X-S =    26.642493 mb/sr,
+                                         /R =   5.8828E+00
    43.00 deg.: X-S =    28.261999 mb/sr,
+                                         /R =   6.8265E+00
    44.00 deg.: X-S =    29.906336 mb/sr,
+                                         /R =   7.8842E+00
    45.00 deg.: X-S =    31.421649 mb/sr,
+                                         /R =   9.0215E+00
    46.00 deg.: X-S =    32.694618 mb/sr,
+                                         /R =   1.0202E+01
    47.00 deg.: X-S =    33.647630 mb/sr,
+                                         /R =   1.1388E+01
    48.00 deg.: X-S =    34.233872 mb/sr,
+                                         /R =   1.2543E+01
    49.00 deg.: X-S =    34.432481 mb/sr,
+                                         /R =   1.3632E+01
    50.00 deg.: X-S =    34.243872 mb/sr,
+                                         /R =   1.4624E+01
    51.00 deg.: X-S =    33.685351 mb/sr,
+                                         /R =   1.5491E+01
    52.00 deg.: X-S =    32.787067 mb/sr,
+                                         /R =   1.6209E+01
    53.00 deg.: X-S =    31.588379 mb/sr,
+                                         /R =   1.6762E+01
    54.00 deg.: X-S =    30.134634 mb/sr,
+                                         /R =   1.7137E+01
    55.00 deg.: X-S =    28.474400 mb/sr,
+                                         /R =   1.7329E+01
    56.00 deg.: X-S =    26.657129 mb/sr,
+                                         /R =   1.7336E+01
    57.00 deg.: X-S =    24.731249 mb/sr,
+                                         /R =   1.7163E+01
    58.00 deg.: X-S =    22.742658 mb/sr,
+                                         /R =   1.6820E+01
    59.00 deg.: X-S =    20.733578 mb/sr,
+                                         /R =   1.6320E+01
    60.00 deg.: X-S =    18.741756 mb/sr,
+                                         /R =   1.5681E+01
    61.00 deg.: X-S =    16.799948 mb/sr,
+                                         /R =   1.4924E+01
    62.00 deg.: X-S =    14.935665 mb/sr,
+                                         /R =   1.4069E+01
    63.00 deg.: X-S =    13.171132 mb/sr,
+                                         /R =   1.3142E+01
    64.00 deg.: X-S =    11.523421 mb/sr,
+                                         /R =   1.2165E+01
    65.00 deg.: X-S =    10.004720 mb/sr,
+                                         /R =   1.1163E+01
    66.00 deg.: X-S =     8.622716 mb/sr,
+                                         /R =   1.0157E+01
    67.00 deg.: X-S =     7.381039 mb/sr,
+                                         /R =   9.1700E+00
    68.00 deg.: X-S =     6.279764 mb/sr,
+                                         /R =   8.2202E+00
    69.00 deg.: X-S =     5.315931 mb/sr,
+                                         /R =   7.3246E+00
    70.00 deg.: X-S =     4.484066 mb/sr,
+                                         /R =   6.4972E+00
    71.00 deg.: X-S =     3.776694 mb/sr,
+                                         /R =   5.7494E+00
    72.00 deg.: X-S =     3.184822 mb/sr,
+                                         /R =   5.0892E+00
    73.00 deg.: X-S =     2.698392 mb/sr,
+                                         /R =   4.5222E+00
    74.00 deg.: X-S =     2.306682 mb/sr,
+                                         /R =   4.0507E+00
    75.00 deg.: X-S =     1.998670 mb/sr,
+                                         /R =   3.6747E+00
    76.00 deg.: X-S =     1.763341 mb/sr,
+                                         /R =   3.3915E+00
    77.00 deg.: X-S =     1.589950 mb/sr,
+                                         /R =   3.1965E+00
    78.00 deg.: X-S =     1.468234 mb/sr,
+                                         /R =   3.0830E+00
    79.00 deg.: X-S =     1.388575 mb/sr,
+                                         /R =   3.0430E+00
    80.00 deg.: X-S =     1.342127 mb/sr,
+                                         /R =   3.0673E+00
    81.00 deg.: X-S =     1.320894 mb/sr,
+                                         /R =   3.1458E+00
    82.00 deg.: X-S =     1.317786 mb/sr,
+                                         /R =   3.2682E+00
    83.00 deg.: X-S =     1.326628 mb/sr,
+                                         /R =   3.4237E+00
    84.00 deg.: X-S =     1.342162 mb/sr,
+                                         /R =   3.6020E+00
    85.00 deg.: X-S =     1.360011 mb/sr,
+                                         /R =   3.7929E+00
    86.00 deg.: X-S =     1.376634 mb/sr,
+                                         /R =   3.9870E+00
    87.00 deg.: X-S =     1.389272 mb/sr,
+                                         /R =   4.1757E+00
    88.00 deg.: X-S =     1.395874 mb/sr,
+                                         /R =   4.3513E+00
    89.00 deg.: X-S =     1.395023 mb/sr,
+                                         /R =   4.5073E+00
    90.00 deg.: X-S =     1.385862 mb/sr,
+                                         /R =   4.6382E+00
    91.00 deg.: X-S =     1.368015 mb/sr,
+                                         /R =   4.7397E+00
    92.00 deg.: X-S =     1.341507 mb/sr,
+                                         /R =   4.8086E+00
    93.00 deg.: X-S =     1.306691 mb/sr,
+                                         /R =   4.8430E+00
    94.00 deg.: X-S =     1.264184 mb/sr,
+                                         /R =   4.8419E+00
    95.00 deg.: X-S =     1.214796 mb/sr,
+                                         /R =   4.8053E+00
    96.00 deg.: X-S =     1.159475 mb/sr,
+                                         /R =   4.7342E+00
    97.00 deg.: X-S =     1.099258 mb/sr,
+                                         /R =   4.6304E+00
    98.00 deg.: X-S =     1.035223 mb/sr,
+                                         /R =   4.4962E+00
    99.00 deg.: X-S =     0.968453 mb/sr,
+                                         /R =   4.3346E+00
   100.00 deg.: X-S =     0.900000 mb/sr,
+                                         /R =   4.1491E+00
   101.00 deg.: X-S =     0.830869 mb/sr,
+                                         /R =   3.9432E+00
   102.00 deg.: X-S =     0.761986 mb/sr,
+                                         /R =   3.7209E+00
   103.00 deg.: X-S =     0.694194 mb/sr,
+                                         /R =   3.4862E+00
   104.00 deg.: X-S =     0.628236 mb/sr,
+                                         /R =   3.2430E+00
   105.00 deg.: X-S =     0.564753 mb/sr,
+                                         /R =   2.9951E+00
   106.00 deg.: X-S =     0.504282 mb/sr,
+                                         /R =   2.7464E+00
   107.00 deg.: X-S =     0.447253 mb/sr,
+                                         /R =   2.5001E+00
   108.00 deg.: X-S =     0.393997 mb/sr,
+                                         /R =   2.2595E+00
   109.00 deg.: X-S =     0.344748 mb/sr,
+                                         /R =   2.0274E+00
   110.00 deg.: X-S =     0.299651 mb/sr,
+                                         /R =   1.8062E+00
   111.00 deg.: X-S =     0.258771 mb/sr,
+                                         /R =   1.5980E+00
   112.00 deg.: X-S =     0.222099 mb/sr,
+                                         /R =   1.4045E+00
   113.00 deg.: X-S =     0.189564 mb/sr,
+                                         /R =   1.2271E+00
   114.00 deg.: X-S =     0.161039 mb/sr,
+                                         /R =   1.0666E+00
   115.00 deg.: X-S =     0.136352 mb/sr,
+                                         /R =   9.2357E-01
   116.00 deg.: X-S =     0.115295 mb/sr,
+                                         /R =   7.9833E-01
   117.00 deg.: X-S =     0.097629 mb/sr,
+                                         /R =   6.9077E-01
   118.00 deg.: X-S =     0.083097 mb/sr,
+                                         /R =   6.0054E-01
   119.00 deg.: X-S =     0.071426 mb/sr,
+                                         /R =   5.2702E-01
   120.00 deg.: X-S =     0.062335 mb/sr,
+                                         /R =   4.6940E-01
   121.00 deg.: X-S =     0.055541 mb/sr,
+                                         /R =   4.2667E-01
   122.00 deg.: X-S =     0.050763 mb/sr,
+                                         /R =   3.9766E-01
   123.00 deg.: X-S =     0.047727 mb/sr,
+                                         /R =   3.8111E-01
   124.00 deg.: X-S =     0.046169 mb/sr,
+                                         /R =   3.7565E-01
   125.00 deg.: X-S =     0.045837 mb/sr,
+                                         /R =   3.7986E-01
   126.00 deg.: X-S =     0.046494 mb/sr,
+                                         /R =   3.9229E-01
   127.00 deg.: X-S =     0.047920 mb/sr,
+                                         /R =   4.1150E-01
   128.00 deg.: X-S =     0.049912 mb/sr,
+                                         /R =   4.3605E-01
   129.00 deg.: X-S =     0.052287 mb/sr,
+                                         /R =   4.6456E-01
   130.00 deg.: X-S =     0.054879 mb/sr,
+                                         /R =   4.9568E-01
   131.00 deg.: X-S =     0.057541 mb/sr,
+                                         /R =   5.2815E-01
   132.00 deg.: X-S =     0.060146 mb/sr,
+                                         /R =   5.6082E-01
   133.00 deg.: X-S =     0.062586 mb/sr,
+                                         /R =   5.9260E-01
   134.00 deg.: X-S =     0.064769 mb/sr,
+                                         /R =   6.2253E-01
   135.00 deg.: X-S =     0.066619 mb/sr,
+                                         /R =   6.4976E-01
   136.00 deg.: X-S =     0.068081 mb/sr,
+                                         /R =   6.7357E-01
   137.00 deg.: X-S =     0.069110 mb/sr,
+                                         /R =   6.9334E-01
   138.00 deg.: X-S =     0.069678 mb/sr,
+                                         /R =   7.0859E-01
   139.00 deg.: X-S =     0.069771 mb/sr,
+                                         /R =   7.1898E-01
   140.00 deg.: X-S =     0.069385 mb/sr,
+                                         /R =   7.2427E-01
   141.00 deg.: X-S =     0.068528 mb/sr,
+                                         /R =   7.2434E-01
   142.00 deg.: X-S =     0.067217 mb/sr,
+                                         /R =   7.1920E-01
   143.00 deg.: X-S =     0.065480 mb/sr,
+                                         /R =   7.0896E-01
   144.00 deg.: X-S =     0.063349 mb/sr,
+                                         /R =   6.9384E-01
   145.00 deg.: X-S =     0.060866 mb/sr,
+                                         /R =   6.7414E-01
   146.00 deg.: X-S =     0.058076 mb/sr,
+                                         /R =   6.5024E-01
   147.00 deg.: X-S =     0.055027 mb/sr,
+                                         /R =   6.2261E-01
   148.00 deg.: X-S =     0.051773 mb/sr,
+                                         /R =   5.9178E-01
   149.00 deg.: X-S =     0.048366 mb/sr,
+                                         /R =   5.5831E-01
   150.00 deg.: X-S =     0.044862 mb/sr,
+                                         /R =   5.2281E-01
   151.00 deg.: X-S =     0.041314 mb/sr,
+                                         /R =   4.8591E-01
   152.00 deg.: X-S =     0.037775 mb/sr,
+                                         /R =   4.4824E-01
   153.00 deg.: X-S =     0.034295 mb/sr,
+                                         /R =   4.1044E-01
   154.00 deg.: X-S =     0.030921 mb/sr,
+                                         /R =   3.7311E-01
   155.00 deg.: X-S =     0.027696 mb/sr,
+                                         /R =   3.3684E-01
   156.00 deg.: X-S =     0.024658 mb/sr,
+                                         /R =   3.0218E-01
   157.00 deg.: X-S =     0.021840 mb/sr,
+                                         /R =   2.6960E-01
   158.00 deg.: X-S =     0.019270 mb/sr,
+                                         /R =   2.3953E-01
   159.00 deg.: X-S =     0.016969 mb/sr,
+                                         /R =   2.1234E-01
   160.00 deg.: X-S =     0.014953 mb/sr,
+                                         /R =   1.8828E-01
   161.00 deg.: X-S =     0.013228 mb/sr,
+                                         /R =   1.6757E-01
   162.00 deg.: X-S =     0.011799 mb/sr,
+                                         /R =   1.5031E-01
   163.00 deg.: X-S =     0.010660 mb/sr,
+                                         /R =   1.3654E-01
   164.00 deg.: X-S =     0.009803 mb/sr,
+                                         /R =   1.2620E-01
   165.00 deg.: X-S =     0.009212 mb/sr,
+                                         /R =   1.1916E-01
   166.00 deg.: X-S =     0.008867 mb/sr,
+                                         /R =   1.1520E-01
   167.00 deg.: X-S =     0.008744 mb/sr,
+                                         /R =   1.1408E-01
   168.00 deg.: X-S =     0.008815 mb/sr,
+                                         /R =   1.1544E-01
   169.00 deg.: X-S =     0.009049 mb/sr,
+                                         /R =   1.1892E-01
   170.00 deg.: X-S =     0.009414 mb/sr,
+                                         /R =   1.2412E-01
   171.00 deg.: X-S =     0.009875 mb/sr,
+                                         /R =   1.3058E-01
   172.00 deg.: X-S =     0.010400 mb/sr,
+                                         /R =   1.3788E-01
   173.00 deg.: X-S =     0.010955 mb/sr,
+                                         /R =   1.4557E-01
   174.00 deg.: X-S =     0.011509 mb/sr,
+                                         /R =   1.5323E-01
   175.00 deg.: X-S =     0.012031 mb/sr,
+                                         /R =   1.6045E-01
   176.00 deg.: X-S =     0.012497 mb/sr,
+                                         /R =   1.6689E-01
   177.00 deg.: X-S =     0.012883 mb/sr,
+                                         /R =   1.7223E-01
   178.00 deg.: X-S =     0.013172 mb/sr,
+                                         /R =   1.7624E-01
   179.00 deg.: X-S =     0.013351 mb/sr,
+                                         /R =   1.7871E-01
   179.99 deg.: X-S =     0.013412 mb/sr,
+                                         /R =   1.7955E-01
                                           Integrated********** mb, over [   0.000, 180.000] at    35.0000 MeV 

 CROSS SECTIONS FOR OUTGOING p        & O20      in state #   2 with spins & parities 0.5  + &  2.0  +;  0

     0.00 deg.: X-S =     7.209009 mb/sr,
+                                         REAC   1.0866E+01 mb
     1.00 deg.: X-S =     7.263652 mb/sr,
     2.00 deg.: X-S =     7.405122 mb/sr,
     3.00 deg.: X-S =     7.576168 mb/sr,
     4.00 deg.: X-S =     7.709179 mb/sr,
     5.00 deg.: X-S =     7.751740 mb/sr,
     6.00 deg.: X-S =     7.682059 mb/sr,
     7.00 deg.: X-S =     7.510108 mb/sr,
     8.00 deg.: X-S =     7.267021 mb/sr,
     9.00 deg.: X-S =     6.989415 mb/sr,
    10.00 deg.: X-S =     6.706340 mb/sr,
    11.00 deg.: X-S =     6.433978 mb/sr,
    12.00 deg.: X-S =     6.178079 mb/sr,
    13.00 deg.: X-S =     5.940009 mb/sr,
    14.00 deg.: X-S =     5.721725 mb/sr,
    15.00 deg.: X-S =     5.527343 mb/sr,
    16.00 deg.: X-S =     5.361709 mb/sr,
    17.00 deg.: X-S =     5.227974 mb/sr,
    18.00 deg.: X-S =     5.126056 mb/sr,
    19.00 deg.: X-S =     5.052736 mb/sr,
    20.00 deg.: X-S =     5.002813 mb/sr,
    21.00 deg.: X-S =     4.970312 mb/sr,
    22.00 deg.: X-S =     4.949198 mb/sr,
    23.00 deg.: X-S =     4.933614 mb/sr,
    24.00 deg.: X-S =     4.917958 mb/sr,
    25.00 deg.: X-S =     4.897008 mb/sr,
    26.00 deg.: X-S =     4.866073 mb/sr,
    27.00 deg.: X-S =     4.821055 mb/sr,
    28.00 deg.: X-S =     4.758413 mb/sr,
    29.00 deg.: X-S =     4.675189 mb/sr,
    30.00 deg.: X-S =     4.569227 mb/sr,
    31.00 deg.: X-S =     4.439527 mb/sr,
    32.00 deg.: X-S =     4.286489 mb/sr,
    33.00 deg.: X-S =     4.111842 mb/sr,
    34.00 deg.: X-S =     3.918246 mb/sr,
    35.00 deg.: X-S =     3.708788 mb/sr,
    36.00 deg.: X-S =     3.486677 mb/sr,
    37.00 deg.: X-S =     3.255235 mb/sr,
    38.00 deg.: X-S =     3.018059 mb/sr,
    39.00 deg.: X-S =     2.779104 mb/sr,
    40.00 deg.: X-S =     2.542531 mb/sr,
    41.00 deg.: X-S =     2.312357 mb/sr,
    42.00 deg.: X-S =     2.092132 mb/sr,
    43.00 deg.: X-S =     1.884776 mb/sr,
    44.00 deg.: X-S =     1.692633 mb/sr,
    45.00 deg.: X-S =     1.517573 mb/sr,
    46.00 deg.: X-S =     1.361028 mb/sr,
    47.00 deg.: X-S =     1.223925 mb/sr,
    48.00 deg.: X-S =     1.106600 mb/sr,
    49.00 deg.: X-S =     1.008808 mb/sr,
    50.00 deg.: X-S =     0.929833 mb/sr,
    51.00 deg.: X-S =     0.868635 mb/sr,
    52.00 deg.: X-S =     0.823918 mb/sr,
    53.00 deg.: X-S =     0.794111 mb/sr,
    54.00 deg.: X-S =     0.777330 mb/sr,
    55.00 deg.: X-S =     0.771430 mb/sr,
    56.00 deg.: X-S =     0.774170 mb/sr,
    57.00 deg.: X-S =     0.783419 mb/sr,
    58.00 deg.: X-S =     0.797272 mb/sr,
    59.00 deg.: X-S =     0.814028 mb/sr,
    60.00 deg.: X-S =     0.832073 mb/sr,
    61.00 deg.: X-S =     0.849804 mb/sr,
    62.00 deg.: X-S =     0.865673 mb/sr,
    63.00 deg.: X-S =     0.878344 mb/sr,
    64.00 deg.: X-S =     0.886842 mb/sr,
    65.00 deg.: X-S =     0.890585 mb/sr,
    66.00 deg.: X-S =     0.889290 mb/sr,
    67.00 deg.: X-S =     0.882812 mb/sr,
    68.00 deg.: X-S =     0.871051 mb/sr,
    69.00 deg.: X-S =     0.853969 mb/sr,
    70.00 deg.: X-S =     0.831688 mb/sr,
    71.00 deg.: X-S =     0.804564 mb/sr,
    72.00 deg.: X-S =     0.773171 mb/sr,
    73.00 deg.: X-S =     0.738199 mb/sr,
    74.00 deg.: X-S =     0.700337 mb/sr,
    75.00 deg.: X-S =     0.660209 mb/sr,
    76.00 deg.: X-S =     0.618393 mb/sr,
    77.00 deg.: X-S =     0.575480 mb/sr,
    78.00 deg.: X-S =     0.532100 mb/sr,
    79.00 deg.: X-S =     0.488898 mb/sr,
    80.00 deg.: X-S =     0.446478 mb/sr,
    81.00 deg.: X-S =     0.405346 mb/sr,
    82.00 deg.: X-S =     0.365905 mb/sr,
    83.00 deg.: X-S =     0.328478 mb/sr,
    84.00 deg.: X-S =     0.293339 mb/sr,
    85.00 deg.: X-S =     0.260721 mb/sr,
    86.00 deg.: X-S =     0.230799 mb/sr,
    87.00 deg.: X-S =     0.203674 mb/sr,
    88.00 deg.: X-S =     0.179369 mb/sr,
    89.00 deg.: X-S =     0.157850 mb/sr,
    90.00 deg.: X-S =     0.139047 mb/sr,
    91.00 deg.: X-S =     0.122859 mb/sr,
    92.00 deg.: X-S =     0.109159 mb/sr,
    93.00 deg.: X-S =     0.097776 mb/sr,
    94.00 deg.: X-S =     0.088510 mb/sr,
    95.00 deg.: X-S =     0.081140 mb/sr,
    96.00 deg.: X-S =     0.075452 mb/sr,
    97.00 deg.: X-S =     0.071241 mb/sr,
    98.00 deg.: X-S =     0.068307 mb/sr,
    99.00 deg.: X-S =     0.066447 mb/sr,
   100.00 deg.: X-S =     0.065452 mb/sr,
   101.00 deg.: X-S =     0.065118 mb/sr,
   102.00 deg.: X-S =     0.065262 mb/sr,
   103.00 deg.: X-S =     0.065730 mb/sr,
   104.00 deg.: X-S =     0.066396 mb/sr,
   105.00 deg.: X-S =     0.067147 mb/sr,
   106.00 deg.: X-S =     0.067878 mb/sr,
   107.00 deg.: X-S =     0.068493 mb/sr,
   108.00 deg.: X-S =     0.068914 mb/sr,
   109.00 deg.: X-S =     0.069084 mb/sr,
   110.00 deg.: X-S =     0.068972 mb/sr,
   111.00 deg.: X-S =     0.068559 mb/sr,
   112.00 deg.: X-S =     0.067835 mb/sr,
   113.00 deg.: X-S =     0.066795 mb/sr,
   114.00 deg.: X-S =     0.065442 mb/sr,
   115.00 deg.: X-S =     0.063793 mb/sr,
   116.00 deg.: X-S =     0.061876 mb/sr,
   117.00 deg.: X-S =     0.059725 mb/sr,
   118.00 deg.: X-S =     0.057372 mb/sr,
   119.00 deg.: X-S =     0.054847 mb/sr,
   120.00 deg.: X-S =     0.052182 mb/sr,
   121.00 deg.: X-S =     0.049410 mb/sr,
   122.00 deg.: X-S =     0.046570 mb/sr,
   123.00 deg.: X-S =     0.043703 mb/sr,
   124.00 deg.: X-S =     0.040841 mb/sr,
   125.00 deg.: X-S =     0.038012 mb/sr,
   126.00 deg.: X-S =     0.035239 mb/sr,
   127.00 deg.: X-S =     0.032544 mb/sr,
   128.00 deg.: X-S =     0.029952 mb/sr,
   129.00 deg.: X-S =     0.027483 mb/sr,
   130.00 deg.: X-S =     0.025154 mb/sr,
   131.00 deg.: X-S =     0.022971 mb/sr,
   132.00 deg.: X-S =     0.020938 mb/sr,
   133.00 deg.: X-S =     0.019058 mb/sr,
   134.00 deg.: X-S =     0.017335 mb/sr,
   135.00 deg.: X-S =     0.015773 mb/sr,
   136.00 deg.: X-S =     0.014372 mb/sr,
   137.00 deg.: X-S =     0.013125 mb/sr,
   138.00 deg.: X-S =     0.012020 mb/sr,
   139.00 deg.: X-S =     0.011047 mb/sr,
   140.00 deg.: X-S =     0.010197 mb/sr,
   141.00 deg.: X-S =     0.009470 mb/sr,
   142.00 deg.: X-S =     0.008862 mb/sr,
   143.00 deg.: X-S =     0.008366 mb/sr,
   144.00 deg.: X-S =     0.007967 mb/sr,
   145.00 deg.: X-S =     0.007649 mb/sr,
   146.00 deg.: X-S =     0.007400 mb/sr,
   147.00 deg.: X-S =     0.007212 mb/sr,
   148.00 deg.: X-S =     0.007086 mb/sr,
   149.00 deg.: X-S =     0.007021 mb/sr,
   150.00 deg.: X-S =     0.007011 mb/sr,
   151.00 deg.: X-S =     0.007047 mb/sr,
   152.00 deg.: X-S =     0.007118 mb/sr,
   153.00 deg.: X-S =     0.007217 mb/sr,
   154.00 deg.: X-S =     0.007342 mb/sr,
   155.00 deg.: X-S =     0.007495 mb/sr,
   156.00 deg.: X-S =     0.007676 mb/sr,
   157.00 deg.: X-S =     0.007883 mb/sr,
   158.00 deg.: X-S =     0.008112 mb/sr,
   159.00 deg.: X-S =     0.008358 mb/sr,
   160.00 deg.: X-S =     0.008616 mb/sr,
   161.00 deg.: X-S =     0.008885 mb/sr,
   162.00 deg.: X-S =     0.009166 mb/sr,
   163.00 deg.: X-S =     0.009457 mb/sr,
   164.00 deg.: X-S =     0.009756 mb/sr,
   165.00 deg.: X-S =     0.010059 mb/sr,
   166.00 deg.: X-S =     0.010363 mb/sr,
   167.00 deg.: X-S =     0.010666 mb/sr,
   168.00 deg.: X-S =     0.010965 mb/sr,
   169.00 deg.: X-S =     0.011256 mb/sr,
   170.00 deg.: X-S =     0.011536 mb/sr,
   171.00 deg.: X-S =     0.011800 mb/sr,
   172.00 deg.: X-S =     0.012046 mb/sr,
   173.00 deg.: X-S =     0.012272 mb/sr,
   174.00 deg.: X-S =     0.012476 mb/sr,
   175.00 deg.: X-S =     0.012655 mb/sr,
   176.00 deg.: X-S =     0.012805 mb/sr,
   177.00 deg.: X-S =     0.012924 mb/sr,
   178.00 deg.: X-S =     0.013008 mb/sr,
   179.00 deg.: X-S =     0.013058 mb/sr,
   180.00 deg.: X-S =     0.013075 mb/sr,
                                           Integrated   10.8647 mb, over [   0.000, 180.000] at    35.0000 MeV 
 Finished all xsecs @   0.343667001    

  The following files have been created:
   3:local copy of User input.            6:standard output.                   
   7:elastic  S-matrix elements.         13:total cross sections/state.        
  16:tables of cross sections.           35:Astrophysics S-factors  / Ecm.     
  38:cross sections for each J/pi.       39:cross sections for each Ecm.       
  40:all cross sectns. for each Elab.    45:scat phase shift as E functions.   
  56:Fusion for each Jtotal.             75:S-factors for lab energies.        
 201:Separate cross sections.           202:Separate cross sections.           

 PARAMETERS : MAXQRN   MFNL   MLOC  LMAX1 MCLIST
    ALLOWED :      1     36      9     70     15
    REQUIRED:      0      0      9     54      9


 ACCURACY ANALYSIS at    35.000 MeV :

  Elastic h*k = 0.037 so OK       compared with 0.200

   Real(S-el) > 0.01 first at J =       0.5
   Real(S-el) > 0.10 first at J =       0.5
   Real(S-el) > 0.50 first at J =       5.5
   Real(S-el) > 0.90 first at J =       6.5
   Real(S-el) > 0.99 first at J =       8.5
   R-turn =    41.01 fm    at J =      50.5

 Forward-angle excitation cut off below   0.480 deg by max JT =      50.5
                              and below   0.330 deg by max R.

 Total CPU  0 time =       0.34 seconds
