 FRESCO - FRES 3.4: Coupled Reaction Channels
 Assuming NAMELIST input.

 p+O20 2nd ex with BG ;                                                          

   0.030  60.000   0.500   0.000   0.000   0.000   0.000   0.000   0.000   0.000

 Centre-of-mass Range is   2002 * 0.0300 fm., Maximum at  60.00 fm., Interpolating NL forms every  0.51 fm.
 Non - locality width is      4 * 0.0300 fm., Maximum of   0.09 fm., Centred at  0.00 fm.
 2-Nucleon Separation of      0 * 0.5100 fm., Maximum of   0.00 fm., Minimum at  0.00 fm.
 Maximum single particle bins of 59.6700 fm.
               M,Mint =         2001        1990


 Range of total J is     0.0 <= J <=    50.0 (at least     0.0) and Absorbtion =>    -1.0000 mb.
 Dry Run = F, CC set limits =  0  0, Relativistic kinematics =  , Both/Far/Near Analyses =  1                     

 Cross Sections (and up to T0 for 0=projectile) for Theta from   0.0 to-180.0 in steps of  1.0 degrees, DGAM=0,  Coordinates = 0 (Mads)

 Lower Radial Cutoff = maximum of -1.60*L*h &       0.0 fm.,  Lower Cutoff for Couplings =   0.0  fm.


 Iterate Couplings between   0 and   1 times, to  0.000 % if sooner.                                          
  Block solved exactly =   2 chs., with Pade = 0 & Isocen =  =0, NOSOL = F, initwf =  0
  NL quadrature with   18 Gaussian points, Calculate multipoles up to    56 from   0
  M-transfers for lp+lt greater than or equal to  6, Angular Integration Cutoff below  2.7778 %


 Trace switches are :  CHANS =  1, LISTCC =  0, TRENEG =  0, CDETR =  0, SMATS =  2, XSTABL =  1, NLPL =  0

                       WAVES =  0, LAMPL =  0, VEFF =  0, KFUS =  0, WDISK =  0, BPM =  0, MELFIL =  0

                       CDCC =  0, NFUS =  0

 Using unit mass = 1.000000 amu and 1/fine-structure constant = 137.03599 ( 1.000000 * true ) with hc = 197.32705 MeV.fm,
  thus 2*amu/hbar^2 = 0.0478450 = 1/20.9008 and Coulomb constant = 0.1574855 so e^2 = 1.43997, and nuclear magneton= 0.1261183

 Now pre-scan input and save to file 3



 *********** PARTITION NUMBER  1 ******************************************************************************************

   PROJ=p          MASS=  1.0073 Z=   1.0,        # STATES=    2T, TARG=O20      MASS= 19.9997 Z=   8.0,     Q-VALUE =  -0.0000 MEV.

     1:  J= 0.5+ (B# 1), E=  0.0000, K= 0.5              Potl#  1       J= 0.0+ (B# 1), E=  0.0000, K= 0.0    

     2:  J= 0.5+ (B# 1), E=  0.0000, K= 0.5              Potl#  1       J= 2.0+ (B# 1), E=  4.1000, K= 0.0    
                                  (Just State  1)


 ************************************************************************************************************************************

 The following POTENTIALS are defined :

  KP#       TYPE      IT    SHAPE      at     V1        r1        a1        V2        r2        a2        A-in     A-used


                                            A#1       A#2        r0c       ac                                                h @ 1
    1    0=Coulomb       0=CHARGE (WS)  1    20.000     0.000    1.3000    0.0000    0.0000    0.0000     0.000    20.000   0.03000

                                           Mn(E1)    Mn(E2)    Mn(E3)  .....
    1   11=Target defm  10=derivatives  2    0.0000    5.3000    0.0000    0.0000    0.0000    0.0000     0.000     3.529= RADIUS

              At    2 is k =  2 (Potl. beta = 0.22286)
                                     Beta of targ. = 0.22286 (using radius of 3.529 fm.).

    1    1=Volume        0=Woods-Saxon  3   48.7789    1.1700    0.7500    0.0000    0.0000    0.0000     0.000    20.000

                                            Def1      Def2      Def3   .....
    1   11=Target defm  10=derivatives  4    0.0000    0.3493    0.0000    0.0000    0.0000    0.0000     0.000     3.176= RADIUS

              At    4 is k =  2 (Potl. beta = 0.11000)
                                     Beta of targ. = 0.11000 (using radius of 3.176 fm.).

    1    1=Volume        0=Woods-Saxon  5    0.0000    0.0000    0.0000    5.0000    1.3200    0.6500     0.000    20.000

                                            Def1      Def2      Def3   .....
    1   11=Target defm  10=derivatives  6    0.0000    0.3941    0.0000    0.0000    0.0000    0.0000     0.000     3.583= RADIUS

              At    6 is k =  2 (Potl. beta = 0.11000)
                                     Beta of targ. = 0.11000 (using radius of 3.583 fm.).

    1    2=Surface       0=Woods-Saxon  7    0.0000    0.0000    0.0000    5.4500    1.3200    0.6500     0.000    20.000

                                            Def1      Def2      Def3   .....
    1   11=Target defm  10=derivatives  8    0.0000    0.3941    0.0000    0.0000    0.0000    0.0000     0.000     3.583= RADIUS

              At    8 is k =  2 (Potl. beta = 0.11000)
                                     Beta of targ. = 0.11000 (using radius of 3.583 fm.).

    1    3=Projtl S.O.   0=Woods-Saxon  9    3.1000    1.0100    0.7500    0.0000    0.0000    0.0000     0.000    20.000

 Incoming partition  1 in excitation state # 1,   Laboratory Energy given for partition  1 Nucleus 1 in Excitation pair 1

0Lab. ENERGY ranges :

   from    35.0000     to   0.00000     in     0 intervals
   from    0.00000     to   0.00000     in     0 intervals
   from    0.00000     to   0.00000     in     0 intervals

 Largest real,imaginary parts of any form factor at R=   59.52 are   2.42E-02  5.84E-32 MeV
 Finished all Couplings @    8.51000077E-04           9

 Symmetric Hamiltonian
1***********************************************************************************************************************************
************************************************************************************************************************************

        INCOMING p        ;    LABORATORY p        ENERGY =   35.000     MeV.

 ***********************************************************************************************************************************
 ***********************************************************************************************************************************

 Allocate arrays for            3  channels, of which            3  need wfs.

 ######################################################################################################################
 #                                                                                                                    #
 # Total SPIN and PARITY =     0.5 +,      3 channels,    3 in 1st block.  Rmin & Coul turning =    0.0    0.3 fm.  #
 #                                                                                                                    #
 ######################################################################################################################



    C Projectl Target   #   EX.   (L  Proj) J  + Targ = Jtotal     E-cm      Re K     Re Eta     RM*K            CH
    1 p        O20      #    1: I   0 0.5    0.5  0.0     0.5    33.32176   1.23648   0.21373   74.1887   0.33920  -0.36833 1 1 1   1
    2 p        O20      #    2:     2 0.5    1.5  2.0     0.5    29.22176   1.15791   0.22823   69.4748  -0.24538  -0.43678 1 1 1   2
    3 p        O20      #    2:     2 0.5    2.5  2.0     0.5    29.22176   1.15791   0.22823   69.4748  -0.24538  -0.43678 1 1 1   2
   S-matrix    1 =    0.28091  -0.28417 for L=    0, J=    0.5 channel on core I =   0.0 from L=    0,  Acc. loss =  0.0 D.
 Elastic phase shift   1 =  -22.665  26.280 deg. for the L =    0, J =    0.5 channel.
       0.5  0.28091175 -0.28417179i: elastic S-matrix  @@      0.00  0   0 F  0
 Reaction Xsec     0.5+/ 0 @ 1 =  17.267 , Out:   0.000#   0.048   17.220f


 Total SPIN, PARITY =     0.5 -,      3 chs,      3 cc.  Rmin & Coul turning =    0.0    0.3
   S-matrix    1 =    0.02954  -0.38283 for L=    1, J=    0.5 channel on core I =   0.0 from L=    1,  Acc. loss =  0.0 D.
 Elastic phase shift   1 =  -42.794  27.421 deg. for the L =    1, J =    0.5 channel.
       0.5  0.02953592 -0.38283470i: elastic S-matrix  @@      0.00  0   0 F  0
 Reaction Xsec     0.5-/ 1 @ 1 =  17.519 , Out:   0.000#   0.040   17.479f

 Allocate arrays for            5  channels, of which            5  need wfs.

 Total SPIN, PARITY =     1.5 +,      5 chs,      5 cc.  Rmin & Coul turning =    0.0    1.3
   S-matrix    1 =   -0.24419  -0.28634 for L=    2, J=    1.5 channel on core I =   0.0 from L=    2,  Acc. loss =  0.0 D.
 Elastic phase shift   1 =  -65.229  27.998 deg. for the L =    2, J =    1.5 channel.
       1.5 -0.24419335 -0.28633828i: elastic S-matrix  @@      0.00  0   0 F  0
 Reaction Xsec     1.5+/ 2 @ 1 =  35.277 , Out:   0.000#   0.084   35.193f


 Total SPIN, PARITY =     1.5 -,      5 chs,      5 cc.  Rmin & Coul turning =    0.0    1.3
   S-matrix    1 =    0.11911  -0.37467 for L=    1, J=    1.5 channel on core I =   0.0 from L=    1,  Acc. loss =  0.0 D.
 Elastic phase shift   1 =  -36.182  26.745 deg. for the L =    1, J =    1.5 channel.
       1.5  0.11910919 -0.37466952i: elastic S-matrix  @@      0.00  0   0 F  0
 Reaction Xsec     1.5-/ 1 @ 1 =  34.745 , Out:   0.000#   0.072   34.673f

 Allocate arrays for            6  channels, of which            6  need wfs.

 Total SPIN, PARITY =     2.5 +,      6 chs,      6 cc.  Rmin & Coul turning =    0.1    2.2
   S-matrix    1 =   -0.11280  -0.35897 for L=    2, J=    2.5 channel on core I =   0.0 from L=    2,  Acc. loss =  0.0 D.
 Elastic phase shift   1 =  -53.722  28.001 deg. for the L =    2, J =    2.5 channel.
       2.5 -0.11279834 -0.35897245i: elastic S-matrix  @@      0.01  0   0 F  0
 Reaction Xsec     2.5+/ 2 @ 1 =  52.917 , Out:   0.000#   0.120   52.797f


 Total SPIN, PARITY =     2.5 -,      6 chs,      6 cc.  Rmin & Coul turning =    0.1    2.2
   S-matrix    1 =   -0.35953  -0.05039 for L=    3, J=    2.5 channel on core I =   0.0 from L=    3,  Acc. loss =  0.0 D.
 Elastic phase shift   1 =  -86.011  29.027 deg. for the L =    3, J =    2.5 channel.
       2.5 -0.35952891 -0.05038654i: elastic S-matrix  @@      0.01  0   0 F  0
 Reaction Xsec     2.5-/ 3 @ 1 =  53.520 , Out:   0.000#   0.085   53.436f


 Total SPIN, PARITY =     3.5 +,      6 chs,      6 cc.  Rmin & Coul turning =    0.1    3.0
   S-matrix    1 =   -0.06328   0.22651 for L=    4, J=    3.5 channel on core I =   0.0 from L=    4,  Acc. loss =  0.0 D.
 Elastic phase shift   1 =   52.804  41.465 deg. for the L =    4, J =    3.5 channel.
       3.5 -0.06327514  0.22650517i: elastic S-matrix  @@      0.01  0   0 F  0
 Reaction Xsec     3.5+/ 4 @ 1 =  77.647 , Out:   0.000#   0.186   77.461f


 Total SPIN, PARITY =     3.5 -,      6 chs,      6 cc.  Rmin & Coul turning =    0.1    3.0
   S-matrix    1 =   -0.31564  -0.24117 for L=    3, J=    3.5 channel on core I =   0.0 from L=    3,  Acc. loss =  0.0 D.
 Elastic phase shift   1 =  -71.309  26.449 deg. for the L =    3, J =    3.5 channel.
       3.5 -0.31563914 -0.24117173i: elastic S-matrix  @@      0.01  0   0 F  0
 Reaction Xsec     3.5-/ 3 @ 1 =  69.224 , Out:   0.000#   0.098   69.126f


 Total SPIN, PARITY =     4.5 +,      6 chs,      6 cc.  Rmin & Coul turning =    0.2    3.8
   S-matrix    1 =   -0.21287   0.08827 for L=    4, J=    4.5 channel on core I =   0.0 from L=    4,  Acc. loss =  0.0 D.
 Elastic phase shift   1 =   78.739  42.048 deg. for the L =    4, J =    4.5 channel.
       4.5 -0.21286984  0.08827339i: elastic S-matrix  @@      0.01  0   0 F  0
 Reaction Xsec     4.5+/ 4 @ 1 =  97.285 , Out:   0.000#   0.207   97.079f


 Total SPIN, PARITY =     4.5 -,      6 chs,      6 cc.  Rmin & Coul turning =    0.2    3.8
   S-matrix    1 =    0.44843   0.30333 for L=    5, J=    4.5 channel on core I =   0.0 from L=    5,  Acc. loss =  0.0 D.
 Elastic phase shift   1 =   17.038  17.579 deg. for the L =    5, J =    4.5 channel.
       4.5  0.44842925  0.30333052i: elastic S-matrix  @@      0.01  0   0 F  0
 Reaction Xsec     4.5-/ 5 @ 1 =  72.628 , Out:   0.000#   0.164   72.464f


 Total SPIN, PARITY =     5.5 +,      6 chs,      6 cc.  Rmin & Coul turning =    0.2    4.6
   S-matrix    1 =    0.79684   0.19003 for L=    6, J=    5.5 channel on core I =   0.0 from L=    6,  Acc. loss =  0.0 D.
 Elastic phase shift   1 =    6.707   5.713 deg. for the L =    6, J =    5.5 channel.
       5.5  0.79684434  0.19003426i: elastic S-matrix  @@      0.01  0   0 F  0
 Reaction Xsec     5.5+/ 6 @ 1 =  40.553 , Out:   0.000#   0.097   40.456f


 Total SPIN, PARITY =     5.5 -,      6 chs,      6 cc.  Rmin & Coul turning =    0.2    4.6
   S-matrix    1 =    0.30382   0.34237 for L=    5, J=    5.5 channel on core I =   0.0 from L=    5,  Acc. loss =  0.0 D.
 Elastic phase shift   1 =   24.207  22.387 deg. for the L =    5, J =    5.5 channel.
       5.5  0.30381787  0.34236685i: elastic S-matrix  @@      0.01  0   0 F  0
 Reaction Xsec     5.5-/ 5 @ 1 =  97.458 , Out:   0.000#   0.215   97.243f


 Total SPIN, PARITY =     6.5 +,      6 chs,      6 cc.  Rmin & Coul turning =    0.3    5.4
   S-matrix    1 =    0.75652   0.24834 for L=    6, J=    6.5 channel on core I =   0.0 from L=    6,  Acc. loss =  0.0 D.
 Elastic phase shift   1 =    9.087   6.527 deg. for the L =    6, J =    6.5 channel.
       6.5  0.75652451  0.24834023i: elastic S-matrix  @@      0.00  0   0 F  0
 Reaction Xsec     6.5+/ 6 @ 1 =  52.644 , Out:   0.000#   0.116   52.528f


 Total SPIN, PARITY =     6.5 -,      6 chs,      6 cc.  Rmin & Coul turning =    0.3    5.4
   S-matrix    1 =    0.93459   0.08514 for L=    7, J=    6.5 channel on core I =   0.0 from L=    7,  Acc. loss =  0.0 D.
 Elastic phase shift   1 =    2.603   1.819 deg. for the L =    7, J =    6.5 channel.
       6.5  0.93459482  0.08513990i: elastic S-matrix  @@      0.00  0   0 F  0
 Reaction Xsec     6.5-/ 7 @ 1 =  17.158 , Out:   0.000#   0.032   17.125f


 Total SPIN, PARITY =     7.5 +,      6 chs,      6 cc.  Rmin & Coul turning =    0.3    6.2
   S-matrix    1 =    0.97936   0.03376 for L=    8, J=    7.5 channel on core I =   0.0 from L=    8,  Acc. loss =  0.0 D.
 Elastic phase shift   1 =    0.987   0.580 deg. for the L =    8, J =    7.5 channel.
       7.5  0.97936494  0.03375749i: elastic S-matrix  @@      0.00  0   0 F  0
 Reaction Xsec     7.5+/ 8 @ 1 =   6.527 , Out:   0.000#   4.927/   6.522f


 Total SPIN, PARITY =     7.5 -,      6 chs,      6 cc.  Rmin & Coul turning =    0.3    6.2
   S-matrix    1 =    0.92779   0.11155 for L=    7, J=    7.5 channel on core I =   0.0 from L=    7,  Acc. loss =  0.0 D.
 Elastic phase shift   1 =    3.428   1.942 deg. for the L =    7, J =    7.5 channel.
       7.5  0.92778678  0.11155440i: elastic S-matrix  @@      0.00  0   0 F  0
 Reaction Xsec     7.5-/ 7 @ 1 =  20.839 , Out:   0.000#   0.042   20.797f


 Total SPIN, PARITY =     8.5 +,      6 chs,      6 cc.  Rmin & Coul turning =    0.4    7.0
   S-matrix    1 =    0.97835   0.04378 for L=    8, J=    8.5 channel on core I =   0.0 from L=    8,  Acc. loss =  0.0 D.
 Elastic phase shift   1 =    1.281   0.598 deg. for the L =    8, J =    8.5 channel.
       8.5  0.97835348  0.04378197i: elastic S-matrix  @@      0.00  0   0 F  0
 Reaction Xsec     8.5+/ 8 @ 1 =   7.565 , Out:   0.000#   6.167/   7.559f


 Total SPIN, PARITY =     8.5 -,      6 chs,      6 cc.  Rmin & Coul turning =    0.4    7.0
   S-matrix    1 =    0.99345   0.01283 for L=    9, J=    8.5 channel on core I =   0.0 from L=    9,  Acc. loss =  0.0 D.
 Elastic phase shift   1 =    0.370   0.186 deg. for the L =    9, J =    8.5 channel.
       8.5  0.99345369  0.01282552i: elastic S-matrix  @@      0.00  0   0 F  0
 Reaction Xsec     8.5-/ 9 @ 1 =   2.383 , Out:   0.000#   0.458/   2.382f


 Total SPIN, PARITY =     9.5 +,      6 chs,      6 cc.  Rmin & Coul turning =    0.4    7.8
   S-matrix    1 =    0.99791   0.00480 for L=   10, J=    9.5 channel on core I =   0.0 from L=   10,  Acc. loss =  0.0 D.
 Elastic phase shift   1 =    0.138   0.060 deg. for the L =   10, J =    9.5 channel.
       9.5  0.99791127  0.00479635i: elastic S-matrix  @@      0.00  0   0 F  0
 Reaction Xsec     9.5+/10 @ 1 =   0.853 , Out:   0.000#   0.235/   0.853f


 Total SPIN, PARITY =     9.5 -,      6 chs,      6 cc.  Rmin & Coul turning =    0.4    7.8
   S-matrix    1 =    0.99331   0.01654 for L=    9, J=    9.5 channel on core I =   0.0 from L=    9,  Acc. loss =  0.0 D.
 Elastic phase shift   1 =    0.477   0.188 deg. for the L =    9, J =    9.5 channel.
       9.5  0.99330813  0.01654375i: elastic S-matrix  @@      0.00  0   0 F  0
 Reaction Xsec     9.5-/ 9 @ 1 =   2.685 , Out:   0.000#   0.537/   2.684f


 Total SPIN, PARITY =    10.5 +,      6 chs,      6 cc.  Rmin & Coul turning =    0.5    8.7
   S-matrix    1 =    0.99789   0.00618 for L=   10, J=   10.5 channel on core I =   0.0 from L=   10,  Acc. loss =  0.0 D.
 Elastic phase shift   1 =    0.177   0.060 deg. for the L =   10, J =   10.5 channel.
      10.5  0.99789054  0.00617575i: elastic S-matrix  @@      0.00  0   0 F  0
 Reaction Xsec    10.5+/10 @ 1 =   0.944 , Out:   0.000#   0.258/   0.944f


 Total SPIN, PARITY =    10.5 -,      6 chs,      6 cc.  Rmin & Coul turning =    0.5    8.7
   S-matrix    1 =    0.99933   0.00178 for L=   11, J=   10.5 channel on core I =   0.0 from L=   11,  Acc. loss =  0.0 D.
 Elastic phase shift   1 =    0.051   0.019 deg. for the L =   11, J =   10.5 channel.
      10.5  0.99933173  0.00178135i: elastic S-matrix  @@      0.00  0   0 F  0
 Reaction Xsec    10.5-/11 @ 1 =   0.301 , Out:   0.000#   0.315/   0.301f


 Total SPIN, PARITY =    11.5 +,      6 chs,      6 cc.  Rmin & Coul turning =    0.5    9.5
   S-matrix    1 =    0.99979   0.00066 for L=   12, J=   11.5 channel on core I =   0.0 from L=   12,  Acc. loss =  0.0 D.
 Elastic phase shift   1 =    0.019   0.006 deg. for the L =   12, J =   11.5 channel.
      11.5  0.99978595  0.00065906i: elastic S-matrix  @@      0.00  0   0 F  0
 Reaction Xsec    11.5+/12 @ 1 =   0.105 , Out:   0.000#   0.320/   0.105f


 Total SPIN, PARITY =    11.5 -,      6 chs,      6 cc.  Rmin & Coul turning =    0.5    9.5
   S-matrix    1 =    0.99933   0.00229 for L=   11, J=   11.5 channel on core I =   0.0 from L=   11,  Acc. loss =  0.0 D.
 Elastic phase shift   1 =    0.066   0.019 deg. for the L =   11, J =   11.5 channel.
      11.5  0.99932880  0.00229347i: elastic S-matrix  @@      0.00  0   0 F  0
 Reaction Xsec    11.5-/11 @ 1 =   0.330 , Out:   0.000#   0.344/   0.329f


 Total SPIN, PARITY =    12.5 +,      6 chs,      6 cc.  Rmin & Coul turning =    0.6   10.3
   S-matrix    1 =    0.99979   0.00085 for L=   12, J=   12.5 channel on core I =   0.0 from L=   12,  Acc. loss =  0.0 D.
 Elastic phase shift   1 =    0.024   0.006 deg. for the L =   12, J =   12.5 channel.
      12.5  0.99978554  0.00084902i: elastic S-matrix  @@      0.00  0   0 F  0
 Reaction Xsec    12.5+/12 @ 1 =   0.114 , Out:   0.000#   0.347/   0.114f


 Total SPIN, PARITY =    12.5 -,      6 chs,      6 cc.  Rmin & Coul turning =    0.6   10.3
   S-matrix    1 =    0.99993   0.00024 for L=   13, J=   12.5 channel on core I =   0.0 from L=   13,  Acc. loss =  0.0 D.
 Elastic phase shift   1 =    0.007   0.002 deg. for the L =   13, J =   12.5 channel.
      12.5  0.99993133  0.00024321i: elastic S-matrix  @@      0.00  0   0 F  0
 Reaction Xsec    12.5-/13 @ 1 =   0.037 , Out:   0.000#   0.284/   0.036f


 Total SPIN, PARITY =    13.5 +,      6 chs,      6 cc.  Rmin & Coul turning =    0.6   11.1
   S-matrix    1 =    0.99998   0.00009 for L=   14, J=   13.5 channel on core I =   0.0 from L=   14,  Acc. loss =  0.0 D.
 Elastic phase shift   1 =    0.003   0.001 deg. for the L =   14, J =   13.5 channel.
      13.5  0.99997786  0.00008959i: elastic S-matrix  @@      0.00  0   0 F  0
 Reaction Xsec    13.5+/14 @ 1 =   0.013 , Out:   0.000#   0.240/   0.012f


 Total SPIN, PARITY =    13.5 -,      6 chs,      6 cc.  Rmin & Coul turning =    0.6   11.1
   S-matrix    1 =    0.99993   0.00031 for L=   13, J=   13.5 channel on core I =   0.0 from L=   13,  Acc. loss =  0.0 D.
 Elastic phase shift   1 =    0.009   0.002 deg. for the L =   13, J =   13.5 channel.
      13.5  0.99993127  0.00031353i: elastic S-matrix  @@      0.00  0   0 F  0
 Reaction Xsec    13.5-/13 @ 1 =   0.040 , Out:   0.000#   0.306/   0.039f


 Total SPIN, PARITY =    14.5 +,      6 chs,      6 cc.  Rmin & Coul turning =    0.7   11.9
   S-matrix    1 =    0.99998   0.00012 for L=   14, J=   14.5 channel on core I =   0.0 from L=   14,  Acc. loss =  0.0 D.
 Elastic phase shift   1 =    0.003   0.001 deg. for the L =   14, J =   14.5 channel.
      14.5  0.99997785  0.00011557i: elastic S-matrix  @@      0.00  0   0 F  0
 Reaction Xsec    14.5+/14 @ 1 =   0.014 , Out:   0.000#   0.257/   0.013f


 Total SPIN, PARITY =    14.5 -,      6 chs,      6 cc.  Rmin & Coul turning =    0.7   11.9
   S-matrix    1 =    0.99999   0.00003 for L=   15, J=   14.5 channel on core I =   0.0 from L=   15,  Acc. loss =  0.0 D.
 Elastic phase shift   1 =    0.001   0.000 deg. for the L =   15, J =   14.5 channel.
      14.5  0.99999276  0.00003297i: elastic S-matrix  @@      0.00  0   0 F  0
 Reaction Xsec    14.5-/15 @ 1 =   4.461/, Out:   0.000#   0.199/   0.004f


 Total SPIN, PARITY =    15.5 +,      6 chs,      6 cc.  Rmin & Coul turning =    0.7   12.7
   S-matrix    1 =    1.00000   0.00001 for L=   16, J=   15.5 channel on core I =   0.0 from L=   16,  Acc. loss =  0.0 D.
 Elastic phase shift   1 =    0.000   0.000 deg. for the L =   16, J =   15.5 channel.
      15.5  0.99999755  0.00001215i: elastic S-matrix  @@      0.00  0   0 F  0
 Reaction Xsec    15.5+/16 @ 1 =   1.610/, Out:   0.000#   0.166/   0.001f


 Total SPIN, PARITY =    15.5 -,      6 chs,      6 cc.  Rmin & Coul turning =    0.7   12.7
   S-matrix    1 =    0.99999   0.00004 for L=   15, J=   15.5 channel on core I =   0.0 from L=   15,  Acc. loss =  0.0 D.
 Elastic phase shift   1 =    0.001   0.000 deg. for the L =   15, J =   15.5 channel.
      15.5  0.99999276  0.00004255i: elastic S-matrix  @@      0.00  0   0 F  0
 Reaction Xsec    15.5-/15 @ 1 =   4.759/, Out:   0.000#   0.213/   0.005f


 Total SPIN, PARITY =    16.5 +,      6 chs,      6 cc.  Rmin & Coul turning =    0.8   13.5
   S-matrix    1 =    1.00000   0.00002 for L=   16, J=   16.5 channel on core I =   0.0 from L=   16,  Acc. loss =  0.0 D.
 Elastic phase shift   1 =    0.000   0.000 deg. for the L =   16, J =   16.5 channel.
      16.5  0.99999755  0.00001567i: elastic S-matrix  @@      0.00  0   0 F  0
 Reaction Xsec    16.5+/16 @ 1 =   1.711/, Out:   0.000#   0.176/   0.002f


 Total SPIN, PARITY =    16.5 -,      6 chs,      6 cc.  Rmin & Coul turning =    0.8   13.5
   S-matrix    1 =    1.00000   0.00000 for L=   17, J=   16.5 channel on core I =   0.0 from L=   17,  Acc. loss =  0.0 D.
 Elastic phase shift   1 =    0.000   0.000 deg. for the L =   17, J =   16.5 channel.
      16.5  0.99999911  0.00000450i: elastic S-matrix  @@      0.00  0   0 F  0
 Reaction Xsec    16.5-/17 @ 1 =   0.625/, Out:   0.000#   0.138/   0.000f


 Total SPIN, PARITY =    17.5 +,      6 chs,      6 cc.  Rmin & Coul turning =    0.8   14.3
   S-matrix    1 =    1.00000   0.00000 for L=   18, J=   17.5 channel on core I =   0.0 from L=   18,  Acc. loss =  0.0 D.
 Elastic phase shift   1 =    0.000   0.000 deg. for the L =   18, J =   17.5 channel.
      17.5  0.99999962  0.00000169i: elastic S-matrix  @@      0.00  0   0 F  0
 Reaction Xsec    17.5+/18 @ 1 =   0.279/, Out:   0.000#   0.115/   0.000f


 Total SPIN, PARITY =    17.5 -,      6 chs,      6 cc.  Rmin & Coul turning =    0.8   14.3
   S-matrix    1 =    1.00000   0.00001 for L=   17, J=   17.5 channel on core I =   0.0 from L=   17,  Acc. loss =  0.0 D.
 Elastic phase shift   1 =    0.000   0.000 deg. for the L =   17, J =   17.5 channel.
      17.5  0.99999911  0.00000579i: elastic S-matrix  @@      0.00  0   0 F  0
 Reaction Xsec    17.5-/17 @ 1 =   0.661/, Out:   0.000#   0.146/   0.001f


 Total SPIN, PARITY =    18.5 +,      6 chs,      6 cc.  Rmin & Coul turning =    0.8   15.1
   S-matrix    1 =    1.00000   0.00000 for L=   18, J=   18.5 channel on core I =   0.0 from L=   18,  Acc. loss =  0.0 D.
 Elastic phase shift   1 =    0.000   0.000 deg. for the L =   18, J =   18.5 channel.
      18.5  0.99999962  0.00000216i: elastic S-matrix  @@      0.00  0   0 F  0
 Reaction Xsec    18.5+/18 @ 1 =   0.294/, Out:   0.000#   0.122/   0.000f


 Total SPIN, PARITY =    18.5 -,      6 chs,      6 cc.  Rmin & Coul turning =    0.8   15.1
   S-matrix    1 =    1.00000   0.00000 for L=   19, J=   18.5 channel on core I =   0.0 from L=   19,  Acc. loss =  0.0 D.
 Elastic phase shift   1 =    0.000   0.000 deg. for the L =   19, J =   18.5 channel.
      18.5  0.99999981  0.00000065i: elastic S-matrix  @@      0.00  0   0 F  0
 Reaction Xsec    18.5-/19 @ 1 =   0.151/, Out:   0.000#   0.097/   0.000f


 Total SPIN, PARITY =    19.5 +,      6 chs,      6 cc.  Rmin & Coul turning =    0.9   15.9
   S-matrix    1 =    1.00000   0.00000 for L=   20, J=   19.5 channel on core I =   0.0 from L=   20,  Acc. loss =  0.0 D.
 Elastic phase shift   1 =    0.000   0.000 deg. for the L =   20, J =   19.5 channel.
      19.5  0.99999988  0.00000027i: elastic S-matrix  @@      0.00  0   0 F  0
 Reaction Xsec    19.5+/20 @ 1 =   0.100/, Out:   0.000#   0.082/   0.000f


 Total SPIN, PARITY =    19.5 -,      6 chs,      6 cc.  Rmin & Coul turning =    0.9   15.9
   S-matrix    1 =    1.00000   0.00000 for L=   19, J=   19.5 channel on core I =   0.0 from L=   19,  Acc. loss =  0.0 D.
 Elastic phase shift   1 =    0.000   0.000 deg. for the L =   19, J =   19.5 channel.
      19.5  0.99999981  0.00000083i: elastic S-matrix  @@      0.00  0   0 F  0
 Reaction Xsec    19.5-/19 @ 1 =   0.159/, Out:   0.000#   0.102/   0.000f


 Total SPIN, PARITY =    20.5 +,      6 chs,      6 cc.  Rmin & Coul turning =    1.0   16.7
   S-matrix    1 =    1.00000   0.00000 for L=   20, J=   20.5 channel on core I =   0.0 from L=   20,  Acc. loss =  0.0 D.
 Elastic phase shift   1 =    0.000   0.000 deg. for the L =   20, J =   20.5 channel.
      20.5  0.99999988  0.00000033i: elastic S-matrix  @@      0.00  0   0 F  0
 Reaction Xsec    20.5+/20 @ 1 =   0.105/, Out:   0.000#   0.086/   0.000f


 Total SPIN, PARITY =    20.5 -,      6 chs,      6 cc.  Rmin & Coul turning =    1.0   16.7
   S-matrix    1 =    1.00000   0.00000 for L=   21, J=   20.5 channel on core I =   0.0 from L=   21,  Acc. loss =  0.0 D.
 Elastic phase shift   1 =    0.000   0.000 deg. for the L =   21, J =   20.5 channel.
      20.5  0.99999991  0.00000013i: elastic S-matrix  @@      0.00  0   0 F  0
 Reaction Xsec    20.5-/21 @ 1 =   0.075/, Out:   0.000#   0.069/   0.000f


 Total SPIN, PARITY =    21.5 +,      6 chs,      6 cc.  Rmin & Coul turning =    1.0   17.6
   S-matrix    1 =    1.00000   0.00000 for L=   22, J=   21.5 channel on core I =   0.0 from L=   22,  Acc. loss =  0.0 D.
 Elastic phase shift   1 =    0.000   0.000 deg. for the L =   22, J =   21.5 channel.
      21.5  0.99999993  0.00000007i: elastic S-matrix  @@      0.00  0   0 F  0
 Reaction Xsec    21.5+/22 @ 1 =   0.061/, Out:   0.000#   0.059/   0.000f


 Total SPIN, PARITY =    21.5 -,      6 chs,      6 cc.  Rmin & Coul turning =    1.0   17.6
   S-matrix    1 =    1.00000   0.00000 for L=   21, J=   21.5 channel on core I =   0.0 from L=   21,  Acc. loss =  0.0 D.
 Elastic phase shift   1 =    0.000   0.000 deg. for the L =   21, J =   21.5 channel.
      21.5  0.99999991  0.00000015i: elastic S-matrix  @@      0.00  0   0 F  0
 Reaction Xsec    21.5-/21 @ 1 =   0.079/, Out:   0.000#   0.073/   0.000f


 Total SPIN, PARITY =    22.5 +,      6 chs,      6 cc.  Rmin & Coul turning =    1.1   18.4
   S-matrix    1 =    1.00000   0.00000 for L=   22, J=   22.5 channel on core I =   0.0 from L=   22,  Acc. loss =  0.0 D.
 Elastic phase shift   1 =    0.000   0.000 deg. for the L =   22, J =   22.5 channel.
      22.5  0.99999993  0.00000008i: elastic S-matrix  @@      0.00  0   0 F  0
 Reaction Xsec    22.5+/22 @ 1 =   0.064/, Out:   0.000#   0.062/   0.000f


 Total SPIN, PARITY =    22.5 -,      6 chs,      6 cc.  Rmin & Coul turning =    1.1   18.4
   S-matrix    1 =    1.00000   0.00000 for L=   23, J=   22.5 channel on core I =   0.0 from L=   23,  Acc. loss =  0.0 D.
 Elastic phase shift   1 =    0.000   0.000 deg. for the L =   23, J =   22.5 channel.
      22.5  0.99999995  0.00000005i: elastic S-matrix  @@      0.00  0   0 F  0
 Reaction Xsec    22.5-/23 @ 1 =   0.051/, Out:   0.000#   0.050/   0.000f


 Total SPIN, PARITY =    23.5 +,      6 chs,      6 cc.  Rmin & Coul turning =    1.1   19.2
   S-matrix    1 =    1.00000   0.00000 for L=   24, J=   23.5 channel on core I =   0.0 from L=   24,  Acc. loss =  0.0 D.
 Elastic phase shift   1 =    0.000   0.000 deg. for the L =   24, J =   23.5 channel.
      23.5  0.99999996  0.00000004i: elastic S-matrix  @@      0.00  0   0 F  0
 Reaction Xsec    23.5+/24 @ 1 =   0.043/, Out:   0.000#   0.043/   0.000f


 Total SPIN, PARITY =    23.5 -,      6 chs,      6 cc.  Rmin & Coul turning =    1.1   19.2
   S-matrix    1 =    1.00000   0.00000 for L=   23, J=   23.5 channel on core I =   0.0 from L=   23,  Acc. loss =  0.0 D.
 Elastic phase shift   1 =    0.000   0.000 deg. for the L =   23, J =   23.5 channel.
      23.5  0.99999995  0.00000005i: elastic S-matrix  @@      0.00  0   0 F  0
 Reaction Xsec    23.5-/23 @ 1 =   0.053/, Out:   0.000#   0.053/   0.000f


 Total SPIN, PARITY =    24.5 +,      6 chs,      6 cc.  Rmin & Coul turning =    1.1   20.0
   S-matrix    1 =    1.00000   0.00000 for L=   24, J=   24.5 channel on core I =   0.0 from L=   24,  Acc. loss =  0.0 D.
 Elastic phase shift   1 =    0.000   0.000 deg. for the L =   24, J =   24.5 channel.
      24.5  0.99999996  0.00000004i: elastic S-matrix  @@      0.00  0   0 F  0
 Reaction Xsec    24.5+/24 @ 1 =   0.045/, Out:   0.000#   0.045/   0.000f


 Total SPIN, PARITY =    24.5 -,      6 chs,      6 cc.  Rmin & Coul turning =    1.1   20.0
   S-matrix    1 =    1.00000   0.00000 for L=   25, J=   24.5 channel on core I =   0.0 from L=   25,  Acc. loss =  0.0 D.
 Elastic phase shift   1 =    0.000   0.000 deg. for the L =   25, J =   24.5 channel.
      24.5  0.99999996  0.00000003i: elastic S-matrix  @@      0.00  0   0 F  0
 Reaction Xsec    24.5-/25 @ 1 =   0.037/, Out:   0.000#   0.037/   0.000f


 Total SPIN, PARITY =    25.5 +,      6 chs,      6 cc.  Rmin & Coul turning =    1.2   20.8
   S-matrix    1 =    1.00000   0.00000 for L=   26, J=   25.5 channel on core I =   0.0 from L=   26,  Acc. loss =  0.0 D.
 Elastic phase shift   1 =    0.000   0.000 deg. for the L =   26, J =   25.5 channel.
      25.5  0.99999997  0.00000003i: elastic S-matrix  @@      0.00  0   0 F  0
 Reaction Xsec    25.5+/26 @ 1 =   0.032/, Out:   0.000#   0.032/   0.000f


 Total SPIN, PARITY =    25.5 -,      6 chs,      6 cc.  Rmin & Coul turning =    1.2   20.8
   S-matrix    1 =    1.00000   0.00000 for L=   25, J=   25.5 channel on core I =   0.0 from L=   25,  Acc. loss =  0.0 D.
 Elastic phase shift   1 =    0.000   0.000 deg. for the L =   25, J =   25.5 channel.
      25.5  0.99999996  0.00000003i: elastic S-matrix  @@      0.00  0   0 F  0
 Reaction Xsec    25.5-/25 @ 1 =   0.039/, Out:   0.000#   0.038/   0.000f


 Total SPIN, PARITY =    26.5 +,      6 chs,      6 cc.  Rmin & Coul turning =    1.2   21.6
   S-matrix    1 =    1.00000   0.00000 for L=   26, J=   26.5 channel on core I =   0.0 from L=   26,  Acc. loss =  0.0 D.
 Elastic phase shift   1 =    0.000   0.000 deg. for the L =   26, J =   26.5 channel.
      26.5  0.99999997  0.00000003i: elastic S-matrix  @@      0.00  0   0 F  0
 Reaction Xsec    26.5+/26 @ 1 =   0.033/, Out:   0.000#   0.033/   0.000f


 Total SPIN, PARITY =    26.5 -,      6 chs,      6 cc.  Rmin & Coul turning =    1.2   21.6
   S-matrix    1 =    1.00000   0.00000 for L=   27, J=   26.5 channel on core I =   0.0 from L=   27,  Acc. loss =  0.0 D.
 Elastic phase shift   1 =    0.000   0.000 deg. for the L =   27, J =   26.5 channel.
      26.5  0.99999998  0.00000002i: elastic S-matrix  @@      0.00  0   0 F  0
 Reaction Xsec    26.5-/27 @ 1 =   0.027/, Out:   0.000#   0.027/   0.000f


 Total SPIN, PARITY =    27.5 +,      6 chs,      6 cc.  Rmin & Coul turning =    1.3   22.4
   S-matrix    1 =    1.00000   0.00000 for L=   28, J=   27.5 channel on core I =   0.0 from L=   28,  Acc. loss =  0.0 D.
 Elastic phase shift   1 =    0.000   0.000 deg. for the L =   28, J =   27.5 channel.
      27.5  0.99999998  0.00000002i: elastic S-matrix  @@      0.00  0   0 F  0
 Reaction Xsec    27.5+/28 @ 1 =   0.024/, Out:   0.000#   0.024/   0.000f


 Total SPIN, PARITY =    27.5 -,      6 chs,      6 cc.  Rmin & Coul turning =    1.3   22.4
   S-matrix    1 =    1.00000   0.00000 for L=   27, J=   27.5 channel on core I =   0.0 from L=   27,  Acc. loss =  0.0 D.
 Elastic phase shift   1 =    0.000   0.000 deg. for the L =   27, J =   27.5 channel.
      27.5  0.99999998  0.00000002i: elastic S-matrix  @@      0.00  0   0 F  0
 Reaction Xsec    27.5-/27 @ 1 =   0.028/, Out:   0.000#   0.028/   0.000f


 Total SPIN, PARITY =    28.5 +,      6 chs,      6 cc.  Rmin & Coul turning =    1.3   23.2
   S-matrix    1 =    1.00000   0.00000 for L=   28, J=   28.5 channel on core I =   0.0 from L=   28,  Acc. loss =  0.0 D.
 Elastic phase shift   1 =    0.000   0.000 deg. for the L =   28, J =   28.5 channel.
      28.5  0.99999998  0.00000002i: elastic S-matrix  @@      0.00  0   0 F  0
 Reaction Xsec    28.5+/28 @ 1 =   0.025/, Out:   0.000#   0.025/   0.000f


 Total SPIN, PARITY =    28.5 -,      6 chs,      6 cc.  Rmin & Coul turning =    1.3   23.2
   S-matrix    1 =    1.00000   0.00000 for L=   29, J=   28.5 channel on core I =   0.0 from L=   29,  Acc. loss =  0.0 D.
 Elastic phase shift   1 =    0.000   0.000 deg. for the L =   29, J =   28.5 channel.
      28.5  0.99999998  0.00000002i: elastic S-matrix  @@      0.00  0   0 F  0
 Reaction Xsec    28.5-/29 @ 1 =   0.021/, Out:   0.000#   0.021/   0.000f


 Total SPIN, PARITY =    29.5 +,      6 chs,      6 cc.  Rmin & Coul turning =    1.4   24.0
   S-matrix    1 =    1.00000   0.00000 for L=   30, J=   29.5 channel on core I =   0.0 from L=   30,  Acc. loss =  0.0 D.
 Elastic phase shift   1 =    0.000   0.000 deg. for the L =   30, J =   29.5 channel.
      29.5  0.99999999  0.00000002i: elastic S-matrix  @@      0.00  0   0 F  0
 Reaction Xsec    29.5+/30 @ 1 =   0.018/, Out:   0.000#   0.018/   0.000f


 Total SPIN, PARITY =    29.5 -,      6 chs,      6 cc.  Rmin & Coul turning =    1.4   24.0
   S-matrix    1 =    1.00000   0.00000 for L=   29, J=   29.5 channel on core I =   0.0 from L=   29,  Acc. loss =  0.0 D.
 Elastic phase shift   1 =    0.000   0.000 deg. for the L =   29, J =   29.5 channel.
      29.5  0.99999998  0.00000002i: elastic S-matrix  @@      0.00  0   0 F  0
 Reaction Xsec    29.5-/29 @ 1 =   0.021/, Out:   0.000#   0.021/   0.000f


 Total SPIN, PARITY =    30.5 +,      6 chs,      6 cc.  Rmin & Coul turning =    1.4   24.8
   S-matrix    1 =    1.00000   0.00000 for L=   30, J=   30.5 channel on core I =   0.0 from L=   30,  Acc. loss =  0.0 D.
 Elastic phase shift   1 =    0.000   0.000 deg. for the L =   30, J =   30.5 channel.
      30.5  0.99999999  0.00000002i: elastic S-matrix  @@      0.00  0   0 F  0
 Reaction Xsec    30.5+/30 @ 1 =   0.018/, Out:   0.000#   0.018/   0.000f


 Total SPIN, PARITY =    30.5 -,      6 chs,      6 cc.  Rmin & Coul turning =    1.4   24.8
   S-matrix    1 =    1.00000   0.00000 for L=   31, J=   30.5 channel on core I =   0.0 from L=   31,  Acc. loss =  0.0 D.
 Elastic phase shift   1 =    0.000   0.000 deg. for the L =   31, J =   30.5 channel.
      30.5  0.99999999  0.00000001i: elastic S-matrix  @@      0.00  0   0 F  0
 Reaction Xsec    30.5-/31 @ 1 =   0.016/, Out:   0.000#   0.016/   0.000f


 Total SPIN, PARITY =    31.5 +,      6 chs,      6 cc.  Rmin & Coul turning =    1.5   25.6
   S-matrix    1 =    1.00000   0.00000 for L=   32, J=   31.5 channel on core I =   0.0 from L=   32,  Acc. loss =  0.0 D.
 Elastic phase shift   1 =    0.000   0.000 deg. for the L =   32, J =   31.5 channel.
      31.5  0.99999999  0.00000001i: elastic S-matrix  @@      0.00  0   0 F  0
 Reaction Xsec    31.5+/32 @ 1 =   0.014/, Out:   0.000#   0.014/   0.000f


 Total SPIN, PARITY =    31.5 -,      6 chs,      6 cc.  Rmin & Coul turning =    1.5   25.6
   S-matrix    1 =    1.00000   0.00000 for L=   31, J=   31.5 channel on core I =   0.0 from L=   31,  Acc. loss =  0.0 D.
 Elastic phase shift   1 =    0.000   0.000 deg. for the L =   31, J =   31.5 channel.
      31.5  0.99999999  0.00000001i: elastic S-matrix  @@      0.00  0   0 F  0
 Reaction Xsec    31.5-/31 @ 1 =   0.016/, Out:   0.000#   0.016/   0.000f


 Total SPIN, PARITY =    32.5 +,      6 chs,      6 cc.  Rmin & Coul turning =    1.5   26.5
   S-matrix    1 =    1.00000   0.00000 for L=   32, J=   32.5 channel on core I =   0.0 from L=   32,  Acc. loss =  0.0 D.
 Elastic phase shift   1 =    0.000   0.000 deg. for the L =   32, J =   32.5 channel.
      32.5  0.99999999  0.00000001i: elastic S-matrix  @@      0.00  0   0 F  0
 Reaction Xsec    32.5+/32 @ 1 =   0.014/, Out:   0.000#   0.014/   0.000f


 Total SPIN, PARITY =    32.5 -,      6 chs,      6 cc.  Rmin & Coul turning =    1.5   26.5
   S-matrix    1 =    1.00000   0.00000 for L=   33, J=   32.5 channel on core I =   0.0 from L=   33,  Acc. loss =  0.0 D.
 Elastic phase shift   1 =    0.000   0.000 deg. for the L =   33, J =   32.5 channel.
      32.5  0.99999999  0.00000001i: elastic S-matrix  @@      0.00  0   0 F  0
 Reaction Xsec    32.5-/33 @ 1 =   0.012/, Out:   0.000#   0.012/   0.000f


 Total SPIN, PARITY =    33.5 +,      6 chs,      6 cc.  Rmin & Coul turning =    1.6   27.3
   S-matrix    1 =    1.00000   0.00000 for L=   34, J=   33.5 channel on core I =   0.0 from L=   34,  Acc. loss =  0.0 D.
 Elastic phase shift   1 =    0.000   0.000 deg. for the L =   34, J =   33.5 channel.
      33.5  0.99999999  0.00000001i: elastic S-matrix  @@      0.00  0   0 F  0
 Reaction Xsec    33.5+/34 @ 1 =   0.010/, Out:   0.000#   0.010/   0.000f


 Total SPIN, PARITY =    33.5 -,      6 chs,      6 cc.  Rmin & Coul turning =    1.6   27.3
   S-matrix    1 =    1.00000   0.00000 for L=   33, J=   33.5 channel on core I =   0.0 from L=   33,  Acc. loss =  0.0 D.
 Elastic phase shift   1 =    0.000   0.000 deg. for the L =   33, J =   33.5 channel.
      33.5  0.99999999  0.00000001i: elastic S-matrix  @@      0.00  0   0 F  0
 Reaction Xsec    33.5-/33 @ 1 =   0.012/, Out:   0.000#   0.012/   0.000f


 Total SPIN, PARITY =    34.5 +,      6 chs,      6 cc.  Rmin & Coul turning =    1.6   28.1
   S-matrix    1 =    1.00000   0.00000 for L=   34, J=   34.5 channel on core I =   0.0 from L=   34,  Acc. loss =  0.0 D.
 Elastic phase shift   1 =    0.000   0.000 deg. for the L =   34, J =   34.5 channel.
      34.5  0.99999999  0.00000001i: elastic S-matrix  @@      0.00  0   0 F  0
 Reaction Xsec    34.5+/34 @ 1 =   0.011/, Out:   0.000#   0.011/   0.000f


 Total SPIN, PARITY =    34.5 -,      6 chs,      6 cc.  Rmin & Coul turning =    1.6   28.1
   S-matrix    1 =    1.00000   0.00000 for L=   35, J=   34.5 channel on core I =   0.0 from L=   35,  Acc. loss =  0.0 D.
 Elastic phase shift   1 =    0.000   0.000 deg. for the L =   35, J =   34.5 channel.
      34.5  0.99999999  0.00000001i: elastic S-matrix  @@      0.00  0   0 F  0
 Reaction Xsec    34.5-/35 @ 1 =   9.026#, Out:   0.000#   9.026#   0.000f


 Total SPIN, PARITY =    35.5 +,      6 chs,      6 cc.  Rmin & Coul turning =    1.7   28.9
   S-matrix    1 =    1.00000   0.00000 for L=   36, J=   35.5 channel on core I =   0.0 from L=   36,  Acc. loss =  0.0 D.
 Elastic phase shift   1 =    0.000   0.000 deg. for the L =   36, J =   35.5 channel.
      35.5  0.99999999  0.00000001i: elastic S-matrix  @@      0.00  0   0 F  0
 Reaction Xsec    35.5+/36 @ 1 =   7.926#, Out:   0.000#   7.926#   0.000f


 Total SPIN, PARITY =    35.5 -,      6 chs,      6 cc.  Rmin & Coul turning =    1.7   28.9
   S-matrix    1 =    1.00000   0.00000 for L=   35, J=   35.5 channel on core I =   0.0 from L=   35,  Acc. loss =  0.0 D.
 Elastic phase shift   1 =    0.000   0.000 deg. for the L =   35, J =   35.5 channel.
      35.5  0.99999999  0.00000001i: elastic S-matrix  @@      0.00  0   0 F  0
 Reaction Xsec    35.5-/35 @ 1 =   9.284#, Out:   0.000#   9.283#   0.000f


 Total SPIN, PARITY =    36.5 +,      6 chs,      6 cc.  Rmin & Coul turning =    1.7   29.7
   S-matrix    1 =    1.00000   0.00000 for L=   36, J=   36.5 channel on core I =   0.0 from L=   36,  Acc. loss =  0.0 D.
 Elastic phase shift   1 =    0.000   0.000 deg. for the L =   36, J =   36.5 channel.
      36.5  0.99999999  0.00000001i: elastic S-matrix  @@      0.00  0   0 F  0
 Reaction Xsec    36.5+/36 @ 1 =   8.146#, Out:   0.000#   8.146#   0.000f


 Total SPIN, PARITY =    36.5 -,      6 chs,      6 cc.  Rmin & Coul turning =    1.7   29.7
   S-matrix    1 =    1.00000   0.00000 for L=   37, J=   36.5 channel on core I =   0.0 from L=   37,  Acc. loss =  0.0 D.
 Elastic phase shift   1 =    0.000   0.000 deg. for the L =   37, J =   36.5 channel.
      36.5  1.00000000  0.00000001i: elastic S-matrix  @@      0.00  0   0 F  0
 Reaction Xsec    36.5-/37 @ 1 =   7.028#, Out:   0.000#   7.028#   0.000f


 Total SPIN, PARITY =    37.5 +,      6 chs,      6 cc.  Rmin & Coul turning =    1.8   30.5
   S-matrix    1 =    1.00000   0.00000 for L=   38, J=   37.5 channel on core I =   0.0 from L=   38,  Acc. loss =  0.0 D.
 Elastic phase shift   1 =    0.000   0.000 deg. for the L =   38, J =   37.5 channel.
      37.5  1.00000000  0.00000001i: elastic S-matrix  @@      0.00  0   0 F  0
 Reaction Xsec    37.5+/38 @ 1 =   6.124#, Out:   0.000#   6.124#   0.000f


 Total SPIN, PARITY =    37.5 -,      6 chs,      6 cc.  Rmin & Coul turning =    1.8   30.5
   S-matrix    1 =    1.00000   0.00000 for L=   37, J=   37.5 channel on core I =   0.0 from L=   37,  Acc. loss =  0.0 D.
 Elastic phase shift   1 =    0.000   0.000 deg. for the L =   37, J =   37.5 channel.
      37.5  1.00000000  0.00000001i: elastic S-matrix  @@      0.00  0   0 F  0
 Reaction Xsec    37.5-/37 @ 1 =   7.218#, Out:   0.000#   7.218#   0.000f


 Total SPIN, PARITY =    38.5 +,      6 chs,      6 cc.  Rmin & Coul turning =    1.8   31.3
   S-matrix    1 =    1.00000   0.00000 for L=   38, J=   38.5 channel on core I =   0.0 from L=   38,  Acc. loss =  0.0 D.
 Elastic phase shift   1 =    0.000   0.000 deg. for the L =   38, J =   38.5 channel.
      38.5  1.00000000  0.00000001i: elastic S-matrix  @@      0.00  0   0 F  0
 Reaction Xsec    38.5+/38 @ 1 =   6.286#, Out:   0.000#   6.285#   0.000f


 Total SPIN, PARITY =    38.5 -,      6 chs,      6 cc.  Rmin & Coul turning =    1.8   31.3
   S-matrix    1 =    1.00000   0.00000 for L=   39, J=   38.5 channel on core I =   0.0 from L=   39,  Acc. loss =  0.0 D.
 Elastic phase shift   1 =    0.000   0.000 deg. for the L =   39, J =   38.5 channel.
      38.5  1.00000000  0.00000001i: elastic S-matrix  @@      0.00  0   0 F  0
 Reaction Xsec    38.5-/39 @ 1 =   5.402#, Out:   0.000#   5.401#   0.000f


 Total SPIN, PARITY =    39.5 +,      6 chs,      6 cc.  Rmin & Coul turning =    1.9   32.1
   S-matrix    1 =    1.00000   0.00000 for L=   40, J=   39.5 channel on core I =   0.0 from L=   40,  Acc. loss =  0.0 D.
 Elastic phase shift   1 =    0.000   0.000 deg. for the L =   40, J =   39.5 channel.
      39.5  1.00000000  0.00000001i: elastic S-matrix  @@      0.00  0   0 F  0
 Reaction Xsec    39.5+/40 @ 1 =   4.839#, Out:   0.000#   4.839#   0.000f


 Total SPIN, PARITY =    39.5 -,      6 chs,      6 cc.  Rmin & Coul turning =    1.9   32.1
   S-matrix    1 =    1.00000   0.00000 for L=   39, J=   39.5 channel on core I =   0.0 from L=   39,  Acc. loss =  0.0 D.
 Elastic phase shift   1 =    0.000   0.000 deg. for the L =   39, J =   39.5 channel.
      39.5  1.00000000  0.00000001i: elastic S-matrix  @@      0.00  0   0 F  0
 Reaction Xsec    39.5-/39 @ 1 =   5.540#, Out:   0.000#   5.540#   0.000f


 Total SPIN, PARITY =    40.5 +,      6 chs,      6 cc.  Rmin & Coul turning =    1.9   32.9
   S-matrix    1 =    1.00000   0.00000 for L=   40, J=   40.5 channel on core I =   0.0 from L=   40,  Acc. loss =  0.0 D.
 Elastic phase shift   1 =    0.000   0.000 deg. for the L =   40, J =   40.5 channel.
      40.5  1.00000000  0.00000001i: elastic S-matrix  @@      0.00  0   0 F  0
 Reaction Xsec    40.5+/40 @ 1 =   4.960#, Out:   0.000#   4.960#   0.000f


 Total SPIN, PARITY =    40.5 -,      6 chs,      6 cc.  Rmin & Coul turning =    1.9   32.9
   S-matrix    1 =    1.00000   0.00000 for L=   41, J=   40.5 channel on core I =   0.0 from L=   41,  Acc. loss =  0.0 D.
 Elastic phase shift   1 =    0.000   0.000 deg. for the L =   41, J =   40.5 channel.
      40.5  1.00000000  0.00000000i: elastic S-matrix  @@      0.00  0   0 F  0
 Reaction Xsec    40.5-/41 @ 1 =   4.238#, Out:   0.000#   4.237#   0.000f


 Total SPIN, PARITY =    41.5 +,      6 chs,      6 cc.  Rmin & Coul turning =    1.9   33.7
   S-matrix    1 =    1.00000   0.00000 for L=   42, J=   41.5 channel on core I =   0.0 from L=   42,  Acc. loss =  0.0 D.
 Elastic phase shift   1 =    0.000   0.000 deg. for the L =   42, J =   41.5 channel.
      41.5  1.00000000  0.00000000i: elastic S-matrix  @@      0.00  0   0 F  0
 Reaction Xsec    41.5+/42 @ 1 =   3.733#, Out:   0.000#   3.733#   0.000f


 Total SPIN, PARITY =    41.5 -,      6 chs,      6 cc.  Rmin & Coul turning =    1.9   33.7
   S-matrix    1 =    1.00000   0.00000 for L=   41, J=   41.5 channel on core I =   0.0 from L=   41,  Acc. loss =  0.0 D.
 Elastic phase shift   1 =    0.000   0.000 deg. for the L =   41, J =   41.5 channel.
      41.5  1.00000000  0.00000000i: elastic S-matrix  @@      0.00  0   0 F  0
 Reaction Xsec    41.5-/41 @ 1 =   4.341#, Out:   0.000#   4.340#   0.000f


 Total SPIN, PARITY =    42.5 +,      6 chs,      6 cc.  Rmin & Coul turning =    2.0   34.5
   S-matrix    1 =    1.00000   0.00000 for L=   42, J=   42.5 channel on core I =   0.0 from L=   42,  Acc. loss =  0.0 D.
 Elastic phase shift   1 =    0.000   0.000 deg. for the L =   42, J =   42.5 channel.
      42.5  1.00000000  0.00000000i: elastic S-matrix  @@      0.00  0   0 F  0
 Reaction Xsec    42.5+/42 @ 1 =   3.822#, Out:   0.000#   3.822#   0.000f


 Total SPIN, PARITY =    42.5 -,      6 chs,      6 cc.  Rmin & Coul turning =    2.0   34.5
   S-matrix    1 =    1.00000   0.00000 for L=   43, J=   42.5 channel on core I =   0.0 from L=   43,  Acc. loss =  0.0 D.
 Elastic phase shift   1 =    0.000   0.000 deg. for the L =   43, J =   42.5 channel.
      42.5  1.00000000  0.00000000i: elastic S-matrix  @@      0.00  0   0 F  0
 Reaction Xsec    42.5-/43 @ 1 =   3.386#, Out:   0.000#   3.385#   0.000f


 Total SPIN, PARITY =    43.5 +,      6 chs,      6 cc.  Rmin & Coul turning =    2.0   35.4
   S-matrix    1 =    1.00000   0.00000 for L=   44, J=   43.5 channel on core I =   0.0 from L=   44,  Acc. loss =  0.0 D.
 Elastic phase shift   1 =    0.000   0.000 deg. for the L =   44, J =   43.5 channel.
      43.5  1.00000000  0.00000000i: elastic S-matrix  @@      0.00  0   0 F  0
 Reaction Xsec    43.5+/44 @ 1 =   3.006#, Out:   0.000#   3.006#   0.000f


 Total SPIN, PARITY =    43.5 -,      6 chs,      6 cc.  Rmin & Coul turning =    2.0   35.4
   S-matrix    1 =    1.00000   0.00000 for L=   43, J=   43.5 channel on core I =   0.0 from L=   43,  Acc. loss =  0.0 D.
 Elastic phase shift   1 =    0.000   0.000 deg. for the L =   43, J =   43.5 channel.
      43.5  1.00000000  0.00000000i: elastic S-matrix  @@      0.00  0   0 F  0
 Reaction Xsec    43.5-/43 @ 1 =   3.464#, Out:   0.000#   3.464#   0.000f


 Total SPIN, PARITY =    44.5 +,      6 chs,      6 cc.  Rmin & Coul turning =    2.1   36.2
   S-matrix    1 =    1.00000   0.00000 for L=   44, J=   44.5 channel on core I =   0.0 from L=   44,  Acc. loss =  0.0 D.
 Elastic phase shift   1 =    0.000   0.000 deg. for the L =   44, J =   44.5 channel.
      44.5  1.00000000  0.00000000i: elastic S-matrix  @@      0.00  0   0 F  0
 Reaction Xsec    44.5+/44 @ 1 =   3.074#, Out:   0.000#   3.074#   0.000f


 Total SPIN, PARITY =    44.5 -,      6 chs,      6 cc.  Rmin & Coul turning =    2.1   36.2
   S-matrix    1 =    1.00000   0.00000 for L=   45, J=   44.5 channel on core I =   0.0 from L=   45,  Acc. loss =  0.0 D.
 Elastic phase shift   1 =    0.000   0.000 deg. for the L =   45, J =   44.5 channel.
      44.5  1.00000000  0.00000000i: elastic S-matrix  @@      0.00  0   0 F  0
 Reaction Xsec    44.5-/45 @ 1 =   2.627#, Out:   0.000#   2.627#   0.000f


 Total SPIN, PARITY =    45.5 +,      6 chs,      6 cc.  Rmin & Coul turning =    2.2   37.0
   S-matrix    1 =    1.00000   0.00000 for L=   46, J=   45.5 channel on core I =   0.0 from L=   46,  Acc. loss =  0.0 D.
 Elastic phase shift   1 =    0.000   0.000 deg. for the L =   46, J =   45.5 channel.
      45.5  1.00000000  0.00000000i: elastic S-matrix  @@      0.00  0   0 F  0
 Reaction Xsec    45.5+/46 @ 1 =   2.389#, Out:   0.000#   2.389#   0.000f


 Total SPIN, PARITY =    45.5 -,      6 chs,      6 cc.  Rmin & Coul turning =    2.2   37.0
   S-matrix    1 =    1.00000   0.00000 for L=   45, J=   45.5 channel on core I =   0.0 from L=   45,  Acc. loss =  0.0 D.
 Elastic phase shift   1 =    0.000   0.000 deg. for the L =   45, J =   45.5 channel.
      45.5  1.00000000  0.00000000i: elastic S-matrix  @@      0.00  0   0 F  0
 Reaction Xsec    45.5-/45 @ 1 =   2.686#, Out:   0.000#   2.685#   0.000f


 Total SPIN, PARITY =    46.5 +,      6 chs,      6 cc.  Rmin & Coul turning =    2.2   37.8
   S-matrix    1 =    1.00000   0.00000 for L=   46, J=   46.5 channel on core I =   0.0 from L=   46,  Acc. loss =  0.0 D.
 Elastic phase shift   1 =    0.000   0.000 deg. for the L =   46, J =   46.5 channel.
      46.5  1.00000000  0.00000000i: elastic S-matrix  @@      0.00  0   0 F  0
 Reaction Xsec    46.5+/46 @ 1 =   2.441#, Out:   0.000#   2.441#   0.000f


 Total SPIN, PARITY =    46.5 -,      6 chs,      6 cc.  Rmin & Coul turning =    2.2   37.8
   S-matrix    1 =    1.00000   0.00000 for L=   47, J=   46.5 channel on core I =   0.0 from L=   47,  Acc. loss =  0.0 D.
 Elastic phase shift   1 =    0.000   0.000 deg. for the L =   47, J =   46.5 channel.
      46.5  1.00000000  0.00000000i: elastic S-matrix  @@      0.00  0   0 F  0
 Reaction Xsec    46.5-/47 @ 1 =   2.186#, Out:   0.000#   2.185#   0.000f


 Total SPIN, PARITY =    47.5 +,      6 chs,      6 cc.  Rmin & Coul turning =    2.2   38.6
   S-matrix    1 =    1.00000   0.00000 for L=   48, J=   47.5 channel on core I =   0.0 from L=   48,  Acc. loss =  0.0 D.
 Elastic phase shift   1 =    0.000   0.000 deg. for the L =   48, J =   47.5 channel.
      47.5  1.00000000  0.00000000i: elastic S-matrix  @@      0.00  0   0 F  0
 Reaction Xsec    47.5+/48 @ 1 =   1.915#, Out:   0.000#   1.915#   0.000f


 Total SPIN, PARITY =    47.5 -,      6 chs,      6 cc.  Rmin & Coul turning =    2.2   38.6
   S-matrix    1 =    1.00000   0.00000 for L=   47, J=   47.5 channel on core I =   0.0 from L=   47,  Acc. loss =  0.0 D.
 Elastic phase shift   1 =    0.000   0.000 deg. for the L =   47, J =   47.5 channel.
      47.5  1.00000000  0.00000000i: elastic S-matrix  @@      0.00  0   0 F  0
 Reaction Xsec    47.5-/47 @ 1 =   2.232#, Out:   0.000#   2.232#   0.000f


 Total SPIN, PARITY =    48.5 +,      6 chs,      6 cc.  Rmin & Coul turning =    2.3   39.4
   S-matrix    1 =    1.00000   0.00000 for L=   48, J=   48.5 channel on core I =   0.0 from L=   48,  Acc. loss =  0.0 D.
 Elastic phase shift   1 =    0.000   0.000 deg. for the L =   48, J =   48.5 channel.
      48.5  1.00000000  0.00000000i: elastic S-matrix  @@      0.00  0   0 F  0
 Reaction Xsec    48.5+/48 @ 1 =   1.955#, Out:   0.000#   1.955#   0.000f


 Total SPIN, PARITY =    48.5 -,      6 chs,      6 cc.  Rmin & Coul turning =    2.3   39.4
   S-matrix    1 =    1.00000   0.00000 for L=   49, J=   48.5 channel on core I =   0.0 from L=   49,  Acc. loss =  0.0 D.
 Elastic phase shift   1 =    0.000   0.000 deg. for the L =   49, J =   48.5 channel.
      48.5  1.00000000  0.00000000i: elastic S-matrix  @@      0.00  0   0 F  0
 Reaction Xsec    48.5-/49 @ 1 =   1.696#, Out:   0.000#   1.696#   0.000f


 Total SPIN, PARITY =    49.5 +,      6 chs,      6 cc.  Rmin & Coul turning =    2.3   40.2
   S-matrix    1 =    1.00000   0.00000 for L=   50, J=   49.5 channel on core I =   0.0 from L=   50,  Acc. loss =  0.0 D.
 Elastic phase shift   1 =    0.000   0.000 deg. for the L =   50, J =   49.5 channel.
      49.5  1.00000000  0.00000000i: elastic S-matrix  @@      0.00  0   0 F  0
 Reaction Xsec    49.5+/50 @ 1 =   1.585#, Out:   0.000#   1.584#   0.000f


 Total SPIN, PARITY =    49.5 -,      6 chs,      6 cc.  Rmin & Coul turning =    2.3   40.2
   S-matrix    1 =    1.00000   0.00000 for L=   49, J=   49.5 channel on core I =   0.0 from L=   49,  Acc. loss =  0.0 D.
 Elastic phase shift   1 =    0.000   0.000 deg. for the L =   49, J =   49.5 channel.
      49.5  1.00000000  0.00000000i: elastic S-matrix  @@      0.00  0   0 F  0
 Reaction Xsec    49.5-/49 @ 1 =   1.731#, Out:   0.000#   1.731#   0.000f


 Total SPIN, PARITY =    50.5 +,      6 chs,      6 cc.  Rmin & Coul turning =    2.4   41.0
   S-matrix    1 =    1.00000   0.00000 for L=   50, J=   50.5 channel on core I =   0.0 from L=   50,  Acc. loss =  0.0 D.
 Elastic phase shift   1 =    0.000   0.000 deg. for the L =   50, J =   50.5 channel.
      50.5  1.00000000  0.00000000i: elastic S-matrix  @@      0.00  0   0 F  0
 Reaction Xsec    50.5+/50 @ 1 =   1.616#, Out:   0.000#   1.616#   0.000f


 Total SPIN, PARITY =    50.5 -,      6 chs,      6 cc.  Rmin & Coul turning =    2.4   41.0
   S-matrix    1 =    1.00000   0.00000 for L=   51, J=   50.5 channel on core I =   0.0 from L=   51,  Acc. loss =  0.0 D.
 Elastic phase shift   1 =    0.000   0.000 deg. for the L =   51, J =   50.5 channel.
      50.5  1.00000000  0.00000000i: elastic S-matrix  @@      0.00  0   0 F  0
 Reaction Xsec    50.5-/51 @ 1 =   1.457#, Out:   0.000#   1.457#   0.000f

 Finished all CC sets @   0.359241992    
0CUMULATIVE REACTION cross section                 =  778.60739  <L> =     4.14  <L**2> =     20.6
0CUMULATIVE outgoing cross sections in partition 1 :    0.00000    1.62328
0Cumulative ABSORBTION by Imaginary Potentials     =  776.98411  <L> =     4.14  <L**2> =     20.6
   Fusion for specific p        M-states :  776.984112  776.984112
0CUMULATIVE OUTGOING cross section                 =    1.62328
 To convert to S-factors (MeV.mb = keV.b),  multiply by  1.2763E+02


 CROSS SECTIONS FOR OUTGOING p        & O20      in state #   1 with spins & parities 0.5  + &  0.0  +;  0

     0.01 deg.: X-S =   1.2880E+15 mb/sr,
+                                         /R =   1.0000E+00
     1.00 deg.: X-S =   1.2497E+07 mb/sr,
+                                         /R =   9.7024E-01
     2.00 deg.: X-S =   7.2236E+05 mb/sr,
+                                         /R =   8.9716E-01
     3.00 deg.: X-S =   1.2847E+05 mb/sr,
+                                         /R =   8.0756E-01
     4.00 deg.: X-S =   3.6621E+04 mb/sr,
+                                         /R =   7.2727E-01
     5.00 deg.: X-S =   1.4084E+04 mb/sr,
+                                         /R =   6.8257E-01
     6.00 deg.: X-S =  6965.233984 mb/sr,
+                                         /R =   6.9957E-01
     7.00 deg.: X-S =  4317.225715 mb/sr,
+                                         /R =   8.0278E-01
     8.00 deg.: X-S =  3197.232822 mb/sr,
+                                         /R =   1.0135E+00
     9.00 deg.: X-S =  2656.832094 mb/sr,
+                                         /R =   1.3478E+00
    10.00 deg.: X-S =  2350.373807 mb/sr,
+                                         /R =   1.8156E+00
    11.00 deg.: X-S =  2140.981500 mb/sr,
+                                         /R =   2.4188E+00
    12.00 deg.: X-S =  1971.695280 mb/sr,
+                                         /R =   3.1512E+00
    13.00 deg.: X-S =  1818.488731 mb/sr,
+                                         /R =   3.9980E+00
    14.00 deg.: X-S =  1671.632773 mb/sr,
+                                         /R =   4.9364E+00
    15.00 deg.: X-S =  1527.796352 mb/sr,
+                                         /R =   5.9367E+00
    16.00 deg.: X-S =  1386.517701 mb/sr,
+                                         /R =   6.9637E+00
    17.00 deg.: X-S =  1248.562519 mb/sr,
+                                         /R =   7.9783E+00
    18.00 deg.: X-S =  1115.137655 mb/sr,
+                                         /R =   8.9403E+00
    19.00 deg.: X-S =   987.509101 mb/sr,
+                                         /R =   9.8100E+00
    20.00 deg.: X-S =   866.818174 mb/sr,
+                                         /R =   1.0551E+01
    21.00 deg.: X-S =   753.998092 mb/sr,
+                                         /R =   1.1133E+01
    22.00 deg.: X-S =   649.743013 mb/sr,
+                                         /R =   1.1530E+01
    23.00 deg.: X-S =   554.505228 mb/sr,
+                                         /R =   1.1728E+01
    24.00 deg.: X-S =   468.507816 mb/sr,
+                                         /R =   1.1720E+01
    25.00 deg.: X-S =   391.765786 mb/sr,
+                                         /R =   1.1510E+01
    26.00 deg.: X-S =   324.111748 mb/sr,
+                                         /R =   1.1111E+01
    27.00 deg.: X-S =   265.223683 mb/sr,
+                                         /R =   1.0545E+01
    28.00 deg.: X-S =   214.653233 mb/sr,
+                                         /R =   9.8431E+00
    29.00 deg.: X-S =   171.853440 mb/sr,
+                                         /R =   9.0417E+00
    30.00 deg.: X-S =   136.205141 mb/sr,
+                                         /R =   8.1822E+00
    31.00 deg.: X-S =   107.041465 mb/sr,
+                                         /R =   7.3087E+00
    32.00 deg.: X-S =    83.670020 mb/sr,
+                                         /R =   6.4657E+00
    33.00 deg.: X-S =    65.392508 mb/sr,
+                                         /R =   5.6962E+00
    34.00 deg.: X-S =    51.521608 mb/sr,
+                                         /R =   5.0399E+00
    35.00 deg.: X-S =    41.395081 mb/sr,
+                                         /R =   4.5311E+00
    36.00 deg.: X-S =    34.387121 mb/sr,
+                                         /R =   4.1978E+00
    37.00 deg.: X-S =    29.917062 mb/sr,
+                                         /R =   4.0599E+00
    38.00 deg.: X-S =    27.455609 mb/sr,
+                                         /R =   4.1294E+00
    39.00 deg.: X-S =    26.528794 mb/sr,
+                                         /R =   4.4095E+00
    40.00 deg.: X-S =    26.719904 mb/sr,
+                                         /R =   4.8948E+00
    41.00 deg.: X-S =    27.669650 mb/sr,
+                                         /R =   5.5718E+00
    42.00 deg.: X-S =    29.074843 mb/sr,
+                                         /R =   6.4199E+00
    43.00 deg.: X-S =    30.685849 mb/sr,
+                                         /R =   7.4119E+00
    44.00 deg.: X-S =    32.303104 mb/sr,
+                                         /R =   8.5160E+00
    45.00 deg.: X-S =    33.772907 mb/sr,
+                                         /R =   9.6966E+00
    46.00 deg.: X-S =    34.982755 mb/sr,
+                                         /R =   1.0916E+01
    47.00 deg.: X-S =    35.856403 mb/sr,
+                                         /R =   1.2135E+01
    48.00 deg.: X-S =    36.348835 mb/sr,
+                                         /R =   1.3318E+01
    49.00 deg.: X-S =    36.441299 mb/sr,
+                                         /R =   1.4428E+01
    50.00 deg.: X-S =    36.136530 mb/sr,
+                                         /R =   1.5432E+01
    51.00 deg.: X-S =    35.454258 mb/sr,
+                                         /R =   1.6304E+01
    52.00 deg.: X-S =    34.427082 mb/sr,
+                                         /R =   1.7020E+01
    53.00 deg.: X-S =    33.096742 mb/sr,
+                                         /R =   1.7563E+01
    54.00 deg.: X-S =    31.510845 mb/sr,
+                                         /R =   1.7920E+01
    55.00 deg.: X-S =    29.720039 mb/sr,
+                                         /R =   1.8087E+01
    56.00 deg.: X-S =    27.775637 mb/sr,
+                                         /R =   1.8063E+01
    57.00 deg.: X-S =    25.727683 mb/sr,
+                                         /R =   1.7854E+01
    58.00 deg.: X-S =    23.623421 mb/sr,
+                                         /R =   1.7471E+01
    59.00 deg.: X-S =    21.506150 mb/sr,
+                                         /R =   1.6928E+01
    60.00 deg.: X-S =    19.414420 mb/sr,
+                                         /R =   1.6244E+01
    61.00 deg.: X-S =    17.381534 mb/sr,
+                                         /R =   1.5440E+01
    62.00 deg.: X-S =    15.435300 mb/sr,
+                                         /R =   1.4540E+01
    63.00 deg.: X-S =    13.598018 mb/sr,
+                                         /R =   1.3568E+01
    64.00 deg.: X-S =    11.886632 mb/sr,
+                                         /R =   1.2548E+01
    65.00 deg.: X-S =    10.313033 mb/sr,
+                                         /R =   1.1507E+01
    66.00 deg.: X-S =     8.884464 mb/sr,
+                                         /R =   1.0465E+01
    67.00 deg.: X-S =     7.603995 mb/sr,
+                                         /R =   9.4470E+00
    68.00 deg.: X-S =     6.471054 mb/sr,
+                                         /R =   8.4706E+00
    69.00 deg.: X-S =     5.481973 mb/sr,
+                                         /R =   7.5534E+00
    70.00 deg.: X-S =     4.630533 mb/sr,
+                                         /R =   6.7095E+00
    71.00 deg.: X-S =     3.908503 mb/sr,
+                                         /R =   5.9500E+00
    72.00 deg.: X-S =     3.306141 mb/sr,
+                                         /R =   5.2831E+00
    73.00 deg.: X-S =     2.812659 mb/sr,
+                                         /R =   4.7137E+00
    74.00 deg.: X-S =     2.416651 mb/sr,
+                                         /R =   4.2438E+00
    75.00 deg.: X-S =     2.106454 mb/sr,
+                                         /R =   3.8729E+00
    76.00 deg.: X-S =     1.870475 mb/sr,
+                                         /R =   3.5976E+00
    77.00 deg.: X-S =     1.697452 mb/sr,
+                                         /R =   3.4126E+00
    78.00 deg.: X-S =     1.576673 mb/sr,
+                                         /R =   3.3107E+00
    79.00 deg.: X-S =     1.498141 mb/sr,
+                                         /R =   3.2831E+00
    80.00 deg.: X-S =     1.452694 mb/sr,
+                                         /R =   3.3200E+00
    81.00 deg.: X-S =     1.432093 mb/sr,
+                                         /R =   3.4107E+00
    82.00 deg.: X-S =     1.429058 mb/sr,
+                                         /R =   3.5442E+00
    83.00 deg.: X-S =     1.437287 mb/sr,
+                                         /R =   3.7093E+00
    84.00 deg.: X-S =     1.451441 mb/sr,
+                                         /R =   3.8952E+00
    85.00 deg.: X-S =     1.467112 mb/sr,
+                                         /R =   4.0916E+00
    86.00 deg.: X-S =     1.480763 mb/sr,
+                                         /R =   4.2886E+00
    87.00 deg.: X-S =     1.489672 mb/sr,
+                                         /R =   4.4775E+00
    88.00 deg.: X-S =     1.491851 mb/sr,
+                                         /R =   4.6505E+00
    89.00 deg.: X-S =     1.485968 mb/sr,
+                                         /R =   4.8012E+00
    90.00 deg.: X-S =     1.471262 mb/sr,
+                                         /R =   4.9240E+00
    91.00 deg.: X-S =     1.447463 mb/sr,
+                                         /R =   5.0150E+00
    92.00 deg.: X-S =     1.414706 mb/sr,
+                                         /R =   5.0710E+00
    93.00 deg.: X-S =     1.373458 mb/sr,
+                                         /R =   5.0904E+00
    94.00 deg.: X-S =     1.324442 mb/sr,
+                                         /R =   5.0726E+00
    95.00 deg.: X-S =     1.268571 mb/sr,
+                                         /R =   5.0180E+00
    96.00 deg.: X-S =     1.206889 mb/sr,
+                                         /R =   4.9278E+00
    97.00 deg.: X-S =     1.140515 mb/sr,
+                                         /R =   4.8042E+00
    98.00 deg.: X-S =     1.070603 mb/sr,
+                                         /R =   4.6499E+00
    99.00 deg.: X-S =     0.998297 mb/sr,
+                                         /R =   4.4682E+00
   100.00 deg.: X-S =     0.924701 mb/sr,
+                                         /R =   4.2629E+00
   101.00 deg.: X-S =     0.850855 mb/sr,
+                                         /R =   4.0380E+00
   102.00 deg.: X-S =     0.777715 mb/sr,
+                                         /R =   3.7977E+00
   103.00 deg.: X-S =     0.706138 mb/sr,
+                                         /R =   3.5462E+00
   104.00 deg.: X-S =     0.636875 mb/sr,
+                                         /R =   3.2876E+00
   105.00 deg.: X-S =     0.570563 mb/sr,
+                                         /R =   3.0260E+00
   106.00 deg.: X-S =     0.507726 mb/sr,
+                                         /R =   2.7651E+00
   107.00 deg.: X-S =     0.448778 mb/sr,
+                                         /R =   2.5086E+00
   108.00 deg.: X-S =     0.394025 mb/sr,
+                                         /R =   2.2597E+00
   109.00 deg.: X-S =     0.343672 mb/sr,
+                                         /R =   2.0211E+00
   110.00 deg.: X-S =     0.297832 mb/sr,
+                                         /R =   1.7952E+00
   111.00 deg.: X-S =     0.256534 mb/sr,
+                                         /R =   1.5842E+00
   112.00 deg.: X-S =     0.219733 mb/sr,
+                                         /R =   1.3896E+00
   113.00 deg.: X-S =     0.187319 mb/sr,
+                                         /R =   1.2126E+00
   114.00 deg.: X-S =     0.159127 mb/sr,
+                                         /R =   1.0539E+00
   115.00 deg.: X-S =     0.134950 mb/sr,
+                                         /R =   9.1407E-01
   116.00 deg.: X-S =     0.114540 mb/sr,
+                                         /R =   7.9311E-01
   117.00 deg.: X-S =     0.097627 mb/sr,
+                                         /R =   6.9076E-01
   118.00 deg.: X-S =     0.083920 mb/sr,
+                                         /R =   6.0648E-01
   119.00 deg.: X-S =     0.073115 mb/sr,
+                                         /R =   5.3949E-01
   120.00 deg.: X-S =     0.064906 mb/sr,
+                                         /R =   4.8876E-01
   121.00 deg.: X-S =     0.058983 mb/sr,
+                                         /R =   4.5311E-01
   122.00 deg.: X-S =     0.055045 mb/sr,
+                                         /R =   4.3121E-01
   123.00 deg.: X-S =     0.052799 mb/sr,
+                                         /R =   4.2161E-01
   124.00 deg.: X-S =     0.051966 mb/sr,
+                                         /R =   4.2281E-01
   125.00 deg.: X-S =     0.052280 mb/sr,
+                                         /R =   4.3325E-01
   126.00 deg.: X-S =     0.053495 mb/sr,
+                                         /R =   4.5137E-01
   127.00 deg.: X-S =     0.055384 mb/sr,
+                                         /R =   4.7560E-01
   128.00 deg.: X-S =     0.057739 mb/sr,
+                                         /R =   5.0443E-01
   129.00 deg.: X-S =     0.060375 mb/sr,
+                                         /R =   5.3641E-01
   130.00 deg.: X-S =     0.063125 mb/sr,
+                                         /R =   5.7016E-01
   131.00 deg.: X-S =     0.065847 mb/sr,
+                                         /R =   6.0439E-01
   132.00 deg.: X-S =     0.068416 mb/sr,
+                                         /R =   6.3793E-01
   133.00 deg.: X-S =     0.070729 mb/sr,
+                                         /R =   6.6970E-01
   134.00 deg.: X-S =     0.072700 mb/sr,
+                                         /R =   6.9877E-01
   135.00 deg.: X-S =     0.074265 mb/sr,
+                                         /R =   7.2433E-01
   136.00 deg.: X-S =     0.075373 mb/sr,
+                                         /R =   7.4571E-01
   137.00 deg.: X-S =     0.075991 mb/sr,
+                                         /R =   7.6237E-01
   138.00 deg.: X-S =     0.076101 mb/sr,
+                                         /R =   7.7391E-01
   139.00 deg.: X-S =     0.075698 mb/sr,
+                                         /R =   7.8006E-01
   140.00 deg.: X-S =     0.074788 mb/sr,
+                                         /R =   7.8067E-01
   141.00 deg.: X-S =     0.073390 mb/sr,
+                                         /R =   7.7574E-01
   142.00 deg.: X-S =     0.071531 mb/sr,
+                                         /R =   7.6536E-01
   143.00 deg.: X-S =     0.069246 mb/sr,
+                                         /R =   7.4974E-01
   144.00 deg.: X-S =     0.066578 mb/sr,
+                                         /R =   7.2920E-01
   145.00 deg.: X-S =     0.063574 mb/sr,
+                                         /R =   7.0413E-01
   146.00 deg.: X-S =     0.060287 mb/sr,
+                                         /R =   6.7500E-01
   147.00 deg.: X-S =     0.056772 mb/sr,
+                                         /R =   6.4235E-01
   148.00 deg.: X-S =     0.053086 mb/sr,
+                                         /R =   6.0679E-01
   149.00 deg.: X-S =     0.049287 mb/sr,
+                                         /R =   5.6894E-01
   150.00 deg.: X-S =     0.045432 mb/sr,
+                                         /R =   5.2945E-01
   151.00 deg.: X-S =     0.041577 mb/sr,
+                                         /R =   4.8900E-01
   152.00 deg.: X-S =     0.037775 mb/sr,
+                                         /R =   4.4825E-01
   153.00 deg.: X-S =     0.034078 mb/sr,
+                                         /R =   4.0784E-01
   154.00 deg.: X-S =     0.030531 mb/sr,
+                                         /R =   3.6841E-01
   155.00 deg.: X-S =     0.027176 mb/sr,
+                                         /R =   3.3052E-01
   156.00 deg.: X-S =     0.024048 mb/sr,
+                                         /R =   2.9471E-01
   157.00 deg.: X-S =     0.021179 mb/sr,
+                                         /R =   2.6144E-01
   158.00 deg.: X-S =     0.018592 mb/sr,
+                                         /R =   2.3111E-01
   159.00 deg.: X-S =     0.016306 mb/sr,
+                                         /R =   2.0403E-01
   160.00 deg.: X-S =     0.014331 mb/sr,
+                                         /R =   1.8045E-01
   161.00 deg.: X-S =     0.012672 mb/sr,
+                                         /R =   1.6053E-01
   162.00 deg.: X-S =     0.011328 mb/sr,
+                                         /R =   1.4432E-01
   163.00 deg.: X-S =     0.010290 mb/sr,
+                                         /R =   1.3180E-01
   164.00 deg.: X-S =     0.009546 mb/sr,
+                                         /R =   1.2289E-01
   165.00 deg.: X-S =     0.009077 mb/sr,
+                                         /R =   1.1741E-01
   166.00 deg.: X-S =     0.008858 mb/sr,
+                                         /R =   1.1509E-01
   167.00 deg.: X-S =     0.008864 mb/sr,
+                                         /R =   1.1564E-01
   168.00 deg.: X-S =     0.009063 mb/sr,
+                                         /R =   1.1869E-01
   169.00 deg.: X-S =     0.009422 mb/sr,
+                                         /R =   1.2382E-01
   170.00 deg.: X-S =     0.009906 mb/sr,
+                                         /R =   1.3061E-01
   171.00 deg.: X-S =     0.010480 mb/sr,
+                                         /R =   1.3857E-01
   172.00 deg.: X-S =     0.011108 mb/sr,
+                                         /R =   1.4727E-01
   173.00 deg.: X-S =     0.011757 mb/sr,
+                                         /R =   1.5622E-01
   174.00 deg.: X-S =     0.012393 mb/sr,
+                                         /R =   1.6500E-01
   175.00 deg.: X-S =     0.012987 mb/sr,
+                                         /R =   1.7319E-01
   176.00 deg.: X-S =     0.013511 mb/sr,
+                                         /R =   1.8044E-01
   177.00 deg.: X-S =     0.013944 mb/sr,
+                                         /R =   1.8641E-01
   178.00 deg.: X-S =     0.014266 mb/sr,
+                                         /R =   1.9087E-01
   179.00 deg.: X-S =     0.014465 mb/sr,
+                                         /R =   1.9362E-01
   179.99 deg.: X-S =     0.014532 mb/sr,
+                                         /R =   1.9455E-01
                                           Integrated********** mb, over [   0.000, 180.000] at    35.0000 MeV 

 CROSS SECTIONS FOR OUTGOING p        & O20      in state #   2 with spins & parities 0.5  + &  2.0  +;  0

     0.00 deg.: X-S =     0.851411 mb/sr,
+                                         REAC   1.6233E+00 mb
     1.00 deg.: X-S =     0.880088 mb/sr,
     2.00 deg.: X-S =     0.956215 mb/sr,
     3.00 deg.: X-S =     1.054915 mb/sr,
     4.00 deg.: X-S =     1.147482 mb/sr,
     5.00 deg.: X-S =     1.212020 mb/sr,
     6.00 deg.: X-S =     1.238965 mb/sr,
     7.00 deg.: X-S =     1.230938 mb/sr,
     8.00 deg.: X-S =     1.198515 mb/sr,
     9.00 deg.: X-S =     1.154198 mb/sr,
    10.00 deg.: X-S =     1.107341 mb/sr,
    11.00 deg.: X-S =     1.062182 mb/sr,
    12.00 deg.: X-S =     1.019065 mb/sr,
    13.00 deg.: X-S =     0.977074 mb/sr,
    14.00 deg.: X-S =     0.936064 mb/sr,
    15.00 deg.: X-S =     0.897229 mb/sr,
    16.00 deg.: X-S =     0.862444 mb/sr,
    17.00 deg.: X-S =     0.833204 mb/sr,
    18.00 deg.: X-S =     0.809950 mb/sr,
    19.00 deg.: X-S =     0.792107 mb/sr,
    20.00 deg.: X-S =     0.778564 mb/sr,
    21.00 deg.: X-S =     0.768156 mb/sr,
    22.00 deg.: X-S =     0.759879 mb/sr,
    23.00 deg.: X-S =     0.752892 mb/sr,
    24.00 deg.: X-S =     0.746430 mb/sr,
    25.00 deg.: X-S =     0.739765 mb/sr,
    26.00 deg.: X-S =     0.732209 mb/sr,
    27.00 deg.: X-S =     0.723122 mb/sr,
    28.00 deg.: X-S =     0.711889 mb/sr,
    29.00 deg.: X-S =     0.697917 mb/sr,
    30.00 deg.: X-S =     0.680703 mb/sr,
    31.00 deg.: X-S =     0.659961 mb/sr,
    32.00 deg.: X-S =     0.635711 mb/sr,
    33.00 deg.: X-S =     0.608272 mb/sr,
    34.00 deg.: X-S =     0.578135 mb/sr,
    35.00 deg.: X-S =     0.545804 mb/sr,
    36.00 deg.: X-S =     0.511709 mb/sr,
    37.00 deg.: X-S =     0.476239 mb/sr,
    38.00 deg.: X-S =     0.439849 mb/sr,
    39.00 deg.: X-S =     0.403123 mb/sr,
    40.00 deg.: X-S =     0.366753 mb/sr,
    41.00 deg.: X-S =     0.331433 mb/sr,
    42.00 deg.: X-S =     0.297753 mb/sr,
    43.00 deg.: X-S =     0.266150 mb/sr,
    44.00 deg.: X-S =     0.236948 mb/sr,
    45.00 deg.: X-S =     0.210407 mb/sr,
    46.00 deg.: X-S =     0.186752 mb/sr,
    47.00 deg.: X-S =     0.166150 mb/sr,
    48.00 deg.: X-S =     0.148669 mb/sr,
    49.00 deg.: X-S =     0.134270 mb/sr,
    50.00 deg.: X-S =     0.122831 mb/sr,
    51.00 deg.: X-S =     0.114191 mb/sr,
    52.00 deg.: X-S =     0.108166 mb/sr,
    53.00 deg.: X-S =     0.104525 mb/sr,
    54.00 deg.: X-S =     0.102971 mb/sr,
    55.00 deg.: X-S =     0.103136 mb/sr,
    56.00 deg.: X-S =     0.104631 mb/sr,
    57.00 deg.: X-S =     0.107103 mb/sr,
    58.00 deg.: X-S =     0.110270 mb/sr,
    59.00 deg.: X-S =     0.113901 mb/sr,
    60.00 deg.: X-S =     0.117763 mb/sr,
    61.00 deg.: X-S =     0.121592 mb/sr,
    62.00 deg.: X-S =     0.125098 mb/sr,
    63.00 deg.: X-S =     0.128024 mb/sr,
    64.00 deg.: X-S =     0.130199 mb/sr,
    65.00 deg.: X-S =     0.131552 mb/sr,
    66.00 deg.: X-S =     0.132076 mb/sr,
    67.00 deg.: X-S =     0.131773 mb/sr,
    68.00 deg.: X-S =     0.130616 mb/sr,
    69.00 deg.: X-S =     0.128565 mb/sr,
    70.00 deg.: X-S =     0.125605 mb/sr,
    71.00 deg.: X-S =     0.121786 mb/sr,
    72.00 deg.: X-S =     0.117220 mb/sr,
    73.00 deg.: X-S =     0.112046 mb/sr,
    74.00 deg.: X-S =     0.106394 mb/sr,
    75.00 deg.: X-S =     0.100357 mb/sr,
    76.00 deg.: X-S =     0.094012 mb/sr,
    77.00 deg.: X-S =     0.087438 mb/sr,
    78.00 deg.: X-S =     0.080735 mb/sr,
    79.00 deg.: X-S =     0.074023 mb/sr,
    80.00 deg.: X-S =     0.067416 mb/sr,
    81.00 deg.: X-S =     0.061005 mb/sr,
    82.00 deg.: X-S =     0.054854 mb/sr,
    83.00 deg.: X-S =     0.049009 mb/sr,
    84.00 deg.: X-S =     0.043511 mb/sr,
    85.00 deg.: X-S =     0.038403 mb/sr,
    86.00 deg.: X-S =     0.033718 mb/sr,
    87.00 deg.: X-S =     0.029480 mb/sr,
    88.00 deg.: X-S =     0.025694 mb/sr,
    89.00 deg.: X-S =     0.022355 mb/sr,
    90.00 deg.: X-S =     0.019452 mb/sr,
    91.00 deg.: X-S =     0.016970 mb/sr,
    92.00 deg.: X-S =     0.014892 mb/sr,
    93.00 deg.: X-S =     0.013189 mb/sr,
    94.00 deg.: X-S =     0.011829 mb/sr,
    95.00 deg.: X-S =     0.010774 mb/sr,
    96.00 deg.: X-S =     0.009989 mb/sr,
    97.00 deg.: X-S =     0.009444 mb/sr,
    98.00 deg.: X-S =     0.009108 mb/sr,
    99.00 deg.: X-S =     0.008948 mb/sr,
   100.00 deg.: X-S =     0.008928 mb/sr,
   101.00 deg.: X-S =     0.009010 mb/sr,
   102.00 deg.: X-S =     0.009163 mb/sr,
   103.00 deg.: X-S =     0.009363 mb/sr,
   104.00 deg.: X-S =     0.009591 mb/sr,
   105.00 deg.: X-S =     0.009830 mb/sr,
   106.00 deg.: X-S =     0.010063 mb/sr,
   107.00 deg.: X-S =     0.010271 mb/sr,
   108.00 deg.: X-S =     0.010439 mb/sr,
   109.00 deg.: X-S =     0.010557 mb/sr,
   110.00 deg.: X-S =     0.010622 mb/sr,
   111.00 deg.: X-S =     0.010631 mb/sr,
   112.00 deg.: X-S =     0.010583 mb/sr,
   113.00 deg.: X-S =     0.010476 mb/sr,
   114.00 deg.: X-S =     0.010310 mb/sr,
   115.00 deg.: X-S =     0.010088 mb/sr,
   116.00 deg.: X-S =     0.009815 mb/sr,
   117.00 deg.: X-S =     0.009499 mb/sr,
   118.00 deg.: X-S =     0.009145 mb/sr,
   119.00 deg.: X-S =     0.008758 mb/sr,
   120.00 deg.: X-S =     0.008341 mb/sr,
   121.00 deg.: X-S =     0.007902 mb/sr,
   122.00 deg.: X-S =     0.007446 mb/sr,
   123.00 deg.: X-S =     0.006983 mb/sr,
   124.00 deg.: X-S =     0.006519 mb/sr,
   125.00 deg.: X-S =     0.006057 mb/sr,
   126.00 deg.: X-S =     0.005602 mb/sr,
   127.00 deg.: X-S =     0.005156 mb/sr,
   128.00 deg.: X-S =     0.004725 mb/sr,
   129.00 deg.: X-S =     0.004314 mb/sr,
   130.00 deg.: X-S =     0.003927 mb/sr,
   131.00 deg.: X-S =     0.003564 mb/sr,
   132.00 deg.: X-S =     0.003224 mb/sr,
   133.00 deg.: X-S =     0.002909 mb/sr,
   134.00 deg.: X-S =     0.002619 mb/sr,
   135.00 deg.: X-S =     0.002357 mb/sr,
   136.00 deg.: X-S =     0.002124 mb/sr,
   137.00 deg.: X-S =     0.001917 mb/sr,
   138.00 deg.: X-S =     0.001735 mb/sr,
   139.00 deg.: X-S =     0.001573 mb/sr,
   140.00 deg.: X-S =     0.001433 mb/sr,
   141.00 deg.: X-S =     0.001314 mb/sr,
   142.00 deg.: X-S =     0.001218 mb/sr,
   143.00 deg.: X-S =     0.001144 mb/sr,
   144.00 deg.: X-S =     0.001090 mb/sr,
   145.00 deg.: X-S =     0.001049 mb/sr,
   146.00 deg.: X-S =     0.001019 mb/sr,
   147.00 deg.: X-S =     0.001000 mb/sr,
   148.00 deg.: X-S =     0.000994 mb/sr,
   149.00 deg.: X-S =     0.001001 mb/sr,
   150.00 deg.: X-S =     0.001021 mb/sr,
   151.00 deg.: X-S =     0.001051 mb/sr,
   152.00 deg.: X-S =     0.001088 mb/sr,
   153.00 deg.: X-S =     0.001129 mb/sr,
   154.00 deg.: X-S =     0.001175 mb/sr,
   155.00 deg.: X-S =     0.001228 mb/sr,
   156.00 deg.: X-S =     0.001288 mb/sr,
   157.00 deg.: X-S =     0.001354 mb/sr,
   158.00 deg.: X-S =     0.001426 mb/sr,
   159.00 deg.: X-S =     0.001501 mb/sr,
   160.00 deg.: X-S =     0.001578 mb/sr,
   161.00 deg.: X-S =     0.001656 mb/sr,
   162.00 deg.: X-S =     0.001736 mb/sr,
   163.00 deg.: X-S =     0.001817 mb/sr,
   164.00 deg.: X-S =     0.001901 mb/sr,
   165.00 deg.: X-S =     0.001985 mb/sr,
   166.00 deg.: X-S =     0.002069 mb/sr,
   167.00 deg.: X-S =     0.002151 mb/sr,
   168.00 deg.: X-S =     0.002230 mb/sr,
   169.00 deg.: X-S =     0.002307 mb/sr,
   170.00 deg.: X-S =     0.002380 mb/sr,
   171.00 deg.: X-S =     0.002448 mb/sr,
   172.00 deg.: X-S =     0.002512 mb/sr,
   173.00 deg.: X-S =     0.002571 mb/sr,
   174.00 deg.: X-S =     0.002623 mb/sr,
   175.00 deg.: X-S =     0.002669 mb/sr,
   176.00 deg.: X-S =     0.002707 mb/sr,
   177.00 deg.: X-S =     0.002737 mb/sr,
   178.00 deg.: X-S =     0.002757 mb/sr,
   179.00 deg.: X-S =     0.002770 mb/sr,
   180.00 deg.: X-S =     0.002774 mb/sr,
                                           Integrated    1.6231 mb, over [   0.000, 180.000] at    35.0000 MeV 
 Finished all xsecs @   0.363350987    

  The following files have been created:
   3:local copy of User input.            6:standard output.                   
   7:elastic  S-matrix elements.         13:total cross sections/state.        
  16:tables of cross sections.           35:Astrophysics S-factors  / Ecm.     
  38:cross sections for each J/pi.       39:cross sections for each Ecm.       
  40:all cross sectns. for each Elab.    45:scat phase shift as E functions.   
  56:Fusion for each Jtotal.             75:S-factors for lab energies.        
 201:Separate cross sections.           202:Separate cross sections.           

 PARAMETERS : MAXQRN   MFNL   MLOC  LMAX1 MCLIST
    ALLOWED :      1     36      9     70     15
    REQUIRED:      0      0      9     54      9


 ACCURACY ANALYSIS at    35.000 MeV :

  Elastic h*k = 0.037 so OK       compared with 0.200

   Real(S-el) > 0.01 first at J =       0.5
   Real(S-el) > 0.10 first at J =       0.5
   Real(S-el) > 0.50 first at J =       5.5
   Real(S-el) > 0.90 first at J =       6.5
   Real(S-el) > 0.99 first at J =       8.5
   R-turn =    41.01 fm    at J =      50.5

 Forward-angle excitation cut off below   0.480 deg by max JT =      50.5
                              and below   0.330 deg by max R.

 Total CPU  0 time =       0.36 seconds
