 FRESCO - FRES 3.4: Coupled Reaction Channels
 Assuming NAMELIST input.

 p+O20 with CH89;                                                                

   0.030  60.000   0.500   0.000   0.000   0.000   0.000   0.000   0.000   0.000

 Centre-of-mass Range is   2002 * 0.0300 fm., Maximum at  60.00 fm., Interpolating NL forms every  0.51 fm.
 Non - locality width is      4 * 0.0300 fm., Maximum of   0.09 fm., Centred at  0.00 fm.
 2-Nucleon Separation of      0 * 0.5100 fm., Maximum of   0.00 fm., Minimum at  0.00 fm.
 Maximum single particle bins of 59.6700 fm.
               M,Mint =         2001        1990


 Range of total J is     0.0 <= J <=    50.0 (at least     0.0) and Absorbtion =>     0.0010 mb.
 Dry Run = F, CC set limits =  0  0, Relativistic kinematics =  , Both/Far/Near Analyses =  1                     

 Cross Sections (and up to T0 for 0=projectile) for Theta from   3.0 to-180.0 in steps of  1.0 degrees, DGAM=0,  Coordinates = 0 (Mads)

 Lower Radial Cutoff = maximum of -1.60*L*h &       0.0 fm.,  Lower Cutoff for Couplings =   0.0  fm.


 Iterate Couplings between   0 and   0 times, to  0.000 % if sooner.                                          
  Block solved exactly =   0 chs., with Pade = 0 & Isocen =  =0, NOSOL = F, initwf =  0
  NL quadrature with   18 Gaussian points, Calculate multipoles up to    56 from   0
  M-transfers for lp+lt greater than or equal to  6, Angular Integration Cutoff below  2.7778 %


 Trace switches are :  CHANS =  1, LISTCC =  0, TRENEG =  0, CDETR =  0, SMATS =  2, XSTABL =  1, NLPL =  0

                       WAVES =  0, LAMPL =  0, VEFF =  0, KFUS =  0, WDISK =  0, BPM =  0, MELFIL =  0

                       CDCC =  0, NFUS =  0

 Using unit mass = 1.000000 amu and 1/fine-structure constant = 137.03599 ( 1.000000 * true ) with hc = 197.32705 MeV.fm,
  thus 2*amu/hbar^2 = 0.0478450 = 1/20.9008 and Coulomb constant = 0.1574855 so e^2 = 1.43997, and nuclear magneton= 0.1261183

 Now pre-scan input and save to file 3



 *********** PARTITION NUMBER  1 ******************************************************************************************

   PROJ=p          MASS=  1.0073 Z=   1.0,        # STATES=    1T, TARG=O20      MASS= 19.9997 Z=   8.0,     Q-VALUE =  -0.0000 MEV.

     1:  J= 0.5+ (B# 1), E=  0.0000, K= 0.5              Potl#  1       J= 0.0+ (B# 1), E=  0.0000, K= 0.0    


 ************************************************************************************************************************************

 The following POTENTIALS are defined :

  KP#       TYPE      IT    SHAPE      at     V1        r1        a1        V2        r2        a2        A-in     A-used


                                            A#1       A#2        r0c       ac                                                h @ 1
    1    0=Coulomb       0=CHARGE (WS)  1    20.000     0.000    1.2842    0.0000    0.0000    0.0000     0.000    20.000   0.03000

    1    1=Volume        0=Woods-Saxon  2   32.3685    1.1671    0.6900    4.7867    1.1753    0.6900     0.000    20.000

    1    2=Surface       0=Woods-Saxon  3    0.0000    0.0000    0.0000   10.1578    1.1753    0.6900     0.000    20.000

    1    3=Projtl S.O.   0=Woods-Saxon  4    5.9000    0.8979    0.6300    0.0000    0.0000    0.0000     0.000    20.000

 Incoming partition  1 in excitation state # 1,   Laboratory Energy given for partition  1 Nucleus 1 in Excitation pair 1

0Lab. ENERGY ranges :

   from    35.0000     to   0.00000     in     0 intervals
   from    0.00000     to   0.00000     in     0 intervals
   from    0.00000     to   0.00000     in     0 intervals

 Largest real,imaginary parts of any form factor at R=   59.52 are   2.42E-02  1.09E-31 MeV
 Finished all Couplings @    4.29999898E-04           4

 Symmetric Hamiltonian
1***********************************************************************************************************************************
************************************************************************************************************************************

        INCOMING p        ;    LABORATORY p        ENERGY =   35.000     MeV.

 ***********************************************************************************************************************************
 ***********************************************************************************************************************************

 Allocate arrays for            2  channels, of which            1  need wfs.

 ######################################################################################################################
 #                                                                                                                    #
 # Total SPIN and PARITY =     0.5 +,      1 channels,    0 in 1st block.  Rmin & Coul turning =    0.0    0.3 fm.  #
 #                                                                                                                    #
 ######################################################################################################################



    C Projectl Target   #   EX.   (L  Proj) J  + Targ = Jtotal     E-cm      Re K     Re Eta     RM*K            CH
    1 p        O20      #    1: I   0 0.5    0.5  0.0     0.5    33.32176   1.23648   0.21373   74.1887   0.33920  -0.36833 1 1 1   1
   S-matrix    1 =   -0.15912  -0.22769 for L=    0, J=    0.5 channel on core I =   0.0 from L=    0,  Acc. loss =  0.0 D.
 Elastic phase shift   1 =  -62.473  36.696 deg. for the L =    0, J =    0.5 channel.
       0.5 -0.15911757 -0.22769499i: elastic S-matrix  @@      0.00  0   0 F  0
 Reaction Xsec     0.5+/ 0 @ 1 =  18.963 , Out:   0.000#


 Total SPIN, PARITY =     0.5 -,      1 chs,      0 cc.  Rmin & Coul turning =    0.0    0.3
   S-matrix    1 =   -0.22960   0.00984 for L=    1, J=    0.5 channel on core I =   0.0 from L=    1,  Acc. loss =  0.0 D.
 Elastic phase shift   1 =   88.773  42.126 deg. for the L =    1, J =    0.5 channel.
       0.5 -0.22960400  0.00983711i: elastic S-matrix  @@      0.00  0   0 F  0
 Reaction Xsec     0.5-/ 1 @ 1 =  19.463 , Out:   0.000#


 Total SPIN, PARITY =     1.5 +,      1 chs,      0 cc.  Rmin & Coul turning =    0.0    1.3
   S-matrix    1 =   -0.19230   0.15125 for L=    2, J=    1.5 channel on core I =   0.0 from L=    2,  Acc. loss =  0.0 D.
 Elastic phase shift   1 =   70.907  40.334 deg. for the L =    2, J =    1.5 channel.
       1.5 -0.19229999  0.15124517i: elastic S-matrix  @@      0.00  0   0 F  0
 Reaction Xsec     1.5+/ 2 @ 1 =  38.637 , Out:   0.000#


 Total SPIN, PARITY =     1.5 -,      1 chs,      0 cc.  Rmin & Coul turning =    0.0    1.3
   S-matrix    1 =   -0.20412  -0.12228 for L=    1, J=    1.5 channel on core I =   0.0 from L=    1,  Acc. loss =  0.0 D.
 Elastic phase shift   1 =  -74.538  41.130 deg. for the L =    1, J =    1.5 channel.
       1.5 -0.20412442 -0.12227897i: elastic S-matrix  @@      0.00  0   0 F  0
 Reaction Xsec     1.5-/ 1 @ 1 =  38.770 , Out:   0.000#


 Total SPIN, PARITY =     2.5 +,      1 chs,      0 cc.  Rmin & Coul turning =    0.1    2.2
   S-matrix    1 =   -0.26757  -0.03840 for L=    2, J=    2.5 channel on core I =   0.0 from L=    2,  Acc. loss =  0.0 D.
 Elastic phase shift   1 =  -85.917  37.477 deg. for the L =    2, J =    2.5 channel.
       2.5 -0.26756904 -0.03839573i: elastic S-matrix  @@      0.00  0   0 F  0
 Reaction Xsec     2.5+/ 2 @ 1 =  57.141 , Out:   0.000#


 Total SPIN, PARITY =     2.5 -,      1 chs,      0 cc.  Rmin & Coul turning =    0.1    2.2
   S-matrix    1 =   -0.03501   0.13431 for L=    3, J=    2.5 channel on core I =   0.0 from L=    3,  Acc. loss =  0.0 D.
 Elastic phase shift   1 =   52.306  56.572 deg. for the L =    3, J =    2.5 channel.
       2.5 -0.03501408  0.13430940i: elastic S-matrix  @@      0.00  0   0 F  0
 Reaction Xsec     2.5-/ 3 @ 1 =  60.457 , Out:   0.000#


 Total SPIN, PARITY =     3.5 +,      1 chs,      0 cc.  Rmin & Coul turning =    0.1    3.0
   S-matrix    1 =    0.25450   0.11369 for L=    4, J=    3.5 channel on core I =   0.0 from L=    4,  Acc. loss =  0.0 D.
 Elastic phase shift   1 =   12.036  36.597 deg. for the L =    4, J =    3.5 channel.
       3.5  0.25449533  0.11369189i: elastic S-matrix  @@      0.00  0   0 F  0
 Reaction Xsec     3.5+/ 4 @ 1 =  75.807 , Out:   0.000#


 Total SPIN, PARITY =     3.5 -,      1 chs,      0 cc.  Rmin & Coul turning =    0.1    3.0
   S-matrix    1 =   -0.21105   0.00652 for L=    3, J=    3.5 channel on core I =   0.0 from L=    3,  Acc. loss =  0.0 D.
 Elastic phase shift   1 =   89.115  44.553 deg. for the L =    3, J =    3.5 channel.
       3.5 -0.21104924  0.00651911i: elastic S-matrix  @@      0.00  0   0 F  0
 Reaction Xsec     3.5-/ 3 @ 1 =  78.529 , Out:   0.000#


 Total SPIN, PARITY =     4.5 +,      1 chs,      0 cc.  Rmin & Coul turning =    0.2    3.8
   S-matrix    1 =    0.06964   0.10671 for L=    4, J=    4.5 channel on core I =   0.0 from L=    4,  Acc. loss =  0.0 D.
 Elastic phase shift   1 =   28.435  59.021 deg. for the L =    4, J =    4.5 channel.
       4.5  0.06964483  0.10670861i: elastic S-matrix  @@      0.00  0   0 F  0
 Reaction Xsec     4.5+/ 4 @ 1 = 101.073 , Out:   0.000#


 Total SPIN, PARITY =     4.5 -,      1 chs,      0 cc.  Rmin & Coul turning =    0.2    3.8
   S-matrix    1 =    0.58283   0.10600 for L=    5, J=    4.5 channel on core I =   0.0 from L=    5,  Acc. loss =  0.0 D.
 Elastic phase shift   1 =    5.154  15.000 deg. for the L =    5, J =    4.5 channel.
       4.5  0.58282767  0.10600472i: elastic S-matrix  @@      0.00  0   0 F  0
 Reaction Xsec     4.5-/ 5 @ 1 =  66.687 , Out:   0.000#


 Total SPIN, PARITY =     5.5 +,      1 chs,      0 cc.  Rmin & Coul turning =    0.2    4.6
   S-matrix    1 =    0.81736   0.06990 for L=    6, J=    5.5 channel on core I =   0.0 from L=    6,  Acc. loss =  0.0 D.
 Elastic phase shift   1 =    2.444   5.673 deg. for the L =    6, J =    5.5 channel.
       5.5  0.81735607  0.06989733i: elastic S-matrix  @@      0.00  0   0 F  0
 Reaction Xsec     5.5+/ 6 @ 1 =  40.321 , Out:   0.000#


 Total SPIN, PARITY =     5.5 -,      1 chs,      0 cc.  Rmin & Coul turning =    0.2    4.6
   S-matrix    1 =    0.48811   0.16699 for L=    5, J=    5.5 channel on core I =   0.0 from L=    5,  Acc. loss =  0.0 D.
 Elastic phase shift   1 =    9.443  18.961 deg. for the L =    5, J =    5.5 channel.
       5.5  0.48810891  0.16699233i: elastic S-matrix  @@      0.00  0   0 F  0
 Reaction Xsec     5.5-/ 5 @ 1 =  90.478 , Out:   0.000#


 Total SPIN, PARITY =     6.5 +,      1 chs,      0 cc.  Rmin & Coul turning =    0.3    5.4
   S-matrix    1 =    0.79366   0.11129 for L=    6, J=    6.5 channel on core I =   0.0 from L=    6,  Acc. loss =  0.0 D.
 Elastic phase shift   1 =    3.991   6.342 deg. for the L =    6, J =    6.5 channel.
       6.5  0.79366169  0.11129349i: elastic S-matrix  @@      0.00  0   0 F  0
 Reaction Xsec     6.5+/ 6 @ 1 =  51.453 , Out:   0.000#


 Total SPIN, PARITY =     6.5 -,      1 chs,      0 cc.  Rmin & Coul turning =    0.3    5.4
   S-matrix    1 =    0.93098   0.03319 for L=    7, J=    6.5 channel on core I =   0.0 from L=    7,  Acc. loss =  0.0 D.
 Elastic phase shift   1 =    1.021   2.031 deg. for the L =    7, J =    6.5 channel.
       6.5  0.93098437  0.03318747i: elastic S-matrix  @@      0.00  0   0 F  0
 Reaction Xsec     6.5-/ 7 @ 1 =  19.011 , Out:   0.000#


 Total SPIN, PARITY =     7.5 +,      1 chs,      0 cc.  Rmin & Coul turning =    0.3    6.2
   S-matrix    1 =    0.97546   0.01324 for L=    8, J=    7.5 channel on core I =   0.0 from L=    8,  Acc. loss =  0.0 D.
 Elastic phase shift   1 =    0.389   0.709 deg. for the L =    8, J =    7.5 channel.
       7.5  0.97546018  0.01323741i: elastic S-matrix  @@      0.00  0   0 F  0
 Reaction Xsec     7.5+/ 8 @ 1 =   7.940 , Out:   0.000#


 Total SPIN, PARITY =     7.5 -,      1 chs,      0 cc.  Rmin & Coul turning =    0.3    6.2
   S-matrix    1 =    0.92704   0.04918 for L=    7, J=    7.5 channel on core I =   0.0 from L=    7,  Acc. loss =  0.0 D.
 Elastic phase shift   1 =    1.518   2.130 deg. for the L =    7, J =    7.5 channel.
       7.5  0.92704483  0.04917706i: elastic S-matrix  @@      0.00  0   0 F  0
 Reaction Xsec     7.5-/ 7 @ 1 =  22.713 , Out:   0.000#


 Total SPIN, PARITY =     8.5 +,      1 chs,      0 cc.  Rmin & Coul turning =    0.4    7.0
   S-matrix    1 =    0.97490   0.01850 for L=    8, J=    8.5 channel on core I =   0.0 from L=    8,  Acc. loss =  0.0 D.
 Elastic phase shift   1 =    0.544   0.723 deg. for the L =    8, J =    8.5 channel.
       8.5  0.97490131  0.01849914i: elastic S-matrix  @@      0.00  0   0 F  0
 Reaction Xsec     8.5+/ 8 @ 1 =   9.103 , Out:   0.000#


 Total SPIN, PARITY =     8.5 -,      1 chs,      0 cc.  Rmin & Coul turning =    0.4    7.0
   S-matrix    1 =    0.99147   0.00488 for L=    9, J=    8.5 channel on core I =   0.0 from L=    9,  Acc. loss =  0.0 D.
 Elastic phase shift   1 =    0.141   0.245 deg. for the L =    9, J =    8.5 channel.
       8.5  0.99147052  0.00487766i: elastic S-matrix  @@      0.00  0   0 F  0
 Reaction Xsec     8.5-/ 9 @ 1 =   3.137 , Out:   0.000#


 Total SPIN, PARITY =     9.5 +,      1 chs,      0 cc.  Rmin & Coul turning =    0.4    7.8
   S-matrix    1 =    0.99706   0.00173 for L=   10, J=    9.5 channel on core I =   0.0 from L=   10,  Acc. loss =  0.0 D.
 Elastic phase shift   1 =    0.050   0.084 deg. for the L =   10, J =    9.5 channel.
       9.5  0.99706420  0.00173418i: elastic S-matrix  @@      0.00  0   0 F  0
 Reaction Xsec     9.5+/10 @ 1 =   1.204 , Out:   0.000#


 Total SPIN, PARITY =     9.5 -,      1 chs,      0 cc.  Rmin & Coul turning =    0.4    7.8
   S-matrix    1 =    0.99140   0.00654 for L=    9, J=    9.5 channel on core I =   0.0 from L=    9,  Acc. loss =  0.0 D.
 Elastic phase shift   1 =    0.189   0.247 deg. for the L =    9, J =    9.5 channel.
       9.5  0.99139565  0.00654212i: elastic S-matrix  @@      0.00  0   0 F  0
 Reaction Xsec     9.5-/ 9 @ 1 =   3.512 , Out:   0.000#


 Total SPIN, PARITY =    10.5 +,      1 chs,      0 cc.  Rmin & Coul turning =    0.5    8.7
   S-matrix    1 =    0.99705   0.00226 for L=   10, J=   10.5 channel on core I =   0.0 from L=   10,  Acc. loss =  0.0 D.
 Elastic phase shift   1 =    0.065   0.084 deg. for the L =   10, J =   10.5 channel.
      10.5  0.99705440  0.00225559i: elastic S-matrix  @@      0.00  0   0 F  0
 Reaction Xsec    10.5+/10 @ 1 =   1.328 , Out:   0.000#


 Total SPIN, PARITY =    10.5 -,      1 chs,      0 cc.  Rmin & Coul turning =    0.5    8.7
   S-matrix    1 =    0.99899   0.00061 for L=   11, J=   10.5 channel on core I =   0.0 from L=   11,  Acc. loss =  0.0 D.
 Elastic phase shift   1 =    0.017   0.029 deg. for the L =   11, J =   10.5 channel.
      10.5  0.99899494  0.00060608i: elastic S-matrix  @@      0.00  0   0 F  0
 Reaction Xsec    10.5-/11 @ 1 =   0.454 , Out:   0.000#


 Total SPIN, PARITY =    11.5 +,      1 chs,      0 cc.  Rmin & Coul turning =    0.5    9.5
   S-matrix    1 =    0.99966   0.00021 for L=   12, J=   11.5 channel on core I =   0.0 from L=   12,  Acc. loss =  0.0 D.
 Elastic phase shift   1 =    0.006   0.010 deg. for the L =   12, J =   11.5 channel.
      11.5  0.99965719  0.00020988i: elastic S-matrix  @@      0.00  0   0 F  0
 Reaction Xsec    11.5+/12 @ 1 =   0.169 , Out:   0.000#


 Total SPIN, PARITY =    11.5 -,      1 chs,      0 cc.  Rmin & Coul turning =    0.5    9.5
   S-matrix    1 =    0.99899   0.00077 for L=   11, J=   11.5 channel on core I =   0.0 from L=   11,  Acc. loss =  0.0 D.
 Elastic phase shift   1 =    0.022   0.029 deg. for the L =   11, J =   11.5 channel.
      11.5  0.99899368  0.00076881i: elastic S-matrix  @@      0.00  0   0 F  0
 Reaction Xsec    11.5-/11 @ 1 =   0.496 , Out:   0.000#


 Total SPIN, PARITY =    12.5 +,      1 chs,      0 cc.  Rmin & Coul turning =    0.6   10.3
   S-matrix    1 =    0.99966   0.00026 for L=   12, J=   12.5 channel on core I =   0.0 from L=   12,  Acc. loss =  0.0 D.
 Elastic phase shift   1 =    0.007   0.010 deg. for the L =   12, J =   12.5 channel.
      12.5  0.99965702  0.00026052i: elastic S-matrix  @@      0.00  0   0 F  0
 Reaction Xsec    12.5+/12 @ 1 =   0.183 , Out:   0.000#


 Total SPIN, PARITY =    12.5 -,      1 chs,      0 cc.  Rmin & Coul turning =    0.6   10.3
   S-matrix    1 =    0.99988   0.00007 for L=   13, J=   12.5 channel on core I =   0.0 from L=   13,  Acc. loss =  0.0 D.
 Elastic phase shift   1 =    0.002   0.003 deg. for the L =   13, J =   12.5 channel.
      12.5  0.99988340  0.00007226i: elastic S-matrix  @@      0.00  0   0 F  0
 Reaction Xsec    12.5-/13 @ 1 =   0.062 , Out:   0.000#


 Total SPIN, PARITY =    13.5 +,      1 chs,      0 cc.  Rmin & Coul turning =    0.6   11.1
   S-matrix    1 =    0.99996   0.00002 for L=   14, J=   13.5 channel on core I =   0.0 from L=   14,  Acc. loss =  0.0 D.
 Elastic phase shift   1 =    0.001   0.001 deg. for the L =   14, J =   13.5 channel.
      13.5  0.99996044  0.00002478i: elastic S-matrix  @@      0.00  0   0 F  0
 Reaction Xsec    13.5+/14 @ 1 =   0.023 , Out:   0.000#


 Total SPIN, PARITY =    13.5 -,      1 chs,      0 cc.  Rmin & Coul turning =    0.6   11.1
   S-matrix    1 =    0.99988   0.00009 for L=   13, J=   13.5 channel on core I =   0.0 from L=   13,  Acc. loss =  0.0 D.
 Elastic phase shift   1 =    0.003   0.003 deg. for the L =   13, J =   13.5 channel.
      13.5  0.99988338  0.00008798i: elastic S-matrix  @@      0.00  0   0 F  0
 Reaction Xsec    13.5-/13 @ 1 =   0.067 , Out:   0.000#


 Total SPIN, PARITY =    14.5 +,      1 chs,      0 cc.  Rmin & Coul turning =    0.7   11.9
   S-matrix    1 =    0.99996   0.00003 for L=   14, J=   14.5 channel on core I =   0.0 from L=   14,  Acc. loss =  0.0 D.
 Elastic phase shift   1 =    0.001   0.001 deg. for the L =   14, J =   14.5 channel.
      14.5  0.99996043  0.00002964i: elastic S-matrix  @@      0.00  0   0 F  0
 Reaction Xsec    14.5+/14 @ 1 =   0.024 , Out:   0.000#


 Total SPIN, PARITY =    14.5 -,      1 chs,      0 cc.  Rmin & Coul turning =    0.7   11.9
   S-matrix    1 =    0.99999   0.00001 for L=   15, J=   14.5 channel on core I =   0.0 from L=   15,  Acc. loss =  0.0 D.
 Elastic phase shift   1 =    0.000   0.000 deg. for the L =   15, J =   14.5 channel.
      14.5  0.99998660  0.00000847i: elastic S-matrix  @@      0.00  0   0 F  0
 Reaction Xsec    14.5-/15 @ 1 =   8.258/, Out:   0.000#


 Total SPIN, PARITY =    15.5 +,      1 chs,      0 cc.  Rmin & Coul turning =    0.7   12.7
   S-matrix    1 =    1.00000   0.00000 for L=   16, J=   15.5 channel on core I =   0.0 from L=   16,  Acc. loss =  0.0 D.
 Elastic phase shift   1 =    0.000   0.000 deg. for the L =   16, J =   15.5 channel.
      15.5  0.99999547  0.00000289i: elastic S-matrix  @@      0.00  0   0 F  0
 Reaction Xsec    15.5+/16 @ 1 =   2.978/, Out:   0.000#


 Total SPIN, PARITY =    15.5 -,      1 chs,      0 cc.  Rmin & Coul turning =    0.7   12.7
   S-matrix    1 =    0.99999   0.00001 for L=   15, J=   15.5 channel on core I =   0.0 from L=   15,  Acc. loss =  0.0 D.
 Elastic phase shift   1 =    0.000   0.000 deg. for the L =   15, J =   15.5 channel.
      15.5  0.99998660  0.00000997i: elastic S-matrix  @@      0.00  0   0 F  0
 Reaction Xsec    15.5-/15 @ 1 =   8.809/, Out:   0.000#


 Total SPIN, PARITY =    16.5 +,      1 chs,      0 cc.  Rmin & Coul turning =    0.8   13.5
   S-matrix    1 =    1.00000   0.00000 for L=   16, J=   16.5 channel on core I =   0.0 from L=   16,  Acc. loss =  0.0 D.
 Elastic phase shift   1 =    0.000   0.000 deg. for the L =   16, J =   16.5 channel.
      16.5  0.99999547  0.00000335i: elastic S-matrix  @@      0.00  0   0 F  0
 Reaction Xsec    16.5+/16 @ 1 =   3.164/, Out:   0.000#


 Total SPIN, PARITY =    16.5 -,      1 chs,      0 cc.  Rmin & Coul turning =    0.8   13.5
   S-matrix    1 =    1.00000   0.00000 for L=   17, J=   16.5 channel on core I =   0.0 from L=   17,  Acc. loss =  0.0 D.
 Elastic phase shift   1 =    0.000   0.000 deg. for the L =   17, J =   16.5 channel.
      16.5  0.99999847  0.00000098i: elastic S-matrix  @@      0.00  0   0 F  0
 Reaction Xsec    16.5-/17 @ 1 =   1.068/, Out:   0.000#


 Total SPIN, PARITY =    17.5 +,      1 chs,      0 cc.  Rmin & Coul turning =    0.8   14.3
   S-matrix    1 =    1.00000   0.00000 for L=   18, J=   17.5 channel on core I =   0.0 from L=   18,  Acc. loss =  0.0 D.
 Elastic phase shift   1 =    0.000   0.000 deg. for the L =   18, J =   17.5 channel.
      17.5  0.99999949  0.00000033i: elastic S-matrix  @@      0.00  0   0 F  0
 Reaction Xsec    17.5+/18 @ 1 =   0.381/, Out:   0.000#


 Total SPIN, PARITY =    17.5 -,      1 chs,      0 cc.  Rmin & Coul turning =    0.8   14.3
   S-matrix    1 =    1.00000   0.00000 for L=   17, J=   17.5 channel on core I =   0.0 from L=   17,  Acc. loss =  0.0 D.
 Elastic phase shift   1 =    0.000   0.000 deg. for the L =   17, J =   17.5 channel.
      17.5  0.99999847  0.00000112i: elastic S-matrix  @@      0.00  0   0 F  0
 Reaction Xsec    17.5-/17 @ 1 =   1.130/, Out:   0.000#


 Total SPIN, PARITY =    18.5 +,      1 chs,      0 cc.  Rmin & Coul turning =    0.8   15.1
   S-matrix    1 =    1.00000   0.00000 for L=   18, J=   18.5 channel on core I =   0.0 from L=   18,  Acc. loss =  0.0 D.
 Elastic phase shift   1 =    0.000   0.000 deg. for the L =   18, J =   18.5 channel.
      18.5  0.99999949  0.00000038i: elastic S-matrix  @@      0.00  0   0 F  0
 Reaction Xsec    18.5+/18 @ 1 =   0.402/, Out:   0.000#

 Finished all CC sets @    4.30400018E-03
0CUMULATIVE REACTION cross section                 =  807.23319  <L> =     4.10  <L**2> =     20.5
0CUMULATIVE outgoing cross sections in partition 1 :    0.00000
0Cumulative ABSORBTION by Imaginary Potentials     =  807.23319  <L> =     4.10  <L**2> =     20.5
   Fusion for specific p        M-states : 1197.651265 1197.651265
0CUMULATIVE OUTGOING cross section                 =    0.00000
 To convert to S-factors (MeV.mb = keV.b),  multiply by  1.2763E+02


 CROSS SECTIONS FOR OUTGOING p        & O20      in state #   1 with spins & parities 0.5  + &  0.0  +;  0

     3.00 deg.: X-S =   1.3205E+05 mb/sr,
+                                         /R =   8.3007E-01
     4.00 deg.: X-S =   3.7870E+04 mb/sr,
+                                         /R =   7.5207E-01
     5.00 deg.: X-S =   1.4376E+04 mb/sr,
+                                         /R =   6.9671E-01
     6.00 deg.: X-S =  6806.403401 mb/sr,
+                                         /R =   6.8361E-01
     7.00 deg.: X-S =  3933.234339 mb/sr,
+                                         /R =   7.3138E-01
     8.00 deg.: X-S =  2701.922494 mb/sr,
+                                         /R =   8.5645E-01
     9.00 deg.: X-S =  2113.128360 mb/sr,
+                                         /R =   1.0720E+00
    10.00 deg.: X-S =  1795.343974 mb/sr,
+                                         /R =   1.3868E+00
    11.00 deg.: X-S =  1597.376199 mb/sr,
+                                         /R =   1.8046E+00
    12.00 deg.: X-S =  1453.736394 mb/sr,
+                                         /R =   2.3234E+00
    13.00 deg.: X-S =  1334.985595 mb/sr,
+                                         /R =   2.9350E+00
    14.00 deg.: X-S =  1227.769456 mb/sr,
+                                         /R =   3.6257E+00
    15.00 deg.: X-S =  1126.219978 mb/sr,
+                                         /R =   4.3763E+00
    16.00 deg.: X-S =  1028.041440 mb/sr,
+                                         /R =   5.1633E+00
    17.00 deg.: X-S =   932.647059 mb/sr,
+                                         /R =   5.9596E+00
    18.00 deg.: X-S =   840.239947 mb/sr,
+                                         /R =   6.7364E+00
    19.00 deg.: X-S =   751.347971 mb/sr,
+                                         /R =   7.4640E+00
    20.00 deg.: X-S =   666.585056 mb/sr,
+                                         /R =   8.1139E+00
    21.00 deg.: X-S =   586.529251 mb/sr,
+                                         /R =   8.6599E+00
    22.00 deg.: X-S =   511.662819 mb/sr,
+                                         /R =   9.0797E+00
    23.00 deg.: X-S =   442.346205 mb/sr,
+                                         /R =   9.3557E+00
    24.00 deg.: X-S =   378.810928 mb/sr,
+                                         /R =   9.4761E+00
    25.00 deg.: X-S =   321.163229 mb/sr,
+                                         /R =   9.4355E+00
    26.00 deg.: X-S =   269.393855 mb/sr,
+                                         /R =   9.2349E+00
    27.00 deg.: X-S =   223.391227 mb/sr,
+                                         /R =   8.8818E+00
    28.00 deg.: X-S =   182.956337 mb/sr,
+                                         /R =   8.3896E+00
    29.00 deg.: X-S =   147.818257 mb/sr,
+                                         /R =   7.7771E+00
    30.00 deg.: X-S =   117.649528 mb/sr,
+                                         /R =   7.0675E+00
    31.00 deg.: X-S =    92.080927 mb/sr,
+                                         /R =   6.2872E+00
    32.00 deg.: X-S =    70.715226 mb/sr,
+                                         /R =   5.4646E+00
    33.00 deg.: X-S =    53.139705 mb/sr,
+                                         /R =   4.6289E+00
    34.00 deg.: X-S =    38.937257 mb/sr,
+                                         /R =   3.8089E+00
    35.00 deg.: X-S =    27.695974 mb/sr,
+                                         /R =   3.0316E+00
    36.00 deg.: X-S =    19.017193 mb/sr,
+                                         /R =   2.3215E+00
    37.00 deg.: X-S =    12.522015 mb/sr,
+                                         /R =   1.6993E+00
    38.00 deg.: X-S =     7.856355 mb/sr,
+                                         /R =   1.1816E+00
    39.00 deg.: X-S =     4.694602 mb/sr,
+                                         /R =   7.8032E-01
    40.00 deg.: X-S =     2.742024 mb/sr,
+                                         /R =   5.0231E-01
    41.00 deg.: X-S =     1.736035 mb/sr,
+                                         /R =   3.4958E-01
    42.00 deg.: X-S =     1.446477 mb/sr,
+                                         /R =   3.1939E-01
    43.00 deg.: X-S =     1.675064 mb/sr,
+                                         /R =   4.0460E-01
    44.00 deg.: X-S =     2.254135 mb/sr,
+                                         /R =   5.9426E-01
    45.00 deg.: X-S =     3.044877 mb/sr,
+                                         /R =   8.7422E-01
    46.00 deg.: X-S =     3.935128 mb/sr,
+                                         /R =   1.2279E+00
    47.00 deg.: X-S =     4.836911 mb/sr,
+                                         /R =   1.6370E+00
    48.00 deg.: X-S =     5.683800 mb/sr,
+                                         /R =   2.0825E+00
    49.00 deg.: X-S =     6.428217 mb/sr,
+                                         /R =   2.5450E+00
    50.00 deg.: X-S =     7.038744 mb/sr,
+                                         /R =   3.0059E+00
    51.00 deg.: X-S =     7.497528 mb/sr,
+                                         /R =   3.4478E+00
    52.00 deg.: X-S =     7.797815 mb/sr,
+                                         /R =   3.8551E+00
    53.00 deg.: X-S =     7.941675 mb/sr,
+                                         /R =   4.2142E+00
    54.00 deg.: X-S =     7.937930 mb/sr,
+                                         /R =   4.5143E+00
    55.00 deg.: X-S =     7.800313 mb/sr,
+                                         /R =   4.7471E+00
    56.00 deg.: X-S =     7.545865 mb/sr,
+                                         /R =   4.9072E+00
    57.00 deg.: X-S =     7.193556 mb/sr,
+                                         /R =   4.9921E+00
    58.00 deg.: X-S =     6.763151 mb/sr,
+                                         /R =   5.0018E+00
    59.00 deg.: X-S =     6.274283 mb/sr,
+                                         /R =   4.9387E+00
    60.00 deg.: X-S =     5.745722 mb/sr,
+                                         /R =   4.8075E+00
    61.00 deg.: X-S =     5.194842 mb/sr,
+                                         /R =   4.6147E+00
    62.00 deg.: X-S =     4.637231 mb/sr,
+                                         /R =   4.3683E+00
    63.00 deg.: X-S =     4.086459 mb/sr,
+                                         /R =   4.0774E+00
    64.00 deg.: X-S =     3.553950 mb/sr,
+                                         /R =   3.7518E+00
    65.00 deg.: X-S =     3.048962 mb/sr,
+                                         /R =   3.4018E+00
    66.00 deg.: X-S =     2.578646 mb/sr,
+                                         /R =   3.0375E+00
    67.00 deg.: X-S =     2.148164 mb/sr,
+                                         /R =   2.6688E+00
    68.00 deg.: X-S =     1.760850 mb/sr,
+                                         /R =   2.3049E+00
    69.00 deg.: X-S =     1.418409 mb/sr,
+                                         /R =   1.9544E+00
    70.00 deg.: X-S =     1.121122 mb/sr,
+                                         /R =   1.6245E+00
    71.00 deg.: X-S =     0.868077 mb/sr,
+                                         /R =   1.3215E+00
    72.00 deg.: X-S =     0.657378 mb/sr,
+                                         /R =   1.0505E+00
    73.00 deg.: X-S =     0.486363 mb/sr,
+                                         /R =   8.1509E-01
    74.00 deg.: X-S =     0.351801 mb/sr,
+                                         /R =   6.1779E-01
    75.00 deg.: X-S =     0.250072 mb/sr,
+                                         /R =   4.5977E-01
    76.00 deg.: X-S =     0.177328 mb/sr,
+                                         /R =   3.4106E-01
    77.00 deg.: X-S =     0.129637 mb/sr,
+                                         /R =   2.6063E-01
    78.00 deg.: X-S =     0.103101 mb/sr,
+                                         /R =   2.1649E-01
    79.00 deg.: X-S =     0.093952 mb/sr,
+                                         /R =   2.0589E-01
    80.00 deg.: X-S =     0.098633 mb/sr,
+                                         /R =   2.2542E-01
    81.00 deg.: X-S =     0.113855 mb/sr,
+                                         /R =   2.7116E-01
    82.00 deg.: X-S =     0.136639 mb/sr,
+                                         /R =   3.3887E-01
    83.00 deg.: X-S =     0.164341 mb/sr,
+                                         /R =   4.2413E-01
    84.00 deg.: X-S =     0.194666 mb/sr,
+                                         /R =   5.2243E-01
    85.00 deg.: X-S =     0.225668 mb/sr,
+                                         /R =   6.2935E-01
    86.00 deg.: X-S =     0.255741 mb/sr,
+                                         /R =   7.4067E-01
    87.00 deg.: X-S =     0.283605 mb/sr,
+                                         /R =   8.5242E-01
    88.00 deg.: X-S =     0.308280 mb/sr,
+                                         /R =   9.6100E-01
    89.00 deg.: X-S =     0.329063 mb/sr,
+                                         /R =   1.0632E+00
    90.00 deg.: X-S =     0.345499 mb/sr,
+                                         /R =   1.1563E+00
    91.00 deg.: X-S =     0.357349 mb/sr,
+                                         /R =   1.2381E+00
    92.00 deg.: X-S =     0.364557 mb/sr,
+                                         /R =   1.3068E+00
    93.00 deg.: X-S =     0.367226 mb/sr,
+                                         /R =   1.3611E+00
    94.00 deg.: X-S =     0.365581 mb/sr,
+                                         /R =   1.4002E+00
    95.00 deg.: X-S =     0.359948 mb/sr,
+                                         /R =   1.4238E+00
    96.00 deg.: X-S =     0.350723 mb/sr,
+                                         /R =   1.4320E+00
    97.00 deg.: X-S =     0.338354 mb/sr,
+                                         /R =   1.4252E+00
    98.00 deg.: X-S =     0.323316 mb/sr,
+                                         /R =   1.4042E+00
    99.00 deg.: X-S =     0.306098 mb/sr,
+                                         /R =   1.3700E+00
   100.00 deg.: X-S =     0.287184 mb/sr,
+                                         /R =   1.3239E+00
   101.00 deg.: X-S =     0.267044 mb/sr,
+                                         /R =   1.2674E+00
   102.00 deg.: X-S =     0.246121 mb/sr,
+                                         /R =   1.2019E+00
   103.00 deg.: X-S =     0.224827 mb/sr,
+                                         /R =   1.1291E+00
   104.00 deg.: X-S =     0.203534 mb/sr,
+                                         /R =   1.0507E+00
   105.00 deg.: X-S =     0.182573 mb/sr,
+                                         /R =   9.6826E-01
   106.00 deg.: X-S =     0.162228 mb/sr,
+                                         /R =   8.8351E-01
   107.00 deg.: X-S =     0.142742 mb/sr,
+                                         /R =   7.9792E-01
   108.00 deg.: X-S =     0.124312 mb/sr,
+                                         /R =   7.1291E-01
   109.00 deg.: X-S =     0.107092 mb/sr,
+                                         /R =   6.2979E-01
   110.00 deg.: X-S =     0.091196 mb/sr,
+                                         /R =   5.4970E-01
   111.00 deg.: X-S =     0.076702 mb/sr,
+                                         /R =   4.7367E-01
   112.00 deg.: X-S =     0.063652 mb/sr,
+                                         /R =   4.0253E-01
   113.00 deg.: X-S =     0.052059 mb/sr,
+                                         /R =   3.3699E-01
   114.00 deg.: X-S =     0.041909 mb/sr,
+                                         /R =   2.7756E-01
   115.00 deg.: X-S =     0.033164 mb/sr,
+                                         /R =   2.2463E-01
   116.00 deg.: X-S =     0.025769 mb/sr,
+                                         /R =   1.7843E-01
   117.00 deg.: X-S =     0.019652 mb/sr,
+                                         /R =   1.3905E-01
   118.00 deg.: X-S =     0.014729 mb/sr,
+                                         /R =   1.0644E-01
   119.00 deg.: X-S =     0.010907 mb/sr,
+                                         /R =   8.0479E-02
   120.00 deg.: X-S =     0.008088 mb/sr,
+                                         /R =   6.0906E-02
   121.00 deg.: X-S =     0.006169 mb/sr,
+                                         /R =   4.7392E-02
   122.00 deg.: X-S =     0.005047 mb/sr,
+                                         /R =   3.9534E-02
   123.00 deg.: X-S =     0.004618 mb/sr,
+                                         /R =   3.6873E-02
   124.00 deg.: X-S =     0.004782 mb/sr,
+                                         /R =   3.8906E-02
   125.00 deg.: X-S =     0.005442 mb/sr,
+                                         /R =   4.5100E-02
   126.00 deg.: X-S =     0.006507 mb/sr,
+                                         /R =   5.4904E-02
   127.00 deg.: X-S =     0.007891 mb/sr,
+                                         /R =   6.7761E-02
   128.00 deg.: X-S =     0.009514 mb/sr,
+                                         /R =   8.3117E-02
   129.00 deg.: X-S =     0.011304 mb/sr,
+                                         /R =   1.0043E-01
   130.00 deg.: X-S =     0.013195 mb/sr,
+                                         /R =   1.1918E-01
   131.00 deg.: X-S =     0.015130 mb/sr,
+                                         /R =   1.3887E-01
   132.00 deg.: X-S =     0.017057 mb/sr,
+                                         /R =   1.5904E-01
   133.00 deg.: X-S =     0.018934 mb/sr,
+                                         /R =   1.7927E-01
   134.00 deg.: X-S =     0.020722 mb/sr,
+                                         /R =   1.9917E-01
   135.00 deg.: X-S =     0.022392 mb/sr,
+                                         /R =   2.1840E-01
   136.00 deg.: X-S =     0.023920 mb/sr,
+                                         /R =   2.3666E-01
   137.00 deg.: X-S =     0.025287 mb/sr,
+                                         /R =   2.5369E-01
   138.00 deg.: X-S =     0.026480 mb/sr,
+                                         /R =   2.6928E-01
   139.00 deg.: X-S =     0.027489 mb/sr,
+                                         /R =   2.8327E-01
   140.00 deg.: X-S =     0.028310 mb/sr,
+                                         /R =   2.9552E-01
   141.00 deg.: X-S =     0.028944 mb/sr,
+                                         /R =   3.0594E-01
   142.00 deg.: X-S =     0.029391 mb/sr,
+                                         /R =   3.1448E-01
   143.00 deg.: X-S =     0.029659 mb/sr,
+                                         /R =   3.2112E-01
   144.00 deg.: X-S =     0.029753 mb/sr,
+                                         /R =   3.2587E-01
   145.00 deg.: X-S =     0.029684 mb/sr,
+                                         /R =   3.2877E-01
   146.00 deg.: X-S =     0.029463 mb/sr,
+                                         /R =   3.2988E-01
   147.00 deg.: X-S =     0.029103 mb/sr,
+                                         /R =   3.2929E-01
   148.00 deg.: X-S =     0.028615 mb/sr,
+                                         /R =   3.2708E-01
   149.00 deg.: X-S =     0.028015 mb/sr,
+                                         /R =   3.2339E-01
   150.00 deg.: X-S =     0.027316 mb/sr,
+                                         /R =   3.1833E-01
   151.00 deg.: X-S =     0.026531 mb/sr,
+                                         /R =   3.1205E-01
   152.00 deg.: X-S =     0.025675 mb/sr,
+                                         /R =   3.0467E-01
   153.00 deg.: X-S =     0.024762 mb/sr,
+                                         /R =   2.9634E-01
   154.00 deg.: X-S =     0.023803 mb/sr,
+                                         /R =   2.8722E-01
   155.00 deg.: X-S =     0.022811 mb/sr,
+                                         /R =   2.7743E-01
   156.00 deg.: X-S =     0.021798 mb/sr,
+                                         /R =   2.6713E-01
   157.00 deg.: X-S =     0.020774 mb/sr,
+                                         /R =   2.5644E-01
   158.00 deg.: X-S =     0.019750 mb/sr,
+                                         /R =   2.4549E-01
   159.00 deg.: X-S =     0.018734 mb/sr,
+                                         /R =   2.3441E-01
   160.00 deg.: X-S =     0.017734 mb/sr,
+                                         /R =   2.2331E-01
   161.00 deg.: X-S =     0.016758 mb/sr,
+                                         /R =   2.1229E-01
   162.00 deg.: X-S =     0.015812 mb/sr,
+                                         /R =   2.0144E-01
   163.00 deg.: X-S =     0.014901 mb/sr,
+                                         /R =   1.9086E-01
   164.00 deg.: X-S =     0.014030 mb/sr,
+                                         /R =   1.8062E-01
   165.00 deg.: X-S =     0.013204 mb/sr,
+                                         /R =   1.7079E-01
   166.00 deg.: X-S =     0.012424 mb/sr,
+                                         /R =   1.6142E-01
   167.00 deg.: X-S =     0.011694 mb/sr,
+                                         /R =   1.5257E-01
   168.00 deg.: X-S =     0.011016 mb/sr,
+                                         /R =   1.4427E-01
   169.00 deg.: X-S =     0.010391 mb/sr,
+                                         /R =   1.3656E-01
   170.00 deg.: X-S =     0.009820 mb/sr,
+                                         /R =   1.2947E-01
   171.00 deg.: X-S =     0.009303 mb/sr,
+                                         /R =   1.2302E-01
   172.00 deg.: X-S =     0.008842 mb/sr,
+                                         /R =   1.1722E-01
   173.00 deg.: X-S =     0.008436 mb/sr,
+                                         /R =   1.1209E-01
   174.00 deg.: X-S =     0.008084 mb/sr,
+                                         /R =   1.0763E-01
   175.00 deg.: X-S =     0.007788 mb/sr,
+                                         /R =   1.0386E-01
   176.00 deg.: X-S =     0.007545 mb/sr,
+                                         /R =   1.0077E-01
   177.00 deg.: X-S =     0.007358 mb/sr,
+                                         /R =   9.8363E-02
   178.00 deg.: X-S =     0.007224 mb/sr,
+                                         /R =   9.6645E-02
   179.00 deg.: X-S =     0.007143 mb/sr,
+                                         /R =   9.5614E-02
   179.99 deg.: X-S =     0.007116 mb/sr,
+                                         /R =   9.5270E-02
                                           Integrated 1908.6082 mb, over [   3.000, 180.000] at    35.0000 MeV 
 Finished all xsecs @    5.39799966E-03

  The following files have been created:
   3:local copy of User input.            6:standard output.                   
   7:elastic  S-matrix elements.         13:total cross sections/state.        
  16:tables of cross sections.           38:cross sections for each J/pi.      
  39:cross sections for each Ecm.        40:all cross sectns. for each Elab.   
  45:scat phase shift as E functions.    56:Fusion for each Jtotal.            
 201:Separate cross sections.           

 PARAMETERS : MAXQRN   MFNL   MLOC  LMAX1 MCLIST
    ALLOWED :      1      1      4     70      6
    REQUIRED:      0      0      4     19      4


 ACCURACY ANALYSIS at    35.000 MeV :

  Elastic h*k = 0.037 so OK       compared with 0.200

   Real(S-el) > 0.01 first at J =       3.5
   Real(S-el) > 0.10 first at J =       3.5
   Real(S-el) > 0.50 first at J =       4.5
   Real(S-el) > 0.90 first at J =       6.5
   Real(S-el) > 0.99 first at J =       8.5
   R-turn =    15.13 fm    at J =      18.5

 Forward-angle excitation cut off below   1.289 deg by max JT =      18.5
                              and below   0.330 deg by max R.

