 FRESCO - FRES 3.4: Coupled Reaction Channels
 Assuming NAMELIST input.

 p+O20 with CH89;                                                                

   0.030  60.000   0.500   0.000   0.000   0.000   0.000   0.000   0.000   0.000

 Centre-of-mass Range is   2002 * 0.0300 fm., Maximum at  60.00 fm., Interpolating NL forms every  0.51 fm.
 Non - locality width is      4 * 0.0300 fm., Maximum of   0.09 fm., Centred at  0.00 fm.
 2-Nucleon Separation of      0 * 0.5100 fm., Maximum of   0.00 fm., Minimum at  0.00 fm.
 Maximum single particle bins of 59.6700 fm.
               M,Mint =         2001        1990


 Range of total J is     0.0 <= J <=    50.0 (at least     0.0) and Absorbtion =>     0.0010 mb.
 Dry Run = F, CC set limits =  0  0, Relativistic kinematics =  , Both/Far/Near Analyses =  1                     

 Cross Sections (and up to T0 for 0=projectile) for Theta from   3.0 to-180.0 in steps of  1.0 degrees, DGAM=0,  Coordinates = 0 (Mads)

 Lower Radial Cutoff = maximum of -1.60*L*h &       0.0 fm.,  Lower Cutoff for Couplings =   0.0  fm.


 Iterate Couplings between   0 and   0 times, to  0.000 % if sooner.                                          
  Block solved exactly =   0 chs., with Pade = 0 & Isocen =  =0, NOSOL = F, initwf =  0
  NL quadrature with   18 Gaussian points, Calculate multipoles up to    56 from   0
  M-transfers for lp+lt greater than or equal to  6, Angular Integration Cutoff below  2.7778 %


 Trace switches are :  CHANS =  1, LISTCC =  0, TRENEG =  0, CDETR =  0, SMATS =  2, XSTABL =  1, NLPL =  0

                       WAVES =  0, LAMPL =  0, VEFF =  0, KFUS =  0, WDISK =  0, BPM =  0, MELFIL =  0

                       CDCC =  0, NFUS =  0

 Using unit mass = 1.000000 amu and 1/fine-structure constant = 137.03599 ( 1.000000 * true ) with hc = 197.32705 MeV.fm,
  thus 2*amu/hbar^2 = 0.0478450 = 1/20.9008 and Coulomb constant = 0.1574855 so e^2 = 1.43997, and nuclear magneton= 0.1261183

 Now pre-scan input and save to file 3



 *********** PARTITION NUMBER  1 ******************************************************************************************

   PROJ=p          MASS=  1.0073 Z=   1.0,        # STATES=    1T, TARG=O20      MASS= 19.9997 Z=   8.0,     Q-VALUE =  -0.0000 MEV.

     1:  J= 0.5+ (B# 1), E=  0.0000, K= 0.5              Potl#  1       J= 0.0+ (B# 1), E=  0.0000, K= 0.0    


 ************************************************************************************************************************************

 The following POTENTIALS are defined :

  KP#       TYPE      IT    SHAPE      at     V1        r1        a1        V2        r2        a2        A-in     A-used


                                            A#1       A#2        r0c       ac                                                h @ 1
    1    0=Coulomb       0=CHARGE (WS)  1    20.000     0.000    1.2842    0.0000    0.0000    0.0000     0.000    20.000   0.03000

    1    1=Volume        0=Woods-Saxon  2   43.9287    1.1671    0.6900    4.7867    1.1753    0.6900     0.000    20.000

    1    2=Surface       0=Woods-Saxon  3    0.0000    0.0000    0.0000   10.1578    1.1753    0.6900     0.000    20.000

    1    3=Projtl S.O.   0=Woods-Saxon  4    5.9000    0.8979    0.6300    0.0000    0.0000    0.0000     0.000    20.000

 Incoming partition  1 in excitation state # 1,   Laboratory Energy given for partition  1 Nucleus 1 in Excitation pair 1

0Lab. ENERGY ranges :

   from    35.0000     to   0.00000     in     0 intervals
   from    0.00000     to   0.00000     in     0 intervals
   from    0.00000     to   0.00000     in     0 intervals

 Largest real,imaginary parts of any form factor at R=   59.52 are   2.42E-02  1.09E-31 MeV
 Finished all Couplings @    4.20999946E-04           4

 Symmetric Hamiltonian
1***********************************************************************************************************************************
************************************************************************************************************************************

        INCOMING p        ;    LABORATORY p        ENERGY =   35.000     MeV.

 ***********************************************************************************************************************************
 ***********************************************************************************************************************************

 Allocate arrays for            2  channels, of which            1  need wfs.

 ######################################################################################################################
 #                                                                                                                    #
 # Total SPIN and PARITY =     0.5 +,      1 channels,    0 in 1st block.  Rmin & Coul turning =    0.0    0.3 fm.  #
 #                                                                                                                    #
 ######################################################################################################################



    C Projectl Target   #   EX.   (L  Proj) J  + Targ = Jtotal     E-cm      Re K     Re Eta     RM*K            CH
    1 p        O20      #    1: I   0 0.5    0.5  0.0     0.5    33.32176   1.23648   0.21373   74.1887   0.33920  -0.36833 1 1 1   1
   S-matrix    1 =    0.10226  -0.27767 for L=    0, J=    0.5 channel on core I =   0.0 from L=    0,  Acc. loss =  0.0 D.
 Elastic phase shift   1 =  -34.891  34.886 deg. for the L =    0, J =    0.5 channel.
       0.5  0.10225801 -0.27766549i: elastic S-matrix  @@      0.00  0   0 F  0
 Reaction Xsec     0.5+/ 0 @ 1 =  18.749 , Out:   0.000#


 Total SPIN, PARITY =     0.5 -,      1 chs,      0 cc.  Rmin & Coul turning =    0.0    0.3
   S-matrix    1 =   -0.12115  -0.22042 for L=    1, J=    0.5 channel on core I =   0.0 from L=    1,  Acc. loss =  0.0 D.
 Elastic phase shift   1 =  -59.397  39.541 deg. for the L =    1, J =    0.5 channel.
       0.5 -0.12114817 -0.22042163i: elastic S-matrix  @@      0.00  0   0 F  0
 Reaction Xsec     0.5-/ 1 @ 1 =  19.248 , Out:   0.000#


 Total SPIN, PARITY =     1.5 +,      1 chs,      0 cc.  Rmin & Coul turning =    0.0    1.3
   S-matrix    1 =   -0.25787  -0.04703 for L=    2, J=    1.5 channel on core I =   0.0 from L=    2,  Acc. loss =  0.0 D.
 Elastic phase shift   1 =  -84.832  38.358 deg. for the L =    2, J =    1.5 channel.
       1.5 -0.25786977 -0.04703237i: elastic S-matrix  @@      0.00  0   0 F  0
 Reaction Xsec     1.5+/ 2 @ 1 =  38.273 , Out:   0.000#


 Total SPIN, PARITY =     1.5 -,      1 chs,      0 cc.  Rmin & Coul turning =    0.0    1.3
   S-matrix    1 =    0.00356  -0.26880 for L=    1, J=    1.5 channel on core I =   0.0 from L=    1,  Acc. loss =  0.0 D.
 Elastic phase shift   1 =  -44.621  37.634 deg. for the L =    1, J =    1.5 channel.
       1.5  0.00355809 -0.26880394i: elastic S-matrix  @@      0.00  0   0 F  0
 Reaction Xsec     1.5-/ 1 @ 1 =  38.127 , Out:   0.000#


 Total SPIN, PARITY =     2.5 +,      1 chs,      0 cc.  Rmin & Coul turning =    0.1    2.2
   S-matrix    1 =   -0.14135  -0.22368 for L=    2, J=    2.5 channel on core I =   0.0 from L=    2,  Acc. loss =  0.0 D.
 Elastic phase shift   1 =  -61.145  38.089 deg. for the L =    2, J =    2.5 channel.
       2.5 -0.14135047 -0.22367729i: elastic S-matrix  @@      0.00  0   0 F  0
 Reaction Xsec     2.5+/ 2 @ 1 =  57.329 , Out:   0.000#


 Total SPIN, PARITY =     2.5 -,      1 chs,      0 cc.  Rmin & Coul turning =    0.1    2.2
   S-matrix    1 =   -0.18084   0.06739 for L=    3, J=    2.5 channel on core I =   0.0 from L=    3,  Acc. loss =  0.0 D.
 Elastic phase shift   1 =   79.781  47.130 deg. for the L =    3, J =    2.5 channel.
       2.5 -0.18083570  0.06739198i: elastic S-matrix  @@      0.00  0   0 F  0
 Reaction Xsec     2.5-/ 3 @ 1 =  59.349 , Out:   0.000#


 Total SPIN, PARITY =     3.5 +,      1 chs,      0 cc.  Rmin & Coul turning =    0.1    3.0
   S-matrix    1 =    0.12151   0.14527 for L=    4, J=    3.5 channel on core I =   0.0 from L=    4,  Acc. loss =  0.0 D.
 Elastic phase shift   1 =   25.044  47.669 deg. for the L =    4, J =    3.5 channel.
       3.5  0.12151248  0.14526720i: elastic S-matrix  @@      0.00  0   0 F  0
 Reaction Xsec     3.5+/ 4 @ 1 =  79.245 , Out:   0.000#


 Total SPIN, PARITY =     3.5 -,      1 chs,      0 cc.  Rmin & Coul turning =    0.1    3.0
   S-matrix    1 =   -0.21769  -0.16529 for L=    3, J=    3.5 channel on core I =   0.0 from L=    3,  Acc. loss =  0.0 D.
 Elastic phase shift   1 =  -71.396  37.159 deg. for the L =    3, J =    3.5 channel.
       3.5 -0.21768790 -0.16528779i: elastic S-matrix  @@      0.00  0   0 F  0
 Reaction Xsec     3.5-/ 3 @ 1 =  76.053 , Out:   0.000#


 Total SPIN, PARITY =     4.5 +,      1 chs,      0 cc.  Rmin & Coul turning =    0.2    3.8
   S-matrix    1 =   -0.05510   0.03201 for L=    4, J=    4.5 channel on core I =   0.0 from L=    4,  Acc. loss =  0.0 D.
 Elastic phase shift   1 =   74.922  78.871 deg. for the L =    4, J =    4.5 channel.
       4.5 -0.05510455  0.03201413i: elastic S-matrix  @@      0.00  0   0 F  0
 Reaction Xsec     4.5+/ 4 @ 1 = 102.324 , Out:   0.000#


 Total SPIN, PARITY =     4.5 -,      1 chs,      0 cc.  Rmin & Coul turning =    0.2    3.8
   S-matrix    1 =    0.51591   0.16969 for L=    5, J=    4.5 channel on core I =   0.0 from L=    5,  Acc. loss =  0.0 D.
 Elastic phase shift   1 =    9.103  17.488 deg. for the L =    5, J =    4.5 channel.
       4.5  0.51591479  0.16968509i: elastic S-matrix  @@      0.00  0   0 F  0
 Reaction Xsec     4.5-/ 5 @ 1 =  72.437 , Out:   0.000#


 Total SPIN, PARITY =     5.5 +,      1 chs,      0 cc.  Rmin & Coul turning =    0.2    4.6
   S-matrix    1 =    0.79942   0.11032 for L=    6, J=    5.5 channel on core I =   0.0 from L=    6,  Acc. loss =  0.0 D.
 Elastic phase shift   1 =    3.928   6.143 deg. for the L =    6, J =    5.5 channel.
       5.5  0.79942061  0.11031543i: elastic S-matrix  @@      0.00  0   0 F  0
 Reaction Xsec     5.5+/ 6 @ 1 =  42.998 , Out:   0.000#


 Total SPIN, PARITY =     5.5 -,      1 chs,      0 cc.  Rmin & Coul turning =    0.2    4.6
   S-matrix    1 =    0.39114   0.20842 for L=    5, J=    5.5 channel on core I =   0.0 from L=    5,  Acc. loss =  0.0 D.
 Elastic phase shift   1 =   14.025  23.311 deg. for the L =    5, J =    5.5 channel.
       5.5  0.39114419  0.20842148i: elastic S-matrix  @@      0.00  0   0 F  0
 Reaction Xsec     5.5-/ 5 @ 1 =  99.072 , Out:   0.000#


 Total SPIN, PARITY =     6.5 +,      1 chs,      0 cc.  Rmin & Coul turning =    0.3    5.4
   S-matrix    1 =    0.76867   0.15329 for L=    6, J=    6.5 channel on core I =   0.0 from L=    6,  Acc. loss =  0.0 D.
 Elastic phase shift   1 =    5.639   6.978 deg. for the L =    6, J =    6.5 channel.
       6.5  0.76867490  0.15328736i: elastic S-matrix  @@      0.00  0   0 F  0
 Reaction Xsec     6.5+/ 6 @ 1 =  55.470 , Out:   0.000#


 Total SPIN, PARITY =     6.5 -,      1 chs,      0 cc.  Rmin & Coul turning =    0.3    5.4
   S-matrix    1 =    0.92774   0.04999 for L=    7, J=    6.5 channel on core I =   0.0 from L=    7,  Acc. loss =  0.0 D.
 Elastic phase shift   1 =    1.542   2.107 deg. for the L =    7, J =    6.5 channel.
       6.5  0.92773997  0.04999276i: elastic S-matrix  @@      0.00  0   0 F  0
 Reaction Xsec     6.5-/ 7 @ 1 =  19.677 , Out:   0.000#


 Total SPIN, PARITY =     7.5 +,      1 chs,      0 cc.  Rmin & Coul turning =    0.3    6.2
   S-matrix    1 =    0.97496   0.01931 for L=    8, J=    7.5 channel on core I =   0.0 from L=    8,  Acc. loss =  0.0 D.
 Elastic phase shift   1 =    0.567   0.721 deg. for the L =    8, J =    7.5 channel.
       7.5  0.97496356  0.01931290i: elastic S-matrix  @@      0.00  0   0 F  0
 Reaction Xsec     7.5+/ 8 @ 1 =   8.067 , Out:   0.000#


 Total SPIN, PARITY =     7.5 -,      1 chs,      0 cc.  Rmin & Coul turning =    0.3    6.2
   S-matrix    1 =    0.92305   0.06669 for L=    7, J=    7.5 channel on core I =   0.0 from L=    7,  Acc. loss =  0.0 D.
 Elastic phase shift   1 =    2.066   2.219 deg. for the L =    7, J =    7.5 channel.
       7.5  0.92304685  0.06669282i: elastic S-matrix  @@      0.00  0   0 F  0
 Reaction Xsec     7.5-/ 7 @ 1 =  23.595 , Out:   0.000#


 Total SPIN, PARITY =     8.5 +,      1 chs,      0 cc.  Rmin & Coul turning =    0.4    7.0
   S-matrix    1 =    0.97434   0.02469 for L=    8, J=    8.5 channel on core I =   0.0 from L=    8,  Acc. loss =  0.0 D.
 Elastic phase shift   1 =    0.726   0.736 deg. for the L =    8, J =    8.5 channel.
       8.5  0.97433793  0.02469339i: elastic S-matrix  @@      0.00  0   0 F  0
 Reaction Xsec     8.5+/ 8 @ 1 =   9.257 , Out:   0.000#


 Total SPIN, PARITY =     8.5 -,      1 chs,      0 cc.  Rmin & Coul turning =    0.4    7.0
   S-matrix    1 =    0.99140   0.00699 for L=    9, J=    8.5 channel on core I =   0.0 from L=    9,  Acc. loss =  0.0 D.
 Elastic phase shift   1 =    0.202   0.247 deg. for the L =    9, J =    8.5 channel.
       8.5  0.99139926  0.00698928i: elastic S-matrix  @@      0.00  0   0 F  0
 Reaction Xsec     8.5-/ 9 @ 1 =   3.158 , Out:   0.000#


 Total SPIN, PARITY =     9.5 +,      1 chs,      0 cc.  Rmin & Coul turning =    0.4    7.8
   S-matrix    1 =    0.99705   0.00246 for L=   10, J=    9.5 channel on core I =   0.0 from L=   10,  Acc. loss =  0.0 D.
 Elastic phase shift   1 =    0.071   0.084 deg. for the L =   10, J =    9.5 channel.
       9.5  0.99705425  0.00245959i: elastic S-matrix  @@      0.00  0   0 F  0
 Reaction Xsec     9.5+/10 @ 1 =   1.208 , Out:   0.000#


 Total SPIN, PARITY =     9.5 -,      1 chs,      0 cc.  Rmin & Coul turning =    0.4    7.8
   S-matrix    1 =    0.99132   0.00867 for L=    9, J=    9.5 channel on core I =   0.0 from L=    9,  Acc. loss =  0.0 D.
 Elastic phase shift   1 =    0.251   0.249 deg. for the L =    9, J =    9.5 channel.
       9.5  0.99131852  0.00867035i: elastic S-matrix  @@      0.00  0   0 F  0
 Reaction Xsec     9.5-/ 9 @ 1 =   3.537 , Out:   0.000#


 Total SPIN, PARITY =    10.5 +,      1 chs,      0 cc.  Rmin & Coul turning =    0.5    8.7
   S-matrix    1 =    0.99704   0.00298 for L=   10, J=   10.5 channel on core I =   0.0 from L=   10,  Acc. loss =  0.0 D.
 Elastic phase shift   1 =    0.086   0.085 deg. for the L =   10, J =   10.5 channel.
      10.5  0.99704392  0.00298322i: elastic S-matrix  @@      0.00  0   0 F  0
 Reaction Xsec    10.5+/10 @ 1 =   1.332 , Out:   0.000#


 Total SPIN, PARITY =    10.5 -,      1 chs,      0 cc.  Rmin & Coul turning =    0.5    8.7
   S-matrix    1 =    0.99899   0.00085 for L=   11, J=   10.5 channel on core I =   0.0 from L=   11,  Acc. loss =  0.0 D.
 Elastic phase shift   1 =    0.024   0.029 deg. for the L =   11, J =   10.5 channel.
      10.5  0.99899357  0.00085410i: elastic S-matrix  @@      0.00  0   0 F  0
 Reaction Xsec    10.5-/11 @ 1 =   0.455 , Out:   0.000#


 Total SPIN, PARITY =    11.5 +,      1 chs,      0 cc.  Rmin & Coul turning =    0.5    9.5
   S-matrix    1 =    0.99966   0.00029 for L=   12, J=   11.5 channel on core I =   0.0 from L=   12,  Acc. loss =  0.0 D.
 Elastic phase shift   1 =    0.008   0.010 deg. for the L =   12, J =   11.5 channel.
      11.5  0.99965700  0.00029442i: elastic S-matrix  @@      0.00  0   0 F  0
 Reaction Xsec    11.5+/12 @ 1 =   0.169 , Out:   0.000#


 Total SPIN, PARITY =    11.5 -,      1 chs,      0 cc.  Rmin & Coul turning =    0.5    9.5
   S-matrix    1 =    0.99899   0.00102 for L=   11, J=   11.5 channel on core I =   0.0 from L=   11,  Acc. loss =  0.0 D.
 Elastic phase shift   1 =    0.029   0.029 deg. for the L =   11, J =   11.5 channel.
      11.5  0.99899225  0.00101711i: elastic S-matrix  @@      0.00  0   0 F  0
 Reaction Xsec    11.5-/11 @ 1 =   0.496 , Out:   0.000#


 Total SPIN, PARITY =    12.5 +,      1 chs,      0 cc.  Rmin & Coul turning =    0.6   10.3
   S-matrix    1 =    0.99966   0.00035 for L=   12, J=   12.5 channel on core I =   0.0 from L=   12,  Acc. loss =  0.0 D.
 Elastic phase shift   1 =    0.010   0.010 deg. for the L =   12, J =   12.5 channel.
      12.5  0.99965683  0.00034510i: elastic S-matrix  @@      0.00  0   0 F  0
 Reaction Xsec    12.5+/12 @ 1 =   0.183 , Out:   0.000#


 Total SPIN, PARITY =    12.5 -,      1 chs,      0 cc.  Rmin & Coul turning =    0.6   10.3
   S-matrix    1 =    0.99988   0.00010 for L=   13, J=   12.5 channel on core I =   0.0 from L=   13,  Acc. loss =  0.0 D.
 Elastic phase shift   1 =    0.003   0.003 deg. for the L =   13, J =   12.5 channel.
      12.5  0.99988338  0.00010100i: elastic S-matrix  @@      0.00  0   0 F  0
 Reaction Xsec    12.5-/13 @ 1 =   0.062 , Out:   0.000#


 Total SPIN, PARITY =    13.5 +,      1 chs,      0 cc.  Rmin & Coul turning =    0.6   11.1
   S-matrix    1 =    0.99996   0.00003 for L=   14, J=   13.5 channel on core I =   0.0 from L=   14,  Acc. loss =  0.0 D.
 Elastic phase shift   1 =    0.001   0.001 deg. for the L =   14, J =   13.5 channel.
      13.5  0.99996043  0.00003453i: elastic S-matrix  @@      0.00  0   0 F  0
 Reaction Xsec    13.5+/14 @ 1 =   0.023 , Out:   0.000#


 Total SPIN, PARITY =    13.5 -,      1 chs,      0 cc.  Rmin & Coul turning =    0.6   11.1
   S-matrix    1 =    0.99988   0.00012 for L=   13, J=   13.5 channel on core I =   0.0 from L=   13,  Acc. loss =  0.0 D.
 Elastic phase shift   1 =    0.003   0.003 deg. for the L =   13, J =   13.5 channel.
      13.5  0.99988336  0.00011673i: elastic S-matrix  @@      0.00  0   0 F  0
 Reaction Xsec    13.5-/13 @ 1 =   0.067 , Out:   0.000#


 Total SPIN, PARITY =    14.5 +,      1 chs,      0 cc.  Rmin & Coul turning =    0.7   11.9
   S-matrix    1 =    0.99996   0.00004 for L=   14, J=   14.5 channel on core I =   0.0 from L=   14,  Acc. loss =  0.0 D.
 Elastic phase shift   1 =    0.001   0.001 deg. for the L =   14, J =   14.5 channel.
      14.5  0.99996043  0.00003940i: elastic S-matrix  @@      0.00  0   0 F  0
 Reaction Xsec    14.5+/14 @ 1 =   0.024 , Out:   0.000#


 Total SPIN, PARITY =    14.5 -,      1 chs,      0 cc.  Rmin & Coul turning =    0.7   11.9
   S-matrix    1 =    0.99999   0.00001 for L=   15, J=   14.5 channel on core I =   0.0 from L=   15,  Acc. loss =  0.0 D.
 Elastic phase shift   1 =    0.000   0.000 deg. for the L =   15, J =   14.5 channel.
      14.5  0.99998660  0.00001177i: elastic S-matrix  @@      0.00  0   0 F  0
 Reaction Xsec    14.5-/15 @ 1 =   8.259/, Out:   0.000#


 Total SPIN, PARITY =    15.5 +,      1 chs,      0 cc.  Rmin & Coul turning =    0.7   12.7
   S-matrix    1 =    1.00000   0.00000 for L=   16, J=   15.5 channel on core I =   0.0 from L=   16,  Acc. loss =  0.0 D.
 Elastic phase shift   1 =    0.000   0.000 deg. for the L =   16, J =   15.5 channel.
      15.5  0.99999547  0.00000400i: elastic S-matrix  @@      0.00  0   0 F  0
 Reaction Xsec    15.5+/16 @ 1 =   2.978/, Out:   0.000#


 Total SPIN, PARITY =    15.5 -,      1 chs,      0 cc.  Rmin & Coul turning =    0.7   12.7
   S-matrix    1 =    0.99999   0.00001 for L=   15, J=   15.5 channel on core I =   0.0 from L=   15,  Acc. loss =  0.0 D.
 Elastic phase shift   1 =    0.000   0.000 deg. for the L =   15, J =   15.5 channel.
      15.5  0.99998660  0.00001327i: elastic S-matrix  @@      0.00  0   0 F  0
 Reaction Xsec    15.5-/15 @ 1 =   8.809/, Out:   0.000#


 Total SPIN, PARITY =    16.5 +,      1 chs,      0 cc.  Rmin & Coul turning =    0.8   13.5
   S-matrix    1 =    1.00000   0.00000 for L=   16, J=   16.5 channel on core I =   0.0 from L=   16,  Acc. loss =  0.0 D.
 Elastic phase shift   1 =    0.000   0.000 deg. for the L =   16, J =   16.5 channel.
      16.5  0.99999547  0.00000447i: elastic S-matrix  @@      0.00  0   0 F  0
 Reaction Xsec    16.5+/16 @ 1 =   3.164/, Out:   0.000#


 Total SPIN, PARITY =    16.5 -,      1 chs,      0 cc.  Rmin & Coul turning =    0.8   13.5
   S-matrix    1 =    1.00000   0.00000 for L=   17, J=   16.5 channel on core I =   0.0 from L=   17,  Acc. loss =  0.0 D.
 Elastic phase shift   1 =    0.000   0.000 deg. for the L =   17, J =   16.5 channel.
      16.5  0.99999847  0.00000136i: elastic S-matrix  @@      0.00  0   0 F  0
 Reaction Xsec    16.5-/17 @ 1 =   1.068/, Out:   0.000#


 Total SPIN, PARITY =    17.5 +,      1 chs,      0 cc.  Rmin & Coul turning =    0.8   14.3
   S-matrix    1 =    1.00000   0.00000 for L=   18, J=   17.5 channel on core I =   0.0 from L=   18,  Acc. loss =  0.0 D.
 Elastic phase shift   1 =    0.000   0.000 deg. for the L =   18, J =   17.5 channel.
      17.5  0.99999949  0.00000046i: elastic S-matrix  @@      0.00  0   0 F  0
 Reaction Xsec    17.5+/18 @ 1 =   0.381/, Out:   0.000#


 Total SPIN, PARITY =    17.5 -,      1 chs,      0 cc.  Rmin & Coul turning =    0.8   14.3
   S-matrix    1 =    1.00000   0.00000 for L=   17, J=   17.5 channel on core I =   0.0 from L=   17,  Acc. loss =  0.0 D.
 Elastic phase shift   1 =    0.000   0.000 deg. for the L =   17, J =   17.5 channel.
      17.5  0.99999847  0.00000150i: elastic S-matrix  @@      0.00  0   0 F  0
 Reaction Xsec    17.5-/17 @ 1 =   1.130/, Out:   0.000#


 Total SPIN, PARITY =    18.5 +,      1 chs,      0 cc.  Rmin & Coul turning =    0.8   15.1
   S-matrix    1 =    1.00000   0.00000 for L=   18, J=   18.5 channel on core I =   0.0 from L=   18,  Acc. loss =  0.0 D.
 Elastic phase shift   1 =    0.000   0.000 deg. for the L =   18, J =   18.5 channel.
      18.5  0.99999949  0.00000050i: elastic S-matrix  @@      0.00  0   0 F  0
 Reaction Xsec    18.5+/18 @ 1 =   0.402/, Out:   0.000#

 Finished all CC sets @    4.33699973E-03
0CUMULATIVE REACTION cross section                 =  830.01235  <L> =     4.15  <L**2> =     20.8
0CUMULATIVE outgoing cross sections in partition 1 :    0.00000
0Cumulative ABSORBTION by Imaginary Potentials     =  830.01235  <L> =     4.15  <L**2> =     20.8
   Fusion for specific p        M-states : 1220.430425 1220.430425
0CUMULATIVE OUTGOING cross section                 =    0.00000
 To convert to S-factors (MeV.mb = keV.b),  multiply by  1.2763E+02


 CROSS SECTIONS FOR OUTGOING p        & O20      in state #   1 with spins & parities 0.5  + &  0.0  +;  0

     3.00 deg.: X-S =   1.3189E+05 mb/sr,
+                                         /R =   8.2907E-01
     4.00 deg.: X-S =   3.8149E+04 mb/sr,
+                                         /R =   7.5762E-01
     5.00 deg.: X-S =   1.4775E+04 mb/sr,
+                                         /R =   7.1605E-01
     6.00 deg.: X-S =  7229.249006 mb/sr,
+                                         /R =   7.2608E-01
     7.00 deg.: X-S =  4345.854685 mb/sr,
+                                         /R =   8.0811E-01
     8.00 deg.: X-S =  3091.119606 mb/sr,
+                                         /R =   9.7982E-01
     9.00 deg.: X-S =  2473.680736 mb/sr,
+                                         /R =   1.2549E+00
    10.00 deg.: X-S =  2125.403381 mb/sr,
+                                         /R =   1.6418E+00
    11.00 deg.: X-S =  1896.651177 mb/sr,
+                                         /R =   2.1427E+00
    12.00 deg.: X-S =  1722.725545 mb/sr,
+                                         /R =   2.7533E+00
    13.00 deg.: X-S =  1574.636363 mb/sr,
+                                         /R =   3.4618E+00
    14.00 deg.: X-S =  1439.317592 mb/sr,
+                                         /R =   4.2504E+00
    15.00 deg.: X-S =  1311.107330 mb/sr,
+                                         /R =   5.0947E+00
    16.00 deg.: X-S =  1187.867363 mb/sr,
+                                         /R =   5.9660E+00
    17.00 deg.: X-S =  1069.133516 mb/sr,
+                                         /R =   6.8318E+00
    18.00 deg.: X-S =   955.201528 mb/sr,
+                                         /R =   7.6580E+00
    19.00 deg.: X-S =   846.663258 mb/sr,
+                                         /R =   8.4108E+00
    20.00 deg.: X-S =   744.168201 mb/sr,
+                                         /R =   9.0582E+00
    21.00 deg.: X-S =   648.301789 mb/sr,
+                                         /R =   9.5720E+00
    22.00 deg.: X-S =   559.526233 mb/sr,
+                                         /R =   9.9291E+00
    23.00 deg.: X-S =   478.155930 mb/sr,
+                                         /R =   1.0113E+01
    24.00 deg.: X-S =   404.352473 mb/sr,
+                                         /R =   1.0115E+01
    25.00 deg.: X-S =   338.131008 mb/sr,
+                                         /R =   9.9340E+00
    26.00 deg.: X-S =   279.373184 mb/sr,
+                                         /R =   9.5770E+00
    27.00 deg.: X-S =   227.843806 mb/sr,
+                                         /R =   9.0588E+00
    28.00 deg.: X-S =   183.209367 mb/sr,
+                                         /R =   8.4012E+00
    29.00 deg.: X-S =   145.057210 mb/sr,
+                                         /R =   7.6319E+00
    30.00 deg.: X-S =   112.914482 mb/sr,
+                                         /R =   6.7831E+00
    31.00 deg.: X-S =    86.266234 mb/sr,
+                                         /R =   5.8902E+00
    32.00 deg.: X-S =    64.572226 mb/sr,
+                                         /R =   4.9899E+00
    33.00 deg.: X-S =    47.282125 mb/sr,
+                                         /R =   4.1187E+00
    34.00 deg.: X-S =    33.848879 mb/sr,
+                                         /R =   3.3111E+00
    35.00 deg.: X-S =    23.740148 mb/sr,
+                                         /R =   2.5986E+00
    36.00 deg.: X-S =    16.447757 mb/sr,
+                                         /R =   2.0078E+00
    37.00 deg.: X-S =    11.495187 mb/sr,
+                                         /R =   1.5600E+00
    38.00 deg.: X-S =     8.443193 mb/sr,
+                                         /R =   1.2699E+00
    39.00 deg.: X-S =     6.893662 mb/sr,
+                                         /R =   1.1458E+00
    40.00 deg.: X-S =     6.491869 mb/sr,
+                                         /R =   1.1892E+00
    41.00 deg.: X-S =     6.927318 mb/sr,
+                                         /R =   1.3949E+00
    42.00 deg.: X-S =     7.933347 mb/sr,
+                                         /R =   1.7517E+00
    43.00 deg.: X-S =     9.285714 mb/sr,
+                                         /R =   2.2429E+00
    44.00 deg.: X-S =    10.800343 mb/sr,
+                                         /R =   2.8473E+00
    45.00 deg.: X-S =    12.330446 mb/sr,
+                                         /R =   3.5402E+00
    46.00 deg.: X-S =    13.763172 mb/sr,
+                                         /R =   4.2946E+00
    47.00 deg.: X-S =    15.015974 mb/sr,
+                                         /R =   5.0821E+00
    48.00 deg.: X-S =    16.032826 mb/sr,
+                                         /R =   5.8743E+00
    49.00 deg.: X-S =    16.780417 mb/sr,
+                                         /R =   6.6436E+00
    50.00 deg.: X-S =    17.244431 mb/sr,
+                                         /R =   7.3643E+00
    51.00 deg.: X-S =    17.426009 mb/sr,
+                                         /R =   8.0136E+00
    52.00 deg.: X-S =    17.338435 mb/sr,
+                                         /R =   8.5718E+00
    53.00 deg.: X-S =    17.004124 mb/sr,
+                                         /R =   9.0231E+00
    54.00 deg.: X-S =    16.451922 mb/sr,
+                                         /R =   9.3561E+00
    55.00 deg.: X-S =    15.714745 mb/sr,
+                                         /R =   9.5636E+00
    56.00 deg.: X-S =    14.827566 mb/sr,
+                                         /R =   9.6427E+00
    57.00 deg.: X-S =    13.825730 mb/sr,
+                                         /R =   9.5947E+00
    58.00 deg.: X-S =    12.743597 mb/sr,
+                                         /R =   9.4247E+00
    59.00 deg.: X-S =    11.613485 mb/sr,
+                                         /R =   9.1413E+00
    60.00 deg.: X-S =    10.464887 mb/sr,
+                                         /R =   8.7560E+00
    61.00 deg.: X-S =     9.323933 mb/sr,
+                                         /R =   8.2826E+00
    62.00 deg.: X-S =     8.213072 mb/sr,
+                                         /R =   7.7367E+00
    63.00 deg.: X-S =     7.150932 mb/sr,
+                                         /R =   7.1350E+00
    64.00 deg.: X-S =     6.152335 mb/sr,
+                                         /R =   6.4949E+00
    65.00 deg.: X-S =     5.228432 mb/sr,
+                                         /R =   5.8335E+00
    66.00 deg.: X-S =     4.386940 mb/sr,
+                                         /R =   5.1676E+00
    67.00 deg.: X-S =     3.632441 mb/sr,
+                                         /R =   4.5128E+00
    68.00 deg.: X-S =     2.966731 mb/sr,
+                                         /R =   3.8834E+00
    69.00 deg.: X-S =     2.389200 mb/sr,
+                                         /R =   3.2920E+00
    70.00 deg.: X-S =     1.897212 mb/sr,
+                                         /R =   2.7490E+00
    71.00 deg.: X-S =     1.486493 mb/sr,
+                                         /R =   2.2629E+00
    72.00 deg.: X-S =     1.151499 mb/sr,
+                                         /R =   1.8401E+00
    73.00 deg.: X-S =     0.885758 mb/sr,
+                                         /R =   1.4844E+00
    74.00 deg.: X-S =     0.682186 mb/sr,
+                                         /R =   1.1980E+00
    75.00 deg.: X-S =     0.533366 mb/sr,
+                                         /R =   9.8063E-01
    76.00 deg.: X-S =     0.431795 mb/sr,
+                                         /R =   8.3050E-01
    77.00 deg.: X-S =     0.370088 mb/sr,
+                                         /R =   7.4404E-01
    78.00 deg.: X-S =     0.341148 mb/sr,
+                                         /R =   7.1634E-01
    79.00 deg.: X-S =     0.338300 mb/sr,
+                                         /R =   7.4137E-01
    80.00 deg.: X-S =     0.355392 mb/sr,
+                                         /R =   8.1221E-01
    81.00 deg.: X-S =     0.386868 mb/sr,
+                                         /R =   9.2137E-01
    82.00 deg.: X-S =     0.427806 mb/sr,
+                                         /R =   1.0610E+00
    83.00 deg.: X-S =     0.473940 mb/sr,
+                                         /R =   1.2231E+00
    84.00 deg.: X-S =     0.521660 mb/sr,
+                                         /R =   1.4000E+00
    85.00 deg.: X-S =     0.567990 mb/sr,
+                                         /R =   1.5840E+00
    86.00 deg.: X-S =     0.610563 mb/sr,
+                                         /R =   1.7683E+00
    87.00 deg.: X-S =     0.647572 mb/sr,
+                                         /R =   1.9464E+00
    88.00 deg.: X-S =     0.677725 mb/sr,
+                                         /R =   2.1127E+00
    89.00 deg.: X-S =     0.700190 mb/sr,
+                                         /R =   2.2623E+00
    90.00 deg.: X-S =     0.714534 mb/sr,
+                                         /R =   2.3914E+00
    91.00 deg.: X-S =     0.720671 mb/sr,
+                                         /R =   2.4969E+00
    92.00 deg.: X-S =     0.718801 mb/sr,
+                                         /R =   2.5765E+00
    93.00 deg.: X-S =     0.709356 mb/sr,
+                                         /R =   2.6291E+00
    94.00 deg.: X-S =     0.692949 mb/sr,
+                                         /R =   2.6540E+00
    95.00 deg.: X-S =     0.670326 mb/sr,
+                                         /R =   2.6516E+00
    96.00 deg.: X-S =     0.642324 mb/sr,
+                                         /R =   2.6226E+00
    97.00 deg.: X-S =     0.609832 mb/sr,
+                                         /R =   2.5688E+00
    98.00 deg.: X-S =     0.573757 mb/sr,
+                                         /R =   2.4919E+00
    99.00 deg.: X-S =     0.534999 mb/sr,
+                                         /R =   2.3946E+00
   100.00 deg.: X-S =     0.494426 mb/sr,
+                                         /R =   2.2793E+00
   101.00 deg.: X-S =     0.452856 mb/sr,
+                                         /R =   2.1492E+00
   102.00 deg.: X-S =     0.411040 mb/sr,
+                                         /R =   2.0072E+00
   103.00 deg.: X-S =     0.369659 mb/sr,
+                                         /R =   1.8564E+00
   104.00 deg.: X-S =     0.329310 mb/sr,
+                                         /R =   1.6999E+00
   105.00 deg.: X-S =     0.290504 mb/sr,
+                                         /R =   1.5407E+00
   106.00 deg.: X-S =     0.253668 mb/sr,
+                                         /R =   1.3815E+00
   107.00 deg.: X-S =     0.219145 mb/sr,
+                                         /R =   1.2250E+00
   108.00 deg.: X-S =     0.187195 mb/sr,
+                                         /R =   1.0735E+00
   109.00 deg.: X-S =     0.158003 mb/sr,
+                                         /R =   9.2919E-01
   110.00 deg.: X-S =     0.131684 mb/sr,
+                                         /R =   7.9375E-01
   111.00 deg.: X-S =     0.108285 mb/sr,
+                                         /R =   6.6871E-01
   112.00 deg.: X-S =     0.087800 mb/sr,
+                                         /R =   5.5525E-01
   113.00 deg.: X-S =     0.070172 mb/sr,
+                                         /R =   4.5423E-01
   114.00 deg.: X-S =     0.055299 mb/sr,
+                                         /R =   3.6625E-01
   115.00 deg.: X-S =     0.043048 mb/sr,
+                                         /R =   2.9159E-01
   116.00 deg.: X-S =     0.033256 mb/sr,
+                                         /R =   2.3027E-01
   117.00 deg.: X-S =     0.025736 mb/sr,
+                                         /R =   1.8210E-01
   118.00 deg.: X-S =     0.020290 mb/sr,
+                                         /R =   1.4663E-01
   119.00 deg.: X-S =     0.016706 mb/sr,
+                                         /R =   1.2327E-01
   120.00 deg.: X-S =     0.014769 mb/sr,
+                                         /R =   1.1122E-01
   121.00 deg.: X-S =     0.014264 mb/sr,
+                                         /R =   1.0957E-01
   122.00 deg.: X-S =     0.014977 mb/sr,
+                                         /R =   1.1732E-01
   123.00 deg.: X-S =     0.016702 mb/sr,
+                                         /R =   1.3337E-01
   124.00 deg.: X-S =     0.019243 mb/sr,
+                                         /R =   1.5657E-01
   125.00 deg.: X-S =     0.022413 mb/sr,
+                                         /R =   1.8574E-01
   126.00 deg.: X-S =     0.026039 mb/sr,
+                                         /R =   2.1971E-01
   127.00 deg.: X-S =     0.029964 mb/sr,
+                                         /R =   2.5731E-01
   128.00 deg.: X-S =     0.034043 mb/sr,
+                                         /R =   2.9741E-01
   129.00 deg.: X-S =     0.038148 mb/sr,
+                                         /R =   3.3894E-01
   130.00 deg.: X-S =     0.042167 mb/sr,
+                                         /R =   3.8086E-01
   131.00 deg.: X-S =     0.046003 mb/sr,
+                                         /R =   4.2225E-01
   132.00 deg.: X-S =     0.049575 mb/sr,
+                                         /R =   4.6225E-01
   133.00 deg.: X-S =     0.052816 mb/sr,
+                                         /R =   5.0009E-01
   134.00 deg.: X-S =     0.055672 mb/sr,
+                                         /R =   5.3510E-01
   135.00 deg.: X-S =     0.058105 mb/sr,
+                                         /R =   5.6672E-01
   136.00 deg.: X-S =     0.060086 mb/sr,
+                                         /R =   5.9447E-01
   137.00 deg.: X-S =     0.061600 mb/sr,
+                                         /R =   6.1800E-01
   138.00 deg.: X-S =     0.062641 mb/sr,
+                                         /R =   6.3703E-01
   139.00 deg.: X-S =     0.063213 mb/sr,
+                                         /R =   6.5140E-01
   140.00 deg.: X-S =     0.063328 mb/sr,
+                                         /R =   6.6104E-01
   141.00 deg.: X-S =     0.063003 mb/sr,
+                                         /R =   6.6595E-01
   142.00 deg.: X-S =     0.062266 mb/sr,
+                                         /R =   6.6622E-01
   143.00 deg.: X-S =     0.061145 mb/sr,
+                                         /R =   6.6203E-01
   144.00 deg.: X-S =     0.059675 mb/sr,
+                                         /R =   6.5359E-01
   145.00 deg.: X-S =     0.057894 mb/sr,
+                                         /R =   6.4121E-01
   146.00 deg.: X-S =     0.055841 mb/sr,
+                                         /R =   6.2522E-01
   147.00 deg.: X-S =     0.053559 mb/sr,
+                                         /R =   6.0600E-01
   148.00 deg.: X-S =     0.051089 mb/sr,
+                                         /R =   5.8396E-01
   149.00 deg.: X-S =     0.048472 mb/sr,
+                                         /R =   5.5954E-01
   150.00 deg.: X-S =     0.045752 mb/sr,
+                                         /R =   5.3318E-01
   151.00 deg.: X-S =     0.042966 mb/sr,
+                                         /R =   5.0534E-01
   152.00 deg.: X-S =     0.040154 mb/sr,
+                                         /R =   4.7648E-01
   153.00 deg.: X-S =     0.037351 mb/sr,
+                                         /R =   4.4702E-01
   154.00 deg.: X-S =     0.034590 mb/sr,
+                                         /R =   4.1739E-01
   155.00 deg.: X-S =     0.031901 mb/sr,
+                                         /R =   3.8799E-01
   156.00 deg.: X-S =     0.029310 mb/sr,
+                                         /R =   3.5919E-01
   157.00 deg.: X-S =     0.026839 mb/sr,
+                                         /R =   3.3131E-01
   158.00 deg.: X-S =     0.024508 mb/sr,
+                                         /R =   3.0464E-01
   159.00 deg.: X-S =     0.022333 mb/sr,
+                                         /R =   2.7945E-01
   160.00 deg.: X-S =     0.020324 mb/sr,
+                                         /R =   2.5592E-01
   161.00 deg.: X-S =     0.018490 mb/sr,
+                                         /R =   2.3422E-01
   162.00 deg.: X-S =     0.016834 mb/sr,
+                                         /R =   2.1446E-01
   163.00 deg.: X-S =     0.015357 mb/sr,
+                                         /R =   1.9671E-01
   164.00 deg.: X-S =     0.014058 mb/sr,
+                                         /R =   1.8097E-01
   165.00 deg.: X-S =     0.012930 mb/sr,
+                                         /R =   1.6725E-01
   166.00 deg.: X-S =     0.011966 mb/sr,
+                                         /R =   1.5546E-01
   167.00 deg.: X-S =     0.011155 mb/sr,
+                                         /R =   1.4553E-01
   168.00 deg.: X-S =     0.010486 mb/sr,
+                                         /R =   1.3733E-01
   169.00 deg.: X-S =     0.009946 mb/sr,
+                                         /R =   1.3072E-01
   170.00 deg.: X-S =     0.009520 mb/sr,
+                                         /R =   1.2552E-01
   171.00 deg.: X-S =     0.009193 mb/sr,
+                                         /R =   1.2156E-01
   172.00 deg.: X-S =     0.008950 mb/sr,
+                                         /R =   1.1865E-01
   173.00 deg.: X-S =     0.008776 mb/sr,
+                                         /R =   1.1662E-01
   174.00 deg.: X-S =     0.008658 mb/sr,
+                                         /R =   1.1528E-01
   175.00 deg.: X-S =     0.008583 mb/sr,
+                                         /R =   1.1446E-01
   176.00 deg.: X-S =     0.008538 mb/sr,
+                                         /R =   1.1402E-01
   177.00 deg.: X-S =     0.008513 mb/sr,
+                                         /R =   1.1381E-01
   178.00 deg.: X-S =     0.008502 mb/sr,
+                                         /R =   1.1375E-01
   179.00 deg.: X-S =     0.008498 mb/sr,
+                                         /R =   1.1374E-01
   179.99 deg.: X-S =     0.008496 mb/sr,
+                                         /R =   1.1374E-01
                                           Integrated 2014.8186 mb, over [   3.000, 180.000] at    35.0000 MeV 
 Finished all xsecs @    5.27499989E-03

  The following files have been created:
   3:local copy of User input.            6:standard output.                   
   7:elastic  S-matrix elements.         13:total cross sections/state.        
  16:tables of cross sections.           38:cross sections for each J/pi.      
  39:cross sections for each Ecm.        40:all cross sectns. for each Elab.   
  45:scat phase shift as E functions.    56:Fusion for each Jtotal.            
 201:Separate cross sections.           

 PARAMETERS : MAXQRN   MFNL   MLOC  LMAX1 MCLIST
    ALLOWED :      1      1      4     70      6
    REQUIRED:      0      0      4     19      4


 ACCURACY ANALYSIS at    35.000 MeV :

  Elastic h*k = 0.037 so OK       compared with 0.200

   Real(S-el) > 0.01 first at J =       0.5
   Real(S-el) > 0.10 first at J =       0.5
   Real(S-el) > 0.50 first at J =       4.5
   Real(S-el) > 0.90 first at J =       6.5
   Real(S-el) > 0.99 first at J =       8.5
   R-turn =    15.13 fm    at J =      18.5

 Forward-angle excitation cut off below   1.289 deg by max JT =      18.5
                              and below   0.330 deg by max R.

