 FRESCO - FRES 3.4: Coupled Reaction Channels
 Assuming NAMELIST input.

 p+O20 with CH89;                                                                

   0.030  60.000   0.500   0.000   0.000   0.000   0.000   0.000   0.000   0.000

 Centre-of-mass Range is   2002 * 0.0300 fm., Maximum at  60.00 fm., Interpolating NL forms every  0.51 fm.
 Non - locality width is      4 * 0.0300 fm., Maximum of   0.09 fm., Centred at  0.00 fm.
 2-Nucleon Separation of      0 * 0.5100 fm., Maximum of   0.00 fm., Minimum at  0.00 fm.
 Maximum single particle bins of 59.6700 fm.
               M,Mint =         2001        1990


 Range of total J is     0.0 <= J <=    50.0 (at least     0.0) and Absorbtion =>     0.0010 mb.
 Dry Run = F, CC set limits =  0  0, Relativistic kinematics =  , Both/Far/Near Analyses =  1                     

 Cross Sections (and up to T0 for 0=projectile) for Theta from   3.0 to-180.0 in steps of  1.0 degrees, DGAM=0,  Coordinates = 0 (Mads)

 Lower Radial Cutoff = maximum of -1.60*L*h &       0.0 fm.,  Lower Cutoff for Couplings =   0.0  fm.


 Iterate Couplings between   0 and   0 times, to  0.000 % if sooner.                                          
  Block solved exactly =   0 chs., with Pade = 0 & Isocen =  =0, NOSOL = F, initwf =  0
  NL quadrature with   18 Gaussian points, Calculate multipoles up to    56 from   0
  M-transfers for lp+lt greater than or equal to  6, Angular Integration Cutoff below  2.7778 %


 Trace switches are :  CHANS =  1, LISTCC =  0, TRENEG =  0, CDETR =  0, SMATS =  2, XSTABL =  1, NLPL =  0

                       WAVES =  0, LAMPL =  0, VEFF =  0, KFUS =  0, WDISK =  0, BPM =  0, MELFIL =  0

                       CDCC =  0, NFUS =  0

 Using unit mass = 1.000000 amu and 1/fine-structure constant = 137.03599 ( 1.000000 * true ) with hc = 197.32705 MeV.fm,
  thus 2*amu/hbar^2 = 0.0478450 = 1/20.9008 and Coulomb constant = 0.1574855 so e^2 = 1.43997, and nuclear magneton= 0.1261183

 Now pre-scan input and save to file 3



 *********** PARTITION NUMBER  1 ******************************************************************************************

   PROJ=p          MASS=  1.0073 Z=   1.0,        # STATES=    1T, TARG=O20      MASS= 19.9997 Z=   8.0,     Q-VALUE =  -0.0000 MEV.

     1:  J= 0.5+ (B# 1), E=  0.0000, K= 0.5              Potl#  1       J= 0.0+ (B# 1), E=  0.0000, K= 0.0    


 ************************************************************************************************************************************

 The following POTENTIALS are defined :

  KP#       TYPE      IT    SHAPE      at     V1        r1        a1        V2        r2        a2        A-in     A-used


                                            A#1       A#2        r0c       ac                                                h @ 1
    1    0=Coulomb       0=CHARGE (WS)  1    20.000     0.000    1.2842    0.0000    0.0000    0.0000     0.000    20.000   0.03000

    1    1=Volume        0=Woods-Saxon  2   53.1768    1.1671    0.6900    4.6158    1.1753    0.6900     0.000    20.000

    1    2=Surface       0=Woods-Saxon  3    0.0000    0.0000    0.0000    9.7951    1.1753    0.6900     0.000    20.000

    1    3=Projtl S.O.   0=Woods-Saxon  4    5.9000    0.8979    0.6300    0.0000    0.0000    0.0000     0.000    20.000

 Incoming partition  1 in excitation state # 1,   Laboratory Energy given for partition  1 Nucleus 1 in Excitation pair 1

0Lab. ENERGY ranges :

   from    35.0000     to   0.00000     in     0 intervals
   from    0.00000     to   0.00000     in     0 intervals
   from    0.00000     to   0.00000     in     0 intervals

 Largest real,imaginary parts of any form factor at R=   59.52 are   2.42E-02  1.05E-31 MeV
 Finished all Couplings @    4.51999949E-04           4

 Symmetric Hamiltonian
1***********************************************************************************************************************************
************************************************************************************************************************************

        INCOMING p        ;    LABORATORY p        ENERGY =   35.000     MeV.

 ***********************************************************************************************************************************
 ***********************************************************************************************************************************

 Allocate arrays for            2  channels, of which            1  need wfs.

 ######################################################################################################################
 #                                                                                                                    #
 # Total SPIN and PARITY =     0.5 +,      1 channels,    0 in 1st block.  Rmin & Coul turning =    0.0    0.3 fm.  #
 #                                                                                                                    #
 ######################################################################################################################



    C Projectl Target   #   EX.   (L  Proj) J  + Targ = Jtotal     E-cm      Re K     Re Eta     RM*K            CH
    1 p        O20      #    1: I   0 0.5    0.5  0.0     0.5    33.32176   1.23648   0.21373   74.1887   0.33920  -0.36833 1 1 1   1
   S-matrix    1 =    0.27988  -0.13914 for L=    0, J=    0.5 channel on core I =   0.0 from L=    0,  Acc. loss =  0.0 D.
 Elastic phase shift   1 =  -13.217  33.316 deg. for the L =    0, J =    0.5 channel.
       0.5  0.27988219 -0.13913710i: elastic S-matrix  @@      0.00  0   0 F  0
 Reaction Xsec     0.5+/ 0 @ 1 =  18.541 , Out:   0.000#


 Total SPIN, PARITY =     0.5 -,      1 chs,      0 cc.  Rmin & Coul turning =    0.0    0.3
   S-matrix    1 =    0.08161  -0.28114 for L=    1, J=    0.5 channel on core I =   0.0 from L=    1,  Acc. loss =  0.0 D.
 Elastic phase shift   1 =  -36.906  35.192 deg. for the L =    1, J =    0.5 channel.
       0.5  0.08161482 -0.28113951i: elastic S-matrix  @@      0.00  0   0 F  0
 Reaction Xsec     0.5-/ 1 @ 1 =  18.787 , Out:   0.000#


 Total SPIN, PARITY =     1.5 +,      1 chs,      0 cc.  Rmin & Coul turning =    0.0    1.3
   S-matrix    1 =   -0.17077  -0.21327 for L=    2, J=    1.5 channel on core I =   0.0 from L=    2,  Acc. loss =  0.0 D.
 Elastic phase shift   1 =  -64.343  37.170 deg. for the L =    2, J =    1.5 channel.
       1.5 -0.17077207 -0.21327211i: elastic S-matrix  @@      0.00  0   0 F  0
 Reaction Xsec     1.5+/ 2 @ 1 =  38.029 , Out:   0.000#


 Total SPIN, PARITY =     1.5 -,      1 chs,      0 cc.  Rmin & Coul turning =    0.0    1.3
   S-matrix    1 =    0.21066  -0.22814 for L=    1, J=    1.5 channel on core I =   0.0 from L=    1,  Acc. loss =  0.0 D.
 Elastic phase shift   1 =  -23.641  33.504 deg. for the L =    1, J =    1.5 channel.
       1.5  0.21065616 -0.22814127i: elastic S-matrix  @@      0.00  0   0 F  0
 Reaction Xsec     1.5-/ 1 @ 1 =  37.134 , Out:   0.000#


 Total SPIN, PARITY =     2.5 +,      1 chs,      0 cc.  Rmin & Coul turning =    0.1    2.2
   S-matrix    1 =    0.04727  -0.26958 for L=    2, J=    2.5 channel on core I =   0.0 from L=    2,  Acc. loss =  0.0 D.
 Elastic phase shift   1 =  -40.028  37.121 deg. for the L =    2, J =    2.5 channel.
       2.5  0.04726502 -0.26957934i: elastic S-matrix  @@      0.00  0   0 F  0
 Reaction Xsec     2.5+/ 2 @ 1 =  57.027 , Out:   0.000#


 Total SPIN, PARITY =     2.5 -,      1 chs,      0 cc.  Rmin & Coul turning =    0.1    2.2
   S-matrix    1 =   -0.24586  -0.05543 for L=    3, J=    2.5 channel on core I =   0.0 from L=    3,  Acc. loss =  0.0 D.
 Elastic phase shift   1 =  -83.647  39.483 deg. for the L =    3, J =    2.5 channel.
       2.5 -0.24585618 -0.05542964i: elastic S-matrix  @@      0.00  0   0 F  0
 Reaction Xsec     2.5-/ 3 @ 1 =  57.729 , Out:   0.000#


 Total SPIN, PARITY =     3.5 +,      1 chs,      0 cc.  Rmin & Coul turning =    0.1    3.0
   S-matrix    1 =    0.00562   0.13492 for L=    4, J=    3.5 channel on core I =   0.0 from L=    4,  Acc. loss =  0.0 D.
 Elastic phase shift   1 =   43.808  57.358 deg. for the L =    4, J =    3.5 channel.
       3.5  0.00561920  0.13492323i: elastic S-matrix  @@      0.00  0   0 F  0
 Reaction Xsec     3.5+/ 4 @ 1 =  80.694 , Out:   0.000#


 Total SPIN, PARITY =     3.5 -,      1 chs,      0 cc.  Rmin & Coul turning =    0.1    3.0
   S-matrix    1 =   -0.12229  -0.28547 for L=    3, J=    3.5 channel on core I =   0.0 from L=    3,  Acc. loss =  0.0 D.
 Elastic phase shift   1 =  -56.595  33.500 deg. for the L =    3, J =    3.5 channel.
       3.5 -0.12229470 -0.28546540i: elastic S-matrix  @@      0.00  0   0 F  0
 Reaction Xsec     3.5-/ 3 @ 1 =  74.266 , Out:   0.000#


 Total SPIN, PARITY =     4.5 +,      1 chs,      0 cc.  Rmin & Coul turning =    0.2    3.8
   S-matrix    1 =   -0.11524  -0.07396 for L=    4, J=    4.5 channel on core I =   0.0 from L=    4,  Acc. loss =  0.0 D.
 Elastic phase shift   1 =  -73.654  56.961 deg. for the L =    4, J =    4.5 channel.
       4.5 -0.11523648 -0.07395866i: elastic S-matrix  @@      0.00  0   0 F  0
 Reaction Xsec     4.5+/ 4 @ 1 = 100.815 , Out:   0.000#


 Total SPIN, PARITY =     4.5 -,      1 chs,      0 cc.  Rmin & Coul turning =    0.2    3.8
   S-matrix    1 =    0.45398   0.22251 for L=    5, J=    4.5 channel on core I =   0.0 from L=    5,  Acc. loss =  0.0 D.
 Elastic phase shift   1 =   13.055  19.539 deg. for the L =    5, J =    4.5 channel.
       4.5  0.45398361  0.22250513i: elastic S-matrix  @@      0.00  0   0 F  0
 Reaction Xsec     4.5-/ 5 @ 1 =  76.480 , Out:   0.000#


 Total SPIN, PARITY =     5.5 +,      1 chs,      0 cc.  Rmin & Coul turning =    0.2    4.6
   S-matrix    1 =    0.78719   0.14656 for L=    6, J=    5.5 channel on core I =   0.0 from L=    6,  Acc. loss =  0.0 D.
 Elastic phase shift   1 =    5.273   6.367 deg. for the L =    6, J =    5.5 channel.
       5.5  0.78718605  0.14655893i: elastic S-matrix  @@      0.00  0   0 F  0
 Reaction Xsec     5.5+/ 6 @ 1 =  44.244 , Out:   0.000#


 Total SPIN, PARITY =     5.5 -,      1 chs,      0 cc.  Rmin & Coul turning =    0.2    4.6
   S-matrix    1 =    0.30093   0.23181 for L=    5, J=    5.5 channel on core I =   0.0 from L=    5,  Acc. loss =  0.0 D.
 Elastic phase shift   1 =   18.804  27.730 deg. for the L =    5, J =    5.5 channel.
       5.5  0.30092847  0.23181188i: elastic S-matrix  @@      0.00  0   0 F  0
 Reaction Xsec     5.5-/ 5 @ 1 = 105.500 , Out:   0.000#


 Total SPIN, PARITY =     6.5 +,      1 chs,      0 cc.  Rmin & Coul turning =    0.3    5.4
   S-matrix    1 =    0.74945   0.19142 for L=    6, J=    6.5 channel on core I =   0.0 from L=    6,  Acc. loss =  0.0 D.
 Elastic phase shift   1 =    7.164   7.357 deg. for the L =    6, J =    6.5 channel.
       6.5  0.74945025  0.19142050i: elastic S-matrix  @@      0.00  0   0 F  0
 Reaction Xsec     6.5+/ 6 @ 1 =  57.777 , Out:   0.000#


 Total SPIN, PARITY =     6.5 -,      1 chs,      0 cc.  Rmin & Coul turning =    0.3    5.4
   S-matrix    1 =    0.92716   0.06435 for L=    7, J=    6.5 channel on core I =   0.0 from L=    7,  Acc. loss =  0.0 D.
 Elastic phase shift   1 =    1.985   2.098 deg. for the L =    7, J =    6.5 channel.
       6.5  0.92715657  0.06435343i: elastic S-matrix  @@      0.00  0   0 F  0
 Reaction Xsec     6.5-/ 7 @ 1 =  19.596 , Out:   0.000#


 Total SPIN, PARITY =     7.5 +,      1 chs,      0 cc.  Rmin & Coul turning =    0.3    6.2
   S-matrix    1 =    0.97541   0.02432 for L=    8, J=    7.5 channel on core I =   0.0 from L=    8,  Acc. loss =  0.0 D.
 Elastic phase shift   1 =    0.714   0.704 deg. for the L =    8, J =    7.5 channel.
       7.5  0.97540555  0.02432177i: elastic S-matrix  @@      0.00  0   0 F  0
 Reaction Xsec     7.5+/ 8 @ 1 =   7.889 , Out:   0.000#


 Total SPIN, PARITY =     7.5 -,      1 chs,      0 cc.  Rmin & Coul turning =    0.3    6.2
   S-matrix    1 =    0.92187   0.08179 for L=    7, J=    7.5 channel on core I =   0.0 from L=    7,  Acc. loss =  0.0 D.
 Elastic phase shift   1 =    2.535   2.218 deg. for the L =    7, J =    7.5 channel.
       7.5  0.92186614  0.08178577i: elastic S-matrix  @@      0.00  0   0 F  0
 Reaction Xsec     7.5-/ 7 @ 1 =  23.585 , Out:   0.000#


 Total SPIN, PARITY =     8.5 +,      1 chs,      0 cc.  Rmin & Coul turning =    0.4    7.0
   S-matrix    1 =    0.97474   0.02981 for L=    8, J=    8.5 channel on core I =   0.0 from L=    8,  Acc. loss =  0.0 D.
 Elastic phase shift   1 =    0.876   0.720 deg. for the L =    8, J =    8.5 channel.
       8.5  0.97473942  0.02981263i: elastic S-matrix  @@      0.00  0   0 F  0
 Reaction Xsec     8.5+/ 8 @ 1 =   9.061 , Out:   0.000#


 Total SPIN, PARITY =     8.5 -,      1 chs,      0 cc.  Rmin & Coul turning =    0.4    7.0
   S-matrix    1 =    0.99164   0.00870 for L=    9, J=    8.5 channel on core I =   0.0 from L=    9,  Acc. loss =  0.0 D.
 Elastic phase shift   1 =    0.251   0.239 deg. for the L =    9, J =    8.5 channel.
       8.5  0.99164419  0.00870018i: elastic S-matrix  @@      0.00  0   0 F  0
 Reaction Xsec     8.5-/ 9 @ 1 =   3.064 , Out:   0.000#


 Total SPIN, PARITY =     9.5 +,      1 chs,      0 cc.  Rmin & Coul turning =    0.4    7.8
   S-matrix    1 =    0.99715   0.00304 for L=   10, J=    9.5 channel on core I =   0.0 from L=   10,  Acc. loss =  0.0 D.
 Elastic phase shift   1 =    0.087   0.082 deg. for the L =   10, J =    9.5 channel.
       9.5  0.99715099  0.00304296i: elastic S-matrix  @@      0.00  0   0 F  0
 Reaction Xsec     9.5+/10 @ 1 =   1.167 , Out:   0.000#


 Total SPIN, PARITY =     9.5 -,      1 chs,      0 cc.  Rmin & Coul turning =    0.4    7.8
   S-matrix    1 =    0.99156   0.01040 for L=    9, J=    9.5 channel on core I =   0.0 from L=    9,  Acc. loss =  0.0 D.
 Elastic phase shift   1 =    0.300   0.241 deg. for the L =    9, J =    9.5 channel.
       9.5  0.99156096  0.01039581i: elastic S-matrix  @@      0.00  0   0 F  0
 Reaction Xsec     9.5-/ 9 @ 1 =   3.431 , Out:   0.000#


 Total SPIN, PARITY =    10.5 +,      1 chs,      0 cc.  Rmin & Coul turning =    0.5    8.7
   S-matrix    1 =    0.99714   0.00357 for L=   10, J=   10.5 channel on core I =   0.0 from L=   10,  Acc. loss =  0.0 D.
 Elastic phase shift   1 =    0.103   0.082 deg. for the L =   10, J =   10.5 channel.
      10.5  0.99714054  0.00356845i: elastic S-matrix  @@      0.00  0   0 F  0
 Reaction Xsec    10.5+/10 @ 1 =   1.288 , Out:   0.000#


 Total SPIN, PARITY =    10.5 -,      1 chs,      0 cc.  Rmin & Coul turning =    0.5    8.7
   S-matrix    1 =    0.99903   0.00105 for L=   11, J=   10.5 channel on core I =   0.0 from L=   11,  Acc. loss =  0.0 D.
 Elastic phase shift   1 =    0.030   0.028 deg. for the L =   11, J =   10.5 channel.
      10.5  0.99902837  0.00105293i: elastic S-matrix  @@      0.00  0   0 F  0
 Reaction Xsec    10.5-/11 @ 1 =   0.439 , Out:   0.000#


 Total SPIN, PARITY =    11.5 +,      1 chs,      0 cc.  Rmin & Coul turning =    0.5    9.5
   S-matrix    1 =    0.99967   0.00036 for L=   12, J=   11.5 channel on core I =   0.0 from L=   12,  Acc. loss =  0.0 D.
 Elastic phase shift   1 =    0.010   0.009 deg. for the L =   12, J =   11.5 channel.
      11.5  0.99966909  0.00036210i: elastic S-matrix  @@      0.00  0   0 F  0
 Reaction Xsec    11.5+/12 @ 1 =   0.163 , Out:   0.000#


 Total SPIN, PARITY =    11.5 -,      1 chs,      0 cc.  Rmin & Coul turning =    0.5    9.5
   S-matrix    1 =    0.99903   0.00122 for L=   11, J=   11.5 channel on core I =   0.0 from L=   11,  Acc. loss =  0.0 D.
 Elastic phase shift   1 =    0.035   0.028 deg. for the L =   11, J =   11.5 channel.
      11.5  0.99902705  0.00121619i: elastic S-matrix  @@      0.00  0   0 F  0
 Reaction Xsec    11.5-/11 @ 1 =   0.479 , Out:   0.000#


 Total SPIN, PARITY =    12.5 +,      1 chs,      0 cc.  Rmin & Coul turning =    0.6   10.3
   S-matrix    1 =    0.99967   0.00041 for L=   12, J=   12.5 channel on core I =   0.0 from L=   12,  Acc. loss =  0.0 D.
 Elastic phase shift   1 =    0.012   0.009 deg. for the L =   12, J =   12.5 channel.
      12.5  0.99966893  0.00041281i: elastic S-matrix  @@      0.00  0   0 F  0
 Reaction Xsec    12.5+/12 @ 1 =   0.177 , Out:   0.000#


 Total SPIN, PARITY =    12.5 -,      1 chs,      0 cc.  Rmin & Coul turning =    0.6   10.3
   S-matrix    1 =    0.99989   0.00012 for L=   13, J=   12.5 channel on core I =   0.0 from L=   13,  Acc. loss =  0.0 D.
 Elastic phase shift   1 =    0.004   0.003 deg. for the L =   13, J =   12.5 channel.
      12.5  0.99988752  0.00012401i: elastic S-matrix  @@      0.00  0   0 F  0
 Reaction Xsec    12.5-/13 @ 1 =   0.060 , Out:   0.000#


 Total SPIN, PARITY =    13.5 +,      1 chs,      0 cc.  Rmin & Coul turning =    0.6   11.1
   S-matrix    1 =    0.99996   0.00004 for L=   14, J=   13.5 channel on core I =   0.0 from L=   14,  Acc. loss =  0.0 D.
 Elastic phase shift   1 =    0.001   0.001 deg. for the L =   14, J =   13.5 channel.
      13.5  0.99996184  0.00004233i: elastic S-matrix  @@      0.00  0   0 F  0
 Reaction Xsec    13.5+/14 @ 1 =   0.022 , Out:   0.000#


 Total SPIN, PARITY =    13.5 -,      1 chs,      0 cc.  Rmin & Coul turning =    0.6   11.1
   S-matrix    1 =    0.99989   0.00014 for L=   13, J=   13.5 channel on core I =   0.0 from L=   13,  Acc. loss =  0.0 D.
 Elastic phase shift   1 =    0.004   0.003 deg. for the L =   13, J =   13.5 channel.
      13.5  0.99988750  0.00013973i: elastic S-matrix  @@      0.00  0   0 F  0
 Reaction Xsec    13.5-/13 @ 1 =   0.065 , Out:   0.000#


 Total SPIN, PARITY =    14.5 +,      1 chs,      0 cc.  Rmin & Coul turning =    0.7   11.9
   S-matrix    1 =    0.99996   0.00005 for L=   14, J=   14.5 channel on core I =   0.0 from L=   14,  Acc. loss =  0.0 D.
 Elastic phase shift   1 =    0.001   0.001 deg. for the L =   14, J =   14.5 channel.
      14.5  0.99996184  0.00004720i: elastic S-matrix  @@      0.00  0   0 F  0
 Reaction Xsec    14.5+/14 @ 1 =   0.024 , Out:   0.000#


 Total SPIN, PARITY =    14.5 -,      1 chs,      0 cc.  Rmin & Coul turning =    0.7   11.9
   S-matrix    1 =    0.99999   0.00001 for L=   15, J=   14.5 channel on core I =   0.0 from L=   15,  Acc. loss =  0.0 D.
 Elastic phase shift   1 =    0.000   0.000 deg. for the L =   15, J =   14.5 channel.
      14.5  0.99998708  0.00001441i: elastic S-matrix  @@      0.00  0   0 F  0
 Reaction Xsec    14.5-/15 @ 1 =   7.964/, Out:   0.000#


 Total SPIN, PARITY =    15.5 +,      1 chs,      0 cc.  Rmin & Coul turning =    0.7   12.7
   S-matrix    1 =    1.00000   0.00000 for L=   16, J=   15.5 channel on core I =   0.0 from L=   16,  Acc. loss =  0.0 D.
 Elastic phase shift   1 =    0.000   0.000 deg. for the L =   16, J =   15.5 channel.
      15.5  0.99999563  0.00000490i: elastic S-matrix  @@      0.00  0   0 F  0
 Reaction Xsec    15.5+/16 @ 1 =   2.871/, Out:   0.000#


 Total SPIN, PARITY =    15.5 -,      1 chs,      0 cc.  Rmin & Coul turning =    0.7   12.7
   S-matrix    1 =    0.99999   0.00002 for L=   15, J=   15.5 channel on core I =   0.0 from L=   15,  Acc. loss =  0.0 D.
 Elastic phase shift   1 =    0.000   0.000 deg. for the L =   15, J =   15.5 channel.
      15.5  0.99998708  0.00001592i: elastic S-matrix  @@      0.00  0   0 F  0
 Reaction Xsec    15.5-/15 @ 1 =   8.495/, Out:   0.000#


 Total SPIN, PARITY =    16.5 +,      1 chs,      0 cc.  Rmin & Coul turning =    0.8   13.5
   S-matrix    1 =    1.00000   0.00001 for L=   16, J=   16.5 channel on core I =   0.0 from L=   16,  Acc. loss =  0.0 D.
 Elastic phase shift   1 =    0.000   0.000 deg. for the L =   16, J =   16.5 channel.
      16.5  0.99999563  0.00000536i: elastic S-matrix  @@      0.00  0   0 F  0
 Reaction Xsec    16.5+/16 @ 1 =   3.051/, Out:   0.000#


 Total SPIN, PARITY =    16.5 -,      1 chs,      0 cc.  Rmin & Coul turning =    0.8   13.5
   S-matrix    1 =    1.00000   0.00000 for L=   17, J=   16.5 channel on core I =   0.0 from L=   17,  Acc. loss =  0.0 D.
 Elastic phase shift   1 =    0.000   0.000 deg. for the L =   17, J =   16.5 channel.
      16.5  0.99999853  0.00000166i: elastic S-matrix  @@      0.00  0   0 F  0
 Reaction Xsec    16.5-/17 @ 1 =   1.030/, Out:   0.000#


 Total SPIN, PARITY =    17.5 +,      1 chs,      0 cc.  Rmin & Coul turning =    0.8   14.3
   S-matrix    1 =    1.00000   0.00000 for L=   18, J=   17.5 channel on core I =   0.0 from L=   18,  Acc. loss =  0.0 D.
 Elastic phase shift   1 =    0.000   0.000 deg. for the L =   18, J =   17.5 channel.
      17.5  0.99999950  0.00000056i: elastic S-matrix  @@      0.00  0   0 F  0
 Reaction Xsec    17.5+/18 @ 1 =   0.367/, Out:   0.000#


 Total SPIN, PARITY =    17.5 -,      1 chs,      0 cc.  Rmin & Coul turning =    0.8   14.3
   S-matrix    1 =    1.00000   0.00000 for L=   17, J=   17.5 channel on core I =   0.0 from L=   17,  Acc. loss =  0.0 D.
 Elastic phase shift   1 =    0.000   0.000 deg. for the L =   17, J =   17.5 channel.
      17.5  0.99999853  0.00000180i: elastic S-matrix  @@      0.00  0   0 F  0
 Reaction Xsec    17.5-/17 @ 1 =   1.090/, Out:   0.000#


 Total SPIN, PARITY =    18.5 +,      1 chs,      0 cc.  Rmin & Coul turning =    0.8   15.1
   S-matrix    1 =    1.00000   0.00000 for L=   18, J=   18.5 channel on core I =   0.0 from L=   18,  Acc. loss =  0.0 D.
 Elastic phase shift   1 =    0.000   0.000 deg. for the L =   18, J =   18.5 channel.
      18.5  0.99999950  0.00000061i: elastic S-matrix  @@      0.00  0   0 F  0
 Reaction Xsec    18.5+/18 @ 1 =   0.388/, Out:   0.000#

 Finished all CC sets @    4.40500025E-03
0CUMULATIVE REACTION cross section                 =  837.55938  <L> =     4.18  <L**2> =     21.0
0CUMULATIVE outgoing cross sections in partition 1 :    0.00000
0Cumulative ABSORBTION by Imaginary Potentials     =  837.55938  <L> =     4.18  <L**2> =     21.0
   Fusion for specific p        M-states : 1227.977453 1227.977453
0CUMULATIVE OUTGOING cross section                 =    0.00000
 To convert to S-factors (MeV.mb = keV.b),  multiply by  1.2763E+02


 CROSS SECTIONS FOR OUTGOING p        & O20      in state #   1 with spins & parities 0.5  + &  0.0  +;  0

     3.00 deg.: X-S =   1.3262E+05 mb/sr,
+                                         /R =   8.3366E-01
     4.00 deg.: X-S =   3.8667E+04 mb/sr,
+                                         /R =   7.6792E-01
     5.00 deg.: X-S =   1.5161E+04 mb/sr,
+                                         /R =   7.3475E-01
     6.00 deg.: X-S =  7527.116350 mb/sr,
+                                         /R =   7.5600E-01
     7.00 deg.: X-S =  4581.047618 mb/sr,
+                                         /R =   8.5184E-01
     8.00 deg.: X-S =  3279.123091 mb/sr,
+                                         /R =   1.0394E+00
     9.00 deg.: X-S =  2624.481890 mb/sr,
+                                         /R =   1.3314E+00
    10.00 deg.: X-S =  2245.802829 mb/sr,
+                                         /R =   1.7348E+00
    11.00 deg.: X-S =  1991.534569 mb/sr,
+                                         /R =   2.2499E+00
    12.00 deg.: X-S =  1795.795530 mb/sr,
+                                         /R =   2.8700E+00
    13.00 deg.: X-S =  1628.849164 mb/sr,
+                                         /R =   3.5810E+00
    14.00 deg.: X-S =  1477.149732 mb/sr,
+                                         /R =   4.3621E+00
    15.00 deg.: X-S =  1334.720455 mb/sr,
+                                         /R =   5.1865E+00
    16.00 deg.: X-S =  1199.209722 mb/sr,
+                                         /R =   6.0229E+00
    17.00 deg.: X-S =  1070.000964 mb/sr,
+                                         /R =   6.8373E+00
    18.00 deg.: X-S =   947.272224 mb/sr,
+                                         /R =   7.5945E+00
    19.00 deg.: X-S =   831.515170 mb/sr,
+                                         /R =   8.2604E+00
    20.00 deg.: X-S =   723.285510 mb/sr,
+                                         /R =   8.8041E+00
    21.00 deg.: X-S =   623.074378 mb/sr,
+                                         /R =   9.1995E+00
    22.00 deg.: X-S =   531.245234 mb/sr,
+                                         /R =   9.4272E+00
    23.00 deg.: X-S =   448.007418 mb/sr,
+                                         /R =   9.4754E+00
    24.00 deg.: X-S =   373.410842 mb/sr,
+                                         /R =   9.3410E+00
    25.00 deg.: X-S =   307.353088 mb/sr,
+                                         /R =   9.0298E+00
    26.00 deg.: X-S =   249.593827 mb/sr,
+                                         /R =   8.5561E+00
    27.00 deg.: X-S =   199.773402 mb/sr,
+                                         /R =   7.9427E+00
    28.00 deg.: X-S =   157.433527 mb/sr,
+                                         /R =   7.2192E+00
    29.00 deg.: X-S =   122.038704 mb/sr,
+                                         /R =   6.4208E+00
    30.00 deg.: X-S =    92.997342 mb/sr,
+                                         /R =   5.5866E+00
    31.00 deg.: X-S =    69.681877 mb/sr,
+                                         /R =   4.7578E+00
    32.00 deg.: X-S =    51.447335 mb/sr,
+                                         /R =   3.9756E+00
    33.00 deg.: X-S =    37.647996 mb/sr,
+                                         /R =   3.2795E+00
    34.00 deg.: X-S =    27.651889 mb/sr,
+                                         /R =   2.7049E+00
    35.00 deg.: X-S =    20.853015 mb/sr,
+                                         /R =   2.2826E+00
    36.00 deg.: X-S =    16.681233 mb/sr,
+                                         /R =   2.0363E+00
    37.00 deg.: X-S =    14.609867 mb/sr,
+                                         /R =   1.9826E+00
    38.00 deg.: X-S =    14.161130 mb/sr,
+                                         /R =   2.1299E+00
    39.00 deg.: X-S =    14.909531 mb/sr,
+                                         /R =   2.4782E+00
    40.00 deg.: X-S =    16.483444 mb/sr,
+                                         /R =   3.0196E+00
    41.00 deg.: X-S =    18.565084 mb/sr,
+                                         /R =   3.7384E+00
    42.00 deg.: X-S =    20.889107 mb/sr,
+                                         /R =   4.6124E+00
    43.00 deg.: X-S =    23.240088 mb/sr,
+                                         /R =   5.6135E+00
    44.00 deg.: X-S =    25.449118 mb/sr,
+                                         /R =   6.7091E+00
    45.00 deg.: X-S =    27.389738 mb/sr,
+                                         /R =   7.8639E+00
    46.00 deg.: X-S =    28.973442 mb/sr,
+                                         /R =   9.0407E+00
    47.00 deg.: X-S =    30.144929 mb/sr,
+                                         /R =   1.0202E+01
    48.00 deg.: X-S =    30.877273 mb/sr,
+                                         /R =   1.1313E+01
    49.00 deg.: X-S =    31.167170 mb/sr,
+                                         /R =   1.2339E+01
    50.00 deg.: X-S =    31.030370 mb/sr,
+                                         /R =   1.3252E+01
    51.00 deg.: X-S =    30.497398 mb/sr,
+                                         /R =   1.4025E+01
    52.00 deg.: X-S =    29.609620 mb/sr,
+                                         /R =   1.4638E+01
    53.00 deg.: X-S =    28.415729 mb/sr,
+                                         /R =   1.5079E+01
    54.00 deg.: X-S =    26.968658 mb/sr,
+                                         /R =   1.5337E+01
    55.00 deg.: X-S =    25.322938 mb/sr,
+                                         /R =   1.5411E+01
    56.00 deg.: X-S =    23.532506 mb/sr,
+                                         /R =   1.5304E+01
    57.00 deg.: X-S =    21.648937 mb/sr,
+                                         /R =   1.5024E+01
    58.00 deg.: X-S =    19.720079 mb/sr,
+                                         /R =   1.4584E+01
    59.00 deg.: X-S =    17.789061 mb/sr,
+                                         /R =   1.4002E+01
    60.00 deg.: X-S =    15.893635 mb/sr,
+                                         /R =   1.3298E+01
    61.00 deg.: X-S =    14.065804 mb/sr,
+                                         /R =   1.2495E+01
    62.00 deg.: X-S =    12.331708 mb/sr,
+                                         /R =   1.1616E+01
    63.00 deg.: X-S =    10.711712 mb/sr,
+                                         /R =   1.0688E+01
    64.00 deg.: X-S =     9.220668 mb/sr,
+                                         /R =   9.7340E+00
    65.00 deg.: X-S =     7.868303 mb/sr,
+                                         /R =   8.7789E+00
    66.00 deg.: X-S =     6.659697 mb/sr,
+                                         /R =   7.8448E+00
    67.00 deg.: X-S =     5.595835 mb/sr,
+                                         /R =   6.9521E+00
    68.00 deg.: X-S =     4.674179 mb/sr,
+                                         /R =   6.1185E+00
    69.00 deg.: X-S =     3.889265 mb/sr,
+                                         /R =   5.3589E+00
    70.00 deg.: X-S =     3.233284 mb/sr,
+                                         /R =   4.6849E+00
    71.00 deg.: X-S =     2.696633 mb/sr,
+                                         /R =   4.1052E+00
    72.00 deg.: X-S =     2.268441 mb/sr,
+                                         /R =   3.6249E+00
    73.00 deg.: X-S =     1.937037 mb/sr,
+                                         /R =   3.2462E+00
    74.00 deg.: X-S =     1.690371 mb/sr,
+                                         /R =   2.9684E+00
    75.00 deg.: X-S =     1.516380 mb/sr,
+                                         /R =   2.7880E+00
    76.00 deg.: X-S =     1.403292 mb/sr,
+                                         /R =   2.6990E+00
    77.00 deg.: X-S =     1.339875 mb/sr,
+                                         /R =   2.6937E+00
    78.00 deg.: X-S =     1.315638 mb/sr,
+                                         /R =   2.7626E+00
    79.00 deg.: X-S =     1.320973 mb/sr,
+                                         /R =   2.8949E+00
    80.00 deg.: X-S =     1.347253 mb/sr,
+                                         /R =   3.0790E+00
    81.00 deg.: X-S =     1.386892 mb/sr,
+                                         /R =   3.3030E+00
    82.00 deg.: X-S =     1.433364 mb/sr,
+                                         /R =   3.5548E+00
    83.00 deg.: X-S =     1.481194 mb/sr,
+                                         /R =   3.8226E+00
    84.00 deg.: X-S =     1.525923 mb/sr,
+                                         /R =   4.0951E+00
    85.00 deg.: X-S =     1.564052 mb/sr,
+                                         /R =   4.3619E+00
    86.00 deg.: X-S =     1.592969 mb/sr,
+                                         /R =   4.6135E+00
    87.00 deg.: X-S =     1.610869 mb/sr,
+                                         /R =   4.8417E+00
    88.00 deg.: X-S =     1.616661 mb/sr,
+                                         /R =   5.0396E+00
    89.00 deg.: X-S =     1.609877 mb/sr,
+                                         /R =   5.2015E+00
    90.00 deg.: X-S =     1.590577 mb/sr,
+                                         /R =   5.3234E+00
    91.00 deg.: X-S =     1.559257 mb/sr,
+                                         /R =   5.4023E+00
    92.00 deg.: X-S =     1.516763 mb/sr,
+                                         /R =   5.4368E+00
    93.00 deg.: X-S =     1.464202 mb/sr,
+                                         /R =   5.4268E+00
    94.00 deg.: X-S =     1.402876 mb/sr,
+                                         /R =   5.3731E+00
    95.00 deg.: X-S =     1.334206 mb/sr,
+                                         /R =   5.2776E+00
    96.00 deg.: X-S =     1.259676 mb/sr,
+                                         /R =   5.1433E+00
    97.00 deg.: X-S =     1.180781 mb/sr,
+                                         /R =   4.9738E+00
    98.00 deg.: X-S =     1.098982 mb/sr,
+                                         /R =   4.7731E+00
    99.00 deg.: X-S =     1.015673 mb/sr,
+                                         /R =   4.5460E+00
   100.00 deg.: X-S =     0.932151 mb/sr,
+                                         /R =   4.2973E+00
   101.00 deg.: X-S =     0.849598 mb/sr,
+                                         /R =   4.0321E+00
   102.00 deg.: X-S =     0.769063 mb/sr,
+                                         /R =   3.7555E+00
   103.00 deg.: X-S =     0.691455 mb/sr,
+                                         /R =   3.4724E+00
   104.00 deg.: X-S =     0.617538 mb/sr,
+                                         /R =   3.1877E+00
   105.00 deg.: X-S =     0.547934 mb/sr,
+                                         /R =   2.9059E+00
   106.00 deg.: X-S =     0.483123 mb/sr,
+                                         /R =   2.6311E+00
   107.00 deg.: X-S =     0.423454 mb/sr,
+                                         /R =   2.3671E+00
   108.00 deg.: X-S =     0.369148 mb/sr,
+                                         /R =   2.1170E+00
   109.00 deg.: X-S =     0.320316 mb/sr,
+                                         /R =   1.8837E+00
   110.00 deg.: X-S =     0.276963 mb/sr,
+                                         /R =   1.6694E+00
   111.00 deg.: X-S =     0.239005 mb/sr,
+                                         /R =   1.4760E+00
   112.00 deg.: X-S =     0.206281 mb/sr,
+                                         /R =   1.3045E+00
   113.00 deg.: X-S =     0.178564 mb/sr,
+                                         /R =   1.1559E+00
   114.00 deg.: X-S =     0.155573 mb/sr,
+                                         /R =   1.0304E+00
   115.00 deg.: X-S =     0.136987 mb/sr,
+                                         /R =   9.2787E-01
   116.00 deg.: X-S =     0.122450 mb/sr,
+                                         /R =   8.4788E-01
   117.00 deg.: X-S =     0.111589 mb/sr,
+                                         /R =   7.8955E-01
   118.00 deg.: X-S =     0.104015 mb/sr,
+                                         /R =   7.5171E-01
   119.00 deg.: X-S =     0.099336 mb/sr,
+                                         /R =   7.3296E-01
   120.00 deg.: X-S =     0.097160 mb/sr,
+                                         /R =   7.3164E-01
   121.00 deg.: X-S =     0.097103 mb/sr,
+                                         /R =   7.4596E-01
   122.00 deg.: X-S =     0.098797 mb/sr,
+                                         /R =   7.7395E-01
   123.00 deg.: X-S =     0.101888 mb/sr,
+                                         /R =   8.1360E-01
   124.00 deg.: X-S =     0.106043 mb/sr,
+                                         /R =   8.6280E-01
   125.00 deg.: X-S =     0.110951 mb/sr,
+                                         /R =   9.1947E-01
   126.00 deg.: X-S =     0.116326 mb/sr,
+                                         /R =   9.8151E-01
   127.00 deg.: X-S =     0.121911 mb/sr,
+                                         /R =   1.0469E+00
   128.00 deg.: X-S =     0.127471 mb/sr,
+                                         /R =   1.1136E+00
   129.00 deg.: X-S =     0.132802 mb/sr,
+                                         /R =   1.1799E+00
   130.00 deg.: X-S =     0.137726 mb/sr,
+                                         /R =   1.2440E+00
   131.00 deg.: X-S =     0.142093 mb/sr,
+                                         /R =   1.3042E+00
   132.00 deg.: X-S =     0.145777 mb/sr,
+                                         /R =   1.3593E+00
   133.00 deg.: X-S =     0.148680 mb/sr,
+                                         /R =   1.4078E+00
   134.00 deg.: X-S =     0.150729 mb/sr,
+                                         /R =   1.4487E+00
   135.00 deg.: X-S =     0.151873 mb/sr,
+                                         /R =   1.4813E+00
   136.00 deg.: X-S =     0.152085 mb/sr,
+                                         /R =   1.5047E+00
   137.00 deg.: X-S =     0.151358 mb/sr,
+                                         /R =   1.5185E+00
   138.00 deg.: X-S =     0.149705 mb/sr,
+                                         /R =   1.5224E+00
   139.00 deg.: X-S =     0.147158 mb/sr,
+                                         /R =   1.5164E+00
   140.00 deg.: X-S =     0.143763 mb/sr,
+                                         /R =   1.5007E+00
   141.00 deg.: X-S =     0.139584 mb/sr,
+                                         /R =   1.4754E+00
   142.00 deg.: X-S =     0.134694 mb/sr,
+                                         /R =   1.4412E+00
   143.00 deg.: X-S =     0.129182 mb/sr,
+                                         /R =   1.3987E+00
   144.00 deg.: X-S =     0.123141 mb/sr,
+                                         /R =   1.3487E+00
   145.00 deg.: X-S =     0.116676 mb/sr,
+                                         /R =   1.2923E+00
   146.00 deg.: X-S =     0.109894 mb/sr,
+                                         /R =   1.2304E+00
   147.00 deg.: X-S =     0.102906 mb/sr,
+                                         /R =   1.1643E+00
   148.00 deg.: X-S =     0.095825 mb/sr,
+                                         /R =   1.0953E+00
   149.00 deg.: X-S =     0.088764 mb/sr,
+                                         /R =   1.0246E+00
   150.00 deg.: X-S =     0.081831 mb/sr,
+                                         /R =   9.5364E-01
   151.00 deg.: X-S =     0.075131 mb/sr,
+                                         /R =   8.8364E-01
   152.00 deg.: X-S =     0.068763 mb/sr,
+                                         /R =   8.1594E-01
   153.00 deg.: X-S =     0.062816 mb/sr,
+                                         /R =   7.5178E-01
   154.00 deg.: X-S =     0.057373 mb/sr,
+                                         /R =   6.9230E-01
   155.00 deg.: X-S =     0.052502 mb/sr,
+                                         /R =   6.3855E-01
   156.00 deg.: X-S =     0.048262 mb/sr,
+                                         /R =   5.9145E-01
   157.00 deg.: X-S =     0.044699 mb/sr,
+                                         /R =   5.5177E-01
   158.00 deg.: X-S =     0.041843 mb/sr,
+                                         /R =   5.2012E-01
   159.00 deg.: X-S =     0.039713 mb/sr,
+                                         /R =   4.9692E-01
   160.00 deg.: X-S =     0.038311 mb/sr,
+                                         /R =   4.8241E-01
   161.00 deg.: X-S =     0.037627 mb/sr,
+                                         /R =   4.7665E-01
   162.00 deg.: X-S =     0.037636 mb/sr,
+                                         /R =   4.7948E-01
   163.00 deg.: X-S =     0.038300 mb/sr,
+                                         /R =   4.9058E-01
   164.00 deg.: X-S =     0.039570 mb/sr,
+                                         /R =   5.0942E-01
   165.00 deg.: X-S =     0.041384 mb/sr,
+                                         /R =   5.3531E-01
   166.00 deg.: X-S =     0.043672 mb/sr,
+                                         /R =   5.6741E-01
   167.00 deg.: X-S =     0.046353 mb/sr,
+                                         /R =   6.0474E-01
   168.00 deg.: X-S =     0.049344 mb/sr,
+                                         /R =   6.4622E-01
   169.00 deg.: X-S =     0.052552 mb/sr,
+                                         /R =   6.9066E-01
   170.00 deg.: X-S =     0.055886 mb/sr,
+                                         /R =   7.3684E-01
   171.00 deg.: X-S =     0.059251 mb/sr,
+                                         /R =   7.8348E-01
   172.00 deg.: X-S =     0.062556 mb/sr,
+                                         /R =   8.2933E-01
   173.00 deg.: X-S =     0.065712 mb/sr,
+                                         /R =   8.7316E-01
   174.00 deg.: X-S =     0.068635 mb/sr,
+                                         /R =   9.1381E-01
   175.00 deg.: X-S =     0.071248 mb/sr,
+                                         /R =   9.5019E-01
   176.00 deg.: X-S =     0.073484 mb/sr,
+                                         /R =   9.8136E-01
   177.00 deg.: X-S =     0.075285 mb/sr,
+                                         /R =   1.0065E+00
   178.00 deg.: X-S =     0.076606 mb/sr,
+                                         /R =   1.0249E+00
   179.00 deg.: X-S =     0.077412 mb/sr,
+                                         /R =   1.0362E+00
   179.99 deg.: X-S =     0.077683 mb/sr,
+                                         /R =   1.0400E+00
                                           Integrated 2058.1016 mb, over [   3.000, 180.000] at    35.0000 MeV 
 Finished all xsecs @    5.38699981E-03

  The following files have been created:
   3:local copy of User input.            6:standard output.                   
   7:elastic  S-matrix elements.         13:total cross sections/state.        
  16:tables of cross sections.           38:cross sections for each J/pi.      
  39:cross sections for each Ecm.        40:all cross sectns. for each Elab.   
  45:scat phase shift as E functions.    56:Fusion for each Jtotal.            
 201:Separate cross sections.           

 PARAMETERS : MAXQRN   MFNL   MLOC  LMAX1 MCLIST
    ALLOWED :      1      1      4     70      6
    REQUIRED:      0      0      4     19      4


 ACCURACY ANALYSIS at    35.000 MeV :

  Elastic h*k = 0.037 so OK       compared with 0.200

   Real(S-el) > 0.01 first at J =       0.5
   Real(S-el) > 0.10 first at J =       0.5
   Real(S-el) > 0.50 first at J =       5.5
   Real(S-el) > 0.90 first at J =       6.5
   Real(S-el) > 0.99 first at J =       8.5
   R-turn =    15.13 fm    at J =      18.5

 Forward-angle excitation cut off below   1.289 deg by max JT =      18.5
                              and below   0.330 deg by max R.

