 FRESCO - FRES 3.4: Coupled Reaction Channels
 Assuming NAMELIST input.

 p+O20 3- E. Khan reanalysis;                                                    

   0.030  60.000   0.500   0.000   0.000   0.000   0.000   0.000   0.000   0.000

 Centre-of-mass Range is   2002 * 0.0300 fm., Maximum at  60.00 fm., Interpolating NL forms every  0.51 fm.
 Non - locality width is      4 * 0.0300 fm., Maximum of   0.09 fm., Centred at  0.00 fm.
 2-Nucleon Separation of      0 * 0.5100 fm., Maximum of   0.00 fm., Minimum at  0.00 fm.
 Maximum single particle bins of 59.6700 fm.
               M,Mint =         2001        1990


 Range of total J is     0.0 <= J <=    50.0 (at least     0.0) and Absorbtion =>    -1.0000 mb.
 Dry Run = F, CC set limits =  0  0, Relativistic kinematics =  , Both/Far/Near Analyses =  1                     

 Cross Sections (and up to T0 for 0=projectile) for Theta from   3.0 to-180.0 in steps of  1.0 degrees, DGAM=0,  Coordinates = 0 (Mads)

 Lower Radial Cutoff = maximum of -1.60*L*h &       0.0 fm.,  Lower Cutoff for Couplings =   0.0  fm.


 Iterate Couplings between   0 and   1 times, to  0.000 % if sooner.                                          
  Block solved exactly =   2 chs., with Pade = 0 & Isocen =  =0, NOSOL = F, initwf =  0
  NL quadrature with   18 Gaussian points, Calculate multipoles up to    56 from   0
  M-transfers for lp+lt greater than or equal to  6, Angular Integration Cutoff below  2.7778 %


 Trace switches are :  CHANS =  1, LISTCC =  0, TRENEG =  0, CDETR =  0, SMATS =  2, XSTABL =  1, NLPL =  0

                       WAVES =  0, LAMPL =  0, VEFF =  0, KFUS =  0, WDISK =  0, BPM =  0, MELFIL =  0

                       CDCC =  0, NFUS =  0

 Using unit mass = 1.000000 amu and 1/fine-structure constant = 137.03599 ( 1.000000 * true ) with hc = 197.32705 MeV.fm,
  thus 2*amu/hbar^2 = 0.0478450 = 1/20.9008 and Coulomb constant = 0.1574855 so e^2 = 1.43997, and nuclear magneton= 0.1261183

 Now pre-scan input and save to file 3



 *********** PARTITION NUMBER  1 ******************************************************************************************

   PROJ=p          MASS=  1.0073 Z=   1.0,        # STATES=    2T, TARG=O20      MASS= 19.9997 Z=   8.0,     Q-VALUE =  -0.0000 MEV.

     1:  J= 0.5+ (B# 1), E=  0.0000, K= 0.5              Potl#  1       J= 0.0+ (B# 1), E=  0.0000, K= 0.0    

     2:  J= 0.5+ (B# 1), E=  0.0000, K= 0.5              Potl#  1       J= 3.0- (B#-1), E=  5.6100, K= 0.0    
                                  (Just State  1)


 ************************************************************************************************************************************

 The following POTENTIALS are defined :

  KP#       TYPE      IT    SHAPE      at     V1        r1        a1        V2        r2        a2        A-in     A-used


                                            A#1       A#2        r0c       ac                                                h @ 1
    1    0=Coulomb       0=CHARGE (WS)  1    20.000     0.000    1.2000    0.0000    0.0000    0.0000     0.000    20.000   0.03000

                                           Mn(E1)    Mn(E2)    Mn(E3)  .....
    1   11=Target defm  10=derivatives  2    0.0000    0.0000   40.0000    0.0000    0.0000    0.0000     0.000     3.257= RADIUS

              At    2 is k =  3 (Potl. beta = 0.60602)
                                     Beta of targ. = 0.60602 (using radius of 3.257 fm.).

    1    1=Volume        0=Woods-Saxon  3   46.1325    1.1700    0.7500    0.0000    0.0000    0.0000     0.000    20.000

                                            Def1      Def2      Def3   .....
    1   11=Target defm  10=derivatives  4    0.0000    0.0000    2.5407    0.0000    0.0000    0.0000     0.000     3.176= RADIUS

              At    4 is k =  3 (Potl. beta = 0.80000)
                                     Beta of targ. = 0.80000 (using radius of 3.176 fm.).

    1    1=Volume        0=Woods-Saxon  5    0.0000    0.0000    0.0000    6.8194    1.3200    0.6500     0.000    20.000

                                            Def1      Def2      Def3   .....
    1   11=Target defm  10=derivatives  6    0.0000    0.0000    2.8664    0.0000    0.0000    0.0000     0.000     3.583= RADIUS

              At    6 is k =  3 (Potl. beta = 0.80000)
                                     Beta of targ. = 0.80000 (using radius of 3.583 fm.).

    1    2=Surface       0=Woods-Saxon  7    0.0000    0.0000    0.0000    3.3825    1.3200    0.6500     0.000    20.000

                                            Def1      Def2      Def3   .....
    1   11=Target defm  10=derivatives  8    0.0000    0.0000    2.8664    0.0000    0.0000    0.0000     0.000     3.583= RADIUS

              At    8 is k =  3 (Potl. beta = 0.80000)
                                     Beta of targ. = 0.80000 (using radius of 3.583 fm.).

    1    3=Projtl S.O.   0=Woods-Saxon  9    3.1000    1.0100    0.7500    0.0000    0.0000    0.0000     0.000    20.000

 Incoming partition  1 in excitation state # 1,   Laboratory Energy given for partition  1 Nucleus 1 in Excitation pair 1

0Lab. ENERGY ranges :

   from    43.2700     to   0.00000     in     0 intervals
   from    0.00000     to   0.00000     in     0 intervals
   from    0.00000     to   0.00000     in     0 intervals

 Largest real,imaginary parts of any form factor at R=   59.52 are   2.42E-02  3.62E-32 MeV
 Finished all Couplings @    6.10999996E-04           9

 Symmetric Hamiltonian
1***********************************************************************************************************************************
************************************************************************************************************************************

        INCOMING p        ;    LABORATORY p        ENERGY =   43.270     MeV.

 ***********************************************************************************************************************************
 ***********************************************************************************************************************************

 Allocate arrays for            3  channels, of which            3  need wfs.

 ######################################################################################################################
 #                                                                                                                    #
 # Total SPIN and PARITY =     0.5 +,      3 channels,    3 in 1st block.  Rmin & Coul turning =    0.0    0.3 fm.  #
 #                                                                                                                    #
 ######################################################################################################################



    C Projectl Target   #   EX.   (L  Proj) J  + Targ = Jtotal     E-cm      Re K     Re Eta     RM*K            CH
    1 p        O20      #    1: I   0 0.5    0.5  0.0     0.5    41.19522   1.37482   0.19223   82.4893   0.13909   0.48087 1 1 1   1
    2 p        O20      #    2:     3 0.5    2.5  3.0     0.5    35.58522   1.27778   0.20682   76.6671  -0.42267  -0.26886 1 1 1   2
    3 p        O20      #    2:     3 0.5    3.5  3.0     0.5    35.58522   1.27778   0.20682   76.6671  -0.42267  -0.26886 1 1 1   2
   S-matrix    1 =    0.15642  -0.33411 for L=    0, J=    0.5 channel on core I =   0.0 from L=    0,  Acc. loss =  0.1 D.
 Elastic phase shift   1 =  -32.456  28.568 deg. for the L =    0, J =    0.5 channel.
       0.5  0.15641846 -0.33411056i: elastic S-matrix  @@      0.00  0   0 F  0
 Reaction Xsec     0.5+/ 0 @ 1 =  14.359 , Out:   0.000#   0.338   14.021f


 Total SPIN, PARITY =     0.5 -,      3 chs,      3 cc.  Rmin & Coul turning =    0.0    0.3
   S-matrix    1 =   -0.08404  -0.32851 for L=    1, J=    0.5 channel on core I =   0.0 from L=    1,  Acc. loss =  0.4 D.
 Elastic phase shift   1 =  -52.175  30.982 deg. for the L =    1, J =    0.5 channel.
       0.5 -0.08403773 -0.32851221i: elastic S-matrix  @@      0.00  0   0 F  0
 Reaction Xsec     0.5-/ 1 @ 1 =  14.710 , Out:   0.000#   0.675   14.035f

 Allocate arrays for            5  channels, of which            5  need wfs.

 Total SPIN, PARITY =     1.5 +,      5 chs,      5 cc.  Rmin & Coul turning =    0.0    1.2
   S-matrix    1 =   -0.32522  -0.14733 for L=    2, J=    1.5 channel on core I =   0.0 from L=    2,  Acc. loss =  0.0 D.
 Elastic phase shift   1 =  -77.815  29.505 deg. for the L =    2, J =    1.5 channel.
       1.5 -0.32522230 -0.14732878i: elastic S-matrix  @@      0.00  0   0 F  0
 Reaction Xsec     1.5+/ 2 @ 1 =  29.004 , Out:   0.000#   1.661   27.344f


 Total SPIN, PARITY =     1.5 -,      5 chs,      5 cc.  Rmin & Coul turning =    0.0    1.2
   S-matrix    1 =   -0.02775  -0.34073 for L=    1, J=    1.5 channel on core I =   0.0 from L=    1,  Acc. loss =  0.3 D.
 Elastic phase shift   1 =  -47.328  30.749 deg. for the L =    1, J =    1.5 channel.
       1.5 -0.02774969 -0.34073132i: elastic S-matrix  @@      0.00  0   0 F  0
 Reaction Xsec     1.5-/ 1 @ 1 =  29.357 , Out:   0.000#   1.330   28.027f

 Allocate arrays for            7  channels, of which            7  need wfs.

 Total SPIN, PARITY =     2.5 +,      7 chs,      7 cc.  Rmin & Coul turning =    0.1    1.9
   S-matrix    1 =   -0.24822  -0.24484 for L=    2, J=    2.5 channel on core I =   0.0 from L=    2,  Acc. loss =  0.0 D.
 Elastic phase shift   1 =  -67.696  30.185 deg. for the L =    2, J =    2.5 channel.
       2.5 -0.24822213 -0.24484215i: elastic S-matrix  @@      0.00  0   0 F  0
 Reaction Xsec     2.5+/ 2 @ 1 =  43.802 , Out:   0.000#   2.959   40.843f


 Total SPIN, PARITY =     2.5 -,      7 chs,      7 cc.  Rmin & Coul turning =    0.1    1.9
   S-matrix    1 =   -0.36348   0.05840 for L=    3, J=    2.5 channel on core I =   0.0 from L=    3,  Acc. loss =  0.5 D.
 Elastic phase shift   1 =   85.436  28.628 deg. for the L =    3, J =    2.5 channel.
       2.5 -0.36347691  0.05840445i: elastic S-matrix  @@      0.00  0   0 F  0
 Reaction Xsec     2.5-/ 3 @ 1 =  43.105 , Out:   0.000#   2.191   40.914f

 Allocate arrays for            8  channels, of which            8  need wfs.

 Total SPIN, PARITY =     3.5 +,      8 chs,      8 cc.  Rmin & Coul turning =    0.1    2.7
   S-matrix    1 =   -0.08864   0.23323 for L=    4, J=    3.5 channel on core I =   0.0 from L=    4,  Acc. loss =  0.1 D.
 Elastic phase shift   1 =   55.405  39.771 deg. for the L =    4, J =    3.5 channel.
       3.5 -0.08864185  0.23323211i: elastic S-matrix  @@      0.00  0   0 F  0
 Reaction Xsec     3.5+/ 4 @ 1 =  62.345 , Out:   0.000#   5.429   56.916f


 Total SPIN, PARITY =     3.5 -,      8 chs,      8 cc.  Rmin & Coul turning =    0.1    2.7
   S-matrix    1 =   -0.36509  -0.12077 for L=    3, J=    3.5 channel on core I =   0.0 from L=    3,  Acc. loss =  0.5 D.
 Elastic phase shift   1 =  -80.848  27.378 deg. for the L =    3, J =    3.5 channel.
       3.5 -0.36509365 -0.12076890i: elastic S-matrix  @@      0.00  0   0 F  0
 Reaction Xsec     3.5-/ 3 @ 1 =  56.652 , Out:   0.000#   3.300   53.352f


 Total SPIN, PARITY =     4.5 +,      8 chs,      8 cc.  Rmin & Coul turning =    0.2    3.4
   S-matrix    1 =   -0.24350   0.10371 for L=    4, J=    4.5 channel on core I =   0.0 from L=    4,  Acc. loss =  0.0 D.
 Elastic phase shift   1 =   78.465  38.081 deg. for the L =    4, J =    4.5 channel.
       4.5 -0.24349950  0.10370792i: elastic S-matrix  @@      0.00  0   0 F  0
 Reaction Xsec     4.5+/ 4 @ 1 =  77.284 , Out:   0.000#   6.070   71.214f


 Total SPIN, PARITY =     4.5 -,      8 chs,      8 cc.  Rmin & Coul turning =    0.2    3.4
   S-matrix    1 =    0.33967   0.30029 for L=    5, J=    4.5 channel on core I =   0.0 from L=    5,  Acc. loss =  0.1 D.
 Elastic phase shift   1 =   20.740  22.661 deg. for the L =    5, J =    4.5 channel.
       4.5  0.33966550  0.30029435i: elastic S-matrix  @@      0.00  0   0 F  0
 Reaction Xsec     4.5-/ 5 @ 1 =  66.023 , Out:   0.000#   8.061   57.962f


 Total SPIN, PARITY =     5.5 +,      8 chs,      8 cc.  Rmin & Coul turning =    0.2    4.1
   S-matrix    1 =    0.69817   0.23837 for L=    6, J=    5.5 channel on core I =   0.0 from L=    6,  Acc. loss =  0.0 D.
 Elastic phase shift   1 =    9.425   8.714 deg. for the L =    6, J =    5.5 channel.
       5.5  0.69817230  0.23836815i: elastic S-matrix  @@      0.00  0   0 F  0
 Reaction Xsec     5.5+/ 6 @ 1 =  45.449 , Out:   0.000#   4.803   40.646f


 Total SPIN, PARITY =     5.5 -,      8 chs,      8 cc.  Rmin & Coul turning =    0.2    4.1
   S-matrix    1 =    0.16288   0.32856 for L=    5, J=    5.5 channel on core I =   0.0 from L=    5,  Acc. loss =  0.1 D.
 Elastic phase shift   1 =   31.815  28.739 deg. for the L =    5, J =    5.5 channel.
       5.5  0.16287956  0.32855820i: elastic S-matrix  @@      0.00  0   0 F  0
 Reaction Xsec     5.5-/ 5 @ 1 =  86.315 , Out:   0.000#   9.846   76.469f


 Total SPIN, PARITY =     6.5 +,      8 chs,      8 cc.  Rmin & Coul turning =    0.3    4.9
   S-matrix    1 =    0.61917   0.31839 for L=    6, J=    6.5 channel on core I =   0.0 from L=    6,  Acc. loss =  0.0 D.
 Elastic phase shift   1 =   13.607  10.372 deg. for the L =    6, J =    6.5 channel.
       6.5  0.61917314  0.31839451i: elastic S-matrix  @@      0.00  0   0 F  0
 Reaction Xsec     6.5+/ 6 @ 1 =  59.948 , Out:   0.000#   6.583   53.365f


 Total SPIN, PARITY =     6.5 -,      8 chs,      8 cc.  Rmin & Coul turning =    0.3    4.9
   S-matrix    1 =    0.88853   0.13163 for L=    7, J=    6.5 channel on core I =   0.0 from L=    7,  Acc. loss =  0.1 D.
 Elastic phase shift   1 =    4.213   3.075 deg. for the L =    7, J =    6.5 channel.
       6.5  0.88853064  0.13163114i: elastic S-matrix  @@      0.00  0   0 F  0
 Reaction Xsec     6.5-/ 7 @ 1 =  22.477 , Out:   0.000#   1.951   20.525f


 Total SPIN, PARITY =     7.5 +,      8 chs,      8 cc.  Rmin & Coul turning =    0.3    5.6
   S-matrix    1 =    0.96048   0.06073 for L=    8, J=    7.5 channel on core I =   0.0 from L=    8,  Acc. loss =  0.0 D.
 Elastic phase shift   1 =    1.809   1.098 deg. for the L =    8, J =    7.5 channel.
       7.5  0.96047577  0.06073454i: elastic S-matrix  @@      0.00  0   0 F  0
 Reaction Xsec     7.5+/ 8 @ 1 =   9.813 , Out:   0.000#   0.812    9.001f


 Total SPIN, PARITY =     7.5 -,      8 chs,      8 cc.  Rmin & Coul turning =    0.3    5.6
   S-matrix    1 =    0.86940   0.18261 for L=    7, J=    7.5 channel on core I =   0.0 from L=    7,  Acc. loss =  0.2 D.
 Elastic phase shift   1 =    5.931   3.391 deg. for the L =    7, J =    7.5 channel.
       7.5  0.86939643  0.18261417i: elastic S-matrix  @@      0.00  0   0 F  0
 Reaction Xsec     7.5-/ 7 @ 1 =  28.030 , Out:   0.000#   2.300   25.730f


 Total SPIN, PARITY =     8.5 +,      8 chs,      8 cc.  Rmin & Coul turning =    0.4    6.3
   S-matrix    1 =    0.95711   0.08308 for L=    8, J=    8.5 channel on core I =   0.0 from L=    8,  Acc. loss =  0.0 D.
 Elastic phase shift   1 =    2.481   1.148 deg. for the L =    8, J =    8.5 channel.
       8.5  0.95710950  0.08308456i: elastic S-matrix  @@      0.00  0   0 F  0
 Reaction Xsec     8.5+/ 8 @ 1 =  11.524 , Out:   0.000#   0.935   10.589f


 Total SPIN, PARITY =     8.5 -,      8 chs,      8 cc.  Rmin & Coul turning =    0.4    6.3
   S-matrix    1 =    0.98614   0.02647 for L=    9, J=    8.5 channel on core I =   0.0 from L=    9,  Acc. loss =  0.2 D.
 Elastic phase shift   1 =    0.769   0.389 deg. for the L =    9, J =    8.5 channel.
       8.5  0.98614377  0.02647084i: elastic S-matrix  @@      0.00  0   0 F  0
 Reaction Xsec     8.5-/ 9 @ 1 =   4.012 , Out:   0.000#   0.228    3.784f


 Total SPIN, PARITY =     9.5 +,      8 chs,      8 cc.  Rmin & Coul turning =    0.4    7.0
   S-matrix    1 =    0.99520   0.01112 for L=   10, J=    9.5 channel on core I =   0.0 from L=   10,  Acc. loss =  0.1 D.
 Elastic phase shift   1 =    0.320   0.136 deg. for the L =   10, J =    9.5 channel.
       9.5  0.99520273  0.01112197i: elastic S-matrix  @@      0.00  0   0 F  0
 Reaction Xsec     9.5+/10 @ 1 =   1.570 , Out:   0.000#   0.046    1.524f


 Total SPIN, PARITY =     9.5 -,      8 chs,      8 cc.  Rmin & Coul turning =    0.4    7.0
   S-matrix    1 =    0.98551   0.03573 for L=    9, J=    9.5 channel on core I =   0.0 from L=    9,  Acc. loss =  0.2 D.
 Elastic phase shift   1 =    1.038   0.399 deg. for the L =    9, J =    9.5 channel.
       9.5  0.98551182  0.03572588i: elastic S-matrix  @@      0.00  0   0 F  0
 Reaction Xsec     9.5-/ 9 @ 1 =   4.569 , Out:   0.000#   0.270    4.300f


 Total SPIN, PARITY =    10.5 +,      8 chs,      8 cc.  Rmin & Coul turning =    0.5    7.8
   S-matrix    1 =    0.99509   0.01492 for L=   10, J=   10.5 channel on core I =   0.0 from L=   10,  Acc. loss =  0.1 D.
 Elastic phase shift   1 =    0.430   0.138 deg. for the L =   10, J =   10.5 channel.
      10.5  0.99509247  0.01492196i: elastic S-matrix  @@      0.00  0   0 F  0
 Reaction Xsec    10.5+/10 @ 1 =   1.749 , Out:   0.000#   0.053    1.696f


 Total SPIN, PARITY =    10.5 -,      8 chs,      8 cc.  Rmin & Coul turning =    0.5    7.8
   S-matrix    1 =    0.99833   0.00458 for L=   11, J=   10.5 channel on core I =   0.0 from L=   11,  Acc. loss =  0.1 D.
 Elastic phase shift   1 =    0.131   0.048 deg. for the L =   11, J =   10.5 channel.
      10.5  0.99833028  0.00457911i: elastic S-matrix  @@      0.00  0   0 F  0
 Reaction Xsec    10.5-/11 @ 1 =   0.606 , Out:   0.000#   7.987/   0.598f


 Total SPIN, PARITY =    11.5 +,      8 chs,      8 cc.  Rmin & Coul turning =    0.5    8.5
   S-matrix    1 =    0.99941   0.00187 for L=   12, J=   11.5 channel on core I =   0.0 from L=   12,  Acc. loss =  0.1 D.
 Elastic phase shift   1 =    0.054   0.017 deg. for the L =   12, J =   11.5 channel.
      11.5  0.99941385  0.00186848i: elastic S-matrix  @@      0.00  0   0 F  0
 Reaction Xsec    11.5+/12 @ 1 =   0.233 , Out:   0.000#   1.185/   0.232f


 Total SPIN, PARITY =    11.5 -,      8 chs,      8 cc.  Rmin & Coul turning =    0.5    8.5
   S-matrix    1 =    0.99831   0.00613 for L=   11, J=   11.5 channel on core I =   0.0 from L=   11,  Acc. loss =  0.1 D.
 Elastic phase shift   1 =    0.176   0.048 deg. for the L =   11, J =   11.5 channel.
      11.5  0.99831203  0.00613184i: elastic S-matrix  @@      0.00  0   0 F  0
 Reaction Xsec    11.5-/11 @ 1 =   0.665 , Out:   0.000#   8.917/   0.656f


 Total SPIN, PARITY =    12.5 +,      8 chs,      8 cc.  Rmin & Coul turning =    0.6    9.2
   S-matrix    1 =    0.99941   0.00250 for L=   12, J=   12.5 channel on core I =   0.0 from L=   12,  Acc. loss =  0.1 D.
 Elastic phase shift   1 =    0.072   0.017 deg. for the L =   12, J =   12.5 channel.
      12.5  0.99941086  0.00250202i: elastic S-matrix  @@      0.00  0   0 F  0
 Reaction Xsec    12.5+/12 @ 1 =   0.253 , Out:   0.000#   1.300/   0.252f


 Total SPIN, PARITY =    12.5 -,      8 chs,      8 cc.  Rmin & Coul turning =    0.6    9.2
   S-matrix    1 =    0.99979   0.00076 for L=   13, J=   12.5 channel on core I =   0.0 from L=   13,  Acc. loss =  0.1 D.
 Elastic phase shift   1 =    0.022   0.006 deg. for the L =   13, J =   12.5 channel.
      12.5  0.99979311  0.00075918i: elastic S-matrix  @@      0.00  0   0 F  0
 Reaction Xsec    12.5-/13 @ 1 =   0.089 , Out:   0.000#   0.138/   0.089f


 Total SPIN, PARITY =    13.5 +,      8 chs,      8 cc.  Rmin & Coul turning =    0.6   10.0
   S-matrix    1 =    0.99993   0.00031 for L=   14, J=   13.5 channel on core I =   0.0 from L=   14,  Acc. loss =  0.0 D.
 Elastic phase shift   1 =    0.009   0.002 deg. for the L =   14, J =   13.5 channel.
      13.5  0.99992679  0.00030767i: elastic S-matrix  @@      0.00  0   0 F  0
 Reaction Xsec    13.5+/14 @ 1 =   0.034 , Out:   0.000#   0.012/   0.034f


 Total SPIN, PARITY =    13.5 -,      8 chs,      8 cc.  Rmin & Coul turning =    0.6   10.0
   S-matrix    1 =    0.99979   0.00102 for L=   13, J=   13.5 channel on core I =   0.0 from L=   13,  Acc. loss =  0.1 D.
 Elastic phase shift   1 =    0.029   0.006 deg. for the L =   13, J =   13.5 channel.
      13.5  0.99979262  0.00101730i: elastic S-matrix  @@      0.00  0   0 F  0
 Reaction Xsec    13.5-/13 @ 1 =   0.096 , Out:   0.000#   0.149/   0.096f


 Total SPIN, PARITY =    14.5 +,      8 chs,      8 cc.  Rmin & Coul turning =    0.7   10.7
   S-matrix    1 =    0.99993   0.00041 for L=   14, J=   14.5 channel on core I =   0.0 from L=   14,  Acc. loss =  0.0 D.
 Elastic phase shift   1 =    0.012   0.002 deg. for the L =   14, J =   14.5 channel.
      14.5  0.99992671  0.00041264i: elastic S-matrix  @@      0.00  0   0 F  0
 Reaction Xsec    14.5+/14 @ 1 =   0.036 , Out:   0.000#   0.013/   0.036f


 Total SPIN, PARITY =    14.5 -,      8 chs,      8 cc.  Rmin & Coul turning =    0.7   10.7
   S-matrix    1 =    0.99997   0.00012 for L=   15, J=   14.5 channel on core I =   0.0 from L=   15,  Acc. loss =  0.1 D.
 Elastic phase shift   1 =    0.004   0.001 deg. for the L =   15, J =   14.5 channel.
      14.5  0.99997407  0.00012444i: elastic S-matrix  @@      0.00  0   0 F  0
 Reaction Xsec    14.5-/15 @ 1 =   0.013 , Out:   0.000#   7.830#   0.013f


 Total SPIN, PARITY =    15.5 +,      8 chs,      8 cc.  Rmin & Coul turning =    0.7   11.4
   S-matrix    1 =    0.99999   0.00005 for L=   16, J=   15.5 channel on core I =   0.0 from L=   16,  Acc. loss =  0.0 D.
 Elastic phase shift   1 =    0.001   0.000 deg. for the L =   16, J =   15.5 channel.
      15.5  0.99999082  0.00005025i: elastic S-matrix  @@      0.00  0   0 F  0
 Reaction Xsec    15.5+/16 @ 1 =   4.884/, Out:   0.000#   0.011/   0.005f


 Total SPIN, PARITY =    15.5 -,      8 chs,      8 cc.  Rmin & Coul turning =    0.7   11.4
   S-matrix    1 =    0.99997   0.00017 for L=   15, J=   15.5 channel on core I =   0.0 from L=   15,  Acc. loss =  0.1 D.
 Elastic phase shift   1 =    0.005   0.001 deg. for the L =   15, J =   15.5 channel.
      15.5  0.99997406  0.00016705i: elastic S-matrix  @@      0.00  0   0 F  0
 Reaction Xsec    15.5-/15 @ 1 =   0.014 , Out:   0.000#   8.350#   0.014f


 Total SPIN, PARITY =    16.5 +,      8 chs,      8 cc.  Rmin & Coul turning =    0.8   12.1
   S-matrix    1 =    0.99999   0.00007 for L=   16, J=   16.5 channel on core I =   0.0 from L=   16,  Acc. loss =  0.0 D.
 Elastic phase shift   1 =    0.002   0.000 deg. for the L =   16, J =   16.5 channel.
      16.5  0.99999081  0.00006751i: elastic S-matrix  @@      0.00  0   0 F  0
 Reaction Xsec    16.5+/16 @ 1 =   5.190/, Out:   0.000#   0.012/   0.005f


 Total SPIN, PARITY =    16.5 -,      8 chs,      8 cc.  Rmin & Coul turning =    0.8   12.1
   S-matrix    1 =    1.00000   0.00002 for L=   17, J=   16.5 channel on core I =   0.0 from L=   17,  Acc. loss =  0.0 D.
 Elastic phase shift   1 =    0.001   0.000 deg. for the L =   17, J =   16.5 channel.
      16.5  0.99999674  0.00002026i: elastic S-matrix  @@      0.00  0   0 F  0
 Reaction Xsec    16.5-/17 @ 1 =   1.840/, Out:   0.000#   0.011/   0.002f


 Total SPIN, PARITY =    17.5 +,      8 chs,      8 cc.  Rmin & Coul turning =    0.8   12.9
   S-matrix    1 =    1.00000   0.00001 for L=   18, J=   17.5 channel on core I =   0.0 from L=   18,  Acc. loss =  0.0 D.
 Elastic phase shift   1 =    0.000   0.000 deg. for the L =   18, J =   17.5 channel.
      17.5  0.99999884  0.00000816i: elastic S-matrix  @@      0.00  0   0 F  0
 Reaction Xsec    17.5+/18 @ 1 =   0.693/, Out:   0.000#   9.843#   0.001f


 Total SPIN, PARITY =    17.5 -,      8 chs,      8 cc.  Rmin & Coul turning =    0.8   12.9
   S-matrix    1 =    1.00000   0.00003 for L=   17, J=   17.5 channel on core I =   0.0 from L=   17,  Acc. loss =  0.0 D.
 Elastic phase shift   1 =    0.001   0.000 deg. for the L =   17, J =   17.5 channel.
      17.5  0.99999674  0.00002724i: elastic S-matrix  @@      0.00  0   0 F  0
 Reaction Xsec    17.5-/17 @ 1 =   1.949/, Out:   0.000#   0.012/   0.002f


 Total SPIN, PARITY =    18.5 +,      8 chs,      8 cc.  Rmin & Coul turning =    0.8   13.6
   S-matrix    1 =    1.00000   0.00001 for L=   18, J=   18.5 channel on core I =   0.0 from L=   18,  Acc. loss =  0.0 D.
 Elastic phase shift   1 =    0.000   0.000 deg. for the L =   18, J =   18.5 channel.
      18.5  0.99999884  0.00001098i: elastic S-matrix  @@      0.00  0   0 F  0
 Reaction Xsec    18.5+/18 @ 1 =   0.732/, Out:   0.000#   0.010/   0.001f


 Total SPIN, PARITY =    18.5 -,      8 chs,      8 cc.  Rmin & Coul turning =    0.8   13.6
   S-matrix    1 =    1.00000   0.00000 for L=   19, J=   18.5 channel on core I =   0.0 from L=   19,  Acc. loss =  0.0 D.
 Elastic phase shift   1 =    0.000   0.000 deg. for the L =   19, J =   18.5 channel.
      18.5  0.99999958  0.00000328i: elastic S-matrix  @@      0.00  0   0 F  0
 Reaction Xsec    18.5-/19 @ 1 =   0.262/, Out:   0.000#   8.126#   0.000f


 Total SPIN, PARITY =    19.5 +,      8 chs,      8 cc.  Rmin & Coul turning =    0.9   14.3
   S-matrix    1 =    1.00000   0.00000 for L=   20, J=   19.5 channel on core I =   0.0 from L=   20,  Acc. loss =  0.0 D.
 Elastic phase shift   1 =    0.000   0.000 deg. for the L =   20, J =   19.5 channel.
      19.5  0.99999985  0.00000132i: elastic S-matrix  @@      0.00  0   0 F  0
 Reaction Xsec    19.5+/20 @ 1 =   0.101/, Out:   0.000#   6.562#   0.000f


 Total SPIN, PARITY =    19.5 -,      8 chs,      8 cc.  Rmin & Coul turning =    0.9   14.3
   S-matrix    1 =    1.00000   0.00000 for L=   19, J=   19.5 channel on core I =   0.0 from L=   19,  Acc. loss =  0.0 D.
 Elastic phase shift   1 =    0.000   0.000 deg. for the L =   19, J =   19.5 channel.
      19.5  0.99999958  0.00000442i: elastic S-matrix  @@      0.00  0   0 F  0
 Reaction Xsec    19.5-/19 @ 1 =   0.276/, Out:   0.000#   8.554#   0.000f


 Total SPIN, PARITY =    20.5 +,      8 chs,      8 cc.  Rmin & Coul turning =    1.0   15.0
   S-matrix    1 =    1.00000   0.00000 for L=   20, J=   20.5 channel on core I =   0.0 from L=   20,  Acc. loss =  0.0 D.
 Elastic phase shift   1 =    0.000   0.000 deg. for the L =   20, J =   20.5 channel.
      20.5  0.99999985  0.00000178i: elastic S-matrix  @@      0.00  0   0 F  0
 Reaction Xsec    20.5+/20 @ 1 =   0.106/, Out:   0.000#   6.890#   0.000f


 Total SPIN, PARITY =    20.5 -,      8 chs,      8 cc.  Rmin & Coul turning =    1.0   15.0
   S-matrix    1 =    1.00000   0.00000 for L=   21, J=   20.5 channel on core I =   0.0 from L=   21,  Acc. loss =  0.0 D.
 Elastic phase shift   1 =    0.000   0.000 deg. for the L =   21, J =   20.5 channel.
      20.5  0.99999994  0.00000053i: elastic S-matrix  @@      0.00  0   0 F  0
 Reaction Xsec    20.5-/21 @ 1 =   0.040/, Out:   0.000#   5.268#   0.000f


 Total SPIN, PARITY =    21.5 +,      8 chs,      8 cc.  Rmin & Coul turning =    1.0   15.8
   S-matrix    1 =    1.00000   0.00000 for L=   22, J=   21.5 channel on core I =   0.0 from L=   22,  Acc. loss =  0.0 D.
 Elastic phase shift   1 =    0.000   0.000 deg. for the L =   22, J =   21.5 channel.
      21.5  0.99999998  0.00000021i: elastic S-matrix  @@      0.00  0   0 F  0
 Reaction Xsec    21.5+/22 @ 1 =   0.017/, Out:   0.000#   4.237#   0.000f


 Total SPIN, PARITY =    21.5 -,      8 chs,      8 cc.  Rmin & Coul turning =    1.0   15.8
   S-matrix    1 =    1.00000   0.00000 for L=   21, J=   21.5 channel on core I =   0.0 from L=   21,  Acc. loss =  0.0 D.
 Elastic phase shift   1 =    0.000   0.000 deg. for the L =   21, J =   21.5 channel.
      21.5  0.99999994  0.00000072i: elastic S-matrix  @@      0.00  0   0 F  0
 Reaction Xsec    21.5-/21 @ 1 =   0.042/, Out:   0.000#   5.519#   0.000f


 Total SPIN, PARITY =    22.5 +,      8 chs,      8 cc.  Rmin & Coul turning =    1.1   16.5
   S-matrix    1 =    1.00000   0.00000 for L=   22, J=   22.5 channel on core I =   0.0 from L=   22,  Acc. loss =  0.0 D.
 Elastic phase shift   1 =    0.000   0.000 deg. for the L =   22, J =   22.5 channel.
      22.5  0.99999998  0.00000029i: elastic S-matrix  @@      0.00  0   0 F  0
 Reaction Xsec    22.5+/22 @ 1 =   0.018/, Out:   0.000#   4.430#   0.000f


 Total SPIN, PARITY =    22.5 -,      8 chs,      8 cc.  Rmin & Coul turning =    1.1   16.5
   S-matrix    1 =    1.00000   0.00000 for L=   23, J=   22.5 channel on core I =   0.0 from L=   23,  Acc. loss =  0.0 D.
 Elastic phase shift   1 =    0.000   0.000 deg. for the L =   23, J =   22.5 channel.
      22.5  0.99999999  0.00000009i: elastic S-matrix  @@      0.00  0   0 F  0
 Reaction Xsec    22.5-/23 @ 1 =   8.117#, Out:   0.000#   3.420#   0.000f


 Total SPIN, PARITY =    23.5 +,      8 chs,      8 cc.  Rmin & Coul turning =    1.1   17.2
   S-matrix    1 =    1.00000   0.00000 for L=   24, J=   23.5 channel on core I =   0.0 from L=   24,  Acc. loss =  0.0 D.
 Elastic phase shift   1 =    0.000   0.000 deg. for the L =   24, J =   23.5 channel.
      23.5  0.99999999  0.00000004i: elastic S-matrix  @@      0.00  0   0 F  0
 Reaction Xsec    23.5+/24 @ 1 =   4.495#, Out:   0.000#   2.776#   0.000f


 Total SPIN, PARITY =    23.5 -,      8 chs,      8 cc.  Rmin & Coul turning =    1.1   17.2
   S-matrix    1 =    1.00000   0.00000 for L=   23, J=   23.5 channel on core I =   0.0 from L=   23,  Acc. loss =  0.0 D.
 Elastic phase shift   1 =    0.000   0.000 deg. for the L =   23, J =   23.5 channel.
      23.5  0.99999999  0.00000012i: elastic S-matrix  @@      0.00  0   0 F  0
 Reaction Xsec    23.5-/23 @ 1 =   8.470#, Out:   0.000#   3.569#   0.000f


 Total SPIN, PARITY =    24.5 +,      8 chs,      8 cc.  Rmin & Coul turning =    1.1   18.0
   S-matrix    1 =    1.00000   0.00000 for L=   24, J=   24.5 channel on core I =   0.0 from L=   24,  Acc. loss =  0.0 D.
 Elastic phase shift   1 =    0.000   0.000 deg. for the L =   24, J =   24.5 channel.
      24.5  0.99999999  0.00000005i: elastic S-matrix  @@      0.00  0   0 F  0
 Reaction Xsec    24.5+/24 @ 1 =   4.683#, Out:   0.000#   2.892#   0.000f


 Total SPIN, PARITY =    24.5 -,      8 chs,      8 cc.  Rmin & Coul turning =    1.1   18.0
   S-matrix    1 =    1.00000   0.00000 for L=   25, J=   24.5 channel on core I =   0.0 from L=   25,  Acc. loss =  0.0 D.
 Elastic phase shift   1 =    0.000   0.000 deg. for the L =   25, J =   24.5 channel.
      24.5  1.00000000  0.00000002i: elastic S-matrix  @@      0.00  0   0 F  0
 Reaction Xsec    24.5-/25 @ 1 =   2.893#, Out:   0.000#   2.265#   0.000f


 Total SPIN, PARITY =    25.5 +,      8 chs,      8 cc.  Rmin & Coul turning =    1.2   18.7
   S-matrix    1 =    1.00000   0.00000 for L=   26, J=   25.5 channel on core I =   0.0 from L=   26,  Acc. loss =  0.0 D.
 Elastic phase shift   1 =    0.000   0.000 deg. for the L =   26, J =   25.5 channel.
      25.5  1.00000000  0.00000001i: elastic S-matrix  @@      0.00  0   0 F  0
 Reaction Xsec    25.5+/26 @ 1 =   2.085#, Out:   0.000#   1.856#   0.000f


 Total SPIN, PARITY =    25.5 -,      8 chs,      8 cc.  Rmin & Coul turning =    1.2   18.7
   S-matrix    1 =    1.00000   0.00000 for L=   25, J=   25.5 channel on core I =   0.0 from L=   25,  Acc. loss =  0.0 D.
 Elastic phase shift   1 =    0.000   0.000 deg. for the L =   25, J =   25.5 channel.
      25.5  1.00000000  0.00000002i: elastic S-matrix  @@      0.00  0   0 F  0
 Reaction Xsec    25.5-/25 @ 1 =   3.008#, Out:   0.000#   2.356#   0.000f


 Total SPIN, PARITY =    26.5 +,      8 chs,      8 cc.  Rmin & Coul turning =    1.2   19.4
   S-matrix    1 =    1.00000   0.00000 for L=   26, J=   26.5 channel on core I =   0.0 from L=   26,  Acc. loss =  0.0 D.
 Elastic phase shift   1 =    0.000   0.000 deg. for the L =   26, J =   26.5 channel.
      26.5  1.00000000  0.00000001i: elastic S-matrix  @@      0.00  0   0 F  0
 Reaction Xsec    26.5+/26 @ 1 =   2.165#, Out:   0.000#   1.928#   0.000f


 Total SPIN, PARITY =    26.5 -,      8 chs,      8 cc.  Rmin & Coul turning =    1.2   19.4
   S-matrix    1 =    1.00000   0.00000 for L=   27, J=   26.5 channel on core I =   0.0 from L=   27,  Acc. loss =  0.0 D.
 Elastic phase shift   1 =    0.000   0.000 deg. for the L =   27, J =   26.5 channel.
      26.5  1.00000000  0.00000000i: elastic S-matrix  @@      0.00  0   0 F  0
 Reaction Xsec    26.5-/27 @ 1 =   1.613#, Out:   0.000#   1.530#   0.000f


 Total SPIN, PARITY =    27.5 +,      8 chs,      8 cc.  Rmin & Coul turning =    1.3   20.1
   S-matrix    1 =    1.00000   0.00000 for L=   28, J=   27.5 channel on core I =   0.0 from L=   28,  Acc. loss =  0.0 D.
 Elastic phase shift   1 =    0.000   0.000 deg. for the L =   28, J =   27.5 channel.
      27.5  1.00000000  0.00000000i: elastic S-matrix  @@      0.00  0   0 F  0
 Reaction Xsec    27.5+/28 @ 1 =   1.294#, Out:   0.000#   1.264#   0.000f


 Total SPIN, PARITY =    27.5 -,      8 chs,      8 cc.  Rmin & Coul turning =    1.3   20.1
   S-matrix    1 =    1.00000   0.00000 for L=   27, J=   27.5 channel on core I =   0.0 from L=   27,  Acc. loss =  0.0 D.
 Elastic phase shift   1 =    0.000   0.000 deg. for the L =   27, J =   27.5 channel.
      27.5  1.00000000  0.00000000i: elastic S-matrix  @@      0.00  0   0 F  0
 Reaction Xsec    27.5-/27 @ 1 =   1.673#, Out:   0.000#   1.586#   0.000f


 Total SPIN, PARITY =    28.5 +,      8 chs,      8 cc.  Rmin & Coul turning =    1.3   20.9
   S-matrix    1 =    1.00000   0.00000 for L=   28, J=   28.5 channel on core I =   0.0 from L=   28,  Acc. loss =  0.0 D.
 Elastic phase shift   1 =    0.000   0.000 deg. for the L =   28, J =   28.5 channel.
      28.5  1.00000000  0.00000000i: elastic S-matrix  @@      0.00  0   0 F  0
 Reaction Xsec    28.5+/28 @ 1 =   1.340#, Out:   0.000#   1.309#   0.000f


 Total SPIN, PARITY =    28.5 -,      8 chs,      8 cc.  Rmin & Coul turning =    1.3   20.9
   S-matrix    1 =    1.00000   0.00000 for L=   29, J=   28.5 channel on core I =   0.0 from L=   29,  Acc. loss =  0.0 D.
 Elastic phase shift   1 =    0.000   0.000 deg. for the L =   29, J =   28.5 channel.
      28.5  1.00000000  0.00000000i: elastic S-matrix  @@      0.00  0   0 F  0
 Reaction Xsec    28.5-/29 @ 1 =   1.061#, Out:   0.000#   1.050#   0.000f


 Total SPIN, PARITY =    29.5 +,      8 chs,      8 cc.  Rmin & Coul turning =    1.4   21.6
   S-matrix    1 =    1.00000   0.00000 for L=   30, J=   29.5 channel on core I =   0.0 from L=   30,  Acc. loss =  0.0 D.
 Elastic phase shift   1 =    0.000   0.000 deg. for the L =   30, J =   29.5 channel.
      29.5  1.00000000  0.00000000i: elastic S-matrix  @@      0.00  0   0 F  0
 Reaction Xsec    29.5+/30 @ 1 =   0.878#, Out:   0.000#   0.874#   0.000f


 Total SPIN, PARITY =    29.5 -,      8 chs,      8 cc.  Rmin & Coul turning =    1.4   21.6
   S-matrix    1 =    1.00000   0.00000 for L=   29, J=   29.5 channel on core I =   0.0 from L=   29,  Acc. loss =  0.0 D.
 Elastic phase shift   1 =    0.000   0.000 deg. for the L =   29, J =   29.5 channel.
      29.5  1.00000000  0.00000000i: elastic S-matrix  @@      0.00  0   0 F  0
 Reaction Xsec    29.5-/29 @ 1 =   1.097#, Out:   0.000#   1.086#   0.000f


 Total SPIN, PARITY =    30.5 +,      8 chs,      8 cc.  Rmin & Coul turning =    1.4   22.3
   S-matrix    1 =    1.00000   0.00000 for L=   30, J=   30.5 channel on core I =   0.0 from L=   30,  Acc. loss =  0.0 D.
 Elastic phase shift   1 =    0.000   0.000 deg. for the L =   30, J =   30.5 channel.
      30.5  1.00000000  0.00000000i: elastic S-matrix  @@      0.00  0   0 F  0
 Reaction Xsec    30.5+/30 @ 1 =   0.908#, Out:   0.000#   0.904#   0.000f


 Total SPIN, PARITY =    30.5 -,      8 chs,      8 cc.  Rmin & Coul turning =    1.4   22.3
   S-matrix    1 =    1.00000   0.00000 for L=   31, J=   30.5 channel on core I =   0.0 from L=   31,  Acc. loss =  0.0 D.
 Elastic phase shift   1 =    0.000   0.000 deg. for the L =   31, J =   30.5 channel.
      30.5  1.00000000  0.00000000i: elastic S-matrix  @@      0.00  0   0 F  0
 Reaction Xsec    30.5-/31 @ 1 =   0.731#, Out:   0.000#   0.730#   0.000f


 Total SPIN, PARITY =    31.5 +,      8 chs,      8 cc.  Rmin & Coul turning =    1.5   23.0
   S-matrix    1 =    1.00000   0.00000 for L=   32, J=   31.5 channel on core I =   0.0 from L=   32,  Acc. loss =  0.0 D.
 Elastic phase shift   1 =    0.000   0.000 deg. for the L =   32, J =   31.5 channel.
      31.5  1.00000000  0.00000000i: elastic S-matrix  @@      0.00  0   0 F  0
 Reaction Xsec    31.5+/32 @ 1 =   0.613#, Out:   0.000#   0.612#   0.000f


 Total SPIN, PARITY =    31.5 -,      8 chs,      8 cc.  Rmin & Coul turning =    1.5   23.0
   S-matrix    1 =    1.00000   0.00000 for L=   31, J=   31.5 channel on core I =   0.0 from L=   31,  Acc. loss =  0.0 D.
 Elastic phase shift   1 =    0.000   0.000 deg. for the L =   31, J =   31.5 channel.
      31.5  1.00000000  0.00000000i: elastic S-matrix  @@      0.00  0   0 F  0
 Reaction Xsec    31.5-/31 @ 1 =   0.755#, Out:   0.000#   0.753#   0.000f


 Total SPIN, PARITY =    32.5 +,      8 chs,      8 cc.  Rmin & Coul turning =    1.5   23.8
   S-matrix    1 =    1.00000   0.00000 for L=   32, J=   32.5 channel on core I =   0.0 from L=   32,  Acc. loss =  0.0 D.
 Elastic phase shift   1 =    0.000   0.000 deg. for the L =   32, J =   32.5 channel.
      32.5  1.00000000  0.00000000i: elastic S-matrix  @@      0.00  0   0 F  0
 Reaction Xsec    32.5+/32 @ 1 =   0.632#, Out:   0.000#   0.631#   0.000f


 Total SPIN, PARITY =    32.5 -,      8 chs,      8 cc.  Rmin & Coul turning =    1.5   23.8
   S-matrix    1 =    1.00000   0.00000 for L=   33, J=   32.5 channel on core I =   0.0 from L=   33,  Acc. loss =  0.0 D.
 Elastic phase shift   1 =    0.000   0.000 deg. for the L =   33, J =   32.5 channel.
      32.5  1.00000000  0.00000000i: elastic S-matrix  @@      0.00  0   0 F  0
 Reaction Xsec    32.5-/33 @ 1 =   0.514#, Out:   0.000#   0.514#   0.000f


 Total SPIN, PARITY =    33.5 +,      8 chs,      8 cc.  Rmin & Coul turning =    1.6   24.5
   S-matrix    1 =    1.00000   0.00000 for L=   34, J=   33.5 channel on core I =   0.0 from L=   34,  Acc. loss =  0.0 D.
 Elastic phase shift   1 =    0.000   0.000 deg. for the L =   34, J =   33.5 channel.
      33.5  1.00000000  0.00000000i: elastic S-matrix  @@      0.00  0   0 F  0
 Reaction Xsec    33.5+/34 @ 1 =   0.432#, Out:   0.000#   0.432#   0.000f


 Total SPIN, PARITY =    33.5 -,      8 chs,      8 cc.  Rmin & Coul turning =    1.6   24.5
   S-matrix    1 =    1.00000   0.00000 for L=   33, J=   33.5 channel on core I =   0.0 from L=   33,  Acc. loss =  0.0 D.
 Elastic phase shift   1 =    0.000   0.000 deg. for the L =   33, J =   33.5 channel.
      33.5  1.00000000  0.00000000i: elastic S-matrix  @@      0.00  0   0 F  0
 Reaction Xsec    33.5-/33 @ 1 =   0.529#, Out:   0.000#   0.529#   0.000f


 Total SPIN, PARITY =    34.5 +,      8 chs,      8 cc.  Rmin & Coul turning =    1.6   25.2
   S-matrix    1 =    1.00000   0.00000 for L=   34, J=   34.5 channel on core I =   0.0 from L=   34,  Acc. loss =  0.0 D.
 Elastic phase shift   1 =    0.000   0.000 deg. for the L =   34, J =   34.5 channel.
      34.5  1.00000000  0.00000000i: elastic S-matrix  @@      0.00  0   0 F  0
 Reaction Xsec    34.5+/34 @ 1 =   0.445#, Out:   0.000#   0.445#   0.000f


 Total SPIN, PARITY =    34.5 -,      8 chs,      8 cc.  Rmin & Coul turning =    1.6   25.2
   S-matrix    1 =    1.00000   0.00000 for L=   35, J=   34.5 channel on core I =   0.0 from L=   35,  Acc. loss =  0.0 D.
 Elastic phase shift   1 =    0.000   0.000 deg. for the L =   35, J =   34.5 channel.
      34.5  1.00000000  0.00000000i: elastic S-matrix  @@      0.00  0   0 F  0
 Reaction Xsec    34.5-/35 @ 1 =   0.365#, Out:   0.000#   0.365#   0.000f


 Total SPIN, PARITY =    35.5 +,      8 chs,      8 cc.  Rmin & Coul turning =    1.7   26.0
   S-matrix    1 =    1.00000   0.00000 for L=   36, J=   35.5 channel on core I =   0.0 from L=   36,  Acc. loss =  0.0 D.
 Elastic phase shift   1 =    0.000   0.000 deg. for the L =   36, J =   35.5 channel.
      35.5  1.00000000  0.00000000i: elastic S-matrix  @@      0.00  0   0 F  0
 Reaction Xsec    35.5+/36 @ 1 =   0.308#, Out:   0.000#   0.308#   0.000f


 Total SPIN, PARITY =    35.5 -,      8 chs,      8 cc.  Rmin & Coul turning =    1.7   26.0
   S-matrix    1 =    1.00000   0.00000 for L=   35, J=   35.5 channel on core I =   0.0 from L=   35,  Acc. loss =  0.0 D.
 Elastic phase shift   1 =    0.000   0.000 deg. for the L =   35, J =   35.5 channel.
      35.5  1.00000000  0.00000000i: elastic S-matrix  @@      0.00  0   0 F  0
 Reaction Xsec    35.5-/35 @ 1 =   0.376#, Out:   0.000#   0.376#   0.000f


 Total SPIN, PARITY =    36.5 +,      8 chs,      8 cc.  Rmin & Coul turning =    1.7   26.7
   S-matrix    1 =    1.00000   0.00000 for L=   36, J=   36.5 channel on core I =   0.0 from L=   36,  Acc. loss =  0.0 D.
 Elastic phase shift   1 =    0.000   0.000 deg. for the L =   36, J =   36.5 channel.
      36.5  1.00000000  0.00000000i: elastic S-matrix  @@      0.00  0   0 F  0
 Reaction Xsec    36.5+/36 @ 1 =   0.317#, Out:   0.000#   0.317#   0.000f


 Total SPIN, PARITY =    36.5 -,      8 chs,      8 cc.  Rmin & Coul turning =    1.7   26.7
   S-matrix    1 =    1.00000   0.00000 for L=   37, J=   36.5 channel on core I =   0.0 from L=   37,  Acc. loss =  0.0 D.
 Elastic phase shift   1 =    0.000   0.000 deg. for the L =   37, J =   36.5 channel.
      36.5  1.00000000  0.00000000i: elastic S-matrix  @@      0.00  0   0 F  0
 Reaction Xsec    36.5-/37 @ 1 =   0.261#, Out:   0.000#   0.261#  -0.000f


 Total SPIN, PARITY =    37.5 +,      8 chs,      8 cc.  Rmin & Coul turning =    1.8   27.4
   S-matrix    1 =    1.00000   0.00000 for L=   38, J=   37.5 channel on core I =   0.0 from L=   38,  Acc. loss =  0.0 D.
 Elastic phase shift   1 =    0.000   0.000 deg. for the L =   38, J =   37.5 channel.
      37.5  1.00000000  0.00000000i: elastic S-matrix  @@      0.00  0   0 F  0
 Reaction Xsec    37.5+/38 @ 1 =   0.222#, Out:   0.000#   0.222#  -0.000f


 Total SPIN, PARITY =    37.5 -,      8 chs,      8 cc.  Rmin & Coul turning =    1.8   27.4
   S-matrix    1 =    1.00000   0.00000 for L=   37, J=   37.5 channel on core I =   0.0 from L=   37,  Acc. loss =  0.0 D.
 Elastic phase shift   1 =    0.000   0.000 deg. for the L =   37, J =   37.5 channel.
      37.5  1.00000000  0.00000000i: elastic S-matrix  @@      0.00  0   0 F  0
 Reaction Xsec    37.5-/37 @ 1 =   0.268#, Out:   0.000#   0.268#   0.000f


 Total SPIN, PARITY =    38.5 +,      8 chs,      8 cc.  Rmin & Coul turning =    1.8   28.1
   S-matrix    1 =    1.00000   0.00000 for L=   38, J=   38.5 channel on core I =   0.0 from L=   38,  Acc. loss =  0.0 D.
 Elastic phase shift   1 =    0.000   0.000 deg. for the L =   38, J =   38.5 channel.
      38.5  1.00000000  0.00000000i: elastic S-matrix  @@      0.00  0   0 F  0
 Reaction Xsec    38.5+/38 @ 1 =   0.228#, Out:   0.000#   0.228#  -0.000f


 Total SPIN, PARITY =    38.5 -,      8 chs,      8 cc.  Rmin & Coul turning =    1.8   28.1
   S-matrix    1 =    1.00000   0.00000 for L=   39, J=   38.5 channel on core I =   0.0 from L=   39,  Acc. loss =  0.0 D.
 Elastic phase shift   1 =    0.000   0.000 deg. for the L =   39, J =   38.5 channel.
      38.5  1.00000000  0.00000000i: elastic S-matrix  @@      0.00  0   0 F  0
 Reaction Xsec    38.5-/39 @ 1 =   0.188#, Out:   0.000#   0.188#  -0.000f


 Total SPIN, PARITY =    39.5 +,      8 chs,      8 cc.  Rmin & Coul turning =    1.9   28.9
   S-matrix    1 =    1.00000   0.00000 for L=   40, J=   39.5 channel on core I =   0.0 from L=   40,  Acc. loss =  0.0 D.
 Elastic phase shift   1 =    0.000   0.000 deg. for the L =   40, J =   39.5 channel.
      39.5  1.00000000  0.00000000i: elastic S-matrix  @@      0.00  0   0 F  0
 Reaction Xsec    39.5+/40 @ 1 =   0.161#, Out:   0.000#   0.161#   0.000f


 Total SPIN, PARITY =    39.5 -,      8 chs,      8 cc.  Rmin & Coul turning =    1.9   28.9
   S-matrix    1 =    1.00000   0.00000 for L=   39, J=   39.5 channel on core I =   0.0 from L=   39,  Acc. loss =  0.0 D.
 Elastic phase shift   1 =    0.000   0.000 deg. for the L =   39, J =   39.5 channel.
      39.5  1.00000000  0.00000000i: elastic S-matrix  @@      0.00  0   0 F  0
 Reaction Xsec    39.5-/39 @ 1 =   0.193#, Out:   0.000#   0.193#   0.000f


 Total SPIN, PARITY =    40.5 +,      8 chs,      8 cc.  Rmin & Coul turning =    1.9   29.6
   S-matrix    1 =    1.00000   0.00000 for L=   40, J=   40.5 channel on core I =   0.0 from L=   40,  Acc. loss =  0.0 D.
 Elastic phase shift   1 =    0.000   0.000 deg. for the L =   40, J =   40.5 channel.
      40.5  1.00000000  0.00000000i: elastic S-matrix  @@      0.00  0   0 F  0
 Reaction Xsec    40.5+/40 @ 1 =   0.165#, Out:   0.000#   0.165#  -0.000f


 Total SPIN, PARITY =    40.5 -,      8 chs,      8 cc.  Rmin & Coul turning =    1.9   29.6
   S-matrix    1 =    1.00000   0.00000 for L=   41, J=   40.5 channel on core I =   0.0 from L=   41,  Acc. loss =  0.0 D.
 Elastic phase shift   1 =    0.000   0.000 deg. for the L =   41, J =   40.5 channel.
      40.5  1.00000000  0.00000000i: elastic S-matrix  @@      0.00  0   0 F  0
 Reaction Xsec    40.5-/41 @ 1 =   0.137#, Out:   0.000#   0.137#  -0.000f


 Total SPIN, PARITY =    41.5 +,      8 chs,      8 cc.  Rmin & Coul turning =    1.9   30.3
   S-matrix    1 =    1.00000   0.00000 for L=   42, J=   41.5 channel on core I =   0.0 from L=   42,  Acc. loss =  0.0 D.
 Elastic phase shift   1 =    0.000   0.000 deg. for the L =   42, J =   41.5 channel.
      41.5  1.00000000  0.00000000i: elastic S-matrix  @@      0.00  0   0 F  0
 Reaction Xsec    41.5+/42 @ 1 =   0.117#, Out:   0.000#   0.117#  -0.000f


 Total SPIN, PARITY =    41.5 -,      8 chs,      8 cc.  Rmin & Coul turning =    1.9   30.3
   S-matrix    1 =    1.00000   0.00000 for L=   41, J=   41.5 channel on core I =   0.0 from L=   41,  Acc. loss =  0.0 D.
 Elastic phase shift   1 =    0.000   0.000 deg. for the L =   41, J =   41.5 channel.
      41.5  1.00000000  0.00000000i: elastic S-matrix  @@      0.00  0   0 F  0
 Reaction Xsec    41.5-/41 @ 1 =   0.141#, Out:   0.000#   0.141#   0.000f


 Total SPIN, PARITY =    42.5 +,      8 chs,      8 cc.  Rmin & Coul turning =    2.0   31.1
   S-matrix    1 =    1.00000   0.00000 for L=   42, J=   42.5 channel on core I =   0.0 from L=   42,  Acc. loss =  0.0 D.
 Elastic phase shift   1 =    0.000   0.000 deg. for the L =   42, J =   42.5 channel.
      42.5  1.00000000  0.00000000i: elastic S-matrix  @@      0.00  0   0 F  0
 Reaction Xsec    42.5+/42 @ 1 =   0.120#, Out:   0.000#   0.120#   0.000f


 Total SPIN, PARITY =    42.5 -,      8 chs,      8 cc.  Rmin & Coul turning =    2.0   31.1
   S-matrix    1 =    1.00000   0.00000 for L=   43, J=   42.5 channel on core I =   0.0 from L=   43,  Acc. loss =  0.0 D.
 Elastic phase shift   1 =    0.000   0.000 deg. for the L =   43, J =   42.5 channel.
      42.5  1.00000000  0.00000000i: elastic S-matrix  @@      0.00  0   0 F  0
 Reaction Xsec    42.5-/43 @ 1 =   0.100#, Out:   0.000#   0.100#   0.000f


 Total SPIN, PARITY =    43.5 +,      8 chs,      8 cc.  Rmin & Coul turning =    2.0   31.8
   S-matrix    1 =    1.00000   0.00000 for L=   44, J=   43.5 channel on core I =   0.0 from L=   44,  Acc. loss =  0.0 D.
 Elastic phase shift   1 =    0.000   0.000 deg. for the L =   44, J =   43.5 channel.
      43.5  1.00000000  0.00000000i: elastic S-matrix  @@      0.00  0   0 F  0
 Reaction Xsec    43.5+/44 @ 1 =   0.086#, Out:   0.000#   0.086#   0.000f


 Total SPIN, PARITY =    43.5 -,      8 chs,      8 cc.  Rmin & Coul turning =    2.0   31.8
   S-matrix    1 =    1.00000   0.00000 for L=   43, J=   43.5 channel on core I =   0.0 from L=   43,  Acc. loss =  0.0 D.
 Elastic phase shift   1 =    0.000   0.000 deg. for the L =   43, J =   43.5 channel.
      43.5  1.00000000  0.00000000i: elastic S-matrix  @@      0.00  0   0 F  0
 Reaction Xsec    43.5-/43 @ 1 =   0.102#, Out:   0.000#   0.102#   0.000f


 Total SPIN, PARITY =    44.5 +,      8 chs,      8 cc.  Rmin & Coul turning =    2.1   32.5
   S-matrix    1 =    1.00000   0.00000 for L=   44, J=   44.5 channel on core I =   0.0 from L=   44,  Acc. loss =  0.0 D.
 Elastic phase shift   1 =    0.000   0.000 deg. for the L =   44, J =   44.5 channel.
      44.5  1.00000000  0.00000000i: elastic S-matrix  @@      0.00  0   0 F  0
 Reaction Xsec    44.5+/44 @ 1 =   0.088#, Out:   0.000#   0.088#   0.000f


 Total SPIN, PARITY =    44.5 -,      8 chs,      8 cc.  Rmin & Coul turning =    2.1   32.5
   S-matrix    1 =    1.00000   0.00000 for L=   45, J=   44.5 channel on core I =   0.0 from L=   45,  Acc. loss =  0.0 D.
 Elastic phase shift   1 =    0.000   0.000 deg. for the L =   45, J =   44.5 channel.
      44.5  1.00000000  0.00000000i: elastic S-matrix  @@      0.00  0   0 F  0
 Reaction Xsec    44.5-/45 @ 1 =   0.074#, Out:   0.000#   0.074#   0.000f


 Total SPIN, PARITY =    45.5 +,      8 chs,      8 cc.  Rmin & Coul turning =    2.2   33.2
   S-matrix    1 =    1.00000   0.00000 for L=   46, J=   45.5 channel on core I =   0.0 from L=   46,  Acc. loss =  0.0 D.
 Elastic phase shift   1 =    0.000   0.000 deg. for the L =   46, J =   45.5 channel.
      45.5  1.00000000  0.00000000i: elastic S-matrix  @@      0.00  0   0 F  0
 Reaction Xsec    45.5+/46 @ 1 =   0.063#, Out:   0.000#   0.063#  -0.000f


 Total SPIN, PARITY =    45.5 -,      8 chs,      8 cc.  Rmin & Coul turning =    2.2   33.2
   S-matrix    1 =    1.00000   0.00000 for L=   45, J=   45.5 channel on core I =   0.0 from L=   45,  Acc. loss =  0.0 D.
 Elastic phase shift   1 =    0.000   0.000 deg. for the L =   45, J =   45.5 channel.
      45.5  1.00000000  0.00000000i: elastic S-matrix  @@      0.00  0   0 F  0
 Reaction Xsec    45.5-/45 @ 1 =   0.075#, Out:   0.000#   0.075#   0.000f


 Total SPIN, PARITY =    46.5 +,      8 chs,      8 cc.  Rmin & Coul turning =    2.2   34.0
   S-matrix    1 =    1.00000   0.00000 for L=   46, J=   46.5 channel on core I =   0.0 from L=   46,  Acc. loss =  0.0 D.
 Elastic phase shift   1 =    0.000   0.000 deg. for the L =   46, J =   46.5 channel.
      46.5  1.00000000  0.00000000i: elastic S-matrix  @@      0.00  0   0 F  0
 Reaction Xsec    46.5+/46 @ 1 =   0.065#, Out:   0.000#   0.065#  -0.000f


 Total SPIN, PARITY =    46.5 -,      8 chs,      8 cc.  Rmin & Coul turning =    2.2   34.0
   S-matrix    1 =    1.00000   0.00000 for L=   47, J=   46.5 channel on core I =   0.0 from L=   47,  Acc. loss =  0.0 D.
 Elastic phase shift   1 =    0.000   0.000 deg. for the L =   47, J =   46.5 channel.
      46.5  1.00000000  0.00000000i: elastic S-matrix  @@      0.00  0   0 F  0
 Reaction Xsec    46.5-/47 @ 1 =   0.055#, Out:   0.000#   0.055#   0.000f


 Total SPIN, PARITY =    47.5 +,      8 chs,      8 cc.  Rmin & Coul turning =    2.2   34.7
   S-matrix    1 =    1.00000   0.00000 for L=   48, J=   47.5 channel on core I =   0.0 from L=   48,  Acc. loss =  0.0 D.
 Elastic phase shift   1 =    0.000   0.000 deg. for the L =   48, J =   47.5 channel.
      47.5  1.00000000  0.00000000i: elastic S-matrix  @@      0.00  0   0 F  0
 Reaction Xsec    47.5+/48 @ 1 =   0.047#, Out:   0.000#   0.047#   0.000f


 Total SPIN, PARITY =    47.5 -,      8 chs,      8 cc.  Rmin & Coul turning =    2.2   34.7
   S-matrix    1 =    1.00000   0.00000 for L=   47, J=   47.5 channel on core I =   0.0 from L=   47,  Acc. loss =  0.0 D.
 Elastic phase shift   1 =    0.000   0.000 deg. for the L =   47, J =   47.5 channel.
      47.5  1.00000000  0.00000000i: elastic S-matrix  @@      0.00  0   0 F  0
 Reaction Xsec    47.5-/47 @ 1 =   0.056#, Out:   0.000#   0.056#   0.000f


 Total SPIN, PARITY =    48.5 +,      8 chs,      8 cc.  Rmin & Coul turning =    2.3   35.4
   S-matrix    1 =    1.00000   0.00000 for L=   48, J=   48.5 channel on core I =   0.0 from L=   48,  Acc. loss =  0.0 D.
 Elastic phase shift   1 =    0.000   0.000 deg. for the L =   48, J =   48.5 channel.
      48.5  1.00000000  0.00000000i: elastic S-matrix  @@      0.00  0   0 F  0
 Reaction Xsec    48.5+/48 @ 1 =   0.048#, Out:   0.000#   0.048#   0.000f


 Total SPIN, PARITY =    48.5 -,      8 chs,      8 cc.  Rmin & Coul turning =    2.3   35.4
   S-matrix    1 =    1.00000   0.00000 for L=   49, J=   48.5 channel on core I =   0.0 from L=   49,  Acc. loss =  0.0 D.
 Elastic phase shift   1 =    0.000   0.000 deg. for the L =   49, J =   48.5 channel.
      48.5  1.00000000  0.00000000i: elastic S-matrix  @@      0.00  0   0 F  0
 Reaction Xsec    48.5-/49 @ 1 =   0.040#, Out:   0.000#   0.040#   0.000f


 Total SPIN, PARITY =    49.5 +,      8 chs,      8 cc.  Rmin & Coul turning =    2.3   36.1
   S-matrix    1 =    1.00000   0.00000 for L=   50, J=   49.5 channel on core I =   0.0 from L=   50,  Acc. loss =  0.0 D.
 Elastic phase shift   1 =    0.000   0.000 deg. for the L =   50, J =   49.5 channel.
      49.5  1.00000000  0.00000000i: elastic S-matrix  @@      0.00  0   0 F  0
 Reaction Xsec    49.5+/50 @ 1 =   0.035#, Out:   0.000#   0.035#  -0.000f


 Total SPIN, PARITY =    49.5 -,      8 chs,      8 cc.  Rmin & Coul turning =    2.3   36.1
   S-matrix    1 =    1.00000   0.00000 for L=   49, J=   49.5 channel on core I =   0.0 from L=   49,  Acc. loss =  0.0 D.
 Elastic phase shift   1 =    0.000   0.000 deg. for the L =   49, J =   49.5 channel.
      49.5  1.00000000  0.00000000i: elastic S-matrix  @@      0.00  0   0 F  0
 Reaction Xsec    49.5-/49 @ 1 =   0.041#, Out:   0.000#   0.041#   0.000f


 Total SPIN, PARITY =    50.5 +,      8 chs,      8 cc.  Rmin & Coul turning =    2.4   36.9
   S-matrix    1 =    1.00000   0.00000 for L=   50, J=   50.5 channel on core I =   0.0 from L=   50,  Acc. loss =  0.0 D.
 Elastic phase shift   1 =    0.000   0.000 deg. for the L =   50, J =   50.5 channel.
      50.5  1.00000000  0.00000000i: elastic S-matrix  @@      0.00  0   0 F  0
 Reaction Xsec    50.5+/50 @ 1 =   0.036#, Out:   0.000#   0.036#   0.000f


 Total SPIN, PARITY =    50.5 -,      8 chs,      8 cc.  Rmin & Coul turning =    2.4   36.9
   S-matrix    1 =    1.00000   0.00000 for L=   51, J=   50.5 channel on core I =   0.0 from L=   51,  Acc. loss =  0.0 D.
 Elastic phase shift   1 =    0.000   0.000 deg. for the L =   51, J =   50.5 channel.
      50.5  1.00000000  0.00000000i: elastic S-matrix  @@      0.00  0   0 F  0
 Reaction Xsec    50.5-/51 @ 1 =   0.031#, Out:   0.000#   0.031#   0.000f

 Finished all CC sets @   0.301952004    
0CUMULATIVE REACTION cross section                 =  714.15389  <L> =     4.42  <L**2> =     23.5
0CUMULATIVE outgoing cross sections in partition 1 :    0.00000   59.86090
0Cumulative ABSORBTION by Imaginary Potentials     =  654.29299  <L> =     4.39  <L**2> =     23.3
   Fusion for specific p        M-states :  654.292994  654.292994
0CUMULATIVE OUTGOING cross section                 =   59.86090
 To convert to S-factors (MeV.mb = keV.b),  multiply by  1.3784E+02


 CROSS SECTIONS FOR OUTGOING p        & O20      in state #   1 with spins & parities 0.5  + &  0.0  +;  0

     3.00 deg.: X-S =   7.9587E+04 mb/sr,
+                                         /R =   7.6462E-01
     4.00 deg.: X-S =   2.2252E+04 mb/sr,
+                                         /R =   6.7543E-01
     5.00 deg.: X-S =  8676.323454 mb/sr,
+                                         /R =   6.4266E-01
     6.00 deg.: X-S =  4588.113115 mb/sr,
+                                         /R =   7.0431E-01
     7.00 deg.: X-S =  3151.067639 mb/sr,
+                                         /R =   8.9555E-01
     8.00 deg.: X-S =  2571.144851 mb/sr,
+                                         /R =   1.2456E+00
     9.00 deg.: X-S =  2289.330544 mb/sr,
+                                         /R =   1.7751E+00
    10.00 deg.: X-S =  2111.602971 mb/sr,
+                                         /R =   2.4930E+00
    11.00 deg.: X-S =  1966.750856 mb/sr,
+                                         /R =   3.3960E+00
    12.00 deg.: X-S =  1828.782232 mb/sr,
+                                         /R =   4.4671E+00
    13.00 deg.: X-S =  1689.341973 mb/sr,
+                                         /R =   5.6765E+00
    14.00 deg.: X-S =  1547.110465 mb/sr,
+                                         /R =   6.9828E+00
    15.00 deg.: X-S =  1403.485875 mb/sr,
+                                         /R =   8.3354E+00
    16.00 deg.: X-S =  1260.753969 mb/sr,
+                                         /R =   9.6779E+00
    17.00 deg.: X-S =  1121.297124 mb/sr,
+                                         /R =   1.0951E+01
    18.00 deg.: X-S =   987.256708 mb/sr,
+                                         /R =   1.2097E+01
    19.00 deg.: X-S =   860.400505 mb/sr,
+                                         /R =   1.3064E+01
    20.00 deg.: X-S =   742.085696 mb/sr,
+                                         /R =   1.3806E+01
    21.00 deg.: X-S =   633.267499 mb/sr,
+                                         /R =   1.4291E+01
    22.00 deg.: X-S =   534.529897 mb/sr,
+                                         /R =   1.4498E+01
    23.00 deg.: X-S =   446.126920 mb/sr,
+                                         /R =   1.4421E+01
    24.00 deg.: X-S =   368.028452 mb/sr,
+                                         /R =   1.4071E+01
    25.00 deg.: X-S =   299.967215 mb/sr,
+                                         /R =   1.3469E+01
    26.00 deg.: X-S =   241.484890 mb/sr,
+                                         /R =   1.2652E+01
    27.00 deg.: X-S =   191.976006 mb/sr,
+                                         /R =   1.1666E+01
    28.00 deg.: X-S =   150.728653 mb/sr,
+                                         /R =   1.0564E+01
    29.00 deg.: X-S =   116.961369 mb/sr,
+                                         /R =   9.4053E+00
    30.00 deg.: X-S =    89.855754 mb/sr,
+                                         /R =   8.2501E+00
    31.00 deg.: X-S =    68.584584 mb/sr,
+                                         /R =   7.1573E+00
    32.00 deg.: X-S =    52.335342 mb/sr,
+                                         /R =   6.1813E+00
    33.00 deg.: X-S =    40.329238 mb/sr,
+                                         /R =   5.3693E+00
    34.00 deg.: X-S =    31.835939 mb/sr,
+                                         /R =   4.7598E+00
    35.00 deg.: X-S =    26.184283 mb/sr,
+                                         /R =   4.3806E+00
    36.00 deg.: X-S =    22.769371 mb/sr,
+                                         /R =   4.2483E+00
    37.00 deg.: X-S =    21.056447 mb/sr,
+                                         /R =   4.3674E+00
    38.00 deg.: X-S =    20.582041 mb/sr,
+                                         /R =   4.7314E+00
    39.00 deg.: X-S =    20.952814 mb/sr,
+                                         /R =   5.3230E+00
    40.00 deg.: X-S =    21.842579 mb/sr,
+                                         /R =   6.1156E+00
    41.00 deg.: X-S =    22.987911 mb/sr,
+                                         /R =   7.0751E+00
    42.00 deg.: X-S =    24.182758 mb/sr,
+                                         /R =   8.1612E+00
    43.00 deg.: X-S =    25.272402 mb/sr,
+                                         /R =   9.3299E+00
    44.00 deg.: X-S =    26.147082 mb/sr,
+                                         /R =   1.0535E+01
    45.00 deg.: X-S =    26.735533 mb/sr,
+                                         /R =   1.1732E+01
    46.00 deg.: X-S =    26.998674 mb/sr,
+                                         /R =   1.2876E+01
    47.00 deg.: X-S =    26.923596 mb/sr,
+                                         /R =   1.3927E+01
    48.00 deg.: X-S =    26.517987 mb/sr,
+                                         /R =   1.4850E+01
    49.00 deg.: X-S =    25.805074 mb/sr,
+                                         /R =   1.5615E+01
    50.00 deg.: X-S =    24.819145 mb/sr,
+                                         /R =   1.6200E+01
    51.00 deg.: X-S =    23.601666 mb/sr,
+                                         /R =   1.6589E+01
    52.00 deg.: X-S =    22.197996 mb/sr,
+                                         /R =   1.6773E+01
    53.00 deg.: X-S =    20.654692 mb/sr,
+                                         /R =   1.6752E+01
    54.00 deg.: X-S =    19.017343 mb/sr,
+                                         /R =   1.6530E+01
    55.00 deg.: X-S =    17.328926 mb/sr,
+                                         /R =   1.6118E+01
    56.00 deg.: X-S =    15.628599 mb/sr,
+                                         /R =   1.5534E+01
    57.00 deg.: X-S =    13.950894 mb/sr,
+                                         /R =   1.4797E+01
    58.00 deg.: X-S =    12.325253 mb/sr,
+                                         /R =   1.3932E+01
    59.00 deg.: X-S =    10.775837 mb/sr,
+                                         /R =   1.2964E+01
    60.00 deg.: X-S =     9.321573 mb/sr,
+                                         /R =   1.1921E+01
    61.00 deg.: X-S =     7.976380 mb/sr,
+                                         /R =   1.0830E+01
    62.00 deg.: X-S =     6.749524 mb/sr,
+                                         /R =   9.7176E+00
    63.00 deg.: X-S =     5.646073 mb/sr,
+                                         /R =   8.6103E+00
    64.00 deg.: X-S =     4.667412 mb/sr,
+                                         /R =   7.5309E+00
    65.00 deg.: X-S =     3.811780 mb/sr,
+                                         /R =   6.5002E+00
    66.00 deg.: X-S =     3.074823 mb/sr,
+                                         /R =   5.5359E+00
    67.00 deg.: X-S =     2.450125 mb/sr,
+                                         /R =   4.6524E+00
    68.00 deg.: X-S =     1.929715 mb/sr,
+                                         /R =   3.8607E+00
    69.00 deg.: X-S =     1.504532 mb/sr,
+                                         /R =   3.1684E+00
    70.00 deg.: X-S =     1.164839 mb/sr,
+                                         /R =   2.5797E+00
    71.00 deg.: X-S =     0.900596 mb/sr,
+                                         /R =   2.0954E+00
    72.00 deg.: X-S =     0.701762 mb/sr,
+                                         /R =   1.7139E+00
    73.00 deg.: X-S =     0.558560 mb/sr,
+                                         /R =   1.4307E+00
    74.00 deg.: X-S =     0.461681 mb/sr,
+                                         /R =   1.2391E+00
    75.00 deg.: X-S =     0.402442 mb/sr,
+                                         /R =   1.1309E+00
    76.00 deg.: X-S =     0.372898 mb/sr,
+                                         /R =   1.0962E+00
    77.00 deg.: X-S =     0.365916 mb/sr,
+                                         /R =   1.1244E+00
    78.00 deg.: X-S =     0.375215 mb/sr,
+                                         /R =   1.2042E+00
    79.00 deg.: X-S =     0.395372 mb/sr,
+                                         /R =   1.3243E+00
    80.00 deg.: X-S =     0.421809 mb/sr,
+                                         /R =   1.4734E+00
    81.00 deg.: X-S =     0.450756 mb/sr,
+                                         /R =   1.6408E+00
    82.00 deg.: X-S =     0.479198 mb/sr,
+                                         /R =   1.8164E+00
    83.00 deg.: X-S =     0.504817 mb/sr,
+                                         /R =   1.9912E+00
    84.00 deg.: X-S =     0.525918 mb/sr,
+                                         /R =   2.1572E+00
    85.00 deg.: X-S =     0.541359 mb/sr,
+                                         /R =   2.3075E+00
    86.00 deg.: X-S =     0.550473 mb/sr,
+                                         /R =   2.4367E+00
    87.00 deg.: X-S =     0.552995 mb/sr,
+                                         /R =   2.5404E+00
    88.00 deg.: X-S =     0.548989 mb/sr,
+                                         /R =   2.6156E+00
    89.00 deg.: X-S =     0.538783 mb/sr,
+                                         /R =   2.6607E+00
    90.00 deg.: X-S =     0.522903 mb/sr,
+                                         /R =   2.6748E+00
    91.00 deg.: X-S =     0.502020 mb/sr,
+                                         /R =   2.6584E+00
    92.00 deg.: X-S =     0.476899 mb/sr,
+                                         /R =   2.6127E+00
    93.00 deg.: X-S =     0.448357 mb/sr,
+                                         /R =   2.5398E+00
    94.00 deg.: X-S =     0.417222 mb/sr,
+                                         /R =   2.4423E+00
    95.00 deg.: X-S =     0.384310 mb/sr,
+                                         /R =   2.3235E+00
    96.00 deg.: X-S =     0.350394 mb/sr,
+                                         /R =   2.1867E+00
    97.00 deg.: X-S =     0.316190 mb/sr,
+                                         /R =   2.0356E+00
    98.00 deg.: X-S =     0.282343 mb/sr,
+                                         /R =   1.8742E+00
    99.00 deg.: X-S =     0.249415 mb/sr,
+                                         /R =   1.7062E+00
   100.00 deg.: X-S =     0.217883 mb/sr,
+                                         /R =   1.5352E+00
   101.00 deg.: X-S =     0.188139 mb/sr,
+                                         /R =   1.3647E+00
   102.00 deg.: X-S =     0.160488 mb/sr,
+                                         /R =   1.1978E+00
   103.00 deg.: X-S =     0.135151 mb/sr,
+                                         /R =   1.0374E+00
   104.00 deg.: X-S =     0.112274 mb/sr,
+                                         /R =   8.8581E-01
   105.00 deg.: X-S =     0.091934 mb/sr,
+                                         /R =   7.4520E-01
   106.00 deg.: X-S =     0.074144 mb/sr,
+                                         /R =   6.1716E-01
   107.00 deg.: X-S =     0.058862 mb/sr,
+                                         /R =   5.0289E-01
   108.00 deg.: X-S =     0.046000 mb/sr,
+                                         /R =   4.0320E-01
   109.00 deg.: X-S =     0.035435 mb/sr,
+                                         /R =   3.1850E-01
   110.00 deg.: X-S =     0.027010 mb/sr,
+                                         /R =   2.4883E-01
   111.00 deg.: X-S =     0.020548 mb/sr,
+                                         /R =   1.9394E-01
   112.00 deg.: X-S =     0.015857 mb/sr,
+                                         /R =   1.5326E-01
   113.00 deg.: X-S =     0.012734 mb/sr,
+                                         /R =   1.2598E-01
   114.00 deg.: X-S =     0.010975 mb/sr,
+                                         /R =   1.1109E-01
   115.00 deg.: X-S =     0.010376 mb/sr,
+                                         /R =   1.0741E-01
   116.00 deg.: X-S =     0.010739 mb/sr,
+                                         /R =   1.1365E-01
   117.00 deg.: X-S =     0.011875 mb/sr,
+                                         /R =   1.2842E-01
   118.00 deg.: X-S =     0.013608 mb/sr,
+                                         /R =   1.5031E-01
   119.00 deg.: X-S =     0.015775 mb/sr,
+                                         /R =   1.7790E-01
   120.00 deg.: X-S =     0.018227 mb/sr,
+                                         /R =   2.0978E-01
   121.00 deg.: X-S =     0.020833 mb/sr,
+                                         /R =   2.4461E-01
   122.00 deg.: X-S =     0.023479 mb/sr,
+                                         /R =   2.8112E-01
   123.00 deg.: X-S =     0.026067 mb/sr,
+                                         /R =   3.1813E-01
   124.00 deg.: X-S =     0.028514 mb/sr,
+                                         /R =   3.5459E-01
   125.00 deg.: X-S =     0.030755 mb/sr,
+                                         /R =   3.8955E-01
   126.00 deg.: X-S =     0.032739 mb/sr,
+                                         /R =   4.2220E-01
   127.00 deg.: X-S =     0.034428 mb/sr,
+                                         /R =   4.5186E-01
   128.00 deg.: X-S =     0.035798 mb/sr,
+                                         /R =   4.7800E-01
   129.00 deg.: X-S =     0.036836 mb/sr,
+                                         /R =   5.0021E-01
   130.00 deg.: X-S =     0.037537 mb/sr,
+                                         /R =   5.1819E-01
   131.00 deg.: X-S =     0.037908 mb/sr,
+                                         /R =   5.3180E-01
   132.00 deg.: X-S =     0.037960 mb/sr,
+                                         /R =   5.4098E-01
   133.00 deg.: X-S =     0.037713 mb/sr,
+                                         /R =   5.4577E-01
   134.00 deg.: X-S =     0.037189 mb/sr,
+                                         /R =   5.4632E-01
   135.00 deg.: X-S =     0.036416 mb/sr,
+                                         /R =   5.4285E-01
   136.00 deg.: X-S =     0.035422 mb/sr,
+                                         /R =   5.3563E-01
   137.00 deg.: X-S =     0.034239 mb/sr,
+                                         /R =   5.2500E-01
   138.00 deg.: X-S =     0.032897 mb/sr,
+                                         /R =   5.1132E-01
   139.00 deg.: X-S =     0.031429 mb/sr,
+                                         /R =   4.9500E-01
   140.00 deg.: X-S =     0.029863 mb/sr,
+                                         /R =   4.7644E-01
   141.00 deg.: X-S =     0.028230 mb/sr,
+                                         /R =   4.5606E-01
   142.00 deg.: X-S =     0.026555 mb/sr,
+                                         /R =   4.3427E-01
   143.00 deg.: X-S =     0.024864 mb/sr,
+                                         /R =   4.1146E-01
   144.00 deg.: X-S =     0.023179 mb/sr,
+                                         /R =   3.8802E-01
   145.00 deg.: X-S =     0.021520 mb/sr,
+                                         /R =   3.6429E-01
   146.00 deg.: X-S =     0.019903 mb/sr,
+                                         /R =   3.4059E-01
   147.00 deg.: X-S =     0.018342 mb/sr,
+                                         /R =   3.1720E-01
   148.00 deg.: X-S =     0.016849 mb/sr,
+                                         /R =   2.9435E-01
   149.00 deg.: X-S =     0.015432 mb/sr,
+                                         /R =   2.7227E-01
   150.00 deg.: X-S =     0.014097 mb/sr,
+                                         /R =   2.5110E-01
   151.00 deg.: X-S =     0.012849 mb/sr,
+                                         /R =   2.3098E-01
   152.00 deg.: X-S =     0.011689 mb/sr,
+                                         /R =   2.1199E-01
   153.00 deg.: X-S =     0.010617 mb/sr,
+                                         /R =   1.9421E-01
   154.00 deg.: X-S =     0.009632 mb/sr,
+                                         /R =   1.7764E-01
   155.00 deg.: X-S =     0.008731 mb/sr,
+                                         /R =   1.6230E-01
   156.00 deg.: X-S =     0.007910 mb/sr,
+                                         /R =   1.4817E-01
   157.00 deg.: X-S =     0.007165 mb/sr,
+                                         /R =   1.3519E-01
   158.00 deg.: X-S =     0.006491 mb/sr,
+                                         /R =   1.2332E-01
   159.00 deg.: X-S =     0.005882 mb/sr,
+                                         /R =   1.1249E-01
   160.00 deg.: X-S =     0.005332 mb/sr,
+                                         /R =   1.0262E-01
   161.00 deg.: X-S =     0.004837 mb/sr,
+                                         /R =   9.3647E-02
   162.00 deg.: X-S =     0.004390 mb/sr,
+                                         /R =   8.5483E-02
   163.00 deg.: X-S =     0.003987 mb/sr,
+                                         /R =   7.8055E-02
   164.00 deg.: X-S =     0.003623 mb/sr,
+                                         /R =   7.1293E-02
   165.00 deg.: X-S =     0.003294 mb/sr,
+                                         /R =   6.5131E-02
   166.00 deg.: X-S =     0.002997 mb/sr,
+                                         /R =   5.9512E-02
   167.00 deg.: X-S =     0.002727 mb/sr,
+                                         /R =   5.4386E-02
   168.00 deg.: X-S =     0.002484 mb/sr,
+                                         /R =   4.9711E-02
   169.00 deg.: X-S =     0.002263 mb/sr,
+                                         /R =   4.5455E-02
   170.00 deg.: X-S =     0.002064 mb/sr,
+                                         /R =   4.1593E-02
   171.00 deg.: X-S =     0.001886 mb/sr,
+                                         /R =   3.8107E-02
   172.00 deg.: X-S =     0.001727 mb/sr,
+                                         /R =   3.4986E-02
   173.00 deg.: X-S =     0.001587 mb/sr,
+                                         /R =   3.2223E-02
   174.00 deg.: X-S =     0.001465 mb/sr,
+                                         /R =   2.9818E-02
   175.00 deg.: X-S =     0.001363 mb/sr,
+                                         /R =   2.7773E-02
   176.00 deg.: X-S =     0.001278 mb/sr,
+                                         /R =   2.6090E-02
   177.00 deg.: X-S =     0.001212 mb/sr,
+                                         /R =   2.4774E-02
   178.00 deg.: X-S =     0.001165 mb/sr,
+                                         /R =   2.3831E-02
   179.00 deg.: X-S =     0.001137 mb/sr,
+                                         /R =   2.3263E-02
   179.99 deg.: X-S =     0.001128 mb/sr,
+                                         /R =   2.3073E-02
                                           Integrated 1491.6189 mb, over [   3.000, 180.000] at    43.2700 MeV 

 CROSS SECTIONS FOR OUTGOING p        & O20      in state #   2 with spins & parities 0.5  + &  3.0  -;  0

     3.00 deg.: X-S =     5.646617 mb/sr,
+                                         REAC   5.9861E+01 mb
     4.00 deg.: X-S =     6.055163 mb/sr,
     5.00 deg.: X-S =     6.558129 mb/sr,
     6.00 deg.: X-S =     7.140505 mb/sr,
     7.00 deg.: X-S =     7.786854 mb/sr,
     8.00 deg.: X-S =     8.483017 mb/sr,
     9.00 deg.: X-S =     9.217143 mb/sr,
    10.00 deg.: X-S =     9.979842 mb/sr,
    11.00 deg.: X-S =    10.763732 mb/sr,
    12.00 deg.: X-S =    11.562972 mb/sr,
    13.00 deg.: X-S =    12.373187 mb/sr,
    14.00 deg.: X-S =    13.191801 mb/sr,
    15.00 deg.: X-S =    14.018365 mb/sr,
    16.00 deg.: X-S =    14.854462 mb/sr,
    17.00 deg.: X-S =    15.702979 mb/sr,
    18.00 deg.: X-S =    16.566954 mb/sr,
    19.00 deg.: X-S =    17.448395 mb/sr,
    20.00 deg.: X-S =    18.347389 mb/sr,
    21.00 deg.: X-S =    19.261624 mb/sr,
    22.00 deg.: X-S =    20.186188 mb/sr,
    23.00 deg.: X-S =    21.113494 mb/sr,
    24.00 deg.: X-S =    22.033243 mb/sr,
    25.00 deg.: X-S =    22.932507 mb/sr,
    26.00 deg.: X-S =    23.795992 mb/sr,
    27.00 deg.: X-S =    24.606555 mb/sr,
    28.00 deg.: X-S =    25.345893 mb/sr,
    29.00 deg.: X-S =    25.995321 mb/sr,
    30.00 deg.: X-S =    26.536576 mb/sr,
    31.00 deg.: X-S =    26.952609 mb/sr,
    32.00 deg.: X-S =    27.228369 mb/sr,
    33.00 deg.: X-S =    27.351537 mb/sr,
    34.00 deg.: X-S =    27.313128 mb/sr,
    35.00 deg.: X-S =    27.107898 mb/sr,
    36.00 deg.: X-S =    26.734532 mb/sr,
    37.00 deg.: X-S =    26.195661 mb/sr,
    38.00 deg.: X-S =    25.497766 mb/sr,
    39.00 deg.: X-S =    24.651008 mb/sr,
    40.00 deg.: X-S =    23.668949 mb/sr,
    41.00 deg.: X-S =    22.568134 mb/sr,
    42.00 deg.: X-S =    21.367517 mb/sr,
    43.00 deg.: X-S =    20.087768 mb/sr,
    44.00 deg.: X-S =    18.750569 mb/sr,
    45.00 deg.: X-S =    17.377947 mb/sr,
    46.00 deg.: X-S =    15.991698 mb/sr,
    47.00 deg.: X-S =    14.612852 mb/sr,
    48.00 deg.: X-S =    13.261171 mb/sr,
    49.00 deg.: X-S =    11.954673 mb/sr,
    50.00 deg.: X-S =    10.709215 mb/sr,
    51.00 deg.: X-S =     9.538198 mb/sr,
    52.00 deg.: X-S =     8.452406 mb/sr,
    53.00 deg.: X-S =     7.459957 mb/sr,
    54.00 deg.: X-S =     6.566334 mb/sr,
    55.00 deg.: X-S =     5.774451 mb/sr,
    56.00 deg.: X-S =     5.084765 mb/sr,
    57.00 deg.: X-S =     4.495458 mb/sr,
    58.00 deg.: X-S =     4.002684 mb/sr,
    59.00 deg.: X-S =     3.600894 mb/sr,
    60.00 deg.: X-S =     3.283171 mb/sr,
    61.00 deg.: X-S =     3.041552 mb/sr,
    62.00 deg.: X-S =     2.867313 mb/sr,
    63.00 deg.: X-S =     2.751233 mb/sr,
    64.00 deg.: X-S =     2.683865 mb/sr,
    65.00 deg.: X-S =     2.655810 mb/sr,
    66.00 deg.: X-S =     2.657979 mb/sr,
    67.00 deg.: X-S =     2.681823 mb/sr,
    68.00 deg.: X-S =     2.719479 mb/sr,
    69.00 deg.: X-S =     2.763871 mb/sr,
    70.00 deg.: X-S =     2.808762 mb/sr,
    71.00 deg.: X-S =     2.848804 mb/sr,
    72.00 deg.: X-S =     2.879575 mb/sr,
    73.00 deg.: X-S =     2.897607 mb/sr,
    74.00 deg.: X-S =     2.900373 mb/sr,
    75.00 deg.: X-S =     2.886230 mb/sr,
    76.00 deg.: X-S =     2.854329 mb/sr,
    77.00 deg.: X-S =     2.804517 mb/sr,
    78.00 deg.: X-S =     2.737239 mb/sr,
    79.00 deg.: X-S =     2.653458 mb/sr,
    80.00 deg.: X-S =     2.554582 mb/sr,
    81.00 deg.: X-S =     2.442374 mb/sr,
    82.00 deg.: X-S =     2.318856 mb/sr,
    83.00 deg.: X-S =     2.186212 mb/sr,
    84.00 deg.: X-S =     2.046688 mb/sr,
    85.00 deg.: X-S =     1.902529 mb/sr,
    86.00 deg.: X-S =     1.755920 mb/sr,
    87.00 deg.: X-S =     1.608945 mb/sr,
    88.00 deg.: X-S =     1.463547 mb/sr,
    89.00 deg.: X-S =     1.321492 mb/sr,
    90.00 deg.: X-S =     1.184339 mb/sr,
    91.00 deg.: X-S =     1.053417 mb/sr,
    92.00 deg.: X-S =     0.929818 mb/sr,
    93.00 deg.: X-S =     0.814402 mb/sr,
    94.00 deg.: X-S =     0.707805 mb/sr,
    95.00 deg.: X-S =     0.610448 mb/sr,
    96.00 deg.: X-S =     0.522556 mb/sr,
    97.00 deg.: X-S =     0.444166 mb/sr,
    98.00 deg.: X-S =     0.375147 mb/sr,
    99.00 deg.: X-S =     0.315224 mb/sr,
   100.00 deg.: X-S =     0.263998 mb/sr,
   101.00 deg.: X-S =     0.220972 mb/sr,
   102.00 deg.: X-S =     0.185569 mb/sr,
   103.00 deg.: X-S =     0.157160 mb/sr,
   104.00 deg.: X-S =     0.135072 mb/sr,
   105.00 deg.: X-S =     0.118618 mb/sr,
   106.00 deg.: X-S =     0.107101 mb/sr,
   107.00 deg.: X-S =     0.099833 mb/sr,
   108.00 deg.: X-S =     0.096147 mb/sr,
   109.00 deg.: X-S =     0.095407 mb/sr,
   110.00 deg.: X-S =     0.097014 mb/sr,
   111.00 deg.: X-S =     0.100421 mb/sr,
   112.00 deg.: X-S =     0.105128 mb/sr,
   113.00 deg.: X-S =     0.110687 mb/sr,
   114.00 deg.: X-S =     0.116706 mb/sr,
   115.00 deg.: X-S =     0.122840 mb/sr,
   116.00 deg.: X-S =     0.128799 mb/sr,
   117.00 deg.: X-S =     0.134342 mb/sr,
   118.00 deg.: X-S =     0.139280 mb/sr,
   119.00 deg.: X-S =     0.143470 mb/sr,
   120.00 deg.: X-S =     0.146809 mb/sr,
   121.00 deg.: X-S =     0.149231 mb/sr,
   122.00 deg.: X-S =     0.150698 mb/sr,
   123.00 deg.: X-S =     0.151202 mb/sr,
   124.00 deg.: X-S =     0.150759 mb/sr,
   125.00 deg.: X-S =     0.149407 mb/sr,
   126.00 deg.: X-S =     0.147202 mb/sr,
   127.00 deg.: X-S =     0.144211 mb/sr,
   128.00 deg.: X-S =     0.140514 mb/sr,
   129.00 deg.: X-S =     0.136192 mb/sr,
   130.00 deg.: X-S =     0.131331 mb/sr,
   131.00 deg.: X-S =     0.126018 mb/sr,
   132.00 deg.: X-S =     0.120342 mb/sr,
   133.00 deg.: X-S =     0.114387 mb/sr,
   134.00 deg.: X-S =     0.108237 mb/sr,
   135.00 deg.: X-S =     0.101969 mb/sr,
   136.00 deg.: X-S =     0.095654 mb/sr,
   137.00 deg.: X-S =     0.089358 mb/sr,
   138.00 deg.: X-S =     0.083139 mb/sr,
   139.00 deg.: X-S =     0.077050 mb/sr,
   140.00 deg.: X-S =     0.071136 mb/sr,
   141.00 deg.: X-S =     0.065436 mb/sr,
   142.00 deg.: X-S =     0.059982 mb/sr,
   143.00 deg.: X-S =     0.054801 mb/sr,
   144.00 deg.: X-S =     0.049914 mb/sr,
   145.00 deg.: X-S =     0.045336 mb/sr,
   146.00 deg.: X-S =     0.041077 mb/sr,
   147.00 deg.: X-S =     0.037144 mb/sr,
   148.00 deg.: X-S =     0.033537 mb/sr,
   149.00 deg.: X-S =     0.030255 mb/sr,
   150.00 deg.: X-S =     0.027293 mb/sr,
   151.00 deg.: X-S =     0.024646 mb/sr,
   152.00 deg.: X-S =     0.022302 mb/sr,
   153.00 deg.: X-S =     0.020253 mb/sr,
   154.00 deg.: X-S =     0.018483 mb/sr,
   155.00 deg.: X-S =     0.016979 mb/sr,
   156.00 deg.: X-S =     0.015724 mb/sr,
   157.00 deg.: X-S =     0.014702 mb/sr,
   158.00 deg.: X-S =     0.013897 mb/sr,
   159.00 deg.: X-S =     0.013292 mb/sr,
   160.00 deg.: X-S =     0.012869 mb/sr,
   161.00 deg.: X-S =     0.012609 mb/sr,
   162.00 deg.: X-S =     0.012496 mb/sr,
   163.00 deg.: X-S =     0.012512 mb/sr,
   164.00 deg.: X-S =     0.012637 mb/sr,
   165.00 deg.: X-S =     0.012856 mb/sr,
   166.00 deg.: X-S =     0.013151 mb/sr,
   167.00 deg.: X-S =     0.013506 mb/sr,
   168.00 deg.: X-S =     0.013906 mb/sr,
   169.00 deg.: X-S =     0.014335 mb/sr,
   170.00 deg.: X-S =     0.014779 mb/sr,
   171.00 deg.: X-S =     0.015224 mb/sr,
   172.00 deg.: X-S =     0.015658 mb/sr,
   173.00 deg.: X-S =     0.016069 mb/sr,
   174.00 deg.: X-S =     0.016446 mb/sr,
   175.00 deg.: X-S =     0.016782 mb/sr,
   176.00 deg.: X-S =     0.017067 mb/sr,
   177.00 deg.: X-S =     0.017297 mb/sr,
   178.00 deg.: X-S =     0.017465 mb/sr,
   179.00 deg.: X-S =     0.017568 mb/sr,
   180.00 deg.: X-S =     0.017602 mb/sr,
                                           Integrated   59.8297 mb, over [   3.000, 180.000] at    43.2700 MeV 
 Finished all xsecs @   0.305606991    

  The following files have been created:
   3:local copy of User input.            6:standard output.                   
   7:elastic  S-matrix elements.         13:total cross sections/state.        
  16:tables of cross sections.           35:Astrophysics S-factors  / Ecm.     
  38:cross sections for each J/pi.       39:cross sections for each Ecm.       
  40:all cross sectns. for each Elab.    45:scat phase shift as E functions.   
  56:Fusion for each Jtotal.             75:S-factors for lab energies.        
 201:Separate cross sections.           202:Separate cross sections.           

 PARAMETERS : MAXQRN   MFNL   MLOC  LMAX1 MCLIST
    ALLOWED :      1     64      9     70     15
    REQUIRED:      0      0      9     55      5


 ACCURACY ANALYSIS at    43.270 MeV :

  Elastic h*k = 0.041 so OK       compared with 0.200

   Real(S-el) > 0.01 first at J =       0.5
   Real(S-el) > 0.10 first at J =       0.5
   Real(S-el) > 0.50 first at J =       5.5
   Real(S-el) > 0.90 first at J =       7.5
   Real(S-el) > 0.99 first at J =       9.5
   R-turn =    36.87 fm    at J =      50.5

 Forward-angle excitation cut off below   0.432 deg by max JT =      50.5
                              and below   0.267 deg by max R.

 Total CPU  0 time =       0.31 seconds
