 FRESCO - FRES 3.4: Coupled Reaction Channels
 Assuming NAMELIST input.

 p+O20 with CH89;                                                                

   0.030  60.000   0.500   0.000   0.000   0.000   0.000   0.000   0.000   0.000

 Centre-of-mass Range is   2002 * 0.0300 fm., Maximum at  60.00 fm., Interpolating NL forms every  0.51 fm.
 Non - locality width is      4 * 0.0300 fm., Maximum of   0.09 fm., Centred at  0.00 fm.
 2-Nucleon Separation of      0 * 0.5100 fm., Maximum of   0.00 fm., Minimum at  0.00 fm.
 Maximum single particle bins of 59.6700 fm.
               M,Mint =         2001        1990


 Range of total J is     0.0 <= J <=    50.0 (at least     0.0) and Absorbtion =>     0.0010 mb.
 Dry Run = F, CC set limits =  0  0, Relativistic kinematics =  , Both/Far/Near Analyses =  1                     

 Cross Sections (and up to T0 for 0=projectile) for Theta from   3.0 to-180.0 in steps of  1.0 degrees, DGAM=0,  Coordinates = 0 (Mads)

 Lower Radial Cutoff = maximum of -1.60*L*h &       0.0 fm.,  Lower Cutoff for Couplings =   0.0  fm.


 Iterate Couplings between   0 and   0 times, to  0.000 % if sooner.                                          
  Block solved exactly =   0 chs., with Pade = 0 & Isocen =  =0, NOSOL = F, initwf =  0
  NL quadrature with   18 Gaussian points, Calculate multipoles up to    56 from   0
  M-transfers for lp+lt greater than or equal to  6, Angular Integration Cutoff below  2.7778 %


 Trace switches are :  CHANS =  1, LISTCC =  0, TRENEG =  0, CDETR =  0, SMATS =  2, XSTABL =  1, NLPL =  0

                       WAVES =  0, LAMPL =  0, VEFF =  0, KFUS =  0, WDISK =  0, BPM =  0, MELFIL =  0

                       CDCC =  0, NFUS =  0

 Using unit mass = 1.000000 amu and 1/fine-structure constant = 137.03599 ( 1.000000 * true ) with hc = 197.32705 MeV.fm,
  thus 2*amu/hbar^2 = 0.0478450 = 1/20.9008 and Coulomb constant = 0.1574855 so e^2 = 1.43997, and nuclear magneton= 0.1261183

 Now pre-scan input and save to file 3



 *********** PARTITION NUMBER  1 ******************************************************************************************

   PROJ=p          MASS=  1.0073 Z=   1.0,        # STATES=    1T, TARG=O20      MASS= 19.9997 Z=   8.0,     Q-VALUE =  -0.0000 MEV.

     1:  J= 0.5+ (B# 1), E=  0.0000, K= 0.5              Potl#  1       J= 0.0+ (B# 1), E=  0.0000, K= 0.0    


 ************************************************************************************************************************************

 The following POTENTIALS are defined :

  KP#       TYPE      IT    SHAPE      at     V1        r1        a1        V2        r2        a2        A-in     A-used


                                            A#1       A#2        r0c       ac                                                h @ 1
    1    0=Coulomb       0=CHARGE (WS)  1    20.000     0.000    1.2842    0.0000    0.0000    0.0000     0.000    20.000   0.03000

    1    1=Volume        0=Woods-Saxon  2   39.3046    1.1671    0.6900    2.5643    1.1753    0.6900     0.000    20.000

    1    2=Surface       0=Woods-Saxon  3    0.0000    0.0000    0.0000    5.4417    1.1753    0.6900     0.000    20.000

    1    3=Projtl S.O.   0=Woods-Saxon  4    5.9000    0.8979    0.6300    0.0000    0.0000    0.0000     0.000    20.000

 Incoming partition  1 in excitation state # 1,   Laboratory Energy given for partition  1 Nucleus 1 in Excitation pair 1

0Lab. ENERGY ranges :

   from    35.0000     to   0.00000     in     0 intervals
   from    0.00000     to   0.00000     in     0 intervals
   from    0.00000     to   0.00000     in     0 intervals

 Largest real,imaginary parts of any form factor at R=   59.52 are   2.42E-02  5.83E-32 MeV
 Finished all Couplings @    4.14000009E-04           4

 Symmetric Hamiltonian
1***********************************************************************************************************************************
************************************************************************************************************************************

        INCOMING p        ;    LABORATORY p        ENERGY =   35.000     MeV.

 ***********************************************************************************************************************************
 ***********************************************************************************************************************************

 Allocate arrays for            2  channels, of which            1  need wfs.

 ######################################################################################################################
 #                                                                                                                    #
 # Total SPIN and PARITY =     0.5 +,      1 channels,    0 in 1st block.  Rmin & Coul turning =    0.0    0.3 fm.  #
 #                                                                                                                    #
 ######################################################################################################################



    C Projectl Target   #   EX.   (L  Proj) J  + Targ = Jtotal     E-cm      Re K     Re Eta     RM*K            CH
    1 p        O20      #    1: I   0 0.5    0.5  0.0     0.5    33.32176   1.23648   0.21373   74.1887   0.33920  -0.36833 1 1 1   1
   S-matrix    1 =   -0.02725  -0.51053 for L=    0, J=    0.5 channel on core I =   0.0 from L=    0,  Acc. loss =  0.0 D.
 Elastic phase shift   1 =  -46.528  19.219 deg. for the L =    0, J =    0.5 channel.
       0.5 -0.02724854 -0.51053275i: elastic S-matrix  @@      0.00  0   0 F  0
 Reaction Xsec     0.5+/ 0 @ 1 =  15.177 , Out:   0.000#


 Total SPIN, PARITY =     0.5 -,      1 chs,      0 cc.  Rmin & Coul turning =    0.0    0.3
   S-matrix    1 =   -0.39490  -0.25601 for L=    1, J=    0.5 channel on core I =   0.0 from L=    1,  Acc. loss =  0.0 D.
 Elastic phase shift   1 =  -73.523  21.592 deg. for the L =    1, J =    0.5 channel.
       0.5 -0.39489516 -0.25600777i: elastic S-matrix  @@      0.00  0   0 F  0
 Reaction Xsec     0.5-/ 1 @ 1 =  15.997 , Out:   0.000#


 Total SPIN, PARITY =     1.5 +,      1 chs,      0 cc.  Rmin & Coul turning =    0.0    1.3
   S-matrix    1 =   -0.46414   0.09309 for L=    2, J=    1.5 channel on core I =   0.0 from L=    2,  Acc. loss =  0.0 D.
 Elastic phase shift   1 =   84.330  21.424 deg. for the L =    2, J =    1.5 channel.
       1.5 -0.46414013  0.09308796i: elastic S-matrix  @@      0.00  0   0 F  0
 Reaction Xsec     1.5+/ 2 @ 1 =  31.887 , Out:   0.000#


 Total SPIN, PARITY =     1.5 -,      1 chs,      0 cc.  Rmin & Coul turning =    0.0    1.3
   S-matrix    1 =   -0.21728  -0.42985 for L=    1, J=    1.5 channel on core I =   0.0 from L=    1,  Acc. loss =  0.0 D.
 Elastic phase shift   1 =  -58.408  20.929 deg. for the L =    1, J =    1.5 channel.
       1.5 -0.21727788 -0.42985176i: elastic S-matrix  @@      0.00  0   0 F  0
 Reaction Xsec     1.5-/ 1 @ 1 =  31.563 , Out:   0.000#


 Total SPIN, PARITY =     2.5 +,      1 chs,      0 cc.  Rmin & Coul turning =    0.1    2.2
   S-matrix    1 =   -0.38788  -0.30588 for L=    2, J=    2.5 channel on core I =   0.0 from L=    2,  Acc. loss =  0.0 D.
 Elastic phase shift   1 =  -70.870  20.204 deg. for the L =    2, J =    2.5 channel.
       2.5 -0.38787621 -0.30588424i: elastic S-matrix  @@      0.00  0   0 F  0
 Reaction Xsec     2.5+/ 2 @ 1 =  46.603 , Out:   0.000#


 Total SPIN, PARITY =     2.5 -,      1 chs,      0 cc.  Rmin & Coul turning =    0.1    2.2
   S-matrix    1 =   -0.20799   0.32043 for L=    3, J=    2.5 channel on core I =   0.0 from L=    3,  Acc. loss =  0.0 D.
 Elastic phase shift   1 =   61.494  27.568 deg. for the L =    3, J =    2.5 channel.
       2.5 -0.20798920  0.32043164i: elastic S-matrix  @@      0.00  0   0 F  0
 Reaction Xsec     2.5-/ 3 @ 1 =  52.649 , Out:   0.000#


 Total SPIN, PARITY =     3.5 +,      1 chs,      0 cc.  Rmin & Coul turning =    0.1    3.0
   S-matrix    1 =    0.26032   0.37199 for L=    4, J=    3.5 channel on core I =   0.0 from L=    4,  Acc. loss =  0.0 D.
 Elastic phase shift   1 =   27.507  22.620 deg. for the L =    4, J =    3.5 channel.
       3.5  0.26032248  0.37198557i: elastic S-matrix  @@      0.00  0   0 F  0
 Reaction Xsec     3.5+/ 4 @ 1 =  65.250 , Out:   0.000#


 Total SPIN, PARITY =     3.5 -,      1 chs,      0 cc.  Rmin & Coul turning =    0.1    3.0
   S-matrix    1 =   -0.44129  -0.08904 for L=    3, J=    3.5 channel on core I =   0.0 from L=    3,  Acc. loss =  0.0 D.
 Elastic phase shift   1 =  -84.296  22.864 deg. for the L =    3, J =    3.5 channel.
       3.5 -0.44129388 -0.08904423i: elastic S-matrix  @@      0.00  0   0 F  0
 Reaction Xsec     3.5-/ 3 @ 1 =  65.535 , Out:   0.000#


 Total SPIN, PARITY =     4.5 +,      1 chs,      0 cc.  Rmin & Coul turning =    0.2    3.8
   S-matrix    1 =   -0.11478   0.29874 for L=    4, J=    4.5 channel on core I =   0.0 from L=    4,  Acc. loss =  0.0 D.
 Elastic phase shift   1 =   55.509  32.640 deg. for the L =    4, J =    4.5 channel.
       4.5 -0.11477726  0.29873816i: elastic S-matrix  @@      0.00  0   0 F  0
 Reaction Xsec     4.5+/ 4 @ 1 =  92.219 , Out:   0.000#


 Total SPIN, PARITY =     4.5 -,      1 chs,      0 cc.  Rmin & Coul turning =    0.2    3.8
   S-matrix    1 =    0.67717   0.25767 for L=    5, J=    4.5 channel on core I =   0.0 from L=    5,  Acc. loss =  0.0 D.
 Elastic phase shift   1 =   10.416   9.231 deg. for the L =    5, J =    4.5 channel.
       4.5  0.67717371  0.25767182i: elastic S-matrix  @@      0.00  0   0 F  0
 Reaction Xsec     4.5-/ 5 @ 1 =  48.806 , Out:   0.000#


 Total SPIN, PARITY =     5.5 +,      1 chs,      0 cc.  Rmin & Coul turning =    0.2    4.6
   S-matrix    1 =    0.88439   0.12208 for L=    6, J=    5.5 channel on core I =   0.0 from L=    6,  Acc. loss =  0.0 D.
 Elastic phase shift   1 =    3.930   3.249 deg. for the L =    6, J =    5.5 channel.
       5.5  0.88438542  0.12207734i: elastic S-matrix  @@      0.00  0   0 F  0
 Reaction Xsec     5.5+/ 6 @ 1 =  25.023 , Out:   0.000#


 Total SPIN, PARITY =     5.5 -,      1 chs,      0 cc.  Rmin & Coul turning =    0.2    4.6
   S-matrix    1 =    0.53432   0.36674 for L=    5, J=    5.5 channel on core I =   0.0 from L=    5,  Acc. loss =  0.0 D.
 Elastic phase shift   1 =   17.232  12.426 deg. for the L =    5, J =    5.5 channel.
       5.5  0.53431623  0.36673636i: elastic S-matrix  @@      0.00  0   0 F  0
 Reaction Xsec     5.5-/ 5 @ 1 =  71.509 , Out:   0.000#


 Total SPIN, PARITY =     6.5 +,      1 chs,      0 cc.  Rmin & Coul turning =    0.3    5.4
   S-matrix    1 =    0.86109   0.17614 for L=    6, J=    6.5 channel on core I =   0.0 from L=    6,  Acc. loss =  0.0 D.
 Elastic phase shift   1 =    5.780   3.697 deg. for the L =    6, J =    6.5 channel.
       6.5  0.86109111  0.17614231i: elastic S-matrix  @@      0.00  0   0 F  0
 Reaction Xsec     6.5+/ 6 @ 1 =  32.723 , Out:   0.000#


 Total SPIN, PARITY =     6.5 -,      1 chs,      0 cc.  Rmin & Coul turning =    0.3    5.4
   S-matrix    1 =    0.96052   0.04814 for L=    7, J=    6.5 channel on core I =   0.0 from L=    7,  Acc. loss =  0.0 D.
 Elastic phase shift   1 =    1.435   1.118 deg. for the L =    7, J =    6.5 channel.
       6.5  0.96051542  0.04814339i: elastic S-matrix  @@      0.00  0   0 F  0
 Reaction Xsec     6.5-/ 7 @ 1 =  10.801 , Out:   0.000#


 Total SPIN, PARITY =     7.5 +,      1 chs,      0 cc.  Rmin & Coul turning =    0.3    6.2
   S-matrix    1 =    0.98652   0.01762 for L=    8, J=    7.5 channel on core I =   0.0 from L=    8,  Acc. loss =  0.0 D.
 Elastic phase shift   1 =    0.512   0.384 deg. for the L =    8, J =    7.5 channel.
       7.5  0.98652419  0.01762169i: elastic S-matrix  @@      0.00  0   0 F  0
 Reaction Xsec     7.5+/ 8 @ 1 =   4.350 , Out:   0.000#


 Total SPIN, PARITY =     7.5 -,      1 chs,      0 cc.  Rmin & Coul turning =    0.3    6.2
   S-matrix    1 =    0.95748   0.06575 for L=    7, J=    7.5 channel on core I =   0.0 from L=    7,  Acc. loss =  0.0 D.
 Elastic phase shift   1 =    1.964   1.177 deg. for the L =    7, J =    7.5 channel.
       7.5  0.95748457  0.06574950i: elastic S-matrix  @@      0.00  0   0 F  0
 Reaction Xsec     7.5-/ 7 @ 1 =  12.970 , Out:   0.000#


 Total SPIN, PARITY =     8.5 +,      1 chs,      0 cc.  Rmin & Coul turning =    0.4    7.0
   S-matrix    1 =    0.98614   0.02306 for L=    8, J=    8.5 channel on core I =   0.0 from L=    8,  Acc. loss =  0.0 D.
 Elastic phase shift   1 =    0.670   0.392 deg. for the L =    8, J =    8.5 channel.
       8.5  0.98614283  0.02306215i: elastic S-matrix  @@      0.00  0   0 F  0
 Reaction Xsec     8.5+/ 8 @ 1 =   4.991 , Out:   0.000#


 Total SPIN, PARITY =     8.5 -,      1 chs,      0 cc.  Rmin & Coul turning =    0.4    7.0
   S-matrix    1 =    0.99539   0.00625 for L=    9, J=    8.5 channel on core I =   0.0 from L=    9,  Acc. loss =  0.0 D.
 Elastic phase shift   1 =    0.180   0.132 deg. for the L =    9, J =    8.5 channel.
       8.5  0.99538816  0.00625043i: elastic S-matrix  @@      0.00  0   0 F  0
 Reaction Xsec     8.5-/ 9 @ 1 =   1.695 , Out:   0.000#


 Total SPIN, PARITY =     9.5 +,      1 chs,      0 cc.  Rmin & Coul turning =    0.4    7.8
   S-matrix    1 =    0.99842   0.00218 for L=   10, J=    9.5 channel on core I =   0.0 from L=   10,  Acc. loss =  0.0 D.
 Elastic phase shift   1 =    0.063   0.045 deg. for the L =   10, J =    9.5 channel.
       9.5  0.99842179  0.00218417i: elastic S-matrix  @@      0.00  0   0 F  0
 Reaction Xsec     9.5+/10 @ 1 =   0.647 , Out:   0.000#


 Total SPIN, PARITY =     9.5 -,      1 chs,      0 cc.  Rmin & Coul turning =    0.4    7.8
   S-matrix    1 =    0.99534   0.00793 for L=    9, J=    9.5 channel on core I =   0.0 from L=    9,  Acc. loss =  0.0 D.
 Elastic phase shift   1 =    0.228   0.133 deg. for the L =    9, J =    9.5 channel.
       9.5  0.99534023  0.00793468i: elastic S-matrix  @@      0.00  0   0 F  0
 Reaction Xsec     9.5-/ 9 @ 1 =   1.898 , Out:   0.000#


 Total SPIN, PARITY =    10.5 +,      1 chs,      0 cc.  Rmin & Coul turning =    0.5    8.7
   S-matrix    1 =    0.99842   0.00271 for L=   10, J=   10.5 channel on core I =   0.0 from L=   10,  Acc. loss =  0.0 D.
 Elastic phase shift   1 =    0.078   0.045 deg. for the L =   10, J =   10.5 channel.
      10.5  0.99841575  0.00270784i: elastic S-matrix  @@      0.00  0   0 F  0
 Reaction Xsec    10.5+/10 @ 1 =   0.714 , Out:   0.000#


 Total SPIN, PARITY =    10.5 -,      1 chs,      0 cc.  Rmin & Coul turning =    0.5    8.7
   S-matrix    1 =    0.99946   0.00076 for L=   11, J=   10.5 channel on core I =   0.0 from L=   11,  Acc. loss =  0.0 D.
 Elastic phase shift   1 =    0.022   0.015 deg. for the L =   11, J =   10.5 channel.
      10.5  0.99946087  0.00075692i: elastic S-matrix  @@      0.00  0   0 F  0
 Reaction Xsec    10.5-/11 @ 1 =   0.244 , Out:   0.000#


 Total SPIN, PARITY =    11.5 +,      1 chs,      0 cc.  Rmin & Coul turning =    0.5    9.5
   S-matrix    1 =    0.99982   0.00026 for L=   12, J=   11.5 channel on core I =   0.0 from L=   12,  Acc. loss =  0.0 D.
 Elastic phase shift   1 =    0.007   0.005 deg. for the L =   12, J =   11.5 channel.
      11.5  0.99981626  0.00026088i: elastic S-matrix  @@      0.00  0   0 F  0
 Reaction Xsec    11.5+/12 @ 1 =   0.091 , Out:   0.000#


 Total SPIN, PARITY =    11.5 -,      1 chs,      0 cc.  Rmin & Coul turning =    0.5    9.5
   S-matrix    1 =    0.99946   0.00092 for L=   11, J=   11.5 channel on core I =   0.0 from L=   11,  Acc. loss =  0.0 D.
 Elastic phase shift   1 =    0.026   0.015 deg. for the L =   11, J =   11.5 channel.
      11.5  0.99946011  0.00091991i: elastic S-matrix  @@      0.00  0   0 F  0
 Reaction Xsec    11.5-/11 @ 1 =   0.266 , Out:   0.000#


 Total SPIN, PARITY =    12.5 +,      1 chs,      0 cc.  Rmin & Coul turning =    0.6   10.3
   S-matrix    1 =    0.99982   0.00031 for L=   12, J=   12.5 channel on core I =   0.0 from L=   12,  Acc. loss =  0.0 D.
 Elastic phase shift   1 =    0.009   0.005 deg. for the L =   12, J =   12.5 channel.
      12.5  0.99981616  0.00031155i: elastic S-matrix  @@      0.00  0   0 F  0
 Reaction Xsec    12.5+/12 @ 1 =   0.098 , Out:   0.000#


 Total SPIN, PARITY =    12.5 -,      1 chs,      0 cc.  Rmin & Coul turning =    0.6   10.3
   S-matrix    1 =    0.99994   0.00009 for L=   13, J=   12.5 channel on core I =   0.0 from L=   13,  Acc. loss =  0.0 D.
 Elastic phase shift   1 =    0.003   0.002 deg. for the L =   13, J =   12.5 channel.
      12.5  0.99993753  0.00008955i: elastic S-matrix  @@      0.00  0   0 F  0
 Reaction Xsec    12.5-/13 @ 1 =   0.033 , Out:   0.000#


 Total SPIN, PARITY =    13.5 +,      1 chs,      0 cc.  Rmin & Coul turning =    0.6   11.1
   S-matrix    1 =    0.99998   0.00003 for L=   14, J=   13.5 channel on core I =   0.0 from L=   14,  Acc. loss =  0.0 D.
 Elastic phase shift   1 =    0.001   0.001 deg. for the L =   14, J =   13.5 channel.
      13.5  0.99997880  0.00003063i: elastic S-matrix  @@      0.00  0   0 F  0
 Reaction Xsec    13.5+/14 @ 1 =   0.012 , Out:   0.000#


 Total SPIN, PARITY =    13.5 -,      1 chs,      0 cc.  Rmin & Coul turning =    0.6   11.1
   S-matrix    1 =    0.99994   0.00011 for L=   13, J=   13.5 channel on core I =   0.0 from L=   13,  Acc. loss =  0.0 D.
 Elastic phase shift   1 =    0.003   0.002 deg. for the L =   13, J =   13.5 channel.
      13.5  0.99993751  0.00010527i: elastic S-matrix  @@      0.00  0   0 F  0
 Reaction Xsec    13.5-/13 @ 1 =   0.036 , Out:   0.000#


 Total SPIN, PARITY =    14.5 +,      1 chs,      0 cc.  Rmin & Coul turning =    0.7   11.9
   S-matrix    1 =    0.99998   0.00004 for L=   14, J=   14.5 channel on core I =   0.0 from L=   14,  Acc. loss =  0.0 D.
 Elastic phase shift   1 =    0.001   0.001 deg. for the L =   14, J =   14.5 channel.
      14.5  0.99997880  0.00003550i: elastic S-matrix  @@      0.00  0   0 F  0
 Reaction Xsec    14.5+/14 @ 1 =   0.013 , Out:   0.000#


 Total SPIN, PARITY =    14.5 -,      1 chs,      0 cc.  Rmin & Coul turning =    0.7   11.9
   S-matrix    1 =    0.99999   0.00001 for L=   15, J=   14.5 channel on core I =   0.0 from L=   15,  Acc. loss =  0.0 D.
 Elastic phase shift   1 =    0.000   0.000 deg. for the L =   15, J =   14.5 channel.
      14.5  0.99999282  0.00001045i: elastic S-matrix  @@      0.00  0   0 F  0
 Reaction Xsec    14.5-/15 @ 1 =   4.424/, Out:   0.000#


 Total SPIN, PARITY =    15.5 +,      1 chs,      0 cc.  Rmin & Coul turning =    0.7   12.7
   S-matrix    1 =    1.00000   0.00000 for L=   16, J=   15.5 channel on core I =   0.0 from L=   16,  Acc. loss =  0.0 D.
 Elastic phase shift   1 =    0.000   0.000 deg. for the L =   16, J =   15.5 channel.
      15.5  0.99999757  0.00000356i: elastic S-matrix  @@      0.00  0   0 F  0
 Reaction Xsec    15.5+/16 @ 1 =   1.595/, Out:   0.000#


 Total SPIN, PARITY =    15.5 -,      1 chs,      0 cc.  Rmin & Coul turning =    0.7   12.7
   S-matrix    1 =    0.99999   0.00001 for L=   15, J=   15.5 channel on core I =   0.0 from L=   15,  Acc. loss =  0.0 D.
 Elastic phase shift   1 =    0.000   0.000 deg. for the L =   15, J =   15.5 channel.
      15.5  0.99999282  0.00001195i: elastic S-matrix  @@      0.00  0   0 F  0
 Reaction Xsec    15.5-/15 @ 1 =   4.719/, Out:   0.000#


 Total SPIN, PARITY =    16.5 +,      1 chs,      0 cc.  Rmin & Coul turning =    0.8   13.5
   S-matrix    1 =    1.00000   0.00000 for L=   16, J=   16.5 channel on core I =   0.0 from L=   16,  Acc. loss =  0.0 D.
 Elastic phase shift   1 =    0.000   0.000 deg. for the L =   16, J =   16.5 channel.
      16.5  0.99999757  0.00000402i: elastic S-matrix  @@      0.00  0   0 F  0
 Reaction Xsec    16.5+/16 @ 1 =   1.695/, Out:   0.000#


 Total SPIN, PARITY =    16.5 -,      1 chs,      0 cc.  Rmin & Coul turning =    0.8   13.5
   S-matrix    1 =    1.00000   0.00000 for L=   17, J=   16.5 channel on core I =   0.0 from L=   17,  Acc. loss =  0.0 D.
 Elastic phase shift   1 =    0.000   0.000 deg. for the L =   17, J =   16.5 channel.
      16.5  0.99999918  0.00000121i: elastic S-matrix  @@      0.00  0   0 F  0
 Reaction Xsec    16.5-/17 @ 1 =   0.572/, Out:   0.000#


 Total SPIN, PARITY =    17.5 +,      1 chs,      0 cc.  Rmin & Coul turning =    0.8   14.3
   S-matrix    1 =    1.00000   0.00000 for L=   18, J=   17.5 channel on core I =   0.0 from L=   18,  Acc. loss =  0.0 D.
 Elastic phase shift   1 =    0.000   0.000 deg. for the L =   18, J =   17.5 channel.
      17.5  0.99999972  0.00000041i: elastic S-matrix  @@      0.00  0   0 F  0
 Reaction Xsec    17.5+/18 @ 1 =   0.204/, Out:   0.000#


 Total SPIN, PARITY =    17.5 -,      1 chs,      0 cc.  Rmin & Coul turning =    0.8   14.3
   S-matrix    1 =    1.00000   0.00000 for L=   17, J=   17.5 channel on core I =   0.0 from L=   17,  Acc. loss =  0.0 D.
 Elastic phase shift   1 =    0.000   0.000 deg. for the L =   17, J =   17.5 channel.
      17.5  0.99999918  0.00000135i: elastic S-matrix  @@      0.00  0   0 F  0
 Reaction Xsec    17.5-/17 @ 1 =   0.606/, Out:   0.000#

 Finished all CC sets @    4.16600006E-03
0CUMULATIVE REACTION cross section                 =  633.81403  <L> =     3.93  <L**2> =     18.7
0CUMULATIVE outgoing cross sections in partition 1 :    0.00000
0Cumulative ABSORBTION by Imaginary Potentials     =  633.81403  <L> =     3.93  <L**2> =     18.7
   Fusion for specific p        M-states :  633.814032  633.814032
0CUMULATIVE OUTGOING cross section                 =    0.00000
 To convert to S-factors (MeV.mb = keV.b),  multiply by  1.2763E+02


 CROSS SECTIONS FOR OUTGOING p        & O20      in state #   1 with spins & parities 0.5  + &  0.0  +;  0

     3.00 deg.: X-S =   1.2788E+05 mb/sr,
+                                         /R =   8.0385E-01
     4.00 deg.: X-S =   3.5692E+04 mb/sr,
+                                         /R =   7.0882E-01
     5.00 deg.: X-S =   1.3151E+04 mb/sr,
+                                         /R =   6.3736E-01
     6.00 deg.: X-S =  6106.404129 mb/sr,
+                                         /R =   6.1331E-01
     7.00 deg.: X-S =  3549.094741 mb/sr,
+                                         /R =   6.5995E-01
     8.00 deg.: X-S =  2519.819130 mb/sr,
+                                         /R =   7.9873E-01
     9.00 deg.: X-S =  2065.602884 mb/sr,
+                                         /R =   1.0479E+00
    10.00 deg.: X-S =  1839.767062 mb/sr,
+                                         /R =   1.4211E+00
    11.00 deg.: X-S =  1705.395879 mb/sr,
+                                         /R =   1.9267E+00
    12.00 deg.: X-S =  1605.696361 mb/sr,
+                                         /R =   2.5662E+00
    13.00 deg.: X-S =  1516.786888 mb/sr,
+                                         /R =   3.3347E+00
    14.00 deg.: X-S =  1429.016068 mb/sr,
+                                         /R =   4.2199E+00
    15.00 deg.: X-S =  1339.076934 mb/sr,
+                                         /R =   5.2034E+00
    16.00 deg.: X-S =  1246.506493 mb/sr,
+                                         /R =   6.2605E+00
    17.00 deg.: X-S =  1152.071735 mb/sr,
+                                         /R =   7.3617E+00
    18.00 deg.: X-S =  1057.005709 mb/sr,
+                                         /R =   8.4742E+00
    19.00 deg.: X-S =   962.641405 mb/sr,
+                                         /R =   9.5630E+00
    20.00 deg.: X-S =   870.237631 mb/sr,
+                                         /R =   1.0593E+01
    21.00 deg.: X-S =   780.899898 mb/sr,
+                                         /R =   1.1530E+01
    22.00 deg.: X-S =   695.549296 mb/sr,
+                                         /R =   1.2343E+01
    23.00 deg.: X-S =   614.916014 mb/sr,
+                                         /R =   1.3006E+01
    24.00 deg.: X-S =   539.545648 mb/sr,
+                                         /R =   1.3497E+01
    25.00 deg.: X-S =   469.812150 mb/sr,
+                                         /R =   1.3803E+01
    26.00 deg.: X-S =   405.934152 mb/sr,
+                                         /R =   1.3916E+01
    27.00 deg.: X-S =   347.992857 mb/sr,
+                                         /R =   1.3836E+01
    28.00 deg.: X-S =   295.950450 mb/sr,
+                                         /R =   1.3571E+01
    29.00 deg.: X-S =   249.668376 mb/sr,
+                                         /R =   1.3136E+01
    30.00 deg.: X-S =   208.925048 mb/sr,
+                                         /R =   1.2551E+01
    31.00 deg.: X-S =   173.432691 mb/sr,
+                                         /R =   1.1842E+01
    32.00 deg.: X-S =   142.853066 mb/sr,
+                                         /R =   1.1039E+01
    33.00 deg.: X-S =   116.811936 mb/sr,
+                                         /R =   1.0175E+01
    34.00 deg.: X-S =    94.912124 mb/sr,
+                                         /R =   9.2844E+00
    35.00 deg.: X-S =    76.745111 mb/sr,
+                                         /R =   8.4006E+00
    36.00 deg.: X-S =    61.901114 mb/sr,
+                                         /R =   7.5565E+00
    37.00 deg.: X-S =    49.977668 mb/sr,
+                                         /R =   6.7822E+00
    38.00 deg.: X-S =    40.586717 mb/sr,
+                                         /R =   6.1044E+00
    39.00 deg.: X-S =    33.360296 mb/sr,
+                                         /R =   5.5450E+00
    40.00 deg.: X-S =    27.954873 mb/sr,
+                                         /R =   5.1210E+00
    41.00 deg.: X-S =    24.054470 mb/sr,
+                                         /R =   4.8438E+00
    42.00 deg.: X-S =    21.372661 mb/sr,
+                                         /R =   4.7192E+00
    43.00 deg.: X-S =    19.653591 mb/sr,
+                                         /R =   4.7472E+00
    44.00 deg.: X-S =    18.672140 mb/sr,
+                                         /R =   4.9225E+00
    45.00 deg.: X-S =    18.233357 mb/sr,
+                                         /R =   5.2350E+00
    46.00 deg.: X-S =    18.171315 mb/sr,
+                                         /R =   5.6701E+00
    47.00 deg.: X-S =    18.347486 mb/sr,
+                                         /R =   6.2097E+00
    48.00 deg.: X-S =    18.648766 mb/sr,
+                                         /R =   6.8327E+00
    49.00 deg.: X-S =    18.985256 mb/sr,
+                                         /R =   7.5165E+00
    50.00 deg.: X-S =    19.287891 mb/sr,
+                                         /R =   8.2370E+00
    51.00 deg.: X-S =    19.505995 mb/sr,
+                                         /R =   8.9701E+00
    52.00 deg.: X-S =    19.604844 mb/sr,
+                                         /R =   9.6922E+00
    53.00 deg.: X-S =    19.563289 mb/sr,
+                                         /R =   1.0381E+01
    54.00 deg.: X-S =    19.371485 mb/sr,
+                                         /R =   1.1016E+01
    55.00 deg.: X-S =    19.028768 mb/sr,
+                                         /R =   1.1580E+01
    56.00 deg.: X-S =    18.541701 mb/sr,
+                                         /R =   1.2058E+01
    57.00 deg.: X-S =    17.922314 mb/sr,
+                                         /R =   1.2438E+01
    58.00 deg.: X-S =    17.186542 mb/sr,
+                                         /R =   1.2711E+01
    59.00 deg.: X-S =    16.352859 mb/sr,
+                                         /R =   1.2872E+01
    60.00 deg.: X-S =    15.441122 mb/sr,
+                                         /R =   1.2920E+01
    61.00 deg.: X-S =    14.471598 mb/sr,
+                                         /R =   1.2855E+01
    62.00 deg.: X-S =    13.464180 mb/sr,
+                                         /R =   1.2683E+01
    63.00 deg.: X-S =    12.437764 mb/sr,
+                                         /R =   1.2410E+01
    64.00 deg.: X-S =    11.409782 mb/sr,
+                                         /R =   1.2045E+01
    65.00 deg.: X-S =    10.395875 mb/sr,
+                                         /R =   1.1599E+01
    66.00 deg.: X-S =     9.409671 mb/sr,
+                                         /R =   1.1084E+01
    67.00 deg.: X-S =     8.462686 mb/sr,
+                                         /R =   1.0514E+01
    68.00 deg.: X-S =     7.564287 mb/sr,
+                                         /R =   9.9016E+00
    69.00 deg.: X-S =     6.721746 mb/sr,
+                                         /R =   9.2616E+00
    70.00 deg.: X-S =     5.940334 mb/sr,
+                                         /R =   8.6073E+00
    71.00 deg.: X-S =     5.223465 mb/sr,
+                                         /R =   7.9518E+00
    72.00 deg.: X-S =     4.572866 mb/sr,
+                                         /R =   7.3073E+00
    73.00 deg.: X-S =     3.988770 mb/sr,
+                                         /R =   6.6847E+00
    74.00 deg.: X-S =     3.470118 mb/sr,
+                                         /R =   6.0938E+00
    75.00 deg.: X-S =     3.014759 mb/sr,
+                                         /R =   5.5429E+00
    76.00 deg.: X-S =     2.619659 mb/sr,
+                                         /R =   5.0385E+00
    77.00 deg.: X-S =     2.281087 mb/sr,
+                                         /R =   4.5860E+00
    78.00 deg.: X-S =     1.994797 mb/sr,
+                                         /R =   4.1887E+00
    79.00 deg.: X-S =     1.756197 mb/sr,
+                                         /R =   3.8486E+00
    80.00 deg.: X-S =     1.560495 mb/sr,
+                                         /R =   3.5664E+00
    81.00 deg.: X-S =     1.402829 mb/sr,
+                                         /R =   3.3410E+00
    82.00 deg.: X-S =     1.278382 mb/sr,
+                                         /R =   3.1705E+00
    83.00 deg.: X-S =     1.182474 mb/sr,
+                                         /R =   3.0517E+00
    84.00 deg.: X-S =     1.110639 mb/sr,
+                                         /R =   2.9806E+00
    85.00 deg.: X-S =     1.058689 mb/sr,
+                                         /R =   2.9525E+00
    86.00 deg.: X-S =     1.022750 mb/sr,
+                                         /R =   2.9621E+00
    87.00 deg.: X-S =     0.999303 mb/sr,
+                                         /R =   3.0036E+00
    88.00 deg.: X-S =     0.985195 mb/sr,
+                                         /R =   3.0711E+00
    89.00 deg.: X-S =     0.977648 mb/sr,
+                                         /R =   3.1588E+00
    90.00 deg.: X-S =     0.974258 mb/sr,
+                                         /R =   3.2607E+00
    91.00 deg.: X-S =     0.972987 mb/sr,
+                                         /R =   3.3711E+00
    92.00 deg.: X-S =     0.972143 mb/sr,
+                                         /R =   3.4846E+00
    93.00 deg.: X-S =     0.970360 mb/sr,
+                                         /R =   3.5964E+00
    94.00 deg.: X-S =     0.966575 mb/sr,
+                                         /R =   3.7020E+00
    95.00 deg.: X-S =     0.960002 mb/sr,
+                                         /R =   3.7974E+00
    96.00 deg.: X-S =     0.950099 mb/sr,
+                                         /R =   3.8793E+00
    97.00 deg.: X-S =     0.936542 mb/sr,
+                                         /R =   3.9450E+00
    98.00 deg.: X-S =     0.919193 mb/sr,
+                                         /R =   3.9923E+00
    99.00 deg.: X-S =     0.898075 mb/sr,
+                                         /R =   4.0196E+00
   100.00 deg.: X-S =     0.873342 mb/sr,
+                                         /R =   4.0262E+00
   101.00 deg.: X-S =     0.845252 mb/sr,
+                                         /R =   4.0115E+00
   102.00 deg.: X-S =     0.814147 mb/sr,
+                                         /R =   3.9756E+00
   103.00 deg.: X-S =     0.780428 mb/sr,
+                                         /R =   3.9192E+00
   104.00 deg.: X-S =     0.744536 mb/sr,
+                                         /R =   3.8433E+00
   105.00 deg.: X-S =     0.706936 mb/sr,
+                                         /R =   3.7492E+00
   106.00 deg.: X-S =     0.668097 mb/sr,
+                                         /R =   3.6385E+00
   107.00 deg.: X-S =     0.628488 mb/sr,
+                                         /R =   3.5132E+00
   108.00 deg.: X-S =     0.588557 mb/sr,
+                                         /R =   3.3753E+00
   109.00 deg.: X-S =     0.548731 mb/sr,
+                                         /R =   3.2270E+00
   110.00 deg.: X-S =     0.509403 mb/sr,
+                                         /R =   3.0705E+00
   111.00 deg.: X-S =     0.470929 mb/sr,
+                                         /R =   2.9082E+00
   112.00 deg.: X-S =     0.433626 mb/sr,
+                                         /R =   2.7422E+00
   113.00 deg.: X-S =     0.397766 mb/sr,
+                                         /R =   2.5748E+00
   114.00 deg.: X-S =     0.363579 mb/sr,
+                                         /R =   2.4080E+00
   115.00 deg.: X-S =     0.331251 mb/sr,
+                                         /R =   2.2437E+00
   116.00 deg.: X-S =     0.300925 mb/sr,
+                                         /R =   2.0837E+00
   117.00 deg.: X-S =     0.272703 mb/sr,
+                                         /R =   1.9295E+00
   118.00 deg.: X-S =     0.246649 mb/sr,
+                                         /R =   1.7825E+00
   119.00 deg.: X-S =     0.222790 mb/sr,
+                                         /R =   1.6439E+00
   120.00 deg.: X-S =     0.201122 mb/sr,
+                                         /R =   1.5145E+00
   121.00 deg.: X-S =     0.181611 mb/sr,
+                                         /R =   1.3952E+00
   122.00 deg.: X-S =     0.164199 mb/sr,
+                                         /R =   1.2863E+00
   123.00 deg.: X-S =     0.148803 mb/sr,
+                                         /R =   1.1882E+00
   124.00 deg.: X-S =     0.135325 mb/sr,
+                                         /R =   1.1011E+00
   125.00 deg.: X-S =     0.123651 mb/sr,
+                                         /R =   1.0247E+00
   126.00 deg.: X-S =     0.113658 mb/sr,
+                                         /R =   9.5899E-01
   127.00 deg.: X-S =     0.105211 mb/sr,
+                                         /R =   9.0348E-01
   128.00 deg.: X-S =     0.098176 mb/sr,
+                                         /R =   8.5770E-01
   129.00 deg.: X-S =     0.092412 mb/sr,
+                                         /R =   8.2106E-01
   130.00 deg.: X-S =     0.087782 mb/sr,
+                                         /R =   7.9287E-01
   131.00 deg.: X-S =     0.084152 mb/sr,
+                                         /R =   7.7241E-01
   132.00 deg.: X-S =     0.081391 mb/sr,
+                                         /R =   7.5890E-01
   133.00 deg.: X-S =     0.079376 mb/sr,
+                                         /R =   7.5158E-01
   134.00 deg.: X-S =     0.077994 mb/sr,
+                                         /R =   7.4965E-01
   135.00 deg.: X-S =     0.077140 mb/sr,
+                                         /R =   7.5237E-01
   136.00 deg.: X-S =     0.076718 mb/sr,
+                                         /R =   7.5902E-01
   137.00 deg.: X-S =     0.076644 mb/sr,
+                                         /R =   7.6892E-01
   138.00 deg.: X-S =     0.076847 mb/sr,
+                                         /R =   7.8150E-01
   139.00 deg.: X-S =     0.077264 mb/sr,
+                                         /R =   7.9620E-01
   140.00 deg.: X-S =     0.077846 mb/sr,
+                                         /R =   8.1259E-01
   141.00 deg.: X-S =     0.078552 mb/sr,
+                                         /R =   8.3030E-01
   142.00 deg.: X-S =     0.079353 mb/sr,
+                                         /R =   8.4906E-01
   143.00 deg.: X-S =     0.080229 mb/sr,
+                                         /R =   8.6866E-01
   144.00 deg.: X-S =     0.081169 mb/sr,
+                                         /R =   8.8901E-01
   145.00 deg.: X-S =     0.082168 mb/sr,
+                                         /R =   9.1007E-01
   146.00 deg.: X-S =     0.083230 mb/sr,
+                                         /R =   9.3188E-01
   147.00 deg.: X-S =     0.084363 mb/sr,
+                                         /R =   9.5454E-01
   148.00 deg.: X-S =     0.085580 mb/sr,
+                                         /R =   9.7821E-01
   149.00 deg.: X-S =     0.086897 mb/sr,
+                                         /R =   1.0031E+00
   150.00 deg.: X-S =     0.088331 mb/sr,
+                                         /R =   1.0294E+00
   151.00 deg.: X-S =     0.089901 mb/sr,
+                                         /R =   1.0574E+00
   152.00 deg.: X-S =     0.091627 mb/sr,
+                                         /R =   1.0873E+00
   153.00 deg.: X-S =     0.093524 mb/sr,
+                                         /R =   1.1193E+00
   154.00 deg.: X-S =     0.095610 mb/sr,
+                                         /R =   1.1537E+00
   155.00 deg.: X-S =     0.097896 mb/sr,
+                                         /R =   1.1906E+00
   156.00 deg.: X-S =     0.100390 mb/sr,
+                                         /R =   1.2303E+00
   157.00 deg.: X-S =     0.103098 mb/sr,
+                                         /R =   1.2727E+00
   158.00 deg.: X-S =     0.106018 mb/sr,
+                                         /R =   1.3178E+00
   159.00 deg.: X-S =     0.109146 mb/sr,
+                                         /R =   1.3657E+00
   160.00 deg.: X-S =     0.112470 mb/sr,
+                                         /R =   1.4162E+00
   161.00 deg.: X-S =     0.115975 mb/sr,
+                                         /R =   1.4692E+00
   162.00 deg.: X-S =     0.119640 mb/sr,
+                                         /R =   1.5242E+00
   163.00 deg.: X-S =     0.123439 mb/sr,
+                                         /R =   1.5811E+00
   164.00 deg.: X-S =     0.127341 mb/sr,
+                                         /R =   1.6393E+00
   165.00 deg.: X-S =     0.131312 mb/sr,
+                                         /R =   1.6985E+00
   166.00 deg.: X-S =     0.135312 mb/sr,
+                                         /R =   1.7581E+00
   167.00 deg.: X-S =     0.139302 mb/sr,
+                                         /R =   1.8174E+00
   168.00 deg.: X-S =     0.143238 mb/sr,
+                                         /R =   1.8759E+00
   169.00 deg.: X-S =     0.147075 mb/sr,
+                                         /R =   1.9329E+00
   170.00 deg.: X-S =     0.150768 mb/sr,
+                                         /R =   1.9878E+00
   171.00 deg.: X-S =     0.154273 mb/sr,
+                                         /R =   2.0399E+00
   172.00 deg.: X-S =     0.157545 mb/sr,
+                                         /R =   2.0886E+00
   173.00 deg.: X-S =     0.160543 mb/sr,
+                                         /R =   2.1332E+00
   174.00 deg.: X-S =     0.163228 mb/sr,
+                                         /R =   2.1732E+00
   175.00 deg.: X-S =     0.165564 mb/sr,
+                                         /R =   2.2080E+00
   176.00 deg.: X-S =     0.167520 mb/sr,
+                                         /R =   2.2372E+00
   177.00 deg.: X-S =     0.169070 mb/sr,
+                                         /R =   2.2603E+00
   178.00 deg.: X-S =     0.170192 mb/sr,
+                                         /R =   2.2770E+00
   179.00 deg.: X-S =     0.170872 mb/sr,
+                                         /R =   2.2872E+00
   179.99 deg.: X-S =     0.171100 mb/sr,
+                                         /R =   2.2906E+00
                                           Integrated 2028.7729 mb, over [   3.000, 180.000] at    35.0000 MeV 
 Finished all xsecs @    5.76299988E-03

  The following files have been created:
   3:local copy of User input.            6:standard output.                   
   7:elastic  S-matrix elements.         13:total cross sections/state.        
  16:tables of cross sections.           38:cross sections for each J/pi.      
  39:cross sections for each Ecm.        40:all cross sectns. for each Elab.   
  45:scat phase shift as E functions.    56:Fusion for each Jtotal.            
 201:Separate cross sections.           

 PARAMETERS : MAXQRN   MFNL   MLOC  LMAX1 MCLIST
    ALLOWED :      1      1      4     70      6
    REQUIRED:      0      0      4     19      4


 ACCURACY ANALYSIS at    35.000 MeV :

  Elastic h*k = 0.037 so OK       compared with 0.200

   Real(S-el) > 0.01 first at J =       3.5
   Real(S-el) > 0.10 first at J =       3.5
   Real(S-el) > 0.50 first at J =       4.5
   Real(S-el) > 0.90 first at J =       6.5
   Real(S-el) > 0.99 first at J =       8.5
   R-turn =    14.32 fm    at J =      17.5

 Forward-angle excitation cut off below   1.361 deg by max JT =      17.5
                              and below   0.330 deg by max R.

