 FRESCO - FRES 3.4: Coupled Reaction Channels
 Assuming NAMELIST input.

 p+O20 3- E. Khan reanalysis;                                                    

   0.030  60.000   0.500   0.000   0.000   0.000   0.000   0.000   0.000   0.000

 Centre-of-mass Range is   2002 * 0.0300 fm., Maximum at  60.00 fm., Interpolating NL forms every  0.51 fm.
 Non - locality width is      4 * 0.0300 fm., Maximum of   0.09 fm., Centred at  0.00 fm.
 2-Nucleon Separation of      0 * 0.5100 fm., Maximum of   0.00 fm., Minimum at  0.00 fm.
 Maximum single particle bins of 59.6700 fm.
               M,Mint =         2001        1990


 Range of total J is     0.0 <= J <=    50.0 (at least     0.0) and Absorbtion =>    -1.0000 mb.
 Dry Run = F, CC set limits =  0  0, Relativistic kinematics =  , Both/Far/Near Analyses =  1                     

 Cross Sections (and up to T0 for 0=projectile) for Theta from   3.0 to-180.0 in steps of  1.0 degrees, DGAM=0,  Coordinates = 0 (Mads)

 Lower Radial Cutoff = maximum of -1.60*L*h &       0.0 fm.,  Lower Cutoff for Couplings =   0.0  fm.


 Iterate Couplings between   0 and   1 times, to  0.000 % if sooner.                                          
  Block solved exactly =   2 chs., with Pade = 0 & Isocen =  =0, NOSOL = F, initwf =  0
  NL quadrature with   18 Gaussian points, Calculate multipoles up to    56 from   0
  M-transfers for lp+lt greater than or equal to  6, Angular Integration Cutoff below  2.7778 %


 Trace switches are :  CHANS =  1, LISTCC =  0, TRENEG =  0, CDETR =  0, SMATS =  2, XSTABL =  1, NLPL =  0

                       WAVES =  0, LAMPL =  0, VEFF =  0, KFUS =  0, WDISK =  0, BPM =  0, MELFIL =  0

                       CDCC =  0, NFUS =  0

 Using unit mass = 1.000000 amu and 1/fine-structure constant = 137.03599 ( 1.000000 * true ) with hc = 197.32705 MeV.fm,
  thus 2*amu/hbar^2 = 0.0478450 = 1/20.9008 and Coulomb constant = 0.1574855 so e^2 = 1.43997, and nuclear magneton= 0.1261183

 Now pre-scan input and save to file 3



 *********** PARTITION NUMBER  1 ******************************************************************************************

   PROJ=p          MASS=  1.0073 Z=   1.0,        # STATES=    2T, TARG=O20      MASS= 19.9997 Z=   8.0,     Q-VALUE =  -0.0000 MEV.

     1:  J= 0.5+ (B# 1), E=  0.0000, K= 0.5              Potl#  1       J= 0.0+ (B# 1), E=  0.0000, K= 0.0    

     2:  J= 0.5+ (B# 1), E=  0.0000, K= 0.5              Potl#  1       J= 3.0- (B#-1), E=  5.6100, K= 0.0    
                                  (Just State  1)


 ************************************************************************************************************************************

 The following POTENTIALS are defined :

  KP#       TYPE      IT    SHAPE      at     V1        r1        a1        V2        r2        a2        A-in     A-used


                                            A#1       A#2        r0c       ac                                                h @ 1
    1    0=Coulomb       0=CHARGE (WS)  1    20.000     0.000    1.2000    0.0000    0.0000    0.0000     0.000    20.000   0.03000

                                           Mn(E1)    Mn(E2)    Mn(E3)  .....
    1   11=Target defm  10=derivatives  2    0.0000    0.0000   40.0000    0.0000    0.0000    0.0000     0.000     3.257= RADIUS

              At    2 is k =  3 (Potl. beta = 0.60602)
                                     Beta of targ. = 0.60602 (using radius of 3.257 fm.).

    1    1=Volume        0=Woods-Saxon  3   46.1325    1.1700    0.7500    0.0000    0.0000    0.0000     0.000    20.000

                                            Def1      Def2      Def3   .....
    1   11=Target defm  10=derivatives  4    0.0000    0.0000    1.6515    0.0000    0.0000    0.0000     0.000     3.176= RADIUS

              At    4 is k =  3 (Potl. beta = 0.52000)
                                     Beta of targ. = 0.52000 (using radius of 3.176 fm.).

    1    1=Volume        0=Woods-Saxon  5    0.0000    0.0000    0.0000    6.8194    1.3200    0.6500     0.000    20.000

                                            Def1      Def2      Def3   .....
    1   11=Target defm  10=derivatives  6    0.0000    0.0000    1.8632    0.0000    0.0000    0.0000     0.000     3.583= RADIUS

              At    6 is k =  3 (Potl. beta = 0.52000)
                                     Beta of targ. = 0.52000 (using radius of 3.583 fm.).

    1    2=Surface       0=Woods-Saxon  7    0.0000    0.0000    0.0000    3.3825    1.3200    0.6500     0.000    20.000

                                            Def1      Def2      Def3   .....
    1   11=Target defm  10=derivatives  8    0.0000    0.0000    1.8632    0.0000    0.0000    0.0000     0.000     3.583= RADIUS

              At    8 is k =  3 (Potl. beta = 0.52000)
                                     Beta of targ. = 0.52000 (using radius of 3.583 fm.).

    1    3=Projtl S.O.   0=Woods-Saxon  9    3.1000    1.0100    0.7500    0.0000    0.0000    0.0000     0.000    20.000

 Incoming partition  1 in excitation state # 1,   Laboratory Energy given for partition  1 Nucleus 1 in Excitation pair 1

0Lab. ENERGY ranges :

   from    43.2700     to   0.00000     in     0 intervals
   from    0.00000     to   0.00000     in     0 intervals
   from    0.00000     to   0.00000     in     0 intervals

 Largest real,imaginary parts of any form factor at R=   59.52 are   2.42E-02  3.62E-32 MeV
 Finished all Couplings @    6.44000131E-04           9

 Symmetric Hamiltonian
1***********************************************************************************************************************************
************************************************************************************************************************************

        INCOMING p        ;    LABORATORY p        ENERGY =   43.270     MeV.

 ***********************************************************************************************************************************
 ***********************************************************************************************************************************

 Allocate arrays for            3  channels, of which            3  need wfs.

 ######################################################################################################################
 #                                                                                                                    #
 # Total SPIN and PARITY =     0.5 +,      3 channels,    3 in 1st block.  Rmin & Coul turning =    0.0    0.3 fm.  #
 #                                                                                                                    #
 ######################################################################################################################



    C Projectl Target   #   EX.   (L  Proj) J  + Targ = Jtotal     E-cm      Re K     Re Eta     RM*K            CH
    1 p        O20      #    1: I   0 0.5    0.5  0.0     0.5    41.19522   1.37482   0.19223   82.4893   0.13909   0.48087 1 1 1   1
    2 p        O20      #    2:     3 0.5    2.5  3.0     0.5    35.58522   1.27778   0.20682   76.6671  -0.42267  -0.26886 1 1 1   2
    3 p        O20      #    2:     3 0.5    3.5  3.0     0.5    35.58522   1.27778   0.20682   76.6671  -0.42267  -0.26886 1 1 1   2
   S-matrix    1 =    0.10440  -0.37426 for L=    0, J=    0.5 channel on core I =   0.0 from L=    0,  Acc. loss =  0.1 D.
 Elastic phase shift   1 =  -37.207  27.082 deg. for the L =    0, J =    0.5 channel.
       0.5  0.10439579 -0.37426498i: elastic S-matrix  @@      0.00  0   0 F  0
 Reaction Xsec     0.5+/ 0 @ 1 =  14.112 , Out:   0.000#   0.201   13.910f


 Total SPIN, PARITY =     0.5 -,      3 chs,      3 cc.  Rmin & Coul turning =    0.0    0.3
   S-matrix    1 =   -0.14774  -0.34677 for L=    1, J=    0.5 channel on core I =   0.0 from L=    1,  Acc. loss =  0.2 D.
 Elastic phase shift   1 =  -56.538  27.952 deg. for the L =    1, J =    0.5 channel.
       0.5 -0.14773847 -0.34676997i: elastic S-matrix  @@      0.00  0   0 F  0
 Reaction Xsec     0.5-/ 1 @ 1 =  14.260 , Out:   0.000#   0.308   13.951f

 Allocate arrays for            5  channels, of which            5  need wfs.

 Total SPIN, PARITY =     1.5 +,      5 chs,      5 cc.  Rmin & Coul turning =    0.0    1.2
   S-matrix    1 =   -0.34701  -0.16630 for L=    2, J=    1.5 channel on core I =   0.0 from L=    2,  Acc. loss =  0.0 D.
 Elastic phase shift   1 =  -77.197  27.360 deg. for the L =    2, J =    1.5 channel.
       1.5 -0.34700904 -0.16629798i: elastic S-matrix  @@      0.00  0   0 F  0
 Reaction Xsec     1.5+/ 2 @ 1 =  28.320 , Out:   0.000#   0.710   27.610f


 Total SPIN, PARITY =     1.5 -,      5 chs,      5 cc.  Rmin & Coul turning =    0.0    1.2
   S-matrix    1 =   -0.07728  -0.37518 for L=    1, J=    1.5 channel on core I =   0.0 from L=    1,  Acc. loss =  0.2 D.
 Elastic phase shift   1 =  -50.819  27.490 deg. for the L =    1, J =    1.5 channel.
       1.5 -0.07727845 -0.37517787i: elastic S-matrix  @@      0.00  0   0 F  0
 Reaction Xsec     1.5-/ 1 @ 1 =  28.364 , Out:   0.000#   0.601   27.764f

 Allocate arrays for            7  channels, of which            7  need wfs.

 Total SPIN, PARITY =     2.5 +,      7 chs,      7 cc.  Rmin & Coul turning =    0.1    1.9
   S-matrix    1 =   -0.26341  -0.27956 for L=    2, J=    2.5 channel on core I =   0.0 from L=    2,  Acc. loss =  0.0 D.
 Elastic phase shift   1 =  -66.648  27.411 deg. for the L =    2, J =    2.5 channel.
       2.5 -0.26341056 -0.27955574i: elastic S-matrix  @@      0.00  0   0 F  0
 Reaction Xsec     2.5+/ 2 @ 1 =  42.506 , Out:   0.000#   1.271   41.235f


 Total SPIN, PARITY =     2.5 -,      7 chs,      7 cc.  Rmin & Coul turning =    0.1    1.9
   S-matrix    1 =   -0.38499   0.07099 for L=    3, J=    2.5 channel on core I =   0.0 from L=    3,  Acc. loss =  0.2 D.
 Elastic phase shift   1 =   84.776  26.867 deg. for the L =    3, J =    2.5 channel.
       2.5 -0.38498744  0.07099103i: elastic S-matrix  @@      0.00  0   0 F  0
 Reaction Xsec     2.5-/ 3 @ 1 =  42.221 , Out:   0.000#   0.975   41.246f

 Allocate arrays for            8  channels, of which            8  need wfs.

 Total SPIN, PARITY =     3.5 +,      8 chs,      8 cc.  Rmin & Coul turning =    0.1    2.7
   S-matrix    1 =   -0.11943   0.28415 for L=    4, J=    3.5 channel on core I =   0.0 from L=    4,  Acc. loss =  0.0 D.
 Elastic phase shift   1 =   56.398  33.716 deg. for the L =    4, J =    3.5 channel.
       3.5 -0.11942597  0.28415330i: elastic S-matrix  @@      0.00  0   0 F  0
 Reaction Xsec     3.5+/ 4 @ 1 =  60.168 , Out:   0.000#   2.506   57.661f


 Total SPIN, PARITY =     3.5 -,      8 chs,      8 cc.  Rmin & Coul turning =    0.1    2.7
   S-matrix    1 =   -0.38945  -0.12704 for L=    3, J=    3.5 channel on core I =   0.0 from L=    3,  Acc. loss =  0.3 D.
 Elastic phase shift   1 =  -80.967  25.567 deg. for the L =    3, J =    3.5 channel.
       3.5 -0.38945291 -0.12704448i: elastic S-matrix  @@      0.00  0   0 F  0
 Reaction Xsec     3.5-/ 3 @ 1 =  55.327 , Out:   0.000#   1.467   53.860f


 Total SPIN, PARITY =     4.5 +,      8 chs,      8 cc.  Rmin & Coul turning =    0.2    3.4
   S-matrix    1 =   -0.29077   0.13494 for L=    4, J=    4.5 channel on core I =   0.0 from L=    4,  Acc. loss =  0.0 D.
 Elastic phase shift   1 =   77.553  32.592 deg. for the L =    4, J =    4.5 channel.
       4.5 -0.29077407  0.13493971i: elastic S-matrix  @@      0.00  0   0 F  0
 Reaction Xsec     4.5+/ 4 @ 1 =  74.565 , Out:   0.000#   2.808   71.757f


 Total SPIN, PARITY =     4.5 -,      8 chs,      8 cc.  Rmin & Coul turning =    0.2    3.4
   S-matrix    1 =    0.33122   0.35368 for L=    5, J=    4.5 channel on core I =   0.0 from L=    5,  Acc. loss =  0.1 D.
 Elastic phase shift   1 =   23.439  20.756 deg. for the L =    5, J =    4.5 channel.
       4.5  0.33121758  0.35367850i: elastic S-matrix  @@      0.00  0   0 F  0
 Reaction Xsec     4.5-/ 5 @ 1 =  63.593 , Out:   0.000#   3.643   59.949f


 Total SPIN, PARITY =     5.5 +,      8 chs,      8 cc.  Rmin & Coul turning =    0.2    4.1
   S-matrix    1 =    0.70421   0.26179 for L=    6, J=    5.5 channel on core I =   0.0 from L=    6,  Acc. loss =  0.0 D.
 Elastic phase shift   1 =   10.196   8.192 deg. for the L =    6, J =    5.5 channel.
       5.5  0.70420810  0.26178584i: elastic S-matrix  @@      0.00  0   0 F  0
 Reaction Xsec     5.5+/ 6 @ 1 =  43.437 , Out:   0.000#   2.094   41.343f


 Total SPIN, PARITY =     5.5 -,      8 chs,      8 cc.  Rmin & Coul turning =    0.2    4.1
   S-matrix    1 =    0.13410   0.38022 for L=    5, J=    5.5 channel on core I =   0.0 from L=    5,  Acc. loss =  0.1 D.
 Elastic phase shift   1 =   35.287  26.023 deg. for the L =    5, J =    5.5 channel.
       5.5  0.13409535  0.38021925i: elastic S-matrix  @@      0.00  0   0 F  0
 Reaction Xsec     5.5-/ 5 @ 1 =  83.516 , Out:   0.000#   4.491   79.024f


 Total SPIN, PARITY =     6.5 +,      8 chs,      8 cc.  Rmin & Coul turning =    0.3    4.9
   S-matrix    1 =    0.62123   0.34746 for L=    6, J=    6.5 channel on core I =   0.0 from L=    6,  Acc. loss =  0.0 D.
 Elastic phase shift   1 =   14.610   9.739 deg. for the L =    6, J =    6.5 channel.
       6.5  0.62122812  0.34746368i: elastic S-matrix  @@      0.00  0   0 F  0
 Reaction Xsec     6.5+/ 6 @ 1 =  57.399 , Out:   0.000#   2.892   54.507f


 Total SPIN, PARITY =     6.5 -,      8 chs,      8 cc.  Rmin & Coul turning =    0.3    4.9
   S-matrix    1 =    0.89151   0.13854 for L=    7, J=    6.5 channel on core I =   0.0 from L=    7,  Acc. loss =  0.1 D.
 Elastic phase shift   1 =    4.417   2.948 deg. for the L =    7, J =    6.5 channel.
       6.5  0.89151237  0.13854360i: elastic S-matrix  @@      0.00  0   0 F  0
 Reaction Xsec     6.5-/ 7 @ 1 =  21.642 , Out:   0.000#   0.834   20.807f


 Total SPIN, PARITY =     7.5 +,      8 chs,      8 cc.  Rmin & Coul turning =    0.3    5.6
   S-matrix    1 =    0.96182   0.06268 for L=    8, J=    7.5 channel on core I =   0.0 from L=    8,  Acc. loss =  0.0 D.
 Elastic phase shift   1 =    1.864   1.055 deg. for the L =    8, J =    7.5 channel.
       7.5  0.96181762  0.06268437i: elastic S-matrix  @@      0.00  0   0 F  0
 Reaction Xsec     7.5+/ 8 @ 1 =   9.438 , Out:   0.000#   0.341    9.096f


 Total SPIN, PARITY =     7.5 -,      8 chs,      8 cc.  Rmin & Coul turning =    0.3    5.6
   S-matrix    1 =    0.87233   0.19027 for L=    7, J=    7.5 channel on core I =   0.0 from L=    7,  Acc. loss =  0.1 D.
 Elastic phase shift   1 =    6.152   3.247 deg. for the L =    7, J =    7.5 channel.
       7.5  0.87232974  0.19026999i: elastic S-matrix  @@      0.00  0   0 F  0
 Reaction Xsec     7.5-/ 7 @ 1 =  26.971 , Out:   0.000#   0.985   25.986f


 Total SPIN, PARITY =     8.5 +,      8 chs,      8 cc.  Rmin & Coul turning =    0.4    6.3
   S-matrix    1 =    0.95836   0.08524 for L=    8, J=    8.5 channel on core I =   0.0 from L=    8,  Acc. loss =  0.0 D.
 Elastic phase shift   1 =    2.541   1.105 deg. for the L =    8, J =    8.5 channel.
       8.5  0.95836480  0.08523649i: elastic S-matrix  @@      0.00  0   0 F  0
 Reaction Xsec     8.5+/ 8 @ 1 =  11.110 , Out:   0.000#   0.395   10.715f


 Total SPIN, PARITY =     8.5 -,      8 chs,      8 cc.  Rmin & Coul turning =    0.4    6.3
   S-matrix    1 =    0.98662   0.02682 for L=    9, J=    8.5 channel on core I =   0.0 from L=    9,  Acc. loss =  0.1 D.
 Elastic phase shift   1 =    0.779   0.375 deg. for the L =    9, J =    8.5 channel.
       8.5  0.98661915  0.02682019i: elastic S-matrix  @@      0.00  0   0 F  0
 Reaction Xsec     8.5-/ 9 @ 1 =   3.869 , Out:   0.000#   0.094    3.775f


 Total SPIN, PARITY =     9.5 +,      8 chs,      8 cc.  Rmin & Coul turning =    0.4    7.0
   S-matrix    1 =    0.99532   0.01116 for L=   10, J=    9.5 channel on core I =   0.0 from L=   10,  Acc. loss =  0.0 D.
 Elastic phase shift   1 =    0.321   0.133 deg. for the L =   10, J =    9.5 channel.
       9.5  0.99531639  0.01116151i: elastic S-matrix  @@      0.00  0   0 F  0
 Reaction Xsec     9.5+/10 @ 1 =   1.533 , Out:   0.000#   0.019    1.514f


 Total SPIN, PARITY =     9.5 -,      8 chs,      8 cc.  Rmin & Coul turning =    0.4    7.0
   S-matrix    1 =    0.98600   0.03612 for L=    9, J=    9.5 channel on core I =   0.0 from L=    9,  Acc. loss =  0.1 D.
 Elastic phase shift   1 =    1.049   0.385 deg. for the L =    9, J =    9.5 channel.
       9.5  0.98600142  0.03611718i: elastic S-matrix  @@      0.00  0   0 F  0
 Reaction Xsec     9.5-/ 9 @ 1 =   4.404 , Out:   0.000#   0.111    4.293f


 Total SPIN, PARITY =    10.5 +,      8 chs,      8 cc.  Rmin & Coul turning =    0.5    7.8
   S-matrix    1 =    0.99521   0.01496 for L=   10, J=   10.5 channel on core I =   0.0 from L=   10,  Acc. loss =  0.0 D.
 Elastic phase shift   1 =    0.431   0.134 deg. for the L =   10, J =   10.5 channel.
      10.5  0.99521028  0.01496478i: elastic S-matrix  @@      0.00  0   0 F  0
 Reaction Xsec    10.5+/10 @ 1 =   1.706 , Out:   0.000#   0.022    1.685f


 Total SPIN, PARITY =    10.5 -,      8 chs,      8 cc.  Rmin & Coul turning =    0.5    7.8
   S-matrix    1 =    0.99835   0.00458 for L=   11, J=   10.5 channel on core I =   0.0 from L=   11,  Acc. loss =  0.0 D.
 Elastic phase shift   1 =    0.131   0.047 deg. for the L =   11, J =   10.5 channel.
      10.5  0.99835240  0.00458110i: elastic S-matrix  @@      0.00  0   0 F  0
 Reaction Xsec    10.5-/11 @ 1 =   0.598 , Out:   0.000#   3.068/   0.595f


 Total SPIN, PARITY =    11.5 +,      8 chs,      8 cc.  Rmin & Coul turning =    0.5    8.5
   S-matrix    1 =    0.99942   0.00187 for L=   12, J=   11.5 channel on core I =   0.0 from L=   12,  Acc. loss =  0.0 D.
 Elastic phase shift   1 =    0.054   0.017 deg. for the L =   12, J =   11.5 channel.
      11.5  0.99941767  0.00186798i: elastic S-matrix  @@      0.00  0   0 F  0
 Reaction Xsec    11.5+/12 @ 1 =   0.232 , Out:   0.000#   0.411/   0.231f


 Total SPIN, PARITY =    11.5 -,      8 chs,      8 cc.  Rmin & Coul turning =    0.5    8.5
   S-matrix    1 =    0.99833   0.00613 for L=   11, J=   11.5 channel on core I =   0.0 from L=   11,  Acc. loss =  0.0 D.
 Elastic phase shift   1 =    0.176   0.047 deg. for the L =   11, J =   11.5 channel.
      11.5  0.99833467  0.00613397i: elastic S-matrix  @@      0.00  0   0 F  0
 Reaction Xsec    11.5-/11 @ 1 =   0.656 , Out:   0.000#   3.430/   0.653f


 Total SPIN, PARITY =    12.5 +,      8 chs,      8 cc.  Rmin & Coul turning =    0.6    9.2
   S-matrix    1 =    0.99941   0.00250 for L=   12, J=   12.5 channel on core I =   0.0 from L=   12,  Acc. loss =  0.0 D.
 Elastic phase shift   1 =    0.072   0.017 deg. for the L =   12, J =   12.5 channel.
      12.5  0.99941473  0.00250152i: elastic S-matrix  @@      0.00  0   0 F  0
 Reaction Xsec    12.5+/12 @ 1 =   0.251 , Out:   0.000#   0.451/   0.251f


 Total SPIN, PARITY =    12.5 -,      8 chs,      8 cc.  Rmin & Coul turning =    0.6    9.2
   S-matrix    1 =    0.99979   0.00076 for L=   13, J=   12.5 channel on core I =   0.0 from L=   13,  Acc. loss =  0.0 D.
 Elastic phase shift   1 =    0.022   0.006 deg. for the L =   13, J =   12.5 channel.
      12.5  0.99979369  0.00075896i: elastic S-matrix  @@      0.00  0   0 F  0
 Reaction Xsec    12.5-/13 @ 1 =   0.089 , Out:   0.000#   0.040/   0.089f


 Total SPIN, PARITY =    13.5 +,      8 chs,      8 cc.  Rmin & Coul turning =    0.6   10.0
   S-matrix    1 =    0.99993   0.00031 for L=   14, J=   13.5 channel on core I =   0.0 from L=   14,  Acc. loss =  0.0 D.
 Elastic phase shift   1 =    0.009   0.002 deg. for the L =   14, J =   13.5 channel.
      13.5  0.99992686  0.00030761i: elastic S-matrix  @@      0.00  0   0 F  0
 Reaction Xsec    13.5+/14 @ 1 =   0.034 , Out:   0.000#   8.680#   0.034f


 Total SPIN, PARITY =    13.5 -,      8 chs,      8 cc.  Rmin & Coul turning =    0.6   10.0
   S-matrix    1 =    0.99979   0.00102 for L=   13, J=   13.5 channel on core I =   0.0 from L=   13,  Acc. loss =  0.0 D.
 Elastic phase shift   1 =    0.029   0.006 deg. for the L =   13, J =   13.5 channel.
      13.5  0.99979321  0.00101708i: elastic S-matrix  @@      0.00  0   0 F  0
 Reaction Xsec    13.5-/13 @ 1 =   0.096 , Out:   0.000#   0.043/   0.096f


 Total SPIN, PARITY =    14.5 +,      8 chs,      8 cc.  Rmin & Coul turning =    0.7   10.7
   S-matrix    1 =    0.99993   0.00041 for L=   14, J=   14.5 channel on core I =   0.0 from L=   14,  Acc. loss =  0.0 D.
 Elastic phase shift   1 =    0.012   0.002 deg. for the L =   14, J =   14.5 channel.
      14.5  0.99992678  0.00041259i: elastic S-matrix  @@      0.00  0   0 F  0
 Reaction Xsec    14.5+/14 @ 1 =   0.036 , Out:   0.000#   9.302#   0.036f


 Total SPIN, PARITY =    14.5 -,      8 chs,      8 cc.  Rmin & Coul turning =    0.7   10.7
   S-matrix    1 =    0.99997   0.00012 for L=   15, J=   14.5 channel on core I =   0.0 from L=   15,  Acc. loss =  0.1 D.
 Elastic phase shift   1 =    0.004   0.001 deg. for the L =   15, J =   14.5 channel.
      14.5  0.99997408  0.00012443i: elastic S-matrix  @@      0.00  0   0 F  0
 Reaction Xsec    14.5-/15 @ 1 =   0.013 , Out:   0.000#   0.012/   0.013f


 Total SPIN, PARITY =    15.5 +,      8 chs,      8 cc.  Rmin & Coul turning =    0.7   11.4
   S-matrix    1 =    0.99999   0.00005 for L=   16, J=   15.5 channel on core I =   0.0 from L=   16,  Acc. loss =  0.0 D.
 Elastic phase shift   1 =    0.001   0.000 deg. for the L =   16, J =   15.5 channel.
      15.5  0.99999081  0.00005025i: elastic S-matrix  @@      0.00  0   0 F  0
 Reaction Xsec    15.5+/16 @ 1 =   4.886/, Out:   0.000#   0.014/   0.005f


 Total SPIN, PARITY =    15.5 -,      8 chs,      8 cc.  Rmin & Coul turning =    0.7   11.4
   S-matrix    1 =    0.99997   0.00017 for L=   15, J=   15.5 channel on core I =   0.0 from L=   15,  Acc. loss =  0.1 D.
 Elastic phase shift   1 =    0.005   0.001 deg. for the L =   15, J =   15.5 channel.
      15.5  0.99997406  0.00016704i: elastic S-matrix  @@      0.00  0   0 F  0
 Reaction Xsec    15.5-/15 @ 1 =   0.014 , Out:   0.000#   0.013/   0.014f


 Total SPIN, PARITY =    16.5 +,      8 chs,      8 cc.  Rmin & Coul turning =    0.8   12.1
   S-matrix    1 =    0.99999   0.00007 for L=   16, J=   16.5 channel on core I =   0.0 from L=   16,  Acc. loss =  0.0 D.
 Elastic phase shift   1 =    0.002   0.000 deg. for the L =   16, J =   16.5 channel.
      16.5  0.99999081  0.00006751i: elastic S-matrix  @@      0.00  0   0 F  0
 Reaction Xsec    16.5+/16 @ 1 =   5.192/, Out:   0.000#   0.014/   0.005f


 Total SPIN, PARITY =    16.5 -,      8 chs,      8 cc.  Rmin & Coul turning =    0.8   12.1
   S-matrix    1 =    1.00000   0.00002 for L=   17, J=   16.5 channel on core I =   0.0 from L=   17,  Acc. loss =  0.0 D.
 Elastic phase shift   1 =    0.001   0.000 deg. for the L =   17, J =   16.5 channel.
      16.5  0.99999674  0.00002026i: elastic S-matrix  @@      0.00  0   0 F  0
 Reaction Xsec    16.5-/17 @ 1 =   1.841/, Out:   0.000#   0.012/   0.002f


 Total SPIN, PARITY =    17.5 +,      8 chs,      8 cc.  Rmin & Coul turning =    0.8   12.9
   S-matrix    1 =    1.00000   0.00001 for L=   18, J=   17.5 channel on core I =   0.0 from L=   18,  Acc. loss =  0.0 D.
 Elastic phase shift   1 =    0.000   0.000 deg. for the L =   18, J =   17.5 channel.
      17.5  0.99999884  0.00000816i: elastic S-matrix  @@      0.00  0   0 F  0
 Reaction Xsec    17.5+/18 @ 1 =   0.694/, Out:   0.000#   0.010/   0.001f


 Total SPIN, PARITY =    17.5 -,      8 chs,      8 cc.  Rmin & Coul turning =    0.8   12.9
   S-matrix    1 =    1.00000   0.00003 for L=   17, J=   17.5 channel on core I =   0.0 from L=   17,  Acc. loss =  0.0 D.
 Elastic phase shift   1 =    0.001   0.000 deg. for the L =   17, J =   17.5 channel.
      17.5  0.99999674  0.00002724i: elastic S-matrix  @@      0.00  0   0 F  0
 Reaction Xsec    17.5-/17 @ 1 =   1.950/, Out:   0.000#   0.013/   0.002f


 Total SPIN, PARITY =    18.5 +,      8 chs,      8 cc.  Rmin & Coul turning =    0.8   13.6
   S-matrix    1 =    1.00000   0.00001 for L=   18, J=   18.5 channel on core I =   0.0 from L=   18,  Acc. loss =  0.0 D.
 Elastic phase shift   1 =    0.000   0.000 deg. for the L =   18, J =   18.5 channel.
      18.5  0.99999884  0.00001098i: elastic S-matrix  @@      0.00  0   0 F  0
 Reaction Xsec    18.5+/18 @ 1 =   0.732/, Out:   0.000#   0.011/   0.001f


 Total SPIN, PARITY =    18.5 -,      8 chs,      8 cc.  Rmin & Coul turning =    0.8   13.6
   S-matrix    1 =    1.00000   0.00000 for L=   19, J=   18.5 channel on core I =   0.0 from L=   19,  Acc. loss =  0.0 D.
 Elastic phase shift   1 =    0.000   0.000 deg. for the L =   19, J =   18.5 channel.
      18.5  0.99999958  0.00000328i: elastic S-matrix  @@      0.00  0   0 F  0
 Reaction Xsec    18.5-/19 @ 1 =   0.262/, Out:   0.000#   8.277#   0.000f


 Total SPIN, PARITY =    19.5 +,      8 chs,      8 cc.  Rmin & Coul turning =    0.9   14.3
   S-matrix    1 =    1.00000   0.00000 for L=   20, J=   19.5 channel on core I =   0.0 from L=   20,  Acc. loss =  0.0 D.
 Elastic phase shift   1 =    0.000   0.000 deg. for the L =   20, J =   19.5 channel.
      19.5  0.99999985  0.00000132i: elastic S-matrix  @@      0.00  0   0 F  0
 Reaction Xsec    19.5+/20 @ 1 =   0.101/, Out:   0.000#   6.617#   0.000f


 Total SPIN, PARITY =    19.5 -,      8 chs,      8 cc.  Rmin & Coul turning =    0.9   14.3
   S-matrix    1 =    1.00000   0.00000 for L=   19, J=   19.5 channel on core I =   0.0 from L=   19,  Acc. loss =  0.0 D.
 Elastic phase shift   1 =    0.000   0.000 deg. for the L =   19, J =   19.5 channel.
      19.5  0.99999958  0.00000442i: elastic S-matrix  @@      0.00  0   0 F  0
 Reaction Xsec    19.5-/19 @ 1 =   0.276/, Out:   0.000#   8.712#   0.000f


 Total SPIN, PARITY =    20.5 +,      8 chs,      8 cc.  Rmin & Coul turning =    1.0   15.0
   S-matrix    1 =    1.00000   0.00000 for L=   20, J=   20.5 channel on core I =   0.0 from L=   20,  Acc. loss =  0.0 D.
 Elastic phase shift   1 =    0.000   0.000 deg. for the L =   20, J =   20.5 channel.
      20.5  0.99999985  0.00000178i: elastic S-matrix  @@      0.00  0   0 F  0
 Reaction Xsec    20.5+/20 @ 1 =   0.106/, Out:   0.000#   6.948#   0.000f


 Total SPIN, PARITY =    20.5 -,      8 chs,      8 cc.  Rmin & Coul turning =    1.0   15.0
   S-matrix    1 =    1.00000   0.00000 for L=   21, J=   20.5 channel on core I =   0.0 from L=   21,  Acc. loss =  0.0 D.
 Elastic phase shift   1 =    0.000   0.000 deg. for the L =   21, J =   20.5 channel.
      20.5  0.99999994  0.00000053i: elastic S-matrix  @@      0.00  0   0 F  0
 Reaction Xsec    20.5-/21 @ 1 =   0.040/, Out:   0.000#   5.288#   0.000f


 Total SPIN, PARITY =    21.5 +,      8 chs,      8 cc.  Rmin & Coul turning =    1.0   15.8
   S-matrix    1 =    1.00000   0.00000 for L=   22, J=   21.5 channel on core I =   0.0 from L=   22,  Acc. loss =  0.0 D.
 Elastic phase shift   1 =    0.000   0.000 deg. for the L =   22, J =   21.5 channel.
      21.5  0.99999998  0.00000021i: elastic S-matrix  @@      0.00  0   0 F  0
 Reaction Xsec    21.5+/22 @ 1 =   0.017/, Out:   0.000#   4.244#   0.000f


 Total SPIN, PARITY =    21.5 -,      8 chs,      8 cc.  Rmin & Coul turning =    1.0   15.8
   S-matrix    1 =    1.00000   0.00000 for L=   21, J=   21.5 channel on core I =   0.0 from L=   21,  Acc. loss =  0.0 D.
 Elastic phase shift   1 =    0.000   0.000 deg. for the L =   21, J =   21.5 channel.
      21.5  0.99999994  0.00000072i: elastic S-matrix  @@      0.00  0   0 F  0
 Reaction Xsec    21.5-/21 @ 1 =   0.042/, Out:   0.000#   5.539#   0.000f


 Total SPIN, PARITY =    22.5 +,      8 chs,      8 cc.  Rmin & Coul turning =    1.1   16.5
   S-matrix    1 =    1.00000   0.00000 for L=   22, J=   22.5 channel on core I =   0.0 from L=   22,  Acc. loss =  0.0 D.
 Elastic phase shift   1 =    0.000   0.000 deg. for the L =   22, J =   22.5 channel.
      22.5  0.99999998  0.00000029i: elastic S-matrix  @@      0.00  0   0 F  0
 Reaction Xsec    22.5+/22 @ 1 =   0.018/, Out:   0.000#   4.437#   0.000f


 Total SPIN, PARITY =    22.5 -,      8 chs,      8 cc.  Rmin & Coul turning =    1.1   16.5
   S-matrix    1 =    1.00000   0.00000 for L=   23, J=   22.5 channel on core I =   0.0 from L=   23,  Acc. loss =  0.0 D.
 Elastic phase shift   1 =    0.000   0.000 deg. for the L =   23, J =   22.5 channel.
      22.5  0.99999999  0.00000009i: elastic S-matrix  @@      0.00  0   0 F  0
 Reaction Xsec    22.5-/23 @ 1 =   8.120#, Out:   0.000#   3.423#   0.000f


 Total SPIN, PARITY =    23.5 +,      8 chs,      8 cc.  Rmin & Coul turning =    1.1   17.2
   S-matrix    1 =    1.00000   0.00000 for L=   24, J=   23.5 channel on core I =   0.0 from L=   24,  Acc. loss =  0.0 D.
 Elastic phase shift   1 =    0.000   0.000 deg. for the L =   24, J =   23.5 channel.
      23.5  0.99999999  0.00000004i: elastic S-matrix  @@      0.00  0   0 F  0
 Reaction Xsec    23.5+/24 @ 1 =   4.496#, Out:   0.000#   2.777#   0.000f


 Total SPIN, PARITY =    23.5 -,      8 chs,      8 cc.  Rmin & Coul turning =    1.1   17.2
   S-matrix    1 =    1.00000   0.00000 for L=   23, J=   23.5 channel on core I =   0.0 from L=   23,  Acc. loss =  0.0 D.
 Elastic phase shift   1 =    0.000   0.000 deg. for the L =   23, J =   23.5 channel.
      23.5  0.99999999  0.00000012i: elastic S-matrix  @@      0.00  0   0 F  0
 Reaction Xsec    23.5-/23 @ 1 =   8.473#, Out:   0.000#   3.571#   0.000f


 Total SPIN, PARITY =    24.5 +,      8 chs,      8 cc.  Rmin & Coul turning =    1.1   18.0
   S-matrix    1 =    1.00000   0.00000 for L=   24, J=   24.5 channel on core I =   0.0 from L=   24,  Acc. loss =  0.0 D.
 Elastic phase shift   1 =    0.000   0.000 deg. for the L =   24, J =   24.5 channel.
      24.5  0.99999999  0.00000005i: elastic S-matrix  @@      0.00  0   0 F  0
 Reaction Xsec    24.5+/24 @ 1 =   4.684#, Out:   0.000#   2.893#   0.000f


 Total SPIN, PARITY =    24.5 -,      8 chs,      8 cc.  Rmin & Coul turning =    1.1   18.0
   S-matrix    1 =    1.00000   0.00000 for L=   25, J=   24.5 channel on core I =   0.0 from L=   25,  Acc. loss =  0.0 D.
 Elastic phase shift   1 =    0.000   0.000 deg. for the L =   25, J =   24.5 channel.
      24.5  1.00000000  0.00000002i: elastic S-matrix  @@      0.00  0   0 F  0
 Reaction Xsec    24.5-/25 @ 1 =   2.893#, Out:   0.000#   2.265#   0.000f


 Total SPIN, PARITY =    25.5 +,      8 chs,      8 cc.  Rmin & Coul turning =    1.2   18.7
   S-matrix    1 =    1.00000   0.00000 for L=   26, J=   25.5 channel on core I =   0.0 from L=   26,  Acc. loss =  0.0 D.
 Elastic phase shift   1 =    0.000   0.000 deg. for the L =   26, J =   25.5 channel.
      25.5  1.00000000  0.00000001i: elastic S-matrix  @@      0.00  0   0 F  0
 Reaction Xsec    25.5+/26 @ 1 =   2.085#, Out:   0.000#   1.856#   0.000f


 Total SPIN, PARITY =    25.5 -,      8 chs,      8 cc.  Rmin & Coul turning =    1.2   18.7
   S-matrix    1 =    1.00000   0.00000 for L=   25, J=   25.5 channel on core I =   0.0 from L=   25,  Acc. loss =  0.0 D.
 Elastic phase shift   1 =    0.000   0.000 deg. for the L =   25, J =   25.5 channel.
      25.5  1.00000000  0.00000002i: elastic S-matrix  @@      0.00  0   0 F  0
 Reaction Xsec    25.5-/25 @ 1 =   3.009#, Out:   0.000#   2.356#   0.000f


 Total SPIN, PARITY =    26.5 +,      8 chs,      8 cc.  Rmin & Coul turning =    1.2   19.4
   S-matrix    1 =    1.00000   0.00000 for L=   26, J=   26.5 channel on core I =   0.0 from L=   26,  Acc. loss =  0.0 D.
 Elastic phase shift   1 =    0.000   0.000 deg. for the L =   26, J =   26.5 channel.
      26.5  1.00000000  0.00000001i: elastic S-matrix  @@      0.00  0   0 F  0
 Reaction Xsec    26.5+/26 @ 1 =   2.165#, Out:   0.000#   1.928#   0.000f


 Total SPIN, PARITY =    26.5 -,      8 chs,      8 cc.  Rmin & Coul turning =    1.2   19.4
   S-matrix    1 =    1.00000   0.00000 for L=   27, J=   26.5 channel on core I =   0.0 from L=   27,  Acc. loss =  0.0 D.
 Elastic phase shift   1 =    0.000   0.000 deg. for the L =   27, J =   26.5 channel.
      26.5  1.00000000  0.00000000i: elastic S-matrix  @@      0.00  0   0 F  0
 Reaction Xsec    26.5-/27 @ 1 =   1.613#, Out:   0.000#   1.530#   0.000f


 Total SPIN, PARITY =    27.5 +,      8 chs,      8 cc.  Rmin & Coul turning =    1.3   20.1
   S-matrix    1 =    1.00000   0.00000 for L=   28, J=   27.5 channel on core I =   0.0 from L=   28,  Acc. loss =  0.0 D.
 Elastic phase shift   1 =    0.000   0.000 deg. for the L =   28, J =   27.5 channel.
      27.5  1.00000000  0.00000000i: elastic S-matrix  @@      0.00  0   0 F  0
 Reaction Xsec    27.5+/28 @ 1 =   1.294#, Out:   0.000#   1.264#   0.000f


 Total SPIN, PARITY =    27.5 -,      8 chs,      8 cc.  Rmin & Coul turning =    1.3   20.1
   S-matrix    1 =    1.00000   0.00000 for L=   27, J=   27.5 channel on core I =   0.0 from L=   27,  Acc. loss =  0.0 D.
 Elastic phase shift   1 =    0.000   0.000 deg. for the L =   27, J =   27.5 channel.
      27.5  1.00000000  0.00000000i: elastic S-matrix  @@      0.00  0   0 F  0
 Reaction Xsec    27.5-/27 @ 1 =   1.673#, Out:   0.000#   1.586#   0.000f


 Total SPIN, PARITY =    28.5 +,      8 chs,      8 cc.  Rmin & Coul turning =    1.3   20.9
   S-matrix    1 =    1.00000   0.00000 for L=   28, J=   28.5 channel on core I =   0.0 from L=   28,  Acc. loss =  0.0 D.
 Elastic phase shift   1 =    0.000   0.000 deg. for the L =   28, J =   28.5 channel.
      28.5  1.00000000  0.00000000i: elastic S-matrix  @@      0.00  0   0 F  0
 Reaction Xsec    28.5+/28 @ 1 =   1.340#, Out:   0.000#   1.309#   0.000f


 Total SPIN, PARITY =    28.5 -,      8 chs,      8 cc.  Rmin & Coul turning =    1.3   20.9
   S-matrix    1 =    1.00000   0.00000 for L=   29, J=   28.5 channel on core I =   0.0 from L=   29,  Acc. loss =  0.0 D.
 Elastic phase shift   1 =    0.000   0.000 deg. for the L =   29, J =   28.5 channel.
      28.5  1.00000000  0.00000000i: elastic S-matrix  @@      0.00  0   0 F  0
 Reaction Xsec    28.5-/29 @ 1 =   1.061#, Out:   0.000#   1.050#   0.000f


 Total SPIN, PARITY =    29.5 +,      8 chs,      8 cc.  Rmin & Coul turning =    1.4   21.6
   S-matrix    1 =    1.00000   0.00000 for L=   30, J=   29.5 channel on core I =   0.0 from L=   30,  Acc. loss =  0.0 D.
 Elastic phase shift   1 =    0.000   0.000 deg. for the L =   30, J =   29.5 channel.
      29.5  1.00000000  0.00000000i: elastic S-matrix  @@      0.00  0   0 F  0
 Reaction Xsec    29.5+/30 @ 1 =   0.878#, Out:   0.000#   0.874#   0.000f


 Total SPIN, PARITY =    29.5 -,      8 chs,      8 cc.  Rmin & Coul turning =    1.4   21.6
   S-matrix    1 =    1.00000   0.00000 for L=   29, J=   29.5 channel on core I =   0.0 from L=   29,  Acc. loss =  0.0 D.
 Elastic phase shift   1 =    0.000   0.000 deg. for the L =   29, J =   29.5 channel.
      29.5  1.00000000  0.00000000i: elastic S-matrix  @@      0.00  0   0 F  0
 Reaction Xsec    29.5-/29 @ 1 =   1.097#, Out:   0.000#   1.086#   0.000f


 Total SPIN, PARITY =    30.5 +,      8 chs,      8 cc.  Rmin & Coul turning =    1.4   22.3
   S-matrix    1 =    1.00000   0.00000 for L=   30, J=   30.5 channel on core I =   0.0 from L=   30,  Acc. loss =  0.0 D.
 Elastic phase shift   1 =    0.000   0.000 deg. for the L =   30, J =   30.5 channel.
      30.5  1.00000000  0.00000000i: elastic S-matrix  @@      0.00  0   0 F  0
 Reaction Xsec    30.5+/30 @ 1 =   0.908#, Out:   0.000#   0.904#   0.000f


 Total SPIN, PARITY =    30.5 -,      8 chs,      8 cc.  Rmin & Coul turning =    1.4   22.3
   S-matrix    1 =    1.00000   0.00000 for L=   31, J=   30.5 channel on core I =   0.0 from L=   31,  Acc. loss =  0.0 D.
 Elastic phase shift   1 =    0.000   0.000 deg. for the L =   31, J =   30.5 channel.
      30.5  1.00000000  0.00000000i: elastic S-matrix  @@      0.00  0   0 F  0
 Reaction Xsec    30.5-/31 @ 1 =   0.731#, Out:   0.000#   0.730#   0.000f


 Total SPIN, PARITY =    31.5 +,      8 chs,      8 cc.  Rmin & Coul turning =    1.5   23.0
   S-matrix    1 =    1.00000   0.00000 for L=   32, J=   31.5 channel on core I =   0.0 from L=   32,  Acc. loss =  0.0 D.
 Elastic phase shift   1 =    0.000   0.000 deg. for the L =   32, J =   31.5 channel.
      31.5  1.00000000  0.00000000i: elastic S-matrix  @@      0.00  0   0 F  0
 Reaction Xsec    31.5+/32 @ 1 =   0.613#, Out:   0.000#   0.612#   0.000f


 Total SPIN, PARITY =    31.5 -,      8 chs,      8 cc.  Rmin & Coul turning =    1.5   23.0
   S-matrix    1 =    1.00000   0.00000 for L=   31, J=   31.5 channel on core I =   0.0 from L=   31,  Acc. loss =  0.0 D.
 Elastic phase shift   1 =    0.000   0.000 deg. for the L =   31, J =   31.5 channel.
      31.5  1.00000000  0.00000000i: elastic S-matrix  @@      0.00  0   0 F  0
 Reaction Xsec    31.5-/31 @ 1 =   0.755#, Out:   0.000#   0.753#   0.000f


 Total SPIN, PARITY =    32.5 +,      8 chs,      8 cc.  Rmin & Coul turning =    1.5   23.8
   S-matrix    1 =    1.00000   0.00000 for L=   32, J=   32.5 channel on core I =   0.0 from L=   32,  Acc. loss =  0.0 D.
 Elastic phase shift   1 =    0.000   0.000 deg. for the L =   32, J =   32.5 channel.
      32.5  1.00000000  0.00000000i: elastic S-matrix  @@      0.00  0   0 F  0
 Reaction Xsec    32.5+/32 @ 1 =   0.632#, Out:   0.000#   0.631#   0.000f


 Total SPIN, PARITY =    32.5 -,      8 chs,      8 cc.  Rmin & Coul turning =    1.5   23.8
   S-matrix    1 =    1.00000   0.00000 for L=   33, J=   32.5 channel on core I =   0.0 from L=   33,  Acc. loss =  0.0 D.
 Elastic phase shift   1 =    0.000   0.000 deg. for the L =   33, J =   32.5 channel.
      32.5  1.00000000  0.00000000i: elastic S-matrix  @@      0.00  0   0 F  0
 Reaction Xsec    32.5-/33 @ 1 =   0.514#, Out:   0.000#   0.514#   0.000f


 Total SPIN, PARITY =    33.5 +,      8 chs,      8 cc.  Rmin & Coul turning =    1.6   24.5
   S-matrix    1 =    1.00000   0.00000 for L=   34, J=   33.5 channel on core I =   0.0 from L=   34,  Acc. loss =  0.0 D.
 Elastic phase shift   1 =    0.000   0.000 deg. for the L =   34, J =   33.5 channel.
      33.5  1.00000000  0.00000000i: elastic S-matrix  @@      0.00  0   0 F  0
 Reaction Xsec    33.5+/34 @ 1 =   0.432#, Out:   0.000#   0.432#   0.000f


 Total SPIN, PARITY =    33.5 -,      8 chs,      8 cc.  Rmin & Coul turning =    1.6   24.5
   S-matrix    1 =    1.00000   0.00000 for L=   33, J=   33.5 channel on core I =   0.0 from L=   33,  Acc. loss =  0.0 D.
 Elastic phase shift   1 =    0.000   0.000 deg. for the L =   33, J =   33.5 channel.
      33.5  1.00000000  0.00000000i: elastic S-matrix  @@      0.00  0   0 F  0
 Reaction Xsec    33.5-/33 @ 1 =   0.529#, Out:   0.000#   0.529#   0.000f


 Total SPIN, PARITY =    34.5 +,      8 chs,      8 cc.  Rmin & Coul turning =    1.6   25.2
   S-matrix    1 =    1.00000   0.00000 for L=   34, J=   34.5 channel on core I =   0.0 from L=   34,  Acc. loss =  0.0 D.
 Elastic phase shift   1 =    0.000   0.000 deg. for the L =   34, J =   34.5 channel.
      34.5  1.00000000  0.00000000i: elastic S-matrix  @@      0.00  0   0 F  0
 Reaction Xsec    34.5+/34 @ 1 =   0.445#, Out:   0.000#   0.445#   0.000f


 Total SPIN, PARITY =    34.5 -,      8 chs,      8 cc.  Rmin & Coul turning =    1.6   25.2
   S-matrix    1 =    1.00000   0.00000 for L=   35, J=   34.5 channel on core I =   0.0 from L=   35,  Acc. loss =  0.0 D.
 Elastic phase shift   1 =    0.000   0.000 deg. for the L =   35, J =   34.5 channel.
      34.5  1.00000000  0.00000000i: elastic S-matrix  @@      0.00  0   0 F  0
 Reaction Xsec    34.5-/35 @ 1 =   0.365#, Out:   0.000#   0.365#   0.000f


 Total SPIN, PARITY =    35.5 +,      8 chs,      8 cc.  Rmin & Coul turning =    1.7   26.0
   S-matrix    1 =    1.00000   0.00000 for L=   36, J=   35.5 channel on core I =   0.0 from L=   36,  Acc. loss =  0.0 D.
 Elastic phase shift   1 =    0.000   0.000 deg. for the L =   36, J =   35.5 channel.
      35.5  1.00000000  0.00000000i: elastic S-matrix  @@      0.00  0   0 F  0
 Reaction Xsec    35.5+/36 @ 1 =   0.308#, Out:   0.000#   0.308#   0.000f


 Total SPIN, PARITY =    35.5 -,      8 chs,      8 cc.  Rmin & Coul turning =    1.7   26.0
   S-matrix    1 =    1.00000   0.00000 for L=   35, J=   35.5 channel on core I =   0.0 from L=   35,  Acc. loss =  0.0 D.
 Elastic phase shift   1 =    0.000   0.000 deg. for the L =   35, J =   35.5 channel.
      35.5  1.00000000  0.00000000i: elastic S-matrix  @@      0.00  0   0 F  0
 Reaction Xsec    35.5-/35 @ 1 =   0.376#, Out:   0.000#   0.376#   0.000f


 Total SPIN, PARITY =    36.5 +,      8 chs,      8 cc.  Rmin & Coul turning =    1.7   26.7
   S-matrix    1 =    1.00000   0.00000 for L=   36, J=   36.5 channel on core I =   0.0 from L=   36,  Acc. loss =  0.0 D.
 Elastic phase shift   1 =    0.000   0.000 deg. for the L =   36, J =   36.5 channel.
      36.5  1.00000000  0.00000000i: elastic S-matrix  @@      0.00  0   0 F  0
 Reaction Xsec    36.5+/36 @ 1 =   0.317#, Out:   0.000#   0.317#   0.000f


 Total SPIN, PARITY =    36.5 -,      8 chs,      8 cc.  Rmin & Coul turning =    1.7   26.7
   S-matrix    1 =    1.00000   0.00000 for L=   37, J=   36.5 channel on core I =   0.0 from L=   37,  Acc. loss =  0.0 D.
 Elastic phase shift   1 =    0.000   0.000 deg. for the L =   37, J =   36.5 channel.
      36.5  1.00000000  0.00000000i: elastic S-matrix  @@      0.00  0   0 F  0
 Reaction Xsec    36.5-/37 @ 1 =   0.261#, Out:   0.000#   0.261#   0.000f


 Total SPIN, PARITY =    37.5 +,      8 chs,      8 cc.  Rmin & Coul turning =    1.8   27.4
   S-matrix    1 =    1.00000   0.00000 for L=   38, J=   37.5 channel on core I =   0.0 from L=   38,  Acc. loss =  0.0 D.
 Elastic phase shift   1 =    0.000   0.000 deg. for the L =   38, J =   37.5 channel.
      37.5  1.00000000  0.00000000i: elastic S-matrix  @@      0.00  0   0 F  0
 Reaction Xsec    37.5+/38 @ 1 =   0.222#, Out:   0.000#   0.222#   0.000f


 Total SPIN, PARITY =    37.5 -,      8 chs,      8 cc.  Rmin & Coul turning =    1.8   27.4
   S-matrix    1 =    1.00000   0.00000 for L=   37, J=   37.5 channel on core I =   0.0 from L=   37,  Acc. loss =  0.0 D.
 Elastic phase shift   1 =    0.000   0.000 deg. for the L =   37, J =   37.5 channel.
      37.5  1.00000000  0.00000000i: elastic S-matrix  @@      0.00  0   0 F  0
 Reaction Xsec    37.5-/37 @ 1 =   0.268#, Out:   0.000#   0.268#  -0.000f


 Total SPIN, PARITY =    38.5 +,      8 chs,      8 cc.  Rmin & Coul turning =    1.8   28.1
   S-matrix    1 =    1.00000   0.00000 for L=   38, J=   38.5 channel on core I =   0.0 from L=   38,  Acc. loss =  0.0 D.
 Elastic phase shift   1 =    0.000   0.000 deg. for the L =   38, J =   38.5 channel.
      38.5  1.00000000  0.00000000i: elastic S-matrix  @@      0.00  0   0 F  0
 Reaction Xsec    38.5+/38 @ 1 =   0.228#, Out:   0.000#   0.228#   0.000f


 Total SPIN, PARITY =    38.5 -,      8 chs,      8 cc.  Rmin & Coul turning =    1.8   28.1
   S-matrix    1 =    1.00000   0.00000 for L=   39, J=   38.5 channel on core I =   0.0 from L=   39,  Acc. loss =  0.0 D.
 Elastic phase shift   1 =    0.000   0.000 deg. for the L =   39, J =   38.5 channel.
      38.5  1.00000000  0.00000000i: elastic S-matrix  @@      0.00  0   0 F  0
 Reaction Xsec    38.5-/39 @ 1 =   0.188#, Out:   0.000#   0.188#   0.000f


 Total SPIN, PARITY =    39.5 +,      8 chs,      8 cc.  Rmin & Coul turning =    1.9   28.9
   S-matrix    1 =    1.00000   0.00000 for L=   40, J=   39.5 channel on core I =   0.0 from L=   40,  Acc. loss =  0.0 D.
 Elastic phase shift   1 =    0.000   0.000 deg. for the L =   40, J =   39.5 channel.
      39.5  1.00000000  0.00000000i: elastic S-matrix  @@      0.00  0   0 F  0
 Reaction Xsec    39.5+/40 @ 1 =   0.161#, Out:   0.000#   0.161#   0.000f


 Total SPIN, PARITY =    39.5 -,      8 chs,      8 cc.  Rmin & Coul turning =    1.9   28.9
   S-matrix    1 =    1.00000   0.00000 for L=   39, J=   39.5 channel on core I =   0.0 from L=   39,  Acc. loss =  0.0 D.
 Elastic phase shift   1 =    0.000   0.000 deg. for the L =   39, J =   39.5 channel.
      39.5  1.00000000  0.00000000i: elastic S-matrix  @@      0.00  0   0 F  0
 Reaction Xsec    39.5-/39 @ 1 =   0.193#, Out:   0.000#   0.193#   0.000f


 Total SPIN, PARITY =    40.5 +,      8 chs,      8 cc.  Rmin & Coul turning =    1.9   29.6
   S-matrix    1 =    1.00000   0.00000 for L=   40, J=   40.5 channel on core I =   0.0 from L=   40,  Acc. loss =  0.0 D.
 Elastic phase shift   1 =    0.000   0.000 deg. for the L =   40, J =   40.5 channel.
      40.5  1.00000000  0.00000000i: elastic S-matrix  @@      0.00  0   0 F  0
 Reaction Xsec    40.5+/40 @ 1 =   0.165#, Out:   0.000#   0.165#   0.000f


 Total SPIN, PARITY =    40.5 -,      8 chs,      8 cc.  Rmin & Coul turning =    1.9   29.6
   S-matrix    1 =    1.00000   0.00000 for L=   41, J=   40.5 channel on core I =   0.0 from L=   41,  Acc. loss =  0.0 D.
 Elastic phase shift   1 =    0.000   0.000 deg. for the L =   41, J =   40.5 channel.
      40.5  1.00000000  0.00000000i: elastic S-matrix  @@      0.00  0   0 F  0
 Reaction Xsec    40.5-/41 @ 1 =   0.137#, Out:   0.000#   0.137#  -0.000f


 Total SPIN, PARITY =    41.5 +,      8 chs,      8 cc.  Rmin & Coul turning =    1.9   30.3
   S-matrix    1 =    1.00000   0.00000 for L=   42, J=   41.5 channel on core I =   0.0 from L=   42,  Acc. loss =  0.0 D.
 Elastic phase shift   1 =    0.000   0.000 deg. for the L =   42, J =   41.5 channel.
      41.5  1.00000000  0.00000000i: elastic S-matrix  @@      0.00  0   0 F  0
 Reaction Xsec    41.5+/42 @ 1 =   0.117#, Out:   0.000#   0.117#  -0.000f


 Total SPIN, PARITY =    41.5 -,      8 chs,      8 cc.  Rmin & Coul turning =    1.9   30.3
   S-matrix    1 =    1.00000   0.00000 for L=   41, J=   41.5 channel on core I =   0.0 from L=   41,  Acc. loss =  0.0 D.
 Elastic phase shift   1 =    0.000   0.000 deg. for the L =   41, J =   41.5 channel.
      41.5  1.00000000  0.00000000i: elastic S-matrix  @@      0.00  0   0 F  0
 Reaction Xsec    41.5-/41 @ 1 =   0.141#, Out:   0.000#   0.141#  -0.000f


 Total SPIN, PARITY =    42.5 +,      8 chs,      8 cc.  Rmin & Coul turning =    2.0   31.1
   S-matrix    1 =    1.00000   0.00000 for L=   42, J=   42.5 channel on core I =   0.0 from L=   42,  Acc. loss =  0.0 D.
 Elastic phase shift   1 =    0.000   0.000 deg. for the L =   42, J =   42.5 channel.
      42.5  1.00000000  0.00000000i: elastic S-matrix  @@      0.00  0   0 F  0
 Reaction Xsec    42.5+/42 @ 1 =   0.120#, Out:   0.000#   0.120#   0.000f


 Total SPIN, PARITY =    42.5 -,      8 chs,      8 cc.  Rmin & Coul turning =    2.0   31.1
   S-matrix    1 =    1.00000   0.00000 for L=   43, J=   42.5 channel on core I =   0.0 from L=   43,  Acc. loss =  0.0 D.
 Elastic phase shift   1 =    0.000   0.000 deg. for the L =   43, J =   42.5 channel.
      42.5  1.00000000  0.00000000i: elastic S-matrix  @@      0.00  0   0 F  0
 Reaction Xsec    42.5-/43 @ 1 =   0.100#, Out:   0.000#   0.100#   0.000f


 Total SPIN, PARITY =    43.5 +,      8 chs,      8 cc.  Rmin & Coul turning =    2.0   31.8
   S-matrix    1 =    1.00000   0.00000 for L=   44, J=   43.5 channel on core I =   0.0 from L=   44,  Acc. loss =  0.0 D.
 Elastic phase shift   1 =    0.000   0.000 deg. for the L =   44, J =   43.5 channel.
      43.5  1.00000000  0.00000000i: elastic S-matrix  @@      0.00  0   0 F  0
 Reaction Xsec    43.5+/44 @ 1 =   0.086#, Out:   0.000#   0.086#   0.000f


 Total SPIN, PARITY =    43.5 -,      8 chs,      8 cc.  Rmin & Coul turning =    2.0   31.8
   S-matrix    1 =    1.00000   0.00000 for L=   43, J=   43.5 channel on core I =   0.0 from L=   43,  Acc. loss =  0.0 D.
 Elastic phase shift   1 =    0.000   0.000 deg. for the L =   43, J =   43.5 channel.
      43.5  1.00000000  0.00000000i: elastic S-matrix  @@      0.00  0   0 F  0
 Reaction Xsec    43.5-/43 @ 1 =   0.102#, Out:   0.000#   0.102#   0.000f


 Total SPIN, PARITY =    44.5 +,      8 chs,      8 cc.  Rmin & Coul turning =    2.1   32.5
   S-matrix    1 =    1.00000   0.00000 for L=   44, J=   44.5 channel on core I =   0.0 from L=   44,  Acc. loss =  0.0 D.
 Elastic phase shift   1 =    0.000   0.000 deg. for the L =   44, J =   44.5 channel.
      44.5  1.00000000  0.00000000i: elastic S-matrix  @@      0.00  0   0 F  0
 Reaction Xsec    44.5+/44 @ 1 =   0.088#, Out:   0.000#   0.088#   0.000f


 Total SPIN, PARITY =    44.5 -,      8 chs,      8 cc.  Rmin & Coul turning =    2.1   32.5
   S-matrix    1 =    1.00000   0.00000 for L=   45, J=   44.5 channel on core I =   0.0 from L=   45,  Acc. loss =  0.0 D.
 Elastic phase shift   1 =    0.000   0.000 deg. for the L =   45, J =   44.5 channel.
      44.5  1.00000000  0.00000000i: elastic S-matrix  @@      0.00  0   0 F  0
 Reaction Xsec    44.5-/45 @ 1 =   0.074#, Out:   0.000#   0.074#   0.000f


 Total SPIN, PARITY =    45.5 +,      8 chs,      8 cc.  Rmin & Coul turning =    2.2   33.2
   S-matrix    1 =    1.00000   0.00000 for L=   46, J=   45.5 channel on core I =   0.0 from L=   46,  Acc. loss =  0.0 D.
 Elastic phase shift   1 =    0.000   0.000 deg. for the L =   46, J =   45.5 channel.
      45.5  1.00000000  0.00000000i: elastic S-matrix  @@      0.00  0   0 F  0
 Reaction Xsec    45.5+/46 @ 1 =   0.063#, Out:   0.000#   0.063#   0.000f


 Total SPIN, PARITY =    45.5 -,      8 chs,      8 cc.  Rmin & Coul turning =    2.2   33.2
   S-matrix    1 =    1.00000   0.00000 for L=   45, J=   45.5 channel on core I =   0.0 from L=   45,  Acc. loss =  0.0 D.
 Elastic phase shift   1 =    0.000   0.000 deg. for the L =   45, J =   45.5 channel.
      45.5  1.00000000  0.00000000i: elastic S-matrix  @@      0.00  0   0 F  0
 Reaction Xsec    45.5-/45 @ 1 =   0.075#, Out:   0.000#   0.075#   0.000f


 Total SPIN, PARITY =    46.5 +,      8 chs,      8 cc.  Rmin & Coul turning =    2.2   34.0
   S-matrix    1 =    1.00000   0.00000 for L=   46, J=   46.5 channel on core I =   0.0 from L=   46,  Acc. loss =  0.0 D.
 Elastic phase shift   1 =    0.000   0.000 deg. for the L =   46, J =   46.5 channel.
      46.5  1.00000000  0.00000000i: elastic S-matrix  @@      0.00  0   0 F  0
 Reaction Xsec    46.5+/46 @ 1 =   0.065#, Out:   0.000#   0.065#  -0.000f


 Total SPIN, PARITY =    46.5 -,      8 chs,      8 cc.  Rmin & Coul turning =    2.2   34.0
   S-matrix    1 =    1.00000   0.00000 for L=   47, J=   46.5 channel on core I =   0.0 from L=   47,  Acc. loss =  0.0 D.
 Elastic phase shift   1 =    0.000   0.000 deg. for the L =   47, J =   46.5 channel.
      46.5  1.00000000  0.00000000i: elastic S-matrix  @@      0.00  0   0 F  0
 Reaction Xsec    46.5-/47 @ 1 =   0.055#, Out:   0.000#   0.055#   0.000f


 Total SPIN, PARITY =    47.5 +,      8 chs,      8 cc.  Rmin & Coul turning =    2.2   34.7
   S-matrix    1 =    1.00000   0.00000 for L=   48, J=   47.5 channel on core I =   0.0 from L=   48,  Acc. loss =  0.0 D.
 Elastic phase shift   1 =    0.000   0.000 deg. for the L =   48, J =   47.5 channel.
      47.5  1.00000000  0.00000000i: elastic S-matrix  @@      0.00  0   0 F  0
 Reaction Xsec    47.5+/48 @ 1 =   0.047#, Out:   0.000#   0.047#   0.000f


 Total SPIN, PARITY =    47.5 -,      8 chs,      8 cc.  Rmin & Coul turning =    2.2   34.7
   S-matrix    1 =    1.00000   0.00000 for L=   47, J=   47.5 channel on core I =   0.0 from L=   47,  Acc. loss =  0.0 D.
 Elastic phase shift   1 =    0.000   0.000 deg. for the L =   47, J =   47.5 channel.
      47.5  1.00000000  0.00000000i: elastic S-matrix  @@      0.00  0   0 F  0
 Reaction Xsec    47.5-/47 @ 1 =   0.056#, Out:   0.000#   0.056#  -0.000f


 Total SPIN, PARITY =    48.5 +,      8 chs,      8 cc.  Rmin & Coul turning =    2.3   35.4
   S-matrix    1 =    1.00000   0.00000 for L=   48, J=   48.5 channel on core I =   0.0 from L=   48,  Acc. loss =  0.0 D.
 Elastic phase shift   1 =    0.000   0.000 deg. for the L =   48, J =   48.5 channel.
      48.5  1.00000000  0.00000000i: elastic S-matrix  @@      0.00  0   0 F  0
 Reaction Xsec    48.5+/48 @ 1 =   0.048#, Out:   0.000#   0.048#  -0.000f


 Total SPIN, PARITY =    48.5 -,      8 chs,      8 cc.  Rmin & Coul turning =    2.3   35.4
   S-matrix    1 =    1.00000   0.00000 for L=   49, J=   48.5 channel on core I =   0.0 from L=   49,  Acc. loss =  0.0 D.
 Elastic phase shift   1 =    0.000   0.000 deg. for the L =   49, J =   48.5 channel.
      48.5  1.00000000  0.00000000i: elastic S-matrix  @@      0.00  0   0 F  0
 Reaction Xsec    48.5-/49 @ 1 =   0.040#, Out:   0.000#   0.040#   0.000f


 Total SPIN, PARITY =    49.5 +,      8 chs,      8 cc.  Rmin & Coul turning =    2.3   36.1
   S-matrix    1 =    1.00000   0.00000 for L=   50, J=   49.5 channel on core I =   0.0 from L=   50,  Acc. loss =  0.0 D.
 Elastic phase shift   1 =    0.000   0.000 deg. for the L =   50, J =   49.5 channel.
      49.5  1.00000000  0.00000000i: elastic S-matrix  @@      0.00  0   0 F  0
 Reaction Xsec    49.5+/50 @ 1 =   0.035#, Out:   0.000#   0.035#   0.000f


 Total SPIN, PARITY =    49.5 -,      8 chs,      8 cc.  Rmin & Coul turning =    2.3   36.1
   S-matrix    1 =    1.00000   0.00000 for L=   49, J=   49.5 channel on core I =   0.0 from L=   49,  Acc. loss =  0.0 D.
 Elastic phase shift   1 =    0.000   0.000 deg. for the L =   49, J =   49.5 channel.
      49.5  1.00000000  0.00000000i: elastic S-matrix  @@      0.00  0   0 F  0
 Reaction Xsec    49.5-/49 @ 1 =   0.041#, Out:   0.000#   0.041#  -0.000f


 Total SPIN, PARITY =    50.5 +,      8 chs,      8 cc.  Rmin & Coul turning =    2.4   36.9
   S-matrix    1 =    1.00000   0.00000 for L=   50, J=   50.5 channel on core I =   0.0 from L=   50,  Acc. loss =  0.0 D.
 Elastic phase shift   1 =    0.000   0.000 deg. for the L =   50, J =   50.5 channel.
      50.5  1.00000000  0.00000000i: elastic S-matrix  @@      0.00  0   0 F  0
 Reaction Xsec    50.5+/50 @ 1 =   0.036#, Out:   0.000#   0.036#   0.000f


 Total SPIN, PARITY =    50.5 -,      8 chs,      8 cc.  Rmin & Coul turning =    2.4   36.9
   S-matrix    1 =    1.00000   0.00000 for L=   51, J=   50.5 channel on core I =   0.0 from L=   51,  Acc. loss =  0.0 D.
 Elastic phase shift   1 =    0.000   0.000 deg. for the L =   51, J =   50.5 channel.
      50.5  1.00000000  0.00000000i: elastic S-matrix  @@      0.00  0   0 F  0
 Reaction Xsec    50.5-/51 @ 1 =   0.031#, Out:   0.000#   0.031#  -0.000f

 Finished all CC sets @   0.300808996    
0CUMULATIVE REACTION cross section                 =  690.49588  <L> =     4.41  <L**2> =     23.4
0CUMULATIVE outgoing cross sections in partition 1 :    0.00000   26.77619
0Cumulative ABSORBTION by Imaginary Potentials     =  663.71969  <L> =     4.40  <L**2> =     23.4
   Fusion for specific p        M-states :  663.719690  663.719690
0CUMULATIVE OUTGOING cross section                 =   26.77619
 To convert to S-factors (MeV.mb = keV.b),  multiply by  1.3784E+02


 CROSS SECTIONS FOR OUTGOING p        & O20      in state #   1 with spins & parities 0.5  + &  0.0  +;  0

     3.00 deg.: X-S =   7.8515E+04 mb/sr,
+                                         /R =   7.5432E-01
     4.00 deg.: X-S =   2.1747E+04 mb/sr,
+                                         /R =   6.6010E-01
     5.00 deg.: X-S =  8430.477700 mb/sr,
+                                         /R =   6.2445E-01
     6.00 deg.: X-S =  4478.306570 mb/sr,
+                                         /R =   6.8745E-01
     7.00 deg.: X-S =  3118.695040 mb/sr,
+                                         /R =   8.8635E-01
     8.00 deg.: X-S =  2584.764188 mb/sr,
+                                         /R =   1.2522E+00
     9.00 deg.: X-S =  2330.578964 mb/sr,
+                                         /R =   1.8070E+00
    10.00 deg.: X-S =  2169.073310 mb/sr,
+                                         /R =   2.5609E+00
    11.00 deg.: X-S =  2033.038063 mb/sr,
+                                         /R =   3.5105E+00
    12.00 deg.: X-S =  1898.937992 mb/sr,
+                                         /R =   4.6385E+00
    13.00 deg.: X-S =  1760.010104 mb/sr,
+                                         /R =   5.9140E+00
    14.00 deg.: X-S =  1616.014365 mb/sr,
+                                         /R =   7.2938E+00
    15.00 deg.: X-S =  1469.108347 mb/sr,
+                                         /R =   8.7252E+00
    16.00 deg.: X-S =  1322.127226 mb/sr,
+                                         /R =   1.0149E+01
    17.00 deg.: X-S =  1177.858554 mb/sr,
+                                         /R =   1.1504E+01
    18.00 deg.: X-S =  1038.745484 mb/sr,
+                                         /R =   1.2728E+01
    19.00 deg.: X-S =   906.780561 mb/sr,
+                                         /R =   1.3768E+01
    20.00 deg.: X-S =   783.486480 mb/sr,
+                                         /R =   1.4576E+01
    21.00 deg.: X-S =   669.937252 mb/sr,
+                                         /R =   1.5118E+01
    22.00 deg.: X-S =   566.798215 mb/sr,
+                                         /R =   1.5373E+01
    23.00 deg.: X-S =   474.374503 mb/sr,
+                                         /R =   1.5335E+01
    24.00 deg.: X-S =   392.662684 mb/sr,
+                                         /R =   1.5013E+01
    25.00 deg.: X-S =   321.402631 mb/sr,
+                                         /R =   1.4432E+01
    26.00 deg.: X-S =   260.127835 mb/sr,
+                                         /R =   1.3629E+01
    27.00 deg.: X-S =   208.212945 mb/sr,
+                                         /R =   1.2653E+01
    28.00 deg.: X-S =   164.917672 mb/sr,
+                                         /R =   1.1558E+01
    29.00 deg.: X-S =   129.426456 mb/sr,
+                                         /R =   1.0408E+01
    30.00 deg.: X-S =   100.883467 mb/sr,
+                                         /R =   9.2626E+00
    31.00 deg.: X-S =    78.422740 mb/sr,
+                                         /R =   8.1840E+00
    32.00 deg.: X-S =    61.193370 mb/sr,
+                                         /R =   7.2275E+00
    33.00 deg.: X-S =    48.379869 mb/sr,
+                                         /R =   6.4411E+00
    34.00 deg.: X-S =    39.217906 mb/sr,
+                                         /R =   5.8635E+00
    35.00 deg.: X-S =    33.005736 mb/sr,
+                                         /R =   5.5219E+00
    36.00 deg.: X-S =    29.111755 mb/sr,
+                                         /R =   5.4316E+00
    37.00 deg.: X-S =    26.978602 mb/sr,
+                                         /R =   5.5957E+00
    38.00 deg.: X-S =    26.124325 mb/sr,
+                                         /R =   6.0054E+00
    39.00 deg.: X-S =    26.141083 mb/sr,
+                                         /R =   6.6410E+00
    40.00 deg.: X-S =    26.691904 mb/sr,
+                                         /R =   7.4734E+00
    41.00 deg.: X-S =    27.505921 mb/sr,
+                                         /R =   8.4656E+00
    42.00 deg.: X-S =    28.372561 mb/sr,
+                                         /R =   9.5751E+00
    43.00 deg.: X-S =    29.135031 mb/sr,
+                                         /R =   1.0756E+01
    44.00 deg.: X-S =    29.683463 mb/sr,
+                                         /R =   1.1960E+01
    45.00 deg.: X-S =    29.947986 mb/sr,
+                                         /R =   1.3142E+01
    46.00 deg.: X-S =    29.891968 mb/sr,
+                                         /R =   1.4256E+01
    47.00 deg.: X-S =    29.505604 mb/sr,
+                                         /R =   1.5263E+01
    48.00 deg.: X-S =    28.799980 mb/sr,
+                                         /R =   1.6128E+01
    49.00 deg.: X-S =    27.801724 mb/sr,
+                                         /R =   1.6823E+01
    50.00 deg.: X-S =    26.548278 mb/sr,
+                                         /R =   1.7328E+01
    51.00 deg.: X-S =    25.083837 mb/sr,
+                                         /R =   1.7630E+01
    52.00 deg.: X-S =    23.455931 mb/sr,
+                                         /R =   1.7724E+01
    53.00 deg.: X-S =    21.712644 mb/sr,
+                                         /R =   1.7610E+01
    54.00 deg.: X-S =    19.900431 mb/sr,
+                                         /R =   1.7297E+01
    55.00 deg.: X-S =    18.062461 mb/sr,
+                                         /R =   1.6801E+01
    56.00 deg.: X-S =    16.237456 mb/sr,
+                                         /R =   1.6139E+01
    57.00 deg.: X-S =    14.458945 mb/sr,
+                                         /R =   1.5336E+01
    58.00 deg.: X-S =    12.754875 mb/sr,
+                                         /R =   1.4418E+01
    59.00 deg.: X-S =    11.147516 mb/sr,
+                                         /R =   1.3411E+01
    60.00 deg.: X-S =     9.653605 mb/sr,
+                                         /R =   1.2345E+01
    61.00 deg.: X-S =     8.284664 mb/sr,
+                                         /R =   1.1248E+01
    62.00 deg.: X-S =     7.047456 mb/sr,
+                                         /R =   1.0147E+01
    63.00 deg.: X-S =     5.944524 mb/sr,
+                                         /R =   9.0654E+00
    64.00 deg.: X-S =     4.974781 mb/sr,
+                                         /R =   8.0268E+00
    65.00 deg.: X-S =     4.134122 mb/sr,
+                                         /R =   7.0498E+00
    66.00 deg.: X-S =     3.416024 mb/sr,
+                                         /R =   6.1501E+00
    67.00 deg.: X-S =     2.812122 mb/sr,
+                                         /R =   5.3398E+00
    68.00 deg.: X-S =     2.312744 mb/sr,
+                                         /R =   4.6270E+00
    69.00 deg.: X-S =     1.907392 mb/sr,
+                                         /R =   4.0168E+00
    70.00 deg.: X-S =     1.585169 mb/sr,
+                                         /R =   3.5105E+00
    71.00 deg.: X-S =     1.335139 mb/sr,
+                                         /R =   3.1065E+00
    72.00 deg.: X-S =     1.146627 mb/sr,
+                                         /R =   2.8004E+00
    73.00 deg.: X-S =     1.009459 mb/sr,
+                                         /R =   2.5856E+00
    74.00 deg.: X-S =     0.914150 mb/sr,
+                                         /R =   2.4536E+00
    75.00 deg.: X-S =     0.852026 mb/sr,
+                                         /R =   2.3943E+00
    76.00 deg.: X-S =     0.815318 mb/sr,
+                                         /R =   2.3968E+00
    77.00 deg.: X-S =     0.797198 mb/sr,
+                                         /R =   2.4496E+00
    78.00 deg.: X-S =     0.791794 mb/sr,
+                                         /R =   2.5411E+00
    79.00 deg.: X-S =     0.794165 mb/sr,
+                                         /R =   2.6600E+00
    80.00 deg.: X-S =     0.800262 mb/sr,
+                                         /R =   2.7953E+00
    81.00 deg.: X-S =     0.806866 mb/sr,
+                                         /R =   2.9370E+00
    82.00 deg.: X-S =     0.811519 mb/sr,
+                                         /R =   3.0761E+00
    83.00 deg.: X-S =     0.812439 mb/sr,
+                                         /R =   3.2046E+00
    84.00 deg.: X-S =     0.808439 mb/sr,
+                                         /R =   3.3160E+00
    85.00 deg.: X-S =     0.798841 mb/sr,
+                                         /R =   3.4050E+00
    86.00 deg.: X-S =     0.783390 mb/sr,
+                                         /R =   3.4677E+00
    87.00 deg.: X-S =     0.762176 mb/sr,
+                                         /R =   3.5013E+00
    88.00 deg.: X-S =     0.735560 mb/sr,
+                                         /R =   3.5046E+00
    89.00 deg.: X-S =     0.704101 mb/sr,
+                                         /R =   3.4771E+00
    90.00 deg.: X-S =     0.668503 mb/sr,
+                                         /R =   3.4196E+00
    91.00 deg.: X-S =     0.629554 mb/sr,
+                                         /R =   3.3337E+00
    92.00 deg.: X-S =     0.588084 mb/sr,
+                                         /R =   3.2219E+00
    93.00 deg.: X-S =     0.544929 mb/sr,
+                                         /R =   3.0869E+00
    94.00 deg.: X-S =     0.500895 mb/sr,
+                                         /R =   2.9321E+00
    95.00 deg.: X-S =     0.456738 mb/sr,
+                                         /R =   2.7613E+00
    96.00 deg.: X-S =     0.413147 mb/sr,
+                                         /R =   2.5783E+00
    97.00 deg.: X-S =     0.370729 mb/sr,
+                                         /R =   2.3868E+00
    98.00 deg.: X-S =     0.330002 mb/sr,
+                                         /R =   2.1906E+00
    99.00 deg.: X-S =     0.291393 mb/sr,
+                                         /R =   1.9934E+00
   100.00 deg.: X-S =     0.255238 mb/sr,
+                                         /R =   1.7984E+00
   101.00 deg.: X-S =     0.221785 mb/sr,
+                                         /R =   1.6087E+00
   102.00 deg.: X-S =     0.191199 mb/sr,
+                                         /R =   1.4270E+00
   103.00 deg.: X-S =     0.163569 mb/sr,
+                                         /R =   1.2555E+00
   104.00 deg.: X-S =     0.138913 mb/sr,
+                                         /R =   1.0960E+00
   105.00 deg.: X-S =     0.117195 mb/sr,
+                                         /R =   9.4996E-01
   106.00 deg.: X-S =     0.098322 mb/sr,
+                                         /R =   8.1842E-01
   107.00 deg.: X-S =     0.082164 mb/sr,
+                                         /R =   7.0198E-01
   108.00 deg.: X-S =     0.068556 mb/sr,
+                                         /R =   6.0090E-01
   109.00 deg.: X-S =     0.057308 mb/sr,
+                                         /R =   5.1510E-01
   110.00 deg.: X-S =     0.048213 mb/sr,
+                                         /R =   4.4418E-01
   111.00 deg.: X-S =     0.041055 mb/sr,
+                                         /R =   3.8750E-01
   112.00 deg.: X-S =     0.035611 mb/sr,
+                                         /R =   3.4420E-01
   113.00 deg.: X-S =     0.031662 mb/sr,
+                                         /R =   3.1325E-01
   114.00 deg.: X-S =     0.028991 mb/sr,
+                                         /R =   2.9347E-01
   115.00 deg.: X-S =     0.027394 mb/sr,
+                                         /R =   2.8359E-01
   116.00 deg.: X-S =     0.026675 mb/sr,
+                                         /R =   2.8230E-01
   117.00 deg.: X-S =     0.026655 mb/sr,
+                                         /R =   2.8825E-01
   118.00 deg.: X-S =     0.027169 mb/sr,
+                                         /R =   3.0010E-01
   119.00 deg.: X-S =     0.028070 mb/sr,
+                                         /R =   3.1655E-01
   120.00 deg.: X-S =     0.029226 mb/sr,
+                                         /R =   3.3637E-01
   121.00 deg.: X-S =     0.030523 mb/sr,
+                                         /R =   3.5838E-01
   122.00 deg.: X-S =     0.031864 mb/sr,
+                                         /R =   3.8151E-01
   123.00 deg.: X-S =     0.033168 mb/sr,
+                                         /R =   4.0480E-01
   124.00 deg.: X-S =     0.034367 mb/sr,
+                                         /R =   4.2738E-01
   125.00 deg.: X-S =     0.035410 mb/sr,
+                                         /R =   4.4851E-01
   126.00 deg.: X-S =     0.036258 mb/sr,
+                                         /R =   4.6758E-01
   127.00 deg.: X-S =     0.036881 mb/sr,
+                                         /R =   4.8406E-01
   128.00 deg.: X-S =     0.037262 mb/sr,
+                                         /R =   4.9755E-01
   129.00 deg.: X-S =     0.037393 mb/sr,
+                                         /R =   5.0778E-01
   130.00 deg.: X-S =     0.037273 mb/sr,
+                                         /R =   5.1455E-01
   131.00 deg.: X-S =     0.036906 mb/sr,
+                                         /R =   5.1775E-01
   132.00 deg.: X-S =     0.036305 mb/sr,
+                                         /R =   5.1739E-01
   133.00 deg.: X-S =     0.035484 mb/sr,
+                                         /R =   5.1352E-01
   134.00 deg.: X-S =     0.034463 mb/sr,
+                                         /R =   5.0628E-01
   135.00 deg.: X-S =     0.033263 mb/sr,
+                                         /R =   4.9585E-01
   136.00 deg.: X-S =     0.031906 mb/sr,
+                                         /R =   4.8246E-01
   137.00 deg.: X-S =     0.030417 mb/sr,
+                                         /R =   4.6640E-01
   138.00 deg.: X-S =     0.028821 mb/sr,
+                                         /R =   4.4797E-01
   139.00 deg.: X-S =     0.027142 mb/sr,
+                                         /R =   4.2749E-01
   140.00 deg.: X-S =     0.025404 mb/sr,
+                                         /R =   4.0531E-01
   141.00 deg.: X-S =     0.023631 mb/sr,
+                                         /R =   3.8177E-01
   142.00 deg.: X-S =     0.021844 mb/sr,
+                                         /R =   3.5723E-01
   143.00 deg.: X-S =     0.020064 mb/sr,
+                                         /R =   3.3203E-01
   144.00 deg.: X-S =     0.018310 mb/sr,
+                                         /R =   3.0651E-01
   145.00 deg.: X-S =     0.016599 mb/sr,
+                                         /R =   2.8099E-01
   146.00 deg.: X-S =     0.014947 mb/sr,
+                                         /R =   2.5578E-01
   147.00 deg.: X-S =     0.013367 mb/sr,
+                                         /R =   2.3116E-01
   148.00 deg.: X-S =     0.011871 mb/sr,
+                                         /R =   2.0739E-01
   149.00 deg.: X-S =     0.010469 mb/sr,
+                                         /R =   1.8470E-01
   150.00 deg.: X-S =     0.009168 mb/sr,
+                                         /R =   1.6329E-01
   151.00 deg.: X-S =     0.007974 mb/sr,
+                                         /R =   1.4334E-01
   152.00 deg.: X-S =     0.006892 mb/sr,
+                                         /R =   1.2500E-01
   153.00 deg.: X-S =     0.005925 mb/sr,
+                                         /R =   1.0838E-01
   154.00 deg.: X-S =     0.005073 mb/sr,
+                                         /R =   9.3551E-02
   155.00 deg.: X-S =     0.004335 mb/sr,
+                                         /R =   8.0579E-02
   156.00 deg.: X-S =     0.003710 mb/sr,
+                                         /R =   6.9484E-02
   157.00 deg.: X-S =     0.003194 mb/sr,
+                                         /R =   6.0261E-02
   158.00 deg.: X-S =     0.002783 mb/sr,
+                                         /R =   5.2879E-02
   159.00 deg.: X-S =     0.002472 mb/sr,
+                                         /R =   4.7282E-02
   160.00 deg.: X-S =     0.002255 mb/sr,
+                                         /R =   4.3391E-02
   161.00 deg.: X-S =     0.002123 mb/sr,
+                                         /R =   4.1105E-02
   162.00 deg.: X-S =     0.002070 mb/sr,
+                                         /R =   4.0308E-02
   163.00 deg.: X-S =     0.002087 mb/sr,
+                                         /R =   4.0863E-02
   164.00 deg.: X-S =     0.002166 mb/sr,
+                                         /R =   4.2625E-02
   165.00 deg.: X-S =     0.002298 mb/sr,
+                                         /R =   4.5435E-02
   166.00 deg.: X-S =     0.002474 mb/sr,
+                                         /R =   4.9128E-02
   167.00 deg.: X-S =     0.002685 mb/sr,
+                                         /R =   5.3533E-02
   168.00 deg.: X-S =     0.002921 mb/sr,
+                                         /R =   5.8477E-02
   169.00 deg.: X-S =     0.003176 mb/sr,
+                                         /R =   6.3789E-02
   170.00 deg.: X-S =     0.003439 mb/sr,
+                                         /R =   6.9299E-02
   171.00 deg.: X-S =     0.003703 mb/sr,
+                                         /R =   7.4843E-02
   172.00 deg.: X-S =     0.003961 mb/sr,
+                                         /R =   8.0266E-02
   173.00 deg.: X-S =     0.004206 mb/sr,
+                                         /R =   8.5421E-02
   174.00 deg.: X-S =     0.004431 mb/sr,
+                                         /R =   9.0177E-02
   175.00 deg.: X-S =     0.004632 mb/sr,
+                                         /R =   9.4413E-02
   176.00 deg.: X-S =     0.004802 mb/sr,
+                                         /R =   9.8025E-02
   177.00 deg.: X-S =     0.004939 mb/sr,
+                                         /R =   1.0093E-01
   178.00 deg.: X-S =     0.005039 mb/sr,
+                                         /R =   1.0305E-01
   179.00 deg.: X-S =     0.005100 mb/sr,
+                                         /R =   1.0434E-01
   179.99 deg.: X-S =     0.005121 mb/sr,
+                                         /R =   1.0478E-01
                                           Integrated 1514.9361 mb, over [   3.000, 180.000] at    43.2700 MeV 

 CROSS SECTIONS FOR OUTGOING p        & O20      in state #   2 with spins & parities 0.5  + &  3.0  -;  0

     3.00 deg.: X-S =     2.365370 mb/sr,
+                                         REAC   2.6776E+01 mb
     4.00 deg.: X-S =     2.552635 mb/sr,
     5.00 deg.: X-S =     2.783223 mb/sr,
     6.00 deg.: X-S =     3.049979 mb/sr,
     7.00 deg.: X-S =     3.345534 mb/sr,
     8.00 deg.: X-S =     3.663265 mb/sr,
     9.00 deg.: X-S =     3.997852 mb/sr,
    10.00 deg.: X-S =     4.345264 mb/sr,
    11.00 deg.: X-S =     4.702351 mb/sr,
    12.00 deg.: X-S =     5.066448 mb/sr,
    13.00 deg.: X-S =     5.435290 mb/sr,
    14.00 deg.: X-S =     5.807247 mb/sr,
    15.00 deg.: X-S =     6.181654 mb/sr,
    16.00 deg.: X-S =     6.558895 mb/sr,
    17.00 deg.: X-S =     6.940121 mb/sr,
    18.00 deg.: X-S =     7.326672 mb/sr,
    19.00 deg.: X-S =     7.719467 mb/sr,
    20.00 deg.: X-S =     8.118561 mb/sr,
    21.00 deg.: X-S =     8.522944 mb/sr,
    22.00 deg.: X-S =     8.930515 mb/sr,
    23.00 deg.: X-S =     9.338091 mb/sr,
    24.00 deg.: X-S =     9.741404 mb/sr,
    25.00 deg.: X-S =    10.135115 mb/sr,
    26.00 deg.: X-S =    10.512882 mb/sr,
    27.00 deg.: X-S =    10.867551 mb/sr,
    28.00 deg.: X-S =    11.191434 mb/sr,
    29.00 deg.: X-S =    11.476638 mb/sr,
    30.00 deg.: X-S =    11.715407 mb/sr,
    31.00 deg.: X-S =    11.900473 mb/sr,
    32.00 deg.: X-S =    12.025395 mb/sr,
    33.00 deg.: X-S =    12.084886 mb/sr,
    34.00 deg.: X-S =    12.075061 mb/sr,
    35.00 deg.: X-S =    11.993611 mb/sr,
    36.00 deg.: X-S =    11.839866 mb/sr,
    37.00 deg.: X-S =    11.614799 mb/sr,
    38.00 deg.: X-S =    11.320997 mb/sr,
    39.00 deg.: X-S =    10.962612 mb/sr,
    40.00 deg.: X-S =    10.545268 mb/sr,
    41.00 deg.: X-S =    10.075893 mb/sr,
    42.00 deg.: X-S =     9.562464 mb/sr,
    43.00 deg.: X-S =     9.013705 mb/sr,
    44.00 deg.: X-S =     8.438775 mb/sr,
    45.00 deg.: X-S =     7.847002 mb/sr,
    46.00 deg.: X-S =     7.247646 mb/sr,
    47.00 deg.: X-S =     6.649691 mb/sr,
    48.00 deg.: X-S =     6.061627 mb/sr,
    49.00 deg.: X-S =     5.491236 mb/sr,
    50.00 deg.: X-S =     4.945399 mb/sr,
    51.00 deg.: X-S =     4.429964 mb/sr,
    52.00 deg.: X-S =     3.949681 mb/sr,
    53.00 deg.: X-S =     3.508193 mb/sr,
    54.00 deg.: X-S =     3.108044 mb/sr,
    55.00 deg.: X-S =     2.750703 mb/sr,
    56.00 deg.: X-S =     2.436588 mb/sr,
    57.00 deg.: X-S =     2.165137 mb/sr,
    58.00 deg.: X-S =     1.934911 mb/sr,
    59.00 deg.: X-S =     1.743733 mb/sr,
    60.00 deg.: X-S =     1.588846 mb/sr,
    61.00 deg.: X-S =     1.467037 mb/sr,
    62.00 deg.: X-S =     1.374755 mb/sr,
    63.00 deg.: X-S =     1.308205 mb/sr,
    64.00 deg.: X-S =     1.263466 mb/sr,
    65.00 deg.: X-S =     1.236603 mb/sr,
    66.00 deg.: X-S =     1.223800 mb/sr,
    67.00 deg.: X-S =     1.221452 mb/sr,
    68.00 deg.: X-S =     1.226238 mb/sr,
    69.00 deg.: X-S =     1.235147 mb/sr,
    70.00 deg.: X-S =     1.245504 mb/sr,
    71.00 deg.: X-S =     1.254981 mb/sr,
    72.00 deg.: X-S =     1.261632 mb/sr,
    73.00 deg.: X-S =     1.263905 mb/sr,
    74.00 deg.: X-S =     1.260649 mb/sr,
    75.00 deg.: X-S =     1.251085 mb/sr,
    76.00 deg.: X-S =     1.234769 mb/sr,
    77.00 deg.: X-S =     1.211543 mb/sr,
    78.00 deg.: X-S =     1.181498 mb/sr,
    79.00 deg.: X-S =     1.144945 mb/sr,
    80.00 deg.: X-S =     1.102390 mb/sr,
    81.00 deg.: X-S =     1.054499 mb/sr,
    82.00 deg.: X-S =     1.002057 mb/sr,
    83.00 deg.: X-S =     0.945921 mb/sr,
    84.00 deg.: X-S =     0.886983 mb/sr,
    85.00 deg.: X-S =     0.826134 mb/sr,
    86.00 deg.: X-S =     0.764250 mb/sr,
    87.00 deg.: X-S =     0.702172 mb/sr,
    88.00 deg.: X-S =     0.640694 mb/sr,
    89.00 deg.: X-S =     0.580539 mb/sr,
    90.00 deg.: X-S =     0.522352 mb/sr,
    91.00 deg.: X-S =     0.466683 mb/sr,
    92.00 deg.: X-S =     0.413986 mb/sr,
    93.00 deg.: X-S =     0.364623 mb/sr,
    94.00 deg.: X-S =     0.318865 mb/sr,
    95.00 deg.: X-S =     0.276900 mb/sr,
    96.00 deg.: X-S =     0.238832 mb/sr,
    97.00 deg.: X-S =     0.204689 mb/sr,
    98.00 deg.: X-S =     0.174429 mb/sr,
    99.00 deg.: X-S =     0.147951 mb/sr,
   100.00 deg.: X-S =     0.125100 mb/sr,
   101.00 deg.: X-S =     0.105683 mb/sr,
   102.00 deg.: X-S =     0.089470 mb/sr,
   103.00 deg.: X-S =     0.076211 mb/sr,
   104.00 deg.: X-S =     0.065635 mb/sr,
   105.00 deg.: X-S =     0.057465 mb/sr,
   106.00 deg.: X-S =     0.051418 mb/sr,
   107.00 deg.: X-S =     0.047214 mb/sr,
   108.00 deg.: X-S =     0.044580 mb/sr,
   109.00 deg.: X-S =     0.043252 mb/sr,
   110.00 deg.: X-S =     0.042985 mb/sr,
   111.00 deg.: X-S =     0.043552 mb/sr,
   112.00 deg.: X-S =     0.044744 mb/sr,
   113.00 deg.: X-S =     0.046376 mb/sr,
   114.00 deg.: X-S =     0.048281 mb/sr,
   115.00 deg.: X-S =     0.050313 mb/sr,
   116.00 deg.: X-S =     0.052347 mb/sr,
   117.00 deg.: X-S =     0.054278 mb/sr,
   118.00 deg.: X-S =     0.056025 mb/sr,
   119.00 deg.: X-S =     0.057522 mb/sr,
   120.00 deg.: X-S =     0.058724 mb/sr,
   121.00 deg.: X-S =     0.059596 mb/sr,
   122.00 deg.: X-S =     0.060119 mb/sr,
   123.00 deg.: X-S =     0.060281 mb/sr,
   124.00 deg.: X-S =     0.060086 mb/sr,
   125.00 deg.: X-S =     0.059543 mb/sr,
   126.00 deg.: X-S =     0.058671 mb/sr,
   127.00 deg.: X-S =     0.057495 mb/sr,
   128.00 deg.: X-S =     0.056042 mb/sr,
   129.00 deg.: X-S =     0.054344 mb/sr,
   130.00 deg.: X-S =     0.052430 mb/sr,
   131.00 deg.: X-S =     0.050335 mb/sr,
   132.00 deg.: X-S =     0.048091 mb/sr,
   133.00 deg.: X-S =     0.045732 mb/sr,
   134.00 deg.: X-S =     0.043289 mb/sr,
   135.00 deg.: X-S =     0.040794 mb/sr,
   136.00 deg.: X-S =     0.038273 mb/sr,
   137.00 deg.: X-S =     0.035753 mb/sr,
   138.00 deg.: X-S =     0.033257 mb/sr,
   139.00 deg.: X-S =     0.030806 mb/sr,
   140.00 deg.: X-S =     0.028418 mb/sr,
   141.00 deg.: X-S =     0.026110 mb/sr,
   142.00 deg.: X-S =     0.023895 mb/sr,
   143.00 deg.: X-S =     0.021784 mb/sr,
   144.00 deg.: X-S =     0.019786 mb/sr,
   145.00 deg.: X-S =     0.017909 mb/sr,
   146.00 deg.: X-S =     0.016157 mb/sr,
   147.00 deg.: X-S =     0.014534 mb/sr,
   148.00 deg.: X-S =     0.013041 mb/sr,
   149.00 deg.: X-S =     0.011679 mb/sr,
   150.00 deg.: X-S =     0.010445 mb/sr,
   151.00 deg.: X-S =     0.009340 mb/sr,
   152.00 deg.: X-S =     0.008360 mb/sr,
   153.00 deg.: X-S =     0.007501 mb/sr,
   154.00 deg.: X-S =     0.006760 mb/sr,
   155.00 deg.: X-S =     0.006131 mb/sr,
   156.00 deg.: X-S =     0.005607 mb/sr,
   157.00 deg.: X-S =     0.005183 mb/sr,
   158.00 deg.: X-S =     0.004852 mb/sr,
   159.00 deg.: X-S =     0.004607 mb/sr,
   160.00 deg.: X-S =     0.004443 mb/sr,
   161.00 deg.: X-S =     0.004351 mb/sr,
   162.00 deg.: X-S =     0.004325 mb/sr,
   163.00 deg.: X-S =     0.004355 mb/sr,
   164.00 deg.: X-S =     0.004436 mb/sr,
   165.00 deg.: X-S =     0.004558 mb/sr,
   166.00 deg.: X-S =     0.004715 mb/sr,
   167.00 deg.: X-S =     0.004899 mb/sr,
   168.00 deg.: X-S =     0.005104 mb/sr,
   169.00 deg.: X-S =     0.005322 mb/sr,
   170.00 deg.: X-S =     0.005546 mb/sr,
   171.00 deg.: X-S =     0.005771 mb/sr,
   172.00 deg.: X-S =     0.005989 mb/sr,
   173.00 deg.: X-S =     0.006195 mb/sr,
   174.00 deg.: X-S =     0.006384 mb/sr,
   175.00 deg.: X-S =     0.006552 mb/sr,
   176.00 deg.: X-S =     0.006695 mb/sr,
   177.00 deg.: X-S =     0.006811 mb/sr,
   178.00 deg.: X-S =     0.006895 mb/sr,
   179.00 deg.: X-S =     0.006947 mb/sr,
   180.00 deg.: X-S =     0.006965 mb/sr,
                                           Integrated   26.7632 mb, over [   3.000, 180.000] at    43.2700 MeV 
 Finished all xsecs @   0.304412007    

  The following files have been created:
   3:local copy of User input.            6:standard output.                   
   7:elastic  S-matrix elements.         13:total cross sections/state.        
  16:tables of cross sections.           35:Astrophysics S-factors  / Ecm.     
  38:cross sections for each J/pi.       39:cross sections for each Ecm.       
  40:all cross sectns. for each Elab.    45:scat phase shift as E functions.   
  56:Fusion for each Jtotal.             75:S-factors for lab energies.        
 201:Separate cross sections.           202:Separate cross sections.           

 PARAMETERS : MAXQRN   MFNL   MLOC  LMAX1 MCLIST
    ALLOWED :      1     64      9     70     15
    REQUIRED:      0      0      9     55      5


 ACCURACY ANALYSIS at    43.270 MeV :

  Elastic h*k = 0.041 so OK       compared with 0.200

   Real(S-el) > 0.01 first at J =       0.5
   Real(S-el) > 0.10 first at J =       0.5
   Real(S-el) > 0.50 first at J =       5.5
   Real(S-el) > 0.90 first at J =       7.5
   Real(S-el) > 0.99 first at J =       9.5
   R-turn =    36.87 fm    at J =      50.5

 Forward-angle excitation cut off below   0.432 deg by max JT =      50.5
                              and below   0.267 deg by max R.

 Total CPU  0 time =       0.30 seconds
