 FRESCO - FRES 3.4: Coupled Reaction Channels
 Assuming NAMELIST input.

 p+O20 with CH89;                                                                

   0.030  60.000   0.500   0.000   0.000   0.000   0.000   0.000   0.000   0.000

 Centre-of-mass Range is   2002 * 0.0300 fm., Maximum at  60.00 fm., Interpolating NL forms every  0.51 fm.
 Non - locality width is      4 * 0.0300 fm., Maximum of   0.09 fm., Centred at  0.00 fm.
 2-Nucleon Separation of      0 * 0.5100 fm., Maximum of   0.00 fm., Minimum at  0.00 fm.
 Maximum single particle bins of 59.6700 fm.
               M,Mint =         2001        1990


 Range of total J is     0.0 <= J <=    50.0 (at least     0.0) and Absorbtion =>     0.0010 mb.
 Dry Run = F, CC set limits =  0  0, Relativistic kinematics =  , Both/Far/Near Analyses =  1                     

 Cross Sections (and up to T0 for 0=projectile) for Theta from   3.0 to-180.0 in steps of  1.0 degrees, DGAM=0,  Coordinates = 0 (Mads)

 Lower Radial Cutoff = maximum of -1.60*L*h &       0.0 fm.,  Lower Cutoff for Couplings =   0.0  fm.


 Iterate Couplings between   0 and   0 times, to  0.000 % if sooner.                                          
  Block solved exactly =   0 chs., with Pade = 0 & Isocen =  =0, NOSOL = F, initwf =  0
  NL quadrature with   18 Gaussian points, Calculate multipoles up to    56 from   0
  M-transfers for lp+lt greater than or equal to  6, Angular Integration Cutoff below  2.7778 %


 Trace switches are :  CHANS =  1, LISTCC =  0, TRENEG =  0, CDETR =  0, SMATS =  2, XSTABL =  1, NLPL =  0

                       WAVES =  0, LAMPL =  0, VEFF =  0, KFUS =  0, WDISK =  0, BPM =  0, MELFIL =  0

                       CDCC =  0, NFUS =  0

 Using unit mass = 1.000000 amu and 1/fine-structure constant = 137.03599 ( 1.000000 * true ) with hc = 197.32705 MeV.fm,
  thus 2*amu/hbar^2 = 0.0478450 = 1/20.9008 and Coulomb constant = 0.1574855 so e^2 = 1.43997, and nuclear magneton= 0.1261183

 Now pre-scan input and save to file 3



 *********** PARTITION NUMBER  1 ******************************************************************************************

   PROJ=p          MASS=  1.0073 Z=   1.0,        # STATES=    1T, TARG=O20      MASS= 19.9997 Z=   8.0,     Q-VALUE =  -0.0000 MEV.

     1:  J= 0.5+ (B# 1), E=  0.0000, K= 0.5              Potl#  1       J= 0.0+ (B# 1), E=  0.0000, K= 0.0    


 ************************************************************************************************************************************

 The following POTENTIALS are defined :

  KP#       TYPE      IT    SHAPE      at     V1        r1        a1        V2        r2        a2        A-in     A-used


                                            A#1       A#2        r0c       ac                                                h @ 1
    1    0=Coulomb       0=CHARGE (WS)  1    20.000     0.000    1.2842    0.0000    0.0000    0.0000     0.000    20.000   0.03000

    1    1=Volume        0=Woods-Saxon  2   32.3685    1.1671    0.6900    3.4191    1.1753    0.6900     0.000    20.000

    1    2=Surface       0=Woods-Saxon  3    0.0000    0.0000    0.0000    7.2556    1.1753    0.6900     0.000    20.000

    1    3=Projtl S.O.   0=Woods-Saxon  4    5.9000    0.8979    0.6300    0.0000    0.0000    0.0000     0.000    20.000

 Incoming partition  1 in excitation state # 1,   Laboratory Energy given for partition  1 Nucleus 1 in Excitation pair 1

0Lab. ENERGY ranges :

   from    35.0000     to   0.00000     in     0 intervals
   from    0.00000     to   0.00000     in     0 intervals
   from    0.00000     to   0.00000     in     0 intervals

 Largest real,imaginary parts of any form factor at R=   59.52 are   2.42E-02  7.77E-32 MeV
 Finished all Couplings @    7.54999928E-04           4

 Symmetric Hamiltonian
1***********************************************************************************************************************************
************************************************************************************************************************************

        INCOMING p        ;    LABORATORY p        ENERGY =   35.000     MeV.

 ***********************************************************************************************************************************
 ***********************************************************************************************************************************

 Allocate arrays for            2  channels, of which            1  need wfs.

 ######################################################################################################################
 #                                                                                                                    #
 # Total SPIN and PARITY =     0.5 +,      1 channels,    0 in 1st block.  Rmin & Coul turning =    0.0    0.3 fm.  #
 #                                                                                                                    #
 ######################################################################################################################



    C Projectl Target   #   EX.   (L  Proj) J  + Targ = Jtotal     E-cm      Re K     Re Eta     RM*K            CH
    1 p        O20      #    1: I   0 0.5    0.5  0.0     0.5    33.32176   1.23648   0.21373   74.1887   0.33920  -0.36833 1 1 1   1
   S-matrix    1 =   -0.23777  -0.31502 for L=    0, J=    0.5 channel on core I =   0.0 from L=    0,  Acc. loss =  0.0 D.
 Elastic phase shift   1 =  -63.523  26.633 deg. for the L =    0, J =    0.5 channel.
       0.5 -0.23777259 -0.31502096i: elastic S-matrix  @@      0.00  0   0 F  0
 Reaction Xsec     0.5+/ 0 @ 1 =  17.347 , Out:   0.000#


 Total SPIN, PARITY =     0.5 -,      1 chs,      0 cc.  Rmin & Coul turning =    0.0    0.3
   S-matrix    1 =   -0.35438   0.02230 for L=    1, J=    0.5 channel on core I =   0.0 from L=    1,  Acc. loss =  0.0 D.
 Elastic phase shift   1 =   88.200  29.662 deg. for the L =    1, J =    0.5 channel.
       0.5 -0.35438482  0.02229678i: elastic S-matrix  @@      0.00  0   0 F  0
 Reaction Xsec     0.5-/ 1 @ 1 =  17.957 , Out:   0.000#


 Total SPIN, PARITY =     1.5 +,      1 chs,      0 cc.  Rmin & Coul turning =    0.0    1.3
   S-matrix    1 =   -0.26371   0.23459 for L=    2, J=    1.5 channel on core I =   0.0 from L=    2,  Acc. loss =  0.0 D.
 Elastic phase shift   1 =   69.172  29.834 deg. for the L =    2, J =    1.5 channel.
       1.5 -0.26371125  0.23459227i: elastic S-matrix  @@      0.00  0   0 F  0
 Reaction Xsec     1.5+/ 2 @ 1 =  35.977 , Out:   0.000#


 Total SPIN, PARITY =     1.5 -,      1 chs,      0 cc.  Rmin & Coul turning =    0.0    1.3
   S-matrix    1 =   -0.31872  -0.17354 for L=    1, J=    1.5 channel on core I =   0.0 from L=    1,  Acc. loss =  0.0 D.
 Elastic phase shift   1 =  -75.716  29.038 deg. for the L =    1, J =    1.5 channel.
       1.5 -0.31872228 -0.17353864i: elastic S-matrix  @@      0.00  0   0 F  0
 Reaction Xsec     1.5-/ 1 @ 1 =  35.684 , Out:   0.000#


 Total SPIN, PARITY =     2.5 +,      1 chs,      0 cc.  Rmin & Coul turning =    0.1    2.2
   S-matrix    1 =   -0.38408  -0.05482 for L=    2, J=    2.5 channel on core I =   0.0 from L=    2,  Acc. loss =  0.0 D.
 Elastic phase shift   1 =  -85.939  27.125 deg. for the L =    2, J =    2.5 channel.
       2.5 -0.38407529 -0.05481553i: elastic S-matrix  @@      0.00  0   0 F  0
 Reaction Xsec     2.5+/ 2 @ 1 =  52.366 , Out:   0.000#


 Total SPIN, PARITY =     2.5 -,      1 chs,      0 cc.  Rmin & Coul turning =    0.1    2.2
   S-matrix    1 =   -0.01984   0.25655 for L=    3, J=    2.5 channel on core I =   0.0 from L=    3,  Acc. loss =  0.0 D.
 Elastic phase shift   1 =   47.211  38.888 deg. for the L =    3, J =    2.5 channel.
       2.5 -0.01983567  0.25655299i: elastic S-matrix  @@      0.00  0   0 F  0
 Reaction Xsec     2.5-/ 3 @ 1 =  57.563 , Out:   0.000#


 Total SPIN, PARITY =     3.5 +,      1 chs,      0 cc.  Rmin & Coul turning =    0.1    3.0
   S-matrix    1 =    0.32808   0.22393 for L=    4, J=    3.5 channel on core I =   0.0 from L=    4,  Acc. loss =  0.0 D.
 Elastic phase shift   1 =   17.158  26.450 deg. for the L =    4, J =    3.5 channel.
       3.5  0.32807836  0.22392714i: elastic S-matrix  @@      0.00  0   0 F  0
 Reaction Xsec     3.5+/ 4 @ 1 =  69.225 , Out:   0.000#


 Total SPIN, PARITY =     3.5 -,      1 chs,      0 cc.  Rmin & Coul turning =    0.1    3.0
   S-matrix    1 =   -0.30192   0.06889 for L=    3, J=    3.5 channel on core I =   0.0 from L=    3,  Acc. loss =  0.0 D.
 Elastic phase shift   1 =   83.573  33.582 deg. for the L =    3, J =    3.5 channel.
       3.5 -0.30191673  0.06889378i: elastic S-matrix  @@      0.00  0   0 F  0
 Reaction Xsec     3.5-/ 3 @ 1 =  74.311 , Out:   0.000#


 Total SPIN, PARITY =     4.5 +,      1 chs,      0 cc.  Rmin & Coul turning =    0.2    3.8
   S-matrix    1 =    0.06133   0.24054 for L=    4, J=    4.5 channel on core I =   0.0 from L=    4,  Acc. loss =  0.0 D.
 Elastic phase shift   1 =   37.848  39.917 deg. for the L =    4, J =    4.5 channel.
       4.5  0.06133049  0.24054020i: elastic S-matrix  @@      0.00  0   0 F  0
 Reaction Xsec     4.5+/ 4 @ 1 =  96.411 , Out:   0.000#


 Total SPIN, PARITY =     4.5 -,      1 chs,      0 cc.  Rmin & Coul turning =    0.2    3.8
   S-matrix    1 =    0.66092   0.16109 for L=    5, J=    4.5 channel on core I =   0.0 from L=    5,  Acc. loss =  0.0 D.
 Elastic phase shift   1 =    6.849  11.037 deg. for the L =    5, J =    4.5 channel.
       4.5  0.66092097  0.16108550i: elastic S-matrix  @@      0.00  0   0 F  0
 Reaction Xsec     4.5-/ 5 @ 1 =  55.196 , Out:   0.000#


 Total SPIN, PARITY =     5.5 +,      1 chs,      0 cc.  Rmin & Coul turning =    0.2    4.6
   S-matrix    1 =    0.86238   0.08512 for L=    6, J=    5.5 channel on core I =   0.0 from L=    6,  Acc. loss =  0.0 D.
 Elastic phase shift   1 =    2.818   4.103 deg. for the L =    6, J =    5.5 channel.
       5.5  0.86238275  0.08511649i: elastic S-matrix  @@      0.00  0   0 F  0
 Reaction Xsec     5.5+/ 6 @ 1 =  30.705 , Out:   0.000#


 Total SPIN, PARITY =     5.5 -,      1 chs,      0 cc.  Rmin & Coul turning =    0.2    4.6
   S-matrix    1 =    0.55460   0.25144 for L=    5, J=    5.5 channel on core I =   0.0 from L=    5,  Acc. loss =  0.0 D.
 Elastic phase shift   1 =   12.194  14.210 deg. for the L =    5, J =    5.5 channel.
       5.5  0.55460178  0.25144254i: elastic S-matrix  @@      0.00  0   0 F  0
 Reaction Xsec     5.5-/ 5 @ 1 =  77.573 , Out:   0.000#


 Total SPIN, PARITY =     6.5 +,      1 chs,      0 cc.  Rmin & Coul turning =    0.3    5.4
   S-matrix    1 =    0.84103   0.13266 for L=    6, J=    6.5 channel on core I =   0.0 from L=    6,  Acc. loss =  0.0 D.
 Elastic phase shift   1 =    4.482   4.608 deg. for the L =    6, J =    6.5 channel.
       6.5  0.84102515  0.13265989i: elastic S-matrix  @@      0.00  0   0 F  0
 Reaction Xsec     6.5+/ 6 @ 1 =  39.567 , Out:   0.000#


 Total SPIN, PARITY =     6.5 -,      1 chs,      0 cc.  Rmin & Coul turning =    0.3    5.4
   S-matrix    1 =    0.94978   0.03608 for L=    7, J=    6.5 channel on core I =   0.0 from L=    7,  Acc. loss =  0.0 D.
 Elastic phase shift   1 =    1.088   1.456 deg. for the L =    7, J =    6.5 channel.
       6.5  0.94977598  0.03608189i: elastic S-matrix  @@      0.00  0   0 F  0
 Reaction Xsec     6.5-/ 7 @ 1 =  13.898 , Out:   0.000#


 Total SPIN, PARITY =     7.5 +,      1 chs,      0 cc.  Rmin & Coul turning =    0.3    6.2
   S-matrix    1 =    0.98236   0.01370 for L=    8, J=    7.5 channel on core I =   0.0 from L=    8,  Acc. loss =  0.0 D.
 Elastic phase shift   1 =    0.399   0.507 deg. for the L =    8, J =    7.5 channel.
       7.5  0.98236317  0.01369897i: elastic S-matrix  @@      0.00  0   0 F  0
 Reaction Xsec     7.5+/ 8 @ 1 =   5.717 , Out:   0.000#


 Total SPIN, PARITY =     7.5 -,      1 chs,      0 cc.  Rmin & Coul turning =    0.3    6.2
   S-matrix    1 =    0.94659   0.05277 for L=    7, J=    7.5 channel on core I =   0.0 from L=    7,  Acc. loss =  0.0 D.
 Elastic phase shift   1 =    1.595   1.528 deg. for the L =    7, J =    7.5 channel.
       7.5  0.94658980  0.05276552i: elastic S-matrix  @@      0.00  0   0 F  0
 Reaction Xsec     7.5-/ 7 @ 1 =  16.633 , Out:   0.000#


 Total SPIN, PARITY =     8.5 +,      1 chs,      0 cc.  Rmin & Coul turning =    0.4    7.0
   S-matrix    1 =    0.98193   0.01903 for L=    8, J=    8.5 channel on core I =   0.0 from L=    8,  Acc. loss =  0.0 D.
 Elastic phase shift   1 =    0.555   0.517 deg. for the L =    8, J =    8.5 channel.
       8.5  0.98193162  0.01902667i: elastic S-matrix  @@      0.00  0   0 F  0
 Reaction Xsec     8.5+/ 8 @ 1 =   6.556 , Out:   0.000#


 Total SPIN, PARITY =     8.5 -,      1 chs,      0 cc.  Rmin & Coul turning =    0.4    7.0
   S-matrix    1 =    0.99390   0.00495 for L=    9, J=    8.5 channel on core I =   0.0 from L=    9,  Acc. loss =  0.0 D.
 Elastic phase shift   1 =    0.143   0.175 deg. for the L =    9, J =    8.5 channel.
       8.5  0.99389511  0.00494569i: elastic S-matrix  @@      0.00  0   0 F  0
 Reaction Xsec     8.5-/ 9 @ 1 =   2.247 , Out:   0.000#


 Total SPIN, PARITY =     9.5 +,      1 chs,      0 cc.  Rmin & Coul turning =    0.4    7.8
   S-matrix    1 =    0.99790   0.00174 for L=   10, J=    9.5 channel on core I =   0.0 from L=   10,  Acc. loss =  0.0 D.
 Elastic phase shift   1 =    0.050   0.060 deg. for the L =   10, J =    9.5 channel.
       9.5  0.99790157  0.00174383i: elastic S-matrix  @@      0.00  0   0 F  0
 Reaction Xsec     9.5+/10 @ 1 =   0.861 , Out:   0.000#


 Total SPIN, PARITY =     9.5 -,      1 chs,      0 cc.  Rmin & Coul turning =    0.4    7.8
   S-matrix    1 =    0.99384   0.00662 for L=    9, J=    9.5 channel on core I =   0.0 from L=    9,  Acc. loss =  0.0 D.
 Elastic phase shift   1 =    0.191   0.176 deg. for the L =    9, J =    9.5 channel.
       9.5  0.99383854  0.00661629i: elastic S-matrix  @@      0.00  0   0 F  0
 Reaction Xsec     9.5-/ 9 @ 1 =   2.515 , Out:   0.000#


 Total SPIN, PARITY =    10.5 +,      1 chs,      0 cc.  Rmin & Coul turning =    0.5    8.7
   S-matrix    1 =    0.99789   0.00227 for L=   10, J=   10.5 channel on core I =   0.0 from L=   10,  Acc. loss =  0.0 D.
 Elastic phase shift   1 =    0.065   0.060 deg. for the L =   10, J =   10.5 channel.
      10.5  0.99789426  0.00226583i: elastic S-matrix  @@      0.00  0   0 F  0
 Reaction Xsec    10.5+/10 @ 1 =   0.950 , Out:   0.000#


 Total SPIN, PARITY =    10.5 -,      1 chs,      0 cc.  Rmin & Coul turning =    0.5    8.7
   S-matrix    1 =    0.99928   0.00061 for L=   11, J=   10.5 channel on core I =   0.0 from L=   11,  Acc. loss =  0.0 D.
 Elastic phase shift   1 =    0.017   0.021 deg. for the L =   11, J =   10.5 channel.
      10.5  0.99928194  0.00060742i: elastic S-matrix  @@      0.00  0   0 F  0
 Reaction Xsec    10.5-/11 @ 1 =   0.324 , Out:   0.000#


 Total SPIN, PARITY =    11.5 +,      1 chs,      0 cc.  Rmin & Coul turning =    0.5    9.5
   S-matrix    1 =    0.99976   0.00021 for L=   12, J=   11.5 channel on core I =   0.0 from L=   12,  Acc. loss =  0.0 D.
 Elastic phase shift   1 =    0.006   0.007 deg. for the L =   12, J =   11.5 channel.
      11.5  0.99975511  0.00021006i: elastic S-matrix  @@      0.00  0   0 F  0
 Reaction Xsec    11.5+/12 @ 1 =   0.121 , Out:   0.000#


 Total SPIN, PARITY =    11.5 -,      1 chs,      0 cc.  Rmin & Coul turning =    0.5    9.5
   S-matrix    1 =    0.99928   0.00077 for L=   11, J=   11.5 channel on core I =   0.0 from L=   11,  Acc. loss =  0.0 D.
 Elastic phase shift   1 =    0.022   0.021 deg. for the L =   11, J =   11.5 channel.
      11.5  0.99928100  0.00077021i: elastic S-matrix  @@      0.00  0   0 F  0
 Reaction Xsec    11.5-/11 @ 1 =   0.354 , Out:   0.000#


 Total SPIN, PARITY =    12.5 +,      1 chs,      0 cc.  Rmin & Coul turning =    0.6   10.3
   S-matrix    1 =    0.99975   0.00026 for L=   12, J=   12.5 channel on core I =   0.0 from L=   12,  Acc. loss =  0.0 D.
 Elastic phase shift   1 =    0.007   0.007 deg. for the L =   12, J =   12.5 channel.
      12.5  0.99975499  0.00026071i: elastic S-matrix  @@      0.00  0   0 F  0
 Reaction Xsec    12.5+/12 @ 1 =   0.131 , Out:   0.000#


 Total SPIN, PARITY =    12.5 -,      1 chs,      0 cc.  Rmin & Coul turning =    0.6   10.3
   S-matrix    1 =    0.99992   0.00007 for L=   13, J=   12.5 channel on core I =   0.0 from L=   13,  Acc. loss =  0.0 D.
 Elastic phase shift   1 =    0.002   0.002 deg. for the L =   13, J =   12.5 channel.
      12.5  0.99991671  0.00007229i: elastic S-matrix  @@      0.00  0   0 F  0
 Reaction Xsec    12.5-/13 @ 1 =   0.044 , Out:   0.000#


 Total SPIN, PARITY =    13.5 +,      1 chs,      0 cc.  Rmin & Coul turning =    0.6   11.1
   S-matrix    1 =    0.99997   0.00002 for L=   14, J=   13.5 channel on core I =   0.0 from L=   14,  Acc. loss =  0.0 D.
 Elastic phase shift   1 =    0.001   0.001 deg. for the L =   14, J =   13.5 channel.
      13.5  0.99997174  0.00002478i: elastic S-matrix  @@      0.00  0   0 F  0
 Reaction Xsec    13.5+/14 @ 1 =   0.016 , Out:   0.000#


 Total SPIN, PARITY =    13.5 -,      1 chs,      0 cc.  Rmin & Coul turning =    0.6   11.1
   S-matrix    1 =    0.99992   0.00009 for L=   13, J=   13.5 channel on core I =   0.0 from L=   13,  Acc. loss =  0.0 D.
 Elastic phase shift   1 =    0.003   0.002 deg. for the L =   13, J =   13.5 channel.
      13.5  0.99991670  0.00008801i: elastic S-matrix  @@      0.00  0   0 F  0
 Reaction Xsec    13.5-/13 @ 1 =   0.048 , Out:   0.000#


 Total SPIN, PARITY =    14.5 +,      1 chs,      0 cc.  Rmin & Coul turning =    0.7   11.9
   S-matrix    1 =    0.99997   0.00003 for L=   14, J=   14.5 channel on core I =   0.0 from L=   14,  Acc. loss =  0.0 D.
 Elastic phase shift   1 =    0.001   0.001 deg. for the L =   14, J =   14.5 channel.
      14.5  0.99997174  0.00002965i: elastic S-matrix  @@      0.00  0   0 F  0
 Reaction Xsec    14.5+/14 @ 1 =   0.017 , Out:   0.000#


 Total SPIN, PARITY =    14.5 -,      1 chs,      0 cc.  Rmin & Coul turning =    0.7   11.9
   S-matrix    1 =    0.99999   0.00001 for L=   15, J=   14.5 channel on core I =   0.0 from L=   15,  Acc. loss =  0.0 D.
 Elastic phase shift   1 =    0.000   0.000 deg. for the L =   15, J =   14.5 channel.
      14.5  0.99999043  0.00000847i: elastic S-matrix  @@      0.00  0   0 F  0
 Reaction Xsec    14.5-/15 @ 1 =   5.899/, Out:   0.000#


 Total SPIN, PARITY =    15.5 +,      1 chs,      0 cc.  Rmin & Coul turning =    0.7   12.7
   S-matrix    1 =    1.00000   0.00000 for L=   16, J=   15.5 channel on core I =   0.0 from L=   16,  Acc. loss =  0.0 D.
 Elastic phase shift   1 =    0.000   0.000 deg. for the L =   16, J =   15.5 channel.
      15.5  0.99999677  0.00000289i: elastic S-matrix  @@      0.00  0   0 F  0
 Reaction Xsec    15.5+/16 @ 1 =   2.127/, Out:   0.000#


 Total SPIN, PARITY =    15.5 -,      1 chs,      0 cc.  Rmin & Coul turning =    0.7   12.7
   S-matrix    1 =    0.99999   0.00001 for L=   15, J=   15.5 channel on core I =   0.0 from L=   15,  Acc. loss =  0.0 D.
 Elastic phase shift   1 =    0.000   0.000 deg. for the L =   15, J =   15.5 channel.
      15.5  0.99999043  0.00000997i: elastic S-matrix  @@      0.00  0   0 F  0
 Reaction Xsec    15.5-/15 @ 1 =   6.292/, Out:   0.000#


 Total SPIN, PARITY =    16.5 +,      1 chs,      0 cc.  Rmin & Coul turning =    0.8   13.5
   S-matrix    1 =    1.00000   0.00000 for L=   16, J=   16.5 channel on core I =   0.0 from L=   16,  Acc. loss =  0.0 D.
 Elastic phase shift   1 =    0.000   0.000 deg. for the L =   16, J =   16.5 channel.
      16.5  0.99999677  0.00000335i: elastic S-matrix  @@      0.00  0   0 F  0
 Reaction Xsec    16.5+/16 @ 1 =   2.260/, Out:   0.000#


 Total SPIN, PARITY =    16.5 -,      1 chs,      0 cc.  Rmin & Coul turning =    0.8   13.5
   S-matrix    1 =    1.00000   0.00000 for L=   17, J=   16.5 channel on core I =   0.0 from L=   17,  Acc. loss =  0.0 D.
 Elastic phase shift   1 =    0.000   0.000 deg. for the L =   17, J =   16.5 channel.
      16.5  0.99999891  0.00000098i: elastic S-matrix  @@      0.00  0   0 F  0
 Reaction Xsec    16.5-/17 @ 1 =   0.763/, Out:   0.000#


 Total SPIN, PARITY =    17.5 +,      1 chs,      0 cc.  Rmin & Coul turning =    0.8   14.3
   S-matrix    1 =    1.00000   0.00000 for L=   18, J=   17.5 channel on core I =   0.0 from L=   18,  Acc. loss =  0.0 D.
 Elastic phase shift   1 =    0.000   0.000 deg. for the L =   18, J =   17.5 channel.
      17.5  0.99999963  0.00000033i: elastic S-matrix  @@      0.00  0   0 F  0
 Reaction Xsec    17.5+/18 @ 1 =   0.272/, Out:   0.000#


 Total SPIN, PARITY =    17.5 -,      1 chs,      0 cc.  Rmin & Coul turning =    0.8   14.3
   S-matrix    1 =    1.00000   0.00000 for L=   17, J=   17.5 channel on core I =   0.0 from L=   17,  Acc. loss =  0.0 D.
 Elastic phase shift   1 =    0.000   0.000 deg. for the L =   17, J =   17.5 channel.
      17.5  0.99999891  0.00000112i: elastic S-matrix  @@      0.00  0   0 F  0
 Reaction Xsec    17.5-/17 @ 1 =   0.807/, Out:   0.000#

 Finished all CC sets @    8.07000045E-03
0CUMULATIVE REACTION cross section                 =  710.33480  <L> =     3.98  <L**2> =     19.2
0CUMULATIVE outgoing cross sections in partition 1 :    0.00000
0Cumulative ABSORBTION by Imaginary Potentials     =  710.33480  <L> =     3.98  <L**2> =     19.2
   Fusion for specific p        M-states :  710.334799  710.334799
0CUMULATIVE OUTGOING cross section                 =    0.00000
 To convert to S-factors (MeV.mb = keV.b),  multiply by  1.2763E+02


 CROSS SECTIONS FOR OUTGOING p        & O20      in state #   1 with spins & parities 0.5  + &  0.0  +;  0

     3.00 deg.: X-S =   1.2987E+05 mb/sr,
+                                         /R =   8.1637E-01
     4.00 deg.: X-S =   3.6487E+04 mb/sr,
+                                         /R =   7.2462E-01
     5.00 deg.: X-S =   1.3437E+04 mb/sr,
+                                         /R =   6.5119E-01
     6.00 deg.: X-S =  6139.573614 mb/sr,
+                                         /R =   6.1664E-01
     7.00 deg.: X-S =  3446.494542 mb/sr,
+                                         /R =   6.4087E-01
     8.00 deg.: X-S =  2341.168604 mb/sr,
+                                         /R =   7.4210E-01
     9.00 deg.: X-S =  1844.446540 mb/sr,
+                                         /R =   9.3569E-01
    10.00 deg.: X-S =  1596.290578 mb/sr,
+                                         /R =   1.2331E+00
    11.00 deg.: X-S =  1452.395681 mb/sr,
+                                         /R =   1.6408E+00
    12.00 deg.: X-S =  1351.599348 mb/sr,
+                                         /R =   2.1601E+00
    13.00 deg.: X-S =  1267.283114 mb/sr,
+                                         /R =   2.7861E+00
    14.00 deg.: X-S =  1187.992261 mb/sr,
+                                         /R =   3.5082E+00
    15.00 deg.: X-S =  1109.177112 mb/sr,
+                                         /R =   4.3101E+00
    16.00 deg.: X-S =  1029.484202 mb/sr,
+                                         /R =   5.1705E+00
    17.00 deg.: X-S =   949.021171 mb/sr,
+                                         /R =   6.0642E+00
    18.00 deg.: X-S =   868.520004 mb/sr,
+                                         /R =   6.9631E+00
    19.00 deg.: X-S =   788.925763 mb/sr,
+                                         /R =   7.8373E+00
    20.00 deg.: X-S =   711.193636 mb/sr,
+                                         /R =   8.6569E+00
    21.00 deg.: X-S =   636.190849 mb/sr,
+                                         /R =   9.3932E+00
    22.00 deg.: X-S =   564.652623 mb/sr,
+                                         /R =   1.0020E+01
    23.00 deg.: X-S =   497.166555 mb/sr,
+                                         /R =   1.0515E+01
    24.00 deg.: X-S =   434.172149 mb/sr,
+                                         /R =   1.0861E+01
    25.00 deg.: X-S =   375.968508 mb/sr,
+                                         /R =   1.1046E+01
    26.00 deg.: X-S =   322.726351 mb/sr,
+                                         /R =   1.1063E+01
    27.00 deg.: X-S =   274.502223 mb/sr,
+                                         /R =   1.0914E+01
    28.00 deg.: X-S =   231.253646 mb/sr,
+                                         /R =   1.0604E+01
    29.00 deg.: X-S =   192.854424 mb/sr,
+                                         /R =   1.0147E+01
    30.00 deg.: X-S =   159.109609 mb/sr,
+                                         /R =   9.5581E+00
    31.00 deg.: X-S =   129.769776 mb/sr,
+                                         /R =   8.8606E+00
    32.00 deg.: X-S =   104.544365 mb/sr,
+                                         /R =   8.0788E+00
    33.00 deg.: X-S =    83.113922 mb/sr,
+                                         /R =   7.2399E+00
    34.00 deg.: X-S =    65.141117 mb/sr,
+                                         /R =   6.3722E+00
    35.00 deg.: X-S =    50.280482 mb/sr,
+                                         /R =   5.5037E+00
    36.00 deg.: X-S =    38.186818 mb/sr,
+                                         /R =   4.6616E+00
    37.00 deg.: X-S =    28.522293 mb/sr,
+                                         /R =   3.8706E+00
    38.00 deg.: X-S =    20.962269 mb/sr,
+                                         /R =   3.1528E+00
    39.00 deg.: X-S =    15.199894 mb/sr,
+                                         /R =   2.5265E+00
    40.00 deg.: X-S =    10.949570 mb/sr,
+                                         /R =   2.0058E+00
    41.00 deg.: X-S =     7.949367 mb/sr,
+                                         /R =   1.6008E+00
    42.00 deg.: X-S =     5.962511 mb/sr,
+                                         /R =   1.3166E+00
    43.00 deg.: X-S =     4.778045 mb/sr,
+                                         /R =   1.1541E+00
    44.00 deg.: X-S =     4.210791 mb/sr,
+                                         /R =   1.1101E+00
    45.00 deg.: X-S =     4.100718 mb/sr,
+                                         /R =   1.1774E+00
    46.00 deg.: X-S =     4.311846 mb/sr,
+                                         /R =   1.3454E+00
    47.00 deg.: X-S =     4.730768 mb/sr,
+                                         /R =   1.6011E+00
    48.00 deg.: X-S =     5.264918 mb/sr,
+                                         /R =   1.9290E+00
    49.00 deg.: X-S =     5.840643 mb/sr,
+                                         /R =   2.3124E+00
    50.00 deg.: X-S =     6.401185 mb/sr,
+                                         /R =   2.7337E+00
    51.00 deg.: X-S =     6.904624 mb/sr,
+                                         /R =   3.1752E+00
    52.00 deg.: X-S =     7.321843 mb/sr,
+                                         /R =   3.6198E+00
    53.00 deg.: X-S =     7.634567 mb/sr,
+                                         /R =   4.0512E+00
    54.00 deg.: X-S =     7.833504 mb/sr,
+                                         /R =   4.4549E+00
    55.00 deg.: X-S =     7.916628 mb/sr,
+                                         /R =   4.8179E+00
    56.00 deg.: X-S =     7.887602 mb/sr,
+                                         /R =   5.1295E+00
    57.00 deg.: X-S =     7.754379 mb/sr,
+                                         /R =   5.3813E+00
    58.00 deg.: X-S =     7.527966 mb/sr,
+                                         /R =   5.5674E+00
    59.00 deg.: X-S =     7.221357 mb/sr,
+                                         /R =   5.6842E+00
    60.00 deg.: X-S =     6.848635 mb/sr,
+                                         /R =   5.7303E+00
    61.00 deg.: X-S =     6.424227 mb/sr,
+                                         /R =   5.7067E+00
    62.00 deg.: X-S =     5.962311 mb/sr,
+                                         /R =   5.6165E+00
    63.00 deg.: X-S =     5.476345 mb/sr,
+                                         /R =   5.4642E+00
    64.00 deg.: X-S =     4.978731 mb/sr,
+                                         /R =   5.2559E+00
    65.00 deg.: X-S =     4.480570 mb/sr,
+                                         /R =   4.9991E+00
    66.00 deg.: X-S =     3.991521 mb/sr,
+                                         /R =   4.7018E+00
    67.00 deg.: X-S =     3.519723 mb/sr,
+                                         /R =   4.3728E+00
    68.00 deg.: X-S =     3.071794 mb/sr,
+                                         /R =   4.0210E+00
    69.00 deg.: X-S =     2.652869 mb/sr,
+                                         /R =   3.6553E+00
    70.00 deg.: X-S =     2.266688 mb/sr,
+                                         /R =   3.2843E+00
    71.00 deg.: X-S =     1.915702 mb/sr,
+                                         /R =   2.9163E+00
    72.00 deg.: X-S =     1.601207 mb/sr,
+                                         /R =   2.5587E+00
    73.00 deg.: X-S =     1.323486 mb/sr,
+                                         /R =   2.2180E+00
    74.00 deg.: X-S =     1.081960 mb/sr,
+                                         /R =   1.9000E+00
    75.00 deg.: X-S =     0.875329 mb/sr,
+                                         /R =   1.6094E+00
    76.00 deg.: X-S =     0.701725 mb/sr,
+                                         /R =   1.3497E+00
    77.00 deg.: X-S =     0.558837 mb/sr,
+                                         /R =   1.1235E+00
    78.00 deg.: X-S =     0.444046 mb/sr,
+                                         /R =   9.3241E-01
    79.00 deg.: X-S =     0.354528 mb/sr,
+                                         /R =   7.7694E-01
    80.00 deg.: X-S =     0.287361 mb/sr,
+                                         /R =   6.5674E-01
    81.00 deg.: X-S =     0.239606 mb/sr,
+                                         /R =   5.7065E-01
    82.00 deg.: X-S =     0.208379 mb/sr,
+                                         /R =   5.1679E-01
    83.00 deg.: X-S =     0.190914 mb/sr,
+                                         /R =   4.9271E-01
    84.00 deg.: X-S =     0.184604 mb/sr,
+                                         /R =   4.9542E-01
    85.00 deg.: X-S =     0.187038 mb/sr,
+                                         /R =   5.2162E-01
    86.00 deg.: X-S =     0.196028 mb/sr,
+                                         /R =   5.6773E-01
    87.00 deg.: X-S =     0.209618 mb/sr,
+                                         /R =   6.3004E-01
    88.00 deg.: X-S =     0.226095 mb/sr,
+                                         /R =   7.0480E-01
    89.00 deg.: X-S =     0.243986 mb/sr,
+                                         /R =   7.8832E-01
    90.00 deg.: X-S =     0.262056 mb/sr,
+                                         /R =   8.7705E-01
    91.00 deg.: X-S =     0.279293 mb/sr,
+                                         /R =   9.6765E-01
    92.00 deg.: X-S =     0.294896 mb/sr,
+                                         /R =   1.0571E+00
    93.00 deg.: X-S =     0.308258 mb/sr,
+                                         /R =   1.1425E+00
    94.00 deg.: X-S =     0.318948 mb/sr,
+                                         /R =   1.2216E+00
    95.00 deg.: X-S =     0.326690 mb/sr,
+                                         /R =   1.2923E+00
    96.00 deg.: X-S =     0.331346 mb/sr,
+                                         /R =   1.3529E+00
    97.00 deg.: X-S =     0.332892 mb/sr,
+                                         /R =   1.4022E+00
    98.00 deg.: X-S =     0.331403 mb/sr,
+                                         /R =   1.4394E+00
    99.00 deg.: X-S =     0.327030 mb/sr,
+                                         /R =   1.4637E+00
   100.00 deg.: X-S =     0.319990 mb/sr,
+                                         /R =   1.4752E+00
   101.00 deg.: X-S =     0.310542 mb/sr,
+                                         /R =   1.4738E+00
   102.00 deg.: X-S =     0.298981 mb/sr,
+                                         /R =   1.4600E+00
   103.00 deg.: X-S =     0.285618 mb/sr,
+                                         /R =   1.4344E+00
   104.00 deg.: X-S =     0.270778 mb/sr,
+                                         /R =   1.3978E+00
   105.00 deg.: X-S =     0.254779 mb/sr,
+                                         /R =   1.3512E+00
   106.00 deg.: X-S =     0.237938 mb/sr,
+                                         /R =   1.2958E+00
   107.00 deg.: X-S =     0.220551 mb/sr,
+                                         /R =   1.2329E+00
   108.00 deg.: X-S =     0.202900 mb/sr,
+                                         /R =   1.1636E+00
   109.00 deg.: X-S =     0.185240 mb/sr,
+                                         /R =   1.0894E+00
   110.00 deg.: X-S =     0.167802 mb/sr,
+                                         /R =   1.0115E+00
   111.00 deg.: X-S =     0.150791 mb/sr,
+                                         /R =   9.3120E-01
   112.00 deg.: X-S =     0.134381 mb/sr,
+                                         /R =   8.4982E-01
   113.00 deg.: X-S =     0.118720 mb/sr,
+                                         /R =   7.6850E-01
   114.00 deg.: X-S =     0.103928 mb/sr,
+                                         /R =   6.8832E-01
   115.00 deg.: X-S =     0.090098 mb/sr,
+                                         /R =   6.1028E-01
   116.00 deg.: X-S =     0.077299 mb/sr,
+                                         /R =   5.3524E-01
   117.00 deg.: X-S =     0.065576 mb/sr,
+                                         /R =   4.6398E-01
   118.00 deg.: X-S =     0.054953 mb/sr,
+                                         /R =   3.9714E-01
   119.00 deg.: X-S =     0.045436 mb/sr,
+                                         /R =   3.3525E-01
   120.00 deg.: X-S =     0.037012 mb/sr,
+                                         /R =   2.7871E-01
   121.00 deg.: X-S =     0.029656 mb/sr,
+                                         /R =   2.2782E-01
   122.00 deg.: X-S =     0.023330 mb/sr,
+                                         /R =   1.8276E-01
   123.00 deg.: X-S =     0.017984 mb/sr,
+                                         /R =   1.4361E-01
   124.00 deg.: X-S =     0.013562 mb/sr,
+                                         /R =   1.1035E-01
   125.00 deg.: X-S =     0.010002 mb/sr,
+                                         /R =   8.2886E-02
   126.00 deg.: X-S =     0.007234 mb/sr,
+                                         /R =   6.1041E-02
   127.00 deg.: X-S =     0.005190 mb/sr,
+                                         /R =   4.4572E-02
   128.00 deg.: X-S =     0.003798 mb/sr,
+                                         /R =   3.3179E-02
   129.00 deg.: X-S =     0.002985 mb/sr,
+                                         /R =   2.6518E-02
   130.00 deg.: X-S =     0.002680 mb/sr,
+                                         /R =   2.4208E-02
   131.00 deg.: X-S =     0.002815 mb/sr,
+                                         /R =   2.5842E-02
   132.00 deg.: X-S =     0.003324 mb/sr,
+                                         /R =   3.0993E-02
   133.00 deg.: X-S =     0.004143 mb/sr,
+                                         /R =   3.9230E-02
   134.00 deg.: X-S =     0.005214 mb/sr,
+                                         /R =   5.0116E-02
   135.00 deg.: X-S =     0.006482 mb/sr,
+                                         /R =   6.3223E-02
   136.00 deg.: X-S =     0.007897 mb/sr,
+                                         /R =   7.8134E-02
   137.00 deg.: X-S =     0.009414 mb/sr,
+                                         /R =   9.4448E-02
   138.00 deg.: X-S =     0.010993 mb/sr,
+                                         /R =   1.1179E-01
   139.00 deg.: X-S =     0.012596 mb/sr,
+                                         /R =   1.2980E-01
   140.00 deg.: X-S =     0.014195 mb/sr,
+                                         /R =   1.4817E-01
   141.00 deg.: X-S =     0.015761 mb/sr,
+                                         /R =   1.6659E-01
   142.00 deg.: X-S =     0.017273 mb/sr,
+                                         /R =   1.8482E-01
   143.00 deg.: X-S =     0.018713 mb/sr,
+                                         /R =   2.0261E-01
   144.00 deg.: X-S =     0.020066 mb/sr,
+                                         /R =   2.1978E-01
   145.00 deg.: X-S =     0.021323 mb/sr,
+                                         /R =   2.3616E-01
   146.00 deg.: X-S =     0.022475 mb/sr,
+                                         /R =   2.5163E-01
   147.00 deg.: X-S =     0.023517 mb/sr,
+                                         /R =   2.6609E-01
   148.00 deg.: X-S =     0.024449 mb/sr,
+                                         /R =   2.7946E-01
   149.00 deg.: X-S =     0.025270 mb/sr,
+                                         /R =   2.9170E-01
   150.00 deg.: X-S =     0.025982 mb/sr,
+                                         /R =   3.0279E-01
   151.00 deg.: X-S =     0.026590 mb/sr,
+                                         /R =   3.1273E-01
   152.00 deg.: X-S =     0.027098 mb/sr,
+                                         /R =   3.2154E-01
   153.00 deg.: X-S =     0.027512 mb/sr,
+                                         /R =   3.2926E-01
   154.00 deg.: X-S =     0.027840 mb/sr,
+                                         /R =   3.3594E-01
   155.00 deg.: X-S =     0.028090 mb/sr,
+                                         /R =   3.4164E-01
   156.00 deg.: X-S =     0.028268 mb/sr,
+                                         /R =   3.4642E-01
   157.00 deg.: X-S =     0.028383 mb/sr,
+                                         /R =   3.5037E-01
   158.00 deg.: X-S =     0.028444 mb/sr,
+                                         /R =   3.5356E-01
   159.00 deg.: X-S =     0.028456 mb/sr,
+                                         /R =   3.5607E-01
   160.00 deg.: X-S =     0.028430 mb/sr,
+                                         /R =   3.5799E-01
   161.00 deg.: X-S =     0.028370 mb/sr,
+                                         /R =   3.5939E-01
   162.00 deg.: X-S =     0.028284 mb/sr,
+                                         /R =   3.6035E-01
   163.00 deg.: X-S =     0.028179 mb/sr,
+                                         /R =   3.6093E-01
   164.00 deg.: X-S =     0.028058 mb/sr,
+                                         /R =   3.6122E-01
   165.00 deg.: X-S =     0.027929 mb/sr,
+                                         /R =   3.6126E-01
   166.00 deg.: X-S =     0.027793 mb/sr,
+                                         /R =   3.6111E-01
   167.00 deg.: X-S =     0.027657 mb/sr,
+                                         /R =   3.6082E-01
   168.00 deg.: X-S =     0.027522 mb/sr,
+                                         /R =   3.6043E-01
   169.00 deg.: X-S =     0.027391 mb/sr,
+                                         /R =   3.5998E-01
   170.00 deg.: X-S =     0.027267 mb/sr,
+                                         /R =   3.5950E-01
   171.00 deg.: X-S =     0.027151 mb/sr,
+                                         /R =   3.5902E-01
   172.00 deg.: X-S =     0.027045 mb/sr,
+                                         /R =   3.5855E-01
   173.00 deg.: X-S =     0.026950 mb/sr,
+                                         /R =   3.5810E-01
   174.00 deg.: X-S =     0.026866 mb/sr,
+                                         /R =   3.5770E-01
   175.00 deg.: X-S =     0.026795 mb/sr,
+                                         /R =   3.5735E-01
   176.00 deg.: X-S =     0.026736 mb/sr,
+                                         /R =   3.5705E-01
   177.00 deg.: X-S =     0.026690 mb/sr,
+                                         /R =   3.5682E-01
   178.00 deg.: X-S =     0.026657 mb/sr,
+                                         /R =   3.5665E-01
   179.00 deg.: X-S =     0.026638 mb/sr,
+                                         /R =   3.5655E-01
   179.99 deg.: X-S =     0.026631 mb/sr,
+                                         /R =   3.5652E-01
                                           Integrated 1884.9824 mb, over [   3.000, 180.000] at    35.0000 MeV 
 Finished all xsecs @    9.52200033E-03

  The following files have been created:
   3:local copy of User input.            6:standard output.                   
   7:elastic  S-matrix elements.         13:total cross sections/state.        
  16:tables of cross sections.           38:cross sections for each J/pi.      
  39:cross sections for each Ecm.        40:all cross sectns. for each Elab.   
  45:scat phase shift as E functions.    56:Fusion for each Jtotal.            
 201:Separate cross sections.           

 PARAMETERS : MAXQRN   MFNL   MLOC  LMAX1 MCLIST
    ALLOWED :      1      1      4     70      6
    REQUIRED:      0      0      4     19      4


 ACCURACY ANALYSIS at    35.000 MeV :

  Elastic h*k = 0.037 so OK       compared with 0.200

   Real(S-el) > 0.01 first at J =       3.5
   Real(S-el) > 0.10 first at J =       3.5
   Real(S-el) > 0.50 first at J =       4.5
   Real(S-el) > 0.90 first at J =       6.5
   Real(S-el) > 0.99 first at J =       8.5
   R-turn =    14.32 fm    at J =      17.5

 Forward-angle excitation cut off below   1.361 deg by max JT =      17.5
                              and below   0.330 deg by max R.

