 FRESCO - FRES 3.4: Coupled Reaction Channels
 Assuming NAMELIST input.

 p+O20 with CH89;                                                                

   0.030  60.000   0.500   0.000   0.000   0.000   0.000   0.000   0.000   0.000

 Centre-of-mass Range is   2002 * 0.0300 fm., Maximum at  60.00 fm., Interpolating NL forms every  0.51 fm.
 Non - locality width is      4 * 0.0300 fm., Maximum of   0.09 fm., Centred at  0.00 fm.
 2-Nucleon Separation of      0 * 0.5100 fm., Maximum of   0.00 fm., Minimum at  0.00 fm.
 Maximum single particle bins of 59.6700 fm.
               M,Mint =         2001        1990


 Range of total J is     0.0 <= J <=    50.0 (at least     0.0) and Absorbtion =>     0.0010 mb.
 Dry Run = F, CC set limits =  0  0, Relativistic kinematics =  , Both/Far/Near Analyses =  1                     

 Cross Sections (and up to T0 for 0=projectile) for Theta from   3.0 to-180.0 in steps of  1.0 degrees, DGAM=0,  Coordinates = 0 (Mads)

 Lower Radial Cutoff = maximum of -1.60*L*h &       0.0 fm.,  Lower Cutoff for Couplings =   0.0  fm.


 Iterate Couplings between   0 and   0 times, to  0.000 % if sooner.                                          
  Block solved exactly =   0 chs., with Pade = 0 & Isocen =  =0, NOSOL = F, initwf =  0
  NL quadrature with   18 Gaussian points, Calculate multipoles up to    56 from   0
  M-transfers for lp+lt greater than or equal to  6, Angular Integration Cutoff below  2.7778 %


 Trace switches are :  CHANS =  1, LISTCC =  0, TRENEG =  0, CDETR =  0, SMATS =  2, XSTABL =  1, NLPL =  0

                       WAVES =  0, LAMPL =  0, VEFF =  0, KFUS =  0, WDISK =  0, BPM =  0, MELFIL =  0

                       CDCC =  0, NFUS =  0

 Using unit mass = 1.000000 amu and 1/fine-structure constant = 137.03599 ( 1.000000 * true ) with hc = 197.32705 MeV.fm,
  thus 2*amu/hbar^2 = 0.0478450 = 1/20.9008 and Coulomb constant = 0.1574855 so e^2 = 1.43997, and nuclear magneton= 0.1261183

 Now pre-scan input and save to file 3



 *********** PARTITION NUMBER  1 ******************************************************************************************

   PROJ=p          MASS=  1.0073 Z=   1.0,        # STATES=    1T, TARG=O20      MASS= 19.9997 Z=   8.0,     Q-VALUE =  -0.0000 MEV.

     1:  J= 0.5+ (B# 1), E=  0.0000, K= 0.5              Potl#  1       J= 0.0+ (B# 1), E=  0.0000, K= 0.0    


 ************************************************************************************************************************************

 The following POTENTIALS are defined :

  KP#       TYPE      IT    SHAPE      at     V1        r1        a1        V2        r2        a2        A-in     A-used


                                            A#1       A#2        r0c       ac                                                h @ 1
    1    0=Coulomb       0=CHARGE (WS)  1    20.000     0.000    1.2842    0.0000    0.0000    0.0000     0.000    20.000   0.03000

    1    1=Volume        0=Woods-Saxon  2   23.1203    1.1671    0.6900    2.3934    1.1753    0.6900     0.000    20.000

    1    2=Surface       0=Woods-Saxon  3    0.0000    0.0000    0.0000    5.0789    1.1753    0.6900     0.000    20.000

    1    3=Projtl S.O.   0=Woods-Saxon  4    5.9000    0.8979    0.6300    0.0000    0.0000    0.0000     0.000    20.000

 Incoming partition  1 in excitation state # 1,   Laboratory Energy given for partition  1 Nucleus 1 in Excitation pair 1

0Lab. ENERGY ranges :

   from    35.0000     to   0.00000     in     0 intervals
   from    0.00000     to   0.00000     in     0 intervals
   from    0.00000     to   0.00000     in     0 intervals

 Largest real,imaginary parts of any form factor at R=   59.52 are   2.42E-02  5.44E-32 MeV
 Finished all Couplings @    6.60000020E-04           4

 Symmetric Hamiltonian
1***********************************************************************************************************************************
************************************************************************************************************************************

        INCOMING p        ;    LABORATORY p        ENERGY =   35.000     MeV.

 ***********************************************************************************************************************************
 ***********************************************************************************************************************************

 Allocate arrays for            2  channels, of which            1  need wfs.

 ######################################################################################################################
 #                                                                                                                    #
 # Total SPIN and PARITY =     0.5 +,      1 channels,    0 in 1st block.  Rmin & Coul turning =    0.0    0.3 fm.  #
 #                                                                                                                    #
 ######################################################################################################################



    C Projectl Target   #   EX.   (L  Proj) J  + Targ = Jtotal     E-cm      Re K     Re Eta     RM*K            CH
    1 p        O20      #    1: I   0 0.5    0.5  0.0     0.5    33.32176   1.23648   0.21373   74.1887   0.33920  -0.36833 1 1 1   1
   S-matrix    1 =   -0.48863  -0.01259 for L=    0, J=    0.5 channel on core I =   0.0 from L=    0,  Acc. loss =  0.0 D.
 Elastic phase shift   1 =  -89.262  20.507 deg. for the L =    0, J =    0.5 channel.
       0.5 -0.48863170 -0.01259451i: elastic S-matrix  @@      0.00  0   0 F  0
 Reaction Xsec     0.5+/ 0 @ 1 =  15.639 , Out:   0.000#


 Total SPIN, PARITY =     0.5 -,      1 chs,      0 cc.  Rmin & Coul turning =    0.0    0.3
   S-matrix    1 =   -0.27354   0.39337 for L=    1, J=    0.5 channel on core I =   0.0 from L=    1,  Acc. loss =  0.0 D.
 Elastic phase shift   1 =   62.407  21.079 deg. for the L =    1, J =    0.5 channel.
       0.5 -0.27353519  0.39336845i: elastic S-matrix  @@      0.00  0   0 F  0
 Reaction Xsec     0.5-/ 1 @ 1 =  15.831 , Out:   0.000#


 Total SPIN, PARITY =     1.5 +,      1 chs,      0 cc.  Rmin & Coul turning =    0.0    1.3
   S-matrix    1 =   -0.00666   0.43458 for L=    2, J=    1.5 channel on core I =   0.0 from L=    2,  Acc. loss =  0.0 D.
 Elastic phase shift   1 =   45.439  23.871 deg. for the L =    2, J =    1.5 channel.
       1.5 -0.00665696  0.43457841i: elastic S-matrix  @@      0.00  0   0 F  0
 Reaction Xsec     1.5+/ 2 @ 1 =  33.333 , Out:   0.000#


 Total SPIN, PARITY =     1.5 -,      1 chs,      0 cc.  Rmin & Coul turning =    0.0    1.3
   S-matrix    1 =   -0.45336   0.17835 for L=    1, J=    1.5 channel on core I =   0.0 from L=    1,  Acc. loss =  0.0 D.
 Elastic phase shift   1 =   79.263  20.602 deg. for the L =    1, J =    1.5 channel.
       1.5 -0.45335692  0.17834614i: elastic S-matrix  @@      0.00  0   0 F  0
 Reaction Xsec     1.5-/ 1 @ 1 =  31.343 , Out:   0.000#


 Total SPIN, PARITY =     2.5 +,      1 chs,      0 cc.  Rmin & Coul turning =    0.1    2.2
   S-matrix    1 =   -0.40713   0.27207 for L=    2, J=    2.5 channel on core I =   0.0 from L=    2,  Acc. loss =  0.0 D.
 Elastic phase shift   1 =   73.123  20.455 deg. for the L =    2, J =    2.5 channel.
       2.5 -0.40712862  0.27207187i: elastic S-matrix  @@      0.00  0   0 F  0
 Reaction Xsec     2.5+/ 2 @ 1 =  46.864 , Out:   0.000#


 Total SPIN, PARITY =     2.5 -,      1 chs,      0 cc.  Rmin & Coul turning =    0.1    2.2
   S-matrix    1 =    0.25369   0.31705 for L=    3, J=    2.5 channel on core I =   0.0 from L=    3,  Acc. loss =  0.0 D.
 Elastic phase shift   1 =   25.667  25.820 deg. for the L =    3, J =    2.5 channel.
       2.5  0.25368694  0.31704637i: elastic S-matrix  @@      0.00  0   0 F  0
 Reaction Xsec     2.5-/ 3 @ 1 =  51.481 , Out:   0.000#


 Total SPIN, PARITY =     3.5 +,      1 chs,      0 cc.  Rmin & Coul turning =    0.1    3.0
   S-matrix    1 =    0.53793   0.20925 for L=    4, J=    3.5 channel on core I =   0.0 from L=    4,  Acc. loss =  0.0 D.
 Elastic phase shift   1 =   10.628  15.744 deg. for the L =    4, J =    3.5 channel.
       3.5  0.53792765  0.20925419i: elastic S-matrix  @@      0.00  0   0 F  0
 Reaction Xsec     3.5+/ 4 @ 1 =  54.810 , Out:   0.000#


 Total SPIN, PARITY =     3.5 -,      1 chs,      0 cc.  Rmin & Coul turning =    0.1    3.0
   S-matrix    1 =   -0.17953   0.34008 for L=    3, J=    3.5 channel on core I =   0.0 from L=    3,  Acc. loss =  0.0 D.
 Elastic phase shift   1 =   58.915  27.378 deg. for the L =    3, J =    3.5 channel.
       3.5 -0.17953445  0.34007890i: elastic S-matrix  @@      0.00  0   0 F  0
 Reaction Xsec     3.5-/ 3 @ 1 =  70.038 , Out:   0.000#


 Total SPIN, PARITY =     4.5 +,      1 chs,      0 cc.  Rmin & Coul turning =    0.2    3.8
   S-matrix    1 =    0.28066   0.36312 for L=    4, J=    4.5 channel on core I =   0.0 from L=    4,  Acc. loss =  0.0 D.
 Elastic phase shift   1 =   26.149  22.312 deg. for the L =    4, J =    4.5 channel.
       4.5  0.28066308  0.36312177i: elastic S-matrix  @@      0.00  0   0 F  0
 Reaction Xsec     4.5+/ 4 @ 1 =  81.101 , Out:   0.000#


 Total SPIN, PARITY =     4.5 -,      1 chs,      0 cc.  Rmin & Coul turning =    0.2    3.8
   S-matrix    1 =    0.77378   0.12191 for L=    5, J=    4.5 channel on core I =   0.0 from L=    5,  Acc. loss =  0.0 D.
 Elastic phase shift   1 =    4.477   6.996 deg. for the L =    5, J =    4.5 channel.
       4.5  0.77378427  0.12190570i: elastic S-matrix  @@      0.00  0   0 F  0
 Reaction Xsec     4.5-/ 5 @ 1 =  39.699 , Out:   0.000#


 Total SPIN, PARITY =     5.5 +,      1 chs,      0 cc.  Rmin & Coul turning =    0.2    4.6
   S-matrix    1 =    0.90753   0.05840 for L=    6, J=    5.5 channel on core I =   0.0 from L=    6,  Acc. loss =  0.0 D.
 Elastic phase shift   1 =    1.841   2.721 deg. for the L =    6, J =    5.5 channel.
       5.5  0.90752752  0.05839954i: elastic S-matrix  @@      0.00  0   0 F  0
 Reaction Xsec     5.5+/ 6 @ 1 =  21.327 , Out:   0.000#


 Total SPIN, PARITY =     5.5 -,      1 chs,      0 cc.  Rmin & Coul turning =    0.2    4.6
   S-matrix    1 =    0.69704   0.23912 for L=    5, J=    5.5 channel on core I =   0.0 from L=    5,  Acc. loss =  0.0 D.
 Elastic phase shift   1 =    9.467   8.746 deg. for the L =    5, J =    5.5 channel.
       5.5  0.69704419  0.23911979i: elastic S-matrix  @@      0.00  0   0 F  0
 Reaction Xsec     5.5-/ 5 @ 1 =  56.337 , Out:   0.000#


 Total SPIN, PARITY =     6.5 +,      1 chs,      0 cc.  Rmin & Coul turning =    0.3    5.4
   S-matrix    1 =    0.89333   0.10716 for L=    6, J=    6.5 channel on core I =   0.0 from L=    6,  Acc. loss =  0.0 D.
 Elastic phase shift   1 =    3.420   3.027 deg. for the L =    6, J =    6.5 channel.
       6.5  0.89333066  0.10716260i: elastic S-matrix  @@      0.00  0   0 F  0
 Reaction Xsec     6.5+/ 6 @ 1 =  27.398 , Out:   0.000#


 Total SPIN, PARITY =     6.5 -,      1 chs,      0 cc.  Rmin & Coul turning =    0.3    5.4
   S-matrix    1 =    0.96566   0.02404 for L=    7, J=    6.5 channel on core I =   0.0 from L=    7,  Acc. loss =  0.0 D.
 Elastic phase shift   1 =    0.713   0.992 deg. for the L =    7, J =    6.5 channel.
       6.5  0.96566455  0.02404042i: elastic S-matrix  @@      0.00  0   0 F  0
 Reaction Xsec     6.5-/ 7 @ 1 =   9.625 , Out:   0.000#


 Total SPIN, PARITY =     7.5 +,      1 chs,      0 cc.  Rmin & Coul turning =    0.3    6.2
   S-matrix    1 =    0.98780   0.00909 for L=    8, J=    7.5 channel on core I =   0.0 from L=    8,  Acc. loss =  0.0 D.
 Elastic phase shift   1 =    0.264   0.351 deg. for the L =    8, J =    7.5 channel.
       7.5  0.98779518  0.00909408i: elastic S-matrix  @@      0.00  0   0 F  0
 Reaction Xsec     7.5+/ 8 @ 1 =   3.975 , Out:   0.000#


 Total SPIN, PARITY =     7.5 -,      1 chs,      0 cc.  Rmin & Coul turning =    0.3    6.2
   S-matrix    1 =    0.96354   0.04054 for L=    7, J=    7.5 channel on core I =   0.0 from L=    7,  Acc. loss =  0.0 D.
 Elastic phase shift   1 =    1.205   1.039 deg. for the L =    7, J =    7.5 channel.
       7.5  0.96353788  0.04054312i: elastic S-matrix  @@      0.00  0   0 F  0
 Reaction Xsec     7.5-/ 7 @ 1 =  11.499 , Out:   0.000#


 Total SPIN, PARITY =     8.5 +,      1 chs,      0 cc.  Rmin & Coul turning =    0.4    7.0
   S-matrix    1 =    0.98750   0.01437 for L=    8, J=    8.5 channel on core I =   0.0 from L=    8,  Acc. loss =  0.0 D.
 Elastic phase shift   1 =    0.417   0.357 deg. for the L =    8, J =    8.5 channel.
       8.5  0.98750202  0.01436961i: elastic S-matrix  @@      0.00  0   0 F  0
 Reaction Xsec     8.5+/ 8 @ 1 =   4.556 , Out:   0.000#


 Total SPIN, PARITY =     8.5 -,      1 chs,      0 cc.  Rmin & Coul turning =    0.4    7.0
   S-matrix    1 =    0.99575   0.00330 for L=    9, J=    8.5 channel on core I =   0.0 from L=    9,  Acc. loss =  0.0 D.
 Elastic phase shift   1 =    0.095   0.122 deg. for the L =    9, J =    8.5 channel.
       8.5  0.99574845  0.00329680i: elastic S-matrix  @@      0.00  0   0 F  0
 Reaction Xsec     8.5-/ 9 @ 1 =   1.567 , Out:   0.000#


 Total SPIN, PARITY =     9.5 +,      1 chs,      0 cc.  Rmin & Coul turning =    0.4    7.8
   S-matrix    1 =    0.99853   0.00117 for L=   10, J=    9.5 channel on core I =   0.0 from L=   10,  Acc. loss =  0.0 D.
 Elastic phase shift   1 =    0.034   0.042 deg. for the L =   10, J =    9.5 channel.
       9.5  0.99853433  0.00116948i: elastic S-matrix  @@      0.00  0   0 F  0
 Reaction Xsec     9.5+/10 @ 1 =   0.602 , Out:   0.000#


 Total SPIN, PARITY =     9.5 -,      1 chs,      0 cc.  Rmin & Coul turning =    0.4    7.8
   S-matrix    1 =    0.99571   0.00496 for L=    9, J=    9.5 channel on core I =   0.0 from L=    9,  Acc. loss =  0.0 D.
 Elastic phase shift   1 =    0.143   0.123 deg. for the L =    9, J =    9.5 channel.
       9.5  0.99570950  0.00495840i: elastic S-matrix  @@      0.00  0   0 F  0
 Reaction Xsec     9.5-/ 9 @ 1 =   1.754 , Out:   0.000#


 Total SPIN, PARITY =    10.5 +,      1 chs,      0 cc.  Rmin & Coul turning =    0.5    8.7
   S-matrix    1 =    0.99853   0.00169 for L=   10, J=   10.5 channel on core I =   0.0 from L=   10,  Acc. loss =  0.0 D.
 Elastic phase shift   1 =    0.048   0.042 deg. for the L =   10, J =   10.5 channel.
      10.5  0.99852925  0.00169012i: elastic S-matrix  @@      0.00  0   0 F  0
 Reaction Xsec    10.5+/10 @ 1 =   0.664 , Out:   0.000#


 Total SPIN, PARITY =    10.5 -,      1 chs,      0 cc.  Rmin & Coul turning =    0.5    8.7
   S-matrix    1 =    0.99950   0.00041 for L=   11, J=   10.5 channel on core I =   0.0 from L=   11,  Acc. loss =  0.0 D.
 Elastic phase shift   1 =    0.012   0.014 deg. for the L =   11, J =   10.5 channel.
      10.5  0.99949782  0.00040987i: elastic S-matrix  @@      0.00  0   0 F  0
 Reaction Xsec    10.5-/11 @ 1 =   0.227 , Out:   0.000#


 Total SPIN, PARITY =    11.5 +,      1 chs,      0 cc.  Rmin & Coul turning =    0.5    9.5
   S-matrix    1 =    0.99983   0.00014 for L=   12, J=   11.5 channel on core I =   0.0 from L=   12,  Acc. loss =  0.0 D.
 Elastic phase shift   1 =    0.004   0.005 deg. for the L =   12, J =   11.5 channel.
      11.5  0.99982864  0.00014255i: elastic S-matrix  @@      0.00  0   0 F  0
 Reaction Xsec    11.5+/12 @ 1 =   0.084 , Out:   0.000#


 Total SPIN, PARITY =    11.5 -,      1 chs,      0 cc.  Rmin & Coul turning =    0.5    9.5
   S-matrix    1 =    0.99950   0.00057 for L=   11, J=   11.5 channel on core I =   0.0 from L=   11,  Acc. loss =  0.0 D.
 Elastic phase shift   1 =    0.016   0.014 deg. for the L =   11, J =   11.5 channel.
      11.5  0.99949716  0.00057246i: elastic S-matrix  @@      0.00  0   0 F  0
 Reaction Xsec    11.5-/11 @ 1 =   0.248 , Out:   0.000#


 Total SPIN, PARITY =    12.5 +,      1 chs,      0 cc.  Rmin & Coul turning =    0.6   10.3
   S-matrix    1 =    0.99983   0.00019 for L=   12, J=   12.5 channel on core I =   0.0 from L=   12,  Acc. loss =  0.0 D.
 Elastic phase shift   1 =    0.006   0.005 deg. for the L =   12, J =   12.5 channel.
      12.5  0.99982856  0.00019318i: elastic S-matrix  @@      0.00  0   0 F  0
 Reaction Xsec    12.5+/12 @ 1 =   0.092 , Out:   0.000#


 Total SPIN, PARITY =    12.5 -,      1 chs,      0 cc.  Rmin & Coul turning =    0.6   10.3
   S-matrix    1 =    0.99994   0.00005 for L=   13, J=   12.5 channel on core I =   0.0 from L=   13,  Acc. loss =  0.0 D.
 Elastic phase shift   1 =    0.001   0.002 deg. for the L =   13, J =   12.5 channel.
      12.5  0.99994171  0.00004931i: elastic S-matrix  @@      0.00  0   0 F  0
 Reaction Xsec    12.5-/13 @ 1 =   0.031 , Out:   0.000#


 Total SPIN, PARITY =    13.5 +,      1 chs,      0 cc.  Rmin & Coul turning =    0.6   11.1
   S-matrix    1 =    0.99998   0.00002 for L=   14, J=   13.5 channel on core I =   0.0 from L=   14,  Acc. loss =  0.0 D.
 Elastic phase shift   1 =    0.000   0.001 deg. for the L =   14, J =   13.5 channel.
      13.5  0.99998022  0.00001698i: elastic S-matrix  @@      0.00  0   0 F  0
 Reaction Xsec    13.5+/14 @ 1 =   0.011 , Out:   0.000#


 Total SPIN, PARITY =    13.5 -,      1 chs,      0 cc.  Rmin & Coul turning =    0.6   11.1
   S-matrix    1 =    0.99994   0.00007 for L=   13, J=   13.5 channel on core I =   0.0 from L=   13,  Acc. loss =  0.0 D.
 Elastic phase shift   1 =    0.002   0.002 deg. for the L =   13, J =   13.5 channel.
      13.5  0.99994170  0.00006503i: elastic S-matrix  @@      0.00  0   0 F  0
 Reaction Xsec    13.5-/13 @ 1 =   0.034 , Out:   0.000#


 Total SPIN, PARITY =    14.5 +,      1 chs,      0 cc.  Rmin & Coul turning =    0.7   11.9
   S-matrix    1 =    0.99998   0.00002 for L=   14, J=   14.5 channel on core I =   0.0 from L=   14,  Acc. loss =  0.0 D.
 Elastic phase shift   1 =    0.001   0.001 deg. for the L =   14, J =   14.5 channel.
      14.5  0.99998022  0.00002185i: elastic S-matrix  @@      0.00  0   0 F  0
 Reaction Xsec    14.5+/14 @ 1 =   0.012 , Out:   0.000#


 Total SPIN, PARITY =    14.5 -,      1 chs,      0 cc.  Rmin & Coul turning =    0.7   11.9
   S-matrix    1 =    0.99999   0.00001 for L=   15, J=   14.5 channel on core I =   0.0 from L=   15,  Acc. loss =  0.0 D.
 Elastic phase shift   1 =    0.000   0.000 deg. for the L =   15, J =   14.5 channel.
      14.5  0.99999330  0.00000583i: elastic S-matrix  @@      0.00  0   0 F  0
 Reaction Xsec    14.5-/15 @ 1 =   4.129/, Out:   0.000#


 Total SPIN, PARITY =    15.5 +,      1 chs,      0 cc.  Rmin & Coul turning =    0.7   12.7
   S-matrix    1 =    1.00000   0.00000 for L=   16, J=   15.5 channel on core I =   0.0 from L=   16,  Acc. loss =  0.0 D.
 Elastic phase shift   1 =    0.000   0.000 deg. for the L =   16, J =   15.5 channel.
      15.5  0.99999774  0.00000199i: elastic S-matrix  @@      0.00  0   0 F  0
 Reaction Xsec    15.5+/16 @ 1 =   1.489/, Out:   0.000#


 Total SPIN, PARITY =    15.5 -,      1 chs,      0 cc.  Rmin & Coul turning =    0.7   12.7
   S-matrix    1 =    0.99999   0.00001 for L=   15, J=   15.5 channel on core I =   0.0 from L=   15,  Acc. loss =  0.0 D.
 Elastic phase shift   1 =    0.000   0.000 deg. for the L =   15, J =   15.5 channel.
      15.5  0.99999330  0.00000733i: elastic S-matrix  @@      0.00  0   0 F  0
 Reaction Xsec    15.5-/15 @ 1 =   4.404/, Out:   0.000#


 Total SPIN, PARITY =    16.5 +,      1 chs,      0 cc.  Rmin & Coul turning =    0.8   13.5
   S-matrix    1 =    1.00000   0.00000 for L=   16, J=   16.5 channel on core I =   0.0 from L=   16,  Acc. loss =  0.0 D.
 Elastic phase shift   1 =    0.000   0.000 deg. for the L =   16, J =   16.5 channel.
      16.5  0.99999774  0.00000246i: elastic S-matrix  @@      0.00  0   0 F  0
 Reaction Xsec    16.5+/16 @ 1 =   1.582/, Out:   0.000#


 Total SPIN, PARITY =    16.5 -,      1 chs,      0 cc.  Rmin & Coul turning =    0.8   13.5
   S-matrix    1 =    1.00000   0.00000 for L=   17, J=   16.5 channel on core I =   0.0 from L=   17,  Acc. loss =  0.0 D.
 Elastic phase shift   1 =    0.000   0.000 deg. for the L =   17, J =   16.5 channel.
      16.5  0.99999924  0.00000068i: elastic S-matrix  @@      0.00  0   0 F  0
 Reaction Xsec    16.5-/17 @ 1 =   0.534/, Out:   0.000#


 Total SPIN, PARITY =    17.5 +,      1 chs,      0 cc.  Rmin & Coul turning =    0.8   14.3
   S-matrix    1 =    1.00000   0.00000 for L=   18, J=   17.5 channel on core I =   0.0 from L=   18,  Acc. loss =  0.0 D.
 Elastic phase shift   1 =    0.000   0.000 deg. for the L =   18, J =   17.5 channel.
      17.5  0.99999974  0.00000023i: elastic S-matrix  @@      0.00  0   0 F  0
 Reaction Xsec    17.5+/18 @ 1 =   0.190/, Out:   0.000#


 Total SPIN, PARITY =    17.5 -,      1 chs,      0 cc.  Rmin & Coul turning =    0.8   14.3
   S-matrix    1 =    1.00000   0.00000 for L=   17, J=   17.5 channel on core I =   0.0 from L=   17,  Acc. loss =  0.0 D.
 Elastic phase shift   1 =    0.000   0.000 deg. for the L =   17, J =   17.5 channel.
      17.5  0.99999924  0.00000082i: elastic S-matrix  @@      0.00  0   0 F  0
 Reaction Xsec    17.5-/17 @ 1 =   0.565/, Out:   0.000#

 Finished all CC sets @    5.62600000E-03
0CUMULATIVE REACTION cross section                 =  580.19521  <L> =     3.81  <L**2> =     17.9
0CUMULATIVE outgoing cross sections in partition 1 :    0.00000
0Cumulative ABSORBTION by Imaginary Potentials     =  580.19521  <L> =     3.81  <L**2> =     17.9
   Fusion for specific p        M-states :  580.195207  580.195207
0CUMULATIVE OUTGOING cross section                 =    0.00000
 To convert to S-factors (MeV.mb = keV.b),  multiply by  1.2763E+02


 CROSS SECTIONS FOR OUTGOING p        & O20      in state #   1 with spins & parities 0.5  + &  0.0  +;  0

     3.00 deg.: X-S =   1.3081E+05 mb/sr,
+                                         /R =   8.2225E-01
     4.00 deg.: X-S =   3.6211E+04 mb/sr,
+                                         /R =   7.1914E-01
     5.00 deg.: X-S =   1.2797E+04 mb/sr,
+                                         /R =   6.2017E-01
     6.00 deg.: X-S =  5395.156148 mb/sr,
+                                         /R =   5.4187E-01
     7.00 deg.: X-S =  2692.304448 mb/sr,
+                                         /R =   5.0063E-01
     8.00 deg.: X-S =  1615.143564 mb/sr,
+                                         /R =   5.1197E-01
     9.00 deg.: X-S =  1162.411734 mb/sr,
+                                         /R =   5.8969E-01
    10.00 deg.: X-S =   964.612046 mb/sr,
+                                         /R =   7.4512E-01
    11.00 deg.: X-S =   873.094094 mb/sr,
+                                         /R =   9.8638E-01
    12.00 deg.: X-S =   824.568074 mb/sr,
+                                         /R =   1.3178E+00
    13.00 deg.: X-S =   791.302186 mb/sr,
+                                         /R =   1.7397E+00
    14.00 deg.: X-S =   761.212332 mb/sr,
+                                         /R =   2.2479E+00
    15.00 deg.: X-S =   729.361123 mb/sr,
+                                         /R =   2.8342E+00
    16.00 deg.: X-S =   694.136124 mb/sr,
+                                         /R =   3.4862E+00
    17.00 deg.: X-S =   655.462089 mb/sr,
+                                         /R =   4.1884E+00
    18.00 deg.: X-S =   613.940182 mb/sr,
+                                         /R =   4.9221E+00
    19.00 deg.: X-S =   570.426211 mb/sr,
+                                         /R =   5.6667E+00
    20.00 deg.: X-S =   525.823330 mb/sr,
+                                         /R =   6.4005E+00
    21.00 deg.: X-S =   480.982048 mb/sr,
+                                         /R =   7.1015E+00
    22.00 deg.: X-S =   436.654956 mb/sr,
+                                         /R =   7.7486E+00
    23.00 deg.: X-S =   393.479633 mb/sr,
+                                         /R =   8.3221E+00
    24.00 deg.: X-S =   351.976164 mb/sr,
+                                         /R =   8.8048E+00
    25.00 deg.: X-S =   312.552135 mb/sr,
+                                         /R =   9.1825E+00
    26.00 deg.: X-S =   275.511373 mb/sr,
+                                         /R =   9.4446E+00
    27.00 deg.: X-S =   241.064397 mb/sr,
+                                         /R =   9.5844E+00
    28.00 deg.: X-S =   209.339482 mb/sr,
+                                         /R =   9.5994E+00
    29.00 deg.: X-S =   180.393727 mb/sr,
+                                         /R =   9.4910E+00
    30.00 deg.: X-S =   154.223771 mb/sr,
+                                         /R =   9.2646E+00
    31.00 deg.: X-S =   130.775957 mb/sr,
+                                         /R =   8.9293E+00
    32.00 deg.: X-S =   109.955807 mb/sr,
+                                         /R =   8.4969E+00
    33.00 deg.: X-S =    91.636740 mb/sr,
+                                         /R =   7.9823E+00
    34.00 deg.: X-S =    75.667984 mb/sr,
+                                         /R =   7.4019E+00
    35.00 deg.: X-S =    61.881657 mb/sr,
+                                         /R =   6.7736E+00
    36.00 deg.: X-S =    50.099009 mb/sr,
+                                         /R =   6.1158E+00
    37.00 deg.: X-S =    40.135852 mb/sr,
+                                         /R =   5.4467E+00
    38.00 deg.: X-S =    31.807172 mb/sr,
+                                         /R =   4.7839E+00
    39.00 deg.: X-S =    24.930995 mb/sr,
+                                         /R =   4.1439E+00
    40.00 deg.: X-S =    19.331516 mb/sr,
+                                         /R =   3.5413E+00
    41.00 deg.: X-S =    14.841574 mb/sr,
+                                         /R =   2.9886E+00
    42.00 deg.: X-S =    11.304506 mb/sr,
+                                         /R =   2.4961E+00
    43.00 deg.: X-S =     8.575458 mb/sr,
+                                         /R =   2.0713E+00
    44.00 deg.: X-S =     6.522214 mb/sr,
+                                         /R =   1.7194E+00
    45.00 deg.: X-S =     5.025605 mb/sr,
+                                         /R =   1.4429E+00
    46.00 deg.: X-S =     3.979557 mb/sr,
+                                         /R =   1.2418E+00
    47.00 deg.: X-S =     3.290846 mb/sr,
+                                         /R =   1.1138E+00
    48.00 deg.: X-S =     2.878620 mb/sr,
+                                         /R =   1.0547E+00
    49.00 deg.: X-S =     2.673731 mb/sr,
+                                         /R =   1.0586E+00
    50.00 deg.: X-S =     2.617926 mb/sr,
+                                         /R =   1.1180E+00
    51.00 deg.: X-S =     2.662957 mb/sr,
+                                         /R =   1.2246E+00
    52.00 deg.: X-S =     2.769623 mb/sr,
+                                         /R =   1.3692E+00
    53.00 deg.: X-S =     2.906796 mb/sr,
+                                         /R =   1.5425E+00
    54.00 deg.: X-S =     3.050444 mb/sr,
+                                         /R =   1.7348E+00
    55.00 deg.: X-S =     3.182689 mb/sr,
+                                         /R =   1.9369E+00
    56.00 deg.: X-S =     3.290901 mb/sr,
+                                         /R =   2.1401E+00
    57.00 deg.: X-S =     3.366847 mb/sr,
+                                         /R =   2.3365E+00
    58.00 deg.: X-S =     3.405917 mb/sr,
+                                         /R =   2.5189E+00
    59.00 deg.: X-S =     3.406404 mb/sr,
+                                         /R =   2.6813E+00
    60.00 deg.: X-S =     3.368880 mb/sr,
+                                         /R =   2.8188E+00
    61.00 deg.: X-S =     3.295628 mb/sr,
+                                         /R =   2.9276E+00
    62.00 deg.: X-S =     3.190162 mb/sr,
+                                         /R =   3.0051E+00
    63.00 deg.: X-S =     3.056812 mb/sr,
+                                         /R =   3.0500E+00
    64.00 deg.: X-S =     2.900381 mb/sr,
+                                         /R =   3.0619E+00
    65.00 deg.: X-S =     2.725859 mb/sr,
+                                         /R =   3.0413E+00
    66.00 deg.: X-S =     2.538198 mb/sr,
+                                         /R =   2.9899E+00
    67.00 deg.: X-S =     2.342138 mb/sr,
+                                         /R =   2.9098E+00
    68.00 deg.: X-S =     2.142077 mb/sr,
+                                         /R =   2.8040E+00
    69.00 deg.: X-S =     1.941979 mb/sr,
+                                         /R =   2.6758E+00
    70.00 deg.: X-S =     1.745318 mb/sr,
+                                         /R =   2.5289E+00
    71.00 deg.: X-S =     1.555050 mb/sr,
+                                         /R =   2.3673E+00
    72.00 deg.: X-S =     1.373603 mb/sr,
+                                         /R =   2.1950E+00
    73.00 deg.: X-S =     1.202891 mb/sr,
+                                         /R =   2.0159E+00
    74.00 deg.: X-S =     1.044338 mb/sr,
+                                         /R =   1.8339E+00
    75.00 deg.: X-S =     0.898919 mb/sr,
+                                         /R =   1.6527E+00
    76.00 deg.: X-S =     0.767194 mb/sr,
+                                         /R =   1.4756E+00
    77.00 deg.: X-S =     0.649366 mb/sr,
+                                         /R =   1.3055E+00
    78.00 deg.: X-S =     0.545321 mb/sr,
+                                         /R =   1.1451E+00
    79.00 deg.: X-S =     0.454686 mb/sr,
+                                         /R =   9.9643E-01
    80.00 deg.: X-S =     0.376871 mb/sr,
+                                         /R =   8.6130E-01
    81.00 deg.: X-S =     0.311119 mb/sr,
+                                         /R =   7.4096E-01
    82.00 deg.: X-S =     0.256548 mb/sr,
+                                         /R =   6.3626E-01
    83.00 deg.: X-S =     0.212189 mb/sr,
+                                         /R =   5.4761E-01
    84.00 deg.: X-S =     0.177022 mb/sr,
+                                         /R =   4.7508E-01
    85.00 deg.: X-S =     0.150006 mb/sr,
+                                         /R =   4.1834E-01
    86.00 deg.: X-S =     0.130102 mb/sr,
+                                         /R =   3.7680E-01
    87.00 deg.: X-S =     0.116302 mb/sr,
+                                         /R =   3.4956E-01
    88.00 deg.: X-S =     0.107636 mb/sr,
+                                         /R =   3.3553E-01
    89.00 deg.: X-S =     0.103196 mb/sr,
+                                         /R =   3.3343E-01
    90.00 deg.: X-S =     0.102138 mb/sr,
+                                         /R =   3.4184E-01
    91.00 deg.: X-S =     0.103694 mb/sr,
+                                         /R =   3.5926E-01
    92.00 deg.: X-S =     0.107173 mb/sr,
+                                         /R =   3.8416E-01
    93.00 deg.: X-S =     0.111966 mb/sr,
+                                         /R =   4.1498E-01
    94.00 deg.: X-S =     0.117542 mb/sr,
+                                         /R =   4.5019E-01
    95.00 deg.: X-S =     0.123449 mb/sr,
+                                         /R =   4.8832E-01
    96.00 deg.: X-S =     0.129308 mb/sr,
+                                         /R =   5.2797E-01
    97.00 deg.: X-S =     0.134811 mb/sr,
+                                         /R =   5.6786E-01
    98.00 deg.: X-S =     0.139715 mb/sr,
+                                         /R =   6.0681E-01
    99.00 deg.: X-S =     0.143835 mb/sr,
+                                         /R =   6.4378E-01
   100.00 deg.: X-S =     0.147042 mb/sr,
+                                         /R =   6.7787E-01
   101.00 deg.: X-S =     0.149251 mb/sr,
+                                         /R =   7.0832E-01
   102.00 deg.: X-S =     0.150418 mb/sr,
+                                         /R =   7.3452E-01
   103.00 deg.: X-S =     0.150538 mb/sr,
+                                         /R =   7.5599E-01
   104.00 deg.: X-S =     0.149630 mb/sr,
+                                         /R =   7.7239E-01
   105.00 deg.: X-S =     0.147740 mb/sr,
+                                         /R =   7.8353E-01
   106.00 deg.: X-S =     0.144933 mb/sr,
+                                         /R =   7.8932E-01
   107.00 deg.: X-S =     0.141288 mb/sr,
+                                         /R =   7.8979E-01
   108.00 deg.: X-S =     0.136893 mb/sr,
+                                         /R =   7.8506E-01
   109.00 deg.: X-S =     0.131846 mb/sr,
+                                         /R =   7.7536E-01
   110.00 deg.: X-S =     0.126245 mb/sr,
+                                         /R =   7.6097E-01
   111.00 deg.: X-S =     0.120192 mb/sr,
+                                         /R =   7.4224E-01
   112.00 deg.: X-S =     0.113785 mb/sr,
+                                         /R =   7.1957E-01
   113.00 deg.: X-S =     0.107120 mb/sr,
+                                         /R =   6.9341E-01
   114.00 deg.: X-S =     0.100288 mb/sr,
+                                         /R =   6.6421E-01
   115.00 deg.: X-S =     0.093373 mb/sr,
+                                         /R =   6.3246E-01
   116.00 deg.: X-S =     0.086455 mb/sr,
+                                         /R =   5.9864E-01
   117.00 deg.: X-S =     0.079603 mb/sr,
+                                         /R =   5.6323E-01
   118.00 deg.: X-S =     0.072881 mb/sr,
+                                         /R =   5.2670E-01
   119.00 deg.: X-S =     0.066342 mb/sr,
+                                         /R =   4.8951E-01
   120.00 deg.: X-S =     0.060034 mb/sr,
+                                         /R =   4.5208E-01
   121.00 deg.: X-S =     0.053996 mb/sr,
+                                         /R =   4.1480E-01
   122.00 deg.: X-S =     0.048260 mb/sr,
+                                         /R =   3.7806E-01
   123.00 deg.: X-S =     0.042850 mb/sr,
+                                         /R =   3.4217E-01
   124.00 deg.: X-S =     0.037784 mb/sr,
+                                         /R =   3.0743E-01
   125.00 deg.: X-S =     0.033075 mb/sr,
+                                         /R =   2.7410E-01
   126.00 deg.: X-S =     0.028729 mb/sr,
+                                         /R =   2.4240E-01
   127.00 deg.: X-S =     0.024747 mb/sr,
+                                         /R =   2.1251E-01
   128.00 deg.: X-S =     0.021128 mb/sr,
+                                         /R =   1.8458E-01
   129.00 deg.: X-S =     0.017864 mb/sr,
+                                         /R =   1.5871E-01
   130.00 deg.: X-S =     0.014945 mb/sr,
+                                         /R =   1.3499E-01
   131.00 deg.: X-S =     0.012360 mb/sr,
+                                         /R =   1.1345E-01
   132.00 deg.: X-S =     0.010094 mb/sr,
+                                         /R =   9.4121E-02
   133.00 deg.: X-S =     0.008131 mb/sr,
+                                         /R =   7.6984E-02
   134.00 deg.: X-S =     0.006452 mb/sr,
+                                         /R =   6.2010E-02
   135.00 deg.: X-S =     0.005039 mb/sr,
+                                         /R =   4.9146E-02
   136.00 deg.: X-S =     0.003873 mb/sr,
+                                         /R =   3.8320E-02
   137.00 deg.: X-S =     0.002935 mb/sr,
+                                         /R =   2.9449E-02
   138.00 deg.: X-S =     0.002206 mb/sr,
+                                         /R =   2.2432E-02
   139.00 deg.: X-S =     0.001666 mb/sr,
+                                         /R =   1.7164E-02
   140.00 deg.: X-S =     0.001296 mb/sr,
+                                         /R =   1.3527E-02
   141.00 deg.: X-S =     0.001079 mb/sr,
+                                         /R =   1.1403E-02
   142.00 deg.: X-S =     0.000997 mb/sr,
+                                         /R =   1.0668E-02
   143.00 deg.: X-S =     0.001034 mb/sr,
+                                         /R =   1.1196E-02
   144.00 deg.: X-S =     0.001175 mb/sr,
+                                         /R =   1.2864E-02
   145.00 deg.: X-S =     0.001404 mb/sr,
+                                         /R =   1.5548E-02
   146.00 deg.: X-S =     0.001708 mb/sr,
+                                         /R =   1.9128E-02
   147.00 deg.: X-S =     0.002076 mb/sr,
+                                         /R =   2.3489E-02
   148.00 deg.: X-S =     0.002495 mb/sr,
+                                         /R =   2.8520E-02
   149.00 deg.: X-S =     0.002955 mb/sr,
+                                         /R =   3.4116E-02
   150.00 deg.: X-S =     0.003447 mb/sr,
+                                         /R =   4.0176E-02
   151.00 deg.: X-S =     0.003963 mb/sr,
+                                         /R =   4.6608E-02
   152.00 deg.: X-S =     0.004494 mb/sr,
+                                         /R =   5.3327E-02
   153.00 deg.: X-S =     0.005034 mb/sr,
+                                         /R =   6.0252E-02
   154.00 deg.: X-S =     0.005578 mb/sr,
+                                         /R =   6.7311E-02
   155.00 deg.: X-S =     0.006120 mb/sr,
+                                         /R =   7.4437E-02
   156.00 deg.: X-S =     0.006656 mb/sr,
+                                         /R =   8.1571E-02
   157.00 deg.: X-S =     0.007182 mb/sr,
+                                         /R =   8.8659E-02
   158.00 deg.: X-S =     0.007695 mb/sr,
+                                         /R =   9.5653E-02
   159.00 deg.: X-S =     0.008193 mb/sr,
+                                         /R =   1.0251E-01
   160.00 deg.: X-S =     0.008672 mb/sr,
+                                         /R =   1.0920E-01
   161.00 deg.: X-S =     0.009132 mb/sr,
+                                         /R =   1.1568E-01
   162.00 deg.: X-S =     0.009570 mb/sr,
+                                         /R =   1.2192E-01
   163.00 deg.: X-S =     0.009987 mb/sr,
+                                         /R =   1.2791E-01
   164.00 deg.: X-S =     0.010380 mb/sr,
+                                         /R =   1.3363E-01
   165.00 deg.: X-S =     0.010750 mb/sr,
+                                         /R =   1.3904E-01
   166.00 deg.: X-S =     0.011095 mb/sr,
+                                         /R =   1.4415E-01
   167.00 deg.: X-S =     0.011416 mb/sr,
+                                         /R =   1.4894E-01
   168.00 deg.: X-S =     0.011713 mb/sr,
+                                         /R =   1.5340E-01
   169.00 deg.: X-S =     0.011985 mb/sr,
+                                         /R =   1.5752E-01
   170.00 deg.: X-S =     0.012233 mb/sr,
+                                         /R =   1.6129E-01
   171.00 deg.: X-S =     0.012457 mb/sr,
+                                         /R =   1.6471E-01
   172.00 deg.: X-S =     0.012656 mb/sr,
+                                         /R =   1.6778E-01
   173.00 deg.: X-S =     0.012831 mb/sr,
+                                         /R =   1.7050E-01
   174.00 deg.: X-S =     0.012983 mb/sr,
+                                         /R =   1.7285E-01
   175.00 deg.: X-S =     0.013111 mb/sr,
+                                         /R =   1.7485E-01
   176.00 deg.: X-S =     0.013215 mb/sr,
+                                         /R =   1.7648E-01
   177.00 deg.: X-S =     0.013296 mb/sr,
+                                         /R =   1.7775E-01
   178.00 deg.: X-S =     0.013354 mb/sr,
+                                         /R =   1.7866E-01
   179.00 deg.: X-S =     0.013388 mb/sr,
+                                         /R =   1.7921E-01
   179.99 deg.: X-S =     0.013400 mb/sr,
+                                         /R =   1.7939E-01
                                           Integrated 1699.6889 mb, over [   3.000, 180.000] at    35.0000 MeV 
 Finished all xsecs @    6.54099975E-03

  The following files have been created:
   3:local copy of User input.            6:standard output.                   
   7:elastic  S-matrix elements.         13:total cross sections/state.        
  16:tables of cross sections.           38:cross sections for each J/pi.      
  39:cross sections for each Ecm.        40:all cross sectns. for each Elab.   
  45:scat phase shift as E functions.    56:Fusion for each Jtotal.            
 201:Separate cross sections.           

 PARAMETERS : MAXQRN   MFNL   MLOC  LMAX1 MCLIST
    ALLOWED :      1      1      4     70      6
    REQUIRED:      0      0      4     19      4


 ACCURACY ANALYSIS at    35.000 MeV :

  Elastic h*k = 0.037 so OK       compared with 0.200

   Real(S-el) > 0.01 first at J =       2.5
   Real(S-el) > 0.10 first at J =       2.5
   Real(S-el) > 0.50 first at J =       3.5
   Real(S-el) > 0.90 first at J =       5.5
   Real(S-el) > 0.99 first at J =       8.5
   R-turn =    14.32 fm    at J =      17.5

 Forward-angle excitation cut off below   1.361 deg by max JT =      17.5
                              and below   0.330 deg by max R.

