 FRESCO - FRES 3.4: Coupled Reaction Channels
 Assuming NAMELIST input.

 p+O20 1st ex with BG ;                                                          

   0.030  60.000   0.500   0.000   0.000   0.000   0.000   0.000   0.000   0.000

 Centre-of-mass Range is   2002 * 0.0300 fm., Maximum at  60.00 fm., Interpolating NL forms every  0.51 fm.
 Non - locality width is      4 * 0.0300 fm., Maximum of   0.09 fm., Centred at  0.00 fm.
 2-Nucleon Separation of      0 * 0.5100 fm., Maximum of   0.00 fm., Minimum at  0.00 fm.
 Maximum single particle bins of 59.6700 fm.
               M,Mint =         2001        1990


 Range of total J is     0.0 <= J <=    50.0 (at least     0.0) and Absorbtion =>     0.0010 mb.
 Dry Run = F, CC set limits =  0  0, Relativistic kinematics =  , Both/Far/Near Analyses =  1                     

 Cross Sections (and up to T0 for 0=projectile) for Theta from   3.0 to-180.0 in steps of  1.0 degrees, DGAM=0,  Coordinates = 0 (Mads)

 Lower Radial Cutoff = maximum of -1.60*L*h &       0.0 fm.,  Lower Cutoff for Couplings =   0.0  fm.


 Iterate Couplings between   0 and   1 times, to  0.000 % if sooner.                                          
  Block solved exactly =   2 chs., with Pade = 0 & Isocen =  =0, NOSOL = F, initwf =  0
  NL quadrature with   18 Gaussian points, Calculate multipoles up to    56 from   0
  M-transfers for lp+lt greater than or equal to  6, Angular Integration Cutoff below  2.7778 %


 Trace switches are :  CHANS =  1, LISTCC =  0, TRENEG =  0, CDETR =  0, SMATS =  2, XSTABL =  1, NLPL =  0

                       WAVES =  0, LAMPL =  0, VEFF =  0, KFUS =  0, WDISK =  0, BPM =  0, MELFIL =  0

                       CDCC =  0, NFUS =  0

 Using unit mass = 1.000000 amu and 1/fine-structure constant = 137.03599 ( 1.000000 * true ) with hc = 197.32705 MeV.fm,
  thus 2*amu/hbar^2 = 0.0478450 = 1/20.9008 and Coulomb constant = 0.1574855 so e^2 = 1.43997, and nuclear magneton= 0.1261183

 Now pre-scan input and save to file 3



 *********** PARTITION NUMBER  1 ******************************************************************************************

   PROJ=p          MASS=  1.0073 Z=   1.0,        # STATES=    2T, TARG=O20      MASS= 19.9997 Z=   8.0,     Q-VALUE =  -0.0000 MEV.

     1:  J= 0.5+ (B# 1), E=  0.0000, K= 0.5              Potl#  1       J= 0.0+ (B# 1), E=  0.0000, K= 0.0    

     2:  J= 0.5+ (B# 1), E=  0.0000, K= 0.5              Potl#  1       J= 2.0+ (B# 1), E=  1.6350, K= 0.0    
                                  (Just State  1)


 ************************************************************************************************************************************

 The following POTENTIALS are defined :

  KP#       TYPE      IT    SHAPE      at     V1        r1        a1        V2        r2        a2        A-in     A-used


                                            A#1       A#2        r0c       ac                                                h @ 1
    1    0=Coulomb       0=CHARGE (WS)  1    20.000     0.000    1.3000    0.0000    0.0000    0.0000     0.000    20.000   0.03000

                                           Mn(E1)    Mn(E2)    Mn(E3)  .....
    1   11=Target defm  10=derivatives  2    0.0000    5.3000    0.0000    0.0000    0.0000    0.0000     0.000     3.529= RADIUS

              At    2 is k =  2 (Potl. beta = 0.22286)
                                     Beta of targ. = 0.22286 (using radius of 3.529 fm.).

    1    1=Volume        0=Woods-Saxon  3   48.7789    1.1700    0.7500    0.0000    0.0000    0.0000     0.000    20.000

                                            Def1      Def2      Def3   .....
    1   11=Target defm  10=derivatives  4    0.0000    0.7304    0.0000    0.0000    0.0000    0.0000     0.000     3.176= RADIUS

              At    4 is k =  2 (Potl. beta = 0.23000)
                                     Beta of targ. = 0.23000 (using radius of 3.176 fm.).

    1    1=Volume        0=Woods-Saxon  5    0.0000    0.0000    0.0000    5.0000    1.3200    0.6500     0.000    20.000

                                            Def1      Def2      Def3   .....
    1   11=Target defm  10=derivatives  6    0.0000    0.8241    0.0000    0.0000    0.0000    0.0000     0.000     3.583= RADIUS

              At    6 is k =  2 (Potl. beta = 0.23000)
                                     Beta of targ. = 0.23000 (using radius of 3.583 fm.).

    1    2=Surface       0=Woods-Saxon  7    0.0000    0.0000    0.0000    5.4500    1.3200    0.6500     0.000    20.000

                                            Def1      Def2      Def3   .....
    1   11=Target defm  10=derivatives  8    0.0000    0.8241    0.0000    0.0000    0.0000    0.0000     0.000     3.583= RADIUS

              At    8 is k =  2 (Potl. beta = 0.23000)
                                     Beta of targ. = 0.23000 (using radius of 3.583 fm.).

    1    3=Projtl S.O.   0=Woods-Saxon  9    3.1000    1.0100    0.7500    0.0000    0.0000    0.0000     0.000    20.000

 Incoming partition  1 in excitation state # 1,   Laboratory Energy given for partition  1 Nucleus 1 in Excitation pair 1

0Lab. ENERGY ranges :

   from    35.0000     to   0.00000     in     0 intervals
   from    0.00000     to   0.00000     in     0 intervals
   from    0.00000     to   0.00000     in     0 intervals

 Largest real,imaginary parts of any form factor at R=   59.52 are   2.42E-02  5.84E-32 MeV
 Finished all Couplings @    6.61000027E-04           9

 Symmetric Hamiltonian
1***********************************************************************************************************************************
************************************************************************************************************************************

        INCOMING p        ;    LABORATORY p        ENERGY =   35.000     MeV.

 ***********************************************************************************************************************************
 ***********************************************************************************************************************************

 Allocate arrays for            3  channels, of which            3  need wfs.

 ######################################################################################################################
 #                                                                                                                    #
 # Total SPIN and PARITY =     0.5 +,      3 channels,    3 in 1st block.  Rmin & Coul turning =    0.0    0.3 fm.  #
 #                                                                                                                    #
 ######################################################################################################################



    C Projectl Target   #   EX.   (L  Proj) J  + Targ = Jtotal     E-cm      Re K     Re Eta     RM*K            CH
    1 p        O20      #    1: I   0 0.5    0.5  0.0     0.5    33.32176   1.23648   0.21373   74.1887   0.33920  -0.36833 1 1 1   1
    2 p        O20      #    2:     2 0.5    1.5  2.0     0.5    31.68676   1.20576   0.21918   72.3457   0.34393   0.36416 1 1 1   2
    3 p        O20      #    2:     2 0.5    2.5  2.0     0.5    31.68676   1.20576   0.21918   72.3457   0.34393   0.36416 1 1 1   2
   S-matrix    1 =    0.27041  -0.28386 for L=    0, J=    0.5 channel on core I =   0.0 from L=    0,  Acc. loss =  0.0 D.
 Elastic phase shift   1 =  -23.195  26.825 deg. for the L =    0, J =    0.5 channel.
       0.5  0.27041264 -0.28386070i: elastic S-matrix  @@      0.00  0   0 F  0
 Reaction Xsec     0.5+/ 0 @ 1 =  17.390 , Out:   0.000#   0.206   17.184f


 Total SPIN, PARITY =     0.5 -,      3 chs,      3 cc.  Rmin & Coul turning =    0.0    0.3
   S-matrix    1 =    0.02302  -0.37378 for L=    1, J=    0.5 channel on core I =   0.0 from L=    1,  Acc. loss =  0.0 D.
 Elastic phase shift   1 =  -43.238  28.138 deg. for the L =    1, J =    0.5 channel.
       0.5  0.02301853 -0.37377884i: elastic S-matrix  @@      0.00  0   0 F  0
 Reaction Xsec     0.5-/ 1 @ 1 =  17.667 , Out:   0.000#   0.170   17.497f

 Allocate arrays for            5  channels, of which            5  need wfs.

 Total SPIN, PARITY =     1.5 +,      5 chs,      5 cc.  Rmin & Coul turning =    0.0    1.3
   S-matrix    1 =   -0.24446  -0.28144 for L=    2, J=    1.5 channel on core I =   0.0 from L=    2,  Acc. loss =  0.0 D.
 Elastic phase shift   1 =  -65.488  28.268 deg. for the L =    2, J =    1.5 channel.
       1.5 -0.24445586 -0.28144365i: elastic S-matrix  @@      0.00  0   0 F  0
 Reaction Xsec     1.5+/ 2 @ 1 =  35.385 , Out:   0.000#   0.373   35.012f


 Total SPIN, PARITY =     1.5 -,      5 chs,      5 cc.  Rmin & Coul turning =    0.0    1.3
   S-matrix    1 =    0.11198  -0.36755 for L=    1, J=    1.5 channel on core I =   0.0 from L=    1,  Acc. loss =  0.0 D.
 Elastic phase shift   1 =  -36.528  27.402 deg. for the L =    1, J =    1.5 channel.
       1.5  0.11197903 -0.36754903i: elastic S-matrix  @@      0.00  0   0 F  0
 Reaction Xsec     1.5-/ 1 @ 1 =  35.029 , Out:   0.000#   0.313   34.716f

 Allocate arrays for            6  channels, of which            6  need wfs.

 Total SPIN, PARITY =     2.5 +,      6 chs,      6 cc.  Rmin & Coul turning =    0.1    2.2
   S-matrix    1 =   -0.11472  -0.35435 for L=    2, J=    2.5 channel on core I =   0.0 from L=    2,  Acc. loss =  0.0 D.
 Elastic phase shift   1 =  -53.970  28.294 deg. for the L =    2, J =    2.5 channel.
       2.5 -0.11471860 -0.35434677i: elastic S-matrix  @@      0.00  0   0 F  0
 Reaction Xsec     2.5+/ 2 @ 1 =  53.093 , Out:   0.000#   0.535   52.558f


 Total SPIN, PARITY =     2.5 -,      6 chs,      6 cc.  Rmin & Coul turning =    0.1    2.2
   S-matrix    1 =   -0.35223  -0.05485 for L=    3, J=    2.5 channel on core I =   0.0 from L=    3,  Acc. loss =  0.0 D.
 Elastic phase shift   1 =  -85.575  29.550 deg. for the L =    3, J =    2.5 channel.
       2.5 -0.35222810 -0.05484644i: elastic S-matrix  @@      0.00  0   0 F  0
 Reaction Xsec     2.5-/ 3 @ 1 =  53.812 , Out:   0.000#   0.423   53.388f


 Total SPIN, PARITY =     3.5 +,      6 chs,      6 cc.  Rmin & Coul turning =    0.1    3.0
   S-matrix    1 =   -0.05709   0.21770 for L=    4, J=    3.5 channel on core I =   0.0 from L=    4,  Acc. loss =  0.0 D.
 Elastic phase shift   1 =   52.347  42.725 deg. for the L =    4, J =    3.5 channel.
       3.5 -0.05708863  0.21769935i: elastic S-matrix  @@      0.00  0   0 F  0
 Reaction Xsec     3.5+/ 4 @ 1 =  78.030 , Out:   0.000#   0.912   77.118f


 Total SPIN, PARITY =     3.5 -,      6 chs,      6 cc.  Rmin & Coul turning =    0.1    3.0
   S-matrix    1 =   -0.30885  -0.24179 for L=    3, J=    3.5 channel on core I =   0.0 from L=    3,  Acc. loss =  0.0 D.
 Elastic phase shift   1 =  -70.972  26.811 deg. for the L =    3, J =    3.5 channel.
       3.5 -0.30884668 -0.24179304i: elastic S-matrix  @@      0.00  0   0 F  0
 Reaction Xsec     3.5-/ 3 @ 1 =  69.548 , Out:   0.000#   0.496   69.052f


 Total SPIN, PARITY =     4.5 +,      6 chs,      6 cc.  Rmin & Coul turning =    0.2    3.8
   S-matrix    1 =   -0.20361   0.08271 for L=    4, J=    4.5 channel on core I =   0.0 from L=    4,  Acc. loss =  0.0 D.
 Elastic phase shift   1 =   78.947  43.407 deg. for the L =    4, J =    4.5 channel.
       4.5 -0.20361113  0.08270706i: elastic S-matrix  @@      0.00  0   0 F  0
 Reaction Xsec     4.5+/ 4 @ 1 =  97.779 , Out:   0.000#   1.012   96.767f


 Total SPIN, PARITY =     4.5 -,      6 chs,      6 cc.  Rmin & Coul turning =    0.2    3.8
   S-matrix    1 =    0.44978   0.29738 for L=    5, J=    4.5 channel on core I =   0.0 from L=    5,  Acc. loss =  0.0 D.
 Elastic phase shift   1 =   16.736  17.695 deg. for the L =    5, J =    4.5 channel.
       4.5  0.44977838  0.29738328i: elastic S-matrix  @@      0.00  0   0 F  0
 Reaction Xsec     4.5-/ 5 @ 1 =  72.871 , Out:   0.000#   0.784   72.087f


 Total SPIN, PARITY =     5.5 +,      6 chs,      6 cc.  Rmin & Coul turning =    0.2    4.6
   S-matrix    1 =    0.79673   0.18781 for L=    6, J=    5.5 channel on core I =   0.0 from L=    6,  Acc. loss =  0.0 D.
 Elastic phase shift   1 =    6.632   5.735 deg. for the L =    6, J =    5.5 channel.
       5.5  0.79673272  0.18780665i: elastic S-matrix  @@      0.00  0   0 F  0
 Reaction Xsec     5.5+/ 6 @ 1 =  40.679 , Out:   0.000#   0.420   40.259f


 Total SPIN, PARITY =     5.5 -,      6 chs,      6 cc.  Rmin & Coul turning =    0.2    4.6
   S-matrix    1 =    0.30703   0.33588 for L=    5, J=    5.5 channel on core I =   0.0 from L=    5,  Acc. loss =  0.0 D.
 Elastic phase shift   1 =   23.785  22.555 deg. for the L =    5, J =    5.5 channel.
       5.5  0.30702663  0.33587928i: elastic S-matrix  @@      0.00  0   0 F  0
 Reaction Xsec     5.5-/ 5 @ 1 =  97.759 , Out:   0.000#   1.052   96.707f


 Total SPIN, PARITY =     6.5 +,      6 chs,      6 cc.  Rmin & Coul turning =    0.3    5.4
   S-matrix    1 =    0.75667   0.24589 for L=    6, J=    6.5 channel on core I =   0.0 from L=    6,  Acc. loss =  0.0 D.
 Elastic phase shift   1 =    9.001   6.550 deg. for the L =    6, J =    6.5 channel.
       6.5  0.75666576  0.24589482i: elastic S-matrix  @@      0.00  0   0 F  0
 Reaction Xsec     6.5+/ 6 @ 1 =  52.788 , Out:   0.000#   0.500   52.288f


 Total SPIN, PARITY =     6.5 -,      6 chs,      6 cc.  Rmin & Coul turning =    0.3    5.4
   S-matrix    1 =    0.93432   0.08455 for L=    7, J=    6.5 channel on core I =   0.0 from L=    7,  Acc. loss =  0.0 D.
 Elastic phase shift   1 =    2.585   1.830 deg. for the L =    7, J =    6.5 channel.
       6.5  0.93431685  0.08454925i: elastic S-matrix  @@      0.00  0   0 F  0
 Reaction Xsec     6.5-/ 7 @ 1 =  17.247 , Out:   0.000#   0.162   17.085f


 Total SPIN, PARITY =     7.5 +,      6 chs,      6 cc.  Rmin & Coul turning =    0.3    6.2
   S-matrix    1 =    0.97926   0.03367 for L=    8, J=    7.5 channel on core I =   0.0 from L=    8,  Acc. loss =  0.0 D.
 Elastic phase shift   1 =    0.985   0.583 deg. for the L =    8, J =    7.5 channel.
       7.5  0.97926255  0.03367290i: elastic S-matrix  @@      0.00  0   0 F  0
 Reaction Xsec     7.5+/ 8 @ 1 =   6.561 , Out:   0.000#   0.034    6.527f


 Total SPIN, PARITY =     7.5 -,      6 chs,      6 cc.  Rmin & Coul turning =    0.3    6.2
   S-matrix    1 =    0.92754   0.11088 for L=    7, J=    7.5 channel on core I =   0.0 from L=    7,  Acc. loss =  0.0 D.
 Elastic phase shift   1 =    3.408   1.952 deg. for the L =    7, J =    7.5 channel.
       7.5  0.92754289  0.11087859i: elastic S-matrix  @@      0.00  0   0 F  0
 Reaction Xsec     7.5-/ 7 @ 1 =  20.938 , Out:   0.000#   0.200   20.738f


 Total SPIN, PARITY =     8.5 +,      6 chs,      6 cc.  Rmin & Coul turning =    0.4    7.0
   S-matrix    1 =    0.97825   0.04369 for L=    8, J=    8.5 channel on core I =   0.0 from L=    8,  Acc. loss =  0.0 D.
 Elastic phase shift   1 =    1.278   0.602 deg. for the L =    8, J =    8.5 channel.
       8.5  0.97824562  0.04368582i: elastic S-matrix  @@      0.00  0   0 F  0
 Reaction Xsec     8.5+/ 8 @ 1 =   7.606 , Out:   0.000#   0.041    7.565f


 Total SPIN, PARITY =     8.5 -,      6 chs,      6 cc.  Rmin & Coul turning =    0.4    7.0
   S-matrix    1 =    0.99343   0.01282 for L=    9, J=    8.5 channel on core I =   0.0 from L=    9,  Acc. loss =  0.0 D.
 Elastic phase shift   1 =    0.370   0.186 deg. for the L =    9, J =    8.5 channel.
       8.5  0.99343380  0.01281903i: elastic S-matrix  @@      0.00  0   0 F  0
 Reaction Xsec     8.5-/ 9 @ 1 =   2.390 , Out:   0.000#   4.441/   2.386f


 Total SPIN, PARITY =     9.5 +,      6 chs,      6 cc.  Rmin & Coul turning =    0.4    7.8
   S-matrix    1 =    0.99791   0.00480 for L=   10, J=    9.5 channel on core I =   0.0 from L=   10,  Acc. loss =  0.0 D.
 Elastic phase shift   1 =    0.138   0.060 deg. for the L =   10, J =    9.5 channel.
       9.5  0.99790864  0.00479651i: elastic S-matrix  @@      0.00  0   0 F  0
 Reaction Xsec     9.5+/10 @ 1 =   0.854 , Out:   0.000#   0.460/   0.853f


 Total SPIN, PARITY =     9.5 -,      6 chs,      6 cc.  Rmin & Coul turning =    0.4    7.8
   S-matrix    1 =    0.99329   0.01654 for L=    9, J=    9.5 channel on core I =   0.0 from L=    9,  Acc. loss =  0.0 D.
 Elastic phase shift   1 =    0.477   0.189 deg. for the L =    9, J =    9.5 channel.
       9.5  0.99328722  0.01653666i: elastic S-matrix  @@      0.00  0   0 F  0
 Reaction Xsec     9.5-/ 9 @ 1 =   2.693 , Out:   0.000#   5.218/   2.688f


 Total SPIN, PARITY =    10.5 +,      6 chs,      6 cc.  Rmin & Coul turning =    0.5    8.7
   S-matrix    1 =    0.99789   0.00618 for L=   10, J=   10.5 channel on core I =   0.0 from L=   10,  Acc. loss =  0.0 D.
 Elastic phase shift   1 =    0.177   0.060 deg. for the L =   10, J =   10.5 channel.
      10.5  0.99788782  0.00617590i: elastic S-matrix  @@      0.00  0   0 F  0
 Reaction Xsec    10.5+/10 @ 1 =   0.945 , Out:   0.000#   0.519/   0.945f


 Total SPIN, PARITY =    10.5 -,      6 chs,      6 cc.  Rmin & Coul turning =    0.5    8.7
   S-matrix    1 =    0.99933   0.00178 for L=   11, J=   10.5 channel on core I =   0.0 from L=   11,  Acc. loss =  0.0 D.
 Elastic phase shift   1 =    0.051   0.019 deg. for the L =   11, J =   10.5 channel.
      10.5  0.99933164  0.00178148i: elastic S-matrix  @@      0.00  0   0 F  0
 Reaction Xsec    10.5-/11 @ 1 =   0.301 , Out:   0.000#   0.180/   0.301f


 Total SPIN, PARITY =    11.5 +,      6 chs,      6 cc.  Rmin & Coul turning =    0.5    9.5
   S-matrix    1 =    0.99979   0.00066 for L=   12, J=   11.5 channel on core I =   0.0 from L=   12,  Acc. loss =  0.0 D.
 Elastic phase shift   1 =    0.019   0.006 deg. for the L =   12, J =   11.5 channel.
      11.5  0.99978609  0.00065900i: elastic S-matrix  @@      0.00  0   0 F  0
 Reaction Xsec    11.5+/12 @ 1 =   0.105 , Out:   0.000#   0.218/   0.105f


 Total SPIN, PARITY =    11.5 -,      6 chs,      6 cc.  Rmin & Coul turning =    0.5    9.5
   S-matrix    1 =    0.99933   0.00229 for L=   11, J=   11.5 channel on core I =   0.0 from L=   11,  Acc. loss =  0.0 D.
 Elastic phase shift   1 =    0.066   0.019 deg. for the L =   11, J =   11.5 channel.
      11.5  0.99932870  0.00229359i: elastic S-matrix  @@      0.00  0   0 F  0
 Reaction Xsec    11.5-/11 @ 1 =   0.330 , Out:   0.000#   0.197/   0.329f


 Total SPIN, PARITY =    12.5 +,      6 chs,      6 cc.  Rmin & Coul turning =    0.6   10.3
   S-matrix    1 =    0.99979   0.00085 for L=   12, J=   12.5 channel on core I =   0.0 from L=   12,  Acc. loss =  0.0 D.
 Elastic phase shift   1 =    0.024   0.006 deg. for the L =   12, J =   12.5 channel.
      12.5  0.99978568  0.00084896i: elastic S-matrix  @@      0.00  0   0 F  0
 Reaction Xsec    12.5+/12 @ 1 =   0.114 , Out:   0.000#   0.236/   0.114f


 Total SPIN, PARITY =    12.5 -,      6 chs,      6 cc.  Rmin & Coul turning =    0.6   10.3
   S-matrix    1 =    0.99993   0.00024 for L=   13, J=   12.5 channel on core I =   0.0 from L=   13,  Acc. loss =  0.0 D.
 Elastic phase shift   1 =    0.007   0.002 deg. for the L =   13, J =   12.5 channel.
      12.5  0.99993143  0.00024310i: elastic S-matrix  @@      0.00  0   0 F  0
 Reaction Xsec    12.5-/13 @ 1 =   0.037 , Out:   0.000#   0.222/   0.036f


 Total SPIN, PARITY =    13.5 +,      6 chs,      6 cc.  Rmin & Coul turning =    0.6   11.1
   S-matrix    1 =    0.99998   0.00009 for L=   14, J=   13.5 channel on core I =   0.0 from L=   14,  Acc. loss =  0.0 D.
 Elastic phase shift   1 =    0.003   0.001 deg. for the L =   14, J =   13.5 channel.
      13.5  0.99997793  0.00008948i: elastic S-matrix  @@      0.00  0   0 F  0
 Reaction Xsec    13.5+/14 @ 1 =   0.013 , Out:   0.000#   0.201/   0.012f


 Total SPIN, PARITY =    13.5 -,      6 chs,      6 cc.  Rmin & Coul turning =    0.6   11.1
   S-matrix    1 =    0.99993   0.00031 for L=   13, J=   13.5 channel on core I =   0.0 from L=   13,  Acc. loss =  0.0 D.
 Elastic phase shift   1 =    0.009   0.002 deg. for the L =   13, J =   13.5 channel.
      13.5  0.99993137  0.00031343i: elastic S-matrix  @@      0.00  0   0 F  0
 Reaction Xsec    13.5-/13 @ 1 =   0.039 , Out:   0.000#   0.239/   0.039f


 Total SPIN, PARITY =    14.5 +,      6 chs,      6 cc.  Rmin & Coul turning =    0.7   11.9
   S-matrix    1 =    0.99998   0.00012 for L=   14, J=   14.5 channel on core I =   0.0 from L=   14,  Acc. loss =  0.0 D.
 Elastic phase shift   1 =    0.003   0.001 deg. for the L =   14, J =   14.5 channel.
      14.5  0.99997792  0.00011546i: elastic S-matrix  @@      0.00  0   0 F  0
 Reaction Xsec    14.5+/14 @ 1 =   0.014 , Out:   0.000#   0.216/   0.013f


 Total SPIN, PARITY =    14.5 -,      6 chs,      6 cc.  Rmin & Coul turning =    0.7   11.9
   S-matrix    1 =    0.99999   0.00003 for L=   15, J=   14.5 channel on core I =   0.0 from L=   15,  Acc. loss =  0.0 D.
 Elastic phase shift   1 =    0.001   0.000 deg. for the L =   15, J =   14.5 channel.
      14.5  0.99999280  0.00003287i: elastic S-matrix  @@      0.00  0   0 F  0
 Reaction Xsec    14.5-/15 @ 1 =   4.435/, Out:   0.000#   0.174/   0.004f


 Total SPIN, PARITY =    15.5 +,      6 chs,      6 cc.  Rmin & Coul turning =    0.7   12.7
   S-matrix    1 =    1.00000   0.00001 for L=   16, J=   15.5 channel on core I =   0.0 from L=   16,  Acc. loss =  0.0 D.
 Elastic phase shift   1 =    0.000   0.000 deg. for the L =   16, J =   15.5 channel.
      15.5  0.99999758  0.00001206i: elastic S-matrix  @@      0.00  0   0 F  0
 Reaction Xsec    15.5+/16 @ 1 =   1.592/, Out:   0.000#   0.148/   0.001f


 Total SPIN, PARITY =    15.5 -,      6 chs,      6 cc.  Rmin & Coul turning =    0.7   12.7
   S-matrix    1 =    0.99999   0.00004 for L=   15, J=   15.5 channel on core I =   0.0 from L=   15,  Acc. loss =  0.0 D.
 Elastic phase shift   1 =    0.001   0.000 deg. for the L =   15, J =   15.5 channel.
      15.5  0.99999280  0.00004245i: elastic S-matrix  @@      0.00  0   0 F  0
 Reaction Xsec    15.5-/15 @ 1 =   4.732/, Out:   0.000#   0.185/   0.005f


 Total SPIN, PARITY =    16.5 +,      6 chs,      6 cc.  Rmin & Coul turning =    0.8   13.5
   S-matrix    1 =    1.00000   0.00002 for L=   16, J=   16.5 channel on core I =   0.0 from L=   16,  Acc. loss =  0.0 D.
 Elastic phase shift   1 =    0.000   0.000 deg. for the L =   16, J =   16.5 channel.
      16.5  0.99999758  0.00001558i: elastic S-matrix  @@      0.00  0   0 F  0
 Reaction Xsec    16.5+/16 @ 1 =   1.692/, Out:   0.000#   0.157/   0.002f


 Total SPIN, PARITY =    16.5 -,      6 chs,      6 cc.  Rmin & Coul turning =    0.8   13.5
   S-matrix    1 =    1.00000   0.00000 for L=   17, J=   16.5 channel on core I =   0.0 from L=   17,  Acc. loss =  0.0 D.
 Elastic phase shift   1 =    0.000   0.000 deg. for the L =   17, J =   16.5 channel.
      16.5  0.99999912  0.00000442i: elastic S-matrix  @@      0.00  0   0 F  0
 Reaction Xsec    16.5-/17 @ 1 =   0.613/, Out:   0.000#   0.126/   0.000f


 Total SPIN, PARITY =    17.5 +,      6 chs,      6 cc.  Rmin & Coul turning =    0.8   14.3
   S-matrix    1 =    1.00000   0.00000 for L=   18, J=   17.5 channel on core I =   0.0 from L=   18,  Acc. loss =  0.0 D.
 Elastic phase shift   1 =    0.000   0.000 deg. for the L =   18, J =   17.5 channel.
      17.5  0.99999963  0.00000162i: elastic S-matrix  @@      0.00  0   0 F  0
 Reaction Xsec    17.5+/18 @ 1 =   0.271/, Out:   0.000#   0.108/   0.000f


 Total SPIN, PARITY =    17.5 -,      6 chs,      6 cc.  Rmin & Coul turning =    0.8   14.3
   S-matrix    1 =    1.00000   0.00001 for L=   17, J=   17.5 channel on core I =   0.0 from L=   17,  Acc. loss =  0.0 D.
 Elastic phase shift   1 =    0.000   0.000 deg. for the L =   17, J =   17.5 channel.
      17.5  0.99999912  0.00000572i: elastic S-matrix  @@      0.00  0   0 F  0
 Reaction Xsec    17.5-/17 @ 1 =   0.649/, Out:   0.000#   0.133/   0.001f

 Finished all CC sets @    8.22549984E-02
0CUMULATIVE REACTION cross section                 =  782.03110  <L> =     4.14  <L**2> =     20.5
0CUMULATIVE outgoing cross sections in partition 1 :    0.00000    7.64716
0Cumulative ABSORBTION by Imaginary Potentials     =  774.38394  <L> =     4.14  <L**2> =     20.6
   Fusion for specific p        M-states :  774.383941  774.383941
0CUMULATIVE OUTGOING cross section                 =    7.64716
 To convert to S-factors (MeV.mb = keV.b),  multiply by  1.2763E+02


 CROSS SECTIONS FOR OUTGOING p        & O20      in state #   1 with spins & parities 0.5  + &  0.0  +;  0

     3.00 deg.: X-S =   1.2864E+05 mb/sr,
+                                         /R =   8.0859E-01
     4.00 deg.: X-S =   3.6700E+04 mb/sr,
+                                         /R =   7.2884E-01
     5.00 deg.: X-S =   1.4124E+04 mb/sr,
+                                         /R =   6.8451E-01
     6.00 deg.: X-S =  6984.950710 mb/sr,
+                                         /R =   7.0155E-01
     7.00 deg.: X-S =  4325.344130 mb/sr,
+                                         /R =   8.0429E-01
     8.00 deg.: X-S =  3198.438827 mb/sr,
+                                         /R =   1.0138E+00
     9.00 deg.: X-S =  2653.847189 mb/sr,
+                                         /R =   1.3463E+00
    10.00 deg.: X-S =  2344.880077 mb/sr,
+                                         /R =   1.8113E+00
    11.00 deg.: X-S =  2134.066560 mb/sr,
+                                         /R =   2.4110E+00
    12.00 deg.: X-S =  1964.084258 mb/sr,
+                                         /R =   3.1390E+00
    13.00 deg.: X-S =  1810.673430 mb/sr,
+                                         /R =   3.9808E+00
    14.00 deg.: X-S =  1663.947758 mb/sr,
+                                         /R =   4.9137E+00
    15.00 deg.: X-S =  1520.466077 mb/sr,
+                                         /R =   5.9083E+00
    16.00 deg.: X-S =  1379.687083 mb/sr,
+                                         /R =   6.9294E+00
    17.00 deg.: X-S =  1242.317686 mb/sr,
+                                         /R =   7.9384E+00
    18.00 deg.: X-S =  1109.520628 mb/sr,
+                                         /R =   8.8952E+00
    19.00 deg.: X-S =   982.528633 mb/sr,
+                                         /R =   9.7605E+00
    20.00 deg.: X-S =   862.458042 mb/sr,
+                                         /R =   1.0498E+01
    21.00 deg.: X-S =   750.223652 mb/sr,
+                                         /R =   1.1077E+01
    22.00 deg.: X-S =   646.506504 mb/sr,
+                                         /R =   1.1473E+01
    23.00 deg.: X-S =   551.750140 mb/sr,
+                                         /R =   1.1670E+01
    24.00 deg.: X-S =   466.172501 mb/sr,
+                                         /R =   1.1661E+01
    25.00 deg.: X-S =   389.786466 mb/sr,
+                                         /R =   1.1452E+01
    26.00 deg.: X-S =   322.424988 mb/sr,
+                                         /R =   1.1053E+01
    27.00 deg.: X-S =   263.768397 mb/sr,
+                                         /R =   1.0487E+01
    28.00 deg.: X-S =   213.372271 mb/sr,
+                                         /R =   9.7843E+00
    29.00 deg.: X-S =   170.694781 mb/sr,
+                                         /R =   8.9807E+00
    30.00 deg.: X-S =   135.122746 mb/sr,
+                                         /R =   8.1172E+00
    31.00 deg.: X-S =   105.995803 mb/sr,
+                                         /R =   7.2373E+00
    32.00 deg.: X-S =    82.628323 mb/sr,
+                                         /R =   6.3852E+00
    33.00 deg.: X-S =    64.328775 mb/sr,
+                                         /R =   5.6036E+00
    34.00 deg.: X-S =    50.416410 mb/sr,
+                                         /R =   4.9318E+00
    35.00 deg.: X-S =    40.235187 mb/sr,
+                                         /R =   4.4042E+00
    36.00 deg.: X-S =    33.164997 mb/sr,
+                                         /R =   4.0486E+00
    37.00 deg.: X-S =    28.630265 mb/sr,
+                                         /R =   3.8853E+00
    38.00 deg.: X-S =    26.106116 mb/sr,
+                                         /R =   3.9265E+00
    39.00 deg.: X-S =    25.122291 mb/sr,
+                                         /R =   4.1757E+00
    40.00 deg.: X-S =    25.265062 mb/sr,
+                                         /R =   4.6283E+00
    41.00 deg.: X-S =    26.177412 mb/sr,
+                                         /R =   5.2713E+00
    42.00 deg.: X-S =    27.557742 mb/sr,
+                                         /R =   6.0849E+00
    43.00 deg.: X-S =    29.157371 mb/sr,
+                                         /R =   7.0427E+00
    44.00 deg.: X-S =    30.777102 mb/sr,
+                                         /R =   8.1137E+00
    45.00 deg.: X-S =    32.263091 mb/sr,
+                                         /R =   9.2631E+00
    46.00 deg.: X-S =    33.502247 mb/sr,
+                                         /R =   1.0454E+01
    47.00 deg.: X-S =    34.417373 mb/sr,
+                                         /R =   1.1648E+01
    48.00 deg.: X-S =    34.962208 mb/sr,
+                                         /R =   1.2810E+01
    49.00 deg.: X-S =    35.116541 mb/sr,
+                                         /R =   1.3903E+01
    50.00 deg.: X-S =    34.881504 mb/sr,
+                                         /R =   1.4896E+01
    51.00 deg.: X-S =    34.275147 mb/sr,
+                                         /R =   1.5762E+01
    52.00 deg.: X-S =    33.328371 mb/sr,
+                                         /R =   1.6477E+01
    53.00 deg.: X-S =    32.081254 mb/sr,
+                                         /R =   1.7024E+01
    54.00 deg.: X-S =    30.579822 mb/sr,
+                                         /R =   1.7391E+01
    55.00 deg.: X-S =    28.873261 mb/sr,
+                                         /R =   1.7572E+01
    56.00 deg.: X-S =    27.011564 mb/sr,
+                                         /R =   1.7566E+01
    57.00 deg.: X-S =    25.043622 mb/sr,
+                                         /R =   1.7380E+01
    58.00 deg.: X-S =    23.015703 mb/sr,
+                                         /R =   1.7022E+01
    59.00 deg.: X-S =    20.970315 mb/sr,
+                                         /R =   1.6506E+01
    60.00 deg.: X-S =    18.945399 mb/sr,
+                                         /R =   1.5852E+01
    61.00 deg.: X-S =    16.973822 mb/sr,
+                                         /R =   1.5078E+01
    62.00 deg.: X-S =    15.083128 mb/sr,
+                                         /R =   1.4208E+01
    63.00 deg.: X-S =    13.295500 mb/sr,
+                                         /R =   1.3266E+01
    64.00 deg.: X-S =    11.627906 mb/sr,
+                                         /R =   1.2275E+01
    65.00 deg.: X-S =    10.092377 mb/sr,
+                                         /R =   1.1260E+01
    66.00 deg.: X-S =     8.696396 mb/sr,
+                                         /R =   1.0244E+01
    67.00 deg.: X-S =     7.443358 mb/sr,
+                                         /R =   9.2474E+00
    68.00 deg.: X-S =     6.333080 mb/sr,
+                                         /R =   8.2900E+00
    69.00 deg.: X-S =     5.362324 mb/sr,
+                                         /R =   7.3885E+00
    70.00 deg.: X-S =     4.525337 mb/sr,
+                                         /R =   6.5570E+00
    71.00 deg.: X-S =     3.814366 mb/sr,
+                                         /R =   5.8067E+00
    72.00 deg.: X-S =     3.220149 mb/sr,
+                                         /R =   5.1457E+00
    73.00 deg.: X-S =     2.732369 mb/sr,
+                                         /R =   4.5791E+00
    74.00 deg.: X-S =     2.340069 mb/sr,
+                                         /R =   4.1093E+00
    75.00 deg.: X-S =     2.032009 mb/sr,
+                                         /R =   3.7360E+00
    76.00 deg.: X-S =     1.796984 mb/sr,
+                                         /R =   3.4562E+00
    77.00 deg.: X-S =     1.624082 mb/sr,
+                                         /R =   3.2651E+00
    78.00 deg.: X-S =     1.502899 mb/sr,
+                                         /R =   3.1558E+00
    79.00 deg.: X-S =     1.423700 mb/sr,
+                                         /R =   3.1200E+00
    80.00 deg.: X-S =     1.377549 mb/sr,
+                                         /R =   3.1482E+00
    81.00 deg.: X-S =     1.356383 mb/sr,
+                                         /R =   3.2304E+00
    82.00 deg.: X-S =     1.353063 mb/sr,
+                                         /R =   3.3557E+00
    83.00 deg.: X-S =     1.361389 mb/sr,
+                                         /R =   3.5134E+00
    84.00 deg.: X-S =     1.376091 mb/sr,
+                                         /R =   3.6930E+00
    85.00 deg.: X-S =     1.392797 mb/sr,
+                                         /R =   3.8843E+00
    86.00 deg.: X-S =     1.407984 mb/sr,
+                                         /R =   4.0778E+00
    87.00 deg.: X-S =     1.418920 mb/sr,
+                                         /R =   4.2648E+00
    88.00 deg.: X-S =     1.423587 mb/sr,
+                                         /R =   4.4377E+00
    89.00 deg.: X-S =     1.420612 mb/sr,
+                                         /R =   4.5900E+00
    90.00 deg.: X-S =     1.409181 mb/sr,
+                                         /R =   4.7163E+00
    91.00 deg.: X-S =     1.388962 mb/sr,
+                                         /R =   4.8123E+00
    92.00 deg.: X-S =     1.360026 mb/sr,
+                                         /R =   4.8750E+00
    93.00 deg.: X-S =     1.322771 mb/sr,
+                                         /R =   4.9026E+00
    94.00 deg.: X-S =     1.277854 mb/sr,
+                                         /R =   4.8942E+00
    95.00 deg.: X-S =     1.226124 mb/sr,
+                                         /R =   4.8501E+00
    96.00 deg.: X-S =     1.168562 mb/sr,
+                                         /R =   4.7713E+00
    97.00 deg.: X-S =     1.106233 mb/sr,
+                                         /R =   4.6598E+00
    98.00 deg.: X-S =     1.040240 mb/sr,
+                                         /R =   4.5180E+00
    99.00 deg.: X-S =     0.971683 mb/sr,
+                                         /R =   4.3491E+00
   100.00 deg.: X-S =     0.901630 mb/sr,
+                                         /R =   4.1566E+00
   101.00 deg.: X-S =     0.831092 mb/sr,
+                                         /R =   3.9443E+00
   102.00 deg.: X-S =     0.761002 mb/sr,
+                                         /R =   3.7161E+00
   103.00 deg.: X-S =     0.692201 mb/sr,
+                                         /R =   3.4762E+00
   104.00 deg.: X-S =     0.625430 mb/sr,
+                                         /R =   3.2285E+00
   105.00 deg.: X-S =     0.561323 mb/sr,
+                                         /R =   2.9770E+00
   106.00 deg.: X-S =     0.500406 mb/sr,
+                                         /R =   2.7253E+00
   107.00 deg.: X-S =     0.443099 mb/sr,
+                                         /R =   2.4769E+00
   108.00 deg.: X-S =     0.389717 mb/sr,
+                                         /R =   2.2350E+00
   109.00 deg.: X-S =     0.340479 mb/sr,
+                                         /R =   2.0023E+00
   110.00 deg.: X-S =     0.295516 mb/sr,
+                                         /R =   1.7813E+00
   111.00 deg.: X-S =     0.254872 mb/sr,
+                                         /R =   1.5739E+00
   112.00 deg.: X-S =     0.218524 mb/sr,
+                                         /R =   1.3819E+00
   113.00 deg.: X-S =     0.186382 mb/sr,
+                                         /R =   1.2065E+00
   114.00 deg.: X-S =     0.158303 mb/sr,
+                                         /R =   1.0484E+00
   115.00 deg.: X-S =     0.134099 mb/sr,
+                                         /R =   9.0831E-01
   116.00 deg.: X-S =     0.113545 mb/sr,
+                                         /R =   7.8622E-01
   117.00 deg.: X-S =     0.096392 mb/sr,
+                                         /R =   6.8202E-01
   118.00 deg.: X-S =     0.082367 mb/sr,
+                                         /R =   5.9526E-01
   119.00 deg.: X-S =     0.071186 mb/sr,
+                                         /R =   5.2525E-01
   120.00 deg.: X-S =     0.062559 mb/sr,
+                                         /R =   4.7109E-01
   121.00 deg.: X-S =     0.056193 mb/sr,
+                                         /R =   4.3168E-01
   122.00 deg.: X-S =     0.051803 mb/sr,
+                                         /R =   4.0581E-01
   123.00 deg.: X-S =     0.049107 mb/sr,
+                                         /R =   3.9213E-01
   124.00 deg.: X-S =     0.047837 mb/sr,
+                                         /R =   3.8922E-01
   125.00 deg.: X-S =     0.047739 mb/sr,
+                                         /R =   3.9562E-01
   126.00 deg.: X-S =     0.048576 mb/sr,
+                                         /R =   4.0986E-01
   127.00 deg.: X-S =     0.050126 mb/sr,
+                                         /R =   4.3044E-01
   128.00 deg.: X-S =     0.052188 mb/sr,
+                                         /R =   4.5594E-01
   129.00 deg.: X-S =     0.054581 mb/sr,
+                                         /R =   4.8493E-01
   130.00 deg.: X-S =     0.057141 mb/sr,
+                                         /R =   5.1611E-01
   131.00 deg.: X-S =     0.059728 mb/sr,
+                                         /R =   5.4823E-01
   132.00 deg.: X-S =     0.062217 mb/sr,
+                                         /R =   5.8013E-01
   133.00 deg.: X-S =     0.064505 mb/sr,
+                                         /R =   6.1077E-01
   134.00 deg.: X-S =     0.066507 mb/sr,
+                                         /R =   6.3924E-01
   135.00 deg.: X-S =     0.068153 mb/sr,
+                                         /R =   6.6472E-01
   136.00 deg.: X-S =     0.069392 mb/sr,
+                                         /R =   6.8654E-01
   137.00 deg.: X-S =     0.070187 mb/sr,
+                                         /R =   7.0414E-01
   138.00 deg.: X-S =     0.070515 mb/sr,
+                                         /R =   7.1710E-01
   139.00 deg.: X-S =     0.070366 mb/sr,
+                                         /R =   7.2511E-01
   140.00 deg.: X-S =     0.069743 mb/sr,
+                                         /R =   7.2801E-01
   141.00 deg.: X-S =     0.068658 mb/sr,
+                                         /R =   7.2572E-01
   142.00 deg.: X-S =     0.067133 mb/sr,
+                                         /R =   7.1830E-01
   143.00 deg.: X-S =     0.065198 mb/sr,
+                                         /R =   7.0591E-01
   144.00 deg.: X-S =     0.062889 mb/sr,
+                                         /R =   6.8880E-01
   145.00 deg.: X-S =     0.060250 mb/sr,
+                                         /R =   6.6731E-01
   146.00 deg.: X-S =     0.057327 mb/sr,
+                                         /R =   6.4186E-01
   147.00 deg.: X-S =     0.054171 mb/sr,
+                                         /R =   6.1292E-01
   148.00 deg.: X-S =     0.050833 mb/sr,
+                                         /R =   5.8104E-01
   149.00 deg.: X-S =     0.047368 mb/sr,
+                                         /R =   5.4679E-01
   150.00 deg.: X-S =     0.043828 mb/sr,
+                                         /R =   5.1077E-01
   151.00 deg.: X-S =     0.040268 mb/sr,
+                                         /R =   4.7360E-01
   152.00 deg.: X-S =     0.036736 mb/sr,
+                                         /R =   4.3591E-01
   153.00 deg.: X-S =     0.033282 mb/sr,
+                                         /R =   3.9831E-01
   154.00 deg.: X-S =     0.029949 mb/sr,
+                                         /R =   3.6138E-01
   155.00 deg.: X-S =     0.026777 mb/sr,
+                                         /R =   3.2568E-01
   156.00 deg.: X-S =     0.023803 mb/sr,
+                                         /R =   2.9171E-01
   157.00 deg.: X-S =     0.021056 mb/sr,
+                                         /R =   2.5992E-01
   158.00 deg.: X-S =     0.018561 mb/sr,
+                                         /R =   2.3071E-01
   159.00 deg.: X-S =     0.016335 mb/sr,
+                                         /R =   2.0440E-01
   160.00 deg.: X-S =     0.014392 mb/sr,
+                                         /R =   1.8123E-01
   161.00 deg.: X-S =     0.012738 mb/sr,
+                                         /R =   1.6136E-01
   162.00 deg.: X-S =     0.011373 mb/sr,
+                                         /R =   1.4489E-01
   163.00 deg.: X-S =     0.010291 mb/sr,
+                                         /R =   1.3182E-01
   164.00 deg.: X-S =     0.009483 mb/sr,
+                                         /R =   1.2208E-01
   165.00 deg.: X-S =     0.008931 mb/sr,
+                                         /R =   1.1552E-01
   166.00 deg.: X-S =     0.008616 mb/sr,
+                                         /R =   1.1194E-01
   167.00 deg.: X-S =     0.008513 mb/sr,
+                                         /R =   1.1107E-01
   168.00 deg.: X-S =     0.008596 mb/sr,
+                                         /R =   1.1257E-01
   169.00 deg.: X-S =     0.008833 mb/sr,
+                                         /R =   1.1608E-01
   170.00 deg.: X-S =     0.009193 mb/sr,
+                                         /R =   1.2121E-01
   171.00 deg.: X-S =     0.009645 mb/sr,
+                                         /R =   1.2753E-01
   172.00 deg.: X-S =     0.010155 mb/sr,
+                                         /R =   1.3463E-01
   173.00 deg.: X-S =     0.010692 mb/sr,
+                                         /R =   1.4207E-01
   174.00 deg.: X-S =     0.011226 mb/sr,
+                                         /R =   1.4947E-01
   175.00 deg.: X-S =     0.011729 mb/sr,
+                                         /R =   1.5643E-01
   176.00 deg.: X-S =     0.012177 mb/sr,
+                                         /R =   1.6262E-01
   177.00 deg.: X-S =     0.012548 mb/sr,
+                                         /R =   1.6776E-01
   178.00 deg.: X-S =     0.012826 mb/sr,
+                                         /R =   1.7160E-01
   179.00 deg.: X-S =     0.012998 mb/sr,
+                                         /R =   1.7398E-01
   179.99 deg.: X-S =     0.013056 mb/sr,
+                                         /R =   1.7478E-01
                                           Integrated 2108.4479 mb, over [   3.000, 180.000] at    35.0000 MeV 

 CROSS SECTIONS FOR OUTGOING p        & O20      in state #   2 with spins & parities 0.5  + &  2.0  +;  0

     3.00 deg.: X-S =     6.347854 mb/sr,
+                                         REAC   7.6472E+00 mb
     4.00 deg.: X-S =     6.217462 mb/sr,
     5.00 deg.: X-S =     6.056346 mb/sr,
     6.00 deg.: X-S =     5.869167 mb/sr,
     7.00 deg.: X-S =     5.661363 mb/sr,
     8.00 deg.: X-S =     5.438987 mb/sr,
     9.00 deg.: X-S =     5.208511 mb/sr,
    10.00 deg.: X-S =     4.976597 mb/sr,
    11.00 deg.: X-S =     4.749832 mb/sr,
    12.00 deg.: X-S =     4.534438 mb/sr,
    13.00 deg.: X-S =     4.335966 mb/sr,
    14.00 deg.: X-S =     4.159003 mb/sr,
    15.00 deg.: X-S =     4.006899 mb/sr,
    16.00 deg.: X-S =     3.881573 mb/sr,
    17.00 deg.: X-S =     3.783388 mb/sr,
    18.00 deg.: X-S =     3.711143 mb/sr,
    19.00 deg.: X-S =     3.662175 mb/sr,
    20.00 deg.: X-S =     3.632564 mb/sr,
    21.00 deg.: X-S =     3.617442 mb/sr,
    22.00 deg.: X-S =     3.611351 mb/sr,
    23.00 deg.: X-S =     3.608636 mb/sr,
    24.00 deg.: X-S =     3.603815 mb/sr,
    25.00 deg.: X-S =     3.591913 mb/sr,
    26.00 deg.: X-S =     3.568719 mb/sr,
    27.00 deg.: X-S =     3.530952 mb/sr,
    28.00 deg.: X-S =     3.476340 mb/sr,
    29.00 deg.: X-S =     3.403624 mb/sr,
    30.00 deg.: X-S =     3.312482 mb/sr,
    31.00 deg.: X-S =     3.203420 mb/sr,
    32.00 deg.: X-S =     3.077637 mb/sr,
    33.00 deg.: X-S =     2.936878 mb/sr,
    34.00 deg.: X-S =     2.783304 mb/sr,
    35.00 deg.: X-S =     2.619371 mb/sr,
    36.00 deg.: X-S =     2.447731 mb/sr,
    37.00 deg.: X-S =     2.271148 mb/sr,
    38.00 deg.: X-S =     2.092431 mb/sr,
    39.00 deg.: X-S =     1.914374 mb/sr,
    40.00 deg.: X-S =     1.739694 mb/sr,
    41.00 deg.: X-S =     1.570977 mb/sr,
    42.00 deg.: X-S =     1.410615 mb/sr,
    43.00 deg.: X-S =     1.260747 mb/sr,
    44.00 deg.: X-S =     1.123198 mb/sr,
    45.00 deg.: X-S =     0.999422 mb/sr,
    46.00 deg.: X-S =     0.890456 mb/sr,
    47.00 deg.: X-S =     0.796892 mb/sr,
    48.00 deg.: X-S =     0.718859 mb/sr,
    49.00 deg.: X-S =     0.656036 mb/sr,
    50.00 deg.: X-S =     0.607682 mb/sr,
    51.00 deg.: X-S =     0.572693 mb/sr,
    52.00 deg.: X-S =     0.549664 mb/sr,
    53.00 deg.: X-S =     0.536982 mb/sr,
    54.00 deg.: X-S =     0.532906 mb/sr,
    55.00 deg.: X-S =     0.535654 mb/sr,
    56.00 deg.: X-S =     0.543483 mb/sr,
    57.00 deg.: X-S =     0.554745 mb/sr,
    58.00 deg.: X-S =     0.567941 mb/sr,
    59.00 deg.: X-S =     0.581744 mb/sr,
    60.00 deg.: X-S =     0.595016 mb/sr,
    61.00 deg.: X-S =     0.606808 mb/sr,
    62.00 deg.: X-S =     0.616349 mb/sr,
    63.00 deg.: X-S =     0.623037 mb/sr,
    64.00 deg.: X-S =     0.626420 mb/sr,
    65.00 deg.: X-S =     0.626180 mb/sr,
    66.00 deg.: X-S =     0.622125 mb/sr,
    67.00 deg.: X-S =     0.614175 mb/sr,
    68.00 deg.: X-S =     0.602357 mb/sr,
    69.00 deg.: X-S =     0.586795 mb/sr,
    70.00 deg.: X-S =     0.567707 mb/sr,
    71.00 deg.: X-S =     0.545398 mb/sr,
    72.00 deg.: X-S =     0.520247 mb/sr,
    73.00 deg.: X-S =     0.492698 mb/sr,
    74.00 deg.: X-S =     0.463246 mb/sr,
    75.00 deg.: X-S =     0.432417 mb/sr,
    76.00 deg.: X-S =     0.400749 mb/sr,
    77.00 deg.: X-S =     0.368776 mb/sr,
    78.00 deg.: X-S =     0.337004 mb/sr,
    79.00 deg.: X-S =     0.305894 mb/sr,
    80.00 deg.: X-S =     0.275854 mb/sr,
    81.00 deg.: X-S =     0.247223 mb/sr,
    82.00 deg.: X-S =     0.220273 mb/sr,
    83.00 deg.: X-S =     0.195203 mb/sr,
    84.00 deg.: X-S =     0.172149 mb/sr,
    85.00 deg.: X-S =     0.151187 mb/sr,
    86.00 deg.: X-S =     0.132345 mb/sr,
    87.00 deg.: X-S =     0.115606 mb/sr,
    88.00 deg.: X-S =     0.100924 mb/sr,
    89.00 deg.: X-S =     0.088224 mb/sr,
    90.00 deg.: X-S =     0.077408 mb/sr,
    91.00 deg.: X-S =     0.068365 mb/sr,
    92.00 deg.: X-S =     0.060967 mb/sr,
    93.00 deg.: X-S =     0.055074 mb/sr,
    94.00 deg.: X-S =     0.050538 mb/sr,
    95.00 deg.: X-S =     0.047202 mb/sr,
    96.00 deg.: X-S =     0.044905 mb/sr,
    97.00 deg.: X-S =     0.043486 mb/sr,
    98.00 deg.: X-S =     0.042782 mb/sr,
    99.00 deg.: X-S =     0.042637 mb/sr,
   100.00 deg.: X-S =     0.042904 mb/sr,
   101.00 deg.: X-S =     0.043444 mb/sr,
   102.00 deg.: X-S =     0.044137 mb/sr,
   103.00 deg.: X-S =     0.044876 mb/sr,
   104.00 deg.: X-S =     0.045574 mb/sr,
   105.00 deg.: X-S =     0.046162 mb/sr,
   106.00 deg.: X-S =     0.046588 mb/sr,
   107.00 deg.: X-S =     0.046817 mb/sr,
   108.00 deg.: X-S =     0.046828 mb/sr,
   109.00 deg.: X-S =     0.046608 mb/sr,
   110.00 deg.: X-S =     0.046156 mb/sr,
   111.00 deg.: X-S =     0.045472 mb/sr,
   112.00 deg.: X-S =     0.044564 mb/sr,
   113.00 deg.: X-S =     0.043442 mb/sr,
   114.00 deg.: X-S =     0.042118 mb/sr,
   115.00 deg.: X-S =     0.040609 mb/sr,
   116.00 deg.: X-S =     0.038932 mb/sr,
   117.00 deg.: X-S =     0.037112 mb/sr,
   118.00 deg.: X-S =     0.035173 mb/sr,
   119.00 deg.: X-S =     0.033143 mb/sr,
   120.00 deg.: X-S =     0.031054 mb/sr,
   121.00 deg.: X-S =     0.028934 mb/sr,
   122.00 deg.: X-S =     0.026815 mb/sr,
   123.00 deg.: X-S =     0.024724 mb/sr,
   124.00 deg.: X-S =     0.022687 mb/sr,
   125.00 deg.: X-S =     0.020727 mb/sr,
   126.00 deg.: X-S =     0.018862 mb/sr,
   127.00 deg.: X-S =     0.017105 mb/sr,
   128.00 deg.: X-S =     0.015467 mb/sr,
   129.00 deg.: X-S =     0.013953 mb/sr,
   130.00 deg.: X-S =     0.012563 mb/sr,
   131.00 deg.: X-S =     0.011296 mb/sr,
   132.00 deg.: X-S =     0.010149 mb/sr,
   133.00 deg.: X-S =     0.009115 mb/sr,
   134.00 deg.: X-S =     0.008190 mb/sr,
   135.00 deg.: X-S =     0.007369 mb/sr,
   136.00 deg.: X-S =     0.006647 mb/sr,
   137.00 deg.: X-S =     0.006022 mb/sr,
   138.00 deg.: X-S =     0.005489 mb/sr,
   139.00 deg.: X-S =     0.005048 mb/sr,
   140.00 deg.: X-S =     0.004692 mb/sr,
   141.00 deg.: X-S =     0.004416 mb/sr,
   142.00 deg.: X-S =     0.004214 mb/sr,
   143.00 deg.: X-S =     0.004077 mb/sr,
   144.00 deg.: X-S =     0.003996 mb/sr,
   145.00 deg.: X-S =     0.003962 mb/sr,
   146.00 deg.: X-S =     0.003967 mb/sr,
   147.00 deg.: X-S =     0.004003 mb/sr,
   148.00 deg.: X-S =     0.004064 mb/sr,
   149.00 deg.: X-S =     0.004145 mb/sr,
   150.00 deg.: X-S =     0.004243 mb/sr,
   151.00 deg.: X-S =     0.004355 mb/sr,
   152.00 deg.: X-S =     0.004478 mb/sr,
   153.00 deg.: X-S =     0.004610 mb/sr,
   154.00 deg.: X-S =     0.004751 mb/sr,
   155.00 deg.: X-S =     0.004900 mb/sr,
   156.00 deg.: X-S =     0.005055 mb/sr,
   157.00 deg.: X-S =     0.005218 mb/sr,
   158.00 deg.: X-S =     0.005387 mb/sr,
   159.00 deg.: X-S =     0.005560 mb/sr,
   160.00 deg.: X-S =     0.005737 mb/sr,
   161.00 deg.: X-S =     0.005915 mb/sr,
   162.00 deg.: X-S =     0.006090 mb/sr,
   163.00 deg.: X-S =     0.006260 mb/sr,
   164.00 deg.: X-S =     0.006421 mb/sr,
   165.00 deg.: X-S =     0.006574 mb/sr,
   166.00 deg.: X-S =     0.006718 mb/sr,
   167.00 deg.: X-S =     0.006855 mb/sr,
   168.00 deg.: X-S =     0.006987 mb/sr,
   169.00 deg.: X-S =     0.007117 mb/sr,
   170.00 deg.: X-S =     0.007246 mb/sr,
   171.00 deg.: X-S =     0.007376 mb/sr,
   172.00 deg.: X-S =     0.007504 mb/sr,
   173.00 deg.: X-S =     0.007630 mb/sr,
   174.00 deg.: X-S =     0.007748 mb/sr,
   175.00 deg.: X-S =     0.007856 mb/sr,
   176.00 deg.: X-S =     0.007950 mb/sr,
   177.00 deg.: X-S =     0.008026 mb/sr,
   178.00 deg.: X-S =     0.008082 mb/sr,
   179.00 deg.: X-S =     0.008116 mb/sr,
   180.00 deg.: X-S =     0.008127 mb/sr,
                                           Integrated    7.6090 mb, over [   3.000, 180.000] at    35.0000 MeV 
 Finished all xsecs @    8.40670019E-02

  The following files have been created:
   3:local copy of User input.            6:standard output.                   
   7:elastic  S-matrix elements.         13:total cross sections/state.        
  16:tables of cross sections.           35:Astrophysics S-factors  / Ecm.     
  38:cross sections for each J/pi.       39:cross sections for each Ecm.       
  40:all cross sectns. for each Elab.    45:scat phase shift as E functions.   
  56:Fusion for each Jtotal.             75:S-factors for lab energies.        
 201:Separate cross sections.           202:Separate cross sections.           

 PARAMETERS : MAXQRN   MFNL   MLOC  LMAX1 MCLIST
    ALLOWED :      1     36      9     70     15
    REQUIRED:      0      0      9     21      9


 ACCURACY ANALYSIS at    35.000 MeV :

  Elastic h*k = 0.037 so OK       compared with 0.200

   Real(S-el) > 0.01 first at J =       0.5
   Real(S-el) > 0.10 first at J =       0.5
   Real(S-el) > 0.50 first at J =       5.5
   Real(S-el) > 0.90 first at J =       6.5
   Real(S-el) > 0.99 first at J =       8.5
   R-turn =    14.32 fm    at J =      17.5

 Forward-angle excitation cut off below   1.361 deg by max JT =      17.5
                              and below   0.330 deg by max R.

 Total CPU  0 time =       0.08 seconds
