 FRESCO - FRES 3.4: Coupled Reaction Channels
 Assuming NAMELIST input.

 p+O20 with CH89;                                                                

   0.030  60.000   0.500   0.000   0.000   0.000   0.000   0.000   0.000   0.000

 Centre-of-mass Range is   2002 * 0.0300 fm., Maximum at  60.00 fm., Interpolating NL forms every  0.51 fm.
 Non - locality width is      4 * 0.0300 fm., Maximum of   0.09 fm., Centred at  0.00 fm.
 2-Nucleon Separation of      0 * 0.5100 fm., Maximum of   0.00 fm., Minimum at  0.00 fm.
 Maximum single particle bins of 59.6700 fm.
               M,Mint =         2001        1990


 Range of total J is     0.0 <= J <=    50.0 (at least     0.0) and Absorbtion =>     0.0010 mb.
 Dry Run = F, CC set limits =  0  0, Relativistic kinematics =  , Both/Far/Near Analyses =  1                     

 Cross Sections (and up to T0 for 0=projectile) for Theta from   3.0 to-180.0 in steps of  1.0 degrees, DGAM=0,  Coordinates = 0 (Mads)

 Lower Radial Cutoff = maximum of -1.60*L*h &       0.0 fm.,  Lower Cutoff for Couplings =   0.0  fm.


 Iterate Couplings between   0 and   0 times, to  0.000 % if sooner.                                          
  Block solved exactly =   0 chs., with Pade = 0 & Isocen =  =0, NOSOL = F, initwf =  0
  NL quadrature with   18 Gaussian points, Calculate multipoles up to    56 from   0
  M-transfers for lp+lt greater than or equal to  6, Angular Integration Cutoff below  2.7778 %


 Trace switches are :  CHANS =  1, LISTCC =  0, TRENEG =  0, CDETR =  0, SMATS =  2, XSTABL =  1, NLPL =  0

                       WAVES =  0, LAMPL =  0, VEFF =  0, KFUS =  0, WDISK =  0, BPM =  0, MELFIL =  0

                       CDCC =  0, NFUS =  0

 Using unit mass = 1.000000 amu and 1/fine-structure constant = 137.03599 ( 1.000000 * true ) with hc = 197.32705 MeV.fm,
  thus 2*amu/hbar^2 = 0.0478450 = 1/20.9008 and Coulomb constant = 0.1574855 so e^2 = 1.43997, and nuclear magneton= 0.1261183

 Now pre-scan input and save to file 3



 *********** PARTITION NUMBER  1 ******************************************************************************************

   PROJ=p          MASS=  1.0073 Z=   1.0,        # STATES=    1T, TARG=O20      MASS= 19.9997 Z=   8.0,     Q-VALUE =  -0.0000 MEV.

     1:  J= 0.5+ (B# 1), E=  0.0000, K= 0.5              Potl#  1       J= 0.0+ (B# 1), E=  0.0000, K= 0.0    


 ************************************************************************************************************************************

 The following POTENTIALS are defined :

  KP#       TYPE      IT    SHAPE      at     V1        r1        a1        V2        r2        a2        A-in     A-used


                                            A#1       A#2        r0c       ac                                                h @ 1
    1    0=Coulomb       0=CHARGE (WS)  1    20.000     0.000    1.2842    0.0000    0.0000    0.0000     0.000    20.000   0.03000

    1    1=Volume        0=Woods-Saxon  2   30.0565    1.1671    0.6900    5.1287    1.1753    0.6900     0.000    20.000

    1    2=Surface       0=Woods-Saxon  3    0.0000    0.0000    0.0000   10.8834    1.1753    0.6900     0.000    20.000

    1    3=Projtl S.O.   0=Woods-Saxon  4    5.9000    0.8979    0.6300    0.0000    0.0000    0.0000     0.000    20.000

 Incoming partition  1 in excitation state # 1,   Laboratory Energy given for partition  1 Nucleus 1 in Excitation pair 1

0Lab. ENERGY ranges :

   from    35.0000     to   0.00000     in     0 intervals
   from    0.00000     to   0.00000     in     0 intervals
   from    0.00000     to   0.00000     in     0 intervals

 Largest real,imaginary parts of any form factor at R=   59.52 are   2.42E-02  1.17E-31 MeV
 Finished all Couplings @    5.68000018E-04           4

 Symmetric Hamiltonian
1***********************************************************************************************************************************
************************************************************************************************************************************

        INCOMING p        ;    LABORATORY p        ENERGY =   35.000     MeV.

 ***********************************************************************************************************************************
 ***********************************************************************************************************************************

 Allocate arrays for            2  channels, of which            1  need wfs.

 ######################################################################################################################
 #                                                                                                                    #
 # Total SPIN and PARITY =     0.5 +,      1 channels,    0 in 1st block.  Rmin & Coul turning =    0.0    0.3 fm.  #
 #                                                                                                                    #
 ######################################################################################################################



    C Projectl Target   #   EX.   (L  Proj) J  + Targ = Jtotal     E-cm      Re K     Re Eta     RM*K            CH
    1 p        O20      #    1: I   0 0.5    0.5  0.0     0.5    33.32176   1.23648   0.21373   74.1887   0.33920  -0.36833 1 1 1   1
   S-matrix    1 =   -0.17814  -0.17401 for L=    0, J=    0.5 channel on core I =   0.0 from L=    0,  Acc. loss =  0.0 D.
 Elastic phase shift   1 =  -67.836  39.826 deg. for the L =    0, J =    0.5 channel.
       0.5 -0.17814473 -0.17401463i: elastic S-matrix  @@      0.00  0   0 F  0
 Reaction Xsec     0.5+/ 0 @ 1 =  19.274 , Out:   0.000#


 Total SPIN, PARITY =     0.5 -,      1 chs,      0 cc.  Rmin & Coul turning =    0.0    0.3
   S-matrix    1 =   -0.19655   0.05450 for L=    1, J=    0.5 channel on core I =   0.0 from L=    1,  Acc. loss =  0.0 D.
 Elastic phase shift   1 =   82.251  45.544 deg. for the L =    1, J =    0.5 channel.
       0.5 -0.19655226  0.05449954i: elastic S-matrix  @@      0.00  0   0 F  0
 Reaction Xsec     0.5-/ 1 @ 1 =  19.693 , Out:   0.000#


 Total SPIN, PARITY =     1.5 +,      1 chs,      0 cc.  Rmin & Coul turning =    0.0    1.3
   S-matrix    1 =   -0.14962   0.15863 for L=    2, J=    1.5 channel on core I =   0.0 from L=    2,  Acc. loss =  0.0 D.
 Elastic phase shift   1 =   66.663  43.630 deg. for the L =    2, J =    1.5 channel.
       1.5 -0.14962353  0.15862997i: elastic S-matrix  @@      0.00  0   0 F  0
 Reaction Xsec     1.5+/ 2 @ 1 =  39.142 , Out:   0.000#


 Total SPIN, PARITY =     1.5 -,      1 chs,      0 cc.  Rmin & Coul turning =    0.0    1.3
   S-matrix    1 =   -0.19871  -0.06752 for L=    1, J=    1.5 channel on core I =   0.0 from L=    1,  Acc. loss =  0.0 D.
 Elastic phase shift   1 =  -80.616  44.727 deg. for the L =    1, J =    1.5 channel.
       1.5 -0.19871067 -0.06752013i: elastic S-matrix  @@      0.00  0   0 F  0
 Reaction Xsec     1.5-/ 1 @ 1 =  39.287 , Out:   0.000#


 Total SPIN, PARITY =     2.5 +,      1 chs,      0 cc.  Rmin & Coul turning =    0.1    2.2
   S-matrix    1 =   -0.24676   0.00566 for L=    2, J=    2.5 channel on core I =   0.0 from L=    2,  Acc. loss =  0.0 D.
 Elastic phase shift   1 =   89.343  40.080 deg. for the L =    2, J =    2.5 channel.
       2.5 -0.24676137  0.00565930i: elastic S-matrix  @@      0.00  0   0 F  0
 Reaction Xsec     2.5+/ 2 @ 1 =  57.889 , Out:   0.000#


 Total SPIN, PARITY =     2.5 -,      1 chs,      0 cc.  Rmin & Coul turning =    0.1    2.2
   S-matrix    1 =   -0.00977   0.11113 for L=    3, J=    2.5 channel on core I =   0.0 from L=    3,  Acc. loss =  0.0 D.
 Elastic phase shift   1 =   47.512  62.829 deg. for the L =    3, J =    2.5 channel.
       2.5 -0.00977064  0.11113485i: elastic S-matrix  @@      0.00  0   0 F  0
 Reaction Xsec     2.5-/ 3 @ 1 =  60.878 , Out:   0.000#


 Total SPIN, PARITY =     3.5 +,      1 chs,      0 cc.  Rmin & Coul turning =    0.1    3.0
   S-matrix    1 =    0.26144   0.07956 for L=    4, J=    3.5 channel on core I =   0.0 from L=    4,  Acc. loss =  0.0 D.
 Elastic phase shift   1 =    8.462  37.164 deg. for the L =    4, J =    3.5 channel.
       3.5  0.26143902  0.07955508i: elastic S-matrix  @@      0.00  0   0 F  0
 Reaction Xsec     3.5+/ 4 @ 1 =  76.055 , Out:   0.000#


 Total SPIN, PARITY =     3.5 -,      1 chs,      0 cc.  Rmin & Coul turning =    0.1    3.0
   S-matrix    1 =   -0.17878   0.02097 for L=    3, J=    3.5 channel on core I =   0.0 from L=    3,  Acc. loss =  0.0 D.
 Elastic phase shift   1 =   86.656  49.125 deg. for the L =    3, J =    3.5 channel.
       3.5 -0.17878024  0.02096664i: elastic S-matrix  @@      0.00  0   0 F  0
 Reaction Xsec     3.5-/ 3 @ 1 =  79.530 , Out:   0.000#


 Total SPIN, PARITY =     4.5 +,      1 chs,      0 cc.  Rmin & Coul turning =    0.2    3.8
   S-matrix    1 =    0.09661   0.08561 for L=    4, J=    4.5 channel on core I =   0.0 from L=    4,  Acc. loss =  0.0 D.
 Elastic phase shift   1 =   20.773  58.651 deg. for the L =    4, J =    4.5 channel.
       4.5  0.09661045  0.08561039i: elastic S-matrix  @@      0.00  0   0 F  0
 Reaction Xsec     4.5+/ 4 @ 1 = 101.030 , Out:   0.000#


 Total SPIN, PARITY =     4.5 -,      1 chs,      0 cc.  Rmin & Coul turning =    0.2    3.8
   S-matrix    1 =    0.57675   0.08012 for L=    5, J=    4.5 channel on core I =   0.0 from L=    5,  Acc. loss =  0.0 D.
 Elastic phase shift   1 =    3.954  15.493 deg. for the L =    5, J =    4.5 channel.
       4.5  0.57674889  0.08012267i: elastic S-matrix  @@      0.00  0   0 F  0
 Reaction Xsec     4.5-/ 5 @ 1 =  67.906 , Out:   0.000#


 Total SPIN, PARITY =     5.5 +,      1 chs,      0 cc.  Rmin & Coul turning =    0.2    4.6
   S-matrix    1 =    0.80989   0.05813 for L=    6, J=    5.5 channel on core I =   0.0 from L=    6,  Acc. loss =  0.0 D.
 Elastic phase shift   1 =    2.053   5.967 deg. for the L =    6, J =    5.5 channel.
       5.5  0.80989308  0.05813197i: elastic S-matrix  @@      0.00  0   0 F  0
 Reaction Xsec     5.5+/ 6 @ 1 =  42.004 , Out:   0.000#


 Total SPIN, PARITY =     5.5 -,      1 chs,      0 cc.  Rmin & Coul turning =    0.2    4.6
   S-matrix    1 =    0.49051   0.13807 for L=    5, J=    5.5 channel on core I =   0.0 from L=    5,  Acc. loss =  0.0 D.
 Elastic phase shift   1 =    7.861  19.314 deg. for the L =    5, J =    5.5 channel.
       5.5  0.49050506  0.13806977i: elastic S-matrix  @@      0.00  0   0 F  0
 Reaction Xsec     5.5-/ 5 @ 1 =  91.277 , Out:   0.000#


 Total SPIN, PARITY =     6.5 +,      1 chs,      0 cc.  Rmin & Coul turning =    0.3    5.4
   S-matrix    1 =    0.78702   0.09773 for L=    6, J=    6.5 channel on core I =   0.0 from L=    6,  Acc. loss =  0.0 D.
 Elastic phase shift   1 =    3.539   6.642 deg. for the L =    6, J =    6.5 channel.
       6.5  0.78701535  0.09773356i: elastic S-matrix  @@      0.00  0   0 F  0
 Reaction Xsec     6.5+/ 6 @ 1 =  53.372 , Out:   0.000#


 Total SPIN, PARITY =     6.5 -,      1 chs,      0 cc.  Rmin & Coul turning =    0.3    5.4
   S-matrix    1 =    0.92699   0.02910 for L=    7, J=    6.5 channel on core I =   0.0 from L=    7,  Acc. loss =  0.0 D.
 Elastic phase shift   1 =    0.899   2.158 deg. for the L =    7, J =    6.5 channel.
       6.5  0.92698953  0.02910171i: elastic S-matrix  @@      0.00  0   0 F  0
 Reaction Xsec     6.5-/ 7 @ 1 =  20.115 , Out:   0.000#


 Total SPIN, PARITY =     7.5 +,      1 chs,      0 cc.  Rmin & Coul turning =    0.3    6.2
   S-matrix    1 =    0.97384   0.01190 for L=    8, J=    7.5 channel on core I =   0.0 from L=    8,  Acc. loss =  0.0 D.
 Elastic phase shift   1 =    0.350   0.757 deg. for the L =    8, J =    7.5 channel.
       7.5  0.97384260  0.01190364i: elastic S-matrix  @@      0.00  0   0 F  0
 Reaction Xsec     7.5+/ 8 @ 1 =   8.464 , Out:   0.000#


 Total SPIN, PARITY =     7.5 -,      1 chs,      0 cc.  Rmin & Coul turning =    0.3    6.2
   S-matrix    1 =    0.92302   0.04478 for L=    7, J=    7.5 channel on core I =   0.0 from L=    7,  Acc. loss =  0.0 D.
 Elastic phase shift   1 =    1.389   2.261 deg. for the L =    7, J =    7.5 channel.
       7.5  0.92301736  0.04477909i: elastic S-matrix  @@      0.00  0   0 F  0
 Reaction Xsec     7.5-/ 7 @ 1 =  24.006 , Out:   0.000#


 Total SPIN, PARITY =     8.5 +,      1 chs,      0 cc.  Rmin & Coul turning =    0.4    7.0
   S-matrix    1 =    0.97327   0.01713 for L=    8, J=    8.5 channel on core I =   0.0 from L=    8,  Acc. loss =  0.0 D.
 Elastic phase shift   1 =    0.504   0.772 deg. for the L =    8, J =    8.5 channel.
       8.5  0.97326579  0.01712511i: elastic S-matrix  @@      0.00  0   0 F  0
 Reaction Xsec     8.5+/ 8 @ 1 =   9.702 , Out:   0.000#


 Total SPIN, PARITY =     8.5 -,      1 chs,      0 cc.  Rmin & Coul turning =    0.4    7.0
   S-matrix    1 =    0.99088   0.00444 for L=    9, J=    8.5 channel on core I =   0.0 from L=    9,  Acc. loss =  0.0 D.
 Elastic phase shift   1 =    0.128   0.262 deg. for the L =    9, J =    8.5 channel.
       8.5  0.99087986  0.00443755i: elastic S-matrix  @@      0.00  0   0 F  0
 Reaction Xsec     8.5-/ 9 @ 1 =   3.354 , Out:   0.000#


 Total SPIN, PARITY =     9.5 +,      1 chs,      0 cc.  Rmin & Coul turning =    0.4    7.8
   S-matrix    1 =    0.99686   0.00159 for L=   10, J=    9.5 channel on core I =   0.0 from L=   10,  Acc. loss =  0.0 D.
 Elastic phase shift   1 =    0.046   0.090 deg. for the L =   10, J =    9.5 channel.
       9.5  0.99685701  0.00158655i: elastic S-matrix  @@      0.00  0   0 F  0
 Reaction Xsec     9.5+/10 @ 1 =   1.289 , Out:   0.000#


 Total SPIN, PARITY =     9.5 -,      1 chs,      0 cc.  Rmin & Coul turning =    0.4    7.8
   S-matrix    1 =    0.99080   0.00610 for L=    9, J=    9.5 channel on core I =   0.0 from L=    9,  Acc. loss =  0.0 D.
 Elastic phase shift   1 =    0.176   0.264 deg. for the L =    9, J =    9.5 channel.
       9.5  0.99080163  0.00609714i: elastic S-matrix  @@      0.00  0   0 F  0
 Reaction Xsec     9.5-/ 9 @ 1 =   3.755 , Out:   0.000#


 Total SPIN, PARITY =    10.5 +,      1 chs,      0 cc.  Rmin & Coul turning =    0.5    8.7
   S-matrix    1 =    0.99685   0.00211 for L=   10, J=   10.5 channel on core I =   0.0 from L=   10,  Acc. loss =  0.0 D.
 Elastic phase shift   1 =    0.061   0.090 deg. for the L =   10, J =   10.5 channel.
      10.5  0.99684670  0.00210737i: elastic S-matrix  @@      0.00  0   0 F  0
 Reaction Xsec    10.5+/10 @ 1 =   1.422 , Out:   0.000#


 Total SPIN, PARITY =    10.5 -,      1 chs,      0 cc.  Rmin & Coul turning =    0.5    8.7
   S-matrix    1 =    0.99892   0.00056 for L=   11, J=   10.5 channel on core I =   0.0 from L=   11,  Acc. loss =  0.0 D.
 Elastic phase shift   1 =    0.016   0.031 deg. for the L =   11, J =   10.5 channel.
      10.5  0.99892349  0.00055612i: elastic S-matrix  @@      0.00  0   0 F  0
 Reaction Xsec    10.5-/11 @ 1 =   0.486 , Out:   0.000#


 Total SPIN, PARITY =    11.5 +,      1 chs,      0 cc.  Rmin & Coul turning =    0.5    9.5
   S-matrix    1 =    0.99963   0.00019 for L=   12, J=   11.5 channel on core I =   0.0 from L=   12,  Acc. loss =  0.0 D.
 Elastic phase shift   1 =    0.006   0.011 deg. for the L =   12, J =   11.5 channel.
      11.5  0.99963274  0.00019292i: elastic S-matrix  @@      0.00  0   0 F  0
 Reaction Xsec    11.5+/12 @ 1 =   0.181 , Out:   0.000#


 Total SPIN, PARITY =    11.5 -,      1 chs,      0 cc.  Rmin & Coul turning =    0.5    9.5
   S-matrix    1 =    0.99892   0.00072 for L=   11, J=   11.5 channel on core I =   0.0 from L=   11,  Acc. loss =  0.0 D.
 Elastic phase shift   1 =    0.021   0.031 deg. for the L =   11, J =   11.5 channel.
      11.5  0.99892215  0.00071878i: elastic S-matrix  @@      0.00  0   0 F  0
 Reaction Xsec    11.5-/11 @ 1 =   0.531 , Out:   0.000#


 Total SPIN, PARITY =    12.5 +,      1 chs,      0 cc.  Rmin & Coul turning =    0.6   10.3
   S-matrix    1 =    0.99963   0.00024 for L=   12, J=   12.5 channel on core I =   0.0 from L=   12,  Acc. loss =  0.0 D.
 Elastic phase shift   1 =    0.007   0.011 deg. for the L =   12, J =   12.5 channel.
      12.5  0.99963257  0.00024356i: elastic S-matrix  @@      0.00  0   0 F  0
 Reaction Xsec    12.5+/12 @ 1 =   0.196 , Out:   0.000#


 Total SPIN, PARITY =    12.5 -,      1 chs,      0 cc.  Rmin & Coul turning =    0.6   10.3
   S-matrix    1 =    0.99988   0.00007 for L=   13, J=   12.5 channel on core I =   0.0 from L=   13,  Acc. loss =  0.0 D.
 Elastic phase shift   1 =    0.002   0.004 deg. for the L =   13, J =   12.5 channel.
      12.5  0.99987508  0.00006651i: elastic S-matrix  @@      0.00  0   0 F  0
 Reaction Xsec    12.5-/13 @ 1 =   0.067 , Out:   0.000#


 Total SPIN, PARITY =    13.5 +,      1 chs,      0 cc.  Rmin & Coul turning =    0.6   11.1
   S-matrix    1 =    0.99996   0.00002 for L=   14, J=   13.5 channel on core I =   0.0 from L=   14,  Acc. loss =  0.0 D.
 Elastic phase shift   1 =    0.001   0.001 deg. for the L =   14, J =   13.5 channel.
      13.5  0.99995761  0.00002283i: elastic S-matrix  @@      0.00  0   0 F  0
 Reaction Xsec    13.5+/14 @ 1 =   0.024 , Out:   0.000#


 Total SPIN, PARITY =    13.5 -,      1 chs,      0 cc.  Rmin & Coul turning =    0.6   11.1
   S-matrix    1 =    0.99988   0.00008 for L=   13, J=   13.5 channel on core I =   0.0 from L=   13,  Acc. loss =  0.0 D.
 Elastic phase shift   1 =    0.002   0.004 deg. for the L =   13, J =   13.5 channel.
      13.5  0.99987506  0.00008222i: elastic S-matrix  @@      0.00  0   0 F  0
 Reaction Xsec    13.5-/13 @ 1 =   0.072 , Out:   0.000#


 Total SPIN, PARITY =    14.5 +,      1 chs,      0 cc.  Rmin & Coul turning =    0.7   11.9
   S-matrix    1 =    0.99996   0.00003 for L=   14, J=   14.5 channel on core I =   0.0 from L=   14,  Acc. loss =  0.0 D.
 Elastic phase shift   1 =    0.001   0.001 deg. for the L =   14, J =   14.5 channel.
      14.5  0.99995761  0.00002769i: elastic S-matrix  @@      0.00  0   0 F  0
 Reaction Xsec    14.5+/14 @ 1 =   0.026 , Out:   0.000#


 Total SPIN, PARITY =    14.5 -,      1 chs,      0 cc.  Rmin & Coul turning =    0.7   11.9
   S-matrix    1 =    0.99999   0.00001 for L=   15, J=   14.5 channel on core I =   0.0 from L=   15,  Acc. loss =  0.0 D.
 Elastic phase shift   1 =    0.000   0.000 deg. for the L =   15, J =   14.5 channel.
      14.5  0.99998565  0.00000781i: elastic S-matrix  @@      0.00  0   0 F  0
 Reaction Xsec    14.5-/15 @ 1 =   8.848/, Out:   0.000#


 Total SPIN, PARITY =    15.5 +,      1 chs,      0 cc.  Rmin & Coul turning =    0.7   12.7
   S-matrix    1 =    1.00000   0.00000 for L=   16, J=   15.5 channel on core I =   0.0 from L=   16,  Acc. loss =  0.0 D.
 Elastic phase shift   1 =    0.000   0.000 deg. for the L =   16, J =   15.5 channel.
      15.5  0.99999515  0.00000266i: elastic S-matrix  @@      0.00  0   0 F  0
 Reaction Xsec    15.5+/16 @ 1 =   3.190/, Out:   0.000#


 Total SPIN, PARITY =    15.5 -,      1 chs,      0 cc.  Rmin & Coul turning =    0.7   12.7
   S-matrix    1 =    0.99999   0.00001 for L=   15, J=   15.5 channel on core I =   0.0 from L=   15,  Acc. loss =  0.0 D.
 Elastic phase shift   1 =    0.000   0.000 deg. for the L =   15, J =   15.5 channel.
      15.5  0.99998565  0.00000931i: elastic S-matrix  @@      0.00  0   0 F  0
 Reaction Xsec    15.5-/15 @ 1 =   9.438/, Out:   0.000#


 Total SPIN, PARITY =    16.5 +,      1 chs,      0 cc.  Rmin & Coul turning =    0.8   13.5
   S-matrix    1 =    1.00000   0.00000 for L=   16, J=   16.5 channel on core I =   0.0 from L=   16,  Acc. loss =  0.0 D.
 Elastic phase shift   1 =    0.000   0.000 deg. for the L =   16, J =   16.5 channel.
      16.5  0.99999515  0.00000313i: elastic S-matrix  @@      0.00  0   0 F  0
 Reaction Xsec    16.5+/16 @ 1 =   3.390/, Out:   0.000#


 Total SPIN, PARITY =    16.5 -,      1 chs,      0 cc.  Rmin & Coul turning =    0.8   13.5
   S-matrix    1 =    1.00000   0.00000 for L=   17, J=   16.5 channel on core I =   0.0 from L=   17,  Acc. loss =  0.0 D.
 Elastic phase shift   1 =    0.000   0.000 deg. for the L =   17, J =   16.5 channel.
      16.5  0.99999836  0.00000091i: elastic S-matrix  @@      0.00  0   0 F  0
 Reaction Xsec    16.5-/17 @ 1 =   1.144/, Out:   0.000#


 Total SPIN, PARITY =    17.5 +,      1 chs,      0 cc.  Rmin & Coul turning =    0.8   14.3
   S-matrix    1 =    1.00000   0.00000 for L=   18, J=   17.5 channel on core I =   0.0 from L=   18,  Acc. loss =  0.0 D.
 Elastic phase shift   1 =    0.000   0.000 deg. for the L =   18, J =   17.5 channel.
      17.5  0.99999945  0.00000031i: elastic S-matrix  @@      0.00  0   0 F  0
 Reaction Xsec    17.5+/18 @ 1 =   0.408/, Out:   0.000#


 Total SPIN, PARITY =    17.5 -,      1 chs,      0 cc.  Rmin & Coul turning =    0.8   14.3
   S-matrix    1 =    1.00000   0.00000 for L=   17, J=   17.5 channel on core I =   0.0 from L=   17,  Acc. loss =  0.0 D.
 Elastic phase shift   1 =    0.000   0.000 deg. for the L =   17, J =   17.5 channel.
      17.5  0.99999836  0.00000105i: elastic S-matrix  @@      0.00  0   0 F  0
 Reaction Xsec    17.5-/17 @ 1 =   1.211/, Out:   0.000#


 Total SPIN, PARITY =    18.5 +,      1 chs,      0 cc.  Rmin & Coul turning =    0.8   15.1
   S-matrix    1 =    1.00000   0.00000 for L=   18, J=   18.5 channel on core I =   0.0 from L=   18,  Acc. loss =  0.0 D.
 Elastic phase shift   1 =    0.000   0.000 deg. for the L =   18, J =   18.5 channel.
      18.5  0.99999945  0.00000035i: elastic S-matrix  @@      0.00  0   0 F  0
 Reaction Xsec    18.5+/18 @ 1 =   0.431/, Out:   0.000#

 Finished all CC sets @    4.97600017E-03
0CUMULATIVE REACTION cross section                 =  821.05658  <L> =     4.12  <L**2> =     20.7
0CUMULATIVE outgoing cross sections in partition 1 :    0.00000
0Cumulative ABSORBTION by Imaginary Potentials     =  821.05658  <L> =     4.12  <L**2> =     20.7
   Fusion for specific p        M-states : 1211.474652 1211.474652
0CUMULATIVE OUTGOING cross section                 =    0.00000
 To convert to S-factors (MeV.mb = keV.b),  multiply by  1.2763E+02


 CROSS SECTIONS FOR OUTGOING p        & O20      in state #   1 with spins & parities 0.5  + &  0.0  +;  0

     3.00 deg.: X-S =   1.3279E+05 mb/sr,
+                                         /R =   8.3471E-01
     4.00 deg.: X-S =   3.8237E+04 mb/sr,
+                                         /R =   7.5937E-01
     5.00 deg.: X-S =   1.4571E+04 mb/sr,
+                                         /R =   7.0617E-01
     6.00 deg.: X-S =  6909.615014 mb/sr,
+                                         /R =   6.9398E-01
     7.00 deg.: X-S =  3982.506799 mb/sr,
+                                         /R =   7.4054E-01
     8.00 deg.: X-S =  2717.706725 mb/sr,
+                                         /R =   8.6146E-01
     9.00 deg.: X-S =  2107.371551 mb/sr,
+                                         /R =   1.0691E+00
    10.00 deg.: X-S =  1775.498940 mb/sr,
+                                         /R =   1.3715E+00
    11.00 deg.: X-S =  1568.337687 mb/sr,
+                                         /R =   1.7718E+00
    12.00 deg.: X-S =  1418.852806 mb/sr,
+                                         /R =   2.2676E+00
    13.00 deg.: X-S =  1296.621888 mb/sr,
+                                         /R =   2.8506E+00
    14.00 deg.: X-S =  1187.636915 mb/sr,
+                                         /R =   3.5071E+00
    15.00 deg.: X-S =  1085.577997 mb/sr,
+                                         /R =   4.2184E+00
    16.00 deg.: X-S =   987.825766 mb/sr,
+                                         /R =   4.9613E+00
    17.00 deg.: X-S =   893.554111 mb/sr,
+                                         /R =   5.7098E+00
    18.00 deg.: X-S =   802.784067 mb/sr,
+                                         /R =   6.4361E+00
    19.00 deg.: X-S =   715.901522 mb/sr,
+                                         /R =   7.1118E+00
    20.00 deg.: X-S =   633.407401 mb/sr,
+                                         /R =   7.7100E+00
    21.00 deg.: X-S =   555.788374 mb/sr,
+                                         /R =   8.2060E+00
    22.00 deg.: X-S =   483.451999 mb/sr,
+                                         /R =   8.5791E+00
    23.00 deg.: X-S =   416.697287 mb/sr,
+                                         /R =   8.8132E+00
    24.00 deg.: X-S =   355.705213 mb/sr,
+                                         /R =   8.8981E+00
    25.00 deg.: X-S =   300.540665 mb/sr,
+                                         /R =   8.8296E+00
    26.00 deg.: X-S =   251.160955 mb/sr,
+                                         /R =   8.6099E+00
    27.00 deg.: X-S =   207.428028 mb/sr,
+                                         /R =   8.2471E+00
    28.00 deg.: X-S =   169.122569 mb/sr,
+                                         /R =   7.7552E+00
    29.00 deg.: X-S =   135.958852 mb/sr,
+                                         /R =   7.1532E+00
    30.00 deg.: X-S =   107.599543 mb/sr,
+                                         /R =   6.4638E+00
    31.00 deg.: X-S =    83.669922 mb/sr,
+                                         /R =   5.7129E+00
    32.00 deg.: X-S =    63.771133 mb/sr,
+                                         /R =   4.9280E+00
    33.00 deg.: X-S =    47.492198 mb/sr,
+                                         /R =   4.1370E+00
    34.00 deg.: X-S =    34.420637 mb/sr,
+                                         /R =   3.3671E+00
    35.00 deg.: X-S =    24.151587 mb/sr,
+                                         /R =   2.6437E+00
    36.00 deg.: X-S =    16.295396 mb/sr,
+                                         /R =   1.9892E+00
    37.00 deg.: X-S =    10.483703 mb/sr,
+                                         /R =   1.4227E+00
    38.00 deg.: X-S =     6.374079 mb/sr,
+                                         /R =   9.5869E-01
    39.00 deg.: X-S =     3.653308 mb/sr,
+                                         /R =   6.0724E-01
    40.00 deg.: X-S =     2.039434 mb/sr,
+                                         /R =   3.7360E-01
    41.00 deg.: X-S =     1.282716 mb/sr,
+                                         /R =   2.5830E-01
    42.00 deg.: X-S =     1.165634 mb/sr,
+                                         /R =   2.5738E-01
    43.00 deg.: X-S =     1.502090 mb/sr,
+                                         /R =   3.6282E-01
    44.00 deg.: X-S =     2.135976 mb/sr,
+                                         /R =   5.6311E-01
    45.00 deg.: X-S =     2.939224 mb/sr,
+                                         /R =   8.4389E-01
    46.00 deg.: X-S =     3.809503 mb/sr,
+                                         /R =   1.1887E+00
    47.00 deg.: X-S =     4.667669 mb/sr,
+                                         /R =   1.5798E+00
    48.00 deg.: X-S =     5.455081 mb/sr,
+                                         /R =   1.9987E+00
    49.00 deg.: X-S =     6.130884 mb/sr,
+                                         /R =   2.4273E+00
    50.00 deg.: X-S =     6.669336 mb/sr,
+                                         /R =   2.8482E+00
    51.00 deg.: X-S =     7.057238 mb/sr,
+                                         /R =   3.2454E+00
    52.00 deg.: X-S =     7.291532 mb/sr,
+                                         /R =   3.6048E+00
    53.00 deg.: X-S =     7.377088 mb/sr,
+                                         /R =   3.9146E+00
    54.00 deg.: X-S =     7.324715 mb/sr,
+                                         /R =   4.1655E+00
    55.00 deg.: X-S =     7.149410 mb/sr,
+                                         /R =   4.3510E+00
    56.00 deg.: X-S =     6.868842 mb/sr,
+                                         /R =   4.4670E+00
    57.00 deg.: X-S =     6.502076 mb/sr,
+                                         /R =   4.5123E+00
    58.00 deg.: X-S =     6.068523 mb/sr,
+                                         /R =   4.4881E+00
    59.00 deg.: X-S =     5.587106 mb/sr,
+                                         /R =   4.3978E+00
    60.00 deg.: X-S =     5.075617 mb/sr,
+                                         /R =   4.2468E+00
    61.00 deg.: X-S =     4.550256 mb/sr,
+                                         /R =   4.0421E+00
    62.00 deg.: X-S =     4.025314 mb/sr,
+                                         /R =   3.7918E+00
    63.00 deg.: X-S =     3.513002 mb/sr,
+                                         /R =   3.5052E+00
    64.00 deg.: X-S =     3.023375 mb/sr,
+                                         /R =   3.1917E+00
    65.00 deg.: X-S =     2.564361 mb/sr,
+                                         /R =   2.8611E+00
    66.00 deg.: X-S =     2.141852 mb/sr,
+                                         /R =   2.5230E+00
    67.00 deg.: X-S =     1.759846 mb/sr,
+                                         /R =   2.1864E+00
    68.00 deg.: X-S =     1.420640 mb/sr,
+                                         /R =   1.8596E+00
    69.00 deg.: X-S =     1.125029 mb/sr,
+                                         /R =   1.5501E+00
    70.00 deg.: X-S =     0.872532 mb/sr,
+                                         /R =   1.2643E+00
    71.00 deg.: X-S =     0.661611 mb/sr,
+                                         /R =   1.0072E+00
    72.00 deg.: X-S =     0.489889 mb/sr,
+                                         /R =   7.8282E-01
    73.00 deg.: X-S =     0.354356 mb/sr,
+                                         /R =   5.9386E-01
    74.00 deg.: X-S =     0.251556 mb/sr,
+                                         /R =   4.4175E-01
    75.00 deg.: X-S =     0.177761 mb/sr,
+                                         /R =   3.2683E-01
    76.00 deg.: X-S =     0.129116 mb/sr,
+                                         /R =   2.4834E-01
    77.00 deg.: X-S =     0.101768 mb/sr,
+                                         /R =   2.0460E-01
    78.00 deg.: X-S =     0.091972 mb/sr,
+                                         /R =   1.9312E-01
    79.00 deg.: X-S =     0.096172 mb/sr,
+                                         /R =   2.1076E-01
    80.00 deg.: X-S =     0.111071 mb/sr,
+                                         /R =   2.5384E-01
    81.00 deg.: X-S =     0.133671 mb/sr,
+                                         /R =   3.1835E-01
    82.00 deg.: X-S =     0.161306 mb/sr,
+                                         /R =   4.0005E-01
    83.00 deg.: X-S =     0.191657 mb/sr,
+                                         /R =   4.9462E-01
    84.00 deg.: X-S =     0.222755 mb/sr,
+                                         /R =   5.9781E-01
    85.00 deg.: X-S =     0.252974 mb/sr,
+                                         /R =   7.0551E-01
    86.00 deg.: X-S =     0.281015 mb/sr,
+                                         /R =   8.1387E-01
    87.00 deg.: X-S =     0.305884 mb/sr,
+                                         /R =   9.1938E-01
    88.00 deg.: X-S =     0.326868 mb/sr,
+                                         /R =   1.0189E+00
    89.00 deg.: X-S =     0.343506 mb/sr,
+                                         /R =   1.1099E+00
    90.00 deg.: X-S =     0.355554 mb/sr,
+                                         /R =   1.1900E+00
    91.00 deg.: X-S =     0.362956 mb/sr,
+                                         /R =   1.2575E+00
    92.00 deg.: X-S =     0.365817 mb/sr,
+                                         /R =   1.3113E+00
    93.00 deg.: X-S =     0.364365 mb/sr,
+                                         /R =   1.3504E+00
    94.00 deg.: X-S =     0.358928 mb/sr,
+                                         /R =   1.3747E+00
    95.00 deg.: X-S =     0.349907 mb/sr,
+                                         /R =   1.3841E+00
    96.00 deg.: X-S =     0.337755 mb/sr,
+                                         /R =   1.3791E+00
    97.00 deg.: X-S =     0.322949 mb/sr,
+                                         /R =   1.3604E+00
    98.00 deg.: X-S =     0.305983 mb/sr,
+                                         /R =   1.3289E+00
    99.00 deg.: X-S =     0.287341 mb/sr,
+                                         /R =   1.2861E+00
   100.00 deg.: X-S =     0.267494 mb/sr,
+                                         /R =   1.2332E+00
   101.00 deg.: X-S =     0.246885 mb/sr,
+                                         /R =   1.1717E+00
   102.00 deg.: X-S =     0.225923 mb/sr,
+                                         /R =   1.1032E+00
   103.00 deg.: X-S =     0.204978 mb/sr,
+                                         /R =   1.0294E+00
   104.00 deg.: X-S =     0.184376 mb/sr,
+                                         /R =   9.5176E-01
   105.00 deg.: X-S =     0.164399 mb/sr,
+                                         /R =   8.7188E-01
   106.00 deg.: X-S =     0.145283 mb/sr,
+                                         /R =   7.9123E-01
   107.00 deg.: X-S =     0.127219 mb/sr,
+                                         /R =   7.1114E-01
   108.00 deg.: X-S =     0.110355 mb/sr,
+                                         /R =   6.3287E-01
   109.00 deg.: X-S =     0.094801 mb/sr,
+                                         /R =   5.5750E-01
   110.00 deg.: X-S =     0.080626 mb/sr,
+                                         /R =   4.8599E-01
   111.00 deg.: X-S =     0.067869 mb/sr,
+                                         /R =   4.1912E-01
   112.00 deg.: X-S =     0.056537 mb/sr,
+                                         /R =   3.5754E-01
   113.00 deg.: X-S =     0.046611 mb/sr,
+                                         /R =   3.0172E-01
   114.00 deg.: X-S =     0.038051 mb/sr,
+                                         /R =   2.5201E-01
   115.00 deg.: X-S =     0.030797 mb/sr,
+                                         /R =   2.0860E-01
   116.00 deg.: X-S =     0.024776 mb/sr,
+                                         /R =   1.7156E-01
   117.00 deg.: X-S =     0.019903 mb/sr,
+                                         /R =   1.4082E-01
   118.00 deg.: X-S =     0.016084 mb/sr,
+                                         /R =   1.1624E-01
   119.00 deg.: X-S =     0.013221 mb/sr,
+                                         /R =   9.7555E-02
   120.00 deg.: X-S =     0.011213 mb/sr,
+                                         /R =   8.4437E-02
   121.00 deg.: X-S =     0.009957 mb/sr,
+                                         /R =   7.6492E-02
   122.00 deg.: X-S =     0.009354 mb/sr,
+                                         /R =   7.3276E-02
   123.00 deg.: X-S =     0.009305 mb/sr,
+                                         /R =   7.4306E-02
   124.00 deg.: X-S =     0.009719 mb/sr,
+                                         /R =   7.9076E-02
   125.00 deg.: X-S =     0.010506 mb/sr,
+                                         /R =   8.7068E-02
   126.00 deg.: X-S =     0.011586 mb/sr,
+                                         /R =   9.7760E-02
   127.00 deg.: X-S =     0.012884 mb/sr,
+                                         /R =   1.1064E-01
   128.00 deg.: X-S =     0.014331 mb/sr,
+                                         /R =   1.2521E-01
   129.00 deg.: X-S =     0.015868 mb/sr,
+                                         /R =   1.4098E-01
   130.00 deg.: X-S =     0.017441 mb/sr,
+                                         /R =   1.5753E-01
   131.00 deg.: X-S =     0.019003 mb/sr,
+                                         /R =   1.7442E-01
   132.00 deg.: X-S =     0.020515 mb/sr,
+                                         /R =   1.9129E-01
   133.00 deg.: X-S =     0.021945 mb/sr,
+                                         /R =   2.0779E-01
   134.00 deg.: X-S =     0.023266 mb/sr,
+                                         /R =   2.2363E-01
   135.00 deg.: X-S =     0.024457 mb/sr,
+                                         /R =   2.3854E-01
   136.00 deg.: X-S =     0.025503 mb/sr,
+                                         /R =   2.5232E-01
   137.00 deg.: X-S =     0.026393 mb/sr,
+                                         /R =   2.6478E-01
   138.00 deg.: X-S =     0.027121 mb/sr,
+                                         /R =   2.7580E-01
   139.00 deg.: X-S =     0.027683 mb/sr,
+                                         /R =   2.8527E-01
   140.00 deg.: X-S =     0.028082 mb/sr,
+                                         /R =   2.9313E-01
   141.00 deg.: X-S =     0.028320 mb/sr,
+                                         /R =   2.9934E-01
   142.00 deg.: X-S =     0.028403 mb/sr,
+                                         /R =   3.0391E-01
   143.00 deg.: X-S =     0.028340 mb/sr,
+                                         /R =   3.0684E-01
   144.00 deg.: X-S =     0.028140 mb/sr,
+                                         /R =   3.0820E-01
   145.00 deg.: X-S =     0.027813 mb/sr,
+                                         /R =   3.0805E-01
   146.00 deg.: X-S =     0.027371 mb/sr,
+                                         /R =   3.0646E-01
   147.00 deg.: X-S =     0.026827 mb/sr,
+                                         /R =   3.0354E-01
   148.00 deg.: X-S =     0.026192 mb/sr,
+                                         /R =   2.9939E-01
   149.00 deg.: X-S =     0.025480 mb/sr,
+                                         /R =   2.9413E-01
   150.00 deg.: X-S =     0.024703 mb/sr,
+                                         /R =   2.8788E-01
   151.00 deg.: X-S =     0.023872 mb/sr,
+                                         /R =   2.8076E-01
   152.00 deg.: X-S =     0.022999 mb/sr,
+                                         /R =   2.7291E-01
   153.00 deg.: X-S =     0.022096 mb/sr,
+                                         /R =   2.6445E-01
   154.00 deg.: X-S =     0.021173 mb/sr,
+                                         /R =   2.5549E-01
   155.00 deg.: X-S =     0.020239 mb/sr,
+                                         /R =   2.4616E-01
   156.00 deg.: X-S =     0.019304 mb/sr,
+                                         /R =   2.3656E-01
   157.00 deg.: X-S =     0.018374 mb/sr,
+                                         /R =   2.2682E-01
   158.00 deg.: X-S =     0.017459 mb/sr,
+                                         /R =   2.1702E-01
   159.00 deg.: X-S =     0.016564 mb/sr,
+                                         /R =   2.0726E-01
   160.00 deg.: X-S =     0.015694 mb/sr,
+                                         /R =   1.9762E-01
   161.00 deg.: X-S =     0.014854 mb/sr,
+                                         /R =   1.8817E-01
   162.00 deg.: X-S =     0.014050 mb/sr,
+                                         /R =   1.7899E-01
   163.00 deg.: X-S =     0.013283 mb/sr,
+                                         /R =   1.7013E-01
   164.00 deg.: X-S =     0.012556 mb/sr,
+                                         /R =   1.6165E-01
   165.00 deg.: X-S =     0.011873 mb/sr,
+                                         /R =   1.5357E-01
   166.00 deg.: X-S =     0.011233 mb/sr,
+                                         /R =   1.4595E-01
   167.00 deg.: X-S =     0.010639 mb/sr,
+                                         /R =   1.3880E-01
   168.00 deg.: X-S =     0.010091 mb/sr,
+                                         /R =   1.3215E-01
   169.00 deg.: X-S =     0.009589 mb/sr,
+                                         /R =   1.2602E-01
   170.00 deg.: X-S =     0.009133 mb/sr,
+                                         /R =   1.2042E-01
   171.00 deg.: X-S =     0.008723 mb/sr,
+                                         /R =   1.1535E-01
   172.00 deg.: X-S =     0.008359 mb/sr,
+                                         /R =   1.1082E-01
   173.00 deg.: X-S =     0.008039 mb/sr,
+                                         /R =   1.0682E-01
   174.00 deg.: X-S =     0.007764 mb/sr,
+                                         /R =   1.0337E-01
   175.00 deg.: X-S =     0.007533 mb/sr,
+                                         /R =   1.0046E-01
   176.00 deg.: X-S =     0.007344 mb/sr,
+                                         /R =   9.8082E-02
   177.00 deg.: X-S =     0.007198 mb/sr,
+                                         /R =   9.6236E-02
   178.00 deg.: X-S =     0.007095 mb/sr,
+                                         /R =   9.4920E-02
   179.00 deg.: X-S =     0.007032 mb/sr,
+                                         /R =   9.4131E-02
   179.99 deg.: X-S =     0.007012 mb/sr,
+                                         /R =   9.3868E-02
                                           Integrated 1895.7778 mb, over [   3.000, 180.000] at    35.0000 MeV 
 Finished all xsecs @    5.89699997E-03

  The following files have been created:
   3:local copy of User input.            6:standard output.                   
   7:elastic  S-matrix elements.         13:total cross sections/state.        
  16:tables of cross sections.           38:cross sections for each J/pi.      
  39:cross sections for each Ecm.        40:all cross sectns. for each Elab.   
  45:scat phase shift as E functions.    56:Fusion for each Jtotal.            
 201:Separate cross sections.           

 PARAMETERS : MAXQRN   MFNL   MLOC  LMAX1 MCLIST
    ALLOWED :      1      1      4     70      6
    REQUIRED:      0      0      4     19      4


 ACCURACY ANALYSIS at    35.000 MeV :

  Elastic h*k = 0.037 so OK       compared with 0.200

   Real(S-el) > 0.01 first at J =       3.5
   Real(S-el) > 0.10 first at J =       3.5
   Real(S-el) > 0.50 first at J =       4.5
   Real(S-el) > 0.90 first at J =       6.5
   Real(S-el) > 0.99 first at J =       8.5
   R-turn =    15.13 fm    at J =      18.5

 Forward-angle excitation cut off below   1.289 deg by max JT =      18.5
                              and below   0.330 deg by max R.

