 FRESCO - FRES 3.4: Coupled Reaction Channels
 Assuming NAMELIST input.

 20O + d 2+2 inelastic;                                                          

   0.030  60.000   0.500   0.000   0.000   0.000   0.000   0.000   0.000   0.000

 Centre-of-mass Range is   2002 * 0.0300 fm., Maximum at  60.00 fm., Interpolating NL forms every  0.51 fm.
 Non - locality width is      4 * 0.0300 fm., Maximum of   0.09 fm., Centred at  0.00 fm.
 2-Nucleon Separation of      0 * 0.5100 fm., Maximum of   0.00 fm., Minimum at  0.00 fm.
 Maximum single particle bins of 59.6700 fm.
               M,Mint =         2001        1990


 Range of total J is     0.0 <= J <=    50.0 (at least     0.0) and Absorbtion =>     0.0010 mb.
 Dry Run = F, CC set limits =  0  0, Relativistic kinematics =  , Both/Far/Near Analyses =  1                     

 Cross Sections (and up to T0 for 0=projectile) for Theta from   3.0 to-180.0 in steps of  1.0 degrees, DGAM=0,  Coordinates = 0 (Mads)

 Lower Radial Cutoff = maximum of -1.60*L*h &       0.0 fm.,  Lower Cutoff for Couplings =   0.0  fm.


 Iterate Couplings between   0 and   1 times, to  0.000 % if sooner.                                          
  Block solved exactly =   0 chs., with Pade = 0 & Isocen =  =0, NOSOL = F, initwf =  0
  NL quadrature with   18 Gaussian points, Calculate multipoles up to    56 from   0
  M-transfers for lp+lt greater than or equal to  6, Angular Integration Cutoff below  2.7778 %


 Trace switches are :  CHANS =  1, LISTCC =  0, TRENEG =  0, CDETR =  0, SMATS =  2, XSTABL =  1, NLPL =  0

                       WAVES =  0, LAMPL =  0, VEFF =  0, KFUS =  0, WDISK =  0, BPM =  0, MELFIL =  0

                       CDCC =  0, NFUS =  0

 Using unit mass = 1.000000 amu and 1/fine-structure constant = 137.03599 ( 1.000000 * true ) with hc = 197.32705 MeV.fm,
  thus 2*amu/hbar^2 = 0.0478450 = 1/20.9008 and Coulomb constant = 0.1574855 so e^2 = 1.43997, and nuclear magneton= 0.1261183

 Now pre-scan input and save to file 3



 *********** PARTITION NUMBER  1 ******************************************************************************************

   PROJ=d          MASS=  2.0136 Z=   1.0,        # STATES=    2T, TARG=O20      MASS= 19.9997 Z=   8.0,     Q-VALUE =  -0.0000 MEV.

     1:  J= 1.0+ (B# 1), E=  0.0000, K= 0.0              Potl#  1       J= 0.0+ (B# 1), E=  0.0000, K= 0.0    

     2:  J= 1.0+ (B# 1), E=  0.0000, K= 0.0              Potl#  1       J= 2.0+ (B# 1), E=  4.0100, K= 0.0    
                                  (Just State  1)


 ************************************************************************************************************************************

 The following POTENTIALS are defined :

  KP#       TYPE      IT    SHAPE      at     V1        r1        a1        V2        r2        a2        A-in     A-used


                                            A#1       A#2        r0c       ac                                                h @ 1
    1    0=Coulomb       0=CHARGE (WS)  1    20.000     0.000    1.3030    0.0000    0.0000    0.0000     0.000    20.000   0.03000

                                           Mn(E1)    Mn(E2)    Mn(E3)  .....
    1   11=Target defm  10=derivatives  2    0.0000    5.3000    0.0000    0.0000    0.0000    0.0000     0.000     3.537= RADIUS

              At    2 is k =  2 (Potl. beta = 0.22184)
                                     Beta of targ. = 0.22184 (using radius of 3.537 fm.).

    1    1=Volume        0=Woods-Saxon  3   72.8940    1.1700    0.8280    5.4310    1.3250    0.7190     0.000    20.000

                                            Def1      Def2      Def3   .....
    1   11=Target defm  10=derivatives  4    0.0000    0.9230    0.0000    0.0000    0.0000    0.0000     0.000     3.205= RADIUS

              At    4 is k =  2 (Potl. beta = 0.28798)
                                     Beta of targ. = 0.28798 (using radius of 3.205 fm.).

    1    2=Surface       0=Woods-Saxon  5    0.0000    0.0000    0.0000    8.5890    1.3250    0.7190     0.000    20.000

                                            Def1      Def2      Def3   .....
    1   11=Target defm  10=derivatives  6    0.0000    0.9230    0.0000    0.0000    0.0000    0.0000     0.000     3.597= RADIUS

              At    6 is k =  2 (Potl. beta = 0.25663)
                                     Beta of targ. = 0.25663 (using radius of 3.597 fm.).

    1    3=Projtl S.O.   0=Woods-Saxon  7    2.6500    1.0700    0.6600    0.0000    0.0000    0.0000     0.000    20.000

 Incoming partition  1 in excitation state # 1,   Laboratory Energy given for partition  1 Nucleus 1 in Excitation pair 1

0Lab. ENERGY ranges :

   from    70.0000     to   0.00000     in     0 intervals
   from    0.00000     to   0.00000     in     0 intervals
   from    0.00000     to   0.00000     in     0 intervals

 Largest real,imaginary parts of any form factor at R=   59.52 are   2.42E-02  9.20E-32 MeV
 Finished all Couplings @    9.92999878E-04           7

 Symmetric Hamiltonian
1***********************************************************************************************************************************
************************************************************************************************************************************

        INCOMING d        ;    LABORATORY d        ENERGY =   70.000     MeV.

 ***********************************************************************************************************************************
 ***********************************************************************************************************************************

 Allocate arrays for            3  channels, of which            1  need wfs.

 ######################################################################################################################
 #                                                                                                                    #
 # Total SPIN and PARITY =     0.0 -,      3 channels,    0 in 1st block.  Rmin & Coul turning =    0.0    0.2 fm.  #
 #                                                                                                                    #
 ######################################################################################################################



    C Projectl Target   #   EX.   (L  Proj) J  + Targ = Jtotal     E-cm      Re K     Re Eta     RM*K            CH
    1 d        O20      #    1: I   1 1.0    0.0  0.0     0.0    63.59709   2.35933   0.21368  141.5597  -0.30307   0.39817 1 1 1   1
    2 d        O20      #    2:     1 1.0    2.0  2.0     0.0    59.58709   2.28374   0.22075  137.0241  -0.34936  -0.35828 1 1 1   2
    3 d        O20      #    2:     3 1.0    2.0  2.0     0.0    59.58709   2.28374   0.22075  137.0241   0.26283   0.42592 1 1 1   2
   S-matrix    1 =    0.05585   0.25389 for L=    1, J=    0.0 channel on core I =   0.0 from L=    1,  Acc. loss =  0.0 D.
 Elastic phase shift   1 =   38.797  38.596 deg. for the L =    1, J =    0.0 channel.
       0.0  0.05585005  0.25388614i: elastic S-matrix  @@      0.00  0   0 F  0
 Reaction Xsec     0.0-/ 1 @ 1 =   1.754 , Out:   0.000#   0.035    1.719f

 Allocate arrays for            7  channels, of which            2  need wfs.

 Total SPIN, PARITY =     1.0 +,      7 chs,      0 cc.  Rmin & Coul turning =    0.0    0.7
   S-matrix    1 =   -0.13998   0.22506 for L=    0, J=    1.0 channel on core I =   0.0 from L=    0,  Acc. loss =  0.0 D.
 Elastic phase shift   1 =   60.940  38.041 deg. for the L =    0, J =    1.0 channel.
       1.0 -0.13997809  0.22506345i: elastic S-matrix  @@      0.00  0   0 F  0
 Reaction Xsec     1.0+/ 0 @ 1 =   5.247 , Out:   0.000#   0.107    5.140f

   S-matrix    2 =    0.17297   0.18665 for L=    2, J=    1.0 channel on core I =   0.0 from L=    2,  Acc. loss =  0.0 D.
 Elastic phase shift   2 =   23.589  39.207 deg. for the L =    2, J =    1.0 channel.
       1.0  0.17296885  0.18664736i: elastic S-matrix  @@      0.00  0   0 F  0
 Reaction Xsec     1.0+/ 2 @ 2 =   5.278 , Out:   0.000#   0.095    5.184f


 Total SPIN, PARITY =     1.0 -,      5 chs,      0 cc.  Rmin & Coul turning =    0.0    0.7
   S-matrix    1 =    0.02243   0.26046 for L=    1, J=    1.0 channel on core I =   0.0 from L=    1,  Acc. loss =  0.0 D.
 Elastic phase shift   1 =   42.539  38.434 deg. for the L =    1, J =    1.0 channel.
       1.0  0.02243137  0.26046325i: elastic S-matrix  @@      0.00  0   0 F  0
 Reaction Xsec     1.0-/ 1 @ 1 =   5.258 , Out:   0.000#   0.105    5.153f


 Total SPIN, PARITY =     2.0 +,      7 chs,      0 cc.  Rmin & Coul turning =    0.1    1.1
   S-matrix    1 =    0.11965   0.22805 for L=    2, J=    2.0 channel on core I =   0.0 from L=    2,  Acc. loss =  0.0 D.
 Elastic phase shift   1 =   31.158  38.864 deg. for the L =    2, J =    2.0 channel.
       2.0  0.11965176  0.22805122i: elastic S-matrix  @@      0.00  0   0 F  0
 Reaction Xsec     2.0+/ 2 @ 1 =   8.783 , Out:   0.000#   0.153    8.630f

 Allocate arrays for            9  channels, of which            2  need wfs.

 Total SPIN, PARITY =     2.0 -,      9 chs,      0 cc.  Rmin & Coul turning =    0.1    1.1
   S-matrix    1 =   -0.04561   0.26036 for L=    1, J=    2.0 channel on core I =   0.0 from L=    1,  Acc. loss =  0.0 D.
 Elastic phase shift   1 =   49.968  38.118 deg. for the L =    1, J =    2.0 channel.
       2.0 -0.04560948  0.26036162i: elastic S-matrix  @@      0.00  0   0 F  0
 Reaction Xsec     2.0-/ 1 @ 1 =   8.749 , Out:   0.000#   0.167    8.582f

   S-matrix    2 =    0.23772   0.06344 for L=    3, J=    2.0 channel on core I =   0.0 from L=    3,  Acc. loss =  0.0 D.
 Elastic phase shift   2 =    7.471  40.172 deg. for the L =    3, J =    2.0 channel.
       2.0  0.23771837  0.06343740i: elastic S-matrix  @@      0.00  0   0 F  0
 Reaction Xsec     2.0-/ 3 @ 2 =   8.837 , Out:   0.000#   0.134    8.703f

 Allocate arrays for           10  channels, of which            2  need wfs.

 Total SPIN, PARITY =     3.0 +,     10 chs,      0 cc.  Rmin & Coul turning =    0.1    1.6
   S-matrix    1 =    0.02405   0.26089 for L=    2, J=    3.0 channel on core I =   0.0 from L=    2,  Acc. loss =  0.0 D.
 Elastic phase shift   1 =   42.367  38.372 deg. for the L =    2, J =    3.0 channel.
       3.0  0.02404979  0.26088868i: elastic S-matrix  @@      0.00  0   0 F  0
 Reaction Xsec     3.0+/ 2 @ 1 =  12.265 , Out:   0.000#   0.200   12.065f

   S-matrix    2 =    0.21779  -0.08814 for L=    4, J=    3.0 channel on core I =   0.0 from L=    4,  Acc. loss =  0.0 D.
 Elastic phase shift   2 =  -11.016  41.494 deg. for the L =    4, J =    3.0 channel.
       3.0  0.21778789 -0.08813718i: elastic S-matrix  @@      0.00  0   0 F  0
 Reaction Xsec     3.0+/ 4 @ 2 =  12.442 , Out:   0.000#   0.152   12.290f


 Total SPIN, PARITY =     3.0 -,      8 chs,      0 cc.  Rmin & Coul turning =    0.1    1.6
   S-matrix    1 =    0.19712   0.15585 for L=    3, J=    3.0 channel on core I =   0.0 from L=    3,  Acc. loss =  0.0 D.
 Elastic phase shift   1 =   19.165  39.567 deg. for the L =    3, J =    3.0 channel.
       3.0  0.19712102  0.15584755i: elastic S-matrix  @@      0.00  0   0 F  0
 Reaction Xsec     3.0-/ 3 @ 1 =  12.337 , Out:   0.000#   0.177   12.160f


 Total SPIN, PARITY =     4.0 +,      8 chs,      0 cc.  Rmin & Coul turning =    0.2    2.0
   S-matrix    1 =    0.23857   0.04376 for L=    4, J=    4.0 channel on core I =   0.0 from L=    4,  Acc. loss =  0.0 D.
 Elastic phase shift   1 =    5.196  40.582 deg. for the L =    4, J =    4.0 channel.
       4.0  0.23856684  0.04375503i: elastic S-matrix  @@      0.00  0   0 F  0
 Reaction Xsec     4.0+/ 4 @ 1 =  15.935 , Out:   0.000#   0.186   15.750f


 Total SPIN, PARITY =     4.0 -,     10 chs,      0 cc.  Rmin & Coul turning =    0.2    2.0
   S-matrix    1 =    0.09305   0.24061 for L=    3, J=    4.0 channel on core I =   0.0 from L=    3,  Acc. loss =  0.0 D.
 Elastic phase shift   1 =   34.428  38.815 deg. for the L =    3, J =    4.0 channel.
       4.0  0.09305460  0.24060504i: elastic S-matrix  @@      0.00  0   0 F  0
 Reaction Xsec     4.0-/ 3 @ 1 =  15.805 , Out:   0.000#   0.212   15.593f

   S-matrix    2 =    0.09500  -0.19838 for L=    5, J=    4.0 channel on core I =   0.0 from L=    5,  Acc. loss =  0.0 D.
 Elastic phase shift   2 =  -32.205  43.383 deg. for the L =    5, J =    4.0 channel.
       4.0  0.09500188 -0.19837866i: elastic S-matrix  @@      0.00  0   0 F  0
 Reaction Xsec     4.0-/ 5 @ 2 =  16.112 , Out:   0.000#   0.155   15.958f


 Total SPIN, PARITY =     5.0 +,     10 chs,      0 cc.  Rmin & Coul turning =    0.2    2.4
   S-matrix    1 =    0.16250   0.19191 for L=    4, J=    5.0 channel on core I =   0.0 from L=    4,  Acc. loss =  0.0 D.
 Elastic phase shift   1 =   24.872  39.547 deg. for the L =    4, J =    5.0 channel.
       5.0  0.16249619  0.19190573i: elastic S-matrix  @@      0.00  0   0 F  0
 Reaction Xsec     5.0+/ 4 @ 1 =  19.385 , Out:   0.000#   0.211   19.174f

   S-matrix    2 =   -0.08023  -0.18474 for L=    6, J=    5.0 channel on core I =   0.0 from L=    6,  Acc. loss =  0.0 D.
 Elastic phase shift   2 =  -56.737  45.906 deg. for the L =    6, J =    5.0 channel.
       5.0 -0.08022598 -0.18474144i: elastic S-matrix  @@      0.00  0   0 F  0
 Reaction Xsec     5.0+/ 6 @ 2 =  19.855 , Out:   0.000#   0.153   19.701f


 Total SPIN, PARITY =     5.0 -,      8 chs,      0 cc.  Rmin & Coul turning =    0.2    2.4
   S-matrix    1 =    0.21441  -0.08733 for L=    5, J=    5.0 channel on core I =   0.0 from L=    5,  Acc. loss =  0.0 D.
 Elastic phase shift   1 =  -11.081  41.916 deg. for the L =    5, J =    5.0 channel.
       5.0  0.21440735 -0.08732856i: elastic S-matrix  @@      0.00  0   0 F  0
 Reaction Xsec     5.0-/ 5 @ 1 =  19.585 , Out:   0.000#   0.179   19.406f


 Total SPIN, PARITY =     6.0 +,      8 chs,      0 cc.  Rmin & Coul turning =    0.3    2.8
   S-matrix    1 =    0.10509  -0.18851 for L=    6, J=    6.0 channel on core I =   0.0 from L=    6,  Acc. loss =  0.0 D.
 Elastic phase shift   1 =  -30.431  43.926 deg. for the L =    6, J =    6.0 channel.
       6.0  0.10508898 -0.18850922i: elastic S-matrix  @@      0.00  0   0 F  0
 Reaction Xsec     6.0+/ 6 @ 1 =  23.317 , Out:   0.000#   0.180   23.138f


 Total SPIN, PARITY =     6.0 -,     10 chs,      0 cc.  Rmin & Coul turning =    0.3    2.8
   S-matrix    1 =    0.21851   0.10819 for L=    5, J=    6.0 channel on core I =   0.0 from L=    5,  Acc. loss =  0.0 D.
 Elastic phase shift   1 =   13.171  40.430 deg. for the L =    5, J =    6.0 channel.
       6.0  0.21851216  0.10819132i: elastic S-matrix  @@      0.00  0   0 F  0
 Reaction Xsec     6.0-/ 5 @ 1 =  23.003 , Out:   0.000#   0.202   22.801f

   S-matrix    2 =   -0.18118  -0.04940 for L=    7, J=    6.0 channel on core I =   0.0 from L=    7,  Acc. loss =  0.0 D.
 Elastic phase shift   2 =  -82.375  47.912 deg. for the L =    7, J =    6.0 channel.
       6.0 -0.18117502 -0.04939668i: elastic S-matrix  @@      0.00  0   0 F  0
 Reaction Xsec     6.0-/ 7 @ 2 =  23.594 , Out:   0.000#   0.165   23.429f


 Total SPIN, PARITY =     7.0 +,     10 chs,      0 cc.  Rmin & Coul turning =    0.3    3.3
   S-matrix    1 =    0.23123  -0.01056 for L=    6, J=    7.0 channel on core I =   0.0 from L=    6,  Acc. loss =  0.0 D.
 Elastic phase shift   1 =   -1.307  41.921 deg. for the L =    6, J =    7.0 channel.
       7.0  0.23122803 -0.01055978i: elastic S-matrix  @@      0.00  0   0 F  0
 Reaction Xsec     7.0+/ 6 @ 1 =  26.707 , Out:   0.000#   0.202   26.505f

   S-matrix    2 =   -0.14656   0.10933 for L=    8, J=    7.0 channel on core I =   0.0 from L=    8,  Acc. loss =  0.0 D.
 Elastic phase shift   2 =   71.639  48.676 deg. for the L =    8, J =    7.0 channel.
       7.0 -0.14655713  0.10932964i: elastic S-matrix  @@      0.00  0   0 F  0
 Reaction Xsec     7.0+/ 8 @ 2 =  27.276 , Out:   0.000#   0.271   27.005f


 Total SPIN, PARITY =     7.0 -,      8 chs,      0 cc.  Rmin & Coul turning =    0.3    3.3
   S-matrix    1 =   -0.05488  -0.19429 for L=    7, J=    7.0 channel on core I =   0.0 from L=    7,  Acc. loss =  0.0 D.
 Elastic phase shift   1 =  -52.887  45.838 deg. for the L =    7, J =    7.0 channel.
       7.0 -0.05488221 -0.19428682i: elastic S-matrix  @@      0.00  0   0 F  0
 Reaction Xsec     7.0-/ 7 @ 1 =  27.069 , Out:   0.000#   0.177   26.892f


 Total SPIN, PARITY =     8.0 +,      8 chs,      0 cc.  Rmin & Coul turning =    0.4    3.7
   S-matrix    1 =   -0.16493  -0.07524 for L=    8, J=    8.0 channel on core I =   0.0 from L=    8,  Acc. loss =  0.0 D.
 Elastic phase shift   1 =  -77.740  48.922 deg. for the L =    8, J =    8.0 channel.
       8.0 -0.16493368 -0.07523688i: elastic S-matrix  @@      0.00  0   0 F  0
 Reaction Xsec     8.0+/ 8 @ 1 =  30.931 , Out:   0.000#   0.231   30.700f


 Total SPIN, PARITY =     8.0 -,     10 chs,      0 cc.  Rmin & Coul turning =    0.4    3.7
   S-matrix    1 =    0.16616  -0.14030 for L=    7, J=    8.0 channel on core I =   0.0 from L=    7,  Acc. loss =  0.0 D.
 Elastic phase shift   1 =  -20.089  43.708 deg. for the L =    7, J =    8.0 channel.
       8.0  0.16615674 -0.14030458i: elastic S-matrix  @@      0.00  0   0 F  0
 Reaction Xsec     8.0-/ 7 @ 1 =  30.469 , Out:   0.000#   0.209   30.260f

   S-matrix    2 =   -0.00785   0.23406 for L=    9, J=    8.0 channel on core I =   0.0 from L=    9,  Acc. loss =  0.0 D.
 Elastic phase shift   2 =   45.960  41.586 deg. for the L =    9, J =    8.0 channel.
       8.0 -0.00784694  0.23405897i: elastic S-matrix  @@      0.00  0   0 F  0
 Reaction Xsec     8.0-/ 9 @ 2 =  30.228 , Out:   0.000#   0.462   29.765f


 Total SPIN, PARITY =     9.0 +,     10 chs,      0 cc.  Rmin & Coul turning =    0.4    4.1
   S-matrix    1 =    0.01556  -0.20122 for L=    8, J=    9.0 channel on core I =   0.0 from L=    8,  Acc. loss =  0.0 D.
 Elastic phase shift   1 =  -42.790  45.847 deg. for the L =    8, J =    9.0 channel.
       9.0  0.01555542 -0.20122340i: elastic S-matrix  @@      0.00  0   0 F  0
 Reaction Xsec     9.0+/ 8 @ 1 =  34.288 , Out:   0.000#   0.212   34.077f

   S-matrix    2 =    0.19613   0.31100 for L=   10, J=    9.0 channel on core I =   0.0 from L=   10,  Acc. loss =  0.0 D.
 Elastic phase shift   2 =   28.882  28.664 deg. for the L =   10, J =    9.0 channel.
       9.0  0.19612673  0.31099825i: elastic S-matrix  @@      0.00  0   0 F  0
 Reaction Xsec     9.0+/10 @ 2 =  30.912 , Out:   0.000#   0.627   30.285f


 Total SPIN, PARITY =     9.0 -,      8 chs,      0 cc.  Rmin & Coul turning =    0.4    4.1
   S-matrix    1 =   -0.13390   0.11819 for L=    9, J=    9.0 channel on core I =   0.0 from L=    9,  Acc. loss =  0.0 D.
 Elastic phase shift   1 =   69.283  49.349 deg. for the L =    9, J =    9.0 channel.
       9.0 -0.13389930  0.11818893i: elastic S-matrix  @@      0.00  0   0 F  0
 Reaction Xsec     9.0-/ 9 @ 1 =  34.604 , Out:   0.000#   0.417   34.187f


 Total SPIN, PARITY =    10.0 +,      8 chs,      0 cc.  Rmin & Coul turning =    0.5    4.5
   S-matrix    1 =    0.05079   0.29214 for L=   10, J=   10.0 channel on core I =   0.0 from L=   10,  Acc. loss =  0.0 D.
 Elastic phase shift   1 =   40.068  34.825 deg. for the L =   10, J =   10.0 channel.
      10.0  0.05079274  0.29213879i: elastic S-matrix  @@      0.00  0   0 F  0
 Reaction Xsec    10.0+/10 @ 1 =  36.033 , Out:   0.000#   0.632   35.401f


 Total SPIN, PARITY =    10.0 -,     10 chs,      0 cc.  Rmin & Coul turning =    0.5    4.5
   S-matrix    1 =   -0.12992  -0.08571 for L=    9, J=   10.0 channel on core I =   0.0 from L=    9,  Acc. loss =  0.0 D.
 Elastic phase shift   1 =  -73.294  53.290 deg. for the L =    9, J =   10.0 channel.
      10.0 -0.12992218 -0.08570723i: elastic S-matrix  @@      0.00  0   0 F  0
 Reaction Xsec    10.0-/ 9 @ 1 =  38.550 , Out:   0.000#   0.323   38.226f

   S-matrix    2 =    0.42395   0.32911 for L=   11, J=   10.0 channel on core I =   0.0 from L=   11,  Acc. loss =  0.0 D.
 Elastic phase shift   2 =   18.911  17.828 deg. for the L =   11, J =   10.0 channel.
      10.0  0.42394940  0.32911362i: elastic S-matrix  @@      0.00  0   0 F  0
 Reaction Xsec    10.0-/11 @ 2 =  28.127 , Out:   0.000#   0.647   27.480f


 Total SPIN, PARITY =    11.0 +,     10 chs,      0 cc.  Rmin & Coul turning =    0.5    5.0
   S-matrix    1 =   -0.08685   0.17871 for L=   10, J=   11.0 channel on core I =   0.0 from L=   10,  Acc. loss =  0.0 D.
 Elastic phase shift   1 =   57.959  46.294 deg. for the L =   10, J =   11.0 channel.
      11.0 -0.08684925  0.17871050i: elastic S-matrix  @@      0.00  0   0 F  0
 Reaction Xsec    11.0+/10 @ 1 =  41.561 , Out:   0.000#   0.586   40.975f

   S-matrix    2 =    0.62749   0.29230 for L=   12, J=   11.0 channel on core I =   0.0 from L=   12,  Acc. loss =  0.0 D.
 Elastic phase shift   2 =   12.488  10.538 deg. for the L =   12, J =   11.0 channel.
      11.0  0.62749331  0.29229798i: elastic S-matrix  @@      0.00  0   0 F  0
 Reaction Xsec    11.0+/12 @ 2 =  22.535 , Out:   0.000#   0.517   22.018f


 Total SPIN, PARITY =    11.0 -,      8 chs,      0 cc.  Rmin & Coul turning =    0.5    5.0
   S-matrix    1 =    0.32050   0.36973 for L=   11, J=   11.0 channel on core I =   0.0 from L=   11,  Acc. loss =  0.0 D.
 Elastic phase shift   1 =   24.540  20.477 deg. for the L =   11, J =   11.0 channel.
      11.0  0.32049792  0.36972775i: elastic S-matrix  @@      0.00  0   0 F  0
 Reaction Xsec    11.0-/11 @ 1 =  32.910 , Out:   0.000#   0.697   32.213f


 Total SPIN, PARITY =    12.0 +,      8 chs,      0 cc.  Rmin & Coul turning =    0.6    5.4
   S-matrix    1 =    0.57407   0.34370 for L=   12, J=   12.0 channel on core I =   0.0 from L=   12,  Acc. loss =  0.0 D.
 Elastic phase shift   1 =   15.455  11.512 deg. for the L =   12, J =   12.0 channel.
      12.0  0.57407172  0.34370084i: elastic S-matrix  @@      0.00  0   0 F  0
 Reaction Xsec    12.0+/12 @ 1 =  25.976 , Out:   0.000#   0.578   25.398f


 Total SPIN, PARITY =    12.0 -,     10 chs,      0 cc.  Rmin & Coul turning =    0.6    5.4
   S-matrix    1 =    0.18505   0.37708 for L=   11, J=   12.0 channel on core I =   0.0 from L=   11,  Acc. loss =  0.0 D.
 Elastic phase shift   1 =   31.931  24.850 deg. for the L =   11, J =   12.0 channel.
      12.0  0.18504521  0.37707824i: elastic S-matrix  @@      0.00  0   0 F  0
 Reaction Xsec    12.0-/11 @ 1 =  38.734 , Out:   0.000#   0.719   38.015f

   S-matrix    2 =    0.77691   0.22699 for L=   13, J=   12.0 channel on core I =   0.0 from L=   13,  Acc. loss =  0.0 D.
 Elastic phase shift   2 =    8.143   6.058 deg. for the L =   13, J =   12.0 channel.
      12.0  0.77690501  0.22698974i: elastic S-matrix  @@      0.00  0   0 F  0
 Reaction Xsec    12.0-/13 @ 2 =  16.221 , Out:   0.000#   0.331   15.890f


 Total SPIN, PARITY =    13.0 +,     10 chs,      0 cc.  Rmin & Coul turning =    0.6    5.8
   S-matrix    1 =    0.50142   0.39354 for L=   12, J=   13.0 channel on core I =   0.0 from L=   12,  Acc. loss =  0.0 D.
 Elastic phase shift   1 =   19.063  12.901 deg. for the L =   12, J =   13.0 channel.
      13.0  0.50142394  0.39354342i: elastic S-matrix  @@      0.00  0   0 F  0
 Reaction Xsec    13.0+/12 @ 1 =  30.157 , Out:   0.000#   0.628   29.528f

   S-matrix    2 =    0.87211   0.16096 for L=   14, J=   13.0 channel on core I =   0.0 from L=   14,  Acc. loss =  0.0 D.
 Elastic phase shift   2 =    5.228   3.440 deg. for the L =   14, J =   13.0 channel.
      13.0  0.87211376  0.16095925i: elastic S-matrix  @@      0.00  0   0 F  0
 Reaction Xsec    13.0+/14 @ 2 =  10.845 , Out:   0.000#   0.174   10.671f


 Total SPIN, PARITY =    13.0 -,      8 chs,      0 cc.  Rmin & Coul turning =    0.6    5.8
   S-matrix    1 =    0.75460   0.26589 for L=   13, J=   13.0 channel on core I =   0.0 from L=   13,  Acc. loss =  0.0 D.
 Elastic phase shift   1 =    9.705   6.390 deg. for the L =   13, J =   13.0 channel.
      13.0  0.75459843  0.26589166i: elastic S-matrix  @@      0.00  0   0 F  0
 Reaction Xsec    13.0-/13 @ 1 =  18.280 , Out:   0.000#   0.374   17.906f


 Total SPIN, PARITY =    14.0 +,      8 chs,      0 cc.  Rmin & Coul turning =    0.7    6.2
   S-matrix    1 =    0.86386   0.18518 for L=   14, J=   14.0 channel on core I =   0.0 from L=   14,  Acc. loss =  0.0 D.
 Elastic phase shift   1 =    6.050   3.549 deg. for the L =   14, J =   14.0 channel.
      14.0  0.86386451  0.18518304i: elastic S-matrix  @@      0.00  0   0 F  0
 Reaction Xsec    14.0+/14 @ 1 =  11.972 , Out:   0.000#   0.196   11.776f


 Total SPIN, PARITY =    14.0 -,     10 chs,      0 cc.  Rmin & Coul turning =    0.7    6.2
   S-matrix    1 =    0.72551   0.30831 for L=   13, J=   14.0 channel on core I =   0.0 from L=   13,  Acc. loss =  0.0 D.
 Elastic phase shift   1 =   11.512   6.815 deg. for the L =   13, J =   14.0 channel.
      14.0  0.72550669  0.30830988i: elastic S-matrix  @@      0.00  0   0 F  0
 Reaction Xsec    14.0-/13 @ 1 =  20.654 , Out:   0.000#   0.420   20.234f

   S-matrix    2 =    0.92804   0.10795 for L=   15, J=   14.0 channel on core I =   0.0 from L=   15,  Acc. loss =  0.0 D.
 Elastic phase shift   2 =    3.318   1.947 deg. for the L =   15, J =   14.0 channel.
      14.0  0.92804344  0.10795475i: elastic S-matrix  @@      0.00  0   0 F  0
 Reaction Xsec    14.0-/15 @ 2 =   6.933 , Out:   0.000#   0.079    6.854f


 Total SPIN, PARITY =    15.0 +,     10 chs,      0 cc.  Rmin & Coul turning =    0.7    6.7
   S-matrix    1 =    0.85363   0.21179 for L=   14, J=   15.0 channel on core I =   0.0 from L=   14,  Acc. loss =  0.0 D.
 Elastic phase shift   1 =    6.967   3.678 deg. for the L =   14, J =   15.0 channel.
      15.0  0.85363416  0.21178543i: elastic S-matrix  @@      0.00  0   0 F  0
 Reaction Xsec    15.0+/14 @ 1 =  13.207 , Out:   0.000#   0.220   12.987f

   S-matrix    2 =    0.95970   0.07009 for L=   16, J=   15.0 channel on core I =   0.0 from L=   16,  Acc. loss =  0.0 D.
 Elastic phase shift   2 =    2.089   1.102 deg. for the L =   16, J =   15.0 channel.
      15.0  0.95969539  0.07009288i: elastic S-matrix  @@      0.00  0   0 F  0
 Reaction Xsec    15.0+/16 @ 2 =   4.320 , Out:   0.000#   0.033    4.287f


 Total SPIN, PARITY =    15.0 -,      8 chs,      0 cc.  Rmin & Coul turning =    0.7    6.7
   S-matrix    1 =    0.92517   0.12185 for L=   15, J=   15.0 channel on core I =   0.0 from L=   15,  Acc. loss =  0.0 D.
 Elastic phase shift   1 =    3.751   1.982 deg. for the L =   15, J =   15.0 channel.
      15.0  0.92517229  0.12184710i: elastic S-matrix  @@      0.00  0   0 F  0
 Reaction Xsec    15.0-/15 @ 1 =   7.535 , Out:   0.000#   0.088    7.448f


 Total SPIN, PARITY =    16.0 +,      8 chs,      0 cc.  Rmin & Coul turning =    0.8    7.1
   S-matrix    1 =    0.95872   0.07780 for L=   16, J=   16.0 channel on core I =   0.0 from L=   16,  Acc. loss =  0.0 D.
 Elastic phase shift   1 =    2.320   1.114 deg. for the L =   16, J =   16.0 channel.
      16.0  0.95872316  0.07779804i: elastic S-matrix  @@      0.00  0   0 F  0
 Reaction Xsec    16.0+/16 @ 1 =   4.644 , Out:   0.000#   0.035    4.608f


 Total SPIN, PARITY =    16.0 -,     10 chs,      0 cc.  Rmin & Coul turning =    0.8    7.1
   S-matrix    1 =    0.92175   0.13694 for L=   15, J=   16.0 channel on core I =   0.0 from L=   15,  Acc. loss =  0.0 D.
 Elastic phase shift   1 =    4.225   2.022 deg. for the L =   15, J =   16.0 channel.
      16.0  0.92175117  0.13694339i: elastic S-matrix  @@      0.00  0   0 F  0
 Reaction Xsec    16.0-/15 @ 1 =   8.171 , Out:   0.000#   0.097    8.074f

   S-matrix    2 =    0.97739   0.04466 for L=   17, J=   16.0 channel on core I =   0.0 from L=   17,  Acc. loss =  0.0 D.
 Elastic phase shift   2 =    1.308   0.625 deg. for the L =   17, J =   16.0 channel.
      16.0  0.97738781  0.04466433i: elastic S-matrix  @@      0.00  0   0 F  0
 Reaction Xsec    16.0-/17 @ 2 =   2.652 , Out:   0.000#   0.012    2.640f


 Total SPIN, PARITY =    17.0 +,     10 chs,      0 cc.  Rmin & Coul turning =    0.8    7.5
   S-matrix    1 =    0.95760   0.08608 for L=   16, J=   17.0 channel on core I =   0.0 from L=   16,  Acc. loss =  0.0 D.
 Elastic phase shift   1 =    2.568   1.126 deg. for the L =   16, J =   17.0 channel.
      17.0  0.95759752  0.08608159i: elastic S-matrix  @@      0.00  0   0 F  0
 Reaction Xsec    17.0+/16 @ 1 =   4.978 , Out:   0.000#   0.038    4.939f

   S-matrix    2 =    0.98727   0.02815 for L=   18, J=   17.0 channel on core I =   0.0 from L=   18,  Acc. loss =  0.0 D.
 Elastic phase shift   2 =    0.817   0.355 deg. for the L =   18, J =   17.0 channel.
      17.0  0.98726971  0.02814721i: elastic S-matrix  @@      0.00  0   0 F  0
 Reaction Xsec    17.0+/18 @ 2 =   1.614 , Out:   0.000#   4.318/   1.609f


 Total SPIN, PARITY =    17.0 -,      8 chs,      0 cc.  Rmin & Coul turning =    0.8    7.5
   S-matrix    1 =    0.97706   0.04888 for L=   17, J=   17.0 channel on core I =   0.0 from L=   17,  Acc. loss =  0.0 D.
 Elastic phase shift   1 =    1.432   0.629 deg. for the L =   17, J =   17.0 channel.
      17.0  0.97706240  0.04888351i: elastic S-matrix  @@      0.00  0   0 F  0
 Reaction Xsec    17.0-/17 @ 1 =   2.829 , Out:   0.000#   0.013    2.815f


 Total SPIN, PARITY =    18.0 +,      8 chs,      0 cc.  Rmin & Coul turning =    0.8    7.9
   S-matrix    1 =    0.98716   0.03045 for L=   18, J=   18.0 channel on core I =   0.0 from L=   18,  Acc. loss =  0.0 D.
 Elastic phase shift   1 =    0.883   0.357 deg. for the L =   18, J =   18.0 channel.
      18.0  0.98716130  0.03044703i: elastic S-matrix  @@      0.00  0   0 F  0
 Reaction Xsec    18.0+/18 @ 1 =   1.711 , Out:   0.000#   4.604/   1.707f


 Total SPIN, PARITY =    18.0 -,     10 chs,      0 cc.  Rmin & Coul turning =    0.8    7.9
   S-matrix    1 =    0.97669   0.05338 for L=   17, J=   18.0 channel on core I =   0.0 from L=   17,  Acc. loss =  0.0 D.
 Elastic phase shift   1 =    1.564   0.633 deg. for the L =   17, J =   18.0 channel.
      18.0  0.97669328  0.05338227i: elastic S-matrix  @@      0.00  0   0 F  0
 Reaction Xsec    18.0-/17 @ 1 =   3.008 , Out:   0.000#   0.014    2.994f

   S-matrix    2 =    0.99281   0.01762 for L=   19, J=   18.0 channel on core I =   0.0 from L=   19,  Acc. loss =  0.0 D.
 Elastic phase shift   2 =    0.508   0.202 deg. for the L =   19, J =   18.0 channel.
      18.0  0.99280841  0.01761721i: elastic S-matrix  @@      0.00  0   0 F  0
 Reaction Xsec    18.0-/19 @ 2 =   0.976 , Out:   0.000#   1.375/   0.975f


 Total SPIN, PARITY =    19.0 +,     10 chs,      0 cc.  Rmin & Coul turning =    0.9    8.4
   S-matrix    1 =    0.98704   0.03288 for L=   18, J=   19.0 channel on core I =   0.0 from L=   18,  Acc. loss =  0.0 D.
 Elastic phase shift   1 =    0.954   0.358 deg. for the L =   18, J =   19.0 channel.
      19.0  0.98704018  0.03288453i: elastic S-matrix  @@      0.00  0   0 F  0
 Reaction Xsec    19.0+/18 @ 1 =   1.810 , Out:   0.000#   4.897/   1.805f

   S-matrix    2 =    0.99593   0.01098 for L=   20, J=   19.0 channel on core I =   0.0 from L=   20,  Acc. loss =  0.0 D.
 Elastic phase shift   2 =    0.316   0.115 deg. for the L =   20, J =   19.0 channel.
      19.0  0.99592620  0.01097710i: elastic S-matrix  @@      0.00  0   0 F  0
 Reaction Xsec    19.0+/20 @ 2 =   0.588 , Out:   0.000#   0.377/   0.587f


 Total SPIN, PARITY =    19.0 -,      8 chs,      0 cc.  Rmin & Coul turning =    0.9    8.4
   S-matrix    1 =    0.99277   0.01887 for L=   19, J=   19.0 channel on core I =   0.0 from L=   19,  Acc. loss =  0.0 D.
 Elastic phase shift   1 =    0.544   0.203 deg. for the L =   19, J =   19.0 channel.
      19.0  0.99277238  0.01886893i: elastic S-matrix  @@      0.00  0   0 F  0
 Reaction Xsec    19.0-/19 @ 1 =   1.031 , Out:   0.000#   1.457/   1.029f


 Total SPIN, PARITY =    20.0 +,      8 chs,      0 cc.  Rmin & Coul turning =    1.0    8.8
   S-matrix    1 =    0.99591   0.01166 for L=   20, J=   20.0 channel on core I =   0.0 from L=   20,  Acc. loss =  0.0 D.
 Elastic phase shift   1 =    0.335   0.115 deg. for the L =   20, J =   20.0 channel.
      20.0  0.99591424  0.01165800i: elastic S-matrix  @@      0.00  0   0 F  0
 Reaction Xsec    20.0+/20 @ 1 =   0.619 , Out:   0.000#   0.398/   0.618f


 Total SPIN, PARITY =    20.0 -,     10 chs,      0 cc.  Rmin & Coul turning =    1.0    8.8
   S-matrix    1 =    0.99273   0.02019 for L=   19, J=   20.0 channel on core I =   0.0 from L=   19,  Acc. loss =  0.0 D.
 Elastic phase shift   1 =    0.583   0.203 deg. for the L =   19, J =   20.0 channel.
      20.0  0.99273257  0.02018961i: elastic S-matrix  @@      0.00  0   0 F  0
 Reaction Xsec    20.0-/19 @ 1 =   1.086 , Out:   0.000#   1.541/   1.084f

   S-matrix    2 =    0.99769   0.00682 for L=   21, J=   20.0 channel on core I =   0.0 from L=   21,  Acc. loss =  0.0 D.
 Elastic phase shift   2 =    0.196   0.066 deg. for the L =   21, J =   20.0 channel.
      20.0  0.99768786  0.00681813i: elastic S-matrix  @@      0.00  0   0 F  0
 Reaction Xsec    20.0-/21 @ 2 =   0.353 , Out:   0.000#   0.082/   0.353f


 Total SPIN, PARITY =    21.0 +,     10 chs,      0 cc.  Rmin & Coul turning =    1.0    9.2
   S-matrix    1 =    0.99590   0.01237 for L=   20, J=   21.0 channel on core I =   0.0 from L=   20,  Acc. loss =  0.0 D.
 Elastic phase shift   1 =    0.356   0.115 deg. for the L =   20, J =   21.0 channel.
      21.0  0.99590114  0.01237391i: elastic S-matrix  @@      0.00  0   0 F  0
 Reaction Xsec    21.0+/20 @ 1 =   0.649 , Out:   0.000#   0.419/   0.649f

   S-matrix    2 =    0.99869   0.00422 for L=   22, J=   21.0 channel on core I =   0.0 from L=   22,  Acc. loss =  0.0 D.
 Elastic phase shift   2 =    0.121   0.037 deg. for the L =   22, J =   21.0 channel.
      21.0  0.99868609  0.00422482i: elastic S-matrix  @@      0.00  0   0 F  0
 Reaction Xsec    21.0+/22 @ 2 =   0.211 , Out:   0.000#   0.022/   0.211f


 Total SPIN, PARITY =    21.0 -,      8 chs,      0 cc.  Rmin & Coul turning =    1.0    9.2
   S-matrix    1 =    0.99768   0.00719 for L=   21, J=   21.0 channel on core I =   0.0 from L=   21,  Acc. loss =  0.0 D.
 Elastic phase shift   1 =    0.206   0.066 deg. for the L =   21, J =   21.0 channel.
      21.0  0.99768389  0.00718840i: elastic S-matrix  @@      0.00  0   0 F  0
 Reaction Xsec    21.0-/21 @ 1 =   0.370 , Out:   0.000#   0.087/   0.370f


 Total SPIN, PARITY =    22.0 +,      8 chs,      0 cc.  Rmin & Coul turning =    1.1    9.6
   S-matrix    1 =    0.99868   0.00443 for L=   22, J=   22.0 channel on core I =   0.0 from L=   22,  Acc. loss =  0.0 D.
 Elastic phase shift   1 =    0.127   0.037 deg. for the L =   22, J =   22.0 channel.
      22.0  0.99868478  0.00442610i: elastic S-matrix  @@      0.00  0   0 F  0
 Reaction Xsec    22.0+/22 @ 1 =   0.221 , Out:   0.000#   0.023/   0.221f


 Total SPIN, PARITY =    22.0 -,     10 chs,      0 cc.  Rmin & Coul turning =    1.1    9.6
   S-matrix    1 =    0.99768   0.00758 for L=   21, J=   22.0 channel on core I =   0.0 from L=   21,  Acc. loss =  0.0 D.
 Elastic phase shift   1 =    0.218   0.066 deg. for the L =   21, J =   22.0 channel.
      22.0  0.99767958  0.00757661i: elastic S-matrix  @@      0.00  0   0 F  0
 Reaction Xsec    22.0-/21 @ 1 =   0.388 , Out:   0.000#   0.091/   0.387f

   S-matrix    2 =    0.99925   0.00261 for L=   23, J=   22.0 channel on core I =   0.0 from L=   23,  Acc. loss =  0.0 D.
 Elastic phase shift   2 =    0.075   0.021 deg. for the L =   23, J =   22.0 channel.
      22.0  0.99925284  0.00261291i: elastic S-matrix  @@      0.00  0   0 F  0
 Reaction Xsec    22.0-/23 @ 2 =   0.126 , Out:   0.000#   0.028/   0.126f


 Total SPIN, PARITY =    23.0 +,     10 chs,      0 cc.  Rmin & Coul turning =    1.1   10.0
   S-matrix    1 =    0.99868   0.00464 for L=   22, J=   23.0 channel on core I =   0.0 from L=   22,  Acc. loss =  0.0 D.
 Elastic phase shift   1 =    0.133   0.037 deg. for the L =   22, J =   23.0 channel.
      23.0  0.99868336  0.00463663i: elastic S-matrix  @@      0.00  0   0 F  0
 Reaction Xsec    23.0+/22 @ 1 =   0.231 , Out:   0.000#   0.024/   0.231f

   S-matrix    2 =    0.99957   0.00161 for L=   24, J=   23.0 channel on core I =   0.0 from L=   24,  Acc. loss =  0.0 D.
 Elastic phase shift   2 =    0.046   0.012 deg. for the L =   24, J =   23.0 channel.
      23.0  0.99957500  0.00161343i: elastic S-matrix  @@      0.00  0   0 F  0
 Reaction Xsec    23.0+/24 @ 2 =   0.075 , Out:   0.000#   0.046/   0.075f


 Total SPIN, PARITY =    23.0 -,      8 chs,      0 cc.  Rmin & Coul turning =    1.1   10.0
   S-matrix    1 =    0.99925   0.00272 for L=   23, J=   23.0 channel on core I =   0.0 from L=   23,  Acc. loss =  0.0 D.
 Elastic phase shift   1 =    0.078   0.021 deg. for the L =   23, J =   23.0 channel.
      23.0  0.99925240  0.00272228i: elastic S-matrix  @@      0.00  0   0 F  0
 Reaction Xsec    23.0-/23 @ 1 =   0.132 , Out:   0.000#   0.030/   0.131f


 Total SPIN, PARITY =    24.0 +,      8 chs,      0 cc.  Rmin & Coul turning =    1.1   10.5
   S-matrix    1 =    0.99957   0.00167 for L=   24, J=   24.0 channel on core I =   0.0 from L=   24,  Acc. loss =  0.0 D.
 Elastic phase shift   1 =    0.048   0.012 deg. for the L =   24, J =   24.0 channel.
      24.0  0.99957485  0.00167282i: elastic S-matrix  @@      0.00  0   0 F  0
 Reaction Xsec    24.0+/24 @ 1 =   0.078 , Out:   0.000#   0.047/   0.078f


 Total SPIN, PARITY =    24.0 -,     10 chs,      0 cc.  Rmin & Coul turning =    1.1   10.5
   S-matrix    1 =    0.99925   0.00284 for L=   23, J=   24.0 channel on core I =   0.0 from L=   23,  Acc. loss =  0.0 D.
 Elastic phase shift   1 =    0.081   0.021 deg. for the L =   23, J =   24.0 channel.
      24.0  0.99925194  0.00283643i: elastic S-matrix  @@      0.00  0   0 F  0
 Reaction Xsec    24.0-/23 @ 1 =   0.137 , Out:   0.000#   0.031/   0.137f

   S-matrix    2 =    0.99976   0.00099 for L=   25, J=   24.0 channel on core I =   0.0 from L=   25,  Acc. loss =  0.0 D.
 Elastic phase shift   2 =    0.029   0.007 deg. for the L =   25, J =   24.0 channel.
      24.0  0.99975824  0.00099490i: elastic S-matrix  @@      0.00  0   0 F  0
 Reaction Xsec    24.0-/25 @ 2 =   0.044 , Out:   0.000#   0.059/   0.044f


 Total SPIN, PARITY =    25.0 +,     10 chs,      0 cc.  Rmin & Coul turning =    1.2   10.9
   S-matrix    1 =    0.99957   0.00173 for L=   24, J=   25.0 channel on core I =   0.0 from L=   24,  Acc. loss =  0.0 D.
 Elastic phase shift   1 =    0.050   0.012 deg. for the L =   24, J =   25.0 channel.
      25.0  0.99957470  0.00173470i: elastic S-matrix  @@      0.00  0   0 F  0
 Reaction Xsec    25.0+/24 @ 1 =   0.081 , Out:   0.000#   0.049/   0.081f

   S-matrix    2 =    0.99986   0.00061 for L=   26, J=   25.0 channel on core I =   0.0 from L=   26,  Acc. loss =  0.0 D.
 Elastic phase shift   2 =    0.018   0.004 deg. for the L =   26, J =   25.0 channel.
      25.0  0.99986250  0.00061274i: elastic S-matrix  @@      0.00  0   0 F  0
 Reaction Xsec    25.0+/26 @ 2 =   0.026 , Out:   0.000#   0.066/   0.026f


 Total SPIN, PARITY =    25.0 -,      8 chs,      0 cc.  Rmin & Coul turning =    1.2   10.9
   S-matrix    1 =    0.99976   0.00103 for L=   25, J=   25.0 channel on core I =   0.0 from L=   25,  Acc. loss =  0.0 D.
 Elastic phase shift   1 =    0.029   0.007 deg. for the L =   25, J =   25.0 channel.
      25.0  0.99975820  0.00102713i: elastic S-matrix  @@      0.00  0   0 F  0
 Reaction Xsec    25.0-/25 @ 1 =   0.046 , Out:   0.000#   0.061/   0.046f


 Total SPIN, PARITY =    26.0 +,      8 chs,      0 cc.  Rmin & Coul turning =    1.2   11.3
   S-matrix    1 =    0.99986   0.00063 for L=   26, J=   26.0 channel on core I =   0.0 from L=   26,  Acc. loss =  0.0 D.
 Elastic phase shift   1 =    0.018   0.004 deg. for the L =   26, J =   26.0 channel.
      26.0  0.99986249  0.00063023i: elastic S-matrix  @@      0.00  0   0 F  0
 Reaction Xsec    26.0+/26 @ 1 =   0.027 , Out:   0.000#   0.068/   0.027f


 Total SPIN, PARITY =    26.0 -,     10 chs,      0 cc.  Rmin & Coul turning =    1.2   11.3
   S-matrix    1 =    0.99976   0.00106 for L=   25, J=   26.0 channel on core I =   0.0 from L=   25,  Acc. loss =  0.0 D.
 Elastic phase shift   1 =    0.030   0.007 deg. for the L =   25, J =   26.0 channel.
      26.0  0.99975815  0.00106066i: elastic S-matrix  @@      0.00  0   0 F  0
 Reaction Xsec    26.0-/25 @ 1 =   0.048 , Out:   0.000#   0.063/   0.048f

   S-matrix    2 =    0.99992   0.00038 for L=   27, J=   26.0 channel on core I =   0.0 from L=   27,  Acc. loss =  0.0 D.
 Elastic phase shift   2 =    0.011   0.002 deg. for the L =   27, J =   26.0 channel.
      26.0  0.99992182  0.00037697i: elastic S-matrix  @@      0.00  0   0 F  0
 Reaction Xsec    26.0-/27 @ 2 =   0.016 , Out:   0.000#   0.068/   0.016f


 Total SPIN, PARITY =    27.0 +,     10 chs,      0 cc.  Rmin & Coul turning =    1.3   11.7
   S-matrix    1 =    0.99986   0.00065 for L=   26, J=   27.0 channel on core I =   0.0 from L=   26,  Acc. loss =  0.0 D.
 Elastic phase shift   1 =    0.019   0.004 deg. for the L =   26, J =   27.0 channel.
      27.0  0.99986247  0.00064838i: elastic S-matrix  @@      0.00  0   0 F  0
 Reaction Xsec    27.0+/26 @ 1 =   0.028 , Out:   0.000#   0.071/   0.028f

   S-matrix    2 =    0.99996   0.00023 for L=   28, J=   27.0 channel on core I =   0.0 from L=   28,  Acc. loss =  0.0 D.
 Elastic phase shift   2 =    0.007   0.001 deg. for the L =   28, J =   27.0 channel.
      27.0  0.99995557  0.00023169i: elastic S-matrix  @@      0.00  0   0 F  0
 Reaction Xsec    27.0+/28 @ 2 =   9.189/, Out:   0.000#   0.066/   0.009f


 Total SPIN, PARITY =    27.0 -,      8 chs,      0 cc.  Rmin & Coul turning =    1.3   11.7
   S-matrix    1 =    0.99992   0.00039 for L=   27, J=   27.0 channel on core I =   0.0 from L=   27,  Acc. loss =  0.0 D.
 Elastic phase shift   1 =    0.011   0.002 deg. for the L =   27, J =   27.0 channel.
      27.0  0.99992182  0.00038645i: elastic S-matrix  @@      0.00  0   0 F  0
 Reaction Xsec    27.0-/27 @ 1 =   0.016 , Out:   0.000#   0.070/   0.016f


 Total SPIN, PARITY =    28.0 +,      8 chs,      0 cc.  Rmin & Coul turning =    1.3   12.2
   S-matrix    1 =    0.99996   0.00024 for L=   28, J=   28.0 channel on core I =   0.0 from L=   28,  Acc. loss =  0.0 D.
 Elastic phase shift   1 =    0.007   0.001 deg. for the L =   28, J =   28.0 channel.
      28.0  0.99995556  0.00023683i: elastic S-matrix  @@      0.00  0   0 F  0
 Reaction Xsec    28.0+/28 @ 1 =   9.524/, Out:   0.000#   0.069/   0.009f


 Total SPIN, PARITY =    28.0 -,     10 chs,      0 cc.  Rmin & Coul turning =    1.3   12.2
   S-matrix    1 =    0.99992   0.00040 for L=   27, J=   28.0 channel on core I =   0.0 from L=   27,  Acc. loss =  0.0 D.
 Elastic phase shift   1 =    0.011   0.002 deg. for the L =   27, J =   28.0 channel.
      28.0  0.99992181  0.00039628i: elastic S-matrix  @@      0.00  0   0 F  0
 Reaction Xsec    28.0-/27 @ 1 =   0.017 , Out:   0.000#   0.073/   0.017f

   S-matrix    2 =    0.99997   0.00014 for L=   29, J=   28.0 channel on core I =   0.0 from L=   29,  Acc. loss =  0.0 D.
 Elastic phase shift   2 =    0.004   0.001 deg. for the L =   29, J =   28.0 channel.
      28.0  0.99997475  0.00014227i: elastic S-matrix  @@      0.00  0   0 F  0
 Reaction Xsec    28.0-/29 @ 2 =   5.412/, Out:   0.000#   0.063/   0.005f


 Total SPIN, PARITY =    29.0 +,     10 chs,      0 cc.  Rmin & Coul turning =    1.4   12.6
   S-matrix    1 =    0.99996   0.00024 for L=   28, J=   29.0 channel on core I =   0.0 from L=   28,  Acc. loss =  0.0 D.
 Elastic phase shift   1 =    0.007   0.001 deg. for the L =   28, J =   29.0 channel.
      29.0  0.99995556  0.00024214i: elastic S-matrix  @@      0.00  0   0 F  0
 Reaction Xsec    29.0+/28 @ 1 =   9.858/, Out:   0.000#   0.071/   0.010f

   S-matrix    2 =    0.99999   0.00009 for L=   30, J=   29.0 channel on core I =   0.0 from L=   30,  Acc. loss =  0.0 D.
 Elastic phase shift   2 =    0.003   0.000 deg. for the L =   30, J =   29.0 channel.
      29.0  0.99998566  0.00008730i: elastic S-matrix  @@      0.00  0   0 F  0
 Reaction Xsec    29.0+/30 @ 2 =   3.182/, Out:   0.000#   0.059/   0.003f


 Total SPIN, PARITY =    29.0 -,      8 chs,      0 cc.  Rmin & Coul turning =    1.4   12.6
   S-matrix    1 =    0.99997   0.00015 for L=   29, J=   29.0 channel on core I =   0.0 from L=   29,  Acc. loss =  0.0 D.
 Elastic phase shift   1 =    0.004   0.001 deg. for the L =   29, J =   29.0 channel.
      29.0  0.99997475  0.00014505i: elastic S-matrix  @@      0.00  0   0 F  0
 Reaction Xsec    29.0-/29 @ 1 =   5.602/, Out:   0.000#   0.065/   0.006f


 Total SPIN, PARITY =    30.0 +,      8 chs,      0 cc.  Rmin & Coul turning =    1.4   13.0
   S-matrix    1 =    0.99999   0.00009 for L=   30, J=   30.0 channel on core I =   0.0 from L=   30,  Acc. loss =  0.0 D.
 Elastic phase shift   1 =    0.003   0.000 deg. for the L =   30, J =   30.0 channel.
      30.0  0.99998566  0.00008880i: elastic S-matrix  @@      0.00  0   0 F  0
 Reaction Xsec    30.0+/30 @ 1 =   3.290/, Out:   0.000#   0.061/   0.003f


 Total SPIN, PARITY =    30.0 -,     10 chs,      0 cc.  Rmin & Coul turning =    1.4   13.0
   S-matrix    1 =    0.99997   0.00015 for L=   29, J=   30.0 channel on core I =   0.0 from L=   29,  Acc. loss =  0.0 D.
 Elastic phase shift   1 =    0.004   0.001 deg. for the L =   29, J =   30.0 channel.
      30.0  0.99997475  0.00014793i: elastic S-matrix  @@      0.00  0   0 F  0
 Reaction Xsec    30.0-/29 @ 1 =   5.792/, Out:   0.000#   0.068/   0.006f

   S-matrix    2 =    0.99999   0.00005 for L=   31, J=   30.0 channel on core I =   0.0 from L=   31,  Acc. loss =  0.0 D.
 Elastic phase shift   2 =    0.002   0.000 deg. for the L =   31, J =   30.0 channel.
      30.0  0.99999186  0.00005352i: elastic S-matrix  @@      0.00  0   0 F  0
 Reaction Xsec    30.0-/31 @ 2 =   1.868/, Out:   0.000#   0.055/   0.002f


 Total SPIN, PARITY =    31.0 +,     10 chs,      0 cc.  Rmin & Coul turning =    1.5   13.4
   S-matrix    1 =    0.99999   0.00009 for L=   30, J=   31.0 channel on core I =   0.0 from L=   30,  Acc. loss =  0.0 D.
 Elastic phase shift   1 =    0.003   0.000 deg. for the L =   30, J =   31.0 channel.
      31.0  0.99998566  0.00009035i: elastic S-matrix  @@      0.00  0   0 F  0
 Reaction Xsec    31.0+/30 @ 1 =   3.398/, Out:   0.000#   0.063/   0.003f

   S-matrix    2 =    1.00000   0.00003 for L=   32, J=   31.0 channel on core I =   0.0 from L=   32,  Acc. loss =  0.0 D.
 Elastic phase shift   2 =    0.001   0.000 deg. for the L =   32, J =   31.0 channel.
      31.0  0.99999538  0.00003279i: elastic S-matrix  @@      0.00  0   0 F  0
 Reaction Xsec    31.0+/32 @ 2 =   1.095/, Out:   0.000#   0.051/   0.001f


 Total SPIN, PARITY =    31.0 -,      8 chs,      0 cc.  Rmin & Coul turning =    1.5   13.4
   S-matrix    1 =    0.99999   0.00005 for L=   31, J=   31.0 channel on core I =   0.0 from L=   31,  Acc. loss =  0.0 D.
 Elastic phase shift   1 =    0.002   0.000 deg. for the L =   31, J =   31.0 channel.
      31.0  0.99999186  0.00005434i: elastic S-matrix  @@      0.00  0   0 F  0
 Reaction Xsec    31.0-/31 @ 1 =   1.929/, Out:   0.000#   0.057/   0.002f


 Total SPIN, PARITY =    32.0 +,      8 chs,      0 cc.  Rmin & Coul turning =    1.5   13.9
   S-matrix    1 =    1.00000   0.00003 for L=   32, J=   32.0 channel on core I =   0.0 from L=   32,  Acc. loss =  0.0 D.
 Elastic phase shift   1 =    0.001   0.000 deg. for the L =   32, J =   32.0 channel.
      32.0  0.99999538  0.00003323i: elastic S-matrix  @@      0.00  0   0 F  0
 Reaction Xsec    32.0+/32 @ 1 =   1.129/, Out:   0.000#   0.052/   0.001f


 Total SPIN, PARITY =    32.0 -,     10 chs,      0 cc.  Rmin & Coul turning =    1.5   13.9
   S-matrix    1 =    0.99999   0.00006 for L=   31, J=   32.0 channel on core I =   0.0 from L=   31,  Acc. loss =  0.0 D.
 Elastic phase shift   1 =    0.002   0.000 deg. for the L =   31, J =   32.0 channel.
      32.0  0.99999186  0.00005518i: elastic S-matrix  @@      0.00  0   0 F  0
 Reaction Xsec    32.0-/31 @ 1 =   1.990/, Out:   0.000#   0.059/   0.002f

   S-matrix    2 =    1.00000   0.00002 for L=   33, J=   32.0 channel on core I =   0.0 from L=   33,  Acc. loss =  0.0 D.
 Elastic phase shift   2 =    0.001   0.000 deg. for the L =   33, J =   32.0 channel.
      32.0  0.99999738  0.00002008i: elastic S-matrix  @@      0.00  0   0 F  0
 Reaction Xsec    32.0-/33 @ 2 =   0.641/, Out:   0.000#   0.047/   0.001f


 Total SPIN, PARITY =    33.0 +,     10 chs,      0 cc.  Rmin & Coul turning =    1.6   14.3
   S-matrix    1 =    1.00000   0.00003 for L=   32, J=   33.0 channel on core I =   0.0 from L=   32,  Acc. loss =  0.0 D.
 Elastic phase shift   1 =    0.001   0.000 deg. for the L =   32, J =   33.0 channel.
      33.0  0.99999538  0.00003369i: elastic S-matrix  @@      0.00  0   0 F  0
 Reaction Xsec    33.0+/32 @ 1 =   1.164/, Out:   0.000#   0.054/   0.001f

   S-matrix    2 =    1.00000   0.00001 for L=   34, J=   33.0 channel on core I =   0.0 from L=   34,  Acc. loss =  0.0 D.
 Elastic phase shift   2 =    0.000   0.000 deg. for the L =   34, J =   33.0 channel.
      33.0  0.99999851  0.00001229i: elastic S-matrix  @@      0.00  0   0 F  0
 Reaction Xsec    33.0+/34 @ 2 =   0.374/, Out:   0.000#   0.043/   0.000f


 Total SPIN, PARITY =    33.0 -,      8 chs,      0 cc.  Rmin & Coul turning =    1.6   14.3
   S-matrix    1 =    1.00000   0.00002 for L=   33, J=   33.0 channel on core I =   0.0 from L=   33,  Acc. loss =  0.0 D.
 Elastic phase shift   1 =    0.001   0.000 deg. for the L =   33, J =   33.0 channel.
      33.0  0.99999738  0.00002032i: elastic S-matrix  @@      0.00  0   0 F  0
 Reaction Xsec    33.0-/33 @ 1 =   0.660/, Out:   0.000#   0.048/   0.001f

 Finished all CC sets @    7.01659992E-02
0CUMULATIVE REACTION cross section                 =  973.67849  <L> =     8.97  <L**2> =     94.8
0CUMULATIVE outgoing cross sections in partition 1 :    0.00000   13.25099
0Cumulative ABSORBTION by Imaginary Potentials     =  960.42750  <L> =     8.96  <L**2> =     94.7
   Fusion for specific d        M-states :  960.441790  960.398907  960.441790
0CUMULATIVE OUTGOING cross section                 =   13.25099
 To convert to S-factors (MeV.mb = keV.b),  multiply by  2.4351E+02


 CROSS SECTIONS FOR OUTGOING d        & O20      in state #   1 with spins & parities 1.0  + &  0.0  +;  0

     3.00 deg.: X-S =   2.7098E+04 mb/sr,
+                                         /R =   6.2047E-01
     4.00 deg.: X-S =   1.1608E+04 mb/sr,
+                                         /R =   8.3972E-01
     5.00 deg.: X-S =  8331.727949 mb/sr,
+                                         /R =   1.4708E+00
     6.00 deg.: X-S =  6859.581478 mb/sr,
+                                         /R =   2.5096E+00
     7.00 deg.: X-S =  5636.257089 mb/sr,
+                                         /R =   3.8177E+00
     8.00 deg.: X-S =  4458.725190 mb/sr,
+                                         /R =   5.1482E+00
     9.00 deg.: X-S =  3359.652692 mb/sr,
+                                         /R =   6.2084E+00
    10.00 deg.: X-S =  2395.445157 mb/sr,
+                                         /R =   6.7403E+00
    11.00 deg.: X-S =  1603.102026 mb/sr,
+                                         /R =   6.5973E+00
    12.00 deg.: X-S =   994.851074 mb/sr,
+                                         /R =   5.7917E+00
    13.00 deg.: X-S =   562.294929 mb/sr,
+                                         /R =   4.5031E+00
    14.00 deg.: X-S =   282.840441 mb/sr,
+                                         /R =   3.0425E+00
    15.00 deg.: X-S =   126.118180 mb/sr,
+                                         /R =   1.7852E+00
    16.00 deg.: X-S =    59.469299 mb/sr,
+                                         /R =   1.0880E+00
    17.00 deg.: X-S =    52.100013 mb/sr,
+                                         /R =   1.2127E+00
    18.00 deg.: X-S =    77.800415 mb/sr,
+                                         /R =   2.2721E+00
    19.00 deg.: X-S =   116.327249 mb/sr,
+                                         /R =   4.2095E+00
    20.00 deg.: X-S =   153.682320 mb/sr,
+                                         /R =   6.8142E+00
    21.00 deg.: X-S =   181.584994 mb/sr,
+                                         /R =   9.7661E+00
    22.00 deg.: X-S =   196.447742 mb/sr,
+                                         /R =   1.2699E+01
    23.00 deg.: X-S =   198.132137 mb/sr,
+                                         /R =   1.5265E+01
    24.00 deg.: X-S =   188.705131 mb/sr,
+                                         /R =   1.7195E+01
    25.00 deg.: X-S =   171.347224 mb/sr,
+                                         /R =   1.8337E+01
    26.00 deg.: X-S =   149.497366 mb/sr,
+                                         /R =   1.8668E+01
    27.00 deg.: X-S =   126.262608 mb/sr,
+                                         /R =   1.8286E+01
    28.00 deg.: X-S =   104.078115 mb/sr,
+                                         /R =   1.7385E+01
    29.00 deg.: X-S =    84.576174 mb/sr,
+                                         /R =   1.6209E+01
    30.00 deg.: X-S =    68.610062 mb/sr,
+                                         /R =   1.5014E+01
    31.00 deg.: X-S =    56.377020 mb/sr,
+                                         /R =   1.4022E+01
    32.00 deg.: X-S =    47.590646 mb/sr,
+                                         /R =   1.3396E+01
    33.00 deg.: X-S =    41.663401 mb/sr,
+                                         /R =   1.3220E+01
    34.00 deg.: X-S =    37.871761 mb/sr,
+                                         /R =   1.3495E+01
    35.00 deg.: X-S =    35.487892 mb/sr,
+                                         /R =   1.4150E+01
    36.00 deg.: X-S =    33.871298 mb/sr,
+                                         /R =   1.5062E+01
    37.00 deg.: X-S =    32.521151 mb/sr,
+                                         /R =   1.6076E+01
    38.00 deg.: X-S =    31.094827 mb/sr,
+                                         /R =   1.7036E+01
    39.00 deg.: X-S =    29.400762 mb/sr,
+                                         /R =   1.7801E+01
    40.00 deg.: X-S =    27.374487 mb/sr,
+                                         /R =   1.8267E+01
    41.00 deg.: X-S =    25.046077 mb/sr,
+                                         /R =   1.8372E+01
    42.00 deg.: X-S =    22.505757 mb/sr,
+                                         /R =   1.8102E+01
    43.00 deg.: X-S =    19.872538 mb/sr,
+                                         /R =   1.7485E+01
    44.00 deg.: X-S =    17.268831 mb/sr,
+                                         /R =   1.6583E+01
    45.00 deg.: X-S =    14.802323 mb/sr,
+                                         /R =   1.5481E+01
    46.00 deg.: X-S =    12.555120 mb/sr,
+                                         /R =   1.4271E+01
    47.00 deg.: X-S =    10.579261 mb/sr,
+                                         /R =   1.3043E+01
    48.00 deg.: X-S =     8.897264 mb/sr,
+                                         /R =   1.1875E+01
    49.00 deg.: X-S =     7.506147 mb/sr,
+                                         /R =   1.0825E+01
    50.00 deg.: X-S =     6.383442 mb/sr,
+                                         /R =   9.9302E+00
    51.00 deg.: X-S =     5.493906 mb/sr,
+                                         /R =   9.2030E+00
    52.00 deg.: X-S =     4.795934 mb/sr,
+                                         /R =   8.6368E+00
    53.00 deg.: X-S =     4.246993 mb/sr,
+                                         /R =   8.2092E+00
    54.00 deg.: X-S =     3.807721 mb/sr,
+                                         /R =   7.8879E+00
    55.00 deg.: X-S =     3.444577 mb/sr,
+                                         /R =   7.6361E+00
    56.00 deg.: X-S =     3.131172 mb/sr,
+                                         /R =   7.4175E+00
    57.00 deg.: X-S =     2.848485 mb/sr,
+                                         /R =   7.2007E+00
    58.00 deg.: X-S =     2.584274 mb/sr,
+                                         /R =   6.9620E+00
    59.00 deg.: X-S =     2.331971 mb/sr,
+                                         /R =   6.6863E+00
    60.00 deg.: X-S =     2.089314 mb/sr,
+                                         /R =   6.3679E+00
    61.00 deg.: X-S =     1.856944 mb/sr,
+                                         /R =   6.0088E+00
    62.00 deg.: X-S =     1.637118 mb/sr,
+                                         /R =   5.6176E+00
    63.00 deg.: X-S =     1.432641 mb/sr,
+                                         /R =   5.2070E+00
    64.00 deg.: X-S =     1.246083 mb/sr,
+                                         /R =   4.7918E+00
    65.00 deg.: X-S =     1.079272 mb/sr,
+                                         /R =   4.3864E+00
    66.00 deg.: X-S =     0.933049 mb/sr,
+                                         /R =   4.0036E+00
    67.00 deg.: X-S =     0.807236 mb/sr,
+                                         /R =   3.6532E+00
    68.00 deg.: X-S =     0.700748 mb/sr,
+                                         /R =   3.3413E+00
    69.00 deg.: X-S =     0.611801 mb/sr,
+                                         /R =   3.0707E+00
    70.00 deg.: X-S =     0.538147 mb/sr,
+                                         /R =   2.8404E+00
    71.00 deg.: X-S =     0.477323 mb/sr,
+                                         /R =   2.6469E+00
    72.00 deg.: X-S =     0.426858 mb/sr,
+                                         /R =   2.4847E+00
    73.00 deg.: X-S =     0.384452 mb/sr,
+                                         /R =   2.3469E+00
    74.00 deg.: X-S =     0.348098 mb/sr,
+                                         /R =   2.2267E+00
    75.00 deg.: X-S =     0.316153 mb/sr,
+                                         /R =   2.1174E+00
    76.00 deg.: X-S =     0.287367 mb/sr,
+                                         /R =   2.0133E+00
    77.00 deg.: X-S =     0.260861 mb/sr,
+                                         /R =   1.9104E+00
    78.00 deg.: X-S =     0.236084 mb/sr,
+                                         /R =   1.8058E+00
    79.00 deg.: X-S =     0.212745 mb/sr,
+                                         /R =   1.6983E+00
    80.00 deg.: X-S =     0.190743 mb/sr,
+                                         /R =   1.5879E+00
    81.00 deg.: X-S =     0.170098 mb/sr,
+                                         /R =   1.4757E+00
    82.00 deg.: X-S =     0.150892 mb/sr,
+                                         /R =   1.3632E+00
    83.00 deg.: X-S =     0.133229 mb/sr,
+                                         /R =   1.2525E+00
    84.00 deg.: X-S =     0.117197 mb/sr,
+                                         /R =   1.1457E+00
    85.00 deg.: X-S =     0.102848 mb/sr,
+                                         /R =   1.0448E+00
    86.00 deg.: X-S =     0.090186 mb/sr,
+                                         /R =   9.5145E-01
    87.00 deg.: X-S =     0.079163 mb/sr,
+                                         /R =   8.6673E-01
    88.00 deg.: X-S =     0.069682 mb/sr,
+                                         /R =   7.9126E-01
    89.00 deg.: X-S =     0.061605 mb/sr,
+                                         /R =   7.2506E-01
    90.00 deg.: X-S =     0.054767 mb/sr,
+                                         /R =   6.6768E-01
    91.00 deg.: X-S =     0.048988 mb/sr,
+                                         /R =   6.1826E-01
    92.00 deg.: X-S =     0.044090 mb/sr,
+                                         /R =   5.7569E-01
    93.00 deg.: X-S =     0.039904 mb/sr,
+                                         /R =   5.3874E-01
    94.00 deg.: X-S =     0.036281 mb/sr,
+                                         /R =   5.0617E-01
    95.00 deg.: X-S =     0.033091 mb/sr,
+                                         /R =   4.7680E-01
    96.00 deg.: X-S =     0.030229 mb/sr,
+                                         /R =   4.4960E-01
    97.00 deg.: X-S =     0.027613 mb/sr,
+                                         /R =   4.2369E-01
    98.00 deg.: X-S =     0.025185 mb/sr,
+                                         /R =   3.9844E-01
    99.00 deg.: X-S =     0.022904 mb/sr,
+                                         /R =   3.7343E-01
   100.00 deg.: X-S =     0.020749 mb/sr,
+                                         /R =   3.4843E-01
   101.00 deg.: X-S =     0.018709 mb/sr,
+                                         /R =   3.2343E-01
   102.00 deg.: X-S =     0.016786 mb/sr,
+                                         /R =   2.9858E-01
   103.00 deg.: X-S =     0.014984 mb/sr,
+                                         /R =   2.7410E-01
   104.00 deg.: X-S =     0.013310 mb/sr,
+                                         /R =   2.5028E-01
   105.00 deg.: X-S =     0.011772 mb/sr,
+                                         /R =   2.2742E-01
   106.00 deg.: X-S =     0.010375 mb/sr,
+                                         /R =   2.0582E-01
   107.00 deg.: X-S =     0.009120 mb/sr,
+                                         /R =   1.8570E-01
   108.00 deg.: X-S =     0.008007 mb/sr,
+                                         /R =   1.6726E-01
   109.00 deg.: X-S =     0.007030 mb/sr,
+                                         /R =   1.5061E-01
   110.00 deg.: X-S =     0.006184 mb/sr,
+                                         /R =   1.3578E-01
   111.00 deg.: X-S =     0.005457 mb/sr,
+                                         /R =   1.2276E-01
   112.00 deg.: X-S =     0.004837 mb/sr,
+                                         /R =   1.1143E-01
   113.00 deg.: X-S =     0.004311 mb/sr,
+                                         /R =   1.0165E-01
   114.00 deg.: X-S =     0.003864 mb/sr,
+                                         /R =   9.3222E-02
   115.00 deg.: X-S =     0.003484 mb/sr,
+                                         /R =   8.5950E-02
   116.00 deg.: X-S =     0.003157 mb/sr,
+                                         /R =   7.9639E-02
   117.00 deg.: X-S =     0.002875 mb/sr,
+                                         /R =   7.4102E-02
   118.00 deg.: X-S =     0.002628 mb/sr,
+                                         /R =   6.9171E-02
   119.00 deg.: X-S =     0.002407 mb/sr,
+                                         /R =   6.4691E-02
   120.00 deg.: X-S =     0.002207 mb/sr,
+                                         /R =   6.0529E-02
   121.00 deg.: X-S =     0.002022 mb/sr,
+                                         /R =   5.6577E-02
   122.00 deg.: X-S =     0.001849 mb/sr,
+                                         /R =   5.2759E-02
   123.00 deg.: X-S =     0.001686 mb/sr,
+                                         /R =   4.9032E-02
   124.00 deg.: X-S =     0.001531 mb/sr,
+                                         /R =   4.5387E-02
   125.00 deg.: X-S =     0.001386 mb/sr,
+                                         /R =   4.1836E-02
   126.00 deg.: X-S =     0.001249 mb/sr,
+                                         /R =   3.8402E-02
   127.00 deg.: X-S =     0.001122 mb/sr,
+                                         /R =   3.5108E-02
   128.00 deg.: X-S =     0.001005 mb/sr,
+                                         /R =   3.1972E-02
   129.00 deg.: X-S =     0.000896 mb/sr,
+                                         /R =   2.9004E-02
   130.00 deg.: X-S =     0.000797 mb/sr,
+                                         /R =   2.6213E-02
   131.00 deg.: X-S =     0.000706 mb/sr,
+                                         /R =   2.3610E-02
   132.00 deg.: X-S =     0.000624 mb/sr,
+                                         /R =   2.1211E-02
   133.00 deg.: X-S =     0.000552 mb/sr,
+                                         /R =   1.9032E-02
   134.00 deg.: X-S =     0.000488 mb/sr,
+                                         /R =   1.7085E-02
   135.00 deg.: X-S =     0.000433 mb/sr,
+                                         /R =   1.5370E-02
   136.00 deg.: X-S =     0.000385 mb/sr,
+                                         /R =   1.3877E-02
   137.00 deg.: X-S =     0.000344 mb/sr,
+                                         /R =   1.2582E-02
   138.00 deg.: X-S =     0.000309 mb/sr,
+                                         /R =   1.1458E-02
   139.00 deg.: X-S =     0.000279 mb/sr,
+                                         /R =   1.0480E-02
   140.00 deg.: X-S =     0.000253 mb/sr,
+                                         /R =   9.6290E-03
   141.00 deg.: X-S =     0.000231 mb/sr,
+                                         /R =   8.8907E-03
   142.00 deg.: X-S =     0.000212 mb/sr,
+                                         /R =   8.2548E-03
   143.00 deg.: X-S =     0.000195 mb/sr,
+                                         /R =   7.7100E-03
   144.00 deg.: X-S =     0.000182 mb/sr,
+                                         /R =   7.2413E-03
   145.00 deg.: X-S =     0.000169 mb/sr,
+                                         /R =   6.8307E-03
   146.00 deg.: X-S =     0.000158 mb/sr,
+                                         /R =   6.4597E-03
   147.00 deg.: X-S =     0.000148 mb/sr,
+                                         /R =   6.1126E-03
   148.00 deg.: X-S =     0.000139 mb/sr,
+                                         /R =   5.7803E-03
   149.00 deg.: X-S =     0.000130 mb/sr,
+                                         /R =   5.4602E-03
   150.00 deg.: X-S =     0.000121 mb/sr,
+                                         /R =   5.1543E-03
   151.00 deg.: X-S =     0.000114 mb/sr,
+                                         /R =   4.8654E-03
   152.00 deg.: X-S =     0.000106 mb/sr,
+                                         /R =   4.5944E-03
   153.00 deg.: X-S =   9.9526E-05 mb/sr,
+                                         /R =   4.3388E-03
   154.00 deg.: X-S =   9.3139E-05 mb/sr,
+                                         /R =   4.0939E-03
   155.00 deg.: X-S =   8.6997E-05 mb/sr,
+                                         /R =   3.8543E-03
   156.00 deg.: X-S =   8.1001E-05 mb/sr,
+                                         /R =   3.6159E-03
   157.00 deg.: X-S =   7.5115E-05 mb/sr,
+                                         /R =   3.3776E-03
   158.00 deg.: X-S =   6.9364E-05 mb/sr,
+                                         /R =   3.1407E-03
   159.00 deg.: X-S =   6.3816E-05 mb/sr,
+                                         /R =   2.9087E-03
   160.00 deg.: X-S =   5.8561E-05 mb/sr,
+                                         /R =   2.6861E-03
   161.00 deg.: X-S =   5.3681E-05 mb/sr,
+                                         /R =   2.4771E-03
   162.00 deg.: X-S =   4.9241E-05 mb/sr,
+                                         /R =   2.2852E-03
   163.00 deg.: X-S =   4.5290E-05 mb/sr,
+                                         /R =   2.1131E-03
   164.00 deg.: X-S =   4.1881E-05 mb/sr,
+                                         /R =   1.9640E-03
   165.00 deg.: X-S =   3.9083E-05 mb/sr,
+                                         /R =   1.8415E-03
   166.00 deg.: X-S =   3.6983E-05 mb/sr,
+                                         /R =   1.7503E-03
   167.00 deg.: X-S =   3.5672E-05 mb/sr,
+                                         /R =   1.6953E-03
   168.00 deg.: X-S =   3.5229E-05 mb/sr,
+                                         /R =   1.6806E-03
   169.00 deg.: X-S =   3.5706E-05 mb/sr,
+                                         /R =   1.7094E-03
   170.00 deg.: X-S =   3.7112E-05 mb/sr,
+                                         /R =   1.7824E-03
   171.00 deg.: X-S =   3.9401E-05 mb/sr,
+                                         /R =   1.8978E-03
   172.00 deg.: X-S =   4.2446E-05 mb/sr,
+                                         /R =   2.0498E-03
   173.00 deg.: X-S =   4.6038E-05 mb/sr,
+                                         /R =   2.2283E-03
   174.00 deg.: X-S =   4.9899E-05 mb/sr,
+                                         /R =   2.4200E-03
   175.00 deg.: X-S =   5.3727E-05 mb/sr,
+                                         /R =   2.6100E-03
   176.00 deg.: X-S =   5.7240E-05 mb/sr,
+                                         /R =   2.7845E-03
   177.00 deg.: X-S =   6.0204E-05 mb/sr,
+                                         /R =   2.9319E-03
   178.00 deg.: X-S =   6.2446E-05 mb/sr,
+                                         /R =   3.0434E-03
   179.00 deg.: X-S =   6.3841E-05 mb/sr,
+                                         /R =   3.1128E-03
   179.99 deg.: X-S =   6.4315E-05 mb/sr,
+                                         /R =   3.1363E-03
                                           Integrated  852.7316 mb, over [   3.000, 180.000] at    70.0000 MeV 

 CROSS SECTIONS FOR OUTGOING d        & O20      in state #   2 with spins & parities 1.0  + &  2.0  +;  0

     3.00 deg.: X-S =    10.220254 mb/sr,
+                                         REAC   1.3251E+01 mb
     4.00 deg.: X-S =     9.387419 mb/sr,
     5.00 deg.: X-S =     8.869882 mb/sr,
     6.00 deg.: X-S =     8.920263 mb/sr,
     7.00 deg.: X-S =     9.694824 mb/sr,
     8.00 deg.: X-S =    11.205631 mb/sr,
     9.00 deg.: X-S =    13.302675 mb/sr,
    10.00 deg.: X-S =    15.694541 mb/sr,
    11.00 deg.: X-S =    18.005393 mb/sr,
    12.00 deg.: X-S =    19.854339 mb/sr,
    13.00 deg.: X-S =    20.935542 mb/sr,
    14.00 deg.: X-S =    21.077344 mb/sr,
    15.00 deg.: X-S =    20.266268 mb/sr,
    16.00 deg.: X-S =    18.633740 mb/sr,
    17.00 deg.: X-S =    16.414552 mb/sr,
    18.00 deg.: X-S =    13.892376 mb/sr,
    19.00 deg.: X-S =    11.347510 mb/sr,
    20.00 deg.: X-S =     9.017179 mb/sr,
    21.00 deg.: X-S =     7.072240 mb/sr,
    22.00 deg.: X-S =     5.608973 mb/sr,
    23.00 deg.: X-S =     4.652125 mb/sr,
    24.00 deg.: X-S =     4.165265 mb/sr,
    25.00 deg.: X-S =     4.065559 mb/sr,
    26.00 deg.: X-S =     4.241105 mb/sr,
    27.00 deg.: X-S =     4.569240 mb/sr,
    28.00 deg.: X-S =     4.933969 mb/sr,
    29.00 deg.: X-S =     5.240311 mb/sr,
    30.00 deg.: X-S =     5.423489 mb/sr,
    31.00 deg.: X-S =     5.451869 mb/sr,
    32.00 deg.: X-S =     5.323940 mb/sr,
    33.00 deg.: X-S =     5.061070 mb/sr,
    34.00 deg.: X-S =     4.698464 mb/sr,
    35.00 deg.: X-S =     4.276620 mb/sr,
    36.00 deg.: X-S =     3.834728 mb/sr,
    37.00 deg.: X-S =     3.406392 mb/sr,
    38.00 deg.: X-S =     3.017317 mb/sr,
    39.00 deg.: X-S =     2.684332 mb/sr,
    40.00 deg.: X-S =     2.415287 mb/sr,
    41.00 deg.: X-S =     2.209659 mb/sr,
    42.00 deg.: X-S =     2.059881 mb/sr,
    43.00 deg.: X-S =     1.953390 mb/sr,
    44.00 deg.: X-S =     1.875173 mb/sr,
    45.00 deg.: X-S =     1.810382 mb/sr,
    46.00 deg.: X-S =     1.746514 mb/sr,
    47.00 deg.: X-S =     1.674742 mb/sr,
    48.00 deg.: X-S =     1.590263 mb/sr,
    49.00 deg.: X-S =     1.491846 mb/sr,
    50.00 deg.: X-S =     1.380930 mb/sr,
    51.00 deg.: X-S =     1.260657 mb/sr,
    52.00 deg.: X-S =     1.135083 mb/sr,
    53.00 deg.: X-S =     1.008608 mb/sr,
    54.00 deg.: X-S =     0.885569 mb/sr,
    55.00 deg.: X-S =     0.769877 mb/sr,
    56.00 deg.: X-S =     0.664682 mb/sr,
    57.00 deg.: X-S =     0.572098 mb/sr,
    58.00 deg.: X-S =     0.493053 mb/sr,
    59.00 deg.: X-S =     0.427338 mb/sr,
    60.00 deg.: X-S =     0.373825 mb/sr,
    61.00 deg.: X-S =     0.330804 mb/sr,
    62.00 deg.: X-S =     0.296331 mb/sr,
    63.00 deg.: X-S =     0.268499 mb/sr,
    64.00 deg.: X-S =     0.245590 mb/sr,
    65.00 deg.: X-S =     0.226125 mb/sr,
    66.00 deg.: X-S =     0.208871 mb/sr,
    67.00 deg.: X-S =     0.192853 mb/sr,
    68.00 deg.: X-S =     0.177374 mb/sr,
    69.00 deg.: X-S =     0.162052 mb/sr,
    70.00 deg.: X-S =     0.146804 mb/sr,
    71.00 deg.: X-S =     0.131784 mb/sr,
    72.00 deg.: X-S =     0.117278 mb/sr,
    73.00 deg.: X-S =     0.103587 mb/sr,
    74.00 deg.: X-S =     0.090947 mb/sr,
    75.00 deg.: X-S =     0.079488 mb/sr,
    76.00 deg.: X-S =     0.069249 mb/sr,
    77.00 deg.: X-S =     0.060217 mb/sr,
    78.00 deg.: X-S =     0.052359 mb/sr,
    79.00 deg.: X-S =     0.045643 mb/sr,
    80.00 deg.: X-S =     0.040020 mb/sr,
    81.00 deg.: X-S =     0.035405 mb/sr,
    82.00 deg.: X-S =     0.031655 mb/sr,
    83.00 deg.: X-S =     0.028582 mb/sr,
    84.00 deg.: X-S =     0.025989 mb/sr,
    85.00 deg.: X-S =     0.023706 mb/sr,
    86.00 deg.: X-S =     0.021622 mb/sr,
    87.00 deg.: X-S =     0.019685 mb/sr,
    88.00 deg.: X-S =     0.017883 mb/sr,
    89.00 deg.: X-S =     0.016220 mb/sr,
    90.00 deg.: X-S =     0.014690 mb/sr,
    91.00 deg.: X-S =     0.013275 mb/sr,
    92.00 deg.: X-S =     0.011948 mb/sr,
    93.00 deg.: X-S =     0.010688 mb/sr,
    94.00 deg.: X-S =     0.009493 mb/sr,
    95.00 deg.: X-S =     0.008381 mb/sr,
    96.00 deg.: X-S =     0.007380 mb/sr,
    97.00 deg.: X-S =     0.006514 mb/sr,
    98.00 deg.: X-S =     0.005790 mb/sr,
    99.00 deg.: X-S =     0.005192 mb/sr,
   100.00 deg.: X-S =     0.004694 mb/sr,
   101.00 deg.: X-S =     0.004270 mb/sr,
   102.00 deg.: X-S =     0.003902 mb/sr,
   103.00 deg.: X-S =     0.003584 mb/sr,
   104.00 deg.: X-S =     0.003313 mb/sr,
   105.00 deg.: X-S =     0.003088 mb/sr,
   106.00 deg.: X-S =     0.002899 mb/sr,
   107.00 deg.: X-S =     0.002735 mb/sr,
   108.00 deg.: X-S =     0.002581 mb/sr,
   109.00 deg.: X-S =     0.002425 mb/sr,
   110.00 deg.: X-S =     0.002263 mb/sr,
   111.00 deg.: X-S =     0.002097 mb/sr,
   112.00 deg.: X-S =     0.001933 mb/sr,
   113.00 deg.: X-S =     0.001778 mb/sr,
   114.00 deg.: X-S =     0.001631 mb/sr,
   115.00 deg.: X-S =     0.001488 mb/sr,
   116.00 deg.: X-S =     0.001342 mb/sr,
   117.00 deg.: X-S =     0.001195 mb/sr,
   118.00 deg.: X-S =     0.001051 mb/sr,
   119.00 deg.: X-S =     0.000921 mb/sr,
   120.00 deg.: X-S =     0.000810 mb/sr,
   121.00 deg.: X-S =     0.000722 mb/sr,
   122.00 deg.: X-S =     0.000652 mb/sr,
   123.00 deg.: X-S =     0.000595 mb/sr,
   124.00 deg.: X-S =     0.000543 mb/sr,
   125.00 deg.: X-S =     0.000490 mb/sr,
   126.00 deg.: X-S =     0.000436 mb/sr,
   127.00 deg.: X-S =     0.000384 mb/sr,
   128.00 deg.: X-S =     0.000340 mb/sr,
   129.00 deg.: X-S =     0.000310 mb/sr,
   130.00 deg.: X-S =     0.000293 mb/sr,
   131.00 deg.: X-S =     0.000282 mb/sr,
   132.00 deg.: X-S =     0.000271 mb/sr,
   133.00 deg.: X-S =     0.000257 mb/sr,
   134.00 deg.: X-S =     0.000241 mb/sr,
   135.00 deg.: X-S =     0.000227 mb/sr,
   136.00 deg.: X-S =     0.000218 mb/sr,
   137.00 deg.: X-S =     0.000215 mb/sr,
   138.00 deg.: X-S =     0.000219 mb/sr,
   139.00 deg.: X-S =     0.000226 mb/sr,
   140.00 deg.: X-S =     0.000232 mb/sr,
   141.00 deg.: X-S =     0.000233 mb/sr,
   142.00 deg.: X-S =     0.000228 mb/sr,
   143.00 deg.: X-S =     0.000217 mb/sr,
   144.00 deg.: X-S =     0.000205 mb/sr,
   145.00 deg.: X-S =     0.000196 mb/sr,
   146.00 deg.: X-S =     0.000192 mb/sr,
   147.00 deg.: X-S =     0.000190 mb/sr,
   148.00 deg.: X-S =     0.000187 mb/sr,
   149.00 deg.: X-S =     0.000180 mb/sr,
   150.00 deg.: X-S =     0.000172 mb/sr,
   151.00 deg.: X-S =     0.000164 mb/sr,
   152.00 deg.: X-S =     0.000158 mb/sr,
   153.00 deg.: X-S =     0.000154 mb/sr,
   154.00 deg.: X-S =     0.000151 mb/sr,
   155.00 deg.: X-S =     0.000150 mb/sr,
   156.00 deg.: X-S =     0.000150 mb/sr,
   157.00 deg.: X-S =     0.000148 mb/sr,
   158.00 deg.: X-S =     0.000142 mb/sr,
   159.00 deg.: X-S =     0.000132 mb/sr,
   160.00 deg.: X-S =     0.000121 mb/sr,
   161.00 deg.: X-S =     0.000112 mb/sr,
   162.00 deg.: X-S =     0.000108 mb/sr,
   163.00 deg.: X-S =     0.000109 mb/sr,
   164.00 deg.: X-S =     0.000110 mb/sr,
   165.00 deg.: X-S =     0.000111 mb/sr,
   166.00 deg.: X-S =     0.000112 mb/sr,
   167.00 deg.: X-S =     0.000115 mb/sr,
   168.00 deg.: X-S =     0.000117 mb/sr,
   169.00 deg.: X-S =     0.000118 mb/sr,
   170.00 deg.: X-S =     0.000117 mb/sr,
   171.00 deg.: X-S =     0.000117 mb/sr,
   172.00 deg.: X-S =     0.000117 mb/sr,
   173.00 deg.: X-S =     0.000120 mb/sr,
   174.00 deg.: X-S =     0.000124 mb/sr,
   175.00 deg.: X-S =     0.000128 mb/sr,
   176.00 deg.: X-S =     0.000134 mb/sr,
   177.00 deg.: X-S =     0.000145 mb/sr,
   178.00 deg.: X-S =     0.000160 mb/sr,
   179.00 deg.: X-S =     0.000173 mb/sr,
   180.00 deg.: X-S =     0.000179 mb/sr,
                                           Integrated   13.1842 mb, over [   3.000, 180.000] at    70.0000 MeV 
 Finished all xsecs @    7.37220049E-02

  The following files have been created:
   3:local copy of User input.            6:standard output.                   
   7:elastic  S-matrix elements.         13:total cross sections/state.        
  16:tables of cross sections.           35:Astrophysics S-factors  / Ecm.     
  38:cross sections for each J/pi.       39:cross sections for each Ecm.       
  40:all cross sectns. for each Elab.    45:scat phase shift as E functions.   
  56:Fusion for each Jtotal.             75:S-factors for lab energies.        
 201:Separate cross sections.           202:Separate cross sections.           

 PARAMETERS : MAXQRN   MFNL   MLOC  LMAX1 MCLIST
    ALLOWED :      1    100      7     70     12
    REQUIRED:      0      0      7     37      7


 ACCURACY ANALYSIS at    70.000 MeV :

  Elastic h*k = 0.071 so OK       compared with 0.200

   Real(S-el) > 0.01 first at J =       1.0
   Real(S-el) > 0.10 first at J =       1.0
   Real(S-el) > 0.50 first at J =      11.0
   Real(S-el) > 0.90 first at J =      14.0
   Real(S-el) > 0.99 first at J =      18.0
   R-turn =    14.29 fm    at J =      33.0

 Forward-angle excitation cut off below   0.731 deg by max JT =      33.0
                              and below   0.173 deg by max R.

 Total CPU  0 time =       0.07 seconds
