 FRESCO - FRES 3.4: Coupled Reaction Channels
 Assuming NAMELIST input.

 p+O20 with CH89;                                                                

   0.030  60.000   0.500   0.000   0.000   0.000   0.000   0.000   0.000   0.000

 Centre-of-mass Range is   2002 * 0.0300 fm., Maximum at  60.00 fm., Interpolating NL forms every  0.51 fm.
 Non - locality width is      4 * 0.0300 fm., Maximum of   0.09 fm., Centred at  0.00 fm.
 2-Nucleon Separation of      0 * 0.5100 fm., Maximum of   0.00 fm., Minimum at  0.00 fm.
 Maximum single particle bins of 59.6700 fm.
               M,Mint =         2001        1990


 Range of total J is     0.0 <= J <=    50.0 (at least     0.0) and Absorbtion =>     0.0010 mb.
 Dry Run = F, CC set limits =  0  0, Relativistic kinematics =  , Both/Far/Near Analyses =  1                     

 Cross Sections (and up to T0 for 0=projectile) for Theta from   3.0 to-180.0 in steps of  1.0 degrees, DGAM=0,  Coordinates = 0 (Mads)

 Lower Radial Cutoff = maximum of -1.60*L*h &       0.0 fm.,  Lower Cutoff for Couplings =   0.0  fm.


 Iterate Couplings between   0 and   0 times, to  0.000 % if sooner.                                          
  Block solved exactly =   0 chs., with Pade = 0 & Isocen =  =0, NOSOL = F, initwf =  0
  NL quadrature with   18 Gaussian points, Calculate multipoles up to    56 from   0
  M-transfers for lp+lt greater than or equal to  6, Angular Integration Cutoff below  2.7778 %


 Trace switches are :  CHANS =  1, LISTCC =  0, TRENEG =  0, CDETR =  0, SMATS =  2, XSTABL =  1, NLPL =  0

                       WAVES =  0, LAMPL =  0, VEFF =  0, KFUS =  0, WDISK =  0, BPM =  0, MELFIL =  0

                       CDCC =  0, NFUS =  0

 Using unit mass = 1.000000 amu and 1/fine-structure constant = 137.03599 ( 1.000000 * true ) with hc = 197.32705 MeV.fm,
  thus 2*amu/hbar^2 = 0.0478450 = 1/20.9008 and Coulomb constant = 0.1574855 so e^2 = 1.43997, and nuclear magneton= 0.1261183

 Now pre-scan input and save to file 3



 *********** PARTITION NUMBER  1 ******************************************************************************************

   PROJ=p          MASS=  1.0073 Z=   1.0,        # STATES=    1T, TARG=O20      MASS= 19.9997 Z=   8.0,     Q-VALUE =  -0.0000 MEV.

     1:  J= 0.5+ (B# 1), E=  0.0000, K= 0.5              Potl#  1       J= 0.0+ (B# 1), E=  0.0000, K= 0.0    


 ************************************************************************************************************************************

 The following POTENTIALS are defined :

  KP#       TYPE      IT    SHAPE      at     V1        r1        a1        V2        r2        a2        A-in     A-used


                                            A#1       A#2        r0c       ac                                                h @ 1
    1    0=Coulomb       0=CHARGE (WS)  1    20.000     0.000    1.2842    0.0000    0.0000    0.0000     0.000    20.000   0.03000

    1    1=Volume        0=Woods-Saxon  2   39.3046    1.1671    0.6900    2.0515    1.1753    0.6900     0.000    20.000

    1    2=Surface       0=Woods-Saxon  3    0.0000    0.0000    0.0000    4.3534    1.1753    0.6900     0.000    20.000

    1    3=Projtl S.O.   0=Woods-Saxon  4    5.9000    0.8979    0.6300    0.0000    0.0000    0.0000     0.000    20.000

 Incoming partition  1 in excitation state # 1,   Laboratory Energy given for partition  1 Nucleus 1 in Excitation pair 1

0Lab. ENERGY ranges :

   from    35.0000     to   0.00000     in     0 intervals
   from    0.00000     to   0.00000     in     0 intervals
   from    0.00000     to   0.00000     in     0 intervals

 Largest real,imaginary parts of any form factor at R=   59.52 are   2.42E-02  4.66E-32 MeV
 Finished all Couplings @    4.42999997E-04           4

 Symmetric Hamiltonian
1***********************************************************************************************************************************
************************************************************************************************************************************

        INCOMING p        ;    LABORATORY p        ENERGY =   35.000     MeV.

 ***********************************************************************************************************************************
 ***********************************************************************************************************************************

 Allocate arrays for            2  channels, of which            1  need wfs.

 ######################################################################################################################
 #                                                                                                                    #
 # Total SPIN and PARITY =     0.5 +,      1 channels,    0 in 1st block.  Rmin & Coul turning =    0.0    0.3 fm.  #
 #                                                                                                                    #
 ######################################################################################################################



    C Projectl Target   #   EX.   (L  Proj) J  + Targ = Jtotal     E-cm      Re K     Re Eta     RM*K            CH
    1 p        O20      #    1: I   0 0.5    0.5  0.0     0.5    33.32176   1.23648   0.21373   74.1887   0.33920  -0.36833 1 1 1   1
   S-matrix    1 =   -0.03390  -0.58298 for L=    0, J=    0.5 channel on core I =   0.0 from L=    0,  Acc. loss =  0.0 D.
 Elastic phase shift   1 =  -46.664  15.410 deg. for the L =    0, J =    0.5 channel.
       0.5 -0.03389995 -0.58297609i: elastic S-matrix  @@      0.00  0   0 F  0
 Reaction Xsec     0.5+/ 0 @ 1 =  13.541 , Out:   0.000#


 Total SPIN, PARITY =     0.5 -,      1 chs,      0 cc.  Rmin & Coul turning =    0.0    0.3
   S-matrix    1 =   -0.46194  -0.29453 for L=    1, J=    0.5 channel on core I =   0.0 from L=    1,  Acc. loss =  0.0 D.
 Elastic phase shift   1 =  -73.739  17.239 deg. for the L =    1, J =    0.5 channel.
       0.5 -0.46193774 -0.29453173i: elastic S-matrix  @@      0.00  0   0 F  0
 Reaction Xsec     0.5-/ 1 @ 1 =  14.381 , Out:   0.000#


 Total SPIN, PARITY =     1.5 +,      1 chs,      0 cc.  Rmin & Coul turning =    0.0    1.3
   S-matrix    1 =   -0.53653   0.11207 for L=    2, J=    1.5 channel on core I =   0.0 from L=    2,  Acc. loss =  0.0 D.
 Elastic phase shift   1 =   84.101  17.225 deg. for the L =    2, J =    1.5 channel.
       1.5 -0.53653397  0.11207367i: elastic S-matrix  @@      0.00  0   0 F  0
 Reaction Xsec     1.5+/ 2 @ 1 =  28.750 , Out:   0.000#


 Total SPIN, PARITY =     1.5 -,      1 chs,      0 cc.  Rmin & Coul turning =    0.0    1.3
   S-matrix    1 =   -0.25661  -0.49511 for L=    1, J=    1.5 channel on core I =   0.0 from L=    1,  Acc. loss =  0.0 D.
 Elastic phase shift   1 =  -58.699  16.731 deg. for the L =    1, J =    1.5 channel.
       1.5 -0.25661444 -0.49510703i: elastic S-matrix  @@      0.00  0   0 F  0
 Reaction Xsec     1.5-/ 1 @ 1 =  28.316 , Out:   0.000#


 Total SPIN, PARITY =     2.5 +,      1 chs,      0 cc.  Rmin & Coul turning =    0.1    2.2
   S-matrix    1 =   -0.44636  -0.35235 for L=    2, J=    2.5 channel on core I =   0.0 from L=    2,  Acc. loss =  0.0 D.
 Elastic phase shift   1 =  -70.856  16.170 deg. for the L =    2, J =    2.5 channel.
       2.5 -0.44635626 -0.35235069i: elastic S-matrix  @@      0.00  0   0 F  0
 Reaction Xsec     2.5+/ 2 @ 1 =  41.710 , Out:   0.000#


 Total SPIN, PARITY =     2.5 -,      1 chs,      0 cc.  Rmin & Coul turning =    0.1    2.2
   S-matrix    1 =   -0.23955   0.39712 for L=    3, J=    2.5 channel on core I =   0.0 from L=    3,  Acc. loss =  0.0 D.
 Elastic phase shift   1 =   60.550  22.012 deg. for the L =    3, J =    2.5 channel.
       2.5 -0.23954709  0.39711890i: elastic S-matrix  @@      0.00  0   0 F  0
 Reaction Xsec     2.5-/ 3 @ 1 =  48.386 , Out:   0.000#


 Total SPIN, PARITY =     3.5 +,      1 chs,      0 cc.  Rmin & Coul turning =    0.1    3.0
   S-matrix    1 =    0.28997   0.44695 for L=    4, J=    3.5 channel on core I =   0.0 from L=    4,  Acc. loss =  0.0 D.
 Elastic phase shift   1 =   28.513  18.038 deg. for the L =    4, J =    3.5 channel.
       3.5  0.28997152  0.44695092i: elastic S-matrix  @@      0.00  0   0 F  0
 Reaction Xsec     3.5+/ 4 @ 1 =  58.863 , Out:   0.000#


 Total SPIN, PARITY =     3.5 -,      1 chs,      0 cc.  Rmin & Coul turning =    0.1    3.0
   S-matrix    1 =   -0.51714  -0.08807 for L=    3, J=    3.5 channel on core I =   0.0 from L=    3,  Acc. loss =  0.0 D.
 Elastic phase shift   1 =  -85.168  18.482 deg. for the L =    3, J =    3.5 channel.
       3.5 -0.51713932 -0.08806944i: elastic S-matrix  @@      0.00  0   0 F  0
 Reaction Xsec     3.5-/ 3 @ 1 =  59.575 , Out:   0.000#


 Total SPIN, PARITY =     4.5 +,      1 chs,      0 cc.  Rmin & Coul turning =    0.2    3.8
   S-matrix    1 =   -0.15283   0.37999 for L=    4, J=    4.5 channel on core I =   0.0 from L=    4,  Acc. loss =  0.0 D.
 Elastic phase shift   1 =   55.955  25.572 deg. for the L =    4, J =    4.5 channel.
       4.5 -0.15282950  0.37998879i: elastic S-matrix  @@      0.00  0   0 F  0
 Reaction Xsec     4.5+/ 4 @ 1 =  85.507 , Out:   0.000#


 Total SPIN, PARITY =     4.5 -,      1 chs,      0 cc.  Rmin & Coul turning =    0.2    3.8
   S-matrix    1 =    0.71650   0.28564 for L=    5, J=    4.5 channel on core I =   0.0 from L=    5,  Acc. loss =  0.0 D.
 Elastic phase shift   1 =   10.868   7.438 deg. for the L =    5, J =    4.5 channel.
       4.5  0.71649951  0.28564433i: elastic S-matrix  @@      0.00  0   0 F  0
 Reaction Xsec     4.5-/ 5 @ 1 =  41.614 , Out:   0.000#


 Total SPIN, PARITY =     5.5 +,      1 chs,      0 cc.  Rmin & Coul turning =    0.2    4.6
   S-matrix    1 =    0.90403   0.12772 for L=    6, J=    5.5 channel on core I =   0.0 from L=    6,  Acc. loss =  0.0 D.
 Elastic phase shift   1 =    4.021   2.607 deg. for the L =    6, J =    5.5 channel.
       5.5  0.90403040  0.12772153i: elastic S-matrix  @@      0.00  0   0 F  0
 Reaction Xsec     5.5+/ 6 @ 1 =  20.517 , Out:   0.000#


 Total SPIN, PARITY =     5.5 -,      1 chs,      0 cc.  Rmin & Coul turning =    0.2    4.6
   S-matrix    1 =    0.56899   0.41442 for L=    5, J=    5.5 channel on core I =   0.0 from L=    5,  Acc. loss =  0.0 D.
 Elastic phase shift   1 =   18.034  10.058 deg. for the L =    5, J =    5.5 channel.
       5.5  0.56898598  0.41441979i: elastic S-matrix  @@      0.00  0   0 F  0
 Reaction Xsec     5.5-/ 5 @ 1 =  62.201 , Out:   0.000#


 Total SPIN, PARITY =     6.5 +,      1 chs,      0 cc.  Rmin & Coul turning =    0.3    5.4
   S-matrix    1 =    0.88242   0.18450 for L=    6, J=    6.5 channel on core I =   0.0 from L=    6,  Acc. loss =  0.0 D.
 Elastic phase shift   1 =    5.905   2.971 deg. for the L =    6, J =    6.5 channel.
       6.5  0.88242265  0.18449585i: elastic S-matrix  @@      0.00  0   0 F  0
 Reaction Xsec     6.5+/ 6 @ 1 =  26.940 , Out:   0.000#


 Total SPIN, PARITY =     6.5 -,      1 chs,      0 cc.  Rmin & Coul turning =    0.3    5.4
   S-matrix    1 =    0.96799   0.04903 for L=    7, J=    6.5 channel on core I =   0.0 from L=    7,  Acc. loss =  0.0 D.
 Elastic phase shift   1 =    1.450   0.895 deg. for the L =    7, J =    6.5 channel.
       6.5  0.96799217  0.04903163i: elastic S-matrix  @@      0.00  0   0 F  0
 Reaction Xsec     6.5-/ 7 @ 1 =   8.715 , Out:   0.000#


 Total SPIN, PARITY =     7.5 +,      1 chs,      0 cc.  Rmin & Coul turning =    0.3    6.2
   S-matrix    1 =    0.98917   0.01775 for L=    8, J=    7.5 channel on core I =   0.0 from L=    8,  Acc. loss =  0.0 D.
 Elastic phase shift   1 =    0.514   0.307 deg. for the L =    8, J =    7.5 channel.
       7.5  0.98916967  0.01774973i: elastic S-matrix  @@      0.00  0   0 F  0
 Reaction Xsec     7.5+/ 8 @ 1 =   3.490 , Out:   0.000#


 Total SPIN, PARITY =     7.5 -,      1 chs,      0 cc.  Rmin & Coul turning =    0.3    6.2
   S-matrix    1 =    0.96531   0.06688 for L=    7, J=    7.5 channel on core I =   0.0 from L=    7,  Acc. loss =  0.0 D.
 Elastic phase shift   1 =    1.982   0.943 deg. for the L =    7, J =    7.5 channel.
       7.5  0.96531314  0.06688353i: elastic S-matrix  @@      0.00  0   0 F  0
 Reaction Xsec     7.5-/ 7 @ 1 =  10.471 , Out:   0.000#


 Total SPIN, PARITY =     8.5 +,      1 chs,      0 cc.  Rmin & Coul turning =    0.4    7.0
   S-matrix    1 =    0.98884   0.02321 for L=    8, J=    8.5 channel on core I =   0.0 from L=    8,  Acc. loss =  0.0 D.
 Elastic phase shift   1 =    0.672   0.314 deg. for the L =    8, J =    8.5 channel.
       8.5  0.98884031  0.02321208i: elastic S-matrix  @@      0.00  0   0 F  0
 Reaction Xsec     8.5+/ 8 @ 1 =   4.005 , Out:   0.000#


 Total SPIN, PARITY =     8.5 -,      1 chs,      0 cc.  Rmin & Coul turning =    0.4    7.0
   S-matrix    1 =    0.99630   0.00627 for L=    9, J=    8.5 channel on core I =   0.0 from L=    9,  Acc. loss =  0.0 D.
 Elastic phase shift   1 =    0.180   0.105 deg. for the L =    9, J =    8.5 channel.
       8.5  0.99630466  0.00626824i: elastic S-matrix  @@      0.00  0   0 F  0
 Reaction Xsec     8.5-/ 9 @ 1 =   1.357 , Out:   0.000#


 Total SPIN, PARITY =     9.5 +,      1 chs,      0 cc.  Rmin & Coul turning =    0.4    7.8
   S-matrix    1 =    0.99874   0.00219 for L=   10, J=    9.5 channel on core I =   0.0 from L=   10,  Acc. loss =  0.0 D.
 Elastic phase shift   1 =    0.063   0.036 deg. for the L =   10, J =    9.5 channel.
       9.5  0.99873673  0.00218660i: elastic S-matrix  @@      0.00  0   0 F  0
 Reaction Xsec     9.5+/10 @ 1 =   0.518 , Out:   0.000#


 Total SPIN, PARITY =     9.5 -,      1 chs,      0 cc.  Rmin & Coul turning =    0.4    7.8
   S-matrix    1 =    0.99626   0.00795 for L=    9, J=    9.5 channel on core I =   0.0 from L=    9,  Acc. loss =  0.0 D.
 Elastic phase shift   1 =    0.229   0.106 deg. for the L =    9, J =    9.5 channel.
       9.5  0.99626384  0.00795452i: elastic S-matrix  @@      0.00  0   0 F  0
 Reaction Xsec     9.5-/ 9 @ 1 =   1.520 , Out:   0.000#


 Total SPIN, PARITY =    10.5 +,      1 chs,      0 cc.  Rmin & Coul turning =    0.5    8.7
   S-matrix    1 =    0.99873   0.00271 for L=   10, J=   10.5 channel on core I =   0.0 from L=   10,  Acc. loss =  0.0 D.
 Elastic phase shift   1 =    0.078   0.036 deg. for the L =   10, J =   10.5 channel.
      10.5  0.99873165  0.00271047i: elastic S-matrix  @@      0.00  0   0 F  0
 Reaction Xsec    10.5+/10 @ 1 =   0.571 , Out:   0.000#


 Total SPIN, PARITY =    10.5 -,      1 chs,      0 cc.  Rmin & Coul turning =    0.5    8.7
   S-matrix    1 =    0.99957   0.00076 for L=   11, J=   10.5 channel on core I =   0.0 from L=   11,  Acc. loss =  0.0 D.
 Elastic phase shift   1 =    0.022   0.012 deg. for the L =   11, J =   10.5 channel.
      10.5  0.99956862  0.00075724i: elastic S-matrix  @@      0.00  0   0 F  0
 Reaction Xsec    10.5-/11 @ 1 =   0.195 , Out:   0.000#


 Total SPIN, PARITY =    11.5 +,      1 chs,      0 cc.  Rmin & Coul turning =    0.5    9.5
   S-matrix    1 =    0.99985   0.00026 for L=   12, J=   11.5 channel on core I =   0.0 from L=   12,  Acc. loss =  0.0 D.
 Elastic phase shift   1 =    0.007   0.004 deg. for the L =   12, J =   11.5 channel.
      11.5  0.99985300  0.00026092i: elastic S-matrix  @@      0.00  0   0 F  0
 Reaction Xsec    11.5+/12 @ 1 =   0.072 , Out:   0.000#


 Total SPIN, PARITY =    11.5 -,      1 chs,      0 cc.  Rmin & Coul turning =    0.5    9.5
   S-matrix    1 =    0.99957   0.00092 for L=   11, J=   11.5 channel on core I =   0.0 from L=   11,  Acc. loss =  0.0 D.
 Elastic phase shift   1 =    0.026   0.012 deg. for the L =   11, J =   11.5 channel.
      11.5  0.99956798  0.00092026i: elastic S-matrix  @@      0.00  0   0 F  0
 Reaction Xsec    11.5-/11 @ 1 =   0.213 , Out:   0.000#


 Total SPIN, PARITY =    12.5 +,      1 chs,      0 cc.  Rmin & Coul turning =    0.6   10.3
   S-matrix    1 =    0.99985   0.00031 for L=   12, J=   12.5 channel on core I =   0.0 from L=   12,  Acc. loss =  0.0 D.
 Elastic phase shift   1 =    0.009   0.004 deg. for the L =   12, J =   12.5 channel.
      12.5  0.99985292  0.00031160i: elastic S-matrix  @@      0.00  0   0 F  0
 Reaction Xsec    12.5+/12 @ 1 =   0.079 , Out:   0.000#


 Total SPIN, PARITY =    12.5 -,      1 chs,      0 cc.  Rmin & Coul turning =    0.6   10.3
   S-matrix    1 =    0.99995   0.00009 for L=   13, J=   12.5 channel on core I =   0.0 from L=   13,  Acc. loss =  0.0 D.
 Elastic phase shift   1 =    0.003   0.001 deg. for the L =   13, J =   12.5 channel.
      12.5  0.99995002  0.00008955i: elastic S-matrix  @@      0.00  0   0 F  0
 Reaction Xsec    12.5-/13 @ 1 =   0.027 , Out:   0.000#


 Total SPIN, PARITY =    13.5 +,      1 chs,      0 cc.  Rmin & Coul turning =    0.6   11.1
   S-matrix    1 =    0.99998   0.00003 for L=   14, J=   13.5 channel on core I =   0.0 from L=   14,  Acc. loss =  0.0 D.
 Elastic phase shift   1 =    0.001   0.000 deg. for the L =   14, J =   13.5 channel.
      13.5  0.99998304  0.00003063i: elastic S-matrix  @@      0.00  0   0 F  0
 Reaction Xsec    13.5+/14 @ 1 =   9.756/, Out:   0.000#


 Total SPIN, PARITY =    13.5 -,      1 chs,      0 cc.  Rmin & Coul turning =    0.6   11.1
   S-matrix    1 =    0.99995   0.00011 for L=   13, J=   13.5 channel on core I =   0.0 from L=   13,  Acc. loss =  0.0 D.
 Elastic phase shift   1 =    0.003   0.001 deg. for the L =   13, J =   13.5 channel.
      13.5  0.99995001  0.00010527i: elastic S-matrix  @@      0.00  0   0 F  0
 Reaction Xsec    13.5-/13 @ 1 =   0.029 , Out:   0.000#


 Total SPIN, PARITY =    14.5 +,      1 chs,      0 cc.  Rmin & Coul turning =    0.7   11.9
   S-matrix    1 =    0.99998   0.00004 for L=   14, J=   14.5 channel on core I =   0.0 from L=   14,  Acc. loss =  0.0 D.
 Elastic phase shift   1 =    0.001   0.000 deg. for the L =   14, J =   14.5 channel.
      14.5  0.99998304  0.00003550i: elastic S-matrix  @@      0.00  0   0 F  0
 Reaction Xsec    14.5+/14 @ 1 =   0.010 , Out:   0.000#


 Total SPIN, PARITY =    14.5 -,      1 chs,      0 cc.  Rmin & Coul turning =    0.7   11.9
   S-matrix    1 =    0.99999   0.00001 for L=   15, J=   14.5 channel on core I =   0.0 from L=   15,  Acc. loss =  0.0 D.
 Elastic phase shift   1 =    0.000   0.000 deg. for the L =   15, J =   14.5 channel.
      14.5  0.99999426  0.00001045i: elastic S-matrix  @@      0.00  0   0 F  0
 Reaction Xsec    14.5-/15 @ 1 =   3.539/, Out:   0.000#


 Total SPIN, PARITY =    15.5 +,      1 chs,      0 cc.  Rmin & Coul turning =    0.7   12.7
   S-matrix    1 =    1.00000   0.00000 for L=   16, J=   15.5 channel on core I =   0.0 from L=   16,  Acc. loss =  0.0 D.
 Elastic phase shift   1 =    0.000   0.000 deg. for the L =   16, J =   15.5 channel.
      15.5  0.99999806  0.00000356i: elastic S-matrix  @@      0.00  0   0 F  0
 Reaction Xsec    15.5+/16 @ 1 =   1.276/, Out:   0.000#


 Total SPIN, PARITY =    15.5 -,      1 chs,      0 cc.  Rmin & Coul turning =    0.7   12.7
   S-matrix    1 =    0.99999   0.00001 for L=   15, J=   15.5 channel on core I =   0.0 from L=   15,  Acc. loss =  0.0 D.
 Elastic phase shift   1 =    0.000   0.000 deg. for the L =   15, J =   15.5 channel.
      15.5  0.99999426  0.00001195i: elastic S-matrix  @@      0.00  0   0 F  0
 Reaction Xsec    15.5-/15 @ 1 =   3.775/, Out:   0.000#


 Total SPIN, PARITY =    16.5 +,      1 chs,      0 cc.  Rmin & Coul turning =    0.8   13.5
   S-matrix    1 =    1.00000   0.00000 for L=   16, J=   16.5 channel on core I =   0.0 from L=   16,  Acc. loss =  0.0 D.
 Elastic phase shift   1 =    0.000   0.000 deg. for the L =   16, J =   16.5 channel.
      16.5  0.99999806  0.00000402i: elastic S-matrix  @@      0.00  0   0 F  0
 Reaction Xsec    16.5+/16 @ 1 =   1.356/, Out:   0.000#


 Total SPIN, PARITY =    16.5 -,      1 chs,      0 cc.  Rmin & Coul turning =    0.8   13.5
   S-matrix    1 =    1.00000   0.00000 for L=   17, J=   16.5 channel on core I =   0.0 from L=   17,  Acc. loss =  0.0 D.
 Elastic phase shift   1 =    0.000   0.000 deg. for the L =   17, J =   16.5 channel.
      16.5  0.99999935  0.00000121i: elastic S-matrix  @@      0.00  0   0 F  0
 Reaction Xsec    16.5-/17 @ 1 =   0.458/, Out:   0.000#


 Total SPIN, PARITY =    17.5 +,      1 chs,      0 cc.  Rmin & Coul turning =    0.8   14.3
   S-matrix    1 =    1.00000   0.00000 for L=   18, J=   17.5 channel on core I =   0.0 from L=   18,  Acc. loss =  0.0 D.
 Elastic phase shift   1 =    0.000   0.000 deg. for the L =   18, J =   17.5 channel.
      17.5  0.99999978  0.00000041i: elastic S-matrix  @@      0.00  0   0 F  0
 Reaction Xsec    17.5+/18 @ 1 =   0.163/, Out:   0.000#


 Total SPIN, PARITY =    17.5 -,      1 chs,      0 cc.  Rmin & Coul turning =    0.8   14.3
   S-matrix    1 =    1.00000   0.00000 for L=   17, J=   17.5 channel on core I =   0.0 from L=   17,  Acc. loss =  0.0 D.
 Elastic phase shift   1 =    0.000   0.000 deg. for the L =   17, J =   17.5 channel.
      17.5  0.99999935  0.00000135i: elastic S-matrix  @@      0.00  0   0 F  0
 Reaction Xsec    17.5-/17 @ 1 =   0.484/, Out:   0.000#

 Finished all CC sets @    4.27999999E-03
0CUMULATIVE REACTION cross section                 =  561.59240  <L> =     3.88  <L**2> =     18.2
0CUMULATIVE outgoing cross sections in partition 1 :    0.00000
0Cumulative ABSORBTION by Imaginary Potentials     =  561.59240  <L> =     3.88  <L**2> =     18.2
   Fusion for specific p        M-states :  561.592403  561.592403
0CUMULATIVE OUTGOING cross section                 =    0.00000
 To convert to S-factors (MeV.mb = keV.b),  multiply by  1.2763E+02


 CROSS SECTIONS FOR OUTGOING p        & O20      in state #   1 with spins & parities 0.5  + &  0.0  +;  0

     3.00 deg.: X-S =   1.2664E+05 mb/sr,
+                                         /R =   7.9606E-01
     4.00 deg.: X-S =   3.4999E+04 mb/sr,
+                                         /R =   6.9506E-01
     5.00 deg.: X-S =   1.2732E+04 mb/sr,
+                                         /R =   6.1705E-01
     6.00 deg.: X-S =  5843.495500 mb/sr,
+                                         /R =   5.8690E-01
     7.00 deg.: X-S =  3383.451186 mb/sr,
+                                         /R =   6.2915E-01
     8.00 deg.: X-S =  2418.500475 mb/sr,
+                                         /R =   7.6661E-01
     9.00 deg.: X-S =  2008.722447 mb/sr,
+                                         /R =   1.0190E+00
    10.00 deg.: X-S =  1814.564480 mb/sr,
+                                         /R =   1.4017E+00
    11.00 deg.: X-S =  1703.270048 mb/sr,
+                                         /R =   1.9243E+00
    12.00 deg.: X-S =  1620.607422 mb/sr,
+                                         /R =   2.5900E+00
    13.00 deg.: X-S =  1544.343939 mb/sr,
+                                         /R =   3.3952E+00
    14.00 deg.: X-S =  1465.931123 mb/sr,
+                                         /R =   4.3290E+00
    15.00 deg.: X-S =  1382.825130 mb/sr,
+                                         /R =   5.3734E+00
    16.00 deg.: X-S =  1295.107692 mb/sr,
+                                         /R =   6.5046E+00
    17.00 deg.: X-S =  1203.946256 mb/sr,
+                                         /R =   7.6932E+00
    18.00 deg.: X-S =  1110.876754 mb/sr,
+                                         /R =   8.9061E+00
    19.00 deg.: X-S =  1017.467665 mb/sr,
+                                         /R =   1.0108E+01
    20.00 deg.: X-S =   925.165793 mb/sr,
+                                         /R =   1.1261E+01
    21.00 deg.: X-S =   835.230487 mb/sr,
+                                         /R =   1.2332E+01
    22.00 deg.: X-S =   748.711562 mb/sr,
+                                         /R =   1.3286E+01
    23.00 deg.: X-S =   666.448985 mb/sr,
+                                         /R =   1.4095E+01
    24.00 deg.: X-S =   589.083411 mb/sr,
+                                         /R =   1.4736E+01
    25.00 deg.: X-S =   517.072025 mb/sr,
+                                         /R =   1.5191E+01
    26.00 deg.: X-S =   450.706845 mb/sr,
+                                         /R =   1.5450E+01
    27.00 deg.: X-S =   390.133963 mb/sr,
+                                         /R =   1.5511E+01
    28.00 deg.: X-S =   335.372876 mb/sr,
+                                         /R =   1.5379E+01
    29.00 deg.: X-S =   286.335413 mb/sr,
+                                         /R =   1.5065E+01
    30.00 deg.: X-S =   242.843903 mb/sr,
+                                         /R =   1.4588E+01
    31.00 deg.: X-S =   204.648381 mb/sr,
+                                         /R =   1.3973E+01
    32.00 deg.: X-S =   171.442618 mb/sr,
+                                         /R =   1.3248E+01
    33.00 deg.: X-S =   142.878873 mb/sr,
+                                         /R =   1.2446E+01
    34.00 deg.: X-S =   118.581251 mb/sr,
+                                         /R =   1.1600E+01
    35.00 deg.: X-S =    98.157610 mb/sr,
+                                         /R =   1.0744E+01
    36.00 deg.: X-S =    81.209984 mb/sr,
+                                         /R =   9.9136E+00
    37.00 deg.: X-S =    67.343529 mb/sr,
+                                         /R =   9.1389E+00
    38.00 deg.: X-S =    56.174011 mb/sr,
+                                         /R =   8.4488E+00
    39.00 deg.: X-S =    47.333902 mb/sr,
+                                         /R =   7.8677E+00
    40.00 deg.: X-S =    40.477147 mb/sr,
+                                         /R =   7.4150E+00
    41.00 deg.: X-S =    35.282721 mb/sr,
+                                         /R =   7.1049E+00
    42.00 deg.: X-S =    31.457055 mb/sr,
+                                         /R =   6.9459E+00
    43.00 deg.: X-S =    28.735479 mb/sr,
+                                         /R =   6.9408E+00
    44.00 deg.: X-S =    26.882781 mb/sr,
+                                         /R =   7.0871E+00
    45.00 deg.: X-S =    25.693029 mb/sr,
+                                         /R =   7.3768E+00
    46.00 deg.: X-S =    24.988764 mb/sr,
+                                         /R =   7.7974E+00
    47.00 deg.: X-S =    24.619698 mb/sr,
+                                         /R =   8.3325E+00
    48.00 deg.: X-S =    24.461015 mb/sr,
+                                         /R =   8.9623E+00
    49.00 deg.: X-S =    24.411389 mb/sr,
+                                         /R =   9.6648E+00
    50.00 deg.: X-S =    24.390817 mb/sr,
+                                         /R =   1.0416E+01
    51.00 deg.: X-S =    24.338335 mb/sr,
+                                         /R =   1.1192E+01
    52.00 deg.: X-S =    24.209704 mb/sr,
+                                         /R =   1.1969E+01
    53.00 deg.: X-S =    23.975127 mb/sr,
+                                         /R =   1.2722E+01
    54.00 deg.: X-S =    23.617030 mb/sr,
+                                         /R =   1.3431E+01
    55.00 deg.: X-S =    23.127966 mb/sr,
+                                         /R =   1.4075E+01
    56.00 deg.: X-S =    22.508671 mb/sr,
+                                         /R =   1.4638E+01
    57.00 deg.: X-S =    21.766272 mb/sr,
+                                         /R =   1.5105E+01
    58.00 deg.: X-S =    20.912690 mb/sr,
+                                         /R =   1.5466E+01
    59.00 deg.: X-S =    19.963222 mb/sr,
+                                         /R =   1.5714E+01
    60.00 deg.: X-S =    18.935312 mb/sr,
+                                         /R =   1.5843E+01
    61.00 deg.: X-S =    17.847512 mb/sr,
+                                         /R =   1.5854E+01
    62.00 deg.: X-S =    16.718610 mb/sr,
+                                         /R =   1.5749E+01
    63.00 deg.: X-S =    15.566931 mb/sr,
+                                         /R =   1.5532E+01
    64.00 deg.: X-S =    14.409785 mb/sr,
+                                         /R =   1.5212E+01
    65.00 deg.: X-S =    13.263058 mb/sr,
+                                         /R =   1.4798E+01
    66.00 deg.: X-S =    12.140921 mb/sr,
+                                         /R =   1.4301E+01
    67.00 deg.: X-S =    11.055646 mb/sr,
+                                         /R =   1.3735E+01
    68.00 deg.: X-S =    10.017520 mb/sr,
+                                         /R =   1.3113E+01
    69.00 deg.: X-S =     9.034824 mb/sr,
+                                         /R =   1.2449E+01
    70.00 deg.: X-S =     8.113886 mb/sr,
+                                         /R =   1.1757E+01
    71.00 deg.: X-S =     7.259176 mb/sr,
+                                         /R =   1.1051E+01
    72.00 deg.: X-S =     6.473440 mb/sr,
+                                         /R =   1.0344E+01
    73.00 deg.: X-S =     5.757861 mb/sr,
+                                         /R =   9.6495E+00
    74.00 deg.: X-S =     5.112240 mb/sr,
+                                         /R =   8.9775E+00
    75.00 deg.: X-S =     4.535180 mb/sr,
+                                         /R =   8.3383E+00
    76.00 deg.: X-S =     4.024277 mb/sr,
+                                         /R =   7.7401E+00
    77.00 deg.: X-S =     3.576307 mb/sr,
+                                         /R =   7.1899E+00
    78.00 deg.: X-S =     3.187405 mb/sr,
+                                         /R =   6.6929E+00
    79.00 deg.: X-S =     2.853232 mb/sr,
+                                         /R =   6.2528E+00
    80.00 deg.: X-S =     2.569129 mb/sr,
+                                         /R =   5.8715E+00
    81.00 deg.: X-S =     2.330257 mb/sr,
+                                         /R =   5.5498E+00
    82.00 deg.: X-S =     2.131717 mb/sr,
+                                         /R =   5.2868E+00
    83.00 deg.: X-S =     1.968657 mb/sr,
+                                         /R =   5.0807E+00
    84.00 deg.: X-S =     1.836359 mb/sr,
+                                         /R =   4.9283E+00
    85.00 deg.: X-S =     1.730316 mb/sr,
+                                         /R =   4.8256E+00
    86.00 deg.: X-S =     1.646284 mb/sr,
+                                         /R =   4.7679E+00
    87.00 deg.: X-S =     1.580329 mb/sr,
+                                         /R =   4.7499E+00
    88.00 deg.: X-S =     1.528855 mb/sr,
+                                         /R =   4.7659E+00
    89.00 deg.: X-S =     1.488623 mb/sr,
+                                         /R =   4.8098E+00
    90.00 deg.: X-S =     1.456761 mb/sr,
+                                         /R =   4.8755E+00
    91.00 deg.: X-S =     1.430761 mb/sr,
+                                         /R =   4.9571E+00
    92.00 deg.: X-S =     1.408472 mb/sr,
+                                         /R =   5.0487E+00
    93.00 deg.: X-S =     1.388087 mb/sr,
+                                         /R =   5.1447E+00
    94.00 deg.: X-S =     1.368125 mb/sr,
+                                         /R =   5.2400E+00
    95.00 deg.: X-S =     1.347403 mb/sr,
+                                         /R =   5.3298E+00
    96.00 deg.: X-S =     1.325017 mb/sr,
+                                         /R =   5.4101E+00
    97.00 deg.: X-S =     1.300315 mb/sr,
+                                         /R =   5.4773E+00
    98.00 deg.: X-S =     1.272862 mb/sr,
+                                         /R =   5.5283E+00
    99.00 deg.: X-S =     1.242421 mb/sr,
+                                         /R =   5.5609E+00
   100.00 deg.: X-S =     1.208920 mb/sr,
+                                         /R =   5.5732E+00
   101.00 deg.: X-S =     1.172429 mb/sr,
+                                         /R =   5.5642E+00
   102.00 deg.: X-S =     1.133129 mb/sr,
+                                         /R =   5.5333E+00
   103.00 deg.: X-S =     1.091295 mb/sr,
+                                         /R =   5.4804E+00
   104.00 deg.: X-S =     1.047271 mb/sr,
+                                         /R =   5.4060E+00
   105.00 deg.: X-S =     1.001448 mb/sr,
+                                         /R =   5.3111E+00
   106.00 deg.: X-S =     0.954251 mb/sr,
+                                         /R =   5.1970E+00
   107.00 deg.: X-S =     0.906118 mb/sr,
+                                         /R =   5.0651E+00
   108.00 deg.: X-S =     0.857492 mb/sr,
+                                         /R =   4.9176E+00
   109.00 deg.: X-S =     0.808804 mb/sr,
+                                         /R =   4.7564E+00
   110.00 deg.: X-S =     0.760466 mb/sr,
+                                         /R =   4.5838E+00
   111.00 deg.: X-S =     0.712865 mb/sr,
+                                         /R =   4.4022E+00
   112.00 deg.: X-S =     0.666350 mb/sr,
+                                         /R =   4.2140E+00
   113.00 deg.: X-S =     0.621238 mb/sr,
+                                         /R =   4.0214E+00
   114.00 deg.: X-S =     0.577802 mb/sr,
+                                         /R =   3.8268E+00
   115.00 deg.: X-S =     0.536273 mb/sr,
+                                         /R =   3.6324E+00
   116.00 deg.: X-S =     0.496839 mb/sr,
+                                         /R =   3.4402E+00
   117.00 deg.: X-S =     0.459646 mb/sr,
+                                         /R =   3.2522E+00
   118.00 deg.: X-S =     0.424797 mb/sr,
+                                         /R =   3.0700E+00
   119.00 deg.: X-S =     0.392359 mb/sr,
+                                         /R =   2.8951E+00
   120.00 deg.: X-S =     0.362357 mb/sr,
+                                         /R =   2.7287E+00
   121.00 deg.: X-S =     0.334788 mb/sr,
+                                         /R =   2.5719E+00
   122.00 deg.: X-S =     0.309614 mb/sr,
+                                         /R =   2.4254E+00
   123.00 deg.: X-S =     0.286773 mb/sr,
+                                         /R =   2.2899E+00
   124.00 deg.: X-S =     0.266180 mb/sr,
+                                         /R =   2.1657E+00
   125.00 deg.: X-S =     0.247729 mb/sr,
+                                         /R =   2.0530E+00
   126.00 deg.: X-S =     0.231302 mb/sr,
+                                         /R =   1.9516E+00
   127.00 deg.: X-S =     0.216768 mb/sr,
+                                         /R =   1.8615E+00
   128.00 deg.: X-S =     0.203987 mb/sr,
+                                         /R =   1.7821E+00
   129.00 deg.: X-S =     0.192816 mb/sr,
+                                         /R =   1.7131E+00
   130.00 deg.: X-S =     0.183112 mb/sr,
+                                         /R =   1.6539E+00
   131.00 deg.: X-S =     0.174733 mb/sr,
+                                         /R =   1.6038E+00
   132.00 deg.: X-S =     0.167540 mb/sr,
+                                         /R =   1.5622E+00
   133.00 deg.: X-S =     0.161402 mb/sr,
+                                         /R =   1.5282E+00
   134.00 deg.: X-S =     0.156198 mb/sr,
+                                         /R =   1.5013E+00
   135.00 deg.: X-S =     0.151815 mb/sr,
+                                         /R =   1.4807E+00
   136.00 deg.: X-S =     0.148152 mb/sr,
+                                         /R =   1.4658E+00
   137.00 deg.: X-S =     0.145120 mb/sr,
+                                         /R =   1.4559E+00
   138.00 deg.: X-S =     0.142645 mb/sr,
+                                         /R =   1.4506E+00
   139.00 deg.: X-S =     0.140664 mb/sr,
+                                         /R =   1.4495E+00
   140.00 deg.: X-S =     0.139127 mb/sr,
+                                         /R =   1.4523E+00
   141.00 deg.: X-S =     0.137997 mb/sr,
+                                         /R =   1.4586E+00
   142.00 deg.: X-S =     0.137249 mb/sr,
+                                         /R =   1.4685E+00
   143.00 deg.: X-S =     0.136868 mb/sr,
+                                         /R =   1.4819E+00
   144.00 deg.: X-S =     0.136849 mb/sr,
+                                         /R =   1.4989E+00
   145.00 deg.: X-S =     0.137196 mb/sr,
+                                         /R =   1.5195E+00
   146.00 deg.: X-S =     0.137921 mb/sr,
+                                         /R =   1.5442E+00
   147.00 deg.: X-S =     0.139039 mb/sr,
+                                         /R =   1.5732E+00
   148.00 deg.: X-S =     0.140570 mb/sr,
+                                         /R =   1.6068E+00
   149.00 deg.: X-S =     0.142537 mb/sr,
+                                         /R =   1.6454E+00
   150.00 deg.: X-S =     0.144963 mb/sr,
+                                         /R =   1.6894E+00
   151.00 deg.: X-S =     0.147869 mb/sr,
+                                         /R =   1.7391E+00
   152.00 deg.: X-S =     0.151276 mb/sr,
+                                         /R =   1.7951E+00
   153.00 deg.: X-S =     0.155198 mb/sr,
+                                         /R =   1.8574E+00
   154.00 deg.: X-S =     0.159645 mb/sr,
+                                         /R =   1.9264E+00
   155.00 deg.: X-S =     0.164623 mb/sr,
+                                         /R =   2.0022E+00
   156.00 deg.: X-S =     0.170126 mb/sr,
+                                         /R =   2.0849E+00
   157.00 deg.: X-S =     0.176143 mb/sr,
+                                         /R =   2.1743E+00
   158.00 deg.: X-S =     0.182654 mb/sr,
+                                         /R =   2.2704E+00
   159.00 deg.: X-S =     0.189629 mb/sr,
+                                         /R =   2.3728E+00
   160.00 deg.: X-S =     0.197031 mb/sr,
+                                         /R =   2.4810E+00
   161.00 deg.: X-S =     0.204810 mb/sr,
+                                         /R =   2.5945E+00
   162.00 deg.: X-S =     0.212912 mb/sr,
+                                         /R =   2.7125E+00
   163.00 deg.: X-S =     0.221272 mb/sr,
+                                         /R =   2.8342E+00
   164.00 deg.: X-S =     0.229817 mb/sr,
+                                         /R =   2.9586E+00
   165.00 deg.: X-S =     0.238470 mb/sr,
+                                         /R =   3.0846E+00
   166.00 deg.: X-S =     0.247147 mb/sr,
+                                         /R =   3.2111E+00
   167.00 deg.: X-S =     0.255760 mb/sr,
+                                         /R =   3.3367E+00
   168.00 deg.: X-S =     0.264219 mb/sr,
+                                         /R =   3.4603E+00
   169.00 deg.: X-S =     0.272432 mb/sr,
+                                         /R =   3.5804E+00
   170.00 deg.: X-S =     0.280306 mb/sr,
+                                         /R =   3.6957E+00
   171.00 deg.: X-S =     0.287751 mb/sr,
+                                         /R =   3.8049E+00
   172.00 deg.: X-S =     0.294681 mb/sr,
+                                         /R =   3.9067E+00
   173.00 deg.: X-S =     0.301012 mb/sr,
+                                         /R =   3.9997E+00
   174.00 deg.: X-S =     0.306667 mb/sr,
+                                         /R =   4.0830E+00
   175.00 deg.: X-S =     0.311578 mb/sr,
+                                         /R =   4.1553E+00
   176.00 deg.: X-S =     0.315682 mb/sr,
+                                         /R =   4.2158E+00
   177.00 deg.: X-S =     0.318930 mb/sr,
+                                         /R =   4.2638E+00
   178.00 deg.: X-S =     0.321280 mb/sr,
+                                         /R =   4.2984E+00
   179.00 deg.: X-S =     0.322702 mb/sr,
+                                         /R =   4.3194E+00
   179.99 deg.: X-S =     0.323178 mb/sr,
+                                         /R =   4.3265E+00
                                           Integrated 2066.1553 mb, over [   3.000, 180.000] at    35.0000 MeV 
 Finished all xsecs @    5.23399981E-03

  The following files have been created:
   3:local copy of User input.            6:standard output.                   
   7:elastic  S-matrix elements.         13:total cross sections/state.        
  16:tables of cross sections.           38:cross sections for each J/pi.      
  39:cross sections for each Ecm.        40:all cross sectns. for each Elab.   
  45:scat phase shift as E functions.    56:Fusion for each Jtotal.            
 201:Separate cross sections.           

 PARAMETERS : MAXQRN   MFNL   MLOC  LMAX1 MCLIST
    ALLOWED :      1      1      4     70      6
    REQUIRED:      0      0      4     19      4


 ACCURACY ANALYSIS at    35.000 MeV :

  Elastic h*k = 0.037 so OK       compared with 0.200

   Real(S-el) > 0.01 first at J =       3.5
   Real(S-el) > 0.10 first at J =       3.5
   Real(S-el) > 0.50 first at J =       4.5
   Real(S-el) > 0.90 first at J =       5.5
   Real(S-el) > 0.99 first at J =       8.5
   R-turn =    14.32 fm    at J =      17.5

 Forward-angle excitation cut off below   1.361 deg by max JT =      17.5
                              and below   0.330 deg by max R.

