 FRESCO - FRES 3.4: Coupled Reaction Channels
 Assuming NAMELIST input.

 p+O20 2nd ex with BG ;                                                          

   0.030  60.000   0.500   0.000   0.000   0.000   0.000   0.000   0.000   0.000

 Centre-of-mass Range is   2002 * 0.0300 fm., Maximum at  60.00 fm., Interpolating NL forms every  0.51 fm.
 Non - locality width is      4 * 0.0300 fm., Maximum of   0.09 fm., Centred at  0.00 fm.
 2-Nucleon Separation of      0 * 0.5100 fm., Maximum of   0.00 fm., Minimum at  0.00 fm.
 Maximum single particle bins of 59.6700 fm.
               M,Mint =         2001        1990


 Range of total J is     0.0 <= J <=    50.0 (at least     0.0) and Absorbtion =>    -1.0000 mb.
 Dry Run = F, CC set limits =  0  0, Relativistic kinematics =  , Both/Far/Near Analyses =  1                     

 Cross Sections (and up to T0 for 0=projectile) for Theta from   0.0 to-180.0 in steps of  1.0 degrees, DGAM=0,  Coordinates = 0 (Mads)

 Lower Radial Cutoff = maximum of -1.60*L*h &       0.0 fm.,  Lower Cutoff for Couplings =   0.0  fm.


 Iterate Couplings between   0 and   1 times, to  0.000 % if sooner.                                          
  Block solved exactly =   2 chs., with Pade = 0 & Isocen =  =0, NOSOL = F, initwf =  0
  NL quadrature with   18 Gaussian points, Calculate multipoles up to    56 from   0
  M-transfers for lp+lt greater than or equal to  6, Angular Integration Cutoff below  2.7778 %


 Trace switches are :  CHANS =  1, LISTCC =  0, TRENEG =  0, CDETR =  0, SMATS =  2, XSTABL =  1, NLPL =  0

                       WAVES =  0, LAMPL =  0, VEFF =  0, KFUS =  0, WDISK =  0, BPM =  0, MELFIL =  0

                       CDCC =  0, NFUS =  0

 Using unit mass = 1.000000 amu and 1/fine-structure constant = 137.03599 ( 1.000000 * true ) with hc = 197.32705 MeV.fm,
  thus 2*amu/hbar^2 = 0.0478450 = 1/20.9008 and Coulomb constant = 0.1574855 so e^2 = 1.43997, and nuclear magneton= 0.1261183

 Now pre-scan input and save to file 3



 *********** PARTITION NUMBER  1 ******************************************************************************************

   PROJ=p          MASS=  1.0073 Z=   1.0,        # STATES=    2T, TARG=O20      MASS= 19.9997 Z=   8.0,     Q-VALUE =  -0.0000 MEV.

     1:  J= 0.5+ (B# 1), E=  0.0000, K= 0.5              Potl#  1       J= 0.0+ (B# 1), E=  0.0000, K= 0.0    

     2:  J= 0.5+ (B# 1), E=  0.0000, K= 0.5              Potl#  1       J= 2.0+ (B# 1), E=  4.1000, K= 0.0    
                                  (Just State  1)


 ************************************************************************************************************************************

 The following POTENTIALS are defined :

  KP#       TYPE      IT    SHAPE      at     V1        r1        a1        V2        r2        a2        A-in     A-used


                                            A#1       A#2        r0c       ac                                                h @ 1
    1    0=Coulomb       0=CHARGE (WS)  1    20.000     0.000    1.3000    0.0000    0.0000    0.0000     0.000    20.000   0.03000

                                           Mn(E1)    Mn(E2)    Mn(E3)  .....
    1   11=Target defm  10=derivatives  2    0.0000    5.3000    0.0000    0.0000    0.0000    0.0000     0.000     3.529= RADIUS

              At    2 is k =  2 (Potl. beta = 0.22286)
                                     Beta of targ. = 0.22286 (using radius of 3.529 fm.).

    1    1=Volume        0=Woods-Saxon  3   48.7789    1.1700    0.7500    0.0000    0.0000    0.0000     0.000    20.000

                                            Def1      Def2      Def3   .....
    1   11=Target defm  10=derivatives  4    0.0000    0.6352    0.0000    0.0000    0.0000    0.0000     0.000     3.176= RADIUS

              At    4 is k =  2 (Potl. beta = 0.20000)
                                     Beta of targ. = 0.20000 (using radius of 3.176 fm.).

    1    1=Volume        0=Woods-Saxon  5    0.0000    0.0000    0.0000    5.0000    1.3200    0.6500     0.000    20.000

                                            Def1      Def2      Def3   .....
    1   11=Target defm  10=derivatives  6    0.0000    0.7166    0.0000    0.0000    0.0000    0.0000     0.000     3.583= RADIUS

              At    6 is k =  2 (Potl. beta = 0.20000)
                                     Beta of targ. = 0.20000 (using radius of 3.583 fm.).

    1    2=Surface       0=Woods-Saxon  7    0.0000    0.0000    0.0000    5.4500    1.3200    0.6500     0.000    20.000

                                            Def1      Def2      Def3   .....
    1   11=Target defm  10=derivatives  8    0.0000    0.7166    0.0000    0.0000    0.0000    0.0000     0.000     3.583= RADIUS

              At    8 is k =  2 (Potl. beta = 0.20000)
                                     Beta of targ. = 0.20000 (using radius of 3.583 fm.).

    1    3=Projtl S.O.   0=Woods-Saxon  9    3.1000    1.0100    0.7500    0.0000    0.0000    0.0000     0.000    20.000

 Incoming partition  1 in excitation state # 1,   Laboratory Energy given for partition  1 Nucleus 1 in Excitation pair 1

0Lab. ENERGY ranges :

   from    35.0000     to   0.00000     in     0 intervals
   from    0.00000     to   0.00000     in     0 intervals
   from    0.00000     to   0.00000     in     0 intervals

 Largest real,imaginary parts of any form factor at R=   59.52 are   2.42E-02  5.84E-32 MeV
 Finished all Couplings @    8.31999932E-04           9

 Symmetric Hamiltonian
1***********************************************************************************************************************************
************************************************************************************************************************************

        INCOMING p        ;    LABORATORY p        ENERGY =   35.000     MeV.

 ***********************************************************************************************************************************
 ***********************************************************************************************************************************

 Allocate arrays for            3  channels, of which            3  need wfs.

 ######################################################################################################################
 #                                                                                                                    #
 # Total SPIN and PARITY =     0.5 +,      3 channels,    3 in 1st block.  Rmin & Coul turning =    0.0    0.3 fm.  #
 #                                                                                                                    #
 ######################################################################################################################



    C Projectl Target   #   EX.   (L  Proj) J  + Targ = Jtotal     E-cm      Re K     Re Eta     RM*K            CH
    1 p        O20      #    1: I   0 0.5    0.5  0.0     0.5    33.32176   1.23648   0.21373   74.1887   0.33920  -0.36833 1 1 1   1
    2 p        O20      #    2:     2 0.5    1.5  2.0     0.5    29.22176   1.15791   0.22823   69.4748  -0.24538  -0.43678 1 1 1   2
    3 p        O20      #    2:     2 0.5    2.5  2.0     0.5    29.22176   1.15791   0.22823   69.4748  -0.24538  -0.43678 1 1 1   2
   S-matrix    1 =    0.27335  -0.28227 for L=    0, J=    0.5 channel on core I =   0.0 from L=    0,  Acc. loss =  0.0 D.
 Elastic phase shift   1 =  -22.960  26.760 deg. for the L =    0, J =    0.5 channel.
       0.5  0.27335158 -0.28226969i: elastic S-matrix  @@      0.00  0   0 F  0
 Reaction Xsec     0.5+/ 0 @ 1 =  17.376 , Out:   0.000#   0.165   17.211f


 Total SPIN, PARITY =     0.5 -,      3 chs,      3 cc.  Rmin & Coul turning =    0.0    0.3
   S-matrix    1 =    0.02600  -0.37532 for L=    1, J=    0.5 channel on core I =   0.0 from L=    1,  Acc. loss =  0.0 D.
 Elastic phase shift   1 =  -43.019  28.006 deg. for the L =    1, J =    0.5 channel.
       0.5  0.02599821 -0.37532118i: elastic S-matrix  @@      0.00  0   0 F  0
 Reaction Xsec     0.5-/ 1 @ 1 =  17.640 , Out:   0.000#   0.137   17.503f

 Allocate arrays for            5  channels, of which            5  need wfs.

 Total SPIN, PARITY =     1.5 +,      5 chs,      5 cc.  Rmin & Coul turning =    0.0    1.3
   S-matrix    1 =   -0.24366  -0.28257 for L=    2, J=    1.5 channel on core I =   0.0 from L=    2,  Acc. loss =  0.0 D.
 Elastic phase shift   1 =  -65.386  28.243 deg. for the L =    2, J =    1.5 channel.
       1.5 -0.24365614 -0.28256652i: elastic S-matrix  @@      0.00  0   0 F  0
 Reaction Xsec     1.5+/ 2 @ 1 =  35.375 , Out:   0.000#   0.287   35.088f


 Total SPIN, PARITY =     1.5 -,      5 chs,      5 cc.  Rmin & Coul turning =    0.0    1.3
   S-matrix    1 =    0.11475  -0.36853 for L=    1, J=    1.5 channel on core I =   0.0 from L=    1,  Acc. loss =  0.0 D.
 Elastic phase shift   1 =  -36.352  27.272 deg. for the L =    1, J =    1.5 channel.
       1.5  0.11475251 -0.36853348i: elastic S-matrix  @@      0.00  0   0 F  0
 Reaction Xsec     1.5-/ 1 @ 1 =  34.974 , Out:   0.000#   0.249   34.725f

 Allocate arrays for            6  channels, of which            6  need wfs.

 Total SPIN, PARITY =     2.5 +,      6 chs,      6 cc.  Rmin & Coul turning =    0.1    2.2
   S-matrix    1 =   -0.11372  -0.35524 for L=    2, J=    2.5 channel on core I =   0.0 from L=    2,  Acc. loss =  0.0 D.
 Elastic phase shift   1 =  -53.876  28.252 deg. for the L =    2, J =    2.5 channel.
       2.5 -0.11372033 -0.35523878i: elastic S-matrix  @@      0.00  0   0 F  0
 Reaction Xsec     2.5+/ 2 @ 1 =  53.068 , Out:   0.000#   0.412   52.657f


 Total SPIN, PARITY =     2.5 -,      6 chs,      6 cc.  Rmin & Coul turning =    0.1    2.2
   S-matrix    1 =   -0.35468  -0.05377 for L=    3, J=    2.5 channel on core I =   0.0 from L=    3,  Acc. loss =  0.0 D.
 Elastic phase shift   1 =  -85.690  29.369 deg. for the L =    3, J =    2.5 channel.
       2.5 -0.35468482 -0.05377434i: elastic S-matrix  @@      0.00  0   0 F  0
 Reaction Xsec     2.5-/ 3 @ 1 =  53.712 , Out:   0.000#   0.295   53.417f


 Total SPIN, PARITY =     3.5 +,      6 chs,      6 cc.  Rmin & Coul turning =    0.1    3.0
   S-matrix    1 =   -0.05950   0.22036 for L=    4, J=    3.5 channel on core I =   0.0 from L=    4,  Acc. loss =  0.0 D.
 Elastic phase shift   1 =   52.555  42.322 deg. for the L =    4, J =    3.5 channel.
       3.5 -0.05950201  0.22035755i: elastic S-matrix  @@      0.00  0   0 F  0
 Reaction Xsec     3.5+/ 4 @ 1 =  77.911 , Out:   0.000#   0.637   77.275f


 Total SPIN, PARITY =     3.5 -,      6 chs,      6 cc.  Rmin & Coul turning =    0.1    3.0
   S-matrix    1 =   -0.31100  -0.24180 for L=    3, J=    3.5 channel on core I =   0.0 from L=    3,  Acc. loss =  0.0 D.
 Elastic phase shift   1 =  -71.068  26.687 deg. for the L =    3, J =    3.5 channel.
       3.5 -0.31100099 -0.24179820i: elastic S-matrix  @@      0.00  0   0 F  0
 Reaction Xsec     3.5-/ 3 @ 1 =  69.438 , Out:   0.000#   0.341   69.097f


 Total SPIN, PARITY =     4.5 +,      6 chs,      6 cc.  Rmin & Coul turning =    0.2    3.8
   S-matrix    1 =   -0.20685   0.08416 for L=    4, J=    4.5 channel on core I =   0.0 from L=    4,  Acc. loss =  0.0 D.
 Elastic phase shift   1 =   78.931  42.948 deg. for the L =    4, J =    4.5 channel.
       4.5 -0.20685041  0.08415771i: elastic S-matrix  @@      0.00  0   0 F  0
 Reaction Xsec     4.5+/ 4 @ 1 =  97.618 , Out:   0.000#   0.709   96.909f


 Total SPIN, PARITY =     4.5 -,      6 chs,      6 cc.  Rmin & Coul turning =    0.2    3.8
   S-matrix    1 =    0.44927   0.29931 for L=    5, J=    4.5 channel on core I =   0.0 from L=    5,  Acc. loss =  0.0 D.
 Elastic phase shift   1 =   16.836  17.661 deg. for the L =    5, J =    4.5 channel.
       4.5  0.44926741  0.29931274i: elastic S-matrix  @@      0.00  0   0 F  0
 Reaction Xsec     4.5-/ 5 @ 1 =  72.800 , Out:   0.000#   0.553   72.247f


 Total SPIN, PARITY =     5.5 +,      6 chs,      6 cc.  Rmin & Coul turning =    0.2    4.6
   S-matrix    1 =    0.79669   0.18841 for L=    6, J=    5.5 channel on core I =   0.0 from L=    6,  Acc. loss =  0.0 D.
 Elastic phase shift   1 =    6.653   5.732 deg. for the L =    6, J =    5.5 channel.
       5.5  0.79668794  0.18840953i: elastic S-matrix  @@      0.00  0   0 F  0
 Reaction Xsec     5.5+/ 6 @ 1 =  40.660 , Out:   0.000#   0.332   40.328f


 Total SPIN, PARITY =     5.5 -,      6 chs,      6 cc.  Rmin & Coul turning =    0.2    4.6
   S-matrix    1 =    0.30581   0.33800 for L=    5, J=    5.5 channel on core I =   0.0 from L=    5,  Acc. loss =  0.0 D.
 Elastic phase shift   1 =   23.931  22.508 deg. for the L =    5, J =    5.5 channel.
       5.5  0.30580923  0.33800343i: elastic S-matrix  @@      0.00  0   0 F  0
 Reaction Xsec     5.5-/ 5 @ 1 =  97.675 , Out:   0.000#   0.724   96.951f


 Total SPIN, PARITY =     6.5 +,      6 chs,      6 cc.  Rmin & Coul turning =    0.3    5.4
   S-matrix    1 =    0.75660   0.24655 for L=    6, J=    6.5 channel on core I =   0.0 from L=    6,  Acc. loss =  0.0 D.
 Elastic phase shift   1 =    9.025   6.545 deg. for the L =    6, J =    6.5 channel.
       6.5  0.75660025  0.24655009i: elastic S-matrix  @@      0.00  0   0 F  0
 Reaction Xsec     6.5+/ 6 @ 1 =  52.755 , Out:   0.000#   0.394   52.361f


 Total SPIN, PARITY =     6.5 -,      6 chs,      6 cc.  Rmin & Coul turning =    0.3    5.4
   S-matrix    1 =    0.93435   0.08476 for L=    7, J=    6.5 channel on core I =   0.0 from L=    7,  Acc. loss =  0.0 D.
 Elastic phase shift   1 =    2.592   1.828 deg. for the L =    7, J =    6.5 channel.
       6.5  0.93434581  0.08475548i: elastic S-matrix  @@      0.00  0   0 F  0
 Reaction Xsec     6.5-/ 7 @ 1 =  17.234 , Out:   0.000#   0.118   17.116f


 Total SPIN, PARITY =     7.5 +,      6 chs,      6 cc.  Rmin & Coul turning =    0.3    6.2
   S-matrix    1 =    0.97929   0.03371 for L=    8, J=    7.5 channel on core I =   0.0 from L=    8,  Acc. loss =  0.0 D.
 Elastic phase shift   1 =    0.986   0.582 deg. for the L =    8, J =    7.5 channel.
       7.5  0.97929256  0.03371320i: elastic S-matrix  @@      0.00  0   0 F  0
 Reaction Xsec     7.5+/ 8 @ 1 =   6.551 , Out:   0.000#   0.021    6.530f


 Total SPIN, PARITY =     7.5 -,      6 chs,      6 cc.  Rmin & Coul turning =    0.3    6.2
   S-matrix    1 =    0.92755   0.11110 for L=    7, J=    7.5 channel on core I =   0.0 from L=    7,  Acc. loss =  0.0 D.
 Elastic phase shift   1 =    3.415   1.951 deg. for the L =    7, J =    7.5 channel.
       7.5  0.92754773  0.11110016i: elastic S-matrix  @@      0.00  0   0 F  0
 Reaction Xsec     7.5-/ 7 @ 1 =  20.928 , Out:   0.000#   0.150   20.778f


 Total SPIN, PARITY =     8.5 +,      6 chs,      6 cc.  Rmin & Coul turning =    0.4    7.0
   S-matrix    1 =    0.97828   0.04373 for L=    8, J=    8.5 channel on core I =   0.0 from L=    8,  Acc. loss =  0.0 D.
 Elastic phase shift   1 =    1.280   0.601 deg. for the L =    8, J =    8.5 channel.
       8.5  0.97827596  0.04373129i: elastic S-matrix  @@      0.00  0   0 F  0
 Reaction Xsec     8.5+/ 8 @ 1 =   7.594 , Out:   0.000#   0.025    7.569f


 Total SPIN, PARITY =     8.5 -,      6 chs,      6 cc.  Rmin & Coul turning =    0.4    7.0
   S-matrix    1 =    0.99344   0.01282 for L=    9, J=    8.5 channel on core I =   0.0 from L=    9,  Acc. loss =  0.0 D.
 Elastic phase shift   1 =    0.370   0.186 deg. for the L =    9, J =    8.5 channel.
       8.5  0.99344193  0.01282313i: elastic S-matrix  @@      0.00  0   0 F  0
 Reaction Xsec     8.5-/ 9 @ 1 =   2.387 , Out:   0.000#   2.110/   2.385f


 Total SPIN, PARITY =     9.5 +,      6 chs,      6 cc.  Rmin & Coul turning =    0.4    7.8
   S-matrix    1 =    0.99791   0.00480 for L=   10, J=    9.5 channel on core I =   0.0 from L=   10,  Acc. loss =  0.0 D.
 Elastic phase shift   1 =    0.138   0.060 deg. for the L =   10, J =    9.5 channel.
       9.5  0.99791007  0.00479659i: elastic S-matrix  @@      0.00  0   0 F  0
 Reaction Xsec     9.5+/10 @ 1 =   0.853 , Out:   0.000#   0.192/   0.853f


 Total SPIN, PARITY =     9.5 -,      6 chs,      6 cc.  Rmin & Coul turning =    0.4    7.8
   S-matrix    1 =    0.99330   0.01654 for L=    9, J=    9.5 channel on core I =   0.0 from L=    9,  Acc. loss =  0.0 D.
 Elastic phase shift   1 =    0.477   0.189 deg. for the L =    9, J =    9.5 channel.
       9.5  0.99329573  0.01654112i: elastic S-matrix  @@      0.00  0   0 F  0
 Reaction Xsec     9.5-/ 9 @ 1 =   2.690 , Out:   0.000#   2.484/   2.687f


 Total SPIN, PARITY =    10.5 +,      6 chs,      6 cc.  Rmin & Coul turning =    0.5    8.7
   S-matrix    1 =    0.99789   0.00618 for L=   10, J=   10.5 channel on core I =   0.0 from L=   10,  Acc. loss =  0.0 D.
 Elastic phase shift   1 =    0.177   0.060 deg. for the L =   10, J =   10.5 channel.
      10.5  0.99788929  0.00617599i: elastic S-matrix  @@      0.00  0   0 F  0
 Reaction Xsec    10.5+/10 @ 1 =   0.945 , Out:   0.000#   0.214/   0.944f


 Total SPIN, PARITY =    10.5 -,      6 chs,      6 cc.  Rmin & Coul turning =    0.5    8.7
   S-matrix    1 =    0.99933   0.00178 for L=   11, J=   10.5 channel on core I =   0.0 from L=   11,  Acc. loss =  0.0 D.
 Elastic phase shift   1 =    0.051   0.019 deg. for the L =   11, J =   10.5 channel.
      10.5  0.99933177  0.00178145i: elastic S-matrix  @@      0.00  0   0 F  0
 Reaction Xsec    10.5-/11 @ 1 =   0.301 , Out:   0.000#   0.213/   0.301f


 Total SPIN, PARITY =    11.5 +,      6 chs,      6 cc.  Rmin & Coul turning =    0.5    9.5
   S-matrix    1 =    0.99979   0.00066 for L=   12, J=   11.5 channel on core I =   0.0 from L=   12,  Acc. loss =  0.0 D.
 Elastic phase shift   1 =    0.019   0.006 deg. for the L =   12, J =   11.5 channel.
      11.5  0.99978603  0.00065908i: elastic S-matrix  @@      0.00  0   0 F  0
 Reaction Xsec    11.5+/12 @ 1 =   0.105 , Out:   0.000#   0.273/   0.105f


 Total SPIN, PARITY =    11.5 -,      6 chs,      6 cc.  Rmin & Coul turning =    0.5    9.5
   S-matrix    1 =    0.99933   0.00229 for L=   11, J=   11.5 channel on core I =   0.0 from L=   11,  Acc. loss =  0.0 D.
 Elastic phase shift   1 =    0.066   0.019 deg. for the L =   11, J =   11.5 channel.
      11.5  0.99932884  0.00229357i: elastic S-matrix  @@      0.00  0   0 F  0
 Reaction Xsec    11.5-/11 @ 1 =   0.330 , Out:   0.000#   0.232/   0.329f


 Total SPIN, PARITY =    12.5 +,      6 chs,      6 cc.  Rmin & Coul turning =    0.6   10.3
   S-matrix    1 =    0.99979   0.00085 for L=   12, J=   12.5 channel on core I =   0.0 from L=   12,  Acc. loss =  0.0 D.
 Elastic phase shift   1 =    0.024   0.006 deg. for the L =   12, J =   12.5 channel.
      12.5  0.99978561  0.00084903i: elastic S-matrix  @@      0.00  0   0 F  0
 Reaction Xsec    12.5+/12 @ 1 =   0.114 , Out:   0.000#   0.296/   0.114f


 Total SPIN, PARITY =    12.5 -,      6 chs,      6 cc.  Rmin & Coul turning =    0.6   10.3
   S-matrix    1 =    0.99993   0.00024 for L=   13, J=   12.5 channel on core I =   0.0 from L=   13,  Acc. loss =  0.0 D.
 Elastic phase shift   1 =    0.007   0.002 deg. for the L =   13, J =   12.5 channel.
      12.5  0.99993136  0.00024321i: elastic S-matrix  @@      0.00  0   0 F  0
 Reaction Xsec    12.5-/13 @ 1 =   0.037 , Out:   0.000#   0.266/   0.036f


 Total SPIN, PARITY =    13.5 +,      6 chs,      6 cc.  Rmin & Coul turning =    0.6   11.1
   S-matrix    1 =    0.99998   0.00009 for L=   14, J=   13.5 channel on core I =   0.0 from L=   14,  Acc. loss =  0.0 D.
 Elastic phase shift   1 =    0.003   0.001 deg. for the L =   14, J =   13.5 channel.
      13.5  0.99997787  0.00008959i: elastic S-matrix  @@      0.00  0   0 F  0
 Reaction Xsec    13.5+/14 @ 1 =   0.013 , Out:   0.000#   0.234/   0.012f


 Total SPIN, PARITY =    13.5 -,      6 chs,      6 cc.  Rmin & Coul turning =    0.6   11.1
   S-matrix    1 =    0.99993   0.00031 for L=   13, J=   13.5 channel on core I =   0.0 from L=   13,  Acc. loss =  0.0 D.
 Elastic phase shift   1 =    0.009   0.002 deg. for the L =   13, J =   13.5 channel.
      13.5  0.99993130  0.00031353i: elastic S-matrix  @@      0.00  0   0 F  0
 Reaction Xsec    13.5-/13 @ 1 =   0.039 , Out:   0.000#   0.287/   0.039f


 Total SPIN, PARITY =    14.5 +,      6 chs,      6 cc.  Rmin & Coul turning =    0.7   11.9
   S-matrix    1 =    0.99998   0.00012 for L=   14, J=   14.5 channel on core I =   0.0 from L=   14,  Acc. loss =  0.0 D.
 Elastic phase shift   1 =    0.003   0.001 deg. for the L =   14, J =   14.5 channel.
      14.5  0.99997786  0.00011557i: elastic S-matrix  @@      0.00  0   0 F  0
 Reaction Xsec    14.5+/14 @ 1 =   0.014 , Out:   0.000#   0.250/   0.013f


 Total SPIN, PARITY =    14.5 -,      6 chs,      6 cc.  Rmin & Coul turning =    0.7   11.9
   S-matrix    1 =    0.99999   0.00003 for L=   15, J=   14.5 channel on core I =   0.0 from L=   15,  Acc. loss =  0.0 D.
 Elastic phase shift   1 =    0.001   0.000 deg. for the L =   15, J =   14.5 channel.
      14.5  0.99999277  0.00003297i: elastic S-matrix  @@      0.00  0   0 F  0
 Reaction Xsec    14.5-/15 @ 1 =   4.459/, Out:   0.000#   0.197/   0.004f


 Total SPIN, PARITY =    15.5 +,      6 chs,      6 cc.  Rmin & Coul turning =    0.7   12.7
   S-matrix    1 =    1.00000   0.00001 for L=   16, J=   15.5 channel on core I =   0.0 from L=   16,  Acc. loss =  0.0 D.
 Elastic phase shift   1 =    0.000   0.000 deg. for the L =   16, J =   15.5 channel.
      15.5  0.99999755  0.00001215i: elastic S-matrix  @@      0.00  0   0 F  0
 Reaction Xsec    15.5+/16 @ 1 =   1.609/, Out:   0.000#   0.165/   0.001f


 Total SPIN, PARITY =    15.5 -,      6 chs,      6 cc.  Rmin & Coul turning =    0.7   12.7
   S-matrix    1 =    0.99999   0.00004 for L=   15, J=   15.5 channel on core I =   0.0 from L=   15,  Acc. loss =  0.0 D.
 Elastic phase shift   1 =    0.001   0.000 deg. for the L =   15, J =   15.5 channel.
      15.5  0.99999277  0.00004255i: elastic S-matrix  @@      0.00  0   0 F  0
 Reaction Xsec    15.5-/15 @ 1 =   4.756/, Out:   0.000#   0.210/   0.005f


 Total SPIN, PARITY =    16.5 +,      6 chs,      6 cc.  Rmin & Coul turning =    0.8   13.5
   S-matrix    1 =    1.00000   0.00002 for L=   16, J=   16.5 channel on core I =   0.0 from L=   16,  Acc. loss =  0.0 D.
 Elastic phase shift   1 =    0.000   0.000 deg. for the L =   16, J =   16.5 channel.
      16.5  0.99999755  0.00001567i: elastic S-matrix  @@      0.00  0   0 F  0
 Reaction Xsec    16.5+/16 @ 1 =   1.710/, Out:   0.000#   0.175/   0.002f


 Total SPIN, PARITY =    16.5 -,      6 chs,      6 cc.  Rmin & Coul turning =    0.8   13.5
   S-matrix    1 =    1.00000   0.00000 for L=   17, J=   16.5 channel on core I =   0.0 from L=   17,  Acc. loss =  0.0 D.
 Elastic phase shift   1 =    0.000   0.000 deg. for the L =   17, J =   16.5 channel.
      16.5  0.99999911  0.00000450i: elastic S-matrix  @@      0.00  0   0 F  0
 Reaction Xsec    16.5-/17 @ 1 =   0.624/, Out:   0.000#   0.138/   0.000f


 Total SPIN, PARITY =    17.5 +,      6 chs,      6 cc.  Rmin & Coul turning =    0.8   14.3
   S-matrix    1 =    1.00000   0.00000 for L=   18, J=   17.5 channel on core I =   0.0 from L=   18,  Acc. loss =  0.0 D.
 Elastic phase shift   1 =    0.000   0.000 deg. for the L =   18, J =   17.5 channel.
      17.5  0.99999962  0.00000169i: elastic S-matrix  @@      0.00  0   0 F  0
 Reaction Xsec    17.5+/18 @ 1 =   0.279/, Out:   0.000#   0.115/   0.000f


 Total SPIN, PARITY =    17.5 -,      6 chs,      6 cc.  Rmin & Coul turning =    0.8   14.3
   S-matrix    1 =    1.00000   0.00001 for L=   17, J=   17.5 channel on core I =   0.0 from L=   17,  Acc. loss =  0.0 D.
 Elastic phase shift   1 =    0.000   0.000 deg. for the L =   17, J =   17.5 channel.
      17.5  0.99999911  0.00000579i: elastic S-matrix  @@      0.00  0   0 F  0
 Reaction Xsec    17.5-/17 @ 1 =   0.661/, Out:   0.000#   0.146/   0.001f


 Total SPIN, PARITY =    18.5 +,      6 chs,      6 cc.  Rmin & Coul turning =    0.8   15.1
   S-matrix    1 =    1.00000   0.00000 for L=   18, J=   18.5 channel on core I =   0.0 from L=   18,  Acc. loss =  0.0 D.
 Elastic phase shift   1 =    0.000   0.000 deg. for the L =   18, J =   18.5 channel.
      18.5  0.99999962  0.00000216i: elastic S-matrix  @@      0.00  0   0 F  0
 Reaction Xsec    18.5+/18 @ 1 =   0.294/, Out:   0.000#   0.122/   0.000f


 Total SPIN, PARITY =    18.5 -,      6 chs,      6 cc.  Rmin & Coul turning =    0.8   15.1
   S-matrix    1 =    1.00000   0.00000 for L=   19, J=   18.5 channel on core I =   0.0 from L=   19,  Acc. loss =  0.0 D.
 Elastic phase shift   1 =    0.000   0.000 deg. for the L =   19, J =   18.5 channel.
      18.5  0.99999981  0.00000065i: elastic S-matrix  @@      0.00  0   0 F  0
 Reaction Xsec    18.5-/19 @ 1 =   0.151/, Out:   0.000#   0.097/   0.000f


 Total SPIN, PARITY =    19.5 +,      6 chs,      6 cc.  Rmin & Coul turning =    0.9   15.9
   S-matrix    1 =    1.00000   0.00000 for L=   20, J=   19.5 channel on core I =   0.0 from L=   20,  Acc. loss =  0.0 D.
 Elastic phase shift   1 =    0.000   0.000 deg. for the L =   20, J =   19.5 channel.
      19.5  0.99999988  0.00000027i: elastic S-matrix  @@      0.00  0   0 F  0
 Reaction Xsec    19.5+/20 @ 1 =   0.100/, Out:   0.000#   0.082/   0.000f


 Total SPIN, PARITY =    19.5 -,      6 chs,      6 cc.  Rmin & Coul turning =    0.9   15.9
   S-matrix    1 =    1.00000   0.00000 for L=   19, J=   19.5 channel on core I =   0.0 from L=   19,  Acc. loss =  0.0 D.
 Elastic phase shift   1 =    0.000   0.000 deg. for the L =   19, J =   19.5 channel.
      19.5  0.99999981  0.00000083i: elastic S-matrix  @@      0.00  0   0 F  0
 Reaction Xsec    19.5-/19 @ 1 =   0.159/, Out:   0.000#   0.102/   0.000f


 Total SPIN, PARITY =    20.5 +,      6 chs,      6 cc.  Rmin & Coul turning =    1.0   16.7
   S-matrix    1 =    1.00000   0.00000 for L=   20, J=   20.5 channel on core I =   0.0 from L=   20,  Acc. loss =  0.0 D.
 Elastic phase shift   1 =    0.000   0.000 deg. for the L =   20, J =   20.5 channel.
      20.5  0.99999988  0.00000033i: elastic S-matrix  @@      0.00  0   0 F  0
 Reaction Xsec    20.5+/20 @ 1 =   0.105/, Out:   0.000#   0.086/   0.000f


 Total SPIN, PARITY =    20.5 -,      6 chs,      6 cc.  Rmin & Coul turning =    1.0   16.7
   S-matrix    1 =    1.00000   0.00000 for L=   21, J=   20.5 channel on core I =   0.0 from L=   21,  Acc. loss =  0.0 D.
 Elastic phase shift   1 =    0.000   0.000 deg. for the L =   21, J =   20.5 channel.
      20.5  0.99999991  0.00000013i: elastic S-matrix  @@      0.00  0   0 F  0
 Reaction Xsec    20.5-/21 @ 1 =   0.075/, Out:   0.000#   0.069/   0.000f


 Total SPIN, PARITY =    21.5 +,      6 chs,      6 cc.  Rmin & Coul turning =    1.0   17.6
   S-matrix    1 =    1.00000   0.00000 for L=   22, J=   21.5 channel on core I =   0.0 from L=   22,  Acc. loss =  0.0 D.
 Elastic phase shift   1 =    0.000   0.000 deg. for the L =   22, J =   21.5 channel.
      21.5  0.99999993  0.00000007i: elastic S-matrix  @@      0.00  0   0 F  0
 Reaction Xsec    21.5+/22 @ 1 =   0.061/, Out:   0.000#   0.059/   0.000f


 Total SPIN, PARITY =    21.5 -,      6 chs,      6 cc.  Rmin & Coul turning =    1.0   17.6
   S-matrix    1 =    1.00000   0.00000 for L=   21, J=   21.5 channel on core I =   0.0 from L=   21,  Acc. loss =  0.0 D.
 Elastic phase shift   1 =    0.000   0.000 deg. for the L =   21, J =   21.5 channel.
      21.5  0.99999991  0.00000015i: elastic S-matrix  @@      0.00  0   0 F  0
 Reaction Xsec    21.5-/21 @ 1 =   0.079/, Out:   0.000#   0.073/   0.000f


 Total SPIN, PARITY =    22.5 +,      6 chs,      6 cc.  Rmin & Coul turning =    1.1   18.4
   S-matrix    1 =    1.00000   0.00000 for L=   22, J=   22.5 channel on core I =   0.0 from L=   22,  Acc. loss =  0.0 D.
 Elastic phase shift   1 =    0.000   0.000 deg. for the L =   22, J =   22.5 channel.
      22.5  0.99999993  0.00000008i: elastic S-matrix  @@      0.00  0   0 F  0
 Reaction Xsec    22.5+/22 @ 1 =   0.064/, Out:   0.000#   0.062/   0.000f


 Total SPIN, PARITY =    22.5 -,      6 chs,      6 cc.  Rmin & Coul turning =    1.1   18.4
   S-matrix    1 =    1.00000   0.00000 for L=   23, J=   22.5 channel on core I =   0.0 from L=   23,  Acc. loss =  0.0 D.
 Elastic phase shift   1 =    0.000   0.000 deg. for the L =   23, J =   22.5 channel.
      22.5  0.99999995  0.00000005i: elastic S-matrix  @@      0.00  0   0 F  0
 Reaction Xsec    22.5-/23 @ 1 =   0.051/, Out:   0.000#   0.050/   0.000f


 Total SPIN, PARITY =    23.5 +,      6 chs,      6 cc.  Rmin & Coul turning =    1.1   19.2
   S-matrix    1 =    1.00000   0.00000 for L=   24, J=   23.5 channel on core I =   0.0 from L=   24,  Acc. loss =  0.0 D.
 Elastic phase shift   1 =    0.000   0.000 deg. for the L =   24, J =   23.5 channel.
      23.5  0.99999996  0.00000004i: elastic S-matrix  @@      0.00  0   0 F  0
 Reaction Xsec    23.5+/24 @ 1 =   0.043/, Out:   0.000#   0.043/   0.000f


 Total SPIN, PARITY =    23.5 -,      6 chs,      6 cc.  Rmin & Coul turning =    1.1   19.2
   S-matrix    1 =    1.00000   0.00000 for L=   23, J=   23.5 channel on core I =   0.0 from L=   23,  Acc. loss =  0.0 D.
 Elastic phase shift   1 =    0.000   0.000 deg. for the L =   23, J =   23.5 channel.
      23.5  0.99999995  0.00000005i: elastic S-matrix  @@      0.00  0   0 F  0
 Reaction Xsec    23.5-/23 @ 1 =   0.053/, Out:   0.000#   0.053/   0.000f


 Total SPIN, PARITY =    24.5 +,      6 chs,      6 cc.  Rmin & Coul turning =    1.1   20.0
   S-matrix    1 =    1.00000   0.00000 for L=   24, J=   24.5 channel on core I =   0.0 from L=   24,  Acc. loss =  0.0 D.
 Elastic phase shift   1 =    0.000   0.000 deg. for the L =   24, J =   24.5 channel.
      24.5  0.99999996  0.00000004i: elastic S-matrix  @@      0.00  0   0 F  0
 Reaction Xsec    24.5+/24 @ 1 =   0.045/, Out:   0.000#   0.045/   0.000f


 Total SPIN, PARITY =    24.5 -,      6 chs,      6 cc.  Rmin & Coul turning =    1.1   20.0
   S-matrix    1 =    1.00000   0.00000 for L=   25, J=   24.5 channel on core I =   0.0 from L=   25,  Acc. loss =  0.0 D.
 Elastic phase shift   1 =    0.000   0.000 deg. for the L =   25, J =   24.5 channel.
      24.5  0.99999996  0.00000003i: elastic S-matrix  @@      0.00  0   0 F  0
 Reaction Xsec    24.5-/25 @ 1 =   0.037/, Out:   0.000#   0.037/   0.000f


 Total SPIN, PARITY =    25.5 +,      6 chs,      6 cc.  Rmin & Coul turning =    1.2   20.8
   S-matrix    1 =    1.00000   0.00000 for L=   26, J=   25.5 channel on core I =   0.0 from L=   26,  Acc. loss =  0.0 D.
 Elastic phase shift   1 =    0.000   0.000 deg. for the L =   26, J =   25.5 channel.
      25.5  0.99999997  0.00000003i: elastic S-matrix  @@      0.00  0   0 F  0
 Reaction Xsec    25.5+/26 @ 1 =   0.032/, Out:   0.000#   0.032/   0.000f


 Total SPIN, PARITY =    25.5 -,      6 chs,      6 cc.  Rmin & Coul turning =    1.2   20.8
   S-matrix    1 =    1.00000   0.00000 for L=   25, J=   25.5 channel on core I =   0.0 from L=   25,  Acc. loss =  0.0 D.
 Elastic phase shift   1 =    0.000   0.000 deg. for the L =   25, J =   25.5 channel.
      25.5  0.99999996  0.00000003i: elastic S-matrix  @@      0.00  0   0 F  0
 Reaction Xsec    25.5-/25 @ 1 =   0.039/, Out:   0.000#   0.038/   0.000f


 Total SPIN, PARITY =    26.5 +,      6 chs,      6 cc.  Rmin & Coul turning =    1.2   21.6
   S-matrix    1 =    1.00000   0.00000 for L=   26, J=   26.5 channel on core I =   0.0 from L=   26,  Acc. loss =  0.0 D.
 Elastic phase shift   1 =    0.000   0.000 deg. for the L =   26, J =   26.5 channel.
      26.5  0.99999997  0.00000003i: elastic S-matrix  @@      0.00  0   0 F  0
 Reaction Xsec    26.5+/26 @ 1 =   0.033/, Out:   0.000#   0.033/   0.000f


 Total SPIN, PARITY =    26.5 -,      6 chs,      6 cc.  Rmin & Coul turning =    1.2   21.6
   S-matrix    1 =    1.00000   0.00000 for L=   27, J=   26.5 channel on core I =   0.0 from L=   27,  Acc. loss =  0.0 D.
 Elastic phase shift   1 =    0.000   0.000 deg. for the L =   27, J =   26.5 channel.
      26.5  0.99999998  0.00000002i: elastic S-matrix  @@      0.00  0   0 F  0
 Reaction Xsec    26.5-/27 @ 1 =   0.027/, Out:   0.000#   0.027/   0.000f


 Total SPIN, PARITY =    27.5 +,      6 chs,      6 cc.  Rmin & Coul turning =    1.3   22.4
   S-matrix    1 =    1.00000   0.00000 for L=   28, J=   27.5 channel on core I =   0.0 from L=   28,  Acc. loss =  0.0 D.
 Elastic phase shift   1 =    0.000   0.000 deg. for the L =   28, J =   27.5 channel.
      27.5  0.99999998  0.00000002i: elastic S-matrix  @@      0.00  0   0 F  0
 Reaction Xsec    27.5+/28 @ 1 =   0.024/, Out:   0.000#   0.024/   0.000f


 Total SPIN, PARITY =    27.5 -,      6 chs,      6 cc.  Rmin & Coul turning =    1.3   22.4
   S-matrix    1 =    1.00000   0.00000 for L=   27, J=   27.5 channel on core I =   0.0 from L=   27,  Acc. loss =  0.0 D.
 Elastic phase shift   1 =    0.000   0.000 deg. for the L =   27, J =   27.5 channel.
      27.5  0.99999998  0.00000002i: elastic S-matrix  @@      0.00  0   0 F  0
 Reaction Xsec    27.5-/27 @ 1 =   0.028/, Out:   0.000#   0.028/   0.000f


 Total SPIN, PARITY =    28.5 +,      6 chs,      6 cc.  Rmin & Coul turning =    1.3   23.2
   S-matrix    1 =    1.00000   0.00000 for L=   28, J=   28.5 channel on core I =   0.0 from L=   28,  Acc. loss =  0.0 D.
 Elastic phase shift   1 =    0.000   0.000 deg. for the L =   28, J =   28.5 channel.
      28.5  0.99999998  0.00000002i: elastic S-matrix  @@      0.00  0   0 F  0
 Reaction Xsec    28.5+/28 @ 1 =   0.025/, Out:   0.000#   0.025/   0.000f


 Total SPIN, PARITY =    28.5 -,      6 chs,      6 cc.  Rmin & Coul turning =    1.3   23.2
   S-matrix    1 =    1.00000   0.00000 for L=   29, J=   28.5 channel on core I =   0.0 from L=   29,  Acc. loss =  0.0 D.
 Elastic phase shift   1 =    0.000   0.000 deg. for the L =   29, J =   28.5 channel.
      28.5  0.99999998  0.00000002i: elastic S-matrix  @@      0.00  0   0 F  0
 Reaction Xsec    28.5-/29 @ 1 =   0.021/, Out:   0.000#   0.021/   0.000f


 Total SPIN, PARITY =    29.5 +,      6 chs,      6 cc.  Rmin & Coul turning =    1.4   24.0
   S-matrix    1 =    1.00000   0.00000 for L=   30, J=   29.5 channel on core I =   0.0 from L=   30,  Acc. loss =  0.0 D.
 Elastic phase shift   1 =    0.000   0.000 deg. for the L =   30, J =   29.5 channel.
      29.5  0.99999999  0.00000002i: elastic S-matrix  @@      0.00  0   0 F  0
 Reaction Xsec    29.5+/30 @ 1 =   0.018/, Out:   0.000#   0.018/   0.000f


 Total SPIN, PARITY =    29.5 -,      6 chs,      6 cc.  Rmin & Coul turning =    1.4   24.0
   S-matrix    1 =    1.00000   0.00000 for L=   29, J=   29.5 channel on core I =   0.0 from L=   29,  Acc. loss =  0.0 D.
 Elastic phase shift   1 =    0.000   0.000 deg. for the L =   29, J =   29.5 channel.
      29.5  0.99999998  0.00000002i: elastic S-matrix  @@      0.00  0   0 F  0
 Reaction Xsec    29.5-/29 @ 1 =   0.021/, Out:   0.000#   0.021/   0.000f


 Total SPIN, PARITY =    30.5 +,      6 chs,      6 cc.  Rmin & Coul turning =    1.4   24.8
   S-matrix    1 =    1.00000   0.00000 for L=   30, J=   30.5 channel on core I =   0.0 from L=   30,  Acc. loss =  0.0 D.
 Elastic phase shift   1 =    0.000   0.000 deg. for the L =   30, J =   30.5 channel.
      30.5  0.99999999  0.00000002i: elastic S-matrix  @@      0.00  0   0 F  0
 Reaction Xsec    30.5+/30 @ 1 =   0.018/, Out:   0.000#   0.018/   0.000f


 Total SPIN, PARITY =    30.5 -,      6 chs,      6 cc.  Rmin & Coul turning =    1.4   24.8
   S-matrix    1 =    1.00000   0.00000 for L=   31, J=   30.5 channel on core I =   0.0 from L=   31,  Acc. loss =  0.0 D.
 Elastic phase shift   1 =    0.000   0.000 deg. for the L =   31, J =   30.5 channel.
      30.5  0.99999999  0.00000001i: elastic S-matrix  @@      0.00  0   0 F  0
 Reaction Xsec    30.5-/31 @ 1 =   0.016/, Out:   0.000#   0.016/   0.000f


 Total SPIN, PARITY =    31.5 +,      6 chs,      6 cc.  Rmin & Coul turning =    1.5   25.6
   S-matrix    1 =    1.00000   0.00000 for L=   32, J=   31.5 channel on core I =   0.0 from L=   32,  Acc. loss =  0.0 D.
 Elastic phase shift   1 =    0.000   0.000 deg. for the L =   32, J =   31.5 channel.
      31.5  0.99999999  0.00000001i: elastic S-matrix  @@      0.00  0   0 F  0
 Reaction Xsec    31.5+/32 @ 1 =   0.014/, Out:   0.000#   0.014/   0.000f


 Total SPIN, PARITY =    31.5 -,      6 chs,      6 cc.  Rmin & Coul turning =    1.5   25.6
   S-matrix    1 =    1.00000   0.00000 for L=   31, J=   31.5 channel on core I =   0.0 from L=   31,  Acc. loss =  0.0 D.
 Elastic phase shift   1 =    0.000   0.000 deg. for the L =   31, J =   31.5 channel.
      31.5  0.99999999  0.00000001i: elastic S-matrix  @@      0.00  0   0 F  0
 Reaction Xsec    31.5-/31 @ 1 =   0.016/, Out:   0.000#   0.016/   0.000f


 Total SPIN, PARITY =    32.5 +,      6 chs,      6 cc.  Rmin & Coul turning =    1.5   26.5
   S-matrix    1 =    1.00000   0.00000 for L=   32, J=   32.5 channel on core I =   0.0 from L=   32,  Acc. loss =  0.0 D.
 Elastic phase shift   1 =    0.000   0.000 deg. for the L =   32, J =   32.5 channel.
      32.5  0.99999999  0.00000001i: elastic S-matrix  @@      0.00  0   0 F  0
 Reaction Xsec    32.5+/32 @ 1 =   0.014/, Out:   0.000#   0.014/   0.000f


 Total SPIN, PARITY =    32.5 -,      6 chs,      6 cc.  Rmin & Coul turning =    1.5   26.5
   S-matrix    1 =    1.00000   0.00000 for L=   33, J=   32.5 channel on core I =   0.0 from L=   33,  Acc. loss =  0.0 D.
 Elastic phase shift   1 =    0.000   0.000 deg. for the L =   33, J =   32.5 channel.
      32.5  0.99999999  0.00000001i: elastic S-matrix  @@      0.00  0   0 F  0
 Reaction Xsec    32.5-/33 @ 1 =   0.012/, Out:   0.000#   0.012/   0.000f


 Total SPIN, PARITY =    33.5 +,      6 chs,      6 cc.  Rmin & Coul turning =    1.6   27.3
   S-matrix    1 =    1.00000   0.00000 for L=   34, J=   33.5 channel on core I =   0.0 from L=   34,  Acc. loss =  0.0 D.
 Elastic phase shift   1 =    0.000   0.000 deg. for the L =   34, J =   33.5 channel.
      33.5  0.99999999  0.00000001i: elastic S-matrix  @@      0.00  0   0 F  0
 Reaction Xsec    33.5+/34 @ 1 =   0.010/, Out:   0.000#   0.010/   0.000f


 Total SPIN, PARITY =    33.5 -,      6 chs,      6 cc.  Rmin & Coul turning =    1.6   27.3
   S-matrix    1 =    1.00000   0.00000 for L=   33, J=   33.5 channel on core I =   0.0 from L=   33,  Acc. loss =  0.0 D.
 Elastic phase shift   1 =    0.000   0.000 deg. for the L =   33, J =   33.5 channel.
      33.5  0.99999999  0.00000001i: elastic S-matrix  @@      0.00  0   0 F  0
 Reaction Xsec    33.5-/33 @ 1 =   0.012/, Out:   0.000#   0.012/   0.000f


 Total SPIN, PARITY =    34.5 +,      6 chs,      6 cc.  Rmin & Coul turning =    1.6   28.1
   S-matrix    1 =    1.00000   0.00000 for L=   34, J=   34.5 channel on core I =   0.0 from L=   34,  Acc. loss =  0.0 D.
 Elastic phase shift   1 =    0.000   0.000 deg. for the L =   34, J =   34.5 channel.
      34.5  0.99999999  0.00000001i: elastic S-matrix  @@      0.00  0   0 F  0
 Reaction Xsec    34.5+/34 @ 1 =   0.011/, Out:   0.000#   0.011/   0.000f


 Total SPIN, PARITY =    34.5 -,      6 chs,      6 cc.  Rmin & Coul turning =    1.6   28.1
   S-matrix    1 =    1.00000   0.00000 for L=   35, J=   34.5 channel on core I =   0.0 from L=   35,  Acc. loss =  0.0 D.
 Elastic phase shift   1 =    0.000   0.000 deg. for the L =   35, J =   34.5 channel.
      34.5  0.99999999  0.00000001i: elastic S-matrix  @@      0.00  0   0 F  0
 Reaction Xsec    34.5-/35 @ 1 =   9.026#, Out:   0.000#   9.026#   0.000f


 Total SPIN, PARITY =    35.5 +,      6 chs,      6 cc.  Rmin & Coul turning =    1.7   28.9
   S-matrix    1 =    1.00000   0.00000 for L=   36, J=   35.5 channel on core I =   0.0 from L=   36,  Acc. loss =  0.0 D.
 Elastic phase shift   1 =    0.000   0.000 deg. for the L =   36, J =   35.5 channel.
      35.5  0.99999999  0.00000001i: elastic S-matrix  @@      0.00  0   0 F  0
 Reaction Xsec    35.5+/36 @ 1 =   7.926#, Out:   0.000#   7.926#   0.000f


 Total SPIN, PARITY =    35.5 -,      6 chs,      6 cc.  Rmin & Coul turning =    1.7   28.9
   S-matrix    1 =    1.00000   0.00000 for L=   35, J=   35.5 channel on core I =   0.0 from L=   35,  Acc. loss =  0.0 D.
 Elastic phase shift   1 =    0.000   0.000 deg. for the L =   35, J =   35.5 channel.
      35.5  0.99999999  0.00000001i: elastic S-matrix  @@      0.00  0   0 F  0
 Reaction Xsec    35.5-/35 @ 1 =   9.284#, Out:   0.000#   9.283#   0.000f


 Total SPIN, PARITY =    36.5 +,      6 chs,      6 cc.  Rmin & Coul turning =    1.7   29.7
   S-matrix    1 =    1.00000   0.00000 for L=   36, J=   36.5 channel on core I =   0.0 from L=   36,  Acc. loss =  0.0 D.
 Elastic phase shift   1 =    0.000   0.000 deg. for the L =   36, J =   36.5 channel.
      36.5  0.99999999  0.00000001i: elastic S-matrix  @@      0.00  0   0 F  0
 Reaction Xsec    36.5+/36 @ 1 =   8.146#, Out:   0.000#   8.146#   0.000f


 Total SPIN, PARITY =    36.5 -,      6 chs,      6 cc.  Rmin & Coul turning =    1.7   29.7
   S-matrix    1 =    1.00000   0.00000 for L=   37, J=   36.5 channel on core I =   0.0 from L=   37,  Acc. loss =  0.0 D.
 Elastic phase shift   1 =    0.000   0.000 deg. for the L =   37, J =   36.5 channel.
      36.5  1.00000000  0.00000001i: elastic S-matrix  @@      0.00  0   0 F  0
 Reaction Xsec    36.5-/37 @ 1 =   7.028#, Out:   0.000#   7.028#   0.000f


 Total SPIN, PARITY =    37.5 +,      6 chs,      6 cc.  Rmin & Coul turning =    1.8   30.5
   S-matrix    1 =    1.00000   0.00000 for L=   38, J=   37.5 channel on core I =   0.0 from L=   38,  Acc. loss =  0.0 D.
 Elastic phase shift   1 =    0.000   0.000 deg. for the L =   38, J =   37.5 channel.
      37.5  1.00000000  0.00000001i: elastic S-matrix  @@      0.00  0   0 F  0
 Reaction Xsec    37.5+/38 @ 1 =   6.124#, Out:   0.000#   6.124#   0.000f


 Total SPIN, PARITY =    37.5 -,      6 chs,      6 cc.  Rmin & Coul turning =    1.8   30.5
   S-matrix    1 =    1.00000   0.00000 for L=   37, J=   37.5 channel on core I =   0.0 from L=   37,  Acc. loss =  0.0 D.
 Elastic phase shift   1 =    0.000   0.000 deg. for the L =   37, J =   37.5 channel.
      37.5  1.00000000  0.00000001i: elastic S-matrix  @@      0.00  0   0 F  0
 Reaction Xsec    37.5-/37 @ 1 =   7.218#, Out:   0.000#   7.218#   0.000f


 Total SPIN, PARITY =    38.5 +,      6 chs,      6 cc.  Rmin & Coul turning =    1.8   31.3
   S-matrix    1 =    1.00000   0.00000 for L=   38, J=   38.5 channel on core I =   0.0 from L=   38,  Acc. loss =  0.0 D.
 Elastic phase shift   1 =    0.000   0.000 deg. for the L =   38, J =   38.5 channel.
      38.5  1.00000000  0.00000001i: elastic S-matrix  @@      0.00  0   0 F  0
 Reaction Xsec    38.5+/38 @ 1 =   6.286#, Out:   0.000#   6.285#   0.000f


 Total SPIN, PARITY =    38.5 -,      6 chs,      6 cc.  Rmin & Coul turning =    1.8   31.3
   S-matrix    1 =    1.00000   0.00000 for L=   39, J=   38.5 channel on core I =   0.0 from L=   39,  Acc. loss =  0.0 D.
 Elastic phase shift   1 =    0.000   0.000 deg. for the L =   39, J =   38.5 channel.
      38.5  1.00000000  0.00000001i: elastic S-matrix  @@      0.00  0   0 F  0
 Reaction Xsec    38.5-/39 @ 1 =   5.402#, Out:   0.000#   5.401#   0.000f


 Total SPIN, PARITY =    39.5 +,      6 chs,      6 cc.  Rmin & Coul turning =    1.9   32.1
   S-matrix    1 =    1.00000   0.00000 for L=   40, J=   39.5 channel on core I =   0.0 from L=   40,  Acc. loss =  0.0 D.
 Elastic phase shift   1 =    0.000   0.000 deg. for the L =   40, J =   39.5 channel.
      39.5  1.00000000  0.00000001i: elastic S-matrix  @@      0.00  0   0 F  0
 Reaction Xsec    39.5+/40 @ 1 =   4.839#, Out:   0.000#   4.839#   0.000f


 Total SPIN, PARITY =    39.5 -,      6 chs,      6 cc.  Rmin & Coul turning =    1.9   32.1
   S-matrix    1 =    1.00000   0.00000 for L=   39, J=   39.5 channel on core I =   0.0 from L=   39,  Acc. loss =  0.0 D.
 Elastic phase shift   1 =    0.000   0.000 deg. for the L =   39, J =   39.5 channel.
      39.5  1.00000000  0.00000001i: elastic S-matrix  @@      0.00  0   0 F  0
 Reaction Xsec    39.5-/39 @ 1 =   5.540#, Out:   0.000#   5.540#   0.000f


 Total SPIN, PARITY =    40.5 +,      6 chs,      6 cc.  Rmin & Coul turning =    1.9   32.9
   S-matrix    1 =    1.00000   0.00000 for L=   40, J=   40.5 channel on core I =   0.0 from L=   40,  Acc. loss =  0.0 D.
 Elastic phase shift   1 =    0.000   0.000 deg. for the L =   40, J =   40.5 channel.
      40.5  1.00000000  0.00000001i: elastic S-matrix  @@      0.00  0   0 F  0
 Reaction Xsec    40.5+/40 @ 1 =   4.960#, Out:   0.000#   4.960#   0.000f


 Total SPIN, PARITY =    40.5 -,      6 chs,      6 cc.  Rmin & Coul turning =    1.9   32.9
   S-matrix    1 =    1.00000   0.00000 for L=   41, J=   40.5 channel on core I =   0.0 from L=   41,  Acc. loss =  0.0 D.
 Elastic phase shift   1 =    0.000   0.000 deg. for the L =   41, J =   40.5 channel.
      40.5  1.00000000  0.00000000i: elastic S-matrix  @@      0.00  0   0 F  0
 Reaction Xsec    40.5-/41 @ 1 =   4.238#, Out:   0.000#   4.237#   0.000f


 Total SPIN, PARITY =    41.5 +,      6 chs,      6 cc.  Rmin & Coul turning =    1.9   33.7
   S-matrix    1 =    1.00000   0.00000 for L=   42, J=   41.5 channel on core I =   0.0 from L=   42,  Acc. loss =  0.0 D.
 Elastic phase shift   1 =    0.000   0.000 deg. for the L =   42, J =   41.5 channel.
      41.5  1.00000000  0.00000000i: elastic S-matrix  @@      0.00  0   0 F  0
 Reaction Xsec    41.5+/42 @ 1 =   3.733#, Out:   0.000#   3.733#   0.000f


 Total SPIN, PARITY =    41.5 -,      6 chs,      6 cc.  Rmin & Coul turning =    1.9   33.7
   S-matrix    1 =    1.00000   0.00000 for L=   41, J=   41.5 channel on core I =   0.0 from L=   41,  Acc. loss =  0.0 D.
 Elastic phase shift   1 =    0.000   0.000 deg. for the L =   41, J =   41.5 channel.
      41.5  1.00000000  0.00000000i: elastic S-matrix  @@      0.00  0   0 F  0
 Reaction Xsec    41.5-/41 @ 1 =   4.341#, Out:   0.000#   4.340#   0.000f


 Total SPIN, PARITY =    42.5 +,      6 chs,      6 cc.  Rmin & Coul turning =    2.0   34.5
   S-matrix    1 =    1.00000   0.00000 for L=   42, J=   42.5 channel on core I =   0.0 from L=   42,  Acc. loss =  0.0 D.
 Elastic phase shift   1 =    0.000   0.000 deg. for the L =   42, J =   42.5 channel.
      42.5  1.00000000  0.00000000i: elastic S-matrix  @@      0.00  0   0 F  0
 Reaction Xsec    42.5+/42 @ 1 =   3.822#, Out:   0.000#   3.822#   0.000f


 Total SPIN, PARITY =    42.5 -,      6 chs,      6 cc.  Rmin & Coul turning =    2.0   34.5
   S-matrix    1 =    1.00000   0.00000 for L=   43, J=   42.5 channel on core I =   0.0 from L=   43,  Acc. loss =  0.0 D.
 Elastic phase shift   1 =    0.000   0.000 deg. for the L =   43, J =   42.5 channel.
      42.5  1.00000000  0.00000000i: elastic S-matrix  @@      0.00  0   0 F  0
 Reaction Xsec    42.5-/43 @ 1 =   3.386#, Out:   0.000#   3.385#   0.000f


 Total SPIN, PARITY =    43.5 +,      6 chs,      6 cc.  Rmin & Coul turning =    2.0   35.4
   S-matrix    1 =    1.00000   0.00000 for L=   44, J=   43.5 channel on core I =   0.0 from L=   44,  Acc. loss =  0.0 D.
 Elastic phase shift   1 =    0.000   0.000 deg. for the L =   44, J =   43.5 channel.
      43.5  1.00000000  0.00000000i: elastic S-matrix  @@      0.00  0   0 F  0
 Reaction Xsec    43.5+/44 @ 1 =   3.006#, Out:   0.000#   3.006#   0.000f


 Total SPIN, PARITY =    43.5 -,      6 chs,      6 cc.  Rmin & Coul turning =    2.0   35.4
   S-matrix    1 =    1.00000   0.00000 for L=   43, J=   43.5 channel on core I =   0.0 from L=   43,  Acc. loss =  0.0 D.
 Elastic phase shift   1 =    0.000   0.000 deg. for the L =   43, J =   43.5 channel.
      43.5  1.00000000  0.00000000i: elastic S-matrix  @@      0.00  0   0 F  0
 Reaction Xsec    43.5-/43 @ 1 =   3.464#, Out:   0.000#   3.464#   0.000f


 Total SPIN, PARITY =    44.5 +,      6 chs,      6 cc.  Rmin & Coul turning =    2.1   36.2
   S-matrix    1 =    1.00000   0.00000 for L=   44, J=   44.5 channel on core I =   0.0 from L=   44,  Acc. loss =  0.0 D.
 Elastic phase shift   1 =    0.000   0.000 deg. for the L =   44, J =   44.5 channel.
      44.5  1.00000000  0.00000000i: elastic S-matrix  @@      0.00  0   0 F  0
 Reaction Xsec    44.5+/44 @ 1 =   3.074#, Out:   0.000#   3.074#   0.000f


 Total SPIN, PARITY =    44.5 -,      6 chs,      6 cc.  Rmin & Coul turning =    2.1   36.2
   S-matrix    1 =    1.00000   0.00000 for L=   45, J=   44.5 channel on core I =   0.0 from L=   45,  Acc. loss =  0.0 D.
 Elastic phase shift   1 =    0.000   0.000 deg. for the L =   45, J =   44.5 channel.
      44.5  1.00000000  0.00000000i: elastic S-matrix  @@      0.00  0   0 F  0
 Reaction Xsec    44.5-/45 @ 1 =   2.627#, Out:   0.000#   2.627#   0.000f


 Total SPIN, PARITY =    45.5 +,      6 chs,      6 cc.  Rmin & Coul turning =    2.2   37.0
   S-matrix    1 =    1.00000   0.00000 for L=   46, J=   45.5 channel on core I =   0.0 from L=   46,  Acc. loss =  0.0 D.
 Elastic phase shift   1 =    0.000   0.000 deg. for the L =   46, J =   45.5 channel.
      45.5  1.00000000  0.00000000i: elastic S-matrix  @@      0.00  0   0 F  0
 Reaction Xsec    45.5+/46 @ 1 =   2.389#, Out:   0.000#   2.389#   0.000f


 Total SPIN, PARITY =    45.5 -,      6 chs,      6 cc.  Rmin & Coul turning =    2.2   37.0
   S-matrix    1 =    1.00000   0.00000 for L=   45, J=   45.5 channel on core I =   0.0 from L=   45,  Acc. loss =  0.0 D.
 Elastic phase shift   1 =    0.000   0.000 deg. for the L =   45, J =   45.5 channel.
      45.5  1.00000000  0.00000000i: elastic S-matrix  @@      0.00  0   0 F  0
 Reaction Xsec    45.5-/45 @ 1 =   2.686#, Out:   0.000#   2.685#   0.000f


 Total SPIN, PARITY =    46.5 +,      6 chs,      6 cc.  Rmin & Coul turning =    2.2   37.8
   S-matrix    1 =    1.00000   0.00000 for L=   46, J=   46.5 channel on core I =   0.0 from L=   46,  Acc. loss =  0.0 D.
 Elastic phase shift   1 =    0.000   0.000 deg. for the L =   46, J =   46.5 channel.
      46.5  1.00000000  0.00000000i: elastic S-matrix  @@      0.00  0   0 F  0
 Reaction Xsec    46.5+/46 @ 1 =   2.441#, Out:   0.000#   2.441#   0.000f


 Total SPIN, PARITY =    46.5 -,      6 chs,      6 cc.  Rmin & Coul turning =    2.2   37.8
   S-matrix    1 =    1.00000   0.00000 for L=   47, J=   46.5 channel on core I =   0.0 from L=   47,  Acc. loss =  0.0 D.
 Elastic phase shift   1 =    0.000   0.000 deg. for the L =   47, J =   46.5 channel.
      46.5  1.00000000  0.00000000i: elastic S-matrix  @@      0.00  0   0 F  0
 Reaction Xsec    46.5-/47 @ 1 =   2.186#, Out:   0.000#   2.185#   0.000f


 Total SPIN, PARITY =    47.5 +,      6 chs,      6 cc.  Rmin & Coul turning =    2.2   38.6
   S-matrix    1 =    1.00000   0.00000 for L=   48, J=   47.5 channel on core I =   0.0 from L=   48,  Acc. loss =  0.0 D.
 Elastic phase shift   1 =    0.000   0.000 deg. for the L =   48, J =   47.5 channel.
      47.5  1.00000000  0.00000000i: elastic S-matrix  @@      0.00  0   0 F  0
 Reaction Xsec    47.5+/48 @ 1 =   1.915#, Out:   0.000#   1.915#   0.000f


 Total SPIN, PARITY =    47.5 -,      6 chs,      6 cc.  Rmin & Coul turning =    2.2   38.6
   S-matrix    1 =    1.00000   0.00000 for L=   47, J=   47.5 channel on core I =   0.0 from L=   47,  Acc. loss =  0.0 D.
 Elastic phase shift   1 =    0.000   0.000 deg. for the L =   47, J =   47.5 channel.
      47.5  1.00000000  0.00000000i: elastic S-matrix  @@      0.00  0   0 F  0
 Reaction Xsec    47.5-/47 @ 1 =   2.232#, Out:   0.000#   2.232#   0.000f


 Total SPIN, PARITY =    48.5 +,      6 chs,      6 cc.  Rmin & Coul turning =    2.3   39.4
   S-matrix    1 =    1.00000   0.00000 for L=   48, J=   48.5 channel on core I =   0.0 from L=   48,  Acc. loss =  0.0 D.
 Elastic phase shift   1 =    0.000   0.000 deg. for the L =   48, J =   48.5 channel.
      48.5  1.00000000  0.00000000i: elastic S-matrix  @@      0.00  0   0 F  0
 Reaction Xsec    48.5+/48 @ 1 =   1.955#, Out:   0.000#   1.955#   0.000f


 Total SPIN, PARITY =    48.5 -,      6 chs,      6 cc.  Rmin & Coul turning =    2.3   39.4
   S-matrix    1 =    1.00000   0.00000 for L=   49, J=   48.5 channel on core I =   0.0 from L=   49,  Acc. loss =  0.0 D.
 Elastic phase shift   1 =    0.000   0.000 deg. for the L =   49, J =   48.5 channel.
      48.5  1.00000000  0.00000000i: elastic S-matrix  @@      0.00  0   0 F  0
 Reaction Xsec    48.5-/49 @ 1 =   1.696#, Out:   0.000#   1.696#   0.000f


 Total SPIN, PARITY =    49.5 +,      6 chs,      6 cc.  Rmin & Coul turning =    2.3   40.2
   S-matrix    1 =    1.00000   0.00000 for L=   50, J=   49.5 channel on core I =   0.0 from L=   50,  Acc. loss =  0.0 D.
 Elastic phase shift   1 =    0.000   0.000 deg. for the L =   50, J =   49.5 channel.
      49.5  1.00000000  0.00000000i: elastic S-matrix  @@      0.00  0   0 F  0
 Reaction Xsec    49.5+/50 @ 1 =   1.585#, Out:   0.000#   1.584#   0.000f


 Total SPIN, PARITY =    49.5 -,      6 chs,      6 cc.  Rmin & Coul turning =    2.3   40.2
   S-matrix    1 =    1.00000   0.00000 for L=   49, J=   49.5 channel on core I =   0.0 from L=   49,  Acc. loss =  0.0 D.
 Elastic phase shift   1 =    0.000   0.000 deg. for the L =   49, J =   49.5 channel.
      49.5  1.00000000  0.00000000i: elastic S-matrix  @@      0.00  0   0 F  0
 Reaction Xsec    49.5-/49 @ 1 =   1.731#, Out:   0.000#   1.731#   0.000f


 Total SPIN, PARITY =    50.5 +,      6 chs,      6 cc.  Rmin & Coul turning =    2.4   41.0
   S-matrix    1 =    1.00000   0.00000 for L=   50, J=   50.5 channel on core I =   0.0 from L=   50,  Acc. loss =  0.0 D.
 Elastic phase shift   1 =    0.000   0.000 deg. for the L =   50, J =   50.5 channel.
      50.5  1.00000000  0.00000000i: elastic S-matrix  @@      0.00  0   0 F  0
 Reaction Xsec    50.5+/50 @ 1 =   1.616#, Out:   0.000#   1.616#   0.000f


 Total SPIN, PARITY =    50.5 -,      6 chs,      6 cc.  Rmin & Coul turning =    2.4   41.0
   S-matrix    1 =    1.00000   0.00000 for L=   51, J=   50.5 channel on core I =   0.0 from L=   51,  Acc. loss =  0.0 D.
 Elastic phase shift   1 =    0.000   0.000 deg. for the L =   51, J =   50.5 channel.
      50.5  1.00000000  0.00000000i: elastic S-matrix  @@      0.00  0   0 F  0
 Reaction Xsec    50.5-/51 @ 1 =   1.457#, Out:   0.000#   1.457#   0.000f

 Finished all CC sets @   0.339872986    
0CUMULATIVE REACTION cross section                 =  781.15249  <L> =     4.14  <L**2> =     20.6
0CUMULATIVE outgoing cross sections in partition 1 :    0.00000    5.55772
0Cumulative ABSORBTION by Imaginary Potentials     =  775.59477  <L> =     4.14  <L**2> =     20.6
   Fusion for specific p        M-states :  775.594773  775.594773
0CUMULATIVE OUTGOING cross section                 =    5.55772
 To convert to S-factors (MeV.mb = keV.b),  multiply by  1.2763E+02


 CROSS SECTIONS FOR OUTGOING p        & O20      in state #   1 with spins & parities 0.5  + &  0.0  +;  0

     0.01 deg.: X-S =   1.2880E+15 mb/sr,
+                                         /R =   1.0000E+00
     1.00 deg.: X-S =   1.2499E+07 mb/sr,
+                                         /R =   9.7033E-01
     2.00 deg.: X-S =   7.2264E+05 mb/sr,
+                                         /R =   8.9750E-01
     3.00 deg.: X-S =   1.2858E+05 mb/sr,
+                                         /R =   8.0826E-01
     4.00 deg.: X-S =   3.6674E+04 mb/sr,
+                                         /R =   7.2833E-01
     5.00 deg.: X-S =   1.4111E+04 mb/sr,
+                                         /R =   6.8388E-01
     6.00 deg.: X-S =  6978.363252 mb/sr,
+                                         /R =   7.0088E-01
     7.00 deg.: X-S =  4322.455871 mb/sr,
+                                         /R =   8.0375E-01
     8.00 deg.: X-S =  3197.749546 mb/sr,
+                                         /R =   1.0136E+00
     9.00 deg.: X-S =  2654.485155 mb/sr,
+                                         /R =   1.3466E+00
    10.00 deg.: X-S =  2346.306587 mb/sr,
+                                         /R =   1.8124E+00
    11.00 deg.: X-S =  2135.933683 mb/sr,
+                                         /R =   2.4131E+00
    12.00 deg.: X-S =  1966.160583 mb/sr,
+                                         /R =   3.1423E+00
    13.00 deg.: X-S =  1812.802677 mb/sr,
+                                         /R =   3.9855E+00
    14.00 deg.: X-S =  1666.024361 mb/sr,
+                                         /R =   4.9198E+00
    15.00 deg.: X-S =  1522.420032 mb/sr,
+                                         /R =   5.9158E+00
    16.00 deg.: X-S =  1381.474101 mb/sr,
+                                         /R =   6.9383E+00
    17.00 deg.: X-S =  1243.912504 mb/sr,
+                                         /R =   7.9486E+00
    18.00 deg.: X-S =  1110.912265 mb/sr,
+                                         /R =   8.9064E+00
    19.00 deg.: X-S =   983.716877 mb/sr,
+                                         /R =   9.7723E+00
    20.00 deg.: X-S =   863.450748 mb/sr,
+                                         /R =   1.0510E+01
    21.00 deg.: X-S =   751.034595 mb/sr,
+                                         /R =   1.1089E+01
    22.00 deg.: X-S =   647.153626 mb/sr,
+                                         /R =   1.1484E+01
    23.00 deg.: X-S =   552.254101 mb/sr,
+                                         /R =   1.1680E+01
    24.00 deg.: X-S =   466.555470 mb/sr,
+                                         /R =   1.1671E+01
    25.00 deg.: X-S =   390.071115 mb/sr,
+                                         /R =   1.1460E+01
    26.00 deg.: X-S =   322.633653 mb/sr,
+                                         /R =   1.1060E+01
    27.00 deg.: X-S =   263.922400 mb/sr,
+                                         /R =   1.0493E+01
    28.00 deg.: X-S =   213.491377 mb/sr,
+                                         /R =   9.7898E+00
    29.00 deg.: X-S =   170.796801 mb/sr,
+                                         /R =   8.9861E+00
    30.00 deg.: X-S =   135.223249 mb/sr,
+                                         /R =   8.1232E+00
    31.00 deg.: X-S =   106.107949 mb/sr,
+                                         /R =   7.2449E+00
    32.00 deg.: X-S =    82.762791 mb/sr,
+                                         /R =   6.3956E+00
    33.00 deg.: X-S =    64.493779 mb/sr,
+                                         /R =   5.6179E+00
    34.00 deg.: X-S =    50.617782 mb/sr,
+                                         /R =   4.9515E+00
    35.00 deg.: X-S =    40.476527 mb/sr,
+                                         /R =   4.4306E+00
    36.00 deg.: X-S =    33.447861 mb/sr,
+                                         /R =   4.0831E+00
    37.00 deg.: X-S =    28.954392 mb/sr,
+                                         /R =   3.9293E+00
    38.00 deg.: X-S =    26.469674 mb/sr,
+                                         /R =   3.9811E+00
    39.00 deg.: X-S =    25.522134 mb/sr,
+                                         /R =   4.2422E+00
    40.00 deg.: X-S =    25.696993 mb/sr,
+                                         /R =   4.7074E+00
    41.00 deg.: X-S =    26.636439 mb/sr,
+                                         /R =   5.3638E+00
    42.00 deg.: X-S =    28.038320 mb/sr,
+                                         /R =   6.1910E+00
    43.00 deg.: X-S =    29.653634 mb/sr,
+                                         /R =   7.1626E+00
    44.00 deg.: X-S =    31.283070 mb/sr,
+                                         /R =   8.2471E+00
    45.00 deg.: X-S =    32.772857 mb/sr,
+                                         /R =   9.4095E+00
    46.00 deg.: X-S =    34.010140 mb/sr,
+                                         /R =   1.0612E+01
    47.00 deg.: X-S =    34.918087 mb/sr,
+                                         /R =   1.1818E+01
    48.00 deg.: X-S =    35.450917 mb/sr,
+                                         /R =   1.2989E+01
    49.00 deg.: X-S =    35.588976 mb/sr,
+                                         /R =   1.4090E+01
    50.00 deg.: X-S =    35.334012 mb/sr,
+                                         /R =   1.5090E+01
    51.00 deg.: X-S =    34.704723 mb/sr,
+                                         /R =   1.5959E+01
    52.00 deg.: X-S =    33.732667 mb/sr,
+                                         /R =   1.6677E+01
    53.00 deg.: X-S =    32.458570 mb/sr,
+                                         /R =   1.7224E+01
    54.00 deg.: X-S =    30.929079 mb/sr,
+                                         /R =   1.7589E+01
    55.00 deg.: X-S =    29.193957 mb/sr,
+                                         /R =   1.7767E+01
    56.00 deg.: X-S =    27.303730 mb/sr,
+                                         /R =   1.7756E+01
    57.00 deg.: X-S =    25.307753 mb/sr,
+                                         /R =   1.7563E+01
    58.00 deg.: X-S =    23.252701 mb/sr,
+                                         /R =   1.7197E+01
    59.00 deg.: X-S =    21.181417 mb/sr,
+                                         /R =   1.6673E+01
    60.00 deg.: X-S =    19.132113 mb/sr,
+                                         /R =   1.6008E+01
    61.00 deg.: X-S =    17.137860 mb/sr,
+                                         /R =   1.5224E+01
    62.00 deg.: X-S =    15.226346 mb/sr,
+                                         /R =   1.4343E+01
    63.00 deg.: X-S =    13.419839 mb/sr,
+                                         /R =   1.3390E+01
    64.00 deg.: X-S =    11.735343 mb/sr,
+                                         /R =   1.2389E+01
    65.00 deg.: X-S =    10.184880 mb/sr,
+                                         /R =   1.1364E+01
    66.00 deg.: X-S =     8.775882 mb/sr,
+                                         /R =   1.0338E+01
    67.00 deg.: X-S =     7.511665 mb/sr,
+                                         /R =   9.3322E+00
    68.00 deg.: X-S =     6.391934 mb/sr,
+                                         /R =   8.3670E+00
    69.00 deg.: X-S =     5.413326 mb/sr,
+                                         /R =   7.4588E+00
    70.00 deg.: X-S =     4.569943 mb/sr,
+                                         /R =   6.6217E+00
    71.00 deg.: X-S =     3.853878 mb/sr,
+                                         /R =   5.8669E+00
    72.00 deg.: X-S =     3.255713 mb/sr,
+                                         /R =   5.2025E+00
    73.00 deg.: X-S =     2.764973 mb/sr,
+                                         /R =   4.6338E+00
    74.00 deg.: X-S =     2.370545 mb/sr,
+                                         /R =   4.1629E+00
    75.00 deg.: X-S =     2.061041 mb/sr,
+                                         /R =   3.7894E+00
    76.00 deg.: X-S =     1.825117 mb/sr,
+                                         /R =   3.5104E+00
    77.00 deg.: X-S =     1.651732 mb/sr,
+                                         /R =   3.3207E+00
    78.00 deg.: X-S =     1.530367 mb/sr,
+                                         /R =   3.2135E+00
    79.00 deg.: X-S =     1.451186 mb/sr,
+                                         /R =   3.1802E+00
    80.00 deg.: X-S =     1.405164 mb/sr,
+                                         /R =   3.2114E+00
    81.00 deg.: X-S =     1.384164 mb/sr,
+                                         /R =   3.2965E+00
    82.00 deg.: X-S =     1.380988 mb/sr,
+                                         /R =   3.4249E+00
    83.00 deg.: X-S =     1.389387 mb/sr,
+                                         /R =   3.5857E+00
    84.00 deg.: X-S =     1.404058 mb/sr,
+                                         /R =   3.7681E+00
    85.00 deg.: X-S =     1.420602 mb/sr,
+                                         /R =   3.9618E+00
    86.00 deg.: X-S =     1.435482 mb/sr,
+                                         /R =   4.1574E+00
    87.00 deg.: X-S =     1.445958 mb/sr,
+                                         /R =   4.3461E+00
    88.00 deg.: X-S =     1.450013 mb/sr,
+                                         /R =   4.5201E+00
    89.00 deg.: X-S =     1.446279 mb/sr,
+                                         /R =   4.6730E+00
    90.00 deg.: X-S =     1.433953 mb/sr,
+                                         /R =   4.7992E+00
    91.00 deg.: X-S =     1.412716 mb/sr,
+                                         /R =   4.8946E+00
    92.00 deg.: X-S =     1.382657 mb/sr,
+                                         /R =   4.9561E+00
    93.00 deg.: X-S =     1.344192 mb/sr,
+                                         /R =   4.9820E+00
    94.00 deg.: X-S =     1.297997 mb/sr,
+                                         /R =   4.9714E+00
    95.00 deg.: X-S =     1.244940 mb/sr,
+                                         /R =   4.9245E+00
    96.00 deg.: X-S =     1.186023 mb/sr,
+                                         /R =   4.8426E+00
    97.00 deg.: X-S =     1.122329 mb/sr,
+                                         /R =   4.7276E+00
    98.00 deg.: X-S =     1.054979 mb/sr,
+                                         /R =   4.5820E+00
    99.00 deg.: X-S =     0.985088 mb/sr,
+                                         /R =   4.4091E+00
   100.00 deg.: X-S =     0.913739 mb/sr,
+                                         /R =   4.2124E+00
   101.00 deg.: X-S =     0.841955 mb/sr,
+                                         /R =   3.9958E+00
   102.00 deg.: X-S =     0.770679 mb/sr,
+                                         /R =   3.7634E+00
   103.00 deg.: X-S =     0.700763 mb/sr,
+                                         /R =   3.5192E+00
   104.00 deg.: X-S =     0.632951 mb/sr,
+                                         /R =   3.2673E+00
   105.00 deg.: X-S =     0.567885 mb/sr,
+                                         /R =   3.0117E+00
   106.00 deg.: X-S =     0.506091 mb/sr,
+                                         /R =   2.7562E+00
   107.00 deg.: X-S =     0.447992 mb/sr,
+                                         /R =   2.5042E+00
   108.00 deg.: X-S =     0.393904 mb/sr,
+                                         /R =   2.2590E+00
   109.00 deg.: X-S =     0.344044 mb/sr,
+                                         /R =   2.0233E+00
   110.00 deg.: X-S =     0.298539 mb/sr,
+                                         /R =   1.7995E+00
   111.00 deg.: X-S =     0.257433 mb/sr,
+                                         /R =   1.5898E+00
   112.00 deg.: X-S =     0.220697 mb/sr,
+                                         /R =   1.3957E+00
   113.00 deg.: X-S =     0.188238 mb/sr,
+                                         /R =   1.2185E+00
   114.00 deg.: X-S =     0.159908 mb/sr,
+                                         /R =   1.0591E+00
   115.00 deg.: X-S =     0.135513 mb/sr,
+                                         /R =   9.1789E-01
   116.00 deg.: X-S =     0.114825 mb/sr,
+                                         /R =   7.9508E-01
   117.00 deg.: X-S =     0.097586 mb/sr,
+                                         /R =   6.9047E-01
   118.00 deg.: X-S =     0.083520 mb/sr,
+                                         /R =   6.0359E-01
   119.00 deg.: X-S =     0.072337 mb/sr,
+                                         /R =   5.3375E-01
   120.00 deg.: X-S =     0.063741 mb/sr,
+                                         /R =   4.7999E-01
   121.00 deg.: X-S =     0.057436 mb/sr,
+                                         /R =   4.4123E-01
   122.00 deg.: X-S =     0.053127 mb/sr,
+                                         /R =   4.1619E-01
   123.00 deg.: X-S =     0.050532 mb/sr,
+                                         /R =   4.0351E-01
   124.00 deg.: X-S =     0.049376 mb/sr,
+                                         /R =   4.0174E-01
   125.00 deg.: X-S =     0.049402 mb/sr,
+                                         /R =   4.0940E-01
   126.00 deg.: X-S =     0.050366 mb/sr,
+                                         /R =   4.2496E-01
   127.00 deg.: X-S =     0.052045 mb/sr,
+                                         /R =   4.4693E-01
   128.00 deg.: X-S =     0.054234 mb/sr,
+                                         /R =   4.7381E-01
   129.00 deg.: X-S =     0.056747 mb/sr,
+                                         /R =   5.0418E-01
   130.00 deg.: X-S =     0.059420 mb/sr,
+                                         /R =   5.3670E-01
   131.00 deg.: X-S =     0.062108 mb/sr,
+                                         /R =   5.7007E-01
   132.00 deg.: X-S =     0.064685 mb/sr,
+                                         /R =   6.0313E-01
   133.00 deg.: X-S =     0.067045 mb/sr,
+                                         /R =   6.3482E-01
   134.00 deg.: X-S =     0.069102 mb/sr,
+                                         /R =   6.6418E-01
   135.00 deg.: X-S =     0.070786 mb/sr,
+                                         /R =   6.9040E-01
   136.00 deg.: X-S =     0.072043 mb/sr,
+                                         /R =   7.1277E-01
   137.00 deg.: X-S =     0.072837 mb/sr,
+                                         /R =   7.3072E-01
   138.00 deg.: X-S =     0.073144 mb/sr,
+                                         /R =   7.4384E-01
   139.00 deg.: X-S =     0.072955 mb/sr,
+                                         /R =   7.5179E-01
   140.00 deg.: X-S =     0.072274 mb/sr,
+                                         /R =   7.5442E-01
   141.00 deg.: X-S =     0.071112 mb/sr,
+                                         /R =   7.5166E-01
   142.00 deg.: X-S =     0.069494 mb/sr,
+                                         /R =   7.4357E-01
   143.00 deg.: X-S =     0.067452 mb/sr,
+                                         /R =   7.3031E-01
   144.00 deg.: X-S =     0.065022 mb/sr,
+                                         /R =   7.1216E-01
   145.00 deg.: X-S =     0.062251 mb/sr,
+                                         /R =   6.8947E-01
   146.00 deg.: X-S =     0.059187 mb/sr,
+                                         /R =   6.6268E-01
   147.00 deg.: X-S =     0.055883 mb/sr,
+                                         /R =   6.3230E-01
   148.00 deg.: X-S =     0.052393 mb/sr,
+                                         /R =   5.9887E-01
   149.00 deg.: X-S =     0.048774 mb/sr,
+                                         /R =   5.6302E-01
   150.00 deg.: X-S =     0.045081 mb/sr,
+                                         /R =   5.2536E-01
   151.00 deg.: X-S =     0.041369 mb/sr,
+                                         /R =   4.8655E-01
   152.00 deg.: X-S =     0.037691 mb/sr,
+                                         /R =   4.4725E-01
   153.00 deg.: X-S =     0.034097 mb/sr,
+                                         /R =   4.0807E-01
   154.00 deg.: X-S =     0.030634 mb/sr,
+                                         /R =   3.6965E-01
   155.00 deg.: X-S =     0.027344 mb/sr,
+                                         /R =   3.3256E-01
   156.00 deg.: X-S =     0.024263 mb/sr,
+                                         /R =   2.9734E-01
   157.00 deg.: X-S =     0.021422 mb/sr,
+                                         /R =   2.6444E-01
   158.00 deg.: X-S =     0.018848 mb/sr,
+                                         /R =   2.3429E-01
   159.00 deg.: X-S =     0.016560 mb/sr,
+                                         /R =   2.0721E-01
   160.00 deg.: X-S =     0.014570 mb/sr,
+                                         /R =   1.8346E-01
   161.00 deg.: X-S =     0.012884 mb/sr,
+                                         /R =   1.6322E-01
   162.00 deg.: X-S =     0.011503 mb/sr,
+                                         /R =   1.4655E-01
   163.00 deg.: X-S =     0.010421 mb/sr,
+                                         /R =   1.3348E-01
   164.00 deg.: X-S =     0.009626 mb/sr,
+                                         /R =   1.2393E-01
   165.00 deg.: X-S =     0.009101 mb/sr,
+                                         /R =   1.1772E-01
   166.00 deg.: X-S =     0.008824 mb/sr,
+                                         /R =   1.1464E-01
   167.00 deg.: X-S =     0.008769 mb/sr,
+                                         /R =   1.1440E-01
   168.00 deg.: X-S =     0.008906 mb/sr,
+                                         /R =   1.1664E-01
   169.00 deg.: X-S =     0.009205 mb/sr,
+                                         /R =   1.2098E-01
   170.00 deg.: X-S =     0.009631 mb/sr,
+                                         /R =   1.2698E-01
   171.00 deg.: X-S =     0.010150 mb/sr,
+                                         /R =   1.3421E-01
   172.00 deg.: X-S =     0.010726 mb/sr,
+                                         /R =   1.4220E-01
   173.00 deg.: X-S =     0.011328 mb/sr,
+                                         /R =   1.5052E-01
   174.00 deg.: X-S =     0.011922 mb/sr,
+                                         /R =   1.5873E-01
   175.00 deg.: X-S =     0.012480 mb/sr,
+                                         /R =   1.6643E-01
   176.00 deg.: X-S =     0.012974 mb/sr,
+                                         /R =   1.7326E-01
   177.00 deg.: X-S =     0.013383 mb/sr,
+                                         /R =   1.7891E-01
   178.00 deg.: X-S =     0.013688 mb/sr,
+                                         /R =   1.8313E-01
   179.00 deg.: X-S =     0.013877 mb/sr,
+                                         /R =   1.8574E-01
   179.99 deg.: X-S =     0.013940 mb/sr,
+                                         /R =   1.8662E-01
                                           Integrated********** mb, over [   0.000, 180.000] at    35.0000 MeV 

 CROSS SECTIONS FOR OUTGOING p        & O20      in state #   2 with spins & parities 0.5  + &  2.0  +;  0

     0.00 deg.: X-S =     3.538990 mb/sr,
+                                         REAC   5.5577E+00 mb
     1.00 deg.: X-S =     3.584280 mb/sr,
     2.00 deg.: X-S =     3.703333 mb/sr,
     3.00 deg.: X-S =     3.853418 mb/sr,
     4.00 deg.: X-S =     3.984232 mb/sr,
     5.00 deg.: X-S =     4.056652 mb/sr,
     6.00 deg.: X-S =     4.053675 mb/sr,
     7.00 deg.: X-S =     3.981035 mb/sr,
     8.00 deg.: X-S =     3.859580 mb/sr,
     9.00 deg.: X-S =     3.714060 mb/sr,
    10.00 deg.: X-S =     3.563749 mb/sr,
    11.00 deg.: X-S =     3.418670 mb/sr,
    12.00 deg.: X-S =     3.281488 mb/sr,
    13.00 deg.: X-S =     3.152008 mb/sr,
    14.00 deg.: X-S =     3.030839 mb/sr,
    15.00 deg.: X-S =     2.920535 mb/sr,
    16.00 deg.: X-S =     2.824536 mb/sr,
    17.00 deg.: X-S =     2.745348 mb/sr,
    18.00 deg.: X-S =     2.683383 mb/sr,
    19.00 deg.: X-S =     2.636992 mb/sr,
    20.00 deg.: X-S =     2.603290 mb/sr,
    21.00 deg.: X-S =     2.579019 mb/sr,
    22.00 deg.: X-S =     2.561019 mb/sr,
    23.00 deg.: X-S =     2.546333 mb/sr,
    24.00 deg.: X-S =     2.532181 mb/sr,
    25.00 deg.: X-S =     2.515968 mb/sr,
    26.00 deg.: X-S =     2.495337 mb/sr,
    27.00 deg.: X-S =     2.468189 mb/sr,
    28.00 deg.: X-S =     2.432648 mb/sr,
    29.00 deg.: X-S =     2.387072 mb/sr,
    30.00 deg.: X-S =     2.330202 mb/sr,
    31.00 deg.: X-S =     2.261410 mb/sr,
    32.00 deg.: X-S =     2.180867 mb/sr,
    33.00 deg.: X-S =     2.089502 mb/sr,
    34.00 deg.: X-S =     1.988743 mb/sr,
    35.00 deg.: X-S =     1.880187 mb/sr,
    36.00 deg.: X-S =     1.765418 mb/sr,
    37.00 deg.: X-S =     1.646031 mb/sr,
    38.00 deg.: X-S =     1.523784 mb/sr,
    39.00 deg.: X-S =     1.400684 mb/sr,
    40.00 deg.: X-S =     1.278904 mb/sr,
    41.00 deg.: X-S =     1.160562 mb/sr,
    42.00 deg.: X-S =     1.047505 mb/sr,
    43.00 deg.: X-S =     0.941218 mb/sr,
    44.00 deg.: X-S =     0.842867 mb/sr,
    45.00 deg.: X-S =     0.753390 mb/sr,
    46.00 deg.: X-S =     0.673523 mb/sr,
    47.00 deg.: X-S =     0.603755 mb/sr,
    48.00 deg.: X-S =     0.544266 mb/sr,
    49.00 deg.: X-S =     0.494919 mb/sr,
    50.00 deg.: X-S =     0.455330 mb/sr,
    51.00 deg.: X-S =     0.424961 mb/sr,
    52.00 deg.: X-S =     0.403156 mb/sr,
    53.00 deg.: X-S =     0.389115 mb/sr,
    54.00 deg.: X-S =     0.381854 mb/sr,
    55.00 deg.: X-S =     0.380232 mb/sr,
    56.00 deg.: X-S =     0.383052 mb/sr,
    57.00 deg.: X-S =     0.389190 mb/sr,
    58.00 deg.: X-S =     0.397673 mb/sr,
    59.00 deg.: X-S =     0.407649 mb/sr,
    60.00 deg.: X-S =     0.418298 mb/sr,
    61.00 deg.: X-S =     0.428775 mb/sr,
    62.00 deg.: X-S =     0.438234 mb/sr,
    63.00 deg.: X-S =     0.445941 mb/sr,
    64.00 deg.: X-S =     0.451373 mb/sr,
    65.00 deg.: X-S =     0.454245 mb/sr,
    66.00 deg.: X-S =     0.454442 mb/sr,
    67.00 deg.: X-S =     0.451909 mb/sr,
    68.00 deg.: X-S =     0.446584 mb/sr,
    69.00 deg.: X-S =     0.438417 mb/sr,
    70.00 deg.: X-S =     0.427445 mb/sr,
    71.00 deg.: X-S =     0.413847 mb/sr,
    72.00 deg.: X-S =     0.397942 mb/sr,
    73.00 deg.: X-S =     0.380115 mb/sr,
    74.00 deg.: X-S =     0.360743 mb/sr,
    75.00 deg.: X-S =     0.340148 mb/sr,
    76.00 deg.: X-S =     0.318620 mb/sr,
    77.00 deg.: X-S =     0.296457 mb/sr,
    78.00 deg.: X-S =     0.273991 mb/sr,
    79.00 deg.: X-S =     0.251575 mb/sr,
    80.00 deg.: X-S =     0.229540 mb/sr,
    81.00 deg.: X-S =     0.208163 mb/sr,
    82.00 deg.: X-S =     0.187653 mb/sr,
    83.00 deg.: X-S =     0.168179 mb/sr,
    84.00 deg.: X-S =     0.149883 mb/sr,
    85.00 deg.: X-S =     0.132893 mb/sr,
    86.00 deg.: X-S =     0.117309 mb/sr,
    87.00 deg.: X-S =     0.103190 mb/sr,
    88.00 deg.: X-S =     0.090550 mb/sr,
    89.00 deg.: X-S =     0.079373 mb/sr,
    90.00 deg.: X-S =     0.069622 mb/sr,
    91.00 deg.: X-S =     0.061248 mb/sr,
    92.00 deg.: X-S =     0.054187 mb/sr,
    93.00 deg.: X-S =     0.048350 mb/sr,
    94.00 deg.: X-S =     0.043629 mb/sr,
    95.00 deg.: X-S =     0.039909 mb/sr,
    96.00 deg.: X-S =     0.037074 mb/sr,
    97.00 deg.: X-S =     0.035020 mb/sr,
    98.00 deg.: X-S =     0.033644 mb/sr,
    99.00 deg.: X-S =     0.032838 mb/sr,
   100.00 deg.: X-S =     0.032489 mb/sr,
   101.00 deg.: X-S =     0.032486 mb/sr,
   102.00 deg.: X-S =     0.032729 mb/sr,
   103.00 deg.: X-S =     0.033139 mb/sr,
   104.00 deg.: X-S =     0.033648 mb/sr,
   105.00 deg.: X-S =     0.034199 mb/sr,
   106.00 deg.: X-S =     0.034736 mb/sr,
   107.00 deg.: X-S =     0.035205 mb/sr,
   108.00 deg.: X-S =     0.035561 mb/sr,
   109.00 deg.: X-S =     0.035775 mb/sr,
   110.00 deg.: X-S =     0.035829 mb/sr,
   111.00 deg.: X-S =     0.035716 mb/sr,
   112.00 deg.: X-S =     0.035430 mb/sr,
   113.00 deg.: X-S =     0.034966 mb/sr,
   114.00 deg.: X-S =     0.034327 mb/sr,
   115.00 deg.: X-S =     0.033520 mb/sr,
   116.00 deg.: X-S =     0.032562 mb/sr,
   117.00 deg.: X-S =     0.031471 mb/sr,
   118.00 deg.: X-S =     0.030266 mb/sr,
   119.00 deg.: X-S =     0.028962 mb/sr,
   120.00 deg.: X-S =     0.027575 mb/sr,
   121.00 deg.: X-S =     0.026124 mb/sr,
   122.00 deg.: X-S =     0.024629 mb/sr,
   123.00 deg.: X-S =     0.023115 mb/sr,
   124.00 deg.: X-S =     0.021599 mb/sr,
   125.00 deg.: X-S =     0.020095 mb/sr,
   126.00 deg.: X-S =     0.018617 mb/sr,
   127.00 deg.: X-S =     0.017176 mb/sr,
   128.00 deg.: X-S =     0.015787 mb/sr,
   129.00 deg.: X-S =     0.014461 mb/sr,
   130.00 deg.: X-S =     0.013209 mb/sr,
   131.00 deg.: X-S =     0.012034 mb/sr,
   132.00 deg.: X-S =     0.010937 mb/sr,
   133.00 deg.: X-S =     0.009920 mb/sr,
   134.00 deg.: X-S =     0.008986 mb/sr,
   135.00 deg.: X-S =     0.008139 mb/sr,
   136.00 deg.: X-S =     0.007380 mb/sr,
   137.00 deg.: X-S =     0.006704 mb/sr,
   138.00 deg.: X-S =     0.006105 mb/sr,
   139.00 deg.: X-S =     0.005576 mb/sr,
   140.00 deg.: X-S =     0.005115 mb/sr,
   141.00 deg.: X-S =     0.004720 mb/sr,
   142.00 deg.: X-S =     0.004394 mb/sr,
   143.00 deg.: X-S =     0.004131 mb/sr,
   144.00 deg.: X-S =     0.003925 mb/sr,
   145.00 deg.: X-S =     0.003763 mb/sr,
   146.00 deg.: X-S =     0.003639 mb/sr,
   147.00 deg.: X-S =     0.003550 mb/sr,
   148.00 deg.: X-S =     0.003497 mb/sr,
   149.00 deg.: X-S =     0.003481 mb/sr,
   150.00 deg.: X-S =     0.003500 mb/sr,
   151.00 deg.: X-S =     0.003547 mb/sr,
   152.00 deg.: X-S =     0.003615 mb/sr,
   153.00 deg.: X-S =     0.003700 mb/sr,
   154.00 deg.: X-S =     0.003800 mb/sr,
   155.00 deg.: X-S =     0.003918 mb/sr,
   156.00 deg.: X-S =     0.004054 mb/sr,
   157.00 deg.: X-S =     0.004208 mb/sr,
   158.00 deg.: X-S =     0.004376 mb/sr,
   159.00 deg.: X-S =     0.004554 mb/sr,
   160.00 deg.: X-S =     0.004739 mb/sr,
   161.00 deg.: X-S =     0.004930 mb/sr,
   162.00 deg.: X-S =     0.005128 mb/sr,
   163.00 deg.: X-S =     0.005332 mb/sr,
   164.00 deg.: X-S =     0.005540 mb/sr,
   165.00 deg.: X-S =     0.005750 mb/sr,
   166.00 deg.: X-S =     0.005960 mb/sr,
   167.00 deg.: X-S =     0.006167 mb/sr,
   168.00 deg.: X-S =     0.006371 mb/sr,
   169.00 deg.: X-S =     0.006568 mb/sr,
   170.00 deg.: X-S =     0.006756 mb/sr,
   171.00 deg.: X-S =     0.006934 mb/sr,
   172.00 deg.: X-S =     0.007099 mb/sr,
   173.00 deg.: X-S =     0.007250 mb/sr,
   174.00 deg.: X-S =     0.007386 mb/sr,
   175.00 deg.: X-S =     0.007505 mb/sr,
   176.00 deg.: X-S =     0.007605 mb/sr,
   177.00 deg.: X-S =     0.007683 mb/sr,
   178.00 deg.: X-S =     0.007738 mb/sr,
   179.00 deg.: X-S =     0.007771 mb/sr,
   180.00 deg.: X-S =     0.007782 mb/sr,
                                           Integrated    5.5572 mb, over [   0.000, 180.000] at    35.0000 MeV 
 Finished all xsecs @   0.344089001    

  The following files have been created:
   3:local copy of User input.            6:standard output.                   
   7:elastic  S-matrix elements.         13:total cross sections/state.        
  16:tables of cross sections.           35:Astrophysics S-factors  / Ecm.     
  38:cross sections for each J/pi.       39:cross sections for each Ecm.       
  40:all cross sectns. for each Elab.    45:scat phase shift as E functions.   
  56:Fusion for each Jtotal.             75:S-factors for lab energies.        
 201:Separate cross sections.           202:Separate cross sections.           

 PARAMETERS : MAXQRN   MFNL   MLOC  LMAX1 MCLIST
    ALLOWED :      1     36      9     70     15
    REQUIRED:      0      0      9     54      9


 ACCURACY ANALYSIS at    35.000 MeV :

  Elastic h*k = 0.037 so OK       compared with 0.200

   Real(S-el) > 0.01 first at J =       0.5
   Real(S-el) > 0.10 first at J =       0.5
   Real(S-el) > 0.50 first at J =       5.5
   Real(S-el) > 0.90 first at J =       6.5
   Real(S-el) > 0.99 first at J =       8.5
   R-turn =    41.01 fm    at J =      50.5

 Forward-angle excitation cut off below   0.480 deg by max JT =      50.5
                              and below   0.330 deg by max R.

 Total CPU  0 time =       0.34 seconds
