 FRESCO - FRES 3.4: Coupled Reaction Channels
 Assuming NAMELIST input.

 p+O20 1st ex with BG ;                                                          

   0.030  60.000   0.500   0.000   0.000   0.000   0.000   0.000   0.000   0.000

 Centre-of-mass Range is   2002 * 0.0300 fm., Maximum at  60.00 fm., Interpolating NL forms every  0.51 fm.
 Non - locality width is      4 * 0.0300 fm., Maximum of   0.09 fm., Centred at  0.00 fm.
 2-Nucleon Separation of      0 * 0.5100 fm., Maximum of   0.00 fm., Minimum at  0.00 fm.
 Maximum single particle bins of 59.6700 fm.
               M,Mint =         2001        1990


 Range of total J is     0.0 <= J <=    50.0 (at least     0.0) and Absorbtion =>     0.0010 mb.
 Dry Run = F, CC set limits =  0  0, Relativistic kinematics =  , Both/Far/Near Analyses =  1                     

 Cross Sections (and up to T0 for 0=projectile) for Theta from   3.0 to-180.0 in steps of  1.0 degrees, DGAM=0,  Coordinates = 0 (Mads)

 Lower Radial Cutoff = maximum of -1.60*L*h &       0.0 fm.,  Lower Cutoff for Couplings =   0.0  fm.


 Iterate Couplings between   0 and   1 times, to  0.000 % if sooner.                                          
  Block solved exactly =   2 chs., with Pade = 0 & Isocen =  =0, NOSOL = F, initwf =  0
  NL quadrature with   18 Gaussian points, Calculate multipoles up to    56 from   0
  M-transfers for lp+lt greater than or equal to  6, Angular Integration Cutoff below  2.7778 %


 Trace switches are :  CHANS =  1, LISTCC =  0, TRENEG =  0, CDETR =  0, SMATS =  2, XSTABL =  1, NLPL =  0

                       WAVES =  0, LAMPL =  0, VEFF =  0, KFUS =  0, WDISK =  0, BPM =  0, MELFIL =  0

                       CDCC =  0, NFUS =  0

 Using unit mass = 1.000000 amu and 1/fine-structure constant = 137.03599 ( 1.000000 * true ) with hc = 197.32705 MeV.fm,
  thus 2*amu/hbar^2 = 0.0478450 = 1/20.9008 and Coulomb constant = 0.1574855 so e^2 = 1.43997, and nuclear magneton= 0.1261183

 Now pre-scan input and save to file 3



 *********** PARTITION NUMBER  1 ******************************************************************************************

   PROJ=p          MASS=  1.0073 Z=   1.0,        # STATES=    2T, TARG=O20      MASS= 19.9997 Z=   8.0,     Q-VALUE =  -0.0000 MEV.

     1:  J= 0.5+ (B# 1), E=  0.0000, K= 0.5              Potl#  1       J= 0.0+ (B# 1), E=  0.0000, K= 0.0    

     2:  J= 0.5+ (B# 1), E=  0.0000, K= 0.5              Potl#  1       J= 2.0+ (B# 1), E=  1.6350, K= 0.0    
                                  (Just State  1)


 ************************************************************************************************************************************

 The following POTENTIALS are defined :

  KP#       TYPE      IT    SHAPE      at     V1        r1        a1        V2        r2        a2        A-in     A-used


                                            A#1       A#2        r0c       ac                                                h @ 1
    1    0=Coulomb       0=CHARGE (WS)  1    20.000     0.000    1.3000    0.0000    0.0000    0.0000     0.000    20.000   0.03000

                                           Mn(E1)    Mn(E2)    Mn(E3)  .....
    1   11=Target defm  10=derivatives  2    0.0000    5.3000    0.0000    0.0000    0.0000    0.0000     0.000     3.529= RADIUS

              At    2 is k =  2 (Potl. beta = 0.22286)
                                     Beta of targ. = 0.22286 (using radius of 3.529 fm.).

    1    1=Volume        0=Woods-Saxon  3   48.7789    1.1700    0.7500    0.0000    0.0000    0.0000     0.000    20.000

                                            Def1      Def2      Def3   .....
    1   11=Target defm  10=derivatives  4    0.0000    1.7785    0.0000    0.0000    0.0000    0.0000     0.000     3.176= RADIUS

              At    4 is k =  2 (Potl. beta = 0.56000)
                                     Beta of targ. = 0.56000 (using radius of 3.176 fm.).

    1    1=Volume        0=Woods-Saxon  5    0.0000    0.0000    0.0000    5.0000    1.3200    0.6500     0.000    20.000

                                            Def1      Def2      Def3   .....
    1   11=Target defm  10=derivatives  6    0.0000    2.0065    0.0000    0.0000    0.0000    0.0000     0.000     3.583= RADIUS

              At    6 is k =  2 (Potl. beta = 0.56000)
                                     Beta of targ. = 0.56000 (using radius of 3.583 fm.).

    1    2=Surface       0=Woods-Saxon  7    0.0000    0.0000    0.0000    5.4500    1.3200    0.6500     0.000    20.000

                                            Def1      Def2      Def3   .....
    1   11=Target defm  10=derivatives  8    0.0000    2.0065    0.0000    0.0000    0.0000    0.0000     0.000     3.583= RADIUS

              At    8 is k =  2 (Potl. beta = 0.56000)
                                     Beta of targ. = 0.56000 (using radius of 3.583 fm.).

    1    3=Projtl S.O.   0=Woods-Saxon  9    3.1000    1.0100    0.7500    0.0000    0.0000    0.0000     0.000    20.000

 Incoming partition  1 in excitation state # 1,   Laboratory Energy given for partition  1 Nucleus 1 in Excitation pair 1

0Lab. ENERGY ranges :

   from    35.0000     to   0.00000     in     0 intervals
   from    0.00000     to   0.00000     in     0 intervals
   from    0.00000     to   0.00000     in     0 intervals

 Largest real,imaginary parts of any form factor at R=   59.52 are   2.42E-02  5.84E-32 MeV
 Finished all Couplings @    8.22000089E-04           9

 Symmetric Hamiltonian
1***********************************************************************************************************************************
************************************************************************************************************************************

        INCOMING p        ;    LABORATORY p        ENERGY =   35.000     MeV.

 ***********************************************************************************************************************************
 ***********************************************************************************************************************************

 Allocate arrays for            3  channels, of which            3  need wfs.

 ######################################################################################################################
 #                                                                                                                    #
 # Total SPIN and PARITY =     0.5 +,      3 channels,    3 in 1st block.  Rmin & Coul turning =    0.0    0.3 fm.  #
 #                                                                                                                    #
 ######################################################################################################################



    C Projectl Target   #   EX.   (L  Proj) J  + Targ = Jtotal     E-cm      Re K     Re Eta     RM*K            CH
    1 p        O20      #    1: I   0 0.5    0.5  0.0     0.5    33.32176   1.23648   0.21373   74.1887   0.33920  -0.36833 1 1 1   1
    2 p        O20      #    2:     2 0.5    1.5  2.0     0.5    31.68676   1.20576   0.21918   72.3457   0.34393   0.36416 1 1 1   2
    3 p        O20      #    2:     2 0.5    2.5  2.0     0.5    31.68676   1.20576   0.21918   72.3457   0.34393   0.36416 1 1 1   2
   S-matrix    1 =    0.20594  -0.28546 for L=    0, J=    0.5 channel on core I =   0.0 from L=    0,  Acc. loss =  0.0 D.
 Elastic phase shift   1 =  -27.096  29.913 deg. for the L =    0, J =    0.5 channel.
       0.5  0.20593896 -0.28545642i: elastic S-matrix  @@      0.00  0   0 F  0
 Reaction Xsec     0.5+/ 0 @ 1 =  18.002 , Out:   0.000#   1.040   16.962f


 Total SPIN, PARITY =     0.5 -,      3 chs,      3 cc.  Rmin & Coul turning =    0.0    0.3
   S-matrix    1 =   -0.01867  -0.31989 for L=    1, J=    0.5 channel on core I =   0.0 from L=    1,  Acc. loss =  0.0 D.
 Elastic phase shift   1 =  -46.670  32.604 deg. for the L =    1, J =    0.5 channel.
       0.5 -0.01867280 -0.31988897i: elastic S-matrix  @@      0.00  0   0 F  0
 Reaction Xsec     0.5-/ 1 @ 1 =  18.438 , Out:   0.000#   0.847   17.592f

 Allocate arrays for            5  channels, of which            5  need wfs.

 Total SPIN, PARITY =     1.5 +,      5 chs,      5 cc.  Rmin & Coul turning =    0.0    1.3
   S-matrix    1 =   -0.24567  -0.25093 for L=    2, J=    1.5 channel on core I =   0.0 from L=    2,  Acc. loss =  0.0 D.
 Elastic phase shift   1 =  -67.197  29.980 deg. for the L =    2, J =    1.5 channel.
       1.5 -0.24567261 -0.25092752i: elastic S-matrix  @@      0.00  0   0 F  0
 Reaction Xsec     1.5+/ 2 @ 1 =  36.029 , Out:   0.000#   2.019   34.009f


 Total SPIN, PARITY =     1.5 -,      5 chs,      5 cc.  Rmin & Coul turning =    0.0    1.3
   S-matrix    1 =    0.06726  -0.32546 for L=    1, J=    1.5 channel on core I =   0.0 from L=    1,  Acc. loss =  0.0 D.
 Elastic phase shift   1 =  -39.162  31.559 deg. for the L =    1, J =    1.5 channel.
       1.5  0.06725516 -0.32545941i: elastic S-matrix  @@      0.00  0   0 F  0
 Reaction Xsec     1.5-/ 1 @ 1 =  36.558 , Out:   0.000#   1.606   34.951f

 Allocate arrays for            6  channels, of which            6  need wfs.

 Total SPIN, PARITY =     2.5 +,      6 chs,      6 cc.  Rmin & Coul turning =    0.1    2.2
   S-matrix    1 =   -0.12604  -0.32517 for L=    2, J=    2.5 channel on core I =   0.0 from L=    2,  Acc. loss =  0.0 D.
 Elastic phase shift   1 =  -55.594  30.178 deg. for the L =    2, J =    2.5 channel.
       2.5 -0.12604202 -0.32516654i: elastic S-matrix  @@      0.00  0   0 F  0
 Reaction Xsec     2.5+/ 2 @ 1 =  54.148 , Out:   0.000#   2.911   51.237f


 Total SPIN, PARITY =     2.5 -,      6 chs,      6 cc.  Rmin & Coul turning =    0.1    2.2
   S-matrix    1 =   -0.30573  -0.08334 for L=    3, J=    2.5 channel on core I =   0.0 from L=    3,  Acc. loss =  0.0 D.
 Elastic phase shift   1 =  -82.376  32.923 deg. for the L =    3, J =    2.5 channel.
       2.5 -0.30572678 -0.08333544i: elastic S-matrix  @@      0.00  0   0 F  0
 Reaction Xsec     2.5-/ 3 @ 1 =  55.455 , Out:   0.000#   2.366   53.089f


 Total SPIN, PARITY =     3.5 +,      6 chs,      6 cc.  Rmin & Coul turning =    0.1    3.0
   S-matrix    1 =   -0.02011   0.16129 for L=    4, J=    3.5 channel on core I =   0.0 from L=    4,  Acc. loss =  0.0 D.
 Elastic phase shift   1 =   48.554  52.049 deg. for the L =    4, J =    3.5 channel.
       3.5 -0.02010930  0.16128600i: elastic S-matrix  @@      0.00  0   0 F  0
 Reaction Xsec     3.5+/ 4 @ 1 =  80.022 , Out:   0.000#   5.039   74.983f


 Total SPIN, PARITY =     3.5 -,      6 chs,      6 cc.  Rmin & Coul turning =    0.1    3.0
   S-matrix    1 =   -0.26514  -0.24560 for L=    3, J=    3.5 channel on core I =   0.0 from L=    3,  Acc. loss =  0.0 D.
 Elastic phase shift   1 =  -68.595  29.156 deg. for the L =    3, J =    3.5 channel.
       3.5 -0.26513951 -0.24560413i: elastic S-matrix  @@      0.00  0   0 F  0
 Reaction Xsec     3.5-/ 3 @ 1 =  71.457 , Out:   0.000#   2.817   68.640f


 Total SPIN, PARITY =     4.5 +,      6 chs,      6 cc.  Rmin & Coul turning =    0.2    3.8
   S-matrix    1 =   -0.14638   0.04555 for L=    4, J=    4.5 channel on core I =   0.0 from L=    4,  Acc. loss =  0.0 D.
 Elastic phase shift   1 =   81.358  53.725 deg. for the L =    4, J =    4.5 channel.
       4.5 -0.14637796  0.04554822i: elastic S-matrix  @@      0.00  0   0 F  0
 Reaction Xsec     4.5+/ 4 @ 1 = 100.327 , Out:   0.000#   5.633   94.694f


 Total SPIN, PARITY =     4.5 -,      6 chs,      6 cc.  Rmin & Coul turning =    0.2    3.8
   S-matrix    1 =    0.45728   0.26130 for L=    5, J=    4.5 channel on core I =   0.0 from L=    5,  Acc. loss =  0.0 D.
 Elastic phase shift   1 =   14.872  18.369 deg. for the L =    5, J =    4.5 channel.
       4.5  0.45727910  0.26129706i: elastic S-matrix  @@      0.00  0   0 F  0
 Reaction Xsec     4.5-/ 5 @ 1 =  74.243 , Out:   0.000#   4.237   70.006f


 Total SPIN, PARITY =     5.5 +,      6 chs,      6 cc.  Rmin & Coul turning =    0.2    4.6
   S-matrix    1 =    0.79651   0.17396 for L=    6, J=    5.5 channel on core I =   0.0 from L=    6,  Acc. loss =  0.0 D.
 Elastic phase shift   1 =    6.160   5.850 deg. for the L =    6, J =    5.5 channel.
       5.5  0.79651224  0.17396328i: elastic S-matrix  @@      0.00  0   0 F  0
 Reaction Xsec     5.5+/ 6 @ 1 =  41.340 , Out:   0.000#   2.274   39.066f


 Total SPIN, PARITY =     5.5 -,      6 chs,      6 cc.  Rmin & Coul turning =    0.2    4.6
   S-matrix    1 =    0.32521   0.29619 for L=    5, J=    5.5 channel on core I =   0.0 from L=    5,  Acc. loss =  0.0 D.
 Elastic phase shift   1 =   21.163  23.528 deg. for the L =    5, J =    5.5 channel.
       5.5  0.32520789  0.29619099i: elastic S-matrix  @@      0.00  0   0 F  0
 Reaction Xsec     5.5-/ 5 @ 1 =  99.435 , Out:   0.000#   5.693   93.742f


 Total SPIN, PARITY =     6.5 +,      6 chs,      6 cc.  Rmin & Coul turning =    0.3    5.4
   S-matrix    1 =    0.75801   0.23096 for L=    6, J=    6.5 channel on core I =   0.0 from L=    6,  Acc. loss =  0.0 D.
 Elastic phase shift   1 =    8.473   6.666 deg. for the L =    6, J =    6.5 channel.
       6.5  0.75800693  0.23096061i: elastic S-matrix  @@      0.00  0   0 F  0
 Reaction Xsec     6.5+/ 6 @ 1 =  53.520 , Out:   0.000#   2.665   50.855f


 Total SPIN, PARITY =     6.5 -,      6 chs,      6 cc.  Rmin & Coul turning =    0.3    5.4
   S-matrix    1 =    0.93261   0.08062 for L=    7, J=    6.5 channel on core I =   0.0 from L=    7,  Acc. loss =  0.1 D.
 Elastic phase shift   1 =    2.470   1.892 deg. for the L =    7, J =    6.5 channel.
       6.5  0.93261343  0.08061795i: elastic S-matrix  @@      0.00  0   0 F  0
 Reaction Xsec     6.5-/ 7 @ 1 =  17.798 , Out:   0.000#   0.963   16.835f


 Total SPIN, PARITY =     7.5 +,      6 chs,      6 cc.  Rmin & Coul turning =    0.3    6.2
   S-matrix    1 =    0.97858   0.03308 for L=    8, J=    7.5 channel on core I =   0.0 from L=    8,  Acc. loss =  0.0 D.
 Elastic phase shift   1 =    0.968   0.604 deg. for the L =    8, J =    7.5 channel.
       7.5  0.97857833  0.03308490i: elastic S-matrix  @@      0.00  0   0 F  0
 Reaction Xsec     7.5+/ 8 @ 1 =   6.787 , Out:   0.000#   0.222    6.565f


 Total SPIN, PARITY =     7.5 -,      6 chs,      6 cc.  Rmin & Coul turning =    0.3    6.2
   S-matrix    1 =    0.92611   0.10642 for L=    7, J=    7.5 channel on core I =   0.0 from L=    7,  Acc. loss =  0.1 D.
 Elastic phase shift   1 =    3.278   2.011 deg. for the L =    7, J =    7.5 channel.
       7.5  0.92610977  0.10642084i: elastic S-matrix  @@      0.00  0   0 F  0
 Reaction Xsec     7.5-/ 7 @ 1 =  21.534 , Out:   0.000#   1.167   20.367f


 Total SPIN, PARITY =     8.5 +,      6 chs,      6 cc.  Rmin & Coul turning =    0.4    7.0
   S-matrix    1 =    0.97753   0.04302 for L=    8, J=    8.5 channel on core I =   0.0 from L=    8,  Acc. loss =  0.0 D.
 Elastic phase shift   1 =    1.260   0.623 deg. for the L =    8, J =    8.5 channel.
       8.5  0.97752955  0.04301925i: elastic S-matrix  @@      0.00  0   0 F  0
 Reaction Xsec     8.5+/ 8 @ 1 =   7.876 , Out:   0.000#   0.271    7.605f


 Total SPIN, PARITY =     8.5 -,      6 chs,      6 cc.  Rmin & Coul turning =    0.4    7.0
   S-matrix    1 =    0.99329   0.01277 for L=    9, J=    8.5 channel on core I =   0.0 from L=    9,  Acc. loss =  0.0 D.
 Elastic phase shift   1 =    0.368   0.190 deg. for the L =    9, J =    8.5 channel.
       8.5  0.99329439  0.01276744i: elastic S-matrix  @@      0.00  0   0 F  0
 Reaction Xsec     8.5-/ 9 @ 1 =   2.442 , Out:   0.000#   0.034    2.408f


 Total SPIN, PARITY =     9.5 +,      6 chs,      6 cc.  Rmin & Coul turning =    0.4    7.8
   S-matrix    1 =    0.99789   0.00480 for L=   10, J=    9.5 channel on core I =   0.0 from L=   10,  Acc. loss =  0.0 D.
 Elastic phase shift   1 =    0.138   0.060 deg. for the L =   10, J =    9.5 channel.
       9.5  0.99788722  0.00479521i: elastic S-matrix  @@      0.00  0   0 F  0
 Reaction Xsec     9.5+/10 @ 1 =   0.863 , Out:   0.000#   4.005/   0.859f


 Total SPIN, PARITY =     9.5 -,      6 chs,      6 cc.  Rmin & Coul turning =    0.4    7.8
   S-matrix    1 =    0.99314   0.01648 for L=    9, J=    9.5 channel on core I =   0.0 from L=    9,  Acc. loss =  0.0 D.
 Elastic phase shift   1 =    0.475   0.193 deg. for the L =    9, J =    9.5 channel.
       9.5  0.99314130  0.01648070i: elastic S-matrix  @@      0.00  0   0 F  0
 Reaction Xsec     9.5-/ 9 @ 1 =   2.753 , Out:   0.000#   0.040    2.713f


 Total SPIN, PARITY =    10.5 +,      6 chs,      6 cc.  Rmin & Coul turning =    0.5    8.7
   S-matrix    1 =    0.99787   0.00617 for L=   10, J=   10.5 channel on core I =   0.0 from L=   10,  Acc. loss =  0.0 D.
 Elastic phase shift   1 =    0.177   0.061 deg. for the L =   10, J =   10.5 channel.
      10.5  0.99786578  0.00617447i: elastic S-matrix  @@      0.00  0   0 F  0
 Reaction Xsec    10.5+/10 @ 1 =   0.955 , Out:   0.000#   4.523/   0.951f


 Total SPIN, PARITY =    10.5 -,      6 chs,      6 cc.  Rmin & Coul turning =    0.5    8.7
   S-matrix    1 =    0.99933   0.00178 for L=   11, J=   10.5 channel on core I =   0.0 from L=   11,  Acc. loss =  0.0 D.
 Elastic phase shift   1 =    0.051   0.019 deg. for the L =   11, J =   10.5 channel.
      10.5  0.99932903  0.00178222i: elastic S-matrix  @@      0.00  0   0 F  0
 Reaction Xsec    10.5-/11 @ 1 =   0.302 , Out:   0.000#   0.367/   0.302f


 Total SPIN, PARITY =    11.5 +,      6 chs,      6 cc.  Rmin & Coul turning =    0.5    9.5
   S-matrix    1 =    0.99979   0.00066 for L=   12, J=   11.5 channel on core I =   0.0 from L=   12,  Acc. loss =  0.0 D.
 Elastic phase shift   1 =    0.019   0.006 deg. for the L =   12, J =   11.5 channel.
      11.5  0.99978593  0.00065926i: elastic S-matrix  @@      0.00  0   0 F  0
 Reaction Xsec    11.5+/12 @ 1 =   0.105 , Out:   0.000#   0.129/   0.105f


 Total SPIN, PARITY =    11.5 -,      6 chs,      6 cc.  Rmin & Coul turning =    0.5    9.5
   S-matrix    1 =    0.99933   0.00229 for L=   11, J=   11.5 channel on core I =   0.0 from L=   11,  Acc. loss =  0.0 D.
 Elastic phase shift   1 =    0.066   0.019 deg. for the L =   11, J =   11.5 channel.
      11.5  0.99932605  0.00229434i: elastic S-matrix  @@      0.00  0   0 F  0
 Reaction Xsec    11.5-/11 @ 1 =   0.331 , Out:   0.000#   0.406/   0.331f


 Total SPIN, PARITY =    12.5 +,      6 chs,      6 cc.  Rmin & Coul turning =    0.6   10.3
   S-matrix    1 =    0.99979   0.00085 for L=   12, J=   12.5 channel on core I =   0.0 from L=   12,  Acc. loss =  0.0 D.
 Elastic phase shift   1 =    0.024   0.006 deg. for the L =   12, J =   12.5 channel.
      12.5  0.99978552  0.00084921i: elastic S-matrix  @@      0.00  0   0 F  0
 Reaction Xsec    12.5+/12 @ 1 =   0.114 , Out:   0.000#   0.140/   0.114f


 Total SPIN, PARITY =    12.5 -,      6 chs,      6 cc.  Rmin & Coul turning =    0.6   10.3
   S-matrix    1 =    0.99993   0.00024 for L=   13, J=   12.5 channel on core I =   0.0 from L=   13,  Acc. loss =  0.0 D.
 Elastic phase shift   1 =    0.007   0.002 deg. for the L =   13, J =   12.5 channel.
      12.5  0.99993148  0.00024316i: elastic S-matrix  @@      0.00  0   0 F  0
 Reaction Xsec    12.5-/13 @ 1 =   0.037 , Out:   0.000#   0.170/   0.036f


 Total SPIN, PARITY =    13.5 +,      6 chs,      6 cc.  Rmin & Coul turning =    0.6   11.1
   S-matrix    1 =    0.99998   0.00009 for L=   14, J=   13.5 channel on core I =   0.0 from L=   14,  Acc. loss =  0.0 D.
 Elastic phase shift   1 =    0.003   0.001 deg. for the L =   14, J =   13.5 channel.
      13.5  0.99997796  0.00008949i: elastic S-matrix  @@      0.00  0   0 F  0
 Reaction Xsec    13.5+/14 @ 1 =   0.013 , Out:   0.000#   0.180/   0.013f


 Total SPIN, PARITY =    13.5 -,      6 chs,      6 cc.  Rmin & Coul turning =    0.6   11.1
   S-matrix    1 =    0.99993   0.00031 for L=   13, J=   13.5 channel on core I =   0.0 from L=   13,  Acc. loss =  0.0 D.
 Elastic phase shift   1 =    0.009   0.002 deg. for the L =   13, J =   13.5 channel.
      13.5  0.99993143  0.00031349i: elastic S-matrix  @@      0.00  0   0 F  0
 Reaction Xsec    13.5-/13 @ 1 =   0.039 , Out:   0.000#   0.183/   0.039f


 Total SPIN, PARITY =    14.5 +,      6 chs,      6 cc.  Rmin & Coul turning =    0.7   11.9
   S-matrix    1 =    0.99998   0.00012 for L=   14, J=   14.5 channel on core I =   0.0 from L=   14,  Acc. loss =  0.0 D.
 Elastic phase shift   1 =    0.003   0.001 deg. for the L =   14, J =   14.5 channel.
      14.5  0.99997795  0.00011547i: elastic S-matrix  @@      0.00  0   0 F  0
 Reaction Xsec    14.5+/14 @ 1 =   0.014 , Out:   0.000#   0.192/   0.013f


 Total SPIN, PARITY =    14.5 -,      6 chs,      6 cc.  Rmin & Coul turning =    0.7   11.9
   S-matrix    1 =    0.99999   0.00003 for L=   15, J=   14.5 channel on core I =   0.0 from L=   15,  Acc. loss =  0.0 D.
 Elastic phase shift   1 =    0.001   0.000 deg. for the L =   15, J =   14.5 channel.
      14.5  0.99999282  0.00003288i: elastic S-matrix  @@      0.00  0   0 F  0
 Reaction Xsec    14.5-/15 @ 1 =   4.428/, Out:   0.000#   0.166/   0.004f


 Total SPIN, PARITY =    15.5 +,      6 chs,      6 cc.  Rmin & Coul turning =    0.7   12.7
   S-matrix    1 =    1.00000   0.00001 for L=   16, J=   15.5 channel on core I =   0.0 from L=   16,  Acc. loss =  0.0 D.
 Elastic phase shift   1 =    0.000   0.000 deg. for the L =   16, J =   15.5 channel.
      15.5  0.99999758  0.00001206i: elastic S-matrix  @@      0.00  0   0 F  0
 Reaction Xsec    15.5+/16 @ 1 =   1.589/, Out:   0.000#   0.145/   0.001f


 Total SPIN, PARITY =    15.5 -,      6 chs,      6 cc.  Rmin & Coul turning =    0.7   12.7
   S-matrix    1 =    0.99999   0.00004 for L=   15, J=   15.5 channel on core I =   0.0 from L=   15,  Acc. loss =  0.0 D.
 Elastic phase shift   1 =    0.001   0.000 deg. for the L =   15, J =   15.5 channel.
      15.5  0.99999282  0.00004245i: elastic S-matrix  @@      0.00  0   0 F  0
 Reaction Xsec    15.5-/15 @ 1 =   4.724/, Out:   0.000#   0.177/   0.005f


 Total SPIN, PARITY =    16.5 +,      6 chs,      6 cc.  Rmin & Coul turning =    0.8   13.5
   S-matrix    1 =    1.00000   0.00002 for L=   16, J=   16.5 channel on core I =   0.0 from L=   16,  Acc. loss =  0.0 D.
 Elastic phase shift   1 =    0.000   0.000 deg. for the L =   16, J =   16.5 channel.
      16.5  0.99999758  0.00001558i: elastic S-matrix  @@      0.00  0   0 F  0
 Reaction Xsec    16.5+/16 @ 1 =   1.689/, Out:   0.000#   0.154/   0.002f


 Total SPIN, PARITY =    16.5 -,      6 chs,      6 cc.  Rmin & Coul turning =    0.8   13.5
   S-matrix    1 =    1.00000   0.00000 for L=   17, J=   16.5 channel on core I =   0.0 from L=   17,  Acc. loss =  0.0 D.
 Elastic phase shift   1 =    0.000   0.000 deg. for the L =   17, J =   16.5 channel.
      16.5  0.99999912  0.00000442i: elastic S-matrix  @@      0.00  0   0 F  0
 Reaction Xsec    16.5-/17 @ 1 =   0.612/, Out:   0.000#   0.125/   0.000f


 Total SPIN, PARITY =    17.5 +,      6 chs,      6 cc.  Rmin & Coul turning =    0.8   14.3
   S-matrix    1 =    1.00000   0.00000 for L=   18, J=   17.5 channel on core I =   0.0 from L=   18,  Acc. loss =  0.0 D.
 Elastic phase shift   1 =    0.000   0.000 deg. for the L =   18, J =   17.5 channel.
      17.5  0.99999963  0.00000162i: elastic S-matrix  @@      0.00  0   0 F  0
 Reaction Xsec    17.5+/18 @ 1 =   0.270/, Out:   0.000#   0.107/   0.000f


 Total SPIN, PARITY =    17.5 -,      6 chs,      6 cc.  Rmin & Coul turning =    0.8   14.3
   S-matrix    1 =    1.00000   0.00001 for L=   17, J=   17.5 channel on core I =   0.0 from L=   17,  Acc. loss =  0.0 D.
 Elastic phase shift   1 =    0.000   0.000 deg. for the L =   17, J =   17.5 channel.
      17.5  0.99999912  0.00000572i: elastic S-matrix  @@      0.00  0   0 F  0
 Reaction Xsec    17.5-/17 @ 1 =   0.648/, Out:   0.000#   0.132/   0.001f

 Finished all CC sets @    8.46460015E-02
0CUMULATIVE REACTION cross section                 =  800.94988  <L> =     4.13  <L**2> =     20.5
0CUMULATIVE outgoing cross sections in partition 1 :    0.00000   41.85442
0Cumulative ABSORBTION by Imaginary Potentials     =  759.09546  <L> =     4.13  <L**2> =     20.5
   Fusion for specific p        M-states :  759.095456  759.095456
0CUMULATIVE OUTGOING cross section                 =   41.85442
 To convert to S-factors (MeV.mb = keV.b),  multiply by  1.2763E+02


 CROSS SECTIONS FOR OUTGOING p        & O20      in state #   1 with spins & parities 0.5  + &  0.0  +;  0

     3.00 deg.: X-S =   1.2967E+05 mb/sr,
+                                         /R =   8.1512E-01
     4.00 deg.: X-S =   3.7203E+04 mb/sr,
+                                         /R =   7.3883E-01
     5.00 deg.: X-S =   1.4383E+04 mb/sr,
+                                         /R =   6.9705E-01
     6.00 deg.: X-S =  7115.212955 mb/sr,
+                                         /R =   7.1463E-01
     7.00 deg.: X-S =  4382.290220 mb/sr,
+                                         /R =   8.1488E-01
     8.00 deg.: X-S =  3211.481450 mb/sr,
+                                         /R =   1.0180E+00
     9.00 deg.: X-S =  2640.089944 mb/sr,
+                                         /R =   1.3393E+00
    10.00 deg.: X-S =  2314.906994 mb/sr,
+                                         /R =   1.7882E+00
    11.00 deg.: X-S =  2094.730492 mb/sr,
+                                         /R =   2.3665E+00
    12.00 deg.: X-S =  1919.962137 mb/sr,
+                                         /R =   3.0685E+00
    13.00 deg.: X-S =  1764.877230 mb/sr,
+                                         /R =   3.8801E+00
    14.00 deg.: X-S =  1618.602434 mb/sr,
+                                         /R =   4.7798E+00
    15.00 deg.: X-S =  1477.005678 mb/sr,
+                                         /R =   5.7394E+00
    16.00 deg.: X-S =  1339.046934 mb/sr,
+                                         /R =   6.7253E+00
    17.00 deg.: X-S =  1205.064765 mb/sr,
+                                         /R =   7.7004E+00
    18.00 deg.: X-S =  1075.945857 mb/sr,
+                                         /R =   8.6261E+00
    19.00 deg.: X-S =   952.714854 mb/sr,
+                                         /R =   9.4644E+00
    20.00 deg.: X-S =   836.331928 mb/sr,
+                                         /R =   1.0180E+01
    21.00 deg.: X-S =   727.596573 mb/sr,
+                                         /R =   1.0743E+01
    22.00 deg.: X-S =   627.107457 mb/sr,
+                                         /R =   1.1128E+01
    23.00 deg.: X-S =   535.252720 mb/sr,
+                                         /R =   1.1321E+01
    24.00 deg.: X-S =   452.217178 mb/sr,
+                                         /R =   1.1312E+01
    25.00 deg.: X-S =   377.998985 mb/sr,
+                                         /R =   1.1105E+01
    26.00 deg.: X-S =   312.431459 mb/sr,
+                                         /R =   1.0710E+01
    27.00 deg.: X-S =   255.207483 mb/sr,
+                                         /R =   1.0147E+01
    28.00 deg.: X-S =   205.904779 mb/sr,
+                                         /R =   9.4419E+00
    29.00 deg.: X-S =   164.010919 mb/sr,
+                                         /R =   8.6291E+00
    30.00 deg.: X-S =   128.947267 mb/sr,
+                                         /R =   7.7462E+00
    31.00 deg.: X-S =   100.091278 mb/sr,
+                                         /R =   6.8341E+00
    32.00 deg.: X-S =    76.796738 mb/sr,
+                                         /R =   5.9345E+00
    33.00 deg.: X-S =    58.411692 mb/sr,
+                                         /R =   5.0881E+00
    34.00 deg.: X-S =    44.293888 mb/sr,
+                                         /R =   4.3329E+00
    35.00 deg.: X-S =    33.823699 mb/sr,
+                                         /R =   3.7024E+00
    36.00 deg.: X-S =    26.414536 mb/sr,
+                                         /R =   3.2245E+00
    37.00 deg.: X-S =    21.520852 mb/sr,
+                                         /R =   2.9205E+00
    38.00 deg.: X-S =    18.643891 mb/sr,
+                                         /R =   2.8041E+00
    39.00 deg.: X-S =    17.335364 mb/sr,
+                                         /R =   2.8814E+00
    40.00 deg.: X-S =    17.199289 mb/sr,
+                                         /R =   3.1507E+00
    41.00 deg.: X-S =    17.892222 mb/sr,
+                                         /R =   3.6029E+00
    42.00 deg.: X-S =    19.122134 mb/sr,
+                                         /R =   4.2223E+00
    43.00 deg.: X-S =    20.646183 mb/sr,
+                                         /R =   4.9869E+00
    44.00 deg.: X-S =    22.267623 mb/sr,
+                                         /R =   5.8704E+00
    45.00 deg.: X-S =    23.832069 mb/sr,
+                                         /R =   6.8425E+00
    46.00 deg.: X-S =    25.223328 mb/sr,
+                                         /R =   7.8706E+00
    47.00 deg.: X-S =    26.358984 mb/sr,
+                                         /R =   8.9211E+00
    48.00 deg.: X-S =    27.185899 mb/sr,
+                                         /R =   9.9607E+00
    49.00 deg.: X-S =    27.675758 mb/sr,
+                                         /R =   1.0957E+01
    50.00 deg.: X-S =    27.820773 mb/sr,
+                                         /R =   1.1881E+01
    51.00 deg.: X-S =    27.629646 mb/sr,
+                                         /R =   1.2706E+01
    52.00 deg.: X-S =    27.123832 mb/sr,
+                                         /R =   1.3409E+01
    53.00 deg.: X-S =    26.334172 mb/sr,
+                                         /R =   1.3974E+01
    54.00 deg.: X-S =    25.297906 mb/sr,
+                                         /R =   1.4387E+01
    55.00 deg.: X-S =    24.056087 mb/sr,
+                                         /R =   1.4640E+01
    56.00 deg.: X-S =    22.651387 mb/sr,
+                                         /R =   1.4731E+01
    57.00 deg.: X-S =    21.126291 mb/sr,
+                                         /R =   1.4661E+01
    58.00 deg.: X-S =    19.521647 mb/sr,
+                                         /R =   1.4438E+01
    59.00 deg.: X-S =    17.875555 mb/sr,
+                                         /R =   1.4070E+01
    60.00 deg.: X-S =    16.222559 mb/sr,
+                                         /R =   1.3573E+01
    61.00 deg.: X-S =    14.593105 mb/sr,
+                                         /R =   1.2963E+01
    62.00 deg.: X-S =    13.013234 mb/sr,
+                                         /R =   1.2258E+01
    63.00 deg.: X-S =    11.504474 mb/sr,
+                                         /R =   1.1479E+01
    64.00 deg.: X-S =    10.083887 mb/sr,
+                                         /R =   1.0645E+01
    65.00 deg.: X-S =     8.764261 mb/sr,
+                                         /R =   9.7785E+00
    66.00 deg.: X-S =     7.554386 mb/sr,
+                                         /R =   8.8987E+00
    67.00 deg.: X-S =     6.459416 mb/sr,
+                                         /R =   8.0250E+00
    68.00 deg.: X-S =     5.481268 mb/sr,
+                                         /R =   7.1750E+00
    69.00 deg.: X-S =     4.619059 mb/sr,
+                                         /R =   6.3644E+00
    70.00 deg.: X-S =     3.869542 mb/sr,
+                                         /R =   5.6068E+00
    71.00 deg.: X-S =     3.227547 mb/sr,
+                                         /R =   4.9134E+00
    72.00 deg.: X-S =     2.686393 mb/sr,
+                                         /R =   4.2928E+00
    73.00 deg.: X-S =     2.238285 mb/sr,
+                                         /R =   3.7511E+00
    74.00 deg.: X-S =     1.874667 mb/sr,
+                                         /R =   3.2921E+00
    75.00 deg.: X-S =     1.586549 mb/sr,
+                                         /R =   2.9170E+00
    76.00 deg.: X-S =     1.364782 mb/sr,
+                                         /R =   2.6250E+00
    77.00 deg.: X-S =     1.200299 mb/sr,
+                                         /R =   2.4131E+00
    78.00 deg.: X-S =     1.084317 mb/sr,
+                                         /R =   2.2769E+00
    79.00 deg.: X-S =     1.008494 mb/sr,
+                                         /R =   2.2101E+00
    80.00 deg.: X-S =     0.965050 mb/sr,
+                                         /R =   2.2055E+00
    81.00 deg.: X-S =     0.946864 mb/sr,
+                                         /R =   2.2551E+00
    82.00 deg.: X-S =     0.947523 mb/sr,
+                                         /R =   2.3499E+00
    83.00 deg.: X-S =     0.961360 mb/sr,
+                                         /R =   2.4811E+00
    84.00 deg.: X-S =     0.983462 mb/sr,
+                                         /R =   2.6393E+00
    85.00 deg.: X-S =     1.009657 mb/sr,
+                                         /R =   2.8158E+00
    86.00 deg.: X-S =     1.036487 mb/sr,
+                                         /R =   3.0019E+00
    87.00 deg.: X-S =     1.061170 mb/sr,
+                                         /R =   3.1895E+00
    88.00 deg.: X-S =     1.081548 mb/sr,
+                                         /R =   3.3715E+00
    89.00 deg.: X-S =     1.096031 mb/sr,
+                                         /R =   3.5413E+00
    90.00 deg.: X-S =     1.103540 mb/sr,
+                                         /R =   3.6933E+00
    91.00 deg.: X-S =     1.103440 mb/sr,
+                                         /R =   3.8230E+00
    92.00 deg.: X-S =     1.095477 mb/sr,
+                                         /R =   3.9267E+00
    93.00 deg.: X-S =     1.079720 mb/sr,
+                                         /R =   4.0018E+00
    94.00 deg.: X-S =     1.056501 mb/sr,
+                                         /R =   4.0464E+00
    95.00 deg.: X-S =     1.026359 mb/sr,
+                                         /R =   4.0599E+00
    96.00 deg.: X-S =     0.989987 mb/sr,
+                                         /R =   4.0422E+00
    97.00 deg.: X-S =     0.948192 mb/sr,
+                                         /R =   3.9940E+00
    98.00 deg.: X-S =     0.901848 mb/sr,
+                                         /R =   3.9169E+00
    99.00 deg.: X-S =     0.851865 mb/sr,
+                                         /R =   3.8128E+00
   100.00 deg.: X-S =     0.799155 mb/sr,
+                                         /R =   3.6842E+00
   101.00 deg.: X-S =     0.744610 mb/sr,
+                                         /R =   3.5338E+00
   102.00 deg.: X-S =     0.689078 mb/sr,
+                                         /R =   3.3649E+00
   103.00 deg.: X-S =     0.633351 mb/sr,
+                                         /R =   3.1806E+00
   104.00 deg.: X-S =     0.578149 mb/sr,
+                                         /R =   2.9844E+00
   105.00 deg.: X-S =     0.524114 mb/sr,
+                                         /R =   2.7796E+00
   106.00 deg.: X-S =     0.471807 mb/sr,
+                                         /R =   2.5695E+00
   107.00 deg.: X-S =     0.421701 mb/sr,
+                                         /R =   2.3573E+00
   108.00 deg.: X-S =     0.374186 mb/sr,
+                                         /R =   2.1459E+00
   109.00 deg.: X-S =     0.329567 mb/sr,
+                                         /R =   1.9381E+00
   110.00 deg.: X-S =     0.288071 mb/sr,
+                                         /R =   1.7364E+00
   111.00 deg.: X-S =     0.249854 mb/sr,
+                                         /R =   1.5430E+00
   112.00 deg.: X-S =     0.215000 mb/sr,
+                                         /R =   1.3597E+00
   113.00 deg.: X-S =     0.183536 mb/sr,
+                                         /R =   1.1881E+00
   114.00 deg.: X-S =     0.155434 mb/sr,
+                                         /R =   1.0294E+00
   115.00 deg.: X-S =     0.130618 mb/sr,
+                                         /R =   8.8473E-01
   116.00 deg.: X-S =     0.108974 mb/sr,
+                                         /R =   7.5456E-01
   117.00 deg.: X-S =     0.090355 mb/sr,
+                                         /R =   6.3930E-01
   118.00 deg.: X-S =     0.074588 mb/sr,
+                                         /R =   5.3904E-01
   119.00 deg.: X-S =     0.061480 mb/sr,
+                                         /R =   4.5364E-01
   120.00 deg.: X-S =     0.050825 mb/sr,
+                                         /R =   3.8273E-01
   121.00 deg.: X-S =     0.042405 mb/sr,
+                                         /R =   3.2576E-01
   122.00 deg.: X-S =     0.036000 mb/sr,
+                                         /R =   2.8202E-01
   123.00 deg.: X-S =     0.031388 mb/sr,
+                                         /R =   2.5064E-01
   124.00 deg.: X-S =     0.028349 mb/sr,
+                                         /R =   2.3066E-01
   125.00 deg.: X-S =     0.026670 mb/sr,
+                                         /R =   2.2102E-01
   126.00 deg.: X-S =     0.026144 mb/sr,
+                                         /R =   2.2059E-01
   127.00 deg.: X-S =     0.026577 mb/sr,
+                                         /R =   2.2822E-01
   128.00 deg.: X-S =     0.027783 mb/sr,
+                                         /R =   2.4272E-01
   129.00 deg.: X-S =     0.029590 mb/sr,
+                                         /R =   2.6290E-01
   130.00 deg.: X-S =     0.031839 mb/sr,
+                                         /R =   2.8758E-01
   131.00 deg.: X-S =     0.034386 mb/sr,
+                                         /R =   3.1562E-01
   132.00 deg.: X-S =     0.037099 mb/sr,
+                                         /R =   3.4592E-01
   133.00 deg.: X-S =     0.039862 mb/sr,
+                                         /R =   3.7744E-01
   134.00 deg.: X-S =     0.042573 mb/sr,
+                                         /R =   4.0919E-01
   135.00 deg.: X-S =     0.045142 mb/sr,
+                                         /R =   4.4028E-01
   136.00 deg.: X-S =     0.047494 mb/sr,
+                                         /R =   4.6989E-01
   137.00 deg.: X-S =     0.049568 mb/sr,
+                                         /R =   4.9729E-01
   138.00 deg.: X-S =     0.051314 mb/sr,
+                                         /R =   5.2183E-01
   139.00 deg.: X-S =     0.052693 mb/sr,
+                                         /R =   5.4299E-01
   140.00 deg.: X-S =     0.053680 mb/sr,
+                                         /R =   5.6033E-01
   141.00 deg.: X-S =     0.054258 mb/sr,
+                                         /R =   5.7351E-01
   142.00 deg.: X-S =     0.054422 mb/sr,
+                                         /R =   5.8230E-01
   143.00 deg.: X-S =     0.054176 mb/sr,
+                                         /R =   5.8657E-01
   144.00 deg.: X-S =     0.053530 mb/sr,
+                                         /R =   5.8629E-01
   145.00 deg.: X-S =     0.052503 mb/sr,
+                                         /R =   5.8151E-01
   146.00 deg.: X-S =     0.051123 mb/sr,
+                                         /R =   5.7239E-01
   147.00 deg.: X-S =     0.049419 mb/sr,
+                                         /R =   5.5915E-01
   148.00 deg.: X-S =     0.047428 mb/sr,
+                                         /R =   5.4212E-01
   149.00 deg.: X-S =     0.045191 mb/sr,
+                                         /R =   5.2166E-01
   150.00 deg.: X-S =     0.042751 mb/sr,
+                                         /R =   4.9821E-01
   151.00 deg.: X-S =     0.040153 mb/sr,
+                                         /R =   4.7225E-01
   152.00 deg.: X-S =     0.037442 mb/sr,
+                                         /R =   4.4429E-01
   153.00 deg.: X-S =     0.034665 mb/sr,
+                                         /R =   4.1487E-01
   154.00 deg.: X-S =     0.031867 mb/sr,
+                                         /R =   3.8453E-01
   155.00 deg.: X-S =     0.029091 mb/sr,
+                                         /R =   3.5382E-01
   156.00 deg.: X-S =     0.026378 mb/sr,
+                                         /R =   3.2326E-01
   157.00 deg.: X-S =     0.023765 mb/sr,
+                                         /R =   2.9336E-01
   158.00 deg.: X-S =     0.021285 mb/sr,
+                                         /R =   2.6458E-01
   159.00 deg.: X-S =     0.018968 mb/sr,
+                                         /R =   2.3734E-01
   160.00 deg.: X-S =     0.016836 mb/sr,
+                                         /R =   2.1200E-01
   161.00 deg.: X-S =     0.014909 mb/sr,
+                                         /R =   1.8886E-01
   162.00 deg.: X-S =     0.013198 mb/sr,
+                                         /R =   1.6815E-01
   163.00 deg.: X-S =     0.011712 mb/sr,
+                                         /R =   1.5002E-01
   164.00 deg.: X-S =     0.010453 mb/sr,
+                                         /R =   1.3456E-01
   165.00 deg.: X-S =     0.009416 mb/sr,
+                                         /R =   1.2179E-01
   166.00 deg.: X-S =     0.008593 mb/sr,
+                                         /R =   1.1164E-01
   167.00 deg.: X-S =     0.007971 mb/sr,
+                                         /R =   1.0400E-01
   168.00 deg.: X-S =     0.007534 mb/sr,
+                                         /R =   9.8670E-02
   169.00 deg.: X-S =     0.007261 mb/sr,
+                                         /R =   9.5428E-02
   170.00 deg.: X-S =     0.007129 mb/sr,
+                                         /R =   9.3996E-02
   171.00 deg.: X-S =     0.007114 mb/sr,
+                                         /R =   9.4067E-02
   172.00 deg.: X-S =     0.007190 mb/sr,
+                                         /R =   9.5317E-02
   173.00 deg.: X-S =     0.007331 mb/sr,
+                                         /R =   9.7412E-02
   174.00 deg.: X-S =     0.007513 mb/sr,
+                                         /R =   1.0002E-01
   175.00 deg.: X-S =     0.007711 mb/sr,
+                                         /R =   1.0284E-01
   176.00 deg.: X-S =     0.007905 mb/sr,
+                                         /R =   1.0557E-01
   177.00 deg.: X-S =     0.008076 mb/sr,
+                                         /R =   1.0797E-01
   178.00 deg.: X-S =     0.008209 mb/sr,
+                                         /R =   1.0984E-01
   179.00 deg.: X-S =     0.008294 mb/sr,
+                                         /R =   1.1102E-01
   179.99 deg.: X-S =     0.008323 mb/sr,
+                                         /R =   1.1142E-01
                                           Integrated 2088.5497 mb, over [   3.000, 180.000] at    35.0000 MeV 

 CROSS SECTIONS FOR OUTGOING p        & O20      in state #   2 with spins & parities 0.5  + &  2.0  +;  0

     3.00 deg.: X-S =    30.002821 mb/sr,
+                                         REAC   4.1854E+01 mb
     4.00 deg.: X-S =    29.338724 mb/sr,
     5.00 deg.: X-S =    28.526422 mb/sr,
     6.00 deg.: X-S =    27.594836 mb/sr,
     7.00 deg.: X-S =    26.576890 mb/sr,
     8.00 deg.: X-S =    25.508141 mb/sr,
     9.00 deg.: X-S =    24.425260 mb/sr,
    10.00 deg.: X-S =    23.364404 mb/sr,
    11.00 deg.: X-S =    22.359571 mb/sr,
    12.00 deg.: X-S =    21.441004 mb/sr,
    13.00 deg.: X-S =    20.633748 mb/sr,
    14.00 deg.: X-S =    19.956450 mb/sr,
    15.00 deg.: X-S =    19.420484 mb/sr,
    16.00 deg.: X-S =    19.029479 mb/sr,
    17.00 deg.: X-S =    18.779291 mb/sr,
    18.00 deg.: X-S =    18.658421 mb/sr,
    19.00 deg.: X-S =    18.648874 mb/sr,
    20.00 deg.: X-S =    18.727372 mb/sr,
    21.00 deg.: X-S =    18.866850 mb/sr,
    22.00 deg.: X-S =    19.038109 mb/sr,
    23.00 deg.: X-S =    19.211496 mb/sr,
    24.00 deg.: X-S =    19.358510 mb/sr,
    25.00 deg.: X-S =    19.453204 mb/sr,
    26.00 deg.: X-S =    19.473322 mb/sr,
    27.00 deg.: X-S =    19.401115 mb/sr,
    28.00 deg.: X-S =    19.223820 mb/sr,
    29.00 deg.: X-S =    18.933826 mb/sr,
    30.00 deg.: X-S =    18.528547 mb/sr,
    31.00 deg.: X-S =    18.010084 mb/sr,
    32.00 deg.: X-S =    17.384706 mb/sr,
    33.00 deg.: X-S =    16.662234 mb/sr,
    34.00 deg.: X-S =    15.855367 mb/sr,
    35.00 deg.: X-S =    14.978997 mb/sr,
    36.00 deg.: X-S =    14.049546 mb/sr,
    37.00 deg.: X-S =    13.084328 mb/sr,
    38.00 deg.: X-S =    12.100965 mb/sr,
    39.00 deg.: X-S =    11.116849 mb/sr,
    40.00 deg.: X-S =    10.148653 mb/sr,
    41.00 deg.: X-S =     9.211888 mb/sr,
    42.00 deg.: X-S =     8.320516 mb/sr,
    43.00 deg.: X-S =     7.486621 mb/sr,
    44.00 deg.: X-S =     6.720134 mb/sr,
    45.00 deg.: X-S =     6.028640 mb/sr,
    46.00 deg.: X-S =     5.417259 mb/sr,
    47.00 deg.: X-S =     4.888621 mb/sr,
    48.00 deg.: X-S =     4.442924 mb/sr,
    49.00 deg.: X-S =     4.078084 mb/sr,
    50.00 deg.: X-S =     3.789976 mb/sr,
    51.00 deg.: X-S =     3.572730 mb/sr,
    52.00 deg.: X-S =     3.419090 mb/sr,
    53.00 deg.: X-S =     3.320797 mb/sr,
    54.00 deg.: X-S =     3.268979 mb/sr,
    55.00 deg.: X-S =     3.254530 mb/sr,
    56.00 deg.: X-S =     3.268447 mb/sr,
    57.00 deg.: X-S =     3.302121 mb/sr,
    58.00 deg.: X-S =     3.347570 mb/sr,
    59.00 deg.: X-S =     3.397607 mb/sr,
    60.00 deg.: X-S =     3.445945 mb/sr,
    61.00 deg.: X-S =     3.487260 mb/sr,
    62.00 deg.: X-S =     3.517192 mb/sr,
    63.00 deg.: X-S =     3.532331 mb/sr,
    64.00 deg.: X-S =     3.530168 mb/sr,
    65.00 deg.: X-S =     3.509034 mb/sr,
    66.00 deg.: X-S =     3.468031 mb/sr,
    67.00 deg.: X-S =     3.406964 mb/sr,
    68.00 deg.: X-S =     3.326266 mb/sr,
    69.00 deg.: X-S =     3.226925 mb/sr,
    70.00 deg.: X-S =     3.110411 mb/sr,
    71.00 deg.: X-S =     2.978596 mb/sr,
    72.00 deg.: X-S =     2.833679 mb/sr,
    73.00 deg.: X-S =     2.678100 mb/sr,
    74.00 deg.: X-S =     2.514455 mb/sr,
    75.00 deg.: X-S =     2.345412 mb/sr,
    76.00 deg.: X-S =     2.173622 mb/sr,
    77.00 deg.: X-S =     2.001642 mb/sr,
    78.00 deg.: X-S =     1.831861 mb/sr,
    79.00 deg.: X-S =     1.666442 mb/sr,
    80.00 deg.: X-S =     1.507271 mb/sr,
    81.00 deg.: X-S =     1.355930 mb/sr,
    82.00 deg.: X-S =     1.213683 mb/sr,
    83.00 deg.: X-S =     1.081474 mb/sr,
    84.00 deg.: X-S =     0.959938 mb/sr,
    85.00 deg.: X-S =     0.849434 mb/sr,
    86.00 deg.: X-S =     0.750063 mb/sr,
    87.00 deg.: X-S =     0.661712 mb/sr,
    88.00 deg.: X-S =     0.584084 mb/sr,
    89.00 deg.: X-S =     0.516731 mb/sr,
    90.00 deg.: X-S =     0.459086 mb/sr,
    91.00 deg.: X-S =     0.410489 mb/sr,
    92.00 deg.: X-S =     0.370209 mb/sr,
    93.00 deg.: X-S =     0.337467 mb/sr,
    94.00 deg.: X-S =     0.311452 mb/sr,
    95.00 deg.: X-S =     0.291336 mb/sr,
    96.00 deg.: X-S =     0.276295 mb/sr,
    97.00 deg.: X-S =     0.265515 mb/sr,
    98.00 deg.: X-S =     0.258212 mb/sr,
    99.00 deg.: X-S =     0.253643 mb/sr,
   100.00 deg.: X-S =     0.251117 mb/sr,
   101.00 deg.: X-S =     0.250007 mb/sr,
   102.00 deg.: X-S =     0.249756 mb/sr,
   103.00 deg.: X-S =     0.249882 mb/sr,
   104.00 deg.: X-S =     0.249985 mb/sr,
   105.00 deg.: X-S =     0.249742 mb/sr,
   106.00 deg.: X-S =     0.248907 mb/sr,
   107.00 deg.: X-S =     0.247300 mb/sr,
   108.00 deg.: X-S =     0.244805 mb/sr,
   109.00 deg.: X-S =     0.241357 mb/sr,
   110.00 deg.: X-S =     0.236936 mb/sr,
   111.00 deg.: X-S =     0.231553 mb/sr,
   112.00 deg.: X-S =     0.225250 mb/sr,
   113.00 deg.: X-S =     0.218087 mb/sr,
   114.00 deg.: X-S =     0.210144 mb/sr,
   115.00 deg.: X-S =     0.201512 mb/sr,
   116.00 deg.: X-S =     0.192294 mb/sr,
   117.00 deg.: X-S =     0.182604 mb/sr,
   118.00 deg.: X-S =     0.172559 mb/sr,
   119.00 deg.: X-S =     0.162285 mb/sr,
   120.00 deg.: X-S =     0.151904 mb/sr,
   121.00 deg.: X-S =     0.141540 mb/sr,
   122.00 deg.: X-S =     0.131312 mb/sr,
   123.00 deg.: X-S =     0.121327 mb/sr,
   124.00 deg.: X-S =     0.111684 mb/sr,
   125.00 deg.: X-S =     0.102468 mb/sr,
   126.00 deg.: X-S =     0.093745 mb/sr,
   127.00 deg.: X-S =     0.085569 mb/sr,
   128.00 deg.: X-S =     0.077975 mb/sr,
   129.00 deg.: X-S =     0.070981 mb/sr,
   130.00 deg.: X-S =     0.064594 mb/sr,
   131.00 deg.: X-S =     0.058806 mb/sr,
   132.00 deg.: X-S =     0.053602 mb/sr,
   133.00 deg.: X-S =     0.048958 mb/sr,
   134.00 deg.: X-S =     0.044848 mb/sr,
   135.00 deg.: X-S =     0.041243 mb/sr,
   136.00 deg.: X-S =     0.038112 mb/sr,
   137.00 deg.: X-S =     0.035427 mb/sr,
   138.00 deg.: X-S =     0.033155 mb/sr,
   139.00 deg.: X-S =     0.031266 mb/sr,
   140.00 deg.: X-S =     0.029725 mb/sr,
   141.00 deg.: X-S =     0.028498 mb/sr,
   142.00 deg.: X-S =     0.027545 mb/sr,
   143.00 deg.: X-S =     0.026829 mb/sr,
   144.00 deg.: X-S =     0.026309 mb/sr,
   145.00 deg.: X-S =     0.025946 mb/sr,
   146.00 deg.: X-S =     0.025704 mb/sr,
   147.00 deg.: X-S =     0.025551 mb/sr,
   148.00 deg.: X-S =     0.025459 mb/sr,
   149.00 deg.: X-S =     0.025403 mb/sr,
   150.00 deg.: X-S =     0.025367 mb/sr,
   151.00 deg.: X-S =     0.025336 mb/sr,
   152.00 deg.: X-S =     0.025302 mb/sr,
   153.00 deg.: X-S =     0.025259 mb/sr,
   154.00 deg.: X-S =     0.025206 mb/sr,
   155.00 deg.: X-S =     0.025141 mb/sr,
   156.00 deg.: X-S =     0.025066 mb/sr,
   157.00 deg.: X-S =     0.024982 mb/sr,
   158.00 deg.: X-S =     0.024892 mb/sr,
   159.00 deg.: X-S =     0.024795 mb/sr,
   160.00 deg.: X-S =     0.024691 mb/sr,
   161.00 deg.: X-S =     0.024580 mb/sr,
   162.00 deg.: X-S =     0.024459 mb/sr,
   163.00 deg.: X-S =     0.024330 mb/sr,
   164.00 deg.: X-S =     0.024192 mb/sr,
   165.00 deg.: X-S =     0.024049 mb/sr,
   166.00 deg.: X-S =     0.023907 mb/sr,
   167.00 deg.: X-S =     0.023771 mb/sr,
   168.00 deg.: X-S =     0.023650 mb/sr,
   169.00 deg.: X-S =     0.023551 mb/sr,
   170.00 deg.: X-S =     0.023480 mb/sr,
   171.00 deg.: X-S =     0.023442 mb/sr,
   172.00 deg.: X-S =     0.023435 mb/sr,
   173.00 deg.: X-S =     0.023456 mb/sr,
   174.00 deg.: X-S =     0.023500 mb/sr,
   175.00 deg.: X-S =     0.023559 mb/sr,
   176.00 deg.: X-S =     0.023623 mb/sr,
   177.00 deg.: X-S =     0.023683 mb/sr,
   178.00 deg.: X-S =     0.023732 mb/sr,
   179.00 deg.: X-S =     0.023764 mb/sr,
   180.00 deg.: X-S =     0.023775 mb/sr,
                                           Integrated   41.6738 mb, over [   3.000, 180.000] at    35.0000 MeV 
 Finished all xsecs @    8.66210014E-02

  The following files have been created:
   3:local copy of User input.            6:standard output.                   
   7:elastic  S-matrix elements.         13:total cross sections/state.        
  16:tables of cross sections.           35:Astrophysics S-factors  / Ecm.     
  38:cross sections for each J/pi.       39:cross sections for each Ecm.       
  40:all cross sectns. for each Elab.    45:scat phase shift as E functions.   
  56:Fusion for each Jtotal.             75:S-factors for lab energies.        
 201:Separate cross sections.           202:Separate cross sections.           

 PARAMETERS : MAXQRN   MFNL   MLOC  LMAX1 MCLIST
    ALLOWED :      1     36      9     70     15
    REQUIRED:      0      0      9     21      9


 ACCURACY ANALYSIS at    35.000 MeV :

  Elastic h*k = 0.037 so OK       compared with 0.200

   Real(S-el) > 0.01 first at J =       0.5
   Real(S-el) > 0.10 first at J =       0.5
   Real(S-el) > 0.50 first at J =       5.5
   Real(S-el) > 0.90 first at J =       6.5
   Real(S-el) > 0.99 first at J =       8.5
   R-turn =    14.32 fm    at J =      17.5

 Forward-angle excitation cut off below   1.361 deg by max JT =      17.5
                              and below   0.330 deg by max R.

 Total CPU  0 time =       0.09 seconds
