 FRESCO - FRES 3.4: Coupled Reaction Channels
 Assuming NAMELIST input.

 p+O20 with CH89;                                                                

   0.030  60.000   0.500   0.000   0.000   0.000   0.000   0.000   0.000   0.000

 Centre-of-mass Range is   2002 * 0.0300 fm., Maximum at  60.00 fm., Interpolating NL forms every  0.51 fm.
 Non - locality width is      4 * 0.0300 fm., Maximum of   0.09 fm., Centred at  0.00 fm.
 2-Nucleon Separation of      0 * 0.5100 fm., Maximum of   0.00 fm., Minimum at  0.00 fm.
 Maximum single particle bins of 59.6700 fm.
               M,Mint =         2001        1990


 Range of total J is     0.0 <= J <=    50.0 (at least     0.0) and Absorbtion =>     0.0010 mb.
 Dry Run = F, CC set limits =  0  0, Relativistic kinematics =  , Both/Far/Near Analyses =  1                     

 Cross Sections (and up to T0 for 0=projectile) for Theta from   3.0 to-180.0 in steps of  1.0 degrees, DGAM=0,  Coordinates = 0 (Mads)

 Lower Radial Cutoff = maximum of -1.60*L*h &       0.0 fm.,  Lower Cutoff for Couplings =   0.0  fm.


 Iterate Couplings between   0 and   0 times, to  0.000 % if sooner.                                          
  Block solved exactly =   0 chs., with Pade = 0 & Isocen =  =0, NOSOL = F, initwf =  0
  NL quadrature with   18 Gaussian points, Calculate multipoles up to    56 from   0
  M-transfers for lp+lt greater than or equal to  6, Angular Integration Cutoff below  2.7778 %


 Trace switches are :  CHANS =  1, LISTCC =  0, TRENEG =  0, CDETR =  0, SMATS =  2, XSTABL =  1, NLPL =  0

                       WAVES =  0, LAMPL =  0, VEFF =  0, KFUS =  0, WDISK =  0, BPM =  0, MELFIL =  0

                       CDCC =  0, NFUS =  0

 Using unit mass = 1.000000 amu and 1/fine-structure constant = 137.03599 ( 1.000000 * true ) with hc = 197.32705 MeV.fm,
  thus 2*amu/hbar^2 = 0.0478450 = 1/20.9008 and Coulomb constant = 0.1574855 so e^2 = 1.43997, and nuclear magneton= 0.1261183

 Now pre-scan input and save to file 3



 *********** PARTITION NUMBER  1 ******************************************************************************************

   PROJ=p          MASS=  1.0073 Z=   1.0,        # STATES=    1T, TARG=O20      MASS= 19.9997 Z=   8.0,     Q-VALUE =  -0.0000 MEV.

     1:  J= 0.5+ (B# 1), E=  0.0000, K= 0.5              Potl#  1       J= 0.0+ (B# 1), E=  0.0000, K= 0.0    


 ************************************************************************************************************************************

 The following POTENTIALS are defined :

  KP#       TYPE      IT    SHAPE      at     V1        r1        a1        V2        r2        a2        A-in     A-used


                                            A#1       A#2        r0c       ac                                                h @ 1
    1    0=Coulomb       0=CHARGE (WS)  1    20.000     0.000    1.2842    0.0000    0.0000    0.0000     0.000    20.000   0.03000

    1    1=Volume        0=Woods-Saxon  2   48.5527    1.1671    0.6900    5.1287    1.1753    0.6900     0.000    20.000

    1    2=Surface       0=Woods-Saxon  3    0.0000    0.0000    0.0000   10.8834    1.1753    0.6900     0.000    20.000

    1    3=Projtl S.O.   0=Woods-Saxon  4    5.9000    0.8979    0.6300    0.0000    0.0000    0.0000     0.000    20.000

 Incoming partition  1 in excitation state # 1,   Laboratory Energy given for partition  1 Nucleus 1 in Excitation pair 1

0Lab. ENERGY ranges :

   from    35.0000     to   0.00000     in     0 intervals
   from    0.00000     to   0.00000     in     0 intervals
   from    0.00000     to   0.00000     in     0 intervals

 Largest real,imaginary parts of any form factor at R=   59.52 are   2.42E-02  1.17E-31 MeV
 Finished all Couplings @    4.63000033E-04           4

 Symmetric Hamiltonian
1***********************************************************************************************************************************
************************************************************************************************************************************

        INCOMING p        ;    LABORATORY p        ENERGY =   35.000     MeV.

 ***********************************************************************************************************************************
 ***********************************************************************************************************************************

 Allocate arrays for            2  channels, of which            1  need wfs.

 ######################################################################################################################
 #                                                                                                                    #
 # Total SPIN and PARITY =     0.5 +,      1 channels,    0 in 1st block.  Rmin & Coul turning =    0.0    0.3 fm.  #
 #                                                                                                                    #
 ######################################################################################################################



    C Projectl Target   #   EX.   (L  Proj) J  + Targ = Jtotal     E-cm      Re K     Re Eta     RM*K            CH
    1 p        O20      #    1: I   0 0.5    0.5  0.0     0.5    33.32176   1.23648   0.21373   74.1887   0.33920  -0.36833 1 1 1   1
   S-matrix    1 =    0.18271  -0.20355 for L=    0, J=    0.5 channel on core I =   0.0 from L=    0,  Acc. loss =  0.0 D.
 Elastic phase shift   1 =  -24.044  37.138 deg. for the L =    0, J =    0.5 channel.
       0.5  0.18271345 -0.20355472i: elastic S-matrix  @@      0.00  0   0 F  0
 Reaction Xsec     0.5+/ 0 @ 1 =  19.011 , Out:   0.000#


 Total SPIN, PARITY =     0.5 -,      1 chs,      0 cc.  Rmin & Coul turning =    0.0    0.3
   S-matrix    1 =   -0.01840  -0.24113 for L=    1, J=    0.5 channel on core I =   0.0 from L=    1,  Acc. loss =  0.0 D.
 Elastic phase shift   1 =  -47.182  40.666 deg. for the L =    1, J =    0.5 channel.
       0.5 -0.01840251 -0.24113274i: elastic S-matrix  @@      0.00  0   0 F  0
 Reaction Xsec     0.5-/ 1 @ 1 =  19.347 , Out:   0.000#


 Total SPIN, PARITY =     1.5 +,      1 chs,      0 cc.  Rmin & Coul turning =    0.0    1.3
   S-matrix    1 =   -0.20589  -0.12014 for L=    2, J=    1.5 channel on core I =   0.0 from L=    2,  Acc. loss =  0.0 D.
 Elastic phase shift   1 =  -74.868  41.078 deg. for the L =    2, J =    1.5 channel.
       1.5 -0.20588766 -0.12013949i: elastic S-matrix  @@      0.00  0   0 F  0
 Reaction Xsec     1.5+/ 2 @ 1 =  38.761 , Out:   0.000#


 Total SPIN, PARITY =     1.5 -,      1 chs,      0 cc.  Rmin & Coul turning =    0.0    1.3
   S-matrix    1 =    0.10352  -0.23902 for L=    1, J=    1.5 channel on core I =   0.0 from L=    1,  Acc. loss =  0.0 D.
 Elastic phase shift   1 =  -33.291  38.539 deg. for the L =    1, J =    1.5 channel.
       1.5  0.10351978 -0.23901704i: elastic S-matrix  @@      0.00  0   0 F  0
 Reaction Xsec     1.5-/ 1 @ 1 =  38.308 , Out:   0.000#


 Total SPIN, PARITY =     2.5 +,      1 chs,      0 cc.  Rmin & Coul turning =    0.1    2.2
   S-matrix    1 =   -0.04690  -0.23133 for L=    2, J=    2.5 channel on core I =   0.0 from L=    2,  Acc. loss =  0.0 D.
 Elastic phase shift   1 =  -50.730  41.361 deg. for the L =    2, J =    2.5 channel.
       2.5 -0.04689784 -0.23132761i: elastic S-matrix  @@      0.00  0   0 F  0
 Reaction Xsec     2.5+/ 2 @ 1 =  58.211 , Out:   0.000#


 Total SPIN, PARITY =     2.5 -,      1 chs,      0 cc.  Rmin & Coul turning =    0.1    2.2
   S-matrix    1 =   -0.20067   0.00018 for L=    3, J=    2.5 channel on core I =   0.0 from L=    3,  Acc. loss =  0.0 D.
 Elastic phase shift   1 =   89.974  46.012 deg. for the L =    3, J =    2.5 channel.
       2.5 -0.20066763  0.00018291i: elastic S-matrix  @@      0.00  0   0 F  0
 Reaction Xsec     2.5-/ 3 @ 1 =  59.163 , Out:   0.000#


 Total SPIN, PARITY =     3.5 +,      1 chs,      0 cc.  Rmin & Coul turning =    0.1    3.0
   S-matrix    1 =    0.06583   0.11310 for L=    4, J=    3.5 channel on core I =   0.0 from L=    4,  Acc. loss =  0.0 D.
 Elastic phase shift   1 =   29.900  58.258 deg. for the L =    4, J =    3.5 channel.
       3.5  0.06583071  0.11310431i: elastic S-matrix  @@      0.00  0   0 F  0
 Reaction Xsec     3.5+/ 4 @ 1 =  80.786 , Out:   0.000#


 Total SPIN, PARITY =     3.5 -,      1 chs,      0 cc.  Rmin & Coul turning =    0.1    3.0
   S-matrix    1 =   -0.16244  -0.21385 for L=    3, J=    3.5 channel on core I =   0.0 from L=    3,  Acc. loss =  0.0 D.
 Elastic phase shift   1 =  -63.610  37.663 deg. for the L =    3, J =    3.5 channel.
       3.5 -0.16244302 -0.21385442i: elastic S-matrix  @@      0.00  0   0 F  0
 Reaction Xsec     3.5-/ 3 @ 1 =  76.265 , Out:   0.000#


 Total SPIN, PARITY =     4.5 +,      1 chs,      0 cc.  Rmin & Coul turning =    0.2    3.8
   S-matrix    1 =   -0.06903  -0.03214 for L=    4, J=    4.5 channel on core I =   0.0 from L=    4,  Acc. loss =  0.0 D.
 Elastic phase shift   1 =  -77.516  73.770 deg. for the L =    4, J =    4.5 channel.
       4.5 -0.06903409 -0.03214319i: elastic S-matrix  @@      0.00  0   0 F  0
 Reaction Xsec     4.5+/ 4 @ 1 = 102.146 , Out:   0.000#


 Total SPIN, PARITY =     4.5 -,      1 chs,      0 cc.  Rmin & Coul turning =    0.2    3.8
   S-matrix    1 =    0.46991   0.17293 for L=    5, J=    4.5 channel on core I =   0.0 from L=    5,  Acc. loss =  0.0 D.
 Elastic phase shift   1 =   10.102  19.816 deg. for the L =    5, J =    4.5 channel.
       4.5  0.46991322  0.17293134i: elastic S-matrix  @@      0.00  0   0 F  0
 Reaction Xsec     4.5-/ 5 @ 1 =  76.982 , Out:   0.000#


 Total SPIN, PARITY =     5.5 +,      1 chs,      0 cc.  Rmin & Coul turning =    0.2    4.6
   S-matrix    1 =    0.77994   0.12115 for L=    6, J=    5.5 channel on core I =   0.0 from L=    6,  Acc. loss =  0.0 D.
 Elastic phase shift   1 =    4.415   6.779 deg. for the L =    6, J =    5.5 channel.
       5.5  0.77993865  0.12114514i: elastic S-matrix  @@      0.00  0   0 F  0
 Reaction Xsec     5.5+/ 6 @ 1 =  46.483 , Out:   0.000#


 Total SPIN, PARITY =     5.5 -,      1 chs,      0 cc.  Rmin & Coul turning =    0.2    4.6
   S-matrix    1 =    0.34129   0.19200 for L=    5, J=    5.5 channel on core I =   0.0 from L=    5,  Acc. loss =  0.0 D.
 Elastic phase shift   1 =   14.680  26.859 deg. for the L =    5, J =    5.5 channel.
       5.5  0.34129056  0.19199977i: elastic S-matrix  @@      0.00  0   0 F  0
 Reaction Xsec     5.5-/ 5 @ 1 = 104.384 , Out:   0.000#


 Total SPIN, PARITY =     6.5 +,      1 chs,      0 cc.  Rmin & Coul turning =    0.3    5.4
   S-matrix    1 =    0.74569   0.16252 for L=    6, J=    6.5 channel on core I =   0.0 from L=    6,  Acc. loss =  0.0 D.
 Elastic phase shift   1 =    6.148   7.742 deg. for the L =    6, J =    6.5 channel.
       6.5  0.74568674  0.16251813i: elastic S-matrix  @@      0.00  0   0 F  0
 Reaction Xsec     6.5+/ 6 @ 1 =  60.058 , Out:   0.000#


 Total SPIN, PARITY =     6.5 -,      1 chs,      0 cc.  Rmin & Coul turning =    0.3    5.4
   S-matrix    1 =    0.92149   0.05583 for L=    7, J=    6.5 channel on core I =   0.0 from L=    7,  Acc. loss =  0.0 D.
 Elastic phase shift   1 =    1.734   2.290 deg. for the L =    7, J =    6.5 channel.
       6.5  0.92148562  0.05582976i: elastic S-matrix  @@      0.00  0   0 F  0
 Reaction Xsec     6.5-/ 7 @ 1 =  21.252 , Out:   0.000#


 Total SPIN, PARITY =     7.5 +,      1 chs,      0 cc.  Rmin & Coul turning =    0.3    6.2
   S-matrix    1 =    0.97300   0.02161 for L=    8, J=    7.5 channel on core I =   0.0 from L=    8,  Acc. loss =  0.0 D.
 Elastic phase shift   1 =    0.636   0.777 deg. for the L =    8, J =    7.5 channel.
       7.5  0.97299655  0.02161341i: elastic S-matrix  @@      0.00  0   0 F  0
 Reaction Xsec     7.5+/ 8 @ 1 =   8.681 , Out:   0.000#


 Total SPIN, PARITY =     7.5 -,      1 chs,      0 cc.  Rmin & Coul turning =    0.3    6.2
   S-matrix    1 =    0.91626   0.07261 for L=    7, J=    7.5 channel on core I =   0.0 from L=    7,  Acc. loss =  0.0 D.
 Elastic phase shift   1 =    2.265   2.416 deg. for the L =    7, J =    7.5 channel.
       7.5  0.91626377  0.07260545i: elastic S-matrix  @@      0.00  0   0 F  0
 Reaction Xsec     7.5-/ 7 @ 1 =  25.511 , Out:   0.000#


 Total SPIN, PARITY =     8.5 +,      1 chs,      0 cc.  Rmin & Coul turning =    0.4    7.0
   S-matrix    1 =    0.97231   0.02702 for L=    8, J=    8.5 channel on core I =   0.0 from L=    8,  Acc. loss =  0.0 D.
 Elastic phase shift   1 =    0.796   0.793 deg. for the L =    8, J =    8.5 channel.
       8.5  0.97230905  0.02702368i: elastic S-matrix  @@      0.00  0   0 F  0
 Reaction Xsec     8.5+/ 8 @ 1 =   9.965 , Out:   0.000#


 Total SPIN, PARITY =     8.5 -,      1 chs,      0 cc.  Rmin & Coul turning =    0.4    7.0
   S-matrix    1 =    0.99076   0.00782 for L=    9, J=    8.5 channel on core I =   0.0 from L=    9,  Acc. loss =  0.0 D.
 Elastic phase shift   1 =    0.226   0.265 deg. for the L =    9, J =    8.5 channel.
       8.5  0.99075832  0.00781571i: elastic S-matrix  @@      0.00  0   0 F  0
 Reaction Xsec     8.5-/ 9 @ 1 =   3.391 , Out:   0.000#


 Total SPIN, PARITY =     9.5 +,      1 chs,      0 cc.  Rmin & Coul turning =    0.4    7.8
   S-matrix    1 =    0.99684   0.00275 for L=   10, J=    9.5 channel on core I =   0.0 from L=   10,  Acc. loss =  0.0 D.
 Elastic phase shift   1 =    0.079   0.091 deg. for the L =   10, J =    9.5 channel.
       9.5  0.99684003  0.00274725i: elastic S-matrix  @@      0.00  0   0 F  0
 Reaction Xsec     9.5+/10 @ 1 =   1.295 , Out:   0.000#


 Total SPIN, PARITY =     9.5 -,      1 chs,      0 cc.  Rmin & Coul turning =    0.4    7.8
   S-matrix    1 =    0.99067   0.00950 for L=    9, J=    9.5 channel on core I =   0.0 from L=    9,  Acc. loss =  0.0 D.
 Elastic phase shift   1 =    0.275   0.267 deg. for the L =    9, J =    9.5 channel.
       9.5  0.99067041  0.00950186i: elastic S-matrix  @@      0.00  0   0 F  0
 Reaction Xsec     9.5-/ 9 @ 1 =   3.798 , Out:   0.000#


 Total SPIN, PARITY =    10.5 +,      1 chs,      0 cc.  Rmin & Coul turning =    0.5    8.7
   S-matrix    1 =    0.99683   0.00327 for L=   10, J=   10.5 channel on core I =   0.0 from L=   10,  Acc. loss =  0.0 D.
 Elastic phase shift   1 =    0.094   0.091 deg. for the L =   10, J =   10.5 channel.
      10.5  0.99682885  0.00327161i: elastic S-matrix  @@      0.00  0   0 F  0
 Reaction Xsec    10.5+/10 @ 1 =   1.429 , Out:   0.000#


 Total SPIN, PARITY =    10.5 -,      1 chs,      0 cc.  Rmin & Coul turning =    0.5    8.7
   S-matrix    1 =    0.99892   0.00095 for L=   11, J=   10.5 channel on core I =   0.0 from L=   11,  Acc. loss =  0.0 D.
 Elastic phase shift   1 =    0.027   0.031 deg. for the L =   11, J =   10.5 channel.
      10.5  0.99892115  0.00095296i: elastic S-matrix  @@      0.00  0   0 F  0
 Reaction Xsec    10.5-/11 @ 1 =   0.487 , Out:   0.000#


 Total SPIN, PARITY =    11.5 +,      1 chs,      0 cc.  Rmin & Coul turning =    0.5    9.5
   S-matrix    1 =    0.99963   0.00033 for L=   12, J=   11.5 channel on core I =   0.0 from L=   12,  Acc. loss =  0.0 D.
 Elastic phase shift   1 =    0.009   0.011 deg. for the L =   12, J =   11.5 channel.
      11.5  0.99963242  0.00032818i: elastic S-matrix  @@      0.00  0   0 F  0
 Reaction Xsec    11.5+/12 @ 1 =   0.181 , Out:   0.000#


 Total SPIN, PARITY =    11.5 -,      1 chs,      0 cc.  Rmin & Coul turning =    0.5    9.5
   S-matrix    1 =    0.99892   0.00112 for L=   11, J=   11.5 channel on core I =   0.0 from L=   11,  Acc. loss =  0.0 D.
 Elastic phase shift   1 =    0.032   0.031 deg. for the L =   11, J =   11.5 channel.
      11.5  0.99891973  0.00111608i: elastic S-matrix  @@      0.00  0   0 F  0
 Reaction Xsec    11.5-/11 @ 1 =   0.532 , Out:   0.000#


 Total SPIN, PARITY =    12.5 +,      1 chs,      0 cc.  Rmin & Coul turning =    0.6   10.3
   S-matrix    1 =    0.99963   0.00038 for L=   12, J=   12.5 channel on core I =   0.0 from L=   12,  Acc. loss =  0.0 D.
 Elastic phase shift   1 =    0.011   0.011 deg. for the L =   12, J =   12.5 channel.
      12.5  0.99963224  0.00037888i: elastic S-matrix  @@      0.00  0   0 F  0
 Reaction Xsec    12.5+/12 @ 1 =   0.196 , Out:   0.000#


 Total SPIN, PARITY =    12.5 -,      1 chs,      0 cc.  Rmin & Coul turning =    0.6   10.3
   S-matrix    1 =    0.99988   0.00011 for L=   13, J=   12.5 channel on core I =   0.0 from L=   13,  Acc. loss =  0.0 D.
 Elastic phase shift   1 =    0.003   0.004 deg. for the L =   13, J =   12.5 channel.
      12.5  0.99987504  0.00011250i: elastic S-matrix  @@      0.00  0   0 F  0
 Reaction Xsec    12.5-/13 @ 1 =   0.067 , Out:   0.000#


 Total SPIN, PARITY =    13.5 +,      1 chs,      0 cc.  Rmin & Coul turning =    0.6   11.1
   S-matrix    1 =    0.99996   0.00004 for L=   14, J=   13.5 channel on core I =   0.0 from L=   14,  Acc. loss =  0.0 D.
 Elastic phase shift   1 =    0.001   0.001 deg. for the L =   14, J =   13.5 channel.
      13.5  0.99995761  0.00003843i: elastic S-matrix  @@      0.00  0   0 F  0
 Reaction Xsec    13.5+/14 @ 1 =   0.024 , Out:   0.000#


 Total SPIN, PARITY =    13.5 -,      1 chs,      0 cc.  Rmin & Coul turning =    0.6   11.1
   S-matrix    1 =    0.99988   0.00013 for L=   13, J=   13.5 channel on core I =   0.0 from L=   13,  Acc. loss =  0.0 D.
 Elastic phase shift   1 =    0.004   0.004 deg. for the L =   13, J =   13.5 channel.
      13.5  0.99987501  0.00012822i: elastic S-matrix  @@      0.00  0   0 F  0
 Reaction Xsec    13.5-/13 @ 1 =   0.072 , Out:   0.000#


 Total SPIN, PARITY =    14.5 +,      1 chs,      0 cc.  Rmin & Coul turning =    0.7   11.9
   S-matrix    1 =    0.99996   0.00004 for L=   14, J=   14.5 channel on core I =   0.0 from L=   14,  Acc. loss =  0.0 D.
 Elastic phase shift   1 =    0.001   0.001 deg. for the L =   14, J =   14.5 channel.
      14.5  0.99995760  0.00004330i: elastic S-matrix  @@      0.00  0   0 F  0
 Reaction Xsec    14.5+/14 @ 1 =   0.026 , Out:   0.000#


 Total SPIN, PARITY =    14.5 -,      1 chs,      0 cc.  Rmin & Coul turning =    0.7   11.9
   S-matrix    1 =    0.99999   0.00001 for L=   15, J=   14.5 channel on core I =   0.0 from L=   15,  Acc. loss =  0.0 D.
 Elastic phase shift   1 =    0.000   0.000 deg. for the L =   15, J =   14.5 channel.
      14.5  0.99998565  0.00001309i: elastic S-matrix  @@      0.00  0   0 F  0
 Reaction Xsec    14.5-/15 @ 1 =   8.849/, Out:   0.000#


 Total SPIN, PARITY =    15.5 +,      1 chs,      0 cc.  Rmin & Coul turning =    0.7   12.7
   S-matrix    1 =    1.00000   0.00000 for L=   16, J=   15.5 channel on core I =   0.0 from L=   16,  Acc. loss =  0.0 D.
 Elastic phase shift   1 =    0.000   0.000 deg. for the L =   16, J =   15.5 channel.
      15.5  0.99999515  0.00000445i: elastic S-matrix  @@      0.00  0   0 F  0
 Reaction Xsec    15.5+/16 @ 1 =   3.190/, Out:   0.000#


 Total SPIN, PARITY =    15.5 -,      1 chs,      0 cc.  Rmin & Coul turning =    0.7   12.7
   S-matrix    1 =    0.99999   0.00001 for L=   15, J=   15.5 channel on core I =   0.0 from L=   15,  Acc. loss =  0.0 D.
 Elastic phase shift   1 =    0.000   0.000 deg. for the L =   15, J =   15.5 channel.
      15.5  0.99998565  0.00001459i: elastic S-matrix  @@      0.00  0   0 F  0
 Reaction Xsec    15.5-/15 @ 1 =   9.439/, Out:   0.000#


 Total SPIN, PARITY =    16.5 +,      1 chs,      0 cc.  Rmin & Coul turning =    0.8   13.5
   S-matrix    1 =    1.00000   0.00000 for L=   16, J=   16.5 channel on core I =   0.0 from L=   16,  Acc. loss =  0.0 D.
 Elastic phase shift   1 =    0.000   0.000 deg. for the L =   16, J =   16.5 channel.
      16.5  0.99999515  0.00000491i: elastic S-matrix  @@      0.00  0   0 F  0
 Reaction Xsec    16.5+/16 @ 1 =   3.390/, Out:   0.000#


 Total SPIN, PARITY =    16.5 -,      1 chs,      0 cc.  Rmin & Coul turning =    0.8   13.5
   S-matrix    1 =    1.00000   0.00000 for L=   17, J=   16.5 channel on core I =   0.0 from L=   17,  Acc. loss =  0.0 D.
 Elastic phase shift   1 =    0.000   0.000 deg. for the L =   17, J =   16.5 channel.
      16.5  0.99999836  0.00000151i: elastic S-matrix  @@      0.00  0   0 F  0
 Reaction Xsec    16.5-/17 @ 1 =   1.144/, Out:   0.000#


 Total SPIN, PARITY =    17.5 +,      1 chs,      0 cc.  Rmin & Coul turning =    0.8   14.3
   S-matrix    1 =    1.00000   0.00000 for L=   18, J=   17.5 channel on core I =   0.0 from L=   18,  Acc. loss =  0.0 D.
 Elastic phase shift   1 =    0.000   0.000 deg. for the L =   18, J =   17.5 channel.
      17.5  0.99999945  0.00000051i: elastic S-matrix  @@      0.00  0   0 F  0
 Reaction Xsec    17.5+/18 @ 1 =   0.408/, Out:   0.000#


 Total SPIN, PARITY =    17.5 -,      1 chs,      0 cc.  Rmin & Coul turning =    0.8   14.3
   S-matrix    1 =    1.00000   0.00000 for L=   17, J=   17.5 channel on core I =   0.0 from L=   17,  Acc. loss =  0.0 D.
 Elastic phase shift   1 =    0.000   0.000 deg. for the L =   17, J =   17.5 channel.
      17.5  0.99999836  0.00000165i: elastic S-matrix  @@      0.00  0   0 F  0
 Reaction Xsec    17.5-/17 @ 1 =   1.211/, Out:   0.000#


 Total SPIN, PARITY =    18.5 +,      1 chs,      0 cc.  Rmin & Coul turning =    0.8   15.1
   S-matrix    1 =    1.00000   0.00000 for L=   18, J=   18.5 channel on core I =   0.0 from L=   18,  Acc. loss =  0.0 D.
 Elastic phase shift   1 =    0.000   0.000 deg. for the L =   18, J =   18.5 channel.
      18.5  0.99999945  0.00000056i: elastic S-matrix  @@      0.00  0   0 F  0
 Reaction Xsec    18.5+/18 @ 1 =   0.431/, Out:   0.000#

 Finished all CC sets @    4.47800010E-03
0CUMULATIVE REACTION cross section                 =  856.84055  <L> =     4.19  <L**2> =     21.2
0CUMULATIVE outgoing cross sections in partition 1 :    0.00000
0Cumulative ABSORBTION by Imaginary Potentials     =  856.84055  <L> =     4.19  <L**2> =     21.2
   Fusion for specific p        M-states : 1247.258621 1247.258621
0CUMULATIVE OUTGOING cross section                 =    0.00000
 To convert to S-factors (MeV.mb = keV.b),  multiply by  1.2763E+02


 CROSS SECTIONS FOR OUTGOING p        & O20      in state #   1 with spins & parities 0.5  + &  0.0  +;  0

     3.00 deg.: X-S =   1.3258E+05 mb/sr,
+                                         /R =   8.3340E-01
     4.00 deg.: X-S =   3.8621E+04 mb/sr,
+                                         /R =   7.6700E-01
     5.00 deg.: X-S =   1.5117E+04 mb/sr,
+                                         /R =   7.3261E-01
     6.00 deg.: X-S =  7486.477021 mb/sr,
+                                         /R =   7.5192E-01
     7.00 deg.: X-S =  4544.227244 mb/sr,
+                                         /R =   8.4499E-01
     8.00 deg.: X-S =  3246.180965 mb/sr,
+                                         /R =   1.0290E+00
     9.00 deg.: X-S =  2595.385636 mb/sr,
+                                         /R =   1.3166E+00
    10.00 deg.: X-S =  2220.480400 mb/sr,
+                                         /R =   1.7152E+00
    11.00 deg.: X-S =  1969.884666 mb/sr,
+                                         /R =   2.2255E+00
    12.00 deg.: X-S =  1777.687340 mb/sr,
+                                         /R =   2.8411E+00
    13.00 deg.: X-S =  1614.120538 mb/sr,
+                                         /R =   3.5486E+00
    14.00 deg.: X-S =  1465.606474 mb/sr,
+                                         /R =   4.3280E+00
    15.00 deg.: X-S =  1326.137314 mb/sr,
+                                         /R =   5.1531E+00
    16.00 deg.: X-S =  1193.333016 mb/sr,
+                                         /R =   5.9934E+00
    17.00 deg.: X-S =  1066.552556 mb/sr,
+                                         /R =   6.8153E+00
    18.00 deg.: X-S =   945.954525 mb/sr,
+                                         /R =   7.5839E+00
    19.00 deg.: X-S =   832.016848 mb/sr,
+                                         /R =   8.2653E+00
    20.00 deg.: X-S =   725.287598 mb/sr,
+                                         /R =   8.8284E+00
    21.00 deg.: X-S =   626.256522 mb/sr,
+                                         /R =   9.2465E+00
    22.00 deg.: X-S =   535.291824 mb/sr,
+                                         /R =   9.4990E+00
    23.00 deg.: X-S =   452.613416 mb/sr,
+                                         /R =   9.5728E+00
    24.00 deg.: X-S =   378.287118 mb/sr,
+                                         /R =   9.4630E+00
    25.00 deg.: X-S =   312.231132 mb/sr,
+                                         /R =   9.1731E+00
    26.00 deg.: X-S =   254.229734 mb/sr,
+                                         /R =   8.7151E+00
    27.00 deg.: X-S =   203.951057 mb/sr,
+                                         /R =   8.1088E+00
    28.00 deg.: X-S =   160.966954 mb/sr,
+                                         /R =   7.3812E+00
    29.00 deg.: X-S =   124.773564 mb/sr,
+                                         /R =   6.5647E+00
    30.00 deg.: X-S =    94.811612 mb/sr,
+                                         /R =   5.6956E+00
    31.00 deg.: X-S =    70.485728 mb/sr,
+                                         /R =   4.8127E+00
    32.00 deg.: X-S =    51.182300 mb/sr,
+                                         /R =   3.9552E+00
    33.00 deg.: X-S =    36.285479 mb/sr,
+                                         /R =   3.1608E+00
    34.00 deg.: X-S =    25.191124 mb/sr,
+                                         /R =   2.4642E+00
    35.00 deg.: X-S =    17.318564 mb/sr,
+                                         /R =   1.8957E+00
    36.00 deg.: X-S =    12.120124 mb/sr,
+                                         /R =   1.4795E+00
    37.00 deg.: X-S =     9.088480 mb/sr,
+                                         /R =   1.2334E+00
    38.00 deg.: X-S =     7.761933 mb/sr,
+                                         /R =   1.1674E+00
    39.00 deg.: X-S =     7.727746 mb/sr,
+                                         /R =   1.2845E+00
    40.00 deg.: X-S =     8.623753 mb/sr,
+                                         /R =   1.5798E+00
    41.00 deg.: X-S =    10.138436 mb/sr,
+                                         /R =   2.0416E+00
    42.00 deg.: X-S =    12.009699 mb/sr,
+                                         /R =   2.6518E+00
    43.00 deg.: X-S =    14.022576 mb/sr,
+                                         /R =   3.3870E+00
    44.00 deg.: X-S =    16.006104 mb/sr,
+                                         /R =   4.2197E+00
    45.00 deg.: X-S =    17.829564 mb/sr,
+                                         /R =   5.1191E+00
    46.00 deg.: X-S =    19.398308 mb/sr,
+                                         /R =   6.0530E+00
    47.00 deg.: X-S =    20.649350 mb/sr,
+                                         /R =   6.9887E+00
    48.00 deg.: X-S =    21.546877 mb/sr,
+                                         /R =   7.8946E+00
    49.00 deg.: X-S =    22.077823 mb/sr,
+                                         /R =   8.7409E+00
    50.00 deg.: X-S =    22.247616 mb/sr,
+                                         /R =   9.5010E+00
    51.00 deg.: X-S =    22.076186 mb/sr,
+                                         /R =   1.0152E+01
    52.00 deg.: X-S =    21.594307 mb/sr,
+                                         /R =   1.0676E+01
    53.00 deg.: X-S =    20.840307 mb/sr,
+                                         /R =   1.1059E+01
    54.00 deg.: X-S =    19.857189 mb/sr,
+                                         /R =   1.1293E+01
    55.00 deg.: X-S =    18.690155 mb/sr,
+                                         /R =   1.1374E+01
    56.00 deg.: X-S =    17.384552 mb/sr,
+                                         /R =   1.1306E+01
    57.00 deg.: X-S =    15.984200 mb/sr,
+                                         /R =   1.1093E+01
    58.00 deg.: X-S =    14.530099 mb/sr,
+                                         /R =   1.0746E+01
    59.00 deg.: X-S =    13.059480 mb/sr,
+                                         /R =   1.0280E+01
    60.00 deg.: X-S =    11.605153 mb/sr,
+                                         /R =   9.7101E+00
    61.00 deg.: X-S =    10.195132 mb/sr,
+                                         /R =   9.0565E+00
    62.00 deg.: X-S =     8.852485 mb/sr,
+                                         /R =   8.3390E+00
    63.00 deg.: X-S =     7.595378 mb/sr,
+                                         /R =   7.5785E+00
    64.00 deg.: X-S =     6.437271 mb/sr,
+                                         /R =   6.7957E+00
    65.00 deg.: X-S =     5.387231 mb/sr,
+                                         /R =   6.0107E+00
    66.00 deg.: X-S =     4.450341 mb/sr,
+                                         /R =   5.2423E+00
    67.00 deg.: X-S =     3.628151 mb/sr,
+                                         /R =   4.5075E+00
    68.00 deg.: X-S =     2.919181 mb/sr,
+                                         /R =   3.8212E+00
    69.00 deg.: X-S =     2.319419 mb/sr,
+                                         /R =   3.1958E+00
    70.00 deg.: X-S =     1.822819 mb/sr,
+                                         /R =   2.6412E+00
    71.00 deg.: X-S =     1.421783 mb/sr,
+                                         /R =   2.1644E+00
    72.00 deg.: X-S =     1.107600 mb/sr,
+                                         /R =   1.7699E+00
    73.00 deg.: X-S =     0.870852 mb/sr,
+                                         /R =   1.4594E+00
    74.00 deg.: X-S =     0.701776 mb/sr,
+                                         /R =   1.2324E+00
    75.00 deg.: X-S =     0.590572 mb/sr,
+                                         /R =   1.0858E+00
    76.00 deg.: X-S =     0.527665 mb/sr,
+                                         /R =   1.0149E+00
    77.00 deg.: X-S =     0.503919 mb/sr,
+                                         /R =   1.0131E+00
    78.00 deg.: X-S =     0.510802 mb/sr,
+                                         /R =   1.0726E+00
    79.00 deg.: X-S =     0.540508 mb/sr,
+                                         /R =   1.1845E+00
    80.00 deg.: X-S =     0.586041 mb/sr,
+                                         /R =   1.3393E+00
    81.00 deg.: X-S =     0.641265 mb/sr,
+                                         /R =   1.5272E+00
    82.00 deg.: X-S =     0.700916 mb/sr,
+                                         /R =   1.7383E+00
    83.00 deg.: X-S =     0.760595 mb/sr,
+                                         /R =   1.9629E+00
    84.00 deg.: X-S =     0.816740 mb/sr,
+                                         /R =   2.1919E+00
    85.00 deg.: X-S =     0.866574 mb/sr,
+                                         /R =   2.4167E+00
    86.00 deg.: X-S =     0.908047 mb/sr,
+                                         /R =   2.6299E+00
    87.00 deg.: X-S =     0.939766 mb/sr,
+                                         /R =   2.8246E+00
    88.00 deg.: X-S =     0.960918 mb/sr,
+                                         /R =   2.9955E+00
    89.00 deg.: X-S =     0.971194 mb/sr,
+                                         /R =   3.1379E+00
    90.00 deg.: X-S =     0.970711 mb/sr,
+                                         /R =   3.2488E+00
    91.00 deg.: X-S =     0.959932 mb/sr,
+                                         /R =   3.3258E+00
    92.00 deg.: X-S =     0.939599 mb/sr,
+                                         /R =   3.3680E+00
    93.00 deg.: X-S =     0.910659 mb/sr,
+                                         /R =   3.3752E+00
    94.00 deg.: X-S =     0.874207 mb/sr,
+                                         /R =   3.3482E+00
    95.00 deg.: X-S =     0.831429 mb/sr,
+                                         /R =   3.2888E+00
    96.00 deg.: X-S =     0.783552 mb/sr,
+                                         /R =   3.1993E+00
    97.00 deg.: X-S =     0.731805 mb/sr,
+                                         /R =   3.0826E+00
    98.00 deg.: X-S =     0.677384 mb/sr,
+                                         /R =   2.9420E+00
    99.00 deg.: X-S =     0.621420 mb/sr,
+                                         /R =   2.7814E+00
   100.00 deg.: X-S =     0.564964 mb/sr,
+                                         /R =   2.6045E+00
   101.00 deg.: X-S =     0.508966 mb/sr,
+                                         /R =   2.4155E+00
   102.00 deg.: X-S =     0.454265 mb/sr,
+                                         /R =   2.2183E+00
   103.00 deg.: X-S =     0.401584 mb/sr,
+                                         /R =   2.0167E+00
   104.00 deg.: X-S =     0.351527 mb/sr,
+                                         /R =   1.8146E+00
   105.00 deg.: X-S =     0.304579 mb/sr,
+                                         /R =   1.6153E+00
   106.00 deg.: X-S =     0.261113 mb/sr,
+                                         /R =   1.4221E+00
   107.00 deg.: X-S =     0.221393 mb/sr,
+                                         /R =   1.2376E+00
   108.00 deg.: X-S =     0.185582 mb/sr,
+                                         /R =   1.0643E+00
   109.00 deg.: X-S =     0.153755 mb/sr,
+                                         /R =   9.0420E-01
   110.00 deg.: X-S =     0.125905 mb/sr,
+                                         /R =   7.5892E-01
   111.00 deg.: X-S =     0.101954 mb/sr,
+                                         /R =   6.2961E-01
   112.00 deg.: X-S =     0.081764 mb/sr,
+                                         /R =   5.1707E-01
   113.00 deg.: X-S =     0.065149 mb/sr,
+                                         /R =   4.2172E-01
   114.00 deg.: X-S =     0.051881 mb/sr,
+                                         /R =   3.4361E-01
   115.00 deg.: X-S =     0.041704 mb/sr,
+                                         /R =   2.8248E-01
   116.00 deg.: X-S =     0.034339 mb/sr,
+                                         /R =   2.3777E-01
   117.00 deg.: X-S =     0.029493 mb/sr,
+                                         /R =   2.0868E-01
   118.00 deg.: X-S =     0.026870 mb/sr,
+                                         /R =   1.9419E-01
   119.00 deg.: X-S =     0.026169 mb/sr,
+                                         /R =   1.9309E-01
   120.00 deg.: X-S =     0.027096 mb/sr,
+                                         /R =   2.0404E-01
   121.00 deg.: X-S =     0.029369 mb/sr,
+                                         /R =   2.2561E-01
   122.00 deg.: X-S =     0.032714 mb/sr,
+                                         /R =   2.5628E-01
   123.00 deg.: X-S =     0.036879 mb/sr,
+                                         /R =   2.9449E-01
   124.00 deg.: X-S =     0.041627 mb/sr,
+                                         /R =   3.3869E-01
   125.00 deg.: X-S =     0.046741 mb/sr,
+                                         /R =   3.8735E-01
   126.00 deg.: X-S =     0.052027 mb/sr,
+                                         /R =   4.3898E-01
   127.00 deg.: X-S =     0.057312 mb/sr,
+                                         /R =   4.9215E-01
   128.00 deg.: X-S =     0.062444 mb/sr,
+                                         /R =   5.4554E-01
   129.00 deg.: X-S =     0.067294 mb/sr,
+                                         /R =   5.9789E-01
   130.00 deg.: X-S =     0.071752 mb/sr,
+                                         /R =   6.4808E-01
   131.00 deg.: X-S =     0.075730 mb/sr,
+                                         /R =   6.9511E-01
   132.00 deg.: X-S =     0.079159 mb/sr,
+                                         /R =   7.3810E-01
   133.00 deg.: X-S =     0.081987 mb/sr,
+                                         /R =   7.7630E-01
   134.00 deg.: X-S =     0.084180 mb/sr,
+                                         /R =   8.0910E-01
   135.00 deg.: X-S =     0.085717 mb/sr,
+                                         /R =   8.3603E-01
   136.00 deg.: X-S =     0.086594 mb/sr,
+                                         /R =   8.5673E-01
   137.00 deg.: X-S =     0.086819 mb/sr,
+                                         /R =   8.7100E-01
   138.00 deg.: X-S =     0.086409 mb/sr,
+                                         /R =   8.7873E-01
   139.00 deg.: X-S =     0.085392 mb/sr,
+                                         /R =   8.7996E-01
   140.00 deg.: X-S =     0.083807 mb/sr,
+                                         /R =   8.7482E-01
   141.00 deg.: X-S =     0.081697 mb/sr,
+                                         /R =   8.6354E-01
   142.00 deg.: X-S =     0.079111 mb/sr,
+                                         /R =   8.4646E-01
   143.00 deg.: X-S =     0.076104 mb/sr,
+                                         /R =   8.2400E-01
   144.00 deg.: X-S =     0.072735 mb/sr,
+                                         /R =   7.9663E-01
   145.00 deg.: X-S =     0.069062 mb/sr,
+                                         /R =   7.6491E-01
   146.00 deg.: X-S =     0.065149 mb/sr,
+                                         /R =   7.2944E-01
   147.00 deg.: X-S =     0.061057 mb/sr,
+                                         /R =   6.9084E-01
   148.00 deg.: X-S =     0.056847 mb/sr,
+                                         /R =   6.4977E-01
   149.00 deg.: X-S =     0.052578 mb/sr,
+                                         /R =   6.0693E-01
   150.00 deg.: X-S =     0.048308 mb/sr,
+                                         /R =   5.6297E-01
   151.00 deg.: X-S =     0.044091 mb/sr,
+                                         /R =   5.1857E-01
   152.00 deg.: X-S =     0.039977 mb/sr,
+                                         /R =   4.7437E-01
   153.00 deg.: X-S =     0.036012 mb/sr,
+                                         /R =   4.3099E-01
   154.00 deg.: X-S =     0.032238 mb/sr,
+                                         /R =   3.8901E-01
   155.00 deg.: X-S =     0.028690 mb/sr,
+                                         /R =   3.4894E-01
   156.00 deg.: X-S =     0.025398 mb/sr,
+                                         /R =   3.1124E-01
   157.00 deg.: X-S =     0.022386 mb/sr,
+                                         /R =   2.7634E-01
   158.00 deg.: X-S =     0.019673 mb/sr,
+                                         /R =   2.4454E-01
   159.00 deg.: X-S =     0.017271 mb/sr,
+                                         /R =   2.1611E-01
   160.00 deg.: X-S =     0.015186 mb/sr,
+                                         /R =   1.9123E-01
   161.00 deg.: X-S =     0.013419 mb/sr,
+                                         /R =   1.6999E-01
   162.00 deg.: X-S =     0.011965 mb/sr,
+                                         /R =   1.5243E-01
   163.00 deg.: X-S =     0.010813 mb/sr,
+                                         /R =   1.3849E-01
   164.00 deg.: X-S =     0.009947 mb/sr,
+                                         /R =   1.2805E-01
   165.00 deg.: X-S =     0.009348 mb/sr,
+                                         /R =   1.2092E-01
   166.00 deg.: X-S =     0.008993 mb/sr,
+                                         /R =   1.1684E-01
   167.00 deg.: X-S =     0.008854 mb/sr,
+                                         /R =   1.1551E-01
   168.00 deg.: X-S =     0.008902 mb/sr,
+                                         /R =   1.1658E-01
   169.00 deg.: X-S =     0.009106 mb/sr,
+                                         /R =   1.1968E-01
   170.00 deg.: X-S =     0.009434 mb/sr,
+                                         /R =   1.2438E-01
   171.00 deg.: X-S =     0.009853 mb/sr,
+                                         /R =   1.3029E-01
   172.00 deg.: X-S =     0.010331 mb/sr,
+                                         /R =   1.3696E-01
   173.00 deg.: X-S =     0.010837 mb/sr,
+                                         /R =   1.4399E-01
   174.00 deg.: X-S =     0.011341 mb/sr,
+                                         /R =   1.5099E-01
   175.00 deg.: X-S =     0.011816 mb/sr,
+                                         /R =   1.5759E-01
   176.00 deg.: X-S =     0.012240 mb/sr,
+                                         /R =   1.6346E-01
   177.00 deg.: X-S =     0.012591 mb/sr,
+                                         /R =   1.6833E-01
   178.00 deg.: X-S =     0.012854 mb/sr,
+                                         /R =   1.7198E-01
   179.00 deg.: X-S =     0.013017 mb/sr,
+                                         /R =   1.7423E-01
   179.99 deg.: X-S =     0.013072 mb/sr,
+                                         /R =   1.7499E-01
                                           Integrated 2033.7299 mb, over [   3.000, 180.000] at    35.0000 MeV 
 Finished all xsecs @    5.39600011E-03

  The following files have been created:
   3:local copy of User input.            6:standard output.                   
   7:elastic  S-matrix elements.         13:total cross sections/state.        
  16:tables of cross sections.           38:cross sections for each J/pi.      
  39:cross sections for each Ecm.        40:all cross sectns. for each Elab.   
  45:scat phase shift as E functions.    56:Fusion for each Jtotal.            
 201:Separate cross sections.           

 PARAMETERS : MAXQRN   MFNL   MLOC  LMAX1 MCLIST
    ALLOWED :      1      1      4     70      6
    REQUIRED:      0      0      4     19      4


 ACCURACY ANALYSIS at    35.000 MeV :

  Elastic h*k = 0.037 so OK       compared with 0.200

   Real(S-el) > 0.01 first at J =       0.5
   Real(S-el) > 0.10 first at J =       0.5
   Real(S-el) > 0.50 first at J =       5.5
   Real(S-el) > 0.90 first at J =       6.5
   Real(S-el) > 0.99 first at J =       8.5
   R-turn =    15.13 fm    at J =      18.5

 Forward-angle excitation cut off below   1.289 deg by max JT =      18.5
                              and below   0.330 deg by max R.

