 FRESCO - FRES 3.4: Coupled Reaction Channels
 Assuming NAMELIST input.

 p+O20 with CH89;                                                                

   0.030  60.000   0.500   0.000   0.000   0.000   0.000   0.000   0.000   0.000

 Centre-of-mass Range is   2002 * 0.0300 fm., Maximum at  60.00 fm., Interpolating NL forms every  0.51 fm.
 Non - locality width is      4 * 0.0300 fm., Maximum of   0.09 fm., Centred at  0.00 fm.
 2-Nucleon Separation of      0 * 0.5100 fm., Maximum of   0.00 fm., Minimum at  0.00 fm.
 Maximum single particle bins of 59.6700 fm.
               M,Mint =         2001        1990


 Range of total J is     0.0 <= J <=    50.0 (at least     0.0) and Absorbtion =>     0.0010 mb.
 Dry Run = F, CC set limits =  0  0, Relativistic kinematics =  , Both/Far/Near Analyses =  1                     

 Cross Sections (and up to T0 for 0=projectile) for Theta from   3.0 to-180.0 in steps of  1.0 degrees, DGAM=0,  Coordinates = 0 (Mads)

 Lower Radial Cutoff = maximum of -1.60*L*h &       0.0 fm.,  Lower Cutoff for Couplings =   0.0  fm.


 Iterate Couplings between   0 and   0 times, to  0.000 % if sooner.                                          
  Block solved exactly =   0 chs., with Pade = 0 & Isocen =  =0, NOSOL = F, initwf =  0
  NL quadrature with   18 Gaussian points, Calculate multipoles up to    56 from   0
  M-transfers for lp+lt greater than or equal to  6, Angular Integration Cutoff below  2.7778 %


 Trace switches are :  CHANS =  1, LISTCC =  0, TRENEG =  0, CDETR =  0, SMATS =  2, XSTABL =  1, NLPL =  0

                       WAVES =  0, LAMPL =  0, VEFF =  0, KFUS =  0, WDISK =  0, BPM =  0, MELFIL =  0

                       CDCC =  0, NFUS =  0

 Using unit mass = 1.000000 amu and 1/fine-structure constant = 137.03599 ( 1.000000 * true ) with hc = 197.32705 MeV.fm,
  thus 2*amu/hbar^2 = 0.0478450 = 1/20.9008 and Coulomb constant = 0.1574855 so e^2 = 1.43997, and nuclear magneton= 0.1261183

 Now pre-scan input and save to file 3



 *********** PARTITION NUMBER  1 ******************************************************************************************

   PROJ=p          MASS=  1.0073 Z=   1.0,        # STATES=    1T, TARG=O20      MASS= 19.9997 Z=   8.0,     Q-VALUE =  -0.0000 MEV.

     1:  J= 0.5+ (B# 1), E=  0.0000, K= 0.5              Potl#  1       J= 0.0+ (B# 1), E=  0.0000, K= 0.0    


 ************************************************************************************************************************************

 The following POTENTIALS are defined :

  KP#       TYPE      IT    SHAPE      at     V1        r1        a1        V2        r2        a2        A-in     A-used


                                            A#1       A#2        r0c       ac                                                h @ 1
    1    0=Coulomb       0=CHARGE (WS)  1    20.000     0.000    1.2842    0.0000    0.0000    0.0000     0.000    20.000   0.03000

    1    1=Volume        0=Woods-Saxon  2   30.0565    1.1671    0.6900    3.9320    1.1753    0.6900     0.000    20.000

    1    2=Surface       0=Woods-Saxon  3    0.0000    0.0000    0.0000    8.3439    1.1753    0.6900     0.000    20.000

    1    3=Projtl S.O.   0=Woods-Saxon  4    5.9000    0.8979    0.6300    0.0000    0.0000    0.0000     0.000    20.000

 Incoming partition  1 in excitation state # 1,   Laboratory Energy given for partition  1 Nucleus 1 in Excitation pair 1

0Lab. ENERGY ranges :

   from    35.0000     to   0.00000     in     0 intervals
   from    0.00000     to   0.00000     in     0 intervals
   from    0.00000     to   0.00000     in     0 intervals

 Largest real,imaginary parts of any form factor at R=   59.52 are   2.42E-02  8.94E-32 MeV
 Finished all Couplings @    8.44000140E-04           4

 Symmetric Hamiltonian
1***********************************************************************************************************************************
************************************************************************************************************************************

        INCOMING p        ;    LABORATORY p        ENERGY =   35.000     MeV.

 ***********************************************************************************************************************************
 ***********************************************************************************************************************************

 Allocate arrays for            2  channels, of which            1  need wfs.

 ######################################################################################################################
 #                                                                                                                    #
 # Total SPIN and PARITY =     0.5 +,      1 channels,    0 in 1st block.  Rmin & Coul turning =    0.0    0.3 fm.  #
 #                                                                                                                    #
 ######################################################################################################################



    C Projectl Target   #   EX.   (L  Proj) J  + Targ = Jtotal     E-cm      Re K     Re Eta     RM*K            CH
    1 p        O20      #    1: I   0 0.5    0.5  0.0     0.5    33.32176   1.23648   0.21373   74.1887   0.33920  -0.36833 1 1 1   1
   S-matrix    1 =   -0.25166  -0.22611 for L=    0, J=    0.5 channel on core I =   0.0 from L=    0,  Acc. loss =  0.0 D.
 Elastic phase shift   1 =  -69.031  31.048 deg. for the L =    0, J =    0.5 channel.
       0.5 -0.25166305 -0.22611138i: elastic S-matrix  @@      0.00  0   0 F  0
 Reaction Xsec     0.5+/ 0 @ 1 =  18.196 , Out:   0.000#


 Total SPIN, PARITY =     0.5 -,      1 chs,      0 cc.  Rmin & Coul turning =    0.0    0.3
   S-matrix    1 =   -0.28882   0.08360 for L=    1, J=    0.5 channel on core I =   0.0 from L=    1,  Acc. loss =  0.0 D.
 Elastic phase shift   1 =   81.928  34.427 deg. for the L =    1, J =    0.5 channel.
       0.5 -0.28881950  0.08360314i: elastic S-matrix  @@      0.00  0   0 F  0
 Reaction Xsec     0.5-/ 1 @ 1 =  18.691 , Out:   0.000#


 Total SPIN, PARITY =     1.5 +,      1 chs,      0 cc.  Rmin & Coul turning =    0.0    1.3
   S-matrix    1 =   -0.18894   0.23000 for L=    2, J=    1.5 channel on core I =   0.0 from L=    2,  Acc. loss =  0.0 D.
 Elastic phase shift   1 =   64.701  34.716 deg. for the L =    2, J =    1.5 channel.
       1.5 -0.18893879  0.22999632i: elastic S-matrix  @@      0.00  0   0 F  0
 Reaction Xsec     1.5+/ 2 @ 1 =  37.456 , Out:   0.000#


 Total SPIN, PARITY =     1.5 -,      1 chs,      0 cc.  Rmin & Coul turning =    0.0    1.3
   S-matrix    1 =   -0.29396  -0.08889 for L=    1, J=    1.5 channel on core I =   0.0 from L=    1,  Acc. loss =  0.0 D.
 Elastic phase shift   1 =  -81.588  33.821 deg. for the L =    1, J =    1.5 channel.
       1.5 -0.29395818 -0.08888914i: elastic S-matrix  @@      0.00  0   0 F  0
 Reaction Xsec     1.5-/ 1 @ 1 =  37.221 , Out:   0.000#


 Total SPIN, PARITY =     2.5 +,      1 chs,      0 cc.  Rmin & Coul turning =    0.1    2.2
   S-matrix    1 =   -0.33581   0.00917 for L=    2, J=    2.5 channel on core I =   0.0 from L=    2,  Acc. loss =  0.0 D.
 Elastic phase shift   1 =   89.218  31.251 deg. for the L =    2, J =    2.5 channel.
       2.5 -0.33580614  0.00917485i: elastic S-matrix  @@      0.00  0   0 F  0
 Reaction Xsec     2.5+/ 2 @ 1 =  54.688 , Out:   0.000#


 Total SPIN, PARITY =     2.5 -,      1 chs,      0 cc.  Rmin & Coul turning =    0.1    2.2
   S-matrix    1 =    0.01637   0.20194 for L=    3, J=    2.5 channel on core I =   0.0 from L=    3,  Acc. loss =  0.0 D.
 Elastic phase shift   1 =   42.683  45.736 deg. for the L =    3, J =    2.5 channel.
       2.5  0.01637196  0.20194311i: elastic S-matrix  @@      0.00  0   0 F  0
 Reaction Xsec     2.5-/ 3 @ 1 =  59.114 , Out:   0.000#


 Total SPIN, PARITY =     3.5 +,      1 chs,      0 cc.  Rmin & Coul turning =    0.1    3.0
   S-matrix    1 =    0.32534   0.16211 for L=    4, J=    3.5 channel on core I =   0.0 from L=    4,  Acc. loss =  0.0 D.
 Elastic phase shift   1 =   13.243  28.991 deg. for the L =    4, J =    3.5 channel.
       3.5  0.32534442  0.16210929i: elastic S-matrix  @@      0.00  0   0 F  0
 Reaction Xsec     3.5+/ 4 @ 1 =  71.333 , Out:   0.000#


 Total SPIN, PARITY =     3.5 -,      1 chs,      0 cc.  Rmin & Coul turning =    0.1    3.0
   S-matrix    1 =   -0.23681   0.07999 for L=    3, J=    3.5 channel on core I =   0.0 from L=    3,  Acc. loss =  0.0 D.
 Elastic phase shift   1 =   80.668  39.720 deg. for the L =    3, J =    3.5 channel.
       3.5 -0.23680987  0.07999216i: elastic S-matrix  @@      0.00  0   0 F  0
 Reaction Xsec     3.5-/ 3 @ 1 =  77.058 , Out:   0.000#


 Total SPIN, PARITY =     4.5 +,      1 chs,      0 cc.  Rmin & Coul turning =    0.2    3.8
   S-matrix    1 =    0.10187   0.18919 for L=    4, J=    4.5 channel on core I =   0.0 from L=    4,  Acc. loss =  0.0 D.
 Elastic phase shift   1 =   30.849  44.053 deg. for the L =    4, J =    4.5 channel.
       4.5  0.10187040  0.18918522i: elastic S-matrix  @@      0.00  0   0 F  0
 Reaction Xsec     4.5+/ 4 @ 1 =  97.998 , Out:   0.000#


 Total SPIN, PARITY =     4.5 -,      1 chs,      0 cc.  Rmin & Coul turning =    0.2    3.8
   S-matrix    1 =    0.64114   0.12413 for L=    5, J=    4.5 channel on core I =   0.0 from L=    5,  Acc. loss =  0.0 D.
 Elastic phase shift   1 =    5.479  12.207 deg. for the L =    5, J =    4.5 channel.
       4.5  0.64113730  0.12413279i: elastic S-matrix  @@      0.00  0   0 F  0
 Reaction Xsec     4.5-/ 5 @ 1 =  58.926 , Out:   0.000#


 Total SPIN, PARITY =     5.5 +,      1 chs,      0 cc.  Rmin & Coul turning =    0.2    4.6
   S-matrix    1 =    0.84787   0.07117 for L=    6, J=    5.5 channel on core I =   0.0 from L=    6,  Acc. loss =  0.0 D.
 Elastic phase shift   1 =    2.399   4.627 deg. for the L =    6, J =    5.5 channel.
       5.5  0.84787045  0.07117318i: elastic S-matrix  @@      0.00  0   0 F  0
 Reaction Xsec     5.5+/ 6 @ 1 =  34.034 , Out:   0.000#


 Total SPIN, PARITY =     5.5 -,      1 chs,      0 cc.  Rmin & Coul turning =    0.2    4.6
   S-matrix    1 =    0.54570   0.20446 for L=    5, J=    5.5 channel on core I =   0.0 from L=    5,  Acc. loss =  0.0 D.
 Elastic phase shift   1 =   10.270  15.470 deg. for the L =    5, J =    5.5 channel.
       5.5  0.54570371  0.20445680i: elastic S-matrix  @@      0.00  0   0 F  0
 Reaction Xsec     5.5-/ 5 @ 1 =  81.421 , Out:   0.000#


 Total SPIN, PARITY =     6.5 +,      1 chs,      0 cc.  Rmin & Coul turning =    0.3    5.4
   S-matrix    1 =    0.82672   0.11585 for L=    6, J=    6.5 channel on core I =   0.0 from L=    6,  Acc. loss =  0.0 D.
 Elastic phase shift   1 =    3.989   5.173 deg. for the L =    6, J =    6.5 channel.
       6.5  0.82671911  0.11585018i: elastic S-matrix  @@      0.00  0   0 F  0
 Reaction Xsec     6.5+/ 6 @ 1 =  43.599 , Out:   0.000#


 Total SPIN, PARITY =     6.5 -,      1 chs,      0 cc.  Rmin & Coul turning =    0.3    5.4
   S-matrix    1 =    0.94317   0.03170 for L=    7, J=    6.5 channel on core I =   0.0 from L=    7,  Acc. loss =  0.0 D.
 Elastic phase shift   1 =    0.962   1.660 deg. for the L =    7, J =    6.5 channel.
       6.5  0.94317422  0.03169718i: elastic S-matrix  @@      0.00  0   0 F  0
 Reaction Xsec     6.5-/ 7 @ 1 =  15.738 , Out:   0.000#


 Total SPIN, PARITY =     7.5 +,      1 chs,      0 cc.  Rmin & Coul turning =    0.3    6.2
   S-matrix    1 =    0.97985   0.01233 for L=    8, J=    7.5 channel on core I =   0.0 from L=    8,  Acc. loss =  0.0 D.
 Elastic phase shift   1 =    0.360   0.581 deg. for the L =    8, J =    7.5 channel.
       7.5  0.97984604  0.01232778i: elastic S-matrix  @@      0.00  0   0 F  0
 Reaction Xsec     7.5+/ 8 @ 1 =   6.534 , Out:   0.000#


 Total SPIN, PARITY =     7.5 -,      1 chs,      0 cc.  Rmin & Coul turning =    0.3    6.2
   S-matrix    1 =    0.93982   0.04798 for L=    7, J=    7.5 channel on core I =   0.0 from L=    7,  Acc. loss =  0.0 D.
 Elastic phase shift   1 =    1.461   1.741 deg. for the L =    7, J =    7.5 channel.
       7.5  0.93982303  0.04797990i: elastic S-matrix  @@      0.00  0   0 F  0
 Reaction Xsec     7.5-/ 7 @ 1 =  18.811 , Out:   0.000#


 Total SPIN, PARITY =     8.5 +,      1 chs,      0 cc.  Rmin & Coul turning =    0.4    7.0
   S-matrix    1 =    0.97938   0.01761 for L=    8, J=    8.5 channel on core I =   0.0 from L=    8,  Acc. loss =  0.0 D.
 Elastic phase shift   1 =    0.515   0.592 deg. for the L =    8, J =    8.5 channel.
       8.5  0.97937793  0.01760802i: elastic S-matrix  @@      0.00  0   0 F  0
 Reaction Xsec     8.5+/ 8 @ 1 =   7.491 , Out:   0.000#


 Total SPIN, PARITY =     8.5 -,      1 chs,      0 cc.  Rmin & Coul turning =    0.4    7.0
   S-matrix    1 =    0.99300   0.00450 for L=    9, J=    8.5 channel on core I =   0.0 from L=    9,  Acc. loss =  0.0 D.
 Elastic phase shift   1 =    0.130   0.201 deg. for the L =    9, J =    8.5 channel.
       8.5  0.99299651  0.00450090i: elastic S-matrix  @@      0.00  0   0 F  0
 Reaction Xsec     8.5-/ 9 @ 1 =   2.578 , Out:   0.000#


 Total SPIN, PARITY =     9.5 +,      1 chs,      0 cc.  Rmin & Coul turning =    0.4    7.8
   S-matrix    1 =    0.99759   0.00160 for L=   10, J=    9.5 channel on core I =   0.0 from L=   10,  Acc. loss =  0.0 D.
 Elastic phase shift   1 =    0.046   0.069 deg. for the L =   10, J =    9.5 channel.
       9.5  0.99758908  0.00159561i: elastic S-matrix  @@      0.00  0   0 F  0
 Reaction Xsec     9.5+/10 @ 1 =   0.989 , Out:   0.000#


 Total SPIN, PARITY =     9.5 -,      1 chs,      0 cc.  Rmin & Coul turning =    0.4    7.8
   S-matrix    1 =    0.99293   0.00617 for L=    9, J=    9.5 channel on core I =   0.0 from L=    9,  Acc. loss =  0.0 D.
 Elastic phase shift   1 =    0.178   0.203 deg. for the L =    9, J =    9.5 channel.
       9.5  0.99293413  0.00616599i: elastic S-matrix  @@      0.00  0   0 F  0
 Reaction Xsec     9.5-/ 9 @ 1 =   2.886 , Out:   0.000#


 Total SPIN, PARITY =    10.5 +,      1 chs,      0 cc.  Rmin & Coul turning =    0.5    8.7
   S-matrix    1 =    0.99758   0.00212 for L=   10, J=   10.5 channel on core I =   0.0 from L=   10,  Acc. loss =  0.0 D.
 Elastic phase shift   1 =    0.061   0.069 deg. for the L =   10, J =   10.5 channel.
      10.5  0.99758093  0.00211695i: elastic S-matrix  @@      0.00  0   0 F  0
 Reaction Xsec    10.5+/10 @ 1 =   1.091 , Out:   0.000#


 Total SPIN, PARITY =    10.5 -,      1 chs,      0 cc.  Rmin & Coul turning =    0.5    8.7
   S-matrix    1 =    0.99917   0.00056 for L=   11, J=   10.5 channel on core I =   0.0 from L=   11,  Acc. loss =  0.0 D.
 Elastic phase shift   1 =    0.016   0.024 deg. for the L =   11, J =   10.5 channel.
      10.5  0.99917453  0.00055739i: elastic S-matrix  @@      0.00  0   0 F  0
 Reaction Xsec    10.5-/11 @ 1 =   0.373 , Out:   0.000#


 Total SPIN, PARITY =    11.5 +,      1 chs,      0 cc.  Rmin & Coul turning =    0.5    9.5
   S-matrix    1 =    0.99972   0.00019 for L=   12, J=   11.5 channel on core I =   0.0 from L=   12,  Acc. loss =  0.0 D.
 Elastic phase shift   1 =    0.006   0.008 deg. for the L =   12, J =   11.5 channel.
      11.5  0.99971842  0.00019310i: elastic S-matrix  @@      0.00  0   0 F  0
 Reaction Xsec    11.5+/12 @ 1 =   0.139 , Out:   0.000#


 Total SPIN, PARITY =    11.5 -,      1 chs,      0 cc.  Rmin & Coul turning =    0.5    9.5
   S-matrix    1 =    0.99917   0.00072 for L=   11, J=   11.5 channel on core I =   0.0 from L=   11,  Acc. loss =  0.0 D.
 Elastic phase shift   1 =    0.021   0.024 deg. for the L =   11, J =   11.5 channel.
      11.5  0.99917347  0.00072010i: elastic S-matrix  @@      0.00  0   0 F  0
 Reaction Xsec    11.5-/11 @ 1 =   0.407 , Out:   0.000#


 Total SPIN, PARITY =    12.5 +,      1 chs,      0 cc.  Rmin & Coul turning =    0.6   10.3
   S-matrix    1 =    0.99972   0.00024 for L=   12, J=   12.5 channel on core I =   0.0 from L=   12,  Acc. loss =  0.0 D.
 Elastic phase shift   1 =    0.007   0.008 deg. for the L =   12, J =   12.5 channel.
      12.5  0.99971828  0.00024374i: elastic S-matrix  @@      0.00  0   0 F  0
 Reaction Xsec    12.5+/12 @ 1 =   0.150 , Out:   0.000#


 Total SPIN, PARITY =    12.5 -,      1 chs,      0 cc.  Rmin & Coul turning =    0.6   10.3
   S-matrix    1 =    0.99990   0.00007 for L=   13, J=   12.5 channel on core I =   0.0 from L=   13,  Acc. loss =  0.0 D.
 Elastic phase shift   1 =    0.002   0.003 deg. for the L =   13, J =   12.5 channel.
      12.5  0.99990423  0.00006653i: elastic S-matrix  @@      0.00  0   0 F  0
 Reaction Xsec    12.5-/13 @ 1 =   0.051 , Out:   0.000#


 Total SPIN, PARITY =    13.5 +,      1 chs,      0 cc.  Rmin & Coul turning =    0.6   11.1
   S-matrix    1 =    0.99997   0.00002 for L=   14, J=   13.5 channel on core I =   0.0 from L=   14,  Acc. loss =  0.0 D.
 Elastic phase shift   1 =    0.001   0.001 deg. for the L =   14, J =   13.5 channel.
      13.5  0.99996750  0.00002283i: elastic S-matrix  @@      0.00  0   0 F  0
 Reaction Xsec    13.5+/14 @ 1 =   0.019 , Out:   0.000#


 Total SPIN, PARITY =    13.5 -,      1 chs,      0 cc.  Rmin & Coul turning =    0.6   11.1
   S-matrix    1 =    0.99990   0.00008 for L=   13, J=   13.5 channel on core I =   0.0 from L=   13,  Acc. loss =  0.0 D.
 Elastic phase shift   1 =    0.002   0.003 deg. for the L =   13, J =   13.5 channel.
      13.5  0.99990421  0.00008225i: elastic S-matrix  @@      0.00  0   0 F  0
 Reaction Xsec    13.5-/13 @ 1 =   0.055 , Out:   0.000#


 Total SPIN, PARITY =    14.5 +,      1 chs,      0 cc.  Rmin & Coul turning =    0.7   11.9
   S-matrix    1 =    0.99997   0.00003 for L=   14, J=   14.5 channel on core I =   0.0 from L=   14,  Acc. loss =  0.0 D.
 Elastic phase shift   1 =    0.001   0.001 deg. for the L =   14, J =   14.5 channel.
      14.5  0.99996750  0.00002770i: elastic S-matrix  @@      0.00  0   0 F  0
 Reaction Xsec    14.5+/14 @ 1 =   0.020 , Out:   0.000#


 Total SPIN, PARITY =    14.5 -,      1 chs,      0 cc.  Rmin & Coul turning =    0.7   11.9
   S-matrix    1 =    0.99999   0.00001 for L=   15, J=   14.5 channel on core I =   0.0 from L=   15,  Acc. loss =  0.0 D.
 Elastic phase shift   1 =    0.000   0.000 deg. for the L =   15, J =   14.5 channel.
      14.5  0.99998900  0.00000781i: elastic S-matrix  @@      0.00  0   0 F  0
 Reaction Xsec    14.5-/15 @ 1 =   6.784/, Out:   0.000#


 Total SPIN, PARITY =    15.5 +,      1 chs,      0 cc.  Rmin & Coul turning =    0.7   12.7
   S-matrix    1 =    1.00000   0.00000 for L=   16, J=   15.5 channel on core I =   0.0 from L=   16,  Acc. loss =  0.0 D.
 Elastic phase shift   1 =    0.000   0.000 deg. for the L =   16, J =   15.5 channel.
      15.5  0.99999628  0.00000266i: elastic S-matrix  @@      0.00  0   0 F  0
 Reaction Xsec    15.5+/16 @ 1 =   2.446/, Out:   0.000#


 Total SPIN, PARITY =    15.5 -,      1 chs,      0 cc.  Rmin & Coul turning =    0.7   12.7
   S-matrix    1 =    0.99999   0.00001 for L=   15, J=   15.5 channel on core I =   0.0 from L=   15,  Acc. loss =  0.0 D.
 Elastic phase shift   1 =    0.000   0.000 deg. for the L =   15, J =   15.5 channel.
      15.5  0.99998900  0.00000931i: elastic S-matrix  @@      0.00  0   0 F  0
 Reaction Xsec    15.5-/15 @ 1 =   7.236/, Out:   0.000#


 Total SPIN, PARITY =    16.5 +,      1 chs,      0 cc.  Rmin & Coul turning =    0.8   13.5
   S-matrix    1 =    1.00000   0.00000 for L=   16, J=   16.5 channel on core I =   0.0 from L=   16,  Acc. loss =  0.0 D.
 Elastic phase shift   1 =    0.000   0.000 deg. for the L =   16, J =   16.5 channel.
      16.5  0.99999628  0.00000313i: elastic S-matrix  @@      0.00  0   0 F  0
 Reaction Xsec    16.5+/16 @ 1 =   2.599/, Out:   0.000#


 Total SPIN, PARITY =    16.5 -,      1 chs,      0 cc.  Rmin & Coul turning =    0.8   13.5
   S-matrix    1 =    1.00000   0.00000 for L=   17, J=   16.5 channel on core I =   0.0 from L=   17,  Acc. loss =  0.0 D.
 Elastic phase shift   1 =    0.000   0.000 deg. for the L =   17, J =   16.5 channel.
      16.5  0.99999874  0.00000091i: elastic S-matrix  @@      0.00  0   0 F  0
 Reaction Xsec    16.5-/17 @ 1 =   0.877/, Out:   0.000#


 Total SPIN, PARITY =    17.5 +,      1 chs,      0 cc.  Rmin & Coul turning =    0.8   14.3
   S-matrix    1 =    1.00000   0.00000 for L=   18, J=   17.5 channel on core I =   0.0 from L=   18,  Acc. loss =  0.0 D.
 Elastic phase shift   1 =    0.000   0.000 deg. for the L =   18, J =   17.5 channel.
      17.5  0.99999958  0.00000031i: elastic S-matrix  @@      0.00  0   0 F  0
 Reaction Xsec    17.5+/18 @ 1 =   0.313/, Out:   0.000#


 Total SPIN, PARITY =    17.5 -,      1 chs,      0 cc.  Rmin & Coul turning =    0.8   14.3
   S-matrix    1 =    1.00000   0.00000 for L=   17, J=   17.5 channel on core I =   0.0 from L=   17,  Acc. loss =  0.0 D.
 Elastic phase shift   1 =    0.000   0.000 deg. for the L =   17, J =   17.5 channel.
      17.5  0.99999874  0.00000105i: elastic S-matrix  @@      0.00  0   0 F  0
 Reaction Xsec    17.5-/17 @ 1 =   0.929/, Out:   0.000#

 Finished all CC sets @    6.24599960E-03
0CUMULATIVE REACTION cross section                 =  747.09073  <L> =     4.01  <L**2> =     19.6
0CUMULATIVE outgoing cross sections in partition 1 :    0.00000
0Cumulative ABSORBTION by Imaginary Potentials     =  747.09073  <L> =     4.01  <L**2> =     19.6
   Fusion for specific p        M-states :  747.090731  747.090731
0CUMULATIVE OUTGOING cross section                 =    0.00000
 To convert to S-factors (MeV.mb = keV.b),  multiply by  1.2763E+02


 CROSS SECTIONS FOR OUTGOING p        & O20      in state #   1 with spins & parities 0.5  + &  0.0  +;  0

     3.00 deg.: X-S =   1.3114E+05 mb/sr,
+                                         /R =   8.2435E-01
     4.00 deg.: X-S =   3.7142E+04 mb/sr,
+                                         /R =   7.3762E-01
     5.00 deg.: X-S =   1.3801E+04 mb/sr,
+                                         /R =   6.6882E-01
     6.00 deg.: X-S =  6344.667473 mb/sr,
+                                         /R =   6.3724E-01
     7.00 deg.: X-S =  3556.967310 mb/sr,
+                                         /R =   6.6141E-01
     8.00 deg.: X-S =  2391.697659 mb/sr,
+                                         /R =   7.5812E-01
     9.00 deg.: X-S =  1855.483563 mb/sr,
+                                         /R =   9.4129E-01
    10.00 deg.: X-S =  1580.698881 mb/sr,
+                                         /R =   1.2210E+00
    11.00 deg.: X-S =  1418.687734 mb/sr,
+                                         /R =   1.6028E+00
    12.00 deg.: X-S =  1305.643099 mb/sr,
+                                         /R =   2.0867E+00
    13.00 deg.: X-S =  1213.258574 mb/sr,
+                                         /R =   2.6674E+00
    14.00 deg.: X-S =  1128.955596 mb/sr,
+                                         /R =   3.3339E+00
    15.00 deg.: X-S =  1047.407674 mb/sr,
+                                         /R =   4.0700E+00
    16.00 deg.: X-S =   966.705949 mb/sr,
+                                         /R =   4.8552E+00
    17.00 deg.: X-S =   886.548548 mb/sr,
+                                         /R =   5.6650E+00
    18.00 deg.: X-S =   807.356943 mb/sr,
+                                         /R =   6.4727E+00
    19.00 deg.: X-S =   729.834775 mb/sr,
+                                         /R =   7.2503E+00
    20.00 deg.: X-S =   654.745370 mb/sr,
+                                         /R =   7.9698E+00
    21.00 deg.: X-S =   582.800667 mb/sr,
+                                         /R =   8.6049E+00
    22.00 deg.: X-S =   514.608381 mb/sr,
+                                         /R =   9.1320E+00
    23.00 deg.: X-S =   450.650336 mb/sr,
+                                         /R =   9.5313E+00
    24.00 deg.: X-S =   391.277775 mb/sr,
+                                         /R =   9.7880E+00
    25.00 deg.: X-S =   336.716057 mb/sr,
+                                         /R =   9.8924E+00
    26.00 deg.: X-S =   287.074492 mb/sr,
+                                         /R =   9.8410E+00
    27.00 deg.: X-S =   242.358935 mb/sr,
+                                         /R =   9.6359E+00
    28.00 deg.: X-S =   202.485678 mb/sr,
+                                         /R =   9.2851E+00
    29.00 deg.: X-S =   167.295751 mb/sr,
+                                         /R =   8.8019E+00
    30.00 deg.: X-S =   136.569025 mb/sr,
+                                         /R =   8.2041E+00
    31.00 deg.: X-S =   110.037737 mb/sr,
+                                         /R =   7.5133E+00
    32.00 deg.: X-S =    87.399139 mb/sr,
+                                         /R =   6.7539E+00
    33.00 deg.: X-S =    68.327077 mb/sr,
+                                         /R =   5.9519E+00
    34.00 deg.: X-S =    52.482374 mb/sr,
+                                         /R =   5.1339E+00
    35.00 deg.: X-S =    39.521947 mb/sr,
+                                         /R =   4.3261E+00
    36.00 deg.: X-S =    29.106606 mb/sr,
+                                         /R =   3.5531E+00
    37.00 deg.: X-S =    20.907570 mb/sr,
+                                         /R =   2.8373E+00
    38.00 deg.: X-S =    14.611715 mb/sr,
+                                         /R =   2.1977E+00
    39.00 deg.: X-S =     9.925628 mb/sr,
+                                         /R =   1.6498E+00
    40.00 deg.: X-S =     6.578560 mb/sr,
+                                         /R =   1.2051E+00
    41.00 deg.: X-S =     4.324369 mb/sr,
+                                         /R =   8.7079E-01
    42.00 deg.: X-S =     2.942566 mb/sr,
+                                         /R =   6.4973E-01
    43.00 deg.: X-S =     2.238591 mb/sr,
+                                         /R =   5.4072E-01
    44.00 deg.: X-S =     2.043432 mb/sr,
+                                         /R =   5.3871E-01
    45.00 deg.: X-S =     2.212700 mb/sr,
+                                         /R =   6.3529E-01
    46.00 deg.: X-S =     2.625290 mb/sr,
+                                         /R =   8.1918E-01
    47.00 deg.: X-S =     3.181710 mb/sr,
+                                         /R =   1.0768E+00
    48.00 deg.: X-S =     3.802198 mb/sr,
+                                         /R =   1.3931E+00
    49.00 deg.: X-S =     4.424699 mb/sr,
+                                         /R =   1.7518E+00
    50.00 deg.: X-S =     5.002774 mb/sr,
+                                         /R =   2.1365E+00
    51.00 deg.: X-S =     5.503529 mb/sr,
+                                         /R =   2.5309E+00
    52.00 deg.: X-S =     5.905581 mb/sr,
+                                         /R =   2.9196E+00
    53.00 deg.: X-S =     6.197136 mb/sr,
+                                         /R =   3.2885E+00
    54.00 deg.: X-S =     6.374187 mb/sr,
+                                         /R =   3.6250E+00
    55.00 deg.: X-S =     6.438874 mb/sr,
+                                         /R =   3.9185E+00
    56.00 deg.: X-S =     6.398004 mb/sr,
+                                         /R =   4.1608E+00
    57.00 deg.: X-S =     6.261749 mb/sr,
+                                         /R =   4.3455E+00
    58.00 deg.: X-S =     6.042517 mb/sr,
+                                         /R =   4.4688E+00
    59.00 deg.: X-S =     5.753999 mb/sr,
+                                         /R =   4.5292E+00
    60.00 deg.: X-S =     5.410379 mb/sr,
+                                         /R =   4.5269E+00
    61.00 deg.: X-S =     5.025695 mb/sr,
+                                         /R =   4.4644E+00
    62.00 deg.: X-S =     4.613347 mb/sr,
+                                         /R =   4.3458E+00
    63.00 deg.: X-S =     4.185723 mb/sr,
+                                         /R =   4.1764E+00
    64.00 deg.: X-S =     3.753946 mb/sr,
+                                         /R =   3.9630E+00
    65.00 deg.: X-S =     3.327710 mb/sr,
+                                         /R =   3.7128E+00
    66.00 deg.: X-S =     2.915199 mb/sr,
+                                         /R =   3.4340E+00
    67.00 deg.: X-S =     2.523078 mb/sr,
+                                         /R =   3.1346E+00
    68.00 deg.: X-S =     2.156528 mb/sr,
+                                         /R =   2.8229E+00
    69.00 deg.: X-S =     1.819335 mb/sr,
+                                         /R =   2.5068E+00
    70.00 deg.: X-S =     1.513994 mb/sr,
+                                         /R =   2.1937E+00
    71.00 deg.: X-S =     1.241850 mb/sr,
+                                         /R =   1.8905E+00
    72.00 deg.: X-S =     1.003238 mb/sr,
+                                         /R =   1.6031E+00
    73.00 deg.: X-S =     0.797639 mb/sr,
+                                         /R =   1.3367E+00
    74.00 deg.: X-S =     0.623823 mb/sr,
+                                         /R =   1.0955E+00
    75.00 deg.: X-S =     0.480001 mb/sr,
+                                         /R =   8.8252E-01
    76.00 deg.: X-S =     0.363959 mb/sr,
+                                         /R =   7.0002E-01
    77.00 deg.: X-S =     0.273185 mb/sr,
+                                         /R =   5.4922E-01
    78.00 deg.: X-S =     0.204977 mb/sr,
+                                         /R =   4.3041E-01
    79.00 deg.: X-S =     0.156549 mb/sr,
+                                         /R =   3.4307E-01
    80.00 deg.: X-S =     0.125110 mb/sr,
+                                         /R =   2.8593E-01
    81.00 deg.: X-S =     0.107936 mb/sr,
+                                         /R =   2.5706E-01
    82.00 deg.: X-S =     0.102429 mb/sr,
+                                         /R =   2.5403E-01
    83.00 deg.: X-S =     0.106158 mb/sr,
+                                         /R =   2.7397E-01
    84.00 deg.: X-S =     0.116891 mb/sr,
+                                         /R =   3.1370E-01
    85.00 deg.: X-S =     0.132622 mb/sr,
+                                         /R =   3.6986E-01
    86.00 deg.: X-S =     0.151575 mb/sr,
+                                         /R =   4.3899E-01
    87.00 deg.: X-S =     0.172215 mb/sr,
+                                         /R =   5.1762E-01
    88.00 deg.: X-S =     0.193244 mb/sr,
+                                         /R =   6.0240E-01
    89.00 deg.: X-S =     0.213589 mb/sr,
+                                         /R =   6.9011E-01
    90.00 deg.: X-S =     0.232396 mb/sr,
+                                         /R =   7.7779E-01
    91.00 deg.: X-S =     0.249010 mb/sr,
+                                         /R =   8.6273E-01
    92.00 deg.: X-S =     0.262958 mb/sr,
+                                         /R =   9.4257E-01
    93.00 deg.: X-S =     0.273929 mb/sr,
+                                         /R =   1.0153E+00
    94.00 deg.: X-S =     0.281756 mb/sr,
+                                         /R =   1.0791E+00
    95.00 deg.: X-S =     0.286395 mb/sr,
+                                         /R =   1.1329E+00
    96.00 deg.: X-S =     0.287903 mb/sr,
+                                         /R =   1.1755E+00
    97.00 deg.: X-S =     0.286421 mb/sr,
+                                         /R =   1.2065E+00
    98.00 deg.: X-S =     0.282158 mb/sr,
+                                         /R =   1.2255E+00
    99.00 deg.: X-S =     0.275369 mb/sr,
+                                         /R =   1.2325E+00
   100.00 deg.: X-S =     0.266346 mb/sr,
+                                         /R =   1.2279E+00
   101.00 deg.: X-S =     0.255405 mb/sr,
+                                         /R =   1.2121E+00
   102.00 deg.: X-S =     0.242868 mb/sr,
+                                         /R =   1.1860E+00
   103.00 deg.: X-S =     0.229060 mb/sr,
+                                         /R =   1.1503E+00
   104.00 deg.: X-S =     0.214298 mb/sr,
+                                         /R =   1.1062E+00
   105.00 deg.: X-S =     0.198884 mb/sr,
+                                         /R =   1.0548E+00
   106.00 deg.: X-S =     0.183102 mb/sr,
+                                         /R =   9.9719E-01
   107.00 deg.: X-S =     0.167212 mb/sr,
+                                         /R =   9.3470E-01
   108.00 deg.: X-S =     0.151446 mb/sr,
+                                         /R =   8.6852E-01
   109.00 deg.: X-S =     0.136012 mb/sr,
+                                         /R =   7.9986E-01
   110.00 deg.: X-S =     0.121086 mb/sr,
+                                         /R =   7.2987E-01
   111.00 deg.: X-S =     0.106818 mb/sr,
+                                         /R =   6.5965E-01
   112.00 deg.: X-S =     0.093329 mb/sr,
+                                         /R =   5.9021E-01
   113.00 deg.: X-S =     0.080714 mb/sr,
+                                         /R =   5.2248E-01
   114.00 deg.: X-S =     0.069042 mb/sr,
+                                         /R =   4.5727E-01
   115.00 deg.: X-S =     0.058359 mb/sr,
+                                         /R =   3.9529E-01
   116.00 deg.: X-S =     0.048690 mb/sr,
+                                         /R =   3.3714E-01
   117.00 deg.: X-S =     0.040042 mb/sr,
+                                         /R =   2.8331E-01
   118.00 deg.: X-S =     0.032404 mb/sr,
+                                         /R =   2.3418E-01
   119.00 deg.: X-S =     0.025753 mb/sr,
+                                         /R =   1.9002E-01
   120.00 deg.: X-S =     0.020050 mb/sr,
+                                         /R =   1.5099E-01
   121.00 deg.: X-S =     0.015251 mb/sr,
+                                         /R =   1.1716E-01
   122.00 deg.: X-S =     0.011300 mb/sr,
+                                         /R =   8.8525E-02
   123.00 deg.: X-S =     0.008138 mb/sr,
+                                         /R =   6.4987E-02
   124.00 deg.: X-S =     0.005701 mb/sr,
+                                         /R =   4.6384E-02
   125.00 deg.: X-S =     0.003921 mb/sr,
+                                         /R =   3.2492E-02
   126.00 deg.: X-S =     0.002730 mb/sr,
+                                         /R =   2.3037E-02
   127.00 deg.: X-S =     0.002061 mb/sr,
+                                         /R =   1.7702E-02
   128.00 deg.: X-S =     0.001848 mb/sr,
+                                         /R =   1.6141E-02
   129.00 deg.: X-S =     0.002024 mb/sr,
+                                         /R =   1.7983E-02
   130.00 deg.: X-S =     0.002529 mb/sr,
+                                         /R =   2.2840E-02
   131.00 deg.: X-S =     0.003303 mb/sr,
+                                         /R =   3.0320E-02
   132.00 deg.: X-S =     0.004293 mb/sr,
+                                         /R =   4.0028E-02
   133.00 deg.: X-S =     0.005447 mb/sr,
+                                         /R =   5.1575E-02
   134.00 deg.: X-S =     0.006719 mb/sr,
+                                         /R =   6.4585E-02
   135.00 deg.: X-S =     0.008068 mb/sr,
+                                         /R =   7.8695E-02
   136.00 deg.: X-S =     0.009457 mb/sr,
+                                         /R =   9.3564E-02
   137.00 deg.: X-S =     0.010852 mb/sr,
+                                         /R =   1.0888E-01
   138.00 deg.: X-S =     0.012226 mb/sr,
+                                         /R =   1.2433E-01
   139.00 deg.: X-S =     0.013554 mb/sr,
+                                         /R =   1.3968E-01
   140.00 deg.: X-S =     0.014817 mb/sr,
+                                         /R =   1.5467E-01
   141.00 deg.: X-S =     0.015998 mb/sr,
+                                         /R =   1.6910E-01
   142.00 deg.: X-S =     0.017084 mb/sr,
+                                         /R =   1.8279E-01
   143.00 deg.: X-S =     0.018066 mb/sr,
+                                         /R =   1.9560E-01
   144.00 deg.: X-S =     0.018936 mb/sr,
+                                         /R =   2.0740E-01
   145.00 deg.: X-S =     0.019693 mb/sr,
+                                         /R =   2.1811E-01
   146.00 deg.: X-S =     0.020333 mb/sr,
+                                         /R =   2.2765E-01
   147.00 deg.: X-S =     0.020857 mb/sr,
+                                         /R =   2.3599E-01
   148.00 deg.: X-S =     0.021268 mb/sr,
+                                         /R =   2.4311E-01
   149.00 deg.: X-S =     0.021570 mb/sr,
+                                         /R =   2.4899E-01
   150.00 deg.: X-S =     0.021768 mb/sr,
+                                         /R =   2.5368E-01
   151.00 deg.: X-S =     0.021867 mb/sr,
+                                         /R =   2.5719E-01
   152.00 deg.: X-S =     0.021875 mb/sr,
+                                         /R =   2.5958E-01
   153.00 deg.: X-S =     0.021800 mb/sr,
+                                         /R =   2.6091E-01
   154.00 deg.: X-S =     0.021650 mb/sr,
+                                         /R =   2.6124E-01
   155.00 deg.: X-S =     0.021433 mb/sr,
+                                         /R =   2.6067E-01
   156.00 deg.: X-S =     0.021156 mb/sr,
+                                         /R =   2.5927E-01
   157.00 deg.: X-S =     0.020830 mb/sr,
+                                         /R =   2.5713E-01
   158.00 deg.: X-S =     0.020461 mb/sr,
+                                         /R =   2.5434E-01
   159.00 deg.: X-S =     0.020059 mb/sr,
+                                         /R =   2.5099E-01
   160.00 deg.: X-S =     0.019629 mb/sr,
+                                         /R =   2.4717E-01
   161.00 deg.: X-S =     0.019181 mb/sr,
+                                         /R =   2.4298E-01
   162.00 deg.: X-S =     0.018720 mb/sr,
+                                         /R =   2.3849E-01
   163.00 deg.: X-S =     0.018253 mb/sr,
+                                         /R =   2.3380E-01
   164.00 deg.: X-S =     0.017786 mb/sr,
+                                         /R =   2.2897E-01
   165.00 deg.: X-S =     0.017325 mb/sr,
+                                         /R =   2.2410E-01
   166.00 deg.: X-S =     0.016874 mb/sr,
+                                         /R =   2.1923E-01
   167.00 deg.: X-S =     0.016437 mb/sr,
+                                         /R =   2.1445E-01
   168.00 deg.: X-S =     0.016020 mb/sr,
+                                         /R =   2.0980E-01
   169.00 deg.: X-S =     0.015625 mb/sr,
+                                         /R =   2.0534E-01
   170.00 deg.: X-S =     0.015255 mb/sr,
+                                         /R =   2.0113E-01
   171.00 deg.: X-S =     0.014913 mb/sr,
+                                         /R =   1.9719E-01
   172.00 deg.: X-S =     0.014602 mb/sr,
+                                         /R =   1.9358E-01
   173.00 deg.: X-S =     0.014323 mb/sr,
+                                         /R =   1.9032E-01
   174.00 deg.: X-S =     0.014078 mb/sr,
+                                         /R =   1.8744E-01
   175.00 deg.: X-S =     0.013869 mb/sr,
+                                         /R =   1.8496E-01
   176.00 deg.: X-S =     0.013696 mb/sr,
+                                         /R =   1.8291E-01
   177.00 deg.: X-S =     0.013561 mb/sr,
+                                         /R =   1.8130E-01
   178.00 deg.: X-S =     0.013464 mb/sr,
+                                         /R =   1.8014E-01
   179.00 deg.: X-S =     0.013406 mb/sr,
+                                         /R =   1.7944E-01
   179.99 deg.: X-S =     0.013386 mb/sr,
+                                         /R =   1.7920E-01
                                           Integrated 1860.1053 mb, over [   3.000, 180.000] at    35.0000 MeV 
 Finished all xsecs @    7.36599974E-03

  The following files have been created:
   3:local copy of User input.            6:standard output.                   
   7:elastic  S-matrix elements.         13:total cross sections/state.        
  16:tables of cross sections.           38:cross sections for each J/pi.      
  39:cross sections for each Ecm.        40:all cross sectns. for each Elab.   
  45:scat phase shift as E functions.    56:Fusion for each Jtotal.            
 201:Separate cross sections.           

 PARAMETERS : MAXQRN   MFNL   MLOC  LMAX1 MCLIST
    ALLOWED :      1      1      4     70      6
    REQUIRED:      0      0      4     19      4


 ACCURACY ANALYSIS at    35.000 MeV :

  Elastic h*k = 0.037 so OK       compared with 0.200

   Real(S-el) > 0.01 first at J =       2.5
   Real(S-el) > 0.10 first at J =       3.5
   Real(S-el) > 0.50 first at J =       4.5
   Real(S-el) > 0.90 first at J =       6.5
   Real(S-el) > 0.99 first at J =       8.5
   R-turn =    14.32 fm    at J =      17.5

 Forward-angle excitation cut off below   1.361 deg by max JT =      17.5
                              and below   0.330 deg by max R.

