 FRESCO - FRES 3.4: Coupled Reaction Channels
 Assuming NAMELIST input.

 p+O20 1st with BG ;                                                             

   0.030  60.000   0.500   0.000   0.000   0.000   0.000   0.000   0.000   0.000

 Centre-of-mass Range is   2002 * 0.0300 fm., Maximum at  60.00 fm., Interpolating NL forms every  0.51 fm.
 Non - locality width is      4 * 0.0300 fm., Maximum of   0.09 fm., Centred at  0.00 fm.
 2-Nucleon Separation of      0 * 0.5100 fm., Maximum of   0.00 fm., Minimum at  0.00 fm.
 Maximum single particle bins of 59.6700 fm.
               M,Mint =         2001        1990


 Range of total J is     0.0 <= J <=    50.0 (at least     0.0) and Absorbtion =>    -1.0000 mb.
 Dry Run = F, CC set limits =  0  0, Relativistic kinematics =  , Both/Far/Near Analyses =  1                     

 Cross Sections (and up to T0 for 0=projectile) for Theta from   3.0 to-180.0 in steps of  1.0 degrees, DGAM=0,  Coordinates = 0 (Mads)

 Lower Radial Cutoff = maximum of -1.60*L*h &       0.0 fm.,  Lower Cutoff for Couplings =   0.0  fm.


 Iterate Couplings between   0 and   1 times, to  0.000 % if sooner.                                          
  Block solved exactly =   2 chs., with Pade = 0 & Isocen =  =0, NOSOL = F, initwf =  0
  NL quadrature with   18 Gaussian points, Calculate multipoles up to    56 from   0
  M-transfers for lp+lt greater than or equal to  6, Angular Integration Cutoff below  2.7778 %


 Trace switches are :  CHANS =  1, LISTCC =  0, TRENEG =  0, CDETR =  0, SMATS =  2, XSTABL =  1, NLPL =  0

                       WAVES =  0, LAMPL =  0, VEFF =  0, KFUS =  0, WDISK =  0, BPM =  0, MELFIL =  0

                       CDCC =  0, NFUS =  0

 Using unit mass = 1.000000 amu and 1/fine-structure constant = 137.03599 ( 1.000000 * true ) with hc = 197.32705 MeV.fm,
  thus 2*amu/hbar^2 = 0.0478450 = 1/20.9008 and Coulomb constant = 0.1574855 so e^2 = 1.43997, and nuclear magneton= 0.1261183

 Now pre-scan input and save to file 3



 *********** PARTITION NUMBER  1 ******************************************************************************************

   PROJ=p          MASS=  1.0073 Z=   1.0,        # STATES=    2T, TARG=O20      MASS= 19.9997 Z=   8.0,     Q-VALUE =  -0.0000 MEV.

     1:  J= 0.5+ (B# 1), E=  0.0000, K= 0.5              Potl#  1       J= 0.0+ (B# 1), E=  0.0000, K= 0.0    

     2:  J= 0.5+ (B# 1), E=  0.0000, K= 0.5              Potl#  1       J= 2.0+ (B# 1), E=  1.6700, K= 0.0    
                                  (Just State  1)


 ************************************************************************************************************************************

 The following POTENTIALS are defined :

  KP#       TYPE      IT    SHAPE      at     V1        r1        a1        V2        r2        a2        A-in     A-used


                                            A#1       A#2        r0c       ac                                                h @ 1
    1    0=Coulomb       0=CHARGE (WS)  1    20.000     0.000    1.2000    0.0000    0.0000    0.0000     0.000    20.000   0.03000

                                           Mn(E1)    Mn(E2)    Mn(E3)  .....
    1   11=Target defm  10=derivatives  2    0.0000    5.3000    0.0000    0.0000    0.0000    0.0000     0.000     3.257= RADIUS

              At    2 is k =  2 (Potl. beta = 0.26155)
                                     Beta of targ. = 0.26155 (using radius of 3.257 fm.).

    1    1=Volume        0=Woods-Saxon  3   46.1325    1.1700    0.7500    0.0000    0.0000    0.0000     0.000    20.000

                                            Def1      Def2      Def3   .....
    1   11=Target defm  10=derivatives  4    0.0000    2.0643    0.0000    0.0000    0.0000    0.0000     0.000     3.176= RADIUS

              At    4 is k =  2 (Potl. beta = 0.65000)
                                     Beta of targ. = 0.65000 (using radius of 3.176 fm.).

    1    1=Volume        0=Woods-Saxon  5    0.0000    0.0000    0.0000    6.8194    1.3200    0.6500     0.000    20.000

                                            Def1      Def2      Def3   .....
    1   11=Target defm  10=derivatives  6    0.0000    2.3290    0.0000    0.0000    0.0000    0.0000     0.000     3.583= RADIUS

              At    6 is k =  2 (Potl. beta = 0.65000)
                                     Beta of targ. = 0.65000 (using radius of 3.583 fm.).

    1    2=Surface       0=Woods-Saxon  7    0.0000    0.0000    0.0000    3.3825    1.3200    0.6500     0.000    20.000

                                            Def1      Def2      Def3   .....
    1   11=Target defm  10=derivatives  8    0.0000    2.3290    0.0000    0.0000    0.0000    0.0000     0.000     3.583= RADIUS

              At    8 is k =  2 (Potl. beta = 0.65000)
                                     Beta of targ. = 0.65000 (using radius of 3.583 fm.).

    1    3=Projtl S.O.   0=Woods-Saxon  9    3.1000    1.0100    0.7500    0.0000    0.0000    0.0000     0.000    20.000

 Incoming partition  1 in excitation state # 1,   Laboratory Energy given for partition  1 Nucleus 1 in Excitation pair 1

0Lab. ENERGY ranges :

   from    43.0000     to   0.00000     in     0 intervals
   from    0.00000     to   0.00000     in     0 intervals
   from    0.00000     to   0.00000     in     0 intervals

 Largest real,imaginary parts of any form factor at R=   59.52 are   2.42E-02  3.62E-32 MeV
 Finished all Couplings @    6.02999935E-04           9

 Symmetric Hamiltonian
1***********************************************************************************************************************************
************************************************************************************************************************************

        INCOMING p        ;    LABORATORY p        ENERGY =   43.000     MeV.

 ***********************************************************************************************************************************
 ***********************************************************************************************************************************

 Allocate arrays for            3  channels, of which            3  need wfs.

 ######################################################################################################################
 #                                                                                                                    #
 # Total SPIN and PARITY =     0.5 +,      3 channels,    3 in 1st block.  Rmin & Coul turning =    0.0    0.3 fm.  #
 #                                                                                                                    #
 ######################################################################################################################



    C Projectl Target   #   EX.   (L  Proj) J  + Targ = Jtotal     E-cm      Re K     Re Eta     RM*K            CH
    1 p        O20      #    1: I   0 0.5    0.5  0.0     0.5    40.93817   1.37053   0.19283   82.2315   0.25828   0.42881 1 1 1   1
    2 p        O20      #    2:     2 0.5    1.5  2.0     0.5    39.26817   1.34228   0.19689   80.5368  -0.46952   0.17403 1 1 1   2
    3 p        O20      #    2:     2 0.5    2.5  2.0     0.5    39.26817   1.34228   0.19689   80.5368  -0.46952   0.17403 1 1 1   2
   S-matrix    1 =   -0.00613  -0.36403 for L=    0, J=    0.5 channel on core I =   0.0 from L=    0,  Acc. loss =  0.0 D.
 Elastic phase shift   1 =  -45.482  28.945 deg. for the L =    0, J =    0.5 channel.
       0.5 -0.00612531 -0.36403271i: elastic S-matrix  @@      0.00  0   0 F  0
 Reaction Xsec     0.5+/ 0 @ 1 =  14.508 , Out:   0.000#   0.955   13.553f


 Total SPIN, PARITY =     0.5 -,      3 chs,      3 cc.  Rmin & Coul turning =    0.0    0.3
   S-matrix    1 =   -0.20833  -0.27799 for L=    1, J=    0.5 channel on core I =   0.0 from L=    1,  Acc. loss =  0.0 D.
 Elastic phase shift   1 =  -63.424  30.289 deg. for the L =    1, J =    0.5 channel.
       0.5 -0.20832870 -0.27799410i: elastic S-matrix  @@      0.00  0   0 F  0
 Reaction Xsec     0.5-/ 1 @ 1 =  14.707 , Out:   0.000#   0.824   13.882f

 Allocate arrays for            5  channels, of which            5  need wfs.

 Total SPIN, PARITY =     1.5 +,      5 chs,      5 cc.  Rmin & Coul turning =    0.0    1.2
   S-matrix    1 =   -0.34284  -0.13697 for L=    2, J=    1.5 channel on core I =   0.0 from L=    2,  Acc. loss =  0.0 D.
 Elastic phase shift   1 =  -79.112  28.546 deg. for the L =    2, J =    1.5 channel.
       1.5 -0.34284146 -0.13696796i: elastic S-matrix  @@      0.00  0   0 F  0
 Reaction Xsec     1.5+/ 2 @ 1 =  28.891 , Out:   0.000#   1.845   27.046f


 Total SPIN, PARITY =     1.5 -,      5 chs,      5 cc.  Rmin & Coul turning =    0.0    1.2
   S-matrix    1 =   -0.13622  -0.32901 for L=    1, J=    1.5 channel on core I =   0.0 from L=    1,  Acc. loss =  0.0 D.
 Elastic phase shift   1 =  -56.246  29.581 deg. for the L =    1, J =    1.5 channel.
       1.5 -0.13622289 -0.32900920i: elastic S-matrix  @@      0.00  0   0 F  0
 Reaction Xsec     1.5-/ 1 @ 1 =  29.209 , Out:   0.000#   1.588   27.621f

 Allocate arrays for            6  channels, of which            6  need wfs.

 Total SPIN, PARITY =     2.5 +,      6 chs,      6 cc.  Rmin & Coul turning =    0.1    1.9
   S-matrix    1 =   -0.26633  -0.25884 for L=    2, J=    2.5 channel on core I =   0.0 from L=    2,  Acc. loss =  0.0 D.
 Elastic phase shift   1 =  -67.909  28.376 deg. for the L =    2, J =    2.5 channel.
       2.5 -0.26632923 -0.25883863i: elastic S-matrix  @@      0.00  0   0 F  0
 Reaction Xsec     2.5+/ 2 @ 1 =  43.255 , Out:   0.000#   2.630   40.625f


 Total SPIN, PARITY =     2.5 -,      6 chs,      6 cc.  Rmin & Coul turning =    0.1    1.9
   S-matrix    1 =   -0.34906   0.03941 for L=    3, J=    2.5 channel on core I =   0.0 from L=    3,  Acc. loss =  0.0 D.
 Elastic phase shift   1 =   86.779  29.971 deg. for the L =    3, J =    2.5 channel.
       2.5 -0.34905509  0.03941054i: elastic S-matrix  @@      0.00  0   0 F  0
 Reaction Xsec     2.5-/ 3 @ 1 =  43.985 , Out:   0.000#   2.491   41.494f


 Total SPIN, PARITY =     3.5 +,      6 chs,      6 cc.  Rmin & Coul turning =    0.1    2.7
   S-matrix    1 =   -0.09597   0.23282 for L=    4, J=    3.5 channel on core I =   0.0 from L=    4,  Acc. loss =  0.0 D.
 Elastic phase shift   1 =   56.201  39.506 deg. for the L =    4, J =    3.5 channel.
       3.5 -0.09597226  0.23282213i: elastic S-matrix  @@      0.00  0   0 F  0
 Reaction Xsec     3.5+/ 4 @ 1 =  62.659 , Out:   0.000#   5.354   57.304f


 Total SPIN, PARITY =     3.5 -,      6 chs,      6 cc.  Rmin & Coul turning =    0.1    2.7
   S-matrix    1 =   -0.35477  -0.14165 for L=    3, J=    3.5 channel on core I =   0.0 from L=    3,  Acc. loss =  0.0 D.
 Elastic phase shift   1 =  -79.117  27.569 deg. for the L =    3, J =    3.5 channel.
       3.5 -0.35476724 -0.14164772i: elastic S-matrix  @@      0.00  0   0 F  0
 Reaction Xsec     3.5-/ 3 @ 1 =  57.139 , Out:   0.000#   3.049   54.090f


 Total SPIN, PARITY =     4.5 +,      6 chs,      6 cc.  Rmin & Coul turning =    0.2    3.4
   S-matrix    1 =   -0.24937   0.10099 for L=    4, J=    4.5 channel on core I =   0.0 from L=    4,  Acc. loss =  0.0 D.
 Elastic phase shift   1 =   78.977  37.611 deg. for the L =    4, J =    4.5 channel.
       4.5 -0.24937307  0.10098586i: elastic S-matrix  @@      0.00  0   0 F  0
 Reaction Xsec     4.5+/ 4 @ 1 =  77.574 , Out:   0.000#   5.807   71.767f


 Total SPIN, PARITY =     4.5 -,      6 chs,      6 cc.  Rmin & Coul turning =    0.2    3.4
   S-matrix    1 =    0.33915   0.32327 for L=    5, J=    4.5 channel on core I =   0.0 from L=    5,  Acc. loss =  0.0 D.
 Elastic phase shift   1 =   21.813  21.719 deg. for the L =    5, J =    4.5 channel.
       4.5  0.33915050  0.32327172i: elastic S-matrix  @@      0.00  0   0 F  0
 Reaction Xsec     4.5-/ 5 @ 1 =  65.268 , Out:   0.000#   5.904   59.364f


 Total SPIN, PARITY =     5.5 +,      6 chs,      6 cc.  Rmin & Coul turning =    0.2    4.1
   S-matrix    1 =    0.71052   0.24512 for L=    6, J=    5.5 channel on core I =   0.0 from L=    6,  Acc. loss =  0.0 D.
 Elastic phase shift   1 =    9.517   8.180 deg. for the L =    6, J =    5.5 channel.
       5.5  0.71052312  0.24512218i: elastic S-matrix  @@      0.00  0   0 F  0
 Reaction Xsec     5.5+/ 6 @ 1 =  43.660 , Out:   0.000#   3.683   39.977f


 Total SPIN, PARITY =     5.5 -,      6 chs,      6 cc.  Rmin & Coul turning =    0.2    4.1
   S-matrix    1 =    0.15399   0.34658 for L=    5, J=    5.5 channel on core I =   0.0 from L=    5,  Acc. loss =  0.0 D.
 Elastic phase shift   1 =   33.022  27.776 deg. for the L =    5, J =    5.5 channel.
       5.5  0.15398967  0.34658025i: elastic S-matrix  @@      0.00  0   0 F  0
 Reaction Xsec     5.5-/ 5 @ 1 =  85.919 , Out:   0.000#   7.733   78.185f


 Total SPIN, PARITY =     6.5 +,      6 chs,      6 cc.  Rmin & Coul turning =    0.3    4.9
   S-matrix    1 =    0.63110   0.33065 for L=    6, J=    6.5 channel on core I =   0.0 from L=    6,  Acc. loss =  0.0 D.
 Elastic phase shift   1 =   13.826   9.712 deg. for the L =    6, J =    6.5 channel.
       6.5  0.63109543  0.33065467i: elastic S-matrix  @@      0.00  0   0 F  0
 Reaction Xsec     6.5+/ 6 @ 1 =  57.647 , Out:   0.000#   4.554   53.093f


 Total SPIN, PARITY =     6.5 -,      6 chs,      6 cc.  Rmin & Coul turning =    0.3    4.9
   S-matrix    1 =    0.89143   0.13021 for L=    7, J=    6.5 channel on core I =   0.0 from L=    7,  Acc. loss =  0.0 D.
 Elastic phase shift   1 =    4.155   2.990 deg. for the L =    7, J =    6.5 channel.
       6.5  0.89142805  0.13020501i: elastic S-matrix  @@      0.00  0   0 F  0
 Reaction Xsec     6.5-/ 7 @ 1 =  22.058 , Out:   0.000#   1.943   20.115f


 Total SPIN, PARITY =     7.5 +,      6 chs,      6 cc.  Rmin & Coul turning =    0.3    5.6
   S-matrix    1 =    0.96129   0.06049 for L=    8, J=    7.5 channel on core I =   0.0 from L=    8,  Acc. loss =  0.0 D.
 Elastic phase shift   1 =    1.800   1.074 deg. for the L =    8, J =    7.5 channel.
       7.5  0.96129276  0.06049151i: elastic S-matrix  @@      0.00  0   0 F  0
 Reaction Xsec     7.5+/ 8 @ 1 =   9.668 , Out:   0.000#   0.651    9.018f


 Total SPIN, PARITY =     7.5 -,      6 chs,      6 cc.  Rmin & Coul turning =    0.3    5.6
   S-matrix    1 =    0.87399   0.18005 for L=    7, J=    7.5 channel on core I =   0.0 from L=    7,  Acc. loss =  0.0 D.
 Elastic phase shift   1 =    5.820   3.263 deg. for the L =    7, J =    7.5 channel.
       7.5  0.87398842  0.18005004i: elastic S-matrix  @@      0.00  0   0 F  0
 Reaction Xsec     7.5-/ 7 @ 1 =  27.259 , Out:   0.000#   2.317   24.943f


 Total SPIN, PARITY =     8.5 +,      6 chs,      6 cc.  Rmin & Coul turning =    0.4    6.3
   S-matrix    1 =    0.95787   0.08227 for L=    8, J=    8.5 channel on core I =   0.0 from L=    8,  Acc. loss =  0.0 D.
 Elastic phase shift   1 =    2.455   1.128 deg. for the L =    8, J =    8.5 channel.
       8.5  0.95786804  0.08227451i: elastic S-matrix  @@      0.00  0   0 F  0
 Reaction Xsec     8.5+/ 8 @ 1 =  11.398 , Out:   0.000#   0.800   10.598f


 Total SPIN, PARITY =     8.5 -,      6 chs,      6 cc.  Rmin & Coul turning =    0.4    6.3
   S-matrix    1 =    0.98665   0.02617 for L=    9, J=    8.5 channel on core I =   0.0 from L=    9,  Acc. loss =  0.0 D.
 Elastic phase shift   1 =    0.760   0.375 deg. for the L =    9, J =    8.5 channel.
       8.5  0.98665412  0.02617142i: elastic S-matrix  @@      0.00  0   0 F  0
 Reaction Xsec     8.5-/ 9 @ 1 =   3.888 , Out:   0.000#   0.143    3.745f


 Total SPIN, PARITY =     9.5 +,      6 chs,      6 cc.  Rmin & Coul turning =    0.4    7.1
   S-matrix    1 =    0.99540   0.01089 for L=   10, J=    9.5 channel on core I =   0.0 from L=   10,  Acc. loss =  0.0 D.
 Elastic phase shift   1 =    0.313   0.130 deg. for the L =   10, J =    9.5 channel.
       9.5  0.99540145  0.01088991i: elastic S-matrix  @@      0.00  0   0 F  0
 Reaction Xsec     9.5+/10 @ 1 =   1.515 , Out:   0.000#   0.025    1.490f


 Total SPIN, PARITY =     9.5 -,      6 chs,      6 cc.  Rmin & Coul turning =    0.4    7.1
   S-matrix    1 =    0.98604   0.03522 for L=    9, J=    9.5 channel on core I =   0.0 from L=    9,  Acc. loss =  0.0 D.
 Elastic phase shift   1 =    1.023   0.385 deg. for the L =    9, J =    9.5 channel.
       9.5  0.98603711  0.03522247i: elastic S-matrix  @@      0.00  0   0 F  0
 Reaction Xsec     9.5-/ 9 @ 1 =   4.431 , Out:   0.000#   0.170    4.261f


 Total SPIN, PARITY =    10.5 +,      6 chs,      6 cc.  Rmin & Coul turning =    0.5    7.8
   S-matrix    1 =    0.99530   0.01459 for L=   10, J=   10.5 channel on core I =   0.0 from L=   10,  Acc. loss =  0.0 D.
 Elastic phase shift   1 =    0.420   0.132 deg. for the L =   10, J =   10.5 channel.
      10.5  0.99529831  0.01458622i: elastic S-matrix  @@      0.00  0   0 F  0
 Reaction Xsec    10.5+/10 @ 1 =   1.687 , Out:   0.000#   0.028    1.658f


 Total SPIN, PARITY =    10.5 -,      6 chs,      6 cc.  Rmin & Coul turning =    0.5    7.8
   S-matrix    1 =    0.99840   0.00446 for L=   11, J=   10.5 channel on core I =   0.0 from L=   11,  Acc. loss =  0.0 D.
 Elastic phase shift   1 =    0.128   0.046 deg. for the L =   11, J =   10.5 channel.
      10.5  0.99839812  0.00445753i: elastic S-matrix  @@      0.00  0   0 F  0
 Reaction Xsec    10.5-/11 @ 1 =   0.585 , Out:   0.000#   3.543/   0.582f


 Total SPIN, PARITY =    11.5 +,      6 chs,      6 cc.  Rmin & Coul turning =    0.5    8.5
   S-matrix    1 =    0.99944   0.00181 for L=   12, J=   11.5 channel on core I =   0.0 from L=   12,  Acc. loss =  0.0 D.
 Elastic phase shift   1 =    0.052   0.016 deg. for the L =   12, J =   11.5 channel.
      11.5  0.99943719  0.00181211i: elastic S-matrix  @@      0.00  0   0 F  0
 Reaction Xsec    11.5+/12 @ 1 =   0.225 , Out:   0.000#   0.391/   0.225f


 Total SPIN, PARITY =    11.5 -,      6 chs,      6 cc.  Rmin & Coul turning =    0.5    8.5
   S-matrix    1 =    0.99838   0.00596 for L=   11, J=   11.5 channel on core I =   0.0 from L=   11,  Acc. loss =  0.0 D.
 Elastic phase shift   1 =    0.171   0.046 deg. for the L =   11, J =   11.5 channel.
      11.5  0.99838118  0.00596262i: elastic S-matrix  @@      0.00  0   0 F  0
 Reaction Xsec    11.5-/11 @ 1 =   0.642 , Out:   0.000#   3.947/   0.638f


 Total SPIN, PARITY =    12.5 +,      6 chs,      6 cc.  Rmin & Coul turning =    0.6    9.3
   S-matrix    1 =    0.99943   0.00242 for L=   12, J=   12.5 channel on core I =   0.0 from L=   12,  Acc. loss =  0.0 D.
 Elastic phase shift   1 =    0.069   0.016 deg. for the L =   12, J =   12.5 channel.
      12.5  0.99943441  0.00242448i: elastic S-matrix  @@      0.00  0   0 F  0
 Reaction Xsec    12.5+/12 @ 1 =   0.245 , Out:   0.000#   0.428/   0.244f


 Total SPIN, PARITY =    12.5 -,      6 chs,      6 cc.  Rmin & Coul turning =    0.6    9.3
   S-matrix    1 =    0.99980   0.00073 for L=   13, J=   12.5 channel on core I =   0.0 from L=   13,  Acc. loss =  0.0 D.
 Elastic phase shift   1 =    0.021   0.006 deg. for the L =   13, J =   12.5 channel.
      12.5  0.99980129  0.00073408i: elastic S-matrix  @@      0.00  0   0 F  0
 Reaction Xsec    12.5-/13 @ 1 =   0.086 , Out:   0.000#   0.085/   0.086f


 Total SPIN, PARITY =    13.5 +,      6 chs,      6 cc.  Rmin & Coul turning =    0.6   10.0
   S-matrix    1 =    0.99993   0.00030 for L=   14, J=   13.5 channel on core I =   0.0 from L=   14,  Acc. loss =  0.0 D.
 Elastic phase shift   1 =    0.008   0.002 deg. for the L =   14, J =   13.5 channel.
      13.5  0.99992962  0.00029667i: elastic S-matrix  @@      0.00  0   0 F  0
 Reaction Xsec    13.5+/14 @ 1 =   0.033 , Out:   0.000#   0.110/   0.033f


 Total SPIN, PARITY =    13.5 -,      6 chs,      6 cc.  Rmin & Coul turning =    0.6   10.0
   S-matrix    1 =    0.99980   0.00098 for L=   13, J=   13.5 channel on core I =   0.0 from L=   13,  Acc. loss =  0.0 D.
 Elastic phase shift   1 =    0.028   0.006 deg. for the L =   13, J =   13.5 channel.
      13.5  0.99980083  0.00098290i: elastic S-matrix  @@      0.00  0   0 F  0
 Reaction Xsec    13.5-/13 @ 1 =   0.093 , Out:   0.000#   0.091/   0.093f


 Total SPIN, PARITY =    14.5 +,      6 chs,      6 cc.  Rmin & Coul turning =    0.7   10.7
   S-matrix    1 =    0.99993   0.00040 for L=   14, J=   14.5 channel on core I =   0.0 from L=   14,  Acc. loss =  0.0 D.
 Elastic phase shift   1 =    0.011   0.002 deg. for the L =   14, J =   14.5 channel.
      14.5  0.99992955  0.00039759i: elastic S-matrix  @@      0.00  0   0 F  0
 Reaction Xsec    14.5+/14 @ 1 =   0.035 , Out:   0.000#   0.118/   0.035f


 Total SPIN, PARITY =    14.5 -,      6 chs,      6 cc.  Rmin & Coul turning =    0.7   10.7
   S-matrix    1 =    0.99997   0.00012 for L=   15, J=   14.5 channel on core I =   0.0 from L=   15,  Acc. loss =  0.0 D.
 Elastic phase shift   1 =    0.003   0.001 deg. for the L =   15, J =   14.5 channel.
      14.5  0.99997498  0.00011967i: elastic S-matrix  @@      0.00  0   0 F  0
 Reaction Xsec    14.5-/15 @ 1 =   0.013 , Out:   0.000#   0.130/   0.012f


 Total SPIN, PARITY =    15.5 +,      6 chs,      6 cc.  Rmin & Coul turning =    0.7   11.4
   S-matrix    1 =    0.99999   0.00005 for L=   16, J=   15.5 channel on core I =   0.0 from L=   16,  Acc. loss =  0.0 D.
 Elastic phase shift   1 =    0.001   0.000 deg. for the L =   16, J =   15.5 channel.
      15.5  0.99999103  0.00004820i: elastic S-matrix  @@      0.00  0   0 F  0
 Reaction Xsec    15.5+/16 @ 1 =   4.802/, Out:   0.000#   0.129/   0.005f


 Total SPIN, PARITY =    15.5 -,      6 chs,      6 cc.  Rmin & Coul turning =    0.7   11.4
   S-matrix    1 =    0.99997   0.00016 for L=   15, J=   15.5 channel on core I =   0.0 from L=   15,  Acc. loss =  0.0 D.
 Elastic phase shift   1 =    0.005   0.001 deg. for the L =   15, J =   15.5 channel.
      15.5  0.99997496  0.00016052i: elastic S-matrix  @@      0.00  0   0 F  0
 Reaction Xsec    15.5-/15 @ 1 =   0.013 , Out:   0.000#   0.139/   0.013f


 Total SPIN, PARITY =    16.5 +,      6 chs,      6 cc.  Rmin & Coul turning =    0.8   12.2
   S-matrix    1 =    0.99999   0.00006 for L=   16, J=   16.5 channel on core I =   0.0 from L=   16,  Acc. loss =  0.0 D.
 Elastic phase shift   1 =    0.002   0.000 deg. for the L =   16, J =   16.5 channel.
      16.5  0.99999103  0.00006470i: elastic S-matrix  @@      0.00  0   0 F  0
 Reaction Xsec    16.5+/16 @ 1 =   5.103/, Out:   0.000#   0.137/   0.005f


 Total SPIN, PARITY =    16.5 -,      6 chs,      6 cc.  Rmin & Coul turning =    0.8   12.2
   S-matrix    1 =    1.00000   0.00002 for L=   17, J=   16.5 channel on core I =   0.0 from L=   17,  Acc. loss =  0.0 D.
 Elastic phase shift   1 =    0.001   0.000 deg. for the L =   17, J =   16.5 channel.
      16.5  0.99999672  0.00001938i: elastic S-matrix  @@      0.00  0   0 F  0
 Reaction Xsec    16.5-/17 @ 1 =   1.866/, Out:   0.000#   0.117/   0.002f


 Total SPIN, PARITY =    17.5 +,      6 chs,      6 cc.  Rmin & Coul turning =    0.8   12.9
   S-matrix    1 =    1.00000   0.00001 for L=   18, J=   17.5 channel on core I =   0.0 from L=   18,  Acc. loss =  0.0 D.
 Elastic phase shift   1 =    0.000   0.000 deg. for the L =   18, J =   17.5 channel.
      17.5  0.99999875  0.00000779i: elastic S-matrix  @@      0.00  0   0 F  0
 Reaction Xsec    17.5+/18 @ 1 =   0.754/, Out:   0.000#   0.103/   0.001f


 Total SPIN, PARITY =    17.5 -,      6 chs,      6 cc.  Rmin & Coul turning =    0.8   12.9
   S-matrix    1 =    1.00000   0.00003 for L=   17, J=   17.5 channel on core I =   0.0 from L=   17,  Acc. loss =  0.0 D.
 Elastic phase shift   1 =    0.001   0.000 deg. for the L =   17, J =   17.5 channel.
      17.5  0.99999672  0.00002604i: elastic S-matrix  @@      0.00  0   0 F  0
 Reaction Xsec    17.5-/17 @ 1 =   1.976/, Out:   0.000#   0.124/   0.002f


 Total SPIN, PARITY =    18.5 +,      6 chs,      6 cc.  Rmin & Coul turning =    0.8   13.6
   S-matrix    1 =    1.00000   0.00001 for L=   18, J=   18.5 channel on core I =   0.0 from L=   18,  Acc. loss =  0.0 D.
 Elastic phase shift   1 =    0.000   0.000 deg. for the L =   18, J =   18.5 channel.
      18.5  0.99999875  0.00001047i: elastic S-matrix  @@      0.00  0   0 F  0
 Reaction Xsec    18.5+/18 @ 1 =   0.796/, Out:   0.000#   0.109/   0.001f


 Total SPIN, PARITY =    18.5 -,      6 chs,      6 cc.  Rmin & Coul turning =    0.8   13.6
   S-matrix    1 =    1.00000   0.00000 for L=   19, J=   18.5 channel on core I =   0.0 from L=   19,  Acc. loss =  0.0 D.
 Elastic phase shift   1 =    0.000   0.000 deg. for the L =   19, J =   18.5 channel.
      18.5  0.99999948  0.00000313i: elastic S-matrix  @@      0.00  0   0 F  0
 Reaction Xsec    18.5-/19 @ 1 =   0.331/, Out:   0.000#   0.090/   0.000f


 Total SPIN, PARITY =    19.5 +,      6 chs,      6 cc.  Rmin & Coul turning =    0.9   14.4
   S-matrix    1 =    1.00000   0.00000 for L=   20, J=   19.5 channel on core I =   0.0 from L=   20,  Acc. loss =  0.0 D.
 Elastic phase shift   1 =    0.000   0.000 deg. for the L =   20, J =   19.5 channel.
      19.5  0.99999975  0.00000126i: elastic S-matrix  @@      0.00  0   0 F  0
 Reaction Xsec    19.5+/20 @ 1 =   0.167/, Out:   0.000#   0.078/   0.000f


 Total SPIN, PARITY =    19.5 -,      6 chs,      6 cc.  Rmin & Coul turning =    0.9   14.4
   S-matrix    1 =    1.00000   0.00000 for L=   19, J=   19.5 channel on core I =   0.0 from L=   19,  Acc. loss =  0.0 D.
 Elastic phase shift   1 =    0.000   0.000 deg. for the L =   19, J =   19.5 channel.
      19.5  0.99999948  0.00000420i: elastic S-matrix  @@      0.00  0   0 F  0
 Reaction Xsec    19.5-/19 @ 1 =   0.349/, Out:   0.000#   0.094/   0.000f


 Total SPIN, PARITY =    20.5 +,      6 chs,      6 cc.  Rmin & Coul turning =    1.0   15.1
   S-matrix    1 =    1.00000   0.00000 for L=   20, J=   20.5 channel on core I =   0.0 from L=   20,  Acc. loss =  0.0 D.
 Elastic phase shift   1 =    0.000   0.000 deg. for the L =   20, J =   20.5 channel.
      20.5  0.99999975  0.00000169i: elastic S-matrix  @@      0.00  0   0 F  0
 Reaction Xsec    20.5+/20 @ 1 =   0.176/, Out:   0.000#   0.082/   0.000f


 Total SPIN, PARITY =    20.5 -,      6 chs,      6 cc.  Rmin & Coul turning =    1.0   15.1
   S-matrix    1 =    1.00000   0.00000 for L=   21, J=   20.5 channel on core I =   0.0 from L=   21,  Acc. loss =  0.0 D.
 Elastic phase shift   1 =    0.000   0.000 deg. for the L =   21, J =   20.5 channel.
      20.5  0.99999986  0.00000051i: elastic S-matrix  @@      0.00  0   0 F  0
 Reaction Xsec    20.5-/21 @ 1 =   0.101/, Out:   0.000#   0.068/   0.000f


 Total SPIN, PARITY =    21.5 +,      6 chs,      6 cc.  Rmin & Coul turning =    1.0   15.8
   S-matrix    1 =    1.00000   0.00000 for L=   22, J=   21.5 channel on core I =   0.0 from L=   22,  Acc. loss =  0.0 D.
 Elastic phase shift   1 =    0.000   0.000 deg. for the L =   22, J =   21.5 channel.
      21.5  0.99999990  0.00000021i: elastic S-matrix  @@      0.00  0   0 F  0
 Reaction Xsec    21.5+/22 @ 1 =   0.072/, Out:   0.000#   0.060/   0.000f


 Total SPIN, PARITY =    21.5 -,      6 chs,      6 cc.  Rmin & Coul turning =    1.0   15.8
   S-matrix    1 =    1.00000   0.00000 for L=   21, J=   21.5 channel on core I =   0.0 from L=   21,  Acc. loss =  0.0 D.
 Elastic phase shift   1 =    0.000   0.000 deg. for the L =   21, J =   21.5 channel.
      21.5  0.99999986  0.00000068i: elastic S-matrix  @@      0.00  0   0 F  0
 Reaction Xsec    21.5-/21 @ 1 =   0.106/, Out:   0.000#   0.072/   0.000f


 Total SPIN, PARITY =    22.5 +,      6 chs,      6 cc.  Rmin & Coul turning =    1.1   16.6
   S-matrix    1 =    1.00000   0.00000 for L=   22, J=   22.5 channel on core I =   0.0 from L=   22,  Acc. loss =  0.0 D.
 Elastic phase shift   1 =    0.000   0.000 deg. for the L =   22, J =   22.5 channel.
      22.5  0.99999990  0.00000028i: elastic S-matrix  @@      0.00  0   0 F  0
 Reaction Xsec    22.5+/22 @ 1 =   0.075/, Out:   0.000#   0.063/   0.000f


 Total SPIN, PARITY =    22.5 -,      6 chs,      6 cc.  Rmin & Coul turning =    1.1   16.6
   S-matrix    1 =    1.00000   0.00000 for L=   23, J=   22.5 channel on core I =   0.0 from L=   23,  Acc. loss =  0.0 D.
 Elastic phase shift   1 =    0.000   0.000 deg. for the L =   23, J =   22.5 channel.
      22.5  0.99999993  0.00000009i: elastic S-matrix  @@      0.00  0   0 F  0
 Reaction Xsec    22.5-/23 @ 1 =   0.057/, Out:   0.000#   0.053/   0.000f


 Total SPIN, PARITY =    23.5 +,      6 chs,      6 cc.  Rmin & Coul turning =    1.1   17.3
   S-matrix    1 =    1.00000   0.00000 for L=   24, J=   23.5 channel on core I =   0.0 from L=   24,  Acc. loss =  0.0 D.
 Elastic phase shift   1 =    0.000   0.000 deg. for the L =   24, J =   23.5 channel.
      23.5  0.99999994  0.00000004i: elastic S-matrix  @@      0.00  0   0 F  0
 Reaction Xsec    23.5+/24 @ 1 =   0.048/, Out:   0.000#   0.047/   0.000f


 Total SPIN, PARITY =    23.5 -,      6 chs,      6 cc.  Rmin & Coul turning =    1.1   17.3
   S-matrix    1 =    1.00000   0.00000 for L=   23, J=   23.5 channel on core I =   0.0 from L=   23,  Acc. loss =  0.0 D.
 Elastic phase shift   1 =    0.000   0.000 deg. for the L =   23, J =   23.5 channel.
      23.5  0.99999993  0.00000011i: elastic S-matrix  @@      0.00  0   0 F  0
 Reaction Xsec    23.5-/23 @ 1 =   0.060/, Out:   0.000#   0.055/   0.000f


 Total SPIN, PARITY =    24.5 +,      6 chs,      6 cc.  Rmin & Coul turning =    1.1   18.0
   S-matrix    1 =    1.00000   0.00000 for L=   24, J=   24.5 channel on core I =   0.0 from L=   24,  Acc. loss =  0.0 D.
 Elastic phase shift   1 =    0.000   0.000 deg. for the L =   24, J =   24.5 channel.
      24.5  0.99999994  0.00000005i: elastic S-matrix  @@      0.00  0   0 F  0
 Reaction Xsec    24.5+/24 @ 1 =   0.050/, Out:   0.000#   0.049/   0.000f


 Total SPIN, PARITY =    24.5 -,      6 chs,      6 cc.  Rmin & Coul turning =    1.1   18.0
   S-matrix    1 =    1.00000   0.00000 for L=   25, J=   24.5 channel on core I =   0.0 from L=   25,  Acc. loss =  0.0 D.
 Elastic phase shift   1 =    0.000   0.000 deg. for the L =   25, J =   24.5 channel.
      24.5  0.99999995  0.00000002i: elastic S-matrix  @@      0.00  0   0 F  0
 Reaction Xsec    24.5-/25 @ 1 =   0.042/, Out:   0.000#   0.042/   0.000f


 Total SPIN, PARITY =    25.5 +,      6 chs,      6 cc.  Rmin & Coul turning =    1.2   18.7
   S-matrix    1 =    1.00000   0.00000 for L=   26, J=   25.5 channel on core I =   0.0 from L=   26,  Acc. loss =  0.0 D.
 Elastic phase shift   1 =    0.000   0.000 deg. for the L =   26, J =   25.5 channel.
      25.5  0.99999996  0.00000001i: elastic S-matrix  @@      0.00  0   0 F  0
 Reaction Xsec    25.5+/26 @ 1 =   0.037/, Out:   0.000#   0.037/   0.000f


 Total SPIN, PARITY =    25.5 -,      6 chs,      6 cc.  Rmin & Coul turning =    1.2   18.7
   S-matrix    1 =    1.00000   0.00000 for L=   25, J=   25.5 channel on core I =   0.0 from L=   25,  Acc. loss =  0.0 D.
 Elastic phase shift   1 =    0.000   0.000 deg. for the L =   25, J =   25.5 channel.
      25.5  0.99999995  0.00000002i: elastic S-matrix  @@      0.00  0   0 F  0
 Reaction Xsec    25.5-/25 @ 1 =   0.044/, Out:   0.000#   0.043/   0.000f


 Total SPIN, PARITY =    26.5 +,      6 chs,      6 cc.  Rmin & Coul turning =    1.2   19.5
   S-matrix    1 =    1.00000   0.00000 for L=   26, J=   26.5 channel on core I =   0.0 from L=   26,  Acc. loss =  0.0 D.
 Elastic phase shift   1 =    0.000   0.000 deg. for the L =   26, J =   26.5 channel.
      26.5  0.99999996  0.00000001i: elastic S-matrix  @@      0.00  0   0 F  0
 Reaction Xsec    26.5+/26 @ 1 =   0.039/, Out:   0.000#   0.039/   0.000f


 Total SPIN, PARITY =    26.5 -,      6 chs,      6 cc.  Rmin & Coul turning =    1.2   19.5
   S-matrix    1 =    1.00000   0.00000 for L=   27, J=   26.5 channel on core I =   0.0 from L=   27,  Acc. loss =  0.0 D.
 Elastic phase shift   1 =    0.000   0.000 deg. for the L =   27, J =   26.5 channel.
      26.5  0.99999996  0.00000001i: elastic S-matrix  @@      0.00  0   0 F  0
 Reaction Xsec    26.5-/27 @ 1 =   0.033/, Out:   0.000#   0.033/   0.000f


 Total SPIN, PARITY =    27.5 +,      6 chs,      6 cc.  Rmin & Coul turning =    1.3   20.2
   S-matrix    1 =    1.00000   0.00000 for L=   28, J=   27.5 channel on core I =   0.0 from L=   28,  Acc. loss =  0.0 D.
 Elastic phase shift   1 =    0.000   0.000 deg. for the L =   28, J =   27.5 channel.
      27.5  0.99999997  0.00000000i: elastic S-matrix  @@      0.00  0   0 F  0
 Reaction Xsec    27.5+/28 @ 1 =   0.030/, Out:   0.000#   0.030/   0.000f


 Total SPIN, PARITY =    27.5 -,      6 chs,      6 cc.  Rmin & Coul turning =    1.3   20.2
   S-matrix    1 =    1.00000   0.00000 for L=   27, J=   27.5 channel on core I =   0.0 from L=   27,  Acc. loss =  0.0 D.
 Elastic phase shift   1 =    0.000   0.000 deg. for the L =   27, J =   27.5 channel.
      27.5  0.99999996  0.00000001i: elastic S-matrix  @@      0.00  0   0 F  0
 Reaction Xsec    27.5-/27 @ 1 =   0.035/, Out:   0.000#   0.035/   0.000f


 Total SPIN, PARITY =    28.5 +,      6 chs,      6 cc.  Rmin & Coul turning =    1.3   20.9
   S-matrix    1 =    1.00000   0.00000 for L=   28, J=   28.5 channel on core I =   0.0 from L=   28,  Acc. loss =  0.0 D.
 Elastic phase shift   1 =    0.000   0.000 deg. for the L =   28, J =   28.5 channel.
      28.5  0.99999997  0.00000001i: elastic S-matrix  @@      0.00  0   0 F  0
 Reaction Xsec    28.5+/28 @ 1 =   0.031/, Out:   0.000#   0.031/   0.000f


 Total SPIN, PARITY =    28.5 -,      6 chs,      6 cc.  Rmin & Coul turning =    1.3   20.9
   S-matrix    1 =    1.00000   0.00000 for L=   29, J=   28.5 channel on core I =   0.0 from L=   29,  Acc. loss =  0.0 D.
 Elastic phase shift   1 =    0.000   0.000 deg. for the L =   29, J =   28.5 channel.
      28.5  0.99999997  0.00000000i: elastic S-matrix  @@      0.00  0   0 F  0
 Reaction Xsec    28.5-/29 @ 1 =   0.027/, Out:   0.000#   0.027/   0.000f


 Total SPIN, PARITY =    29.5 +,      6 chs,      6 cc.  Rmin & Coul turning =    1.4   21.7
   S-matrix    1 =    1.00000   0.00000 for L=   30, J=   29.5 channel on core I =   0.0 from L=   30,  Acc. loss =  0.0 D.
 Elastic phase shift   1 =    0.000   0.000 deg. for the L =   30, J =   29.5 channel.
      29.5  0.99999998  0.00000000i: elastic S-matrix  @@      0.00  0   0 F  0
 Reaction Xsec    29.5+/30 @ 1 =   0.025/, Out:   0.000#   0.025/   0.000f


 Total SPIN, PARITY =    29.5 -,      6 chs,      6 cc.  Rmin & Coul turning =    1.4   21.7
   S-matrix    1 =    1.00000   0.00000 for L=   29, J=   29.5 channel on core I =   0.0 from L=   29,  Acc. loss =  0.0 D.
 Elastic phase shift   1 =    0.000   0.000 deg. for the L =   29, J =   29.5 channel.
      29.5  0.99999997  0.00000000i: elastic S-matrix  @@      0.00  0   0 F  0
 Reaction Xsec    29.5-/29 @ 1 =   0.028/, Out:   0.000#   0.028/   0.000f


 Total SPIN, PARITY =    30.5 +,      6 chs,      6 cc.  Rmin & Coul turning =    1.4   22.4
   S-matrix    1 =    1.00000   0.00000 for L=   30, J=   30.5 channel on core I =   0.0 from L=   30,  Acc. loss =  0.0 D.
 Elastic phase shift   1 =    0.000   0.000 deg. for the L =   30, J =   30.5 channel.
      30.5  0.99999998  0.00000000i: elastic S-matrix  @@      0.00  0   0 F  0
 Reaction Xsec    30.5+/30 @ 1 =   0.025/, Out:   0.000#   0.025/   0.000f


 Total SPIN, PARITY =    30.5 -,      6 chs,      6 cc.  Rmin & Coul turning =    1.4   22.4
   S-matrix    1 =    1.00000   0.00000 for L=   31, J=   30.5 channel on core I =   0.0 from L=   31,  Acc. loss =  0.0 D.
 Elastic phase shift   1 =    0.000   0.000 deg. for the L =   31, J =   30.5 channel.
      30.5  0.99999998  0.00000000i: elastic S-matrix  @@      0.00  0   0 F  0
 Reaction Xsec    30.5-/31 @ 1 =   0.022/, Out:   0.000#   0.022/   0.000f


 Total SPIN, PARITY =    31.5 +,      6 chs,      6 cc.  Rmin & Coul turning =    1.5   23.1
   S-matrix    1 =    1.00000   0.00000 for L=   32, J=   31.5 channel on core I =   0.0 from L=   32,  Acc. loss =  0.0 D.
 Elastic phase shift   1 =    0.000   0.000 deg. for the L =   32, J =   31.5 channel.
      31.5  0.99999998  0.00000000i: elastic S-matrix  @@      0.00  0   0 F  0
 Reaction Xsec    31.5+/32 @ 1 =   0.020/, Out:   0.000#   0.020/   0.000f


 Total SPIN, PARITY =    31.5 -,      6 chs,      6 cc.  Rmin & Coul turning =    1.5   23.1
   S-matrix    1 =    1.00000   0.00000 for L=   31, J=   31.5 channel on core I =   0.0 from L=   31,  Acc. loss =  0.0 D.
 Elastic phase shift   1 =    0.000   0.000 deg. for the L =   31, J =   31.5 channel.
      31.5  0.99999998  0.00000000i: elastic S-matrix  @@      0.00  0   0 F  0
 Reaction Xsec    31.5-/31 @ 1 =   0.023/, Out:   0.000#   0.023/   0.000f


 Total SPIN, PARITY =    32.5 +,      6 chs,      6 cc.  Rmin & Coul turning =    1.5   23.9
   S-matrix    1 =    1.00000   0.00000 for L=   32, J=   32.5 channel on core I =   0.0 from L=   32,  Acc. loss =  0.0 D.
 Elastic phase shift   1 =    0.000   0.000 deg. for the L =   32, J =   32.5 channel.
      32.5  0.99999998  0.00000000i: elastic S-matrix  @@      0.00  0   0 F  0
 Reaction Xsec    32.5+/32 @ 1 =   0.021/, Out:   0.000#   0.021/   0.000f


 Total SPIN, PARITY =    32.5 -,      6 chs,      6 cc.  Rmin & Coul turning =    1.5   23.9
   S-matrix    1 =    1.00000   0.00000 for L=   33, J=   32.5 channel on core I =   0.0 from L=   33,  Acc. loss =  0.0 D.
 Elastic phase shift   1 =    0.000   0.000 deg. for the L =   33, J =   32.5 channel.
      32.5  0.99999998  0.00000000i: elastic S-matrix  @@      0.00  0   0 F  0
 Reaction Xsec    32.5-/33 @ 1 =   0.019/, Out:   0.000#   0.019/   0.000f


 Total SPIN, PARITY =    33.5 +,      6 chs,      6 cc.  Rmin & Coul turning =    1.6   24.6
   S-matrix    1 =    1.00000   0.00000 for L=   34, J=   33.5 channel on core I =   0.0 from L=   34,  Acc. loss =  0.0 D.
 Elastic phase shift   1 =    0.000   0.000 deg. for the L =   34, J =   33.5 channel.
      33.5  0.99999999  0.00000000i: elastic S-matrix  @@      0.00  0   0 F  0
 Reaction Xsec    33.5+/34 @ 1 =   0.017/, Out:   0.000#   0.017/   0.000f


 Total SPIN, PARITY =    33.5 -,      6 chs,      6 cc.  Rmin & Coul turning =    1.6   24.6
   S-matrix    1 =    1.00000   0.00000 for L=   33, J=   33.5 channel on core I =   0.0 from L=   33,  Acc. loss =  0.0 D.
 Elastic phase shift   1 =    0.000   0.000 deg. for the L =   33, J =   33.5 channel.
      33.5  0.99999998  0.00000000i: elastic S-matrix  @@      0.00  0   0 F  0
 Reaction Xsec    33.5-/33 @ 1 =   0.019/, Out:   0.000#   0.019/   0.000f


 Total SPIN, PARITY =    34.5 +,      6 chs,      6 cc.  Rmin & Coul turning =    1.6   25.3
   S-matrix    1 =    1.00000   0.00000 for L=   34, J=   34.5 channel on core I =   0.0 from L=   34,  Acc. loss =  0.0 D.
 Elastic phase shift   1 =    0.000   0.000 deg. for the L =   34, J =   34.5 channel.
      34.5  0.99999999  0.00000000i: elastic S-matrix  @@      0.00  0   0 F  0
 Reaction Xsec    34.5+/34 @ 1 =   0.017/, Out:   0.000#   0.017/   0.000f


 Total SPIN, PARITY =    34.5 -,      6 chs,      6 cc.  Rmin & Coul turning =    1.6   25.3
   S-matrix    1 =    1.00000   0.00000 for L=   35, J=   34.5 channel on core I =   0.0 from L=   35,  Acc. loss =  0.0 D.
 Elastic phase shift   1 =    0.000   0.000 deg. for the L =   35, J =   34.5 channel.
      34.5  0.99999999  0.00000000i: elastic S-matrix  @@      0.00  0   0 F  0
 Reaction Xsec    34.5-/35 @ 1 =   0.015/, Out:   0.000#   0.015/  -0.000f


 Total SPIN, PARITY =    35.5 +,      6 chs,      6 cc.  Rmin & Coul turning =    1.7   26.0
   S-matrix    1 =    1.00000   0.00000 for L=   36, J=   35.5 channel on core I =   0.0 from L=   36,  Acc. loss =  0.0 D.
 Elastic phase shift   1 =    0.000   0.000 deg. for the L =   36, J =   35.5 channel.
      35.5  0.99999999  0.00000000i: elastic S-matrix  @@      0.00  0   0 F  0
 Reaction Xsec    35.5+/36 @ 1 =   0.014/, Out:   0.000#   0.014/  -0.000f


 Total SPIN, PARITY =    35.5 -,      6 chs,      6 cc.  Rmin & Coul turning =    1.7   26.0
   S-matrix    1 =    1.00000   0.00000 for L=   35, J=   35.5 channel on core I =   0.0 from L=   35,  Acc. loss =  0.0 D.
 Elastic phase shift   1 =    0.000   0.000 deg. for the L =   35, J =   35.5 channel.
      35.5  0.99999999  0.00000000i: elastic S-matrix  @@      0.00  0   0 F  0
 Reaction Xsec    35.5-/35 @ 1 =   0.016/, Out:   0.000#   0.016/  -0.000f


 Total SPIN, PARITY =    36.5 +,      6 chs,      6 cc.  Rmin & Coul turning =    1.7   26.8
   S-matrix    1 =    1.00000   0.00000 for L=   36, J=   36.5 channel on core I =   0.0 from L=   36,  Acc. loss =  0.0 D.
 Elastic phase shift   1 =    0.000   0.000 deg. for the L =   36, J =   36.5 channel.
      36.5  0.99999999  0.00000000i: elastic S-matrix  @@      0.00  0   0 F  0
 Reaction Xsec    36.5+/36 @ 1 =   0.015/, Out:   0.000#   0.015/  -0.000f


 Total SPIN, PARITY =    36.5 -,      6 chs,      6 cc.  Rmin & Coul turning =    1.7   26.8
   S-matrix    1 =    1.00000   0.00000 for L=   37, J=   36.5 channel on core I =   0.0 from L=   37,  Acc. loss =  0.0 D.
 Elastic phase shift   1 =    0.000   0.000 deg. for the L =   37, J =   36.5 channel.
      36.5  0.99999999  0.00000000i: elastic S-matrix  @@      0.00  0   0 F  0
 Reaction Xsec    36.5-/37 @ 1 =   0.013/, Out:   0.000#   0.013/  -0.000f


 Total SPIN, PARITY =    37.5 +,      6 chs,      6 cc.  Rmin & Coul turning =    1.8   27.5
   S-matrix    1 =    1.00000   0.00000 for L=   38, J=   37.5 channel on core I =   0.0 from L=   38,  Acc. loss =  0.0 D.
 Elastic phase shift   1 =    0.000   0.000 deg. for the L =   38, J =   37.5 channel.
      37.5  0.99999999  0.00000000i: elastic S-matrix  @@      0.00  0   0 F  0
 Reaction Xsec    37.5+/38 @ 1 =   0.012/, Out:   0.000#   0.012/  -0.000f


 Total SPIN, PARITY =    37.5 -,      6 chs,      6 cc.  Rmin & Coul turning =    1.8   27.5
   S-matrix    1 =    1.00000   0.00000 for L=   37, J=   37.5 channel on core I =   0.0 from L=   37,  Acc. loss =  0.0 D.
 Elastic phase shift   1 =    0.000   0.000 deg. for the L =   37, J =   37.5 channel.
      37.5  0.99999999  0.00000000i: elastic S-matrix  @@      0.00  0   0 F  0
 Reaction Xsec    37.5-/37 @ 1 =   0.013/, Out:   0.000#   0.013/  -0.000f


 Total SPIN, PARITY =    38.5 +,      6 chs,      6 cc.  Rmin & Coul turning =    1.8   28.2
   S-matrix    1 =    1.00000   0.00000 for L=   38, J=   38.5 channel on core I =   0.0 from L=   38,  Acc. loss =  0.0 D.
 Elastic phase shift   1 =    0.000   0.000 deg. for the L =   38, J =   38.5 channel.
      38.5  0.99999999  0.00000000i: elastic S-matrix  @@      0.00  0   0 F  0
 Reaction Xsec    38.5+/38 @ 1 =   0.012/, Out:   0.000#   0.012/  -0.000f


 Total SPIN, PARITY =    38.5 -,      6 chs,      6 cc.  Rmin & Coul turning =    1.8   28.2
   S-matrix    1 =    1.00000   0.00000 for L=   39, J=   38.5 channel on core I =   0.0 from L=   39,  Acc. loss =  0.0 D.
 Elastic phase shift   1 =    0.000   0.000 deg. for the L =   39, J =   38.5 channel.
      38.5  0.99999999  0.00000000i: elastic S-matrix  @@      0.00  0   0 F  0
 Reaction Xsec    38.5-/39 @ 1 =   0.011/, Out:   0.000#   0.011/  -0.000f


 Total SPIN, PARITY =    39.5 +,      6 chs,      6 cc.  Rmin & Coul turning =    1.9   29.0
   S-matrix    1 =    1.00000   0.00000 for L=   40, J=   39.5 channel on core I =   0.0 from L=   40,  Acc. loss =  0.0 D.
 Elastic phase shift   1 =    0.000   0.000 deg. for the L =   40, J =   39.5 channel.
      39.5  0.99999999  0.00000000i: elastic S-matrix  @@      0.00  0   0 F  0
 Reaction Xsec    39.5+/40 @ 1 =   0.010/, Out:   0.000#   0.010/  -0.000f


 Total SPIN, PARITY =    39.5 -,      6 chs,      6 cc.  Rmin & Coul turning =    1.9   29.0
   S-matrix    1 =    1.00000   0.00000 for L=   39, J=   39.5 channel on core I =   0.0 from L=   39,  Acc. loss =  0.0 D.
 Elastic phase shift   1 =    0.000   0.000 deg. for the L =   39, J =   39.5 channel.
      39.5  0.99999999  0.00000000i: elastic S-matrix  @@      0.00  0   0 F  0
 Reaction Xsec    39.5-/39 @ 1 =   0.011/, Out:   0.000#   0.011/  -0.000f


 Total SPIN, PARITY =    40.5 +,      6 chs,      6 cc.  Rmin & Coul turning =    1.9   29.7
   S-matrix    1 =    1.00000   0.00000 for L=   40, J=   40.5 channel on core I =   0.0 from L=   40,  Acc. loss =  0.0 D.
 Elastic phase shift   1 =    0.000   0.000 deg. for the L =   40, J =   40.5 channel.
      40.5  0.99999999  0.00000000i: elastic S-matrix  @@      0.00  0   0 F  0
 Reaction Xsec    40.5+/40 @ 1 =   0.010/, Out:   0.000#   0.010/  -0.000f


 Total SPIN, PARITY =    40.5 -,      6 chs,      6 cc.  Rmin & Coul turning =    1.9   29.7
   S-matrix    1 =    1.00000   0.00000 for L=   41, J=   40.5 channel on core I =   0.0 from L=   41,  Acc. loss =  0.0 D.
 Elastic phase shift   1 =    0.000   0.000 deg. for the L =   41, J =   40.5 channel.
      40.5  0.99999999  0.00000000i: elastic S-matrix  @@      0.00  0   0 F  0
 Reaction Xsec    40.5-/41 @ 1 =   9.395#, Out:   0.000#   9.395#  -0.000f


 Total SPIN, PARITY =    41.5 +,      6 chs,      6 cc.  Rmin & Coul turning =    1.9   30.4
   S-matrix    1 =    1.00000   0.00000 for L=   42, J=   41.5 channel on core I =   0.0 from L=   42,  Acc. loss =  0.0 D.
 Elastic phase shift   1 =    0.000   0.000 deg. for the L =   42, J =   41.5 channel.
      41.5  0.99999999  0.00000000i: elastic S-matrix  @@      0.00  0   0 F  0
 Reaction Xsec    41.5+/42 @ 1 =   8.694#, Out:   0.000#   8.694#  -0.000f


 Total SPIN, PARITY =    41.5 -,      6 chs,      6 cc.  Rmin & Coul turning =    1.9   30.4
   S-matrix    1 =    1.00000   0.00000 for L=   41, J=   41.5 channel on core I =   0.0 from L=   41,  Acc. loss =  0.0 D.
 Elastic phase shift   1 =    0.000   0.000 deg. for the L =   41, J =   41.5 channel.
      41.5  0.99999999  0.00000000i: elastic S-matrix  @@      0.00  0   0 F  0
 Reaction Xsec    41.5-/41 @ 1 =   9.624#, Out:   0.000#   9.624#   0.000f


 Total SPIN, PARITY =    42.5 +,      6 chs,      6 cc.  Rmin & Coul turning =    2.0   31.1
   S-matrix    1 =    1.00000   0.00000 for L=   42, J=   42.5 channel on core I =   0.0 from L=   42,  Acc. loss =  0.0 D.
 Elastic phase shift   1 =    0.000   0.000 deg. for the L =   42, J =   42.5 channel.
      42.5  0.99999999  0.00000000i: elastic S-matrix  @@      0.00  0   0 F  0
 Reaction Xsec    42.5+/42 @ 1 =   8.901#, Out:   0.000#   8.901#  -0.000f


 Total SPIN, PARITY =    42.5 -,      6 chs,      6 cc.  Rmin & Coul turning =    2.0   31.1
   S-matrix    1 =    1.00000   0.00000 for L=   43, J=   42.5 channel on core I =   0.0 from L=   43,  Acc. loss =  0.0 D.
 Elastic phase shift   1 =    0.000   0.000 deg. for the L =   43, J =   42.5 channel.
      42.5  0.99999999  0.00000000i: elastic S-matrix  @@      0.00  0   0 F  0
 Reaction Xsec    42.5-/43 @ 1 =   7.998#, Out:   0.000#   7.998#   0.000f


 Total SPIN, PARITY =    43.5 +,      6 chs,      6 cc.  Rmin & Coul turning =    2.0   31.9
   S-matrix    1 =    1.00000   0.00000 for L=   44, J=   43.5 channel on core I =   0.0 from L=   44,  Acc. loss =  0.0 D.
 Elastic phase shift   1 =    0.000   0.000 deg. for the L =   44, J =   43.5 channel.
      43.5  0.99999999  0.00000000i: elastic S-matrix  @@      0.00  0   0 F  0
 Reaction Xsec    43.5+/44 @ 1 =   7.423#, Out:   0.000#   7.423#   0.000f


 Total SPIN, PARITY =    43.5 -,      6 chs,      6 cc.  Rmin & Coul turning =    2.0   31.9
   S-matrix    1 =    1.00000   0.00000 for L=   43, J=   43.5 channel on core I =   0.0 from L=   43,  Acc. loss =  0.0 D.
 Elastic phase shift   1 =    0.000   0.000 deg. for the L =   43, J =   43.5 channel.
      43.5  0.99999999  0.00000000i: elastic S-matrix  @@      0.00  0   0 F  0
 Reaction Xsec    43.5-/43 @ 1 =   8.184#, Out:   0.000#   8.184#  -0.000f


 Total SPIN, PARITY =    44.5 +,      6 chs,      6 cc.  Rmin & Coul turning =    2.1   32.6
   S-matrix    1 =    1.00000   0.00000 for L=   44, J=   44.5 channel on core I =   0.0 from L=   44,  Acc. loss =  0.0 D.
 Elastic phase shift   1 =    0.000   0.000 deg. for the L =   44, J =   44.5 channel.
      44.5  0.99999999  0.00000000i: elastic S-matrix  @@      0.00  0   0 F  0
 Reaction Xsec    44.5+/44 @ 1 =   7.591#, Out:   0.000#   7.591#  -0.000f


 Total SPIN, PARITY =    44.5 -,      6 chs,      6 cc.  Rmin & Coul turning =    2.1   32.6
   S-matrix    1 =    1.00000   0.00000 for L=   45, J=   44.5 channel on core I =   0.0 from L=   45,  Acc. loss =  0.0 D.
 Elastic phase shift   1 =    0.000   0.000 deg. for the L =   45, J =   44.5 channel.
      44.5  1.00000000  0.00000000i: elastic S-matrix  @@      0.00  0   0 F  0
 Reaction Xsec    44.5-/45 @ 1 =   6.895#, Out:   0.000#   6.895#   0.000f


 Total SPIN, PARITY =    45.5 +,      6 chs,      6 cc.  Rmin & Coul turning =    2.2   33.3
   S-matrix    1 =    1.00000   0.00000 for L=   46, J=   45.5 channel on core I =   0.0 from L=   46,  Acc. loss =  0.0 D.
 Elastic phase shift   1 =    0.000   0.000 deg. for the L =   46, J =   45.5 channel.
      45.5  1.00000000  0.00000000i: elastic S-matrix  @@      0.00  0   0 F  0
 Reaction Xsec    45.5+/46 @ 1 =   6.348#, Out:   0.000#   6.348#   0.000f


 Total SPIN, PARITY =    45.5 -,      6 chs,      6 cc.  Rmin & Coul turning =    2.2   33.3
   S-matrix    1 =    1.00000   0.00000 for L=   45, J=   45.5 channel on core I =   0.0 from L=   45,  Acc. loss =  0.0 D.
 Elastic phase shift   1 =    0.000   0.000 deg. for the L =   45, J =   45.5 channel.
      45.5  1.00000000  0.00000000i: elastic S-matrix  @@      0.00  0   0 F  0
 Reaction Xsec    45.5-/45 @ 1 =   7.048#, Out:   0.000#   7.048#  -0.000f


 Total SPIN, PARITY =    46.5 +,      6 chs,      6 cc.  Rmin & Coul turning =    2.2   34.1
   S-matrix    1 =    1.00000   0.00000 for L=   46, J=   46.5 channel on core I =   0.0 from L=   46,  Acc. loss =  0.0 D.
 Elastic phase shift   1 =    0.000   0.000 deg. for the L =   46, J =   46.5 channel.
      46.5  1.00000000  0.00000000i: elastic S-matrix  @@      0.00  0   0 F  0
 Reaction Xsec    46.5+/46 @ 1 =   6.486#, Out:   0.000#   6.486#   0.000f


 Total SPIN, PARITY =    46.5 -,      6 chs,      6 cc.  Rmin & Coul turning =    2.2   34.1
   S-matrix    1 =    1.00000   0.00000 for L=   47, J=   46.5 channel on core I =   0.0 from L=   47,  Acc. loss =  0.0 D.
 Elastic phase shift   1 =    0.000   0.000 deg. for the L =   47, J =   46.5 channel.
      46.5  1.00000000  0.00000000i: elastic S-matrix  @@      0.00  0   0 F  0
 Reaction Xsec    46.5-/47 @ 1 =   5.893#, Out:   0.000#   5.893#   0.000f


 Total SPIN, PARITY =    47.5 +,      6 chs,      6 cc.  Rmin & Coul turning =    2.2   34.8
   S-matrix    1 =    1.00000   0.00000 for L=   48, J=   47.5 channel on core I =   0.0 from L=   48,  Acc. loss =  0.0 D.
 Elastic phase shift   1 =    0.000   0.000 deg. for the L =   48, J =   47.5 channel.
      47.5  1.00000000  0.00000000i: elastic S-matrix  @@      0.00  0   0 F  0
 Reaction Xsec    47.5+/48 @ 1 =   5.500#, Out:   0.000#   5.500#   0.000f


 Total SPIN, PARITY =    47.5 -,      6 chs,      6 cc.  Rmin & Coul turning =    2.2   34.8
   S-matrix    1 =    1.00000   0.00000 for L=   47, J=   47.5 channel on core I =   0.0 from L=   47,  Acc. loss =  0.0 D.
 Elastic phase shift   1 =    0.000   0.000 deg. for the L =   47, J =   47.5 channel.
      47.5  1.00000000  0.00000000i: elastic S-matrix  @@      0.00  0   0 F  0
 Reaction Xsec    47.5-/47 @ 1 =   6.019#, Out:   0.000#   6.019#   0.000f


 Total SPIN, PARITY =    48.5 +,      6 chs,      6 cc.  Rmin & Coul turning =    2.3   35.5
   S-matrix    1 =    1.00000   0.00000 for L=   48, J=   48.5 channel on core I =   0.0 from L=   48,  Acc. loss =  0.0 D.
 Elastic phase shift   1 =    0.000   0.000 deg. for the L =   48, J =   48.5 channel.
      48.5  1.00000000  0.00000000i: elastic S-matrix  @@      0.00  0   0 F  0
 Reaction Xsec    48.5+/48 @ 1 =   5.614#, Out:   0.000#   5.614#   0.000f


 Total SPIN, PARITY =    48.5 -,      6 chs,      6 cc.  Rmin & Coul turning =    2.3   35.5
   S-matrix    1 =    1.00000   0.00000 for L=   49, J=   48.5 channel on core I =   0.0 from L=   49,  Acc. loss =  0.0 D.
 Elastic phase shift   1 =    0.000   0.000 deg. for the L =   49, J =   48.5 channel.
      48.5  1.00000000  0.00000000i: elastic S-matrix  @@      0.00  0   0 F  0
 Reaction Xsec    48.5-/49 @ 1 =   5.071#, Out:   0.000#   5.071#   0.000f


 Total SPIN, PARITY =    49.5 +,      6 chs,      6 cc.  Rmin & Coul turning =    2.3   36.3
   S-matrix    1 =    1.00000   0.00000 for L=   50, J=   49.5 channel on core I =   0.0 from L=   50,  Acc. loss =  0.0 D.
 Elastic phase shift   1 =    0.000   0.000 deg. for the L =   50, J =   49.5 channel.
      49.5  1.00000000  0.00000000i: elastic S-matrix  @@      0.00  0   0 F  0
 Reaction Xsec    49.5+/50 @ 1 =   4.691#, Out:   0.000#   4.690#   0.000f


 Total SPIN, PARITY =    49.5 -,      6 chs,      6 cc.  Rmin & Coul turning =    2.3   36.3
   S-matrix    1 =    1.00000   0.00000 for L=   49, J=   49.5 channel on core I =   0.0 from L=   49,  Acc. loss =  0.0 D.
 Elastic phase shift   1 =    0.000   0.000 deg. for the L =   49, J =   49.5 channel.
      49.5  1.00000000  0.00000000i: elastic S-matrix  @@      0.00  0   0 F  0
 Reaction Xsec    49.5-/49 @ 1 =   5.175#, Out:   0.000#   5.175#   0.000f


 Total SPIN, PARITY =    50.5 +,      6 chs,      6 cc.  Rmin & Coul turning =    2.4   37.0
   S-matrix    1 =    1.00000   0.00000 for L=   50, J=   50.5 channel on core I =   0.0 from L=   50,  Acc. loss =  0.0 D.
 Elastic phase shift   1 =    0.000   0.000 deg. for the L =   50, J =   50.5 channel.
      50.5  1.00000000  0.00000000i: elastic S-matrix  @@      0.00  0   0 F  0
 Reaction Xsec    50.5+/50 @ 1 =   4.784#, Out:   0.000#   4.784#   0.000f


 Total SPIN, PARITY =    50.5 -,      6 chs,      6 cc.  Rmin & Coul turning =    2.4   37.0
   S-matrix    1 =    1.00000   0.00000 for L=   51, J=   50.5 channel on core I =   0.0 from L=   51,  Acc. loss =  0.0 D.
 Elastic phase shift   1 =    0.000   0.000 deg. for the L =   51, J =   50.5 channel.
      50.5  1.00000000  0.00000000i: elastic S-matrix  @@      0.00  0   0 F  0
 Reaction Xsec    50.5-/51 @ 1 =   4.393#, Out:   0.000#   4.393#   0.000f

 Finished all CC sets @   0.243609011    
0CUMULATIVE REACTION cross section                 =  708.31390  <L> =     4.40  <L**2> =     23.3
0CUMULATIVE outgoing cross sections in partition 1 :    0.00000   52.50515
0Cumulative ABSORBTION by Imaginary Potentials     =  655.80875  <L> =     4.39  <L**2> =     23.3
   Fusion for specific p        M-states :  655.808752  655.808752
0CUMULATIVE OUTGOING cross section                 =   52.50515
 To convert to S-factors (MeV.mb = keV.b),  multiply by  1.3750E+02


 CROSS SECTIONS FOR OUTGOING p        & O20      in state #   1 with spins & parities 0.5  + &  0.0  +;  0

     3.00 deg.: X-S =   8.0238E+04 mb/sr,
+                                         /R =   7.6128E-01
     4.00 deg.: X-S =   2.2351E+04 mb/sr,
+                                         /R =   6.6999E-01
     5.00 deg.: X-S =  8685.518797 mb/sr,
+                                         /R =   6.3534E-01
     6.00 deg.: X-S =  4590.462776 mb/sr,
+                                         /R =   6.9590E-01
     7.00 deg.: X-S =  3162.327616 mb/sr,
+                                         /R =   8.8757E-01
     8.00 deg.: X-S =  2592.551872 mb/sr,
+                                         /R =   1.2404E+00
     9.00 deg.: X-S =  2318.991724 mb/sr,
+                                         /R =   1.7757E+00
    10.00 deg.: X-S =  2147.253300 mb/sr,
+                                         /R =   2.5036E+00
    11.00 deg.: X-S =  2006.403895 mb/sr,
+                                         /R =   3.4214E+00
    12.00 deg.: X-S =  1870.829354 mb/sr,
+                                         /R =   4.5130E+00
    13.00 deg.: X-S =  1732.513053 mb/sr,
+                                         /R =   5.7492E+00
    14.00 deg.: X-S =  1590.410552 mb/sr,
+                                         /R =   7.0889E+00
    15.00 deg.: X-S =  1446.138056 mb/sr,
+                                         /R =   8.4819E+00
    16.00 deg.: X-S =  1302.154182 mb/sr,
+                                         /R =   9.8713E+00
    17.00 deg.: X-S =  1160.979876 mb/sr,
+                                         /R =   1.1198E+01
    18.00 deg.: X-S =  1024.869294 mb/sr,
+                                         /R =   1.2402E+01
    19.00 deg.: X-S =   895.683428 mb/sr,
+                                         /R =   1.3430E+01
    20.00 deg.: X-S =   774.857495 mb/sr,
+                                         /R =   1.4236E+01
    21.00 deg.: X-S =   663.412670 mb/sr,
+                                         /R =   1.4785E+01
    22.00 deg.: X-S =   561.988987 mb/sr,
+                                         /R =   1.5053E+01
    23.00 deg.: X-S =   470.888148 mb/sr,
+                                         /R =   1.5033E+01
    24.00 deg.: X-S =   390.120435 mb/sr,
+                                         /R =   1.4730E+01
    25.00 deg.: X-S =   319.452516 mb/sr,
+                                         /R =   1.4166E+01
    26.00 deg.: X-S =   258.454210 mb/sr,
+                                         /R =   1.3373E+01
    27.00 deg.: X-S =   206.542900 mb/sr,
+                                         /R =   1.2395E+01
    28.00 deg.: X-S =   163.024726 mb/sr,
+                                         /R =   1.1284E+01
    29.00 deg.: X-S =   127.131905 mb/sr,
+                                         /R =   1.0096E+01
    30.00 deg.: X-S =    98.055777 mb/sr,
+                                         /R =   8.8910E+00
    31.00 deg.: X-S =    74.975322 mb/sr,
+                                         /R =   7.7269E+00
    32.00 deg.: X-S =    57.081100 mb/sr,
+                                         /R =   6.6579E+00
    33.00 deg.: X-S =    43.594668 mb/sr,
+                                         /R =   5.7318E+00
    34.00 deg.: X-S =    33.783683 mb/sr,
+                                         /R =   4.9882E+00
    35.00 deg.: X-S =    26.972981 mb/sr,
+                                         /R =   4.4564E+00
    36.00 deg.: X-S =    22.552011 mb/sr,
+                                         /R =   4.1553E+00
    37.00 deg.: X-S =    19.979033 mb/sr,
+                                         /R =   4.0924E+00
    38.00 deg.: X-S =    18.782545 mb/sr,
+                                         /R =   4.2640E+00
    39.00 deg.: X-S =    18.560393 mb/sr,
+                                         /R =   4.6565E+00
    40.00 deg.: X-S =    18.977023 mb/sr,
+                                         /R =   5.2472E+00
    41.00 deg.: X-S =    19.759289 mb/sr,
+                                         /R =   6.0057E+00
    42.00 deg.: X-S =    20.691249 mb/sr,
+                                         /R =   6.8960E+00
    43.00 deg.: X-S =    21.608271 mb/sr,
+                                         /R =   7.8780E+00
    44.00 deg.: X-S =    22.390783 mb/sr,
+                                         /R =   8.9097E+00
    45.00 deg.: X-S =    22.957927 mb/sr,
+                                         /R =   9.9491E+00
    46.00 deg.: X-S =    23.261332 mb/sr,
+                                         /R =   1.0956E+01
    47.00 deg.: X-S =    23.279176 mb/sr,
+                                         /R =   1.1892E+01
    48.00 deg.: X-S =    23.010674 mb/sr,
+                                         /R =   1.2726E+01
    49.00 deg.: X-S =    22.471065 mb/sr,
+                                         /R =   1.3428E+01
    50.00 deg.: X-S =    21.687178 mb/sr,
+                                         /R =   1.3979E+01
    51.00 deg.: X-S =    20.693569 mb/sr,
+                                         /R =   1.4364E+01
    52.00 deg.: X-S =    19.529268 mb/sr,
+                                         /R =   1.4573E+01
    53.00 deg.: X-S =    18.235080 mb/sr,
+                                         /R =   1.4605E+01
    54.00 deg.: X-S =    16.851445 mb/sr,
+                                         /R =   1.4465E+01
    55.00 deg.: X-S =    15.416776 mb/sr,
+                                         /R =   1.4161E+01
    56.00 deg.: X-S =    13.966255 mb/sr,
+                                         /R =   1.3709E+01
    57.00 deg.: X-S =    12.531009 mb/sr,
+                                         /R =   1.3126E+01
    58.00 deg.: X-S =    11.137627 mb/sr,
+                                         /R =   1.2433E+01
    59.00 deg.: X-S =     9.807951 mb/sr,
+                                         /R =   1.1653E+01
    60.00 deg.: X-S =     8.559092 mb/sr,
+                                         /R =   1.0809E+01
    61.00 deg.: X-S =     7.403618 mb/sr,
+                                         /R =   9.9269E+00
    62.00 deg.: X-S =     6.349884 mb/sr,
+                                         /R =   9.0285E+00
    63.00 deg.: X-S =     5.402443 mb/sr,
+                                         /R =   8.1362E+00
    64.00 deg.: X-S =     4.562520 mb/sr,
+                                         /R =   7.2700E+00
    65.00 deg.: X-S =     3.828509 mb/sr,
+                                         /R =   6.4475E+00
    66.00 deg.: X-S =     3.196483 mb/sr,
+                                         /R =   5.6833E+00
    67.00 deg.: X-S =     2.660684 mb/sr,
+                                         /R =   4.9894E+00
    68.00 deg.: X-S =     2.213986 mb/sr,
+                                         /R =   4.3744E+00
    69.00 deg.: X-S =     1.848320 mb/sr,
+                                         /R =   3.8440E+00
    70.00 deg.: X-S =     1.555056 mb/sr,
+                                         /R =   3.4010E+00
    71.00 deg.: X-S =     1.325329 mb/sr,
+                                         /R =   3.0453E+00
    72.00 deg.: X-S =     1.150321 mb/sr,
+                                         /R =   2.7745E+00
    73.00 deg.: X-S =     1.021488 mb/sr,
+                                         /R =   2.5839E+00
    74.00 deg.: X-S =     0.930743 mb/sr,
+                                         /R =   2.4670E+00
    75.00 deg.: X-S =     0.870587 mb/sr,
+                                         /R =   2.4160E+00
    76.00 deg.: X-S =     0.834211 mb/sr,
+                                         /R =   2.4218E+00
    77.00 deg.: X-S =     0.815548 mb/sr,
+                                         /R =   2.4748E+00
    78.00 deg.: X-S =     0.809303 mb/sr,
+                                         /R =   2.5650E+00
    79.00 deg.: X-S =     0.810954 mb/sr,
+                                         /R =   2.6824E+00
    80.00 deg.: X-S =     0.816731 mb/sr,
+                                         /R =   2.8174E+00
    81.00 deg.: X-S =     0.823577 mb/sr,
+                                         /R =   2.9606E+00
    82.00 deg.: X-S =     0.829099 mb/sr,
+                                         /R =   3.1036E+00
    83.00 deg.: X-S =     0.831506 mb/sr,
+                                         /R =   3.2390E+00
    84.00 deg.: X-S =     0.829545 mb/sr,
+                                         /R =   3.3603E+00
    85.00 deg.: X-S =     0.822434 mb/sr,
+                                         /R =   3.4620E+00
    86.00 deg.: X-S =     0.809787 mb/sr,
+                                         /R =   3.5399E+00
    87.00 deg.: X-S =     0.791553 mb/sr,
+                                         /R =   3.5911E+00
    88.00 deg.: X-S =     0.767949 mb/sr,
+                                         /R =   3.6134E+00
    89.00 deg.: X-S =     0.739400 mb/sr,
+                                         /R =   3.6060E+00
    90.00 deg.: X-S =     0.706487 mb/sr,
+                                         /R =   3.5689E+00
    91.00 deg.: X-S =     0.669893 mb/sr,
+                                         /R =   3.5032E+00
    92.00 deg.: X-S =     0.630366 mb/sr,
+                                         /R =   3.4105E+00
    93.00 deg.: X-S =     0.588678 mb/sr,
+                                         /R =   3.2932E+00
    94.00 deg.: X-S =     0.545597 mb/sr,
+                                         /R =   3.1541E+00
    95.00 deg.: X-S =     0.501862 mb/sr,
+                                         /R =   2.9964E+00
    96.00 deg.: X-S =     0.458160 mb/sr,
+                                         /R =   2.8236E+00
    97.00 deg.: X-S =     0.415118 mb/sr,
+                                         /R =   2.6393E+00
    98.00 deg.: X-S =     0.373286 mb/sr,
+                                         /R =   2.4471E+00
    99.00 deg.: X-S =     0.333138 mb/sr,
+                                         /R =   2.2506E+00
   100.00 deg.: X-S =     0.295061 mb/sr,
+                                         /R =   2.0532E+00
   101.00 deg.: X-S =     0.259364 mb/sr,
+                                         /R =   1.8579E+00
   102.00 deg.: X-S =     0.226274 mb/sr,
+                                         /R =   1.6678E+00
   103.00 deg.: X-S =     0.195942 mb/sr,
+                                         /R =   1.4852E+00
   104.00 deg.: X-S =     0.168452 mb/sr,
+                                         /R =   1.3125E+00
   105.00 deg.: X-S =     0.143823 mb/sr,
+                                         /R =   1.1513E+00
   106.00 deg.: X-S =     0.122020 mb/sr,
+                                         /R =   1.0030E+00
   107.00 deg.: X-S =     0.102962 mb/sr,
+                                         /R =   8.6873E-01
   108.00 deg.: X-S =     0.086526 mb/sr,
+                                         /R =   7.4898E-01
   109.00 deg.: X-S =     0.072561 mb/sr,
+                                         /R =   6.4408E-01
   110.00 deg.: X-S =     0.060888 mb/sr,
+                                         /R =   5.5397E-01
   111.00 deg.: X-S =     0.051314 mb/sr,
+                                         /R =   4.7831E-01
   112.00 deg.: X-S =     0.043635 mb/sr,
+                                         /R =   4.1651E-01
   113.00 deg.: X-S =     0.037641 mb/sr,
+                                         /R =   3.6778E-01
   114.00 deg.: X-S =     0.033124 mb/sr,
+                                         /R =   3.3113E-01
   115.00 deg.: X-S =     0.029878 mb/sr,
+                                         /R =   3.0546E-01
   116.00 deg.: X-S =     0.027706 mb/sr,
+                                         /R =   2.8957E-01
   117.00 deg.: X-S =     0.026424 mb/sr,
+                                         /R =   2.8220E-01
   118.00 deg.: X-S =     0.025859 mb/sr,
+                                         /R =   2.8208E-01
   119.00 deg.: X-S =     0.025853 mb/sr,
+                                         /R =   2.8793E-01
   120.00 deg.: X-S =     0.026264 mb/sr,
+                                         /R =   2.9853E-01
   121.00 deg.: X-S =     0.026967 mb/sr,
+                                         /R =   3.1269E-01
   122.00 deg.: X-S =     0.027852 mb/sr,
+                                         /R =   3.2932E-01
   123.00 deg.: X-S =     0.028825 mb/sr,
+                                         /R =   3.4742E-01
   124.00 deg.: X-S =     0.029808 mb/sr,
+                                         /R =   3.6607E-01
   125.00 deg.: X-S =     0.030737 mb/sr,
+                                         /R =   3.8448E-01
   126.00 deg.: X-S =     0.031563 mb/sr,
+                                         /R =   4.0197E-01
   127.00 deg.: X-S =     0.032245 mb/sr,
+                                         /R =   4.1795E-01
   128.00 deg.: X-S =     0.032757 mb/sr,
+                                         /R =   4.3196E-01
   129.00 deg.: X-S =     0.033081 mb/sr,
+                                         /R =   4.4363E-01
   130.00 deg.: X-S =     0.033206 mb/sr,
+                                         /R =   4.5270E-01
   131.00 deg.: X-S =     0.033129 mb/sr,
+                                         /R =   4.5897E-01
   132.00 deg.: X-S =     0.032852 mb/sr,
+                                         /R =   4.6235E-01
   133.00 deg.: X-S =     0.032382 mb/sr,
+                                         /R =   4.6279E-01
   134.00 deg.: X-S =     0.031730 mb/sr,
+                                         /R =   4.6032E-01
   135.00 deg.: X-S =     0.030908 mb/sr,
+                                         /R =   4.5501E-01
   136.00 deg.: X-S =     0.029932 mb/sr,
+                                         /R =   4.4698E-01
   137.00 deg.: X-S =     0.028817 mb/sr,
+                                         /R =   4.3637E-01
   138.00 deg.: X-S =     0.027581 mb/sr,
+                                         /R =   4.2335E-01
   139.00 deg.: X-S =     0.026240 mb/sr,
+                                         /R =   4.0814E-01
   140.00 deg.: X-S =     0.024812 mb/sr,
+                                         /R =   3.9093E-01
   141.00 deg.: X-S =     0.023315 mb/sr,
+                                         /R =   3.7197E-01
   142.00 deg.: X-S =     0.021764 mb/sr,
+                                         /R =   3.5149E-01
   143.00 deg.: X-S =     0.020177 mb/sr,
+                                         /R =   3.2974E-01
   144.00 deg.: X-S =     0.018569 mb/sr,
+                                         /R =   3.0697E-01
   145.00 deg.: X-S =     0.016956 mb/sr,
+                                         /R =   2.8346E-01
   146.00 deg.: X-S =     0.015353 mb/sr,
+                                         /R =   2.5946E-01
   147.00 deg.: X-S =     0.013775 mb/sr,
+                                         /R =   2.3526E-01
   148.00 deg.: X-S =     0.012238 mb/sr,
+                                         /R =   2.1113E-01
   149.00 deg.: X-S =     0.010753 mb/sr,
+                                         /R =   1.8736E-01
   150.00 deg.: X-S =     0.009337 mb/sr,
+                                         /R =   1.6423E-01
   151.00 deg.: X-S =     0.008000 mb/sr,
+                                         /R =   1.4202E-01
   152.00 deg.: X-S =     0.006756 mb/sr,
+                                         /R =   1.2101E-01
   153.00 deg.: X-S =     0.005617 mb/sr,
+                                         /R =   1.0147E-01
   154.00 deg.: X-S =     0.004592 mb/sr,
+                                         /R =   8.3643E-02
   155.00 deg.: X-S =     0.003692 mb/sr,
+                                         /R =   6.7774E-02
   156.00 deg.: X-S =     0.002923 mb/sr,
+                                         /R =   5.4075E-02
   157.00 deg.: X-S =     0.002293 mb/sr,
+                                         /R =   4.2728E-02
   158.00 deg.: X-S =     0.001806 mb/sr,
+                                         /R =   3.3882E-02
   159.00 deg.: X-S =     0.001464 mb/sr,
+                                         /R =   2.7645E-02
   160.00 deg.: X-S =     0.001267 mb/sr,
+                                         /R =   2.4079E-02
   161.00 deg.: X-S =     0.001213 mb/sr,
+                                         /R =   2.3201E-02
   162.00 deg.: X-S =     0.001299 mb/sr,
+                                         /R =   2.4973E-02
   163.00 deg.: X-S =     0.001516 mb/sr,
+                                         /R =   2.9303E-02
   164.00 deg.: X-S =     0.001855 mb/sr,
+                                         /R =   3.6048E-02
   165.00 deg.: X-S =     0.002305 mb/sr,
+                                         /R =   4.5008E-02
   166.00 deg.: X-S =     0.002852 mb/sr,
+                                         /R =   5.5936E-02
   167.00 deg.: X-S =     0.003480 mb/sr,
+                                         /R =   6.8537E-02
   168.00 deg.: X-S =     0.004172 mb/sr,
+                                         /R =   8.2474E-02
   169.00 deg.: X-S =     0.004909 mb/sr,
+                                         /R =   9.7381E-02
   170.00 deg.: X-S =     0.005671 mb/sr,
+                                         /R =   1.1286E-01
   171.00 deg.: X-S =     0.006439 mb/sr,
+                                         /R =   1.2851E-01
   172.00 deg.: X-S =     0.007192 mb/sr,
+                                         /R =   1.4391E-01
   173.00 deg.: X-S =     0.007910 mb/sr,
+                                         /R =   1.5865E-01
   174.00 deg.: X-S =     0.008576 mb/sr,
+                                         /R =   1.7234E-01
   175.00 deg.: X-S =     0.009171 mb/sr,
+                                         /R =   1.8461E-01
   176.00 deg.: X-S =     0.009681 mb/sr,
+                                         /R =   1.9514E-01
   177.00 deg.: X-S =     0.010092 mb/sr,
+                                         /R =   2.0364E-01
   178.00 deg.: X-S =     0.010393 mb/sr,
+                                         /R =   2.0988E-01
   179.00 deg.: X-S =     0.010577 mb/sr,
+                                         /R =   2.1369E-01
   179.99 deg.: X-S =     0.010639 mb/sr,
+                                         /R =   2.1497E-01
                                           Integrated 1514.8532 mb, over [   3.000, 180.000] at    43.0000 MeV 

 CROSS SECTIONS FOR OUTGOING p        & O20      in state #   2 with spins & parities 0.5  + &  2.0  +;  0

     3.00 deg.: X-S =    35.962990 mb/sr,
+                                         REAC   5.2505E+01 mb
     4.00 deg.: X-S =    35.311658 mb/sr,
     5.00 deg.: X-S =    34.346440 mb/sr,
     6.00 deg.: X-S =    33.116621 mb/sr,
     7.00 deg.: X-S =    31.731911 mb/sr,
     8.00 deg.: X-S =    30.317944 mb/sr,
     9.00 deg.: X-S =    28.977817 mb/sr,
    10.00 deg.: X-S =    27.779825 mb/sr,
    11.00 deg.: X-S =    26.767142 mb/sr,
    12.00 deg.: X-S =    25.972123 mb/sr,
    13.00 deg.: X-S =    25.421455 mb/sr,
    14.00 deg.: X-S =    25.130121 mb/sr,
    15.00 deg.: X-S =    25.092426 mb/sr,
    16.00 deg.: X-S =    25.280367 mb/sr,
    17.00 deg.: X-S =    25.652194 mb/sr,
    18.00 deg.: X-S =    26.164161 mb/sr,
    19.00 deg.: X-S =    26.775889 mb/sr,
    20.00 deg.: X-S =    27.446405 mb/sr,
    21.00 deg.: X-S =    28.126651 mb/sr,
    22.00 deg.: X-S =    28.757160 mb/sr,
    23.00 deg.: X-S =    29.275099 mb/sr,
    24.00 deg.: X-S =    29.626852 mb/sr,
    25.00 deg.: X-S =    29.777578 mb/sr,
    26.00 deg.: X-S =    29.711595 mb/sr,
    27.00 deg.: X-S =    29.424780 mb/sr,
    28.00 deg.: X-S =    28.916013 mb/sr,
    29.00 deg.: X-S =    28.184370 mb/sr,
    30.00 deg.: X-S =    27.233297 mb/sr,
    31.00 deg.: X-S =    26.077265 mb/sr,
    32.00 deg.: X-S =    24.744734 mb/sr,
    33.00 deg.: X-S =    23.274631 mb/sr,
    34.00 deg.: X-S =    21.708809 mb/sr,
    35.00 deg.: X-S =    20.085619 mb/sr,
    36.00 deg.: X-S =    18.438082 mb/sr,
    37.00 deg.: X-S =    16.796121 mb/sr,
    38.00 deg.: X-S =    15.189442 mb/sr,
    39.00 deg.: X-S =    13.647899 mb/sr,
    40.00 deg.: X-S =    12.198871 mb/sr,
    41.00 deg.: X-S =    10.863823 mb/sr,
    42.00 deg.: X-S =     9.656636 mb/sr,
    43.00 deg.: X-S =     8.584516 mb/sr,
    44.00 deg.: X-S =     7.650194 mb/sr,
    45.00 deg.: X-S =     6.853458 mb/sr,
    46.00 deg.: X-S =     6.191147 mb/sr,
    47.00 deg.: X-S =     5.656333 mb/sr,
    48.00 deg.: X-S =     5.238109 mb/sr,
    49.00 deg.: X-S =     4.922717 mb/sr,
    50.00 deg.: X-S =     4.695430 mb/sr,
    51.00 deg.: X-S =     4.541942 mb/sr,
    52.00 deg.: X-S =     4.448558 mb/sr,
    53.00 deg.: X-S =     4.401562 mb/sr,
    54.00 deg.: X-S =     4.386819 mb/sr,
    55.00 deg.: X-S =     4.390373 mb/sr,
    56.00 deg.: X-S =     4.399797 mb/sr,
    57.00 deg.: X-S =     4.405375 mb/sr,
    58.00 deg.: X-S =     4.400244 mb/sr,
    59.00 deg.: X-S =     4.379542 mb/sr,
    60.00 deg.: X-S =     4.339316 mb/sr,
    61.00 deg.: X-S =     4.276075 mb/sr,
    62.00 deg.: X-S =     4.187233 mb/sr,
    63.00 deg.: X-S =     4.071928 mb/sr,
    64.00 deg.: X-S =     3.931420 mb/sr,
    65.00 deg.: X-S =     3.768658 mb/sr,
    66.00 deg.: X-S =     3.587288 mb/sr,
    67.00 deg.: X-S =     3.390786 mb/sr,
    68.00 deg.: X-S =     3.182222 mb/sr,
    69.00 deg.: X-S =     2.964595 mb/sr,
    70.00 deg.: X-S =     2.741309 mb/sr,
    71.00 deg.: X-S =     2.516262 mb/sr,
    72.00 deg.: X-S =     2.293469 mb/sr,
    73.00 deg.: X-S =     2.076481 mb/sr,
    74.00 deg.: X-S =     1.868030 mb/sr,
    75.00 deg.: X-S =     1.670078 mb/sr,
    76.00 deg.: X-S =     1.484128 mb/sr,
    77.00 deg.: X-S =     1.311495 mb/sr,
    78.00 deg.: X-S =     1.153336 mb/sr,
    79.00 deg.: X-S =     1.010466 mb/sr,
    80.00 deg.: X-S =     0.883168 mb/sr,
    81.00 deg.: X-S =     0.771185 mb/sr,
    82.00 deg.: X-S =     0.673876 mb/sr,
    83.00 deg.: X-S =     0.590429 mb/sr,
    84.00 deg.: X-S =     0.519967 mb/sr,
    85.00 deg.: X-S =     0.461532 mb/sr,
    86.00 deg.: X-S =     0.414014 mb/sr,
    87.00 deg.: X-S =     0.376150 mb/sr,
    88.00 deg.: X-S =     0.346604 mb/sr,
    89.00 deg.: X-S =     0.324087 mb/sr,
    90.00 deg.: X-S =     0.307428 mb/sr,
    91.00 deg.: X-S =     0.295554 mb/sr,
    92.00 deg.: X-S =     0.287449 mb/sr,
    93.00 deg.: X-S =     0.282132 mb/sr,
    94.00 deg.: X-S =     0.278691 mb/sr,
    95.00 deg.: X-S =     0.276349 mb/sr,
    96.00 deg.: X-S =     0.274504 mb/sr,
    97.00 deg.: X-S =     0.272696 mb/sr,
    98.00 deg.: X-S =     0.270557 mb/sr,
    99.00 deg.: X-S =     0.267766 mb/sr,
   100.00 deg.: X-S =     0.264053 mb/sr,
   101.00 deg.: X-S =     0.259240 mb/sr,
   102.00 deg.: X-S =     0.253263 mb/sr,
   103.00 deg.: X-S =     0.246158 mb/sr,
   104.00 deg.: X-S =     0.238013 mb/sr,
   105.00 deg.: X-S =     0.228924 mb/sr,
   106.00 deg.: X-S =     0.218977 mb/sr,
   107.00 deg.: X-S =     0.208274 mb/sr,
   108.00 deg.: X-S =     0.196955 mb/sr,
   109.00 deg.: X-S =     0.185198 mb/sr,
   110.00 deg.: X-S =     0.173195 mb/sr,
   111.00 deg.: X-S =     0.161118 mb/sr,
   112.00 deg.: X-S =     0.149105 mb/sr,
   113.00 deg.: X-S =     0.137274 mb/sr,
   114.00 deg.: X-S =     0.125736 mb/sr,
   115.00 deg.: X-S =     0.114606 mb/sr,
   116.00 deg.: X-S =     0.103986 mb/sr,
   117.00 deg.: X-S =     0.093956 mb/sr,
   118.00 deg.: X-S =     0.084563 mb/sr,
   119.00 deg.: X-S =     0.075835 mb/sr,
   120.00 deg.: X-S =     0.067797 mb/sr,
   121.00 deg.: X-S =     0.060477 mb/sr,
   122.00 deg.: X-S =     0.053891 mb/sr,
   123.00 deg.: X-S =     0.048028 mb/sr,
   124.00 deg.: X-S =     0.042851 mb/sr,
   125.00 deg.: X-S =     0.038304 mb/sr,
   126.00 deg.: X-S =     0.034344 mb/sr,
   127.00 deg.: X-S =     0.030946 mb/sr,
   128.00 deg.: X-S =     0.028096 mb/sr,
   129.00 deg.: X-S =     0.025765 mb/sr,
   130.00 deg.: X-S =     0.023896 mb/sr,
   131.00 deg.: X-S =     0.022412 mb/sr,
   132.00 deg.: X-S =     0.021240 mb/sr,
   133.00 deg.: X-S =     0.020332 mb/sr,
   134.00 deg.: X-S =     0.019665 mb/sr,
   135.00 deg.: X-S =     0.019226 mb/sr,
   136.00 deg.: X-S =     0.018987 mb/sr,
   137.00 deg.: X-S =     0.018899 mb/sr,
   138.00 deg.: X-S =     0.018903 mb/sr,
   139.00 deg.: X-S =     0.018949 mb/sr,
   140.00 deg.: X-S =     0.019013 mb/sr,
   141.00 deg.: X-S =     0.019091 mb/sr,
   142.00 deg.: X-S =     0.019180 mb/sr,
   143.00 deg.: X-S =     0.019267 mb/sr,
   144.00 deg.: X-S =     0.019324 mb/sr,
   145.00 deg.: X-S =     0.019326 mb/sr,
   146.00 deg.: X-S =     0.019257 mb/sr,
   147.00 deg.: X-S =     0.019115 mb/sr,
   148.00 deg.: X-S =     0.018907 mb/sr,
   149.00 deg.: X-S =     0.018637 mb/sr,
   150.00 deg.: X-S =     0.018303 mb/sr,
   151.00 deg.: X-S =     0.017900 mb/sr,
   152.00 deg.: X-S =     0.017433 mb/sr,
   153.00 deg.: X-S =     0.016907 mb/sr,
   154.00 deg.: X-S =     0.016335 mb/sr,
   155.00 deg.: X-S =     0.015724 mb/sr,
   156.00 deg.: X-S =     0.015076 mb/sr,
   157.00 deg.: X-S =     0.014393 mb/sr,
   158.00 deg.: X-S =     0.013682 mb/sr,
   159.00 deg.: X-S =     0.012959 mb/sr,
   160.00 deg.: X-S =     0.012239 mb/sr,
   161.00 deg.: X-S =     0.011535 mb/sr,
   162.00 deg.: X-S =     0.010850 mb/sr,
   163.00 deg.: X-S =     0.010180 mb/sr,
   164.00 deg.: X-S =     0.009523 mb/sr,
   165.00 deg.: X-S =     0.008886 mb/sr,
   166.00 deg.: X-S =     0.008282 mb/sr,
   167.00 deg.: X-S =     0.007726 mb/sr,
   168.00 deg.: X-S =     0.007223 mb/sr,
   169.00 deg.: X-S =     0.006769 mb/sr,
   170.00 deg.: X-S =     0.006356 mb/sr,
   171.00 deg.: X-S =     0.005976 mb/sr,
   172.00 deg.: X-S =     0.005630 mb/sr,
   173.00 deg.: X-S =     0.005325 mb/sr,
   174.00 deg.: X-S =     0.005070 mb/sr,
   175.00 deg.: X-S =     0.004866 mb/sr,
   176.00 deg.: X-S =     0.004706 mb/sr,
   177.00 deg.: X-S =     0.004585 mb/sr,
   178.00 deg.: X-S =     0.004498 mb/sr,
   179.00 deg.: X-S =     0.004442 mb/sr,
   180.00 deg.: X-S =     0.004423 mb/sr,
                                           Integrated   52.2904 mb, over [   3.000, 180.000] at    43.0000 MeV 
 Finished all xsecs @   0.246417001    

  The following files have been created:
   3:local copy of User input.            6:standard output.                   
   7:elastic  S-matrix elements.         13:total cross sections/state.        
  16:tables of cross sections.           35:Astrophysics S-factors  / Ecm.     
  38:cross sections for each J/pi.       39:cross sections for each Ecm.       
  40:all cross sectns. for each Elab.    45:scat phase shift as E functions.   
  56:Fusion for each Jtotal.             75:S-factors for lab energies.        
 201:Separate cross sections.           202:Separate cross sections.           

 PARAMETERS : MAXQRN   MFNL   MLOC  LMAX1 MCLIST
    ALLOWED :      1     36      9     70     15
    REQUIRED:      0      0      9     54      9


 ACCURACY ANALYSIS at    43.000 MeV :

  Elastic h*k = 0.041 so OK       compared with 0.200

   Real(S-el) > 0.01 first at J =       4.5
   Real(S-el) > 0.10 first at J =       4.5
   Real(S-el) > 0.50 first at J =       5.5
   Real(S-el) > 0.90 first at J =       7.5
   Real(S-el) > 0.99 first at J =       9.5
   R-turn =    36.99 fm    at J =      50.5

 Forward-angle excitation cut off below   0.433 deg by max JT =      50.5
                              and below   0.269 deg by max R.

 Total CPU  0 time =       0.25 seconds
