 FRESCO - FRES 3.4: Coupled Reaction Channels
 Assuming NAMELIST input.

 p+O20 with CH89;                                                                

   0.030  60.000   0.500   0.000   0.000   0.000   0.000   0.000   0.000   0.000

 Centre-of-mass Range is   2002 * 0.0300 fm., Maximum at  60.00 fm., Interpolating NL forms every  0.51 fm.
 Non - locality width is      4 * 0.0300 fm., Maximum of   0.09 fm., Centred at  0.00 fm.
 2-Nucleon Separation of      0 * 0.5100 fm., Maximum of   0.00 fm., Minimum at  0.00 fm.
 Maximum single particle bins of 59.6700 fm.
               M,Mint =         2001        1990


 Range of total J is     0.0 <= J <=    50.0 (at least     0.0) and Absorbtion =>     0.0010 mb.
 Dry Run = F, CC set limits =  0  0, Relativistic kinematics =  , Both/Far/Near Analyses =  1                     

 Cross Sections (and up to T0 for 0=projectile) for Theta from   3.0 to-180.0 in steps of  1.0 degrees, DGAM=0,  Coordinates = 0 (Mads)

 Lower Radial Cutoff = maximum of -1.60*L*h &       0.0 fm.,  Lower Cutoff for Couplings =   0.0  fm.


 Iterate Couplings between   0 and   0 times, to  0.000 % if sooner.                                          
  Block solved exactly =   0 chs., with Pade = 0 & Isocen =  =0, NOSOL = F, initwf =  0
  NL quadrature with   18 Gaussian points, Calculate multipoles up to    56 from   0
  M-transfers for lp+lt greater than or equal to  6, Angular Integration Cutoff below  2.7778 %


 Trace switches are :  CHANS =  1, LISTCC =  0, TRENEG =  0, CDETR =  0, SMATS =  2, XSTABL =  1, NLPL =  0

                       WAVES =  0, LAMPL =  0, VEFF =  0, KFUS =  0, WDISK =  0, BPM =  0, MELFIL =  0

                       CDCC =  0, NFUS =  0

 Using unit mass = 1.000000 amu and 1/fine-structure constant = 137.03599 ( 1.000000 * true ) with hc = 197.32705 MeV.fm,
  thus 2*amu/hbar^2 = 0.0478450 = 1/20.9008 and Coulomb constant = 0.1574855 so e^2 = 1.43997, and nuclear magneton= 0.1261183

 Now pre-scan input and save to file 3



 *********** PARTITION NUMBER  1 ******************************************************************************************

   PROJ=p          MASS=  1.0073 Z=   1.0,        # STATES=    1T, TARG=O20      MASS= 19.9997 Z=   8.0,     Q-VALUE =  -0.0000 MEV.

     1:  J= 0.5+ (B# 1), E=  0.0000, K= 0.5              Potl#  1       J= 0.0+ (B# 1), E=  0.0000, K= 0.0    


 ************************************************************************************************************************************

 The following POTENTIALS are defined :

  KP#       TYPE      IT    SHAPE      at     V1        r1        a1        V2        r2        a2        A-in     A-used


                                            A#1       A#2        r0c       ac                                                h @ 1
    1    0=Coulomb       0=CHARGE (WS)  1    20.000     0.000    1.2842    0.0000    0.0000    0.0000     0.000    20.000   0.03000

    1    1=Volume        0=Woods-Saxon  2   53.1768    1.1671    0.6900    2.9062    1.1753    0.6900     0.000    20.000

    1    2=Surface       0=Woods-Saxon  3    0.0000    0.0000    0.0000    6.1673    1.1753    0.6900     0.000    20.000

    1    3=Projtl S.O.   0=Woods-Saxon  4    5.9000    0.8979    0.6300    0.0000    0.0000    0.0000     0.000    20.000

 Incoming partition  1 in excitation state # 1,   Laboratory Energy given for partition  1 Nucleus 1 in Excitation pair 1

0Lab. ENERGY ranges :

   from    35.0000     to   0.00000     in     0 intervals
   from    0.00000     to   0.00000     in     0 intervals
   from    0.00000     to   0.00000     in     0 intervals

 Largest real,imaginary parts of any form factor at R=   59.52 are   2.42E-02  6.61E-32 MeV
 Finished all Couplings @    4.25999984E-04           4

 Symmetric Hamiltonian
1***********************************************************************************************************************************
************************************************************************************************************************************

        INCOMING p        ;    LABORATORY p        ENERGY =   35.000     MeV.

 ***********************************************************************************************************************************
 ***********************************************************************************************************************************

 Allocate arrays for            2  channels, of which            1  need wfs.

 ######################################################################################################################
 #                                                                                                                    #
 # Total SPIN and PARITY =     0.5 +,      1 channels,    0 in 1st block.  Rmin & Coul turning =    0.0    0.3 fm.  #
 #                                                                                                                    #
 ######################################################################################################################



    C Projectl Target   #   EX.   (L  Proj) J  + Targ = Jtotal     E-cm      Re K     Re Eta     RM*K            CH
    1 p        O20      #    1: I   0 0.5    0.5  0.0     0.5    33.32176   1.23648   0.21373   74.1887   0.33920  -0.36833 1 1 1   1
   S-matrix    1 =    0.43063  -0.21608 for L=    0, J=    0.5 channel on core I =   0.0 from L=    0,  Acc. loss =  0.0 D.
 Elastic phase shift   1 =  -13.323  20.920 deg. for the L =    0, J =    0.5 channel.
       0.5  0.43062714 -0.21607653i: elastic S-matrix  @@      0.00  0   0 F  0
 Reaction Xsec     0.5+/ 0 @ 1 =  15.778 , Out:   0.000#


 Total SPIN, PARITY =     0.5 -,      1 chs,      0 cc.  Rmin & Coul turning =    0.0    0.3
   S-matrix    1 =    0.10078  -0.44722 for L=    1, J=    0.5 channel on core I =   0.0 from L=    1,  Acc. loss =  0.0 D.
 Elastic phase shift   1 =  -38.650  22.344 deg. for the L =    1, J =    0.5 channel.
       0.5  0.10078031 -0.44721860i: elastic S-matrix  @@      0.00  0   0 F  0
 Reaction Xsec     0.5-/ 1 @ 1 =  16.230 , Out:   0.000#


 Total SPIN, PARITY =     1.5 +,      1 chs,      0 cc.  Rmin & Coul turning =    0.0    1.3
   S-matrix    1 =   -0.27485  -0.34786 for L=    2, J=    1.5 channel on core I =   0.0 from L=    2,  Acc. loss =  0.0 D.
 Elastic phase shift   1 =  -64.156  23.303 deg. for the L =    2, J =    1.5 channel.
       1.5 -0.27484895 -0.34786454i: elastic S-matrix  @@      0.00  0   0 F  0
 Reaction Xsec     1.5+/ 2 @ 1 =  33.019 , Out:   0.000#


 Total SPIN, PARITY =     1.5 -,      1 chs,      0 cc.  Rmin & Coul turning =    0.0    1.3
   S-matrix    1 =    0.30312  -0.36474 for L=    1, J=    1.5 channel on core I =   0.0 from L=    1,  Acc. loss =  0.0 D.
 Elastic phase shift   1 =  -25.136  21.372 deg. for the L =    1, J =    1.5 channel.
       1.5  0.30312029 -0.36473859i: elastic S-matrix  @@      0.00  0   0 F  0
 Reaction Xsec     1.5-/ 1 @ 1 =  31.853 , Out:   0.000#


 Total SPIN, PARITY =     2.5 +,      1 chs,      0 cc.  Rmin & Coul turning =    0.1    2.2
   S-matrix    1 =    0.07282  -0.44200 for L=    2, J=    2.5 channel on core I =   0.0 from L=    2,  Acc. loss =  0.0 D.
 Elastic phase shift   1 =  -40.322  23.006 deg. for the L =    2, J =    2.5 channel.
       2.5  0.07281814 -0.44199945i: elastic S-matrix  @@      0.00  0   0 F  0
 Reaction Xsec     2.5+/ 2 @ 1 =  49.275 , Out:   0.000#


 Total SPIN, PARITY =     2.5 -,      1 chs,      0 cc.  Rmin & Coul turning =    0.1    2.2
   S-matrix    1 =   -0.40014  -0.02975 for L=    3, J=    2.5 channel on core I =   0.0 from L=    3,  Acc. loss =  0.0 D.
 Elastic phase shift   1 =  -87.874  26.161 deg. for the L =    3, J =    2.5 channel.
       2.5 -0.40014094 -0.02974678i: elastic S-matrix  @@      0.00  0   0 F  0
 Reaction Xsec     2.5-/ 3 @ 1 =  51.720 , Out:   0.000#


 Total SPIN, PARITY =     3.5 +,      1 chs,      0 cc.  Rmin & Coul turning =    0.1    3.0
   S-matrix    1 =   -0.04463   0.31482 for L=    4, J=    3.5 channel on core I =   0.0 from L=    4,  Acc. loss =  0.0 D.
 Elastic phase shift   1 =   49.034  32.825 deg. for the L =    4, J =    3.5 channel.
       3.5 -0.04462508  0.31481749i: elastic S-matrix  @@      0.00  0   0 F  0
 Reaction Xsec     3.5+/ 4 @ 1 =  73.883 , Out:   0.000#


 Total SPIN, PARITY =     3.5 -,      1 chs,      0 cc.  Rmin & Coul turning =    0.1    3.0
   S-matrix    1 =   -0.19768  -0.42232 for L=    3, J=    3.5 channel on core I =   0.0 from L=    3,  Acc. loss =  0.0 D.
 Elastic phase shift   1 =  -57.542  21.857 deg. for the L =    3, J =    3.5 channel.
       3.5 -0.19767674 -0.42232148i: elastic S-matrix  @@      0.00  0   0 F  0
 Reaction Xsec     3.5-/ 3 @ 1 =  64.322 , Out:   0.000#


 Total SPIN, PARITY =     4.5 +,      1 chs,      0 cc.  Rmin & Coul turning =    0.2    3.8
   S-matrix    1 =   -0.28007  -0.02784 for L=    4, J=    4.5 channel on core I =   0.0 from L=    4,  Acc. loss =  0.0 D.
 Elastic phase shift   1 =  -87.162  36.320 deg. for the L =    4, J =    4.5 channel.
       4.5 -0.28007093 -0.02783654i: elastic S-matrix  @@      0.00  0   0 F  0
 Reaction Xsec     4.5+/ 4 @ 1 =  94.603 , Out:   0.000#


 Total SPIN, PARITY =     4.5 -,      1 chs,      0 cc.  Rmin & Coul turning =    0.2    3.8
   S-matrix    1 =    0.53475   0.34528 for L=    5, J=    4.5 channel on core I =   0.0 from L=    5,  Acc. loss =  0.0 D.
 Elastic phase shift   1 =   16.425  12.941 deg. for the L =    5, J =    4.5 channel.
       4.5  0.53474708  0.34527673i: elastic S-matrix  @@      0.00  0   0 F  0
 Reaction Xsec     4.5-/ 5 @ 1 =  61.114 , Out:   0.000#


 Total SPIN, PARITY =     5.5 +,      1 chs,      0 cc.  Rmin & Coul turning =    0.2    4.6
   S-matrix    1 =    0.84885   0.17641 for L=    6, J=    5.5 channel on core I =   0.0 from L=    6,  Acc. loss =  0.0 D.
 Elastic phase shift   1 =    5.870   4.089 deg. for the L =    6, J =    5.5 channel.
       5.5  0.84884717  0.17640882i: elastic S-matrix  @@      0.00  0   0 F  0
 Reaction Xsec     5.5+/ 6 @ 1 =  30.618 , Out:   0.000#


 Total SPIN, PARITY =     5.5 -,      1 chs,      0 cc.  Rmin & Coul turning =    0.2    4.6
   S-matrix    1 =    0.32241   0.39923 for L=    5, J=    5.5 channel on core I =   0.0 from L=    5,  Acc. loss =  0.0 D.
 Elastic phase shift   1 =   25.538  19.113 deg. for the L =    5, J =    5.5 channel.
       5.5  0.32241371  0.39923498i: elastic S-matrix  @@      0.00  0   0 F  0
 Reaction Xsec     5.5-/ 5 @ 1 =  90.823 , Out:   0.000#


 Total SPIN, PARITY =     6.5 +,      1 chs,      0 cc.  Rmin & Coul turning =    0.3    5.4
   S-matrix    1 =    0.81367   0.23357 for L=    6, J=    6.5 channel on core I =   0.0 from L=    6,  Acc. loss =  0.0 D.
 Elastic phase shift   1 =    8.008   4.773 deg. for the L =    6, J =    6.5 channel.
       6.5  0.81367466  0.23357372i: elastic S-matrix  @@      0.00  0   0 F  0
 Reaction Xsec     6.5+/ 6 @ 1 =  40.760 , Out:   0.000#


 Total SPIN, PARITY =     6.5 -,      1 chs,      0 cc.  Rmin & Coul turning =    0.3    5.4
   S-matrix    1 =    0.95221   0.06915 for L=    7, J=    6.5 channel on core I =   0.0 from L=    7,  Acc. loss =  0.0 D.
 Elastic phase shift   1 =    2.077   1.328 deg. for the L =    7, J =    6.5 channel.
       6.5  0.95220891  0.06914528i: elastic S-matrix  @@      0.00  0   0 F  0
 Reaction Xsec     6.5-/ 7 @ 1 =  12.732 , Out:   0.000#


 Total SPIN, PARITY =     7.5 +,      1 chs,      0 cc.  Rmin & Coul turning =    0.3    6.2
   S-matrix    1 =    0.98430   0.02501 for L=    8, J=    7.5 channel on core I =   0.0 from L=    8,  Acc. loss =  0.0 D.
 Elastic phase shift   1 =    0.728   0.444 deg. for the L =    8, J =    7.5 channel.
       7.5  0.98430082  0.02500519i: elastic S-matrix  @@      0.00  0   0 F  0
 Reaction Xsec     7.5+/ 8 @ 1 =   5.018 , Out:   0.000#


 Total SPIN, PARITY =     7.5 -,      1 chs,      0 cc.  Rmin & Coul turning =    0.3    6.2
   S-matrix    1 =    0.94807   0.08770 for L=    7, J=    7.5 channel on core I =   0.0 from L=    7,  Acc. loss =  0.0 D.
 Elastic phase shift   1 =    2.643   1.406 deg. for the L =    7, J =    7.5 channel.
       7.5  0.94806747  0.08770375i: elastic S-matrix  @@      0.00  0   0 F  0
 Reaction Xsec     7.5-/ 7 @ 1 =  15.366 , Out:   0.000#


 Total SPIN, PARITY =     8.5 +,      1 chs,      0 cc.  Rmin & Coul turning =    0.4    7.0
   S-matrix    1 =    0.98381   0.03059 for L=    8, J=    8.5 channel on core I =   0.0 from L=    8,  Acc. loss =  0.0 D.
 Elastic phase shift   1 =    0.890   0.454 deg. for the L =    8, J =    8.5 channel.
       8.5  0.98381362  0.03058878i: elastic S-matrix  @@      0.00  0   0 F  0
 Reaction Xsec     8.5+/ 8 @ 1 =   5.765 , Out:   0.000#


 Total SPIN, PARITY =     8.5 -,      1 chs,      0 cc.  Rmin & Coul turning =    0.4    7.0
   S-matrix    1 =    0.99471   0.00879 for L=    9, J=    8.5 channel on core I =   0.0 from L=    9,  Acc. loss =  0.0 D.
 Elastic phase shift   1 =    0.253   0.151 deg. for the L =    9, J =    8.5 channel.
       8.5  0.99471468  0.00879439i: elastic S-matrix  @@      0.00  0   0 F  0
 Reaction Xsec     8.5-/ 9 @ 1 =   1.935 , Out:   0.000#


 Total SPIN, PARITY =     9.5 +,      1 chs,      0 cc.  Rmin & Coul turning =    0.4    7.8
   S-matrix    1 =    0.99820   0.00306 for L=   10, J=    9.5 channel on core I =   0.0 from L=   10,  Acc. loss =  0.0 D.
 Elastic phase shift   1 =    0.088   0.051 deg. for the L =   10, J =    9.5 channel.
       9.5  0.99820339  0.00305577i: elastic S-matrix  @@      0.00  0   0 F  0
 Reaction Xsec     9.5+/10 @ 1 =   0.736 , Out:   0.000#


 Total SPIN, PARITY =     9.5 -,      1 chs,      0 cc.  Rmin & Coul turning =    0.4    7.8
   S-matrix    1 =    0.99466   0.01050 for L=    9, J=    9.5 channel on core I =   0.0 from L=    9,  Acc. loss =  0.0 D.
 Elastic phase shift   1 =    0.302   0.152 deg. for the L =    9, J =    9.5 channel.
       9.5  0.99465578  0.01049804i: elastic S-matrix  @@      0.00  0   0 F  0
 Reaction Xsec     9.5-/ 9 @ 1 =   2.168 , Out:   0.000#


 Total SPIN, PARITY =    10.5 +,      1 chs,      0 cc.  Rmin & Coul turning =    0.5    8.7
   S-matrix    1 =    0.99820   0.00358 for L=   10, J=   10.5 channel on core I =   0.0 from L=   10,  Acc. loss =  0.0 D.
 Elastic phase shift   1 =    0.103   0.052 deg. for the L =   10, J =   10.5 channel.
      10.5  0.99819614  0.00358201i: elastic S-matrix  @@      0.00  0   0 F  0
 Reaction Xsec    10.5+/10 @ 1 =   0.812 , Out:   0.000#


 Total SPIN, PARITY =    10.5 -,      1 chs,      0 cc.  Rmin & Coul turning =    0.5    8.7
   S-matrix    1 =    0.99939   0.00105 for L=   11, J=   10.5 channel on core I =   0.0 from L=   11,  Acc. loss =  0.0 D.
 Elastic phase shift   1 =    0.030   0.018 deg. for the L =   11, J =   10.5 channel.
      10.5  0.99938791  0.00105466i: elastic S-matrix  @@      0.00  0   0 F  0
 Reaction Xsec    10.5-/11 @ 1 =   0.276 , Out:   0.000#


 Total SPIN, PARITY =    11.5 +,      1 chs,      0 cc.  Rmin & Coul turning =    0.5    9.5
   S-matrix    1 =    0.99979   0.00036 for L=   12, J=   11.5 channel on core I =   0.0 from L=   12,  Acc. loss =  0.0 D.
 Elastic phase shift   1 =    0.010   0.006 deg. for the L =   12, J =   11.5 channel.
      11.5  0.99979161  0.00036234i: elastic S-matrix  @@      0.00  0   0 F  0
 Reaction Xsec    11.5+/12 @ 1 =   0.103 , Out:   0.000#


 Total SPIN, PARITY =    11.5 -,      1 chs,      0 cc.  Rmin & Coul turning =    0.5    9.5
   S-matrix    1 =    0.99939   0.00122 for L=   11, J=   11.5 channel on core I =   0.0 from L=   11,  Acc. loss =  0.0 D.
 Elastic phase shift   1 =    0.035   0.018 deg. for the L =   11, J =   11.5 channel.
      11.5  0.99938701  0.00121799i: elastic S-matrix  @@      0.00  0   0 F  0
 Reaction Xsec    11.5-/11 @ 1 =   0.302 , Out:   0.000#


 Total SPIN, PARITY =    12.5 +,      1 chs,      0 cc.  Rmin & Coul turning =    0.6   10.3
   S-matrix    1 =    0.99979   0.00041 for L=   12, J=   12.5 channel on core I =   0.0 from L=   12,  Acc. loss =  0.0 D.
 Elastic phase shift   1 =    0.012   0.006 deg. for the L =   12, J =   12.5 channel.
      12.5  0.99979150  0.00041305i: elastic S-matrix  @@      0.00  0   0 F  0
 Reaction Xsec    12.5+/12 @ 1 =   0.111 , Out:   0.000#


 Total SPIN, PARITY =    12.5 -,      1 chs,      0 cc.  Rmin & Coul turning =    0.6   10.3
   S-matrix    1 =    0.99993   0.00012 for L=   13, J=   12.5 channel on core I =   0.0 from L=   13,  Acc. loss =  0.0 D.
 Elastic phase shift   1 =    0.004   0.002 deg. for the L =   13, J =   12.5 channel.
      12.5  0.99992918  0.00012404i: elastic S-matrix  @@      0.00  0   0 F  0
 Reaction Xsec    12.5-/13 @ 1 =   0.038 , Out:   0.000#


 Total SPIN, PARITY =    13.5 +,      1 chs,      0 cc.  Rmin & Coul turning =    0.6   11.1
   S-matrix    1 =    0.99998   0.00004 for L=   14, J=   13.5 channel on core I =   0.0 from L=   14,  Acc. loss =  0.0 D.
 Elastic phase shift   1 =    0.001   0.001 deg. for the L =   14, J =   13.5 channel.
      13.5  0.99997598  0.00004234i: elastic S-matrix  @@      0.00  0   0 F  0
 Reaction Xsec    13.5+/14 @ 1 =   0.014 , Out:   0.000#


 Total SPIN, PARITY =    13.5 -,      1 chs,      0 cc.  Rmin & Coul turning =    0.6   11.1
   S-matrix    1 =    0.99993   0.00014 for L=   13, J=   13.5 channel on core I =   0.0 from L=   13,  Acc. loss =  0.0 D.
 Elastic phase shift   1 =    0.004   0.002 deg. for the L =   13, J =   13.5 channel.
      13.5  0.99992916  0.00013977i: elastic S-matrix  @@      0.00  0   0 F  0
 Reaction Xsec    13.5-/13 @ 1 =   0.041 , Out:   0.000#


 Total SPIN, PARITY =    14.5 +,      1 chs,      0 cc.  Rmin & Coul turning =    0.7   11.9
   S-matrix    1 =    0.99998   0.00005 for L=   14, J=   14.5 channel on core I =   0.0 from L=   14,  Acc. loss =  0.0 D.
 Elastic phase shift   1 =    0.001   0.001 deg. for the L =   14, J =   14.5 channel.
      14.5  0.99997597  0.00004720i: elastic S-matrix  @@      0.00  0   0 F  0
 Reaction Xsec    14.5+/14 @ 1 =   0.015 , Out:   0.000#


 Total SPIN, PARITY =    14.5 -,      1 chs,      0 cc.  Rmin & Coul turning =    0.7   11.9
   S-matrix    1 =    0.99999   0.00001 for L=   15, J=   14.5 channel on core I =   0.0 from L=   15,  Acc. loss =  0.0 D.
 Elastic phase shift   1 =    0.000   0.000 deg. for the L =   15, J =   14.5 channel.
      14.5  0.99999187  0.00001441i: elastic S-matrix  @@      0.00  0   0 F  0
 Reaction Xsec    14.5-/15 @ 1 =   5.014/, Out:   0.000#


 Total SPIN, PARITY =    15.5 +,      1 chs,      0 cc.  Rmin & Coul turning =    0.7   12.7
   S-matrix    1 =    1.00000   0.00000 for L=   16, J=   15.5 channel on core I =   0.0 from L=   16,  Acc. loss =  0.0 D.
 Elastic phase shift   1 =    0.000   0.000 deg. for the L =   16, J =   15.5 channel.
      15.5  0.99999725  0.00000490i: elastic S-matrix  @@      0.00  0   0 F  0
 Reaction Xsec    15.5+/16 @ 1 =   1.808/, Out:   0.000#


 Total SPIN, PARITY =    15.5 -,      1 chs,      0 cc.  Rmin & Coul turning =    0.7   12.7
   S-matrix    1 =    0.99999   0.00002 for L=   15, J=   15.5 channel on core I =   0.0 from L=   15,  Acc. loss =  0.0 D.
 Elastic phase shift   1 =    0.000   0.000 deg. for the L =   15, J =   15.5 channel.
      15.5  0.99999187  0.00001592i: elastic S-matrix  @@      0.00  0   0 F  0
 Reaction Xsec    15.5-/15 @ 1 =   5.349/, Out:   0.000#


 Total SPIN, PARITY =    16.5 +,      1 chs,      0 cc.  Rmin & Coul turning =    0.8   13.5
   S-matrix    1 =    1.00000   0.00001 for L=   16, J=   16.5 channel on core I =   0.0 from L=   16,  Acc. loss =  0.0 D.
 Elastic phase shift   1 =    0.000   0.000 deg. for the L =   16, J =   16.5 channel.
      16.5  0.99999725  0.00000536i: elastic S-matrix  @@      0.00  0   0 F  0
 Reaction Xsec    16.5+/16 @ 1 =   1.921/, Out:   0.000#


 Total SPIN, PARITY =    16.5 -,      1 chs,      0 cc.  Rmin & Coul turning =    0.8   13.5
   S-matrix    1 =    1.00000   0.00000 for L=   17, J=   16.5 channel on core I =   0.0 from L=   17,  Acc. loss =  0.0 D.
 Elastic phase shift   1 =    0.000   0.000 deg. for the L =   17, J =   16.5 channel.
      16.5  0.99999907  0.00000166i: elastic S-matrix  @@      0.00  0   0 F  0
 Reaction Xsec    16.5-/17 @ 1 =   0.648/, Out:   0.000#


 Total SPIN, PARITY =    17.5 +,      1 chs,      0 cc.  Rmin & Coul turning =    0.8   14.3
   S-matrix    1 =    1.00000   0.00000 for L=   18, J=   17.5 channel on core I =   0.0 from L=   18,  Acc. loss =  0.0 D.
 Elastic phase shift   1 =    0.000   0.000 deg. for the L =   18, J =   17.5 channel.
      17.5  0.99999969  0.00000056i: elastic S-matrix  @@      0.00  0   0 F  0
 Reaction Xsec    17.5+/18 @ 1 =   0.231/, Out:   0.000#


 Total SPIN, PARITY =    17.5 -,      1 chs,      0 cc.  Rmin & Coul turning =    0.8   14.3
   S-matrix    1 =    1.00000   0.00000 for L=   17, J=   17.5 channel on core I =   0.0 from L=   17,  Acc. loss =  0.0 D.
 Elastic phase shift   1 =    0.000   0.000 deg. for the L =   17, J =   17.5 channel.
      17.5  0.99999907  0.00000180i: elastic S-matrix  @@      0.00  0   0 F  0
 Reaction Xsec    17.5-/17 @ 1 =   0.686/, Out:   0.000#

 Finished all CC sets @    4.71299980E-03
0CUMULATIVE REACTION cross section                 =  699.44658  <L> =     4.05  <L**2> =     19.6
0CUMULATIVE outgoing cross sections in partition 1 :    0.00000
0Cumulative ABSORBTION by Imaginary Potentials     =  699.44658  <L> =     4.05  <L**2> =     19.6
   Fusion for specific p        M-states :  699.446583  699.446583
0CUMULATIVE OUTGOING cross section                 =    0.00000
 To convert to S-factors (MeV.mb = keV.b),  multiply by  1.2763E+02


 CROSS SECTIONS FOR OUTGOING p        & O20      in state #   1 with spins & parities 0.5  + &  0.0  +;  0

     3.00 deg.: X-S =   1.3114E+05 mb/sr,
+                                         /R =   8.2432E-01
     4.00 deg.: X-S =   3.7850E+04 mb/sr,
+                                         /R =   7.5169E-01
     5.00 deg.: X-S =   1.4677E+04 mb/sr,
+                                         /R =   7.1128E-01
     6.00 deg.: X-S =  7232.604532 mb/sr,
+                                         /R =   7.2642E-01
     7.00 deg.: X-S =  4404.991549 mb/sr,
+                                         /R =   8.1910E-01
     8.00 deg.: X-S =  3181.892989 mb/sr,
+                                         /R =   1.0086E+00
     9.00 deg.: X-S =  2582.188905 mb/sr,
+                                         /R =   1.3099E+00
    10.00 deg.: X-S =  2243.085672 mb/sr,
+                                         /R =   1.7327E+00
    11.00 deg.: X-S =  2017.969318 mb/sr,
+                                         /R =   2.2798E+00
    12.00 deg.: X-S =  1843.973312 mb/sr,
+                                         /R =   2.9470E+00
    13.00 deg.: X-S =  1693.286454 mb/sr,
+                                         /R =   3.7227E+00
    14.00 deg.: X-S =  1553.642370 mb/sr,
+                                         /R =   4.5880E+00
    15.00 deg.: X-S =  1419.947079 mb/sr,
+                                         /R =   5.5177E+00
    16.00 deg.: X-S =  1290.481654 mb/sr,
+                                         /R =   6.4813E+00
    17.00 deg.: X-S =  1165.101165 mb/sr,
+                                         /R =   7.4450E+00
    18.00 deg.: X-S =  1044.349895 mb/sr,
+                                         /R =   8.3727E+00
    19.00 deg.: X-S =   929.015747 mb/sr,
+                                         /R =   9.2289E+00
    20.00 deg.: X-S =   819.903399 mb/sr,
+                                         /R =   9.9801E+00
    21.00 deg.: X-S =   717.720273 mb/sr,
+                                         /R =   1.0597E+01
    22.00 deg.: X-S =   623.022644 mb/sr,
+                                         /R =   1.1056E+01
    23.00 deg.: X-S =   536.194841 mb/sr,
+                                         /R =   1.1341E+01
    24.00 deg.: X-S =   457.447181 mb/sr,
+                                         /R =   1.1443E+01
    25.00 deg.: X-S =   386.824738 mb/sr,
+                                         /R =   1.1365E+01
    26.00 deg.: X-S =   324.222406 mb/sr,
+                                         /R =   1.1114E+01
    27.00 deg.: X-S =   269.403522 mb/sr,
+                                         /R =   1.0711E+01
    28.00 deg.: X-S =   222.020288 mb/sr,
+                                         /R =   1.0181E+01
    29.00 deg.: X-S =   181.634791 mb/sr,
+                                         /R =   9.5563E+00
    30.00 deg.: X-S =   147.739784 mb/sr,
+                                         /R =   8.8751E+00
    31.00 deg.: X-S =   119.778592 mb/sr,
+                                         /R =   8.1784E+00
    32.00 deg.: X-S =    97.163675 mb/sr,
+                                         /R =   7.5084E+00
    33.00 deg.: X-S =    79.293527 mb/sr,
+                                         /R =   6.9071E+00
    34.00 deg.: X-S =    65.567651 mb/sr,
+                                         /R =   6.4139E+00
    35.00 deg.: X-S =    55.399499 mb/sr,
+                                         /R =   6.0641E+00
    36.00 deg.: X-S =    48.227284 mb/sr,
+                                         /R =   5.8873E+00
    37.00 deg.: X-S =    43.522697 mb/sr,
+                                         /R =   5.9063E+00
    38.00 deg.: X-S =    40.797566 mb/sr,
+                                         /R =   6.1361E+00
    39.00 deg.: X-S =    39.608602 mb/sr,
+                                         /R =   6.5836E+00
    40.00 deg.: X-S =    39.560350 mb/sr,
+                                         /R =   7.2470E+00
    41.00 deg.: X-S =    40.306552 mb/sr,
+                                         /R =   8.1165E+00
    42.00 deg.: X-S =    41.550097 mb/sr,
+                                         /R =   9.1745E+00
    43.00 deg.: X-S =    43.041786 mb/sr,
+                                         /R =   1.0396E+01
    44.00 deg.: X-S =    44.578105 mb/sr,
+                                         /R =   1.1752E+01
    45.00 deg.: X-S =    45.998233 mb/sr,
+                                         /R =   1.3207E+01
    46.00 deg.: X-S =    47.180456 mb/sr,
+                                         /R =   1.4722E+01
    47.00 deg.: X-S =    48.038200 mb/sr,
+                                         /R =   1.6258E+01
    48.00 deg.: X-S =    48.515819 mb/sr,
+                                         /R =   1.7776E+01
    49.00 deg.: X-S =    48.584312 mb/sr,
+                                         /R =   1.9235E+01
    50.00 deg.: X-S =    48.237071 mb/sr,
+                                         /R =   2.0600E+01
    51.00 deg.: X-S =    47.485787 mb/sr,
+                                         /R =   2.1837E+01
    52.00 deg.: X-S =    46.356573 mb/sr,
+                                         /R =   2.2918E+01
    53.00 deg.: X-S =    44.886398 mb/sr,
+                                         /R =   2.3819E+01
    54.00 deg.: X-S =    43.119845 mb/sr,
+                                         /R =   2.4522E+01
    55.00 deg.: X-S =    41.106249 mb/sr,
+                                         /R =   2.5016E+01
    56.00 deg.: X-S =    38.897215 mb/sr,
+                                         /R =   2.5296E+01
    57.00 deg.: X-S =    36.544518 mb/sr,
+                                         /R =   2.5361E+01
    58.00 deg.: X-S =    34.098382 mb/sr,
+                                         /R =   2.5218E+01
    59.00 deg.: X-S =    31.606111 mb/sr,
+                                         /R =   2.4878E+01
    60.00 deg.: X-S =    29.111056 mb/sr,
+                                         /R =   2.4357E+01
    61.00 deg.: X-S =    26.651879 mb/sr,
+                                         /R =   2.3675E+01
    62.00 deg.: X-S =    24.262094 mb/sr,
+                                         /R =   2.2855E+01
    63.00 deg.: X-S =    21.969834 mb/sr,
+                                         /R =   2.1921E+01
    64.00 deg.: X-S =    19.797824 mb/sr,
+                                         /R =   2.0900E+01
    65.00 deg.: X-S =    17.763520 mb/sr,
+                                         /R =   1.9819E+01
    66.00 deg.: X-S =    15.879371 mb/sr,
+                                         /R =   1.8705E+01
    67.00 deg.: X-S =    14.153197 mb/sr,
+                                         /R =   1.7583E+01
    68.00 deg.: X-S =    12.588627 mb/sr,
+                                         /R =   1.6478E+01
    69.00 deg.: X-S =    11.185593 mb/sr,
+                                         /R =   1.5412E+01
    70.00 deg.: X-S =     9.940846 mb/sr,
+                                         /R =   1.4404E+01
    71.00 deg.: X-S =     8.848477 mb/sr,
+                                         /R =   1.3470E+01
    72.00 deg.: X-S =     7.900436 mb/sr,
+                                         /R =   1.2625E+01
    73.00 deg.: X-S =     7.087019 mb/sr,
+                                         /R =   1.1877E+01
    74.00 deg.: X-S =     6.397329 mb/sr,
+                                         /R =   1.1234E+01
    75.00 deg.: X-S =     5.819696 mb/sr,
+                                         /R =   1.0700E+01
    76.00 deg.: X-S =     5.342053 mb/sr,
+                                         /R =   1.0275E+01
    77.00 deg.: X-S =     4.952263 mb/sr,
+                                         /R =   9.9562E+00
    78.00 deg.: X-S =     4.638399 mb/sr,
+                                         /R =   9.7397E+00
    79.00 deg.: X-S =     4.388975 mb/sr,
+                                         /R =   9.6183E+00
    80.00 deg.: X-S =     4.193134 mb/sr,
+                                         /R =   9.5830E+00
    81.00 deg.: X-S =     4.040785 mb/sr,
+                                         /R =   9.6236E+00
    82.00 deg.: X-S =     3.922712 mb/sr,
+                                         /R =   9.7286E+00
    83.00 deg.: X-S =     3.830631 mb/sr,
+                                         /R =   9.8860E+00
    84.00 deg.: X-S =     3.757230 mb/sr,
+                                         /R =   1.0083E+01
    85.00 deg.: X-S =     3.696171 mb/sr,
+                                         /R =   1.0308E+01
    86.00 deg.: X-S =     3.642071 mb/sr,
+                                         /R =   1.0548E+01
    87.00 deg.: X-S =     3.590469 mb/sr,
+                                         /R =   1.0792E+01
    88.00 deg.: X-S =     3.537770 mb/sr,
+                                         /R =   1.1028E+01
    89.00 deg.: X-S =     3.481184 mb/sr,
+                                         /R =   1.1248E+01
    90.00 deg.: X-S =     3.418651 mb/sr,
+                                         /R =   1.1442E+01
    91.00 deg.: X-S =     3.348765 mb/sr,
+                                         /R =   1.1602E+01
    92.00 deg.: X-S =     3.270699 mb/sr,
+                                         /R =   1.1724E+01
    93.00 deg.: X-S =     3.184119 mb/sr,
+                                         /R =   1.1801E+01
    94.00 deg.: X-S =     3.089110 mb/sr,
+                                         /R =   1.1831E+01
    95.00 deg.: X-S =     2.986105 mb/sr,
+                                         /R =   1.1812E+01
    96.00 deg.: X-S =     2.875807 mb/sr,
+                                         /R =   1.1742E+01
    97.00 deg.: X-S =     2.759133 mb/sr,
+                                         /R =   1.1622E+01
    98.00 deg.: X-S =     2.637152 mb/sr,
+                                         /R =   1.1454E+01
    99.00 deg.: X-S =     2.511033 mb/sr,
+                                         /R =   1.1239E+01
   100.00 deg.: X-S =     2.381997 mb/sr,
+                                         /R =   1.0981E+01
   101.00 deg.: X-S =     2.251282 mb/sr,
+                                         /R =   1.0684E+01
   102.00 deg.: X-S =     2.120108 mb/sr,
+                                         /R =   1.0353E+01
   103.00 deg.: X-S =     1.989648 mb/sr,
+                                         /R =   9.9918E+00
   104.00 deg.: X-S =     1.861007 mb/sr,
+                                         /R =   9.6066E+00
   105.00 deg.: X-S =     1.735203 mb/sr,
+                                         /R =   9.2026E+00
   106.00 deg.: X-S =     1.613159 mb/sr,
+                                         /R =   8.7854E+00
   107.00 deg.: X-S =     1.495688 mb/sr,
+                                         /R =   8.3608E+00
   108.00 deg.: X-S =     1.383491 mb/sr,
+                                         /R =   7.9341E+00
   109.00 deg.: X-S =     1.277154 mb/sr,
+                                         /R =   7.5107E+00
   110.00 deg.: X-S =     1.177149 mb/sr,
+                                         /R =   7.0955E+00
   111.00 deg.: X-S =     1.083834 mb/sr,
+                                         /R =   6.6931E+00
   112.00 deg.: X-S =     0.997458 mb/sr,
+                                         /R =   6.3079E+00
   113.00 deg.: X-S =     0.918165 mb/sr,
+                                         /R =   5.9435E+00
   114.00 deg.: X-S =     0.846003 mb/sr,
+                                         /R =   5.6031E+00
   115.00 deg.: X-S =     0.780928 mb/sr,
+                                         /R =   5.2896E+00
   116.00 deg.: X-S =     0.722812 mb/sr,
+                                         /R =   5.0049E+00
   117.00 deg.: X-S =     0.671454 mb/sr,
+                                         /R =   4.7508E+00
   118.00 deg.: X-S =     0.626582 mb/sr,
+                                         /R =   4.5283E+00
   119.00 deg.: X-S =     0.587869 mb/sr,
+                                         /R =   4.3376E+00
   120.00 deg.: X-S =     0.554936 mb/sr,
+                                         /R =   4.1789E+00
   121.00 deg.: X-S =     0.527361 mb/sr,
+                                         /R =   4.0512E+00
   122.00 deg.: X-S =     0.504691 mb/sr,
+                                         /R =   3.9536E+00
   123.00 deg.: X-S =     0.486445 mb/sr,
+                                         /R =   3.8844E+00
   124.00 deg.: X-S =     0.472125 mb/sr,
+                                         /R =   3.8414E+00
   125.00 deg.: X-S =     0.461226 mb/sr,
+                                         /R =   3.8223E+00
   126.00 deg.: X-S =     0.453237 mb/sr,
+                                         /R =   3.8242E+00
   127.00 deg.: X-S =     0.447655 mb/sr,
+                                         /R =   3.8442E+00
   128.00 deg.: X-S =     0.443990 mb/sr,
+                                         /R =   3.8789E+00
   129.00 deg.: X-S =     0.441769 mb/sr,
+                                         /R =   3.9250E+00
   130.00 deg.: X-S =     0.440546 mb/sr,
+                                         /R =   3.9791E+00
   131.00 deg.: X-S =     0.439904 mb/sr,
+                                         /R =   4.0378E+00
   132.00 deg.: X-S =     0.439463 mb/sr,
+                                         /R =   4.0976E+00
   133.00 deg.: X-S =     0.438884 mb/sr,
+                                         /R =   4.1556E+00
   134.00 deg.: X-S =     0.437871 mb/sr,
+                                         /R =   4.2087E+00
   135.00 deg.: X-S =     0.436179 mb/sr,
+                                         /R =   4.2542E+00
   136.00 deg.: X-S =     0.433609 mb/sr,
+                                         /R =   4.2900E+00
   137.00 deg.: X-S =     0.430016 mb/sr,
+                                         /R =   4.3141E+00
   138.00 deg.: X-S =     0.425305 mb/sr,
+                                         /R =   4.3251E+00
   139.00 deg.: X-S =     0.419436 mb/sr,
+                                         /R =   4.3222E+00
   140.00 deg.: X-S =     0.412418 mb/sr,
+                                         /R =   4.3050E+00
   141.00 deg.: X-S =     0.404309 mb/sr,
+                                         /R =   4.2736E+00
   142.00 deg.: X-S =     0.395212 mb/sr,
+                                         /R =   4.2287E+00
   143.00 deg.: X-S =     0.385275 mb/sr,
+                                         /R =   4.1715E+00
   144.00 deg.: X-S =     0.374682 mb/sr,
+                                         /R =   4.1037E+00
   145.00 deg.: X-S =     0.363651 mb/sr,
+                                         /R =   4.0277E+00
   146.00 deg.: X-S =     0.352424 mb/sr,
+                                         /R =   3.9459E+00
   147.00 deg.: X-S =     0.341266 mb/sr,
+                                         /R =   3.8613E+00
   148.00 deg.: X-S =     0.330455 mb/sr,
+                                         /R =   3.7772E+00
   149.00 deg.: X-S =     0.320277 mb/sr,
+                                         /R =   3.6971E+00
   150.00 deg.: X-S =     0.311014 mb/sr,
+                                         /R =   3.6245E+00
   151.00 deg.: X-S =     0.302945 mb/sr,
+                                         /R =   3.5630E+00
   152.00 deg.: X-S =     0.296330 mb/sr,
+                                         /R =   3.5163E+00
   153.00 deg.: X-S =     0.291411 mb/sr,
+                                         /R =   3.4876E+00
   154.00 deg.: X-S =     0.288401 mb/sr,
+                                         /R =   3.4800E+00
   155.00 deg.: X-S =     0.287479 mb/sr,
+                                         /R =   3.4964E+00
   156.00 deg.: X-S =     0.288788 mb/sr,
+                                         /R =   3.5391E+00
   157.00 deg.: X-S =     0.292426 mb/sr,
+                                         /R =   3.6098E+00
   158.00 deg.: X-S =     0.298446 mb/sr,
+                                         /R =   3.7097E+00
   159.00 deg.: X-S =     0.306855 mb/sr,
+                                         /R =   3.8396E+00
   160.00 deg.: X-S =     0.317607 mb/sr,
+                                         /R =   3.9993E+00
   161.00 deg.: X-S =     0.330611 mb/sr,
+                                         /R =   4.1881E+00
   162.00 deg.: X-S =     0.345723 mb/sr,
+                                         /R =   4.4045E+00
   163.00 deg.: X-S =     0.362756 mb/sr,
+                                         /R =   4.6464E+00
   164.00 deg.: X-S =     0.381478 mb/sr,
+                                         /R =   4.9110E+00
   165.00 deg.: X-S =     0.401618 mb/sr,
+                                         /R =   5.1949E+00
   166.00 deg.: X-S =     0.422870 mb/sr,
+                                         /R =   5.4942E+00
   167.00 deg.: X-S =     0.444900 mb/sr,
+                                         /R =   5.8043E+00
   168.00 deg.: X-S =     0.467352 mb/sr,
+                                         /R =   6.1206E+00
   169.00 deg.: X-S =     0.489854 mb/sr,
+                                         /R =   6.4379E+00
   170.00 deg.: X-S =     0.512026 mb/sr,
+                                         /R =   6.7509E+00
   171.00 deg.: X-S =     0.533488 mb/sr,
+                                         /R =   7.0543E+00
   172.00 deg.: X-S =     0.553868 mb/sr,
+                                         /R =   7.3428E+00
   173.00 deg.: X-S =     0.572808 mb/sr,
+                                         /R =   7.6113E+00
   174.00 deg.: X-S =     0.589973 mb/sr,
+                                         /R =   7.8549E+00
   175.00 deg.: X-S =     0.605056 mb/sr,
+                                         /R =   8.0693E+00
   176.00 deg.: X-S =     0.617787 mb/sr,
+                                         /R =   8.2503E+00
   177.00 deg.: X-S =     0.627937 mb/sr,
+                                         /R =   8.3948E+00
   178.00 deg.: X-S =     0.635321 mb/sr,
+                                         /R =   8.5000E+00
   179.00 deg.: X-S =     0.639806 mb/sr,
+                                         /R =   8.5639E+00
   179.99 deg.: X-S =     0.641310 mb/sr,
+                                         /R =   8.5854E+00
                                           Integrated 2160.8420 mb, over [   3.000, 180.000] at    35.0000 MeV 
 Finished all xsecs @    5.84399980E-03

  The following files have been created:
   3:local copy of User input.            6:standard output.                   
   7:elastic  S-matrix elements.         13:total cross sections/state.        
  16:tables of cross sections.           38:cross sections for each J/pi.      
  39:cross sections for each Ecm.        40:all cross sectns. for each Elab.   
  45:scat phase shift as E functions.    56:Fusion for each Jtotal.            
 201:Separate cross sections.           

 PARAMETERS : MAXQRN   MFNL   MLOC  LMAX1 MCLIST
    ALLOWED :      1      1      4     70      6
    REQUIRED:      0      0      4     19      4


 ACCURACY ANALYSIS at    35.000 MeV :

  Elastic h*k = 0.037 so OK       compared with 0.200

   Real(S-el) > 0.01 first at J =       0.5
   Real(S-el) > 0.10 first at J =       0.5
   Real(S-el) > 0.50 first at J =       4.5
   Real(S-el) > 0.90 first at J =       6.5
   Real(S-el) > 0.99 first at J =       8.5
   R-turn =    14.32 fm    at J =      17.5

 Forward-angle excitation cut off below   1.361 deg by max JT =      17.5
                              and below   0.330 deg by max R.

