 FRESCO - FRES 3.4: Coupled Reaction Channels
 Assuming NAMELIST input.

 p+O20 with CH89;                                                                

   0.030  60.000   0.500   0.000   0.000   0.000   0.000   0.000   0.000   0.000

 Centre-of-mass Range is   2002 * 0.0300 fm., Maximum at  60.00 fm., Interpolating NL forms every  0.51 fm.
 Non - locality width is      4 * 0.0300 fm., Maximum of   0.09 fm., Centred at  0.00 fm.
 2-Nucleon Separation of      0 * 0.5100 fm., Maximum of   0.00 fm., Minimum at  0.00 fm.
 Maximum single particle bins of 59.6700 fm.
               M,Mint =         2001        1990


 Range of total J is     0.0 <= J <=    50.0 (at least     0.0) and Absorbtion =>     0.0010 mb.
 Dry Run = F, CC set limits =  0  0, Relativistic kinematics =  , Both/Far/Near Analyses =  1                     

 Cross Sections (and up to T0 for 0=projectile) for Theta from   3.0 to-180.0 in steps of  1.0 degrees, DGAM=0,  Coordinates = 0 (Mads)

 Lower Radial Cutoff = maximum of -1.60*L*h &       0.0 fm.,  Lower Cutoff for Couplings =   0.0  fm.


 Iterate Couplings between   0 and   0 times, to  0.000 % if sooner.                                          
  Block solved exactly =   0 chs., with Pade = 0 & Isocen =  =0, NOSOL = F, initwf =  0
  NL quadrature with   18 Gaussian points, Calculate multipoles up to    56 from   0
  M-transfers for lp+lt greater than or equal to  6, Angular Integration Cutoff below  2.7778 %


 Trace switches are :  CHANS =  1, LISTCC =  0, TRENEG =  0, CDETR =  0, SMATS =  2, XSTABL =  1, NLPL =  0

                       WAVES =  0, LAMPL =  0, VEFF =  0, KFUS =  0, WDISK =  0, BPM =  0, MELFIL =  0

                       CDCC =  0, NFUS =  0

 Using unit mass = 1.000000 amu and 1/fine-structure constant = 137.03599 ( 1.000000 * true ) with hc = 197.32705 MeV.fm,
  thus 2*amu/hbar^2 = 0.0478450 = 1/20.9008 and Coulomb constant = 0.1574855 so e^2 = 1.43997, and nuclear magneton= 0.1261183

 Now pre-scan input and save to file 3



 *********** PARTITION NUMBER  1 ******************************************************************************************

   PROJ=p          MASS=  1.0073 Z=   1.0,        # STATES=    1T, TARG=O20      MASS= 19.9997 Z=   8.0,     Q-VALUE =  -0.0000 MEV.

     1:  J= 0.5+ (B# 1), E=  0.0000, K= 0.5              Potl#  1       J= 0.0+ (B# 1), E=  0.0000, K= 0.0    


 ************************************************************************************************************************************

 The following POTENTIALS are defined :

  KP#       TYPE      IT    SHAPE      at     V1        r1        a1        V2        r2        a2        A-in     A-used


                                            A#1       A#2        r0c       ac                                                h @ 1
    1    0=Coulomb       0=CHARGE (WS)  1    20.000     0.000    1.2842    0.0000    0.0000    0.0000     0.000    20.000   0.03000

    1    1=Volume        0=Woods-Saxon  2   62.4249    1.1671    0.6900    3.5900    1.1753    0.6900     0.000    20.000

    1    2=Surface       0=Woods-Saxon  3    0.0000    0.0000    0.0000    7.6184    1.1753    0.6900     0.000    20.000

    1    3=Projtl S.O.   0=Woods-Saxon  4    5.9000    0.8979    0.6300    0.0000    0.0000    0.0000     0.000    20.000

 Incoming partition  1 in excitation state # 1,   Laboratory Energy given for partition  1 Nucleus 1 in Excitation pair 1

0Lab. ENERGY ranges :

   from    35.0000     to   0.00000     in     0 intervals
   from    0.00000     to   0.00000     in     0 intervals
   from    0.00000     to   0.00000     in     0 intervals

 Largest real,imaginary parts of any form factor at R=   59.52 are   2.42E-02  8.16E-32 MeV
 Finished all Couplings @    4.25999984E-04           4

 Symmetric Hamiltonian
1***********************************************************************************************************************************
************************************************************************************************************************************

        INCOMING p        ;    LABORATORY p        ENERGY =   35.000     MeV.

 ***********************************************************************************************************************************
 ***********************************************************************************************************************************

 Allocate arrays for            2  channels, of which            1  need wfs.

 ######################################################################################################################
 #                                                                                                                    #
 # Total SPIN and PARITY =     0.5 +,      1 channels,    0 in 1st block.  Rmin & Coul turning =    0.0    0.3 fm.  #
 #                                                                                                                    #
 ######################################################################################################################



    C Projectl Target   #   EX.   (L  Proj) J  + Targ = Jtotal     E-cm      Re K     Re Eta     RM*K            CH
    1 p        O20      #    1: I   0 0.5    0.5  0.0     0.5    33.32176   1.23648   0.21373   74.1887   0.33920  -0.36833 1 1 1   1
   S-matrix    1 =    0.39342   0.11461 for L=    0, J=    0.5 channel on core I =   0.0 from L=    0,  Acc. loss =  0.0 D.
 Elastic phase shift   1 =    8.121  25.558 deg. for the L =    0, J =    0.5 channel.
       0.5  0.39341986  0.11460719i: elastic S-matrix  @@      0.00  0   0 F  0
 Reaction Xsec     0.5+/ 0 @ 1 =  17.098 , Out:   0.000#


 Total SPIN, PARITY =     0.5 -,      1 chs,      0 cc.  Rmin & Coul turning =    0.0    0.3
   S-matrix    1 =    0.33743  -0.23026 for L=    1, J=    0.5 channel on core I =   0.0 from L=    1,  Acc. loss =  0.0 D.
 Elastic phase shift   1 =  -17.155  25.647 deg. for the L =    1, J =    0.5 channel.
       0.5  0.33743043 -0.23026488i: elastic S-matrix  @@      0.00  0   0 F  0
 Reaction Xsec     0.5-/ 1 @ 1 =  17.119 , Out:   0.000#


 Total SPIN, PARITY =     1.5 +,      1 chs,      0 cc.  Rmin & Coul turning =    0.0    1.3
   S-matrix    1 =    0.02459  -0.36514 for L=    2, J=    1.5 channel on core I =   0.0 from L=    2,  Acc. loss =  0.0 D.
 Elastic phase shift   1 =  -43.074  28.797 deg. for the L =    2, J =    1.5 channel.
       1.5  0.02459092 -0.36513776i: elastic S-matrix  @@      0.00  0   0 F  0
 Reaction Xsec     1.5+/ 2 @ 1 =  35.593 , Out:   0.000#


 Total SPIN, PARITY =     1.5 -,      1 chs,      0 cc.  Rmin & Coul turning =    0.0    1.3
   S-matrix    1 =    0.41653  -0.06816 for L=    1, J=    1.5 channel on core I =   0.0 from L=    1,  Acc. loss =  0.0 D.
 Elastic phase shift   1 =   -4.647  24.711 deg. for the L =    1, J =    1.5 channel.
       1.5  0.41653348 -0.06815829i: elastic S-matrix  @@      0.00  0   0 F  0
 Reaction Xsec     1.5-/ 1 @ 1 =  33.775 , Out:   0.000#


 Total SPIN, PARITY =     2.5 +,      1 chs,      0 cc.  Rmin & Coul turning =    0.1    2.2
   S-matrix    1 =    0.29183  -0.23691 for L=    2, J=    2.5 channel on core I =   0.0 from L=    2,  Acc. loss =  0.0 D.
 Elastic phase shift   1 =  -19.535  28.031 deg. for the L =    2, J =    2.5 channel.
       2.5  0.29182844 -0.23691263i: elastic S-matrix  @@      0.00  0   0 F  0
 Reaction Xsec     2.5+/ 2 @ 1 =  52.935 , Out:   0.000#


 Total SPIN, PARITY =     2.5 -,      1 chs,      0 cc.  Rmin & Coul turning =    0.1    2.2
   S-matrix    1 =   -0.27574  -0.24617 for L=    3, J=    2.5 channel on core I =   0.0 from L=    3,  Acc. loss =  0.0 D.
 Elastic phase shift   1 =  -69.121  28.511 deg. for the L =    3, J =    2.5 channel.
       2.5 -0.27573793 -0.24617114i: elastic S-matrix  @@      0.00  0   0 F  0
 Reaction Xsec     2.5-/ 3 @ 1 =  53.222 , Out:   0.000#


 Total SPIN, PARITY =     3.5 +,      1 chs,      0 cc.  Rmin & Coul turning =    0.1    3.0
   S-matrix    1 =   -0.15896   0.12879 for L=    4, J=    3.5 channel on core I =   0.0 from L=    4,  Acc. loss =  0.0 D.
 Elastic phase shift   1 =   70.493  45.458 deg. for the L =    4, J =    3.5 channel.
       3.5 -0.15896099  0.12879024i: elastic S-matrix  @@      0.00  0   0 F  0
 Reaction Xsec     3.5+/ 4 @ 1 =  78.753 , Out:   0.000#


 Total SPIN, PARITY =     3.5 -,      1 chs,      0 cc.  Rmin & Coul turning =    0.1    3.0
   S-matrix    1 =    0.05647  -0.40008 for L=    3, J=    3.5 channel on core I =   0.0 from L=    3,  Acc. loss =  0.0 D.
 Elastic phase shift   1 =  -40.983  25.962 deg. for the L =    3, J =    3.5 channel.
       3.5  0.05646604 -0.40007562i: elastic S-matrix  @@      0.00  0   0 F  0
 Reaction Xsec     3.5-/ 3 @ 1 =  68.775 , Out:   0.000#


 Total SPIN, PARITY =     4.5 +,      1 chs,      0 cc.  Rmin & Coul turning =    0.2    3.8
   S-matrix    1 =   -0.16811  -0.23236 for L=    4, J=    4.5 channel on core I =   0.0 from L=    4,  Acc. loss =  0.0 D.
 Elastic phase shift   1 =  -62.942  35.781 deg. for the L =    4, J =    4.5 channel.
       4.5 -0.16810697 -0.23236419i: elastic S-matrix  @@      0.00  0   0 F  0
 Reaction Xsec     4.5+/ 4 @ 1 =  94.291 , Out:   0.000#


 Total SPIN, PARITY =     4.5 -,      1 chs,      0 cc.  Rmin & Coul turning =    0.2    3.8
   S-matrix    1 =    0.39960   0.33619 for L=    5, J=    4.5 channel on core I =   0.0 from L=    5,  Acc. loss =  0.0 D.
 Elastic phase shift   1 =   20.037  18.612 deg. for the L =    5, J =    4.5 channel.
       4.5  0.39960495  0.33618753i: elastic S-matrix  @@      0.00  0   0 F  0
 Reaction Xsec     4.5-/ 5 @ 1 =  74.723 , Out:   0.000#


 Total SPIN, PARITY =     5.5 +,      1 chs,      0 cc.  Rmin & Coul turning =    0.2    4.6
   S-matrix    1 =    0.80212   0.20294 for L=    6, J=    5.5 channel on core I =   0.0 from L=    6,  Acc. loss =  0.0 D.
 Elastic phase shift   1 =    7.099   5.428 deg. for the L =    6, J =    5.5 channel.
       5.5  0.80211594  0.20294250i: elastic S-matrix  @@      0.00  0   0 F  0
 Reaction Xsec     5.5+/ 6 @ 1 =  38.889 , Out:   0.000#


 Total SPIN, PARITY =     5.5 -,      1 chs,      0 cc.  Rmin & Coul turning =    0.2    4.6
   S-matrix    1 =    0.17832   0.30648 for L=    5, J=    5.5 channel on core I =   0.0 from L=    5,  Acc. loss =  0.0 D.
 Elastic phase shift   1 =   29.904  29.703 deg. for the L =    5, J =    5.5 channel.
       5.5  0.17832043  0.30647584i: elastic S-matrix  @@      0.00  0   0 F  0
 Reaction Xsec     5.5-/ 5 @ 1 = 107.789 , Out:   0.000#


 Total SPIN, PARITY =     6.5 +,      1 chs,      0 cc.  Rmin & Coul turning =    0.3    5.4
   S-matrix    1 =    0.75586   0.25686 for L=    6, J=    6.5 channel on core I =   0.0 from L=    6,  Acc. loss =  0.0 D.
 Elastic phase shift   1 =    9.384   6.453 deg. for the L =    6, J =    6.5 channel.
       6.5  0.75585745  0.25685794i: elastic S-matrix  @@      0.00  0   0 F  0
 Reaction Xsec     6.5+/ 6 @ 1 =  52.171 , Out:   0.000#


 Total SPIN, PARITY =     6.5 -,      1 chs,      0 cc.  Rmin & Coul turning =    0.3    5.4
   S-matrix    1 =    0.93905   0.08205 for L=    7, J=    6.5 channel on core I =   0.0 from L=    7,  Acc. loss =  0.0 D.
 Elastic phase shift   1 =    2.497   1.693 deg. for the L =    7, J =    6.5 channel.
       6.5  0.93904821  0.08204879i: elastic S-matrix  @@      0.00  0   0 F  0
 Reaction Xsec     6.5-/ 7 @ 1 =  16.032 , Out:   0.000#


 Total SPIN, PARITY =     7.5 +,      1 chs,      0 cc.  Rmin & Coul turning =    0.3    6.2
   S-matrix    1 =    0.98033   0.02980 for L=    8, J=    7.5 channel on core I =   0.0 from L=    8,  Acc. loss =  0.0 D.
 Elastic phase shift   1 =    0.871   0.556 deg. for the L =    8, J =    7.5 channel.
       7.5  0.98032683  0.02979882i: elastic S-matrix  @@      0.00  0   0 F  0
 Reaction Xsec     7.5+/ 8 @ 1 =   6.258 , Out:   0.000#


 Total SPIN, PARITY =     7.5 -,      1 chs,      0 cc.  Rmin & Coul turning =    0.3    6.2
   S-matrix    1 =    0.93367   0.10095 for L=    7, J=    7.5 channel on core I =   0.0 from L=    7,  Acc. loss =  0.0 D.
 Elastic phase shift   1 =    3.085   1.800 deg. for the L =    7, J =    7.5 channel.
       7.5  0.93367189  0.10094849i: elastic S-matrix  @@      0.00  0   0 F  0
 Reaction Xsec     7.5-/ 7 @ 1 =  19.408 , Out:   0.000#


 Total SPIN, PARITY =     8.5 +,      1 chs,      0 cc.  Rmin & Coul turning =    0.4    7.0
   S-matrix    1 =    0.97971   0.03546 for L=    8, J=    8.5 channel on core I =   0.0 from L=    8,  Acc. loss =  0.0 D.
 Elastic phase shift   1 =    1.036   0.568 deg. for the L =    8, J =    8.5 channel.
       8.5  0.97971092  0.03545749i: elastic S-matrix  @@      0.00  0   0 F  0
 Reaction Xsec     8.5+/ 8 @ 1 =   7.196 , Out:   0.000#


 Total SPIN, PARITY =     8.5 -,      1 chs,      0 cc.  Rmin & Coul turning =    0.4    7.0
   S-matrix    1 =    0.99343   0.01047 for L=    9, J=    8.5 channel on core I =   0.0 from L=    9,  Acc. loss =  0.0 D.
 Elastic phase shift   1 =    0.302   0.187 deg. for the L =    9, J =    8.5 channel.
       8.5  0.99343157  0.01047464i: elastic S-matrix  @@      0.00  0   0 F  0
 Reaction Xsec     8.5-/ 9 @ 1 =   2.401 , Out:   0.000#


 Total SPIN, PARITY =     9.5 +,      1 chs,      0 cc.  Rmin & Coul turning =    0.4    7.8
   S-matrix    1 =    0.99778   0.00363 for L=   10, J=    9.5 channel on core I =   0.0 from L=   10,  Acc. loss =  0.0 D.
 Elastic phase shift   1 =    0.104   0.064 deg. for the L =   10, J =    9.5 channel.
       9.5  0.99777515  0.00363489i: elastic S-matrix  @@      0.00  0   0 F  0
 Reaction Xsec     9.5+/10 @ 1 =   0.911 , Out:   0.000#


 Total SPIN, PARITY =     9.5 -,      1 chs,      0 cc.  Rmin & Coul turning =    0.4    7.8
   S-matrix    1 =    0.99336   0.01219 for L=    9, J=    9.5 channel on core I =   0.0 from L=    9,  Acc. loss =  0.0 D.
 Elastic phase shift   1 =    0.352   0.189 deg. for the L =    9, J =    9.5 channel.
       9.5  0.99335828  0.01218949i: elastic S-matrix  @@      0.00  0   0 F  0
 Reaction Xsec     9.5-/ 9 @ 1 =   2.690 , Out:   0.000#


 Total SPIN, PARITY =    10.5 +,      1 chs,      0 cc.  Rmin & Coul turning =    0.5    8.7
   S-matrix    1 =    0.99777   0.00416 for L=   10, J=   10.5 channel on core I =   0.0 from L=   10,  Acc. loss =  0.0 D.
 Elastic phase shift   1 =    0.120   0.064 deg. for the L =   10, J =   10.5 channel.
      10.5  0.99776620  0.00416266i: elastic S-matrix  @@      0.00  0   0 F  0
 Reaction Xsec    10.5+/10 @ 1 =   1.005 , Out:   0.000#


 Total SPIN, PARITY =    10.5 -,      1 chs,      0 cc.  Rmin & Coul turning =    0.5    8.7
   S-matrix    1 =    0.99924   0.00125 for L=   11, J=   10.5 channel on core I =   0.0 from L=   11,  Acc. loss =  0.0 D.
 Elastic phase shift   1 =    0.036   0.022 deg. for the L =   11, J =   10.5 channel.
      10.5  0.99924312  0.00125291i: elastic S-matrix  @@      0.00  0   0 F  0
 Reaction Xsec    10.5-/11 @ 1 =   0.342 , Out:   0.000#


 Total SPIN, PARITY =    11.5 +,      1 chs,      0 cc.  Rmin & Coul turning =    0.5    9.5
   S-matrix    1 =    0.99974   0.00043 for L=   12, J=   11.5 channel on core I =   0.0 from L=   12,  Acc. loss =  0.0 D.
 Elastic phase shift   1 =    0.012   0.007 deg. for the L =   12, J =   11.5 channel.
      11.5  0.99974248  0.00042994i: elastic S-matrix  @@      0.00  0   0 F  0
 Reaction Xsec    11.5+/12 @ 1 =   0.127 , Out:   0.000#


 Total SPIN, PARITY =    11.5 -,      1 chs,      0 cc.  Rmin & Coul turning =    0.5    9.5
   S-matrix    1 =    0.99924   0.00142 for L=   11, J=   11.5 channel on core I =   0.0 from L=   11,  Acc. loss =  0.0 D.
 Elastic phase shift   1 =    0.041   0.022 deg. for the L =   11, J =   11.5 channel.
      11.5  0.99924202  0.00141645i: elastic S-matrix  @@      0.00  0   0 F  0
 Reaction Xsec    11.5-/11 @ 1 =   0.373 , Out:   0.000#


 Total SPIN, PARITY =    12.5 +,      1 chs,      0 cc.  Rmin & Coul turning =    0.6   10.3
   S-matrix    1 =    0.99974   0.00048 for L=   12, J=   12.5 channel on core I =   0.0 from L=   12,  Acc. loss =  0.0 D.
 Elastic phase shift   1 =    0.014   0.007 deg. for the L =   12, J =   12.5 channel.
      12.5  0.99974234  0.00048069i: elastic S-matrix  @@      0.00  0   0 F  0
 Reaction Xsec    12.5+/12 @ 1 =   0.138 , Out:   0.000#


 Total SPIN, PARITY =    12.5 -,      1 chs,      0 cc.  Rmin & Coul turning =    0.6   10.3
   S-matrix    1 =    0.99991   0.00015 for L=   13, J=   12.5 channel on core I =   0.0 from L=   13,  Acc. loss =  0.0 D.
 Elastic phase shift   1 =    0.004   0.003 deg. for the L =   13, J =   12.5 channel.
      12.5  0.99991250  0.00014703i: elastic S-matrix  @@      0.00  0   0 F  0
 Reaction Xsec    12.5-/13 @ 1 =   0.047 , Out:   0.000#


 Total SPIN, PARITY =    13.5 +,      1 chs,      0 cc.  Rmin & Coul turning =    0.6   11.1
   S-matrix    1 =    0.99997   0.00005 for L=   14, J=   13.5 channel on core I =   0.0 from L=   14,  Acc. loss =  0.0 D.
 Elastic phase shift   1 =    0.001   0.001 deg. for the L =   14, J =   13.5 channel.
      13.5  0.99997032  0.00005014i: elastic S-matrix  @@      0.00  0   0 F  0
 Reaction Xsec    13.5+/14 @ 1 =   0.017 , Out:   0.000#


 Total SPIN, PARITY =    13.5 -,      1 chs,      0 cc.  Rmin & Coul turning =    0.6   11.1
   S-matrix    1 =    0.99991   0.00016 for L=   13, J=   13.5 channel on core I =   0.0 from L=   13,  Acc. loss =  0.0 D.
 Elastic phase shift   1 =    0.005   0.003 deg. for the L =   13, J =   13.5 channel.
      13.5  0.99991248  0.00016276i: elastic S-matrix  @@      0.00  0   0 F  0
 Reaction Xsec    13.5-/13 @ 1 =   0.050 , Out:   0.000#


 Total SPIN, PARITY =    14.5 +,      1 chs,      0 cc.  Rmin & Coul turning =    0.7   11.9
   S-matrix    1 =    0.99997   0.00006 for L=   14, J=   14.5 channel on core I =   0.0 from L=   14,  Acc. loss =  0.0 D.
 Elastic phase shift   1 =    0.002   0.001 deg. for the L =   14, J =   14.5 channel.
      14.5  0.99997032  0.00005500i: elastic S-matrix  @@      0.00  0   0 F  0
 Reaction Xsec    14.5+/14 @ 1 =   0.018 , Out:   0.000#


 Total SPIN, PARITY =    14.5 -,      1 chs,      0 cc.  Rmin & Coul turning =    0.7   11.9
   S-matrix    1 =    0.99999   0.00002 for L=   15, J=   14.5 channel on core I =   0.0 from L=   15,  Acc. loss =  0.0 D.
 Elastic phase shift   1 =    0.000   0.000 deg. for the L =   15, J =   14.5 channel.
      14.5  0.99998995  0.00001705i: elastic S-matrix  @@      0.00  0   0 F  0
 Reaction Xsec    14.5-/15 @ 1 =   6.194/, Out:   0.000#


 Total SPIN, PARITY =    15.5 +,      1 chs,      0 cc.  Rmin & Coul turning =    0.7   12.7
   S-matrix    1 =    1.00000   0.00001 for L=   16, J=   15.5 channel on core I =   0.0 from L=   16,  Acc. loss =  0.0 D.
 Elastic phase shift   1 =    0.000   0.000 deg. for the L =   16, J =   15.5 channel.
      15.5  0.99999660  0.00000579i: elastic S-matrix  @@      0.00  0   0 F  0
 Reaction Xsec    15.5+/16 @ 1 =   2.233/, Out:   0.000#


 Total SPIN, PARITY =    15.5 -,      1 chs,      0 cc.  Rmin & Coul turning =    0.7   12.7
   S-matrix    1 =    0.99999   0.00002 for L=   15, J=   15.5 channel on core I =   0.0 from L=   15,  Acc. loss =  0.0 D.
 Elastic phase shift   1 =    0.001   0.000 deg. for the L =   15, J =   15.5 channel.
      15.5  0.99998995  0.00001856i: elastic S-matrix  @@      0.00  0   0 F  0
 Reaction Xsec    15.5-/15 @ 1 =   6.607/, Out:   0.000#


 Total SPIN, PARITY =    16.5 +,      1 chs,      0 cc.  Rmin & Coul turning =    0.8   13.5
   S-matrix    1 =    1.00000   0.00001 for L=   16, J=   16.5 channel on core I =   0.0 from L=   16,  Acc. loss =  0.0 D.
 Elastic phase shift   1 =    0.000   0.000 deg. for the L =   16, J =   16.5 channel.
      16.5  0.99999660  0.00000625i: elastic S-matrix  @@      0.00  0   0 F  0
 Reaction Xsec    16.5+/16 @ 1 =   2.373/, Out:   0.000#


 Total SPIN, PARITY =    16.5 -,      1 chs,      0 cc.  Rmin & Coul turning =    0.8   13.5
   S-matrix    1 =    1.00000   0.00000 for L=   17, J=   16.5 channel on core I =   0.0 from L=   17,  Acc. loss =  0.0 D.
 Elastic phase shift   1 =    0.000   0.000 deg. for the L =   17, J =   16.5 channel.
      16.5  0.99999885  0.00000196i: elastic S-matrix  @@      0.00  0   0 F  0
 Reaction Xsec    16.5-/17 @ 1 =   0.801/, Out:   0.000#


 Total SPIN, PARITY =    17.5 +,      1 chs,      0 cc.  Rmin & Coul turning =    0.8   14.3
   S-matrix    1 =    1.00000   0.00000 for L=   18, J=   17.5 channel on core I =   0.0 from L=   18,  Acc. loss =  0.0 D.
 Elastic phase shift   1 =    0.000   0.000 deg. for the L =   18, J =   17.5 channel.
      17.5  0.99999961  0.00000066i: elastic S-matrix  @@      0.00  0   0 F  0
 Reaction Xsec    17.5+/18 @ 1 =   0.286/, Out:   0.000#


 Total SPIN, PARITY =    17.5 -,      1 chs,      0 cc.  Rmin & Coul turning =    0.8   14.3
   S-matrix    1 =    1.00000   0.00000 for L=   17, J=   17.5 channel on core I =   0.0 from L=   17,  Acc. loss =  0.0 D.
 Elastic phase shift   1 =    0.000   0.000 deg. for the L =   17, J =   17.5 channel.
      17.5  0.99999885  0.00000210i: elastic S-matrix  @@      0.00  0   0 F  0
 Reaction Xsec    17.5-/17 @ 1 =   0.848/, Out:   0.000#

 Finished all CC sets @    4.79299994E-03
0CUMULATIVE REACTION cross section                 =  782.16544  <L> =     4.15  <L**2> =     20.6
0CUMULATIVE outgoing cross sections in partition 1 :    0.00000
0Cumulative ABSORBTION by Imaginary Potentials     =  782.16544  <L> =     4.15  <L**2> =     20.6
   Fusion for specific p        M-states :  782.165445  782.165445
0CUMULATIVE OUTGOING cross section                 =    0.00000
 To convert to S-factors (MeV.mb = keV.b),  multiply by  1.2763E+02


 CROSS SECTIONS FOR OUTGOING p        & O20      in state #   1 with spins & parities 0.5  + &  0.0  +;  0

     3.00 deg.: X-S =   1.3310E+05 mb/sr,
+                                         /R =   8.3668E-01
     4.00 deg.: X-S =   3.8870E+04 mb/sr,
+                                         /R =   7.7194E-01
     5.00 deg.: X-S =   1.5246E+04 mb/sr,
+                                         /R =   7.3888E-01
     6.00 deg.: X-S =  7553.313634 mb/sr,
+                                         /R =   7.5863E-01
     7.00 deg.: X-S =  4573.855412 mb/sr,
+                                         /R =   8.5050E-01
     8.00 deg.: X-S =  3251.220919 mb/sr,
+                                         /R =   1.0306E+00
     9.00 deg.: X-S =  2582.817345 mb/sr,
+                                         /R =   1.3103E+00
    10.00 deg.: X-S =  2194.522367 mb/sr,
+                                         /R =   1.6952E+00
    11.00 deg.: X-S =  1933.324861 mb/sr,
+                                         /R =   2.1842E+00
    12.00 deg.: X-S =  1732.547341 mb/sr,
+                                         /R =   2.7690E+00
    13.00 deg.: X-S =  1562.005106 mb/sr,
+                                         /R =   3.4341E+00
    14.00 deg.: X-S =  1407.893346 mb/sr,
+                                         /R =   4.1576E+00
    15.00 deg.: X-S =  1264.080681 mb/sr,
+                                         /R =   4.9120E+00
    16.00 deg.: X-S =  1128.118005 mb/sr,
+                                         /R =   5.6659E+00
    17.00 deg.: X-S =   999.320844 mb/sr,
+                                         /R =   6.3857E+00
    18.00 deg.: X-S =   877.812549 mb/sr,
+                                         /R =   7.0376E+00
    19.00 deg.: X-S =   764.033524 mb/sr,
+                                         /R =   7.5900E+00
    20.00 deg.: X-S =   658.485942 mb/sr,
+                                         /R =   8.0153E+00
    21.00 deg.: X-S =   561.602057 mb/sr,
+                                         /R =   8.2919E+00
    22.00 deg.: X-S =   473.679795 mb/sr,
+                                         /R =   8.4057E+00
    23.00 deg.: X-S =   394.856195 mb/sr,
+                                         /R =   8.3513E+00
    24.00 deg.: X-S =   325.102811 mb/sr,
+                                         /R =   8.1326E+00
    25.00 deg.: X-S =   264.234075 mb/sr,
+                                         /R =   7.7630E+00
    26.00 deg.: X-S =   211.923326 mb/sr,
+                                         /R =   7.2648E+00
    27.00 deg.: X-S =   167.723205 mb/sr,
+                                         /R =   6.6685E+00
    28.00 deg.: X-S =   131.088219 mb/sr,
+                                         /R =   6.0111E+00
    29.00 deg.: X-S =   101.398002 mb/sr,
+                                         /R =   5.3348E+00
    30.00 deg.: X-S =    77.980163 mb/sr,
+                                         /R =   4.6845E+00
    31.00 deg.: X-S =    60.131947 mb/sr,
+                                         /R =   4.1058E+00
    32.00 deg.: X-S =    47.140134 mb/sr,
+                                         /R =   3.6428E+00
    33.00 deg.: X-S =    38.298773 mb/sr,
+                                         /R =   3.3361E+00
    34.00 deg.: X-S =    32.924484 mb/sr,
+                                         /R =   3.2207E+00
    35.00 deg.: X-S =    30.369209 mb/sr,
+                                         /R =   3.3242E+00
    36.00 deg.: X-S =    30.030351 mb/sr,
+                                         /R =   3.6659E+00
    37.00 deg.: X-S =    31.358387 mb/sr,
+                                         /R =   4.2555E+00
    38.00 deg.: X-S =    33.862050 mb/sr,
+                                         /R =   5.0930E+00
    39.00 deg.: X-S =    37.111289 mb/sr,
+                                         /R =   6.1685E+00
    40.00 deg.: X-S =    40.738216 mb/sr,
+                                         /R =   7.4628E+00
    41.00 deg.: X-S =    44.436301 mb/sr,
+                                         /R =   8.9481E+00
    42.00 deg.: X-S =    47.958098 mb/sr,
+                                         /R =   1.0589E+01
    43.00 deg.: X-S =    51.111756 mb/sr,
+                                         /R =   1.2346E+01
    44.00 deg.: X-S =    53.756609 mb/sr,
+                                         /R =   1.4172E+01
    45.00 deg.: X-S =    55.798096 mb/sr,
+                                         /R =   1.6020E+01
    46.00 deg.: X-S =    57.182256 mb/sr,
+                                         /R =   1.7843E+01
    47.00 deg.: X-S =    57.890009 mb/sr,
+                                         /R =   1.9593E+01
    48.00 deg.: X-S =    57.931428 mb/sr,
+                                         /R =   2.1226E+01
    49.00 deg.: X-S =    57.340150 mb/sr,
+                                         /R =   2.2702E+01
    50.00 deg.: X-S =    56.168064 mb/sr,
+                                         /R =   2.3987E+01
    51.00 deg.: X-S =    54.480390 mb/sr,
+                                         /R =   2.5054E+01
    52.00 deg.: X-S =    52.351207 mb/sr,
+                                         /R =   2.5881E+01
    53.00 deg.: X-S =    49.859500 mb/sr,
+                                         /R =   2.6458E+01
    54.00 deg.: X-S =    47.085736 mb/sr,
+                                         /R =   2.6777E+01
    55.00 deg.: X-S =    44.108996 mb/sr,
+                                         /R =   2.6844E+01
    56.00 deg.: X-S =    41.004642 mb/sr,
+                                         /R =   2.6666E+01
    57.00 deg.: X-S =    37.842492 mb/sr,
+                                         /R =   2.6262E+01
    58.00 deg.: X-S =    34.685483 mb/sr,
+                                         /R =   2.5652E+01
    59.00 deg.: X-S =    31.588770 mb/sr,
+                                         /R =   2.4865E+01
    60.00 deg.: X-S =    28.599214 mb/sr,
+                                         /R =   2.3929E+01
    61.00 deg.: X-S =    25.755207 mb/sr,
+                                         /R =   2.2879E+01
    62.00 deg.: X-S =    23.086788 mb/sr,
+                                         /R =   2.1748E+01
    63.00 deg.: X-S =    20.615988 mb/sr,
+                                         /R =   2.0570E+01
    64.00 deg.: X-S =    18.357366 mb/sr,
+                                         /R =   1.9379E+01
    65.00 deg.: X-S =    16.318675 mb/sr,
+                                         /R =   1.8207E+01
    66.00 deg.: X-S =    14.501630 mb/sr,
+                                         /R =   1.7082E+01
    67.00 deg.: X-S =    12.902727 mb/sr,
+                                         /R =   1.6030E+01
    68.00 deg.: X-S =    11.514086 mb/sr,
+                                         /R =   1.5072E+01
    69.00 deg.: X-S =    10.324295 mb/sr,
+                                         /R =   1.4225E+01
    70.00 deg.: X-S =     9.319208 mb/sr,
+                                         /R =   1.3503E+01
    71.00 deg.: X-S =     8.482718 mb/sr,
+                                         /R =   1.2913E+01
    72.00 deg.: X-S =     7.797446 mb/sr,
+                                         /R =   1.2460E+01
    73.00 deg.: X-S =     7.245370 mb/sr,
+                                         /R =   1.2142E+01
    74.00 deg.: X-S =     6.808375 mb/sr,
+                                         /R =   1.1956E+01
    75.00 deg.: X-S =     6.468716 mb/sr,
+                                         /R =   1.1893E+01
    76.00 deg.: X-S =     6.209406 mb/sr,
+                                         /R =   1.1943E+01
    77.00 deg.: X-S =     6.014515 mb/sr,
+                                         /R =   1.2092E+01
    78.00 deg.: X-S =     5.869410 mb/sr,
+                                         /R =   1.2325E+01
    79.00 deg.: X-S =     5.760906 mb/sr,
+                                         /R =   1.2625E+01
    80.00 deg.: X-S =     5.677370 mb/sr,
+                                         /R =   1.2975E+01
    81.00 deg.: X-S =     5.608760 mb/sr,
+                                         /R =   1.3358E+01
    82.00 deg.: X-S =     5.546620 mb/sr,
+                                         /R =   1.3756E+01
    83.00 deg.: X-S =     5.484034 mb/sr,
+                                         /R =   1.4153E+01
    84.00 deg.: X-S =     5.415545 mb/sr,
+                                         /R =   1.4534E+01
    85.00 deg.: X-S =     5.337053 mb/sr,
+                                         /R =   1.4884E+01
    86.00 deg.: X-S =     5.245692 mb/sr,
+                                         /R =   1.5192E+01
    87.00 deg.: X-S =     5.139694 mb/sr,
+                                         /R =   1.5448E+01
    88.00 deg.: X-S =     5.018247 mb/sr,
+                                         /R =   1.5643E+01
    89.00 deg.: X-S =     4.881353 mb/sr,
+                                         /R =   1.5772E+01
    90.00 deg.: X-S =     4.729684 mb/sr,
+                                         /R =   1.5829E+01
    91.00 deg.: X-S =     4.564448 mb/sr,
+                                         /R =   1.5814E+01
    92.00 deg.: X-S =     4.387261 mb/sr,
+                                         /R =   1.5726E+01
    93.00 deg.: X-S =     4.200031 mb/sr,
+                                         /R =   1.5567E+01
    94.00 deg.: X-S =     4.004850 mb/sr,
+                                         /R =   1.5339E+01
    95.00 deg.: X-S =     3.803906 mb/sr,
+                                         /R =   1.5047E+01
    96.00 deg.: X-S =     3.599400 mb/sr,
+                                         /R =   1.4697E+01
    97.00 deg.: X-S =     3.393480 mb/sr,
+                                         /R =   1.4294E+01
    98.00 deg.: X-S =     3.188191 mb/sr,
+                                         /R =   1.3847E+01
    99.00 deg.: X-S =     2.985429 mb/sr,
+                                         /R =   1.3362E+01
   100.00 deg.: X-S =     2.786914 mb/sr,
+                                         /R =   1.2848E+01
   101.00 deg.: X-S =     2.594168 mb/sr,
+                                         /R =   1.2312E+01
   102.00 deg.: X-S =     2.408504 mb/sr,
+                                         /R =   1.1761E+01
   103.00 deg.: X-S =     2.231022 mb/sr,
+                                         /R =   1.1204E+01
   104.00 deg.: X-S =     2.062610 mb/sr,
+                                         /R =   1.0647E+01
   105.00 deg.: X-S =     1.903955 mb/sr,
+                                         /R =   1.0098E+01
   106.00 deg.: X-S =     1.755550 mb/sr,
+                                         /R =   9.5609E+00
   107.00 deg.: X-S =     1.617712 mb/sr,
+                                         /R =   9.0429E+00
   108.00 deg.: X-S =     1.490597 mb/sr,
+                                         /R =   8.5484E+00
   109.00 deg.: X-S =     1.374217 mb/sr,
+                                         /R =   8.0815E+00
   110.00 deg.: X-S =     1.268458 mb/sr,
+                                         /R =   7.6459E+00
   111.00 deg.: X-S =     1.173096 mb/sr,
+                                         /R =   7.2444E+00
   112.00 deg.: X-S =     1.087817 mb/sr,
+                                         /R =   6.8793E+00
   113.00 deg.: X-S =     1.012229 mb/sr,
+                                         /R =   6.5524E+00
   114.00 deg.: X-S =     0.945877 mb/sr,
+                                         /R =   6.2646E+00
   115.00 deg.: X-S =     0.888255 mb/sr,
+                                         /R =   6.0165E+00
   116.00 deg.: X-S =     0.838819 mb/sr,
+                                         /R =   5.8082E+00
   117.00 deg.: X-S =     0.796994 mb/sr,
+                                         /R =   5.6391E+00
   118.00 deg.: X-S =     0.762183 mb/sr,
+                                         /R =   5.5083E+00
   119.00 deg.: X-S =     0.733774 mb/sr,
+                                         /R =   5.4142E+00
   120.00 deg.: X-S =     0.711144 mb/sr,
+                                         /R =   5.3552E+00
   121.00 deg.: X-S =     0.693666 mb/sr,
+                                         /R =   5.3288E+00
   122.00 deg.: X-S =     0.680712 mb/sr,
+                                         /R =   5.3325E+00
   123.00 deg.: X-S =     0.671657 mb/sr,
+                                         /R =   5.3633E+00
   124.00 deg.: X-S =     0.665881 mb/sr,
+                                         /R =   5.4179E+00
   125.00 deg.: X-S =     0.662775 mb/sr,
+                                         /R =   5.4925E+00
   126.00 deg.: X-S =     0.661744 mb/sr,
+                                         /R =   5.5835E+00
   127.00 deg.: X-S =     0.662209 mb/sr,
+                                         /R =   5.6866E+00
   128.00 deg.: X-S =     0.663615 mb/sr,
+                                         /R =   5.7976E+00
   129.00 deg.: X-S =     0.665431 mb/sr,
+                                         /R =   5.9122E+00
   130.00 deg.: X-S =     0.667158 mb/sr,
+                                         /R =   6.0259E+00
   131.00 deg.: X-S =     0.668332 mb/sr,
+                                         /R =   6.1345E+00
   132.00 deg.: X-S =     0.668532 mb/sr,
+                                         /R =   6.2335E+00
   133.00 deg.: X-S =     0.667383 mb/sr,
+                                         /R =   6.3191E+00
   134.00 deg.: X-S =     0.664562 mb/sr,
+                                         /R =   6.3875E+00
   135.00 deg.: X-S =     0.659804 mb/sr,
+                                         /R =   6.4353E+00
   136.00 deg.: X-S =     0.652903 mb/sr,
+                                         /R =   6.4596E+00
   137.00 deg.: X-S =     0.643721 mb/sr,
+                                         /R =   6.4580E+00
   138.00 deg.: X-S =     0.632187 mb/sr,
+                                         /R =   6.4290E+00
   139.00 deg.: X-S =     0.618300 mb/sr,
+                                         /R =   6.3715E+00
   140.00 deg.: X-S =     0.602130 mb/sr,
+                                         /R =   6.2853E+00
   141.00 deg.: X-S =     0.583820 mb/sr,
+                                         /R =   6.1710E+00
   142.00 deg.: X-S =     0.563577 mb/sr,
+                                         /R =   6.0301E+00
   143.00 deg.: X-S =     0.541678 mb/sr,
+                                         /R =   5.8649E+00
   144.00 deg.: X-S =     0.518458 mb/sr,
+                                         /R =   5.6785E+00
   145.00 deg.: X-S =     0.494307 mb/sr,
+                                         /R =   5.4748E+00
   146.00 deg.: X-S =     0.469661 mb/sr,
+                                         /R =   5.2585E+00
   147.00 deg.: X-S =     0.444994 mb/sr,
+                                         /R =   5.0349E+00
   148.00 deg.: X-S =     0.420808 mb/sr,
+                                         /R =   4.8100E+00
   149.00 deg.: X-S =     0.397619 mb/sr,
+                                         /R =   4.5899E+00
   150.00 deg.: X-S =     0.375951 mb/sr,
+                                         /R =   4.3813E+00
   151.00 deg.: X-S =     0.356318 mb/sr,
+                                         /R =   4.1908E+00
   152.00 deg.: X-S =     0.339216 mb/sr,
+                                         /R =   4.0252E+00
   153.00 deg.: X-S =     0.325106 mb/sr,
+                                         /R =   3.8908E+00
   154.00 deg.: X-S =     0.314407 mb/sr,
+                                         /R =   3.7938E+00
   155.00 deg.: X-S =     0.307481 mb/sr,
+                                         /R =   3.7397E+00
   156.00 deg.: X-S =     0.304628 mb/sr,
+                                         /R =   3.7332E+00
   157.00 deg.: X-S =     0.306069 mb/sr,
+                                         /R =   3.7782E+00
   158.00 deg.: X-S =     0.311946 mb/sr,
+                                         /R =   3.8776E+00
   159.00 deg.: X-S =     0.322313 mb/sr,
+                                         /R =   4.0331E+00
   160.00 deg.: X-S =     0.337132 mb/sr,
+                                         /R =   4.2452E+00
   161.00 deg.: X-S =     0.356273 mb/sr,
+                                         /R =   4.5132E+00
   162.00 deg.: X-S =     0.379514 mb/sr,
+                                         /R =   4.8350E+00
   163.00 deg.: X-S =     0.406540 mb/sr,
+                                         /R =   5.2072E+00
   164.00 deg.: X-S =     0.436953 mb/sr,
+                                         /R =   5.6252E+00
   165.00 deg.: X-S =     0.470277 mb/sr,
+                                         /R =   6.0830E+00
   166.00 deg.: X-S =     0.505964 mb/sr,
+                                         /R =   6.5738E+00
   167.00 deg.: X-S =     0.543407 mb/sr,
+                                         /R =   7.0895E+00
   168.00 deg.: X-S =     0.581952 mb/sr,
+                                         /R =   7.6214E+00
   169.00 deg.: X-S =     0.620911 mb/sr,
+                                         /R =   8.1603E+00
   170.00 deg.: X-S =     0.659575 mb/sr,
+                                         /R =   8.6963E+00
   171.00 deg.: X-S =     0.697229 mb/sr,
+                                         /R =   9.2194E+00
   172.00 deg.: X-S =     0.733170 mb/sr,
+                                         /R =   9.7199E+00
   173.00 deg.: X-S =     0.766718 mb/sr,
+                                         /R =   1.0188E+01
   174.00 deg.: X-S =     0.797234 mb/sr,
+                                         /R =   1.0614E+01
   175.00 deg.: X-S =     0.824131 mb/sr,
+                                         /R =   1.0991E+01
   176.00 deg.: X-S =     0.846890 mb/sr,
+                                         /R =   1.1310E+01
   177.00 deg.: X-S =     0.865069 mb/sr,
+                                         /R =   1.1565E+01
   178.00 deg.: X-S =     0.878314 mb/sr,
+                                         /R =   1.1751E+01
   179.00 deg.: X-S =     0.886366 mb/sr,
+                                         /R =   1.1864E+01
   179.99 deg.: X-S =     0.889067 mb/sr,
+                                         /R =   1.1902E+01
                                           Integrated 2091.7777 mb, over [   3.000, 180.000] at    35.0000 MeV 
 Finished all xsecs @    6.04899973E-03

  The following files have been created:
   3:local copy of User input.            6:standard output.                   
   7:elastic  S-matrix elements.         13:total cross sections/state.        
  16:tables of cross sections.           38:cross sections for each J/pi.      
  39:cross sections for each Ecm.        40:all cross sectns. for each Elab.   
  45:scat phase shift as E functions.    56:Fusion for each Jtotal.            
 201:Separate cross sections.           

 PARAMETERS : MAXQRN   MFNL   MLOC  LMAX1 MCLIST
    ALLOWED :      1      1      4     70      6
    REQUIRED:      0      0      4     19      4


 ACCURACY ANALYSIS at    35.000 MeV :

  Elastic h*k = 0.037 so OK       compared with 0.200

   Real(S-el) > 0.01 first at J =       0.5
   Real(S-el) > 0.10 first at J =       0.5
   Real(S-el) > 0.50 first at J =       5.5
   Real(S-el) > 0.90 first at J =       6.5
   Real(S-el) > 0.99 first at J =       8.5
   R-turn =    14.32 fm    at J =      17.5

 Forward-angle excitation cut off below   1.361 deg by max JT =      17.5
                              and below   0.330 deg by max R.

