 FRESCO - FRES 3.4: Coupled Reaction Channels
 Assuming NAMELIST input.

 p+O20 with CH89;                                                                

   0.030  60.000   0.500   0.000   0.000   0.000   0.000   0.000   0.000   0.000

 Centre-of-mass Range is   2002 * 0.0300 fm., Maximum at  60.00 fm., Interpolating NL forms every  0.51 fm.
 Non - locality width is      4 * 0.0300 fm., Maximum of   0.09 fm., Centred at  0.00 fm.
 2-Nucleon Separation of      0 * 0.5100 fm., Maximum of   0.00 fm., Minimum at  0.00 fm.
 Maximum single particle bins of 59.6700 fm.
               M,Mint =         2001        1990


 Range of total J is     0.0 <= J <=    50.0 (at least     0.0) and Absorbtion =>     0.0010 mb.
 Dry Run = F, CC set limits =  0  0, Relativistic kinematics =  , Both/Far/Near Analyses =  1                     

 Cross Sections (and up to T0 for 0=projectile) for Theta from   3.0 to-180.0 in steps of  1.0 degrees, DGAM=0,  Coordinates = 0 (Mads)

 Lower Radial Cutoff = maximum of -1.60*L*h &       0.0 fm.,  Lower Cutoff for Couplings =   0.0  fm.


 Iterate Couplings between   0 and   0 times, to  0.000 % if sooner.                                          
  Block solved exactly =   0 chs., with Pade = 0 & Isocen =  =0, NOSOL = F, initwf =  0
  NL quadrature with   18 Gaussian points, Calculate multipoles up to    56 from   0
  M-transfers for lp+lt greater than or equal to  6, Angular Integration Cutoff below  2.7778 %


 Trace switches are :  CHANS =  1, LISTCC =  0, TRENEG =  0, CDETR =  0, SMATS =  2, XSTABL =  1, NLPL =  0

                       WAVES =  0, LAMPL =  0, VEFF =  0, KFUS =  0, WDISK =  0, BPM =  0, MELFIL =  0

                       CDCC =  0, NFUS =  0

 Using unit mass = 1.000000 amu and 1/fine-structure constant = 137.03599 ( 1.000000 * true ) with hc = 197.32705 MeV.fm,
  thus 2*amu/hbar^2 = 0.0478450 = 1/20.9008 and Coulomb constant = 0.1574855 so e^2 = 1.43997, and nuclear magneton= 0.1261183

 Now pre-scan input and save to file 3



 *********** PARTITION NUMBER  1 ******************************************************************************************

   PROJ=p          MASS=  1.0073 Z=   1.0,        # STATES=    1T, TARG=O20      MASS= 19.9997 Z=   8.0,     Q-VALUE =  -0.0000 MEV.

     1:  J= 0.5+ (B# 1), E=  0.0000, K= 0.5              Potl#  1       J= 0.0+ (B# 1), E=  0.0000, K= 0.0    


 ************************************************************************************************************************************

 The following POTENTIALS are defined :

  KP#       TYPE      IT    SHAPE      at     V1        r1        a1        V2        r2        a2        A-in     A-used


                                            A#1       A#2        r0c       ac                                                h @ 1
    1    0=Coulomb       0=CHARGE (WS)  1    20.000     0.000    1.2842    0.0000    0.0000    0.0000     0.000    20.000   0.03000

    1    1=Volume        0=Woods-Saxon  2   60.1129    1.1671    0.6900    3.9320    1.1753    0.6900     0.000    20.000

    1    2=Surface       0=Woods-Saxon  3    0.0000    0.0000    0.0000    8.3439    1.1753    0.6900     0.000    20.000

    1    3=Projtl S.O.   0=Woods-Saxon  4    5.9000    0.8979    0.6300    0.0000    0.0000    0.0000     0.000    20.000

 Incoming partition  1 in excitation state # 1,   Laboratory Energy given for partition  1 Nucleus 1 in Excitation pair 1

0Lab. ENERGY ranges :

   from    35.0000     to   0.00000     in     0 intervals
   from    0.00000     to   0.00000     in     0 intervals
   from    0.00000     to   0.00000     in     0 intervals

 Largest real,imaginary parts of any form factor at R=   59.52 are   2.42E-02  8.94E-32 MeV
 Finished all Couplings @    4.45000012E-04           4

 Symmetric Hamiltonian
1***********************************************************************************************************************************
************************************************************************************************************************************

        INCOMING p        ;    LABORATORY p        ENERGY =   35.000     MeV.

 ***********************************************************************************************************************************
 ***********************************************************************************************************************************

 Allocate arrays for            2  channels, of which            1  need wfs.

 ######################################################################################################################
 #                                                                                                                    #
 # Total SPIN and PARITY =     0.5 +,      1 channels,    0 in 1st block.  Rmin & Coul turning =    0.0    0.3 fm.  #
 #                                                                                                                    #
 ######################################################################################################################



    C Projectl Target   #   EX.   (L  Proj) J  + Targ = Jtotal     E-cm      Re K     Re Eta     RM*K            CH
    1 p        O20      #    1: I   0 0.5    0.5  0.0     0.5    33.32176   1.23648   0.21373   74.1887   0.33920  -0.36833 1 1 1   1
   S-matrix    1 =    0.37270   0.03741 for L=    0, J=    0.5 channel on core I =   0.0 from L=    0,  Acc. loss =  0.0 D.
 Elastic phase shift   1 =    2.866  28.131 deg. for the L =    0, J =    0.5 channel.
       0.5  0.37270180  0.03741210i: elastic S-matrix  @@      0.00  0   0 F  0
 Reaction Xsec     0.5+/ 0 @ 1 =  17.665 , Out:   0.000#


 Total SPIN, PARITY =     0.5 -,      1 chs,      0 cc.  Rmin & Coul turning =    0.0    0.3
   S-matrix    1 =    0.26656  -0.25664 for L=    1, J=    0.5 channel on core I =   0.0 from L=    1,  Acc. loss =  0.0 D.
 Elastic phase shift   1 =  -21.957  28.481 deg. for the L =    1, J =    0.5 channel.
       0.5  0.26656117 -0.25664235i: elastic S-matrix  @@      0.00  0   0 F  0
 Reaction Xsec     0.5-/ 1 @ 1 =  17.735 , Out:   0.000#


 Total SPIN, PARITY =     1.5 +,      1 chs,      0 cc.  Rmin & Coul turning =    0.0    1.3
   S-matrix    1 =   -0.03866  -0.32889 for L=    2, J=    1.5 channel on core I =   0.0 from L=    2,  Acc. loss =  0.0 D.
 Elastic phase shift   1 =  -48.352  31.661 deg. for the L =    2, J =    1.5 channel.
       1.5 -0.03866075 -0.32889335i: elastic S-matrix  @@      0.00  0   0 F  0
 Reaction Xsec     1.5+/ 2 @ 1 =  36.590 , Out:   0.000#


 Total SPIN, PARITY =     1.5 -,      1 chs,      0 cc.  Rmin & Coul turning =    0.0    1.3
   S-matrix    1 =    0.36470  -0.12303 for L=    1, J=    1.5 channel on core I =   0.0 from L=    1,  Acc. loss =  0.0 D.
 Elastic phase shift   1 =   -9.321  27.353 deg. for the L =    1, J =    1.5 channel.
       1.5  0.36469798 -0.12303076i: elastic S-matrix  @@      0.00  0   0 F  0
 Reaction Xsec     1.5-/ 1 @ 1 =  35.009 , Out:   0.000#


 Total SPIN, PARITY =     2.5 +,      1 chs,      0 cc.  Rmin & Coul turning =    0.1    2.2
   S-matrix    1 =    0.22231  -0.25534 for L=    2, J=    2.5 channel on core I =   0.0 from L=    2,  Acc. loss =  0.0 D.
 Elastic phase shift   1 =  -24.478  31.028 deg. for the L =    2, J =    2.5 channel.
       2.5  0.22230760 -0.25533774i: elastic S-matrix  @@      0.00  0   0 F  0
 Reaction Xsec     2.5+/ 2 @ 1 =  54.579 , Out:   0.000#


 Total SPIN, PARITY =     2.5 -,      1 chs,      0 cc.  Rmin & Coul turning =    0.1    2.2
   S-matrix    1 =   -0.27340  -0.18705 for L=    3, J=    2.5 channel on core I =   0.0 from L=    3,  Acc. loss =  0.0 D.
 Elastic phase shift   1 =  -72.811  31.651 deg. for the L =    3, J =    2.5 channel.
       2.5 -0.27339822 -0.18705254i: elastic S-matrix  @@      0.00  0   0 F  0
 Reaction Xsec     2.5-/ 3 @ 1 =  54.880 , Out:   0.000#


 Total SPIN, PARITY =     3.5 +,      1 chs,      0 cc.  Rmin & Coul turning =    0.1    3.0
   S-matrix    1 =   -0.10754   0.13211 for L=    4, J=    3.5 channel on core I =   0.0 from L=    4,  Acc. loss =  0.0 D.
 Elastic phase shift   1 =   64.573  50.704 deg. for the L =    4, J =    3.5 channel.
       3.5 -0.10753879  0.13211351i: elastic S-matrix  @@      0.00  0   0 F  0
 Reaction Xsec     3.5+/ 4 @ 1 =  79.808 , Out:   0.000#


 Total SPIN, PARITY =     3.5 -,      1 chs,      0 cc.  Rmin & Coul turning =    0.1    3.0
   S-matrix    1 =   -0.00059  -0.37152 for L=    3, J=    3.5 channel on core I =   0.0 from L=    3,  Acc. loss =  0.0 D.
 Elastic phase shift   1 =  -45.046  28.366 deg. for the L =    3, J =    3.5 channel.
       3.5 -0.00059111 -0.37152132i: elastic S-matrix  @@      0.00  0   0 F  0
 Reaction Xsec     3.5-/ 3 @ 1 =  70.848 , Out:   0.000#


 Total SPIN, PARITY =     4.5 +,      1 chs,      0 cc.  Rmin & Coul turning =    0.2    3.8
   S-matrix    1 =   -0.15623  -0.18184 for L=    4, J=    4.5 channel on core I =   0.0 from L=    4,  Acc. loss =  0.0 D.
 Elastic phase shift   1 =  -65.335  40.915 deg. for the L =    4, J =    4.5 channel.
       4.5 -0.15623343 -0.18183609i: elastic S-matrix  @@      0.00  0   0 F  0
 Reaction Xsec     4.5+/ 4 @ 1 =  96.837 , Out:   0.000#


 Total SPIN, PARITY =     4.5 -,      1 chs,      0 cc.  Rmin & Coul turning =    0.2    3.8
   S-matrix    1 =    0.41370   0.29886 for L=    5, J=    4.5 channel on core I =   0.0 from L=    5,  Acc. loss =  0.0 D.
 Elastic phase shift   1 =   17.923  19.270 deg. for the L =    5, J =    4.5 channel.
       4.5  0.41369699  0.29886158i: elastic S-matrix  @@      0.00  0   0 F  0
 Reaction Xsec     4.5-/ 5 @ 1 =  75.981 , Out:   0.000#


 Total SPIN, PARITY =     5.5 +,      1 chs,      0 cc.  Rmin & Coul turning =    0.2    4.6
   S-matrix    1 =    0.79522   0.18633 for L=    6, J=    5.5 channel on core I =   0.0 from L=    6,  Acc. loss =  0.0 D.
 Elastic phase shift   1 =    6.594   5.799 deg. for the L =    6, J =    5.5 channel.
       5.5  0.79521980  0.18633258i: elastic S-matrix  @@      0.00  0   0 F  0
 Reaction Xsec     5.5+/ 6 @ 1 =  41.044 , Out:   0.000#


 Total SPIN, PARITY =     5.5 -,      1 chs,      0 cc.  Rmin & Coul turning =    0.2    4.6
   S-matrix    1 =    0.21648   0.28089 for L=    5, J=    5.5 channel on core I =   0.0 from L=    5,  Acc. loss =  0.0 D.
 Elastic phase shift   1 =   26.189  29.699 deg. for the L =    5, J =    5.5 channel.
       5.5  0.21648178  0.28088749i: elastic S-matrix  @@      0.00  0   0 F  0
 Reaction Xsec     5.5-/ 5 @ 1 = 107.785 , Out:   0.000#


 Total SPIN, PARITY =     6.5 +,      1 chs,      0 cc.  Rmin & Coul turning =    0.3    5.4
   S-matrix    1 =    0.75124   0.23695 for L=    6, J=    6.5 channel on core I =   0.0 from L=    6,  Acc. loss =  0.0 D.
 Elastic phase shift   1 =    8.753   6.836 deg. for the L =    6, J =    6.5 channel.
       6.5  0.75124406  0.23694864i: elastic S-matrix  @@      0.00  0   0 F  0
 Reaction Xsec     6.5+/ 6 @ 1 =  54.585 , Out:   0.000#


 Total SPIN, PARITY =     6.5 -,      1 chs,      0 cc.  Rmin & Coul turning =    0.3    5.4
   S-matrix    1 =    0.93473   0.07727 for L=    7, J=    6.5 channel on core I =   0.0 from L=    7,  Acc. loss =  0.0 D.
 Elastic phase shift   1 =    2.363   1.836 deg. for the L =    7, J =    6.5 channel.
       6.5  0.93472862  0.07727100i: elastic S-matrix  @@      0.00  0   0 F  0
 Reaction Xsec     6.5-/ 7 @ 1 =  17.305 , Out:   0.000#


 Total SPIN, PARITY =     7.5 +,      1 chs,      0 cc.  Rmin & Coul turning =    0.3    6.2
   S-matrix    1 =    0.97863   0.02838 for L=    8, J=    7.5 channel on core I =   0.0 from L=    8,  Acc. loss =  0.0 D.
 Elastic phase shift   1 =    0.831   0.607 deg. for the L =    8, J =    7.5 channel.
       7.5  0.97863458  0.02838455i: elastic S-matrix  @@      0.00  0   0 F  0
 Reaction Xsec     7.5+/ 8 @ 1 =   6.817 , Out:   0.000#


 Total SPIN, PARITY =     7.5 -,      1 chs,      0 cc.  Rmin & Coul turning =    0.3    6.2
   S-matrix    1 =    0.92931   0.09572 for L=    7, J=    7.5 channel on core I =   0.0 from L=    7,  Acc. loss =  0.0 D.
 Elastic phase shift   1 =    2.940   1.949 deg. for the L =    7, J =    7.5 channel.
       7.5  0.92930600  0.09572003i: elastic S-matrix  @@      0.00  0   0 F  0
 Reaction Xsec     7.5-/ 7 @ 1 =  20.915 , Out:   0.000#


 Total SPIN, PARITY =     8.5 +,      1 chs,      0 cc.  Rmin & Coul turning =    0.4    7.0
   S-matrix    1 =    0.97800   0.03400 for L=    8, J=    8.5 channel on core I =   0.0 from L=    8,  Acc. loss =  0.0 D.
 Elastic phase shift   1 =    0.995   0.620 deg. for the L =    8, J =    8.5 channel.
       8.5  0.97799585  0.03399548i: elastic S-matrix  @@      0.00  0   0 F  0
 Reaction Xsec     8.5+/ 8 @ 1 =   7.835 , Out:   0.000#


 Total SPIN, PARITY =     8.5 -,      1 chs,      0 cc.  Rmin & Coul turning =    0.4    7.0
   S-matrix    1 =    0.99283   0.01003 for L=    9, J=    8.5 channel on core I =   0.0 from L=    9,  Acc. loss =  0.0 D.
 Elastic phase shift   1 =    0.289   0.205 deg. for the L =    9, J =    8.5 channel.
       8.5  0.99282862  0.01002526i: elastic S-matrix  @@      0.00  0   0 F  0
 Reaction Xsec     8.5-/ 9 @ 1 =   2.624 , Out:   0.000#


 Total SPIN, PARITY =     9.5 +,      1 chs,      0 cc.  Rmin & Coul turning =    0.4    7.8
   S-matrix    1 =    0.99757   0.00349 for L=   10, J=    9.5 channel on core I =   0.0 from L=   10,  Acc. loss =  0.0 D.
 Elastic phase shift   1 =    0.100   0.070 deg. for the L =   10, J =    9.5 channel.
       9.5  0.99756612  0.00348616i: elastic S-matrix  @@      0.00  0   0 F  0
 Reaction Xsec     9.5+/10 @ 1 =   0.997 , Out:   0.000#


 Total SPIN, PARITY =     9.5 -,      1 chs,      0 cc.  Rmin & Coul turning =    0.4    7.8
   S-matrix    1 =    0.99275   0.01173 for L=    9, J=    9.5 channel on core I =   0.0 from L=    9,  Acc. loss =  0.0 D.
 Elastic phase shift   1 =    0.339   0.206 deg. for the L =    9, J =    9.5 channel.
       9.5  0.99275153  0.01173486i: elastic S-matrix  @@      0.00  0   0 F  0
 Reaction Xsec     9.5-/ 9 @ 1 =   2.940 , Out:   0.000#


 Total SPIN, PARITY =    10.5 +,      1 chs,      0 cc.  Rmin & Coul turning =    0.5    8.7
   S-matrix    1 =    0.99756   0.00401 for L=   10, J=   10.5 channel on core I =   0.0 from L=   10,  Acc. loss =  0.0 D.
 Elastic phase shift   1 =    0.115   0.070 deg. for the L =   10, J =   10.5 channel.
      10.5  0.99755663  0.00401333i: elastic S-matrix  @@      0.00  0   0 F  0
 Reaction Xsec    10.5+/10 @ 1 =   1.100 , Out:   0.000#


 Total SPIN, PARITY =    10.5 -,      1 chs,      0 cc.  Rmin & Coul turning =    0.5    8.7
   S-matrix    1 =    0.99917   0.00120 for L=   11, J=   10.5 channel on core I =   0.0 from L=   11,  Acc. loss =  0.0 D.
 Elastic phase shift   1 =    0.034   0.024 deg. for the L =   11, J =   10.5 channel.
      10.5  0.99917141  0.00120282i: elastic S-matrix  @@      0.00  0   0 F  0
 Reaction Xsec    10.5-/11 @ 1 =   0.374 , Out:   0.000#


 Total SPIN, PARITY =    11.5 +,      1 chs,      0 cc.  Rmin & Coul turning =    0.5    9.5
   S-matrix    1 =    0.99972   0.00041 for L=   12, J=   11.5 channel on core I =   0.0 from L=   12,  Acc. loss =  0.0 D.
 Elastic phase shift   1 =    0.012   0.008 deg. for the L =   12, J =   11.5 channel.
      11.5  0.99971800  0.00041297i: elastic S-matrix  @@      0.00  0   0 F  0
 Reaction Xsec    11.5+/12 @ 1 =   0.139 , Out:   0.000#


 Total SPIN, PARITY =    11.5 -,      1 chs,      0 cc.  Rmin & Coul turning =    0.5    9.5
   S-matrix    1 =    0.99917   0.00137 for L=   11, J=   11.5 channel on core I =   0.0 from L=   11,  Acc. loss =  0.0 D.
 Elastic phase shift   1 =    0.039   0.024 deg. for the L =   11, J =   11.5 channel.
      11.5  0.99917023  0.00136628i: elastic S-matrix  @@      0.00  0   0 F  0
 Reaction Xsec    11.5-/11 @ 1 =   0.409 , Out:   0.000#


 Total SPIN, PARITY =    12.5 +,      1 chs,      0 cc.  Rmin & Coul turning =    0.6   10.3
   S-matrix    1 =    0.99972   0.00046 for L=   12, J=   12.5 channel on core I =   0.0 from L=   12,  Acc. loss =  0.0 D.
 Elastic phase shift   1 =    0.013   0.008 deg. for the L =   12, J =   12.5 channel.
      12.5  0.99971785  0.00046371i: elastic S-matrix  @@      0.00  0   0 F  0
 Reaction Xsec    12.5+/12 @ 1 =   0.151 , Out:   0.000#


 Total SPIN, PARITY =    12.5 -,      1 chs,      0 cc.  Rmin & Coul turning =    0.6   10.3
   S-matrix    1 =    0.99990   0.00014 for L=   13, J=   12.5 channel on core I =   0.0 from L=   13,  Acc. loss =  0.0 D.
 Elastic phase shift   1 =    0.004   0.003 deg. for the L =   13, J =   12.5 channel.
      12.5  0.99990417  0.00014127i: elastic S-matrix  @@      0.00  0   0 F  0
 Reaction Xsec    12.5-/13 @ 1 =   0.051 , Out:   0.000#


 Total SPIN, PARITY =    13.5 +,      1 chs,      0 cc.  Rmin & Coul turning =    0.6   11.1
   S-matrix    1 =    0.99997   0.00005 for L=   14, J=   13.5 channel on core I =   0.0 from L=   14,  Acc. loss =  0.0 D.
 Elastic phase shift   1 =    0.001   0.001 deg. for the L =   14, J =   13.5 channel.
      13.5  0.99996749  0.00004819i: elastic S-matrix  @@      0.00  0   0 F  0
 Reaction Xsec    13.5+/14 @ 1 =   0.019 , Out:   0.000#


 Total SPIN, PARITY =    13.5 -,      1 chs,      0 cc.  Rmin & Coul turning =    0.6   11.1
   S-matrix    1 =    0.99990   0.00016 for L=   13, J=   13.5 channel on core I =   0.0 from L=   13,  Acc. loss =  0.0 D.
 Elastic phase shift   1 =    0.004   0.003 deg. for the L =   13, J =   13.5 channel.
      13.5  0.99990415  0.00015700i: elastic S-matrix  @@      0.00  0   0 F  0
 Reaction Xsec    13.5-/13 @ 1 =   0.055 , Out:   0.000#


 Total SPIN, PARITY =    14.5 +,      1 chs,      0 cc.  Rmin & Coul turning =    0.7   11.9
   S-matrix    1 =    0.99997   0.00005 for L=   14, J=   14.5 channel on core I =   0.0 from L=   14,  Acc. loss =  0.0 D.
 Elastic phase shift   1 =    0.002   0.001 deg. for the L =   14, J =   14.5 channel.
      14.5  0.99996749  0.00005305i: elastic S-matrix  @@      0.00  0   0 F  0
 Reaction Xsec    14.5+/14 @ 1 =   0.020 , Out:   0.000#


 Total SPIN, PARITY =    14.5 -,      1 chs,      0 cc.  Rmin & Coul turning =    0.7   11.9
   S-matrix    1 =    0.99999   0.00002 for L=   15, J=   14.5 channel on core I =   0.0 from L=   15,  Acc. loss =  0.0 D.
 Elastic phase shift   1 =    0.000   0.000 deg. for the L =   15, J =   14.5 channel.
      14.5  0.99998899  0.00001639i: elastic S-matrix  @@      0.00  0   0 F  0
 Reaction Xsec    14.5-/15 @ 1 =   6.784/, Out:   0.000#


 Total SPIN, PARITY =    15.5 +,      1 chs,      0 cc.  Rmin & Coul turning =    0.7   12.7
   S-matrix    1 =    1.00000   0.00001 for L=   16, J=   15.5 channel on core I =   0.0 from L=   16,  Acc. loss =  0.0 D.
 Elastic phase shift   1 =    0.000   0.000 deg. for the L =   16, J =   15.5 channel.
      15.5  0.99999628  0.00000557i: elastic S-matrix  @@      0.00  0   0 F  0
 Reaction Xsec    15.5+/16 @ 1 =   2.446/, Out:   0.000#


 Total SPIN, PARITY =    15.5 -,      1 chs,      0 cc.  Rmin & Coul turning =    0.7   12.7
   S-matrix    1 =    0.99999   0.00002 for L=   15, J=   15.5 channel on core I =   0.0 from L=   15,  Acc. loss =  0.0 D.
 Elastic phase shift   1 =    0.001   0.000 deg. for the L =   15, J =   15.5 channel.
      15.5  0.99998899  0.00001790i: elastic S-matrix  @@      0.00  0   0 F  0
 Reaction Xsec    15.5-/15 @ 1 =   7.237/, Out:   0.000#


 Total SPIN, PARITY =    16.5 +,      1 chs,      0 cc.  Rmin & Coul turning =    0.8   13.5
   S-matrix    1 =    1.00000   0.00001 for L=   16, J=   16.5 channel on core I =   0.0 from L=   16,  Acc. loss =  0.0 D.
 Elastic phase shift   1 =    0.000   0.000 deg. for the L =   16, J =   16.5 channel.
      16.5  0.99999628  0.00000603i: elastic S-matrix  @@      0.00  0   0 F  0
 Reaction Xsec    16.5+/16 @ 1 =   2.599/, Out:   0.000#


 Total SPIN, PARITY =    16.5 -,      1 chs,      0 cc.  Rmin & Coul turning =    0.8   13.5
   S-matrix    1 =    1.00000   0.00000 for L=   17, J=   16.5 channel on core I =   0.0 from L=   17,  Acc. loss =  0.0 D.
 Elastic phase shift   1 =    0.000   0.000 deg. for the L =   17, J =   16.5 channel.
      16.5  0.99999874  0.00000189i: elastic S-matrix  @@      0.00  0   0 F  0
 Reaction Xsec    16.5-/17 @ 1 =   0.877/, Out:   0.000#


 Total SPIN, PARITY =    17.5 +,      1 chs,      0 cc.  Rmin & Coul turning =    0.8   14.3
   S-matrix    1 =    1.00000   0.00000 for L=   18, J=   17.5 channel on core I =   0.0 from L=   18,  Acc. loss =  0.0 D.
 Elastic phase shift   1 =    0.000   0.000 deg. for the L =   18, J =   17.5 channel.
      17.5  0.99999958  0.00000064i: elastic S-matrix  @@      0.00  0   0 F  0
 Reaction Xsec    17.5+/18 @ 1 =   0.313/, Out:   0.000#


 Total SPIN, PARITY =    17.5 -,      1 chs,      0 cc.  Rmin & Coul turning =    0.8   14.3
   S-matrix    1 =    1.00000   0.00000 for L=   17, J=   17.5 channel on core I =   0.0 from L=   17,  Acc. loss =  0.0 D.
 Elastic phase shift   1 =    0.000   0.000 deg. for the L =   17, J =   17.5 channel.
      17.5  0.99999874  0.00000203i: elastic S-matrix  @@      0.00  0   0 F  0
 Reaction Xsec    17.5-/17 @ 1 =   0.929/, Out:   0.000#

 Finished all CC sets @    4.21799999E-03
0CUMULATIVE REACTION cross section                 =  805.11695  <L> =     4.16  <L**2> =     20.7
0CUMULATIVE outgoing cross sections in partition 1 :    0.00000
0Cumulative ABSORBTION by Imaginary Potentials     =  805.11695  <L> =     4.16  <L**2> =     20.7
   Fusion for specific p        M-states :  805.116954  805.116954
0CUMULATIVE OUTGOING cross section                 =    0.00000
 To convert to S-factors (MeV.mb = keV.b),  multiply by  1.2763E+02


 CROSS SECTIONS FOR OUTGOING p        & O20      in state #   1 with spins & parities 0.5  + &  0.0  +;  0

     3.00 deg.: X-S =   1.3300E+05 mb/sr,
+                                         /R =   8.3604E-01
     4.00 deg.: X-S =   3.8846E+04 mb/sr,
+                                         /R =   7.7147E-01
     5.00 deg.: X-S =   1.5252E+04 mb/sr,
+                                         /R =   7.3915E-01
     6.00 deg.: X-S =  7571.564458 mb/sr,
+                                         /R =   7.6046E-01
     7.00 deg.: X-S =  4598.135006 mb/sr,
+                                         /R =   8.5502E-01
     8.00 deg.: X-S =  3278.491587 mb/sr,
+                                         /R =   1.0392E+00
     9.00 deg.: X-S =  2611.551308 mb/sr,
+                                         /R =   1.3248E+00
    10.00 deg.: X-S =  2223.883322 mb/sr,
+                                         /R =   1.7179E+00
    11.00 deg.: X-S =  1962.813036 mb/sr,
+                                         /R =   2.2175E+00
    12.00 deg.: X-S =  1761.833292 mb/sr,
+                                         /R =   2.8158E+00
    13.00 deg.: X-S =  1590.847598 mb/sr,
+                                         /R =   3.4975E+00
    14.00 deg.: X-S =  1436.097472 mb/sr,
+                                         /R =   4.2409E+00
    15.00 deg.: X-S =  1291.476407 mb/sr,
+                                         /R =   5.0184E+00
    16.00 deg.: X-S =  1154.549577 mb/sr,
+                                         /R =   5.7986E+00
    17.00 deg.: X-S =  1024.642163 mb/sr,
+                                         /R =   6.5475E+00
    18.00 deg.: X-S =   901.885896 mb/sr,
+                                         /R =   7.2306E+00
    19.00 deg.: X-S =   786.730144 mb/sr,
+                                         /R =   7.8155E+00
    20.00 deg.: X-S =   679.687603 mb/sr,
+                                         /R =   8.2734E+00
    21.00 deg.: X-S =   581.203042 mb/sr,
+                                         /R =   8.5813E+00
    22.00 deg.: X-S =   491.588968 mb/sr,
+                                         /R =   8.7235E+00
    23.00 deg.: X-S =   410.998923 mb/sr,
+                                         /R =   8.6927E+00
    24.00 deg.: X-S =   339.422570 mb/sr,
+                                         /R =   8.4908E+00
    25.00 deg.: X-S =   276.693660 mb/sr,
+                                         /R =   8.1290E+00
    26.00 deg.: X-S =   222.505601 mb/sr,
+                                         /R =   7.6275E+00
    27.00 deg.: X-S =   176.431365 mb/sr,
+                                         /R =   7.0147E+00
    28.00 deg.: X-S =   137.945574 mb/sr,
+                                         /R =   6.3256E+00
    29.00 deg.: X-S =   106.447291 mb/sr,
+                                         /R =   5.6005E+00
    30.00 deg.: X-S =    81.282447 mb/sr,
+                                         /R =   4.8829E+00
    31.00 deg.: X-S =    61.765120 mb/sr,
+                                         /R =   4.2173E+00
    32.00 deg.: X-S =    47.197119 mb/sr,
+                                         /R =   3.6472E+00
    33.00 deg.: X-S =    36.885464 mb/sr,
+                                         /R =   3.2130E+00
    34.00 deg.: X-S =    30.157506 mb/sr,
+                                         /R =   2.9500E+00
    35.00 deg.: X-S =    26.373553 mb/sr,
+                                         /R =   2.8869E+00
    36.00 deg.: X-S =    24.936973 mb/sr,
+                                         /R =   3.0441E+00
    37.00 deg.: X-S =    25.301811 mb/sr,
+                                         /R =   3.4336E+00
    38.00 deg.: X-S =    26.978046 mb/sr,
+                                         /R =   4.0576E+00
    39.00 deg.: X-S =    29.534679 mb/sr,
+                                         /R =   4.9091E+00
    40.00 deg.: X-S =    32.600841 mb/sr,
+                                         /R =   5.9721E+00
    41.00 deg.: X-S =    35.865198 mb/sr,
+                                         /R =   7.2221E+00
    42.00 deg.: X-S =    39.073900 mb/sr,
+                                         /R =   8.6277E+00
    43.00 deg.: X-S =    42.027345 mb/sr,
+                                         /R =   1.0151E+01
    44.00 deg.: X-S =    44.576027 mb/sr,
+                                         /R =   1.1752E+01
    45.00 deg.: X-S =    46.615717 mb/sr,
+                                         /R =   1.3384E+01
    46.00 deg.: X-S =    48.082213 mb/sr,
+                                         /R =   1.5003E+01
    47.00 deg.: X-S =    48.945875 mb/sr,
+                                         /R =   1.6566E+01
    48.00 deg.: X-S =    49.206121 mb/sr,
+                                         /R =   1.8029E+01
    49.00 deg.: X-S =    48.886050 mb/sr,
+                                         /R =   1.9355E+01
    50.00 deg.: X-S =    48.027327 mb/sr,
+                                         /R =   2.0510E+01
    51.00 deg.: X-S =    46.685416 mb/sr,
+                                         /R =   2.1469E+01
    52.00 deg.: X-S =    44.925246 mb/sr,
+                                         /R =   2.2210E+01
    53.00 deg.: X-S =    42.817372 mb/sr,
+                                         /R =   2.2721E+01
    54.00 deg.: X-S =    40.434630 mb/sr,
+                                         /R =   2.2995E+01
    55.00 deg.: X-S =    37.849325 mb/sr,
+                                         /R =   2.3034E+01
    56.00 deg.: X-S =    35.130929 mb/sr,
+                                         /R =   2.2846E+01
    57.00 deg.: X-S =    32.344270 mb/sr,
+                                         /R =   2.2446E+01
    58.00 deg.: X-S =    29.548178 mb/sr,
+                                         /R =   2.1853E+01
    59.00 deg.: X-S =    26.794556 mb/sr,
+                                         /R =   2.1091E+01
    60.00 deg.: X-S =    24.127827 mb/sr,
+                                         /R =   2.0188E+01
    61.00 deg.: X-S =    21.584699 mb/sr,
+                                         /R =   1.9174E+01
    62.00 deg.: X-S =    19.194216 mb/sr,
+                                         /R =   1.8081E+01
    63.00 deg.: X-S =    16.978032 mb/sr,
+                                         /R =   1.6940E+01
    64.00 deg.: X-S =    14.950864 mb/sr,
+                                         /R =   1.5783E+01
    65.00 deg.: X-S =    13.121087 mb/sr,
+                                         /R =   1.4640E+01
    66.00 deg.: X-S =    11.491412 mb/sr,
+                                         /R =   1.3536E+01
    67.00 deg.: X-S =    10.059636 mb/sr,
+                                         /R =   1.2498E+01
    68.00 deg.: X-S =     8.819409 mb/sr,
+                                         /R =   1.1545E+01
    69.00 deg.: X-S =     7.761002 mb/sr,
+                                         /R =   1.0694E+01
    70.00 deg.: X-S =     6.872053 mb/sr,
+                                         /R =   9.9573E+00
    71.00 deg.: X-S =     6.138270 mb/sr,
+                                         /R =   9.3445E+00
    72.00 deg.: X-S =     5.544082 mb/sr,
+                                         /R =   8.8592E+00
    73.00 deg.: X-S =     5.073217 mb/sr,
+                                         /R =   8.5021E+00
    74.00 deg.: X-S =     4.709221 mb/sr,
+                                         /R =   8.2698E+00
    75.00 deg.: X-S =     4.435892 mb/sr,
+                                         /R =   8.1557E+00
    76.00 deg.: X-S =     4.237646 mb/sr,
+                                         /R =   8.1505E+00
    77.00 deg.: X-S =     4.099806 mb/sr,
+                                         /R =   8.2424E+00
    78.00 deg.: X-S =     4.008826 mb/sr,
+                                         /R =   8.4178E+00
    79.00 deg.: X-S =     3.952451 mb/sr,
+                                         /R =   8.6616E+00
    80.00 deg.: X-S =     3.919809 mb/sr,
+                                         /R =   8.9583E+00
    81.00 deg.: X-S =     3.901467 mb/sr,
+                                         /R =   9.2918E+00
    82.00 deg.: X-S =     3.889432 mb/sr,
+                                         /R =   9.6461E+00
    83.00 deg.: X-S =     3.877114 mb/sr,
+                                         /R =   1.0006E+01
    84.00 deg.: X-S =     3.859264 mb/sr,
+                                         /R =   1.0357E+01
    85.00 deg.: X-S =     3.831883 mb/sr,
+                                         /R =   1.0687E+01
    86.00 deg.: X-S =     3.792116 mb/sr,
+                                         /R =   1.0983E+01
    87.00 deg.: X-S =     3.738133 mb/sr,
+                                         /R =   1.1236E+01
    88.00 deg.: X-S =     3.669002 mb/sr,
+                                         /R =   1.1437E+01
    89.00 deg.: X-S =     3.584561 mb/sr,
+                                         /R =   1.1582E+01
    90.00 deg.: X-S =     3.485289 mb/sr,
+                                         /R =   1.1665E+01
    91.00 deg.: X-S =     3.372185 mb/sr,
+                                         /R =   1.1683E+01
    92.00 deg.: X-S =     3.246647 mb/sr,
+                                         /R =   1.1638E+01
    93.00 deg.: X-S =     3.110370 mb/sr,
+                                         /R =   1.1528E+01
    94.00 deg.: X-S =     2.965243 mb/sr,
+                                         /R =   1.1357E+01
    95.00 deg.: X-S =     2.813267 mb/sr,
+                                         /R =   1.1128E+01
    96.00 deg.: X-S =     2.656477 mb/sr,
+                                         /R =   1.0847E+01
    97.00 deg.: X-S =     2.496878 mb/sr,
+                                         /R =   1.0518E+01
    98.00 deg.: X-S =     2.336397 mb/sr,
+                                         /R =   1.0147E+01
    99.00 deg.: X-S =     2.176838 mb/sr,
+                                         /R =   9.7432E+00
   100.00 deg.: X-S =     2.019849 mb/sr,
+                                         /R =   9.3117E+00
   101.00 deg.: X-S =     1.866906 mb/sr,
+                                         /R =   8.8601E+00
   102.00 deg.: X-S =     1.719294 mb/sr,
+                                         /R =   8.3956E+00
   103.00 deg.: X-S =     1.578101 mb/sr,
+                                         /R =   7.9251E+00
   104.00 deg.: X-S =     1.444220 mb/sr,
+                                         /R =   7.4551E+00
   105.00 deg.: X-S =     1.318351 mb/sr,
+                                         /R =   6.9918E+00
   106.00 deg.: X-S =     1.201009 mb/sr,
+                                         /R =   6.5408E+00
   107.00 deg.: X-S =     1.092538 mb/sr,
+                                         /R =   6.1072E+00
   108.00 deg.: X-S =     0.993124 mb/sr,
+                                         /R =   5.6954E+00
   109.00 deg.: X-S =     0.902809 mb/sr,
+                                         /R =   5.3092E+00
   110.00 deg.: X-S =     0.821510 mb/sr,
+                                         /R =   4.9518E+00
   111.00 deg.: X-S =     0.749032 mb/sr,
+                                         /R =   4.6256E+00
   112.00 deg.: X-S =     0.685087 mb/sr,
+                                         /R =   4.3325E+00
   113.00 deg.: X-S =     0.629309 mb/sr,
+                                         /R =   4.0736E+00
   114.00 deg.: X-S =     0.581268 mb/sr,
+                                         /R =   3.8498E+00
   115.00 deg.: X-S =     0.540482 mb/sr,
+                                         /R =   3.6609E+00
   116.00 deg.: X-S =     0.506432 mb/sr,
+                                         /R =   3.5067E+00
   117.00 deg.: X-S =     0.478572 mb/sr,
+                                         /R =   3.3861E+00
   118.00 deg.: X-S =     0.456339 mb/sr,
+                                         /R =   3.2979E+00
   119.00 deg.: X-S =     0.439159 mb/sr,
+                                         /R =   3.2404E+00
   120.00 deg.: X-S =     0.426456 mb/sr,
+                                         /R =   3.2114E+00
   121.00 deg.: X-S =     0.417660 mb/sr,
+                                         /R =   3.2085E+00
   122.00 deg.: X-S =     0.412210 mb/sr,
+                                         /R =   3.2291E+00
   123.00 deg.: X-S =     0.409556 mb/sr,
+                                         /R =   3.2704E+00
   124.00 deg.: X-S =     0.409170 mb/sr,
+                                         /R =   3.3292E+00
   125.00 deg.: X-S =     0.410543 mb/sr,
+                                         /R =   3.4023E+00
   126.00 deg.: X-S =     0.413191 mb/sr,
+                                         /R =   3.4863E+00
   127.00 deg.: X-S =     0.416657 mb/sr,
+                                         /R =   3.5780E+00
   128.00 deg.: X-S =     0.420512 mb/sr,
+                                         /R =   3.6738E+00
   129.00 deg.: X-S =     0.424363 mb/sr,
+                                         /R =   3.7704E+00
   130.00 deg.: X-S =     0.427848 mb/sr,
+                                         /R =   3.8644E+00
   131.00 deg.: X-S =     0.430644 mb/sr,
+                                         /R =   3.9528E+00
   132.00 deg.: X-S =     0.432464 mb/sr,
+                                         /R =   4.0324E+00
   133.00 deg.: X-S =     0.433065 mb/sr,
+                                         /R =   4.1005E+00
   134.00 deg.: X-S =     0.432244 mb/sr,
+                                         /R =   4.1546E+00
   135.00 deg.: X-S =     0.429845 mb/sr,
+                                         /R =   4.1924E+00
   136.00 deg.: X-S =     0.425756 mb/sr,
+                                         /R =   4.2123E+00
   137.00 deg.: X-S =     0.419909 mb/sr,
+                                         /R =   4.2127E+00
   138.00 deg.: X-S =     0.412288 mb/sr,
+                                         /R =   4.1928E+00
   139.00 deg.: X-S =     0.402918 mb/sr,
+                                         /R =   4.1520E+00
   140.00 deg.: X-S =     0.391872 mb/sr,
+                                         /R =   4.0905E+00
   141.00 deg.: X-S =     0.379268 mb/sr,
+                                         /R =   4.0089E+00
   142.00 deg.: X-S =     0.365264 mb/sr,
+                                         /R =   3.9082E+00
   143.00 deg.: X-S =     0.350057 mb/sr,
+                                         /R =   3.7902E+00
   144.00 deg.: X-S =     0.333880 mb/sr,
+                                         /R =   3.6569E+00
   145.00 deg.: X-S =     0.316997 mb/sr,
+                                         /R =   3.5109E+00
   146.00 deg.: X-S =     0.299695 mb/sr,
+                                         /R =   3.3555E+00
   147.00 deg.: X-S =     0.282284 mb/sr,
+                                         /R =   3.1939E+00
   148.00 deg.: X-S =     0.265085 mb/sr,
+                                         /R =   3.0300E+00
   149.00 deg.: X-S =     0.248428 mb/sr,
+                                         /R =   2.8677E+00
   150.00 deg.: X-S =     0.232639 mb/sr,
+                                         /R =   2.7111E+00
   151.00 deg.: X-S =     0.218041 mb/sr,
+                                         /R =   2.5645E+00
   152.00 deg.: X-S =     0.204939 mb/sr,
+                                         /R =   2.4318E+00
   153.00 deg.: X-S =     0.193617 mb/sr,
+                                         /R =   2.3172E+00
   154.00 deg.: X-S =     0.184333 mb/sr,
+                                         /R =   2.2243E+00
   155.00 deg.: X-S =     0.177307 mb/sr,
+                                         /R =   2.1565E+00
   156.00 deg.: X-S =     0.172721 mb/sr,
+                                         /R =   2.1167E+00
   157.00 deg.: X-S =     0.170711 mb/sr,
+                                         /R =   2.1073E+00
   158.00 deg.: X-S =     0.171363 mb/sr,
+                                         /R =   2.1301E+00
   159.00 deg.: X-S =     0.174713 mb/sr,
+                                         /R =   2.1862E+00
   160.00 deg.: X-S =     0.180741 mb/sr,
+                                         /R =   2.2759E+00
   161.00 deg.: X-S =     0.189374 mb/sr,
+                                         /R =   2.3990E+00
   162.00 deg.: X-S =     0.200484 mb/sr,
+                                         /R =   2.5542E+00
   163.00 deg.: X-S =     0.213891 mb/sr,
+                                         /R =   2.7397E+00
   164.00 deg.: X-S =     0.229365 mb/sr,
+                                         /R =   2.9528E+00
   165.00 deg.: X-S =     0.246632 mb/sr,
+                                         /R =   3.1902E+00
   166.00 deg.: X-S =     0.265376 mb/sr,
+                                         /R =   3.4479E+00
   167.00 deg.: X-S =     0.285248 mb/sr,
+                                         /R =   3.7214E+00
   168.00 deg.: X-S =     0.305871 mb/sr,
+                                         /R =   4.0058E+00
   169.00 deg.: X-S =     0.326850 mb/sr,
+                                         /R =   4.2956E+00
   170.00 deg.: X-S =     0.347777 mb/sr,
+                                         /R =   4.5853E+00
   171.00 deg.: X-S =     0.368243 mb/sr,
+                                         /R =   4.8693E+00
   172.00 deg.: X-S =     0.387843 mb/sr,
+                                         /R =   5.1418E+00
   173.00 deg.: X-S =     0.406189 mb/sr,
+                                         /R =   5.3973E+00
   174.00 deg.: X-S =     0.422912 mb/sr,
+                                         /R =   5.6307E+00
   175.00 deg.: X-S =     0.437679 mb/sr,
+                                         /R =   5.8371E+00
   176.00 deg.: X-S =     0.450192 mb/sr,
+                                         /R =   6.0122E+00
   177.00 deg.: X-S =     0.460197 mb/sr,
+                                         /R =   6.1523E+00
   178.00 deg.: X-S =     0.467492 mb/sr,
+                                         /R =   6.2546E+00
   179.00 deg.: X-S =     0.471929 mb/sr,
+                                         /R =   6.3169E+00
   179.99 deg.: X-S =     0.473418 mb/sr,
+                                         /R =   6.3378E+00
                                           Integrated 2081.1298 mb, over [   3.000, 180.000] at    35.0000 MeV 
 Finished all xsecs @    5.11899963E-03

  The following files have been created:
   3:local copy of User input.            6:standard output.                   
   7:elastic  S-matrix elements.         13:total cross sections/state.        
  16:tables of cross sections.           38:cross sections for each J/pi.      
  39:cross sections for each Ecm.        40:all cross sectns. for each Elab.   
  45:scat phase shift as E functions.    56:Fusion for each Jtotal.            
 201:Separate cross sections.           

 PARAMETERS : MAXQRN   MFNL   MLOC  LMAX1 MCLIST
    ALLOWED :      1      1      4     70      6
    REQUIRED:      0      0      4     19      4


 ACCURACY ANALYSIS at    35.000 MeV :

  Elastic h*k = 0.037 so OK       compared with 0.200

   Real(S-el) > 0.01 first at J =       0.5
   Real(S-el) > 0.10 first at J =       0.5
   Real(S-el) > 0.50 first at J =       5.5
   Real(S-el) > 0.90 first at J =       6.5
   Real(S-el) > 0.99 first at J =       8.5
   R-turn =    14.32 fm    at J =      17.5

 Forward-angle excitation cut off below   1.361 deg by max JT =      17.5
                              and below   0.330 deg by max R.

