 FRESCO - FRES 3.4: Coupled Reaction Channels
 Assuming NAMELIST input.

 p+O20 with CH89;                                                                

   0.030  60.000   0.500   0.000   0.000   0.000   0.000   0.000   0.000   0.000

 Centre-of-mass Range is   2002 * 0.0300 fm., Maximum at  60.00 fm., Interpolating NL forms every  0.51 fm.
 Non - locality width is      4 * 0.0300 fm., Maximum of   0.09 fm., Centred at  0.00 fm.
 2-Nucleon Separation of      0 * 0.5100 fm., Maximum of   0.00 fm., Minimum at  0.00 fm.
 Maximum single particle bins of 59.6700 fm.
               M,Mint =         2001        1990


 Range of total J is     0.0 <= J <=    50.0 (at least     0.0) and Absorbtion =>     0.0010 mb.
 Dry Run = F, CC set limits =  0  0, Relativistic kinematics =  , Both/Far/Near Analyses =  1                     

 Cross Sections (and up to T0 for 0=projectile) for Theta from   3.0 to-180.0 in steps of  1.0 degrees, DGAM=0,  Coordinates = 0 (Mads)

 Lower Radial Cutoff = maximum of -1.60*L*h &       0.0 fm.,  Lower Cutoff for Couplings =   0.0  fm.


 Iterate Couplings between   0 and   0 times, to  0.000 % if sooner.                                          
  Block solved exactly =   0 chs., with Pade = 0 & Isocen =  =0, NOSOL = F, initwf =  0
  NL quadrature with   18 Gaussian points, Calculate multipoles up to    56 from   0
  M-transfers for lp+lt greater than or equal to  6, Angular Integration Cutoff below  2.7778 %


 Trace switches are :  CHANS =  1, LISTCC =  0, TRENEG =  0, CDETR =  0, SMATS =  2, XSTABL =  1, NLPL =  0

                       WAVES =  0, LAMPL =  0, VEFF =  0, KFUS =  0, WDISK =  0, BPM =  0, MELFIL =  0

                       CDCC =  0, NFUS =  0

 Using unit mass = 1.000000 amu and 1/fine-structure constant = 137.03599 ( 1.000000 * true ) with hc = 197.32705 MeV.fm,
  thus 2*amu/hbar^2 = 0.0478450 = 1/20.9008 and Coulomb constant = 0.1574855 so e^2 = 1.43997, and nuclear magneton= 0.1261183

 Now pre-scan input and save to file 3



 *********** PARTITION NUMBER  1 ******************************************************************************************

   PROJ=p          MASS=  1.0073 Z=   1.0,        # STATES=    1T, TARG=O20      MASS= 19.9997 Z=   8.0,     Q-VALUE =  -0.0000 MEV.

     1:  J= 0.5+ (B# 1), E=  0.0000, K= 0.5              Potl#  1       J= 0.0+ (B# 1), E=  0.0000, K= 0.0    


 ************************************************************************************************************************************

 The following POTENTIALS are defined :

  KP#       TYPE      IT    SHAPE      at     V1        r1        a1        V2        r2        a2        A-in     A-used


                                            A#1       A#2        r0c       ac                                                h @ 1
    1    0=Coulomb       0=CHARGE (WS)  1    20.000     0.000    1.2842    0.0000    0.0000    0.0000     0.000    20.000   0.03000

    1    1=Volume        0=Woods-Saxon  2   41.6166    1.1671    0.6900    1.8805    1.1753    0.6900     0.000    20.000

    1    2=Surface       0=Woods-Saxon  3    0.0000    0.0000    0.0000    3.9906    1.1753    0.6900     0.000    20.000

    1    3=Projtl S.O.   0=Woods-Saxon  4    5.9000    0.8979    0.6300    0.0000    0.0000    0.0000     0.000    20.000

 Incoming partition  1 in excitation state # 1,   Laboratory Energy given for partition  1 Nucleus 1 in Excitation pair 1

0Lab. ENERGY ranges :

   from    35.0000     to   0.00000     in     0 intervals
   from    0.00000     to   0.00000     in     0 intervals
   from    0.00000     to   0.00000     in     0 intervals

 Largest real,imaginary parts of any form factor at R=   59.52 are   2.42E-02  4.28E-32 MeV
 Finished all Couplings @    4.22000070E-04           4

 Symmetric Hamiltonian
1***********************************************************************************************************************************
************************************************************************************************************************************

        INCOMING p        ;    LABORATORY p        ENERGY =   35.000     MeV.

 ***********************************************************************************************************************************
 ***********************************************************************************************************************************

 Allocate arrays for            2  channels, of which            1  need wfs.

 ######################################################################################################################
 #                                                                                                                    #
 # Total SPIN and PARITY =     0.5 +,      1 channels,    0 in 1st block.  Rmin & Coul turning =    0.0    0.3 fm.  #
 #                                                                                                                    #
 ######################################################################################################################



    C Projectl Target   #   EX.   (L  Proj) J  + Targ = Jtotal     E-cm      Re K     Re Eta     RM*K            CH
    1 p        O20      #    1: I   0 0.5    0.5  0.0     0.5    33.32176   1.23648   0.21373   74.1887   0.33920  -0.36833 1 1 1   1
   S-matrix    1 =    0.08560  -0.60797 for L=    0, J=    0.5 channel on core I =   0.0 from L=    0,  Acc. loss =  0.0 D.
 Elastic phase shift   1 =  -40.993  13.975 deg. for the L =    0, J =    0.5 channel.
       0.5  0.08559597 -0.60796639i: elastic S-matrix  @@      0.00  0   0 F  0
 Reaction Xsec     0.5+/ 0 @ 1 =  12.803 , Out:   0.000#


 Total SPIN, PARITY =     0.5 -,      1 chs,      0 cc.  Rmin & Coul turning =    0.0    0.3
   S-matrix    1 =   -0.41453  -0.40517 for L=    1, J=    0.5 channel on core I =   0.0 from L=    1,  Acc. loss =  0.0 D.
 Elastic phase shift   1 =  -67.827  15.622 deg. for the L =    1, J =    0.5 channel.
       0.5 -0.41452834 -0.40517349i: elastic S-matrix  @@      0.00  0   0 F  0
 Reaction Xsec     0.5-/ 1 @ 1 =  13.644 , Out:   0.000#


 Total SPIN, PARITY =     1.5 +,      1 chs,      0 cc.  Rmin & Coul turning =    0.0    1.3
   S-matrix    1 =   -0.58032   0.01195 for L=    2, J=    1.5 channel on core I =   0.0 from L=    2,  Acc. loss =  0.0 D.
 Elastic phase shift   1 =   89.410  15.584 deg. for the L =    2, J =    1.5 channel.
       1.5 -0.58031778  0.01194824i: elastic S-matrix  @@      0.00  0   0 F  0
 Reaction Xsec     1.5+/ 2 @ 1 =  27.251 , Out:   0.000#


 Total SPIN, PARITY =     1.5 -,      1 chs,      0 cc.  Rmin & Coul turning =    0.0    1.3
   S-matrix    1 =   -0.16364  -0.56688 for L=    1, J=    1.5 channel on core I =   0.0 from L=    1,  Acc. loss =  0.0 D.
 Elastic phase shift   1 =  -53.051  15.114 deg. for the L =    1, J =    1.5 channel.
       1.5 -0.16363505 -0.56688083i: elastic S-matrix  @@      0.00  0   0 F  0
 Reaction Xsec     1.5-/ 1 @ 1 =  26.790 , Out:   0.000#


 Total SPIN, PARITY =     2.5 +,      1 chs,      0 cc.  Rmin & Coul turning =    0.1    2.2
   S-matrix    1 =   -0.39561  -0.44637 for L=    2, J=    2.5 channel on core I =   0.0 from L=    2,  Acc. loss =  0.0 D.
 Elastic phase shift   1 =  -65.775  14.804 deg. for the L =    2, J =    2.5 channel.
       2.5 -0.39560982 -0.44637053i: elastic S-matrix  @@      0.00  0   0 F  0
 Reaction Xsec     2.5+/ 2 @ 1 =  39.715 , Out:   0.000#


 Total SPIN, PARITY =     2.5 -,      1 chs,      0 cc.  Rmin & Coul turning =    0.1    2.2
   S-matrix    1 =   -0.32820   0.37911 for L=    3, J=    2.5 channel on core I =   0.0 from L=    3,  Acc. loss =  0.0 D.
 Elastic phase shift   1 =   65.441  19.775 deg. for the L =    3, J =    2.5 channel.
       2.5 -0.32819626  0.37910978i: elastic S-matrix  @@      0.00  0   0 F  0
 Reaction Xsec     2.5-/ 3 @ 1 =  46.145 , Out:   0.000#


 Total SPIN, PARITY =     3.5 +,      1 chs,      0 cc.  Rmin & Coul turning =    0.1    3.0
   S-matrix    1 =    0.24245   0.49190 for L=    4, J=    3.5 channel on core I =   0.0 from L=    4,  Acc. loss =  0.0 D.
 Elastic phase shift   1 =   31.881  17.210 deg. for the L =    4, J =    3.5 channel.
       3.5  0.24244918  0.49190209i: elastic S-matrix  @@      0.00  0   0 F  0
 Reaction Xsec     3.5+/ 4 @ 1 =  57.474 , Out:   0.000#


 Total SPIN, PARITY =     3.5 -,      1 chs,      0 cc.  Rmin & Coul turning =    0.1    3.0
   S-matrix    1 =   -0.53430  -0.18124 for L=    3, J=    3.5 channel on core I =   0.0 from L=    3,  Acc. loss =  0.0 D.
 Elastic phase shift   1 =  -80.632  16.396 deg. for the L =    3, J =    3.5 channel.
       3.5 -0.53430242 -0.18123656i: elastic S-matrix  @@      0.00  0   0 F  0
 Reaction Xsec     3.5-/ 3 @ 1 =  56.029 , Out:   0.000#


 Total SPIN, PARITY =     4.5 +,      1 chs,      0 cc.  Rmin & Coul turning =    0.2    3.8
   S-matrix    1 =   -0.23430   0.36686 for L=    4, J=    4.5 channel on core I =   0.0 from L=    4,  Acc. loss =  0.0 D.
 Elastic phase shift   1 =   61.282  23.827 deg. for the L =    4, J =    4.5 channel.
       4.5 -0.23429852  0.36686200i: elastic S-matrix  @@      0.00  0   0 F  0
 Reaction Xsec     4.5+/ 4 @ 1 =  83.274 , Out:   0.000#


 Total SPIN, PARITY =     4.5 -,      1 chs,      0 cc.  Rmin & Coul turning =    0.2    3.8
   S-matrix    1 =    0.71358   0.31825 for L=    5, J=    4.5 channel on core I =   0.0 from L=    5,  Acc. loss =  0.0 D.
 Elastic phase shift   1 =   12.018   7.069 deg. for the L =    5, J =    4.5 channel.
       4.5  0.71357558  0.31825219i: elastic S-matrix  @@      0.00  0   0 F  0
 Reaction Xsec     4.5-/ 5 @ 1 =  40.020 , Out:   0.000#


 Total SPIN, PARITY =     5.5 +,      1 chs,      0 cc.  Rmin & Coul turning =    0.2    4.6
   S-matrix    1 =    0.90788   0.13971 for L=    6, J=    5.5 channel on core I =   0.0 from L=    6,  Acc. loss =  0.0 D.
 Elastic phase shift   1 =    4.374   2.433 deg. for the L =    6, J =    5.5 channel.
       5.5  0.90788362  0.13970609i: elastic S-matrix  @@      0.00  0   0 F  0
 Reaction Xsec     5.5+/ 6 @ 1 =  19.262 , Out:   0.000#


 Total SPIN, PARITY =     5.5 -,      1 chs,      0 cc.  Rmin & Coul turning =    0.2    4.6
   S-matrix    1 =    0.55058   0.45238 for L=    5, J=    5.5 channel on core I =   0.0 from L=    5,  Acc. loss =  0.0 D.
 Elastic phase shift   1 =   19.704   9.707 deg. for the L =    5, J =    5.5 channel.
       5.5  0.55057518  0.45238397i: elastic S-matrix  @@      0.00  0   0 F  0
 Reaction Xsec     5.5-/ 5 @ 1 =  60.685 , Out:   0.000#


 Total SPIN, PARITY =     6.5 +,      1 chs,      0 cc.  Rmin & Coul turning =    0.3    5.4
   S-matrix    1 =    0.88539   0.19850 for L=    6, J=    6.5 channel on core I =   0.0 from L=    6,  Acc. loss =  0.0 D.
 Elastic phase shift   1 =    6.318   2.785 deg. for the L =    6, J =    6.5 channel.
       6.5  0.88539422  0.19850171i: elastic S-matrix  @@      0.00  0   0 F  0
 Reaction Xsec     6.5+/ 6 @ 1 =  25.412 , Out:   0.000#


 Total SPIN, PARITY =     6.5 -,      1 chs,      0 cc.  Rmin & Coul turning =    0.3    5.4
   S-matrix    1 =    0.97010   0.05293 for L=    7, J=    6.5 channel on core I =   0.0 from L=    7,  Acc. loss =  0.0 D.
 Elastic phase shift   1 =    1.562   0.827 deg. for the L =    7, J =    6.5 channel.
       6.5  0.97009719  0.05293126i: elastic S-matrix  @@      0.00  0   0 F  0
 Reaction Xsec     6.5-/ 7 @ 1 =   8.071 , Out:   0.000#


 Total SPIN, PARITY =     7.5 +,      1 chs,      0 cc.  Rmin & Coul turning =    0.3    6.2
   S-matrix    1 =    0.99000   0.01903 for L=    8, J=    7.5 channel on core I =   0.0 from L=    8,  Acc. loss =  0.0 D.
 Elastic phase shift   1 =    0.551   0.283 deg. for the L =    8, J =    7.5 channel.
       7.5  0.98999821  0.01903329i: elastic S-matrix  @@      0.00  0   0 F  0
 Reaction Xsec     7.5+/ 8 @ 1 =   3.212 , Out:   0.000#


 Total SPIN, PARITY =     7.5 -,      1 chs,      0 cc.  Rmin & Coul turning =    0.3    6.2
   S-matrix    1 =    0.96742   0.07105 for L=    7, J=    7.5 channel on core I =   0.0 from L=    7,  Acc. loss =  0.0 D.
 Elastic phase shift   1 =    2.100   0.872 deg. for the L =    7, J =    7.5 channel.
       7.5  0.96741848  0.07105481i: elastic S-matrix  @@      0.00  0   0 F  0
 Reaction Xsec     7.5-/ 7 @ 1 =   9.707 , Out:   0.000#


 Total SPIN, PARITY =     8.5 +,      1 chs,      0 cc.  Rmin & Coul turning =    0.4    7.0
   S-matrix    1 =    0.98968   0.02453 for L=    8, J=    8.5 channel on core I =   0.0 from L=    8,  Acc. loss =  0.0 D.
 Elastic phase shift   1 =    0.710   0.288 deg. for the L =    8, J =    8.5 channel.
       8.5  0.98967618  0.02452889i: elastic S-matrix  @@      0.00  0   0 F  0
 Reaction Xsec     8.5+/ 8 @ 1 =   3.687 , Out:   0.000#


 Total SPIN, PARITY =     8.5 -,      1 chs,      0 cc.  Rmin & Coul turning =    0.4    7.0
   S-matrix    1 =    0.99660   0.00670 for L=    9, J=    8.5 channel on core I =   0.0 from L=    9,  Acc. loss =  0.0 D.
 Elastic phase shift   1 =    0.193   0.097 deg. for the L =    9, J =    8.5 channel.
       8.5  0.99660294  0.00669922i: elastic S-matrix  @@      0.00  0   0 F  0
 Reaction Xsec     8.5-/ 9 @ 1 =   1.246 , Out:   0.000#


 Total SPIN, PARITY =     9.5 +,      1 chs,      0 cc.  Rmin & Coul turning =    0.4    7.8
   S-matrix    1 =    0.99884   0.00233 for L=   10, J=    9.5 channel on core I =   0.0 from L=   10,  Acc. loss =  0.0 D.
 Elastic phase shift   1 =    0.067   0.033 deg. for the L =   10, J =    9.5 channel.
       9.5  0.99884075  0.00233279i: elastic S-matrix  @@      0.00  0   0 F  0
 Reaction Xsec     9.5+/10 @ 1 =   0.475 , Out:   0.000#


 Total SPIN, PARITY =     9.5 -,      1 chs,      0 cc.  Rmin & Coul turning =    0.4    7.8
   S-matrix    1 =    0.99656   0.00839 for L=    9, J=    9.5 channel on core I =   0.0 from L=    9,  Acc. loss =  0.0 D.
 Elastic phase shift   1 =    0.241   0.098 deg. for the L =    9, J =    9.5 channel.
       9.5  0.99656356  0.00838960i: elastic S-matrix  @@      0.00  0   0 F  0
 Reaction Xsec     9.5-/ 9 @ 1 =   1.395 , Out:   0.000#


 Total SPIN, PARITY =    10.5 +,      1 chs,      0 cc.  Rmin & Coul turning =    0.5    8.7
   S-matrix    1 =    0.99884   0.00286 for L=   10, J=   10.5 channel on core I =   0.0 from L=   10,  Acc. loss =  0.0 D.
 Elastic phase shift   1 =    0.082   0.033 deg. for the L =   10, J =   10.5 channel.
      10.5  0.99883589  0.00285716i: elastic S-matrix  @@      0.00  0   0 F  0
 Reaction Xsec    10.5+/10 @ 1 =   0.524 , Out:   0.000#


 Total SPIN, PARITY =    10.5 -,      1 chs,      0 cc.  Rmin & Coul turning =    0.5    8.7
   S-matrix    1 =    0.99960   0.00081 for L=   11, J=   10.5 channel on core I =   0.0 from L=   11,  Acc. loss =  0.0 D.
 Elastic phase shift   1 =    0.023   0.011 deg. for the L =   11, J =   10.5 channel.
      10.5  0.99960440  0.00080699i: elastic S-matrix  @@      0.00  0   0 F  0
 Reaction Xsec    10.5-/11 @ 1 =   0.179 , Out:   0.000#


 Total SPIN, PARITY =    11.5 +,      1 chs,      0 cc.  Rmin & Coul turning =    0.5    9.5
   S-matrix    1 =    0.99987   0.00028 for L=   12, J=   11.5 channel on core I =   0.0 from L=   12,  Acc. loss =  0.0 D.
 Elastic phase shift   1 =    0.008   0.004 deg. for the L =   12, J =   11.5 channel.
      11.5  0.99986523  0.00027785i: elastic S-matrix  @@      0.00  0   0 F  0
 Reaction Xsec    11.5+/12 @ 1 =   0.066 , Out:   0.000#


 Total SPIN, PARITY =    11.5 -,      1 chs,      0 cc.  Rmin & Coul turning =    0.5    9.5
   S-matrix    1 =    0.99960   0.00097 for L=   11, J=   11.5 channel on core I =   0.0 from L=   11,  Acc. loss =  0.0 D.
 Elastic phase shift   1 =    0.028   0.011 deg. for the L =   11, J =   11.5 channel.
      11.5  0.99960380  0.00097007i: elastic S-matrix  @@      0.00  0   0 F  0
 Reaction Xsec    11.5-/11 @ 1 =   0.195 , Out:   0.000#


 Total SPIN, PARITY =    12.5 +,      1 chs,      0 cc.  Rmin & Coul turning =    0.6   10.3
   S-matrix    1 =    0.99987   0.00033 for L=   12, J=   12.5 channel on core I =   0.0 from L=   12,  Acc. loss =  0.0 D.
 Elastic phase shift   1 =    0.009   0.004 deg. for the L =   12, J =   12.5 channel.
      12.5  0.99986515  0.00032853i: elastic S-matrix  @@      0.00  0   0 F  0
 Reaction Xsec    12.5+/12 @ 1 =   0.072 , Out:   0.000#


 Total SPIN, PARITY =    12.5 -,      1 chs,      0 cc.  Rmin & Coul turning =    0.6   10.3
   S-matrix    1 =    0.99995   0.00010 for L=   13, J=   12.5 channel on core I =   0.0 from L=   13,  Acc. loss =  0.0 D.
 Elastic phase shift   1 =    0.003   0.001 deg. for the L =   13, J =   12.5 channel.
      12.5  0.99995418  0.00009530i: elastic S-matrix  @@      0.00  0   0 F  0
 Reaction Xsec    12.5-/13 @ 1 =   0.024 , Out:   0.000#


 Total SPIN, PARITY =    13.5 +,      1 chs,      0 cc.  Rmin & Coul turning =    0.6   11.1
   S-matrix    1 =    0.99998   0.00003 for L=   14, J=   13.5 channel on core I =   0.0 from L=   14,  Acc. loss =  0.0 D.
 Elastic phase shift   1 =    0.001   0.000 deg. for the L =   14, J =   13.5 channel.
      13.5  0.99998446  0.00003259i: elastic S-matrix  @@      0.00  0   0 F  0
 Reaction Xsec    13.5+/14 @ 1 =   8.943/, Out:   0.000#


 Total SPIN, PARITY =    13.5 -,      1 chs,      0 cc.  Rmin & Coul turning =    0.6   11.1
   S-matrix    1 =    0.99995   0.00011 for L=   13, J=   13.5 channel on core I =   0.0 from L=   13,  Acc. loss =  0.0 D.
 Elastic phase shift   1 =    0.003   0.001 deg. for the L =   13, J =   13.5 channel.
      13.5  0.99995417  0.00011103i: elastic S-matrix  @@      0.00  0   0 F  0
 Reaction Xsec    13.5-/13 @ 1 =   0.026 , Out:   0.000#


 Total SPIN, PARITY =    14.5 +,      1 chs,      0 cc.  Rmin & Coul turning =    0.7   11.9
   S-matrix    1 =    0.99998   0.00004 for L=   14, J=   14.5 channel on core I =   0.0 from L=   14,  Acc. loss =  0.0 D.
 Elastic phase shift   1 =    0.001   0.000 deg. for the L =   14, J =   14.5 channel.
      14.5  0.99998445  0.00003745i: elastic S-matrix  @@      0.00  0   0 F  0
 Reaction Xsec    14.5+/14 @ 1 =   9.582/, Out:   0.000#


 Total SPIN, PARITY =    14.5 -,      1 chs,      0 cc.  Rmin & Coul turning =    0.7   11.9
   S-matrix    1 =    0.99999   0.00001 for L=   15, J=   14.5 channel on core I =   0.0 from L=   15,  Acc. loss =  0.0 D.
 Elastic phase shift   1 =    0.000   0.000 deg. for the L =   15, J =   14.5 channel.
      14.5  0.99999474  0.00001111i: elastic S-matrix  @@      0.00  0   0 F  0
 Reaction Xsec    14.5-/15 @ 1 =   3.244/, Out:   0.000#


 Total SPIN, PARITY =    15.5 +,      1 chs,      0 cc.  Rmin & Coul turning =    0.7   12.7
   S-matrix    1 =    1.00000   0.00000 for L=   16, J=   15.5 channel on core I =   0.0 from L=   16,  Acc. loss =  0.0 D.
 Elastic phase shift   1 =    0.000   0.000 deg. for the L =   16, J =   15.5 channel.
      15.5  0.99999822  0.00000378i: elastic S-matrix  @@      0.00  0   0 F  0
 Reaction Xsec    15.5+/16 @ 1 =   1.170/, Out:   0.000#


 Total SPIN, PARITY =    15.5 -,      1 chs,      0 cc.  Rmin & Coul turning =    0.7   12.7
   S-matrix    1 =    0.99999   0.00001 for L=   15, J=   15.5 channel on core I =   0.0 from L=   15,  Acc. loss =  0.0 D.
 Elastic phase shift   1 =    0.000   0.000 deg. for the L =   15, J =   15.5 channel.
      15.5  0.99999474  0.00001261i: elastic S-matrix  @@      0.00  0   0 F  0
 Reaction Xsec    15.5-/15 @ 1 =   3.461/, Out:   0.000#


 Total SPIN, PARITY =    16.5 +,      1 chs,      0 cc.  Rmin & Coul turning =    0.8   13.5
   S-matrix    1 =    1.00000   0.00000 for L=   16, J=   16.5 channel on core I =   0.0 from L=   16,  Acc. loss =  0.0 D.
 Elastic phase shift   1 =    0.000   0.000 deg. for the L =   16, J =   16.5 channel.
      16.5  0.99999822  0.00000424i: elastic S-matrix  @@      0.00  0   0 F  0
 Reaction Xsec    16.5+/16 @ 1 =   1.243/, Out:   0.000#


 Total SPIN, PARITY =    16.5 -,      1 chs,      0 cc.  Rmin & Coul turning =    0.8   13.5
   S-matrix    1 =    1.00000   0.00000 for L=   17, J=   16.5 channel on core I =   0.0 from L=   17,  Acc. loss =  0.0 D.
 Elastic phase shift   1 =    0.000   0.000 deg. for the L =   17, J =   16.5 channel.
      16.5  0.99999940  0.00000128i: elastic S-matrix  @@      0.00  0   0 F  0
 Reaction Xsec    16.5-/17 @ 1 =   0.419/, Out:   0.000#


 Total SPIN, PARITY =    17.5 +,      1 chs,      0 cc.  Rmin & Coul turning =    0.8   14.3
   S-matrix    1 =    1.00000   0.00000 for L=   18, J=   17.5 channel on core I =   0.0 from L=   18,  Acc. loss =  0.0 D.
 Elastic phase shift   1 =    0.000   0.000 deg. for the L =   18, J =   17.5 channel.
      17.5  0.99999980  0.00000044i: elastic S-matrix  @@      0.00  0   0 F  0
 Reaction Xsec    17.5+/18 @ 1 =   0.150/, Out:   0.000#


 Total SPIN, PARITY =    17.5 -,      1 chs,      0 cc.  Rmin & Coul turning =    0.8   14.3
   S-matrix    1 =    1.00000   0.00000 for L=   17, J=   17.5 channel on core I =   0.0 from L=   17,  Acc. loss =  0.0 D.
 Elastic phase shift   1 =    0.000   0.000 deg. for the L =   17, J =   17.5 channel.
      17.5  0.99999940  0.00000143i: elastic S-matrix  @@      0.00  0   0 F  0
 Reaction Xsec    17.5-/17 @ 1 =   0.444/, Out:   0.000#

 Finished all CC sets @    4.22000000E-03
0CUMULATIVE REACTION cross section                 =  537.41325  <L> =     3.88  <L**2> =     18.2
0CUMULATIVE outgoing cross sections in partition 1 :    0.00000
0Cumulative ABSORBTION by Imaginary Potentials     =  537.41325  <L> =     3.88  <L**2> =     18.2
   Fusion for specific p        M-states :  537.413249  537.413249
0CUMULATIVE OUTGOING cross section                 =    0.00000
 To convert to S-factors (MeV.mb = keV.b),  multiply by  1.2763E+02


 CROSS SECTIONS FOR OUTGOING p        & O20      in state #   1 with spins & parities 0.5  + &  0.0  +;  0

     3.00 deg.: X-S =   1.2656E+05 mb/sr,
+                                         /R =   7.9552E-01
     4.00 deg.: X-S =   3.5077E+04 mb/sr,
+                                         /R =   6.9661E-01
     5.00 deg.: X-S =   1.2859E+04 mb/sr,
+                                         /R =   6.2319E-01
     6.00 deg.: X-S =  5983.207402 mb/sr,
+                                         /R =   6.0093E-01
     7.00 deg.: X-S =  3523.155386 mb/sr,
+                                         /R =   6.5513E-01
     8.00 deg.: X-S =  2552.977057 mb/sr,
+                                         /R =   8.0924E-01
     9.00 deg.: X-S =  2135.765376 mb/sr,
+                                         /R =   1.0835E+00
    10.00 deg.: X-S =  1933.260336 mb/sr,
+                                         /R =   1.4934E+00
    11.00 deg.: X-S =  1813.305926 mb/sr,
+                                         /R =   2.0486E+00
    12.00 deg.: X-S =  1721.972382 mb/sr,
+                                         /R =   2.7521E+00
    13.00 deg.: X-S =  1637.193163 mb/sr,
+                                         /R =   3.5994E+00
    14.00 deg.: X-S =  1550.521133 mb/sr,
+                                         /R =   4.5788E+00
    15.00 deg.: X-S =  1459.481097 mb/sr,
+                                         /R =   5.6713E+00
    16.00 deg.: X-S =  1364.205425 mb/sr,
+                                         /R =   6.8516E+00
    17.00 deg.: X-S =  1265.900818 mb/sr,
+                                         /R =   8.0891E+00
    18.00 deg.: X-S =  1166.133939 mb/sr,
+                                         /R =   9.3491E+00
    19.00 deg.: X-S =  1066.496603 mb/sr,
+                                         /R =   1.0595E+01
    20.00 deg.: X-S =   968.451940 mb/sr,
+                                         /R =   1.1788E+01
    21.00 deg.: X-S =   873.268745 mb/sr,
+                                         /R =   1.2894E+01
    22.00 deg.: X-S =   781.999520 mb/sr,
+                                         /R =   1.3877E+01
    23.00 deg.: X-S =   695.480369 mb/sr,
+                                         /R =   1.4710E+01
    24.00 deg.: X-S =   614.341874 mb/sr,
+                                         /R =   1.5368E+01
    25.00 deg.: X-S =   539.025429 mb/sr,
+                                         /R =   1.5836E+01
    26.00 deg.: X-S =   469.802141 mb/sr,
+                                         /R =   1.6105E+01
    27.00 deg.: X-S =   406.792775 mb/sr,
+                                         /R =   1.6174E+01
    28.00 deg.: X-S =   349.987862 mb/sr,
+                                         /R =   1.6049E+01
    29.00 deg.: X-S =   299.267425 mb/sr,
+                                         /R =   1.5745E+01
    30.00 deg.: X-S =   254.419982 mb/sr,
+                                         /R =   1.5284E+01
    31.00 deg.: X-S =   215.160535 mb/sr,
+                                         /R =   1.4691E+01
    32.00 deg.: X-S =   181.147383 mb/sr,
+                                         /R =   1.3998E+01
    33.00 deg.: X-S =   151.997568 mb/sr,
+                                         /R =   1.3240E+01
    34.00 deg.: X-S =   127.300877 mb/sr,
+                                         /R =   1.2453E+01
    35.00 deg.: X-S =   106.632296 mb/sr,
+                                         /R =   1.1672E+01
    36.00 deg.: X-S =    89.562903 mb/sr,
+                                         /R =   1.0933E+01
    37.00 deg.: X-S =    75.669184 mb/sr,
+                                         /R =   1.0269E+01
    38.00 deg.: X-S =    64.540803 mb/sr,
+                                         /R =   9.7072E+00
    39.00 deg.: X-S =    55.786894 mb/sr,
+                                         /R =   9.2727E+00
    40.00 deg.: X-S =    49.040936 mb/sr,
+                                         /R =   8.9837E+00
    41.00 deg.: X-S =    43.964344 mb/sr,
+                                         /R =   8.8531E+00
    42.00 deg.: X-S =    40.248859 mb/sr,
+                                         /R =   8.8871E+00
    43.00 deg.: X-S =    37.617900 mb/sr,
+                                         /R =   9.0863E+00
    44.00 deg.: X-S =    35.826981 mb/sr,
+                                         /R =   9.4450E+00
    45.00 deg.: X-S =    34.663346 mb/sr,
+                                         /R =   9.9522E+00
    46.00 deg.: X-S =    33.944954 mb/sr,
+                                         /R =   1.0592E+01
    47.00 deg.: X-S =    33.518940 mb/sr,
+                                         /R =   1.1344E+01
    48.00 deg.: X-S =    33.259671 mb/sr,
+                                         /R =   1.2186E+01
    49.00 deg.: X-S =    33.066513 mb/sr,
+                                         /R =   1.3091E+01
    50.00 deg.: X-S =    32.861413 mb/sr,
+                                         /R =   1.4034E+01
    51.00 deg.: X-S =    32.586371 mb/sr,
+                                         /R =   1.4985E+01
    52.00 deg.: X-S =    32.200900 mb/sr,
+                                         /R =   1.5919E+01
    53.00 deg.: X-S =    31.679522 mb/sr,
+                                         /R =   1.6810E+01
    54.00 deg.: X-S =    31.009358 mb/sr,
+                                         /R =   1.7635E+01
    55.00 deg.: X-S =    30.187855 mb/sr,
+                                         /R =   1.8372E+01
    56.00 deg.: X-S =    29.220684 mb/sr,
+                                         /R =   1.9003E+01
    57.00 deg.: X-S =    28.119822 mb/sr,
+                                         /R =   1.9514E+01
    58.00 deg.: X-S =    26.901841 mb/sr,
+                                         /R =   1.9896E+01
    59.00 deg.: X-S =    25.586404 mb/sr,
+                                         /R =   2.0140E+01
    60.00 deg.: X-S =    24.194966 mb/sr,
+                                         /R =   2.0244E+01
    61.00 deg.: X-S =    22.749686 mb/sr,
+                                         /R =   2.0209E+01
    62.00 deg.: X-S =    21.272521 mb/sr,
+                                         /R =   2.0039E+01
    63.00 deg.: X-S =    19.784512 mb/sr,
+                                         /R =   1.9740E+01
    64.00 deg.: X-S =    18.305226 mb/sr,
+                                         /R =   1.9324E+01
    65.00 deg.: X-S =    16.852356 mb/sr,
+                                         /R =   1.8803E+01
    66.00 deg.: X-S =    15.441445 mb/sr,
+                                         /R =   1.8189E+01
    67.00 deg.: X-S =    14.085727 mb/sr,
+                                         /R =   1.7500E+01
    68.00 deg.: X-S =    12.796073 mb/sr,
+                                         /R =   1.6750E+01
    69.00 deg.: X-S =    11.581003 mb/sr,
+                                         /R =   1.5957E+01
    70.00 deg.: X-S =    10.446776 mb/sr,
+                                         /R =   1.5137E+01
    71.00 deg.: X-S =     9.397525 mb/sr,
+                                         /R =   1.4306E+01
    72.00 deg.: X-S =     8.435432 mb/sr,
+                                         /R =   1.3480E+01
    73.00 deg.: X-S =     7.560924 mb/sr,
+                                         /R =   1.2671E+01
    74.00 deg.: X-S =     6.772894 mb/sr,
+                                         /R =   1.1894E+01
    75.00 deg.: X-S =     6.068920 mb/sr,
+                                         /R =   1.1158E+01
    76.00 deg.: X-S =     5.445489 mb/sr,
+                                         /R =   1.0474E+01
    77.00 deg.: X-S =     4.898212 mb/sr,
+                                         /R =   9.8475E+00
    78.00 deg.: X-S =     4.422035 mb/sr,
+                                         /R =   9.2854E+00
    79.00 deg.: X-S =     4.011424 mb/sr,
+                                         /R =   8.7909E+00
    80.00 deg.: X-S =     3.660545 mb/sr,
+                                         /R =   8.3658E+00
    81.00 deg.: X-S =     3.363415 mb/sr,
+                                         /R =   8.0103E+00
    82.00 deg.: X-S =     3.114044 mb/sr,
+                                         /R =   7.7230E+00
    83.00 deg.: X-S =     2.906548 mb/sr,
+                                         /R =   7.5011E+00
    84.00 deg.: X-S =     2.735247 mb/sr,
+                                         /R =   7.3406E+00
    85.00 deg.: X-S =     2.594747 mb/sr,
+                                         /R =   7.2364E+00
    86.00 deg.: X-S =     2.479997 mb/sr,
+                                         /R =   7.1825E+00
    87.00 deg.: X-S =     2.386338 mb/sr,
+                                         /R =   7.1725E+00
    88.00 deg.: X-S =     2.309532 mb/sr,
+                                         /R =   7.1995E+00
    89.00 deg.: X-S =     2.245777 mb/sr,
+                                         /R =   7.2561E+00
    90.00 deg.: X-S =     2.191718 mb/sr,
+                                         /R =   7.3353E+00
    91.00 deg.: X-S =     2.144440 mb/sr,
+                                         /R =   7.4297E+00
    92.00 deg.: X-S =     2.101455 mb/sr,
+                                         /R =   7.5327E+00
    93.00 deg.: X-S =     2.060685 mb/sr,
+                                         /R =   7.6375E+00
    94.00 deg.: X-S =     2.020437 mb/sr,
+                                         /R =   7.7383E+00
    95.00 deg.: X-S =     1.979376 mb/sr,
+                                         /R =   7.8297E+00
    96.00 deg.: X-S =     1.936493 mb/sr,
+                                         /R =   7.9068E+00
    97.00 deg.: X-S =     1.891070 mb/sr,
+                                         /R =   7.9657E+00
    98.00 deg.: X-S =     1.842654 mb/sr,
+                                         /R =   8.0030E+00
    99.00 deg.: X-S =     1.791015 mb/sr,
+                                         /R =   8.0163E+00
   100.00 deg.: X-S =     1.736117 mb/sr,
+                                         /R =   8.0036E+00
   101.00 deg.: X-S =     1.678087 mb/sr,
+                                         /R =   7.9640E+00
   102.00 deg.: X-S =     1.617185 mb/sr,
+                                         /R =   7.8970E+00
   103.00 deg.: X-S =     1.553773 mb/sr,
+                                         /R =   7.8029E+00
   104.00 deg.: X-S =     1.488292 mb/sr,
+                                         /R =   7.6826E+00
   105.00 deg.: X-S =     1.421236 mb/sr,
+                                         /R =   7.5375E+00
   106.00 deg.: X-S =     1.353133 mb/sr,
+                                         /R =   7.3693E+00
   107.00 deg.: X-S =     1.284526 mb/sr,
+                                         /R =   7.1804E+00
   108.00 deg.: X-S =     1.215954 mb/sr,
+                                         /R =   6.9733E+00
   109.00 deg.: X-S =     1.147943 mb/sr,
+                                         /R =   6.7508E+00
   110.00 deg.: X-S =     1.080989 mb/sr,
+                                         /R =   6.5159E+00
   111.00 deg.: X-S =     1.015553 mb/sr,
+                                         /R =   6.2715E+00
   112.00 deg.: X-S =     0.952052 mb/sr,
+                                         /R =   6.0207E+00
   113.00 deg.: X-S =     0.890853 mb/sr,
+                                         /R =   5.7667E+00
   114.00 deg.: X-S =     0.832271 mb/sr,
+                                         /R =   5.5122E+00
   115.00 deg.: X-S =     0.776564 mb/sr,
+                                         /R =   5.2600E+00
   116.00 deg.: X-S =     0.723938 mb/sr,
+                                         /R =   5.0127E+00
   117.00 deg.: X-S =     0.674541 mb/sr,
+                                         /R =   4.7727E+00
   118.00 deg.: X-S =     0.628468 mb/sr,
+                                         /R =   4.5419E+00
   119.00 deg.: X-S =     0.585767 mb/sr,
+                                         /R =   4.3221E+00
   120.00 deg.: X-S =     0.546434 mb/sr,
+                                         /R =   4.1148E+00
   121.00 deg.: X-S =     0.510425 mb/sr,
+                                         /R =   3.9211E+00
   122.00 deg.: X-S =     0.477657 mb/sr,
+                                         /R =   3.7418E+00
   123.00 deg.: X-S =     0.448014 mb/sr,
+                                         /R =   3.5775E+00
   124.00 deg.: X-S =     0.421349 mb/sr,
+                                         /R =   3.4283E+00
   125.00 deg.: X-S =     0.397495 mb/sr,
+                                         /R =   3.2941E+00
   126.00 deg.: X-S =     0.376266 mb/sr,
+                                         /R =   3.1748E+00
   127.00 deg.: X-S =     0.357462 mb/sr,
+                                         /R =   3.0696E+00
   128.00 deg.: X-S =     0.340877 mb/sr,
+                                         /R =   2.9780E+00
   129.00 deg.: X-S =     0.326302 mb/sr,
+                                         /R =   2.8991E+00
   130.00 deg.: X-S =     0.313528 mb/sr,
+                                         /R =   2.8319E+00
   131.00 deg.: X-S =     0.302354 mb/sr,
+                                         /R =   2.7752E+00
   132.00 deg.: X-S =     0.292588 mb/sr,
+                                         /R =   2.7282E+00
   133.00 deg.: X-S =     0.284049 mb/sr,
+                                         /R =   2.6895E+00
   134.00 deg.: X-S =     0.276574 mb/sr,
+                                         /R =   2.6583E+00
   135.00 deg.: X-S =     0.270015 mb/sr,
+                                         /R =   2.6336E+00
   136.00 deg.: X-S =     0.264247 mb/sr,
+                                         /R =   2.6144E+00
   137.00 deg.: X-S =     0.259161 mb/sr,
+                                         /R =   2.6000E+00
   138.00 deg.: X-S =     0.254674 mb/sr,
+                                         /R =   2.5899E+00
   139.00 deg.: X-S =     0.250720 mb/sr,
+                                         /R =   2.5836E+00
   140.00 deg.: X-S =     0.247257 mb/sr,
+                                         /R =   2.5810E+00
   141.00 deg.: X-S =     0.244261 mb/sr,
+                                         /R =   2.5819E+00
   142.00 deg.: X-S =     0.241729 mb/sr,
+                                         /R =   2.5864E+00
   143.00 deg.: X-S =     0.239674 mb/sr,
+                                         /R =   2.5950E+00
   144.00 deg.: X-S =     0.238122 mb/sr,
+                                         /R =   2.6081E+00
   145.00 deg.: X-S =     0.237116 mb/sr,
+                                         /R =   2.6262E+00
   146.00 deg.: X-S =     0.236705 mb/sr,
+                                         /R =   2.6502E+00
   147.00 deg.: X-S =     0.236948 mb/sr,
+                                         /R =   2.6810E+00
   148.00 deg.: X-S =     0.237908 mb/sr,
+                                         /R =   2.7194E+00
   149.00 deg.: X-S =     0.239649 mb/sr,
+                                         /R =   2.7664E+00
   150.00 deg.: X-S =     0.242235 mb/sr,
+                                         /R =   2.8230E+00
   151.00 deg.: X-S =     0.245725 mb/sr,
+                                         /R =   2.8901E+00
   152.00 deg.: X-S =     0.250171 mb/sr,
+                                         /R =   2.9686E+00
   153.00 deg.: X-S =     0.255615 mb/sr,
+                                         /R =   3.0592E+00
   154.00 deg.: X-S =     0.262090 mb/sr,
+                                         /R =   3.1626E+00
   155.00 deg.: X-S =     0.269613 mb/sr,
+                                         /R =   3.2791E+00
   156.00 deg.: X-S =     0.278186 mb/sr,
+                                         /R =   3.4091E+00
   157.00 deg.: X-S =     0.287794 mb/sr,
+                                         /R =   3.5526E+00
   158.00 deg.: X-S =     0.298406 mb/sr,
+                                         /R =   3.7092E+00
   159.00 deg.: X-S =     0.309971 mb/sr,
+                                         /R =   3.8786E+00
   160.00 deg.: X-S =     0.322420 mb/sr,
+                                         /R =   4.0599E+00
   161.00 deg.: X-S =     0.335667 mb/sr,
+                                         /R =   4.2522E+00
   162.00 deg.: X-S =     0.349608 mb/sr,
+                                         /R =   4.4540E+00
   163.00 deg.: X-S =     0.364121 mb/sr,
+                                         /R =   4.6639E+00
   164.00 deg.: X-S =     0.379074 mb/sr,
+                                         /R =   4.8801E+00
   165.00 deg.: X-S =     0.394316 mb/sr,
+                                         /R =   5.1005E+00
   166.00 deg.: X-S =     0.409690 mb/sr,
+                                         /R =   5.3229E+00
   167.00 deg.: X-S =     0.425029 mb/sr,
+                                         /R =   5.5451E+00
   168.00 deg.: X-S =     0.440159 mb/sr,
+                                         /R =   5.7645E+00
   169.00 deg.: X-S =     0.454905 mb/sr,
+                                         /R =   5.9786E+00
   170.00 deg.: X-S =     0.469090 mb/sr,
+                                         /R =   6.1848E+00
   171.00 deg.: X-S =     0.482542 mb/sr,
+                                         /R =   6.3806E+00
   172.00 deg.: X-S =     0.495093 mb/sr,
+                                         /R =   6.5636E+00
   173.00 deg.: X-S =     0.506583 mb/sr,
+                                         /R =   6.7313E+00
   174.00 deg.: X-S =     0.516867 mb/sr,
+                                         /R =   6.8816E+00
   175.00 deg.: X-S =     0.525809 mb/sr,
+                                         /R =   7.0124E+00
   176.00 deg.: X-S =     0.533293 mb/sr,
+                                         /R =   7.1220E+00
   177.00 deg.: X-S =     0.539220 mb/sr,
+                                         /R =   7.2088E+00
   178.00 deg.: X-S =     0.543511 mb/sr,
+                                         /R =   7.2717E+00
   179.00 deg.: X-S =     0.546109 mb/sr,
+                                         /R =   7.3098E+00
   179.99 deg.: X-S =     0.546979 mb/sr,
+                                         /R =   7.3226E+00
                                           Integrated 2134.5608 mb, over [   3.000, 180.000] at    35.0000 MeV 
 Finished all xsecs @    5.12700016E-03

  The following files have been created:
   3:local copy of User input.            6:standard output.                   
   7:elastic  S-matrix elements.         13:total cross sections/state.        
  16:tables of cross sections.           38:cross sections for each J/pi.      
  39:cross sections for each Ecm.        40:all cross sectns. for each Elab.   
  45:scat phase shift as E functions.    56:Fusion for each Jtotal.            
 201:Separate cross sections.           

 PARAMETERS : MAXQRN   MFNL   MLOC  LMAX1 MCLIST
    ALLOWED :      1      1      4     70      6
    REQUIRED:      0      0      4     19      4


 ACCURACY ANALYSIS at    35.000 MeV :

  Elastic h*k = 0.037 so OK       compared with 0.200

   Real(S-el) > 0.01 first at J =       0.5
   Real(S-el) > 0.10 first at J =       3.5
   Real(S-el) > 0.50 first at J =       4.5
   Real(S-el) > 0.90 first at J =       5.5
   Real(S-el) > 0.99 first at J =       8.5
   R-turn =    14.32 fm    at J =      17.5

 Forward-angle excitation cut off below   1.361 deg by max JT =      17.5
                              and below   0.330 deg by max R.

