 FRESCO - FRES 3.4: Coupled Reaction Channels
 Assuming NAMELIST input.

 p+O20 with CH89;                                                                

   0.030  60.000   0.500   0.000   0.000   0.000   0.000   0.000   0.000   0.000

 Centre-of-mass Range is   2002 * 0.0300 fm., Maximum at  60.00 fm., Interpolating NL forms every  0.51 fm.
 Non - locality width is      4 * 0.0300 fm., Maximum of   0.09 fm., Centred at  0.00 fm.
 2-Nucleon Separation of      0 * 0.5100 fm., Maximum of   0.00 fm., Minimum at  0.00 fm.
 Maximum single particle bins of 59.6700 fm.
               M,Mint =         2001        1990


 Range of total J is     0.0 <= J <=    50.0 (at least     0.0) and Absorbtion =>     0.0010 mb.
 Dry Run = F, CC set limits =  0  0, Relativistic kinematics =  , Both/Far/Near Analyses =  1                     

 Cross Sections (and up to T0 for 0=projectile) for Theta from   3.0 to-180.0 in steps of  1.0 degrees, DGAM=0,  Coordinates = 0 (Mads)

 Lower Radial Cutoff = maximum of -1.60*L*h &       0.0 fm.,  Lower Cutoff for Couplings =   0.0  fm.


 Iterate Couplings between   0 and   0 times, to  0.000 % if sooner.                                          
  Block solved exactly =   0 chs., with Pade = 0 & Isocen =  =0, NOSOL = F, initwf =  0
  NL quadrature with   18 Gaussian points, Calculate multipoles up to    56 from   0
  M-transfers for lp+lt greater than or equal to  6, Angular Integration Cutoff below  2.7778 %


 Trace switches are :  CHANS =  1, LISTCC =  0, TRENEG =  0, CDETR =  0, SMATS =  2, XSTABL =  1, NLPL =  0

                       WAVES =  0, LAMPL =  0, VEFF =  0, KFUS =  0, WDISK =  0, BPM =  0, MELFIL =  0

                       CDCC =  0, NFUS =  0

 Using unit mass = 1.000000 amu and 1/fine-structure constant = 137.03599 ( 1.000000 * true ) with hc = 197.32705 MeV.fm,
  thus 2*amu/hbar^2 = 0.0478450 = 1/20.9008 and Coulomb constant = 0.1574855 so e^2 = 1.43997, and nuclear magneton= 0.1261183

 Now pre-scan input and save to file 3



 *********** PARTITION NUMBER  1 ******************************************************************************************

   PROJ=p          MASS=  1.0073 Z=   1.0,        # STATES=    1T, TARG=O20      MASS= 19.9997 Z=   8.0,     Q-VALUE =  -0.0000 MEV.

     1:  J= 0.5+ (B# 1), E=  0.0000, K= 0.5              Potl#  1       J= 0.0+ (B# 1), E=  0.0000, K= 0.0    


 ************************************************************************************************************************************

 The following POTENTIALS are defined :

  KP#       TYPE      IT    SHAPE      at     V1        r1        a1        V2        r2        a2        A-in     A-used


                                            A#1       A#2        r0c       ac                                                h @ 1
    1    0=Coulomb       0=CHARGE (WS)  1    20.000     0.000    1.2842    0.0000    0.0000    0.0000     0.000    20.000   0.03000

    1    1=Volume        0=Woods-Saxon  2   30.0565    1.1671    0.6900    4.9577    1.1753    0.6900     0.000    20.000

    1    2=Surface       0=Woods-Saxon  3    0.0000    0.0000    0.0000   10.5206    1.1753    0.6900     0.000    20.000

    1    3=Projtl S.O.   0=Woods-Saxon  4    5.9000    0.8979    0.6300    0.0000    0.0000    0.0000     0.000    20.000

 Incoming partition  1 in excitation state # 1,   Laboratory Energy given for partition  1 Nucleus 1 in Excitation pair 1

0Lab. ENERGY ranges :

   from    35.0000     to   0.00000     in     0 intervals
   from    0.00000     to   0.00000     in     0 intervals
   from    0.00000     to   0.00000     in     0 intervals

 Largest real,imaginary parts of any form factor at R=   59.52 are   2.42E-02  1.13E-31 MeV
 Finished all Couplings @    8.77999933E-04           4

 Symmetric Hamiltonian
1***********************************************************************************************************************************
************************************************************************************************************************************

        INCOMING p        ;    LABORATORY p        ENERGY =   35.000     MeV.

 ***********************************************************************************************************************************
 ***********************************************************************************************************************************

 Allocate arrays for            2  channels, of which            1  need wfs.

 ######################################################################################################################
 #                                                                                                                    #
 # Total SPIN and PARITY =     0.5 +,      1 channels,    0 in 1st block.  Rmin & Coul turning =    0.0    0.3 fm.  #
 #                                                                                                                    #
 ######################################################################################################################



    C Projectl Target   #   EX.   (L  Proj) J  + Targ = Jtotal     E-cm      Re K     Re Eta     RM*K            CH
    1 p        O20      #    1: I   0 0.5    0.5  0.0     0.5    33.32176   1.23648   0.21373   74.1887   0.33920  -0.36833 1 1 1   1
   S-matrix    1 =   -0.18706  -0.18044 for L=    0, J=    0.5 channel on core I =   0.0 from L=    0,  Acc. loss =  0.0 D.
 Elastic phase shift   1 =  -68.016  38.602 deg. for the L =    0, J =    0.5 channel.
       0.5 -0.18705575 -0.18043547i: elastic S-matrix  @@      0.00  0   0 F  0
 Reaction Xsec     0.5+/ 0 @ 1 =  19.160 , Out:   0.000#


 Total SPIN, PARITY =     0.5 -,      1 chs,      0 cc.  Rmin & Coul turning =    0.0    0.3
   S-matrix    1 =   -0.20792   0.05806 for L=    1, J=    0.5 channel on core I =   0.0 from L=    1,  Acc. loss =  0.0 D.
 Elastic phase shift   1 =   82.199  43.919 deg. for the L =    1, J =    0.5 channel.
       0.5 -0.20791866  0.05806078i: elastic S-matrix  @@      0.00  0   0 F  0
 Reaction Xsec     0.5-/ 1 @ 1 =  19.591 , Out:   0.000#


 Total SPIN, PARITY =     1.5 +,      1 chs,      0 cc.  Rmin & Coul turning =    0.0    1.3
   S-matrix    1 =   -0.15445   0.16695 for L=    2, J=    1.5 channel on core I =   0.0 from L=    2,  Acc. loss =  0.0 D.
 Elastic phase shift   1 =   66.387  42.424 deg. for the L =    2, J =    1.5 channel.
       1.5 -0.15445388  0.16694912i: elastic S-matrix  @@      0.00  0   0 F  0
 Reaction Xsec     1.5+/ 2 @ 1 =  38.971 , Out:   0.000#


 Total SPIN, PARITY =     1.5 -,      1 chs,      0 cc.  Rmin & Coul turning =    0.0    1.3
   S-matrix    1 =   -0.21047  -0.07012 for L=    1, J=    1.5 channel on core I =   0.0 from L=    1,  Acc. loss =  0.0 D.
 Elastic phase shift   1 =  -80.787  43.138 deg. for the L =    1, J =    1.5 channel.
       1.5 -0.21046547 -0.07012304i: elastic S-matrix  @@      0.00  0   0 F  0
 Reaction Xsec     1.5-/ 1 @ 1 =  39.074 , Out:   0.000#


 Total SPIN, PARITY =     2.5 +,      1 chs,      0 cc.  Rmin & Coul turning =    0.1    2.2
   S-matrix    1 =   -0.25765   0.00587 for L=    2, J=    2.5 channel on core I =   0.0 from L=    2,  Acc. loss =  0.0 D.
 Elastic phase shift   1 =   89.348  38.843 deg. for the L =    2, J =    2.5 channel.
       2.5 -0.25765248  0.00586551i: elastic S-matrix  @@      0.00  0   0 F  0
 Reaction Xsec     2.5+/ 2 @ 1 =  57.551 , Out:   0.000#


 Total SPIN, PARITY =     2.5 -,      1 chs,      0 cc.  Rmin & Coul turning =    0.1    2.2
   S-matrix    1 =   -0.00648   0.12194 for L=    3, J=    2.5 channel on core I =   0.0 from L=    3,  Acc. loss =  0.0 D.
 Elastic phase shift   1 =   46.522  60.241 deg. for the L =    3, J =    2.5 channel.
       2.5 -0.00648284  0.12194246i: elastic S-matrix  @@      0.00  0   0 F  0
 Reaction Xsec     2.5-/ 3 @ 1 =  60.726 , Out:   0.000#


 Total SPIN, PARITY =     3.5 +,      1 chs,      0 cc.  Rmin & Coul turning =    0.1    3.0
   S-matrix    1 =    0.26948   0.09009 for L=    4, J=    3.5 channel on core I =   0.0 from L=    4,  Acc. loss =  0.0 D.
 Elastic phase shift   1 =    9.243  36.047 deg. for the L =    4, J =    3.5 channel.
       3.5  0.26947847  0.09009483i: elastic S-matrix  @@      0.00  0   0 F  0
 Reaction Xsec     3.5+/ 4 @ 1 =  75.557 , Out:   0.000#


 Total SPIN, PARITY =     3.5 -,      1 chs,      0 cc.  Rmin & Coul turning =    0.1    3.0
   S-matrix    1 =   -0.18550   0.02785 for L=    3, J=    3.5 channel on core I =   0.0 from L=    3,  Acc. loss =  0.0 D.
 Elastic phase shift   1 =   85.731  47.943 deg. for the L =    3, J =    3.5 channel.
       3.5 -0.18550332  0.02785276i: elastic S-matrix  @@      0.00  0   0 F  0
 Reaction Xsec     3.5-/ 3 @ 1 =  79.301 , Out:   0.000#


 Total SPIN, PARITY =     4.5 +,      1 chs,      0 cc.  Rmin & Coul turning =    0.2    3.8
   S-matrix    1 =    0.09733   0.09831 for L=    4, J=    4.5 channel on core I =   0.0 from L=    4,  Acc. loss =  0.0 D.
 Elastic phase shift   1 =   22.643  56.666 deg. for the L =    4, J =    4.5 channel.
       4.5  0.09733381  0.09831280i: elastic S-matrix  @@      0.00  0   0 F  0
 Reaction Xsec     4.5+/ 4 @ 1 = 100.775 , Out:   0.000#


 Total SPIN, PARITY =     4.5 -,      1 chs,      0 cc.  Rmin & Coul turning =    0.2    3.8
   S-matrix    1 =    0.58522   0.08623 for L=    5, J=    4.5 channel on core I =   0.0 from L=    5,  Acc. loss =  0.0 D.
 Elastic phase shift   1 =    4.191  15.041 deg. for the L =    5, J =    4.5 channel.
       4.5  0.58521994  0.08622934i: elastic S-matrix  @@      0.00  0   0 F  0
 Reaction Xsec     4.5-/ 5 @ 1 =  66.790 , Out:   0.000#


 Total SPIN, PARITY =     5.5 +,      1 chs,      0 cc.  Rmin & Coul turning =    0.2    4.6
   S-matrix    1 =    0.81513   0.06006 for L=    6, J=    5.5 channel on core I =   0.0 from L=    6,  Acc. loss =  0.0 D.
 Elastic phase shift   1 =    2.107   5.778 deg. for the L =    6, J =    5.5 channel.
       5.5  0.81512844  0.06006157i: elastic S-matrix  @@      0.00  0   0 F  0
 Reaction Xsec     5.5+/ 6 @ 1 =  40.927 , Out:   0.000#


 Total SPIN, PARITY =     5.5 -,      1 chs,      0 cc.  Rmin & Coul turning =    0.2    4.6
   S-matrix    1 =    0.49755   0.14698 for L=    5, J=    5.5 channel on core I =   0.0 from L=    5,  Acc. loss =  0.0 D.
 Elastic phase shift   1 =    8.229  18.800 deg. for the L =    5, J =    5.5 channel.
       5.5  0.49754511  0.14698354i: elastic S-matrix  @@      0.00  0   0 F  0
 Reaction Xsec     5.5-/ 5 @ 1 =  90.106 , Out:   0.000#


 Total SPIN, PARITY =     6.5 +,      1 chs,      0 cc.  Rmin & Coul turning =    0.3    5.4
   S-matrix    1 =    0.79244   0.10038 for L=    6, J=    6.5 channel on core I =   0.0 from L=    6,  Acc. loss =  0.0 D.
 Elastic phase shift   1 =    3.609   6.437 deg. for the L =    6, J =    6.5 channel.
       6.5  0.79244124  0.10037524i: elastic S-matrix  @@      0.00  0   0 F  0
 Reaction Xsec     6.5+/ 6 @ 1 =  52.064 , Out:   0.000#


 Total SPIN, PARITY =     6.5 -,      1 chs,      0 cc.  Rmin & Coul turning =    0.3    5.4
   S-matrix    1 =    0.92927   0.02950 for L=    7, J=    6.5 channel on core I =   0.0 from L=    7,  Acc. loss =  0.0 D.
 Elastic phase shift   1 =    0.909   2.087 deg. for the L =    7, J =    6.5 channel.
       6.5  0.92927374  0.02949876i: elastic S-matrix  @@      0.00  0   0 F  0
 Reaction Xsec     6.5-/ 7 @ 1 =  19.502 , Out:   0.000#


 Total SPIN, PARITY =     7.5 +,      1 chs,      0 cc.  Rmin & Coul turning =    0.3    6.2
   S-matrix    1 =    0.97470   0.01197 for L=    8, J=    7.5 channel on core I =   0.0 from L=    8,  Acc. loss =  0.0 D.
 Elastic phase shift   1 =    0.352   0.732 deg. for the L =    8, J =    7.5 channel.
       7.5  0.97469701  0.01196948i: elastic S-matrix  @@      0.00  0   0 F  0
 Reaction Xsec     7.5+/ 8 @ 1 =   8.190 , Out:   0.000#


 Total SPIN, PARITY =     7.5 -,      1 chs,      0 cc.  Rmin & Coul turning =    0.3    6.2
   S-matrix    1 =    0.92539   0.04527 for L=    7, J=    7.5 channel on core I =   0.0 from L=    7,  Acc. loss =  0.0 D.
 Elastic phase shift   1 =    1.400   2.187 deg. for the L =    7, J =    7.5 channel.
       7.5  0.92538556  0.04526506i: elastic S-matrix  @@      0.00  0   0 F  0
 Reaction Xsec     7.5-/ 7 @ 1 =  23.279 , Out:   0.000#


 Total SPIN, PARITY =     8.5 +,      1 chs,      0 cc.  Rmin & Coul turning =    0.4    7.0
   S-matrix    1 =    0.97414   0.01720 for L=    8, J=    8.5 channel on core I =   0.0 from L=    8,  Acc. loss =  0.0 D.
 Elastic phase shift   1 =    0.506   0.746 deg. for the L =    8, J =    8.5 channel.
       8.5  0.97413548  0.01719967i: elastic S-matrix  @@      0.00  0   0 F  0
 Reaction Xsec     8.5+/ 8 @ 1 =   9.388 , Out:   0.000#


 Total SPIN, PARITY =     8.5 -,      1 chs,      0 cc.  Rmin & Coul turning =    0.4    7.0
   S-matrix    1 =    0.99118   0.00445 for L=    9, J=    8.5 channel on core I =   0.0 from L=    9,  Acc. loss =  0.0 D.
 Elastic phase shift   1 =    0.129   0.253 deg. for the L =    9, J =    8.5 channel.
       8.5  0.99118190  0.00444745i: elastic S-matrix  @@      0.00  0   0 F  0
 Reaction Xsec     8.5-/ 9 @ 1 =   3.244 , Out:   0.000#


 Total SPIN, PARITY =     9.5 +,      1 chs,      0 cc.  Rmin & Coul turning =    0.4    7.8
   S-matrix    1 =    0.99696   0.00159 for L=   10, J=    9.5 channel on core I =   0.0 from L=   10,  Acc. loss =  0.0 D.
 Elastic phase shift   1 =    0.046   0.087 deg. for the L =   10, J =    9.5 channel.
       9.5  0.99696155  0.00158797i: elastic S-matrix  @@      0.00  0   0 F  0
 Reaction Xsec     9.5+/10 @ 1 =   1.246 , Out:   0.000#


 Total SPIN, PARITY =     9.5 -,      1 chs,      0 cc.  Rmin & Coul turning =    0.4    7.8
   S-matrix    1 =    0.99111   0.00611 for L=    9, J=    9.5 channel on core I =   0.0 from L=    9,  Acc. loss =  0.0 D.
 Elastic phase shift   1 =    0.177   0.255 deg. for the L =    9, J =    9.5 channel.
       9.5  0.99110592  0.00610786i: elastic S-matrix  @@      0.00  0   0 F  0
 Reaction Xsec     9.5-/ 9 @ 1 =   3.631 , Out:   0.000#


 Total SPIN, PARITY =    10.5 +,      1 chs,      0 cc.  Rmin & Coul turning =    0.5    8.7
   S-matrix    1 =    0.99695   0.00211 for L=   10, J=   10.5 channel on core I =   0.0 from L=   10,  Acc. loss =  0.0 D.
 Elastic phase shift   1 =    0.061   0.087 deg. for the L =   10, J =   10.5 channel.
      10.5  0.99695155  0.00210887i: elastic S-matrix  @@      0.00  0   0 F  0
 Reaction Xsec    10.5+/10 @ 1 =   1.375 , Out:   0.000#


 Total SPIN, PARITY =    10.5 -,      1 chs,      0 cc.  Rmin & Coul turning =    0.5    8.7
   S-matrix    1 =    0.99896   0.00056 for L=   11, J=   10.5 channel on core I =   0.0 from L=   11,  Acc. loss =  0.0 D.
 Elastic phase shift   1 =    0.016   0.030 deg. for the L =   11, J =   10.5 channel.
      10.5  0.99895935  0.00055632i: elastic S-matrix  @@      0.00  0   0 F  0
 Reaction Xsec    10.5-/11 @ 1 =   0.470 , Out:   0.000#


 Total SPIN, PARITY =    11.5 +,      1 chs,      0 cc.  Rmin & Coul turning =    0.5    9.5
   S-matrix    1 =    0.99964   0.00019 for L=   12, J=   11.5 channel on core I =   0.0 from L=   12,  Acc. loss =  0.0 D.
 Elastic phase shift   1 =    0.006   0.010 deg. for the L =   12, J =   11.5 channel.
      11.5  0.99964498  0.00019295i: elastic S-matrix  @@      0.00  0   0 F  0
 Reaction Xsec    11.5+/12 @ 1 =   0.175 , Out:   0.000#


 Total SPIN, PARITY =    11.5 -,      1 chs,      0 cc.  Rmin & Coul turning =    0.5    9.5
   S-matrix    1 =    0.99896   0.00072 for L=   11, J=   11.5 channel on core I =   0.0 from L=   11,  Acc. loss =  0.0 D.
 Elastic phase shift   1 =    0.021   0.030 deg. for the L =   11, J =   11.5 channel.
      11.5  0.99895805  0.00071899i: elastic S-matrix  @@      0.00  0   0 F  0
 Reaction Xsec    11.5-/11 @ 1 =   0.513 , Out:   0.000#


 Total SPIN, PARITY =    12.5 +,      1 chs,      0 cc.  Rmin & Coul turning =    0.6   10.3
   S-matrix    1 =    0.99964   0.00024 for L=   12, J=   12.5 channel on core I =   0.0 from L=   12,  Acc. loss =  0.0 D.
 Elastic phase shift   1 =    0.007   0.010 deg. for the L =   12, J =   12.5 channel.
      12.5  0.99964481  0.00024358i: elastic S-matrix  @@      0.00  0   0 F  0
 Reaction Xsec    12.5+/12 @ 1 =   0.190 , Out:   0.000#


 Total SPIN, PARITY =    12.5 -,      1 chs,      0 cc.  Rmin & Coul turning =    0.6   10.3
   S-matrix    1 =    0.99988   0.00007 for L=   13, J=   12.5 channel on core I =   0.0 from L=   13,  Acc. loss =  0.0 D.
 Elastic phase shift   1 =    0.002   0.003 deg. for the L =   13, J =   12.5 channel.
      12.5  0.99987924  0.00006651i: elastic S-matrix  @@      0.00  0   0 F  0
 Reaction Xsec    12.5-/13 @ 1 =   0.065 , Out:   0.000#


 Total SPIN, PARITY =    13.5 +,      1 chs,      0 cc.  Rmin & Coul turning =    0.6   11.1
   S-matrix    1 =    0.99996   0.00002 for L=   14, J=   13.5 channel on core I =   0.0 from L=   14,  Acc. loss =  0.0 D.
 Elastic phase shift   1 =    0.001   0.001 deg. for the L =   14, J =   13.5 channel.
      13.5  0.99995903  0.00002283i: elastic S-matrix  @@      0.00  0   0 F  0
 Reaction Xsec    13.5+/14 @ 1 =   0.024 , Out:   0.000#


 Total SPIN, PARITY =    13.5 -,      1 chs,      0 cc.  Rmin & Coul turning =    0.6   11.1
   S-matrix    1 =    0.99988   0.00008 for L=   13, J=   13.5 channel on core I =   0.0 from L=   13,  Acc. loss =  0.0 D.
 Elastic phase shift   1 =    0.002   0.003 deg. for the L =   13, J =   13.5 channel.
      13.5  0.99987922  0.00008223i: elastic S-matrix  @@      0.00  0   0 F  0
 Reaction Xsec    13.5-/13 @ 1 =   0.069 , Out:   0.000#


 Total SPIN, PARITY =    14.5 +,      1 chs,      0 cc.  Rmin & Coul turning =    0.7   11.9
   S-matrix    1 =    0.99996   0.00003 for L=   14, J=   14.5 channel on core I =   0.0 from L=   14,  Acc. loss =  0.0 D.
 Elastic phase shift   1 =    0.001   0.001 deg. for the L =   14, J =   14.5 channel.
      14.5  0.99995902  0.00002769i: elastic S-matrix  @@      0.00  0   0 F  0
 Reaction Xsec    14.5+/14 @ 1 =   0.025 , Out:   0.000#


 Total SPIN, PARITY =    14.5 -,      1 chs,      0 cc.  Rmin & Coul turning =    0.7   11.9
   S-matrix    1 =    0.99999   0.00001 for L=   15, J=   14.5 channel on core I =   0.0 from L=   15,  Acc. loss =  0.0 D.
 Elastic phase shift   1 =    0.000   0.000 deg. for the L =   15, J =   14.5 channel.
      14.5  0.99998612  0.00000781i: elastic S-matrix  @@      0.00  0   0 F  0
 Reaction Xsec    14.5-/15 @ 1 =   8.553/, Out:   0.000#


 Total SPIN, PARITY =    15.5 +,      1 chs,      0 cc.  Rmin & Coul turning =    0.7   12.7
   S-matrix    1 =    1.00000   0.00000 for L=   16, J=   15.5 channel on core I =   0.0 from L=   16,  Acc. loss =  0.0 D.
 Elastic phase shift   1 =    0.000   0.000 deg. for the L =   16, J =   15.5 channel.
      15.5  0.99999531  0.00000266i: elastic S-matrix  @@      0.00  0   0 F  0
 Reaction Xsec    15.5+/16 @ 1 =   3.084/, Out:   0.000#


 Total SPIN, PARITY =    15.5 -,      1 chs,      0 cc.  Rmin & Coul turning =    0.7   12.7
   S-matrix    1 =    0.99999   0.00001 for L=   15, J=   15.5 channel on core I =   0.0 from L=   15,  Acc. loss =  0.0 D.
 Elastic phase shift   1 =    0.000   0.000 deg. for the L =   15, J =   15.5 channel.
      15.5  0.99998612  0.00000931i: elastic S-matrix  @@      0.00  0   0 F  0
 Reaction Xsec    15.5-/15 @ 1 =   9.124/, Out:   0.000#


 Total SPIN, PARITY =    16.5 +,      1 chs,      0 cc.  Rmin & Coul turning =    0.8   13.5
   S-matrix    1 =    1.00000   0.00000 for L=   16, J=   16.5 channel on core I =   0.0 from L=   16,  Acc. loss =  0.0 D.
 Elastic phase shift   1 =    0.000   0.000 deg. for the L =   16, J =   16.5 channel.
      16.5  0.99999531  0.00000313i: elastic S-matrix  @@      0.00  0   0 F  0
 Reaction Xsec    16.5+/16 @ 1 =   3.277/, Out:   0.000#


 Total SPIN, PARITY =    16.5 -,      1 chs,      0 cc.  Rmin & Coul turning =    0.8   13.5
   S-matrix    1 =    1.00000   0.00000 for L=   17, J=   16.5 channel on core I =   0.0 from L=   17,  Acc. loss =  0.0 D.
 Elastic phase shift   1 =    0.000   0.000 deg. for the L =   17, J =   16.5 channel.
      16.5  0.99999842  0.00000091i: elastic S-matrix  @@      0.00  0   0 F  0
 Reaction Xsec    16.5-/17 @ 1 =   1.106/, Out:   0.000#


 Total SPIN, PARITY =    17.5 +,      1 chs,      0 cc.  Rmin & Coul turning =    0.8   14.3
   S-matrix    1 =    1.00000   0.00000 for L=   18, J=   17.5 channel on core I =   0.0 from L=   18,  Acc. loss =  0.0 D.
 Elastic phase shift   1 =    0.000   0.000 deg. for the L =   18, J =   17.5 channel.
      17.5  0.99999947  0.00000031i: elastic S-matrix  @@      0.00  0   0 F  0
 Reaction Xsec    17.5+/18 @ 1 =   0.395/, Out:   0.000#


 Total SPIN, PARITY =    17.5 -,      1 chs,      0 cc.  Rmin & Coul turning =    0.8   14.3
   S-matrix    1 =    1.00000   0.00000 for L=   17, J=   17.5 channel on core I =   0.0 from L=   17,  Acc. loss =  0.0 D.
 Elastic phase shift   1 =    0.000   0.000 deg. for the L =   17, J =   17.5 channel.
      17.5  0.99999842  0.00000105i: elastic S-matrix  @@      0.00  0   0 F  0
 Reaction Xsec    17.5-/17 @ 1 =   1.171/, Out:   0.000#


 Total SPIN, PARITY =    18.5 +,      1 chs,      0 cc.  Rmin & Coul turning =    0.8   15.1
   S-matrix    1 =    1.00000   0.00000 for L=   18, J=   18.5 channel on core I =   0.0 from L=   18,  Acc. loss =  0.0 D.
 Elastic phase shift   1 =    0.000   0.000 deg. for the L =   18, J =   18.5 channel.
      18.5  0.99999947  0.00000035i: elastic S-matrix  @@      0.00  0   0 F  0
 Reaction Xsec    18.5+/18 @ 1 =   0.416/, Out:   0.000#

 Finished all CC sets @    7.83300027E-03
0CUMULATIVE REACTION cross section                 =  812.00661  <L> =     4.11  <L**2> =     20.6
0CUMULATIVE outgoing cross sections in partition 1 :    0.00000
0Cumulative ABSORBTION by Imaginary Potentials     =  812.00661  <L> =     4.11  <L**2> =     20.6
   Fusion for specific p        M-states : 1202.424686 1202.424686
0CUMULATIVE OUTGOING cross section                 =    0.00000
 To convert to S-factors (MeV.mb = keV.b),  multiply by  1.2763E+02


 CROSS SECTIONS FOR OUTGOING p        & O20      in state #   1 with spins & parities 0.5  + &  0.0  +;  0

     3.00 deg.: X-S =   1.3259E+05 mb/sr,
+                                         /R =   8.3342E-01
     4.00 deg.: X-S =   3.8098E+04 mb/sr,
+                                         /R =   7.5661E-01
     5.00 deg.: X-S =   1.4472E+04 mb/sr,
+                                         /R =   7.0136E-01
     6.00 deg.: X-S =  6835.818277 mb/sr,
+                                         /R =   6.8657E-01
     7.00 deg.: X-S =  3926.221318 mb/sr,
+                                         /R =   7.3008E-01
     8.00 deg.: X-S =  2674.050572 mb/sr,
+                                         /R =   8.4762E-01
     9.00 deg.: X-S =  2073.212778 mb/sr,
+                                         /R =   1.0517E+00
    10.00 deg.: X-S =  1748.725919 mb/sr,
+                                         /R =   1.3508E+00
    11.00 deg.: X-S =  1547.461992 mb/sr,
+                                         /R =   1.7482E+00
    12.00 deg.: X-S =  1402.781563 mb/sr,
+                                         /R =   2.2419E+00
    13.00 deg.: X-S =  1284.521592 mb/sr,
+                                         /R =   2.8240E+00
    14.00 deg.: X-S =  1178.849131 mb/sr,
+                                         /R =   3.4812E+00
    15.00 deg.: X-S =  1079.565825 mb/sr,
+                                         /R =   4.1950E+00
    16.00 deg.: X-S =   984.139181 mb/sr,
+                                         /R =   4.9428E+00
    17.00 deg.: X-S =   891.807282 mb/sr,
+                                         /R =   5.6986E+00
    18.00 deg.: X-S =   802.640413 mb/sr,
+                                         /R =   6.4349E+00
    19.00 deg.: X-S =   717.063877 mb/sr,
+                                         /R =   7.1234E+00
    20.00 deg.: X-S =   635.611556 mb/sr,
+                                         /R =   7.7369E+00
    21.00 deg.: X-S =   558.798855 mb/sr,
+                                         /R =   8.2505E+00
    22.00 deg.: X-S =   487.059299 mb/sr,
+                                         /R =   8.6431E+00
    23.00 deg.: X-S =   420.716014 mb/sr,
+                                         /R =   8.8982E+00
    24.00 deg.: X-S =   359.972774 mb/sr,
+                                         /R =   9.0049E+00
    25.00 deg.: X-S =   304.916229 mb/sr,
+                                         /R =   8.9582E+00
    26.00 deg.: X-S =   255.524517 mb/sr,
+                                         /R =   8.7594E+00
    27.00 deg.: X-S =   211.679459 mb/sr,
+                                         /R =   8.4161E+00
    28.00 deg.: X-S =   173.180576 mb/sr,
+                                         /R =   7.9413E+00
    29.00 deg.: X-S =   139.759815 mb/sr,
+                                         /R =   7.3531E+00
    30.00 deg.: X-S =   111.096226 mb/sr,
+                                         /R =   6.6738E+00
    31.00 deg.: X-S =    86.830050 mb/sr,
+                                         /R =   5.9287E+00
    32.00 deg.: X-S =    66.575865 mb/sr,
+                                         /R =   5.1447E+00
    33.00 deg.: X-S =    49.934530 mb/sr,
+                                         /R =   4.3497E+00
    34.00 deg.: X-S =    36.503761 mb/sr,
+                                         /R =   3.5708E+00
    35.00 deg.: X-S =    25.887242 mb/sr,
+                                         /R =   2.8336E+00
    36.00 deg.: X-S =    17.702254 mb/sr,
+                                         /R =   2.1610E+00
    37.00 deg.: X-S =    11.585815 mb/sr,
+                                         /R =   1.5723E+00
    38.00 deg.: X-S =     7.199410 mb/sr,
+                                         /R =   1.0828E+00
    39.00 deg.: X-S =     4.232391 mb/sr,
+                                         /R =   7.0349E-01
    40.00 deg.: X-S =     2.404157 mb/sr,
+                                         /R =   4.4041E-01
    41.00 deg.: X-S =     1.465253 mb/sr,
+                                         /R =   2.9506E-01
    42.00 deg.: X-S =     1.197532 mb/sr,
+                                         /R =   2.6442E-01
    43.00 deg.: X-S =     1.413516 mb/sr,
+                                         /R =   3.4142E-01
    44.00 deg.: X-S =     1.955111 mb/sr,
+                                         /R =   5.1542E-01
    45.00 deg.: X-S =     2.691812 mb/sr,
+                                         /R =   7.7285E-01
    46.00 deg.: X-S =     3.518539 mb/sr,
+                                         /R =   1.0979E+00
    47.00 deg.: X-S =     4.353205 mb/sr,
+                                         /R =   1.4733E+00
    48.00 deg.: X-S =     5.134158 mb/sr,
+                                         /R =   1.8811E+00
    49.00 deg.: X-S =     5.817549 mb/sr,
+                                         /R =   2.3032E+00
    50.00 deg.: X-S =     6.374749 mb/sr,
+                                         /R =   2.7224E+00
    51.00 deg.: X-S =     6.789841 mb/sr,
+                                         /R =   3.1224E+00
    52.00 deg.: X-S =     7.057271 mb/sr,
+                                         /R =   3.4890E+00
    53.00 deg.: X-S =     7.179666 mb/sr,
+                                         /R =   3.8098E+00
    54.00 deg.: X-S =     7.165878 mb/sr,
+                                         /R =   4.0752E+00
    55.00 deg.: X-S =     7.029231 mb/sr,
+                                         /R =   4.2778E+00
    56.00 deg.: X-S =     6.786016 mb/sr,
+                                         /R =   4.4131E+00
    57.00 deg.: X-S =     6.454202 mb/sr,
+                                         /R =   4.4791E+00
    58.00 deg.: X-S =     6.052374 mb/sr,
+                                         /R =   4.4761E+00
    59.00 deg.: X-S =     5.598874 mb/sr,
+                                         /R =   4.4070E+00
    60.00 deg.: X-S =     5.111139 mb/sr,
+                                         /R =   4.2765E+00
    61.00 deg.: X-S =     4.605208 mb/sr,
+                                         /R =   4.0909E+00
    62.00 deg.: X-S =     4.095381 mb/sr,
+                                         /R =   3.8578E+00
    63.00 deg.: X-S =     3.594014 mb/sr,
+                                         /R =   3.5860E+00
    64.00 deg.: X-S =     3.111423 mb/sr,
+                                         /R =   3.2847E+00
    65.00 deg.: X-S =     2.655877 mb/sr,
+                                         /R =   2.9632E+00
    66.00 deg.: X-S =     2.233670 mb/sr,
+                                         /R =   2.6312E+00
    67.00 deg.: X-S =     1.849243 mb/sr,
+                                         /R =   2.2974E+00
    68.00 deg.: X-S =     1.505346 mb/sr,
+                                         /R =   1.9705E+00
    69.00 deg.: X-S =     1.203235 mb/sr,
+                                         /R =   1.6579E+00
    70.00 deg.: X-S =     0.942870 mb/sr,
+                                         /R =   1.3662E+00
    71.00 deg.: X-S =     0.723133 mb/sr,
+                                         /R =   1.1008E+00
    72.00 deg.: X-S =     0.542033 mb/sr,
+                                         /R =   8.6615E-01
    73.00 deg.: X-S =     0.396904 mb/sr,
+                                         /R =   6.6516E-01
    74.00 deg.: X-S =     0.284591 mb/sr,
+                                         /R =   4.9976E-01
    75.00 deg.: X-S =     0.201620 mb/sr,
+                                         /R =   3.7069E-01
    76.00 deg.: X-S =     0.144344 mb/sr,
+                                         /R =   2.7762E-01
    77.00 deg.: X-S =     0.109072 mb/sr,
+                                         /R =   2.1928E-01
    78.00 deg.: X-S =     0.092179 mb/sr,
+                                         /R =   1.9356E-01
    79.00 deg.: X-S =     0.090188 mb/sr,
+                                         /R =   1.9764E-01
    80.00 deg.: X-S =     0.099844 mb/sr,
+                                         /R =   2.2818E-01
    81.00 deg.: X-S =     0.118159 mb/sr,
+                                         /R =   2.8141E-01
    82.00 deg.: X-S =     0.142452 mb/sr,
+                                         /R =   3.5329E-01
    83.00 deg.: X-S =     0.170362 mb/sr,
+                                         /R =   4.3967E-01
    84.00 deg.: X-S =     0.199864 mb/sr,
+                                         /R =   5.3638E-01
    85.00 deg.: X-S =     0.229257 mb/sr,
+                                         /R =   6.3936E-01
    86.00 deg.: X-S =     0.257161 mb/sr,
+                                         /R =   7.4478E-01
    87.00 deg.: X-S =     0.282493 mb/sr,
+                                         /R =   8.4908E-01
    88.00 deg.: X-S =     0.304448 mb/sr,
+                                         /R =   9.4905E-01
    89.00 deg.: X-S =     0.322472 mb/sr,
+                                         /R =   1.0419E+00
    90.00 deg.: X-S =     0.336231 mb/sr,
+                                         /R =   1.1253E+00
    91.00 deg.: X-S =     0.345586 mb/sr,
+                                         /R =   1.1973E+00
    92.00 deg.: X-S =     0.350558 mb/sr,
+                                         /R =   1.2566E+00
    93.00 deg.: X-S =     0.351304 mb/sr,
+                                         /R =   1.3020E+00
    94.00 deg.: X-S =     0.348088 mb/sr,
+                                         /R =   1.3332E+00
    95.00 deg.: X-S =     0.341253 mb/sr,
+                                         /R =   1.3499E+00
    96.00 deg.: X-S =     0.331204 mb/sr,
+                                         /R =   1.3523E+00
    97.00 deg.: X-S =     0.318380 mb/sr,
+                                         /R =   1.3411E+00
    98.00 deg.: X-S =     0.303240 mb/sr,
+                                         /R =   1.3170E+00
    99.00 deg.: X-S =     0.286249 mb/sr,
+                                         /R =   1.2812E+00
   100.00 deg.: X-S =     0.267859 mb/sr,
+                                         /R =   1.2349E+00
   101.00 deg.: X-S =     0.248505 mb/sr,
+                                         /R =   1.1794E+00
   102.00 deg.: X-S =     0.228593 mb/sr,
+                                         /R =   1.1163E+00
   103.00 deg.: X-S =     0.208494 mb/sr,
+                                         /R =   1.0470E+00
   104.00 deg.: X-S =     0.188540 mb/sr,
+                                         /R =   9.7325E-01
   105.00 deg.: X-S =     0.169023 mb/sr,
+                                         /R =   8.9640E-01
   106.00 deg.: X-S =     0.150192 mb/sr,
+                                         /R =   8.1796E-01
   107.00 deg.: X-S =     0.132252 mb/sr,
+                                         /R =   7.3928E-01
   108.00 deg.: X-S =     0.115371 mb/sr,
+                                         /R =   6.6163E-01
   109.00 deg.: X-S =     0.099672 mb/sr,
+                                         /R =   5.8615E-01
   110.00 deg.: X-S =     0.085247 mb/sr,
+                                         /R =   5.1384E-01
   111.00 deg.: X-S =     0.072149 mb/sr,
+                                         /R =   4.4555E-01
   112.00 deg.: X-S =     0.060405 mb/sr,
+                                         /R =   3.8200E-01
   113.00 deg.: X-S =     0.050012 mb/sr,
+                                         /R =   3.2374E-01
   114.00 deg.: X-S =     0.040947 mb/sr,
+                                         /R =   2.7119E-01
   115.00 deg.: X-S =     0.033164 mb/sr,
+                                         /R =   2.2463E-01
   116.00 deg.: X-S =     0.026604 mb/sr,
+                                         /R =   1.8421E-01
   117.00 deg.: X-S =     0.021193 mb/sr,
+                                         /R =   1.4995E-01
   118.00 deg.: X-S =     0.016849 mb/sr,
+                                         /R =   1.2176E-01
   119.00 deg.: X-S =     0.013482 mb/sr,
+                                         /R =   9.9475E-02
   120.00 deg.: X-S =     0.010998 mb/sr,
+                                         /R =   8.2818E-02
   121.00 deg.: X-S =     0.009302 mb/sr,
+                                         /R =   7.1456E-02
   122.00 deg.: X-S =     0.008297 mb/sr,
+                                         /R =   6.4998E-02
   123.00 deg.: X-S =     0.007890 mb/sr,
+                                         /R =   6.3007E-02
   124.00 deg.: X-S =     0.007990 mb/sr,
+                                         /R =   6.5014E-02
   125.00 deg.: X-S =     0.008511 mb/sr,
+                                         /R =   7.0529E-02
   126.00 deg.: X-S =     0.009369 mb/sr,
+                                         /R =   7.9054E-02
   127.00 deg.: X-S =     0.010491 mb/sr,
+                                         /R =   9.0091E-02
   128.00 deg.: X-S =     0.011807 mb/sr,
+                                         /R =   1.0315E-01
   129.00 deg.: X-S =     0.013253 mb/sr,
+                                         /R =   1.1775E-01
   130.00 deg.: X-S =     0.014775 mb/sr,
+                                         /R =   1.3345E-01
   131.00 deg.: X-S =     0.016322 mb/sr,
+                                         /R =   1.4982E-01
   132.00 deg.: X-S =     0.017853 mb/sr,
+                                         /R =   1.6647E-01
   133.00 deg.: X-S =     0.019331 mb/sr,
+                                         /R =   1.8304E-01
   134.00 deg.: X-S =     0.020727 mb/sr,
+                                         /R =   1.9922E-01
   135.00 deg.: X-S =     0.022015 mb/sr,
+                                         /R =   2.1472E-01
   136.00 deg.: X-S =     0.023177 mb/sr,
+                                         /R =   2.2931E-01
   137.00 deg.: X-S =     0.024199 mb/sr,
+                                         /R =   2.4277E-01
   138.00 deg.: X-S =     0.025071 mb/sr,
+                                         /R =   2.5495E-01
   139.00 deg.: X-S =     0.025787 mb/sr,
+                                         /R =   2.6573E-01
   140.00 deg.: X-S =     0.026345 mb/sr,
+                                         /R =   2.7500E-01
   141.00 deg.: X-S =     0.026746 mb/sr,
+                                         /R =   2.8271E-01
   142.00 deg.: X-S =     0.026994 mb/sr,
+                                         /R =   2.8883E-01
   143.00 deg.: X-S =     0.027094 mb/sr,
+                                         /R =   2.9336E-01
   144.00 deg.: X-S =     0.027055 mb/sr,
+                                         /R =   2.9632E-01
   145.00 deg.: X-S =     0.026883 mb/sr,
+                                         /R =   2.9775E-01
   146.00 deg.: X-S =     0.026591 mb/sr,
+                                         /R =   2.9773E-01
   147.00 deg.: X-S =     0.026189 mb/sr,
+                                         /R =   2.9632E-01
   148.00 deg.: X-S =     0.025688 mb/sr,
+                                         /R =   2.9363E-01
   149.00 deg.: X-S =     0.025101 mb/sr,
+                                         /R =   2.8975E-01
   150.00 deg.: X-S =     0.024438 mb/sr,
+                                         /R =   2.8480E-01
   151.00 deg.: X-S =     0.023712 mb/sr,
+                                         /R =   2.7889E-01
   152.00 deg.: X-S =     0.022935 mb/sr,
+                                         /R =   2.7215E-01
   153.00 deg.: X-S =     0.022116 mb/sr,
+                                         /R =   2.6468E-01
   154.00 deg.: X-S =     0.021267 mb/sr,
+                                         /R =   2.5663E-01
   155.00 deg.: X-S =     0.020398 mb/sr,
+                                         /R =   2.4809E-01
   156.00 deg.: X-S =     0.019518 mb/sr,
+                                         /R =   2.3919E-01
   157.00 deg.: X-S =     0.018635 mb/sr,
+                                         /R =   2.3003E-01
   158.00 deg.: X-S =     0.017756 mb/sr,
+                                         /R =   2.2072E-01
   159.00 deg.: X-S =     0.016890 mb/sr,
+                                         /R =   2.1135E-01
   160.00 deg.: X-S =     0.016043 mb/sr,
+                                         /R =   2.0201E-01
   161.00 deg.: X-S =     0.015219 mb/sr,
+                                         /R =   1.9279E-01
   162.00 deg.: X-S =     0.014423 mb/sr,
+                                         /R =   1.8375E-01
   163.00 deg.: X-S =     0.013660 mb/sr,
+                                         /R =   1.7497E-01
   164.00 deg.: X-S =     0.012933 mb/sr,
+                                         /R =   1.6649E-01
   165.00 deg.: X-S =     0.012244 mb/sr,
+                                         /R =   1.5838E-01
   166.00 deg.: X-S =     0.011597 mb/sr,
+                                         /R =   1.5067E-01
   167.00 deg.: X-S =     0.010992 mb/sr,
+                                         /R =   1.4341E-01
   168.00 deg.: X-S =     0.010431 mb/sr,
+                                         /R =   1.3661E-01
   169.00 deg.: X-S =     0.009915 mb/sr,
+                                         /R =   1.3031E-01
   170.00 deg.: X-S =     0.009445 mb/sr,
+                                         /R =   1.2453E-01
   171.00 deg.: X-S =     0.009020 mb/sr,
+                                         /R =   1.1927E-01
   172.00 deg.: X-S =     0.008641 mb/sr,
+                                         /R =   1.1455E-01
   173.00 deg.: X-S =     0.008307 mb/sr,
+                                         /R =   1.1038E-01
   174.00 deg.: X-S =     0.008019 mb/sr,
+                                         /R =   1.0676E-01
   175.00 deg.: X-S =     0.007776 mb/sr,
+                                         /R =   1.0370E-01
   176.00 deg.: X-S =     0.007578 mb/sr,
+                                         /R =   1.0120E-01
   177.00 deg.: X-S =     0.007424 mb/sr,
+                                         /R =   9.9246E-02
   178.00 deg.: X-S =     0.007314 mb/sr,
+                                         /R =   9.7854E-02
   179.00 deg.: X-S =     0.007248 mb/sr,
+                                         /R =   9.7019E-02
   179.99 deg.: X-S =     0.007226 mb/sr,
+                                         /R =   9.6741E-02
                                           Integrated 1890.3663 mb, over [   3.000, 180.000] at    35.0000 MeV 
 Finished all xsecs @    9.06799920E-03

  The following files have been created:
   3:local copy of User input.            6:standard output.                   
   7:elastic  S-matrix elements.         13:total cross sections/state.        
  16:tables of cross sections.           38:cross sections for each J/pi.      
  39:cross sections for each Ecm.        40:all cross sectns. for each Elab.   
  45:scat phase shift as E functions.    56:Fusion for each Jtotal.            
 201:Separate cross sections.           

 PARAMETERS : MAXQRN   MFNL   MLOC  LMAX1 MCLIST
    ALLOWED :      1      1      4     70      6
    REQUIRED:      0      0      4     19      4


 ACCURACY ANALYSIS at    35.000 MeV :

  Elastic h*k = 0.037 so OK       compared with 0.200

   Real(S-el) > 0.01 first at J =       3.5
   Real(S-el) > 0.10 first at J =       3.5
   Real(S-el) > 0.50 first at J =       4.5
   Real(S-el) > 0.90 first at J =       6.5
   Real(S-el) > 0.99 first at J =       8.5
   R-turn =    15.13 fm    at J =      18.5

 Forward-angle excitation cut off below   1.289 deg by max JT =      18.5
                              and below   0.330 deg by max R.

