 FRESCO - FRES 3.4: Coupled Reaction Channels
 Assuming NAMELIST input.

 p+O20 with CH89;                                                                

   0.030  60.000   0.500   0.000   0.000   0.000   0.000   0.000   0.000   0.000

 Centre-of-mass Range is   2002 * 0.0300 fm., Maximum at  60.00 fm., Interpolating NL forms every  0.51 fm.
 Non - locality width is      4 * 0.0300 fm., Maximum of   0.09 fm., Centred at  0.00 fm.
 2-Nucleon Separation of      0 * 0.5100 fm., Maximum of   0.00 fm., Minimum at  0.00 fm.
 Maximum single particle bins of 59.6700 fm.
               M,Mint =         2001        1990


 Range of total J is     0.0 <= J <=    50.0 (at least     0.0) and Absorbtion =>     0.0010 mb.
 Dry Run = F, CC set limits =  0  0, Relativistic kinematics =  , Both/Far/Near Analyses =  1                     

 Cross Sections (and up to T0 for 0=projectile) for Theta from   3.0 to-180.0 in steps of  1.0 degrees, DGAM=0,  Coordinates = 0 (Mads)

 Lower Radial Cutoff = maximum of -1.60*L*h &       0.0 fm.,  Lower Cutoff for Couplings =   0.0  fm.


 Iterate Couplings between   0 and   0 times, to  0.000 % if sooner.                                          
  Block solved exactly =   0 chs., with Pade = 0 & Isocen =  =0, NOSOL = F, initwf =  0
  NL quadrature with   18 Gaussian points, Calculate multipoles up to    56 from   0
  M-transfers for lp+lt greater than or equal to  6, Angular Integration Cutoff below  2.7778 %


 Trace switches are :  CHANS =  1, LISTCC =  0, TRENEG =  0, CDETR =  0, SMATS =  2, XSTABL =  1, NLPL =  0

                       WAVES =  0, LAMPL =  0, VEFF =  0, KFUS =  0, WDISK =  0, BPM =  0, MELFIL =  0

                       CDCC =  0, NFUS =  0

 Using unit mass = 1.000000 amu and 1/fine-structure constant = 137.03599 ( 1.000000 * true ) with hc = 197.32705 MeV.fm,
  thus 2*amu/hbar^2 = 0.0478450 = 1/20.9008 and Coulomb constant = 0.1574855 so e^2 = 1.43997, and nuclear magneton= 0.1261183

 Now pre-scan input and save to file 3



 *********** PARTITION NUMBER  1 ******************************************************************************************

   PROJ=p          MASS=  1.0073 Z=   1.0,        # STATES=    1T, TARG=O20      MASS= 19.9997 Z=   8.0,     Q-VALUE =  -0.0000 MEV.

     1:  J= 0.5+ (B# 1), E=  0.0000, K= 0.5              Potl#  1       J= 0.0+ (B# 1), E=  0.0000, K= 0.0    


 ************************************************************************************************************************************

 The following POTENTIALS are defined :

  KP#       TYPE      IT    SHAPE      at     V1        r1        a1        V2        r2        a2        A-in     A-used


                                            A#1       A#2        r0c       ac                                                h @ 1
    1    0=Coulomb       0=CHARGE (WS)  1    20.000     0.000    1.2842    0.0000    0.0000    0.0000     0.000    20.000   0.03000

    1    1=Volume        0=Woods-Saxon  2   50.8648    1.1671    0.6900    2.0515    1.1753    0.6900     0.000    20.000

    1    2=Surface       0=Woods-Saxon  3    0.0000    0.0000    0.0000    4.3534    1.1753    0.6900     0.000    20.000

    1    3=Projtl S.O.   0=Woods-Saxon  4    5.9000    0.8979    0.6300    0.0000    0.0000    0.0000     0.000    20.000

 Incoming partition  1 in excitation state # 1,   Laboratory Energy given for partition  1 Nucleus 1 in Excitation pair 1

0Lab. ENERGY ranges :

   from    35.0000     to   0.00000     in     0 intervals
   from    0.00000     to   0.00000     in     0 intervals
   from    0.00000     to   0.00000     in     0 intervals

 Largest real,imaginary parts of any form factor at R=   59.52 are   2.42E-02  4.66E-32 MeV
 Finished all Couplings @    4.46000020E-04           4

 Symmetric Hamiltonian
1***********************************************************************************************************************************
************************************************************************************************************************************

        INCOMING p        ;    LABORATORY p        ENERGY =   35.000     MeV.

 ***********************************************************************************************************************************
 ***********************************************************************************************************************************

 Allocate arrays for            2  channels, of which            1  need wfs.

 ######################################################################################################################
 #                                                                                                                    #
 # Total SPIN and PARITY =     0.5 +,      1 channels,    0 in 1st block.  Rmin & Coul turning =    0.0    0.3 fm.  #
 #                                                                                                                    #
 ######################################################################################################################



    C Projectl Target   #   EX.   (L  Proj) J  + Targ = Jtotal     E-cm      Re K     Re Eta     RM*K            CH
    1 p        O20      #    1: I   0 0.5    0.5  0.0     0.5    33.32176   1.23648   0.21373   74.1887   0.33920  -0.36833 1 1 1   1
   S-matrix    1 =    0.47236  -0.36368 for L=    0, J=    0.5 channel on core I =   0.0 from L=    0,  Acc. loss =  0.0 D.
 Elastic phase shift   1 =  -18.797  14.819 deg. for the L =    0, J =    0.5 channel.
       0.5  0.47235968 -0.36368275i: elastic S-matrix  @@      0.00  0   0 F  0
 Reaction Xsec     0.5+/ 0 @ 1 =  13.246 , Out:   0.000#


 Total SPIN, PARITY =     0.5 -,      1 chs,      0 cc.  Rmin & Coul turning =    0.0    0.3
   S-matrix    1 =    0.00556  -0.57048 for L=    1, J=    0.5 channel on core I =   0.0 from L=    1,  Acc. loss =  0.0 D.
 Elastic phase shift   1 =  -44.721  16.078 deg. for the L =    1, J =    0.5 channel.
       0.5  0.00555909 -0.57048109i: elastic S-matrix  @@      0.00  0   0 F  0
 Reaction Xsec     0.5-/ 1 @ 1 =  13.860 , Out:   0.000#


 Total SPIN, PARITY =     1.5 +,      1 chs,      0 cc.  Rmin & Coul turning =    0.0    1.3
   S-matrix    1 =   -0.42326  -0.37054 for L=    2, J=    1.5 channel on core I =   0.0 from L=    2,  Acc. loss =  0.0 D.
 Elastic phase shift   1 =  -69.400  16.481 deg. for the L =    2, J =    1.5 channel.
       1.5 -0.42326358 -0.37054068i: elastic S-matrix  @@      0.00  0   0 F  0
 Reaction Xsec     1.5+/ 2 @ 1 =  28.092 , Out:   0.000#


 Total SPIN, PARITY =     1.5 -,      1 chs,      0 cc.  Rmin & Coul turning =    0.0    1.3
   S-matrix    1 =    0.27566  -0.51480 for L=    1, J=    1.5 channel on core I =   0.0 from L=    1,  Acc. loss =  0.0 D.
 Elastic phase shift   1 =  -30.916  15.410 deg. for the L =    1, J =    1.5 channel.
       1.5  0.27566133 -0.51480363i: elastic S-matrix  @@      0.00  0   0 F  0
 Reaction Xsec     1.5-/ 1 @ 1 =  27.082 , Out:   0.000#


 Total SPIN, PARITY =     2.5 +,      1 chs,      0 cc.  Rmin & Coul turning =    0.1    2.2
   S-matrix    1 =   -0.00966  -0.56851 for L=    2, J=    2.5 channel on core I =   0.0 from L=    2,  Acc. loss =  0.0 D.
 Elastic phase shift   1 =  -45.487  16.174 deg. for the L =    2, J =    2.5 channel.
       2.5 -0.00965620 -0.56850911i: elastic S-matrix  @@      0.00  0   0 F  0
 Reaction Xsec     2.5+/ 2 @ 1 =  41.715 , Out:   0.000#


 Total SPIN, PARITY =     2.5 -,      1 chs,      0 cc.  Rmin & Coul turning =    0.1    2.2
   S-matrix    1 =   -0.50400   0.07410 for L=    3, J=    2.5 channel on core I =   0.0 from L=    3,  Acc. loss =  0.0 D.
 Elastic phase shift   1 =   85.818  19.323 deg. for the L =    3, J =    2.5 channel.
       2.5 -0.50399916  0.07410027i: elastic S-matrix  @@      0.00  0   0 F  0
 Reaction Xsec     2.5-/ 3 @ 1 =  45.648 , Out:   0.000#


 Total SPIN, PARITY =     3.5 +,      1 chs,      0 cc.  Rmin & Coul turning =    0.1    3.0
   S-matrix    1 =   -0.01642   0.46565 for L=    4, J=    3.5 channel on core I =   0.0 from L=    4,  Acc. loss =  0.0 D.
 Elastic phase shift   1 =   46.010  21.878 deg. for the L =    4, J =    3.5 channel.
       3.5 -0.01641987  0.46565381i: elastic S-matrix  @@      0.00  0   0 F  0
 Reaction Xsec     3.5+/ 4 @ 1 =  64.349 , Out:   0.000#


 Total SPIN, PARITY =     3.5 -,      1 chs,      0 cc.  Rmin & Coul turning =    0.1    3.0
   S-matrix    1 =   -0.32623  -0.47180 for L=    3, J=    3.5 channel on core I =   0.0 from L=    3,  Acc. loss =  0.0 D.
 Elastic phase shift   1 =  -62.331  15.923 deg. for the L =    3, J =    3.5 channel.
       3.5 -0.32622662 -0.47179772i: elastic S-matrix  @@      0.00  0   0 F  0
 Reaction Xsec     3.5-/ 3 @ 1 =  55.150 , Out:   0.000#


 Total SPIN, PARITY =     4.5 +,      1 chs,      0 cc.  Rmin & Coul turning =    0.2    3.8
   S-matrix    1 =   -0.39479   0.08309 for L=    4, J=    4.5 channel on core I =   0.0 from L=    4,  Acc. loss =  0.0 D.
 Elastic phase shift   1 =   84.057  26.005 deg. for the L =    4, J =    4.5 channel.
       4.5 -0.39478605  0.08309167i: elastic S-matrix  @@      0.00  0   0 F  0
 Reaction Xsec     4.5+/ 4 @ 1 =  86.019 , Out:   0.000#


 Total SPIN, PARITY =     4.5 -,      1 chs,      0 cc.  Rmin & Coul turning =    0.2    3.8
   S-matrix    1 =    0.61626   0.39583 for L=    5, J=    4.5 channel on core I =   0.0 from L=    5,  Acc. loss =  0.0 D.
 Elastic phase shift   1 =   16.356   8.920 deg. for the L =    5, J =    4.5 channel.
       4.5  0.61626273  0.39582854i: elastic S-matrix  @@      0.00  0   0 F  0
 Reaction Xsec     4.5-/ 5 @ 1 =  47.625 , Out:   0.000#


 Total SPIN, PARITY =     5.5 +,      1 chs,      0 cc.  Rmin & Coul turning =    0.2    4.6
   S-matrix    1 =    0.88733   0.17941 for L=    6, J=    5.5 channel on core I =   0.0 from L=    6,  Acc. loss =  0.0 D.
 Elastic phase shift   1 =    5.715   2.851 deg. for the L =    6, J =    5.5 channel.
       5.5  0.88732566  0.17940650i: elastic S-matrix  @@      0.00  0   0 F  0
 Reaction Xsec     5.5+/ 6 @ 1 =  22.250 , Out:   0.000#


 Total SPIN, PARITY =     5.5 -,      1 chs,      0 cc.  Rmin & Coul turning =    0.2    4.6
   S-matrix    1 =    0.39001   0.49968 for L=    5, J=    5.5 channel on core I =   0.0 from L=    5,  Acc. loss =  0.0 D.
 Elastic phase shift   1 =   26.014  13.061 deg. for the L =    5, J =    5.5 channel.
       5.5  0.39000998  0.49967921i: elastic S-matrix  @@      0.00  0   0 F  0
 Reaction Xsec     5.5-/ 5 @ 1 =  73.754 , Out:   0.000#


 Total SPIN, PARITY =     6.5 +,      1 chs,      0 cc.  Rmin & Coul turning =    0.3    5.4
   S-matrix    1 =    0.85706   0.24182 for L=    6, J=    6.5 channel on core I =   0.0 from L=    6,  Acc. loss =  0.0 D.
 Elastic phase shift   1 =    7.878   3.322 deg. for the L =    6, J =    6.5 channel.
       6.5  0.85705864  0.24182038i: elastic S-matrix  @@      0.00  0   0 F  0
 Reaction Xsec     6.5+/ 6 @ 1 =  29.771 , Out:   0.000#


 Total SPIN, PARITY =     6.5 -,      1 chs,      0 cc.  Rmin & Coul turning =    0.3    5.4
   S-matrix    1 =    0.96568   0.06737 for L=    7, J=    6.5 channel on core I =   0.0 from L=    7,  Acc. loss =  0.0 D.
 Elastic phase shift   1 =    1.995   0.931 deg. for the L =    7, J =    6.5 channel.
       6.5  0.96567507  0.06736702i: elastic S-matrix  @@      0.00  0   0 F  0
 Reaction Xsec     6.5-/ 7 @ 1 =   9.052 , Out:   0.000#


 Total SPIN, PARITY =     7.5 +,      1 chs,      0 cc.  Rmin & Coul turning =    0.3    6.2
   S-matrix    1 =    0.98886   0.02401 for L=    8, J=    7.5 channel on core I =   0.0 from L=    8,  Acc. loss =  0.0 D.
 Elastic phase shift   1 =    0.695   0.313 deg. for the L =    8, J =    7.5 channel.
       7.5  0.98885897  0.02400824i: elastic S-matrix  @@      0.00  0   0 F  0
 Reaction Xsec     7.5+/ 8 @ 1 =   3.548 , Out:   0.000#


 Total SPIN, PARITY =     7.5 -,      1 chs,      0 cc.  Rmin & Coul turning =    0.3    6.2
   S-matrix    1 =    0.96234   0.08622 for L=    7, J=    7.5 channel on core I =   0.0 from L=    7,  Acc. loss =  0.0 D.
 Elastic phase shift   1 =    2.560   0.985 deg. for the L =    7, J =    7.5 channel.
       7.5  0.96233813  0.08621748i: elastic S-matrix  @@      0.00  0   0 F  0
 Reaction Xsec     7.5-/ 7 @ 1 =  10.927 , Out:   0.000#


 Total SPIN, PARITY =     8.5 +,      1 chs,      0 cc.  Rmin & Coul turning =    0.4    7.0
   S-matrix    1 =    0.98848   0.02960 for L=    8, J=    8.5 channel on core I =   0.0 from L=    8,  Acc. loss =  0.0 D.
 Elastic phase shift   1 =    0.858   0.319 deg. for the L =    8, J =    8.5 channel.
       8.5  0.98847607  0.02960475i: elastic S-matrix  @@      0.00  0   0 F  0
 Reaction Xsec     8.5+/ 8 @ 1 =   4.076 , Out:   0.000#


 Total SPIN, PARITY =     8.5 -,      1 chs,      0 cc.  Rmin & Coul turning =    0.4    7.0
   S-matrix    1 =    0.99626   0.00840 for L=    9, J=    8.5 channel on core I =   0.0 from L=    9,  Acc. loss =  0.0 D.
 Elastic phase shift   1 =    0.242   0.106 deg. for the L =    9, J =    8.5 channel.
       8.5  0.99626325  0.00840172i: elastic S-matrix  @@      0.00  0   0 F  0
 Reaction Xsec     8.5-/ 9 @ 1 =   1.366 , Out:   0.000#


 Total SPIN, PARITY =     9.5 +,      1 chs,      0 cc.  Rmin & Coul turning =    0.4    7.8
   S-matrix    1 =    0.99873   0.00291 for L=   10, J=    9.5 channel on core I =   0.0 from L=   10,  Acc. loss =  0.0 D.
 Elastic phase shift   1 =    0.084   0.036 deg. for the L =   10, J =    9.5 channel.
       9.5  0.99873123  0.00291468i: elastic S-matrix  @@      0.00  0   0 F  0
 Reaction Xsec     9.5+/10 @ 1 =   0.519 , Out:   0.000#


 Total SPIN, PARITY =     9.5 -,      1 chs,      0 cc.  Rmin & Coul turning =    0.4    7.8
   S-matrix    1 =    0.99622   0.01011 for L=    9, J=    9.5 channel on core I =   0.0 from L=    9,  Acc. loss =  0.0 D.
 Elastic phase shift   1 =    0.291   0.107 deg. for the L =    9, J =    9.5 channel.
       9.5  0.99621764  0.01010541i: elastic S-matrix  @@      0.00  0   0 F  0
 Reaction Xsec     9.5-/ 9 @ 1 =   1.530 , Out:   0.000#


 Total SPIN, PARITY =    10.5 +,      1 chs,      0 cc.  Rmin & Coul turning =    0.5    8.7
   S-matrix    1 =    0.99873   0.00344 for L=   10, J=   10.5 channel on core I =   0.0 from L=   10,  Acc. loss =  0.0 D.
 Elastic phase shift   1 =    0.099   0.036 deg. for the L =   10, J =   10.5 channel.
      10.5  0.99872569  0.00344080i: elastic S-matrix  @@      0.00  0   0 F  0
 Reaction Xsec    10.5+/10 @ 1 =   0.573 , Out:   0.000#


 Total SPIN, PARITY =    10.5 -,      1 chs,      0 cc.  Rmin & Coul turning =    0.5    8.7
   S-matrix    1 =    0.99957   0.00101 for L=   11, J=   10.5 channel on core I =   0.0 from L=   11,  Acc. loss =  0.0 D.
 Elastic phase shift   1 =    0.029   0.012 deg. for the L =   11, J =   10.5 channel.
      10.5  0.99956788  0.00100559i: elastic S-matrix  @@      0.00  0   0 F  0
 Reaction Xsec    10.5-/11 @ 1 =   0.195 , Out:   0.000#


 Total SPIN, PARITY =    11.5 +,      1 chs,      0 cc.  Rmin & Coul turning =    0.5    9.5
   S-matrix    1 =    0.99985   0.00035 for L=   12, J=   11.5 channel on core I =   0.0 from L=   12,  Acc. loss =  0.0 D.
 Elastic phase shift   1 =    0.010   0.004 deg. for the L =   12, J =   11.5 channel.
      11.5  0.99985290  0.00034550i: elastic S-matrix  @@      0.00  0   0 F  0
 Reaction Xsec    11.5+/12 @ 1 =   0.073 , Out:   0.000#


 Total SPIN, PARITY =    11.5 -,      1 chs,      0 cc.  Rmin & Coul turning =    0.5    9.5
   S-matrix    1 =    0.99957   0.00117 for L=   11, J=   11.5 channel on core I =   0.0 from L=   11,  Acc. loss =  0.0 D.
 Elastic phase shift   1 =    0.034   0.012 deg. for the L =   11, J =   11.5 channel.
      11.5  0.99956720  0.00116890i: elastic S-matrix  @@      0.00  0   0 F  0
 Reaction Xsec    11.5-/11 @ 1 =   0.213 , Out:   0.000#


 Total SPIN, PARITY =    12.5 +,      1 chs,      0 cc.  Rmin & Coul turning =    0.6   10.3
   S-matrix    1 =    0.99985   0.00040 for L=   12, J=   12.5 channel on core I =   0.0 from L=   12,  Acc. loss =  0.0 D.
 Elastic phase shift   1 =    0.011   0.004 deg. for the L =   12, J =   12.5 channel.
      12.5  0.99985282  0.00039621i: elastic S-matrix  @@      0.00  0   0 F  0
 Reaction Xsec    12.5+/12 @ 1 =   0.079 , Out:   0.000#


 Total SPIN, PARITY =    12.5 -,      1 chs,      0 cc.  Rmin & Coul turning =    0.6   10.3
   S-matrix    1 =    0.99995   0.00012 for L=   13, J=   12.5 channel on core I =   0.0 from L=   13,  Acc. loss =  0.0 D.
 Elastic phase shift   1 =    0.003   0.001 deg. for the L =   13, J =   12.5 channel.
      12.5  0.99995001  0.00011830i: elastic S-matrix  @@      0.00  0   0 F  0
 Reaction Xsec    12.5-/13 @ 1 =   0.027 , Out:   0.000#


 Total SPIN, PARITY =    13.5 +,      1 chs,      0 cc.  Rmin & Coul turning =    0.6   11.1
   S-matrix    1 =    0.99998   0.00004 for L=   14, J=   13.5 channel on core I =   0.0 from L=   14,  Acc. loss =  0.0 D.
 Elastic phase shift   1 =    0.001   0.000 deg. for the L =   14, J =   13.5 channel.
      13.5  0.99998304  0.00004039i: elastic S-matrix  @@      0.00  0   0 F  0
 Reaction Xsec    13.5+/14 @ 1 =   9.757/, Out:   0.000#


 Total SPIN, PARITY =    13.5 -,      1 chs,      0 cc.  Rmin & Coul turning =    0.6   11.1
   S-matrix    1 =    0.99995   0.00013 for L=   13, J=   13.5 channel on core I =   0.0 from L=   13,  Acc. loss =  0.0 D.
 Elastic phase shift   1 =    0.004   0.001 deg. for the L =   13, J =   13.5 channel.
      13.5  0.99995000  0.00013403i: elastic S-matrix  @@      0.00  0   0 F  0
 Reaction Xsec    13.5-/13 @ 1 =   0.029 , Out:   0.000#


 Total SPIN, PARITY =    14.5 +,      1 chs,      0 cc.  Rmin & Coul turning =    0.7   11.9
   S-matrix    1 =    0.99998   0.00005 for L=   14, J=   14.5 channel on core I =   0.0 from L=   14,  Acc. loss =  0.0 D.
 Elastic phase shift   1 =    0.001   0.000 deg. for the L =   14, J =   14.5 channel.
      14.5  0.99998304  0.00004525i: elastic S-matrix  @@      0.00  0   0 F  0
 Reaction Xsec    14.5+/14 @ 1 =   0.010 , Out:   0.000#


 Total SPIN, PARITY =    14.5 -,      1 chs,      0 cc.  Rmin & Coul turning =    0.7   11.9
   S-matrix    1 =    0.99999   0.00001 for L=   15, J=   14.5 channel on core I =   0.0 from L=   15,  Acc. loss =  0.0 D.
 Elastic phase shift   1 =    0.000   0.000 deg. for the L =   15, J =   14.5 channel.
      14.5  0.99999426  0.00001375i: elastic S-matrix  @@      0.00  0   0 F  0
 Reaction Xsec    14.5-/15 @ 1 =   3.539/, Out:   0.000#


 Total SPIN, PARITY =    15.5 +,      1 chs,      0 cc.  Rmin & Coul turning =    0.7   12.7
   S-matrix    1 =    1.00000   0.00000 for L=   16, J=   15.5 channel on core I =   0.0 from L=   16,  Acc. loss =  0.0 D.
 Elastic phase shift   1 =    0.000   0.000 deg. for the L =   16, J =   15.5 channel.
      15.5  0.99999806  0.00000467i: elastic S-matrix  @@      0.00  0   0 F  0
 Reaction Xsec    15.5+/16 @ 1 =   1.276/, Out:   0.000#


 Total SPIN, PARITY =    15.5 -,      1 chs,      0 cc.  Rmin & Coul turning =    0.7   12.7
   S-matrix    1 =    0.99999   0.00002 for L=   15, J=   15.5 channel on core I =   0.0 from L=   15,  Acc. loss =  0.0 D.
 Elastic phase shift   1 =    0.000   0.000 deg. for the L =   15, J =   15.5 channel.
      15.5  0.99999426  0.00001526i: elastic S-matrix  @@      0.00  0   0 F  0
 Reaction Xsec    15.5-/15 @ 1 =   3.776/, Out:   0.000#


 Total SPIN, PARITY =    16.5 +,      1 chs,      0 cc.  Rmin & Coul turning =    0.8   13.5
   S-matrix    1 =    1.00000   0.00001 for L=   16, J=   16.5 channel on core I =   0.0 from L=   16,  Acc. loss =  0.0 D.
 Elastic phase shift   1 =    0.000   0.000 deg. for the L =   16, J =   16.5 channel.
      16.5  0.99999806  0.00000514i: elastic S-matrix  @@      0.00  0   0 F  0
 Reaction Xsec    16.5+/16 @ 1 =   1.356/, Out:   0.000#


 Total SPIN, PARITY =    16.5 -,      1 chs,      0 cc.  Rmin & Coul turning =    0.8   13.5
   S-matrix    1 =    1.00000   0.00000 for L=   17, J=   16.5 channel on core I =   0.0 from L=   17,  Acc. loss =  0.0 D.
 Elastic phase shift   1 =    0.000   0.000 deg. for the L =   17, J =   16.5 channel.
      16.5  0.99999935  0.00000158i: elastic S-matrix  @@      0.00  0   0 F  0
 Reaction Xsec    16.5-/17 @ 1 =   0.458/, Out:   0.000#


 Total SPIN, PARITY =    17.5 +,      1 chs,      0 cc.  Rmin & Coul turning =    0.8   14.3
   S-matrix    1 =    1.00000   0.00000 for L=   18, J=   17.5 channel on core I =   0.0 from L=   18,  Acc. loss =  0.0 D.
 Elastic phase shift   1 =    0.000   0.000 deg. for the L =   18, J =   17.5 channel.
      17.5  0.99999978  0.00000054i: elastic S-matrix  @@      0.00  0   0 F  0
 Reaction Xsec    17.5+/18 @ 1 =   0.163/, Out:   0.000#


 Total SPIN, PARITY =    17.5 -,      1 chs,      0 cc.  Rmin & Coul turning =    0.8   14.3
   S-matrix    1 =    1.00000   0.00000 for L=   17, J=   17.5 channel on core I =   0.0 from L=   17,  Acc. loss =  0.0 D.
 Elastic phase shift   1 =    0.000   0.000 deg. for the L =   17, J =   17.5 channel.
      17.5  0.99999935  0.00000173i: elastic S-matrix  @@      0.00  0   0 F  0
 Reaction Xsec    17.5-/17 @ 1 =   0.484/, Out:   0.000#

 Finished all CC sets @    4.31100000E-03
0CUMULATIVE REACTION cross section                 =  580.79815  <L> =     3.96  <L**2> =     18.8
0CUMULATIVE outgoing cross sections in partition 1 :    0.00000
0Cumulative ABSORBTION by Imaginary Potentials     =  580.79815  <L> =     3.96  <L**2> =     18.8
   Fusion for specific p        M-states :  580.798149  580.798149
0CUMULATIVE OUTGOING cross section                 =    0.00000
 To convert to S-factors (MeV.mb = keV.b),  multiply by  1.2763E+02


 CROSS SECTIONS FOR OUTGOING p        & O20      in state #   1 with spins & parities 0.5  + &  0.0  +;  0

     3.00 deg.: X-S =   1.2944E+05 mb/sr,
+                                         /R =   8.1363E-01
     4.00 deg.: X-S =   3.6938E+04 mb/sr,
+                                         /R =   7.3356E-01
     5.00 deg.: X-S =   1.4148E+04 mb/sr,
+                                         /R =   6.8564E-01
     6.00 deg.: X-S =  6917.958946 mb/sr,
+                                         /R =   6.9482E-01
     7.00 deg.: X-S =  4222.069678 mb/sr,
+                                         /R =   7.8509E-01
     8.00 deg.: X-S =  3085.286881 mb/sr,
+                                         /R =   9.7797E-01
     9.00 deg.: X-S =  2544.853553 mb/sr,
+                                         /R =   1.2910E+00
    10.00 deg.: X-S =  2247.830189 mb/sr,
+                                         /R =   1.7364E+00
    11.00 deg.: X-S =  2053.265559 mb/sr,
+                                         /R =   2.3197E+00
    12.00 deg.: X-S =  1901.729926 mb/sr,
+                                         /R =   3.0393E+00
    13.00 deg.: X-S =  1767.594692 mb/sr,
+                                         /R =   3.8861E+00
    14.00 deg.: X-S =  1640.035365 mb/sr,
+                                         /R =   4.8431E+00
    15.00 deg.: X-S =  1514.945630 mb/sr,
+                                         /R =   5.8868E+00
    16.00 deg.: X-S =  1391.307247 mb/sr,
+                                         /R =   6.9877E+00
    17.00 deg.: X-S =  1269.490282 mb/sr,
+                                         /R =   8.1120E+00
    18.00 deg.: X-S =  1150.431533 mb/sr,
+                                         /R =   9.2232E+00
    19.00 deg.: X-S =  1035.229296 mb/sr,
+                                         /R =   1.0284E+01
    20.00 deg.: X-S =   924.942691 mb/sr,
+                                         /R =   1.1259E+01
    21.00 deg.: X-S =   820.494725 mb/sr,
+                                         /R =   1.2114E+01
    22.00 deg.: X-S =   722.629582 mb/sr,
+                                         /R =   1.2823E+01
    23.00 deg.: X-S =   631.899023 mb/sr,
+                                         /R =   1.3365E+01
    24.00 deg.: X-S =   548.664871 mb/sr,
+                                         /R =   1.3725E+01
    25.00 deg.: X-S =   473.110513 mb/sr,
+                                         /R =   1.3900E+01
    26.00 deg.: X-S =   405.257500 mb/sr,
+                                         /R =   1.3892E+01
    27.00 deg.: X-S =   344.984911 mb/sr,
+                                         /R =   1.3716E+01
    28.00 deg.: X-S =   292.050031 mb/sr,
+                                         /R =   1.3392E+01
    29.00 deg.: X-S =   246.109360 mb/sr,
+                                         /R =   1.2948E+01
    30.00 deg.: X-S =   206.739263 mb/sr,
+                                         /R =   1.2419E+01
    31.00 deg.: X-S =   173.455748 mb/sr,
+                                         /R =   1.1843E+01
    32.00 deg.: X-S =   145.732974 mb/sr,
+                                         /R =   1.1262E+01
    33.00 deg.: X-S =   123.020211 mb/sr,
+                                         /R =   1.0716E+01
    34.00 deg.: X-S =   104.757034 mb/sr,
+                                         /R =   1.0247E+01
    35.00 deg.: X-S =    90.386633 mb/sr,
+                                         /R =   9.8938E+00
    36.00 deg.: X-S =    79.367157 mb/sr,
+                                         /R =   9.6886E+00
    37.00 deg.: X-S =    71.181105 mb/sr,
+                                         /R =   9.6597E+00
    38.00 deg.: X-S =    65.342785 mb/sr,
+                                         /R =   9.8278E+00
    39.00 deg.: X-S =    61.403950 mb/sr,
+                                         /R =   1.0206E+01
    40.00 deg.: X-S =    58.957721 mb/sr,
+                                         /R =   1.0800E+01
    41.00 deg.: X-S =    57.640955 mb/sr,
+                                         /R =   1.1607E+01
    42.00 deg.: X-S =    57.135219 mb/sr,
+                                         /R =   1.2616E+01
    43.00 deg.: X-S =    57.166565 mb/sr,
+                                         /R =   1.3808E+01
    44.00 deg.: X-S =    57.504280 mb/sr,
+                                         /R =   1.5160E+01
    45.00 deg.: X-S =    57.958808 mb/sr,
+                                         /R =   1.6641E+01
    46.00 deg.: X-S =    58.379012 mb/sr,
+                                         /R =   1.8216E+01
    47.00 deg.: X-S =    58.648961 mb/sr,
+                                         /R =   1.9850E+01
    48.00 deg.: X-S =    58.684388 mb/sr,
+                                         /R =   2.1501E+01
    49.00 deg.: X-S =    58.428959 mb/sr,
+                                         /R =   2.3133E+01
    50.00 deg.: X-S =    57.850489 mb/sr,
+                                         /R =   2.4705E+01
    51.00 deg.: X-S =    56.937198 mb/sr,
+                                         /R =   2.6183E+01
    52.00 deg.: X-S =    55.694098 mb/sr,
+                                         /R =   2.7534E+01
    53.00 deg.: X-S =    54.139583 mb/sr,
+                                         /R =   2.8729E+01
    54.00 deg.: X-S =    52.302280 mb/sr,
+                                         /R =   2.9744E+01
    55.00 deg.: X-S =    50.218187 mb/sr,
+                                         /R =   3.0562E+01
    56.00 deg.: X-S =    47.928131 mb/sr,
+                                         /R =   3.1169E+01
    57.00 deg.: X-S =    45.475555 mb/sr,
+                                         /R =   3.1559E+01
    58.00 deg.: X-S =    42.904634 mb/sr,
+                                         /R =   3.1731E+01
    59.00 deg.: X-S =    40.258714 mb/sr,
+                                         /R =   3.1689E+01
    60.00 deg.: X-S =    37.579059 mb/sr,
+                                         /R =   3.1443E+01
    61.00 deg.: X-S =    34.903879 mb/sr,
+                                         /R =   3.1006E+01
    62.00 deg.: X-S =    32.267628 mb/sr,
+                                         /R =   3.0396E+01
    63.00 deg.: X-S =    29.700527 mb/sr,
+                                         /R =   2.9634E+01
    64.00 deg.: X-S =    27.228305 mb/sr,
+                                         /R =   2.8744E+01
    65.00 deg.: X-S =    24.872101 mb/sr,
+                                         /R =   2.7750E+01
    66.00 deg.: X-S =    22.648527 mb/sr,
+                                         /R =   2.6679E+01
    67.00 deg.: X-S =    20.569845 mb/sr,
+                                         /R =   2.5555E+01
    68.00 deg.: X-S =    18.644238 mb/sr,
+                                         /R =   2.4405E+01
    69.00 deg.: X-S =    16.876152 mb/sr,
+                                         /R =   2.3253E+01
    70.00 deg.: X-S =    15.266684 mb/sr,
+                                         /R =   2.2121E+01
    71.00 deg.: X-S =    13.814005 mb/sr,
+                                         /R =   2.1029E+01
    72.00 deg.: X-S =    12.513787 mb/sr,
+                                         /R =   1.9997E+01
    73.00 deg.: X-S =    11.359637 mb/sr,
+                                         /R =   1.9037E+01
    74.00 deg.: X-S =    10.343511 mb/sr,
+                                         /R =   1.8164E+01
    75.00 deg.: X-S =     9.456114 mb/sr,
+                                         /R =   1.7386E+01
    76.00 deg.: X-S =     8.687261 mb/sr,
+                                         /R =   1.6709E+01
    77.00 deg.: X-S =     8.026216 mb/sr,
+                                         /R =   1.6136E+01
    78.00 deg.: X-S =     7.461986 mb/sr,
+                                         /R =   1.5669E+01
    79.00 deg.: X-S =     6.983577 mb/sr,
+                                         /R =   1.5304E+01
    80.00 deg.: X-S =     6.580219 mb/sr,
+                                         /R =   1.5038E+01
    81.00 deg.: X-S =     6.241542 mb/sr,
+                                         /R =   1.4865E+01
    82.00 deg.: X-S =     5.957724 mb/sr,
+                                         /R =   1.4776E+01
    83.00 deg.: X-S =     5.719604 mb/sr,
+                                         /R =   1.4761E+01
    84.00 deg.: X-S =     5.518759 mb/sr,
+                                         /R =   1.4811E+01
    85.00 deg.: X-S =     5.347559 mb/sr,
+                                         /R =   1.4914E+01
    86.00 deg.: X-S =     5.199192 mb/sr,
+                                         /R =   1.5058E+01
    87.00 deg.: X-S =     5.067672 mb/sr,
+                                         /R =   1.5232E+01
    88.00 deg.: X-S =     4.947827 mb/sr,
+                                         /R =   1.5424E+01
    89.00 deg.: X-S =     4.835269 mb/sr,
+                                         /R =   1.5623E+01
    90.00 deg.: X-S =     4.726361 mb/sr,
+                                         /R =   1.5818E+01
    91.00 deg.: X-S =     4.618162 mb/sr,
+                                         /R =   1.6000E+01
    92.00 deg.: X-S =     4.508378 mb/sr,
+                                         /R =   1.6160E+01
    93.00 deg.: X-S =     4.395300 mb/sr,
+                                         /R =   1.6290E+01
    94.00 deg.: X-S =     4.277746 mb/sr,
+                                         /R =   1.6384E+01
    95.00 deg.: X-S =     4.154994 mb/sr,
+                                         /R =   1.6436E+01
    96.00 deg.: X-S =     4.026728 mb/sr,
+                                         /R =   1.6441E+01
    97.00 deg.: X-S =     3.892969 mb/sr,
+                                         /R =   1.6398E+01
    98.00 deg.: X-S =     3.754030 mb/sr,
+                                         /R =   1.6305E+01
    99.00 deg.: X-S =     3.610452 mb/sr,
+                                         /R =   1.6160E+01
   100.00 deg.: X-S =     3.462961 mb/sr,
+                                         /R =   1.5965E+01
   101.00 deg.: X-S =     3.312422 mb/sr,
+                                         /R =   1.5720E+01
   102.00 deg.: X-S =     3.159794 mb/sr,
+                                         /R =   1.5430E+01
   103.00 deg.: X-S =     3.006101 mb/sr,
+                                         /R =   1.5096E+01
   104.00 deg.: X-S =     2.852389 mb/sr,
+                                         /R =   1.4724E+01
   105.00 deg.: X-S =     2.699707 mb/sr,
+                                         /R =   1.4318E+01
   106.00 deg.: X-S =     2.549079 mb/sr,
+                                         /R =   1.3883E+01
   107.00 deg.: X-S =     2.401481 mb/sr,
+                                         /R =   1.3424E+01
   108.00 deg.: X-S =     2.257828 mb/sr,
+                                         /R =   1.2948E+01
   109.00 deg.: X-S =     2.118958 mb/sr,
+                                         /R =   1.2461E+01
   110.00 deg.: X-S =     1.985619 mb/sr,
+                                         /R =   1.1969E+01
   111.00 deg.: X-S =     1.858463 mb/sr,
+                                         /R =   1.1477E+01
   112.00 deg.: X-S =     1.738041 mb/sr,
+                                         /R =   1.0991E+01
   113.00 deg.: X-S =     1.624794 mb/sr,
+                                         /R =   1.0518E+01
   114.00 deg.: X-S =     1.519060 mb/sr,
+                                         /R =   1.0061E+01
   115.00 deg.: X-S =     1.421064 mb/sr,
+                                         /R =   9.6255E+00
   116.00 deg.: X-S =     1.330928 mb/sr,
+                                         /R =   9.2157E+00
   117.00 deg.: X-S =     1.248671 mb/sr,
+                                         /R =   8.8349E+00
   118.00 deg.: X-S =     1.174214 mb/sr,
+                                         /R =   8.4860E+00
   119.00 deg.: X-S =     1.107384 mb/sr,
+                                         /R =   8.1709E+00
   120.00 deg.: X-S =     1.047927 mb/sr,
+                                         /R =   7.8912E+00
   121.00 deg.: X-S =     0.995509 mb/sr,
+                                         /R =   7.6476E+00
   122.00 deg.: X-S =     0.949731 mb/sr,
+                                         /R =   7.4399E+00
   123.00 deg.: X-S =     0.910134 mb/sr,
+                                         /R =   7.2676E+00
   124.00 deg.: X-S =     0.876211 mb/sr,
+                                         /R =   7.1292E+00
   125.00 deg.: X-S =     0.847420 mb/sr,
+                                         /R =   7.0227E+00
   126.00 deg.: X-S =     0.823191 mb/sr,
+                                         /R =   6.9457E+00
   127.00 deg.: X-S =     0.802941 mb/sr,
+                                         /R =   6.8951E+00
   128.00 deg.: X-S =     0.786081 mb/sr,
+                                         /R =   6.8675E+00
   129.00 deg.: X-S =     0.772032 mb/sr,
+                                         /R =   6.8593E+00
   130.00 deg.: X-S =     0.760230 mb/sr,
+                                         /R =   6.8666E+00
   131.00 deg.: X-S =     0.750140 mb/sr,
+                                         /R =   6.8853E+00
   132.00 deg.: X-S =     0.741265 mb/sr,
+                                         /R =   6.9117E+00
   133.00 deg.: X-S =     0.733152 mb/sr,
+                                         /R =   6.9419E+00
   134.00 deg.: X-S =     0.725402 mb/sr,
+                                         /R =   6.9723E+00
   135.00 deg.: X-S =     0.717676 mb/sr,
+                                         /R =   6.9997E+00
   136.00 deg.: X-S =     0.709698 mb/sr,
+                                         /R =   7.0215E+00
   137.00 deg.: X-S =     0.701261 mb/sr,
+                                         /R =   7.0353E+00
   138.00 deg.: X-S =     0.692227 mb/sr,
+                                         /R =   7.0396E+00
   139.00 deg.: X-S =     0.682533 mb/sr,
+                                         /R =   7.0334E+00
   140.00 deg.: X-S =     0.672182 mb/sr,
+                                         /R =   7.0165E+00
   141.00 deg.: X-S =     0.661248 mb/sr,
+                                         /R =   6.9894E+00
   142.00 deg.: X-S =     0.649867 mb/sr,
+                                         /R =   6.9534E+00
   143.00 deg.: X-S =     0.638238 mb/sr,
+                                         /R =   6.9104E+00
   144.00 deg.: X-S =     0.626609 mb/sr,
+                                         /R =   6.8630E+00
   145.00 deg.: X-S =     0.615276 mb/sr,
+                                         /R =   6.8146E+00
   146.00 deg.: X-S =     0.604571 mb/sr,
+                                         /R =   6.7690E+00
   147.00 deg.: X-S =     0.594853 mb/sr,
+                                         /R =   6.7305E+00
   148.00 deg.: X-S =     0.586498 mb/sr,
+                                         /R =   6.7039E+00
   149.00 deg.: X-S =     0.579889 mb/sr,
+                                         /R =   6.6939E+00
   150.00 deg.: X-S =     0.575405 mb/sr,
+                                         /R =   6.7056E+00
   151.00 deg.: X-S =     0.573409 mb/sr,
+                                         /R =   6.7441E+00
   152.00 deg.: X-S =     0.574239 mb/sr,
+                                         /R =   6.8140E+00
   153.00 deg.: X-S =     0.578198 mb/sr,
+                                         /R =   6.9198E+00
   154.00 deg.: X-S =     0.585544 mb/sr,
+                                         /R =   7.0656E+00
   155.00 deg.: X-S =     0.596481 mb/sr,
+                                         /R =   7.2546E+00
   156.00 deg.: X-S =     0.611152 mb/sr,
+                                         /R =   7.4896E+00
   157.00 deg.: X-S =     0.629634 mb/sr,
+                                         /R =   7.7723E+00
   158.00 deg.: X-S =     0.651934 mb/sr,
+                                         /R =   8.1037E+00
   159.00 deg.: X-S =     0.677983 mb/sr,
+                                         /R =   8.4835E+00
   160.00 deg.: X-S =     0.707635 mb/sr,
+                                         /R =   8.9106E+00
   161.00 deg.: X-S =     0.740672 mb/sr,
+                                         /R =   9.3827E+00
   162.00 deg.: X-S =     0.776800 mb/sr,
+                                         /R =   9.8965E+00
   163.00 deg.: X-S =     0.815654 mb/sr,
+                                         /R =   1.0447E+01
   164.00 deg.: X-S =     0.856806 mb/sr,
+                                         /R =   1.1030E+01
   165.00 deg.: X-S =     0.899770 mb/sr,
+                                         /R =   1.1639E+01
   166.00 deg.: X-S =     0.944007 mb/sr,
+                                         /R =   1.2265E+01
   167.00 deg.: X-S =     0.988939 mb/sr,
+                                         /R =   1.2902E+01
   168.00 deg.: X-S =     1.033957 mb/sr,
+                                         /R =   1.3541E+01
   169.00 deg.: X-S =     1.078431 mb/sr,
+                                         /R =   1.4173E+01
   170.00 deg.: X-S =     1.121724 mb/sr,
+                                         /R =   1.4790E+01
   171.00 deg.: X-S =     1.163202 mb/sr,
+                                         /R =   1.5381E+01
   172.00 deg.: X-S =     1.202247 mb/sr,
+                                         /R =   1.5939E+01
   173.00 deg.: X-S =     1.238268 mb/sr,
+                                         /R =   1.6454E+01
   174.00 deg.: X-S =     1.270714 mb/sr,
+                                         /R =   1.6918E+01
   175.00 deg.: X-S =     1.299082 mb/sr,
+                                         /R =   1.7325E+01
   176.00 deg.: X-S =     1.322928 mb/sr,
+                                         /R =   1.7667E+01
   177.00 deg.: X-S =     1.341879 mb/sr,
+                                         /R =   1.7939E+01
   178.00 deg.: X-S =     1.355635 mb/sr,
+                                         /R =   1.8137E+01
   179.00 deg.: X-S =     1.363977 mb/sr,
+                                         /R =   1.8257E+01
   179.99 deg.: X-S =     1.366772 mb/sr,
+                                         /R =   1.8297E+01
                                           Integrated 2251.2644 mb, over [   3.000, 180.000] at    35.0000 MeV 
 Finished all xsecs @    5.33900037E-03

  The following files have been created:
   3:local copy of User input.            6:standard output.                   
   7:elastic  S-matrix elements.         13:total cross sections/state.        
  16:tables of cross sections.           38:cross sections for each J/pi.      
  39:cross sections for each Ecm.        40:all cross sectns. for each Elab.   
  45:scat phase shift as E functions.    56:Fusion for each Jtotal.            
 201:Separate cross sections.           

 PARAMETERS : MAXQRN   MFNL   MLOC  LMAX1 MCLIST
    ALLOWED :      1      1      4     70      6
    REQUIRED:      0      0      4     19      4


 ACCURACY ANALYSIS at    35.000 MeV :

  Elastic h*k = 0.037 so OK       compared with 0.200

   Real(S-el) > 0.01 first at J =       0.5
   Real(S-el) > 0.10 first at J =       0.5
   Real(S-el) > 0.50 first at J =       4.5
   Real(S-el) > 0.90 first at J =       6.5
   Real(S-el) > 0.99 first at J =       8.5
   R-turn =    14.32 fm    at J =      17.5

 Forward-angle excitation cut off below   1.361 deg by max JT =      17.5
                              and below   0.330 deg by max R.

