 FRESCO - FRES 3.4: Coupled Reaction Channels
 Assuming NAMELIST input.

 p+O20 2nd ex with BG ;                                                          

   0.030  60.000   0.500   0.000   0.000   0.000   0.000   0.000   0.000   0.000

 Centre-of-mass Range is   2002 * 0.0300 fm., Maximum at  60.00 fm., Interpolating NL forms every  0.51 fm.
 Non - locality width is      4 * 0.0300 fm., Maximum of   0.09 fm., Centred at  0.00 fm.
 2-Nucleon Separation of      0 * 0.5100 fm., Maximum of   0.00 fm., Minimum at  0.00 fm.
 Maximum single particle bins of 59.6700 fm.
               M,Mint =         2001        1990


 Range of total J is     0.0 <= J <=    50.0 (at least     0.0) and Absorbtion =>    -1.0000 mb.
 Dry Run = F, CC set limits =  0  0, Relativistic kinematics =  , Both/Far/Near Analyses =  1                     

 Cross Sections (and up to T0 for 0=projectile) for Theta from   0.0 to-180.0 in steps of  1.0 degrees, DGAM=0,  Coordinates = 0 (Mads)

 Lower Radial Cutoff = maximum of -1.60*L*h &       0.0 fm.,  Lower Cutoff for Couplings =   0.0  fm.


 Iterate Couplings between   0 and   1 times, to  0.000 % if sooner.                                          
  Block solved exactly =   2 chs., with Pade = 0 & Isocen =  =0, NOSOL = F, initwf =  0
  NL quadrature with   18 Gaussian points, Calculate multipoles up to    56 from   0
  M-transfers for lp+lt greater than or equal to  6, Angular Integration Cutoff below  2.7778 %


 Trace switches are :  CHANS =  1, LISTCC =  0, TRENEG =  0, CDETR =  0, SMATS =  2, XSTABL =  1, NLPL =  0

                       WAVES =  0, LAMPL =  0, VEFF =  0, KFUS =  0, WDISK =  0, BPM =  0, MELFIL =  0

                       CDCC =  0, NFUS =  0

 Using unit mass = 1.000000 amu and 1/fine-structure constant = 137.03599 ( 1.000000 * true ) with hc = 197.32705 MeV.fm,
  thus 2*amu/hbar^2 = 0.0478450 = 1/20.9008 and Coulomb constant = 0.1574855 so e^2 = 1.43997, and nuclear magneton= 0.1261183

 Now pre-scan input and save to file 3



 *********** PARTITION NUMBER  1 ******************************************************************************************

   PROJ=p          MASS=  1.0073 Z=   1.0,        # STATES=    2T, TARG=O20      MASS= 19.9997 Z=   8.0,     Q-VALUE =  -0.0000 MEV.

     1:  J= 0.5+ (B# 1), E=  0.0000, K= 0.5              Potl#  1       J= 0.0+ (B# 1), E=  0.0000, K= 0.0    

     2:  J= 0.5+ (B# 1), E=  0.0000, K= 0.5              Potl#  1       J= 2.0+ (B# 1), E=  4.1000, K= 0.0    
                                  (Just State  1)


 ************************************************************************************************************************************

 The following POTENTIALS are defined :

  KP#       TYPE      IT    SHAPE      at     V1        r1        a1        V2        r2        a2        A-in     A-used


                                            A#1       A#2        r0c       ac                                                h @ 1
    1    0=Coulomb       0=CHARGE (WS)  1    20.000     0.000    1.3000    0.0000    0.0000    0.0000     0.000    20.000   0.03000

                                           Mn(E1)    Mn(E2)    Mn(E3)  .....
    1   11=Target defm  10=derivatives  2    0.0000    5.3000    0.0000    0.0000    0.0000    0.0000     0.000     3.529= RADIUS

              At    2 is k =  2 (Potl. beta = 0.22286)
                                     Beta of targ. = 0.22286 (using radius of 3.529 fm.).

    1    1=Volume        0=Woods-Saxon  3   48.7789    1.1700    0.7500    0.0000    0.0000    0.0000     0.000    20.000

                                            Def1      Def2      Def3   .....
    1   11=Target defm  10=derivatives  4    0.0000    1.1751    0.0000    0.0000    0.0000    0.0000     0.000     3.176= RADIUS

              At    4 is k =  2 (Potl. beta = 0.37000)
                                     Beta of targ. = 0.37000 (using radius of 3.176 fm.).

    1    1=Volume        0=Woods-Saxon  5    0.0000    0.0000    0.0000    5.0000    1.3200    0.6500     0.000    20.000

                                            Def1      Def2      Def3   .....
    1   11=Target defm  10=derivatives  6    0.0000    1.3257    0.0000    0.0000    0.0000    0.0000     0.000     3.583= RADIUS

              At    6 is k =  2 (Potl. beta = 0.37000)
                                     Beta of targ. = 0.37000 (using radius of 3.583 fm.).

    1    2=Surface       0=Woods-Saxon  7    0.0000    0.0000    0.0000    5.4500    1.3200    0.6500     0.000    20.000

                                            Def1      Def2      Def3   .....
    1   11=Target defm  10=derivatives  8    0.0000    1.3257    0.0000    0.0000    0.0000    0.0000     0.000     3.583= RADIUS

              At    8 is k =  2 (Potl. beta = 0.37000)
                                     Beta of targ. = 0.37000 (using radius of 3.583 fm.).

    1    3=Projtl S.O.   0=Woods-Saxon  9    3.1000    1.0100    0.7500    0.0000    0.0000    0.0000     0.000    20.000

 Incoming partition  1 in excitation state # 1,   Laboratory Energy given for partition  1 Nucleus 1 in Excitation pair 1

0Lab. ENERGY ranges :

   from    35.0000     to   0.00000     in     0 intervals
   from    0.00000     to   0.00000     in     0 intervals
   from    0.00000     to   0.00000     in     0 intervals

 Largest real,imaginary parts of any form factor at R=   59.52 are   2.42E-02  5.84E-32 MeV
 Finished all Couplings @    8.56999890E-04           9

 Symmetric Hamiltonian
1***********************************************************************************************************************************
************************************************************************************************************************************

        INCOMING p        ;    LABORATORY p        ENERGY =   35.000     MeV.

 ***********************************************************************************************************************************
 ***********************************************************************************************************************************

 Allocate arrays for            3  channels, of which            3  need wfs.

 ######################################################################################################################
 #                                                                                                                    #
 # Total SPIN and PARITY =     0.5 +,      3 channels,    3 in 1st block.  Rmin & Coul turning =    0.0    0.3 fm.  #
 #                                                                                                                    #
 ######################################################################################################################



    C Projectl Target   #   EX.   (L  Proj) J  + Targ = Jtotal     E-cm      Re K     Re Eta     RM*K            CH
    1 p        O20      #    1: I   0 0.5    0.5  0.0     0.5    33.32176   1.23648   0.21373   74.1887   0.33920  -0.36833 1 1 1   1
    2 p        O20      #    2:     2 0.5    1.5  2.0     0.5    29.22176   1.15791   0.22823   69.4748  -0.24538  -0.43678 1 1 1   2
    3 p        O20      #    2:     2 0.5    2.5  2.0     0.5    29.22176   1.15791   0.22823   69.4748  -0.24538  -0.43678 1 1 1   2
   S-matrix    1 =    0.24707  -0.27733 for L=    0, J=    0.5 channel on core I =   0.0 from L=    0,  Acc. loss =  0.0 D.
 Elastic phase shift   1 =  -24.151  28.373 deg. for the L =    0, J =    0.5 channel.
       0.5  0.24706806 -0.27732868i: elastic S-matrix  @@      0.00  0   0 F  0
 Reaction Xsec     0.5+/ 0 @ 1 =  17.714 , Out:   0.000#   0.544   17.169f


 Total SPIN, PARITY =     0.5 -,      3 chs,      3 cc.  Rmin & Coul turning =    0.0    0.3
   S-matrix    1 =    0.01278  -0.35028 for L=    1, J=    0.5 channel on core I =   0.0 from L=    1,  Acc. loss =  0.0 D.
 Elastic phase shift   1 =  -43.955  30.033 deg. for the L =    1, J =    0.5 channel.
       0.5  0.01278354 -0.35027973i: elastic S-matrix  @@      0.00  0   0 F  0
 Reaction Xsec     0.5-/ 1 @ 1 =  18.024 , Out:   0.000#   0.448   17.575f

 Allocate arrays for            5  channels, of which            5  need wfs.

 Total SPIN, PARITY =     1.5 +,      5 chs,      5 cc.  Rmin & Coul turning =    0.0    1.3
   S-matrix    1 =   -0.24195  -0.26964 for L=    2, J=    1.5 channel on core I =   0.0 from L=    2,  Acc. loss =  0.0 D.
 Elastic phase shift   1 =  -65.951  29.087 deg. for the L =    2, J =    1.5 channel.
       1.5 -0.24195194 -0.26964402i: elastic S-matrix  @@      0.00  0   0 F  0
 Reaction Xsec     1.5+/ 2 @ 1 =  35.703 , Out:   0.000#   0.959   34.744f


 Total SPIN, PARITY =     1.5 -,      5 chs,      5 cc.  Rmin & Coul turning =    0.0    1.3
   S-matrix    1 =    0.09908  -0.34829 for L=    1, J=    1.5 channel on core I =   0.0 from L=    1,  Acc. loss =  0.0 D.
 Elastic phase shift   1 =  -37.060  29.101 deg. for the L =    1, J =    1.5 channel.
       1.5  0.09908264 -0.34829196i: elastic S-matrix  @@      0.00  0   0 F  0
 Reaction Xsec     1.5-/ 1 @ 1 =  35.708 , Out:   0.000#   0.821   34.887f

 Allocate arrays for            6  channels, of which            6  need wfs.

 Total SPIN, PARITY =     2.5 +,      6 chs,      6 cc.  Rmin & Coul turning =    0.1    2.2
   S-matrix    1 =   -0.11688  -0.34249 for L=    2, J=    2.5 channel on core I =   0.0 from L=    2,  Acc. loss =  0.0 D.
 Elastic phase shift   1 =  -54.421  29.119 deg. for the L =    2, J =    2.5 channel.
       2.5 -0.11687858 -0.34248853i: elastic S-matrix  @@      0.01  0   0 F  0
 Reaction Xsec     2.5+/ 2 @ 1 =  53.572 , Out:   0.000#   1.374   52.198f


 Total SPIN, PARITY =     2.5 -,      6 chs,      6 cc.  Rmin & Coul turning =    0.1    2.2
   S-matrix    1 =   -0.33754  -0.06560 for L=    3, J=    2.5 channel on core I =   0.0 from L=    3,  Acc. loss =  0.0 D.
 Elastic phase shift   1 =  -84.501  30.583 deg. for the L =    3, J =    2.5 channel.
       2.5 -0.33754029 -0.06559557i: elastic S-matrix  @@      0.01  0   0 F  0
 Reaction Xsec     2.5-/ 3 @ 1 =  54.356 , Out:   0.000#   1.009   53.348f


 Total SPIN, PARITY =     3.5 +,      6 chs,      6 cc.  Rmin & Coul turning =    0.1    3.0
   S-matrix    1 =   -0.04672   0.19884 for L=    4, J=    3.5 channel on core I =   0.0 from L=    4,  Acc. loss =  0.0 D.
 Elastic phase shift   1 =   51.611  45.504 deg. for the L =    4, J =    3.5 channel.
       3.5 -0.04671715  0.19883815i: elastic S-matrix  @@      0.01  0   0 F  0
 Reaction Xsec     3.5+/ 4 @ 1 =  78.764 , Out:   0.000#   2.142   76.622f


 Total SPIN, PARITY =     3.5 -,      6 chs,      6 cc.  Rmin & Coul turning =    0.1    3.0
   S-matrix    1 =   -0.29453  -0.24392 for L=    3, J=    3.5 channel on core I =   0.0 from L=    3,  Acc. loss =  0.0 D.
 Elastic phase shift   1 =  -70.185  27.537 deg. for the L =    3, J =    3.5 channel.
       3.5 -0.29453002 -0.24392193i: elastic S-matrix  @@      0.01  0   0 F  0
 Reaction Xsec     3.5-/ 3 @ 1 =  70.173 , Out:   0.000#   1.174   68.999f


 Total SPIN, PARITY =     4.5 +,      6 chs,      6 cc.  Rmin & Coul turning =    0.2    3.8
   S-matrix    1 =   -0.18611   0.06948 for L=    4, J=    4.5 channel on core I =   0.0 from L=    4,  Acc. loss =  0.0 D.
 Elastic phase shift   1 =   79.764  46.300 deg. for the L =    4, J =    4.5 channel.
       4.5 -0.18611331  0.06948275i: elastic S-matrix  @@      0.01  0   0 F  0
 Reaction Xsec     4.5+/ 4 @ 1 =  98.687 , Out:   0.000#   2.398   96.289f


 Total SPIN, PARITY =     4.5 -,      6 chs,      6 cc.  Rmin & Coul turning =    0.2    3.8
   S-matrix    1 =    0.45206   0.28570 for L=    5, J=    4.5 channel on core I =   0.0 from L=    5,  Acc. loss =  0.0 D.
 Elastic phase shift   1 =   16.146  17.931 deg. for the L =    5, J =    4.5 channel.
       4.5  0.45206140  0.28570299i: elastic S-matrix  @@      0.01  0   0 F  0
 Reaction Xsec     4.5-/ 5 @ 1 =  73.359 , Out:   0.000#   1.820   71.539f


 Total SPIN, PARITY =     5.5 +,      6 chs,      6 cc.  Rmin & Coul turning =    0.2    4.6
   S-matrix    1 =    0.79631   0.18277 for L=    6, J=    5.5 channel on core I =   0.0 from L=    6,  Acc. loss =  0.0 D.
 Elastic phase shift   1 =    6.463   5.790 deg. for the L =    6, J =    5.5 channel.
       5.5  0.79631244  0.18277061i: elastic S-matrix  @@      0.01  0   0 F  0
 Reaction Xsec     5.5+/ 6 @ 1 =  40.992 , Out:   0.000#   1.111   39.880f


 Total SPIN, PARITY =     5.5 -,      6 chs,      6 cc.  Rmin & Coul turning =    0.2    4.6
   S-matrix    1 =    0.31240   0.32318 for L=    5, J=    5.5 channel on core I =   0.0 from L=    5,  Acc. loss =  0.0 D.
 Elastic phase shift   1 =   22.986  22.908 deg. for the L =    5, J =    5.5 channel.
       5.5  0.31239737  0.32317946i: elastic S-matrix  @@      0.01  0   0 F  0
 Reaction Xsec     5.5-/ 5 @ 1 =  98.381 , Out:   0.000#   2.382   95.999f


 Total SPIN, PARITY =     6.5 +,      6 chs,      6 cc.  Rmin & Coul turning =    0.3    5.4
   S-matrix    1 =    0.75703   0.24042 for L=    6, J=    6.5 channel on core I =   0.0 from L=    6,  Acc. loss =  0.0 D.
 Elastic phase shift   1 =    8.810   6.598 deg. for the L =    6, J =    6.5 channel.
       6.5  0.75703217  0.24042392i: elastic S-matrix  @@      0.00  0   0 F  0
 Reaction Xsec     6.5+/ 6 @ 1 =  53.090 , Out:   0.000#   1.302   51.789f


 Total SPIN, PARITY =     6.5 -,      6 chs,      6 cc.  Rmin & Coul turning =    0.3    5.4
   S-matrix    1 =    0.93348   0.08334 for L=    7, J=    6.5 channel on core I =   0.0 from L=    7,  Acc. loss =  0.1 D.
 Elastic phase shift   1 =    2.551   1.858 deg. for the L =    7, J =    6.5 channel.
       6.5  0.93348087  0.08333891i: elastic S-matrix  @@      0.00  0   0 F  0
 Reaction Xsec     6.5-/ 7 @ 1 =  17.501 , Out:   0.000#   0.423   17.078f


 Total SPIN, PARITY =     7.5 +,      6 chs,      6 cc.  Rmin & Coul turning =    0.3    6.2
   S-matrix    1 =    0.97902   0.03354 for L=    8, J=    7.5 channel on core I =   0.0 from L=    8,  Acc. loss =  0.0 D.
 Elastic phase shift   1 =    0.981   0.591 deg. for the L =    8, J =    7.5 channel.
       7.5  0.97902096  0.03354103i: elastic S-matrix  @@      0.00  0   0 F  0
 Reaction Xsec     7.5+/ 8 @ 1 =   6.640 , Out:   0.000#   0.081    6.559f


 Total SPIN, PARITY =     7.5 -,      6 chs,      6 cc.  Rmin & Coul turning =    0.3    6.2
   S-matrix    1 =    0.92674   0.10944 for L=    7, J=    7.5 channel on core I =   0.0 from L=    7,  Acc. loss =  0.1 D.
 Elastic phase shift   1 =    3.367   1.981 deg. for the L =    7, J =    7.5 channel.
       7.5  0.92673736  0.10943690i: elastic S-matrix  @@      0.00  0   0 F  0
 Reaction Xsec     7.5-/ 7 @ 1 =  21.236 , Out:   0.000#   0.531   20.705f


 Total SPIN, PARITY =     8.5 +,      6 chs,      6 cc.  Rmin & Coul turning =    0.4    7.0
   S-matrix    1 =    0.97799   0.04353 for L=    8, J=    8.5 channel on core I =   0.0 from L=    8,  Acc. loss =  0.0 D.
 Elastic phase shift   1 =    1.274   0.609 deg. for the L =    8, J =    8.5 channel.
       8.5  0.97798658  0.04353456i: elastic S-matrix  @@      0.00  0   0 F  0
 Reaction Xsec     8.5+/ 8 @ 1 =   7.702 , Out:   0.000#   0.099    7.603f


 Total SPIN, PARITY =     8.5 -,      6 chs,      6 cc.  Rmin & Coul turning =    0.4    7.0
   S-matrix    1 =    0.99339   0.01281 for L=    9, J=    8.5 channel on core I =   0.0 from L=    9,  Acc. loss =  0.0 D.
 Elastic phase shift   1 =    0.369   0.188 deg. for the L =    9, J =    8.5 channel.
       8.5  0.99339377  0.01281202i: elastic S-matrix  @@      0.00  0   0 F  0
 Reaction Xsec     8.5-/ 9 @ 1 =   2.405 , Out:   0.000#   0.010    2.395f


 Total SPIN, PARITY =     9.5 +,      6 chs,      6 cc.  Rmin & Coul turning =    0.4    7.8
   S-matrix    1 =    0.99790   0.00480 for L=   10, J=    9.5 channel on core I =   0.0 from L=   10,  Acc. loss =  0.0 D.
 Elastic phase shift   1 =    0.138   0.060 deg. for the L =   10, J =    9.5 channel.
       9.5  0.99790367  0.00479699i: elastic S-matrix  @@      0.00  0   0 F  0
 Reaction Xsec     9.5+/10 @ 1 =   0.856 , Out:   0.000#   0.802/   0.855f


 Total SPIN, PARITY =     9.5 -,      6 chs,      6 cc.  Rmin & Coul turning =    0.4    7.8
   S-matrix    1 =    0.99325   0.01653 for L=    9, J=    9.5 channel on core I =   0.0 from L=    9,  Acc. loss =  0.0 D.
 Elastic phase shift   1 =    0.477   0.190 deg. for the L =    9, J =    9.5 channel.
       9.5  0.99324519  0.01652898i: elastic S-matrix  @@      0.00  0   0 F  0
 Reaction Xsec     9.5-/ 9 @ 1 =   2.710 , Out:   0.000#   0.012    2.699f


 Total SPIN, PARITY =    10.5 +,      6 chs,      6 cc.  Rmin & Coul turning =    0.5    8.7
   S-matrix    1 =    0.99788   0.00618 for L=   10, J=   10.5 channel on core I =   0.0 from L=   10,  Acc. loss =  0.0 D.
 Elastic phase shift   1 =    0.177   0.060 deg. for the L =   10, J =   10.5 channel.
      10.5  0.99788269  0.00617638i: elastic S-matrix  @@      0.00  0   0 F  0
 Reaction Xsec    10.5+/10 @ 1 =   0.948 , Out:   0.000#   0.908/   0.947f


 Total SPIN, PARITY =    10.5 -,      6 chs,      6 cc.  Rmin & Coul turning =    0.5    8.7
   S-matrix    1 =    0.99933   0.00178 for L=   11, J=   10.5 channel on core I =   0.0 from L=   11,  Acc. loss =  0.0 D.
 Elastic phase shift   1 =    0.051   0.019 deg. for the L =   11, J =   10.5 channel.
      10.5  0.99933124  0.00178175i: elastic S-matrix  @@      0.00  0   0 F  0
 Reaction Xsec    10.5-/11 @ 1 =   0.302 , Out:   0.000#   0.115/   0.301f


 Total SPIN, PARITY =    11.5 +,      6 chs,      6 cc.  Rmin & Coul turning =    0.5    9.5
   S-matrix    1 =    0.99979   0.00066 for L=   12, J=   11.5 channel on core I =   0.0 from L=   12,  Acc. loss =  0.0 D.
 Elastic phase shift   1 =    0.019   0.006 deg. for the L =   12, J =   11.5 channel.
      11.5  0.99978609  0.00065914i: elastic S-matrix  @@      0.00  0   0 F  0
 Reaction Xsec    11.5+/12 @ 1 =   0.105 , Out:   0.000#   0.197/   0.105f


 Total SPIN, PARITY =    11.5 -,      6 chs,      6 cc.  Rmin & Coul turning =    0.5    9.5
   S-matrix    1 =    0.99933   0.00229 for L=   11, J=   11.5 channel on core I =   0.0 from L=   11,  Acc. loss =  0.0 D.
 Elastic phase shift   1 =    0.066   0.019 deg. for the L =   11, J =   11.5 channel.
      11.5  0.99932829  0.00229387i: elastic S-matrix  @@      0.00  0   0 F  0
 Reaction Xsec    11.5-/11 @ 1 =   0.330 , Out:   0.000#   0.126/   0.330f


 Total SPIN, PARITY =    12.5 +,      6 chs,      6 cc.  Rmin & Coul turning =    0.6   10.3
   S-matrix    1 =    0.99979   0.00085 for L=   12, J=   12.5 channel on core I =   0.0 from L=   12,  Acc. loss =  0.0 D.
 Elastic phase shift   1 =    0.024   0.006 deg. for the L =   12, J =   12.5 channel.
      12.5  0.99978567  0.00084909i: elastic S-matrix  @@      0.00  0   0 F  0
 Reaction Xsec    12.5+/12 @ 1 =   0.114 , Out:   0.000#   0.213/   0.114f


 Total SPIN, PARITY =    12.5 -,      6 chs,      6 cc.  Rmin & Coul turning =    0.6   10.3
   S-matrix    1 =    0.99993   0.00024 for L=   13, J=   12.5 channel on core I =   0.0 from L=   13,  Acc. loss =  0.0 D.
 Elastic phase shift   1 =    0.007   0.002 deg. for the L =   13, J =   12.5 channel.
      12.5  0.99993141  0.00024321i: elastic S-matrix  @@      0.00  0   0 F  0
 Reaction Xsec    12.5-/13 @ 1 =   0.037 , Out:   0.000#   0.235/   0.036f


 Total SPIN, PARITY =    13.5 +,      6 chs,      6 cc.  Rmin & Coul turning =    0.6   11.1
   S-matrix    1 =    0.99998   0.00009 for L=   14, J=   13.5 channel on core I =   0.0 from L=   14,  Acc. loss =  0.0 D.
 Elastic phase shift   1 =    0.003   0.001 deg. for the L =   14, J =   13.5 channel.
      13.5  0.99997789  0.00008958i: elastic S-matrix  @@      0.00  0   0 F  0
 Reaction Xsec    13.5+/14 @ 1 =   0.013 , Out:   0.000#   0.222/   0.012f


 Total SPIN, PARITY =    13.5 -,      6 chs,      6 cc.  Rmin & Coul turning =    0.6   11.1
   S-matrix    1 =    0.99993   0.00031 for L=   13, J=   13.5 channel on core I =   0.0 from L=   13,  Acc. loss =  0.0 D.
 Elastic phase shift   1 =    0.009   0.002 deg. for the L =   13, J =   13.5 channel.
      13.5  0.99993136  0.00031354i: elastic S-matrix  @@      0.00  0   0 F  0
 Reaction Xsec    13.5-/13 @ 1 =   0.039 , Out:   0.000#   0.253/   0.039f


 Total SPIN, PARITY =    14.5 +,      6 chs,      6 cc.  Rmin & Coul turning =    0.7   11.9
   S-matrix    1 =    0.99998   0.00012 for L=   14, J=   14.5 channel on core I =   0.0 from L=   14,  Acc. loss =  0.0 D.
 Elastic phase shift   1 =    0.003   0.001 deg. for the L =   14, J =   14.5 channel.
      14.5  0.99997788  0.00011556i: elastic S-matrix  @@      0.00  0   0 F  0
 Reaction Xsec    14.5+/14 @ 1 =   0.014 , Out:   0.000#   0.238/   0.013f


 Total SPIN, PARITY =    14.5 -,      6 chs,      6 cc.  Rmin & Coul turning =    0.7   11.9
   S-matrix    1 =    0.99999   0.00003 for L=   15, J=   14.5 channel on core I =   0.0 from L=   15,  Acc. loss =  0.0 D.
 Elastic phase shift   1 =    0.001   0.000 deg. for the L =   15, J =   14.5 channel.
      14.5  0.99999277  0.00003297i: elastic S-matrix  @@      0.00  0   0 F  0
 Reaction Xsec    14.5-/15 @ 1 =   4.454/, Out:   0.000#   0.193/   0.004f


 Total SPIN, PARITY =    15.5 +,      6 chs,      6 cc.  Rmin & Coul turning =    0.7   12.7
   S-matrix    1 =    1.00000   0.00001 for L=   16, J=   15.5 channel on core I =   0.0 from L=   16,  Acc. loss =  0.0 D.
 Elastic phase shift   1 =    0.000   0.000 deg. for the L =   16, J =   15.5 channel.
      15.5  0.99999755  0.00001215i: elastic S-matrix  @@      0.00  0   0 F  0
 Reaction Xsec    15.5+/16 @ 1 =   1.608/, Out:   0.000#   0.164/   0.001f


 Total SPIN, PARITY =    15.5 -,      6 chs,      6 cc.  Rmin & Coul turning =    0.7   12.7
   S-matrix    1 =    0.99999   0.00004 for L=   15, J=   15.5 channel on core I =   0.0 from L=   15,  Acc. loss =  0.0 D.
 Elastic phase shift   1 =    0.001   0.000 deg. for the L =   15, J =   15.5 channel.
      15.5  0.99999277  0.00004255i: elastic S-matrix  @@      0.00  0   0 F  0
 Reaction Xsec    15.5-/15 @ 1 =   4.752/, Out:   0.000#   0.206/   0.005f


 Total SPIN, PARITY =    16.5 +,      6 chs,      6 cc.  Rmin & Coul turning =    0.8   13.5
   S-matrix    1 =    1.00000   0.00002 for L=   16, J=   16.5 channel on core I =   0.0 from L=   16,  Acc. loss =  0.0 D.
 Elastic phase shift   1 =    0.000   0.000 deg. for the L =   16, J =   16.5 channel.
      16.5  0.99999755  0.00001567i: elastic S-matrix  @@      0.00  0   0 F  0
 Reaction Xsec    16.5+/16 @ 1 =   1.708/, Out:   0.000#   0.174/   0.002f


 Total SPIN, PARITY =    16.5 -,      6 chs,      6 cc.  Rmin & Coul turning =    0.8   13.5
   S-matrix    1 =    1.00000   0.00000 for L=   17, J=   16.5 channel on core I =   0.0 from L=   17,  Acc. loss =  0.0 D.
 Elastic phase shift   1 =    0.000   0.000 deg. for the L =   17, J =   16.5 channel.
      16.5  0.99999911  0.00000450i: elastic S-matrix  @@      0.00  0   0 F  0
 Reaction Xsec    16.5-/17 @ 1 =   0.624/, Out:   0.000#   0.137/   0.000f


 Total SPIN, PARITY =    17.5 +,      6 chs,      6 cc.  Rmin & Coul turning =    0.8   14.3
   S-matrix    1 =    1.00000   0.00000 for L=   18, J=   17.5 channel on core I =   0.0 from L=   18,  Acc. loss =  0.0 D.
 Elastic phase shift   1 =    0.000   0.000 deg. for the L =   18, J =   17.5 channel.
      17.5  0.99999962  0.00000169i: elastic S-matrix  @@      0.00  0   0 F  0
 Reaction Xsec    17.5+/18 @ 1 =   0.278/, Out:   0.000#   0.115/   0.000f


 Total SPIN, PARITY =    17.5 -,      6 chs,      6 cc.  Rmin & Coul turning =    0.8   14.3
   S-matrix    1 =    1.00000   0.00001 for L=   17, J=   17.5 channel on core I =   0.0 from L=   17,  Acc. loss =  0.0 D.
 Elastic phase shift   1 =    0.000   0.000 deg. for the L =   17, J =   17.5 channel.
      17.5  0.99999911  0.00000579i: elastic S-matrix  @@      0.00  0   0 F  0
 Reaction Xsec    17.5-/17 @ 1 =   0.661/, Out:   0.000#   0.145/   0.001f


 Total SPIN, PARITY =    18.5 +,      6 chs,      6 cc.  Rmin & Coul turning =    0.8   15.1
   S-matrix    1 =    1.00000   0.00000 for L=   18, J=   18.5 channel on core I =   0.0 from L=   18,  Acc. loss =  0.0 D.
 Elastic phase shift   1 =    0.000   0.000 deg. for the L =   18, J =   18.5 channel.
      18.5  0.99999962  0.00000216i: elastic S-matrix  @@      0.00  0   0 F  0
 Reaction Xsec    18.5+/18 @ 1 =   0.294/, Out:   0.000#   0.121/   0.000f


 Total SPIN, PARITY =    18.5 -,      6 chs,      6 cc.  Rmin & Coul turning =    0.8   15.1
   S-matrix    1 =    1.00000   0.00000 for L=   19, J=   18.5 channel on core I =   0.0 from L=   19,  Acc. loss =  0.0 D.
 Elastic phase shift   1 =    0.000   0.000 deg. for the L =   19, J =   18.5 channel.
      18.5  0.99999981  0.00000065i: elastic S-matrix  @@      0.00  0   0 F  0
 Reaction Xsec    18.5-/19 @ 1 =   0.151/, Out:   0.000#   0.097/   0.000f


 Total SPIN, PARITY =    19.5 +,      6 chs,      6 cc.  Rmin & Coul turning =    0.9   15.9
   S-matrix    1 =    1.00000   0.00000 for L=   20, J=   19.5 channel on core I =   0.0 from L=   20,  Acc. loss =  0.0 D.
 Elastic phase shift   1 =    0.000   0.000 deg. for the L =   20, J =   19.5 channel.
      19.5  0.99999988  0.00000027i: elastic S-matrix  @@      0.00  0   0 F  0
 Reaction Xsec    19.5+/20 @ 1 =   0.100/, Out:   0.000#   0.082/   0.000f


 Total SPIN, PARITY =    19.5 -,      6 chs,      6 cc.  Rmin & Coul turning =    0.9   15.9
   S-matrix    1 =    1.00000   0.00000 for L=   19, J=   19.5 channel on core I =   0.0 from L=   19,  Acc. loss =  0.0 D.
 Elastic phase shift   1 =    0.000   0.000 deg. for the L =   19, J =   19.5 channel.
      19.5  0.99999981  0.00000083i: elastic S-matrix  @@      0.00  0   0 F  0
 Reaction Xsec    19.5-/19 @ 1 =   0.159/, Out:   0.000#   0.102/   0.000f


 Total SPIN, PARITY =    20.5 +,      6 chs,      6 cc.  Rmin & Coul turning =    1.0   16.7
   S-matrix    1 =    1.00000   0.00000 for L=   20, J=   20.5 channel on core I =   0.0 from L=   20,  Acc. loss =  0.0 D.
 Elastic phase shift   1 =    0.000   0.000 deg. for the L =   20, J =   20.5 channel.
      20.5  0.99999988  0.00000033i: elastic S-matrix  @@      0.00  0   0 F  0
 Reaction Xsec    20.5+/20 @ 1 =   0.105/, Out:   0.000#   0.086/   0.000f


 Total SPIN, PARITY =    20.5 -,      6 chs,      6 cc.  Rmin & Coul turning =    1.0   16.7
   S-matrix    1 =    1.00000   0.00000 for L=   21, J=   20.5 channel on core I =   0.0 from L=   21,  Acc. loss =  0.0 D.
 Elastic phase shift   1 =    0.000   0.000 deg. for the L =   21, J =   20.5 channel.
      20.5  0.99999991  0.00000013i: elastic S-matrix  @@      0.00  0   0 F  0
 Reaction Xsec    20.5-/21 @ 1 =   0.075/, Out:   0.000#   0.069/   0.000f


 Total SPIN, PARITY =    21.5 +,      6 chs,      6 cc.  Rmin & Coul turning =    1.0   17.6
   S-matrix    1 =    1.00000   0.00000 for L=   22, J=   21.5 channel on core I =   0.0 from L=   22,  Acc. loss =  0.0 D.
 Elastic phase shift   1 =    0.000   0.000 deg. for the L =   22, J =   21.5 channel.
      21.5  0.99999993  0.00000007i: elastic S-matrix  @@      0.00  0   0 F  0
 Reaction Xsec    21.5+/22 @ 1 =   0.061/, Out:   0.000#   0.059/   0.000f


 Total SPIN, PARITY =    21.5 -,      6 chs,      6 cc.  Rmin & Coul turning =    1.0   17.6
   S-matrix    1 =    1.00000   0.00000 for L=   21, J=   21.5 channel on core I =   0.0 from L=   21,  Acc. loss =  0.0 D.
 Elastic phase shift   1 =    0.000   0.000 deg. for the L =   21, J =   21.5 channel.
      21.5  0.99999991  0.00000015i: elastic S-matrix  @@      0.00  0   0 F  0
 Reaction Xsec    21.5-/21 @ 1 =   0.079/, Out:   0.000#   0.073/   0.000f


 Total SPIN, PARITY =    22.5 +,      6 chs,      6 cc.  Rmin & Coul turning =    1.1   18.4
   S-matrix    1 =    1.00000   0.00000 for L=   22, J=   22.5 channel on core I =   0.0 from L=   22,  Acc. loss =  0.0 D.
 Elastic phase shift   1 =    0.000   0.000 deg. for the L =   22, J =   22.5 channel.
      22.5  0.99999993  0.00000008i: elastic S-matrix  @@      0.00  0   0 F  0
 Reaction Xsec    22.5+/22 @ 1 =   0.064/, Out:   0.000#   0.062/   0.000f


 Total SPIN, PARITY =    22.5 -,      6 chs,      6 cc.  Rmin & Coul turning =    1.1   18.4
   S-matrix    1 =    1.00000   0.00000 for L=   23, J=   22.5 channel on core I =   0.0 from L=   23,  Acc. loss =  0.0 D.
 Elastic phase shift   1 =    0.000   0.000 deg. for the L =   23, J =   22.5 channel.
      22.5  0.99999995  0.00000005i: elastic S-matrix  @@      0.00  0   0 F  0
 Reaction Xsec    22.5-/23 @ 1 =   0.051/, Out:   0.000#   0.050/   0.000f


 Total SPIN, PARITY =    23.5 +,      6 chs,      6 cc.  Rmin & Coul turning =    1.1   19.2
   S-matrix    1 =    1.00000   0.00000 for L=   24, J=   23.5 channel on core I =   0.0 from L=   24,  Acc. loss =  0.0 D.
 Elastic phase shift   1 =    0.000   0.000 deg. for the L =   24, J =   23.5 channel.
      23.5  0.99999996  0.00000004i: elastic S-matrix  @@      0.00  0   0 F  0
 Reaction Xsec    23.5+/24 @ 1 =   0.043/, Out:   0.000#   0.043/   0.000f


 Total SPIN, PARITY =    23.5 -,      6 chs,      6 cc.  Rmin & Coul turning =    1.1   19.2
   S-matrix    1 =    1.00000   0.00000 for L=   23, J=   23.5 channel on core I =   0.0 from L=   23,  Acc. loss =  0.0 D.
 Elastic phase shift   1 =    0.000   0.000 deg. for the L =   23, J =   23.5 channel.
      23.5  0.99999995  0.00000005i: elastic S-matrix  @@      0.00  0   0 F  0
 Reaction Xsec    23.5-/23 @ 1 =   0.053/, Out:   0.000#   0.053/   0.000f


 Total SPIN, PARITY =    24.5 +,      6 chs,      6 cc.  Rmin & Coul turning =    1.1   20.0
   S-matrix    1 =    1.00000   0.00000 for L=   24, J=   24.5 channel on core I =   0.0 from L=   24,  Acc. loss =  0.0 D.
 Elastic phase shift   1 =    0.000   0.000 deg. for the L =   24, J =   24.5 channel.
      24.5  0.99999996  0.00000004i: elastic S-matrix  @@      0.00  0   0 F  0
 Reaction Xsec    24.5+/24 @ 1 =   0.045/, Out:   0.000#   0.045/   0.000f


 Total SPIN, PARITY =    24.5 -,      6 chs,      6 cc.  Rmin & Coul turning =    1.1   20.0
   S-matrix    1 =    1.00000   0.00000 for L=   25, J=   24.5 channel on core I =   0.0 from L=   25,  Acc. loss =  0.0 D.
 Elastic phase shift   1 =    0.000   0.000 deg. for the L =   25, J =   24.5 channel.
      24.5  0.99999996  0.00000003i: elastic S-matrix  @@      0.00  0   0 F  0
 Reaction Xsec    24.5-/25 @ 1 =   0.037/, Out:   0.000#   0.037/   0.000f


 Total SPIN, PARITY =    25.5 +,      6 chs,      6 cc.  Rmin & Coul turning =    1.2   20.8
   S-matrix    1 =    1.00000   0.00000 for L=   26, J=   25.5 channel on core I =   0.0 from L=   26,  Acc. loss =  0.0 D.
 Elastic phase shift   1 =    0.000   0.000 deg. for the L =   26, J =   25.5 channel.
      25.5  0.99999997  0.00000003i: elastic S-matrix  @@      0.00  0   0 F  0
 Reaction Xsec    25.5+/26 @ 1 =   0.032/, Out:   0.000#   0.032/   0.000f


 Total SPIN, PARITY =    25.5 -,      6 chs,      6 cc.  Rmin & Coul turning =    1.2   20.8
   S-matrix    1 =    1.00000   0.00000 for L=   25, J=   25.5 channel on core I =   0.0 from L=   25,  Acc. loss =  0.0 D.
 Elastic phase shift   1 =    0.000   0.000 deg. for the L =   25, J =   25.5 channel.
      25.5  0.99999996  0.00000003i: elastic S-matrix  @@      0.00  0   0 F  0
 Reaction Xsec    25.5-/25 @ 1 =   0.039/, Out:   0.000#   0.038/   0.000f


 Total SPIN, PARITY =    26.5 +,      6 chs,      6 cc.  Rmin & Coul turning =    1.2   21.6
   S-matrix    1 =    1.00000   0.00000 for L=   26, J=   26.5 channel on core I =   0.0 from L=   26,  Acc. loss =  0.0 D.
 Elastic phase shift   1 =    0.000   0.000 deg. for the L =   26, J =   26.5 channel.
      26.5  0.99999997  0.00000003i: elastic S-matrix  @@      0.00  0   0 F  0
 Reaction Xsec    26.5+/26 @ 1 =   0.033/, Out:   0.000#   0.033/   0.000f


 Total SPIN, PARITY =    26.5 -,      6 chs,      6 cc.  Rmin & Coul turning =    1.2   21.6
   S-matrix    1 =    1.00000   0.00000 for L=   27, J=   26.5 channel on core I =   0.0 from L=   27,  Acc. loss =  0.0 D.
 Elastic phase shift   1 =    0.000   0.000 deg. for the L =   27, J =   26.5 channel.
      26.5  0.99999998  0.00000002i: elastic S-matrix  @@      0.00  0   0 F  0
 Reaction Xsec    26.5-/27 @ 1 =   0.027/, Out:   0.000#   0.027/   0.000f


 Total SPIN, PARITY =    27.5 +,      6 chs,      6 cc.  Rmin & Coul turning =    1.3   22.4
   S-matrix    1 =    1.00000   0.00000 for L=   28, J=   27.5 channel on core I =   0.0 from L=   28,  Acc. loss =  0.0 D.
 Elastic phase shift   1 =    0.000   0.000 deg. for the L =   28, J =   27.5 channel.
      27.5  0.99999998  0.00000002i: elastic S-matrix  @@      0.00  0   0 F  0
 Reaction Xsec    27.5+/28 @ 1 =   0.024/, Out:   0.000#   0.024/   0.000f


 Total SPIN, PARITY =    27.5 -,      6 chs,      6 cc.  Rmin & Coul turning =    1.3   22.4
   S-matrix    1 =    1.00000   0.00000 for L=   27, J=   27.5 channel on core I =   0.0 from L=   27,  Acc. loss =  0.0 D.
 Elastic phase shift   1 =    0.000   0.000 deg. for the L =   27, J =   27.5 channel.
      27.5  0.99999998  0.00000002i: elastic S-matrix  @@      0.00  0   0 F  0
 Reaction Xsec    27.5-/27 @ 1 =   0.028/, Out:   0.000#   0.028/   0.000f


 Total SPIN, PARITY =    28.5 +,      6 chs,      6 cc.  Rmin & Coul turning =    1.3   23.2
   S-matrix    1 =    1.00000   0.00000 for L=   28, J=   28.5 channel on core I =   0.0 from L=   28,  Acc. loss =  0.0 D.
 Elastic phase shift   1 =    0.000   0.000 deg. for the L =   28, J =   28.5 channel.
      28.5  0.99999998  0.00000002i: elastic S-matrix  @@      0.00  0   0 F  0
 Reaction Xsec    28.5+/28 @ 1 =   0.025/, Out:   0.000#   0.025/   0.000f


 Total SPIN, PARITY =    28.5 -,      6 chs,      6 cc.  Rmin & Coul turning =    1.3   23.2
   S-matrix    1 =    1.00000   0.00000 for L=   29, J=   28.5 channel on core I =   0.0 from L=   29,  Acc. loss =  0.0 D.
 Elastic phase shift   1 =    0.000   0.000 deg. for the L =   29, J =   28.5 channel.
      28.5  0.99999998  0.00000002i: elastic S-matrix  @@      0.00  0   0 F  0
 Reaction Xsec    28.5-/29 @ 1 =   0.021/, Out:   0.000#   0.021/   0.000f


 Total SPIN, PARITY =    29.5 +,      6 chs,      6 cc.  Rmin & Coul turning =    1.4   24.0
   S-matrix    1 =    1.00000   0.00000 for L=   30, J=   29.5 channel on core I =   0.0 from L=   30,  Acc. loss =  0.0 D.
 Elastic phase shift   1 =    0.000   0.000 deg. for the L =   30, J =   29.5 channel.
      29.5  0.99999999  0.00000002i: elastic S-matrix  @@      0.00  0   0 F  0
 Reaction Xsec    29.5+/30 @ 1 =   0.018/, Out:   0.000#   0.018/   0.000f


 Total SPIN, PARITY =    29.5 -,      6 chs,      6 cc.  Rmin & Coul turning =    1.4   24.0
   S-matrix    1 =    1.00000   0.00000 for L=   29, J=   29.5 channel on core I =   0.0 from L=   29,  Acc. loss =  0.0 D.
 Elastic phase shift   1 =    0.000   0.000 deg. for the L =   29, J =   29.5 channel.
      29.5  0.99999998  0.00000002i: elastic S-matrix  @@      0.00  0   0 F  0
 Reaction Xsec    29.5-/29 @ 1 =   0.021/, Out:   0.000#   0.021/   0.000f


 Total SPIN, PARITY =    30.5 +,      6 chs,      6 cc.  Rmin & Coul turning =    1.4   24.8
   S-matrix    1 =    1.00000   0.00000 for L=   30, J=   30.5 channel on core I =   0.0 from L=   30,  Acc. loss =  0.0 D.
 Elastic phase shift   1 =    0.000   0.000 deg. for the L =   30, J =   30.5 channel.
      30.5  0.99999999  0.00000002i: elastic S-matrix  @@      0.00  0   0 F  0
 Reaction Xsec    30.5+/30 @ 1 =   0.018/, Out:   0.000#   0.018/   0.000f


 Total SPIN, PARITY =    30.5 -,      6 chs,      6 cc.  Rmin & Coul turning =    1.4   24.8
   S-matrix    1 =    1.00000   0.00000 for L=   31, J=   30.5 channel on core I =   0.0 from L=   31,  Acc. loss =  0.0 D.
 Elastic phase shift   1 =    0.000   0.000 deg. for the L =   31, J =   30.5 channel.
      30.5  0.99999999  0.00000001i: elastic S-matrix  @@      0.00  0   0 F  0
 Reaction Xsec    30.5-/31 @ 1 =   0.016/, Out:   0.000#   0.016/   0.000f


 Total SPIN, PARITY =    31.5 +,      6 chs,      6 cc.  Rmin & Coul turning =    1.5   25.6
   S-matrix    1 =    1.00000   0.00000 for L=   32, J=   31.5 channel on core I =   0.0 from L=   32,  Acc. loss =  0.0 D.
 Elastic phase shift   1 =    0.000   0.000 deg. for the L =   32, J =   31.5 channel.
      31.5  0.99999999  0.00000001i: elastic S-matrix  @@      0.00  0   0 F  0
 Reaction Xsec    31.5+/32 @ 1 =   0.014/, Out:   0.000#   0.014/   0.000f


 Total SPIN, PARITY =    31.5 -,      6 chs,      6 cc.  Rmin & Coul turning =    1.5   25.6
   S-matrix    1 =    1.00000   0.00000 for L=   31, J=   31.5 channel on core I =   0.0 from L=   31,  Acc. loss =  0.0 D.
 Elastic phase shift   1 =    0.000   0.000 deg. for the L =   31, J =   31.5 channel.
      31.5  0.99999999  0.00000001i: elastic S-matrix  @@      0.00  0   0 F  0
 Reaction Xsec    31.5-/31 @ 1 =   0.016/, Out:   0.000#   0.016/   0.000f


 Total SPIN, PARITY =    32.5 +,      6 chs,      6 cc.  Rmin & Coul turning =    1.5   26.5
   S-matrix    1 =    1.00000   0.00000 for L=   32, J=   32.5 channel on core I =   0.0 from L=   32,  Acc. loss =  0.0 D.
 Elastic phase shift   1 =    0.000   0.000 deg. for the L =   32, J =   32.5 channel.
      32.5  0.99999999  0.00000001i: elastic S-matrix  @@      0.00  0   0 F  0
 Reaction Xsec    32.5+/32 @ 1 =   0.014/, Out:   0.000#   0.014/   0.000f


 Total SPIN, PARITY =    32.5 -,      6 chs,      6 cc.  Rmin & Coul turning =    1.5   26.5
   S-matrix    1 =    1.00000   0.00000 for L=   33, J=   32.5 channel on core I =   0.0 from L=   33,  Acc. loss =  0.0 D.
 Elastic phase shift   1 =    0.000   0.000 deg. for the L =   33, J =   32.5 channel.
      32.5  0.99999999  0.00000001i: elastic S-matrix  @@      0.00  0   0 F  0
 Reaction Xsec    32.5-/33 @ 1 =   0.012/, Out:   0.000#   0.012/   0.000f


 Total SPIN, PARITY =    33.5 +,      6 chs,      6 cc.  Rmin & Coul turning =    1.6   27.3
   S-matrix    1 =    1.00000   0.00000 for L=   34, J=   33.5 channel on core I =   0.0 from L=   34,  Acc. loss =  0.0 D.
 Elastic phase shift   1 =    0.000   0.000 deg. for the L =   34, J =   33.5 channel.
      33.5  0.99999999  0.00000001i: elastic S-matrix  @@      0.00  0   0 F  0
 Reaction Xsec    33.5+/34 @ 1 =   0.010/, Out:   0.000#   0.010/   0.000f


 Total SPIN, PARITY =    33.5 -,      6 chs,      6 cc.  Rmin & Coul turning =    1.6   27.3
   S-matrix    1 =    1.00000   0.00000 for L=   33, J=   33.5 channel on core I =   0.0 from L=   33,  Acc. loss =  0.0 D.
 Elastic phase shift   1 =    0.000   0.000 deg. for the L =   33, J =   33.5 channel.
      33.5  0.99999999  0.00000001i: elastic S-matrix  @@      0.00  0   0 F  0
 Reaction Xsec    33.5-/33 @ 1 =   0.012/, Out:   0.000#   0.012/   0.000f


 Total SPIN, PARITY =    34.5 +,      6 chs,      6 cc.  Rmin & Coul turning =    1.6   28.1
   S-matrix    1 =    1.00000   0.00000 for L=   34, J=   34.5 channel on core I =   0.0 from L=   34,  Acc. loss =  0.0 D.
 Elastic phase shift   1 =    0.000   0.000 deg. for the L =   34, J =   34.5 channel.
      34.5  0.99999999  0.00000001i: elastic S-matrix  @@      0.00  0   0 F  0
 Reaction Xsec    34.5+/34 @ 1 =   0.011/, Out:   0.000#   0.011/   0.000f


 Total SPIN, PARITY =    34.5 -,      6 chs,      6 cc.  Rmin & Coul turning =    1.6   28.1
   S-matrix    1 =    1.00000   0.00000 for L=   35, J=   34.5 channel on core I =   0.0 from L=   35,  Acc. loss =  0.0 D.
 Elastic phase shift   1 =    0.000   0.000 deg. for the L =   35, J =   34.5 channel.
      34.5  0.99999999  0.00000001i: elastic S-matrix  @@      0.00  0   0 F  0
 Reaction Xsec    34.5-/35 @ 1 =   9.026#, Out:   0.000#   9.026#   0.000f


 Total SPIN, PARITY =    35.5 +,      6 chs,      6 cc.  Rmin & Coul turning =    1.7   28.9
   S-matrix    1 =    1.00000   0.00000 for L=   36, J=   35.5 channel on core I =   0.0 from L=   36,  Acc. loss =  0.0 D.
 Elastic phase shift   1 =    0.000   0.000 deg. for the L =   36, J =   35.5 channel.
      35.5  0.99999999  0.00000001i: elastic S-matrix  @@      0.00  0   0 F  0
 Reaction Xsec    35.5+/36 @ 1 =   7.926#, Out:   0.000#   7.926#   0.000f


 Total SPIN, PARITY =    35.5 -,      6 chs,      6 cc.  Rmin & Coul turning =    1.7   28.9
   S-matrix    1 =    1.00000   0.00000 for L=   35, J=   35.5 channel on core I =   0.0 from L=   35,  Acc. loss =  0.0 D.
 Elastic phase shift   1 =    0.000   0.000 deg. for the L =   35, J =   35.5 channel.
      35.5  0.99999999  0.00000001i: elastic S-matrix  @@      0.00  0   0 F  0
 Reaction Xsec    35.5-/35 @ 1 =   9.284#, Out:   0.000#   9.283#   0.000f


 Total SPIN, PARITY =    36.5 +,      6 chs,      6 cc.  Rmin & Coul turning =    1.7   29.7
   S-matrix    1 =    1.00000   0.00000 for L=   36, J=   36.5 channel on core I =   0.0 from L=   36,  Acc. loss =  0.0 D.
 Elastic phase shift   1 =    0.000   0.000 deg. for the L =   36, J =   36.5 channel.
      36.5  0.99999999  0.00000001i: elastic S-matrix  @@      0.00  0   0 F  0
 Reaction Xsec    36.5+/36 @ 1 =   8.146#, Out:   0.000#   8.146#   0.000f


 Total SPIN, PARITY =    36.5 -,      6 chs,      6 cc.  Rmin & Coul turning =    1.7   29.7
   S-matrix    1 =    1.00000   0.00000 for L=   37, J=   36.5 channel on core I =   0.0 from L=   37,  Acc. loss =  0.0 D.
 Elastic phase shift   1 =    0.000   0.000 deg. for the L =   37, J =   36.5 channel.
      36.5  1.00000000  0.00000001i: elastic S-matrix  @@      0.00  0   0 F  0
 Reaction Xsec    36.5-/37 @ 1 =   7.028#, Out:   0.000#   7.028#   0.000f


 Total SPIN, PARITY =    37.5 +,      6 chs,      6 cc.  Rmin & Coul turning =    1.8   30.5
   S-matrix    1 =    1.00000   0.00000 for L=   38, J=   37.5 channel on core I =   0.0 from L=   38,  Acc. loss =  0.0 D.
 Elastic phase shift   1 =    0.000   0.000 deg. for the L =   38, J =   37.5 channel.
      37.5  1.00000000  0.00000001i: elastic S-matrix  @@      0.00  0   0 F  0
 Reaction Xsec    37.5+/38 @ 1 =   6.124#, Out:   0.000#   6.124#   0.000f


 Total SPIN, PARITY =    37.5 -,      6 chs,      6 cc.  Rmin & Coul turning =    1.8   30.5
   S-matrix    1 =    1.00000   0.00000 for L=   37, J=   37.5 channel on core I =   0.0 from L=   37,  Acc. loss =  0.0 D.
 Elastic phase shift   1 =    0.000   0.000 deg. for the L =   37, J =   37.5 channel.
      37.5  1.00000000  0.00000001i: elastic S-matrix  @@      0.00  0   0 F  0
 Reaction Xsec    37.5-/37 @ 1 =   7.218#, Out:   0.000#   7.218#   0.000f


 Total SPIN, PARITY =    38.5 +,      6 chs,      6 cc.  Rmin & Coul turning =    1.8   31.3
   S-matrix    1 =    1.00000   0.00000 for L=   38, J=   38.5 channel on core I =   0.0 from L=   38,  Acc. loss =  0.0 D.
 Elastic phase shift   1 =    0.000   0.000 deg. for the L =   38, J =   38.5 channel.
      38.5  1.00000000  0.00000001i: elastic S-matrix  @@      0.00  0   0 F  0
 Reaction Xsec    38.5+/38 @ 1 =   6.286#, Out:   0.000#   6.285#   0.000f


 Total SPIN, PARITY =    38.5 -,      6 chs,      6 cc.  Rmin & Coul turning =    1.8   31.3
   S-matrix    1 =    1.00000   0.00000 for L=   39, J=   38.5 channel on core I =   0.0 from L=   39,  Acc. loss =  0.0 D.
 Elastic phase shift   1 =    0.000   0.000 deg. for the L =   39, J =   38.5 channel.
      38.5  1.00000000  0.00000001i: elastic S-matrix  @@      0.00  0   0 F  0
 Reaction Xsec    38.5-/39 @ 1 =   5.402#, Out:   0.000#   5.401#   0.000f


 Total SPIN, PARITY =    39.5 +,      6 chs,      6 cc.  Rmin & Coul turning =    1.9   32.1
   S-matrix    1 =    1.00000   0.00000 for L=   40, J=   39.5 channel on core I =   0.0 from L=   40,  Acc. loss =  0.0 D.
 Elastic phase shift   1 =    0.000   0.000 deg. for the L =   40, J =   39.5 channel.
      39.5  1.00000000  0.00000001i: elastic S-matrix  @@      0.00  0   0 F  0
 Reaction Xsec    39.5+/40 @ 1 =   4.839#, Out:   0.000#   4.839#   0.000f


 Total SPIN, PARITY =    39.5 -,      6 chs,      6 cc.  Rmin & Coul turning =    1.9   32.1
   S-matrix    1 =    1.00000   0.00000 for L=   39, J=   39.5 channel on core I =   0.0 from L=   39,  Acc. loss =  0.0 D.
 Elastic phase shift   1 =    0.000   0.000 deg. for the L =   39, J =   39.5 channel.
      39.5  1.00000000  0.00000001i: elastic S-matrix  @@      0.00  0   0 F  0
 Reaction Xsec    39.5-/39 @ 1 =   5.540#, Out:   0.000#   5.540#   0.000f


 Total SPIN, PARITY =    40.5 +,      6 chs,      6 cc.  Rmin & Coul turning =    1.9   32.9
   S-matrix    1 =    1.00000   0.00000 for L=   40, J=   40.5 channel on core I =   0.0 from L=   40,  Acc. loss =  0.0 D.
 Elastic phase shift   1 =    0.000   0.000 deg. for the L =   40, J =   40.5 channel.
      40.5  1.00000000  0.00000001i: elastic S-matrix  @@      0.00  0   0 F  0
 Reaction Xsec    40.5+/40 @ 1 =   4.960#, Out:   0.000#   4.960#   0.000f


 Total SPIN, PARITY =    40.5 -,      6 chs,      6 cc.  Rmin & Coul turning =    1.9   32.9
   S-matrix    1 =    1.00000   0.00000 for L=   41, J=   40.5 channel on core I =   0.0 from L=   41,  Acc. loss =  0.0 D.
 Elastic phase shift   1 =    0.000   0.000 deg. for the L =   41, J =   40.5 channel.
      40.5  1.00000000  0.00000000i: elastic S-matrix  @@      0.00  0   0 F  0
 Reaction Xsec    40.5-/41 @ 1 =   4.238#, Out:   0.000#   4.237#   0.000f


 Total SPIN, PARITY =    41.5 +,      6 chs,      6 cc.  Rmin & Coul turning =    1.9   33.7
   S-matrix    1 =    1.00000   0.00000 for L=   42, J=   41.5 channel on core I =   0.0 from L=   42,  Acc. loss =  0.0 D.
 Elastic phase shift   1 =    0.000   0.000 deg. for the L =   42, J =   41.5 channel.
      41.5  1.00000000  0.00000000i: elastic S-matrix  @@      0.00  0   0 F  0
 Reaction Xsec    41.5+/42 @ 1 =   3.733#, Out:   0.000#   3.733#   0.000f


 Total SPIN, PARITY =    41.5 -,      6 chs,      6 cc.  Rmin & Coul turning =    1.9   33.7
   S-matrix    1 =    1.00000   0.00000 for L=   41, J=   41.5 channel on core I =   0.0 from L=   41,  Acc. loss =  0.0 D.
 Elastic phase shift   1 =    0.000   0.000 deg. for the L =   41, J =   41.5 channel.
      41.5  1.00000000  0.00000000i: elastic S-matrix  @@      0.00  0   0 F  0
 Reaction Xsec    41.5-/41 @ 1 =   4.341#, Out:   0.000#   4.340#   0.000f


 Total SPIN, PARITY =    42.5 +,      6 chs,      6 cc.  Rmin & Coul turning =    2.0   34.5
   S-matrix    1 =    1.00000   0.00000 for L=   42, J=   42.5 channel on core I =   0.0 from L=   42,  Acc. loss =  0.0 D.
 Elastic phase shift   1 =    0.000   0.000 deg. for the L =   42, J =   42.5 channel.
      42.5  1.00000000  0.00000000i: elastic S-matrix  @@      0.00  0   0 F  0
 Reaction Xsec    42.5+/42 @ 1 =   3.822#, Out:   0.000#   3.822#   0.000f


 Total SPIN, PARITY =    42.5 -,      6 chs,      6 cc.  Rmin & Coul turning =    2.0   34.5
   S-matrix    1 =    1.00000   0.00000 for L=   43, J=   42.5 channel on core I =   0.0 from L=   43,  Acc. loss =  0.0 D.
 Elastic phase shift   1 =    0.000   0.000 deg. for the L =   43, J =   42.5 channel.
      42.5  1.00000000  0.00000000i: elastic S-matrix  @@      0.00  0   0 F  0
 Reaction Xsec    42.5-/43 @ 1 =   3.386#, Out:   0.000#   3.385#   0.000f


 Total SPIN, PARITY =    43.5 +,      6 chs,      6 cc.  Rmin & Coul turning =    2.0   35.4
   S-matrix    1 =    1.00000   0.00000 for L=   44, J=   43.5 channel on core I =   0.0 from L=   44,  Acc. loss =  0.0 D.
 Elastic phase shift   1 =    0.000   0.000 deg. for the L =   44, J =   43.5 channel.
      43.5  1.00000000  0.00000000i: elastic S-matrix  @@      0.00  0   0 F  0
 Reaction Xsec    43.5+/44 @ 1 =   3.006#, Out:   0.000#   3.006#   0.000f


 Total SPIN, PARITY =    43.5 -,      6 chs,      6 cc.  Rmin & Coul turning =    2.0   35.4
   S-matrix    1 =    1.00000   0.00000 for L=   43, J=   43.5 channel on core I =   0.0 from L=   43,  Acc. loss =  0.0 D.
 Elastic phase shift   1 =    0.000   0.000 deg. for the L =   43, J =   43.5 channel.
      43.5  1.00000000  0.00000000i: elastic S-matrix  @@      0.00  0   0 F  0
 Reaction Xsec    43.5-/43 @ 1 =   3.464#, Out:   0.000#   3.464#   0.000f


 Total SPIN, PARITY =    44.5 +,      6 chs,      6 cc.  Rmin & Coul turning =    2.1   36.2
   S-matrix    1 =    1.00000   0.00000 for L=   44, J=   44.5 channel on core I =   0.0 from L=   44,  Acc. loss =  0.0 D.
 Elastic phase shift   1 =    0.000   0.000 deg. for the L =   44, J =   44.5 channel.
      44.5  1.00000000  0.00000000i: elastic S-matrix  @@      0.00  0   0 F  0
 Reaction Xsec    44.5+/44 @ 1 =   3.074#, Out:   0.000#   3.074#   0.000f


 Total SPIN, PARITY =    44.5 -,      6 chs,      6 cc.  Rmin & Coul turning =    2.1   36.2
   S-matrix    1 =    1.00000   0.00000 for L=   45, J=   44.5 channel on core I =   0.0 from L=   45,  Acc. loss =  0.0 D.
 Elastic phase shift   1 =    0.000   0.000 deg. for the L =   45, J =   44.5 channel.
      44.5  1.00000000  0.00000000i: elastic S-matrix  @@      0.00  0   0 F  0
 Reaction Xsec    44.5-/45 @ 1 =   2.627#, Out:   0.000#   2.627#   0.000f


 Total SPIN, PARITY =    45.5 +,      6 chs,      6 cc.  Rmin & Coul turning =    2.2   37.0
   S-matrix    1 =    1.00000   0.00000 for L=   46, J=   45.5 channel on core I =   0.0 from L=   46,  Acc. loss =  0.0 D.
 Elastic phase shift   1 =    0.000   0.000 deg. for the L =   46, J =   45.5 channel.
      45.5  1.00000000  0.00000000i: elastic S-matrix  @@      0.00  0   0 F  0
 Reaction Xsec    45.5+/46 @ 1 =   2.389#, Out:   0.000#   2.389#   0.000f


 Total SPIN, PARITY =    45.5 -,      6 chs,      6 cc.  Rmin & Coul turning =    2.2   37.0
   S-matrix    1 =    1.00000   0.00000 for L=   45, J=   45.5 channel on core I =   0.0 from L=   45,  Acc. loss =  0.0 D.
 Elastic phase shift   1 =    0.000   0.000 deg. for the L =   45, J =   45.5 channel.
      45.5  1.00000000  0.00000000i: elastic S-matrix  @@      0.00  0   0 F  0
 Reaction Xsec    45.5-/45 @ 1 =   2.686#, Out:   0.000#   2.685#   0.000f


 Total SPIN, PARITY =    46.5 +,      6 chs,      6 cc.  Rmin & Coul turning =    2.2   37.8
   S-matrix    1 =    1.00000   0.00000 for L=   46, J=   46.5 channel on core I =   0.0 from L=   46,  Acc. loss =  0.0 D.
 Elastic phase shift   1 =    0.000   0.000 deg. for the L =   46, J =   46.5 channel.
      46.5  1.00000000  0.00000000i: elastic S-matrix  @@      0.00  0   0 F  0
 Reaction Xsec    46.5+/46 @ 1 =   2.441#, Out:   0.000#   2.441#   0.000f


 Total SPIN, PARITY =    46.5 -,      6 chs,      6 cc.  Rmin & Coul turning =    2.2   37.8
   S-matrix    1 =    1.00000   0.00000 for L=   47, J=   46.5 channel on core I =   0.0 from L=   47,  Acc. loss =  0.0 D.
 Elastic phase shift   1 =    0.000   0.000 deg. for the L =   47, J =   46.5 channel.
      46.5  1.00000000  0.00000000i: elastic S-matrix  @@      0.00  0   0 F  0
 Reaction Xsec    46.5-/47 @ 1 =   2.186#, Out:   0.000#   2.185#   0.000f


 Total SPIN, PARITY =    47.5 +,      6 chs,      6 cc.  Rmin & Coul turning =    2.2   38.6
   S-matrix    1 =    1.00000   0.00000 for L=   48, J=   47.5 channel on core I =   0.0 from L=   48,  Acc. loss =  0.0 D.
 Elastic phase shift   1 =    0.000   0.000 deg. for the L =   48, J =   47.5 channel.
      47.5  1.00000000  0.00000000i: elastic S-matrix  @@      0.00  0   0 F  0
 Reaction Xsec    47.5+/48 @ 1 =   1.915#, Out:   0.000#   1.915#   0.000f


 Total SPIN, PARITY =    47.5 -,      6 chs,      6 cc.  Rmin & Coul turning =    2.2   38.6
   S-matrix    1 =    1.00000   0.00000 for L=   47, J=   47.5 channel on core I =   0.0 from L=   47,  Acc. loss =  0.0 D.
 Elastic phase shift   1 =    0.000   0.000 deg. for the L =   47, J =   47.5 channel.
      47.5  1.00000000  0.00000000i: elastic S-matrix  @@      0.00  0   0 F  0
 Reaction Xsec    47.5-/47 @ 1 =   2.232#, Out:   0.000#   2.232#   0.000f


 Total SPIN, PARITY =    48.5 +,      6 chs,      6 cc.  Rmin & Coul turning =    2.3   39.4
   S-matrix    1 =    1.00000   0.00000 for L=   48, J=   48.5 channel on core I =   0.0 from L=   48,  Acc. loss =  0.0 D.
 Elastic phase shift   1 =    0.000   0.000 deg. for the L =   48, J =   48.5 channel.
      48.5  1.00000000  0.00000000i: elastic S-matrix  @@      0.00  0   0 F  0
 Reaction Xsec    48.5+/48 @ 1 =   1.955#, Out:   0.000#   1.955#   0.000f


 Total SPIN, PARITY =    48.5 -,      6 chs,      6 cc.  Rmin & Coul turning =    2.3   39.4
   S-matrix    1 =    1.00000   0.00000 for L=   49, J=   48.5 channel on core I =   0.0 from L=   49,  Acc. loss =  0.0 D.
 Elastic phase shift   1 =    0.000   0.000 deg. for the L =   49, J =   48.5 channel.
      48.5  1.00000000  0.00000000i: elastic S-matrix  @@      0.00  0   0 F  0
 Reaction Xsec    48.5-/49 @ 1 =   1.696#, Out:   0.000#   1.696#   0.000f


 Total SPIN, PARITY =    49.5 +,      6 chs,      6 cc.  Rmin & Coul turning =    2.3   40.2
   S-matrix    1 =    1.00000   0.00000 for L=   50, J=   49.5 channel on core I =   0.0 from L=   50,  Acc. loss =  0.0 D.
 Elastic phase shift   1 =    0.000   0.000 deg. for the L =   50, J =   49.5 channel.
      49.5  1.00000000  0.00000000i: elastic S-matrix  @@      0.00  0   0 F  0
 Reaction Xsec    49.5+/50 @ 1 =   1.585#, Out:   0.000#   1.584#   0.000f


 Total SPIN, PARITY =    49.5 -,      6 chs,      6 cc.  Rmin & Coul turning =    2.3   40.2
   S-matrix    1 =    1.00000   0.00000 for L=   49, J=   49.5 channel on core I =   0.0 from L=   49,  Acc. loss =  0.0 D.
 Elastic phase shift   1 =    0.000   0.000 deg. for the L =   49, J =   49.5 channel.
      49.5  1.00000000  0.00000000i: elastic S-matrix  @@      0.00  0   0 F  0
 Reaction Xsec    49.5-/49 @ 1 =   1.731#, Out:   0.000#   1.731#   0.000f


 Total SPIN, PARITY =    50.5 +,      6 chs,      6 cc.  Rmin & Coul turning =    2.4   41.0
   S-matrix    1 =    1.00000   0.00000 for L=   50, J=   50.5 channel on core I =   0.0 from L=   50,  Acc. loss =  0.0 D.
 Elastic phase shift   1 =    0.000   0.000 deg. for the L =   50, J =   50.5 channel.
      50.5  1.00000000  0.00000000i: elastic S-matrix  @@      0.00  0   0 F  0
 Reaction Xsec    50.5+/50 @ 1 =   1.616#, Out:   0.000#   1.616#   0.000f


 Total SPIN, PARITY =    50.5 -,      6 chs,      6 cc.  Rmin & Coul turning =    2.4   41.0
   S-matrix    1 =    1.00000   0.00000 for L=   51, J=   50.5 channel on core I =   0.0 from L=   51,  Acc. loss =  0.0 D.
 Elastic phase shift   1 =    0.000   0.000 deg. for the L =   51, J =   50.5 channel.
      50.5  1.00000000  0.00000000i: elastic S-matrix  @@      0.00  0   0 F  0
 Reaction Xsec    50.5-/51 @ 1 =   1.457#, Out:   0.000#   1.457#   0.000f

 Finished all CC sets @   0.359115005    
0CUMULATIVE REACTION cross section                 =  789.48859  <L> =     4.14  <L**2> =     20.5
0CUMULATIVE outgoing cross sections in partition 1 :    0.00000   18.64607
0Cumulative ABSORBTION by Imaginary Potentials     =  770.84251  <L> =     4.14  <L**2> =     20.5
   Fusion for specific p        M-states :  770.842514  770.842514
0CUMULATIVE OUTGOING cross section                 =   18.64607
 To convert to S-factors (MeV.mb = keV.b),  multiply by  1.2763E+02


 CROSS SECTIONS FOR OUTGOING p        & O20      in state #   1 with spins & parities 0.5  + &  0.0  +;  0

     0.01 deg.: X-S =   1.2880E+15 mb/sr,
+                                         /R =   1.0000E+00
     1.00 deg.: X-S =   1.2502E+07 mb/sr,
+                                         /R =   9.7062E-01
     2.00 deg.: X-S =   7.2360E+05 mb/sr,
+                                         /R =   8.9869E-01
     3.00 deg.: X-S =   1.2897E+05 mb/sr,
+                                         /R =   8.1070E-01
     4.00 deg.: X-S =   3.6861E+04 mb/sr,
+                                         /R =   7.3205E-01
     5.00 deg.: X-S =   1.4207E+04 mb/sr,
+                                         /R =   6.8849E-01
     6.00 deg.: X-S =  7025.333447 mb/sr,
+                                         /R =   7.0560E-01
     7.00 deg.: X-S =  4341.922066 mb/sr,
+                                         /R =   8.0737E-01
     8.00 deg.: X-S =  3200.765768 mb/sr,
+                                         /R =   1.0146E+00
     9.00 deg.: X-S =  2647.474731 mb/sr,
+                                         /R =   1.3431E+00
    10.00 deg.: X-S =  2333.242541 mb/sr,
+                                         /R =   1.8023E+00
    11.00 deg.: X-S =  2119.387933 mb/sr,
+                                         /R =   2.3944E+00
    12.00 deg.: X-S =  1947.851081 mb/sr,
+                                         /R =   3.1130E+00
    13.00 deg.: X-S =  1793.898070 mb/sr,
+                                         /R =   3.9439E+00
    14.00 deg.: X-S =  1647.323405 mb/sr,
+                                         /R =   4.8646E+00
    15.00 deg.: X-S =  1504.462664 mb/sr,
+                                         /R =   5.8461E+00
    16.00 deg.: X-S =  1364.613465 mb/sr,
+                                         /R =   6.8537E+00
    17.00 deg.: X-S =  1228.363768 mb/sr,
+                                         /R =   7.8492E+00
    18.00 deg.: X-S =  1096.787148 mb/sr,
+                                         /R =   8.7931E+00
    19.00 deg.: X-S =   971.049057 mb/sr,
+                                         /R =   9.6465E+00
    20.00 deg.: X-S =   852.215252 mb/sr,
+                                         /R =   1.0373E+01
    21.00 deg.: X-S =   741.163053 mb/sr,
+                                         /R =   1.0943E+01
    22.00 deg.: X-S =   638.546562 mb/sr,
+                                         /R =   1.1331E+01
    23.00 deg.: X-S =   544.790997 mb/sr,
+                                         /R =   1.1522E+01
    24.00 deg.: X-S =   460.103087 mb/sr,
+                                         /R =   1.1510E+01
    25.00 deg.: X-S =   384.490358 mb/sr,
+                                         /R =   1.1296E+01
    26.00 deg.: X-S =   317.785222 mb/sr,
+                                         /R =   1.0894E+01
    27.00 deg.: X-S =   259.671349 mb/sr,
+                                         /R =   1.0324E+01
    28.00 deg.: X-S =   209.710716 mb/sr,
+                                         /R =   9.6164E+00
    29.00 deg.: X-S =   167.370223 mb/sr,
+                                         /R =   8.8058E+00
    30.00 deg.: X-S =   132.047078 mb/sr,
+                                         /R =   7.9324E+00
    31.00 deg.: X-S =   103.092387 mb/sr,
+                                         /R =   7.0390E+00
    32.00 deg.: X-S =    79.832542 mb/sr,
+                                         /R =   6.1691E+00
    33.00 deg.: X-S =    61.588136 mb/sr,
+                                         /R =   5.3648E+00
    34.00 deg.: X-S =    47.690250 mb/sr,
+                                         /R =   4.6651E+00
    35.00 deg.: X-S =    37.494072 mb/sr,
+                                         /R =   4.1041E+00
    36.00 deg.: X-S =    30.389851 mb/sr,
+                                         /R =   3.7098E+00
    37.00 deg.: X-S =    25.811317 mb/sr,
+                                         /R =   3.5027E+00
    38.00 deg.: X-S =    23.241705 mb/sr,
+                                         /R =   3.4956E+00
    39.00 deg.: X-S =    22.217592 mb/sr,
+                                         /R =   3.6929E+00
    40.00 deg.: X-S =    22.330786 mb/sr,
+                                         /R =   4.0907E+00
    41.00 deg.: X-S =    23.228514 mb/sr,
+                                         /R =   4.6775E+00
    42.00 deg.: X-S =    24.612183 mb/sr,
+                                         /R =   5.4345E+00
    43.00 deg.: X-S =    26.234964 mb/sr,
+                                         /R =   6.3369E+00
    44.00 deg.: X-S =    27.898463 mb/sr,
+                                         /R =   7.3549E+00
    45.00 deg.: X-S =    29.448714 mb/sr,
+                                         /R =   8.4551E+00
    46.00 deg.: X-S =    30.771716 mb/sr,
+                                         /R =   9.6019E+00
    47.00 deg.: X-S =    31.788713 mb/sr,
+                                         /R =   1.0759E+01
    48.00 deg.: X-S =    32.451378 mb/sr,
+                                         /R =   1.1890E+01
    49.00 deg.: X-S =    32.737064 mb/sr,
+                                         /R =   1.2961E+01
    50.00 deg.: X-S =    32.644229 mb/sr,
+                                         /R =   1.3941E+01
    51.00 deg.: X-S =    32.188123 mb/sr,
+                                         /R =   1.4802E+01
    52.00 deg.: X-S =    31.396831 mb/sr,
+                                         /R =   1.5522E+01
    53.00 deg.: X-S =    30.307692 mb/sr,
+                                         /R =   1.6083E+01
    54.00 deg.: X-S =    28.964141 mb/sr,
+                                         /R =   1.6472E+01
    55.00 deg.: X-S =    27.412983 mb/sr,
+                                         /R =   1.6683E+01
    56.00 deg.: X-S =    25.702093 mb/sr,
+                                         /R =   1.6715E+01
    57.00 deg.: X-S =    23.878533 mb/sr,
+                                         /R =   1.6571E+01
    58.00 deg.: X-S =    21.987053 mb/sr,
+                                         /R =   1.6261E+01
    59.00 deg.: X-S =    20.068961 mb/sr,
+                                         /R =   1.5797E+01
    60.00 deg.: X-S =    18.161315 mb/sr,
+                                         /R =   1.5196E+01
    61.00 deg.: X-S =    16.296403 mb/sr,
+                                         /R =   1.4476E+01
    62.00 deg.: X-S =    14.501473 mb/sr,
+                                         /R =   1.3660E+01
    63.00 deg.: X-S =    12.798678 mb/sr,
+                                         /R =   1.2770E+01
    64.00 deg.: X-S =    11.205181 mb/sr,
+                                         /R =   1.1829E+01
    65.00 deg.: X-S =     9.733412 mb/sr,
+                                         /R =   1.0860E+01
    66.00 deg.: X-S =     8.391416 mb/sr,
+                                         /R =   9.8847E+00
    67.00 deg.: X-S =     7.183282 mb/sr,
+                                         /R =   8.9243E+00
    68.00 deg.: X-S =     6.109615 mb/sr,
+                                         /R =   7.9975E+00
    69.00 deg.: X-S =     5.168037 mb/sr,
+                                         /R =   7.1208E+00
    70.00 deg.: X-S =     4.353686 mb/sr,
+                                         /R =   6.3083E+00
    71.00 deg.: X-S =     3.659710 mb/sr,
+                                         /R =   5.5713E+00
    72.00 deg.: X-S =     3.077735 mb/sr,
+                                         /R =   4.9181E+00
    73.00 deg.: X-S =     2.598299 mb/sr,
+                                         /R =   4.3544E+00
    74.00 deg.: X-S =     2.211247 mb/sr,
+                                         /R =   3.8831E+00
    75.00 deg.: X-S =     1.906081 mb/sr,
+                                         /R =   3.5045E+00
    76.00 deg.: X-S =     1.672266 mb/sr,
+                                         /R =   3.2164E+00
    77.00 deg.: X-S =     1.499481 mb/sr,
+                                         /R =   3.0146E+00
    78.00 deg.: X-S =     1.377831 mb/sr,
+                                         /R =   2.8932E+00
    79.00 deg.: X-S =     1.298012 mb/sr,
+                                         /R =   2.8445E+00
    80.00 deg.: X-S =     1.251436 mb/sr,
+                                         /R =   2.8600E+00
    81.00 deg.: X-S =     1.230311 mb/sr,
+                                         /R =   2.9301E+00
    82.00 deg.: X-S =     1.227700 mb/sr,
+                                         /R =   3.0448E+00
    83.00 deg.: X-S =     1.237538 mb/sr,
+                                         /R =   3.1938E+00
    84.00 deg.: X-S =     1.254630 mb/sr,
+                                         /R =   3.3671E+00
    85.00 deg.: X-S =     1.274629 mb/sr,
+                                         /R =   3.5548E+00
    86.00 deg.: X-S =     1.293994 mb/sr,
+                                         /R =   3.7476E+00
    87.00 deg.: X-S =     1.309936 mb/sr,
+                                         /R =   3.9372E+00
    88.00 deg.: X-S =     1.320354 mb/sr,
+                                         /R =   4.1159E+00
    89.00 deg.: X-S =     1.323768 mb/sr,
+                                         /R =   4.2771E+00
    90.00 deg.: X-S =     1.319245 mb/sr,
+                                         /R =   4.4153E+00
    91.00 deg.: X-S =     1.306323 mb/sr,
+                                         /R =   4.5260E+00
    92.00 deg.: X-S =     1.284941 mb/sr,
+                                         /R =   4.6059E+00
    93.00 deg.: X-S =     1.255365 mb/sr,
+                                         /R =   4.6528E+00
    94.00 deg.: X-S =     1.218127 mb/sr,
+                                         /R =   4.6655E+00
    95.00 deg.: X-S =     1.173956 mb/sr,
+                                         /R =   4.6437E+00
    96.00 deg.: X-S =     1.123729 mb/sr,
+                                         /R =   4.5883E+00
    97.00 deg.: X-S =     1.068416 mb/sr,
+                                         /R =   4.5005E+00
    98.00 deg.: X-S =     1.009039 mb/sr,
+                                         /R =   4.3825E+00
    99.00 deg.: X-S =     0.946634 mb/sr,
+                                         /R =   4.2370E+00
   100.00 deg.: X-S =     0.882217 mb/sr,
+                                         /R =   4.0671E+00
   101.00 deg.: X-S =     0.816762 mb/sr,
+                                         /R =   3.8762E+00
   102.00 deg.: X-S =     0.751179 mb/sr,
+                                         /R =   3.6681E+00
   103.00 deg.: X-S =     0.686300 mb/sr,
+                                         /R =   3.4465E+00
   104.00 deg.: X-S =     0.622866 mb/sr,
+                                         /R =   3.2153E+00
   105.00 deg.: X-S =     0.561523 mb/sr,
+                                         /R =   2.9780E+00
   106.00 deg.: X-S =     0.502819 mb/sr,
+                                         /R =   2.7384E+00
   107.00 deg.: X-S =     0.447202 mb/sr,
+                                         /R =   2.4998E+00
   108.00 deg.: X-S =     0.395022 mb/sr,
+                                         /R =   2.2654E+00
   109.00 deg.: X-S =     0.346541 mb/sr,
+                                         /R =   2.0379E+00
   110.00 deg.: X-S =     0.301930 mb/sr,
+                                         /R =   1.8199E+00
   111.00 deg.: X-S =     0.261284 mb/sr,
+                                         /R =   1.6135E+00
   112.00 deg.: X-S =     0.224624 mb/sr,
+                                         /R =   1.4205E+00
   113.00 deg.: X-S =     0.191911 mb/sr,
+                                         /R =   1.2423E+00
   114.00 deg.: X-S =     0.163048 mb/sr,
+                                         /R =   1.0799E+00
   115.00 deg.: X-S =     0.137895 mb/sr,
+                                         /R =   9.3402E-01
   116.00 deg.: X-S =     0.116272 mb/sr,
+                                         /R =   8.0510E-01
   117.00 deg.: X-S =     0.097968 mb/sr,
+                                         /R =   6.9317E-01
   118.00 deg.: X-S =     0.082752 mb/sr,
+                                         /R =   5.9804E-01
   119.00 deg.: X-S =     0.070374 mb/sr,
+                                         /R =   5.1926E-01
   120.00 deg.: X-S =     0.060575 mb/sr,
+                                         /R =   4.5615E-01
   121.00 deg.: X-S =     0.053090 mb/sr,
+                                         /R =   4.0784E-01
   122.00 deg.: X-S =     0.047657 mb/sr,
+                                         /R =   3.7333E-01
   123.00 deg.: X-S =     0.044014 mb/sr,
+                                         /R =   3.5146E-01
   124.00 deg.: X-S =     0.041908 mb/sr,
+                                         /R =   3.4098E-01
   125.00 deg.: X-S =     0.041098 mb/sr,
+                                         /R =   3.4059E-01
   126.00 deg.: X-S =     0.041353 mb/sr,
+                                         /R =   3.4892E-01
   127.00 deg.: X-S =     0.042458 mb/sr,
+                                         /R =   3.6460E-01
   128.00 deg.: X-S =     0.044211 mb/sr,
+                                         /R =   3.8625E-01
   129.00 deg.: X-S =     0.046431 mb/sr,
+                                         /R =   4.1253E-01
   130.00 deg.: X-S =     0.048950 mb/sr,
+                                         /R =   4.4213E-01
   131.00 deg.: X-S =     0.051619 mb/sr,
+                                         /R =   4.7380E-01
   132.00 deg.: X-S =     0.054307 mb/sr,
+                                         /R =   5.0637E-01
   133.00 deg.: X-S =     0.056898 mb/sr,
+                                         /R =   5.3874E-01
   134.00 deg.: X-S =     0.059296 mb/sr,
+                                         /R =   5.6993E-01
   135.00 deg.: X-S =     0.061418 mb/sr,
+                                         /R =   5.9903E-01
   136.00 deg.: X-S =     0.063199 mb/sr,
+                                         /R =   6.2526E-01
   137.00 deg.: X-S =     0.064587 mb/sr,
+                                         /R =   6.4796E-01
   138.00 deg.: X-S =     0.065546 mb/sr,
+                                         /R =   6.6657E-01
   139.00 deg.: X-S =     0.066053 mb/sr,
+                                         /R =   6.8066E-01
   140.00 deg.: X-S =     0.066094 mb/sr,
+                                         /R =   6.8992E-01
   141.00 deg.: X-S =     0.065671 mb/sr,
+                                         /R =   6.9415E-01
   142.00 deg.: X-S =     0.064794 mb/sr,
+                                         /R =   6.9328E-01
   143.00 deg.: X-S =     0.063481 mb/sr,
+                                         /R =   6.8733E-01
   144.00 deg.: X-S =     0.061760 mb/sr,
+                                         /R =   6.7644E-01
   145.00 deg.: X-S =     0.059666 mb/sr,
+                                         /R =   6.6084E-01
   146.00 deg.: X-S =     0.057239 mb/sr,
+                                         /R =   6.4087E-01
   147.00 deg.: X-S =     0.054524 mb/sr,
+                                         /R =   6.1691E-01
   148.00 deg.: X-S =     0.051569 mb/sr,
+                                         /R =   5.8946E-01
   149.00 deg.: X-S =     0.048428 mb/sr,
+                                         /R =   5.5902E-01
   150.00 deg.: X-S =     0.045152 mb/sr,
+                                         /R =   5.2619E-01
   151.00 deg.: X-S =     0.041796 mb/sr,
+                                         /R =   4.9157E-01
   152.00 deg.: X-S =     0.038411 mb/sr,
+                                         /R =   4.5579E-01
   153.00 deg.: X-S =     0.035049 mb/sr,
+                                         /R =   4.1947E-01
   154.00 deg.: X-S =     0.031760 mb/sr,
+                                         /R =   3.8323E-01
   155.00 deg.: X-S =     0.028587 mb/sr,
+                                         /R =   3.4768E-01
   156.00 deg.: X-S =     0.025572 mb/sr,
+                                         /R =   3.1338E-01
   157.00 deg.: X-S =     0.022751 mb/sr,
+                                         /R =   2.8084E-01
   158.00 deg.: X-S =     0.020154 mb/sr,
+                                         /R =   2.5052E-01
   159.00 deg.: X-S =     0.017807 mb/sr,
+                                         /R =   2.2282E-01
   160.00 deg.: X-S =     0.015728 mb/sr,
+                                         /R =   1.9805E-01
   161.00 deg.: X-S =     0.013929 mb/sr,
+                                         /R =   1.7645E-01
   162.00 deg.: X-S =     0.012415 mb/sr,
+                                         /R =   1.5817E-01
   163.00 deg.: X-S =     0.011186 mb/sr,
+                                         /R =   1.4328E-01
   164.00 deg.: X-S =     0.010235 mb/sr,
+                                         /R =   1.3177E-01
   165.00 deg.: X-S =     0.009550 mb/sr,
+                                         /R =   1.2353E-01
   166.00 deg.: X-S =     0.009112 mb/sr,
+                                         /R =   1.1839E-01
   167.00 deg.: X-S =     0.008900 mb/sr,
+                                         /R =   1.1611E-01
   168.00 deg.: X-S =     0.008886 mb/sr,
+                                         /R =   1.1637E-01
   169.00 deg.: X-S =     0.009041 mb/sr,
+                                         /R =   1.1882E-01
   170.00 deg.: X-S =     0.009334 mb/sr,
+                                         /R =   1.2307E-01
   171.00 deg.: X-S =     0.009731 mb/sr,
+                                         /R =   1.2868E-01
   172.00 deg.: X-S =     0.010199 mb/sr,
+                                         /R =   1.3522E-01
   173.00 deg.: X-S =     0.010705 mb/sr,
+                                         /R =   1.4224E-01
   174.00 deg.: X-S =     0.011217 mb/sr,
+                                         /R =   1.4934E-01
   175.00 deg.: X-S =     0.011705 mb/sr,
+                                         /R =   1.5610E-01
   176.00 deg.: X-S =     0.012143 mb/sr,
+                                         /R =   1.6216E-01
   177.00 deg.: X-S =     0.012508 mb/sr,
+                                         /R =   1.6722E-01
   178.00 deg.: X-S =     0.012782 mb/sr,
+                                         /R =   1.7102E-01
   179.00 deg.: X-S =     0.012953 mb/sr,
+                                         /R =   1.7337E-01
   179.99 deg.: X-S =     0.013010 mb/sr,
+                                         /R =   1.7417E-01
                                           Integrated********** mb, over [   0.000, 180.000] at    35.0000 MeV 

 CROSS SECTIONS FOR OUTGOING p        & O20      in state #   2 with spins & parities 0.5  + &  2.0  +;  0

     0.00 deg.: X-S =    12.464645 mb/sr,
+                                         REAC   1.8646E+01 mb
     1.00 deg.: X-S =    12.524368 mb/sr,
     2.00 deg.: X-S =    12.675297 mb/sr,
     3.00 deg.: X-S =    12.845414 mb/sr,
     4.00 deg.: X-S =    12.949793 mb/sr,
     5.00 deg.: X-S =    12.923334 mb/sr,
     6.00 deg.: X-S =    12.740838 mb/sr,
     7.00 deg.: X-S =    12.418564 mb/sr,
     8.00 deg.: X-S =    12.000325 mb/sr,
     9.00 deg.: X-S =    11.536975 mb/sr,
    10.00 deg.: X-S =    11.069432 mb/sr,
    11.00 deg.: X-S =    10.621761 mb/sr,
    12.00 deg.: X-S =    10.204187 mb/sr,
    13.00 deg.: X-S =     9.820734 mb/sr,
    14.00 deg.: X-S =     9.475517 mb/sr,
    15.00 deg.: X-S =     9.174688 mb/sr,
    16.00 deg.: X-S =     8.924594 mb/sr,
    17.00 deg.: X-S =     8.728712 mb/sr,
    18.00 deg.: X-S =     8.585809 mb/sr,
    19.00 deg.: X-S =     8.490165 mb/sr,
    20.00 deg.: X-S =     8.433117 mb/sr,
    21.00 deg.: X-S =     8.404677 mb/sr,
    22.00 deg.: X-S =     8.394508 mb/sr,
    23.00 deg.: X-S =     8.392352 mb/sr,
    24.00 deg.: X-S =     8.388298 mb/sr,
    25.00 deg.: X-S =     8.373111 mb/sr,
    26.00 deg.: X-S =     8.338557 mb/sr,
    27.00 deg.: X-S =     8.277545 mb/sr,
    28.00 deg.: X-S =     8.184101 mb/sr,
    29.00 deg.: X-S =     8.053395 mb/sr,
    30.00 deg.: X-S =     7.882038 mb/sr,
    31.00 deg.: X-S =     7.668563 mb/sr,
    32.00 deg.: X-S =     7.413755 mb/sr,
    33.00 deg.: X-S =     7.120546 mb/sr,
    34.00 deg.: X-S =     6.793441 mb/sr,
    35.00 deg.: X-S =     6.437790 mb/sr,
    36.00 deg.: X-S =     6.059302 mb/sr,
    37.00 deg.: X-S =     5.663961 mb/sr,
    38.00 deg.: X-S =     5.258181 mb/sr,
    39.00 deg.: X-S =     4.848857 mb/sr,
    40.00 deg.: X-S =     4.443116 mb/sr,
    41.00 deg.: X-S =     4.047809 mb/sr,
    42.00 deg.: X-S =     3.669028 mb/sr,
    43.00 deg.: X-S =     3.311867 mb/sr,
    44.00 deg.: X-S =     2.980450 mb/sr,
    45.00 deg.: X-S =     2.678057 mb/sr,
    46.00 deg.: X-S =     2.407163 mb/sr,
    47.00 deg.: X-S =     2.169351 mb/sr,
    48.00 deg.: X-S =     1.965208 mb/sr,
    49.00 deg.: X-S =     1.794345 mb/sr,
    50.00 deg.: X-S =     1.655576 mb/sr,
    51.00 deg.: X-S =     1.547125 mb/sr,
    52.00 deg.: X-S =     1.466752 mb/sr,
    53.00 deg.: X-S =     1.411749 mb/sr,
    54.00 deg.: X-S =     1.378919 mb/sr,
    55.00 deg.: X-S =     1.364666 mb/sr,
    56.00 deg.: X-S =     1.365250 mb/sr,
    57.00 deg.: X-S =     1.377071 mb/sr,
    58.00 deg.: X-S =     1.396859 mb/sr,
    59.00 deg.: X-S =     1.421656 mb/sr,
    60.00 deg.: X-S =     1.448681 mb/sr,
    61.00 deg.: X-S =     1.475238 mb/sr,
    62.00 deg.: X-S =     1.498783 mb/sr,
    63.00 deg.: X-S =     1.517132 mb/sr,
    64.00 deg.: X-S =     1.528658 mb/sr,
    65.00 deg.: X-S =     1.532346 mb/sr,
    66.00 deg.: X-S =     1.527651 mb/sr,
    67.00 deg.: X-S =     1.514298 mb/sr,
    68.00 deg.: X-S =     1.492139 mb/sr,
    69.00 deg.: X-S =     1.461174 mb/sr,
    70.00 deg.: X-S =     1.421663 mb/sr,
    71.00 deg.: X-S =     1.374221 mb/sr,
    72.00 deg.: X-S =     1.319786 mb/sr,
    73.00 deg.: X-S =     1.259472 mb/sr,
    74.00 deg.: X-S =     1.194412 mb/sr,
    75.00 deg.: X-S =     1.125666 mb/sr,
    76.00 deg.: X-S =     1.054234 mb/sr,
    77.00 deg.: X-S =     0.981129 mb/sr,
    78.00 deg.: X-S =     0.907401 mb/sr,
    79.00 deg.: X-S =     0.834108 mb/sr,
    80.00 deg.: X-S =     0.762228 mb/sr,
    81.00 deg.: X-S =     0.692593 mb/sr,
    82.00 deg.: X-S =     0.625873 mb/sr,
    83.00 deg.: X-S =     0.562611 mb/sr,
    84.00 deg.: X-S =     0.503260 mb/sr,
    85.00 deg.: X-S =     0.448194 mb/sr,
    86.00 deg.: X-S =     0.397687 mb/sr,
    87.00 deg.: X-S =     0.351891 mb/sr,
    88.00 deg.: X-S =     0.310838 mb/sr,
    89.00 deg.: X-S =     0.274463 mb/sr,
    90.00 deg.: X-S =     0.242639 mb/sr,
    91.00 deg.: X-S =     0.215191 mb/sr,
    92.00 deg.: X-S =     0.191893 mb/sr,
    93.00 deg.: X-S =     0.172458 mb/sr,
    94.00 deg.: X-S =     0.156548 mb/sr,
    95.00 deg.: X-S =     0.143801 mb/sr,
    96.00 deg.: X-S =     0.133854 mb/sr,
    97.00 deg.: X-S =     0.126360 mb/sr,
    98.00 deg.: X-S =     0.120982 mb/sr,
    99.00 deg.: X-S =     0.117380 mb/sr,
   100.00 deg.: X-S =     0.115212 mb/sr,
   101.00 deg.: X-S =     0.114146 mb/sr,
   102.00 deg.: X-S =     0.113884 mb/sr,
   103.00 deg.: X-S =     0.114171 mb/sr,
   104.00 deg.: X-S =     0.114794 mb/sr,
   105.00 deg.: X-S =     0.115565 mb/sr,
   106.00 deg.: X-S =     0.116313 mb/sr,
   107.00 deg.: X-S =     0.116884 mb/sr,
   108.00 deg.: X-S =     0.117156 mb/sr,
   109.00 deg.: X-S =     0.117038 mb/sr,
   110.00 deg.: X-S =     0.116478 mb/sr,
   111.00 deg.: X-S =     0.115445 mb/sr,
   112.00 deg.: X-S =     0.113922 mb/sr,
   113.00 deg.: X-S =     0.111903 mb/sr,
   114.00 deg.: X-S =     0.109397 mb/sr,
   115.00 deg.: X-S =     0.106431 mb/sr,
   116.00 deg.: X-S =     0.103052 mb/sr,
   117.00 deg.: X-S =     0.099311 mb/sr,
   118.00 deg.: X-S =     0.095264 mb/sr,
   119.00 deg.: X-S =     0.090959 mb/sr,
   120.00 deg.: X-S =     0.086449 mb/sr,
   121.00 deg.: X-S =     0.081790 mb/sr,
   122.00 deg.: X-S =     0.077044 mb/sr,
   123.00 deg.: X-S =     0.072271 mb/sr,
   124.00 deg.: X-S =     0.067526 mb/sr,
   125.00 deg.: X-S =     0.062853 mb/sr,
   126.00 deg.: X-S =     0.058290 mb/sr,
   127.00 deg.: X-S =     0.053872 mb/sr,
   128.00 deg.: X-S =     0.049635 mb/sr,
   129.00 deg.: X-S =     0.045612 mb/sr,
   130.00 deg.: X-S =     0.041825 mb/sr,
   131.00 deg.: X-S =     0.038286 mb/sr,
   132.00 deg.: X-S =     0.035000 mb/sr,
   133.00 deg.: X-S =     0.031970 mb/sr,
   134.00 deg.: X-S =     0.029202 mb/sr,
   135.00 deg.: X-S =     0.026698 mb/sr,
   136.00 deg.: X-S =     0.024457 mb/sr,
   137.00 deg.: X-S =     0.022466 mb/sr,
   138.00 deg.: X-S =     0.020705 mb/sr,
   139.00 deg.: X-S =     0.019158 mb/sr,
   140.00 deg.: X-S =     0.017810 mb/sr,
   141.00 deg.: X-S =     0.016656 mb/sr,
   142.00 deg.: X-S =     0.015686 mb/sr,
   143.00 deg.: X-S =     0.014888 mb/sr,
   144.00 deg.: X-S =     0.014238 mb/sr,
   145.00 deg.: X-S =     0.013712 mb/sr,
   146.00 deg.: X-S =     0.013289 mb/sr,
   147.00 deg.: X-S =     0.012959 mb/sr,
   148.00 deg.: X-S =     0.012718 mb/sr,
   149.00 deg.: X-S =     0.012561 mb/sr,
   150.00 deg.: X-S =     0.012480 mb/sr,
   151.00 deg.: X-S =     0.012461 mb/sr,
   152.00 deg.: X-S =     0.012489 mb/sr,
   153.00 deg.: X-S =     0.012555 mb/sr,
   154.00 deg.: X-S =     0.012654 mb/sr,
   155.00 deg.: X-S =     0.012788 mb/sr,
   156.00 deg.: X-S =     0.012956 mb/sr,
   157.00 deg.: X-S =     0.013157 mb/sr,
   158.00 deg.: X-S =     0.013385 mb/sr,
   159.00 deg.: X-S =     0.013634 mb/sr,
   160.00 deg.: X-S =     0.013901 mb/sr,
   161.00 deg.: X-S =     0.014184 mb/sr,
   162.00 deg.: X-S =     0.014483 mb/sr,
   163.00 deg.: X-S =     0.014796 mb/sr,
   164.00 deg.: X-S =     0.015121 mb/sr,
   165.00 deg.: X-S =     0.015454 mb/sr,
   166.00 deg.: X-S =     0.015792 mb/sr,
   167.00 deg.: X-S =     0.016134 mb/sr,
   168.00 deg.: X-S =     0.016474 mb/sr,
   169.00 deg.: X-S =     0.016810 mb/sr,
   170.00 deg.: X-S =     0.017134 mb/sr,
   171.00 deg.: X-S =     0.017442 mb/sr,
   172.00 deg.: X-S =     0.017730 mb/sr,
   173.00 deg.: X-S =     0.017996 mb/sr,
   174.00 deg.: X-S =     0.018238 mb/sr,
   175.00 deg.: X-S =     0.018452 mb/sr,
   176.00 deg.: X-S =     0.018633 mb/sr,
   177.00 deg.: X-S =     0.018776 mb/sr,
   178.00 deg.: X-S =     0.018879 mb/sr,
   179.00 deg.: X-S =     0.018940 mb/sr,
   180.00 deg.: X-S =     0.018961 mb/sr,
                                           Integrated   18.6441 mb, over [   0.000, 180.000] at    35.0000 MeV 
 Finished all xsecs @   0.363240004    

  The following files have been created:
   3:local copy of User input.            6:standard output.                   
   7:elastic  S-matrix elements.         13:total cross sections/state.        
  16:tables of cross sections.           35:Astrophysics S-factors  / Ecm.     
  38:cross sections for each J/pi.       39:cross sections for each Ecm.       
  40:all cross sectns. for each Elab.    45:scat phase shift as E functions.   
  56:Fusion for each Jtotal.             75:S-factors for lab energies.        
 201:Separate cross sections.           202:Separate cross sections.           

 PARAMETERS : MAXQRN   MFNL   MLOC  LMAX1 MCLIST
    ALLOWED :      1     36      9     70     15
    REQUIRED:      0      0      9     54      9


 ACCURACY ANALYSIS at    35.000 MeV :

  Elastic h*k = 0.037 so OK       compared with 0.200

   Real(S-el) > 0.01 first at J =       0.5
   Real(S-el) > 0.10 first at J =       0.5
   Real(S-el) > 0.50 first at J =       5.5
   Real(S-el) > 0.90 first at J =       6.5
   Real(S-el) > 0.99 first at J =       8.5
   R-turn =    41.01 fm    at J =      50.5

 Forward-angle excitation cut off below   0.480 deg by max JT =      50.5
                              and below   0.330 deg by max R.

 Total CPU  0 time =       0.36 seconds
