 FRESCO - FRES 3.4: Coupled Reaction Channels
 Assuming NAMELIST input.

 p+O20 with CH89;                                                                

   0.030  60.000   0.500   0.000   0.000   0.000   0.000   0.000   0.000   0.000

 Centre-of-mass Range is   2002 * 0.0300 fm., Maximum at  60.00 fm., Interpolating NL forms every  0.51 fm.
 Non - locality width is      4 * 0.0300 fm., Maximum of   0.09 fm., Centred at  0.00 fm.
 2-Nucleon Separation of      0 * 0.5100 fm., Maximum of   0.00 fm., Minimum at  0.00 fm.
 Maximum single particle bins of 59.6700 fm.
               M,Mint =         2001        1990


 Range of total J is     0.0 <= J <=    50.0 (at least     0.0) and Absorbtion =>     0.0010 mb.
 Dry Run = F, CC set limits =  0  0, Relativistic kinematics =  , Both/Far/Near Analyses =  1                     

 Cross Sections (and up to T0 for 0=projectile) for Theta from   3.0 to-180.0 in steps of  1.0 degrees, DGAM=0,  Coordinates = 0 (Mads)

 Lower Radial Cutoff = maximum of -1.60*L*h &       0.0 fm.,  Lower Cutoff for Couplings =   0.0  fm.


 Iterate Couplings between   0 and   0 times, to  0.000 % if sooner.                                          
  Block solved exactly =   0 chs., with Pade = 0 & Isocen =  =0, NOSOL = F, initwf =  0
  NL quadrature with   18 Gaussian points, Calculate multipoles up to    56 from   0
  M-transfers for lp+lt greater than or equal to  6, Angular Integration Cutoff below  2.7778 %


 Trace switches are :  CHANS =  1, LISTCC =  0, TRENEG =  0, CDETR =  0, SMATS =  2, XSTABL =  1, NLPL =  0

                       WAVES =  0, LAMPL =  0, VEFF =  0, KFUS =  0, WDISK =  0, BPM =  0, MELFIL =  0

                       CDCC =  0, NFUS =  0

 Using unit mass = 1.000000 amu and 1/fine-structure constant = 137.03599 ( 1.000000 * true ) with hc = 197.32705 MeV.fm,
  thus 2*amu/hbar^2 = 0.0478450 = 1/20.9008 and Coulomb constant = 0.1574855 so e^2 = 1.43997, and nuclear magneton= 0.1261183

 Now pre-scan input and save to file 3



 *********** PARTITION NUMBER  1 ******************************************************************************************

   PROJ=p          MASS=  1.0073 Z=   1.0,        # STATES=    1T, TARG=O20      MASS= 19.9997 Z=   8.0,     Q-VALUE =  -0.0000 MEV.

     1:  J= 0.5+ (B# 1), E=  0.0000, K= 0.5              Potl#  1       J= 0.0+ (B# 1), E=  0.0000, K= 0.0    


 ************************************************************************************************************************************

 The following POTENTIALS are defined :

  KP#       TYPE      IT    SHAPE      at     V1        r1        a1        V2        r2        a2        A-in     A-used


                                            A#1       A#2        r0c       ac                                                h @ 1
    1    0=Coulomb       0=CHARGE (WS)  1    20.000     0.000    1.2842    0.0000    0.0000    0.0000     0.000    20.000   0.03000

    1    1=Volume        0=Woods-Saxon  2   60.1129    1.1671    0.6900    4.1029    1.1753    0.6900     0.000    20.000

    1    2=Surface       0=Woods-Saxon  3    0.0000    0.0000    0.0000    8.7067    1.1753    0.6900     0.000    20.000

    1    3=Projtl S.O.   0=Woods-Saxon  4    5.9000    0.8979    0.6300    0.0000    0.0000    0.0000     0.000    20.000

 Incoming partition  1 in excitation state # 1,   Laboratory Energy given for partition  1 Nucleus 1 in Excitation pair 1

0Lab. ENERGY ranges :

   from    35.0000     to   0.00000     in     0 intervals
   from    0.00000     to   0.00000     in     0 intervals
   from    0.00000     to   0.00000     in     0 intervals

 Largest real,imaginary parts of any form factor at R=   59.52 are   2.42E-02  9.33E-32 MeV
 Finished all Couplings @    4.28999891E-04           4

 Symmetric Hamiltonian
1***********************************************************************************************************************************
************************************************************************************************************************************

        INCOMING p        ;    LABORATORY p        ENERGY =   35.000     MeV.

 ***********************************************************************************************************************************
 ***********************************************************************************************************************************

 Allocate arrays for            2  channels, of which            1  need wfs.

 ######################################################################################################################
 #                                                                                                                    #
 # Total SPIN and PARITY =     0.5 +,      1 channels,    0 in 1st block.  Rmin & Coul turning =    0.0    0.3 fm.  #
 #                                                                                                                    #
 ######################################################################################################################



    C Projectl Target   #   EX.   (L  Proj) J  + Targ = Jtotal     E-cm      Re K     Re Eta     RM*K            CH
    1 p        O20      #    1: I   0 0.5    0.5  0.0     0.5    33.32176   1.23648   0.21373   74.1887   0.33920  -0.36833 1 1 1   1
   S-matrix    1 =    0.35683   0.03618 for L=    0, J=    0.5 channel on core I =   0.0 from L=    0,  Acc. loss =  0.0 D.
 Elastic phase shift   1 =    2.895  29.375 deg. for the L =    0, J =    0.5 channel.
       0.5  0.35682712  0.03617826i: elastic S-matrix  @@      0.00  0   0 F  0
 Reaction Xsec     0.5+/ 0 @ 1 =  17.905 , Out:   0.000#


 Total SPIN, PARITY =     0.5 -,      1 chs,      0 cc.  Rmin & Coul turning =    0.0    0.3
   S-matrix    1 =    0.25692  -0.24482 for L=    1, J=    0.5 channel on core I =   0.0 from L=    1,  Acc. loss =  0.0 D.
 Elastic phase shift   1 =  -21.809  29.678 deg. for the L =    1, J =    0.5 channel.
       0.5  0.25691910 -0.24481647i: elastic S-matrix  @@      0.00  0   0 F  0
 Reaction Xsec     0.5-/ 1 @ 1 =  17.960 , Out:   0.000#


 Total SPIN, PARITY =     1.5 +,      1 chs,      0 cc.  Rmin & Coul turning =    0.0    1.3
   S-matrix    1 =   -0.03666  -0.31298 for L=    2, J=    1.5 channel on core I =   0.0 from L=    2,  Acc. loss =  0.0 D.
 Elastic phase shift   1 =  -48.341  33.083 deg. for the L =    2, J =    1.5 channel.
       1.5 -0.03666342 -0.31297643i: elastic S-matrix  @@      0.00  0   0 F  0
 Reaction Xsec     1.5+/ 2 @ 1 =  37.016 , Out:   0.000#


 Total SPIN, PARITY =     1.5 -,      1 chs,      0 cc.  Rmin & Coul turning =    0.0    1.3
   S-matrix    1 =    0.35082  -0.11687 for L=    1, J=    1.5 channel on core I =   0.0 from L=    1,  Acc. loss =  0.0 D.
 Elastic phase shift   1 =   -9.212  28.500 deg. for the L =    1, J =    1.5 channel.
       1.5  0.35082389 -0.11687109i: elastic S-matrix  @@      0.00  0   0 F  0
 Reaction Xsec     1.5-/ 1 @ 1 =  35.477 , Out:   0.000#


 Total SPIN, PARITY =     2.5 +,      1 chs,      0 cc.  Rmin & Coul turning =    0.1    2.2
   S-matrix    1 =    0.21263  -0.24240 for L=    2, J=    2.5 channel on core I =   0.0 from L=    2,  Acc. loss =  0.0 D.
 Elastic phase shift   1 =  -24.372  32.425 deg. for the L =    2, J =    2.5 channel.
       2.5  0.21262509 -0.24239963i: elastic S-matrix  @@      0.00  0   0 F  0
 Reaction Xsec     2.5+/ 2 @ 1 =  55.236 , Out:   0.000#


 Total SPIN, PARITY =     2.5 -,      1 chs,      0 cc.  Rmin & Coul turning =    0.1    2.2
   S-matrix    1 =   -0.26037  -0.18179 for L=    3, J=    2.5 channel on core I =   0.0 from L=    3,  Acc. loss =  0.0 D.
 Elastic phase shift   1 =  -72.539  32.862 deg. for the L =    3, J =    2.5 channel.
       2.5 -0.26037461 -0.18179397i: elastic S-matrix  @@      0.00  0   0 F  0
 Reaction Xsec     2.5-/ 3 @ 1 =  55.428 , Out:   0.000#


 Total SPIN, PARITY =     3.5 +,      1 chs,      0 cc.  Rmin & Coul turning =    0.1    3.0
   S-matrix    1 =   -0.09772   0.11860 for L=    4, J=    3.5 channel on core I =   0.0 from L=    4,  Acc. loss =  0.0 D.
 Elastic phase shift   1 =   64.744  53.656 deg. for the L =    4, J =    3.5 channel.
       3.5 -0.09772128  0.11859778i: elastic S-matrix  @@      0.00  0   0 F  0
 Reaction Xsec     3.5+/ 4 @ 1 =  80.252 , Out:   0.000#


 Total SPIN, PARITY =     3.5 -,      1 chs,      0 cc.  Rmin & Coul turning =    0.1    3.0
   S-matrix    1 =   -0.00067  -0.35666 for L=    3, J=    3.5 channel on core I =   0.0 from L=    3,  Acc. loss =  0.0 D.
 Elastic phase shift   1 =  -45.054  29.535 deg. for the L =    3, J =    3.5 channel.
       3.5 -0.00066602 -0.35666274i: elastic S-matrix  @@      0.00  0   0 F  0
 Reaction Xsec     3.5-/ 3 @ 1 =  71.738 , Out:   0.000#


 Total SPIN, PARITY =     4.5 +,      1 chs,      0 cc.  Rmin & Coul turning =    0.2    3.8
   S-matrix    1 =   -0.14209  -0.17882 for L=    4, J=    4.5 channel on core I =   0.0 from L=    4,  Acc. loss =  0.0 D.
 Elastic phase shift   1 =  -64.235  42.303 deg. for the L =    4, J =    4.5 channel.
       4.5 -0.14208710 -0.17882462i: elastic S-matrix  @@      0.00  0   0 F  0
 Reaction Xsec     4.5+/ 4 @ 1 =  97.382 , Out:   0.000#


 Total SPIN, PARITY =     4.5 -,      1 chs,      0 cc.  Rmin & Coul turning =    0.2    3.8
   S-matrix    1 =    0.40796   0.28527 for L=    5, J=    4.5 channel on core I =   0.0 from L=    5,  Acc. loss =  0.0 D.
 Elastic phase shift   1 =   17.482  19.983 deg. for the L =    5, J =    4.5 channel.
       4.5  0.40795865  0.28527111i: elastic S-matrix  @@      0.00  0   0 F  0
 Reaction Xsec     4.5-/ 5 @ 1 =  77.281 , Out:   0.000#


 Total SPIN, PARITY =     5.5 +,      1 chs,      0 cc.  Rmin & Coul turning =    0.2    4.6
   S-matrix    1 =    0.78911   0.18282 for L=    6, J=    5.5 channel on core I =   0.0 from L=    6,  Acc. loss =  0.0 D.
 Elastic phase shift   1 =    6.522   6.036 deg. for the L =    6, J =    5.5 channel.
       5.5  0.78910683  0.18282443i: elastic S-matrix  @@      0.00  0   0 F  0
 Reaction Xsec     5.5+/ 6 @ 1 =  42.398 , Out:   0.000#


 Total SPIN, PARITY =     5.5 -,      1 chs,      0 cc.  Rmin & Coul turning =    0.2    4.6
   S-matrix    1 =    0.21869   0.26460 for L=    5, J=    5.5 channel on core I =   0.0 from L=    5,  Acc. loss =  0.0 D.
 Elastic phase shift   1 =   25.213  30.631 deg. for the L =    5, J =    5.5 channel.
       5.5  0.21869378  0.26459922i: elastic S-matrix  @@      0.00  0   0 F  0
 Reaction Xsec     5.5-/ 5 @ 1 = 108.761 , Out:   0.000#


 Total SPIN, PARITY =     6.5 +,      1 chs,      0 cc.  Rmin & Coul turning =    0.3    5.4
   S-matrix    1 =    0.74502   0.23202 for L=    6, J=    6.5 channel on core I =   0.0 from L=    6,  Acc. loss =  0.0 D.
 Elastic phase shift   1 =    8.649   7.106 deg. for the L =    6, J =    6.5 channel.
       6.5  0.74502329  0.23201587i: elastic S-matrix  @@      0.00  0   0 F  0
 Reaction Xsec     6.5+/ 6 @ 1 =  56.256 , Out:   0.000#


 Total SPIN, PARITY =     6.5 -,      1 chs,      0 cc.  Rmin & Coul turning =    0.3    5.4
   S-matrix    1 =    0.93219   0.07672 for L=    7, J=    6.5 channel on core I =   0.0 from L=    7,  Acc. loss =  0.0 D.
 Elastic phase shift   1 =    2.352   1.915 deg. for the L =    7, J =    6.5 channel.
       6.5  0.93219148  0.07672174i: elastic S-matrix  @@      0.00  0   0 F  0
 Reaction Xsec     6.5-/ 7 @ 1 =  17.999 , Out:   0.000#


 Total SPIN, PARITY =     7.5 +,      1 chs,      0 cc.  Rmin & Coul turning =    0.3    6.2
   S-matrix    1 =    0.97774   0.02831 for L=    8, J=    7.5 channel on core I =   0.0 from L=    8,  Acc. loss =  0.0 D.
 Elastic phase shift   1 =    0.829   0.633 deg. for the L =    8, J =    7.5 channel.
       7.5  0.97773818  0.02830806i: elastic S-matrix  @@      0.00  0   0 F  0
 Reaction Xsec     7.5+/ 8 @ 1 =   7.106 , Out:   0.000#


 Total SPIN, PARITY =     7.5 -,      1 chs,      0 cc.  Rmin & Coul turning =    0.3    6.2
   S-matrix    1 =    0.92665   0.09504 for L=    7, J=    7.5 channel on core I =   0.0 from L=    7,  Acc. loss =  0.0 D.
 Elastic phase shift   1 =    2.928   2.032 deg. for the L =    7, J =    7.5 channel.
       7.5  0.92665100  0.09504362i: elastic S-matrix  @@      0.00  0   0 F  0
 Reaction Xsec     7.5-/ 7 @ 1 =  21.746 , Out:   0.000#


 Total SPIN, PARITY =     8.5 +,      1 chs,      0 cc.  Rmin & Coul turning =    0.4    7.0
   S-matrix    1 =    0.97708   0.03391 for L=    8, J=    8.5 channel on core I =   0.0 from L=    8,  Acc. loss =  0.0 D.
 Elastic phase shift   1 =    0.994   0.647 deg. for the L =    8, J =    8.5 channel.
       8.5  0.97708103  0.03390899i: elastic S-matrix  @@      0.00  0   0 F  0
 Reaction Xsec     8.5+/ 8 @ 1 =   8.167 , Out:   0.000#


 Total SPIN, PARITY =     8.5 -,      1 chs,      0 cc.  Rmin & Coul turning =    0.4    7.0
   S-matrix    1 =    0.99252   0.01001 for L=    9, J=    8.5 channel on core I =   0.0 from L=    9,  Acc. loss =  0.0 D.
 Elastic phase shift   1 =    0.289   0.214 deg. for the L =    9, J =    8.5 channel.
       8.5  0.99252047  0.01001487i: elastic S-matrix  @@      0.00  0   0 F  0
 Reaction Xsec     8.5-/ 9 @ 1 =   2.738 , Out:   0.000#


 Total SPIN, PARITY =     9.5 +,      1 chs,      0 cc.  Rmin & Coul turning =    0.4    7.8
   S-matrix    1 =    0.99746   0.00348 for L=   10, J=    9.5 channel on core I =   0.0 from L=   10,  Acc. loss =  0.0 D.
 Elastic phase shift   1 =    0.100   0.073 deg. for the L =   10, J =    9.5 channel.
       9.5  0.99746072  0.00348476i: elastic S-matrix  @@      0.00  0   0 F  0
 Reaction Xsec     9.5+/10 @ 1 =   1.040 , Out:   0.000#


 Total SPIN, PARITY =     9.5 -,      1 chs,      0 cc.  Rmin & Coul turning =    0.4    7.8
   S-matrix    1 =    0.99244   0.01172 for L=    9, J=    9.5 channel on core I =   0.0 from L=    9,  Acc. loss =  0.0 D.
 Elastic phase shift   1 =    0.338   0.215 deg. for the L =    9, J =    9.5 channel.
       9.5  0.99244090  0.01172363i: elastic S-matrix  @@      0.00  0   0 F  0
 Reaction Xsec     9.5-/ 9 @ 1 =   3.067 , Out:   0.000#


 Total SPIN, PARITY =    10.5 +,      1 chs,      0 cc.  Rmin & Coul turning =    0.5    8.7
   S-matrix    1 =    0.99745   0.00401 for L=   10, J=   10.5 channel on core I =   0.0 from L=   10,  Acc. loss =  0.0 D.
 Elastic phase shift   1 =    0.115   0.073 deg. for the L =   10, J =   10.5 channel.
      10.5  0.99745091  0.00401185i: elastic S-matrix  @@      0.00  0   0 F  0
 Reaction Xsec    10.5+/10 @ 1 =   1.147 , Out:   0.000#


 Total SPIN, PARITY =    10.5 -,      1 chs,      0 cc.  Rmin & Coul turning =    0.5    8.7
   S-matrix    1 =    0.99914   0.00120 for L=   11, J=   10.5 channel on core I =   0.0 from L=   11,  Acc. loss =  0.0 D.
 Elastic phase shift   1 =    0.034   0.025 deg. for the L =   11, J =   10.5 channel.
      10.5  0.99913543  0.00120263i: elastic S-matrix  @@      0.00  0   0 F  0
 Reaction Xsec    10.5-/11 @ 1 =   0.390 , Out:   0.000#


 Total SPIN, PARITY =    11.5 +,      1 chs,      0 cc.  Rmin & Coul turning =    0.5    9.5
   S-matrix    1 =    0.99971   0.00041 for L=   12, J=   11.5 channel on core I =   0.0 from L=   12,  Acc. loss =  0.0 D.
 Elastic phase shift   1 =    0.012   0.008 deg. for the L =   12, J =   11.5 channel.
      11.5  0.99970574  0.00041295i: elastic S-matrix  @@      0.00  0   0 F  0
 Reaction Xsec    11.5+/12 @ 1 =   0.145 , Out:   0.000#


 Total SPIN, PARITY =    11.5 -,      1 chs,      0 cc.  Rmin & Coul turning =    0.5    9.5
   S-matrix    1 =    0.99913   0.00137 for L=   11, J=   11.5 channel on core I =   0.0 from L=   11,  Acc. loss =  0.0 D.
 Elastic phase shift   1 =    0.039   0.025 deg. for the L =   11, J =   11.5 channel.
      11.5  0.99913421  0.00136609i: elastic S-matrix  @@      0.00  0   0 F  0
 Reaction Xsec    11.5-/11 @ 1 =   0.426 , Out:   0.000#


 Total SPIN, PARITY =    12.5 +,      1 chs,      0 cc.  Rmin & Coul turning =    0.6   10.3
   S-matrix    1 =    0.99971   0.00046 for L=   12, J=   12.5 channel on core I =   0.0 from L=   12,  Acc. loss =  0.0 D.
 Elastic phase shift   1 =    0.013   0.008 deg. for the L =   12, J =   12.5 channel.
      12.5  0.99970559  0.00046368i: elastic S-matrix  @@      0.00  0   0 F  0
 Reaction Xsec    12.5+/12 @ 1 =   0.157 , Out:   0.000#


 Total SPIN, PARITY =    12.5 -,      1 chs,      0 cc.  Rmin & Coul turning =    0.6   10.3
   S-matrix    1 =    0.99990   0.00014 for L=   13, J=   12.5 channel on core I =   0.0 from L=   13,  Acc. loss =  0.0 D.
 Elastic phase shift   1 =    0.004   0.003 deg. for the L =   13, J =   12.5 channel.
      12.5  0.99990000  0.00014127i: elastic S-matrix  @@      0.00  0   0 F  0
 Reaction Xsec    12.5-/13 @ 1 =   0.053 , Out:   0.000#


 Total SPIN, PARITY =    13.5 +,      1 chs,      0 cc.  Rmin & Coul turning =    0.6   11.1
   S-matrix    1 =    0.99997   0.00005 for L=   14, J=   13.5 channel on core I =   0.0 from L=   14,  Acc. loss =  0.0 D.
 Elastic phase shift   1 =    0.001   0.001 deg. for the L =   14, J =   13.5 channel.
      13.5  0.99996608  0.00004818i: elastic S-matrix  @@      0.00  0   0 F  0
 Reaction Xsec    13.5+/14 @ 1 =   0.020 , Out:   0.000#


 Total SPIN, PARITY =    13.5 -,      1 chs,      0 cc.  Rmin & Coul turning =    0.6   11.1
   S-matrix    1 =    0.99990   0.00016 for L=   13, J=   13.5 channel on core I =   0.0 from L=   13,  Acc. loss =  0.0 D.
 Elastic phase shift   1 =    0.004   0.003 deg. for the L =   13, J =   13.5 channel.
      13.5  0.99989998  0.00015700i: elastic S-matrix  @@      0.00  0   0 F  0
 Reaction Xsec    13.5-/13 @ 1 =   0.058 , Out:   0.000#


 Total SPIN, PARITY =    14.5 +,      1 chs,      0 cc.  Rmin & Coul turning =    0.7   11.9
   S-matrix    1 =    0.99997   0.00005 for L=   14, J=   14.5 channel on core I =   0.0 from L=   14,  Acc. loss =  0.0 D.
 Elastic phase shift   1 =    0.002   0.001 deg. for the L =   14, J =   14.5 channel.
      14.5  0.99996608  0.00005305i: elastic S-matrix  @@      0.00  0   0 F  0
 Reaction Xsec    14.5+/14 @ 1 =   0.021 , Out:   0.000#


 Total SPIN, PARITY =    14.5 -,      1 chs,      0 cc.  Rmin & Coul turning =    0.7   11.9
   S-matrix    1 =    0.99999   0.00002 for L=   15, J=   14.5 channel on core I =   0.0 from L=   15,  Acc. loss =  0.0 D.
 Elastic phase shift   1 =    0.000   0.000 deg. for the L =   15, J =   14.5 channel.
      14.5  0.99998852  0.00001639i: elastic S-matrix  @@      0.00  0   0 F  0
 Reaction Xsec    14.5-/15 @ 1 =   7.079/, Out:   0.000#


 Total SPIN, PARITY =    15.5 +,      1 chs,      0 cc.  Rmin & Coul turning =    0.7   12.7
   S-matrix    1 =    1.00000   0.00001 for L=   16, J=   15.5 channel on core I =   0.0 from L=   16,  Acc. loss =  0.0 D.
 Elastic phase shift   1 =    0.000   0.000 deg. for the L =   16, J =   15.5 channel.
      15.5  0.99999612  0.00000557i: elastic S-matrix  @@      0.00  0   0 F  0
 Reaction Xsec    15.5+/16 @ 1 =   2.552/, Out:   0.000#


 Total SPIN, PARITY =    15.5 -,      1 chs,      0 cc.  Rmin & Coul turning =    0.7   12.7
   S-matrix    1 =    0.99999   0.00002 for L=   15, J=   15.5 channel on core I =   0.0 from L=   15,  Acc. loss =  0.0 D.
 Elastic phase shift   1 =    0.001   0.000 deg. for the L =   15, J =   15.5 channel.
      15.5  0.99998852  0.00001790i: elastic S-matrix  @@      0.00  0   0 F  0
 Reaction Xsec    15.5-/15 @ 1 =   7.551/, Out:   0.000#


 Total SPIN, PARITY =    16.5 +,      1 chs,      0 cc.  Rmin & Coul turning =    0.8   13.5
   S-matrix    1 =    1.00000   0.00001 for L=   16, J=   16.5 channel on core I =   0.0 from L=   16,  Acc. loss =  0.0 D.
 Elastic phase shift   1 =    0.000   0.000 deg. for the L =   16, J =   16.5 channel.
      16.5  0.99999612  0.00000603i: elastic S-matrix  @@      0.00  0   0 F  0
 Reaction Xsec    16.5+/16 @ 1 =   2.712/, Out:   0.000#


 Total SPIN, PARITY =    16.5 -,      1 chs,      0 cc.  Rmin & Coul turning =    0.8   13.5
   S-matrix    1 =    1.00000   0.00000 for L=   17, J=   16.5 channel on core I =   0.0 from L=   17,  Acc. loss =  0.0 D.
 Elastic phase shift   1 =    0.000   0.000 deg. for the L =   17, J =   16.5 channel.
      16.5  0.99999869  0.00000189i: elastic S-matrix  @@      0.00  0   0 F  0
 Reaction Xsec    16.5-/17 @ 1 =   0.915/, Out:   0.000#


 Total SPIN, PARITY =    17.5 +,      1 chs,      0 cc.  Rmin & Coul turning =    0.8   14.3
   S-matrix    1 =    1.00000   0.00000 for L=   18, J=   17.5 channel on core I =   0.0 from L=   18,  Acc. loss =  0.0 D.
 Elastic phase shift   1 =    0.000   0.000 deg. for the L =   18, J =   17.5 channel.
      17.5  0.99999956  0.00000064i: elastic S-matrix  @@      0.00  0   0 F  0
 Reaction Xsec    17.5+/18 @ 1 =   0.327/, Out:   0.000#


 Total SPIN, PARITY =    17.5 -,      1 chs,      0 cc.  Rmin & Coul turning =    0.8   14.3
   S-matrix    1 =    1.00000   0.00000 for L=   17, J=   17.5 channel on core I =   0.0 from L=   17,  Acc. loss =  0.0 D.
 Elastic phase shift   1 =    0.000   0.000 deg. for the L =   17, J =   17.5 channel.
      17.5  0.99999869  0.00000203i: elastic S-matrix  @@      0.00  0   0 F  0
 Reaction Xsec    17.5-/17 @ 1 =   0.969/, Out:   0.000#

 Finished all CC sets @    4.23399964E-03
0CUMULATIVE REACTION cross section                 =  817.39275  <L> =     4.17  <L**2> =     20.9
0CUMULATIVE outgoing cross sections in partition 1 :    0.00000
0Cumulative ABSORBTION by Imaginary Potentials     =  817.39275  <L> =     4.17  <L**2> =     20.9
   Fusion for specific p        M-states :  817.392748  817.392748
0CUMULATIVE OUTGOING cross section                 =    0.00000
 To convert to S-factors (MeV.mb = keV.b),  multiply by  1.2763E+02


 CROSS SECTIONS FOR OUTGOING p        & O20      in state #   1 with spins & parities 0.5  + &  0.0  +;  0

     3.00 deg.: X-S =   1.3307E+05 mb/sr,
+                                         /R =   8.3648E-01
     4.00 deg.: X-S =   3.8888E+04 mb/sr,
+                                         /R =   7.7231E-01
     5.00 deg.: X-S =   1.5279E+04 mb/sr,
+                                         /R =   7.4046E-01
     6.00 deg.: X-S =  7589.400529 mb/sr,
+                                         /R =   7.6225E-01
     7.00 deg.: X-S =  4609.887786 mb/sr,
+                                         /R =   8.5720E-01
     8.00 deg.: X-S =  3285.988173 mb/sr,
+                                         /R =   1.0416E+00
     9.00 deg.: X-S =  2615.934522 mb/sr,
+                                         /R =   1.3271E+00
    10.00 deg.: X-S =  2225.912882 mb/sr,
+                                         /R =   1.7194E+00
    11.00 deg.: X-S =  1963.021503 mb/sr,
+                                         /R =   2.2177E+00
    12.00 deg.: X-S =  1760.612122 mb/sr,
+                                         /R =   2.8138E+00
    13.00 deg.: X-S =  1588.497007 mb/sr,
+                                         /R =   3.4923E+00
    14.00 deg.: X-S =  1432.856408 mb/sr,
+                                         /R =   4.2313E+00
    15.00 deg.: X-S =  1287.541043 mb/sr,
+                                         /R =   5.0032E+00
    16.00 deg.: X-S =  1150.084911 mb/sr,
+                                         /R =   5.7762E+00
    17.00 deg.: X-S =  1019.789358 mb/sr,
+                                         /R =   6.5164E+00
    18.00 deg.: X-S =   896.766939 mb/sr,
+                                         /R =   7.1895E+00
    19.00 deg.: X-S =   781.450806 mb/sr,
+                                         /R =   7.7630E+00
    20.00 deg.: X-S =   674.339315 mb/sr,
+                                         /R =   8.2083E+00
    21.00 deg.: X-S =   575.864128 mb/sr,
+                                         /R =   8.5025E+00
    22.00 deg.: X-S =   486.325495 mb/sr,
+                                         /R =   8.6301E+00
    23.00 deg.: X-S =   405.865358 mb/sr,
+                                         /R =   8.5841E+00
    24.00 deg.: X-S =   334.462383 mb/sr,
+                                         /R =   8.3667E+00
    25.00 deg.: X-S =   271.939932 mb/sr,
+                                         /R =   7.9894E+00
    26.00 deg.: X-S =   217.981702 mb/sr,
+                                         /R =   7.4725E+00
    27.00 deg.: X-S =   172.151716 mb/sr,
+                                         /R =   6.8445E+00
    28.00 deg.: X-S =   133.916498 mb/sr,
+                                         /R =   6.1408E+00
    29.00 deg.: X-S =   102.667951 mb/sr,
+                                         /R =   5.4016E+00
    30.00 deg.: X-S =    77.745843 mb/sr,
+                                         /R =   4.6704E+00
    31.00 deg.: X-S =    58.459135 mb/sr,
+                                         /R =   3.9915E+00
    32.00 deg.: X-S =    44.105578 mb/sr,
+                                         /R =   3.4083E+00
    33.00 deg.: X-S =    33.989180 mb/sr,
+                                         /R =   2.9607E+00
    34.00 deg.: X-S =    27.435287 mb/sr,
+                                         /R =   2.6838E+00
    35.00 deg.: X-S =    23.803156 mb/sr,
+                                         /R =   2.6055E+00
    36.00 deg.: X-S =    22.495961 mb/sr,
+                                         /R =   2.7462E+00
    37.00 deg.: X-S =    22.968321 mb/sr,
+                                         /R =   3.1169E+00
    38.00 deg.: X-S =    24.731444 mb/sr,
+                                         /R =   3.7197E+00
    39.00 deg.: X-S =    27.356089 mb/sr,
+                                         /R =   4.5470E+00
    40.00 deg.: X-S =    30.473561 mb/sr,
+                                         /R =   5.5824E+00
    41.00 deg.: X-S =    33.774986 mb/sr,
+                                         /R =   6.8012E+00
    42.00 deg.: X-S =    37.009150 mb/sr,
+                                         /R =   8.1718E+00
    43.00 deg.: X-S =    39.979154 mb/sr,
+                                         /R =   9.6567E+00
    44.00 deg.: X-S =    42.538158 mb/sr,
+                                         /R =   1.1214E+01
    45.00 deg.: X-S =    44.584489 mb/sr,
+                                         /R =   1.2801E+01
    46.00 deg.: X-S =    46.056309 mb/sr,
+                                         /R =   1.4371E+01
    47.00 deg.: X-S =    46.926099 mb/sr,
+                                         /R =   1.5882E+01
    48.00 deg.: X-S =    47.195113 mb/sr,
+                                         /R =   1.7292E+01
    49.00 deg.: X-S =    46.887977 mb/sr,
+                                         /R =   1.8564E+01
    50.00 deg.: X-S =    46.047552 mb/sr,
+                                         /R =   1.9665E+01
    51.00 deg.: X-S =    44.730170 mb/sr,
+                                         /R =   2.0570E+01
    52.00 deg.: X-S =    43.001314 mb/sr,
+                                         /R =   2.1259E+01
    53.00 deg.: X-S =    40.931788 mb/sr,
+                                         /R =   2.1720E+01
    54.00 deg.: X-S =    38.594402 mb/sr,
+                                         /R =   2.1948E+01
    55.00 deg.: X-S =    36.061193 mb/sr,
+                                         /R =   2.1946E+01
    56.00 deg.: X-S =    33.401154 mb/sr,
+                                         /R =   2.1722E+01
    57.00 deg.: X-S =    30.678461 mb/sr,
+                                         /R =   2.1290E+01
    58.00 deg.: X-S =    27.951163 mb/sr,
+                                         /R =   2.0672E+01
    59.00 deg.: X-S =    25.270282 mb/sr,
+                                         /R =   1.9891E+01
    60.00 deg.: X-S =    22.679301 mb/sr,
+                                         /R =   1.8976E+01
    61.00 deg.: X-S =    20.213962 mb/sr,
+                                         /R =   1.7956E+01
    62.00 deg.: X-S =    17.902348 mb/sr,
+                                         /R =   1.6864E+01
    63.00 deg.: X-S =    15.765180 mb/sr,
+                                         /R =   1.5730E+01
    64.00 deg.: X-S =    13.816300 mb/sr,
+                                         /R =   1.4586E+01
    65.00 deg.: X-S =    12.063273 mb/sr,
+                                         /R =   1.3459E+01
    66.00 deg.: X-S =    10.508094 mb/sr,
+                                         /R =   1.2378E+01
    67.00 deg.: X-S =     9.147933 mb/sr,
+                                         /R =   1.1365E+01
    68.00 deg.: X-S =     7.975917 mb/sr,
+                                         /R =   1.0440E+01
    69.00 deg.: X-S =     6.981900 mb/sr,
+                                         /R =   9.6201E+00
    70.00 deg.: X-S =     6.153206 mb/sr,
+                                         /R =   8.9158E+00
    71.00 deg.: X-S =     5.475331 mb/sr,
+                                         /R =   8.3352E+00
    72.00 deg.: X-S =     4.932584 mb/sr,
+                                         /R =   7.8821E+00
    73.00 deg.: X-S =     4.508665 mb/sr,
+                                         /R =   7.5560E+00
    74.00 deg.: X-S =     4.187168 mb/sr,
+                                         /R =   7.3530E+00
    75.00 deg.: X-S =     3.952011 mb/sr,
+                                         /R =   7.2661E+00
    76.00 deg.: X-S =     3.787788 mb/sr,
+                                         /R =   7.2853E+00
    77.00 deg.: X-S =     3.680048 mb/sr,
+                                         /R =   7.3985E+00
    78.00 deg.: X-S =     3.615512 mb/sr,
+                                         /R =   7.5919E+00
    79.00 deg.: X-S =     3.582217 mb/sr,
+                                         /R =   7.8503E+00
    80.00 deg.: X-S =     3.569606 mb/sr,
+                                         /R =   8.1580E+00
    81.00 deg.: X-S =     3.568568 mb/sr,
+                                         /R =   8.4989E+00
    82.00 deg.: X-S =     3.571436 mb/sr,
+                                         /R =   8.8574E+00
    83.00 deg.: X-S =     3.571941 mb/sr,
+                                         /R =   9.2184E+00
    84.00 deg.: X-S =     3.565146 mb/sr,
+                                         /R =   9.5678E+00
    85.00 deg.: X-S =     3.547346 mb/sr,
+                                         /R =   9.8930E+00
    86.00 deg.: X-S =     3.515966 mb/sr,
+                                         /R =   1.0183E+01
    87.00 deg.: X-S =     3.469429 mb/sr,
+                                         /R =   1.0428E+01
    88.00 deg.: X-S =     3.407034 mb/sr,
+                                         /R =   1.0621E+01
    89.00 deg.: X-S =     3.328824 mb/sr,
+                                         /R =   1.0755E+01
    90.00 deg.: X-S =     3.235459 mb/sr,
+                                         /R =   1.0828E+01
    91.00 deg.: X-S =     3.128088 mb/sr,
+                                         /R =   1.0838E+01
    92.00 deg.: X-S =     3.008240 mb/sr,
+                                         /R =   1.0783E+01
    93.00 deg.: X-S =     2.877711 mb/sr,
+                                         /R =   1.0666E+01
    94.00 deg.: X-S =     2.738472 mb/sr,
+                                         /R =   1.0488E+01
    95.00 deg.: X-S =     2.592581 mb/sr,
+                                         /R =   1.0255E+01
    96.00 deg.: X-S =     2.442113 mb/sr,
+                                         /R =   9.9713E+00
    97.00 deg.: X-S =     2.289094 mb/sr,
+                                         /R =   9.6423E+00
    98.00 deg.: X-S =     2.135456 mb/sr,
+                                         /R =   9.2747E+00
    99.00 deg.: X-S =     1.982993 mb/sr,
+                                         /R =   8.8755E+00
   100.00 deg.: X-S =     1.833336 mb/sr,
+                                         /R =   8.4518E+00
   101.00 deg.: X-S =     1.687929 mb/sr,
+                                         /R =   8.0107E+00
   102.00 deg.: X-S =     1.548019 mb/sr,
+                                         /R =   7.5593E+00
   103.00 deg.: X-S =     1.414651 mb/sr,
+                                         /R =   7.1043E+00
   104.00 deg.: X-S =     1.288669 mb/sr,
+                                         /R =   6.6521E+00
   105.00 deg.: X-S =     1.170719 mb/sr,
+                                         /R =   6.2089E+00
   106.00 deg.: X-S =     1.061266 mb/sr,
+                                         /R =   5.7798E+00
   107.00 deg.: X-S =     0.960598 mb/sr,
+                                         /R =   5.3697E+00
   108.00 deg.: X-S =     0.868849 mb/sr,
+                                         /R =   4.9827E+00
   109.00 deg.: X-S =     0.786011 mb/sr,
+                                         /R =   4.6224E+00
   110.00 deg.: X-S =     0.711951 mb/sr,
+                                         /R =   4.2914E+00
   111.00 deg.: X-S =     0.646431 mb/sr,
+                                         /R =   3.9920E+00
   112.00 deg.: X-S =     0.589123 mb/sr,
+                                         /R =   3.7256E+00
   113.00 deg.: X-S =     0.539625 mb/sr,
+                                         /R =   3.4931E+00
   114.00 deg.: X-S =     0.497476 mb/sr,
+                                         /R =   3.2948E+00
   115.00 deg.: X-S =     0.462171 mb/sr,
+                                         /R =   3.1305E+00
   116.00 deg.: X-S =     0.433174 mb/sr,
+                                         /R =   2.9994E+00
   117.00 deg.: X-S =     0.409926 mb/sr,
+                                         /R =   2.9004E+00
   118.00 deg.: X-S =     0.391856 mb/sr,
+                                         /R =   2.8319E+00
   119.00 deg.: X-S =     0.378393 mb/sr,
+                                         /R =   2.7920E+00
   120.00 deg.: X-S =     0.368967 mb/sr,
+                                         /R =   2.7784E+00
   121.00 deg.: X-S =     0.363020 mb/sr,
+                                         /R =   2.7887E+00
   122.00 deg.: X-S =     0.360007 mb/sr,
+                                         /R =   2.8202E+00
   123.00 deg.: X-S =     0.359405 mb/sr,
+                                         /R =   2.8699E+00
   124.00 deg.: X-S =     0.360710 mb/sr,
+                                         /R =   2.9349E+00
   125.00 deg.: X-S =     0.363445 mb/sr,
+                                         /R =   3.0119E+00
   126.00 deg.: X-S =     0.367162 mb/sr,
+                                         /R =   3.0979E+00
   127.00 deg.: X-S =     0.371440 mb/sr,
+                                         /R =   3.1897E+00
   128.00 deg.: X-S =     0.375891 mb/sr,
+                                         /R =   3.2839E+00
   129.00 deg.: X-S =     0.380160 mb/sr,
+                                         /R =   3.3776E+00
   130.00 deg.: X-S =     0.383927 mb/sr,
+                                         /R =   3.4677E+00
   131.00 deg.: X-S =     0.386908 mb/sr,
+                                         /R =   3.5513E+00
   132.00 deg.: X-S =     0.388856 mb/sr,
+                                         /R =   3.6258E+00
   133.00 deg.: X-S =     0.389562 mb/sr,
+                                         /R =   3.6886E+00
   134.00 deg.: X-S =     0.388859 mb/sr,
+                                         /R =   3.7376E+00
   135.00 deg.: X-S =     0.386619 mb/sr,
+                                         /R =   3.7708E+00
   136.00 deg.: X-S =     0.382754 mb/sr,
+                                         /R =   3.7868E+00
   137.00 deg.: X-S =     0.377221 mb/sr,
+                                         /R =   3.7844E+00
   138.00 deg.: X-S =     0.370014 mb/sr,
+                                         /R =   3.7628E+00
   139.00 deg.: X-S =     0.361171 mb/sr,
+                                         /R =   3.7218E+00
   140.00 deg.: X-S =     0.350769 mb/sr,
+                                         /R =   3.6615E+00
   141.00 deg.: X-S =     0.338923 mb/sr,
+                                         /R =   3.5824E+00
   142.00 deg.: X-S =     0.325785 mb/sr,
+                                         /R =   3.4858E+00
   143.00 deg.: X-S =     0.311541 mb/sr,
+                                         /R =   3.3731E+00
   144.00 deg.: X-S =     0.296403 mb/sr,
+                                         /R =   3.2464E+00
   145.00 deg.: X-S =     0.280615 mb/sr,
+                                         /R =   3.1080E+00
   146.00 deg.: X-S =     0.264438 mb/sr,
+                                         /R =   2.9607E+00
   147.00 deg.: X-S =     0.248151 mb/sr,
+                                         /R =   2.8077E+00
   148.00 deg.: X-S =     0.232044 mb/sr,
+                                         /R =   2.6523E+00
   149.00 deg.: X-S =     0.216413 mb/sr,
+                                         /R =   2.4981E+00
   150.00 deg.: X-S =     0.201550 mb/sr,
+                                         /R =   2.3488E+00
   151.00 deg.: X-S =     0.187743 mb/sr,
+                                         /R =   2.2081E+00
   152.00 deg.: X-S =     0.175265 mb/sr,
+                                         /R =   2.0797E+00
   153.00 deg.: X-S =     0.164369 mb/sr,
+                                         /R =   1.9671E+00
   154.00 deg.: X-S =     0.155282 mb/sr,
+                                         /R =   1.8737E+00
   155.00 deg.: X-S =     0.148203 mb/sr,
+                                         /R =   1.8025E+00
   156.00 deg.: X-S =     0.143293 mb/sr,
+                                         /R =   1.7560E+00
   157.00 deg.: X-S =     0.140672 mb/sr,
+                                         /R =   1.7365E+00
   158.00 deg.: X-S =     0.140418 mb/sr,
+                                         /R =   1.7454E+00
   159.00 deg.: X-S =     0.142564 mb/sr,
+                                         /R =   1.7839E+00
   160.00 deg.: X-S =     0.147094 mb/sr,
+                                         /R =   1.8522E+00
   161.00 deg.: X-S =     0.153944 mb/sr,
+                                         /R =   1.9501E+00
   162.00 deg.: X-S =     0.163003 mb/sr,
+                                         /R =   2.0767E+00
   163.00 deg.: X-S =     0.174113 mb/sr,
+                                         /R =   2.2302E+00
   164.00 deg.: X-S =     0.187073 mb/sr,
+                                         /R =   2.4083E+00
   165.00 deg.: X-S =     0.201643 mb/sr,
+                                         /R =   2.6083E+00
   166.00 deg.: X-S =     0.217546 mb/sr,
+                                         /R =   2.8265E+00
   167.00 deg.: X-S =     0.234476 mb/sr,
+                                         /R =   3.0591E+00
   168.00 deg.: X-S =     0.252102 mb/sr,
+                                         /R =   3.3016E+00
   169.00 deg.: X-S =     0.270079 mb/sr,
+                                         /R =   3.5495E+00
   170.00 deg.: X-S =     0.288047 mb/sr,
+                                         /R =   3.7978E+00
   171.00 deg.: X-S =     0.305648 mb/sr,
+                                         /R =   4.0416E+00
   172.00 deg.: X-S =     0.322527 mb/sr,
+                                         /R =   4.2758E+00
   173.00 deg.: X-S =     0.338343 mb/sr,
+                                         /R =   4.4958E+00
   174.00 deg.: X-S =     0.352774 mb/sr,
+                                         /R =   4.6968E+00
   175.00 deg.: X-S =     0.365525 mb/sr,
+                                         /R =   4.8748E+00
   176.00 deg.: X-S =     0.376336 mb/sr,
+                                         /R =   5.0258E+00
   177.00 deg.: X-S =     0.384984 mb/sr,
+                                         /R =   5.1468E+00
   178.00 deg.: X-S =     0.391291 mb/sr,
+                                         /R =   5.2351E+00
   179.00 deg.: X-S =     0.395128 mb/sr,
+                                         /R =   5.2889E+00
   179.99 deg.: X-S =     0.396416 mb/sr,
+                                         /R =   5.3069E+00
                                           Integrated 2072.2337 mb, over [   3.000, 180.000] at    35.0000 MeV 
 Finished all xsecs @    5.27599966E-03

  The following files have been created:
   3:local copy of User input.            6:standard output.                   
   7:elastic  S-matrix elements.         13:total cross sections/state.        
  16:tables of cross sections.           38:cross sections for each J/pi.      
  39:cross sections for each Ecm.        40:all cross sectns. for each Elab.   
  45:scat phase shift as E functions.    56:Fusion for each Jtotal.            
 201:Separate cross sections.           

 PARAMETERS : MAXQRN   MFNL   MLOC  LMAX1 MCLIST
    ALLOWED :      1      1      4     70      6
    REQUIRED:      0      0      4     19      4


 ACCURACY ANALYSIS at    35.000 MeV :

  Elastic h*k = 0.037 so OK       compared with 0.200

   Real(S-el) > 0.01 first at J =       0.5
   Real(S-el) > 0.10 first at J =       0.5
   Real(S-el) > 0.50 first at J =       5.5
   Real(S-el) > 0.90 first at J =       6.5
   Real(S-el) > 0.99 first at J =       8.5
   R-turn =    14.32 fm    at J =      17.5

 Forward-angle excitation cut off below   1.361 deg by max JT =      17.5
                              and below   0.330 deg by max R.

