 FRESCO - FRES 3.4: Coupled Reaction Channels
 Assuming NAMELIST input.

 p+O20 1st with BG ;                                                             

   0.030  60.000   0.500   0.000   0.000   0.000   0.000   0.000   0.000   0.000

 Centre-of-mass Range is   2002 * 0.0300 fm., Maximum at  60.00 fm., Interpolating NL forms every  0.51 fm.
 Non - locality width is      4 * 0.0300 fm., Maximum of   0.09 fm., Centred at  0.00 fm.
 2-Nucleon Separation of      0 * 0.5100 fm., Maximum of   0.00 fm., Minimum at  0.00 fm.
 Maximum single particle bins of 59.6700 fm.
               M,Mint =         2001        1990


 Range of total J is     0.0 <= J <=    50.0 (at least     0.0) and Absorbtion =>    -1.0000 mb.
 Dry Run = F, CC set limits =  0  0, Relativistic kinematics =  , Both/Far/Near Analyses =  1                     

 Cross Sections (and up to T0 for 0=projectile) for Theta from   3.0 to-180.0 in steps of  1.0 degrees, DGAM=0,  Coordinates = 0 (Mads)

 Lower Radial Cutoff = maximum of -1.60*L*h &       0.0 fm.,  Lower Cutoff for Couplings =   0.0  fm.


 Iterate Couplings between   0 and   1 times, to  0.000 % if sooner.                                          
  Block solved exactly =   2 chs., with Pade = 0 & Isocen =  =0, NOSOL = F, initwf =  0
  NL quadrature with   18 Gaussian points, Calculate multipoles up to    56 from   0
  M-transfers for lp+lt greater than or equal to  6, Angular Integration Cutoff below  2.7778 %


 Trace switches are :  CHANS =  1, LISTCC =  0, TRENEG =  0, CDETR =  0, SMATS =  2, XSTABL =  1, NLPL =  0

                       WAVES =  0, LAMPL =  0, VEFF =  0, KFUS =  0, WDISK =  0, BPM =  0, MELFIL =  0

                       CDCC =  0, NFUS =  0

 Using unit mass = 1.000000 amu and 1/fine-structure constant = 137.03599 ( 1.000000 * true ) with hc = 197.32705 MeV.fm,
  thus 2*amu/hbar^2 = 0.0478450 = 1/20.9008 and Coulomb constant = 0.1574855 so e^2 = 1.43997, and nuclear magneton= 0.1261183

 Now pre-scan input and save to file 3



 *********** PARTITION NUMBER  1 ******************************************************************************************

   PROJ=p          MASS=  1.0073 Z=   1.0,        # STATES=    2T, TARG=O20      MASS= 19.9997 Z=   8.0,     Q-VALUE =  -0.0000 MEV.

     1:  J= 0.5+ (B# 1), E=  0.0000, K= 0.5              Potl#  1       J= 0.0+ (B# 1), E=  0.0000, K= 0.0    

     2:  J= 0.5+ (B# 1), E=  0.0000, K= 0.5              Potl#  1       J= 2.0+ (B# 1), E=  1.8000, K= 0.0    
                                  (Just State  1)


 ************************************************************************************************************************************

 The following POTENTIALS are defined :

  KP#       TYPE      IT    SHAPE      at     V1        r1        a1        V2        r2        a2        A-in     A-used


                                            A#1       A#2        r0c       ac                                                h @ 1
    1    0=Coulomb       0=CHARGE (WS)  1    20.000     0.000    1.2000    0.0000    0.0000    0.0000     0.000    20.000   0.03000

                                           Mn(E1)    Mn(E2)    Mn(E3)  .....
    1   11=Target defm  10=derivatives  2    0.0000    5.3000    0.0000    0.0000    0.0000    0.0000     0.000     3.257= RADIUS

              At    2 is k =  2 (Potl. beta = 0.26155)
                                     Beta of targ. = 0.26155 (using radius of 3.257 fm.).

    1    1=Volume        0=Woods-Saxon  3   46.1325    1.1700    0.7500    0.0000    0.0000    0.0000     0.000    20.000

                                            Def1      Def2      Def3   .....
    1   11=Target defm  10=derivatives  4    0.0000    1.2386    0.0000    0.0000    0.0000    0.0000     0.000     3.176= RADIUS

              At    4 is k =  2 (Potl. beta = 0.39000)
                                     Beta of targ. = 0.39000 (using radius of 3.176 fm.).

    1    1=Volume        0=Woods-Saxon  5    0.0000    0.0000    0.0000    6.8194    1.3200    0.6500     0.000    20.000

                                            Def1      Def2      Def3   .....
    1   11=Target defm  10=derivatives  6    0.0000    1.3974    0.0000    0.0000    0.0000    0.0000     0.000     3.583= RADIUS

              At    6 is k =  2 (Potl. beta = 0.39000)
                                     Beta of targ. = 0.39000 (using radius of 3.583 fm.).

    1    2=Surface       0=Woods-Saxon  7    0.0000    0.0000    0.0000    3.3825    1.3200    0.6500     0.000    20.000

                                            Def1      Def2      Def3   .....
    1   11=Target defm  10=derivatives  8    0.0000    1.3974    0.0000    0.0000    0.0000    0.0000     0.000     3.583= RADIUS

              At    8 is k =  2 (Potl. beta = 0.39000)
                                     Beta of targ. = 0.39000 (using radius of 3.583 fm.).

    1    3=Projtl S.O.   0=Woods-Saxon  9    3.1000    1.0100    0.7500    0.0000    0.0000    0.0000     0.000    20.000

 Incoming partition  1 in excitation state # 1,   Laboratory Energy given for partition  1 Nucleus 1 in Excitation pair 1

0Lab. ENERGY ranges :

   from    43.0000     to   0.00000     in     0 intervals
   from    0.00000     to   0.00000     in     0 intervals
   from    0.00000     to   0.00000     in     0 intervals

 Largest real,imaginary parts of any form factor at R=   59.52 are   2.42E-02  3.62E-32 MeV
 Finished all Couplings @    6.34999946E-04           9

 Symmetric Hamiltonian
1***********************************************************************************************************************************
************************************************************************************************************************************

        INCOMING p        ;    LABORATORY p        ENERGY =   43.000     MeV.

 ***********************************************************************************************************************************
 ***********************************************************************************************************************************

 Allocate arrays for            3  channels, of which            3  need wfs.

 ######################################################################################################################
 #                                                                                                                    #
 # Total SPIN and PARITY =     0.5 +,      3 channels,    3 in 1st block.  Rmin & Coul turning =    0.0    0.3 fm.  #
 #                                                                                                                    #
 ######################################################################################################################



    C Projectl Target   #   EX.   (L  Proj) J  + Targ = Jtotal     E-cm      Re K     Re Eta     RM*K            CH
    1 p        O20      #    1: I   0 0.5    0.5  0.0     0.5    40.93817   1.37053   0.19283   82.2315   0.25828   0.42881 1 1 1   1
    2 p        O20      #    2:     2 0.5    1.5  2.0     0.5    39.13817   1.34006   0.19721   80.4034  -0.44197   0.23537 1 1 1   2
    3 p        O20      #    2:     2 0.5    2.5  2.0     0.5    39.13817   1.34006   0.19721   80.4034  -0.44197   0.23537 1 1 1   2
   S-matrix    1 =    0.04218  -0.38999 for L=    0, J=    0.5 channel on core I =   0.0 from L=    0,  Acc. loss =  0.0 D.
 Elastic phase shift   1 =  -41.913  26.809 deg. for the L =    0, J =    0.5 channel.
       0.5  0.04218256 -0.38998689i: elastic S-matrix  @@      0.00  0   0 F  0
 Reaction Xsec     0.5+/ 0 @ 1 =  14.152 , Out:   0.000#   0.401   13.750f


 Total SPIN, PARITY =     0.5 -,      3 chs,      3 cc.  Rmin & Coul turning =    0.0    0.3
   S-matrix    1 =   -0.19565  -0.33118 for L=    1, J=    0.5 channel on core I =   0.0 from L=    1,  Acc. loss =  0.0 D.
 Elastic phase shift   1 =  -60.287  27.371 deg. for the L =    1, J =    0.5 channel.
       0.5 -0.19565113 -0.33117518i: elastic S-matrix  @@      0.00  0   0 F  0
 Reaction Xsec     0.5-/ 1 @ 1 =  14.251 , Out:   0.000#   0.346   13.905f

 Allocate arrays for            5  channels, of which            5  need wfs.

 Total SPIN, PARITY =     1.5 +,      5 chs,      5 cc.  Rmin & Coul turning =    0.0    1.2
   S-matrix    1 =   -0.35396  -0.16498 for L=    2, J=    1.5 channel on core I =   0.0 from L=    2,  Acc. loss =  0.0 D.
 Elastic phase shift   1 =  -77.505  26.937 deg. for the L =    2, J =    1.5 channel.
       1.5 -0.35396012 -0.16498315i: elastic S-matrix  @@      0.00  0   0 F  0
 Reaction Xsec     1.5+/ 2 @ 1 =  28.349 , Out:   0.000#   0.727   27.622f


 Total SPIN, PARITY =     1.5 -,      5 chs,      5 cc.  Rmin & Coul turning =    0.0    1.2
   S-matrix    1 =   -0.11757  -0.37456 for L=    1, J=    1.5 channel on core I =   0.0 from L=    1,  Acc. loss =  0.0 D.
 Elastic phase shift   1 =  -53.713  26.786 deg. for the L =    1, J =    1.5 channel.
       1.5 -0.11757146 -0.37456003i: elastic S-matrix  @@      0.00  0   0 F  0
 Reaction Xsec     1.5-/ 1 @ 1 =  28.295 , Out:   0.000#   0.652   27.643f

 Allocate arrays for            6  channels, of which            6  need wfs.

 Total SPIN, PARITY =     2.5 +,      6 chs,      6 cc.  Rmin & Coul turning =    0.1    1.9
   S-matrix    1 =   -0.26940  -0.28838 for L=    2, J=    2.5 channel on core I =   0.0 from L=    2,  Acc. loss =  0.0 D.
 Elastic phase shift   1 =  -66.526  26.636 deg. for the L =    2, J =    2.5 channel.
       2.5 -0.26940114 -0.28838177i: elastic S-matrix  @@      0.00  0   0 F  0
 Reaction Xsec     2.5+/ 2 @ 1 =  42.362 , Out:   0.000#   1.028   41.334f


 Total SPIN, PARITY =     2.5 -,      6 chs,      6 cc.  Rmin & Coul turning =    0.1    1.9
   S-matrix    1 =   -0.38303   0.06494 for L=    3, J=    2.5 channel on core I =   0.0 from L=    3,  Acc. loss =  0.0 D.
 Elastic phase shift   1 =   85.189  27.086 deg. for the L =    3, J =    2.5 channel.
       2.5 -0.38302509  0.06493741i: elastic S-matrix  @@      0.00  0   0 F  0
 Reaction Xsec     2.5-/ 3 @ 1 =  42.603 , Out:   0.000#   0.941   41.662f


 Total SPIN, PARITY =     3.5 +,      6 chs,      6 cc.  Rmin & Coul turning =    0.1    2.7
   S-matrix    1 =   -0.12472   0.28993 for L=    4, J=    3.5 channel on core I =   0.0 from L=    4,  Acc. loss =  0.0 D.
 Elastic phase shift   1 =   56.638  33.037 deg. for the L =    4, J =    3.5 channel.
       3.5 -0.12471728  0.28993367i: elastic S-matrix  @@      0.00  0   0 F  0
 Reaction Xsec     3.5+/ 4 @ 1 =  60.237 , Out:   0.000#   2.034   58.203f


 Total SPIN, PARITY =     3.5 -,      6 chs,      6 cc.  Rmin & Coul turning =    0.1    2.7
   S-matrix    1 =   -0.38901  -0.13627 for L=    3, J=    3.5 channel on core I =   0.0 from L=    3,  Acc. loss =  0.0 D.
 Elastic phase shift   1 =  -80.348  25.390 deg. for the L =    3, J =    3.5 channel.
       3.5 -0.38900665 -0.13626546i: elastic S-matrix  @@      0.00  0   0 F  0
 Reaction Xsec     3.5-/ 3 @ 1 =  55.535 , Out:   0.000#   1.143   54.393f


 Total SPIN, PARITY =     4.5 +,      6 chs,      6 cc.  Rmin & Coul turning =    0.2    3.4
   S-matrix    1 =   -0.29790   0.13782 for L=    4, J=    4.5 channel on core I =   0.0 from L=    4,  Acc. loss =  0.0 D.
 Elastic phase shift   1 =   77.586  31.914 deg. for the L =    4, J =    4.5 channel.
       4.5 -0.29789866  0.13782146i: elastic S-matrix  @@      0.00  0   0 F  0
 Reaction Xsec     4.5+/ 4 @ 1 =  74.617 , Out:   0.000#   2.184   72.433f


 Total SPIN, PARITY =     4.5 -,      6 chs,      6 cc.  Rmin & Coul turning =    0.2    3.4
   S-matrix    1 =    0.33356   0.36707 for L=    5, J=    4.5 channel on core I =   0.0 from L=    5,  Acc. loss =  0.0 D.
 Elastic phase shift   1 =   23.869  20.088 deg. for the L =    5, J =    4.5 channel.
       4.5  0.33355674  0.36707143i: elastic S-matrix  @@      0.00  0   0 F  0
 Reaction Xsec     4.5-/ 5 @ 1 =  63.055 , Out:   0.000#   2.275   60.780f


 Total SPIN, PARITY =     5.5 +,      6 chs,      6 cc.  Rmin & Coul turning =    0.2    4.1
   S-matrix    1 =    0.71183   0.26480 for L=    6, J=    5.5 channel on core I =   0.0 from L=    6,  Acc. loss =  0.0 D.
 Elastic phase shift   1 =   10.202   7.881 deg. for the L =    6, J =    5.5 channel.
       5.5  0.71183421  0.26479900i: elastic S-matrix  @@      0.00  0   0 F  0
 Reaction Xsec     5.5+/ 6 @ 1 =  42.466 , Out:   0.000#   1.450   41.017f


 Total SPIN, PARITY =     5.5 -,      6 chs,      6 cc.  Rmin & Coul turning =    0.2    4.1
   S-matrix    1 =    0.13201   0.39267 for L=    5, J=    5.5 channel on core I =   0.0 from L=    5,  Acc. loss =  0.0 D.
 Elastic phase shift   1 =   35.709  25.246 deg. for the L =    5, J =    5.5 channel.
       5.5  0.13200930  0.39267096i: elastic S-matrix  @@      0.00  0   0 F  0
 Reaction Xsec     5.5-/ 5 @ 1 =  83.130 , Out:   0.000#   2.976   80.154f


 Total SPIN, PARITY =     6.5 +,      6 chs,      6 cc.  Rmin & Coul turning =    0.3    4.9
   S-matrix    1 =    0.62959   0.35264 for L=    6, J=    6.5 channel on core I =   0.0 from L=    6,  Acc. loss =  0.0 D.
 Elastic phase shift   1 =   14.627   9.346 deg. for the L =    6, J =    6.5 channel.
       6.5  0.62959297  0.35264428i: elastic S-matrix  @@      0.00  0   0 F  0
 Reaction Xsec     6.5+/ 6 @ 1 =  56.110 , Out:   0.000#   1.796   54.314f


 Total SPIN, PARITY =     6.5 -,      6 chs,      6 cc.  Rmin & Coul turning =    0.3    4.9
   S-matrix    1 =    0.89404   0.13747 for L=    7, J=    6.5 channel on core I =   0.0 from L=    7,  Acc. loss =  0.0 D.
 Elastic phase shift   1 =    4.371   2.874 deg. for the L =    7, J =    6.5 channel.
       6.5  0.89404409  0.13747076i: elastic S-matrix  @@      0.00  0   0 F  0
 Reaction Xsec     6.5-/ 7 @ 1 =  21.283 , Out:   0.000#   0.731   20.552f


 Total SPIN, PARITY =     7.5 +,      6 chs,      6 cc.  Rmin & Coul turning =    0.3    5.6
   S-matrix    1 =    0.96281   0.06207 for L=    8, J=    7.5 channel on core I =   0.0 from L=    8,  Acc. loss =  0.0 D.
 Elastic phase shift   1 =    1.844   1.026 deg. for the L =    8, J =    7.5 channel.
       7.5  0.96280671  0.06207499i: elastic S-matrix  @@      0.00  0   0 F  0
 Reaction Xsec     7.5+/ 8 @ 1 =   9.252 , Out:   0.000#   0.229    9.024f


 Total SPIN, PARITY =     7.5 -,      6 chs,      6 cc.  Rmin & Coul turning =    0.3    5.6
   S-matrix    1 =    0.87581   0.18822 for L=    7, J=    7.5 channel on core I =   0.0 from L=    7,  Acc. loss =  0.0 D.
 Elastic phase shift   1 =    6.065   3.152 deg. for the L =    7, J =    7.5 channel.
       7.5  0.87581444  0.18822465i: elastic S-matrix  @@      0.00  0   0 F  0
 Reaction Xsec     7.5-/ 7 @ 1 =  26.429 , Out:   0.000#   0.887   25.542f


 Total SPIN, PARITY =     8.5 +,      6 chs,      6 cc.  Rmin & Coul turning =    0.4    6.3
   S-matrix    1 =    0.95940   0.08413 for L=    8, J=    8.5 channel on core I =   0.0 from L=    8,  Acc. loss =  0.0 D.
 Elastic phase shift   1 =    2.506   1.078 deg. for the L =    8, J =    8.5 channel.
       8.5  0.95940235  0.08412700i: elastic S-matrix  @@      0.00  0   0 F  0
 Reaction Xsec     8.5+/ 8 @ 1 =  10.909 , Out:   0.000#   0.284   10.625f


 Total SPIN, PARITY =     8.5 -,      6 chs,      6 cc.  Rmin & Coul turning =    0.4    6.3
   S-matrix    1 =    0.98708   0.02637 for L=    9, J=    8.5 channel on core I =   0.0 from L=    9,  Acc. loss =  0.0 D.
 Elastic phase shift   1 =    0.765   0.362 deg. for the L =    9, J =    8.5 channel.
       8.5  0.98707949  0.02637298i: elastic S-matrix  @@      0.00  0   0 F  0
 Reaction Xsec     8.5-/ 9 @ 1 =   3.760 , Out:   0.000#   0.048    3.712f


 Total SPIN, PARITY =     9.5 +,      6 chs,      6 cc.  Rmin & Coul turning =    0.4    7.1
   S-matrix    1 =    0.99549   0.01090 for L=   10, J=    9.5 channel on core I =   0.0 from L=   10,  Acc. loss =  0.0 D.
 Elastic phase shift   1 =    0.314   0.128 deg. for the L =   10, J =    9.5 channel.
       9.5  0.99548803  0.01090379i: elastic S-matrix  @@      0.00  0   0 F  0
 Reaction Xsec     9.5+/10 @ 1 =   1.486 , Out:   0.000#   7.635/   1.478f


 Total SPIN, PARITY =     9.5 -,      6 chs,      6 cc.  Rmin & Coul turning =    0.4    7.1
   S-matrix    1 =    0.98649   0.03545 for L=    9, J=    9.5 channel on core I =   0.0 from L=    9,  Acc. loss =  0.0 D.
 Elastic phase shift   1 =    1.029   0.371 deg. for the L =    9, J =    9.5 channel.
       9.5  0.98648614  0.03544948i: elastic S-matrix  @@      0.00  0   0 F  0
 Reaction Xsec     9.5-/ 9 @ 1 =   4.280 , Out:   0.000#   0.057    4.223f


 Total SPIN, PARITY =    10.5 +,      6 chs,      6 cc.  Rmin & Coul turning =    0.5    7.8
   S-matrix    1 =    0.99539   0.01460 for L=   10, J=   10.5 channel on core I =   0.0 from L=   10,  Acc. loss =  0.0 D.
 Elastic phase shift   1 =    0.420   0.129 deg. for the L =   10, J =   10.5 channel.
      10.5  0.99538824  0.01460140i: elastic S-matrix  @@      0.00  0   0 F  0
 Reaction Xsec    10.5+/10 @ 1 =   1.654 , Out:   0.000#   8.752/   1.645f


 Total SPIN, PARITY =    10.5 -,      6 chs,      6 cc.  Rmin & Coul turning =    0.5    7.8
   S-matrix    1 =    0.99841   0.00446 for L=   11, J=   10.5 channel on core I =   0.0 from L=   11,  Acc. loss =  0.0 D.
 Elastic phase shift   1 =    0.128   0.045 deg. for the L =   11, J =   10.5 channel.
      10.5  0.99841307  0.00445620i: elastic S-matrix  @@      0.00  0   0 F  0
 Reaction Xsec    10.5-/11 @ 1 =   0.580 , Out:   0.000#   0.939/   0.579f


 Total SPIN, PARITY =    11.5 +,      6 chs,      6 cc.  Rmin & Coul turning =    0.5    8.5
   S-matrix    1 =    0.99944   0.00181 for L=   12, J=   11.5 channel on core I =   0.0 from L=   12,  Acc. loss =  0.0 D.
 Elastic phase shift   1 =    0.052   0.016 deg. for the L =   12, J =   11.5 channel.
      11.5  0.99943937  0.00181124i: elastic S-matrix  @@      0.00  0   0 F  0
 Reaction Xsec    11.5+/12 @ 1 =   0.224 , Out:   0.000#   0.126/   0.224f


 Total SPIN, PARITY =    11.5 -,      6 chs,      6 cc.  Rmin & Coul turning =    0.5    8.5
   S-matrix    1 =    0.99840   0.00596 for L=   11, J=   11.5 channel on core I =   0.0 from L=   11,  Acc. loss =  0.0 D.
 Elastic phase shift   1 =    0.171   0.045 deg. for the L =   11, J =   11.5 channel.
      11.5  0.99839647  0.00596130i: elastic S-matrix  @@      0.00  0   0 F  0
 Reaction Xsec    11.5-/11 @ 1 =   0.636 , Out:   0.000#   1.049/   0.635f


 Total SPIN, PARITY =    12.5 +,      6 chs,      6 cc.  Rmin & Coul turning =    0.6    9.3
   S-matrix    1 =    0.99944   0.00242 for L=   12, J=   12.5 channel on core I =   0.0 from L=   12,  Acc. loss =  0.0 D.
 Elastic phase shift   1 =    0.069   0.016 deg. for the L =   12, J =   12.5 channel.
      12.5  0.99943662  0.00242361i: elastic S-matrix  @@      0.00  0   0 F  0
 Reaction Xsec    12.5+/12 @ 1 =   0.244 , Out:   0.000#   0.137/   0.244f


 Total SPIN, PARITY =    12.5 -,      6 chs,      6 cc.  Rmin & Coul turning =    0.6    9.3
   S-matrix    1 =    0.99980   0.00073 for L=   13, J=   12.5 channel on core I =   0.0 from L=   13,  Acc. loss =  0.0 D.
 Elastic phase shift   1 =    0.021   0.006 deg. for the L =   13, J =   12.5 channel.
      12.5  0.99980150  0.00073382i: elastic S-matrix  @@      0.00  0   0 F  0
 Reaction Xsec    12.5-/13 @ 1 =   0.086 , Out:   0.000#   0.115/   0.086f


 Total SPIN, PARITY =    13.5 +,      6 chs,      6 cc.  Rmin & Coul turning =    0.6   10.0
   S-matrix    1 =    0.99993   0.00030 for L=   14, J=   13.5 channel on core I =   0.0 from L=   14,  Acc. loss =  0.0 D.
 Elastic phase shift   1 =    0.008   0.002 deg. for the L =   14, J =   13.5 channel.
      13.5  0.99992960  0.00029661i: elastic S-matrix  @@      0.00  0   0 F  0
 Reaction Xsec    13.5+/14 @ 1 =   0.033 , Out:   0.000#   0.145/   0.033f


 Total SPIN, PARITY =    13.5 -,      6 chs,      6 cc.  Rmin & Coul turning =    0.6   10.0
   S-matrix    1 =    0.99980   0.00098 for L=   13, J=   13.5 channel on core I =   0.0 from L=   13,  Acc. loss =  0.0 D.
 Elastic phase shift   1 =    0.028   0.006 deg. for the L =   13, J =   13.5 channel.
      13.5  0.99980104  0.00098264i: elastic S-matrix  @@      0.00  0   0 F  0
 Reaction Xsec    13.5-/13 @ 1 =   0.093 , Out:   0.000#   0.123/   0.093f


 Total SPIN, PARITY =    14.5 +,      6 chs,      6 cc.  Rmin & Coul turning =    0.7   10.7
   S-matrix    1 =    0.99993   0.00040 for L=   14, J=   14.5 channel on core I =   0.0 from L=   14,  Acc. loss =  0.0 D.
 Elastic phase shift   1 =    0.011   0.002 deg. for the L =   14, J =   14.5 channel.
      14.5  0.99992952  0.00039753i: elastic S-matrix  @@      0.00  0   0 F  0
 Reaction Xsec    14.5+/14 @ 1 =   0.035 , Out:   0.000#   0.156/   0.035f


 Total SPIN, PARITY =    14.5 -,      6 chs,      6 cc.  Rmin & Coul turning =    0.7   10.7
   S-matrix    1 =    0.99997   0.00012 for L=   15, J=   14.5 channel on core I =   0.0 from L=   15,  Acc. loss =  0.0 D.
 Elastic phase shift   1 =    0.003   0.001 deg. for the L =   15, J =   14.5 channel.
      14.5  0.99997495  0.00011966i: elastic S-matrix  @@      0.00  0   0 F  0
 Reaction Xsec    14.5-/15 @ 1 =   0.013 , Out:   0.000#   0.149/   0.012f


 Total SPIN, PARITY =    15.5 +,      6 chs,      6 cc.  Rmin & Coul turning =    0.7   11.4
   S-matrix    1 =    0.99999   0.00005 for L=   16, J=   15.5 channel on core I =   0.0 from L=   16,  Acc. loss =  0.0 D.
 Elastic phase shift   1 =    0.001   0.000 deg. for the L =   16, J =   15.5 channel.
      15.5  0.99999101  0.00004819i: elastic S-matrix  @@      0.00  0   0 F  0
 Reaction Xsec    15.5+/16 @ 1 =   4.810/, Out:   0.000#   0.137/   0.005f


 Total SPIN, PARITY =    15.5 -,      6 chs,      6 cc.  Rmin & Coul turning =    0.7   11.4
   S-matrix    1 =    0.99997   0.00016 for L=   15, J=   15.5 channel on core I =   0.0 from L=   15,  Acc. loss =  0.0 D.
 Elastic phase shift   1 =    0.005   0.001 deg. for the L =   15, J =   15.5 channel.
      15.5  0.99997494  0.00016051i: elastic S-matrix  @@      0.00  0   0 F  0
 Reaction Xsec    15.5-/15 @ 1 =   0.013 , Out:   0.000#   0.159/   0.013f


 Total SPIN, PARITY =    16.5 +,      6 chs,      6 cc.  Rmin & Coul turning =    0.8   12.2
   S-matrix    1 =    0.99999   0.00006 for L=   16, J=   16.5 channel on core I =   0.0 from L=   16,  Acc. loss =  0.0 D.
 Elastic phase shift   1 =    0.002   0.000 deg. for the L =   16, J =   16.5 channel.
      16.5  0.99999101  0.00006470i: elastic S-matrix  @@      0.00  0   0 F  0
 Reaction Xsec    16.5+/16 @ 1 =   5.111/, Out:   0.000#   0.146/   0.005f


 Total SPIN, PARITY =    16.5 -,      6 chs,      6 cc.  Rmin & Coul turning =    0.8   12.2
   S-matrix    1 =    1.00000   0.00002 for L=   17, J=   16.5 channel on core I =   0.0 from L=   17,  Acc. loss =  0.0 D.
 Elastic phase shift   1 =    0.001   0.000 deg. for the L =   17, J =   16.5 channel.
      16.5  0.99999671  0.00001938i: elastic S-matrix  @@      0.00  0   0 F  0
 Reaction Xsec    16.5-/17 @ 1 =   1.870/, Out:   0.000#   0.121/   0.002f


 Total SPIN, PARITY =    17.5 +,      6 chs,      6 cc.  Rmin & Coul turning =    0.8   12.9
   S-matrix    1 =    1.00000   0.00001 for L=   18, J=   17.5 channel on core I =   0.0 from L=   18,  Acc. loss =  0.0 D.
 Elastic phase shift   1 =    0.000   0.000 deg. for the L =   18, J =   17.5 channel.
      17.5  0.99999874  0.00000779i: elastic S-matrix  @@      0.00  0   0 F  0
 Reaction Xsec    17.5+/18 @ 1 =   0.756/, Out:   0.000#   0.105/   0.001f


 Total SPIN, PARITY =    17.5 -,      6 chs,      6 cc.  Rmin & Coul turning =    0.8   12.9
   S-matrix    1 =    1.00000   0.00003 for L=   17, J=   17.5 channel on core I =   0.0 from L=   17,  Acc. loss =  0.0 D.
 Elastic phase shift   1 =    0.001   0.000 deg. for the L =   17, J =   17.5 channel.
      17.5  0.99999671  0.00002604i: elastic S-matrix  @@      0.00  0   0 F  0
 Reaction Xsec    17.5-/17 @ 1 =   1.980/, Out:   0.000#   0.128/   0.002f


 Total SPIN, PARITY =    18.5 +,      6 chs,      6 cc.  Rmin & Coul turning =    0.8   13.6
   S-matrix    1 =    1.00000   0.00001 for L=   18, J=   18.5 channel on core I =   0.0 from L=   18,  Acc. loss =  0.0 D.
 Elastic phase shift   1 =    0.000   0.000 deg. for the L =   18, J =   18.5 channel.
      18.5  0.99999874  0.00001047i: elastic S-matrix  @@      0.00  0   0 F  0
 Reaction Xsec    18.5+/18 @ 1 =   0.798/, Out:   0.000#   0.111/   0.001f


 Total SPIN, PARITY =    18.5 -,      6 chs,      6 cc.  Rmin & Coul turning =    0.8   13.6
   S-matrix    1 =    1.00000   0.00000 for L=   19, J=   18.5 channel on core I =   0.0 from L=   19,  Acc. loss =  0.0 D.
 Elastic phase shift   1 =    0.000   0.000 deg. for the L =   19, J =   18.5 channel.
      18.5  0.99999948  0.00000313i: elastic S-matrix  @@      0.00  0   0 F  0
 Reaction Xsec    18.5-/19 @ 1 =   0.333/, Out:   0.000#   0.091/   0.000f


 Total SPIN, PARITY =    19.5 +,      6 chs,      6 cc.  Rmin & Coul turning =    0.9   14.4
   S-matrix    1 =    1.00000   0.00000 for L=   20, J=   19.5 channel on core I =   0.0 from L=   20,  Acc. loss =  0.0 D.
 Elastic phase shift   1 =    0.000   0.000 deg. for the L =   20, J =   19.5 channel.
      19.5  0.99999975  0.00000126i: elastic S-matrix  @@      0.00  0   0 F  0
 Reaction Xsec    19.5+/20 @ 1 =   0.168/, Out:   0.000#   0.079/   0.000f


 Total SPIN, PARITY =    19.5 -,      6 chs,      6 cc.  Rmin & Coul turning =    0.9   14.4
   S-matrix    1 =    1.00000   0.00000 for L=   19, J=   19.5 channel on core I =   0.0 from L=   19,  Acc. loss =  0.0 D.
 Elastic phase shift   1 =    0.000   0.000 deg. for the L =   19, J =   19.5 channel.
      19.5  0.99999948  0.00000421i: elastic S-matrix  @@      0.00  0   0 F  0
 Reaction Xsec    19.5-/19 @ 1 =   0.350/, Out:   0.000#   0.096/   0.000f


 Total SPIN, PARITY =    20.5 +,      6 chs,      6 cc.  Rmin & Coul turning =    1.0   15.1
   S-matrix    1 =    1.00000   0.00000 for L=   20, J=   20.5 channel on core I =   0.0 from L=   20,  Acc. loss =  0.0 D.
 Elastic phase shift   1 =    0.000   0.000 deg. for the L =   20, J =   20.5 channel.
      20.5  0.99999975  0.00000169i: elastic S-matrix  @@      0.00  0   0 F  0
 Reaction Xsec    20.5+/20 @ 1 =   0.177/, Out:   0.000#   0.083/   0.000f


 Total SPIN, PARITY =    20.5 -,      6 chs,      6 cc.  Rmin & Coul turning =    1.0   15.1
   S-matrix    1 =    1.00000   0.00000 for L=   21, J=   20.5 channel on core I =   0.0 from L=   21,  Acc. loss =  0.0 D.
 Elastic phase shift   1 =    0.000   0.000 deg. for the L =   21, J =   20.5 channel.
      20.5  0.99999985  0.00000051i: elastic S-matrix  @@      0.00  0   0 F  0
 Reaction Xsec    20.5-/21 @ 1 =   0.102/, Out:   0.000#   0.069/   0.000f


 Total SPIN, PARITY =    21.5 +,      6 chs,      6 cc.  Rmin & Coul turning =    1.0   15.8
   S-matrix    1 =    1.00000   0.00000 for L=   22, J=   21.5 channel on core I =   0.0 from L=   22,  Acc. loss =  0.0 D.
 Elastic phase shift   1 =    0.000   0.000 deg. for the L =   22, J =   21.5 channel.
      21.5  0.99999990  0.00000021i: elastic S-matrix  @@      0.00  0   0 F  0
 Reaction Xsec    21.5+/22 @ 1 =   0.073/, Out:   0.000#   0.061/   0.000f


 Total SPIN, PARITY =    21.5 -,      6 chs,      6 cc.  Rmin & Coul turning =    1.0   15.8
   S-matrix    1 =    1.00000   0.00000 for L=   21, J=   21.5 channel on core I =   0.0 from L=   21,  Acc. loss =  0.0 D.
 Elastic phase shift   1 =    0.000   0.000 deg. for the L =   21, J =   21.5 channel.
      21.5  0.99999985  0.00000068i: elastic S-matrix  @@      0.00  0   0 F  0
 Reaction Xsec    21.5-/21 @ 1 =   0.107/, Out:   0.000#   0.072/   0.000f


 Total SPIN, PARITY =    22.5 +,      6 chs,      6 cc.  Rmin & Coul turning =    1.1   16.6
   S-matrix    1 =    1.00000   0.00000 for L=   22, J=   22.5 channel on core I =   0.0 from L=   22,  Acc. loss =  0.0 D.
 Elastic phase shift   1 =    0.000   0.000 deg. for the L =   22, J =   22.5 channel.
      22.5  0.99999990  0.00000028i: elastic S-matrix  @@      0.00  0   0 F  0
 Reaction Xsec    22.5+/22 @ 1 =   0.076/, Out:   0.000#   0.063/   0.000f


 Total SPIN, PARITY =    22.5 -,      6 chs,      6 cc.  Rmin & Coul turning =    1.1   16.6
   S-matrix    1 =    1.00000   0.00000 for L=   23, J=   22.5 channel on core I =   0.0 from L=   23,  Acc. loss =  0.0 D.
 Elastic phase shift   1 =    0.000   0.000 deg. for the L =   23, J =   22.5 channel.
      22.5  0.99999992  0.00000009i: elastic S-matrix  @@      0.00  0   0 F  0
 Reaction Xsec    22.5-/23 @ 1 =   0.058/, Out:   0.000#   0.053/   0.000f


 Total SPIN, PARITY =    23.5 +,      6 chs,      6 cc.  Rmin & Coul turning =    1.1   17.3
   S-matrix    1 =    1.00000   0.00000 for L=   24, J=   23.5 channel on core I =   0.0 from L=   24,  Acc. loss =  0.0 D.
 Elastic phase shift   1 =    0.000   0.000 deg. for the L =   24, J =   23.5 channel.
      23.5  0.99999994  0.00000004i: elastic S-matrix  @@      0.00  0   0 F  0
 Reaction Xsec    23.5+/24 @ 1 =   0.049/, Out:   0.000#   0.047/   0.000f


 Total SPIN, PARITY =    23.5 -,      6 chs,      6 cc.  Rmin & Coul turning =    1.1   17.3
   S-matrix    1 =    1.00000   0.00000 for L=   23, J=   23.5 channel on core I =   0.0 from L=   23,  Acc. loss =  0.0 D.
 Elastic phase shift   1 =    0.000   0.000 deg. for the L =   23, J =   23.5 channel.
      23.5  0.99999992  0.00000011i: elastic S-matrix  @@      0.00  0   0 F  0
 Reaction Xsec    23.5-/23 @ 1 =   0.060/, Out:   0.000#   0.056/   0.000f


 Total SPIN, PARITY =    24.5 +,      6 chs,      6 cc.  Rmin & Coul turning =    1.1   18.0
   S-matrix    1 =    1.00000   0.00000 for L=   24, J=   24.5 channel on core I =   0.0 from L=   24,  Acc. loss =  0.0 D.
 Elastic phase shift   1 =    0.000   0.000 deg. for the L =   24, J =   24.5 channel.
      24.5  0.99999994  0.00000005i: elastic S-matrix  @@      0.00  0   0 F  0
 Reaction Xsec    24.5+/24 @ 1 =   0.051/, Out:   0.000#   0.049/   0.000f


 Total SPIN, PARITY =    24.5 -,      6 chs,      6 cc.  Rmin & Coul turning =    1.1   18.0
   S-matrix    1 =    1.00000   0.00000 for L=   25, J=   24.5 channel on core I =   0.0 from L=   25,  Acc. loss =  0.0 D.
 Elastic phase shift   1 =    0.000   0.000 deg. for the L =   25, J =   24.5 channel.
      24.5  0.99999995  0.00000002i: elastic S-matrix  @@      0.00  0   0 F  0
 Reaction Xsec    24.5-/25 @ 1 =   0.043/, Out:   0.000#   0.042/   0.000f


 Total SPIN, PARITY =    25.5 +,      6 chs,      6 cc.  Rmin & Coul turning =    1.2   18.7
   S-matrix    1 =    1.00000   0.00000 for L=   26, J=   25.5 channel on core I =   0.0 from L=   26,  Acc. loss =  0.0 D.
 Elastic phase shift   1 =    0.000   0.000 deg. for the L =   26, J =   25.5 channel.
      25.5  0.99999996  0.00000001i: elastic S-matrix  @@      0.00  0   0 F  0
 Reaction Xsec    25.5+/26 @ 1 =   0.038/, Out:   0.000#   0.038/   0.000f


 Total SPIN, PARITY =    25.5 -,      6 chs,      6 cc.  Rmin & Coul turning =    1.2   18.7
   S-matrix    1 =    1.00000   0.00000 for L=   25, J=   25.5 channel on core I =   0.0 from L=   25,  Acc. loss =  0.0 D.
 Elastic phase shift   1 =    0.000   0.000 deg. for the L =   25, J =   25.5 channel.
      25.5  0.99999995  0.00000002i: elastic S-matrix  @@      0.00  0   0 F  0
 Reaction Xsec    25.5-/25 @ 1 =   0.044/, Out:   0.000#   0.044/   0.000f


 Total SPIN, PARITY =    26.5 +,      6 chs,      6 cc.  Rmin & Coul turning =    1.2   19.5
   S-matrix    1 =    1.00000   0.00000 for L=   26, J=   26.5 channel on core I =   0.0 from L=   26,  Acc. loss =  0.0 D.
 Elastic phase shift   1 =    0.000   0.000 deg. for the L =   26, J =   26.5 channel.
      26.5  0.99999996  0.00000001i: elastic S-matrix  @@      0.00  0   0 F  0
 Reaction Xsec    26.5+/26 @ 1 =   0.039/, Out:   0.000#   0.039/   0.000f


 Total SPIN, PARITY =    26.5 -,      6 chs,      6 cc.  Rmin & Coul turning =    1.2   19.5
   S-matrix    1 =    1.00000   0.00000 for L=   27, J=   26.5 channel on core I =   0.0 from L=   27,  Acc. loss =  0.0 D.
 Elastic phase shift   1 =    0.000   0.000 deg. for the L =   27, J =   26.5 channel.
      26.5  0.99999996  0.00000001i: elastic S-matrix  @@      0.00  0   0 F  0
 Reaction Xsec    26.5-/27 @ 1 =   0.034/, Out:   0.000#   0.034/   0.000f


 Total SPIN, PARITY =    27.5 +,      6 chs,      6 cc.  Rmin & Coul turning =    1.3   20.2
   S-matrix    1 =    1.00000   0.00000 for L=   28, J=   27.5 channel on core I =   0.0 from L=   28,  Acc. loss =  0.0 D.
 Elastic phase shift   1 =    0.000   0.000 deg. for the L =   28, J =   27.5 channel.
      27.5  0.99999997  0.00000001i: elastic S-matrix  @@      0.00  0   0 F  0
 Reaction Xsec    27.5+/28 @ 1 =   0.030/, Out:   0.000#   0.030/   0.000f


 Total SPIN, PARITY =    27.5 -,      6 chs,      6 cc.  Rmin & Coul turning =    1.3   20.2
   S-matrix    1 =    1.00000   0.00000 for L=   27, J=   27.5 channel on core I =   0.0 from L=   27,  Acc. loss =  0.0 D.
 Elastic phase shift   1 =    0.000   0.000 deg. for the L =   27, J =   27.5 channel.
      27.5  0.99999996  0.00000001i: elastic S-matrix  @@      0.00  0   0 F  0
 Reaction Xsec    27.5-/27 @ 1 =   0.035/, Out:   0.000#   0.035/   0.000f


 Total SPIN, PARITY =    28.5 +,      6 chs,      6 cc.  Rmin & Coul turning =    1.3   20.9
   S-matrix    1 =    1.00000   0.00000 for L=   28, J=   28.5 channel on core I =   0.0 from L=   28,  Acc. loss =  0.0 D.
 Elastic phase shift   1 =    0.000   0.000 deg. for the L =   28, J =   28.5 channel.
      28.5  0.99999997  0.00000001i: elastic S-matrix  @@      0.00  0   0 F  0
 Reaction Xsec    28.5+/28 @ 1 =   0.032/, Out:   0.000#   0.031/   0.000f


 Total SPIN, PARITY =    28.5 -,      6 chs,      6 cc.  Rmin & Coul turning =    1.3   20.9
   S-matrix    1 =    1.00000   0.00000 for L=   29, J=   28.5 channel on core I =   0.0 from L=   29,  Acc. loss =  0.0 D.
 Elastic phase shift   1 =    0.000   0.000 deg. for the L =   29, J =   28.5 channel.
      28.5  0.99999997  0.00000000i: elastic S-matrix  @@      0.00  0   0 F  0
 Reaction Xsec    28.5-/29 @ 1 =   0.027/, Out:   0.000#   0.027/   0.000f


 Total SPIN, PARITY =    29.5 +,      6 chs,      6 cc.  Rmin & Coul turning =    1.4   21.7
   S-matrix    1 =    1.00000   0.00000 for L=   30, J=   29.5 channel on core I =   0.0 from L=   30,  Acc. loss =  0.0 D.
 Elastic phase shift   1 =    0.000   0.000 deg. for the L =   30, J =   29.5 channel.
      29.5  0.99999998  0.00000000i: elastic S-matrix  @@      0.00  0   0 F  0
 Reaction Xsec    29.5+/30 @ 1 =   0.025/, Out:   0.000#   0.025/   0.000f


 Total SPIN, PARITY =    29.5 -,      6 chs,      6 cc.  Rmin & Coul turning =    1.4   21.7
   S-matrix    1 =    1.00000   0.00000 for L=   29, J=   29.5 channel on core I =   0.0 from L=   29,  Acc. loss =  0.0 D.
 Elastic phase shift   1 =    0.000   0.000 deg. for the L =   29, J =   29.5 channel.
      29.5  0.99999997  0.00000000i: elastic S-matrix  @@      0.00  0   0 F  0
 Reaction Xsec    29.5-/29 @ 1 =   0.028/, Out:   0.000#   0.028/   0.000f


 Total SPIN, PARITY =    30.5 +,      6 chs,      6 cc.  Rmin & Coul turning =    1.4   22.4
   S-matrix    1 =    1.00000   0.00000 for L=   30, J=   30.5 channel on core I =   0.0 from L=   30,  Acc. loss =  0.0 D.
 Elastic phase shift   1 =    0.000   0.000 deg. for the L =   30, J =   30.5 channel.
      30.5  0.99999998  0.00000000i: elastic S-matrix  @@      0.00  0   0 F  0
 Reaction Xsec    30.5+/30 @ 1 =   0.026/, Out:   0.000#   0.026/   0.000f


 Total SPIN, PARITY =    30.5 -,      6 chs,      6 cc.  Rmin & Coul turning =    1.4   22.4
   S-matrix    1 =    1.00000   0.00000 for L=   31, J=   30.5 channel on core I =   0.0 from L=   31,  Acc. loss =  0.0 D.
 Elastic phase shift   1 =    0.000   0.000 deg. for the L =   31, J =   30.5 channel.
      30.5  0.99999998  0.00000000i: elastic S-matrix  @@      0.00  0   0 F  0
 Reaction Xsec    30.5-/31 @ 1 =   0.023/, Out:   0.000#   0.023/   0.000f


 Total SPIN, PARITY =    31.5 +,      6 chs,      6 cc.  Rmin & Coul turning =    1.5   23.1
   S-matrix    1 =    1.00000   0.00000 for L=   32, J=   31.5 channel on core I =   0.0 from L=   32,  Acc. loss =  0.0 D.
 Elastic phase shift   1 =    0.000   0.000 deg. for the L =   32, J =   31.5 channel.
      31.5  0.99999998  0.00000000i: elastic S-matrix  @@      0.00  0   0 F  0
 Reaction Xsec    31.5+/32 @ 1 =   0.020/, Out:   0.000#   0.020/   0.000f


 Total SPIN, PARITY =    31.5 -,      6 chs,      6 cc.  Rmin & Coul turning =    1.5   23.1
   S-matrix    1 =    1.00000   0.00000 for L=   31, J=   31.5 channel on core I =   0.0 from L=   31,  Acc. loss =  0.0 D.
 Elastic phase shift   1 =    0.000   0.000 deg. for the L =   31, J =   31.5 channel.
      31.5  0.99999998  0.00000000i: elastic S-matrix  @@      0.00  0   0 F  0
 Reaction Xsec    31.5-/31 @ 1 =   0.023/, Out:   0.000#   0.023/   0.000f


 Total SPIN, PARITY =    32.5 +,      6 chs,      6 cc.  Rmin & Coul turning =    1.5   23.9
   S-matrix    1 =    1.00000   0.00000 for L=   32, J=   32.5 channel on core I =   0.0 from L=   32,  Acc. loss =  0.0 D.
 Elastic phase shift   1 =    0.000   0.000 deg. for the L =   32, J =   32.5 channel.
      32.5  0.99999998  0.00000000i: elastic S-matrix  @@      0.00  0   0 F  0
 Reaction Xsec    32.5+/32 @ 1 =   0.021/, Out:   0.000#   0.021/   0.000f


 Total SPIN, PARITY =    32.5 -,      6 chs,      6 cc.  Rmin & Coul turning =    1.5   23.9
   S-matrix    1 =    1.00000   0.00000 for L=   33, J=   32.5 channel on core I =   0.0 from L=   33,  Acc. loss =  0.0 D.
 Elastic phase shift   1 =    0.000   0.000 deg. for the L =   33, J =   32.5 channel.
      32.5  0.99999998  0.00000000i: elastic S-matrix  @@      0.00  0   0 F  0
 Reaction Xsec    32.5-/33 @ 1 =   0.019/, Out:   0.000#   0.019/   0.000f


 Total SPIN, PARITY =    33.5 +,      6 chs,      6 cc.  Rmin & Coul turning =    1.6   24.6
   S-matrix    1 =    1.00000   0.00000 for L=   34, J=   33.5 channel on core I =   0.0 from L=   34,  Acc. loss =  0.0 D.
 Elastic phase shift   1 =    0.000   0.000 deg. for the L =   34, J =   33.5 channel.
      33.5  0.99999999  0.00000000i: elastic S-matrix  @@      0.00  0   0 F  0
 Reaction Xsec    33.5+/34 @ 1 =   0.017/, Out:   0.000#   0.017/   0.000f


 Total SPIN, PARITY =    33.5 -,      6 chs,      6 cc.  Rmin & Coul turning =    1.6   24.6
   S-matrix    1 =    1.00000   0.00000 for L=   33, J=   33.5 channel on core I =   0.0 from L=   33,  Acc. loss =  0.0 D.
 Elastic phase shift   1 =    0.000   0.000 deg. for the L =   33, J =   33.5 channel.
      33.5  0.99999998  0.00000000i: elastic S-matrix  @@      0.00  0   0 F  0
 Reaction Xsec    33.5-/33 @ 1 =   0.019/, Out:   0.000#   0.019/   0.000f


 Total SPIN, PARITY =    34.5 +,      6 chs,      6 cc.  Rmin & Coul turning =    1.6   25.3
   S-matrix    1 =    1.00000   0.00000 for L=   34, J=   34.5 channel on core I =   0.0 from L=   34,  Acc. loss =  0.0 D.
 Elastic phase shift   1 =    0.000   0.000 deg. for the L =   34, J =   34.5 channel.
      34.5  0.99999999  0.00000000i: elastic S-matrix  @@      0.00  0   0 F  0
 Reaction Xsec    34.5+/34 @ 1 =   0.018/, Out:   0.000#   0.018/   0.000f


 Total SPIN, PARITY =    34.5 -,      6 chs,      6 cc.  Rmin & Coul turning =    1.6   25.3
   S-matrix    1 =    1.00000   0.00000 for L=   35, J=   34.5 channel on core I =   0.0 from L=   35,  Acc. loss =  0.0 D.
 Elastic phase shift   1 =    0.000   0.000 deg. for the L =   35, J =   34.5 channel.
      34.5  0.99999999  0.00000000i: elastic S-matrix  @@      0.00  0   0 F  0
 Reaction Xsec    34.5-/35 @ 1 =   0.016/, Out:   0.000#   0.016/   0.000f


 Total SPIN, PARITY =    35.5 +,      6 chs,      6 cc.  Rmin & Coul turning =    1.7   26.0
   S-matrix    1 =    1.00000   0.00000 for L=   36, J=   35.5 channel on core I =   0.0 from L=   36,  Acc. loss =  0.0 D.
 Elastic phase shift   1 =    0.000   0.000 deg. for the L =   36, J =   35.5 channel.
      35.5  0.99999999  0.00000000i: elastic S-matrix  @@      0.00  0   0 F  0
 Reaction Xsec    35.5+/36 @ 1 =   0.014/, Out:   0.000#   0.014/   0.000f


 Total SPIN, PARITY =    35.5 -,      6 chs,      6 cc.  Rmin & Coul turning =    1.7   26.0
   S-matrix    1 =    1.00000   0.00000 for L=   35, J=   35.5 channel on core I =   0.0 from L=   35,  Acc. loss =  0.0 D.
 Elastic phase shift   1 =    0.000   0.000 deg. for the L =   35, J =   35.5 channel.
      35.5  0.99999999  0.00000000i: elastic S-matrix  @@      0.00  0   0 F  0
 Reaction Xsec    35.5-/35 @ 1 =   0.016/, Out:   0.000#   0.016/   0.000f


 Total SPIN, PARITY =    36.5 +,      6 chs,      6 cc.  Rmin & Coul turning =    1.7   26.8
   S-matrix    1 =    1.00000   0.00000 for L=   36, J=   36.5 channel on core I =   0.0 from L=   36,  Acc. loss =  0.0 D.
 Elastic phase shift   1 =    0.000   0.000 deg. for the L =   36, J =   36.5 channel.
      36.5  0.99999999  0.00000000i: elastic S-matrix  @@      0.00  0   0 F  0
 Reaction Xsec    36.5+/36 @ 1 =   0.015/, Out:   0.000#   0.015/  -0.000f


 Total SPIN, PARITY =    36.5 -,      6 chs,      6 cc.  Rmin & Coul turning =    1.7   26.8
   S-matrix    1 =    1.00000   0.00000 for L=   37, J=   36.5 channel on core I =   0.0 from L=   37,  Acc. loss =  0.0 D.
 Elastic phase shift   1 =    0.000   0.000 deg. for the L =   37, J =   36.5 channel.
      36.5  0.99999999  0.00000000i: elastic S-matrix  @@      0.00  0   0 F  0
 Reaction Xsec    36.5-/37 @ 1 =   0.013/, Out:   0.000#   0.013/  -0.000f


 Total SPIN, PARITY =    37.5 +,      6 chs,      6 cc.  Rmin & Coul turning =    1.8   27.5
   S-matrix    1 =    1.00000   0.00000 for L=   38, J=   37.5 channel on core I =   0.0 from L=   38,  Acc. loss =  0.0 D.
 Elastic phase shift   1 =    0.000   0.000 deg. for the L =   38, J =   37.5 channel.
      37.5  0.99999999  0.00000000i: elastic S-matrix  @@      0.00  0   0 F  0
 Reaction Xsec    37.5+/38 @ 1 =   0.012/, Out:   0.000#   0.012/  -0.000f


 Total SPIN, PARITY =    37.5 -,      6 chs,      6 cc.  Rmin & Coul turning =    1.8   27.5
   S-matrix    1 =    1.00000   0.00000 for L=   37, J=   37.5 channel on core I =   0.0 from L=   37,  Acc. loss =  0.0 D.
 Elastic phase shift   1 =    0.000   0.000 deg. for the L =   37, J =   37.5 channel.
      37.5  0.99999999  0.00000000i: elastic S-matrix  @@      0.00  0   0 F  0
 Reaction Xsec    37.5-/37 @ 1 =   0.013/, Out:   0.000#   0.013/  -0.000f


 Total SPIN, PARITY =    38.5 +,      6 chs,      6 cc.  Rmin & Coul turning =    1.8   28.2
   S-matrix    1 =    1.00000   0.00000 for L=   38, J=   38.5 channel on core I =   0.0 from L=   38,  Acc. loss =  0.0 D.
 Elastic phase shift   1 =    0.000   0.000 deg. for the L =   38, J =   38.5 channel.
      38.5  0.99999999  0.00000000i: elastic S-matrix  @@      0.00  0   0 F  0
 Reaction Xsec    38.5+/38 @ 1 =   0.012/, Out:   0.000#   0.012/   0.000f


 Total SPIN, PARITY =    38.5 -,      6 chs,      6 cc.  Rmin & Coul turning =    1.8   28.2
   S-matrix    1 =    1.00000   0.00000 for L=   39, J=   38.5 channel on core I =   0.0 from L=   39,  Acc. loss =  0.0 D.
 Elastic phase shift   1 =    0.000   0.000 deg. for the L =   39, J =   38.5 channel.
      38.5  0.99999999  0.00000000i: elastic S-matrix  @@      0.00  0   0 F  0
 Reaction Xsec    38.5-/39 @ 1 =   0.011/, Out:   0.000#   0.011/   0.000f


 Total SPIN, PARITY =    39.5 +,      6 chs,      6 cc.  Rmin & Coul turning =    1.9   29.0
   S-matrix    1 =    1.00000   0.00000 for L=   40, J=   39.5 channel on core I =   0.0 from L=   40,  Acc. loss =  0.0 D.
 Elastic phase shift   1 =    0.000   0.000 deg. for the L =   40, J =   39.5 channel.
      39.5  0.99999999  0.00000000i: elastic S-matrix  @@      0.00  0   0 F  0
 Reaction Xsec    39.5+/40 @ 1 =   0.010/, Out:   0.000#   0.010/   0.000f


 Total SPIN, PARITY =    39.5 -,      6 chs,      6 cc.  Rmin & Coul turning =    1.9   29.0
   S-matrix    1 =    1.00000   0.00000 for L=   39, J=   39.5 channel on core I =   0.0 from L=   39,  Acc. loss =  0.0 D.
 Elastic phase shift   1 =    0.000   0.000 deg. for the L =   39, J =   39.5 channel.
      39.5  0.99999999  0.00000000i: elastic S-matrix  @@      0.00  0   0 F  0
 Reaction Xsec    39.5-/39 @ 1 =   0.011/, Out:   0.000#   0.011/   0.000f


 Total SPIN, PARITY =    40.5 +,      6 chs,      6 cc.  Rmin & Coul turning =    1.9   29.7
   S-matrix    1 =    1.00000   0.00000 for L=   40, J=   40.5 channel on core I =   0.0 from L=   40,  Acc. loss =  0.0 D.
 Elastic phase shift   1 =    0.000   0.000 deg. for the L =   40, J =   40.5 channel.
      40.5  0.99999999  0.00000000i: elastic S-matrix  @@      0.00  0   0 F  0
 Reaction Xsec    40.5+/40 @ 1 =   0.010/, Out:   0.000#   0.010/   0.000f


 Total SPIN, PARITY =    40.5 -,      6 chs,      6 cc.  Rmin & Coul turning =    1.9   29.7
   S-matrix    1 =    1.00000   0.00000 for L=   41, J=   40.5 channel on core I =   0.0 from L=   41,  Acc. loss =  0.0 D.
 Elastic phase shift   1 =    0.000   0.000 deg. for the L =   41, J =   40.5 channel.
      40.5  0.99999999  0.00000000i: elastic S-matrix  @@      0.00  0   0 F  0
 Reaction Xsec    40.5-/41 @ 1 =   9.429#, Out:   0.000#   9.429#   0.000f


 Total SPIN, PARITY =    41.5 +,      6 chs,      6 cc.  Rmin & Coul turning =    1.9   30.4
   S-matrix    1 =    1.00000   0.00000 for L=   42, J=   41.5 channel on core I =   0.0 from L=   42,  Acc. loss =  0.0 D.
 Elastic phase shift   1 =    0.000   0.000 deg. for the L =   42, J =   41.5 channel.
      41.5  0.99999999  0.00000000i: elastic S-matrix  @@      0.00  0   0 F  0
 Reaction Xsec    41.5+/42 @ 1 =   8.715#, Out:   0.000#   8.715#   0.000f


 Total SPIN, PARITY =    41.5 -,      6 chs,      6 cc.  Rmin & Coul turning =    1.9   30.4
   S-matrix    1 =    1.00000   0.00000 for L=   41, J=   41.5 channel on core I =   0.0 from L=   41,  Acc. loss =  0.0 D.
 Elastic phase shift   1 =    0.000   0.000 deg. for the L =   41, J =   41.5 channel.
      41.5  0.99999999  0.00000000i: elastic S-matrix  @@      0.00  0   0 F  0
 Reaction Xsec    41.5-/41 @ 1 =   9.659#, Out:   0.000#   9.659#   0.000f


 Total SPIN, PARITY =    42.5 +,      6 chs,      6 cc.  Rmin & Coul turning =    2.0   31.1
   S-matrix    1 =    1.00000   0.00000 for L=   42, J=   42.5 channel on core I =   0.0 from L=   42,  Acc. loss =  0.0 D.
 Elastic phase shift   1 =    0.000   0.000 deg. for the L =   42, J =   42.5 channel.
      42.5  0.99999999  0.00000000i: elastic S-matrix  @@      0.00  0   0 F  0
 Reaction Xsec    42.5+/42 @ 1 =   8.922#, Out:   0.000#   8.922#   0.000f


 Total SPIN, PARITY =    42.5 -,      6 chs,      6 cc.  Rmin & Coul turning =    2.0   31.1
   S-matrix    1 =    1.00000   0.00000 for L=   43, J=   42.5 channel on core I =   0.0 from L=   43,  Acc. loss =  0.0 D.
 Elastic phase shift   1 =    0.000   0.000 deg. for the L =   43, J =   42.5 channel.
      42.5  0.99999999  0.00000000i: elastic S-matrix  @@      0.00  0   0 F  0
 Reaction Xsec    42.5-/43 @ 1 =   8.008#, Out:   0.000#   8.008#   0.000f


 Total SPIN, PARITY =    43.5 +,      6 chs,      6 cc.  Rmin & Coul turning =    2.0   31.9
   S-matrix    1 =    1.00000   0.00000 for L=   44, J=   43.5 channel on core I =   0.0 from L=   44,  Acc. loss =  0.0 D.
 Elastic phase shift   1 =    0.000   0.000 deg. for the L =   44, J =   43.5 channel.
      43.5  0.99999999  0.00000000i: elastic S-matrix  @@      0.00  0   0 F  0
 Reaction Xsec    43.5+/44 @ 1 =   7.429#, Out:   0.000#   7.429#   0.000f


 Total SPIN, PARITY =    43.5 -,      6 chs,      6 cc.  Rmin & Coul turning =    2.0   31.9
   S-matrix    1 =    1.00000   0.00000 for L=   43, J=   43.5 channel on core I =   0.0 from L=   43,  Acc. loss =  0.0 D.
 Elastic phase shift   1 =    0.000   0.000 deg. for the L =   43, J =   43.5 channel.
      43.5  0.99999999  0.00000000i: elastic S-matrix  @@      0.00  0   0 F  0
 Reaction Xsec    43.5-/43 @ 1 =   8.194#, Out:   0.000#   8.194#   0.000f


 Total SPIN, PARITY =    44.5 +,      6 chs,      6 cc.  Rmin & Coul turning =    2.1   32.6
   S-matrix    1 =    1.00000   0.00000 for L=   44, J=   44.5 channel on core I =   0.0 from L=   44,  Acc. loss =  0.0 D.
 Elastic phase shift   1 =    0.000   0.000 deg. for the L =   44, J =   44.5 channel.
      44.5  0.99999999  0.00000000i: elastic S-matrix  @@      0.00  0   0 F  0
 Reaction Xsec    44.5+/44 @ 1 =   7.598#, Out:   0.000#   7.598#   0.000f


 Total SPIN, PARITY =    44.5 -,      6 chs,      6 cc.  Rmin & Coul turning =    2.1   32.6
   S-matrix    1 =    1.00000   0.00000 for L=   45, J=   44.5 channel on core I =   0.0 from L=   45,  Acc. loss =  0.0 D.
 Elastic phase shift   1 =    0.000   0.000 deg. for the L =   45, J =   44.5 channel.
      44.5  1.00000000  0.00000000i: elastic S-matrix  @@      0.00  0   0 F  0
 Reaction Xsec    44.5-/45 @ 1 =   6.892#, Out:   0.000#   6.892#   0.000f


 Total SPIN, PARITY =    45.5 +,      6 chs,      6 cc.  Rmin & Coul turning =    2.2   33.3
   S-matrix    1 =    1.00000   0.00000 for L=   46, J=   45.5 channel on core I =   0.0 from L=   46,  Acc. loss =  0.0 D.
 Elastic phase shift   1 =    0.000   0.000 deg. for the L =   46, J =   45.5 channel.
      45.5  1.00000000  0.00000000i: elastic S-matrix  @@      0.00  0   0 F  0
 Reaction Xsec    45.5+/46 @ 1 =   6.337#, Out:   0.000#   6.336#   0.000f


 Total SPIN, PARITY =    45.5 -,      6 chs,      6 cc.  Rmin & Coul turning =    2.2   33.3
   S-matrix    1 =    1.00000   0.00000 for L=   45, J=   45.5 channel on core I =   0.0 from L=   45,  Acc. loss =  0.0 D.
 Elastic phase shift   1 =    0.000   0.000 deg. for the L =   45, J =   45.5 channel.
      45.5  1.00000000  0.00000000i: elastic S-matrix  @@      0.00  0   0 F  0
 Reaction Xsec    45.5-/45 @ 1 =   7.045#, Out:   0.000#   7.045#   0.000f


 Total SPIN, PARITY =    46.5 +,      6 chs,      6 cc.  Rmin & Coul turning =    2.2   34.1
   S-matrix    1 =    1.00000   0.00000 for L=   46, J=   46.5 channel on core I =   0.0 from L=   46,  Acc. loss =  0.0 D.
 Elastic phase shift   1 =    0.000   0.000 deg. for the L =   46, J =   46.5 channel.
      46.5  1.00000000  0.00000000i: elastic S-matrix  @@      0.00  0   0 F  0
 Reaction Xsec    46.5+/46 @ 1 =   6.474#, Out:   0.000#   6.474#   0.000f


 Total SPIN, PARITY =    46.5 -,      6 chs,      6 cc.  Rmin & Coul turning =    2.2   34.1
   S-matrix    1 =    1.00000   0.00000 for L=   47, J=   46.5 channel on core I =   0.0 from L=   47,  Acc. loss =  0.0 D.
 Elastic phase shift   1 =    0.000   0.000 deg. for the L =   47, J =   46.5 channel.
      46.5  1.00000000  0.00000000i: elastic S-matrix  @@      0.00  0   0 F  0
 Reaction Xsec    46.5-/47 @ 1 =   5.880#, Out:   0.000#   5.880#   0.000f


 Total SPIN, PARITY =    47.5 +,      6 chs,      6 cc.  Rmin & Coul turning =    2.2   34.8
   S-matrix    1 =    1.00000   0.00000 for L=   48, J=   47.5 channel on core I =   0.0 from L=   48,  Acc. loss =  0.0 D.
 Elastic phase shift   1 =    0.000   0.000 deg. for the L =   48, J =   47.5 channel.
      47.5  1.00000000  0.00000000i: elastic S-matrix  @@      0.00  0   0 F  0
 Reaction Xsec    47.5+/48 @ 1 =   5.481#, Out:   0.000#   5.481#   0.000f


 Total SPIN, PARITY =    47.5 -,      6 chs,      6 cc.  Rmin & Coul turning =    2.2   34.8
   S-matrix    1 =    1.00000   0.00000 for L=   47, J=   47.5 channel on core I =   0.0 from L=   47,  Acc. loss =  0.0 D.
 Elastic phase shift   1 =    0.000   0.000 deg. for the L =   47, J =   47.5 channel.
      47.5  1.00000000  0.00000000i: elastic S-matrix  @@      0.00  0   0 F  0
 Reaction Xsec    47.5-/47 @ 1 =   6.005#, Out:   0.000#   6.005#   0.000f


 Total SPIN, PARITY =    48.5 +,      6 chs,      6 cc.  Rmin & Coul turning =    2.3   35.5
   S-matrix    1 =    1.00000   0.00000 for L=   48, J=   48.5 channel on core I =   0.0 from L=   48,  Acc. loss =  0.0 D.
 Elastic phase shift   1 =    0.000   0.000 deg. for the L =   48, J =   48.5 channel.
      48.5  1.00000000  0.00000000i: elastic S-matrix  @@      0.00  0   0 F  0
 Reaction Xsec    48.5+/48 @ 1 =   5.595#, Out:   0.000#   5.595#   0.000f


 Total SPIN, PARITY =    48.5 -,      6 chs,      6 cc.  Rmin & Coul turning =    2.3   35.5
   S-matrix    1 =    1.00000   0.00000 for L=   49, J=   48.5 channel on core I =   0.0 from L=   49,  Acc. loss =  0.0 D.
 Elastic phase shift   1 =    0.000   0.000 deg. for the L =   49, J =   48.5 channel.
      48.5  1.00000000  0.00000000i: elastic S-matrix  @@      0.00  0   0 F  0
 Reaction Xsec    48.5-/49 @ 1 =   5.045#, Out:   0.000#   5.045#   0.000f


 Total SPIN, PARITY =    49.5 +,      6 chs,      6 cc.  Rmin & Coul turning =    2.3   36.3
   S-matrix    1 =    1.00000   0.00000 for L=   50, J=   49.5 channel on core I =   0.0 from L=   50,  Acc. loss =  0.0 D.
 Elastic phase shift   1 =    0.000   0.000 deg. for the L =   50, J =   49.5 channel.
      49.5  1.00000000  0.00000000i: elastic S-matrix  @@      0.00  0   0 F  0
 Reaction Xsec    49.5+/50 @ 1 =   4.663#, Out:   0.000#   4.663#   0.000f


 Total SPIN, PARITY =    49.5 -,      6 chs,      6 cc.  Rmin & Coul turning =    2.3   36.3
   S-matrix    1 =    1.00000   0.00000 for L=   49, J=   49.5 channel on core I =   0.0 from L=   49,  Acc. loss =  0.0 D.
 Elastic phase shift   1 =    0.000   0.000 deg. for the L =   49, J =   49.5 channel.
      49.5  1.00000000  0.00000000i: elastic S-matrix  @@      0.00  0   0 F  0
 Reaction Xsec    49.5-/49 @ 1 =   5.148#, Out:   0.000#   5.148#   0.000f


 Total SPIN, PARITY =    50.5 +,      6 chs,      6 cc.  Rmin & Coul turning =    2.4   37.0
   S-matrix    1 =    1.00000   0.00000 for L=   50, J=   50.5 channel on core I =   0.0 from L=   50,  Acc. loss =  0.0 D.
 Elastic phase shift   1 =    0.000   0.000 deg. for the L =   50, J =   50.5 channel.
      50.5  1.00000000  0.00000000i: elastic S-matrix  @@      0.00  0   0 F  0
 Reaction Xsec    50.5+/50 @ 1 =   4.757#, Out:   0.000#   4.756#   0.000f


 Total SPIN, PARITY =    50.5 -,      6 chs,      6 cc.  Rmin & Coul turning =    2.4   37.0
   S-matrix    1 =    1.00000   0.00000 for L=   51, J=   50.5 channel on core I =   0.0 from L=   51,  Acc. loss =  0.0 D.
 Elastic phase shift   1 =    0.000   0.000 deg. for the L =   51, J =   50.5 channel.
      50.5  1.00000000  0.00000000i: elastic S-matrix  @@      0.00  0   0 F  0
 Reaction Xsec    50.5-/51 @ 1 =   4.365#, Out:   0.000#   4.365#   0.000f

 Finished all CC sets @   0.242563993    
0CUMULATIVE REACTION cross section                 =  686.19046  <L> =     4.40  <L**2> =     23.3
0CUMULATIVE outgoing cross sections in partition 1 :    0.00000   20.20889
0Cumulative ABSORBTION by Imaginary Potentials     =  665.98157  <L> =     4.39  <L**2> =     23.3
   Fusion for specific p        M-states :  665.981572  665.981572
0CUMULATIVE OUTGOING cross section                 =   20.20889
 To convert to S-factors (MeV.mb = keV.b),  multiply by  1.3750E+02


 CROSS SECTIONS FOR OUTGOING p        & O20      in state #   1 with spins & parities 0.5  + &  0.0  +;  0

     3.00 deg.: X-S =   7.9363E+04 mb/sr,
+                                         /R =   7.5299E-01
     4.00 deg.: X-S =   2.1936E+04 mb/sr,
+                                         /R =   6.5756E-01
     5.00 deg.: X-S =  8481.351608 mb/sr,
+                                         /R =   6.2041E-01
     6.00 deg.: X-S =  4496.947250 mb/sr,
+                                         /R =   6.8173E-01
     7.00 deg.: X-S =  3131.726901 mb/sr,
+                                         /R =   8.7898E-01
     8.00 deg.: X-S =  2599.194854 mb/sr,
+                                         /R =   1.2436E+00
     9.00 deg.: X-S =  2347.863319 mb/sr,
+                                         /R =   1.7978E+00
    10.00 deg.: X-S =  2189.023251 mb/sr,
+                                         /R =   2.5523E+00
    11.00 deg.: X-S =  2055.024342 mb/sr,
+                                         /R =   3.5043E+00
    12.00 deg.: X-S =  1922.275299 mb/sr,
+                                         /R =   4.6371E+00
    13.00 deg.: X-S =  1784.075982 mb/sr,
+                                         /R =   5.9203E+00
    14.00 deg.: X-S =  1640.278331 mb/sr,
+                                         /R =   7.3112E+00
    15.00 deg.: X-S =  1493.131341 mb/sr,
+                                         /R =   8.7575E+00
    16.00 deg.: X-S =  1345.552495 mb/sr,
+                                         /R =   1.0200E+01
    17.00 deg.: X-S =  1200.401227 mb/sr,
+                                         /R =   1.1578E+01
    18.00 deg.: X-S =  1060.183091 mb/sr,
+                                         /R =   1.2829E+01
    19.00 deg.: X-S =   926.944945 mb/sr,
+                                         /R =   1.3899E+01
    20.00 deg.: X-S =   802.256942 mb/sr,
+                                         /R =   1.4740E+01
    21.00 deg.: X-S =   687.234642 mb/sr,
+                                         /R =   1.5315E+01
    22.00 deg.: X-S =   582.579702 mb/sr,
+                                         /R =   1.5604E+01
    23.00 deg.: X-S =   488.628809 mb/sr,
+                                         /R =   1.5599E+01
    24.00 deg.: X-S =   405.405650 mb/sr,
+                                         /R =   1.5307E+01
    25.00 deg.: X-S =   332.673027 mb/sr,
+                                         /R =   1.4752E+01
    26.00 deg.: X-S =   269.983382 mb/sr,
+                                         /R =   1.3970E+01
    27.00 deg.: X-S =   216.726543 mb/sr,
+                                         /R =   1.3006E+01
    28.00 deg.: X-S =   172.173859 mb/sr,
+                                         /R =   1.1917E+01
    29.00 deg.: X-S =   135.518114 mb/sr,
+                                         /R =   1.0762E+01
    30.00 deg.: X-S =   105.908827 mb/sr,
+                                         /R =   9.6031E+00
    31.00 deg.: X-S =    82.482696 mb/sr,
+                                         /R =   8.5006E+00
    32.00 deg.: X-S =    64.389128 mb/sr,
+                                         /R =   7.5103E+00
    33.00 deg.: X-S =    50.810945 mb/sr,
+                                         /R =   6.6806E+00
    34.00 deg.: X-S =    40.980461 mb/sr,
+                                         /R =   6.0508E+00
    35.00 deg.: X-S =    34.191263 mb/sr,
+                                         /R =   5.6490E+00
    36.00 deg.: X-S =    29.806071 mb/sr,
+                                         /R =   5.4920E+00
    37.00 deg.: X-S =    27.261154 mb/sr,
+                                         /R =   5.5840E+00
    38.00 deg.: X-S =    26.067750 mb/sr,
+                                         /R =   5.9179E+00
    39.00 deg.: X-S =    25.811015 mb/sr,
+                                         /R =   6.4756E+00
    40.00 deg.: X-S =    26.146965 mb/sr,
+                                         /R =   7.2297E+00
    41.00 deg.: X-S =    26.797886 mb/sr,
+                                         /R =   8.1451E+00
    42.00 deg.: X-S =    27.546643 mb/sr,
+                                         /R =   9.1807E+00
    43.00 deg.: X-S =    28.230263 mb/sr,
+                                         /R =   1.0292E+01
    44.00 deg.: X-S =    28.733146 mb/sr,
+                                         /R =   1.1433E+01
    45.00 deg.: X-S =    28.980173 mb/sr,
+                                         /R =   1.2559E+01
    46.00 deg.: X-S =    28.929969 mb/sr,
+                                         /R =   1.3626E+01
    47.00 deg.: X-S =    28.568483 mb/sr,
+                                         /R =   1.4594E+01
    48.00 deg.: X-S =    27.903043 mb/sr,
+                                         /R =   1.5431E+01
    49.00 deg.: X-S =    26.956978 mb/sr,
+                                         /R =   1.6109E+01
    50.00 deg.: X-S =    25.764860 mb/sr,
+                                         /R =   1.6608E+01
    51.00 deg.: X-S =    24.368400 mb/sr,
+                                         /R =   1.6914E+01
    52.00 deg.: X-S =    22.812998 mb/sr,
+                                         /R =   1.7023E+01
    53.00 deg.: X-S =    21.144923 mb/sr,
+                                         /R =   1.6936E+01
    54.00 deg.: X-S =    19.409086 mb/sr,
+                                         /R =   1.6660E+01
    55.00 deg.: X-S =    17.647357 mb/sr,
+                                         /R =   1.6210E+01
    56.00 deg.: X-S =    15.897369 mb/sr,
+                                         /R =   1.5605E+01
    57.00 deg.: X-S =    14.191744 mb/sr,
+                                         /R =   1.4866E+01
    58.00 deg.: X-S =    12.557684 mb/sr,
+                                         /R =   1.4018E+01
    59.00 deg.: X-S =    11.016852 mb/sr,
+                                         /R =   1.3089E+01
    60.00 deg.: X-S =     9.585499 mb/sr,
+                                         /R =   1.2106E+01
    61.00 deg.: X-S =     8.274770 mb/sr,
+                                         /R =   1.1095E+01
    62.00 deg.: X-S =     7.091149 mb/sr,
+                                         /R =   1.0082E+01
    63.00 deg.: X-S =     6.036983 mb/sr,
+                                         /R =   9.0919E+00
    64.00 deg.: X-S =     5.111070 mb/sr,
+                                         /R =   8.1441E+00
    65.00 deg.: X-S =     4.309258 mb/sr,
+                                         /R =   7.2571E+00
    66.00 deg.: X-S =     3.625041 mb/sr,
+                                         /R =   6.4453E+00
    67.00 deg.: X-S =     3.050129 mb/sr,
+                                         /R =   5.7196E+00
    68.00 deg.: X-S =     2.574977 mb/sr,
+                                         /R =   5.0876E+00
    69.00 deg.: X-S =     2.189260 mb/sr,
+                                         /R =   4.5530E+00
    70.00 deg.: X-S =     1.882294 mb/sr,
+                                         /R =   4.1167E+00
    71.00 deg.: X-S =     1.643388 mb/sr,
+                                         /R =   3.7761E+00
    72.00 deg.: X-S =     1.462144 mb/sr,
+                                         /R =   3.5266E+00
    73.00 deg.: X-S =     1.328686 mb/sr,
+                                         /R =   3.3610E+00
    74.00 deg.: X-S =     1.233842 mb/sr,
+                                         /R =   3.2704E+00
    75.00 deg.: X-S =     1.169267 mb/sr,
+                                         /R =   3.2449E+00
    76.00 deg.: X-S =     1.127520 mb/sr,
+                                         /R =   3.2733E+00
    77.00 deg.: X-S =     1.102107 mb/sr,
+                                         /R =   3.3444E+00
    78.00 deg.: X-S =     1.087483 mb/sr,
+                                         /R =   3.4467E+00
    79.00 deg.: X-S =     1.079027 mb/sr,
+                                         /R =   3.5692E+00
    80.00 deg.: X-S =     1.072997 mb/sr,
+                                         /R =   3.7014E+00
    81.00 deg.: X-S =     1.066465 mb/sr,
+                                         /R =   3.8337E+00
    82.00 deg.: X-S =     1.057246 mb/sr,
+                                         /R =   3.9577E+00
    83.00 deg.: X-S =     1.043810 mb/sr,
+                                         /R =   4.0660E+00
    84.00 deg.: X-S =     1.025201 mb/sr,
+                                         /R =   4.1528E+00
    85.00 deg.: X-S =     1.000947 mb/sr,
+                                         /R =   4.2134E+00
    86.00 deg.: X-S =     0.970976 mb/sr,
+                                         /R =   4.2446E+00
    87.00 deg.: X-S =     0.935538 mb/sr,
+                                         /R =   4.2443E+00
    88.00 deg.: X-S =     0.895127 mb/sr,
+                                         /R =   4.2118E+00
    89.00 deg.: X-S =     0.850417 mb/sr,
+                                         /R =   4.1474E+00
    90.00 deg.: X-S =     0.802199 mb/sr,
+                                         /R =   4.0524E+00
    91.00 deg.: X-S =     0.751331 mb/sr,
+                                         /R =   3.9291E+00
    92.00 deg.: X-S =     0.698693 mb/sr,
+                                         /R =   3.7802E+00
    93.00 deg.: X-S =     0.645151 mb/sr,
+                                         /R =   3.6091E+00
    94.00 deg.: X-S =     0.591528 mb/sr,
+                                         /R =   3.4196E+00
    95.00 deg.: X-S =     0.538583 mb/sr,
+                                         /R =   3.2157E+00
    96.00 deg.: X-S =     0.486990 mb/sr,
+                                         /R =   3.0013E+00
    97.00 deg.: X-S =     0.437336 mb/sr,
+                                         /R =   2.7806E+00
    98.00 deg.: X-S =     0.390108 mb/sr,
+                                         /R =   2.5574E+00
    99.00 deg.: X-S =     0.345695 mb/sr,
+                                         /R =   2.3354E+00
   100.00 deg.: X-S =     0.304388 mb/sr,
+                                         /R =   2.1180E+00
   101.00 deg.: X-S =     0.266387 mb/sr,
+                                         /R =   1.9082E+00
   102.00 deg.: X-S =     0.231806 mb/sr,
+                                         /R =   1.7086E+00
   103.00 deg.: X-S =     0.200681 mb/sr,
+                                         /R =   1.5212E+00
   104.00 deg.: X-S =     0.172978 mb/sr,
+                                         /R =   1.3478E+00
   105.00 deg.: X-S =     0.148608 mb/sr,
+                                         /R =   1.1896E+00
   106.00 deg.: X-S =     0.127427 mb/sr,
+                                         /R =   1.0475E+00
   107.00 deg.: X-S =     0.109257 mb/sr,
+                                         /R =   9.2184E-01
   108.00 deg.: X-S =     0.093886 mb/sr,
+                                         /R =   8.1269E-01
   109.00 deg.: X-S =     0.081082 mb/sr,
+                                         /R =   7.1972E-01
   110.00 deg.: X-S =     0.070601 mb/sr,
+                                         /R =   6.4234E-01
   111.00 deg.: X-S =     0.062190 mb/sr,
+                                         /R =   5.7968E-01
   112.00 deg.: X-S =     0.055597 mb/sr,
+                                         /R =   5.3069E-01
   113.00 deg.: X-S =     0.050576 mb/sr,
+                                         /R =   4.9416E-01
   114.00 deg.: X-S =     0.046889 mb/sr,
+                                         /R =   4.6874E-01
   115.00 deg.: X-S =     0.044312 mb/sr,
+                                         /R =   4.5303E-01
   116.00 deg.: X-S =     0.042637 mb/sr,
+                                         /R =   4.4562E-01
   117.00 deg.: X-S =     0.041674 mb/sr,
+                                         /R =   4.4506E-01
   118.00 deg.: X-S =     0.041250 mb/sr,
+                                         /R =   4.4997E-01
   119.00 deg.: X-S =     0.041215 mb/sr,
+                                         /R =   4.5902E-01
   120.00 deg.: X-S =     0.041436 mb/sr,
+                                         /R =   4.7098E-01
   121.00 deg.: X-S =     0.041800 mb/sr,
+                                         /R =   4.8469E-01
   122.00 deg.: X-S =     0.042213 mb/sr,
+                                         /R =   4.9913E-01
   123.00 deg.: X-S =     0.042596 mb/sr,
+                                         /R =   5.1340E-01
   124.00 deg.: X-S =     0.042890 mb/sr,
+                                         /R =   5.2673E-01
   125.00 deg.: X-S =     0.043047 mb/sr,
+                                         /R =   5.3846E-01
   126.00 deg.: X-S =     0.043035 mb/sr,
+                                         /R =   5.4807E-01
   127.00 deg.: X-S =     0.042831 mb/sr,
+                                         /R =   5.5515E-01
   128.00 deg.: X-S =     0.042423 mb/sr,
+                                         /R =   5.5942E-01
   129.00 deg.: X-S =     0.041809 mb/sr,
+                                         /R =   5.6068E-01
   130.00 deg.: X-S =     0.040991 mb/sr,
+                                         /R =   5.5883E-01
   131.00 deg.: X-S =     0.039979 mb/sr,
+                                         /R =   5.5387E-01
   132.00 deg.: X-S =     0.038786 mb/sr,
+                                         /R =   5.4586E-01
   133.00 deg.: X-S =     0.037428 mb/sr,
+                                         /R =   5.3491E-01
   134.00 deg.: X-S =     0.035926 mb/sr,
+                                         /R =   5.2120E-01
   135.00 deg.: X-S =     0.034299 mb/sr,
+                                         /R =   5.0494E-01
   136.00 deg.: X-S =     0.032569 mb/sr,
+                                         /R =   4.8636E-01
   137.00 deg.: X-S =     0.030757 mb/sr,
+                                         /R =   4.6575E-01
   138.00 deg.: X-S =     0.028885 mb/sr,
+                                         /R =   4.4337E-01
   139.00 deg.: X-S =     0.026972 mb/sr,
+                                         /R =   4.1953E-01
   140.00 deg.: X-S =     0.025040 mb/sr,
+                                         /R =   3.9451E-01
   141.00 deg.: X-S =     0.023106 mb/sr,
+                                         /R =   3.6863E-01
   142.00 deg.: X-S =     0.021188 mb/sr,
+                                         /R =   3.4218E-01
   143.00 deg.: X-S =     0.019303 mb/sr,
+                                         /R =   3.1546E-01
   144.00 deg.: X-S =     0.017466 mb/sr,
+                                         /R =   2.8874E-01
   145.00 deg.: X-S =     0.015691 mb/sr,
+                                         /R =   2.6231E-01
   146.00 deg.: X-S =     0.013991 mb/sr,
+                                         /R =   2.3645E-01
   147.00 deg.: X-S =     0.012379 mb/sr,
+                                         /R =   2.1141E-01
   148.00 deg.: X-S =     0.010864 mb/sr,
+                                         /R =   1.8743E-01
   149.00 deg.: X-S =     0.009456 mb/sr,
+                                         /R =   1.6476E-01
   150.00 deg.: X-S =     0.008165 mb/sr,
+                                         /R =   1.4362E-01
   151.00 deg.: X-S =     0.006997 mb/sr,
+                                         /R =   1.2421E-01
   152.00 deg.: X-S =     0.005958 mb/sr,
+                                         /R =   1.0672E-01
   153.00 deg.: X-S =     0.005055 mb/sr,
+                                         /R =   9.1311E-02
   154.00 deg.: X-S =     0.004290 mb/sr,
+                                         /R =   7.8137E-02
   155.00 deg.: X-S =     0.003667 mb/sr,
+                                         /R =   6.7314E-02
   156.00 deg.: X-S =     0.003186 mb/sr,
+                                         /R =   5.8932E-02
   157.00 deg.: X-S =     0.002847 mb/sr,
+                                         /R =   5.3051E-02
   158.00 deg.: X-S =     0.002649 mb/sr,
+                                         /R =   4.9700E-02
   159.00 deg.: X-S =     0.002588 mb/sr,
+                                         /R =   4.8870E-02
   160.00 deg.: X-S =     0.002658 mb/sr,
+                                         /R =   5.0516E-02
   161.00 deg.: X-S =     0.002853 mb/sr,
+                                         /R =   5.4554E-02
   162.00 deg.: X-S =     0.003165 mb/sr,
+                                         /R =   6.0863E-02
   163.00 deg.: X-S =     0.003584 mb/sr,
+                                         /R =   6.9282E-02
   164.00 deg.: X-S =     0.004097 mb/sr,
+                                         /R =   7.9615E-02
   165.00 deg.: X-S =     0.004693 mb/sr,
+                                         /R =   9.1628E-02
   166.00 deg.: X-S =     0.005357 mb/sr,
+                                         /R =   1.0506E-01
   167.00 deg.: X-S =     0.006074 mb/sr,
+                                         /R =   1.1962E-01
   168.00 deg.: X-S =     0.006829 mb/sr,
+                                         /R =   1.3499E-01
   169.00 deg.: X-S =     0.007604 mb/sr,
+                                         /R =   1.5083E-01
   170.00 deg.: X-S =     0.008383 mb/sr,
+                                         /R =   1.6682E-01
   171.00 deg.: X-S =     0.009149 mb/sr,
+                                         /R =   1.8260E-01
   172.00 deg.: X-S =     0.009886 mb/sr,
+                                         /R =   1.9782E-01
   173.00 deg.: X-S =     0.010578 mb/sr,
+                                         /R =   2.1216E-01
   174.00 deg.: X-S =     0.011212 mb/sr,
+                                         /R =   2.2531E-01
   175.00 deg.: X-S =     0.011772 mb/sr,
+                                         /R =   2.3696E-01
   176.00 deg.: X-S =     0.012247 mb/sr,
+                                         /R =   2.4687E-01
   177.00 deg.: X-S =     0.012628 mb/sr,
+                                         /R =   2.5482E-01
   178.00 deg.: X-S =     0.012906 mb/sr,
+                                         /R =   2.6063E-01
   179.00 deg.: X-S =     0.013075 mb/sr,
+                                         /R =   2.6416E-01
   179.99 deg.: X-S =     0.013132 mb/sr,
+                                         /R =   2.6535E-01
                                           Integrated 1534.9890 mb, over [   3.000, 180.000] at    43.0000 MeV 

 CROSS SECTIONS FOR OUTGOING p        & O20      in state #   2 with spins & parities 0.5  + &  2.0  +;  0

     3.00 deg.: X-S =    15.456712 mb/sr,
+                                         REAC   2.0209E+01 mb
     4.00 deg.: X-S =    15.282026 mb/sr,
     5.00 deg.: X-S =    14.941681 mb/sr,
     6.00 deg.: X-S =    14.447863 mb/sr,
     7.00 deg.: X-S =    13.853624 mb/sr,
     8.00 deg.: X-S =    13.224767 mb/sr,
     9.00 deg.: X-S =    12.614509 mb/sr,
    10.00 deg.: X-S =    12.054912 mb/sr,
    11.00 deg.: X-S =    11.562788 mb/sr,
    12.00 deg.: X-S =    11.149385 mb/sr,
    13.00 deg.: X-S =    10.825207 mb/sr,
    14.00 deg.: X-S =    10.597905 mb/sr,
    15.00 deg.: X-S =    10.467288 mb/sr,
    16.00 deg.: X-S =    10.423570 mb/sr,
    17.00 deg.: X-S =    10.451233 mb/sr,
    18.00 deg.: X-S =    10.534962 mb/sr,
    19.00 deg.: X-S =    10.662196 mb/sr,
    20.00 deg.: X-S =    10.820508 mb/sr,
    21.00 deg.: X-S =    10.992954 mb/sr,
    22.00 deg.: X-S =    11.156280 mb/sr,
    23.00 deg.: X-S =    11.284394 mb/sr,
    24.00 deg.: X-S =    11.355090 mb/sr,
    25.00 deg.: X-S =    11.355171 mb/sr,
    26.00 deg.: X-S =    11.280413 mb/sr,
    27.00 deg.: X-S =    11.131054 mb/sr,
    28.00 deg.: X-S =    10.906872 mb/sr,
    29.00 deg.: X-S =    10.605692 mb/sr,
    30.00 deg.: X-S =    10.226047 mb/sr,
    31.00 deg.: X-S =     9.771335 mb/sr,
    32.00 deg.: X-S =     9.251880 mb/sr,
    33.00 deg.: X-S =     8.683205 mb/sr,
    34.00 deg.: X-S =     8.081960 mb/sr,
    35.00 deg.: X-S =     7.462498 mb/sr,
    36.00 deg.: X-S =     6.836138 mb/sr,
    37.00 deg.: X-S =     6.212790 mb/sr,
    38.00 deg.: X-S =     5.602909 mb/sr,
    39.00 deg.: X-S =     5.017910 mb/sr,
    40.00 deg.: X-S =     4.468758 mb/sr,
    41.00 deg.: X-S =     3.964014 mb/sr,
    42.00 deg.: X-S =     3.508878 mb/sr,
    43.00 deg.: X-S =     3.105726 mb/sr,
    44.00 deg.: X-S =     2.755346 mb/sr,
    45.00 deg.: X-S =     2.457755 mb/sr,
    46.00 deg.: X-S =     2.212060 mb/sr,
    47.00 deg.: X-S =     2.015831 mb/sr,
    48.00 deg.: X-S =     1.864831 mb/sr,
    49.00 deg.: X-S =     1.753558 mb/sr,
    50.00 deg.: X-S =     1.676230 mb/sr,
    51.00 deg.: X-S =     1.627476 mb/sr,
    52.00 deg.: X-S =     1.602292 mb/sr,
    53.00 deg.: X-S =     1.595538 mb/sr,
    54.00 deg.: X-S =     1.601602 mb/sr,
    55.00 deg.: X-S =     1.614694 mb/sr,
    56.00 deg.: X-S =     1.629635 mb/sr,
    57.00 deg.: X-S =     1.642546 mb/sr,
    58.00 deg.: X-S =     1.650910 mb/sr,
    59.00 deg.: X-S =     1.653037 mb/sr,
    60.00 deg.: X-S =     1.647397 mb/sr,
    61.00 deg.: X-S =     1.632379 mb/sr,
    62.00 deg.: X-S =     1.606593 mb/sr,
    63.00 deg.: X-S =     1.569436 mb/sr,
    64.00 deg.: X-S =     1.521376 mb/sr,
    65.00 deg.: X-S =     1.463737 mb/sr,
    66.00 deg.: X-S =     1.398125 mb/sr,
    67.00 deg.: X-S =     1.325942 mb/sr,
    68.00 deg.: X-S =     1.248273 mb/sr,
    69.00 deg.: X-S =     1.166143 mb/sr,
    70.00 deg.: X-S =     1.080836 mb/sr,
    71.00 deg.: X-S =     0.993988 mb/sr,
    72.00 deg.: X-S =     0.907368 mb/sr,
    73.00 deg.: X-S =     0.822540 mb/sr,
    74.00 deg.: X-S =     0.740662 mb/sr,
    75.00 deg.: X-S =     0.662519 mb/sr,
    76.00 deg.: X-S =     0.588713 mb/sr,
    77.00 deg.: X-S =     0.519828 mb/sr,
    78.00 deg.: X-S =     0.456439 mb/sr,
    79.00 deg.: X-S =     0.398990 mb/sr,
    80.00 deg.: X-S =     0.347678 mb/sr,
    81.00 deg.: X-S =     0.302445 mb/sr,
    82.00 deg.: X-S =     0.263061 mb/sr,
    83.00 deg.: X-S =     0.229240 mb/sr,
    84.00 deg.: X-S =     0.200682 mb/sr,
    85.00 deg.: X-S =     0.177054 mb/sr,
    86.00 deg.: X-S =     0.157936 mb/sr,
    87.00 deg.: X-S =     0.142819 mb/sr,
    88.00 deg.: X-S =     0.131155 mb/sr,
    89.00 deg.: X-S =     0.122427 mb/sr,
    90.00 deg.: X-S =     0.116174 mb/sr,
    91.00 deg.: X-S =     0.111974 mb/sr,
    92.00 deg.: X-S =     0.109410 mb/sr,
    93.00 deg.: X-S =     0.108057 mb/sr,
    94.00 deg.: X-S =     0.107510 mb/sr,
    95.00 deg.: X-S =     0.107428 mb/sr,
    96.00 deg.: X-S =     0.107557 mb/sr,
    97.00 deg.: X-S =     0.107709 mb/sr,
    98.00 deg.: X-S =     0.107726 mb/sr,
    99.00 deg.: X-S =     0.107458 mb/sr,
   100.00 deg.: X-S =     0.106768 mb/sr,
   101.00 deg.: X-S =     0.105559 mb/sr,
   102.00 deg.: X-S =     0.103796 mb/sr,
   103.00 deg.: X-S =     0.101495 mb/sr,
   104.00 deg.: X-S =     0.098693 mb/sr,
   105.00 deg.: X-S =     0.095427 mb/sr,
   106.00 deg.: X-S =     0.091724 mb/sr,
   107.00 deg.: X-S =     0.087620 mb/sr,
   108.00 deg.: X-S =     0.083173 mb/sr,
   109.00 deg.: X-S =     0.078464 mb/sr,
   110.00 deg.: X-S =     0.073582 mb/sr,
   111.00 deg.: X-S =     0.068606 mb/sr,
   112.00 deg.: X-S =     0.063594 mb/sr,
   113.00 deg.: X-S =     0.058601 mb/sr,
   114.00 deg.: X-S =     0.053680 mb/sr,
   115.00 deg.: X-S =     0.048892 mb/sr,
   116.00 deg.: X-S =     0.044290 mb/sr,
   117.00 deg.: X-S =     0.039915 mb/sr,
   118.00 deg.: X-S =     0.035789 mb/sr,
   119.00 deg.: X-S =     0.031928 mb/sr,
   120.00 deg.: X-S =     0.028351 mb/sr,
   121.00 deg.: X-S =     0.025078 mb/sr,
   122.00 deg.: X-S =     0.022128 mb/sr,
   123.00 deg.: X-S =     0.019501 mb/sr,
   124.00 deg.: X-S =     0.017179 mb/sr,
   125.00 deg.: X-S =     0.015138 mb/sr,
   126.00 deg.: X-S =     0.013359 mb/sr,
   127.00 deg.: X-S =     0.011837 mb/sr,
   128.00 deg.: X-S =     0.010571 mb/sr,
   129.00 deg.: X-S =     0.009553 mb/sr,
   130.00 deg.: X-S =     0.008756 mb/sr,
   131.00 deg.: X-S =     0.008142 mb/sr,
   132.00 deg.: X-S =     0.007673 mb/sr,
   133.00 deg.: X-S =     0.007328 mb/sr,
   134.00 deg.: X-S =     0.007101 mb/sr,
   135.00 deg.: X-S =     0.006987 mb/sr,
   136.00 deg.: X-S =     0.006975 mb/sr,
   137.00 deg.: X-S =     0.007038 mb/sr,
   138.00 deg.: X-S =     0.007143 mb/sr,
   139.00 deg.: X-S =     0.007264 mb/sr,
   140.00 deg.: X-S =     0.007392 mb/sr,
   141.00 deg.: X-S =     0.007527 mb/sr,
   142.00 deg.: X-S =     0.007669 mb/sr,
   143.00 deg.: X-S =     0.007811 mb/sr,
   144.00 deg.: X-S =     0.007938 mb/sr,
   145.00 deg.: X-S =     0.008035 mb/sr,
   146.00 deg.: X-S =     0.008093 mb/sr,
   147.00 deg.: X-S =     0.008113 mb/sr,
   148.00 deg.: X-S =     0.008100 mb/sr,
   149.00 deg.: X-S =     0.008057 mb/sr,
   150.00 deg.: X-S =     0.007983 mb/sr,
   151.00 deg.: X-S =     0.007875 mb/sr,
   152.00 deg.: X-S =     0.007734 mb/sr,
   153.00 deg.: X-S =     0.007564 mb/sr,
   154.00 deg.: X-S =     0.007372 mb/sr,
   155.00 deg.: X-S =     0.007160 mb/sr,
   156.00 deg.: X-S =     0.006932 mb/sr,
   157.00 deg.: X-S =     0.006685 mb/sr,
   158.00 deg.: X-S =     0.006424 mb/sr,
   159.00 deg.: X-S =     0.006156 mb/sr,
   160.00 deg.: X-S =     0.005891 mb/sr,
   161.00 deg.: X-S =     0.005635 mb/sr,
   162.00 deg.: X-S =     0.005386 mb/sr,
   163.00 deg.: X-S =     0.005143 mb/sr,
   164.00 deg.: X-S =     0.004902 mb/sr,
   165.00 deg.: X-S =     0.004667 mb/sr,
   166.00 deg.: X-S =     0.004446 mb/sr,
   167.00 deg.: X-S =     0.004247 mb/sr,
   168.00 deg.: X-S =     0.004072 mb/sr,
   169.00 deg.: X-S =     0.003917 mb/sr,
   170.00 deg.: X-S =     0.003777 mb/sr,
   171.00 deg.: X-S =     0.003647 mb/sr,
   172.00 deg.: X-S =     0.003525 mb/sr,
   173.00 deg.: X-S =     0.003420 mb/sr,
   174.00 deg.: X-S =     0.003334 mb/sr,
   175.00 deg.: X-S =     0.003269 mb/sr,
   176.00 deg.: X-S =     0.003221 mb/sr,
   177.00 deg.: X-S =     0.003185 mb/sr,
   178.00 deg.: X-S =     0.003159 mb/sr,
   179.00 deg.: X-S =     0.003141 mb/sr,
   180.00 deg.: X-S =     0.003134 mb/sr,
                                           Integrated   20.1174 mb, over [   3.000, 180.000] at    43.0000 MeV 
 Finished all xsecs @   0.245617986    

  The following files have been created:
   3:local copy of User input.            6:standard output.                   
   7:elastic  S-matrix elements.         13:total cross sections/state.        
  16:tables of cross sections.           35:Astrophysics S-factors  / Ecm.     
  38:cross sections for each J/pi.       39:cross sections for each Ecm.       
  40:all cross sectns. for each Elab.    45:scat phase shift as E functions.   
  56:Fusion for each Jtotal.             75:S-factors for lab energies.        
 201:Separate cross sections.           202:Separate cross sections.           

 PARAMETERS : MAXQRN   MFNL   MLOC  LMAX1 MCLIST
    ALLOWED :      1     36      9     70     15
    REQUIRED:      0      0      9     54      9


 ACCURACY ANALYSIS at    43.000 MeV :

  Elastic h*k = 0.041 so OK       compared with 0.200

   Real(S-el) > 0.01 first at J =       0.5
   Real(S-el) > 0.10 first at J =       4.5
   Real(S-el) > 0.50 first at J =       5.5
   Real(S-el) > 0.90 first at J =       7.5
   Real(S-el) > 0.99 first at J =       9.5
   R-turn =    36.99 fm    at J =      50.5

 Forward-angle excitation cut off below   0.433 deg by max JT =      50.5
                              and below   0.269 deg by max R.

 Total CPU  0 time =       0.25 seconds
