 FRESCO - FRES 3.4: Coupled Reaction Channels
 Assuming NAMELIST input.

 p+O20 with CH89;                                                                

   0.030  60.000   0.500   0.000   0.000   0.000   0.000   0.000   0.000   0.000

 Centre-of-mass Range is   2002 * 0.0300 fm., Maximum at  60.00 fm., Interpolating NL forms every  0.51 fm.
 Non - locality width is      4 * 0.0300 fm., Maximum of   0.09 fm., Centred at  0.00 fm.
 2-Nucleon Separation of      0 * 0.5100 fm., Maximum of   0.00 fm., Minimum at  0.00 fm.
 Maximum single particle bins of 59.6700 fm.
               M,Mint =         2001        1990


 Range of total J is     0.0 <= J <=    50.0 (at least     0.0) and Absorbtion =>     0.0010 mb.
 Dry Run = F, CC set limits =  0  0, Relativistic kinematics =  , Both/Far/Near Analyses =  1                     

 Cross Sections (and up to T0 for 0=projectile) for Theta from   3.0 to-180.0 in steps of  1.0 degrees, DGAM=0,  Coordinates = 0 (Mads)

 Lower Radial Cutoff = maximum of -1.60*L*h &       0.0 fm.,  Lower Cutoff for Couplings =   0.0  fm.


 Iterate Couplings between   0 and   0 times, to  0.000 % if sooner.                                          
  Block solved exactly =   0 chs., with Pade = 0 & Isocen =  =0, NOSOL = F, initwf =  0
  NL quadrature with   18 Gaussian points, Calculate multipoles up to    56 from   0
  M-transfers for lp+lt greater than or equal to  6, Angular Integration Cutoff below  2.7778 %


 Trace switches are :  CHANS =  1, LISTCC =  0, TRENEG =  0, CDETR =  0, SMATS =  2, XSTABL =  1, NLPL =  0

                       WAVES =  0, LAMPL =  0, VEFF =  0, KFUS =  0, WDISK =  0, BPM =  0, MELFIL =  0

                       CDCC =  0, NFUS =  0

 Using unit mass = 1.000000 amu and 1/fine-structure constant = 137.03599 ( 1.000000 * true ) with hc = 197.32705 MeV.fm,
  thus 2*amu/hbar^2 = 0.0478450 = 1/20.9008 and Coulomb constant = 0.1574855 so e^2 = 1.43997, and nuclear magneton= 0.1261183

 Now pre-scan input and save to file 3



 *********** PARTITION NUMBER  1 ******************************************************************************************

   PROJ=p          MASS=  1.0073 Z=   1.0,        # STATES=    1T, TARG=O20      MASS= 19.9997 Z=   8.0,     Q-VALUE =  -0.0000 MEV.

     1:  J= 0.5+ (B# 1), E=  0.0000, K= 0.5              Potl#  1       J= 0.0+ (B# 1), E=  0.0000, K= 0.0    


 ************************************************************************************************************************************

 The following POTENTIALS are defined :

  KP#       TYPE      IT    SHAPE      at     V1        r1        a1        V2        r2        a2        A-in     A-used


                                            A#1       A#2        r0c       ac                                                h @ 1
    1    0=Coulomb       0=CHARGE (WS)  1    20.000     0.000    1.2842    0.0000    0.0000    0.0000     0.000    20.000   0.03000

    1    1=Volume        0=Woods-Saxon  2   36.9926    1.1671    0.6900    2.5643    1.1753    0.6900     0.000    20.000

    1    2=Surface       0=Woods-Saxon  3    0.0000    0.0000    0.0000    5.4417    1.1753    0.6900     0.000    20.000

    1    3=Projtl S.O.   0=Woods-Saxon  4    5.9000    0.8979    0.6300    0.0000    0.0000    0.0000     0.000    20.000

 Incoming partition  1 in excitation state # 1,   Laboratory Energy given for partition  1 Nucleus 1 in Excitation pair 1

0Lab. ENERGY ranges :

   from    35.0000     to   0.00000     in     0 intervals
   from    0.00000     to   0.00000     in     0 intervals
   from    0.00000     to   0.00000     in     0 intervals

 Largest real,imaginary parts of any form factor at R=   59.52 are   2.42E-02  5.83E-32 MeV
 Finished all Couplings @    5.72000048E-04           4

 Symmetric Hamiltonian
1***********************************************************************************************************************************
************************************************************************************************************************************

        INCOMING p        ;    LABORATORY p        ENERGY =   35.000     MeV.

 ***********************************************************************************************************************************
 ***********************************************************************************************************************************

 Allocate arrays for            2  channels, of which            1  need wfs.

 ######################################################################################################################
 #                                                                                                                    #
 # Total SPIN and PARITY =     0.5 +,      1 channels,    0 in 1st block.  Rmin & Coul turning =    0.0    0.3 fm.  #
 #                                                                                                                    #
 ######################################################################################################################



    C Projectl Target   #   EX.   (L  Proj) J  + Targ = Jtotal     E-cm      Re K     Re Eta     RM*K            CH
    1 p        O20      #    1: I   0 0.5    0.5  0.0     0.5    33.32176   1.23648   0.21373   74.1887   0.33920  -0.36833 1 1 1   1
   S-matrix    1 =   -0.12734  -0.49054 for L=    0, J=    0.5 channel on core I =   0.0 from L=    0,  Acc. loss =  0.0 D.
 Elastic phase shift   1 =  -52.276  19.471 deg. for the L =    0, J =    0.5 channel.
       0.5 -0.12733554 -0.49053699i: elastic S-matrix  @@      0.00  0   0 F  0
 Reaction Xsec     0.5+/ 0 @ 1 =  15.271 , Out:   0.000#


 Total SPIN, PARITY =     0.5 -,      1 chs,      0 cc.  Rmin & Coul turning =    0.0    0.3
   S-matrix    1 =   -0.43684  -0.16559 for L=    1, J=    0.5 channel on core I =   0.0 from L=    1,  Acc. loss =  0.0 D.
 Elastic phase shift   1 =  -79.620  21.802 deg. for the L =    1, J =    0.5 channel.
       0.5 -0.43684466 -0.16559355i: elastic S-matrix  @@      0.00  0   0 F  0
 Reaction Xsec     0.5-/ 1 @ 1 =  16.064 , Out:   0.000#


 Total SPIN, PARITY =     1.5 +,      1 chs,      0 cc.  Rmin & Coul turning =    0.0    1.3
   S-matrix    1 =   -0.43347   0.17510 for L=    2, J=    1.5 channel on core I =   0.0 from L=    2,  Acc. loss =  0.0 D.
 Elastic phase shift   1 =   79.002  21.783 deg. for the L =    2, J =    1.5 channel.
       1.5 -0.43346787  0.17510016i: elastic S-matrix  @@      0.00  0   0 F  0
 Reaction Xsec     1.5+/ 2 @ 1 =  32.115 , Out:   0.000#


 Total SPIN, PARITY =     1.5 -,      1 chs,      0 cc.  Rmin & Coul turning =    0.0    1.3
   S-matrix    1 =   -0.29684  -0.37323 for L=    1, J=    1.5 channel on core I =   0.0 from L=    1,  Acc. loss =  0.0 D.
 Elastic phase shift   1 =  -64.249  21.214 deg. for the L =    1, J =    1.5 channel.
       1.5 -0.29684391 -0.37322505i: elastic S-matrix  @@      0.00  0   0 F  0
 Reaction Xsec     1.5-/ 1 @ 1 =  31.751 , Out:   0.000#


 Total SPIN, PARITY =     2.5 +,      1 chs,      0 cc.  Rmin & Coul turning =    0.1    2.2
   S-matrix    1 =   -0.43496  -0.23260 for L=    2, J=    2.5 channel on core I =   0.0 from L=    2,  Acc. loss =  0.0 D.
 Elastic phase shift   1 =  -75.932  20.247 deg. for the L =    2, J =    2.5 channel.
       2.5 -0.43496209 -0.23260164i: elastic S-matrix  @@      0.00  0   0 F  0
 Reaction Xsec     2.5+/ 2 @ 1 =  46.647 , Out:   0.000#


 Total SPIN, PARITY =     2.5 -,      1 chs,      0 cc.  Rmin & Coul turning =    0.1    2.2
   S-matrix    1 =   -0.14338   0.34693 for L=    3, J=    2.5 channel on core I =   0.0 from L=    3,  Acc. loss =  0.0 D.
 Elastic phase shift   1 =   56.227  28.069 deg. for the L =    3, J =    2.5 channel.
       2.5 -0.14337525  0.34692811i: elastic S-matrix  @@      0.00  0   0 F  0
 Reaction Xsec     2.5-/ 3 @ 1 =  52.958 , Out:   0.000#


 Total SPIN, PARITY =     3.5 +,      1 chs,      0 cc.  Rmin & Coul turning =    0.1    3.0
   S-matrix    1 =    0.30672   0.35539 for L=    4, J=    3.5 channel on core I =   0.0 from L=    4,  Acc. loss =  0.0 D.
 Elastic phase shift   1 =   24.602  21.663 deg. for the L =    4, J =    3.5 channel.
       3.5  0.30672447  0.35538963i: elastic S-matrix  @@      0.00  0   0 F  0
 Reaction Xsec     3.5+/ 4 @ 1 =  64.079 , Out:   0.000#


 Total SPIN, PARITY =     3.5 -,      1 chs,      0 cc.  Rmin & Coul turning =    0.1    3.0
   S-matrix    1 =   -0.43635  -0.01437 for L=    3, J=    3.5 channel on core I =   0.0 from L=    3,  Acc. loss =  0.0 D.
 Elastic phase shift   1 =  -89.057  23.743 deg. for the L =    3, J =    3.5 channel.
       3.5 -0.43634729 -0.01436944i: elastic S-matrix  @@      0.00  0   0 F  0
 Reaction Xsec     3.5-/ 3 @ 1 =  66.527 , Out:   0.000#


 Total SPIN, PARITY =     4.5 +,      1 chs,      0 cc.  Rmin & Coul turning =    0.2    3.8
   S-matrix    1 =   -0.05980   0.32630 for L=    4, J=    4.5 channel on core I =   0.0 from L=    4,  Acc. loss =  0.0 D.
 Elastic phase shift   1 =   50.193  31.610 deg. for the L =    4, J =    4.5 channel.
       4.5 -0.05980154  0.32630394i: elastic S-matrix  @@      0.00  0   0 F  0
 Reaction Xsec     4.5+/ 4 @ 1 =  91.435 , Out:   0.000#


 Total SPIN, PARITY =     4.5 -,      1 chs,      0 cc.  Rmin & Coul turning =    0.2    3.8
   S-matrix    1 =    0.69251   0.23749 for L=    5, J=    4.5 channel on core I =   0.0 from L=    5,  Acc. loss =  0.0 D.
 Elastic phase shift   1 =    9.465   8.934 deg. for the L =    5, J =    4.5 channel.
       4.5  0.69250582  0.23749441i: elastic S-matrix  @@      0.00  0   0 F  0
 Reaction Xsec     4.5-/ 5 @ 1 =  47.675 , Out:   0.000#


 Total SPIN, PARITY =     5.5 +,      1 chs,      0 cc.  Rmin & Coul turning =    0.2    4.6
   S-matrix    1 =    0.88734   0.11248 for L=    6, J=    5.5 channel on core I =   0.0 from L=    6,  Acc. loss =  0.0 D.
 Elastic phase shift   1 =    3.612   3.196 deg. for the L =    6, J =    5.5 channel.
       5.5  0.88733889  0.11248371i: elastic S-matrix  @@      0.00  0   0 F  0
 Reaction Xsec     5.5+/ 6 @ 1 =  24.655 , Out:   0.000#


 Total SPIN, PARITY =     5.5 -,      1 chs,      0 cc.  Rmin & Coul turning =    0.2    4.6
   S-matrix    1 =    0.56102   0.34900 for L=    5, J=    5.5 channel on core I =   0.0 from L=    5,  Acc. loss =  0.0 D.
 Elastic phase shift   1 =   15.942  11.873 deg. for the L =    5, J =    5.5 channel.
       5.5  0.56101977  0.34899953i: elastic S-matrix  @@      0.00  0   0 F  0
 Reaction Xsec     5.5-/ 5 @ 1 =  69.468 , Out:   0.000#


 Total SPIN, PARITY =     6.5 +,      1 chs,      0 cc.  Rmin & Coul turning =    0.3    5.4
   S-matrix    1 =    0.86550   0.16565 for L=    6, J=    6.5 channel on core I =   0.0 from L=    6,  Acc. loss =  0.0 D.
 Elastic phase shift   1 =    5.418   3.623 deg. for the L =    6, J =    6.5 channel.
       6.5  0.86549964  0.16565093i: elastic S-matrix  @@      0.00  0   0 F  0
 Reaction Xsec     6.5+/ 6 @ 1 =  32.144 , Out:   0.000#


 Total SPIN, PARITY =     6.5 -,      1 chs,      0 cc.  Rmin & Coul turning =    0.3    5.4
   S-matrix    1 =    0.96097   0.04460 for L=    7, J=    6.5 channel on core I =   0.0 from L=    7,  Acc. loss =  0.0 D.
 Elastic phase shift   1 =    1.329   1.110 deg. for the L =    7, J =    6.5 channel.
       6.5  0.96096876  0.04459637i: elastic S-matrix  @@      0.00  0   0 F  0
 Reaction Xsec     6.5-/ 7 @ 1 =  10.723 , Out:   0.000#


 Total SPIN, PARITY =     7.5 +,      1 chs,      0 cc.  Rmin & Coul turning =    0.3    6.2
   S-matrix    1 =    0.98659   0.01639 for L=    8, J=    7.5 channel on core I =   0.0 from L=    8,  Acc. loss =  0.0 D.
 Elastic phase shift   1 =    0.476   0.383 deg. for the L =    8, J =    7.5 channel.
       7.5  0.98658861  0.01638667i: elastic S-matrix  @@      0.00  0   0 F  0
 Reaction Xsec     7.5+/ 8 @ 1 =   4.336 , Out:   0.000#


 Total SPIN, PARITY =     7.5 -,      1 chs,      0 cc.  Rmin & Coul turning =    0.3    6.2
   S-matrix    1 =    0.95806   0.06202 for L=    7, J=    7.5 channel on core I =   0.0 from L=    7,  Acc. loss =  0.0 D.
 Elastic phase shift   1 =    1.852   1.167 deg. for the L =    7, J =    7.5 channel.
       7.5  0.95806401  0.06202415i: elastic S-matrix  @@      0.00  0   0 F  0
 Reaction Xsec     7.5-/ 7 @ 1 =  12.866 , Out:   0.000#


 Total SPIN, PARITY =     8.5 +,      1 chs,      0 cc.  Rmin & Coul turning =    0.4    7.0
   S-matrix    1 =    0.98622   0.02180 for L=    8, J=    8.5 channel on core I =   0.0 from L=    8,  Acc. loss =  0.0 D.
 Elastic phase shift   1 =    0.633   0.391 deg. for the L =    8, J =    8.5 channel.
       8.5  0.98621807  0.02180167i: elastic S-matrix  @@      0.00  0   0 F  0
 Reaction Xsec     8.5+/ 8 @ 1 =   4.974 , Out:   0.000#


 Total SPIN, PARITY =     8.5 -,      1 chs,      0 cc.  Rmin & Coul turning =    0.4    7.0
   S-matrix    1 =    0.99540   0.00583 for L=    9, J=    8.5 channel on core I =   0.0 from L=    9,  Acc. loss =  0.0 D.
 Elastic phase shift   1 =    0.168   0.132 deg. for the L =    9, J =    8.5 channel.
       8.5  0.99539706  0.00582599i: elastic S-matrix  @@      0.00  0   0 F  0
 Reaction Xsec     8.5-/ 9 @ 1 =   1.692 , Out:   0.000#


 Total SPIN, PARITY =     9.5 +,      1 chs,      0 cc.  Rmin & Coul turning =    0.4    7.8
   S-matrix    1 =    0.99842   0.00204 for L=   10, J=    9.5 channel on core I =   0.0 from L=   10,  Acc. loss =  0.0 D.
 Elastic phase shift   1 =    0.059   0.045 deg. for the L =   10, J =    9.5 channel.
       9.5  0.99842300  0.00203886i: elastic S-matrix  @@      0.00  0   0 F  0
 Reaction Xsec     9.5+/10 @ 1 =   0.647 , Out:   0.000#


 Total SPIN, PARITY =     9.5 -,      1 chs,      0 cc.  Rmin & Coul turning =    0.4    7.8
   S-matrix    1 =    0.99535   0.00751 for L=    9, J=    9.5 channel on core I =   0.0 from L=    9,  Acc. loss =  0.0 D.
 Elastic phase shift   1 =    0.216   0.133 deg. for the L =    9, J =    9.5 channel.
       9.5  0.99535010  0.00750684i: elastic S-matrix  @@      0.00  0   0 F  0
 Reaction Xsec     9.5-/ 9 @ 1 =   1.895 , Out:   0.000#


 Total SPIN, PARITY =    10.5 +,      1 chs,      0 cc.  Rmin & Coul turning =    0.5    8.7
   S-matrix    1 =    0.99842   0.00256 for L=   10, J=   10.5 channel on core I =   0.0 from L=   10,  Acc. loss =  0.0 D.
 Elastic phase shift   1 =    0.074   0.045 deg. for the L =   10, J =   10.5 channel.
      10.5  0.99841706  0.00256208i: elastic S-matrix  @@      0.00  0   0 F  0
 Reaction Xsec    10.5+/10 @ 1 =   0.714 , Out:   0.000#


 Total SPIN, PARITY =    10.5 -,      1 chs,      0 cc.  Rmin & Coul turning =    0.5    8.7
   S-matrix    1 =    0.99946   0.00071 for L=   11, J=   10.5 channel on core I =   0.0 from L=   11,  Acc. loss =  0.0 D.
 Elastic phase shift   1 =    0.020   0.015 deg. for the L =   11, J =   10.5 channel.
      10.5  0.99946104  0.00070729i: elastic S-matrix  @@      0.00  0   0 F  0
 Reaction Xsec    10.5-/11 @ 1 =   0.243 , Out:   0.000#


 Total SPIN, PARITY =    11.5 +,      1 chs,      0 cc.  Rmin & Coul turning =    0.5    9.5
   S-matrix    1 =    0.99982   0.00024 for L=   12, J=   11.5 channel on core I =   0.0 from L=   12,  Acc. loss =  0.0 D.
 Elastic phase shift   1 =    0.007   0.005 deg. for the L =   12, J =   11.5 channel.
      11.5  0.99981628  0.00024397i: elastic S-matrix  @@      0.00  0   0 F  0
 Reaction Xsec    11.5+/12 @ 1 =   0.091 , Out:   0.000#


 Total SPIN, PARITY =    11.5 -,      1 chs,      0 cc.  Rmin & Coul turning =    0.5    9.5
   S-matrix    1 =    0.99946   0.00087 for L=   11, J=   11.5 channel on core I =   0.0 from L=   11,  Acc. loss =  0.0 D.
 Elastic phase shift   1 =    0.025   0.015 deg. for the L =   11, J =   11.5 channel.
      11.5  0.99946029  0.00087022i: elastic S-matrix  @@      0.00  0   0 F  0
 Reaction Xsec    11.5-/11 @ 1 =   0.266 , Out:   0.000#


 Total SPIN, PARITY =    12.5 +,      1 chs,      0 cc.  Rmin & Coul turning =    0.6   10.3
   S-matrix    1 =    0.99982   0.00029 for L=   12, J=   12.5 channel on core I =   0.0 from L=   12,  Acc. loss =  0.0 D.
 Elastic phase shift   1 =    0.008   0.005 deg. for the L =   12, J =   12.5 channel.
      12.5  0.99981619  0.00029463i: elastic S-matrix  @@      0.00  0   0 F  0
 Reaction Xsec    12.5+/12 @ 1 =   0.098 , Out:   0.000#


 Total SPIN, PARITY =    12.5 -,      1 chs,      0 cc.  Rmin & Coul turning =    0.6   10.3
   S-matrix    1 =    0.99994   0.00008 for L=   13, J=   12.5 channel on core I =   0.0 from L=   13,  Acc. loss =  0.0 D.
 Elastic phase shift   1 =    0.002   0.002 deg. for the L =   13, J =   12.5 channel.
      12.5  0.99993753  0.00008380i: elastic S-matrix  @@      0.00  0   0 F  0
 Reaction Xsec    12.5-/13 @ 1 =   0.033 , Out:   0.000#


 Total SPIN, PARITY =    13.5 +,      1 chs,      0 cc.  Rmin & Coul turning =    0.6   11.1
   S-matrix    1 =    0.99998   0.00003 for L=   14, J=   13.5 channel on core I =   0.0 from L=   14,  Acc. loss =  0.0 D.
 Elastic phase shift   1 =    0.001   0.001 deg. for the L =   14, J =   13.5 channel.
      13.5  0.99997880  0.00002868i: elastic S-matrix  @@      0.00  0   0 F  0
 Reaction Xsec    13.5+/14 @ 1 =   0.012 , Out:   0.000#


 Total SPIN, PARITY =    13.5 -,      1 chs,      0 cc.  Rmin & Coul turning =    0.6   11.1
   S-matrix    1 =    0.99994   0.00010 for L=   13, J=   13.5 channel on core I =   0.0 from L=   13,  Acc. loss =  0.0 D.
 Elastic phase shift   1 =    0.003   0.002 deg. for the L =   13, J =   13.5 channel.
      13.5  0.99993752  0.00009952i: elastic S-matrix  @@      0.00  0   0 F  0
 Reaction Xsec    13.5-/13 @ 1 =   0.036 , Out:   0.000#


 Total SPIN, PARITY =    14.5 +,      1 chs,      0 cc.  Rmin & Coul turning =    0.7   11.9
   S-matrix    1 =    0.99998   0.00003 for L=   14, J=   14.5 channel on core I =   0.0 from L=   14,  Acc. loss =  0.0 D.
 Elastic phase shift   1 =    0.001   0.001 deg. for the L =   14, J =   14.5 channel.
      14.5  0.99997880  0.00003355i: elastic S-matrix  @@      0.00  0   0 F  0
 Reaction Xsec    14.5+/14 @ 1 =   0.013 , Out:   0.000#


 Total SPIN, PARITY =    14.5 -,      1 chs,      0 cc.  Rmin & Coul turning =    0.7   11.9
   S-matrix    1 =    0.99999   0.00001 for L=   15, J=   14.5 channel on core I =   0.0 from L=   15,  Acc. loss =  0.0 D.
 Elastic phase shift   1 =    0.000   0.000 deg. for the L =   15, J =   14.5 channel.
      14.5  0.99999282  0.00000979i: elastic S-matrix  @@      0.00  0   0 F  0
 Reaction Xsec    14.5-/15 @ 1 =   4.424/, Out:   0.000#


 Total SPIN, PARITY =    15.5 +,      1 chs,      0 cc.  Rmin & Coul turning =    0.7   12.7
   S-matrix    1 =    1.00000   0.00000 for L=   16, J=   15.5 channel on core I =   0.0 from L=   16,  Acc. loss =  0.0 D.
 Elastic phase shift   1 =    0.000   0.000 deg. for the L =   16, J =   15.5 channel.
      15.5  0.99999757  0.00000333i: elastic S-matrix  @@      0.00  0   0 F  0
 Reaction Xsec    15.5+/16 @ 1 =   1.595/, Out:   0.000#


 Total SPIN, PARITY =    15.5 -,      1 chs,      0 cc.  Rmin & Coul turning =    0.7   12.7
   S-matrix    1 =    0.99999   0.00001 for L=   15, J=   15.5 channel on core I =   0.0 from L=   15,  Acc. loss =  0.0 D.
 Elastic phase shift   1 =    0.000   0.000 deg. for the L =   15, J =   15.5 channel.
      15.5  0.99999282  0.00001129i: elastic S-matrix  @@      0.00  0   0 F  0
 Reaction Xsec    15.5-/15 @ 1 =   4.719/, Out:   0.000#


 Total SPIN, PARITY =    16.5 +,      1 chs,      0 cc.  Rmin & Coul turning =    0.8   13.5
   S-matrix    1 =    1.00000   0.00000 for L=   16, J=   16.5 channel on core I =   0.0 from L=   16,  Acc. loss =  0.0 D.
 Elastic phase shift   1 =    0.000   0.000 deg. for the L =   16, J =   16.5 channel.
      16.5  0.99999757  0.00000380i: elastic S-matrix  @@      0.00  0   0 F  0
 Reaction Xsec    16.5+/16 @ 1 =   1.695/, Out:   0.000#


 Total SPIN, PARITY =    16.5 -,      1 chs,      0 cc.  Rmin & Coul turning =    0.8   13.5
   S-matrix    1 =    1.00000   0.00000 for L=   17, J=   16.5 channel on core I =   0.0 from L=   17,  Acc. loss =  0.0 D.
 Elastic phase shift   1 =    0.000   0.000 deg. for the L =   17, J =   16.5 channel.
      16.5  0.99999918  0.00000113i: elastic S-matrix  @@      0.00  0   0 F  0
 Reaction Xsec    16.5-/17 @ 1 =   0.572/, Out:   0.000#


 Total SPIN, PARITY =    17.5 +,      1 chs,      0 cc.  Rmin & Coul turning =    0.8   14.3
   S-matrix    1 =    1.00000   0.00000 for L=   18, J=   17.5 channel on core I =   0.0 from L=   18,  Acc. loss =  0.0 D.
 Elastic phase shift   1 =    0.000   0.000 deg. for the L =   18, J =   17.5 channel.
      17.5  0.99999972  0.00000038i: elastic S-matrix  @@      0.00  0   0 F  0
 Reaction Xsec    17.5+/18 @ 1 =   0.204/, Out:   0.000#


 Total SPIN, PARITY =    17.5 -,      1 chs,      0 cc.  Rmin & Coul turning =    0.8   14.3
   S-matrix    1 =    1.00000   0.00000 for L=   17, J=   17.5 channel on core I =   0.0 from L=   17,  Acc. loss =  0.0 D.
 Elastic phase shift   1 =    0.000   0.000 deg. for the L =   17, J =   17.5 channel.
      17.5  0.99999918  0.00000128i: elastic S-matrix  @@      0.00  0   0 F  0
 Reaction Xsec    17.5-/17 @ 1 =   0.606/, Out:   0.000#

 Finished all CC sets @    4.65899985E-03
0CUMULATIVE REACTION cross section                 =  629.44176  <L> =     3.92  <L**2> =     18.6
0CUMULATIVE outgoing cross sections in partition 1 :    0.00000
0Cumulative ABSORBTION by Imaginary Potentials     =  629.44176  <L> =     3.92  <L**2> =     18.6
   Fusion for specific p        M-states :  629.441764  629.441764
0CUMULATIVE OUTGOING cross section                 =    0.00000
 To convert to S-factors (MeV.mb = keV.b),  multiply by  1.2763E+02


 CROSS SECTIONS FOR OUTGOING p        & O20      in state #   1 with spins & parities 0.5  + &  0.0  +;  0

     3.00 deg.: X-S =   1.2776E+05 mb/sr,
+                                         /R =   8.0311E-01
     4.00 deg.: X-S =   3.5502E+04 mb/sr,
+                                         /R =   7.0505E-01
     5.00 deg.: X-S =   1.2959E+04 mb/sr,
+                                         /R =   6.2805E-01
     6.00 deg.: X-S =  5927.952131 mb/sr,
+                                         /R =   5.9538E-01
     7.00 deg.: X-S =  3387.148116 mb/sr,
+                                         /R =   6.2984E-01
     8.00 deg.: X-S =  2374.006558 mb/sr,
+                                         /R =   7.5251E-01
     9.00 deg.: X-S =  1934.751554 mb/sr,
+                                         /R =   9.8150E-01
    10.00 deg.: X-S =  1722.619326 mb/sr,
+                                         /R =   1.3307E+00
    11.00 deg.: X-S =  1600.798742 mb/sr,
+                                         /R =   1.8085E+00
    12.00 deg.: X-S =  1512.629435 mb/sr,
+                                         /R =   2.4175E+00
    13.00 deg.: X-S =  1434.343790 mb/sr,
+                                         /R =   3.1534E+00
    14.00 deg.: X-S =  1356.376775 mb/sr,
+                                         /R =   4.0054E+00
    15.00 deg.: X-S =  1275.482950 mb/sr,
+                                         /R =   4.9563E+00
    16.00 deg.: X-S =  1191.241883 mb/sr,
+                                         /R =   5.9829E+00
    17.00 deg.: X-S =  1104.450063 mb/sr,
+                                         /R =   7.0574E+00
    18.00 deg.: X-S =  1016.362005 mb/sr,
+                                         /R =   8.1484E+00
    19.00 deg.: X-S =   928.328099 mb/sr,
+                                         /R =   9.2221E+00
    20.00 deg.: X-S =   841.623458 mb/sr,
+                                         /R =   1.0244E+01
    21.00 deg.: X-S =   757.370907 mb/sr,
+                                         /R =   1.1182E+01
    22.00 deg.: X-S =   676.511270 mb/sr,
+                                         /R =   1.2005E+01
    23.00 deg.: X-S =   599.797704 mb/sr,
+                                         /R =   1.2686E+01
    24.00 deg.: X-S =   527.802372 mb/sr,
+                                         /R =   1.3203E+01
    25.00 deg.: X-S =   460.929392 mb/sr,
+                                         /R =   1.3542E+01
    26.00 deg.: X-S =   399.430892 mb/sr,
+                                         /R =   1.3693E+01
    27.00 deg.: X-S =   343.424423 mb/sr,
+                                         /R =   1.3654E+01
    28.00 deg.: X-S =   292.910758 mb/sr,
+                                         /R =   1.3432E+01
    29.00 deg.: X-S =   247.791482 mb/sr,
+                                         /R =   1.3037E+01
    30.00 deg.: X-S =   207.885969 mb/sr,
+                                         /R =   1.2488E+01
    31.00 deg.: X-S =   172.947493 mb/sr,
+                                         /R =   1.1809E+01
    32.00 deg.: X-S =   142.678261 mb/sr,
+                                         /R =   1.1026E+01
    33.00 deg.: X-S =   116.743233 mb/sr,
+                                         /R =   1.0169E+01
    34.00 deg.: X-S =    94.782614 mb/sr,
+                                         /R =   9.2718E+00
    35.00 deg.: X-S =    76.422973 mb/sr,
+                                         /R =   8.3653E+00
    36.00 deg.: X-S =    61.286932 mb/sr,
+                                         /R =   7.4815E+00
    37.00 deg.: X-S =    49.001449 mb/sr,
+                                         /R =   6.6498E+00
    38.00 deg.: X-S =    39.204718 mb/sr,
+                                         /R =   5.8965E+00
    39.00 deg.: X-S =    31.551738 mb/sr,
+                                         /R =   5.2444E+00
    40.00 deg.: X-S =    25.718633 mb/sr,
+                                         /R =   4.7114E+00
    41.00 deg.: X-S =    21.405821 mb/sr,
+                                         /R =   4.3105E+00
    42.00 deg.: X-S =    18.340130 mb/sr,
+                                         /R =   4.0496E+00
    43.00 deg.: X-S =    16.275985 mb/sr,
+                                         /R =   3.9313E+00
    44.00 deg.: X-S =    14.995786 mb/sr,
+                                         /R =   3.9533E+00
    45.00 deg.: X-S =    14.309592 mb/sr,
+                                         /R =   4.1084E+00
    46.00 deg.: X-S =    14.054243 mb/sr,
+                                         /R =   4.3854E+00
    47.00 deg.: X-S =    14.092016 mb/sr,
+                                         /R =   4.7694E+00
    48.00 deg.: X-S =    14.308944 mb/sr,
+                                         /R =   5.2427E+00
    49.00 deg.: X-S =    14.612876 mb/sr,
+                                         /R =   5.7854E+00
    50.00 deg.: X-S =    14.931384 mb/sr,
+                                         /R =   6.3765E+00
    51.00 deg.: X-S =    15.209577 mb/sr,
+                                         /R =   6.9943E+00
    52.00 deg.: X-S =    15.407905 mb/sr,
+                                         /R =   7.6173E+00
    53.00 deg.: X-S =    15.500000 mb/sr,
+                                         /R =   8.2250E+00
    54.00 deg.: X-S =    15.470603 mb/sr,
+                                         /R =   8.7980E+00
    55.00 deg.: X-S =    15.313608 mb/sr,
+                                         /R =   9.3195E+00
    56.00 deg.: X-S =    15.030252 mb/sr,
+                                         /R =   9.7745E+00
    57.00 deg.: X-S =    14.627475 mb/sr,
+                                         /R =   1.0151E+01
    58.00 deg.: X-S =    14.116449 mb/sr,
+                                         /R =   1.0440E+01
    59.00 deg.: X-S =    13.511285 mb/sr,
+                                         /R =   1.0635E+01
    60.00 deg.: X-S =    12.827929 mb/sr,
+                                         /R =   1.0733E+01
    61.00 deg.: X-S =    12.083218 mb/sr,
+                                         /R =   1.0734E+01
    62.00 deg.: X-S =    11.294110 mb/sr,
+                                         /R =   1.0639E+01
    63.00 deg.: X-S =    10.477060 mb/sr,
+                                         /R =   1.0454E+01
    64.00 deg.: X-S =     9.647547 mb/sr,
+                                         /R =   1.0185E+01
    65.00 deg.: X-S =     8.819713 mb/sr,
+                                         /R =   9.8404E+00
    66.00 deg.: X-S =     8.006124 mb/sr,
+                                         /R =   9.4308E+00
    67.00 deg.: X-S =     7.217622 mb/sr,
+                                         /R =   8.9669E+00
    68.00 deg.: X-S =     6.463258 mb/sr,
+                                         /R =   8.4604E+00
    69.00 deg.: X-S =     5.750298 mb/sr,
+                                         /R =   7.9231E+00
    70.00 deg.: X-S =     5.084274 mb/sr,
+                                         /R =   7.3669E+00
    71.00 deg.: X-S =     4.469087 mb/sr,
+                                         /R =   6.8034E+00
    72.00 deg.: X-S =     3.907133 mb/sr,
+                                         /R =   6.2435E+00
    73.00 deg.: X-S =     3.399454 mb/sr,
+                                         /R =   5.6971E+00
    74.00 deg.: X-S =     2.945907 mb/sr,
+                                         /R =   5.1732E+00
    75.00 deg.: X-S =     2.545330 mb/sr,
+                                         /R =   4.6798E+00
    76.00 deg.: X-S =     2.195712 mb/sr,
+                                         /R =   4.2231E+00
    77.00 deg.: X-S =     1.894364 mb/sr,
+                                         /R =   3.8085E+00
    78.00 deg.: X-S =     1.638071 mb/sr,
+                                         /R =   3.4396E+00
    79.00 deg.: X-S =     1.423242 mb/sr,
+                                         /R =   3.1190E+00
    80.00 deg.: X-S =     1.246039 mb/sr,
+                                         /R =   2.8477E+00
    81.00 deg.: X-S =     1.102500 mb/sr,
+                                         /R =   2.6257E+00
    82.00 deg.: X-S =     0.988637 mb/sr,
+                                         /R =   2.4519E+00
    83.00 deg.: X-S =     0.900529 mb/sr,
+                                         /R =   2.3241E+00
    84.00 deg.: X-S =     0.834388 mb/sr,
+                                         /R =   2.2393E+00
    85.00 deg.: X-S =     0.786626 mb/sr,
+                                         /R =   2.1938E+00
    86.00 deg.: X-S =     0.753890 mb/sr,
+                                         /R =   2.1834E+00
    87.00 deg.: X-S =     0.733103 mb/sr,
+                                         /R =   2.2035E+00
    88.00 deg.: X-S =     0.721482 mb/sr,
+                                         /R =   2.2491E+00
    89.00 deg.: X-S =     0.716547 mb/sr,
+                                         /R =   2.3152E+00
    90.00 deg.: X-S =     0.716130 mb/sr,
+                                         /R =   2.3968E+00
    91.00 deg.: X-S =     0.718366 mb/sr,
+                                         /R =   2.4889E+00
    92.00 deg.: X-S =     0.721683 mb/sr,
+                                         /R =   2.5869E+00
    93.00 deg.: X-S =     0.724792 mb/sr,
+                                         /R =   2.6863E+00
    94.00 deg.: X-S =     0.726663 mb/sr,
+                                         /R =   2.7831E+00
    95.00 deg.: X-S =     0.726506 mb/sr,
+                                         /R =   2.8738E+00
    96.00 deg.: X-S =     0.723749 mb/sr,
+                                         /R =   2.9551E+00
    97.00 deg.: X-S =     0.718014 mb/sr,
+                                         /R =   3.0245E+00
    98.00 deg.: X-S =     0.709090 mb/sr,
+                                         /R =   3.0797E+00
    99.00 deg.: X-S =     0.696913 mb/sr,
+                                         /R =   3.1193E+00
   100.00 deg.: X-S =     0.681540 mb/sr,
+                                         /R =   3.1420E+00
   101.00 deg.: X-S =     0.663130 mb/sr,
+                                         /R =   3.1471E+00
   102.00 deg.: X-S =     0.641919 mb/sr,
+                                         /R =   3.1346E+00
   103.00 deg.: X-S =     0.618205 mb/sr,
+                                         /R =   3.1046E+00
   104.00 deg.: X-S =     0.592329 mb/sr,
+                                         /R =   3.0576E+00
   105.00 deg.: X-S =     0.564659 mb/sr,
+                                         /R =   2.9946E+00
   106.00 deg.: X-S =     0.535580 mb/sr,
+                                         /R =   2.9168E+00
   107.00 deg.: X-S =     0.505476 mb/sr,
+                                         /R =   2.8256E+00
   108.00 deg.: X-S =     0.474726 mb/sr,
+                                         /R =   2.7225E+00
   109.00 deg.: X-S =     0.443694 mb/sr,
+                                         /R =   2.6093E+00
   110.00 deg.: X-S =     0.412721 mb/sr,
+                                         /R =   2.4878E+00
   111.00 deg.: X-S =     0.382121 mb/sr,
+                                         /R =   2.3598E+00
   112.00 deg.: X-S =     0.352177 mb/sr,
+                                         /R =   2.2272E+00
   113.00 deg.: X-S =     0.323139 mb/sr,
+                                         /R =   2.0917E+00
   114.00 deg.: X-S =     0.295224 mb/sr,
+                                         /R =   1.9553E+00
   115.00 deg.: X-S =     0.268610 mb/sr,
+                                         /R =   1.8194E+00
   116.00 deg.: X-S =     0.243445 mb/sr,
+                                         /R =   1.6857E+00
   117.00 deg.: X-S =     0.219839 mb/sr,
+                                         /R =   1.5555E+00
   118.00 deg.: X-S =     0.197873 mb/sr,
+                                         /R =   1.4300E+00
   119.00 deg.: X-S =     0.177595 mb/sr,
+                                         /R =   1.3104E+00
   120.00 deg.: X-S =     0.159029 mb/sr,
+                                         /R =   1.1975E+00
   121.00 deg.: X-S =     0.142170 mb/sr,
+                                         /R =   1.0922E+00
   122.00 deg.: X-S =     0.126994 mb/sr,
+                                         /R =   9.9484E-01
   123.00 deg.: X-S =     0.113456 mb/sr,
+                                         /R =   9.0597E-01
   124.00 deg.: X-S =     0.101494 mb/sr,
+                                         /R =   8.2580E-01
   125.00 deg.: X-S =     0.091034 mb/sr,
+                                         /R =   7.5441E-01
   126.00 deg.: X-S =     0.081989 mb/sr,
+                                         /R =   6.9178E-01
   127.00 deg.: X-S =     0.074266 mb/sr,
+                                         /R =   6.3774E-01
   128.00 deg.: X-S =     0.067764 mb/sr,
+                                         /R =   5.9202E-01
   129.00 deg.: X-S =     0.062382 mb/sr,
+                                         /R =   5.5425E-01
   130.00 deg.: X-S =     0.058015 mb/sr,
+                                         /R =   5.2401E-01
   131.00 deg.: X-S =     0.054559 mb/sr,
+                                         /R =   5.0079E-01
   132.00 deg.: X-S =     0.051914 mb/sr,
+                                         /R =   4.8405E-01
   133.00 deg.: X-S =     0.049980 mb/sr,
+                                         /R =   4.7324E-01
   134.00 deg.: X-S =     0.048667 mb/sr,
+                                         /R =   4.6777E-01
   135.00 deg.: X-S =     0.047887 mb/sr,
+                                         /R =   4.6706E-01
   136.00 deg.: X-S =     0.047562 mb/sr,
+                                         /R =   4.7056E-01
   137.00 deg.: X-S =     0.047617 mb/sr,
+                                         /R =   4.7771E-01
   138.00 deg.: X-S =     0.047990 mb/sr,
+                                         /R =   4.8803E-01
   139.00 deg.: X-S =     0.048622 mb/sr,
+                                         /R =   5.0104E-01
   140.00 deg.: X-S =     0.049465 mb/sr,
+                                         /R =   5.1633E-01
   141.00 deg.: X-S =     0.050477 mb/sr,
+                                         /R =   5.3354E-01
   142.00 deg.: X-S =     0.051624 mb/sr,
+                                         /R =   5.5236E-01
   143.00 deg.: X-S =     0.052879 mb/sr,
+                                         /R =   5.7254E-01
   144.00 deg.: X-S =     0.054223 mb/sr,
+                                         /R =   5.9388E-01
   145.00 deg.: X-S =     0.055639 mb/sr,
+                                         /R =   6.1624E-01
   146.00 deg.: X-S =     0.057118 mb/sr,
+                                         /R =   6.3952E-01
   147.00 deg.: X-S =     0.058656 mb/sr,
+                                         /R =   6.6367E-01
   148.00 deg.: X-S =     0.060251 mb/sr,
+                                         /R =   6.8869E-01
   149.00 deg.: X-S =     0.061905 mb/sr,
+                                         /R =   7.1460E-01
   150.00 deg.: X-S =     0.063622 mb/sr,
+                                         /R =   7.4143E-01
   151.00 deg.: X-S =     0.065407 mb/sr,
+                                         /R =   7.6927E-01
   152.00 deg.: X-S =     0.067266 mb/sr,
+                                         /R =   7.9818E-01
   153.00 deg.: X-S =     0.069206 mb/sr,
+                                         /R =   8.2825E-01
   154.00 deg.: X-S =     0.071231 mb/sr,
+                                         /R =   8.5953E-01
   155.00 deg.: X-S =     0.073348 mb/sr,
+                                         /R =   8.9209E-01
   156.00 deg.: X-S =     0.075558 mb/sr,
+                                         /R =   9.2596E-01
   157.00 deg.: X-S =     0.077863 mb/sr,
+                                         /R =   9.6116E-01
   158.00 deg.: X-S =     0.080261 mb/sr,
+                                         /R =   9.9766E-01
   159.00 deg.: X-S =     0.082748 mb/sr,
+                                         /R =   1.0354E+00
   160.00 deg.: X-S =     0.085317 mb/sr,
+                                         /R =   1.0743E+00
   161.00 deg.: X-S =     0.087958 mb/sr,
+                                         /R =   1.1142E+00
   162.00 deg.: X-S =     0.090659 mb/sr,
+                                         /R =   1.1550E+00
   163.00 deg.: X-S =     0.093406 mb/sr,
+                                         /R =   1.1964E+00
   164.00 deg.: X-S =     0.096179 mb/sr,
+                                         /R =   1.2382E+00
   165.00 deg.: X-S =     0.098960 mb/sr,
+                                         /R =   1.2800E+00
   166.00 deg.: X-S =     0.101726 mb/sr,
+                                         /R =   1.3217E+00
   167.00 deg.: X-S =     0.104453 mb/sr,
+                                         /R =   1.3627E+00
   168.00 deg.: X-S =     0.107117 mb/sr,
+                                         /R =   1.4028E+00
   169.00 deg.: X-S =     0.109691 mb/sr,
+                                         /R =   1.4416E+00
   170.00 deg.: X-S =     0.112151 mb/sr,
+                                         /R =   1.4787E+00
   171.00 deg.: X-S =     0.114470 mb/sr,
+                                         /R =   1.5136E+00
   172.00 deg.: X-S =     0.116624 mb/sr,
+                                         /R =   1.5461E+00
   173.00 deg.: X-S =     0.118587 mb/sr,
+                                         /R =   1.5757E+00
   174.00 deg.: X-S =     0.120339 mb/sr,
+                                         /R =   1.6022E+00
   175.00 deg.: X-S =     0.121858 mb/sr,
+                                         /R =   1.6251E+00
   176.00 deg.: X-S =     0.123127 mb/sr,
+                                         /R =   1.6443E+00
   177.00 deg.: X-S =     0.124130 mb/sr,
+                                         /R =   1.6595E+00
   178.00 deg.: X-S =     0.124855 mb/sr,
+                                         /R =   1.6705E+00
   179.00 deg.: X-S =     0.125294 mb/sr,
+                                         /R =   1.6771E+00
   179.99 deg.: X-S =     0.125441 mb/sr,
+                                         /R =   1.6793E+00
                                           Integrated 1983.1869 mb, over [   3.000, 180.000] at    35.0000 MeV 
 Finished all xsecs @    5.61900018E-03

  The following files have been created:
   3:local copy of User input.            6:standard output.                   
   7:elastic  S-matrix elements.         13:total cross sections/state.        
  16:tables of cross sections.           38:cross sections for each J/pi.      
  39:cross sections for each Ecm.        40:all cross sectns. for each Elab.   
  45:scat phase shift as E functions.    56:Fusion for each Jtotal.            
 201:Separate cross sections.           

 PARAMETERS : MAXQRN   MFNL   MLOC  LMAX1 MCLIST
    ALLOWED :      1      1      4     70      6
    REQUIRED:      0      0      4     19      4


 ACCURACY ANALYSIS at    35.000 MeV :

  Elastic h*k = 0.037 so OK       compared with 0.200

   Real(S-el) > 0.01 first at J =       3.5
   Real(S-el) > 0.10 first at J =       3.5
   Real(S-el) > 0.50 first at J =       4.5
   Real(S-el) > 0.90 first at J =       6.5
   Real(S-el) > 0.99 first at J =       8.5
   R-turn =    14.32 fm    at J =      17.5

 Forward-angle excitation cut off below   1.361 deg by max JT =      17.5
                              and below   0.330 deg by max R.

