 FRESCO - FRES 3.4: Coupled Reaction Channels
 Assuming NAMELIST input.

 p+O20 2nd ex with BG ;                                                          

   0.030  60.000   0.500   0.000   0.000   0.000   0.000   0.000   0.000   0.000

 Centre-of-mass Range is   2002 * 0.0300 fm., Maximum at  60.00 fm., Interpolating NL forms every  0.51 fm.
 Non - locality width is      4 * 0.0300 fm., Maximum of   0.09 fm., Centred at  0.00 fm.
 2-Nucleon Separation of      0 * 0.5100 fm., Maximum of   0.00 fm., Minimum at  0.00 fm.
 Maximum single particle bins of 59.6700 fm.
               M,Mint =         2001        1990


 Range of total J is     0.0 <= J <=    50.0 (at least     0.0) and Absorbtion =>    -1.0000 mb.
 Dry Run = F, CC set limits =  0  0, Relativistic kinematics =  , Both/Far/Near Analyses =  1                     

 Cross Sections (and up to T0 for 0=projectile) for Theta from   0.0 to-180.0 in steps of  1.0 degrees, DGAM=0,  Coordinates = 0 (Mads)

 Lower Radial Cutoff = maximum of -1.60*L*h &       0.0 fm.,  Lower Cutoff for Couplings =   0.0  fm.


 Iterate Couplings between   0 and   1 times, to  0.000 % if sooner.                                          
  Block solved exactly =   2 chs., with Pade = 0 & Isocen =  =0, NOSOL = F, initwf =  0
  NL quadrature with   18 Gaussian points, Calculate multipoles up to    56 from   0
  M-transfers for lp+lt greater than or equal to  6, Angular Integration Cutoff below  2.7778 %


 Trace switches are :  CHANS =  1, LISTCC =  0, TRENEG =  0, CDETR =  0, SMATS =  2, XSTABL =  1, NLPL =  0

                       WAVES =  0, LAMPL =  0, VEFF =  0, KFUS =  0, WDISK =  0, BPM =  0, MELFIL =  0

                       CDCC =  0, NFUS =  0

 Using unit mass = 1.000000 amu and 1/fine-structure constant = 137.03599 ( 1.000000 * true ) with hc = 197.32705 MeV.fm,
  thus 2*amu/hbar^2 = 0.0478450 = 1/20.9008 and Coulomb constant = 0.1574855 so e^2 = 1.43997, and nuclear magneton= 0.1261183

 Now pre-scan input and save to file 3



 *********** PARTITION NUMBER  1 ******************************************************************************************

   PROJ=p          MASS=  1.0073 Z=   1.0,        # STATES=    2T, TARG=O20      MASS= 19.9997 Z=   8.0,     Q-VALUE =  -0.0000 MEV.

     1:  J= 0.5+ (B# 1), E=  0.0000, K= 0.5              Potl#  1       J= 0.0+ (B# 1), E=  0.0000, K= 0.0    

     2:  J= 0.5+ (B# 1), E=  0.0000, K= 0.5              Potl#  1       J= 2.0+ (B# 1), E=  4.1000, K= 0.0    
                                  (Just State  1)


 ************************************************************************************************************************************

 The following POTENTIALS are defined :

  KP#       TYPE      IT    SHAPE      at     V1        r1        a1        V2        r2        a2        A-in     A-used


                                            A#1       A#2        r0c       ac                                                h @ 1
    1    0=Coulomb       0=CHARGE (WS)  1    20.000     0.000    1.3000    0.0000    0.0000    0.0000     0.000    20.000   0.03000

                                           Mn(E1)    Mn(E2)    Mn(E3)  .....
    1   11=Target defm  10=derivatives  2    0.0000    5.3000    0.0000    0.0000    0.0000    0.0000     0.000     3.529= RADIUS

              At    2 is k =  2 (Potl. beta = 0.22286)
                                     Beta of targ. = 0.22286 (using radius of 3.529 fm.).

    1    1=Volume        0=Woods-Saxon  3   48.7789    1.1700    0.7500    0.0000    0.0000    0.0000     0.000    20.000

                                            Def1      Def2      Def3   .....
    1   11=Target defm  10=derivatives  4    0.0000    1.7150    0.0000    0.0000    0.0000    0.0000     0.000     3.176= RADIUS

              At    4 is k =  2 (Potl. beta = 0.54000)
                                     Beta of targ. = 0.54000 (using radius of 3.176 fm.).

    1    1=Volume        0=Woods-Saxon  5    0.0000    0.0000    0.0000    5.0000    1.3200    0.6500     0.000    20.000

                                            Def1      Def2      Def3   .....
    1   11=Target defm  10=derivatives  6    0.0000    1.9348    0.0000    0.0000    0.0000    0.0000     0.000     3.583= RADIUS

              At    6 is k =  2 (Potl. beta = 0.54000)
                                     Beta of targ. = 0.54000 (using radius of 3.583 fm.).

    1    2=Surface       0=Woods-Saxon  7    0.0000    0.0000    0.0000    5.4500    1.3200    0.6500     0.000    20.000

                                            Def1      Def2      Def3   .....
    1   11=Target defm  10=derivatives  8    0.0000    1.9348    0.0000    0.0000    0.0000    0.0000     0.000     3.583= RADIUS

              At    8 is k =  2 (Potl. beta = 0.54000)
                                     Beta of targ. = 0.54000 (using radius of 3.583 fm.).

    1    3=Projtl S.O.   0=Woods-Saxon  9    3.1000    1.0100    0.7500    0.0000    0.0000    0.0000     0.000    20.000

 Incoming partition  1 in excitation state # 1,   Laboratory Energy given for partition  1 Nucleus 1 in Excitation pair 1

0Lab. ENERGY ranges :

   from    35.0000     to   0.00000     in     0 intervals
   from    0.00000     to   0.00000     in     0 intervals
   from    0.00000     to   0.00000     in     0 intervals

 Largest real,imaginary parts of any form factor at R=   59.52 are   2.42E-02  5.84E-32 MeV
 Finished all Couplings @    8.87000118E-04           9

 Symmetric Hamiltonian
1***********************************************************************************************************************************
************************************************************************************************************************************

        INCOMING p        ;    LABORATORY p        ENERGY =   35.000     MeV.

 ***********************************************************************************************************************************
 ***********************************************************************************************************************************

 Allocate arrays for            3  channels, of which            3  need wfs.

 ######################################################################################################################
 #                                                                                                                    #
 # Total SPIN and PARITY =     0.5 +,      3 channels,    3 in 1st block.  Rmin & Coul turning =    0.0    0.3 fm.  #
 #                                                                                                                    #
 ######################################################################################################################



    C Projectl Target   #   EX.   (L  Proj) J  + Targ = Jtotal     E-cm      Re K     Re Eta     RM*K            CH
    1 p        O20      #    1: I   0 0.5    0.5  0.0     0.5    33.32176   1.23648   0.21373   74.1887   0.33920  -0.36833 1 1 1   1
    2 p        O20      #    2:     2 0.5    1.5  2.0     0.5    29.22176   1.15791   0.22823   69.4748  -0.24538  -0.43678 1 1 1   2
    3 p        O20      #    2:     2 0.5    2.5  2.0     0.5    29.22176   1.15791   0.22823   69.4748  -0.24538  -0.43678 1 1 1   2
   S-matrix    1 =    0.20669  -0.27281 for L=    0, J=    0.5 channel on core I =   0.0 from L=    0,  Acc. loss =  0.0 D.
 Elastic phase shift   1 =  -26.426  30.716 deg. for the L =    0, J =    0.5 channel.
       0.5  0.20668507 -0.27280581i: elastic S-matrix  @@      0.00  0   0 F  0
 Reaction Xsec     0.5+/ 0 @ 1 =  18.141 , Out:   0.000#   1.058   17.083f


 Total SPIN, PARITY =     0.5 -,      3 chs,      3 cc.  Rmin & Coul turning =    0.0    0.3
   S-matrix    1 =   -0.00935  -0.31344 for L=    1, J=    0.5 channel on core I =   0.0 from L=    1,  Acc. loss =  0.0 D.
 Elastic phase shift   1 =  -45.854  33.223 deg. for the L =    1, J =    0.5 channel.
       0.5 -0.00934539 -0.31344011i: elastic S-matrix  @@      0.00  0   0 F  0
 Reaction Xsec     0.5-/ 1 @ 1 =  18.528 , Out:   0.000#   0.863   17.664f

 Allocate arrays for            5  channels, of which            5  need wfs.

 Total SPIN, PARITY =     1.5 +,      5 chs,      5 cc.  Rmin & Coul turning =    0.0    1.3
   S-matrix    1 =   -0.24010  -0.24995 for L=    2, J=    1.5 channel on core I =   0.0 from L=    2,  Acc. loss =  0.0 D.
 Elastic phase shift   1 =  -66.924  30.356 deg. for the L =    2, J =    1.5 channel.
       1.5 -0.24009671 -0.24995346i: elastic S-matrix  @@      0.00  0   0 F  0
 Reaction Xsec     1.5+/ 2 @ 1 =  36.160 , Out:   0.000#   1.933   34.227f


 Total SPIN, PARITY =     1.5 -,      5 chs,      5 cc.  Rmin & Coul turning =    0.0    1.3
   S-matrix    1 =    0.07386  -0.31889 for L=    1, J=    1.5 channel on core I =   0.0 from L=    1,  Acc. loss =  0.0 D.
 Elastic phase shift   1 =  -38.480  31.993 deg. for the L =    1, J =    1.5 channel.
       1.5  0.07386198 -0.31889153i: elastic S-matrix  @@      0.00  0   0 F  0
 Reaction Xsec     1.5-/ 1 @ 1 =  36.693 , Out:   0.000#   1.601   35.093f

 Allocate arrays for            6  channels, of which            6  need wfs.

 Total SPIN, PARITY =     2.5 +,      6 chs,      6 cc.  Rmin & Coul turning =    0.1    2.2
   S-matrix    1 =   -0.12215  -0.32321 for L=    2, J=    2.5 channel on core I =   0.0 from L=    2,  Acc. loss =  0.0 D.
 Elastic phase shift   1 =  -55.352  30.444 deg. for the L =    2, J =    2.5 channel.
       2.5 -0.12215046 -0.32320859i: elastic S-matrix  @@      0.01  0   0 F  0
 Reaction Xsec     2.5+/ 2 @ 1 =  54.286 , Out:   0.000#   2.773   51.513f


 Total SPIN, PARITY =     2.5 -,      6 chs,      6 cc.  Rmin & Coul turning =    0.1    2.2
   S-matrix    1 =   -0.31079  -0.08410 for L=    3, J=    2.5 channel on core I =   0.0 from L=    3,  Acc. loss =  0.0 D.
 Elastic phase shift   1 =  -82.429  32.466 deg. for the L =    3, J =    2.5 channel.
       2.5 -0.31079373 -0.08410059i: elastic S-matrix  @@      0.01  0   0 F  0
 Reaction Xsec     2.5-/ 3 @ 1 =  55.254 , Out:   0.000#   2.050   53.204f


 Total SPIN, PARITY =     3.5 +,      6 chs,      6 cc.  Rmin & Coul turning =    0.1    3.0
   S-matrix    1 =   -0.02756   0.16518 for L=    4, J=    3.5 channel on core I =   0.0 from L=    4,  Acc. loss =  0.0 D.
 Elastic phase shift   1 =   49.737  51.194 deg. for the L =    4, J =    3.5 channel.
       3.5 -0.02756125  0.16517702i: elastic S-matrix  @@      0.01  0   0 F  0
 Reaction Xsec     3.5+/ 4 @ 1 =  79.888 , Out:   0.000#   4.333   75.555f


 Total SPIN, PARITY =     3.5 -,      6 chs,      6 cc.  Rmin & Coul turning =    0.1    3.0
   S-matrix    1 =   -0.26872  -0.24734 for L=    3, J=    3.5 channel on core I =   0.0 from L=    3,  Acc. loss =  0.0 D.
 Elastic phase shift   1 =  -68.686  28.856 deg. for the L =    3, J =    3.5 channel.
       3.5 -0.26871869 -0.24734104i: elastic S-matrix  @@      0.01  0   0 F  0
 Reaction Xsec     3.5-/ 3 @ 1 =  71.230 , Out:   0.000#   2.410   68.820f


 Total SPIN, PARITY =     4.5 +,      6 chs,      6 cc.  Rmin & Coul turning =    0.2    3.8
   S-matrix    1 =   -0.15445   0.04592 for L=    4, J=    4.5 channel on core I =   0.0 from L=    4,  Acc. loss =  0.0 D.
 Elastic phase shift   1 =   81.720  52.298 deg. for the L =    4, J =    4.5 channel.
       4.5 -0.15444822  0.04592314i: elastic S-matrix  @@      0.01  0   0 F  0
 Reaction Xsec     4.5+/ 4 @ 1 = 100.074 , Out:   0.000#   4.866   95.209f


 Total SPIN, PARITY =     4.5 -,      6 chs,      6 cc.  Rmin & Coul turning =    0.2    3.8
   S-matrix    1 =    0.45626   0.26526 for L=    5, J=    4.5 channel on core I =   0.0 from L=    5,  Acc. loss =  0.0 D.
 Elastic phase shift   1 =   15.086  18.309 deg. for the L =    5, J =    4.5 channel.
       4.5  0.45626147  0.26525663i: elastic S-matrix  @@      0.01  0   0 F  0
 Reaction Xsec     4.5-/ 5 @ 1 =  74.124 , Out:   0.000#   3.619   70.505f


 Total SPIN, PARITY =     5.5 +,      6 chs,      6 cc.  Rmin & Coul turning =    0.2    4.6
   S-matrix    1 =    0.79614   0.17408 for L=    6, J=    5.5 channel on core I =   0.0 from L=    6,  Acc. loss =  0.0 D.
 Elastic phase shift   1 =    6.167   5.862 deg. for the L =    6, J =    5.5 channel.
       5.5  0.79614147  0.17407958i: elastic S-matrix  @@      0.01  0   0 F  0
 Reaction Xsec     5.5+/ 6 @ 1 =  41.408 , Out:   0.000#   2.236   39.172f


 Total SPIN, PARITY =     5.5 -,      6 chs,      6 cc.  Rmin & Coul turning =    0.2    4.6
   S-matrix    1 =    0.32209   0.30085 for L=    5, J=    5.5 channel on core I =   0.0 from L=    5,  Acc. loss =  0.0 D.
 Elastic phase shift   1 =   21.523  23.471 deg. for the L =    5, J =    5.5 channel.
       5.5  0.32208918  0.30084548i: elastic S-matrix  @@      0.00  0   0 F  0
 Reaction Xsec     5.5-/ 5 @ 1 =  99.341 , Out:   0.000#   4.738   94.603f


 Total SPIN, PARITY =     6.5 +,      6 chs,      6 cc.  Rmin & Coul turning =    0.3    5.4
   S-matrix    1 =    0.75809   0.23115 for L=    6, J=    6.5 channel on core I =   0.0 from L=    6,  Acc. loss =  0.0 D.
 Elastic phase shift   1 =    8.479   6.661 deg. for the L =    6, J =    6.5 channel.
       6.5  0.75809272  0.23115276i: elastic S-matrix  @@      0.00  0   0 F  0
 Reaction Xsec     6.5+/ 6 @ 1 =  53.488 , Out:   0.000#   2.586   50.902f


 Total SPIN, PARITY =     6.5 -,      6 chs,      6 cc.  Rmin & Coul turning =    0.3    5.4
   S-matrix    1 =    0.93219   0.08099 for L=    7, J=    6.5 channel on core I =   0.0 from L=    7,  Acc. loss =  0.1 D.
 Elastic phase shift   1 =    2.483   1.904 deg. for the L =    7, J =    6.5 channel.
       6.5  0.93218584  0.08098894i: elastic S-matrix  @@      0.00  0   0 F  0
 Reaction Xsec     6.5-/ 7 @ 1 =  17.904 , Out:   0.000#   0.902   17.001f


 Total SPIN, PARITY =     7.5 +,      6 chs,      6 cc.  Rmin & Coul turning =    0.3    6.2
   S-matrix    1 =    0.97858   0.03324 for L=    8, J=    7.5 channel on core I =   0.0 from L=    8,  Acc. loss =  0.0 D.
 Elastic phase shift   1 =    0.973   0.604 deg. for the L =    8, J =    7.5 channel.
       7.5  0.97857588  0.03324354i: elastic S-matrix  @@      0.00  0   0 F  0
 Reaction Xsec     7.5+/ 8 @ 1 =   6.787 , Out:   0.000#   0.182    6.605f


 Total SPIN, PARITY =     7.5 -,      6 chs,      6 cc.  Rmin & Coul turning =    0.3    6.2
   S-matrix    1 =    0.92557   0.10670 for L=    7, J=    7.5 channel on core I =   0.0 from L=    7,  Acc. loss =  0.1 D.
 Elastic phase shift   1 =    3.288   2.027 deg. for the L =    7, J =    7.5 channel.
       7.5  0.92557017  0.10670115i: elastic S-matrix  @@      0.00  0   0 F  0
 Reaction Xsec     7.5-/ 7 @ 1 =  21.688 , Out:   0.000#   1.123   20.566f


 Total SPIN, PARITY =     8.5 +,      6 chs,      6 cc.  Rmin & Coul turning =    0.4    7.0
   S-matrix    1 =    0.97751   0.04319 for L=    8, J=    8.5 channel on core I =   0.0 from L=    8,  Acc. loss =  0.0 D.
 Elastic phase shift   1 =    1.265   0.624 deg. for the L =    8, J =    8.5 channel.
       8.5  0.97751429  0.04319452i: elastic S-matrix  @@      0.00  0   0 F  0
 Reaction Xsec     8.5+/ 8 @ 1 =   7.878 , Out:   0.000#   0.222    7.656f


 Total SPIN, PARITY =     8.5 -,      6 chs,      6 cc.  Rmin & Coul turning =    0.4    7.0
   S-matrix    1 =    0.99331   0.01279 for L=    9, J=    8.5 channel on core I =   0.0 from L=    9,  Acc. loss =  0.0 D.
 Elastic phase shift   1 =    0.369   0.190 deg. for the L =    9, J =    8.5 channel.
       8.5  0.99331144  0.01279151i: elastic S-matrix  @@      0.00  0   0 F  0
 Reaction Xsec     8.5-/ 9 @ 1 =   2.435 , Out:   0.000#   0.024    2.411f


 Total SPIN, PARITY =     9.5 +,      6 chs,      6 cc.  Rmin & Coul turning =    0.4    7.8
   S-matrix    1 =    0.99789   0.00480 for L=   10, J=    9.5 channel on core I =   0.0 from L=   10,  Acc. loss =  0.0 D.
 Elastic phase shift   1 =    0.138   0.060 deg. for the L =   10, J =    9.5 channel.
       9.5  0.99789182  0.00479729i: elastic S-matrix  @@      0.00  0   0 F  0
 Reaction Xsec     9.5+/10 @ 1 =   0.861 , Out:   0.000#   2.325/   0.858f


 Total SPIN, PARITY =     9.5 -,      6 chs,      6 cc.  Rmin & Coul turning =    0.4    7.8
   S-matrix    1 =    0.99316   0.01651 for L=    9, J=    9.5 channel on core I =   0.0 from L=    9,  Acc. loss =  0.0 D.
 Elastic phase shift   1 =    0.476   0.193 deg. for the L =    9, J =    9.5 channel.
       9.5  0.99315892  0.01650660i: elastic S-matrix  @@      0.00  0   0 F  0
 Reaction Xsec     9.5-/ 9 @ 1 =   2.746 , Out:   0.000#   0.028    2.717f


 Total SPIN, PARITY =    10.5 +,      6 chs,      6 cc.  Rmin & Coul turning =    0.5    8.7
   S-matrix    1 =    0.99787   0.00618 for L=   10, J=   10.5 channel on core I =   0.0 from L=   10,  Acc. loss =  0.0 D.
 Elastic phase shift   1 =    0.177   0.061 deg. for the L =   10, J =   10.5 channel.
      10.5  0.99787050  0.00617665i: elastic S-matrix  @@      0.00  0   0 F  0
 Reaction Xsec    10.5+/10 @ 1 =   0.953 , Out:   0.000#   2.624/   0.950f


 Total SPIN, PARITY =    10.5 -,      6 chs,      6 cc.  Rmin & Coul turning =    0.5    8.7
   S-matrix    1 =    0.99933   0.00178 for L=   11, J=   10.5 channel on core I =   0.0 from L=   11,  Acc. loss =  0.0 D.
 Elastic phase shift   1 =    0.051   0.019 deg. for the L =   11, J =   10.5 channel.
      10.5  0.99932991  0.00178219i: elastic S-matrix  @@      0.00  0   0 F  0
 Reaction Xsec    10.5-/11 @ 1 =   0.302 , Out:   0.000#   0.144/   0.302f


 Total SPIN, PARITY =    11.5 +,      6 chs,      6 cc.  Rmin & Coul turning =    0.5    9.5
   S-matrix    1 =    0.99979   0.00066 for L=   12, J=   11.5 channel on core I =   0.0 from L=   12,  Acc. loss =  0.0 D.
 Elastic phase shift   1 =    0.019   0.006 deg. for the L =   12, J =   11.5 channel.
      11.5  0.99978603  0.00065924i: elastic S-matrix  @@      0.00  0   0 F  0
 Reaction Xsec    11.5+/12 @ 1 =   0.105 , Out:   0.000#   0.139/   0.105f


 Total SPIN, PARITY =    11.5 -,      6 chs,      6 cc.  Rmin & Coul turning =    0.5    9.5
   S-matrix    1 =    0.99933   0.00229 for L=   11, J=   11.5 channel on core I =   0.0 from L=   11,  Acc. loss =  0.0 D.
 Elastic phase shift   1 =    0.066   0.019 deg. for the L =   11, J =   11.5 channel.
      11.5  0.99932693  0.00229431i: elastic S-matrix  @@      0.00  0   0 F  0
 Reaction Xsec    11.5-/11 @ 1 =   0.331 , Out:   0.000#   0.159/   0.330f


 Total SPIN, PARITY =    12.5 +,      6 chs,      6 cc.  Rmin & Coul turning =    0.6   10.3
   S-matrix    1 =    0.99979   0.00085 for L=   12, J=   12.5 channel on core I =   0.0 from L=   12,  Acc. loss =  0.0 D.
 Elastic phase shift   1 =    0.024   0.006 deg. for the L =   12, J =   12.5 channel.
      12.5  0.99978561  0.00084919i: elastic S-matrix  @@      0.00  0   0 F  0
 Reaction Xsec    12.5+/12 @ 1 =   0.114 , Out:   0.000#   0.150/   0.114f


 Total SPIN, PARITY =    12.5 -,      6 chs,      6 cc.  Rmin & Coul turning =    0.6   10.3
   S-matrix    1 =    0.99993   0.00024 for L=   13, J=   12.5 channel on core I =   0.0 from L=   13,  Acc. loss =  0.0 D.
 Elastic phase shift   1 =    0.007   0.002 deg. for the L =   13, J =   12.5 channel.
      12.5  0.99993145  0.00024322i: elastic S-matrix  @@      0.00  0   0 F  0
 Reaction Xsec    12.5-/13 @ 1 =   0.037 , Out:   0.000#   0.206/   0.036f


 Total SPIN, PARITY =    13.5 +,      6 chs,      6 cc.  Rmin & Coul turning =    0.6   11.1
   S-matrix    1 =    0.99998   0.00009 for L=   14, J=   13.5 channel on core I =   0.0 from L=   14,  Acc. loss =  0.0 D.
 Elastic phase shift   1 =    0.003   0.001 deg. for the L =   14, J =   13.5 channel.
      13.5  0.99997791  0.00008958i: elastic S-matrix  @@      0.00  0   0 F  0
 Reaction Xsec    13.5+/14 @ 1 =   0.013 , Out:   0.000#   0.211/   0.012f


 Total SPIN, PARITY =    13.5 -,      6 chs,      6 cc.  Rmin & Coul turning =    0.6   11.1
   S-matrix    1 =    0.99993   0.00031 for L=   13, J=   13.5 channel on core I =   0.0 from L=   13,  Acc. loss =  0.0 D.
 Elastic phase shift   1 =    0.009   0.002 deg. for the L =   13, J =   13.5 channel.
      13.5  0.99993139  0.00031355i: elastic S-matrix  @@      0.00  0   0 F  0
 Reaction Xsec    13.5-/13 @ 1 =   0.039 , Out:   0.000#   0.222/   0.039f


 Total SPIN, PARITY =    14.5 +,      6 chs,      6 cc.  Rmin & Coul turning =    0.7   11.9
   S-matrix    1 =    0.99998   0.00012 for L=   14, J=   14.5 channel on core I =   0.0 from L=   14,  Acc. loss =  0.0 D.
 Elastic phase shift   1 =    0.003   0.001 deg. for the L =   14, J =   14.5 channel.
      14.5  0.99997790  0.00011556i: elastic S-matrix  @@      0.00  0   0 F  0
 Reaction Xsec    14.5+/14 @ 1 =   0.014 , Out:   0.000#   0.226/   0.013f


 Total SPIN, PARITY =    14.5 -,      6 chs,      6 cc.  Rmin & Coul turning =    0.7   11.9
   S-matrix    1 =    0.99999   0.00003 for L=   15, J=   14.5 channel on core I =   0.0 from L=   15,  Acc. loss =  0.0 D.
 Elastic phase shift   1 =    0.001   0.000 deg. for the L =   15, J =   14.5 channel.
      14.5  0.99999278  0.00003297i: elastic S-matrix  @@      0.00  0   0 F  0
 Reaction Xsec    14.5-/15 @ 1 =   4.450/, Out:   0.000#   0.189/   0.004f


 Total SPIN, PARITY =    15.5 +,      6 chs,      6 cc.  Rmin & Coul turning =    0.7   12.7
   S-matrix    1 =    1.00000   0.00001 for L=   16, J=   15.5 channel on core I =   0.0 from L=   16,  Acc. loss =  0.0 D.
 Elastic phase shift   1 =    0.000   0.000 deg. for the L =   16, J =   15.5 channel.
      15.5  0.99999756  0.00001214i: elastic S-matrix  @@      0.00  0   0 F  0
 Reaction Xsec    15.5+/16 @ 1 =   1.606/, Out:   0.000#   0.162/   0.001f


 Total SPIN, PARITY =    15.5 -,      6 chs,      6 cc.  Rmin & Coul turning =    0.7   12.7
   S-matrix    1 =    0.99999   0.00004 for L=   15, J=   15.5 channel on core I =   0.0 from L=   15,  Acc. loss =  0.0 D.
 Elastic phase shift   1 =    0.001   0.000 deg. for the L =   15, J =   15.5 channel.
      15.5  0.99999278  0.00004254i: elastic S-matrix  @@      0.00  0   0 F  0
 Reaction Xsec    15.5-/15 @ 1 =   4.747/, Out:   0.000#   0.202/   0.005f


 Total SPIN, PARITY =    16.5 +,      6 chs,      6 cc.  Rmin & Coul turning =    0.8   13.5
   S-matrix    1 =    1.00000   0.00002 for L=   16, J=   16.5 channel on core I =   0.0 from L=   16,  Acc. loss =  0.0 D.
 Elastic phase shift   1 =    0.000   0.000 deg. for the L =   16, J =   16.5 channel.
      16.5  0.99999756  0.00001567i: elastic S-matrix  @@      0.00  0   0 F  0
 Reaction Xsec    16.5+/16 @ 1 =   1.707/, Out:   0.000#   0.172/   0.002f


 Total SPIN, PARITY =    16.5 -,      6 chs,      6 cc.  Rmin & Coul turning =    0.8   13.5
   S-matrix    1 =    1.00000   0.00000 for L=   17, J=   16.5 channel on core I =   0.0 from L=   17,  Acc. loss =  0.0 D.
 Elastic phase shift   1 =    0.000   0.000 deg. for the L =   17, J =   16.5 channel.
      16.5  0.99999911  0.00000450i: elastic S-matrix  @@      0.00  0   0 F  0
 Reaction Xsec    16.5-/17 @ 1 =   0.623/, Out:   0.000#   0.137/   0.000f


 Total SPIN, PARITY =    17.5 +,      6 chs,      6 cc.  Rmin & Coul turning =    0.8   14.3
   S-matrix    1 =    1.00000   0.00000 for L=   18, J=   17.5 channel on core I =   0.0 from L=   18,  Acc. loss =  0.0 D.
 Elastic phase shift   1 =    0.000   0.000 deg. for the L =   18, J =   17.5 channel.
      17.5  0.99999962  0.00000169i: elastic S-matrix  @@      0.00  0   0 F  0
 Reaction Xsec    17.5+/18 @ 1 =   0.278/, Out:   0.000#   0.115/   0.000f


 Total SPIN, PARITY =    17.5 -,      6 chs,      6 cc.  Rmin & Coul turning =    0.8   14.3
   S-matrix    1 =    1.00000   0.00001 for L=   17, J=   17.5 channel on core I =   0.0 from L=   17,  Acc. loss =  0.0 D.
 Elastic phase shift   1 =    0.000   0.000 deg. for the L =   17, J =   17.5 channel.
      17.5  0.99999911  0.00000579i: elastic S-matrix  @@      0.00  0   0 F  0
 Reaction Xsec    17.5-/17 @ 1 =   0.660/, Out:   0.000#   0.145/   0.001f


 Total SPIN, PARITY =    18.5 +,      6 chs,      6 cc.  Rmin & Coul turning =    0.8   15.1
   S-matrix    1 =    1.00000   0.00000 for L=   18, J=   18.5 channel on core I =   0.0 from L=   18,  Acc. loss =  0.0 D.
 Elastic phase shift   1 =    0.000   0.000 deg. for the L =   18, J =   18.5 channel.
      18.5  0.99999962  0.00000216i: elastic S-matrix  @@      0.00  0   0 F  0
 Reaction Xsec    18.5+/18 @ 1 =   0.294/, Out:   0.000#   0.121/   0.000f


 Total SPIN, PARITY =    18.5 -,      6 chs,      6 cc.  Rmin & Coul turning =    0.8   15.1
   S-matrix    1 =    1.00000   0.00000 for L=   19, J=   18.5 channel on core I =   0.0 from L=   19,  Acc. loss =  0.0 D.
 Elastic phase shift   1 =    0.000   0.000 deg. for the L =   19, J =   18.5 channel.
      18.5  0.99999981  0.00000065i: elastic S-matrix  @@      0.00  0   0 F  0
 Reaction Xsec    18.5-/19 @ 1 =   0.151/, Out:   0.000#   0.097/   0.000f


 Total SPIN, PARITY =    19.5 +,      6 chs,      6 cc.  Rmin & Coul turning =    0.9   15.9
   S-matrix    1 =    1.00000   0.00000 for L=   20, J=   19.5 channel on core I =   0.0 from L=   20,  Acc. loss =  0.0 D.
 Elastic phase shift   1 =    0.000   0.000 deg. for the L =   20, J =   19.5 channel.
      19.5  0.99999988  0.00000027i: elastic S-matrix  @@      0.00  0   0 F  0
 Reaction Xsec    19.5+/20 @ 1 =   0.100/, Out:   0.000#   0.082/   0.000f


 Total SPIN, PARITY =    19.5 -,      6 chs,      6 cc.  Rmin & Coul turning =    0.9   15.9
   S-matrix    1 =    1.00000   0.00000 for L=   19, J=   19.5 channel on core I =   0.0 from L=   19,  Acc. loss =  0.0 D.
 Elastic phase shift   1 =    0.000   0.000 deg. for the L =   19, J =   19.5 channel.
      19.5  0.99999981  0.00000083i: elastic S-matrix  @@      0.00  0   0 F  0
 Reaction Xsec    19.5-/19 @ 1 =   0.159/, Out:   0.000#   0.102/   0.000f


 Total SPIN, PARITY =    20.5 +,      6 chs,      6 cc.  Rmin & Coul turning =    1.0   16.7
   S-matrix    1 =    1.00000   0.00000 for L=   20, J=   20.5 channel on core I =   0.0 from L=   20,  Acc. loss =  0.0 D.
 Elastic phase shift   1 =    0.000   0.000 deg. for the L =   20, J =   20.5 channel.
      20.5  0.99999988  0.00000033i: elastic S-matrix  @@      0.00  0   0 F  0
 Reaction Xsec    20.5+/20 @ 1 =   0.105/, Out:   0.000#   0.086/   0.000f


 Total SPIN, PARITY =    20.5 -,      6 chs,      6 cc.  Rmin & Coul turning =    1.0   16.7
   S-matrix    1 =    1.00000   0.00000 for L=   21, J=   20.5 channel on core I =   0.0 from L=   21,  Acc. loss =  0.0 D.
 Elastic phase shift   1 =    0.000   0.000 deg. for the L =   21, J =   20.5 channel.
      20.5  0.99999991  0.00000013i: elastic S-matrix  @@      0.00  0   0 F  0
 Reaction Xsec    20.5-/21 @ 1 =   0.075/, Out:   0.000#   0.069/   0.000f


 Total SPIN, PARITY =    21.5 +,      6 chs,      6 cc.  Rmin & Coul turning =    1.0   17.6
   S-matrix    1 =    1.00000   0.00000 for L=   22, J=   21.5 channel on core I =   0.0 from L=   22,  Acc. loss =  0.0 D.
 Elastic phase shift   1 =    0.000   0.000 deg. for the L =   22, J =   21.5 channel.
      21.5  0.99999993  0.00000007i: elastic S-matrix  @@      0.00  0   0 F  0
 Reaction Xsec    21.5+/22 @ 1 =   0.061/, Out:   0.000#   0.059/   0.000f


 Total SPIN, PARITY =    21.5 -,      6 chs,      6 cc.  Rmin & Coul turning =    1.0   17.6
   S-matrix    1 =    1.00000   0.00000 for L=   21, J=   21.5 channel on core I =   0.0 from L=   21,  Acc. loss =  0.0 D.
 Elastic phase shift   1 =    0.000   0.000 deg. for the L =   21, J =   21.5 channel.
      21.5  0.99999991  0.00000015i: elastic S-matrix  @@      0.00  0   0 F  0
 Reaction Xsec    21.5-/21 @ 1 =   0.079/, Out:   0.000#   0.073/   0.000f


 Total SPIN, PARITY =    22.5 +,      6 chs,      6 cc.  Rmin & Coul turning =    1.1   18.4
   S-matrix    1 =    1.00000   0.00000 for L=   22, J=   22.5 channel on core I =   0.0 from L=   22,  Acc. loss =  0.0 D.
 Elastic phase shift   1 =    0.000   0.000 deg. for the L =   22, J =   22.5 channel.
      22.5  0.99999993  0.00000008i: elastic S-matrix  @@      0.00  0   0 F  0
 Reaction Xsec    22.5+/22 @ 1 =   0.064/, Out:   0.000#   0.062/   0.000f


 Total SPIN, PARITY =    22.5 -,      6 chs,      6 cc.  Rmin & Coul turning =    1.1   18.4
   S-matrix    1 =    1.00000   0.00000 for L=   23, J=   22.5 channel on core I =   0.0 from L=   23,  Acc. loss =  0.0 D.
 Elastic phase shift   1 =    0.000   0.000 deg. for the L =   23, J =   22.5 channel.
      22.5  0.99999995  0.00000005i: elastic S-matrix  @@      0.00  0   0 F  0
 Reaction Xsec    22.5-/23 @ 1 =   0.051/, Out:   0.000#   0.050/   0.000f


 Total SPIN, PARITY =    23.5 +,      6 chs,      6 cc.  Rmin & Coul turning =    1.1   19.2
   S-matrix    1 =    1.00000   0.00000 for L=   24, J=   23.5 channel on core I =   0.0 from L=   24,  Acc. loss =  0.0 D.
 Elastic phase shift   1 =    0.000   0.000 deg. for the L =   24, J =   23.5 channel.
      23.5  0.99999996  0.00000004i: elastic S-matrix  @@      0.00  0   0 F  0
 Reaction Xsec    23.5+/24 @ 1 =   0.043/, Out:   0.000#   0.043/   0.000f


 Total SPIN, PARITY =    23.5 -,      6 chs,      6 cc.  Rmin & Coul turning =    1.1   19.2
   S-matrix    1 =    1.00000   0.00000 for L=   23, J=   23.5 channel on core I =   0.0 from L=   23,  Acc. loss =  0.0 D.
 Elastic phase shift   1 =    0.000   0.000 deg. for the L =   23, J =   23.5 channel.
      23.5  0.99999995  0.00000005i: elastic S-matrix  @@      0.00  0   0 F  0
 Reaction Xsec    23.5-/23 @ 1 =   0.053/, Out:   0.000#   0.053/   0.000f


 Total SPIN, PARITY =    24.5 +,      6 chs,      6 cc.  Rmin & Coul turning =    1.1   20.0
   S-matrix    1 =    1.00000   0.00000 for L=   24, J=   24.5 channel on core I =   0.0 from L=   24,  Acc. loss =  0.0 D.
 Elastic phase shift   1 =    0.000   0.000 deg. for the L =   24, J =   24.5 channel.
      24.5  0.99999996  0.00000004i: elastic S-matrix  @@      0.00  0   0 F  0
 Reaction Xsec    24.5+/24 @ 1 =   0.045/, Out:   0.000#   0.045/   0.000f


 Total SPIN, PARITY =    24.5 -,      6 chs,      6 cc.  Rmin & Coul turning =    1.1   20.0
   S-matrix    1 =    1.00000   0.00000 for L=   25, J=   24.5 channel on core I =   0.0 from L=   25,  Acc. loss =  0.0 D.
 Elastic phase shift   1 =    0.000   0.000 deg. for the L =   25, J =   24.5 channel.
      24.5  0.99999996  0.00000003i: elastic S-matrix  @@      0.00  0   0 F  0
 Reaction Xsec    24.5-/25 @ 1 =   0.037/, Out:   0.000#   0.037/   0.000f


 Total SPIN, PARITY =    25.5 +,      6 chs,      6 cc.  Rmin & Coul turning =    1.2   20.8
   S-matrix    1 =    1.00000   0.00000 for L=   26, J=   25.5 channel on core I =   0.0 from L=   26,  Acc. loss =  0.0 D.
 Elastic phase shift   1 =    0.000   0.000 deg. for the L =   26, J =   25.5 channel.
      25.5  0.99999997  0.00000003i: elastic S-matrix  @@      0.00  0   0 F  0
 Reaction Xsec    25.5+/26 @ 1 =   0.032/, Out:   0.000#   0.032/   0.000f


 Total SPIN, PARITY =    25.5 -,      6 chs,      6 cc.  Rmin & Coul turning =    1.2   20.8
   S-matrix    1 =    1.00000   0.00000 for L=   25, J=   25.5 channel on core I =   0.0 from L=   25,  Acc. loss =  0.0 D.
 Elastic phase shift   1 =    0.000   0.000 deg. for the L =   25, J =   25.5 channel.
      25.5  0.99999996  0.00000003i: elastic S-matrix  @@      0.00  0   0 F  0
 Reaction Xsec    25.5-/25 @ 1 =   0.039/, Out:   0.000#   0.038/   0.000f


 Total SPIN, PARITY =    26.5 +,      6 chs,      6 cc.  Rmin & Coul turning =    1.2   21.6
   S-matrix    1 =    1.00000   0.00000 for L=   26, J=   26.5 channel on core I =   0.0 from L=   26,  Acc. loss =  0.0 D.
 Elastic phase shift   1 =    0.000   0.000 deg. for the L =   26, J =   26.5 channel.
      26.5  0.99999997  0.00000003i: elastic S-matrix  @@      0.00  0   0 F  0
 Reaction Xsec    26.5+/26 @ 1 =   0.033/, Out:   0.000#   0.033/   0.000f


 Total SPIN, PARITY =    26.5 -,      6 chs,      6 cc.  Rmin & Coul turning =    1.2   21.6
   S-matrix    1 =    1.00000   0.00000 for L=   27, J=   26.5 channel on core I =   0.0 from L=   27,  Acc. loss =  0.0 D.
 Elastic phase shift   1 =    0.000   0.000 deg. for the L =   27, J =   26.5 channel.
      26.5  0.99999998  0.00000002i: elastic S-matrix  @@      0.00  0   0 F  0
 Reaction Xsec    26.5-/27 @ 1 =   0.027/, Out:   0.000#   0.027/   0.000f


 Total SPIN, PARITY =    27.5 +,      6 chs,      6 cc.  Rmin & Coul turning =    1.3   22.4
   S-matrix    1 =    1.00000   0.00000 for L=   28, J=   27.5 channel on core I =   0.0 from L=   28,  Acc. loss =  0.0 D.
 Elastic phase shift   1 =    0.000   0.000 deg. for the L =   28, J =   27.5 channel.
      27.5  0.99999998  0.00000002i: elastic S-matrix  @@      0.00  0   0 F  0
 Reaction Xsec    27.5+/28 @ 1 =   0.024/, Out:   0.000#   0.024/   0.000f


 Total SPIN, PARITY =    27.5 -,      6 chs,      6 cc.  Rmin & Coul turning =    1.3   22.4
   S-matrix    1 =    1.00000   0.00000 for L=   27, J=   27.5 channel on core I =   0.0 from L=   27,  Acc. loss =  0.0 D.
 Elastic phase shift   1 =    0.000   0.000 deg. for the L =   27, J =   27.5 channel.
      27.5  0.99999998  0.00000002i: elastic S-matrix  @@      0.00  0   0 F  0
 Reaction Xsec    27.5-/27 @ 1 =   0.028/, Out:   0.000#   0.028/   0.000f


 Total SPIN, PARITY =    28.5 +,      6 chs,      6 cc.  Rmin & Coul turning =    1.3   23.2
   S-matrix    1 =    1.00000   0.00000 for L=   28, J=   28.5 channel on core I =   0.0 from L=   28,  Acc. loss =  0.0 D.
 Elastic phase shift   1 =    0.000   0.000 deg. for the L =   28, J =   28.5 channel.
      28.5  0.99999998  0.00000002i: elastic S-matrix  @@      0.00  0   0 F  0
 Reaction Xsec    28.5+/28 @ 1 =   0.025/, Out:   0.000#   0.025/   0.000f


 Total SPIN, PARITY =    28.5 -,      6 chs,      6 cc.  Rmin & Coul turning =    1.3   23.2
   S-matrix    1 =    1.00000   0.00000 for L=   29, J=   28.5 channel on core I =   0.0 from L=   29,  Acc. loss =  0.0 D.
 Elastic phase shift   1 =    0.000   0.000 deg. for the L =   29, J =   28.5 channel.
      28.5  0.99999998  0.00000002i: elastic S-matrix  @@      0.00  0   0 F  0
 Reaction Xsec    28.5-/29 @ 1 =   0.021/, Out:   0.000#   0.021/   0.000f


 Total SPIN, PARITY =    29.5 +,      6 chs,      6 cc.  Rmin & Coul turning =    1.4   24.0
   S-matrix    1 =    1.00000   0.00000 for L=   30, J=   29.5 channel on core I =   0.0 from L=   30,  Acc. loss =  0.0 D.
 Elastic phase shift   1 =    0.000   0.000 deg. for the L =   30, J =   29.5 channel.
      29.5  0.99999999  0.00000002i: elastic S-matrix  @@      0.00  0   0 F  0
 Reaction Xsec    29.5+/30 @ 1 =   0.018/, Out:   0.000#   0.018/   0.000f


 Total SPIN, PARITY =    29.5 -,      6 chs,      6 cc.  Rmin & Coul turning =    1.4   24.0
   S-matrix    1 =    1.00000   0.00000 for L=   29, J=   29.5 channel on core I =   0.0 from L=   29,  Acc. loss =  0.0 D.
 Elastic phase shift   1 =    0.000   0.000 deg. for the L =   29, J =   29.5 channel.
      29.5  0.99999998  0.00000002i: elastic S-matrix  @@      0.00  0   0 F  0
 Reaction Xsec    29.5-/29 @ 1 =   0.021/, Out:   0.000#   0.021/   0.000f


 Total SPIN, PARITY =    30.5 +,      6 chs,      6 cc.  Rmin & Coul turning =    1.4   24.8
   S-matrix    1 =    1.00000   0.00000 for L=   30, J=   30.5 channel on core I =   0.0 from L=   30,  Acc. loss =  0.0 D.
 Elastic phase shift   1 =    0.000   0.000 deg. for the L =   30, J =   30.5 channel.
      30.5  0.99999999  0.00000002i: elastic S-matrix  @@      0.00  0   0 F  0
 Reaction Xsec    30.5+/30 @ 1 =   0.018/, Out:   0.000#   0.018/   0.000f


 Total SPIN, PARITY =    30.5 -,      6 chs,      6 cc.  Rmin & Coul turning =    1.4   24.8
   S-matrix    1 =    1.00000   0.00000 for L=   31, J=   30.5 channel on core I =   0.0 from L=   31,  Acc. loss =  0.0 D.
 Elastic phase shift   1 =    0.000   0.000 deg. for the L =   31, J =   30.5 channel.
      30.5  0.99999999  0.00000001i: elastic S-matrix  @@      0.00  0   0 F  0
 Reaction Xsec    30.5-/31 @ 1 =   0.016/, Out:   0.000#   0.016/   0.000f


 Total SPIN, PARITY =    31.5 +,      6 chs,      6 cc.  Rmin & Coul turning =    1.5   25.6
   S-matrix    1 =    1.00000   0.00000 for L=   32, J=   31.5 channel on core I =   0.0 from L=   32,  Acc. loss =  0.0 D.
 Elastic phase shift   1 =    0.000   0.000 deg. for the L =   32, J =   31.5 channel.
      31.5  0.99999999  0.00000001i: elastic S-matrix  @@      0.00  0   0 F  0
 Reaction Xsec    31.5+/32 @ 1 =   0.014/, Out:   0.000#   0.014/   0.000f


 Total SPIN, PARITY =    31.5 -,      6 chs,      6 cc.  Rmin & Coul turning =    1.5   25.6
   S-matrix    1 =    1.00000   0.00000 for L=   31, J=   31.5 channel on core I =   0.0 from L=   31,  Acc. loss =  0.0 D.
 Elastic phase shift   1 =    0.000   0.000 deg. for the L =   31, J =   31.5 channel.
      31.5  0.99999999  0.00000001i: elastic S-matrix  @@      0.00  0   0 F  0
 Reaction Xsec    31.5-/31 @ 1 =   0.016/, Out:   0.000#   0.016/   0.000f


 Total SPIN, PARITY =    32.5 +,      6 chs,      6 cc.  Rmin & Coul turning =    1.5   26.5
   S-matrix    1 =    1.00000   0.00000 for L=   32, J=   32.5 channel on core I =   0.0 from L=   32,  Acc. loss =  0.0 D.
 Elastic phase shift   1 =    0.000   0.000 deg. for the L =   32, J =   32.5 channel.
      32.5  0.99999999  0.00000001i: elastic S-matrix  @@      0.00  0   0 F  0
 Reaction Xsec    32.5+/32 @ 1 =   0.014/, Out:   0.000#   0.014/   0.000f


 Total SPIN, PARITY =    32.5 -,      6 chs,      6 cc.  Rmin & Coul turning =    1.5   26.5
   S-matrix    1 =    1.00000   0.00000 for L=   33, J=   32.5 channel on core I =   0.0 from L=   33,  Acc. loss =  0.0 D.
 Elastic phase shift   1 =    0.000   0.000 deg. for the L =   33, J =   32.5 channel.
      32.5  0.99999999  0.00000001i: elastic S-matrix  @@      0.00  0   0 F  0
 Reaction Xsec    32.5-/33 @ 1 =   0.012/, Out:   0.000#   0.012/   0.000f


 Total SPIN, PARITY =    33.5 +,      6 chs,      6 cc.  Rmin & Coul turning =    1.6   27.3
   S-matrix    1 =    1.00000   0.00000 for L=   34, J=   33.5 channel on core I =   0.0 from L=   34,  Acc. loss =  0.0 D.
 Elastic phase shift   1 =    0.000   0.000 deg. for the L =   34, J =   33.5 channel.
      33.5  0.99999999  0.00000001i: elastic S-matrix  @@      0.00  0   0 F  0
 Reaction Xsec    33.5+/34 @ 1 =   0.010/, Out:   0.000#   0.010/   0.000f


 Total SPIN, PARITY =    33.5 -,      6 chs,      6 cc.  Rmin & Coul turning =    1.6   27.3
   S-matrix    1 =    1.00000   0.00000 for L=   33, J=   33.5 channel on core I =   0.0 from L=   33,  Acc. loss =  0.0 D.
 Elastic phase shift   1 =    0.000   0.000 deg. for the L =   33, J =   33.5 channel.
      33.5  0.99999999  0.00000001i: elastic S-matrix  @@      0.00  0   0 F  0
 Reaction Xsec    33.5-/33 @ 1 =   0.012/, Out:   0.000#   0.012/   0.000f


 Total SPIN, PARITY =    34.5 +,      6 chs,      6 cc.  Rmin & Coul turning =    1.6   28.1
   S-matrix    1 =    1.00000   0.00000 for L=   34, J=   34.5 channel on core I =   0.0 from L=   34,  Acc. loss =  0.0 D.
 Elastic phase shift   1 =    0.000   0.000 deg. for the L =   34, J =   34.5 channel.
      34.5  0.99999999  0.00000001i: elastic S-matrix  @@      0.00  0   0 F  0
 Reaction Xsec    34.5+/34 @ 1 =   0.011/, Out:   0.000#   0.011/   0.000f


 Total SPIN, PARITY =    34.5 -,      6 chs,      6 cc.  Rmin & Coul turning =    1.6   28.1
   S-matrix    1 =    1.00000   0.00000 for L=   35, J=   34.5 channel on core I =   0.0 from L=   35,  Acc. loss =  0.0 D.
 Elastic phase shift   1 =    0.000   0.000 deg. for the L =   35, J =   34.5 channel.
      34.5  0.99999999  0.00000001i: elastic S-matrix  @@      0.00  0   0 F  0
 Reaction Xsec    34.5-/35 @ 1 =   9.026#, Out:   0.000#   9.026#   0.000f


 Total SPIN, PARITY =    35.5 +,      6 chs,      6 cc.  Rmin & Coul turning =    1.7   28.9
   S-matrix    1 =    1.00000   0.00000 for L=   36, J=   35.5 channel on core I =   0.0 from L=   36,  Acc. loss =  0.0 D.
 Elastic phase shift   1 =    0.000   0.000 deg. for the L =   36, J =   35.5 channel.
      35.5  0.99999999  0.00000001i: elastic S-matrix  @@      0.00  0   0 F  0
 Reaction Xsec    35.5+/36 @ 1 =   7.926#, Out:   0.000#   7.926#   0.000f


 Total SPIN, PARITY =    35.5 -,      6 chs,      6 cc.  Rmin & Coul turning =    1.7   28.9
   S-matrix    1 =    1.00000   0.00000 for L=   35, J=   35.5 channel on core I =   0.0 from L=   35,  Acc. loss =  0.0 D.
 Elastic phase shift   1 =    0.000   0.000 deg. for the L =   35, J =   35.5 channel.
      35.5  0.99999999  0.00000001i: elastic S-matrix  @@      0.00  0   0 F  0
 Reaction Xsec    35.5-/35 @ 1 =   9.284#, Out:   0.000#   9.283#   0.000f


 Total SPIN, PARITY =    36.5 +,      6 chs,      6 cc.  Rmin & Coul turning =    1.7   29.7
   S-matrix    1 =    1.00000   0.00000 for L=   36, J=   36.5 channel on core I =   0.0 from L=   36,  Acc. loss =  0.0 D.
 Elastic phase shift   1 =    0.000   0.000 deg. for the L =   36, J =   36.5 channel.
      36.5  0.99999999  0.00000001i: elastic S-matrix  @@      0.00  0   0 F  0
 Reaction Xsec    36.5+/36 @ 1 =   8.146#, Out:   0.000#   8.146#   0.000f


 Total SPIN, PARITY =    36.5 -,      6 chs,      6 cc.  Rmin & Coul turning =    1.7   29.7
   S-matrix    1 =    1.00000   0.00000 for L=   37, J=   36.5 channel on core I =   0.0 from L=   37,  Acc. loss =  0.0 D.
 Elastic phase shift   1 =    0.000   0.000 deg. for the L =   37, J =   36.5 channel.
      36.5  1.00000000  0.00000001i: elastic S-matrix  @@      0.00  0   0 F  0
 Reaction Xsec    36.5-/37 @ 1 =   7.028#, Out:   0.000#   7.028#   0.000f


 Total SPIN, PARITY =    37.5 +,      6 chs,      6 cc.  Rmin & Coul turning =    1.8   30.5
   S-matrix    1 =    1.00000   0.00000 for L=   38, J=   37.5 channel on core I =   0.0 from L=   38,  Acc. loss =  0.0 D.
 Elastic phase shift   1 =    0.000   0.000 deg. for the L =   38, J =   37.5 channel.
      37.5  1.00000000  0.00000001i: elastic S-matrix  @@      0.00  0   0 F  0
 Reaction Xsec    37.5+/38 @ 1 =   6.124#, Out:   0.000#   6.124#   0.000f


 Total SPIN, PARITY =    37.5 -,      6 chs,      6 cc.  Rmin & Coul turning =    1.8   30.5
   S-matrix    1 =    1.00000   0.00000 for L=   37, J=   37.5 channel on core I =   0.0 from L=   37,  Acc. loss =  0.0 D.
 Elastic phase shift   1 =    0.000   0.000 deg. for the L =   37, J =   37.5 channel.
      37.5  1.00000000  0.00000001i: elastic S-matrix  @@      0.00  0   0 F  0
 Reaction Xsec    37.5-/37 @ 1 =   7.218#, Out:   0.000#   7.218#   0.000f


 Total SPIN, PARITY =    38.5 +,      6 chs,      6 cc.  Rmin & Coul turning =    1.8   31.3
   S-matrix    1 =    1.00000   0.00000 for L=   38, J=   38.5 channel on core I =   0.0 from L=   38,  Acc. loss =  0.0 D.
 Elastic phase shift   1 =    0.000   0.000 deg. for the L =   38, J =   38.5 channel.
      38.5  1.00000000  0.00000001i: elastic S-matrix  @@      0.00  0   0 F  0
 Reaction Xsec    38.5+/38 @ 1 =   6.286#, Out:   0.000#   6.285#   0.000f


 Total SPIN, PARITY =    38.5 -,      6 chs,      6 cc.  Rmin & Coul turning =    1.8   31.3
   S-matrix    1 =    1.00000   0.00000 for L=   39, J=   38.5 channel on core I =   0.0 from L=   39,  Acc. loss =  0.0 D.
 Elastic phase shift   1 =    0.000   0.000 deg. for the L =   39, J =   38.5 channel.
      38.5  1.00000000  0.00000001i: elastic S-matrix  @@      0.00  0   0 F  0
 Reaction Xsec    38.5-/39 @ 1 =   5.402#, Out:   0.000#   5.401#   0.000f


 Total SPIN, PARITY =    39.5 +,      6 chs,      6 cc.  Rmin & Coul turning =    1.9   32.1
   S-matrix    1 =    1.00000   0.00000 for L=   40, J=   39.5 channel on core I =   0.0 from L=   40,  Acc. loss =  0.0 D.
 Elastic phase shift   1 =    0.000   0.000 deg. for the L =   40, J =   39.5 channel.
      39.5  1.00000000  0.00000001i: elastic S-matrix  @@      0.00  0   0 F  0
 Reaction Xsec    39.5+/40 @ 1 =   4.839#, Out:   0.000#   4.839#   0.000f


 Total SPIN, PARITY =    39.5 -,      6 chs,      6 cc.  Rmin & Coul turning =    1.9   32.1
   S-matrix    1 =    1.00000   0.00000 for L=   39, J=   39.5 channel on core I =   0.0 from L=   39,  Acc. loss =  0.0 D.
 Elastic phase shift   1 =    0.000   0.000 deg. for the L =   39, J =   39.5 channel.
      39.5  1.00000000  0.00000001i: elastic S-matrix  @@      0.00  0   0 F  0
 Reaction Xsec    39.5-/39 @ 1 =   5.540#, Out:   0.000#   5.540#   0.000f


 Total SPIN, PARITY =    40.5 +,      6 chs,      6 cc.  Rmin & Coul turning =    1.9   32.9
   S-matrix    1 =    1.00000   0.00000 for L=   40, J=   40.5 channel on core I =   0.0 from L=   40,  Acc. loss =  0.0 D.
 Elastic phase shift   1 =    0.000   0.000 deg. for the L =   40, J =   40.5 channel.
      40.5  1.00000000  0.00000001i: elastic S-matrix  @@      0.00  0   0 F  0
 Reaction Xsec    40.5+/40 @ 1 =   4.960#, Out:   0.000#   4.960#   0.000f


 Total SPIN, PARITY =    40.5 -,      6 chs,      6 cc.  Rmin & Coul turning =    1.9   32.9
   S-matrix    1 =    1.00000   0.00000 for L=   41, J=   40.5 channel on core I =   0.0 from L=   41,  Acc. loss =  0.0 D.
 Elastic phase shift   1 =    0.000   0.000 deg. for the L =   41, J =   40.5 channel.
      40.5  1.00000000  0.00000000i: elastic S-matrix  @@      0.00  0   0 F  0
 Reaction Xsec    40.5-/41 @ 1 =   4.238#, Out:   0.000#   4.237#   0.000f


 Total SPIN, PARITY =    41.5 +,      6 chs,      6 cc.  Rmin & Coul turning =    1.9   33.7
   S-matrix    1 =    1.00000   0.00000 for L=   42, J=   41.5 channel on core I =   0.0 from L=   42,  Acc. loss =  0.0 D.
 Elastic phase shift   1 =    0.000   0.000 deg. for the L =   42, J =   41.5 channel.
      41.5  1.00000000  0.00000000i: elastic S-matrix  @@      0.00  0   0 F  0
 Reaction Xsec    41.5+/42 @ 1 =   3.733#, Out:   0.000#   3.733#   0.000f


 Total SPIN, PARITY =    41.5 -,      6 chs,      6 cc.  Rmin & Coul turning =    1.9   33.7
   S-matrix    1 =    1.00000   0.00000 for L=   41, J=   41.5 channel on core I =   0.0 from L=   41,  Acc. loss =  0.0 D.
 Elastic phase shift   1 =    0.000   0.000 deg. for the L =   41, J =   41.5 channel.
      41.5  1.00000000  0.00000000i: elastic S-matrix  @@      0.00  0   0 F  0
 Reaction Xsec    41.5-/41 @ 1 =   4.341#, Out:   0.000#   4.340#   0.000f


 Total SPIN, PARITY =    42.5 +,      6 chs,      6 cc.  Rmin & Coul turning =    2.0   34.5
   S-matrix    1 =    1.00000   0.00000 for L=   42, J=   42.5 channel on core I =   0.0 from L=   42,  Acc. loss =  0.0 D.
 Elastic phase shift   1 =    0.000   0.000 deg. for the L =   42, J =   42.5 channel.
      42.5  1.00000000  0.00000000i: elastic S-matrix  @@      0.00  0   0 F  0
 Reaction Xsec    42.5+/42 @ 1 =   3.822#, Out:   0.000#   3.822#   0.000f


 Total SPIN, PARITY =    42.5 -,      6 chs,      6 cc.  Rmin & Coul turning =    2.0   34.5
   S-matrix    1 =    1.00000   0.00000 for L=   43, J=   42.5 channel on core I =   0.0 from L=   43,  Acc. loss =  0.0 D.
 Elastic phase shift   1 =    0.000   0.000 deg. for the L =   43, J =   42.5 channel.
      42.5  1.00000000  0.00000000i: elastic S-matrix  @@      0.00  0   0 F  0
 Reaction Xsec    42.5-/43 @ 1 =   3.386#, Out:   0.000#   3.385#   0.000f


 Total SPIN, PARITY =    43.5 +,      6 chs,      6 cc.  Rmin & Coul turning =    2.0   35.4
   S-matrix    1 =    1.00000   0.00000 for L=   44, J=   43.5 channel on core I =   0.0 from L=   44,  Acc. loss =  0.0 D.
 Elastic phase shift   1 =    0.000   0.000 deg. for the L =   44, J =   43.5 channel.
      43.5  1.00000000  0.00000000i: elastic S-matrix  @@      0.00  0   0 F  0
 Reaction Xsec    43.5+/44 @ 1 =   3.006#, Out:   0.000#   3.006#   0.000f


 Total SPIN, PARITY =    43.5 -,      6 chs,      6 cc.  Rmin & Coul turning =    2.0   35.4
   S-matrix    1 =    1.00000   0.00000 for L=   43, J=   43.5 channel on core I =   0.0 from L=   43,  Acc. loss =  0.0 D.
 Elastic phase shift   1 =    0.000   0.000 deg. for the L =   43, J =   43.5 channel.
      43.5  1.00000000  0.00000000i: elastic S-matrix  @@      0.00  0   0 F  0
 Reaction Xsec    43.5-/43 @ 1 =   3.464#, Out:   0.000#   3.464#   0.000f


 Total SPIN, PARITY =    44.5 +,      6 chs,      6 cc.  Rmin & Coul turning =    2.1   36.2
   S-matrix    1 =    1.00000   0.00000 for L=   44, J=   44.5 channel on core I =   0.0 from L=   44,  Acc. loss =  0.0 D.
 Elastic phase shift   1 =    0.000   0.000 deg. for the L =   44, J =   44.5 channel.
      44.5  1.00000000  0.00000000i: elastic S-matrix  @@      0.00  0   0 F  0
 Reaction Xsec    44.5+/44 @ 1 =   3.074#, Out:   0.000#   3.074#   0.000f


 Total SPIN, PARITY =    44.5 -,      6 chs,      6 cc.  Rmin & Coul turning =    2.1   36.2
   S-matrix    1 =    1.00000   0.00000 for L=   45, J=   44.5 channel on core I =   0.0 from L=   45,  Acc. loss =  0.0 D.
 Elastic phase shift   1 =    0.000   0.000 deg. for the L =   45, J =   44.5 channel.
      44.5  1.00000000  0.00000000i: elastic S-matrix  @@      0.00  0   0 F  0
 Reaction Xsec    44.5-/45 @ 1 =   2.627#, Out:   0.000#   2.627#   0.000f


 Total SPIN, PARITY =    45.5 +,      6 chs,      6 cc.  Rmin & Coul turning =    2.2   37.0
   S-matrix    1 =    1.00000   0.00000 for L=   46, J=   45.5 channel on core I =   0.0 from L=   46,  Acc. loss =  0.0 D.
 Elastic phase shift   1 =    0.000   0.000 deg. for the L =   46, J =   45.5 channel.
      45.5  1.00000000  0.00000000i: elastic S-matrix  @@      0.00  0   0 F  0
 Reaction Xsec    45.5+/46 @ 1 =   2.389#, Out:   0.000#   2.389#   0.000f


 Total SPIN, PARITY =    45.5 -,      6 chs,      6 cc.  Rmin & Coul turning =    2.2   37.0
   S-matrix    1 =    1.00000   0.00000 for L=   45, J=   45.5 channel on core I =   0.0 from L=   45,  Acc. loss =  0.0 D.
 Elastic phase shift   1 =    0.000   0.000 deg. for the L =   45, J =   45.5 channel.
      45.5  1.00000000  0.00000000i: elastic S-matrix  @@      0.00  0   0 F  0
 Reaction Xsec    45.5-/45 @ 1 =   2.686#, Out:   0.000#   2.685#   0.000f


 Total SPIN, PARITY =    46.5 +,      6 chs,      6 cc.  Rmin & Coul turning =    2.2   37.8
   S-matrix    1 =    1.00000   0.00000 for L=   46, J=   46.5 channel on core I =   0.0 from L=   46,  Acc. loss =  0.0 D.
 Elastic phase shift   1 =    0.000   0.000 deg. for the L =   46, J =   46.5 channel.
      46.5  1.00000000  0.00000000i: elastic S-matrix  @@      0.00  0   0 F  0
 Reaction Xsec    46.5+/46 @ 1 =   2.441#, Out:   0.000#   2.441#   0.000f


 Total SPIN, PARITY =    46.5 -,      6 chs,      6 cc.  Rmin & Coul turning =    2.2   37.8
   S-matrix    1 =    1.00000   0.00000 for L=   47, J=   46.5 channel on core I =   0.0 from L=   47,  Acc. loss =  0.0 D.
 Elastic phase shift   1 =    0.000   0.000 deg. for the L =   47, J =   46.5 channel.
      46.5  1.00000000  0.00000000i: elastic S-matrix  @@      0.00  0   0 F  0
 Reaction Xsec    46.5-/47 @ 1 =   2.186#, Out:   0.000#   2.185#   0.000f


 Total SPIN, PARITY =    47.5 +,      6 chs,      6 cc.  Rmin & Coul turning =    2.2   38.6
   S-matrix    1 =    1.00000   0.00000 for L=   48, J=   47.5 channel on core I =   0.0 from L=   48,  Acc. loss =  0.0 D.
 Elastic phase shift   1 =    0.000   0.000 deg. for the L =   48, J =   47.5 channel.
      47.5  1.00000000  0.00000000i: elastic S-matrix  @@      0.00  0   0 F  0
 Reaction Xsec    47.5+/48 @ 1 =   1.915#, Out:   0.000#   1.915#   0.000f


 Total SPIN, PARITY =    47.5 -,      6 chs,      6 cc.  Rmin & Coul turning =    2.2   38.6
   S-matrix    1 =    1.00000   0.00000 for L=   47, J=   47.5 channel on core I =   0.0 from L=   47,  Acc. loss =  0.0 D.
 Elastic phase shift   1 =    0.000   0.000 deg. for the L =   47, J =   47.5 channel.
      47.5  1.00000000  0.00000000i: elastic S-matrix  @@      0.00  0   0 F  0
 Reaction Xsec    47.5-/47 @ 1 =   2.232#, Out:   0.000#   2.232#   0.000f


 Total SPIN, PARITY =    48.5 +,      6 chs,      6 cc.  Rmin & Coul turning =    2.3   39.4
   S-matrix    1 =    1.00000   0.00000 for L=   48, J=   48.5 channel on core I =   0.0 from L=   48,  Acc. loss =  0.0 D.
 Elastic phase shift   1 =    0.000   0.000 deg. for the L =   48, J =   48.5 channel.
      48.5  1.00000000  0.00000000i: elastic S-matrix  @@      0.00  0   0 F  0
 Reaction Xsec    48.5+/48 @ 1 =   1.955#, Out:   0.000#   1.955#   0.000f


 Total SPIN, PARITY =    48.5 -,      6 chs,      6 cc.  Rmin & Coul turning =    2.3   39.4
   S-matrix    1 =    1.00000   0.00000 for L=   49, J=   48.5 channel on core I =   0.0 from L=   49,  Acc. loss =  0.0 D.
 Elastic phase shift   1 =    0.000   0.000 deg. for the L =   49, J =   48.5 channel.
      48.5  1.00000000  0.00000000i: elastic S-matrix  @@      0.00  0   0 F  0
 Reaction Xsec    48.5-/49 @ 1 =   1.696#, Out:   0.000#   1.696#   0.000f


 Total SPIN, PARITY =    49.5 +,      6 chs,      6 cc.  Rmin & Coul turning =    2.3   40.2
   S-matrix    1 =    1.00000   0.00000 for L=   50, J=   49.5 channel on core I =   0.0 from L=   50,  Acc. loss =  0.0 D.
 Elastic phase shift   1 =    0.000   0.000 deg. for the L =   50, J =   49.5 channel.
      49.5  1.00000000  0.00000000i: elastic S-matrix  @@      0.00  0   0 F  0
 Reaction Xsec    49.5+/50 @ 1 =   1.585#, Out:   0.000#   1.584#   0.000f


 Total SPIN, PARITY =    49.5 -,      6 chs,      6 cc.  Rmin & Coul turning =    2.3   40.2
   S-matrix    1 =    1.00000   0.00000 for L=   49, J=   49.5 channel on core I =   0.0 from L=   49,  Acc. loss =  0.0 D.
 Elastic phase shift   1 =    0.000   0.000 deg. for the L =   49, J =   49.5 channel.
      49.5  1.00000000  0.00000000i: elastic S-matrix  @@      0.00  0   0 F  0
 Reaction Xsec    49.5-/49 @ 1 =   1.731#, Out:   0.000#   1.731#   0.000f


 Total SPIN, PARITY =    50.5 +,      6 chs,      6 cc.  Rmin & Coul turning =    2.4   41.0
   S-matrix    1 =    1.00000   0.00000 for L=   50, J=   50.5 channel on core I =   0.0 from L=   50,  Acc. loss =  0.0 D.
 Elastic phase shift   1 =    0.000   0.000 deg. for the L =   50, J =   50.5 channel.
      50.5  1.00000000  0.00000000i: elastic S-matrix  @@      0.00  0   0 F  0
 Reaction Xsec    50.5+/50 @ 1 =   1.616#, Out:   0.000#   1.616#   0.000f


 Total SPIN, PARITY =    50.5 -,      6 chs,      6 cc.  Rmin & Coul turning =    2.4   41.0
   S-matrix    1 =    1.00000   0.00000 for L=   51, J=   50.5 channel on core I =   0.0 from L=   51,  Acc. loss =  0.0 D.
 Elastic phase shift   1 =    0.000   0.000 deg. for the L =   51, J =   50.5 channel.
      50.5  1.00000000  0.00000000i: elastic S-matrix  @@      0.00  0   0 F  0
 Reaction Xsec    50.5-/51 @ 1 =   1.457#, Out:   0.000#   1.457#   0.000f

 Finished all CC sets @   0.360994995    
0CUMULATIVE REACTION cross section                 =  800.83782  <L> =     4.13  <L**2> =     20.5
0CUMULATIVE outgoing cross sections in partition 1 :    0.00000   37.55651
0Cumulative ABSORBTION by Imaginary Potentials     =  763.28132  <L> =     4.13  <L**2> =     20.5
   Fusion for specific p        M-states :  763.281316  763.281316
0CUMULATIVE OUTGOING cross section                 =   37.55651
 To convert to S-factors (MeV.mb = keV.b),  multiply by  1.2763E+02


 CROSS SECTIONS FOR OUTGOING p        & O20      in state #   1 with spins & parities 0.5  + &  0.0  +;  0

     0.01 deg.: X-S =   1.2880E+15 mb/sr,
+                                         /R =   1.0000E+00
     1.00 deg.: X-S =   1.2508E+07 mb/sr,
+                                         /R =   9.7107E-01
     2.00 deg.: X-S =   7.2507E+05 mb/sr,
+                                         /R =   9.0052E-01
     3.00 deg.: X-S =   1.2957E+05 mb/sr,
+                                         /R =   8.1449E-01
     4.00 deg.: X-S =   3.7154E+04 mb/sr,
+                                         /R =   7.3785E-01
     5.00 deg.: X-S =   1.4357E+04 mb/sr,
+                                         /R =   6.9579E-01
     6.00 deg.: X-S =  7101.222078 mb/sr,
+                                         /R =   7.1322E-01
     7.00 deg.: X-S =  4375.135275 mb/sr,
+                                         /R =   8.1355E-01
     8.00 deg.: X-S =  3208.369705 mb/sr,
+                                         /R =   1.0170E+00
     9.00 deg.: X-S =  2639.396022 mb/sr,
+                                         /R =   1.3390E+00
    10.00 deg.: X-S =  2315.626268 mb/sr,
+                                         /R =   1.7887E+00
    11.00 deg.: X-S =  2096.215317 mb/sr,
+                                         /R =   2.3682E+00
    12.00 deg.: X-S =  1921.783901 mb/sr,
+                                         /R =   3.0714E+00
    13.00 deg.: X-S =  1766.749276 mb/sr,
+                                         /R =   3.8842E+00
    14.00 deg.: X-S =  1620.334448 mb/sr,
+                                         /R =   4.7849E+00
    15.00 deg.: X-S =  1478.475268 mb/sr,
+                                         /R =   5.7451E+00
    16.00 deg.: X-S =  1340.181039 mb/sr,
+                                         /R =   6.7310E+00
    17.00 deg.: X-S =  1205.826910 mb/sr,
+                                         /R =   7.7052E+00
    18.00 deg.: X-S =  1076.327006 mb/sr,
+                                         /R =   8.6291E+00
    19.00 deg.: X-S =   952.726565 mb/sr,
+                                         /R =   9.4645E+00
    20.00 deg.: X-S =   836.001019 mb/sr,
+                                         /R =   1.0176E+01
    21.00 deg.: X-S =   726.960843 mb/sr,
+                                         /R =   1.0733E+01
    22.00 deg.: X-S =   626.212163 mb/sr,
+                                         /R =   1.1112E+01
    23.00 deg.: X-S =   534.147655 mb/sr,
+                                         /R =   1.1297E+01
    24.00 deg.: X-S =   450.954212 mb/sr,
+                                         /R =   1.1281E+01
    25.00 deg.: X-S =   376.630019 mb/sr,
+                                         /R =   1.1065E+01
    26.00 deg.: X-S =   311.006737 mb/sr,
+                                         /R =   1.0661E+01
    27.00 deg.: X-S =   253.774219 mb/sr,
+                                         /R =   1.0090E+01
    28.00 deg.: X-S =   204.506087 mb/sr,
+                                         /R =   9.3778E+00
    29.00 deg.: X-S =   162.685017 mb/sr,
+                                         /R =   8.5593E+00
    30.00 deg.: X-S =   127.726937 mb/sr,
+                                         /R =   7.6729E+00
    31.00 deg.: X-S =    99.003553 mb/sr,
+                                         /R =   6.7599E+00
    32.00 deg.: X-S =    75.862800 mb/sr,
+                                         /R =   5.8624E+00
    33.00 deg.: X-S =    57.646943 mb/sr,
+                                         /R =   5.0215E+00
    34.00 deg.: X-S =    43.708178 mb/sr,
+                                         /R =   4.2756E+00
    35.00 deg.: X-S =    33.421674 mb/sr,
+                                         /R =   3.6584E+00
    36.00 deg.: X-S =    26.196088 mb/sr,
+                                         /R =   3.1978E+00
    37.00 deg.: X-S =    21.481642 mb/sr,
+                                         /R =   2.9152E+00
    38.00 deg.: X-S =    18.775918 mb/sr,
+                                         /R =   2.8240E+00
    39.00 deg.: X-S =    17.627562 mb/sr,
+                                         /R =   2.9300E+00
    40.00 deg.: X-S =    17.638129 mb/sr,
+                                         /R =   3.2311E+00
    41.00 deg.: X-S =    18.462307 mb/sr,
+                                         /R =   3.7177E+00
    42.00 deg.: X-S =    19.806768 mb/sr,
+                                         /R =   4.3734E+00
    43.00 deg.: X-S =    21.427904 mb/sr,
+                                         /R =   5.1758E+00
    44.00 deg.: X-S =    23.128691 mb/sr,
+                                         /R =   6.0974E+00
    45.00 deg.: X-S =    24.754903 mb/sr,
+                                         /R =   7.1074E+00
    46.00 deg.: X-S =    26.190884 mb/sr,
+                                         /R =   8.1725E+00
    47.00 deg.: X-S =    27.355079 mb/sr,
+                                         /R =   9.2582E+00
    48.00 deg.: X-S =    28.195470 mb/sr,
+                                         /R =   1.0331E+01
    49.00 deg.: X-S =    28.685062 mb/sr,
+                                         /R =   1.1357E+01
    50.00 deg.: X-S =    28.817536 mb/sr,
+                                         /R =   1.2307E+01
    51.00 deg.: X-S =    28.603151 mb/sr,
+                                         /R =   1.3154E+01
    52.00 deg.: X-S =    28.064963 mb/sr,
+                                         /R =   1.3875E+01
    53.00 deg.: X-S =    27.235416 mb/sr,
+                                         /R =   1.4452E+01
    54.00 deg.: X-S =    26.153309 mb/sr,
+                                         /R =   1.4873E+01
    55.00 deg.: X-S =    24.861188 mb/sr,
+                                         /R =   1.5130E+01
    56.00 deg.: X-S =    23.403118 mb/sr,
+                                         /R =   1.5220E+01
    57.00 deg.: X-S =    21.822863 mb/sr,
+                                         /R =   1.5145E+01
    58.00 deg.: X-S =    20.162422 mb/sr,
+                                         /R =   1.4911E+01
    59.00 deg.: X-S =    18.460905 mb/sr,
+                                         /R =   1.4531E+01
    60.00 deg.: X-S =    16.753726 mb/sr,
+                                         /R =   1.4018E+01
    61.00 deg.: X-S =    15.072059 mb/sr,
+                                         /R =   1.3389E+01
    62.00 deg.: X-S =    13.442535 mb/sr,
+                                         /R =   1.2663E+01
    63.00 deg.: X-S =    11.887138 mb/sr,
+                                         /R =   1.1861E+01
    64.00 deg.: X-S =    10.423269 mb/sr,
+                                         /R =   1.1004E+01
    65.00 deg.: X-S =     9.063937 mb/sr,
+                                         /R =   1.0113E+01
    66.00 deg.: X-S =     7.818056 mb/sr,
+                                         /R =   9.2093E+00
    67.00 deg.: X-S =     6.690809 mb/sr,
+                                         /R =   8.3124E+00
    68.00 deg.: X-S =     5.684071 mb/sr,
+                                         /R =   7.4404E+00
    69.00 deg.: X-S =     4.796846 mb/sr,
+                                         /R =   6.6094E+00
    70.00 deg.: X-S =     4.025725 mb/sr,
+                                         /R =   5.8331E+00
    71.00 deg.: X-S =     3.365331 mb/sr,
+                                         /R =   5.1231E+00
    72.00 deg.: X-S =     2.808746 mb/sr,
+                                         /R =   4.4883E+00
    73.00 deg.: X-S =     2.347913 mb/sr,
+                                         /R =   3.9348E+00
    74.00 deg.: X-S =     1.974006 mb/sr,
+                                         /R =   3.4665E+00
    75.00 deg.: X-S =     1.677754 mb/sr,
+                                         /R =   3.0847E+00
    76.00 deg.: X-S =     1.449730 mb/sr,
+                                         /R =   2.7883E+00
    77.00 deg.: X-S =     1.280599 mb/sr,
+                                         /R =   2.5746E+00
    78.00 deg.: X-S =     1.161317 mb/sr,
+                                         /R =   2.4385E+00
    79.00 deg.: X-S =     1.083298 mb/sr,
+                                         /R =   2.3740E+00
    80.00 deg.: X-S =     1.038539 mb/sr,
+                                         /R =   2.3735E+00
    81.00 deg.: X-S =     1.019710 mb/sr,
+                                         /R =   2.4285E+00
    82.00 deg.: X-S =     1.020216 mb/sr,
+                                         /R =   2.5302E+00
    83.00 deg.: X-S =     1.034226 mb/sr,
+                                         /R =   2.6691E+00
    84.00 deg.: X-S =     1.056685 mb/sr,
+                                         /R =   2.8358E+00
    85.00 deg.: X-S =     1.083300 mb/sr,
+                                         /R =   3.0212E+00
    86.00 deg.: X-S =     1.110512 mb/sr,
+                                         /R =   3.2162E+00
    87.00 deg.: X-S =     1.135456 mb/sr,
+                                         /R =   3.4128E+00
    88.00 deg.: X-S =     1.155909 mb/sr,
+                                         /R =   3.6033E+00
    89.00 deg.: X-S =     1.170234 mb/sr,
+                                         /R =   3.7810E+00
    90.00 deg.: X-S =     1.177316 mb/sr,
+                                         /R =   3.9403E+00
    91.00 deg.: X-S =     1.176498 mb/sr,
+                                         /R =   4.0762E+00
    92.00 deg.: X-S =     1.167517 mb/sr,
+                                         /R =   4.1850E+00
    93.00 deg.: X-S =     1.150441 mb/sr,
+                                         /R =   4.2639E+00
    94.00 deg.: X-S =     1.125610 mb/sr,
+                                         /R =   4.3111E+00
    95.00 deg.: X-S =     1.093577 mb/sr,
+                                         /R =   4.3258E+00
    96.00 deg.: X-S =     1.055057 mb/sr,
+                                         /R =   4.3079E+00
    97.00 deg.: X-S =     1.010881 mb/sr,
+                                         /R =   4.2581E+00
    98.00 deg.: X-S =     0.961952 mb/sr,
+                                         /R =   4.1780E+00
    99.00 deg.: X-S =     0.909209 mb/sr,
+                                         /R =   4.0695E+00
   100.00 deg.: X-S =     0.853597 mb/sr,
+                                         /R =   3.9351E+00
   101.00 deg.: X-S =     0.796039 mb/sr,
+                                         /R =   3.7779E+00
   102.00 deg.: X-S =     0.737418 mb/sr,
+                                         /R =   3.6009E+00
   103.00 deg.: X-S =     0.678555 mb/sr,
+                                         /R =   3.4076E+00
   104.00 deg.: X-S =     0.620201 mb/sr,
+                                         /R =   3.2015E+00
   105.00 deg.: X-S =     0.563029 mb/sr,
+                                         /R =   2.9860E+00
   106.00 deg.: X-S =     0.507625 mb/sr,
+                                         /R =   2.7646E+00
   107.00 deg.: X-S =     0.454488 mb/sr,
+                                         /R =   2.5406E+00
   108.00 deg.: X-S =     0.404031 mb/sr,
+                                         /R =   2.3171E+00
   109.00 deg.: X-S =     0.356581 mb/sr,
+                                         /R =   2.0970E+00
   110.00 deg.: X-S =     0.312384 mb/sr,
+                                         /R =   1.8829E+00
   111.00 deg.: X-S =     0.271610 mb/sr,
+                                         /R =   1.6773E+00
   112.00 deg.: X-S =     0.234360 mb/sr,
+                                         /R =   1.4821E+00
   113.00 deg.: X-S =     0.200671 mb/sr,
+                                         /R =   1.2990E+00
   114.00 deg.: X-S =     0.170523 mb/sr,
+                                         /R =   1.1294E+00
   115.00 deg.: X-S =     0.143848 mb/sr,
+                                         /R =   9.7435E-01
   116.00 deg.: X-S =     0.120536 mb/sr,
+                                         /R =   8.3463E-01
   117.00 deg.: X-S =     0.100443 mb/sr,
+                                         /R =   7.1068E-01
   118.00 deg.: X-S =     0.083394 mb/sr,
+                                         /R =   6.0268E-01
   119.00 deg.: X-S =     0.069194 mb/sr,
+                                         /R =   5.1056E-01
   120.00 deg.: X-S =     0.057633 mb/sr,
+                                         /R =   4.3399E-01
   121.00 deg.: X-S =     0.048486 mb/sr,
+                                         /R =   3.7247E-01
   122.00 deg.: X-S =     0.041525 mb/sr,
+                                         /R =   3.2530E-01
   123.00 deg.: X-S =     0.036518 mb/sr,
+                                         /R =   2.9160E-01
   124.00 deg.: X-S =     0.033234 mb/sr,
+                                         /R =   2.7040E-01
   125.00 deg.: X-S =     0.031447 mb/sr,
+                                         /R =   2.6061E-01
   126.00 deg.: X-S =     0.030937 mb/sr,
+                                         /R =   2.6103E-01
   127.00 deg.: X-S =     0.031494 mb/sr,
+                                         /R =   2.7045E-01
   128.00 deg.: X-S =     0.032917 mb/sr,
+                                         /R =   2.8757E-01
   129.00 deg.: X-S =     0.035018 mb/sr,
+                                         /R =   3.1112E-01
   130.00 deg.: X-S =     0.037621 mb/sr,
+                                         /R =   3.3980E-01
   131.00 deg.: X-S =     0.040566 mb/sr,
+                                         /R =   3.7235E-01
   132.00 deg.: X-S =     0.043705 mb/sr,
+                                         /R =   4.0752E-01
   133.00 deg.: X-S =     0.046906 mb/sr,
+                                         /R =   4.4413E-01
   134.00 deg.: X-S =     0.050050 mb/sr,
+                                         /R =   4.8106E-01
   135.00 deg.: X-S =     0.053034 mb/sr,
+                                         /R =   5.1726E-01
   136.00 deg.: X-S =     0.055770 mb/sr,
+                                         /R =   5.5177E-01
   137.00 deg.: X-S =     0.058184 mb/sr,
+                                         /R =   5.8373E-01
   138.00 deg.: X-S =     0.060216 mb/sr,
+                                         /R =   6.1236E-01
   139.00 deg.: X-S =     0.061819 mb/sr,
+                                         /R =   6.3704E-01
   140.00 deg.: X-S =     0.062960 mb/sr,
+                                         /R =   6.5721E-01
   141.00 deg.: X-S =     0.063619 mb/sr,
+                                         /R =   6.7246E-01
   142.00 deg.: X-S =     0.063786 mb/sr,
+                                         /R =   6.8249E-01
   143.00 deg.: X-S =     0.063464 mb/sr,
+                                         /R =   6.8714E-01
   144.00 deg.: X-S =     0.062665 mb/sr,
+                                         /R =   6.8635E-01
   145.00 deg.: X-S =     0.061412 mb/sr,
+                                         /R =   6.8018E-01
   146.00 deg.: X-S =     0.059735 mb/sr,
+                                         /R =   6.6882E-01
   147.00 deg.: X-S =     0.057672 mb/sr,
+                                         /R =   6.5254E-01
   148.00 deg.: X-S =     0.055267 mb/sr,
+                                         /R =   6.3172E-01
   149.00 deg.: X-S =     0.052570 mb/sr,
+                                         /R =   6.0683E-01
   150.00 deg.: X-S =     0.049633 mb/sr,
+                                         /R =   5.7841E-01
   151.00 deg.: X-S =     0.046513 mb/sr,
+                                         /R =   5.4706E-01
   152.00 deg.: X-S =     0.043267 mb/sr,
+                                         /R =   5.1342E-01
   153.00 deg.: X-S =     0.039953 mb/sr,
+                                         /R =   4.7816E-01
   154.00 deg.: X-S =     0.036628 mb/sr,
+                                         /R =   4.4197E-01
   155.00 deg.: X-S =     0.033345 mb/sr,
+                                         /R =   4.0555E-01
   156.00 deg.: X-S =     0.030156 mb/sr,
+                                         /R =   3.6956E-01
   157.00 deg.: X-S =     0.027108 mb/sr,
+                                         /R =   3.3463E-01
   158.00 deg.: X-S =     0.024242 mb/sr,
+                                         /R =   3.0134E-01
   159.00 deg.: X-S =     0.021595 mb/sr,
+                                         /R =   2.7022E-01
   160.00 deg.: X-S =     0.019196 mb/sr,
+                                         /R =   2.4172E-01
   161.00 deg.: X-S =     0.017066 mb/sr,
+                                         /R =   2.1619E-01
   162.00 deg.: X-S =     0.015221 mb/sr,
+                                         /R =   1.9391E-01
   163.00 deg.: X-S =     0.013668 mb/sr,
+                                         /R =   1.7507E-01
   164.00 deg.: X-S =     0.012407 mb/sr,
+                                         /R =   1.5972E-01
   165.00 deg.: X-S =     0.011432 mb/sr,
+                                         /R =   1.4787E-01
   166.00 deg.: X-S =     0.010728 mb/sr,
+                                         /R =   1.3939E-01
   167.00 deg.: X-S =     0.010278 mb/sr,
+                                         /R =   1.3409E-01
   168.00 deg.: X-S =     0.010055 mb/sr,
+                                         /R =   1.3168E-01
   169.00 deg.: X-S =     0.010031 mb/sr,
+                                         /R =   1.3183E-01
   170.00 deg.: X-S =     0.010174 mb/sr,
+                                         /R =   1.3414E-01
   171.00 deg.: X-S =     0.010448 mb/sr,
+                                         /R =   1.3815E-01
   172.00 deg.: X-S =     0.010818 mb/sr,
+                                         /R =   1.4342E-01
   173.00 deg.: X-S =     0.011248 mb/sr,
+                                         /R =   1.4946E-01
   174.00 deg.: X-S =     0.011703 mb/sr,
+                                         /R =   1.5581E-01
   175.00 deg.: X-S =     0.012150 mb/sr,
+                                         /R =   1.6204E-01
   176.00 deg.: X-S =     0.012560 mb/sr,
+                                         /R =   1.6773E-01
   177.00 deg.: X-S =     0.012906 mb/sr,
+                                         /R =   1.7255E-01
   178.00 deg.: X-S =     0.013169 mb/sr,
+                                         /R =   1.7620E-01
   179.00 deg.: X-S =     0.013334 mb/sr,
+                                         /R =   1.7847E-01
   179.99 deg.: X-S =     0.013389 mb/sr,
+                                         /R =   1.7925E-01
                                           Integrated********** mb, over [   0.000, 180.000] at    35.0000 MeV 

 CROSS SECTIONS FOR OUTGOING p        & O20      in state #   2 with spins & parities 0.5  + &  2.0  +;  0

     0.00 deg.: X-S =    24.512349 mb/sr,
+                                         REAC   3.7557E+01 mb
     1.00 deg.: X-S =    24.568443 mb/sr,
     2.00 deg.: X-S =    24.699234 mb/sr,
     3.00 deg.: X-S =    24.809348 mb/sr,
     4.00 deg.: X-S =    24.787346 mb/sr,
     5.00 deg.: X-S =    24.550543 mb/sr,
     6.00 deg.: X-S =    24.072687 mb/sr,
     7.00 deg.: X-S =    23.385763 mb/sr,
     8.00 deg.: X-S =    22.560036 mb/sr,
     9.00 deg.: X-S =    21.675049 mb/sr,
    10.00 deg.: X-S =    20.795903 mb/sr,
    11.00 deg.: X-S =    19.963638 mb/sr,
    12.00 deg.: X-S =    19.199240 mb/sr,
    13.00 deg.: X-S =    18.513857 mb/sr,
    14.00 deg.: X-S =    17.917087 mb/sr,
    15.00 deg.: X-S =    17.419312 mb/sr,
    16.00 deg.: X-S =    17.029051 mb/sr,
    17.00 deg.: X-S =    16.748946 mb/sr,
    18.00 deg.: X-S =    16.573614 mb/sr,
    19.00 deg.: X-S =    16.490343 mb/sr,
    20.00 deg.: X-S =    16.481446 mb/sr,
    21.00 deg.: X-S =    16.526610 mb/sr,
    22.00 deg.: X-S =    16.604375 mb/sr,
    23.00 deg.: X-S =    16.693010 mb/sr,
    24.00 deg.: X-S =    16.771319 mb/sr,
    25.00 deg.: X-S =    16.819600 mb/sr,
    26.00 deg.: X-S =    16.820482 mb/sr,
    27.00 deg.: X-S =    16.759306 mb/sr,
    28.00 deg.: X-S =    16.624101 mb/sr,
    29.00 deg.: X-S =    16.405580 mb/sr,
    30.00 deg.: X-S =    16.097555 mb/sr,
    31.00 deg.: X-S =    15.697662 mb/sr,
    32.00 deg.: X-S =    15.207891 mb/sr,
    33.00 deg.: X-S =    14.634400 mb/sr,
    34.00 deg.: X-S =    13.986564 mb/sr,
    35.00 deg.: X-S =    13.275722 mb/sr,
    36.00 deg.: X-S =    12.514229 mb/sr,
    37.00 deg.: X-S =    11.715135 mb/sr,
    38.00 deg.: X-S =    10.892247 mb/sr,
    39.00 deg.: X-S =    10.060084 mb/sr,
    40.00 deg.: X-S =     9.233385 mb/sr,
    41.00 deg.: X-S =     8.426252 mb/sr,
    42.00 deg.: X-S =     7.651306 mb/sr,
    43.00 deg.: X-S =     6.919230 mb/sr,
    44.00 deg.: X-S =     6.238735 mb/sr,
    45.00 deg.: X-S =     5.616714 mb/sr,
    46.00 deg.: X-S =     5.058292 mb/sr,
    47.00 deg.: X-S =     4.566717 mb/sr,
    48.00 deg.: X-S =     4.143222 mb/sr,
    49.00 deg.: X-S =     3.787099 mb/sr,
    50.00 deg.: X-S =     3.495995 mb/sr,
    51.00 deg.: X-S =     3.266290 mb/sr,
    52.00 deg.: X-S =     3.093353 mb/sr,
    53.00 deg.: X-S =     2.971623 mb/sr,
    54.00 deg.: X-S =     2.894642 mb/sr,
    55.00 deg.: X-S =     2.855261 mb/sr,
    56.00 deg.: X-S =     2.846057 mb/sr,
    57.00 deg.: X-S =     2.859821 mb/sr,
    58.00 deg.: X-S =     2.889889 mb/sr,
    59.00 deg.: X-S =     2.930176 mb/sr,
    60.00 deg.: X-S =     2.975025 mb/sr,
    61.00 deg.: X-S =     3.019090 mb/sr,
    62.00 deg.: X-S =     3.057450 mb/sr,
    63.00 deg.: X-S =     3.085907 mb/sr,
    64.00 deg.: X-S =     3.101287 mb/sr,
    65.00 deg.: X-S =     3.101510 mb/sr,
    66.00 deg.: X-S =     3.085403 mb/sr,
    67.00 deg.: X-S =     3.052377 mb/sr,
    68.00 deg.: X-S =     3.002216 mb/sr,
    69.00 deg.: X-S =     2.935068 mb/sr,
    70.00 deg.: X-S =     2.851585 mb/sr,
    71.00 deg.: X-S =     2.753029 mb/sr,
    72.00 deg.: X-S =     2.641209 mb/sr,
    73.00 deg.: X-S =     2.518259 mb/sr,
    74.00 deg.: X-S =     2.386378 mb/sr,
    75.00 deg.: X-S =     2.247681 mb/sr,
    76.00 deg.: X-S =     2.104201 mb/sr,
    77.00 deg.: X-S =     1.957959 mb/sr,
    78.00 deg.: X-S =     1.811002 mb/sr,
    79.00 deg.: X-S =     1.665338 mb/sr,
    80.00 deg.: X-S =     1.522814 mb/sr,
    81.00 deg.: X-S =     1.385009 mb/sr,
    82.00 deg.: X-S =     1.253213 mb/sr,
    83.00 deg.: X-S =     1.128465 mb/sr,
    84.00 deg.: X-S =     1.011615 mb/sr,
    85.00 deg.: X-S =     0.903335 mb/sr,
    86.00 deg.: X-S =     0.804101 mb/sr,
    87.00 deg.: X-S =     0.714157 mb/sr,
    88.00 deg.: X-S =     0.633527 mb/sr,
    89.00 deg.: X-S =     0.562055 mb/sr,
    90.00 deg.: X-S =     0.499458 mb/sr,
    91.00 deg.: X-S =     0.445355 mb/sr,
    92.00 deg.: X-S =     0.399268 mb/sr,
    93.00 deg.: X-S =     0.360621 mb/sr,
    94.00 deg.: X-S =     0.328754 mb/sr,
    95.00 deg.: X-S =     0.302959 mb/sr,
    96.00 deg.: X-S =     0.282527 mb/sr,
    97.00 deg.: X-S =     0.266773 mb/sr,
    98.00 deg.: X-S =     0.255029 mb/sr,
    99.00 deg.: X-S =     0.246640 mb/sr,
   100.00 deg.: X-S =     0.240957 mb/sr,
   101.00 deg.: X-S =     0.237366 mb/sr,
   102.00 deg.: X-S =     0.235310 mb/sr,
   103.00 deg.: X-S =     0.234308 mb/sr,
   104.00 deg.: X-S =     0.233950 mb/sr,
   105.00 deg.: X-S =     0.233880 mb/sr,
   106.00 deg.: X-S =     0.233781 mb/sr,
   107.00 deg.: X-S =     0.233382 mb/sr,
   108.00 deg.: X-S =     0.232464 mb/sr,
   109.00 deg.: X-S =     0.230873 mb/sr,
   110.00 deg.: X-S =     0.228514 mb/sr,
   111.00 deg.: X-S =     0.225332 mb/sr,
   112.00 deg.: X-S =     0.221302 mb/sr,
   113.00 deg.: X-S =     0.216419 mb/sr,
   114.00 deg.: X-S =     0.210710 mb/sr,
   115.00 deg.: X-S =     0.204231 mb/sr,
   116.00 deg.: X-S =     0.197067 mb/sr,
   117.00 deg.: X-S =     0.189319 mb/sr,
   118.00 deg.: X-S =     0.181086 mb/sr,
   119.00 deg.: X-S =     0.172465 mb/sr,
   120.00 deg.: X-S =     0.163553 mb/sr,
   121.00 deg.: X-S =     0.154456 mb/sr,
   122.00 deg.: X-S =     0.145282 mb/sr,
   123.00 deg.: X-S =     0.136139 mb/sr,
   124.00 deg.: X-S =     0.127121 mb/sr,
   125.00 deg.: X-S =     0.118309 mb/sr,
   126.00 deg.: X-S =     0.109769 mb/sr,
   127.00 deg.: X-S =     0.101564 mb/sr,
   128.00 deg.: X-S =     0.093752 mb/sr,
   129.00 deg.: X-S =     0.086383 mb/sr,
   130.00 deg.: X-S =     0.079490 mb/sr,
   131.00 deg.: X-S =     0.073091 mb/sr,
   132.00 deg.: X-S =     0.067191 mb/sr,
   133.00 deg.: X-S =     0.061791 mb/sr,
   134.00 deg.: X-S =     0.056894 mb/sr,
   135.00 deg.: X-S =     0.052496 mb/sr,
   136.00 deg.: X-S =     0.048586 mb/sr,
   137.00 deg.: X-S =     0.045134 mb/sr,
   138.00 deg.: X-S =     0.042103 mb/sr,
   139.00 deg.: X-S =     0.039456 mb/sr,
   140.00 deg.: X-S =     0.037163 mb/sr,
   141.00 deg.: X-S =     0.035202 mb/sr,
   142.00 deg.: X-S =     0.033551 mb/sr,
   143.00 deg.: X-S =     0.032178 mb/sr,
   144.00 deg.: X-S =     0.031041 mb/sr,
   145.00 deg.: X-S =     0.030096 mb/sr,
   146.00 deg.: X-S =     0.029307 mb/sr,
   147.00 deg.: X-S =     0.028649 mb/sr,
   148.00 deg.: X-S =     0.028109 mb/sr,
   149.00 deg.: X-S =     0.027676 mb/sr,
   150.00 deg.: X-S =     0.027331 mb/sr,
   151.00 deg.: X-S =     0.027053 mb/sr,
   152.00 deg.: X-S =     0.026820 mb/sr,
   153.00 deg.: X-S =     0.026618 mb/sr,
   154.00 deg.: X-S =     0.026440 mb/sr,
   155.00 deg.: X-S =     0.026288 mb/sr,
   156.00 deg.: X-S =     0.026161 mb/sr,
   157.00 deg.: X-S =     0.026058 mb/sr,
   158.00 deg.: X-S =     0.025975 mb/sr,
   159.00 deg.: X-S =     0.025910 mb/sr,
   160.00 deg.: X-S =     0.025862 mb/sr,
   161.00 deg.: X-S =     0.025833 mb/sr,
   162.00 deg.: X-S =     0.025824 mb/sr,
   163.00 deg.: X-S =     0.025837 mb/sr,
   164.00 deg.: X-S =     0.025870 mb/sr,
   165.00 deg.: X-S =     0.025922 mb/sr,
   166.00 deg.: X-S =     0.025996 mb/sr,
   167.00 deg.: X-S =     0.026091 mb/sr,
   168.00 deg.: X-S =     0.026208 mb/sr,
   169.00 deg.: X-S =     0.026340 mb/sr,
   170.00 deg.: X-S =     0.026481 mb/sr,
   171.00 deg.: X-S =     0.026623 mb/sr,
   172.00 deg.: X-S =     0.026763 mb/sr,
   173.00 deg.: X-S =     0.026899 mb/sr,
   174.00 deg.: X-S =     0.027031 mb/sr,
   175.00 deg.: X-S =     0.027157 mb/sr,
   176.00 deg.: X-S =     0.027269 mb/sr,
   177.00 deg.: X-S =     0.027362 mb/sr,
   178.00 deg.: X-S =     0.027429 mb/sr,
   179.00 deg.: X-S =     0.027470 mb/sr,
   180.00 deg.: X-S =     0.027484 mb/sr,
                                           Integrated   37.5526 mb, over [   0.000, 180.000] at    35.0000 MeV 
 Finished all xsecs @   0.365090996    

  The following files have been created:
   3:local copy of User input.            6:standard output.                   
   7:elastic  S-matrix elements.         13:total cross sections/state.        
  16:tables of cross sections.           35:Astrophysics S-factors  / Ecm.     
  38:cross sections for each J/pi.       39:cross sections for each Ecm.       
  40:all cross sectns. for each Elab.    45:scat phase shift as E functions.   
  56:Fusion for each Jtotal.             75:S-factors for lab energies.        
 201:Separate cross sections.           202:Separate cross sections.           

 PARAMETERS : MAXQRN   MFNL   MLOC  LMAX1 MCLIST
    ALLOWED :      1     36      9     70     15
    REQUIRED:      0      0      9     54      9


 ACCURACY ANALYSIS at    35.000 MeV :

  Elastic h*k = 0.037 so OK       compared with 0.200

   Real(S-el) > 0.01 first at J =       0.5
   Real(S-el) > 0.10 first at J =       0.5
   Real(S-el) > 0.50 first at J =       5.5
   Real(S-el) > 0.90 first at J =       6.5
   Real(S-el) > 0.99 first at J =       8.5
   R-turn =    41.01 fm    at J =      50.5

 Forward-angle excitation cut off below   0.480 deg by max JT =      50.5
                              and below   0.330 deg by max R.

 Total CPU  0 time =       0.37 seconds
