 FRESCO - FRES 3.4: Coupled Reaction Channels
 Assuming NAMELIST input.

 p+O20 1st with BG ;                                                             

   0.030  60.000   0.500   0.000   0.000   0.000   0.000   0.000   0.000   0.000

 Centre-of-mass Range is   2002 * 0.0300 fm., Maximum at  60.00 fm., Interpolating NL forms every  0.51 fm.
 Non - locality width is      4 * 0.0300 fm., Maximum of   0.09 fm., Centred at  0.00 fm.
 2-Nucleon Separation of      0 * 0.5100 fm., Maximum of   0.00 fm., Minimum at  0.00 fm.
 Maximum single particle bins of 59.6700 fm.
               M,Mint =         2001        1990


 Range of total J is     0.0 <= J <=    50.0 (at least     0.0) and Absorbtion =>    -1.0000 mb.
 Dry Run = F, CC set limits =  0  0, Relativistic kinematics =  , Both/Far/Near Analyses =  1                     

 Cross Sections (and up to T0 for 0=projectile) for Theta from   3.0 to-180.0 in steps of  1.0 degrees, DGAM=0,  Coordinates = 0 (Mads)

 Lower Radial Cutoff = maximum of -1.60*L*h &       0.0 fm.,  Lower Cutoff for Couplings =   0.0  fm.


 Iterate Couplings between   0 and   1 times, to  0.000 % if sooner.                                          
  Block solved exactly =   2 chs., with Pade = 0 & Isocen =  =0, NOSOL = F, initwf =  0
  NL quadrature with   18 Gaussian points, Calculate multipoles up to    56 from   0
  M-transfers for lp+lt greater than or equal to  6, Angular Integration Cutoff below  2.7778 %


 Trace switches are :  CHANS =  1, LISTCC =  0, TRENEG =  0, CDETR =  0, SMATS =  2, XSTABL =  1, NLPL =  0

                       WAVES =  0, LAMPL =  0, VEFF =  0, KFUS =  0, WDISK =  0, BPM =  0, MELFIL =  0

                       CDCC =  0, NFUS =  0

 Using unit mass = 1.000000 amu and 1/fine-structure constant = 137.03599 ( 1.000000 * true ) with hc = 197.32705 MeV.fm,
  thus 2*amu/hbar^2 = 0.0478450 = 1/20.9008 and Coulomb constant = 0.1574855 so e^2 = 1.43997, and nuclear magneton= 0.1261183

 Now pre-scan input and save to file 3



 *********** PARTITION NUMBER  1 ******************************************************************************************

   PROJ=p          MASS=  1.0073 Z=   1.0,        # STATES=    2T, TARG=O20      MASS= 19.9997 Z=   8.0,     Q-VALUE =  -0.0000 MEV.

     1:  J= 0.5+ (B# 1), E=  0.0000, K= 0.5              Potl#  1       J= 0.0+ (B# 1), E=  0.0000, K= 0.0    

     2:  J= 0.5+ (B# 1), E=  0.0000, K= 0.5              Potl#  1       J= 2.0+ (B# 1), E=  1.6700, K= 0.0    
                                  (Just State  1)


 ************************************************************************************************************************************

 The following POTENTIALS are defined :

  KP#       TYPE      IT    SHAPE      at     V1        r1        a1        V2        r2        a2        A-in     A-used


                                            A#1       A#2        r0c       ac                                                h @ 1
    1    0=Coulomb       0=CHARGE (WS)  1    20.000     0.000    1.2000    0.0000    0.0000    0.0000     0.000    20.000   0.03000

                                           Mn(E1)    Mn(E2)    Mn(E3)  .....
    1   11=Target defm  10=derivatives  2    0.0000    5.3000    0.0000    0.0000    0.0000    0.0000     0.000     3.257= RADIUS

              At    2 is k =  2 (Potl. beta = 0.26155)
                                     Beta of targ. = 0.26155 (using radius of 3.257 fm.).

    1    1=Volume        0=Woods-Saxon  3   46.1325    1.1700    0.7500    0.0000    0.0000    0.0000     0.000    20.000

                                            Def1      Def2      Def3   .....
    1   11=Target defm  10=derivatives  4    0.0000    2.7313    0.0000    0.0000    0.0000    0.0000     0.000     3.176= RADIUS

              At    4 is k =  2 (Potl. beta = 0.86000)
                                     Beta of targ. = 0.86000 (using radius of 3.176 fm.).

    1    1=Volume        0=Woods-Saxon  5    0.0000    0.0000    0.0000    6.8194    1.3200    0.6500     0.000    20.000

                                            Def1      Def2      Def3   .....
    1   11=Target defm  10=derivatives  6    0.0000    3.0814    0.0000    0.0000    0.0000    0.0000     0.000     3.583= RADIUS

              At    6 is k =  2 (Potl. beta = 0.86000)
                                     Beta of targ. = 0.86000 (using radius of 3.583 fm.).

    1    2=Surface       0=Woods-Saxon  7    0.0000    0.0000    0.0000    3.3825    1.3200    0.6500     0.000    20.000

                                            Def1      Def2      Def3   .....
    1   11=Target defm  10=derivatives  8    0.0000    3.0814    0.0000    0.0000    0.0000    0.0000     0.000     3.583= RADIUS

              At    8 is k =  2 (Potl. beta = 0.86000)
                                     Beta of targ. = 0.86000 (using radius of 3.583 fm.).

    1    3=Projtl S.O.   0=Woods-Saxon  9    3.1000    1.0100    0.7500    0.0000    0.0000    0.0000     0.000    20.000

 Incoming partition  1 in excitation state # 1,   Laboratory Energy given for partition  1 Nucleus 1 in Excitation pair 1

0Lab. ENERGY ranges :

   from    43.2700     to   0.00000     in     0 intervals
   from    0.00000     to   0.00000     in     0 intervals
   from    0.00000     to   0.00000     in     0 intervals

 Largest real,imaginary parts of any form factor at R=   59.52 are   2.42E-02  3.62E-32 MeV
 Finished all Couplings @    6.19999948E-04           9

 Symmetric Hamiltonian
1***********************************************************************************************************************************
************************************************************************************************************************************

        INCOMING p        ;    LABORATORY p        ENERGY =   43.270     MeV.

 ***********************************************************************************************************************************
 ***********************************************************************************************************************************

 Allocate arrays for            3  channels, of which            3  need wfs.

 ######################################################################################################################
 #                                                                                                                    #
 # Total SPIN and PARITY =     0.5 +,      3 channels,    3 in 1st block.  Rmin & Coul turning =    0.0    0.3 fm.  #
 #                                                                                                                    #
 ######################################################################################################################



    C Projectl Target   #   EX.   (L  Proj) J  + Targ = Jtotal     E-cm      Re K     Re Eta     RM*K            CH
    1 p        O20      #    1: I   0 0.5    0.5  0.0     0.5    41.19522   1.37482   0.19223   82.4893   0.13909   0.48087 1 1 1   1
    2 p        O20      #    2:     2 0.5    1.5  2.0     0.5    39.52522   1.34667   0.19624   80.8000  -0.49870   0.04495 1 1 1   2
    3 p        O20      #    2:     2 0.5    2.5  2.0     0.5    39.52522   1.34667   0.19624   80.8000  -0.49870   0.04495 1 1 1   2
   S-matrix    1 =   -0.06293  -0.33942 for L=    0, J=    0.5 channel on core I =   0.0 from L=    0,  Acc. loss =  0.0 D.
 Elastic phase shift   1 =  -50.252  30.470 deg. for the L =    0, J =    0.5 channel.
       0.5 -0.06293282 -0.33941885i: elastic S-matrix  @@      0.00  0   0 F  0
 Reaction Xsec     0.5+/ 0 @ 1 =  14.640 , Out:   0.000#   1.406   13.235f


 Total SPIN, PARITY =     0.5 -,      3 chs,      3 cc.  Rmin & Coul turning =    0.0    0.3
   S-matrix    1 =   -0.22640  -0.22099 for L=    1, J=    0.5 channel on core I =   0.0 from L=    1,  Acc. loss =  0.0 D.
 Elastic phase shift   1 =  -67.846  32.969 deg. for the L =    1, J =    0.5 channel.
       0.5 -0.22639804 -0.22099460i: elastic S-matrix  @@      0.00  0   0 F  0
 Reaction Xsec     0.5-/ 1 @ 1 =  14.957 , Out:   0.000#   1.215   13.742f

 Allocate arrays for            5  channels, of which            5  need wfs.

 Total SPIN, PARITY =     1.5 +,      5 chs,      5 cc.  Rmin & Coul turning =    0.0    1.2
   S-matrix    1 =   -0.33320  -0.10458 for L=    2, J=    1.5 channel on core I =   0.0 from L=    2,  Acc. loss =  0.0 D.
 Elastic phase shift   1 =  -81.288  30.138 deg. for the L =    2, J =    1.5 channel.
       1.5 -0.33320470 -0.10458018i: elastic S-matrix  @@      0.00  0   0 F  0
 Reaction Xsec     1.5+/ 2 @ 1 =  29.188 , Out:   0.000#   2.921   26.267f


 Total SPIN, PARITY =     1.5 -,      5 chs,      5 cc.  Rmin & Coul turning =    0.0    1.2
   S-matrix    1 =   -0.16058  -0.28083 for L=    1, J=    1.5 channel on core I =   0.0 from L=    1,  Acc. loss =  0.0 D.
 Elastic phase shift   1 =  -59.881  32.331 deg. for the L =    1, J =    1.5 channel.
       1.5 -0.16057945 -0.28082637i: elastic S-matrix  @@      0.00  0   0 F  0
 Reaction Xsec     1.5-/ 1 @ 1 =  29.763 , Out:   0.000#   2.389   27.375f

 Allocate arrays for            6  channels, of which            6  need wfs.

 Total SPIN, PARITY =     2.5 +,      6 chs,      6 cc.  Rmin & Coul turning =    0.1    1.9
   S-matrix    1 =   -0.26566  -0.22550 for L=    2, J=    2.5 channel on core I =   0.0 from L=    2,  Acc. loss =  0.0 D.
 Elastic phase shift   1 =  -69.837  30.202 deg. for the L =    2, J =    2.5 channel.
       2.5 -0.26565571 -0.22550151i: elastic S-matrix  @@      0.00  0   0 F  0
 Reaction Xsec     2.5+/ 2 @ 1 =  43.808 , Out:   0.000#   4.188   39.620f


 Total SPIN, PARITY =     2.5 -,      6 chs,      6 cc.  Rmin & Coul turning =    0.1    1.9
   S-matrix    1 =   -0.31418   0.01245 for L=    3, J=    2.5 channel on core I =   0.0 from L=    3,  Acc. loss =  0.0 D.
 Elastic phase shift   1 =   88.865  33.146 deg. for the L =    3, J =    2.5 channel.
       2.5 -0.31417777  0.01245432i: elastic S-matrix  @@      0.00  0   0 F  0
 Reaction Xsec     2.5-/ 3 @ 1 =  44.933 , Out:   0.000#   4.005   40.928f


 Total SPIN, PARITY =     3.5 +,      6 chs,      6 cc.  Rmin & Coul turning =    0.1    2.7
   S-matrix    1 =   -0.06976   0.16888 for L=    4, J=    3.5 channel on core I =   0.0 from L=    4,  Acc. loss =  0.0 D.
 Elastic phase shift   1 =   56.222  48.695 deg. for the L =    4, J =    3.5 channel.
       3.5 -0.06976133  0.16888426i: elastic S-matrix  @@      0.00  0   0 F  0
 Reaction Xsec     3.5+/ 4 @ 1 =  64.264 , Out:   0.000#   8.565   55.699f


 Total SPIN, PARITY =     3.5 -,      6 chs,      6 cc.  Rmin & Coul turning =    0.1    2.7
   S-matrix    1 =   -0.31931  -0.14691 for L=    3, J=    3.5 channel on core I =   0.0 from L=    3,  Acc. loss =  0.0 D.
 Elastic phase shift   1 =  -77.647  29.954 deg. for the L =    3, J =    3.5 channel.
       3.5 -0.31930743 -0.14690552i: elastic S-matrix  @@      0.00  0   0 F  0
 Reaction Xsec     3.5-/ 3 @ 1 =  58.271 , Out:   0.000#   4.958   53.313f


 Total SPIN, PARITY =     4.5 +,      6 chs,      6 cc.  Rmin & Coul turning =    0.2    3.4
   S-matrix    1 =   -0.20027   0.05748 for L=    4, J=    4.5 channel on core I =   0.0 from L=    4,  Acc. loss =  0.0 D.
 Elastic phase shift   1 =   81.993  44.935 deg. for the L =    4, J =    4.5 channel.
       4.5 -0.20026640  0.05748236i: elastic S-matrix  @@      0.00  0   0 F  0
 Reaction Xsec     4.5+/ 4 @ 1 =  79.497 , Out:   0.000#   9.337   70.160f


 Total SPIN, PARITY =     4.5 -,      6 chs,      6 cc.  Rmin & Coul turning =    0.2    3.4
   S-matrix    1 =    0.33863   0.27595 for L=    5, J=    4.5 channel on core I =   0.0 from L=    5,  Acc. loss =  0.1 D.
 Elastic phase shift   1 =   19.588  23.727 deg. for the L =    5, J =    4.5 channel.
       4.5  0.33862861  0.27594919i: elastic S-matrix  @@      0.00  0   0 F  0
 Reaction Xsec     4.5-/ 5 @ 1 =  67.247 , Out:   0.000#   9.549   57.699f


 Total SPIN, PARITY =     5.5 +,      6 chs,      6 cc.  Rmin & Coul turning =    0.2    4.1
   S-matrix    1 =    0.70525   0.22587 for L=    6, J=    5.5 channel on core I =   0.0 from L=    6,  Acc. loss =  0.0 D.
 Elastic phase shift   1 =    8.880   8.605 deg. for the L =    6, J =    5.5 channel.
       5.5  0.70524583  0.22587361i: elastic S-matrix  @@      0.00  0   0 F  0
 Reaction Xsec     5.5+/ 6 @ 1 =  45.037 , Out:   0.000#   5.918   39.119f


 Total SPIN, PARITY =     5.5 -,      6 chs,      6 cc.  Rmin & Coul turning =    0.2    4.1
   S-matrix    1 =    0.16979   0.29502 for L=    5, J=    5.5 channel on core I =   0.0 from L=    5,  Acc. loss =  0.1 D.
 Elastic phase shift   1 =   30.039  30.872 deg. for the L =    5, J =    5.5 channel.
       5.5  0.16979453  0.29502152i: elastic S-matrix  @@      0.00  0   0 F  0
 Reaction Xsec     5.5-/ 5 @ 1 =  88.171 , Out:   0.000#  12.451   75.720f


 Total SPIN, PARITY =     6.5 +,      6 chs,      6 cc.  Rmin & Coul turning =    0.3    4.9
   S-matrix    1 =    0.62692   0.30955 for L=    6, J=    6.5 channel on core I =   0.0 from L=    6,  Acc. loss =  0.0 D.
 Elastic phase shift   1 =   13.139  10.252 deg. for the L =    6, J =    6.5 channel.
       6.5  0.62691898  0.30954778i: elastic S-matrix  @@      0.00  0   0 F  0
 Reaction Xsec     6.5+/ 6 @ 1 =  59.471 , Out:   0.000#   7.324   52.147f


 Total SPIN, PARITY =     6.5 -,      6 chs,      6 cc.  Rmin & Coul turning =    0.3    4.9
   S-matrix    1 =    0.88685   0.12355 for L=    7, J=    6.5 channel on core I =   0.0 from L=    7,  Acc. loss =  0.1 D.
 Elastic phase shift   1 =    3.965   3.165 deg. for the L =    7, J =    6.5 channel.
       6.5  0.88684854  0.12354784i: elastic S-matrix  @@      0.00  0   0 F  0
 Reaction Xsec     6.5-/ 7 @ 1 =  23.064 , Out:   0.000#   3.252   19.812f


 Total SPIN, PARITY =     7.5 +,      6 chs,      6 cc.  Rmin & Coul turning =    0.3    5.6
   S-matrix    1 =    0.95863   0.05959 for L=    8, J=    7.5 channel on core I =   0.0 from L=    8,  Acc. loss =  0.0 D.
 Elastic phase shift   1 =    1.778   1.155 deg. for the L =    8, J =    7.5 channel.
       7.5  0.95863405  0.05958580i: elastic S-matrix  @@      0.00  0   0 F  0
 Reaction Xsec     7.5+/ 8 @ 1 =  10.301 , Out:   0.000#   1.162    9.139f


 Total SPIN, PARITY =     7.5 -,      6 chs,      6 cc.  Rmin & Coul turning =    0.3    5.6
   S-matrix    1 =    0.86984   0.17344 for L=    7, J=    7.5 channel on core I =   0.0 from L=    7,  Acc. loss =  0.1 D.
 Elastic phase shift   1 =    5.638   3.436 deg. for the L =    7, J =    7.5 channel.
       7.5  0.86983997  0.17343680i: elastic S-matrix  @@      0.00  0   0 F  0
 Reaction Xsec     7.5-/ 7 @ 1 =  28.362 , Out:   0.000#   3.818   24.544f


 Total SPIN, PARITY =     8.5 +,      6 chs,      6 cc.  Rmin & Coul turning =    0.4    6.3
   S-matrix    1 =    0.95509   0.08153 for L=    8, J=    8.5 channel on core I =   0.0 from L=    8,  Acc. loss =  0.0 D.
 Elastic phase shift   1 =    2.440   1.212 deg. for the L =    8, J =    8.5 channel.
       8.5  0.95509333  0.08152992i: elastic S-matrix  @@      0.00  0   0 F  0
 Reaction Xsec     8.5+/ 8 @ 1 =  12.139 , Out:   0.000#   1.420   10.719f


 Total SPIN, PARITY =     8.5 -,      6 chs,      6 cc.  Rmin & Coul turning =    0.4    6.3
   S-matrix    1 =    0.98576   0.02649 for L=    9, J=    8.5 channel on core I =   0.0 from L=    9,  Acc. loss =  0.1 D.
 Elastic phase shift   1 =    0.770   0.400 deg. for the L =    9, J =    8.5 channel.
       8.5  0.98576180  0.02648532i: elastic S-matrix  @@      0.00  0   0 F  0
 Reaction Xsec     8.5-/ 9 @ 1 =   4.125 , Out:   0.000#   0.266    3.859f


 Total SPIN, PARITY =     9.5 +,      6 chs,      6 cc.  Rmin & Coul turning =    0.4    7.0
   S-matrix    1 =    0.99515   0.01115 for L=   10, J=    9.5 channel on core I =   0.0 from L=   10,  Acc. loss =  0.1 D.
 Elastic phase shift   1 =    0.321   0.137 deg. for the L =   10, J =    9.5 channel.
       9.5  0.99515017  0.01114819i: elastic S-matrix  @@      0.00  0   0 F  0
 Reaction Xsec     9.5+/10 @ 1 =   1.588 , Out:   0.000#   0.048    1.540f


 Total SPIN, PARITY =     9.5 -,      6 chs,      6 cc.  Rmin & Coul turning =    0.4    7.0
   S-matrix    1 =    0.98509   0.03574 for L=    9, J=    9.5 channel on core I =   0.0 from L=    9,  Acc. loss =  0.1 D.
 Elastic phase shift   1 =    1.039   0.412 deg. for the L =    9, J =    9.5 channel.
       9.5  0.98508869  0.03573768i: elastic S-matrix  @@      0.00  0   0 F  0
 Reaction Xsec     9.5-/ 9 @ 1 =   4.708 , Out:   0.000#   0.316    4.392f


 Total SPIN, PARITY =    10.5 +,      6 chs,      6 cc.  Rmin & Coul turning =    0.5    7.8
   S-matrix    1 =    0.99504   0.01495 for L=   10, J=   10.5 channel on core I =   0.0 from L=   10,  Acc. loss =  0.1 D.
 Elastic phase shift   1 =    0.430   0.139 deg. for the L =   10, J =   10.5 channel.
      10.5  0.99503742  0.01494991i: elastic S-matrix  @@      0.00  0   0 F  0
 Reaction Xsec    10.5+/10 @ 1 =   1.769 , Out:   0.000#   0.055    1.715f


 Total SPIN, PARITY =    10.5 -,      6 chs,      6 cc.  Rmin & Coul turning =    0.5    7.8
   S-matrix    1 =    0.99832   0.00459 for L=   11, J=   10.5 channel on core I =   0.0 from L=   11,  Acc. loss =  0.1 D.
 Elastic phase shift   1 =    0.132   0.048 deg. for the L =   11, J =   10.5 channel.
      10.5  0.99832448  0.00458605i: elastic S-matrix  @@      0.00  0   0 F  0
 Reaction Xsec    10.5-/11 @ 1 =   0.608 , Out:   0.000#   7.335/   0.601f


 Total SPIN, PARITY =    11.5 +,      6 chs,      6 cc.  Rmin & Coul turning =    0.5    8.5
   S-matrix    1 =    0.99941   0.00187 for L=   12, J=   11.5 channel on core I =   0.0 from L=   12,  Acc. loss =  0.0 D.
 Elastic phase shift   1 =    0.054   0.017 deg. for the L =   12, J =   11.5 channel.
      11.5  0.99941343  0.00187007i: elastic S-matrix  @@      0.00  0   0 F  0
 Reaction Xsec    11.5+/12 @ 1 =   0.233 , Out:   0.000#   0.892/   0.232f


 Total SPIN, PARITY =    11.5 -,      6 chs,      6 cc.  Rmin & Coul turning =    0.5    8.5
   S-matrix    1 =    0.99831   0.00614 for L=   11, J=   11.5 channel on core I =   0.0 from L=   11,  Acc. loss =  0.1 D.
 Elastic phase shift   1 =    0.176   0.048 deg. for the L =   11, J =   11.5 channel.
      11.5  0.99830611  0.00613896i: elastic S-matrix  @@      0.00  0   0 F  0
 Reaction Xsec    11.5-/11 @ 1 =   0.668 , Out:   0.000#   8.166/   0.659f


 Total SPIN, PARITY =    12.5 +,      6 chs,      6 cc.  Rmin & Coul turning =    0.6    9.2
   S-matrix    1 =    0.99941   0.00250 for L=   12, J=   12.5 channel on core I =   0.0 from L=   12,  Acc. loss =  0.0 D.
 Elastic phase shift   1 =    0.072   0.017 deg. for the L =   12, J =   12.5 channel.
      12.5  0.99941043  0.00250363i: elastic S-matrix  @@      0.00  0   0 F  0
 Reaction Xsec    12.5+/12 @ 1 =   0.253 , Out:   0.000#   0.978/   0.252f


 Total SPIN, PARITY =    12.5 -,      6 chs,      6 cc.  Rmin & Coul turning =    0.6    9.2
   S-matrix    1 =    0.99979   0.00076 for L=   13, J=   12.5 channel on core I =   0.0 from L=   13,  Acc. loss =  0.0 D.
 Elastic phase shift   1 =    0.022   0.006 deg. for the L =   13, J =   12.5 channel.
      12.5  0.99979300  0.00075956i: elastic S-matrix  @@      0.00  0   0 F  0
 Reaction Xsec    12.5-/13 @ 1 =   0.089 , Out:   0.000#   0.105/   0.089f


 Total SPIN, PARITY =    13.5 +,      6 chs,      6 cc.  Rmin & Coul turning =    0.6   10.0
   S-matrix    1 =    0.99993   0.00031 for L=   14, J=   13.5 channel on core I =   0.0 from L=   14,  Acc. loss =  0.0 D.
 Elastic phase shift   1 =    0.009   0.002 deg. for the L =   14, J =   13.5 channel.
      13.5  0.99992660  0.00030777i: elastic S-matrix  @@      0.00  0   0 F  0
 Reaction Xsec    13.5+/14 @ 1 =   0.034 , Out:   0.000#   0.087/   0.034f


 Total SPIN, PARITY =    13.5 -,      6 chs,      6 cc.  Rmin & Coul turning =    0.6   10.0
   S-matrix    1 =    0.99979   0.00102 for L=   13, J=   13.5 channel on core I =   0.0 from L=   13,  Acc. loss =  0.0 D.
 Elastic phase shift   1 =    0.029   0.006 deg. for the L =   13, J =   13.5 channel.
      13.5  0.99979251  0.00101768i: elastic S-matrix  @@      0.00  0   0 F  0
 Reaction Xsec    13.5-/13 @ 1 =   0.096 , Out:   0.000#   0.114/   0.096f


 Total SPIN, PARITY =    14.5 +,      6 chs,      6 cc.  Rmin & Coul turning =    0.7   10.7
   S-matrix    1 =    0.99993   0.00041 for L=   14, J=   14.5 channel on core I =   0.0 from L=   14,  Acc. loss =  0.0 D.
 Elastic phase shift   1 =    0.012   0.002 deg. for the L =   14, J =   14.5 channel.
      14.5  0.99992652  0.00041274i: elastic S-matrix  @@      0.00  0   0 F  0
 Reaction Xsec    14.5+/14 @ 1 =   0.037 , Out:   0.000#   0.093/   0.037f


 Total SPIN, PARITY =    14.5 -,      6 chs,      6 cc.  Rmin & Coul turning =    0.7   10.7
   S-matrix    1 =    0.99997   0.00012 for L=   15, J=   14.5 channel on core I =   0.0 from L=   15,  Acc. loss =  0.2 D.
 Elastic phase shift   1 =    0.004   0.001 deg. for the L =   15, J =   14.5 channel.
      14.5  0.99997385  0.00012447i: elastic S-matrix  @@      0.00  0   0 F  0
 Reaction Xsec    14.5-/15 @ 1 =   0.013 , Out:   0.000#   0.116/   0.013f


 Total SPIN, PARITY =    15.5 +,      6 chs,      6 cc.  Rmin & Coul turning =    0.7   11.4
   S-matrix    1 =    0.99999   0.00005 for L=   16, J=   15.5 channel on core I =   0.0 from L=   16,  Acc. loss =  0.0 D.
 Elastic phase shift   1 =    0.001   0.000 deg. for the L =   16, J =   15.5 channel.
      15.5  0.99999061  0.00005026i: elastic S-matrix  @@      0.00  0   0 F  0
 Reaction Xsec    15.5+/16 @ 1 =   4.996/, Out:   0.000#   0.122/   0.005f


 Total SPIN, PARITY =    15.5 -,      6 chs,      6 cc.  Rmin & Coul turning =    0.7   11.4
   S-matrix    1 =    0.99997   0.00017 for L=   15, J=   15.5 channel on core I =   0.0 from L=   15,  Acc. loss =  0.2 D.
 Elastic phase shift   1 =    0.005   0.001 deg. for the L =   15, J =   15.5 channel.
      15.5  0.99997384  0.00016708i: elastic S-matrix  @@      0.00  0   0 F  0
 Reaction Xsec    15.5-/15 @ 1 =   0.014 , Out:   0.000#   0.124/   0.014f


 Total SPIN, PARITY =    16.5 +,      6 chs,      6 cc.  Rmin & Coul turning =    0.8   12.1
   S-matrix    1 =    0.99999   0.00007 for L=   16, J=   16.5 channel on core I =   0.0 from L=   16,  Acc. loss =  0.0 D.
 Elastic phase shift   1 =    0.002   0.000 deg. for the L =   16, J =   16.5 channel.
      16.5  0.99999060  0.00006752i: elastic S-matrix  @@      0.00  0   0 F  0
 Reaction Xsec    16.5+/16 @ 1 =   5.308/, Out:   0.000#   0.130/   0.005f


 Total SPIN, PARITY =    16.5 -,      6 chs,      6 cc.  Rmin & Coul turning =    0.8   12.1
   S-matrix    1 =    1.00000   0.00002 for L=   17, J=   16.5 channel on core I =   0.0 from L=   17,  Acc. loss =  0.0 D.
 Elastic phase shift   1 =    0.001   0.000 deg. for the L =   17, J =   16.5 channel.
      16.5  0.99999656  0.00002027i: elastic S-matrix  @@      0.00  0   0 F  0
 Reaction Xsec    16.5-/17 @ 1 =   1.943/, Out:   0.000#   0.114/   0.002f


 Total SPIN, PARITY =    17.5 +,      6 chs,      6 cc.  Rmin & Coul turning =    0.8   12.9
   S-matrix    1 =    1.00000   0.00001 for L=   18, J=   17.5 channel on core I =   0.0 from L=   18,  Acc. loss =  0.0 D.
 Elastic phase shift   1 =    0.000   0.000 deg. for the L =   18, J =   17.5 channel.
      17.5  0.99999869  0.00000817i: elastic S-matrix  @@      0.00  0   0 F  0
 Reaction Xsec    17.5+/18 @ 1 =   0.785/, Out:   0.000#   0.102/   0.001f


 Total SPIN, PARITY =    17.5 -,      6 chs,      6 cc.  Rmin & Coul turning =    0.8   12.9
   S-matrix    1 =    1.00000   0.00003 for L=   17, J=   17.5 channel on core I =   0.0 from L=   17,  Acc. loss =  0.0 D.
 Elastic phase shift   1 =    0.001   0.000 deg. for the L =   17, J =   17.5 channel.
      17.5  0.99999656  0.00002725i: elastic S-matrix  @@      0.00  0   0 F  0
 Reaction Xsec    17.5-/17 @ 1 =   2.058/, Out:   0.000#   0.121/   0.002f


 Total SPIN, PARITY =    18.5 +,      6 chs,      6 cc.  Rmin & Coul turning =    0.8   13.6
   S-matrix    1 =    1.00000   0.00001 for L=   18, J=   18.5 channel on core I =   0.0 from L=   18,  Acc. loss =  0.0 D.
 Elastic phase shift   1 =    0.000   0.000 deg. for the L =   18, J =   18.5 channel.
      18.5  0.99999869  0.00001098i: elastic S-matrix  @@      0.00  0   0 F  0
 Reaction Xsec    18.5+/18 @ 1 =   0.829/, Out:   0.000#   0.107/   0.001f


 Total SPIN, PARITY =    18.5 -,      6 chs,      6 cc.  Rmin & Coul turning =    0.8   13.6
   S-matrix    1 =    1.00000   0.00000 for L=   19, J=   18.5 channel on core I =   0.0 from L=   19,  Acc. loss =  0.0 D.
 Elastic phase shift   1 =    0.000   0.000 deg. for the L =   19, J =   18.5 channel.
      18.5  0.99999946  0.00000329i: elastic S-matrix  @@      0.00  0   0 F  0
 Reaction Xsec    18.5-/19 @ 1 =   0.343/, Out:   0.000#   0.089/   0.000f


 Total SPIN, PARITY =    19.5 +,      6 chs,      6 cc.  Rmin & Coul turning =    0.9   14.3
   S-matrix    1 =    1.00000   0.00000 for L=   20, J=   19.5 channel on core I =   0.0 from L=   20,  Acc. loss =  0.0 D.
 Elastic phase shift   1 =    0.000   0.000 deg. for the L =   20, J =   19.5 channel.
      19.5  0.99999974  0.00000132i: elastic S-matrix  @@      0.00  0   0 F  0
 Reaction Xsec    19.5+/20 @ 1 =   0.172/, Out:   0.000#   0.078/   0.000f


 Total SPIN, PARITY =    19.5 -,      6 chs,      6 cc.  Rmin & Coul turning =    0.9   14.3
   S-matrix    1 =    1.00000   0.00000 for L=   19, J=   19.5 channel on core I =   0.0 from L=   19,  Acc. loss =  0.0 D.
 Elastic phase shift   1 =    0.000   0.000 deg. for the L =   19, J =   19.5 channel.
      19.5  0.99999946  0.00000442i: elastic S-matrix  @@      0.00  0   0 F  0
 Reaction Xsec    19.5-/19 @ 1 =   0.361/, Out:   0.000#   0.094/   0.000f


 Total SPIN, PARITY =    20.5 +,      6 chs,      6 cc.  Rmin & Coul turning =    1.0   15.0
   S-matrix    1 =    1.00000   0.00000 for L=   20, J=   20.5 channel on core I =   0.0 from L=   20,  Acc. loss =  0.0 D.
 Elastic phase shift   1 =    0.000   0.000 deg. for the L =   20, J =   20.5 channel.
      20.5  0.99999974  0.00000178i: elastic S-matrix  @@      0.00  0   0 F  0
 Reaction Xsec    20.5+/20 @ 1 =   0.181/, Out:   0.000#   0.082/   0.000f


 Total SPIN, PARITY =    20.5 -,      6 chs,      6 cc.  Rmin & Coul turning =    1.0   15.0
   S-matrix    1 =    1.00000   0.00000 for L=   21, J=   20.5 channel on core I =   0.0 from L=   21,  Acc. loss =  0.0 D.
 Elastic phase shift   1 =    0.000   0.000 deg. for the L =   21, J =   20.5 channel.
      20.5  0.99999985  0.00000054i: elastic S-matrix  @@      0.00  0   0 F  0
 Reaction Xsec    20.5-/21 @ 1 =   0.103/, Out:   0.000#   0.068/   0.000f


 Total SPIN, PARITY =    21.5 +,      6 chs,      6 cc.  Rmin & Coul turning =    1.0   15.8
   S-matrix    1 =    1.00000   0.00000 for L=   22, J=   21.5 channel on core I =   0.0 from L=   22,  Acc. loss =  0.0 D.
 Elastic phase shift   1 =    0.000   0.000 deg. for the L =   22, J =   21.5 channel.
      21.5  0.99999990  0.00000022i: elastic S-matrix  @@      0.00  0   0 F  0
 Reaction Xsec    21.5+/22 @ 1 =   0.073/, Out:   0.000#   0.060/   0.000f


 Total SPIN, PARITY =    21.5 -,      6 chs,      6 cc.  Rmin & Coul turning =    1.0   15.8
   S-matrix    1 =    1.00000   0.00000 for L=   21, J=   21.5 channel on core I =   0.0 from L=   21,  Acc. loss =  0.0 D.
 Elastic phase shift   1 =    0.000   0.000 deg. for the L =   21, J =   21.5 channel.
      21.5  0.99999985  0.00000072i: elastic S-matrix  @@      0.00  0   0 F  0
 Reaction Xsec    21.5-/21 @ 1 =   0.108/, Out:   0.000#   0.071/   0.000f


 Total SPIN, PARITY =    22.5 +,      6 chs,      6 cc.  Rmin & Coul turning =    1.1   16.5
   S-matrix    1 =    1.00000   0.00000 for L=   22, J=   22.5 channel on core I =   0.0 from L=   22,  Acc. loss =  0.0 D.
 Elastic phase shift   1 =    0.000   0.000 deg. for the L =   22, J =   22.5 channel.
      22.5  0.99999990  0.00000029i: elastic S-matrix  @@      0.00  0   0 F  0
 Reaction Xsec    22.5+/22 @ 1 =   0.076/, Out:   0.000#   0.063/   0.000f


 Total SPIN, PARITY =    22.5 -,      6 chs,      6 cc.  Rmin & Coul turning =    1.1   16.5
   S-matrix    1 =    1.00000   0.00000 for L=   23, J=   22.5 channel on core I =   0.0 from L=   23,  Acc. loss =  0.0 D.
 Elastic phase shift   1 =    0.000   0.000 deg. for the L =   23, J =   22.5 channel.
      22.5  0.99999992  0.00000009i: elastic S-matrix  @@      0.00  0   0 F  0
 Reaction Xsec    22.5-/23 @ 1 =   0.058/, Out:   0.000#   0.053/   0.000f


 Total SPIN, PARITY =    23.5 +,      6 chs,      6 cc.  Rmin & Coul turning =    1.1   17.2
   S-matrix    1 =    1.00000   0.00000 for L=   24, J=   23.5 channel on core I =   0.0 from L=   24,  Acc. loss =  0.0 D.
 Elastic phase shift   1 =    0.000   0.000 deg. for the L =   24, J =   23.5 channel.
      23.5  0.99999994  0.00000004i: elastic S-matrix  @@      0.00  0   0 F  0
 Reaction Xsec    23.5+/24 @ 1 =   0.049/, Out:   0.000#   0.047/   0.000f


 Total SPIN, PARITY =    23.5 -,      6 chs,      6 cc.  Rmin & Coul turning =    1.1   17.2
   S-matrix    1 =    1.00000   0.00000 for L=   23, J=   23.5 channel on core I =   0.0 from L=   23,  Acc. loss =  0.0 D.
 Elastic phase shift   1 =    0.000   0.000 deg. for the L =   23, J =   23.5 channel.
      23.5  0.99999992  0.00000012i: elastic S-matrix  @@      0.00  0   0 F  0
 Reaction Xsec    23.5-/23 @ 1 =   0.060/, Out:   0.000#   0.055/   0.000f


 Total SPIN, PARITY =    24.5 +,      6 chs,      6 cc.  Rmin & Coul turning =    1.1   18.0
   S-matrix    1 =    1.00000   0.00000 for L=   24, J=   24.5 channel on core I =   0.0 from L=   24,  Acc. loss =  0.0 D.
 Elastic phase shift   1 =    0.000   0.000 deg. for the L =   24, J =   24.5 channel.
      24.5  0.99999994  0.00000005i: elastic S-matrix  @@      0.00  0   0 F  0
 Reaction Xsec    24.5+/24 @ 1 =   0.051/, Out:   0.000#   0.049/   0.000f


 Total SPIN, PARITY =    24.5 -,      6 chs,      6 cc.  Rmin & Coul turning =    1.1   18.0
   S-matrix    1 =    1.00000   0.00000 for L=   25, J=   24.5 channel on core I =   0.0 from L=   25,  Acc. loss =  0.0 D.
 Elastic phase shift   1 =    0.000   0.000 deg. for the L =   25, J =   24.5 channel.
      24.5  0.99999995  0.00000002i: elastic S-matrix  @@      0.00  0   0 F  0
 Reaction Xsec    24.5-/25 @ 1 =   0.042/, Out:   0.000#   0.042/   0.000f


 Total SPIN, PARITY =    25.5 +,      6 chs,      6 cc.  Rmin & Coul turning =    1.2   18.7
   S-matrix    1 =    1.00000   0.00000 for L=   26, J=   25.5 channel on core I =   0.0 from L=   26,  Acc. loss =  0.0 D.
 Elastic phase shift   1 =    0.000   0.000 deg. for the L =   26, J =   25.5 channel.
      25.5  0.99999996  0.00000001i: elastic S-matrix  @@      0.00  0   0 F  0
 Reaction Xsec    25.5+/26 @ 1 =   0.037/, Out:   0.000#   0.037/   0.000f


 Total SPIN, PARITY =    25.5 -,      6 chs,      6 cc.  Rmin & Coul turning =    1.2   18.7
   S-matrix    1 =    1.00000   0.00000 for L=   25, J=   25.5 channel on core I =   0.0 from L=   25,  Acc. loss =  0.0 D.
 Elastic phase shift   1 =    0.000   0.000 deg. for the L =   25, J =   25.5 channel.
      25.5  0.99999995  0.00000002i: elastic S-matrix  @@      0.00  0   0 F  0
 Reaction Xsec    25.5-/25 @ 1 =   0.044/, Out:   0.000#   0.043/   0.000f


 Total SPIN, PARITY =    26.5 +,      6 chs,      6 cc.  Rmin & Coul turning =    1.2   19.4
   S-matrix    1 =    1.00000   0.00000 for L=   26, J=   26.5 channel on core I =   0.0 from L=   26,  Acc. loss =  0.0 D.
 Elastic phase shift   1 =    0.000   0.000 deg. for the L =   26, J =   26.5 channel.
      26.5  0.99999996  0.00000001i: elastic S-matrix  @@      0.00  0   0 F  0
 Reaction Xsec    26.5+/26 @ 1 =   0.039/, Out:   0.000#   0.039/   0.000f


 Total SPIN, PARITY =    26.5 -,      6 chs,      6 cc.  Rmin & Coul turning =    1.2   19.4
   S-matrix    1 =    1.00000   0.00000 for L=   27, J=   26.5 channel on core I =   0.0 from L=   27,  Acc. loss =  0.0 D.
 Elastic phase shift   1 =    0.000   0.000 deg. for the L =   27, J =   26.5 channel.
      26.5  0.99999996  0.00000001i: elastic S-matrix  @@      0.00  0   0 F  0
 Reaction Xsec    26.5-/27 @ 1 =   0.033/, Out:   0.000#   0.033/   0.000f


 Total SPIN, PARITY =    27.5 +,      6 chs,      6 cc.  Rmin & Coul turning =    1.3   20.1
   S-matrix    1 =    1.00000   0.00000 for L=   28, J=   27.5 channel on core I =   0.0 from L=   28,  Acc. loss =  0.0 D.
 Elastic phase shift   1 =    0.000   0.000 deg. for the L =   28, J =   27.5 channel.
      27.5  0.99999997  0.00000000i: elastic S-matrix  @@      0.00  0   0 F  0
 Reaction Xsec    27.5+/28 @ 1 =   0.030/, Out:   0.000#   0.030/   0.000f


 Total SPIN, PARITY =    27.5 -,      6 chs,      6 cc.  Rmin & Coul turning =    1.3   20.1
   S-matrix    1 =    1.00000   0.00000 for L=   27, J=   27.5 channel on core I =   0.0 from L=   27,  Acc. loss =  0.0 D.
 Elastic phase shift   1 =    0.000   0.000 deg. for the L =   27, J =   27.5 channel.
      27.5  0.99999996  0.00000001i: elastic S-matrix  @@      0.00  0   0 F  0
 Reaction Xsec    27.5-/27 @ 1 =   0.035/, Out:   0.000#   0.035/   0.000f


 Total SPIN, PARITY =    28.5 +,      6 chs,      6 cc.  Rmin & Coul turning =    1.3   20.9
   S-matrix    1 =    1.00000   0.00000 for L=   28, J=   28.5 channel on core I =   0.0 from L=   28,  Acc. loss =  0.0 D.
 Elastic phase shift   1 =    0.000   0.000 deg. for the L =   28, J =   28.5 channel.
      28.5  0.99999997  0.00000001i: elastic S-matrix  @@      0.00  0   0 F  0
 Reaction Xsec    28.5+/28 @ 1 =   0.031/, Out:   0.000#   0.031/   0.000f


 Total SPIN, PARITY =    28.5 -,      6 chs,      6 cc.  Rmin & Coul turning =    1.3   20.9
   S-matrix    1 =    1.00000   0.00000 for L=   29, J=   28.5 channel on core I =   0.0 from L=   29,  Acc. loss =  0.0 D.
 Elastic phase shift   1 =    0.000   0.000 deg. for the L =   29, J =   28.5 channel.
      28.5  0.99999997  0.00000000i: elastic S-matrix  @@      0.00  0   0 F  0
 Reaction Xsec    28.5-/29 @ 1 =   0.027/, Out:   0.000#   0.027/   0.000f


 Total SPIN, PARITY =    29.5 +,      6 chs,      6 cc.  Rmin & Coul turning =    1.4   21.6
   S-matrix    1 =    1.00000   0.00000 for L=   30, J=   29.5 channel on core I =   0.0 from L=   30,  Acc. loss =  0.0 D.
 Elastic phase shift   1 =    0.000   0.000 deg. for the L =   30, J =   29.5 channel.
      29.5  0.99999998  0.00000000i: elastic S-matrix  @@      0.00  0   0 F  0
 Reaction Xsec    29.5+/30 @ 1 =   0.025/, Out:   0.000#   0.025/   0.000f


 Total SPIN, PARITY =    29.5 -,      6 chs,      6 cc.  Rmin & Coul turning =    1.4   21.6
   S-matrix    1 =    1.00000   0.00000 for L=   29, J=   29.5 channel on core I =   0.0 from L=   29,  Acc. loss =  0.0 D.
 Elastic phase shift   1 =    0.000   0.000 deg. for the L =   29, J =   29.5 channel.
      29.5  0.99999997  0.00000000i: elastic S-matrix  @@      0.00  0   0 F  0
 Reaction Xsec    29.5-/29 @ 1 =   0.028/, Out:   0.000#   0.028/   0.000f


 Total SPIN, PARITY =    30.5 +,      6 chs,      6 cc.  Rmin & Coul turning =    1.4   22.3
   S-matrix    1 =    1.00000   0.00000 for L=   30, J=   30.5 channel on core I =   0.0 from L=   30,  Acc. loss =  0.0 D.
 Elastic phase shift   1 =    0.000   0.000 deg. for the L =   30, J =   30.5 channel.
      30.5  0.99999998  0.00000000i: elastic S-matrix  @@      0.00  0   0 F  0
 Reaction Xsec    30.5+/30 @ 1 =   0.025/, Out:   0.000#   0.025/   0.000f


 Total SPIN, PARITY =    30.5 -,      6 chs,      6 cc.  Rmin & Coul turning =    1.4   22.3
   S-matrix    1 =    1.00000   0.00000 for L=   31, J=   30.5 channel on core I =   0.0 from L=   31,  Acc. loss =  0.0 D.
 Elastic phase shift   1 =    0.000   0.000 deg. for the L =   31, J =   30.5 channel.
      30.5  0.99999998  0.00000000i: elastic S-matrix  @@      0.00  0   0 F  0
 Reaction Xsec    30.5-/31 @ 1 =   0.022/, Out:   0.000#   0.022/   0.000f


 Total SPIN, PARITY =    31.5 +,      6 chs,      6 cc.  Rmin & Coul turning =    1.5   23.0
   S-matrix    1 =    1.00000   0.00000 for L=   32, J=   31.5 channel on core I =   0.0 from L=   32,  Acc. loss =  0.0 D.
 Elastic phase shift   1 =    0.000   0.000 deg. for the L =   32, J =   31.5 channel.
      31.5  0.99999998  0.00000000i: elastic S-matrix  @@      0.00  0   0 F  0
 Reaction Xsec    31.5+/32 @ 1 =   0.020/, Out:   0.000#   0.020/   0.000f


 Total SPIN, PARITY =    31.5 -,      6 chs,      6 cc.  Rmin & Coul turning =    1.5   23.0
   S-matrix    1 =    1.00000   0.00000 for L=   31, J=   31.5 channel on core I =   0.0 from L=   31,  Acc. loss =  0.0 D.
 Elastic phase shift   1 =    0.000   0.000 deg. for the L =   31, J =   31.5 channel.
      31.5  0.99999998  0.00000000i: elastic S-matrix  @@      0.00  0   0 F  0
 Reaction Xsec    31.5-/31 @ 1 =   0.023/, Out:   0.000#   0.023/   0.000f


 Total SPIN, PARITY =    32.5 +,      6 chs,      6 cc.  Rmin & Coul turning =    1.5   23.8
   S-matrix    1 =    1.00000   0.00000 for L=   32, J=   32.5 channel on core I =   0.0 from L=   32,  Acc. loss =  0.0 D.
 Elastic phase shift   1 =    0.000   0.000 deg. for the L =   32, J =   32.5 channel.
      32.5  0.99999998  0.00000000i: elastic S-matrix  @@      0.00  0   0 F  0
 Reaction Xsec    32.5+/32 @ 1 =   0.021/, Out:   0.000#   0.021/   0.000f


 Total SPIN, PARITY =    32.5 -,      6 chs,      6 cc.  Rmin & Coul turning =    1.5   23.8
   S-matrix    1 =    1.00000   0.00000 for L=   33, J=   32.5 channel on core I =   0.0 from L=   33,  Acc. loss =  0.0 D.
 Elastic phase shift   1 =    0.000   0.000 deg. for the L =   33, J =   32.5 channel.
      32.5  0.99999998  0.00000000i: elastic S-matrix  @@      0.00  0   0 F  0
 Reaction Xsec    32.5-/33 @ 1 =   0.019/, Out:   0.000#   0.019/   0.000f


 Total SPIN, PARITY =    33.5 +,      6 chs,      6 cc.  Rmin & Coul turning =    1.6   24.5
   S-matrix    1 =    1.00000   0.00000 for L=   34, J=   33.5 channel on core I =   0.0 from L=   34,  Acc. loss =  0.0 D.
 Elastic phase shift   1 =    0.000   0.000 deg. for the L =   34, J =   33.5 channel.
      33.5  0.99999999  0.00000000i: elastic S-matrix  @@      0.00  0   0 F  0
 Reaction Xsec    33.5+/34 @ 1 =   0.017/, Out:   0.000#   0.017/   0.000f


 Total SPIN, PARITY =    33.5 -,      6 chs,      6 cc.  Rmin & Coul turning =    1.6   24.5
   S-matrix    1 =    1.00000   0.00000 for L=   33, J=   33.5 channel on core I =   0.0 from L=   33,  Acc. loss =  0.0 D.
 Elastic phase shift   1 =    0.000   0.000 deg. for the L =   33, J =   33.5 channel.
      33.5  0.99999998  0.00000000i: elastic S-matrix  @@      0.00  0   0 F  0
 Reaction Xsec    33.5-/33 @ 1 =   0.019/, Out:   0.000#   0.019/   0.000f


 Total SPIN, PARITY =    34.5 +,      6 chs,      6 cc.  Rmin & Coul turning =    1.6   25.2
   S-matrix    1 =    1.00000   0.00000 for L=   34, J=   34.5 channel on core I =   0.0 from L=   34,  Acc. loss =  0.0 D.
 Elastic phase shift   1 =    0.000   0.000 deg. for the L =   34, J =   34.5 channel.
      34.5  0.99999999  0.00000000i: elastic S-matrix  @@      0.00  0   0 F  0
 Reaction Xsec    34.5+/34 @ 1 =   0.017/, Out:   0.000#   0.017/   0.000f


 Total SPIN, PARITY =    34.5 -,      6 chs,      6 cc.  Rmin & Coul turning =    1.6   25.2
   S-matrix    1 =    1.00000   0.00000 for L=   35, J=   34.5 channel on core I =   0.0 from L=   35,  Acc. loss =  0.0 D.
 Elastic phase shift   1 =    0.000   0.000 deg. for the L =   35, J =   34.5 channel.
      34.5  0.99999999  0.00000000i: elastic S-matrix  @@      0.00  0   0 F  0
 Reaction Xsec    34.5-/35 @ 1 =   0.015/, Out:   0.000#   0.015/  -0.000f


 Total SPIN, PARITY =    35.5 +,      6 chs,      6 cc.  Rmin & Coul turning =    1.7   26.0
   S-matrix    1 =    1.00000   0.00000 for L=   36, J=   35.5 channel on core I =   0.0 from L=   36,  Acc. loss =  0.0 D.
 Elastic phase shift   1 =    0.000   0.000 deg. for the L =   36, J =   35.5 channel.
      35.5  0.99999999  0.00000000i: elastic S-matrix  @@      0.00  0   0 F  0
 Reaction Xsec    35.5+/36 @ 1 =   0.014/, Out:   0.000#   0.014/  -0.000f


 Total SPIN, PARITY =    35.5 -,      6 chs,      6 cc.  Rmin & Coul turning =    1.7   26.0
   S-matrix    1 =    1.00000   0.00000 for L=   35, J=   35.5 channel on core I =   0.0 from L=   35,  Acc. loss =  0.0 D.
 Elastic phase shift   1 =    0.000   0.000 deg. for the L =   35, J =   35.5 channel.
      35.5  0.99999999  0.00000000i: elastic S-matrix  @@      0.00  0   0 F  0
 Reaction Xsec    35.5-/35 @ 1 =   0.016/, Out:   0.000#   0.016/  -0.000f


 Total SPIN, PARITY =    36.5 +,      6 chs,      6 cc.  Rmin & Coul turning =    1.7   26.7
   S-matrix    1 =    1.00000   0.00000 for L=   36, J=   36.5 channel on core I =   0.0 from L=   36,  Acc. loss =  0.0 D.
 Elastic phase shift   1 =    0.000   0.000 deg. for the L =   36, J =   36.5 channel.
      36.5  0.99999999  0.00000000i: elastic S-matrix  @@      0.00  0   0 F  0
 Reaction Xsec    36.5+/36 @ 1 =   0.015/, Out:   0.000#   0.015/  -0.000f


 Total SPIN, PARITY =    36.5 -,      6 chs,      6 cc.  Rmin & Coul turning =    1.7   26.7
   S-matrix    1 =    1.00000   0.00000 for L=   37, J=   36.5 channel on core I =   0.0 from L=   37,  Acc. loss =  0.0 D.
 Elastic phase shift   1 =    0.000   0.000 deg. for the L =   37, J =   36.5 channel.
      36.5  0.99999999  0.00000000i: elastic S-matrix  @@      0.00  0   0 F  0
 Reaction Xsec    36.5-/37 @ 1 =   0.013/, Out:   0.000#   0.013/  -0.000f


 Total SPIN, PARITY =    37.5 +,      6 chs,      6 cc.  Rmin & Coul turning =    1.8   27.4
   S-matrix    1 =    1.00000   0.00000 for L=   38, J=   37.5 channel on core I =   0.0 from L=   38,  Acc. loss =  0.0 D.
 Elastic phase shift   1 =    0.000   0.000 deg. for the L =   38, J =   37.5 channel.
      37.5  0.99999999  0.00000000i: elastic S-matrix  @@      0.00  0   0 F  0
 Reaction Xsec    37.5+/38 @ 1 =   0.012/, Out:   0.000#   0.012/  -0.000f


 Total SPIN, PARITY =    37.5 -,      6 chs,      6 cc.  Rmin & Coul turning =    1.8   27.4
   S-matrix    1 =    1.00000   0.00000 for L=   37, J=   37.5 channel on core I =   0.0 from L=   37,  Acc. loss =  0.0 D.
 Elastic phase shift   1 =    0.000   0.000 deg. for the L =   37, J =   37.5 channel.
      37.5  0.99999999  0.00000000i: elastic S-matrix  @@      0.00  0   0 F  0
 Reaction Xsec    37.5-/37 @ 1 =   0.013/, Out:   0.000#   0.013/  -0.000f


 Total SPIN, PARITY =    38.5 +,      6 chs,      6 cc.  Rmin & Coul turning =    1.8   28.1
   S-matrix    1 =    1.00000   0.00000 for L=   38, J=   38.5 channel on core I =   0.0 from L=   38,  Acc. loss =  0.0 D.
 Elastic phase shift   1 =    0.000   0.000 deg. for the L =   38, J =   38.5 channel.
      38.5  0.99999999  0.00000000i: elastic S-matrix  @@      0.00  0   0 F  0
 Reaction Xsec    38.5+/38 @ 1 =   0.012/, Out:   0.000#   0.012/  -0.000f


 Total SPIN, PARITY =    38.5 -,      6 chs,      6 cc.  Rmin & Coul turning =    1.8   28.1
   S-matrix    1 =    1.00000   0.00000 for L=   39, J=   38.5 channel on core I =   0.0 from L=   39,  Acc. loss =  0.0 D.
 Elastic phase shift   1 =    0.000   0.000 deg. for the L =   39, J =   38.5 channel.
      38.5  0.99999999  0.00000000i: elastic S-matrix  @@      0.00  0   0 F  0
 Reaction Xsec    38.5-/39 @ 1 =   0.011/, Out:   0.000#   0.011/  -0.000f


 Total SPIN, PARITY =    39.5 +,      6 chs,      6 cc.  Rmin & Coul turning =    1.9   28.9
   S-matrix    1 =    1.00000   0.00000 for L=   40, J=   39.5 channel on core I =   0.0 from L=   40,  Acc. loss =  0.0 D.
 Elastic phase shift   1 =    0.000   0.000 deg. for the L =   40, J =   39.5 channel.
      39.5  0.99999999  0.00000000i: elastic S-matrix  @@      0.00  0   0 F  0
 Reaction Xsec    39.5+/40 @ 1 =   0.010/, Out:   0.000#   0.010/  -0.000f


 Total SPIN, PARITY =    39.5 -,      6 chs,      6 cc.  Rmin & Coul turning =    1.9   28.9
   S-matrix    1 =    1.00000   0.00000 for L=   39, J=   39.5 channel on core I =   0.0 from L=   39,  Acc. loss =  0.0 D.
 Elastic phase shift   1 =    0.000   0.000 deg. for the L =   39, J =   39.5 channel.
      39.5  0.99999999  0.00000000i: elastic S-matrix  @@      0.00  0   0 F  0
 Reaction Xsec    39.5-/39 @ 1 =   0.011/, Out:   0.000#   0.011/  -0.000f


 Total SPIN, PARITY =    40.5 +,      6 chs,      6 cc.  Rmin & Coul turning =    1.9   29.6
   S-matrix    1 =    1.00000   0.00000 for L=   40, J=   40.5 channel on core I =   0.0 from L=   40,  Acc. loss =  0.0 D.
 Elastic phase shift   1 =    0.000   0.000 deg. for the L =   40, J =   40.5 channel.
      40.5  0.99999999  0.00000000i: elastic S-matrix  @@      0.00  0   0 F  0
 Reaction Xsec    40.5+/40 @ 1 =   0.010/, Out:   0.000#   0.010/  -0.000f


 Total SPIN, PARITY =    40.5 -,      6 chs,      6 cc.  Rmin & Coul turning =    1.9   29.6
   S-matrix    1 =    1.00000   0.00000 for L=   41, J=   40.5 channel on core I =   0.0 from L=   41,  Acc. loss =  0.0 D.
 Elastic phase shift   1 =    0.000   0.000 deg. for the L =   41, J =   40.5 channel.
      40.5  0.99999999  0.00000000i: elastic S-matrix  @@      0.00  0   0 F  0
 Reaction Xsec    40.5-/41 @ 1 =   9.392#, Out:   0.000#   9.392#  -0.000f


 Total SPIN, PARITY =    41.5 +,      6 chs,      6 cc.  Rmin & Coul turning =    1.9   30.3
   S-matrix    1 =    1.00000   0.00000 for L=   42, J=   41.5 channel on core I =   0.0 from L=   42,  Acc. loss =  0.0 D.
 Elastic phase shift   1 =    0.000   0.000 deg. for the L =   42, J =   41.5 channel.
      41.5  0.99999999  0.00000000i: elastic S-matrix  @@      0.00  0   0 F  0
 Reaction Xsec    41.5+/42 @ 1 =   8.707#, Out:   0.000#   8.707#   0.000f


 Total SPIN, PARITY =    41.5 -,      6 chs,      6 cc.  Rmin & Coul turning =    1.9   30.3
   S-matrix    1 =    1.00000   0.00000 for L=   41, J=   41.5 channel on core I =   0.0 from L=   41,  Acc. loss =  0.0 D.
 Elastic phase shift   1 =    0.000   0.000 deg. for the L =   41, J =   41.5 channel.
      41.5  0.99999999  0.00000000i: elastic S-matrix  @@      0.00  0   0 F  0
 Reaction Xsec    41.5-/41 @ 1 =   9.621#, Out:   0.000#   9.621#  -0.000f


 Total SPIN, PARITY =    42.5 +,      6 chs,      6 cc.  Rmin & Coul turning =    2.0   31.1
   S-matrix    1 =    1.00000   0.00000 for L=   42, J=   42.5 channel on core I =   0.0 from L=   42,  Acc. loss =  0.0 D.
 Elastic phase shift   1 =    0.000   0.000 deg. for the L =   42, J =   42.5 channel.
      42.5  0.99999999  0.00000000i: elastic S-matrix  @@      0.00  0   0 F  0
 Reaction Xsec    42.5+/42 @ 1 =   8.914#, Out:   0.000#   8.914#  -0.000f


 Total SPIN, PARITY =    42.5 -,      6 chs,      6 cc.  Rmin & Coul turning =    2.0   31.1
   S-matrix    1 =    1.00000   0.00000 for L=   43, J=   42.5 channel on core I =   0.0 from L=   43,  Acc. loss =  0.0 D.
 Elastic phase shift   1 =    0.000   0.000 deg. for the L =   43, J =   42.5 channel.
      42.5  0.99999999  0.00000000i: elastic S-matrix  @@      0.00  0   0 F  0
 Reaction Xsec    42.5-/43 @ 1 =   8.014#, Out:   0.000#   8.014#  -0.000f


 Total SPIN, PARITY =    43.5 +,      6 chs,      6 cc.  Rmin & Coul turning =    2.0   31.8
   S-matrix    1 =    1.00000   0.00000 for L=   44, J=   43.5 channel on core I =   0.0 from L=   44,  Acc. loss =  0.0 D.
 Elastic phase shift   1 =    0.000   0.000 deg. for the L =   44, J =   43.5 channel.
      43.5  0.99999999  0.00000000i: elastic S-matrix  @@      0.00  0   0 F  0
 Reaction Xsec    43.5+/44 @ 1 =   7.422#, Out:   0.000#   7.422#   0.000f


 Total SPIN, PARITY =    43.5 -,      6 chs,      6 cc.  Rmin & Coul turning =    2.0   31.8
   S-matrix    1 =    1.00000   0.00000 for L=   43, J=   43.5 channel on core I =   0.0 from L=   43,  Acc. loss =  0.0 D.
 Elastic phase shift   1 =    0.000   0.000 deg. for the L =   43, J =   43.5 channel.
      43.5  0.99999999  0.00000000i: elastic S-matrix  @@      0.00  0   0 F  0
 Reaction Xsec    43.5-/43 @ 1 =   8.200#, Out:   0.000#   8.200#  -0.000f


 Total SPIN, PARITY =    44.5 +,      6 chs,      6 cc.  Rmin & Coul turning =    2.1   32.5
   S-matrix    1 =    1.00000   0.00000 for L=   44, J=   44.5 channel on core I =   0.0 from L=   44,  Acc. loss =  0.0 D.
 Elastic phase shift   1 =    0.000   0.000 deg. for the L =   44, J =   44.5 channel.
      44.5  0.99999999  0.00000000i: elastic S-matrix  @@      0.00  0   0 F  0
 Reaction Xsec    44.5+/44 @ 1 =   7.591#, Out:   0.000#   7.591#   0.000f


 Total SPIN, PARITY =    44.5 -,      6 chs,      6 cc.  Rmin & Coul turning =    2.1   32.5
   S-matrix    1 =    1.00000   0.00000 for L=   45, J=   44.5 channel on core I =   0.0 from L=   45,  Acc. loss =  0.0 D.
 Elastic phase shift   1 =    0.000   0.000 deg. for the L =   45, J =   44.5 channel.
      44.5  1.00000000  0.00000000i: elastic S-matrix  @@      0.00  0   0 F  0
 Reaction Xsec    44.5-/45 @ 1 =   6.907#, Out:   0.000#   6.907#  -0.000f


 Total SPIN, PARITY =    45.5 +,      6 chs,      6 cc.  Rmin & Coul turning =    2.2   33.2
   S-matrix    1 =    1.00000   0.00000 for L=   46, J=   45.5 channel on core I =   0.0 from L=   46,  Acc. loss =  0.0 D.
 Elastic phase shift   1 =    0.000   0.000 deg. for the L =   46, J =   45.5 channel.
      45.5  1.00000000  0.00000000i: elastic S-matrix  @@      0.00  0   0 F  0
 Reaction Xsec    45.5+/46 @ 1 =   6.368#, Out:   0.000#   6.368#   0.000f


 Total SPIN, PARITY =    45.5 -,      6 chs,      6 cc.  Rmin & Coul turning =    2.2   33.2
   S-matrix    1 =    1.00000   0.00000 for L=   45, J=   45.5 channel on core I =   0.0 from L=   45,  Acc. loss =  0.0 D.
 Elastic phase shift   1 =    0.000   0.000 deg. for the L =   45, J =   45.5 channel.
      45.5  1.00000000  0.00000000i: elastic S-matrix  @@      0.00  0   0 F  0
 Reaction Xsec    45.5-/45 @ 1 =   7.061#, Out:   0.000#   7.061#   0.000f


 Total SPIN, PARITY =    46.5 +,      6 chs,      6 cc.  Rmin & Coul turning =    2.2   34.0
   S-matrix    1 =    1.00000   0.00000 for L=   46, J=   46.5 channel on core I =   0.0 from L=   46,  Acc. loss =  0.0 D.
 Elastic phase shift   1 =    0.000   0.000 deg. for the L =   46, J =   46.5 channel.
      46.5  1.00000000  0.00000000i: elastic S-matrix  @@      0.00  0   0 F  0
 Reaction Xsec    46.5+/46 @ 1 =   6.506#, Out:   0.000#   6.506#   0.000f


 Total SPIN, PARITY =    46.5 -,      6 chs,      6 cc.  Rmin & Coul turning =    2.2   34.0
   S-matrix    1 =    1.00000   0.00000 for L=   47, J=   46.5 channel on core I =   0.0 from L=   47,  Acc. loss =  0.0 D.
 Elastic phase shift   1 =    0.000   0.000 deg. for the L =   47, J =   46.5 channel.
      46.5  1.00000000  0.00000000i: elastic S-matrix  @@      0.00  0   0 F  0
 Reaction Xsec    46.5-/47 @ 1 =   5.896#, Out:   0.000#   5.896#   0.000f


 Total SPIN, PARITY =    47.5 +,      6 chs,      6 cc.  Rmin & Coul turning =    2.2   34.7
   S-matrix    1 =    1.00000   0.00000 for L=   48, J=   47.5 channel on core I =   0.0 from L=   48,  Acc. loss =  0.0 D.
 Elastic phase shift   1 =    0.000   0.000 deg. for the L =   48, J =   47.5 channel.
      47.5  1.00000000  0.00000000i: elastic S-matrix  @@      0.00  0   0 F  0
 Reaction Xsec    47.5+/48 @ 1 =   5.508#, Out:   0.000#   5.508#   0.000f


 Total SPIN, PARITY =    47.5 -,      6 chs,      6 cc.  Rmin & Coul turning =    2.2   34.7
   S-matrix    1 =    1.00000   0.00000 for L=   47, J=   47.5 channel on core I =   0.0 from L=   47,  Acc. loss =  0.0 D.
 Elastic phase shift   1 =    0.000   0.000 deg. for the L =   47, J =   47.5 channel.
      47.5  1.00000000  0.00000000i: elastic S-matrix  @@      0.00  0   0 F  0
 Reaction Xsec    47.5-/47 @ 1 =   6.021#, Out:   0.000#   6.021#   0.000f


 Total SPIN, PARITY =    48.5 +,      6 chs,      6 cc.  Rmin & Coul turning =    2.3   35.4
   S-matrix    1 =    1.00000   0.00000 for L=   48, J=   48.5 channel on core I =   0.0 from L=   48,  Acc. loss =  0.0 D.
 Elastic phase shift   1 =    0.000   0.000 deg. for the L =   48, J =   48.5 channel.
      48.5  1.00000000  0.00000000i: elastic S-matrix  @@      0.00  0   0 F  0
 Reaction Xsec    48.5+/48 @ 1 =   5.623#, Out:   0.000#   5.623#   0.000f


 Total SPIN, PARITY =    48.5 -,      6 chs,      6 cc.  Rmin & Coul turning =    2.3   35.4
   S-matrix    1 =    1.00000   0.00000 for L=   49, J=   48.5 channel on core I =   0.0 from L=   49,  Acc. loss =  0.0 D.
 Elastic phase shift   1 =    0.000   0.000 deg. for the L =   49, J =   48.5 channel.
      48.5  1.00000000  0.00000000i: elastic S-matrix  @@      0.00  0   0 F  0
 Reaction Xsec    48.5-/49 @ 1 =   5.094#, Out:   0.000#   5.094#   0.000f


 Total SPIN, PARITY =    49.5 +,      6 chs,      6 cc.  Rmin & Coul turning =    2.3   36.1
   S-matrix    1 =    1.00000   0.00000 for L=   50, J=   49.5 channel on core I =   0.0 from L=   50,  Acc. loss =  0.0 D.
 Elastic phase shift   1 =    0.000   0.000 deg. for the L =   50, J =   49.5 channel.
      49.5  1.00000000  0.00000000i: elastic S-matrix  @@      0.00  0   0 F  0
 Reaction Xsec    49.5+/50 @ 1 =   4.700#, Out:   0.000#   4.700#   0.000f


 Total SPIN, PARITY =    49.5 -,      6 chs,      6 cc.  Rmin & Coul turning =    2.3   36.1
   S-matrix    1 =    1.00000   0.00000 for L=   49, J=   49.5 channel on core I =   0.0 from L=   49,  Acc. loss =  0.0 D.
 Elastic phase shift   1 =    0.000   0.000 deg. for the L =   49, J =   49.5 channel.
      49.5  1.00000000  0.00000000i: elastic S-matrix  @@      0.00  0   0 F  0
 Reaction Xsec    49.5-/49 @ 1 =   5.198#, Out:   0.000#   5.198#   0.000f


 Total SPIN, PARITY =    50.5 +,      6 chs,      6 cc.  Rmin & Coul turning =    2.4   36.9
   S-matrix    1 =    1.00000   0.00000 for L=   50, J=   50.5 channel on core I =   0.0 from L=   50,  Acc. loss =  0.0 D.
 Elastic phase shift   1 =    0.000   0.000 deg. for the L =   50, J =   50.5 channel.
      50.5  1.00000000  0.00000000i: elastic S-matrix  @@      0.00  0   0 F  0
 Reaction Xsec    50.5+/50 @ 1 =   4.794#, Out:   0.000#   4.794#   0.000f


 Total SPIN, PARITY =    50.5 -,      6 chs,      6 cc.  Rmin & Coul turning =    2.4   36.9
   S-matrix    1 =    1.00000   0.00000 for L=   51, J=   50.5 channel on core I =   0.0 from L=   51,  Acc. loss =  0.0 D.
 Elastic phase shift   1 =    0.000   0.000 deg. for the L =   51, J =   50.5 channel.
      50.5  1.00000000  0.00000000i: elastic S-matrix  @@      0.00  0   0 F  0
 Reaction Xsec    50.5-/51 @ 1 =   4.397#, Out:   0.000#   4.397#   0.000f

 Finished all CC sets @   0.249455005    
0CUMULATIVE REACTION cross section                 =  727.36886  <L> =     4.42  <L**2> =     23.5
0CUMULATIVE outgoing cross sections in partition 1 :    0.00000   84.58349
0Cumulative ABSORBTION by Imaginary Potentials     =  642.78537  <L> =     4.40  <L**2> =     23.4
   Fusion for specific p        M-states :  642.785374  642.785374
0CUMULATIVE OUTGOING cross section                 =   84.58349
 To convert to S-factors (MeV.mb = keV.b),  multiply by  1.3784E+02


 CROSS SECTIONS FOR OUTGOING p        & O20      in state #   1 with spins & parities 0.5  + &  0.0  +;  0

     3.00 deg.: X-S =   8.0049E+04 mb/sr,
+                                         /R =   7.6906E-01
     4.00 deg.: X-S =   2.2487E+04 mb/sr,
+                                         /R =   6.8255E-01
     5.00 deg.: X-S =  8804.540120 mb/sr,
+                                         /R =   6.5216E-01
     6.00 deg.: X-S =  4659.379958 mb/sr,
+                                         /R =   7.1525E-01
     7.00 deg.: X-S =  3189.577673 mb/sr,
+                                         /R =   9.0649E-01
     8.00 deg.: X-S =  2590.107457 mb/sr,
+                                         /R =   1.2548E+00
     9.00 deg.: X-S =  2296.552527 mb/sr,
+                                         /R =   1.7807E+00
    10.00 deg.: X-S =  2111.958659 mb/sr,
+                                         /R =   2.4934E+00
    11.00 deg.: X-S =  1963.392545 mb/sr,
+                                         /R =   3.3902E+00
    12.00 deg.: X-S =  1823.783361 mb/sr,
+                                         /R =   4.4549E+00
    13.00 deg.: X-S =  1684.062991 mb/sr,
+                                         /R =   5.6588E+00
    14.00 deg.: X-S =  1542.420001 mb/sr,
+                                         /R =   6.9616E+00
    15.00 deg.: X-S =  1399.902238 mb/sr,
+                                         /R =   8.3142E+00
    16.00 deg.: X-S =  1258.540727 mb/sr,
+                                         /R =   9.6609E+00
    17.00 deg.: X-S =  1120.531023 mb/sr,
+                                         /R =   1.0944E+01
    18.00 deg.: X-S =   987.878222 mb/sr,
+                                         /R =   1.2105E+01
    19.00 deg.: X-S =   862.252919 mb/sr,
+                                         /R =   1.3092E+01
    20.00 deg.: X-S =   744.946227 mb/sr,
+                                         /R =   1.3859E+01
    21.00 deg.: X-S =   636.872529 mb/sr,
+                                         /R =   1.4372E+01
    22.00 deg.: X-S =   538.595632 mb/sr,
+                                         /R =   1.4608E+01
    23.00 deg.: X-S =   450.366242 mb/sr,
+                                         /R =   1.4559E+01
    24.00 deg.: X-S =   372.164516 mb/sr,
+                                         /R =   1.4229E+01
    25.00 deg.: X-S =   303.744145 mb/sr,
+                                         /R =   1.3639E+01
    26.00 deg.: X-S =   244.675858 mb/sr,
+                                         /R =   1.2820E+01
    27.00 deg.: X-S =   194.388943 mb/sr,
+                                         /R =   1.1813E+01
    28.00 deg.: X-S =   152.209835 mb/sr,
+                                         /R =   1.0668E+01
    29.00 deg.: X-S =   117.397102 mb/sr,
+                                         /R =   9.4403E+00
    30.00 deg.: X-S =    89.172422 mb/sr,
+                                         /R =   8.1874E+00
    31.00 deg.: X-S =    66.747280 mb/sr,
+                                         /R =   6.9656E+00
    32.00 deg.: X-S =    49.345347 mb/sr,
+                                         /R =   5.8281E+00
    33.00 deg.: X-S =    36.220593 mb/sr,
+                                         /R =   4.8223E+00
    34.00 deg.: X-S =    26.671337 mb/sr,
+                                         /R =   3.9876E+00
    35.00 deg.: X-S =    20.050517 mb/sr,
+                                         /R =   3.3545E+00
    36.00 deg.: X-S =    15.772538 mb/sr,
+                                         /R =   2.9428E+00
    37.00 deg.: X-S =    13.317110 mb/sr,
+                                         /R =   2.7621E+00
    38.00 deg.: X-S =    12.230492 mb/sr,
+                                         /R =   2.8115E+00
    39.00 deg.: X-S =    12.124591 mb/sr,
+                                         /R =   3.0802E+00
    40.00 deg.: X-S =    12.674340 mb/sr,
+                                         /R =   3.5486E+00
    41.00 deg.: X-S =    13.613747 mb/sr,
+                                         /R =   4.1899E+00
    42.00 deg.: X-S =    14.731014 mb/sr,
+                                         /R =   4.9714E+00
    43.00 deg.: X-S =    15.863024 mb/sr,
+                                         /R =   5.8562E+00
    44.00 deg.: X-S =    16.889511 mb/sr,
+                                         /R =   6.8053E+00
    45.00 deg.: X-S =    17.727147 mb/sr,
+                                         /R =   7.7791E+00
    46.00 deg.: X-S =    18.323737 mb/sr,
+                                         /R =   8.7389E+00
    47.00 deg.: X-S =    18.652694 mb/sr,
+                                         /R =   9.6487E+00
    48.00 deg.: X-S =    18.707895 mb/sr,
+                                         /R =   1.0476E+01
    49.00 deg.: X-S =    18.499006 mb/sr,
+                                         /R =   1.1194E+01
    50.00 deg.: X-S =    18.047326 mb/sr,
+                                         /R =   1.1780E+01
    51.00 deg.: X-S =    17.382172 mb/sr,
+                                         /R =   1.2217E+01
    52.00 deg.: X-S =    16.537796 mb/sr,
+                                         /R =   1.2496E+01
    53.00 deg.: X-S =    15.550835 mb/sr,
+                                         /R =   1.2612E+01
    54.00 deg.: X-S =    14.458246 mb/sr,
+                                         /R =   1.2567E+01
    55.00 deg.: X-S =    13.295701 mb/sr,
+                                         /R =   1.2367E+01
    56.00 deg.: X-S =    12.096389 mb/sr,
+                                         /R =   1.2023E+01
    57.00 deg.: X-S =    10.890169 mb/sr,
+                                         /R =   1.1551E+01
    58.00 deg.: X-S =     9.703044 mb/sr,
+                                         /R =   1.0968E+01
    59.00 deg.: X-S =     8.556880 mb/sr,
+                                         /R =   1.0294E+01
    60.00 deg.: X-S =     7.469350 mb/sr,
+                                         /R =   9.5520E+00
    61.00 deg.: X-S =     6.454031 mb/sr,
+                                         /R =   8.7627E+00
    62.00 deg.: X-S =     5.520645 mb/sr,
+                                         /R =   7.9483E+00
    63.00 deg.: X-S =     4.675374 mb/sr,
+                                         /R =   7.1299E+00
    64.00 deg.: X-S =     3.921254 mb/sr,
+                                         /R =   6.3269E+00
    65.00 deg.: X-S =     3.258591 mb/sr,
+                                         /R =   5.5568E+00
    66.00 deg.: X-S =     2.685397 mb/sr,
+                                         /R =   4.8347E+00
    67.00 deg.: X-S =     2.197818 mb/sr,
+                                         /R =   4.1733E+00
    68.00 deg.: X-S =     1.790547 mb/sr,
+                                         /R =   3.5823E+00
    69.00 deg.: X-S =     1.457209 mb/sr,
+                                         /R =   3.0688E+00
    70.00 deg.: X-S =     1.190710 mb/sr,
+                                         /R =   2.6369E+00
    71.00 deg.: X-S =     0.983544 mb/sr,
+                                         /R =   2.2884E+00
    72.00 deg.: X-S =     0.828065 mb/sr,
+                                         /R =   2.0224E+00
    73.00 deg.: X-S =     0.716711 mb/sr,
+                                         /R =   1.8358E+00
    74.00 deg.: X-S =     0.642183 mb/sr,
+                                         /R =   1.7236E+00
    75.00 deg.: X-S =     0.597599 mb/sr,
+                                         /R =   1.6793E+00
    76.00 deg.: X-S =     0.576596 mb/sr,
+                                         /R =   1.6950E+00
    77.00 deg.: X-S =     0.573407 mb/sr,
+                                         /R =   1.7619E+00
    78.00 deg.: X-S =     0.582908 mb/sr,
+                                         /R =   1.8708E+00
    79.00 deg.: X-S =     0.600639 mb/sr,
+                                         /R =   2.0118E+00
    80.00 deg.: X-S =     0.622803 mb/sr,
+                                         /R =   2.1755E+00
    81.00 deg.: X-S =     0.646250 mb/sr,
+                                         /R =   2.3524E+00
    82.00 deg.: X-S =     0.668441 mb/sr,
+                                         /R =   2.5338E+00
    83.00 deg.: X-S =     0.687412 mb/sr,
+                                         /R =   2.7115E+00
    84.00 deg.: X-S =     0.701717 mb/sr,
+                                         /R =   2.8783E+00
    85.00 deg.: X-S =     0.710377 mb/sr,
+                                         /R =   3.0280E+00
    86.00 deg.: X-S =     0.712821 mb/sr,
+                                         /R =   3.1553E+00
    87.00 deg.: X-S =     0.708828 mb/sr,
+                                         /R =   3.2563E+00
    88.00 deg.: X-S =     0.698469 mb/sr,
+                                         /R =   3.3278E+00
    89.00 deg.: X-S =     0.682052 mb/sr,
+                                         /R =   3.3682E+00
    90.00 deg.: X-S =     0.660070 mb/sr,
+                                         /R =   3.3764E+00
    91.00 deg.: X-S =     0.633154 mb/sr,
+                                         /R =   3.3528E+00
    92.00 deg.: X-S =     0.602028 mb/sr,
+                                         /R =   3.2982E+00
    93.00 deg.: X-S =     0.567472 mb/sr,
+                                         /R =   3.2146E+00
    94.00 deg.: X-S =     0.530288 mb/sr,
+                                         /R =   3.1042E+00
    95.00 deg.: X-S =     0.491275 mb/sr,
+                                         /R =   2.9701E+00
    96.00 deg.: X-S =     0.451199 mb/sr,
+                                         /R =   2.8157E+00
    97.00 deg.: X-S =     0.410783 mb/sr,
+                                         /R =   2.6446E+00
    98.00 deg.: X-S =     0.370686 mb/sr,
+                                         /R =   2.4607E+00
    99.00 deg.: X-S =     0.331494 mb/sr,
+                                         /R =   2.2677E+00
   100.00 deg.: X-S =     0.293717 mb/sr,
+                                         /R =   2.0695E+00
   101.00 deg.: X-S =     0.257782 mb/sr,
+                                         /R =   1.8698E+00
   102.00 deg.: X-S =     0.224034 mb/sr,
+                                         /R =   1.6721E+00
   103.00 deg.: X-S =     0.192737 mb/sr,
+                                         /R =   1.4794E+00
   104.00 deg.: X-S =     0.164078 mb/sr,
+                                         /R =   1.2945E+00
   105.00 deg.: X-S =     0.138170 mb/sr,
+                                         /R =   1.1200E+00
   106.00 deg.: X-S =     0.115063 mb/sr,
+                                         /R =   9.5777E-01
   107.00 deg.: X-S =     0.094746 mb/sr,
+                                         /R =   8.0948E-01
   108.00 deg.: X-S =     0.077157 mb/sr,
+                                         /R =   6.7629E-01
   109.00 deg.: X-S =     0.062191 mb/sr,
+                                         /R =   5.5898E-01
   110.00 deg.: X-S =     0.049706 mb/sr,
+                                         /R =   4.5792E-01
   111.00 deg.: X-S =     0.039533 mb/sr,
+                                         /R =   3.7313E-01
   112.00 deg.: X-S =     0.031481 mb/sr,
+                                         /R =   3.0428E-01
   113.00 deg.: X-S =     0.025347 mb/sr,
+                                         /R =   2.5077E-01
   114.00 deg.: X-S =     0.020917 mb/sr,
+                                         /R =   2.1174E-01
   115.00 deg.: X-S =     0.017977 mb/sr,
+                                         /R =   1.8611E-01
   116.00 deg.: X-S =     0.016315 mb/sr,
+                                         /R =   1.7266E-01
   117.00 deg.: X-S =     0.015723 mb/sr,
+                                         /R =   1.7003E-01
   118.00 deg.: X-S =     0.016006 mb/sr,
+                                         /R =   1.7680E-01
   119.00 deg.: X-S =     0.016981 mb/sr,
+                                         /R =   1.9151E-01
   120.00 deg.: X-S =     0.018479 mb/sr,
+                                         /R =   2.1269E-01
   121.00 deg.: X-S =     0.020348 mb/sr,
+                                         /R =   2.3891E-01
   122.00 deg.: X-S =     0.022450 mb/sr,
+                                         /R =   2.6880E-01
   123.00 deg.: X-S =     0.024669 mb/sr,
+                                         /R =   3.0107E-01
   124.00 deg.: X-S =     0.026901 mb/sr,
+                                         /R =   3.3454E-01
   125.00 deg.: X-S =     0.029063 mb/sr,
+                                         /R =   3.6811E-01
   126.00 deg.: X-S =     0.031084 mb/sr,
+                                         /R =   4.0086E-01
   127.00 deg.: X-S =     0.032910 mb/sr,
+                                         /R =   4.3193E-01
   128.00 deg.: X-S =     0.034498 mb/sr,
+                                         /R =   4.6065E-01
   129.00 deg.: X-S =     0.035821 mb/sr,
+                                         /R =   4.8643E-01
   130.00 deg.: X-S =     0.036858 mb/sr,
+                                         /R =   5.0882E-01
   131.00 deg.: X-S =     0.037599 mb/sr,
+                                         /R =   5.2747E-01
   132.00 deg.: X-S =     0.038043 mb/sr,
+                                         /R =   5.4216E-01
   133.00 deg.: X-S =     0.038193 mb/sr,
+                                         /R =   5.5272E-01
   134.00 deg.: X-S =     0.038059 mb/sr,
+                                         /R =   5.5911E-01
   135.00 deg.: X-S =     0.037655 mb/sr,
+                                         /R =   5.6132E-01
   136.00 deg.: X-S =     0.036996 mb/sr,
+                                         /R =   5.5943E-01
   137.00 deg.: X-S =     0.036101 mb/sr,
+                                         /R =   5.5356E-01
   138.00 deg.: X-S =     0.034992 mb/sr,
+                                         /R =   5.4388E-01
   139.00 deg.: X-S =     0.033689 mb/sr,
+                                         /R =   5.3060E-01
   140.00 deg.: X-S =     0.032214 mb/sr,
+                                         /R =   5.1395E-01
   141.00 deg.: X-S =     0.030591 mb/sr,
+                                         /R =   4.9421E-01
   142.00 deg.: X-S =     0.028842 mb/sr,
+                                         /R =   4.7166E-01
   143.00 deg.: X-S =     0.026989 mb/sr,
+                                         /R =   4.4663E-01
   144.00 deg.: X-S =     0.025057 mb/sr,
+                                         /R =   4.1945E-01
   145.00 deg.: X-S =     0.023067 mb/sr,
+                                         /R =   3.9049E-01
   146.00 deg.: X-S =     0.021044 mb/sr,
+                                         /R =   3.6012E-01
   147.00 deg.: X-S =     0.019010 mb/sr,
+                                         /R =   3.2875E-01
   148.00 deg.: X-S =     0.016989 mb/sr,
+                                         /R =   2.9680E-01
   149.00 deg.: X-S =     0.015003 mb/sr,
+                                         /R =   2.6469E-01
   150.00 deg.: X-S =     0.013075 mb/sr,
+                                         /R =   2.3288E-01
   151.00 deg.: X-S =     0.011227 mb/sr,
+                                         /R =   2.0183E-01
   152.00 deg.: X-S =     0.009483 mb/sr,
+                                         /R =   1.7198E-01
   153.00 deg.: X-S =     0.007861 mb/sr,
+                                         /R =   1.4380E-01
   154.00 deg.: X-S =     0.006383 mb/sr,
+                                         /R =   1.1772E-01
   155.00 deg.: X-S =     0.005066 mb/sr,
+                                         /R =   9.4169E-02
   156.00 deg.: X-S =     0.003926 mb/sr,
+                                         /R =   7.3532E-02
   157.00 deg.: X-S =     0.002976 mb/sr,
+                                         /R =   5.6156E-02
   158.00 deg.: X-S =     0.002229 mb/sr,
+                                         /R =   4.2338E-02
   159.00 deg.: X-S =     0.001690 mb/sr,
+                                         /R =   3.2314E-02
   160.00 deg.: X-S =     0.001364 mb/sr,
+                                         /R =   2.6248E-02
   161.00 deg.: X-S =     0.001251 mb/sr,
+                                         /R =   2.4225E-02
   162.00 deg.: X-S =     0.001348 mb/sr,
+                                         /R =   2.6246E-02
   163.00 deg.: X-S =     0.001646 mb/sr,
+                                         /R =   3.2223E-02
   164.00 deg.: X-S =     0.002133 mb/sr,
+                                         /R =   4.1978E-02
   165.00 deg.: X-S =     0.002794 mb/sr,
+                                         /R =   5.5241E-02
   166.00 deg.: X-S =     0.003608 mb/sr,
+                                         /R =   7.1654E-02
   167.00 deg.: X-S =     0.004553 mb/sr,
+                                         /R =   9.0780E-02
   168.00 deg.: X-S =     0.005601 mb/sr,
+                                         /R =   1.1211E-01
   169.00 deg.: X-S =     0.006724 mb/sr,
+                                         /R =   1.3507E-01
   170.00 deg.: X-S =     0.007893 mb/sr,
+                                         /R =   1.5905E-01
   171.00 deg.: X-S =     0.009075 mb/sr,
+                                         /R =   1.8340E-01
   172.00 deg.: X-S =     0.010238 mb/sr,
+                                         /R =   2.0746E-01
   173.00 deg.: X-S =     0.011353 mb/sr,
+                                         /R =   2.3056E-01
   174.00 deg.: X-S =     0.012387 mb/sr,
+                                         /R =   2.5207E-01
   175.00 deg.: X-S =     0.013315 mb/sr,
+                                         /R =   2.7140E-01
   176.00 deg.: X-S =     0.014111 mb/sr,
+                                         /R =   2.8802E-01
   177.00 deg.: X-S =     0.014753 mb/sr,
+                                         /R =   3.0145E-01
   178.00 deg.: X-S =     0.015224 mb/sr,
+                                         /R =   3.1132E-01
   179.00 deg.: X-S =     0.015512 mb/sr,
+                                         /R =   3.1735E-01
   179.99 deg.: X-S =     0.015609 mb/sr,
+                                         /R =   3.1938E-01
                                           Integrated 1485.6554 mb, over [   3.000, 180.000] at    43.2700 MeV 

 CROSS SECTIONS FOR OUTGOING p        & O20      in state #   2 with spins & parities 0.5  + &  2.0  +;  0

     3.00 deg.: X-S =    53.110828 mb/sr,
+                                         REAC   8.4583E+01 mb
     4.00 deg.: X-S =    51.991583 mb/sr,
     5.00 deg.: X-S =    50.438923 mb/sr,
     6.00 deg.: X-S =    48.543392 mb/sr,
     7.00 deg.: X-S =    46.469847 mb/sr,
     8.00 deg.: X-S =    44.400175 mb/sr,
     9.00 deg.: X-S =    42.484959 mb/sr,
    10.00 deg.: X-S =    40.828333 mb/sr,
    11.00 deg.: X-S =    39.500125 mb/sr,
    12.00 deg.: X-S =    38.553002 mb/sr,
    13.00 deg.: X-S =    38.027113 mb/sr,
    14.00 deg.: X-S =    37.940491 mb/sr,
    15.00 deg.: X-S =    38.276951 mb/sr,
    16.00 deg.: X-S =    38.985046 mb/sr,
    17.00 deg.: X-S =    39.991087 mb/sr,
    18.00 deg.: X-S =    41.216279 mb/sr,
    19.00 deg.: X-S =    42.585100 mb/sr,
    20.00 deg.: X-S =    44.020996 mb/sr,
    21.00 deg.: X-S =    45.437206 mb/sr,
    22.00 deg.: X-S =    46.734491 mb/sr,
    23.00 deg.: X-S =    47.811367 mb/sr,
    24.00 deg.: X-S =    48.581668 mb/sr,
    25.00 deg.: X-S =    48.987940 mb/sr,
    26.00 deg.: X-S =    49.002429 mb/sr,
    27.00 deg.: X-S =    48.617178 mb/sr,
    28.00 deg.: X-S =    47.832494 mb/sr,
    29.00 deg.: X-S =    46.652737 mb/sr,
    30.00 deg.: X-S =    45.091223 mb/sr,
    31.00 deg.: X-S =    43.178361 mb/sr,
    32.00 deg.: X-S =    40.964954 mb/sr,
    33.00 deg.: X-S =    38.516970 mb/sr,
    34.00 deg.: X-S =    35.905002 mb/sr,
    35.00 deg.: X-S =    33.195123 mb/sr,
    36.00 deg.: X-S =    30.445788 mb/sr,
    37.00 deg.: X-S =    27.710170 mb/sr,
    38.00 deg.: X-S =    25.039503 mb/sr,
    39.00 deg.: X-S =    22.483304 mb/sr,
    40.00 deg.: X-S =    20.085811 mb/sr,
    41.00 deg.: X-S =    17.881429 mb/sr,
    42.00 deg.: X-S =    15.892521 mb/sr,
    43.00 deg.: X-S =    14.130652 mb/sr,
    44.00 deg.: X-S =    12.599600 mb/sr,
    45.00 deg.: X-S =    11.297623 mb/sr,
    46.00 deg.: X-S =    10.217761 mb/sr,
    47.00 deg.: X-S =     9.347075 mb/sr,
    48.00 deg.: X-S =     8.666639 mb/sr,
    49.00 deg.: X-S =     8.153242 mb/sr,
    50.00 deg.: X-S =     7.782073 mb/sr,
    51.00 deg.: X-S =     7.528801 mb/sr,
    52.00 deg.: X-S =     7.370097 mb/sr,
    53.00 deg.: X-S =     7.283033 mb/sr,
    54.00 deg.: X-S =     7.244708 mb/sr,
    55.00 deg.: X-S =     7.233050 mb/sr,
    56.00 deg.: X-S =     7.228576 mb/sr,
    57.00 deg.: X-S =     7.215923 mb/sr,
    58.00 deg.: X-S =     7.184083 mb/sr,
    59.00 deg.: X-S =     7.125333 mb/sr,
    60.00 deg.: X-S =     7.033810 mb/sr,
    61.00 deg.: X-S =     6.904846 mb/sr,
    62.00 deg.: X-S =     6.735406 mb/sr,
    63.00 deg.: X-S =     6.525007 mb/sr,
    64.00 deg.: X-S =     6.276149 mb/sr,
    65.00 deg.: X-S =     5.993711 mb/sr,
    66.00 deg.: X-S =     5.683645 mb/sr,
    67.00 deg.: X-S =     5.351799 mb/sr,
    68.00 deg.: X-S =     5.003523 mb/sr,
    69.00 deg.: X-S =     4.644012 mb/sr,
    70.00 deg.: X-S =     4.278840 mb/sr,
    71.00 deg.: X-S =     3.914063 mb/sr,
    72.00 deg.: X-S =     3.555729 mb/sr,
    73.00 deg.: X-S =     3.209145 mb/sr,
    74.00 deg.: X-S =     2.878408 mb/sr,
    75.00 deg.: X-S =     2.566451 mb/sr,
    76.00 deg.: X-S =     2.275435 mb/sr,
    77.00 deg.: X-S =     2.007109 mb/sr,
    78.00 deg.: X-S =     1.762884 mb/sr,
    79.00 deg.: X-S =     1.543620 mb/sr,
    80.00 deg.: X-S =     1.349415 mb/sr,
    81.00 deg.: X-S =     1.179590 mb/sr,
    82.00 deg.: X-S =     1.032905 mb/sr,
    83.00 deg.: X-S =     0.907849 mb/sr,
    84.00 deg.: X-S =     0.802808 mb/sr,
    85.00 deg.: X-S =     0.716074 mb/sr,
    86.00 deg.: X-S =     0.645774 mb/sr,
    87.00 deg.: X-S =     0.589864 mb/sr,
    88.00 deg.: X-S =     0.546227 mb/sr,
    89.00 deg.: X-S =     0.512829 mb/sr,
    90.00 deg.: X-S =     0.487817 mb/sr,
    91.00 deg.: X-S =     0.469521 mb/sr,
    92.00 deg.: X-S =     0.456403 mb/sr,
    93.00 deg.: X-S =     0.447022 mb/sr,
    94.00 deg.: X-S =     0.440072 mb/sr,
    95.00 deg.: X-S =     0.434454 mb/sr,
    96.00 deg.: X-S =     0.429309 mb/sr,
    97.00 deg.: X-S =     0.423997 mb/sr,
    98.00 deg.: X-S =     0.418023 mb/sr,
    99.00 deg.: X-S =     0.410985 mb/sr,
   100.00 deg.: X-S =     0.402571 mb/sr,
   101.00 deg.: X-S =     0.392595 mb/sr,
   102.00 deg.: X-S =     0.381021 mb/sr,
   103.00 deg.: X-S =     0.367945 mb/sr,
   104.00 deg.: X-S =     0.353531 mb/sr,
   105.00 deg.: X-S =     0.337952 mb/sr,
   106.00 deg.: X-S =     0.321375 mb/sr,
   107.00 deg.: X-S =     0.303977 mb/sr,
   108.00 deg.: X-S =     0.285976 mb/sr,
   109.00 deg.: X-S =     0.267633 mb/sr,
   110.00 deg.: X-S =     0.249218 mb/sr,
   111.00 deg.: X-S =     0.230970 mb/sr,
   112.00 deg.: X-S =     0.213080 mb/sr,
   113.00 deg.: X-S =     0.195700 mb/sr,
   114.00 deg.: X-S =     0.178971 mb/sr,
   115.00 deg.: X-S =     0.163026 mb/sr,
   116.00 deg.: X-S =     0.147983 mb/sr,
   117.00 deg.: X-S =     0.133926 mb/sr,
   118.00 deg.: X-S =     0.120897 mb/sr,
   119.00 deg.: X-S =     0.108912 mb/sr,
   120.00 deg.: X-S =     0.097980 mb/sr,
   121.00 deg.: X-S =     0.088107 mb/sr,
   122.00 deg.: X-S =     0.079289 mb/sr,
   123.00 deg.: X-S =     0.071484 mb/sr,
   124.00 deg.: X-S =     0.064623 mb/sr,
   125.00 deg.: X-S =     0.058618 mb/sr,
   126.00 deg.: X-S =     0.053397 mb/sr,
   127.00 deg.: X-S =     0.048914 mb/sr,
   128.00 deg.: X-S =     0.045135 mb/sr,
   129.00 deg.: X-S =     0.042011 mb/sr,
   130.00 deg.: X-S =     0.039457 mb/sr,
   131.00 deg.: X-S =     0.037371 mb/sr,
   132.00 deg.: X-S =     0.035656 mb/sr,
   133.00 deg.: X-S =     0.034247 mb/sr,
   134.00 deg.: X-S =     0.033117 mb/sr,
   135.00 deg.: X-S =     0.032251 mb/sr,
   136.00 deg.: X-S =     0.031613 mb/sr,
   137.00 deg.: X-S =     0.031145 mb/sr,
   138.00 deg.: X-S =     0.030776 mb/sr,
   139.00 deg.: X-S =     0.030448 mb/sr,
   140.00 deg.: X-S =     0.030135 mb/sr,
   141.00 deg.: X-S =     0.029833 mb/sr,
   142.00 deg.: X-S =     0.029542 mb/sr,
   143.00 deg.: X-S =     0.029247 mb/sr,
   144.00 deg.: X-S =     0.028921 mb/sr,
   145.00 deg.: X-S =     0.028534 mb/sr,
   146.00 deg.: X-S =     0.028070 mb/sr,
   147.00 deg.: X-S =     0.027530 mb/sr,
   148.00 deg.: X-S =     0.026922 mb/sr,
   149.00 deg.: X-S =     0.026251 mb/sr,
   150.00 deg.: X-S =     0.025516 mb/sr,
   151.00 deg.: X-S =     0.024711 mb/sr,
   152.00 deg.: X-S =     0.023840 mb/sr,
   153.00 deg.: X-S =     0.022914 mb/sr,
   154.00 deg.: X-S =     0.021946 mb/sr,
   155.00 deg.: X-S =     0.020946 mb/sr,
   156.00 deg.: X-S =     0.019915 mb/sr,
   157.00 deg.: X-S =     0.018855 mb/sr,
   158.00 deg.: X-S =     0.017775 mb/sr,
   159.00 deg.: X-S =     0.016693 mb/sr,
   160.00 deg.: X-S =     0.015628 mb/sr,
   161.00 deg.: X-S =     0.014596 mb/sr,
   162.00 deg.: X-S =     0.013599 mb/sr,
   163.00 deg.: X-S =     0.012637 mb/sr,
   164.00 deg.: X-S =     0.011706 mb/sr,
   165.00 deg.: X-S =     0.010813 mb/sr,
   166.00 deg.: X-S =     0.009974 mb/sr,
   167.00 deg.: X-S =     0.009203 mb/sr,
   168.00 deg.: X-S =     0.008506 mb/sr,
   169.00 deg.: X-S =     0.007878 mb/sr,
   170.00 deg.: X-S =     0.007313 mb/sr,
   171.00 deg.: X-S =     0.006801 mb/sr,
   172.00 deg.: X-S =     0.006342 mb/sr,
   173.00 deg.: X-S =     0.005942 mb/sr,
   174.00 deg.: X-S =     0.005605 mb/sr,
   175.00 deg.: X-S =     0.005332 mb/sr,
   176.00 deg.: X-S =     0.005118 mb/sr,
   177.00 deg.: X-S =     0.004958 mb/sr,
   178.00 deg.: X-S =     0.004845 mb/sr,
   179.00 deg.: X-S =     0.004776 mb/sr,
   180.00 deg.: X-S =     0.004752 mb/sr,
                                           Integrated   84.2652 mb, over [   3.000, 180.000] at    43.2700 MeV 
 Finished all xsecs @   0.252443999    

  The following files have been created:
   3:local copy of User input.            6:standard output.                   
   7:elastic  S-matrix elements.         13:total cross sections/state.        
  16:tables of cross sections.           35:Astrophysics S-factors  / Ecm.     
  38:cross sections for each J/pi.       39:cross sections for each Ecm.       
  40:all cross sectns. for each Elab.    45:scat phase shift as E functions.   
  56:Fusion for each Jtotal.             75:S-factors for lab energies.        
 201:Separate cross sections.           202:Separate cross sections.           

 PARAMETERS : MAXQRN   MFNL   MLOC  LMAX1 MCLIST
    ALLOWED :      1     36      9     70     15
    REQUIRED:      0      0      9     54      9


 ACCURACY ANALYSIS at    43.270 MeV :

  Elastic h*k = 0.041 so OK       compared with 0.200

   Real(S-el) > 0.01 first at J =       4.5
   Real(S-el) > 0.10 first at J =       4.5
   Real(S-el) > 0.50 first at J =       5.5
   Real(S-el) > 0.90 first at J =       7.5
   Real(S-el) > 0.99 first at J =       9.5
   R-turn =    36.87 fm    at J =      50.5

 Forward-angle excitation cut off below   0.432 deg by max JT =      50.5
                              and below   0.267 deg by max R.

 Total CPU  0 time =       0.25 seconds
