 FRESCO - FRES 3.4: Coupled Reaction Channels
 Assuming NAMELIST input.

 p+O20 with CH89;                                                                

   0.030  60.000   0.500   0.000   0.000   0.000   0.000   0.000   0.000   0.000

 Centre-of-mass Range is   2002 * 0.0300 fm., Maximum at  60.00 fm., Interpolating NL forms every  0.51 fm.
 Non - locality width is      4 * 0.0300 fm., Maximum of   0.09 fm., Centred at  0.00 fm.
 2-Nucleon Separation of      0 * 0.5100 fm., Maximum of   0.00 fm., Minimum at  0.00 fm.
 Maximum single particle bins of 59.6700 fm.
               M,Mint =         2001        1990


 Range of total J is     0.0 <= J <=    50.0 (at least     0.0) and Absorbtion =>     0.0010 mb.
 Dry Run = F, CC set limits =  0  0, Relativistic kinematics =  , Both/Far/Near Analyses =  1                     

 Cross Sections (and up to T0 for 0=projectile) for Theta from   3.0 to-180.0 in steps of  1.0 degrees, DGAM=0,  Coordinates = 0 (Mads)

 Lower Radial Cutoff = maximum of -1.60*L*h &       0.0 fm.,  Lower Cutoff for Couplings =   0.0  fm.


 Iterate Couplings between   0 and   0 times, to  0.000 % if sooner.                                          
  Block solved exactly =   0 chs., with Pade = 0 & Isocen =  =0, NOSOL = F, initwf =  0
  NL quadrature with   18 Gaussian points, Calculate multipoles up to    56 from   0
  M-transfers for lp+lt greater than or equal to  6, Angular Integration Cutoff below  2.7778 %


 Trace switches are :  CHANS =  1, LISTCC =  0, TRENEG =  0, CDETR =  0, SMATS =  2, XSTABL =  1, NLPL =  0

                       WAVES =  0, LAMPL =  0, VEFF =  0, KFUS =  0, WDISK =  0, BPM =  0, MELFIL =  0

                       CDCC =  0, NFUS =  0

 Using unit mass = 1.000000 amu and 1/fine-structure constant = 137.03599 ( 1.000000 * true ) with hc = 197.32705 MeV.fm,
  thus 2*amu/hbar^2 = 0.0478450 = 1/20.9008 and Coulomb constant = 0.1574855 so e^2 = 1.43997, and nuclear magneton= 0.1261183

 Now pre-scan input and save to file 3



 *********** PARTITION NUMBER  1 ******************************************************************************************

   PROJ=p          MASS=  1.0073 Z=   1.0,        # STATES=    1T, TARG=O20      MASS= 19.9997 Z=   8.0,     Q-VALUE =  -0.0000 MEV.

     1:  J= 0.5+ (B# 1), E=  0.0000, K= 0.5              Potl#  1       J= 0.0+ (B# 1), E=  0.0000, K= 0.0    


 ************************************************************************************************************************************

 The following POTENTIALS are defined :

  KP#       TYPE      IT    SHAPE      at     V1        r1        a1        V2        r2        a2        A-in     A-used


                                            A#1       A#2        r0c       ac                                                h @ 1
    1    0=Coulomb       0=CHARGE (WS)  1    20.000     0.000    1.2842    0.0000    0.0000    0.0000     0.000    20.000   0.03000

    1    1=Volume        0=Woods-Saxon  2   50.8648    1.1671    0.6900    3.0772    1.1753    0.6900     0.000    20.000

    1    2=Surface       0=Woods-Saxon  3    0.0000    0.0000    0.0000    6.5300    1.1753    0.6900     0.000    20.000

    1    3=Projtl S.O.   0=Woods-Saxon  4    5.9000    0.8979    0.6300    0.0000    0.0000    0.0000     0.000    20.000

 Incoming partition  1 in excitation state # 1,   Laboratory Energy given for partition  1 Nucleus 1 in Excitation pair 1

0Lab. ENERGY ranges :

   from    35.0000     to   0.00000     in     0 intervals
   from    0.00000     to   0.00000     in     0 intervals
   from    0.00000     to   0.00000     in     0 intervals

 Largest real,imaginary parts of any form factor at R=   59.52 are   2.42E-02  7.00E-32 MeV
 Finished all Couplings @    4.22999961E-04           4

 Symmetric Hamiltonian
1***********************************************************************************************************************************
************************************************************************************************************************************

        INCOMING p        ;    LABORATORY p        ENERGY =   35.000     MeV.

 ***********************************************************************************************************************************
 ***********************************************************************************************************************************

 Allocate arrays for            2  channels, of which            1  need wfs.

 ######################################################################################################################
 #                                                                                                                    #
 # Total SPIN and PARITY =     0.5 +,      1 channels,    0 in 1st block.  Rmin & Coul turning =    0.0    0.3 fm.  #
 #                                                                                                                    #
 ######################################################################################################################



    C Projectl Target   #   EX.   (L  Proj) J  + Targ = Jtotal     E-cm      Re K     Re Eta     RM*K            CH
    1 p        O20      #    1: I   0 0.5    0.5  0.0     0.5    33.32176   1.23648   0.21373   74.1887   0.33920  -0.36833 1 1 1   1
   S-matrix    1 =    0.36546  -0.27983 for L=    0, J=    0.5 channel on core I =   0.0 from L=    0,  Acc. loss =  0.0 D.
 Elastic phase shift   1 =  -18.721  22.228 deg. for the L =    0, J =    0.5 channel.
       0.5  0.36545741 -0.27983086i: elastic S-matrix  @@      0.00  0   0 F  0
 Reaction Xsec     0.5+/ 0 @ 1 =  16.195 , Out:   0.000#


 Total SPIN, PARITY =     0.5 -,      1 chs,      0 cc.  Rmin & Coul turning =    0.0    0.3
   S-matrix    1 =    0.01463  -0.43129 for L=    1, J=    0.5 channel on core I =   0.0 from L=    1,  Acc. loss =  0.0 D.
 Elastic phase shift   1 =  -44.029  24.076 deg. for the L =    1, J =    0.5 channel.
       0.5  0.01463032 -0.43128963i: elastic S-matrix  @@      0.00  0   0 F  0
 Reaction Xsec     0.5-/ 1 @ 1 =  16.722 , Out:   0.000#


 Total SPIN, PARITY =     1.5 +,      1 chs,      0 cc.  Rmin & Coul turning =    0.0    1.3
   S-matrix    1 =   -0.31748  -0.27821 for L=    2, J=    1.5 channel on core I =   0.0 from L=    2,  Acc. loss =  0.0 D.
 Elastic phase shift   1 =  -69.386  24.707 deg. for the L =    2, J =    1.5 channel.
       1.5 -0.31748074 -0.27821088i: elastic S-matrix  @@      0.00  0   0 F  0
 Reaction Xsec     1.5+/ 2 @ 1 =  33.773 , Out:   0.000#


 Total SPIN, PARITY =     1.5 -,      1 chs,      0 cc.  Rmin & Coul turning =    0.0    1.3
   S-matrix    1 =    0.22035  -0.38982 for L=    1, J=    1.5 channel on core I =   0.0 from L=    1,  Acc. loss =  0.0 D.
 Elastic phase shift   1 =  -30.261  23.017 deg. for the L =    1, J =    1.5 channel.
       1.5  0.22034696 -0.38981796i: elastic S-matrix  @@      0.00  0   0 F  0
 Reaction Xsec     1.5-/ 1 @ 1 =  32.856 , Out:   0.000#


 Total SPIN, PARITY =     2.5 +,      1 chs,      0 cc.  Rmin & Coul turning =    0.1    2.2
   S-matrix    1 =   -0.00655  -0.42674 for L=    2, J=    2.5 channel on core I =   0.0 from L=    2,  Acc. loss =  0.0 D.
 Elastic phase shift   1 =  -45.440  24.393 deg. for the L =    2, J =    2.5 channel.
       2.5 -0.00655361 -0.42673505i: elastic S-matrix  @@      0.00  0   0 F  0
 Reaction Xsec     2.5+/ 2 @ 1 =  50.417 , Out:   0.000#


 Total SPIN, PARITY =     2.5 -,      1 chs,      0 cc.  Rmin & Coul turning =    0.1    2.2
   S-matrix    1 =   -0.36876   0.02812 for L=    3, J=    2.5 channel on core I =   0.0 from L=    3,  Acc. loss =  0.0 D.
 Elastic phase shift   1 =   87.820  28.497 deg. for the L =    3, J =    2.5 channel.
       2.5 -0.36875645  0.02811930i: elastic S-matrix  @@      0.00  0   0 F  0
 Reaction Xsec     2.5-/ 3 @ 1 =  53.214 , Out:   0.000#


 Total SPIN, PARITY =     3.5 +,      1 chs,      0 cc.  Rmin & Coul turning =    0.1    3.0
   S-matrix    1 =    0.00820   0.30765 for L=    4, J=    3.5 channel on core I =   0.0 from L=    4,  Acc. loss =  0.0 D.
 Elastic phase shift   1 =   44.236  33.759 deg. for the L =    4, J =    3.5 channel.
       3.5  0.00820374  0.30765443i: elastic S-matrix  @@      0.00  0   0 F  0
 Reaction Xsec     3.5+/ 4 @ 1 =  74.408 , Out:   0.000#


 Total SPIN, PARITY =     3.5 -,      1 chs,      0 cc.  Rmin & Coul turning =    0.1    3.0
   S-matrix    1 =   -0.24136  -0.36873 for L=    3, J=    3.5 channel on core I =   0.0 from L=    3,  Acc. loss =  0.0 D.
 Elastic phase shift   1 =  -61.604  23.474 deg. for the L =    3, J =    3.5 channel.
       3.5 -0.24136265 -0.36873291i: elastic S-matrix  @@      0.00  0   0 F  0
 Reaction Xsec     3.5-/ 3 @ 1 =  66.230 , Out:   0.000#


 Total SPIN, PARITY =     4.5 +,      1 chs,      0 cc.  Rmin & Coul turning =    0.2    3.8
   S-matrix    1 =   -0.24615   0.02140 for L=    4, J=    4.5 channel on core I =   0.0 from L=    4,  Acc. loss =  0.0 D.
 Elastic phase shift   1 =   87.516  40.052 deg. for the L =    4, J =    4.5 channel.
       4.5 -0.24614500  0.02140034i: elastic S-matrix  @@      0.00  0   0 F  0
 Reaction Xsec     4.5+/ 4 @ 1 =  96.470 , Out:   0.000#


 Total SPIN, PARITY =     4.5 -,      1 chs,      0 cc.  Rmin & Coul turning =    0.2    3.8
   S-matrix    1 =    0.54780   0.31624 for L=    5, J=    4.5 channel on core I =   0.0 from L=    5,  Acc. loss =  0.0 D.
 Elastic phase shift   1 =   14.999  13.122 deg. for the L =    5, J =    4.5 channel.
       4.5  0.54779617  0.31623573i: elastic S-matrix  @@      0.00  0   0 F  0
 Reaction Xsec     4.5-/ 5 @ 1 =  61.636 , Out:   0.000#


 Total SPIN, PARITY =     5.5 +,      1 chs,      0 cc.  Rmin & Coul turning =    0.2    4.6
   S-matrix    1 =    0.84668   0.16372 for L=    6, J=    5.5 channel on core I =   0.0 from L=    6,  Acc. loss =  0.0 D.
 Elastic phase shift   1 =    5.472   4.242 deg. for the L =    6, J =    5.5 channel.
       5.5  0.84667882  0.16372338i: elastic S-matrix  @@      0.00  0   0 F  0
 Reaction Xsec     5.5+/ 6 @ 1 =  31.603 , Out:   0.000#


 Total SPIN, PARITY =     5.5 -,      1 chs,      0 cc.  Rmin & Coul turning =    0.2    4.6
   S-matrix    1 =    0.35411   0.37504 for L=    5, J=    5.5 channel on core I =   0.0 from L=    5,  Acc. loss =  0.0 D.
 Elastic phase shift   1 =   23.322  18.966 deg. for the L =    5, J =    5.5 channel.
       5.5  0.35410581  0.37504410i: elastic S-matrix  @@      0.00  0   0 F  0
 Reaction Xsec     5.5-/ 5 @ 1 =  90.489 , Out:   0.000#


 Total SPIN, PARITY =     6.5 +,      1 chs,      0 cc.  Rmin & Coul turning =    0.3    5.4
   S-matrix    1 =    0.81318   0.21886 for L=    6, J=    6.5 channel on core I =   0.0 from L=    6,  Acc. loss =  0.0 D.
 Elastic phase shift   1 =    7.532   4.923 deg. for the L =    6, J =    6.5 channel.
       6.5  0.81317733  0.21885954i: elastic S-matrix  @@      0.00  0   0 F  0
 Reaction Xsec     6.5+/ 6 @ 1 =  41.834 , Out:   0.000#


 Total SPIN, PARITY =     6.5 -,      1 chs,      0 cc.  Rmin & Coul turning =    0.3    5.4
   S-matrix    1 =    0.95029   0.06506 for L=    7, J=    6.5 channel on core I =   0.0 from L=    7,  Acc. loss =  0.0 D.
 Elastic phase shift   1 =    1.958   1.394 deg. for the L =    7, J =    6.5 channel.
       6.5  0.95028884  0.06505811i: elastic S-matrix  @@      0.00  0   0 F  0
 Reaction Xsec     6.5-/ 7 @ 1 =  13.336 , Out:   0.000#


 Total SPIN, PARITY =     7.5 +,      1 chs,      0 cc.  Rmin & Coul turning =    0.3    6.2
   S-matrix    1 =    0.98349   0.02369 for L=    8, J=    7.5 channel on core I =   0.0 from L=    8,  Acc. loss =  0.0 D.
 Elastic phase shift   1 =    0.690   0.469 deg. for the L =    8, J =    7.5 channel.
       7.5  0.98349199  0.02369049i: elastic S-matrix  @@      0.00  0   0 F  0
 Reaction Xsec     7.5+/ 8 @ 1 =   5.290 , Out:   0.000#


 Total SPIN, PARITY =     7.5 -,      1 chs,      0 cc.  Rmin & Coul turning =    0.3    6.2
   S-matrix    1 =    0.94619   0.08332 for L=    7, J=    7.5 channel on core I =   0.0 from L=    7,  Acc. loss =  0.0 D.
 Elastic phase shift   1 =    2.516   1.474 deg. for the L =    7, J =    7.5 channel.
       7.5  0.94618536  0.08331565i: elastic S-matrix  @@      0.00  0   0 F  0
 Reaction Xsec     7.5-/ 7 @ 1 =  16.076 , Out:   0.000#


 Total SPIN, PARITY =     8.5 +,      1 chs,      0 cc.  Rmin & Coul turning =    0.4    7.0
   S-matrix    1 =    0.98300   0.02924 for L=    8, J=    8.5 channel on core I =   0.0 from L=    8,  Acc. loss =  0.0 D.
 Elastic phase shift   1 =    0.852   0.479 deg. for the L =    8, J =    8.5 channel.
       8.5  0.98299912  0.02923831i: elastic S-matrix  @@      0.00  0   0 F  0
 Reaction Xsec     8.5+/ 8 @ 1 =   6.077 , Out:   0.000#


 Total SPIN, PARITY =     8.5 -,      1 chs,      0 cc.  Rmin & Coul turning =    0.4    7.0
   S-matrix    1 =    0.99442   0.00836 for L=    9, J=    8.5 channel on core I =   0.0 from L=    9,  Acc. loss =  0.0 D.
 Elastic phase shift   1 =    0.241   0.159 deg. for the L =    9, J =    8.5 channel.
       8.5  0.99441859  0.00835876i: elastic S-matrix  @@      0.00  0   0 F  0
 Reaction Xsec     8.5-/ 9 @ 1 =   2.046 , Out:   0.000#


 Total SPIN, PARITY =     9.5 +,      1 chs,      0 cc.  Rmin & Coul turning =    0.4    7.8
   S-matrix    1 =    0.99810   0.00291 for L=   10, J=    9.5 channel on core I =   0.0 from L=   10,  Acc. loss =  0.0 D.
 Elastic phase shift   1 =    0.083   0.054 deg. for the L =   10, J =    9.5 channel.
       9.5  0.99809963  0.00290892i: elastic S-matrix  @@      0.00  0   0 F  0
 Reaction Xsec     9.5+/10 @ 1 =   0.779 , Out:   0.000#


 Total SPIN, PARITY =     9.5 -,      1 chs,      0 cc.  Rmin & Coul turning =    0.4    7.8
   S-matrix    1 =    0.99436   0.01006 for L=    9, J=    9.5 channel on core I =   0.0 from L=    9,  Acc. loss =  0.0 D.
 Elastic phase shift   1 =    0.290   0.161 deg. for the L =    9, J =    9.5 channel.
       9.5  0.99435832  0.01005813i: elastic S-matrix  @@      0.00  0   0 F  0
 Reaction Xsec     9.5-/ 9 @ 1 =   2.291 , Out:   0.000#


 Total SPIN, PARITY =    10.5 +,      1 chs,      0 cc.  Rmin & Coul turning =    0.5    8.7
   S-matrix    1 =    0.99809   0.00343 for L=   10, J=   10.5 channel on core I =   0.0 from L=   10,  Acc. loss =  0.0 D.
 Elastic phase shift   1 =    0.099   0.055 deg. for the L =   10, J =   10.5 channel.
      10.5  0.99809216  0.00343463i: elastic S-matrix  @@      0.00  0   0 F  0
 Reaction Xsec    10.5+/10 @ 1 =   0.859 , Out:   0.000#


 Total SPIN, PARITY =    10.5 -,      1 chs,      0 cc.  Rmin & Coul turning =    0.5    8.7
   S-matrix    1 =    0.99935   0.00100 for L=   11, J=   10.5 channel on core I =   0.0 from L=   11,  Acc. loss =  0.0 D.
 Elastic phase shift   1 =    0.029   0.019 deg. for the L =   11, J =   10.5 channel.
      10.5  0.99935215  0.00100482i: elastic S-matrix  @@      0.00  0   0 F  0
 Reaction Xsec    10.5-/11 @ 1 =   0.293 , Out:   0.000#


 Total SPIN, PARITY =    11.5 +,      1 chs,      0 cc.  Rmin & Coul turning =    0.5    9.5
   S-matrix    1 =    0.99978   0.00035 for L=   12, J=   11.5 channel on core I =   0.0 from L=   12,  Acc. loss =  0.0 D.
 Elastic phase shift   1 =    0.010   0.006 deg. for the L =   12, J =   11.5 channel.
      11.5  0.99977939  0.00034540i: elastic S-matrix  @@      0.00  0   0 F  0
 Reaction Xsec    11.5+/12 @ 1 =   0.109 , Out:   0.000#


 Total SPIN, PARITY =    11.5 -,      1 chs,      0 cc.  Rmin & Coul turning =    0.5    9.5
   S-matrix    1 =    0.99935   0.00117 for L=   11, J=   11.5 channel on core I =   0.0 from L=   11,  Acc. loss =  0.0 D.
 Elastic phase shift   1 =    0.033   0.019 deg. for the L =   11, J =   11.5 channel.
      11.5  0.99935122  0.00116809i: elastic S-matrix  @@      0.00  0   0 F  0
 Reaction Xsec    11.5-/11 @ 1 =   0.320 , Out:   0.000#


 Total SPIN, PARITY =    12.5 +,      1 chs,      0 cc.  Rmin & Coul turning =    0.6   10.3
   S-matrix    1 =    0.99978   0.00040 for L=   12, J=   12.5 channel on core I =   0.0 from L=   12,  Acc. loss =  0.0 D.
 Elastic phase shift   1 =    0.011   0.006 deg. for the L =   12, J =   12.5 channel.
      12.5  0.99977927  0.00039611i: elastic S-matrix  @@      0.00  0   0 F  0
 Reaction Xsec    12.5+/12 @ 1 =   0.118 , Out:   0.000#


 Total SPIN, PARITY =    12.5 -,      1 chs,      0 cc.  Rmin & Coul turning =    0.6   10.3
   S-matrix    1 =    0.99993   0.00012 for L=   13, J=   12.5 channel on core I =   0.0 from L=   13,  Acc. loss =  0.0 D.
 Elastic phase shift   1 =    0.003   0.002 deg. for the L =   13, J =   12.5 channel.
      12.5  0.99992501  0.00011829i: elastic S-matrix  @@      0.00  0   0 F  0
 Reaction Xsec    12.5-/13 @ 1 =   0.040 , Out:   0.000#


 Total SPIN, PARITY =    13.5 +,      1 chs,      0 cc.  Rmin & Coul turning =    0.6   11.1
   S-matrix    1 =    0.99997   0.00004 for L=   14, J=   13.5 channel on core I =   0.0 from L=   14,  Acc. loss =  0.0 D.
 Elastic phase shift   1 =    0.001   0.001 deg. for the L =   14, J =   13.5 channel.
      13.5  0.99997456  0.00004038i: elastic S-matrix  @@      0.00  0   0 F  0
 Reaction Xsec    13.5+/14 @ 1 =   0.015 , Out:   0.000#


 Total SPIN, PARITY =    13.5 -,      1 chs,      0 cc.  Rmin & Coul turning =    0.6   11.1
   S-matrix    1 =    0.99992   0.00013 for L=   13, J=   13.5 channel on core I =   0.0 from L=   13,  Acc. loss =  0.0 D.
 Elastic phase shift   1 =    0.004   0.002 deg. for the L =   13, J =   13.5 channel.
      13.5  0.99992500  0.00013401i: elastic S-matrix  @@      0.00  0   0 F  0
 Reaction Xsec    13.5-/13 @ 1 =   0.043 , Out:   0.000#


 Total SPIN, PARITY =    14.5 +,      1 chs,      0 cc.  Rmin & Coul turning =    0.7   11.9
   S-matrix    1 =    0.99997   0.00005 for L=   14, J=   14.5 channel on core I =   0.0 from L=   14,  Acc. loss =  0.0 D.
 Elastic phase shift   1 =    0.001   0.001 deg. for the L =   14, J =   14.5 channel.
      14.5  0.99997456  0.00004525i: elastic S-matrix  @@      0.00  0   0 F  0
 Reaction Xsec    14.5+/14 @ 1 =   0.016 , Out:   0.000#


 Total SPIN, PARITY =    14.5 -,      1 chs,      0 cc.  Rmin & Coul turning =    0.7   11.9
   S-matrix    1 =    0.99999   0.00001 for L=   15, J=   14.5 channel on core I =   0.0 from L=   15,  Acc. loss =  0.0 D.
 Elastic phase shift   1 =    0.000   0.000 deg. for the L =   15, J =   14.5 channel.
      14.5  0.99999139  0.00001375i: elastic S-matrix  @@      0.00  0   0 F  0
 Reaction Xsec    14.5-/15 @ 1 =   5.309/, Out:   0.000#


 Total SPIN, PARITY =    15.5 +,      1 chs,      0 cc.  Rmin & Coul turning =    0.7   12.7
   S-matrix    1 =    1.00000   0.00000 for L=   16, J=   15.5 channel on core I =   0.0 from L=   16,  Acc. loss =  0.0 D.
 Elastic phase shift   1 =    0.000   0.000 deg. for the L =   16, J =   15.5 channel.
      15.5  0.99999709  0.00000467i: elastic S-matrix  @@      0.00  0   0 F  0
 Reaction Xsec    15.5+/16 @ 1 =   1.914/, Out:   0.000#


 Total SPIN, PARITY =    15.5 -,      1 chs,      0 cc.  Rmin & Coul turning =    0.7   12.7
   S-matrix    1 =    0.99999   0.00002 for L=   15, J=   15.5 channel on core I =   0.0 from L=   15,  Acc. loss =  0.0 D.
 Elastic phase shift   1 =    0.000   0.000 deg. for the L =   15, J =   15.5 channel.
      15.5  0.99999139  0.00001526i: elastic S-matrix  @@      0.00  0   0 F  0
 Reaction Xsec    15.5-/15 @ 1 =   5.663/, Out:   0.000#


 Total SPIN, PARITY =    16.5 +,      1 chs,      0 cc.  Rmin & Coul turning =    0.8   13.5
   S-matrix    1 =    1.00000   0.00001 for L=   16, J=   16.5 channel on core I =   0.0 from L=   16,  Acc. loss =  0.0 D.
 Elastic phase shift   1 =    0.000   0.000 deg. for the L =   16, J =   16.5 channel.
      16.5  0.99999709  0.00000514i: elastic S-matrix  @@      0.00  0   0 F  0
 Reaction Xsec    16.5+/16 @ 1 =   2.034/, Out:   0.000#


 Total SPIN, PARITY =    16.5 -,      1 chs,      0 cc.  Rmin & Coul turning =    0.8   13.5
   S-matrix    1 =    1.00000   0.00000 for L=   17, J=   16.5 channel on core I =   0.0 from L=   17,  Acc. loss =  0.0 D.
 Elastic phase shift   1 =    0.000   0.000 deg. for the L =   17, J =   16.5 channel.
      16.5  0.99999902  0.00000158i: elastic S-matrix  @@      0.00  0   0 F  0
 Reaction Xsec    16.5-/17 @ 1 =   0.686/, Out:   0.000#


 Total SPIN, PARITY =    17.5 +,      1 chs,      0 cc.  Rmin & Coul turning =    0.8   14.3
   S-matrix    1 =    1.00000   0.00000 for L=   18, J=   17.5 channel on core I =   0.0 from L=   18,  Acc. loss =  0.0 D.
 Elastic phase shift   1 =    0.000   0.000 deg. for the L =   18, J =   17.5 channel.
      17.5  0.99999967  0.00000054i: elastic S-matrix  @@      0.00  0   0 F  0
 Reaction Xsec    17.5+/18 @ 1 =   0.245/, Out:   0.000#


 Total SPIN, PARITY =    17.5 -,      1 chs,      0 cc.  Rmin & Coul turning =    0.8   14.3
   S-matrix    1 =    1.00000   0.00000 for L=   17, J=   17.5 channel on core I =   0.0 from L=   17,  Acc. loss =  0.0 D.
 Elastic phase shift   1 =    0.000   0.000 deg. for the L =   17, J =   17.5 channel.
      17.5  0.99999902  0.00000173i: elastic S-matrix  @@      0.00  0   0 F  0
 Reaction Xsec    17.5-/17 @ 1 =   0.727/, Out:   0.000#

 Finished all CC sets @    4.18199971E-03
0CUMULATIVE REACTION cross section                 =  713.56836  <L> =     4.05  <L**2> =     19.7
0CUMULATIVE outgoing cross sections in partition 1 :    0.00000
0Cumulative ABSORBTION by Imaginary Potentials     =  713.56836  <L> =     4.05  <L**2> =     19.7
   Fusion for specific p        M-states :  713.568356  713.568356
0CUMULATIVE OUTGOING cross section                 =    0.00000
 To convert to S-factors (MeV.mb = keV.b),  multiply by  1.2763E+02


 CROSS SECTIONS FOR OUTGOING p        & O20      in state #   1 with spins & parities 0.5  + &  0.0  +;  0

     3.00 deg.: X-S =   1.3082E+05 mb/sr,
+                                         /R =   8.2231E-01
     4.00 deg.: X-S =   3.7654E+04 mb/sr,
+                                         /R =   7.4778E-01
     5.00 deg.: X-S =   1.4545E+04 mb/sr,
+                                         /R =   7.0489E-01
     6.00 deg.: X-S =  7139.308271 mb/sr,
+                                         /R =   7.1705E-01
     7.00 deg.: X-S =  4336.859328 mb/sr,
+                                         /R =   8.0643E-01
     8.00 deg.: X-S =  3131.339640 mb/sr,
+                                         /R =   9.9257E-01
     9.00 deg.: X-S =  2544.583561 mb/sr,
+                                         /R =   1.2909E+00
    10.00 deg.: X-S =  2215.417226 mb/sr,
+                                         /R =   1.7113E+00
    11.00 deg.: X-S =  1998.167496 mb/sr,
+                                         /R =   2.2574E+00
    12.00 deg.: X-S =  1830.539054 mb/sr,
+                                         /R =   2.9256E+00
    13.00 deg.: X-S =  1685.079937 mb/sr,
+                                         /R =   3.7047E+00
    14.00 deg.: X-S =  1549.756607 mb/sr,
+                                         /R =   4.5765E+00
    15.00 deg.: X-S =  1419.630466 mb/sr,
+                                         /R =   5.5164E+00
    16.00 deg.: X-S =  1293.089759 mb/sr,
+                                         /R =   6.4944E+00
    17.00 deg.: X-S =  1170.066599 mb/sr,
+                                         /R =   7.4767E+00
    18.00 deg.: X-S =  1051.163656 mb/sr,
+                                         /R =   8.4274E+00
    19.00 deg.: X-S =   937.215984 mb/sr,
+                                         /R =   9.3104E+00
    20.00 deg.: X-S =   829.068971 mb/sr,
+                                         /R =   1.0092E+01
    21.00 deg.: X-S =   727.467395 mb/sr,
+                                         /R =   1.0741E+01
    22.00 deg.: X-S =   633.003451 mb/sr,
+                                         /R =   1.1233E+01
    23.00 deg.: X-S =   546.097052 mb/sr,
+                                         /R =   1.1550E+01
    24.00 deg.: X-S =   466.994302 mb/sr,
+                                         /R =   1.1682E+01
    25.00 deg.: X-S =   395.776403 mb/sr,
+                                         /R =   1.1628E+01
    26.00 deg.: X-S =   332.374587 mb/sr,
+                                         /R =   1.1394E+01
    27.00 deg.: X-S =   276.588424 mb/sr,
+                                         /R =   1.0997E+01
    28.00 deg.: X-S =   228.105821 mb/sr,
+                                         /R =   1.0460E+01
    29.00 deg.: X-S =   186.523565 mb/sr,
+                                         /R =   9.8135E+00
    30.00 deg.: X-S =   151.367623 mb/sr,
+                                         /R =   9.0931E+00
    31.00 deg.: X-S =   122.112575 mb/sr,
+                                         /R =   8.3377E+00
    32.00 deg.: X-S =    98.199768 mb/sr,
+                                         /R =   7.5885E+00
    33.00 deg.: X-S =    79.053857 mb/sr,
+                                         /R =   6.8862E+00
    34.00 deg.: X-S =    64.097511 mb/sr,
+                                         /R =   6.2701E+00
    35.00 deg.: X-S =    52.764151 mb/sr,
+                                         /R =   5.7756E+00
    36.00 deg.: X-S =    44.508661 mb/sr,
+                                         /R =   5.4333E+00
    37.00 deg.: X-S =    38.816069 mb/sr,
+                                         /R =   5.2676E+00
    38.00 deg.: X-S =    35.208265 mb/sr,
+                                         /R =   5.2955E+00
    39.00 deg.: X-S =    33.248857 mb/sr,
+                                         /R =   5.5265E+00
    40.00 deg.: X-S =    32.546310 mb/sr,
+                                         /R =   5.9621E+00
    41.00 deg.: X-S =    32.755533 mb/sr,
+                                         /R =   6.5960E+00
    42.00 deg.: X-S =    33.578101 mb/sr,
+                                         /R =   7.4142E+00
    43.00 deg.: X-S =    34.761321 mb/sr,
+                                         /R =   8.3963E+00
    44.00 deg.: X-S =    36.096321 mb/sr,
+                                         /R =   9.5160E+00
    45.00 deg.: X-S =    37.415376 mb/sr,
+                                         /R =   1.0742E+01
    46.00 deg.: X-S =    38.588658 mb/sr,
+                                         /R =   1.2041E+01
    47.00 deg.: X-S =    39.520572 mb/sr,
+                                         /R =   1.3376E+01
    48.00 deg.: X-S =    40.145854 mb/sr,
+                                         /R =   1.4709E+01
    49.00 deg.: X-S =    40.425555 mb/sr,
+                                         /R =   1.6005E+01
    50.00 deg.: X-S =    40.343053 mb/sr,
+                                         /R =   1.7229E+01
    51.00 deg.: X-S =    39.900170 mb/sr,
+                                         /R =   1.8349E+01
    52.00 deg.: X-S =    39.113496 mb/sr,
+                                         /R =   1.9337E+01
    53.00 deg.: X-S =    38.010977 mb/sr,
+                                         /R =   2.0170E+01
    54.00 deg.: X-S =    36.628807 mb/sr,
+                                         /R =   2.0831E+01
    55.00 deg.: X-S =    35.008663 mb/sr,
+                                         /R =   2.1305E+01
    56.00 deg.: X-S =    33.195287 mb/sr,
+                                         /R =   2.1588E+01
    57.00 deg.: X-S =    31.234434 mb/sr,
+                                         /R =   2.1676E+01
    58.00 deg.: X-S =    29.171164 mb/sr,
+                                         /R =   2.1574E+01
    59.00 deg.: X-S =    27.048469 mb/sr,
+                                         /R =   2.1291E+01
    60.00 deg.: X-S =    24.906216 mb/sr,
+                                         /R =   2.0839E+01
    61.00 deg.: X-S =    22.780378 mb/sr,
+                                         /R =   2.0236E+01
    62.00 deg.: X-S =    20.702512 mb/sr,
+                                         /R =   1.9502E+01
    63.00 deg.: X-S =    18.699477 mb/sr,
+                                         /R =   1.8658E+01
    64.00 deg.: X-S =    16.793331 mb/sr,
+                                         /R =   1.7728E+01
    65.00 deg.: X-S =    15.001398 mb/sr,
+                                         /R =   1.6737E+01
    66.00 deg.: X-S =    13.336464 mb/sr,
+                                         /R =   1.5710E+01
    67.00 deg.: X-S =    11.807067 mb/sr,
+                                         /R =   1.4669E+01
    68.00 deg.: X-S =    10.417877 mb/sr,
+                                         /R =   1.3637E+01
    69.00 deg.: X-S =     9.170110 mb/sr,
+                                         /R =   1.2635E+01
    70.00 deg.: X-S =     8.061985 mb/sr,
+                                         /R =   1.1682E+01
    71.00 deg.: X-S =     7.089188 mb/sr,
+                                         /R =   1.0792E+01
    72.00 deg.: X-S =     6.245329 mb/sr,
+                                         /R =   9.9798E+00
    73.00 deg.: X-S =     5.522391 mb/sr,
+                                         /R =   9.2549E+00
    74.00 deg.: X-S =     4.911146 mb/sr,
+                                         /R =   8.6244E+00
    75.00 deg.: X-S =     4.401545 mb/sr,
+                                         /R =   8.0926E+00
    76.00 deg.: X-S =     3.983060 mb/sr,
+                                         /R =   7.6608E+00
    77.00 deg.: X-S =     3.644998 mb/sr,
+                                         /R =   7.3280E+00
    78.00 deg.: X-S =     3.376757 mb/sr,
+                                         /R =   7.0905E+00
    79.00 deg.: X-S =     3.168055 mb/sr,
+                                         /R =   6.9427E+00
    80.00 deg.: X-S =     3.009104 mb/sr,
+                                         /R =   6.8770E+00
    81.00 deg.: X-S =     2.890752 mb/sr,
+                                         /R =   6.8846E+00
    82.00 deg.: X-S =     2.804584 mb/sr,
+                                         /R =   6.9556E+00
    83.00 deg.: X-S =     2.742997 mb/sr,
+                                         /R =   7.0791E+00
    84.00 deg.: X-S =     2.699234 mb/sr,
+                                         /R =   7.2440E+00
    85.00 deg.: X-S =     2.667401 mb/sr,
+                                         /R =   7.4390E+00
    86.00 deg.: X-S =     2.642457 mb/sr,
+                                         /R =   7.6530E+00
    87.00 deg.: X-S =     2.620191 mb/sr,
+                                         /R =   7.8754E+00
    88.00 deg.: X-S =     2.597174 mb/sr,
+                                         /R =   8.0961E+00
    89.00 deg.: X-S =     2.570714 mb/sr,
+                                         /R =   8.3060E+00
    90.00 deg.: X-S =     2.538788 mb/sr,
+                                         /R =   8.4969E+00
    91.00 deg.: X-S =     2.499978 mb/sr,
+                                         /R =   8.6616E+00
    92.00 deg.: X-S =     2.453405 mb/sr,
+                                         /R =   8.7942E+00
    93.00 deg.: X-S =     2.398651 mb/sr,
+                                         /R =   8.8901E+00
    94.00 deg.: X-S =     2.335697 mb/sr,
+                                         /R =   8.9458E+00
    95.00 deg.: X-S =     2.264849 mb/sr,
+                                         /R =   8.9589E+00
    96.00 deg.: X-S =     2.186682 mb/sr,
+                                         /R =   8.9284E+00
    97.00 deg.: X-S =     2.101973 mb/sr,
+                                         /R =   8.8541E+00
    98.00 deg.: X-S =     2.011653 mb/sr,
+                                         /R =   8.7370E+00
    99.00 deg.: X-S =     1.916754 mb/sr,
+                                         /R =   8.5791E+00
   100.00 deg.: X-S =     1.818368 mb/sr,
+                                         /R =   8.3828E+00
   101.00 deg.: X-S =     1.717611 mb/sr,
+                                         /R =   8.1516E+00
   102.00 deg.: X-S =     1.615588 mb/sr,
+                                         /R =   7.8892E+00
   103.00 deg.: X-S =     1.513367 mb/sr,
+                                         /R =   7.6000E+00
   104.00 deg.: X-S =     1.411961 mb/sr,
+                                         /R =   7.2886E+00
   105.00 deg.: X-S =     1.312306 mb/sr,
+                                         /R =   6.9597E+00
   106.00 deg.: X-S =     1.215251 mb/sr,
+                                         /R =   6.6184E+00
   107.00 deg.: X-S =     1.121551 mb/sr,
+                                         /R =   6.2694E+00
   108.00 deg.: X-S =     1.031855 mb/sr,
+                                         /R =   5.9175E+00
   109.00 deg.: X-S =     0.946712 mb/sr,
+                                         /R =   5.5674E+00
   110.00 deg.: X-S =     0.866564 mb/sr,
+                                         /R =   5.2234E+00
   111.00 deg.: X-S =     0.791750 mb/sr,
+                                         /R =   4.8894E+00
   112.00 deg.: X-S =     0.722511 mb/sr,
+                                         /R =   4.5691E+00
   113.00 deg.: X-S =     0.658993 mb/sr,
+                                         /R =   4.2658E+00
   114.00 deg.: X-S =     0.601255 mb/sr,
+                                         /R =   3.9821E+00
   115.00 deg.: X-S =     0.549273 mb/sr,
+                                         /R =   3.7205E+00
   116.00 deg.: X-S =     0.502950 mb/sr,
+                                         /R =   3.4826E+00
   117.00 deg.: X-S =     0.462125 mb/sr,
+                                         /R =   3.2698E+00
   118.00 deg.: X-S =     0.426577 mb/sr,
+                                         /R =   3.0828E+00
   119.00 deg.: X-S =     0.396034 mb/sr,
+                                         /R =   2.9222E+00
   120.00 deg.: X-S =     0.370185 mb/sr,
+                                         /R =   2.7876E+00
   121.00 deg.: X-S =     0.348682 mb/sr,
+                                         /R =   2.6786E+00
   122.00 deg.: X-S =     0.331154 mb/sr,
+                                         /R =   2.5942E+00
   123.00 deg.: X-S =     0.317208 mb/sr,
+                                         /R =   2.5330E+00
   124.00 deg.: X-S =     0.306441 mb/sr,
+                                         /R =   2.4933E+00
   125.00 deg.: X-S =     0.298443 mb/sr,
+                                         /R =   2.4733E+00
   126.00 deg.: X-S =     0.292807 mb/sr,
+                                         /R =   2.4706E+00
   127.00 deg.: X-S =     0.289133 mb/sr,
+                                         /R =   2.4829E+00
   128.00 deg.: X-S =     0.287030 mb/sr,
+                                         /R =   2.5076E+00
   129.00 deg.: X-S =     0.286130 mb/sr,
+                                         /R =   2.5422E+00
   130.00 deg.: X-S =     0.286082 mb/sr,
+                                         /R =   2.5840E+00
   131.00 deg.: X-S =     0.286564 mb/sr,
+                                         /R =   2.6303E+00
   132.00 deg.: X-S =     0.287281 mb/sr,
+                                         /R =   2.6787E+00
   133.00 deg.: X-S =     0.287972 mb/sr,
+                                         /R =   2.7267E+00
   134.00 deg.: X-S =     0.288409 mb/sr,
+                                         /R =   2.7721E+00
   135.00 deg.: X-S =     0.288401 mb/sr,
+                                         /R =   2.8129E+00
   136.00 deg.: X-S =     0.287796 mb/sr,
+                                         /R =   2.8473E+00
   137.00 deg.: X-S =     0.286476 mb/sr,
+                                         /R =   2.8740E+00
   138.00 deg.: X-S =     0.284365 mb/sr,
+                                         /R =   2.8918E+00
   139.00 deg.: X-S =     0.281422 mb/sr,
+                                         /R =   2.9000E+00
   140.00 deg.: X-S =     0.277642 mb/sr,
+                                         /R =   2.8982E+00
   141.00 deg.: X-S =     0.273056 mb/sr,
+                                         /R =   2.8862E+00
   142.00 deg.: X-S =     0.267723 mb/sr,
+                                         /R =   2.8646E+00
   143.00 deg.: X-S =     0.261737 mb/sr,
+                                         /R =   2.8339E+00
   144.00 deg.: X-S =     0.255211 mb/sr,
+                                         /R =   2.7952E+00
   145.00 deg.: X-S =     0.248286 mb/sr,
+                                         /R =   2.7499E+00
   146.00 deg.: X-S =     0.241116 mb/sr,
+                                         /R =   2.6996E+00
   147.00 deg.: X-S =     0.233873 mb/sr,
+                                         /R =   2.6462E+00
   148.00 deg.: X-S =     0.226736 mb/sr,
+                                         /R =   2.5917E+00
   149.00 deg.: X-S =     0.219887 mb/sr,
+                                         /R =   2.5383E+00
   150.00 deg.: X-S =     0.213512 mb/sr,
+                                         /R =   2.4882E+00
   151.00 deg.: X-S =     0.207789 mb/sr,
+                                         /R =   2.4439E+00
   152.00 deg.: X-S =     0.202888 mb/sr,
+                                         /R =   2.4075E+00
   153.00 deg.: X-S =     0.198965 mb/sr,
+                                         /R =   2.3812E+00
   154.00 deg.: X-S =     0.196160 mb/sr,
+                                         /R =   2.3670E+00
   155.00 deg.: X-S =     0.194590 mb/sr,
+                                         /R =   2.3667E+00
   156.00 deg.: X-S =     0.194351 mb/sr,
+                                         /R =   2.3818E+00
   157.00 deg.: X-S =     0.195511 mb/sr,
+                                         /R =   2.4134E+00
   158.00 deg.: X-S =     0.198109 mb/sr,
+                                         /R =   2.4625E+00
   159.00 deg.: X-S =     0.202155 mb/sr,
+                                         /R =   2.5295E+00
   160.00 deg.: X-S =     0.207629 mb/sr,
+                                         /R =   2.6145E+00
   161.00 deg.: X-S =     0.214479 mb/sr,
+                                         /R =   2.7170E+00
   162.00 deg.: X-S =     0.222626 mb/sr,
+                                         /R =   2.8363E+00
   163.00 deg.: X-S =     0.231961 mb/sr,
+                                         /R =   2.9711E+00
   164.00 deg.: X-S =     0.242346 mb/sr,
+                                         /R =   3.1199E+00
   165.00 deg.: X-S =     0.253622 mb/sr,
+                                         /R =   3.2806E+00
   166.00 deg.: X-S =     0.265610 mb/sr,
+                                         /R =   3.4509E+00
   167.00 deg.: X-S =     0.278108 mb/sr,
+                                         /R =   3.6283E+00
   168.00 deg.: X-S =     0.290907 mb/sr,
+                                         /R =   3.8098E+00
   169.00 deg.: X-S =     0.303784 mb/sr,
+                                         /R =   3.9925E+00
   170.00 deg.: X-S =     0.316512 mb/sr,
+                                         /R =   4.1731E+00
   171.00 deg.: X-S =     0.328866 mb/sr,
+                                         /R =   4.3486E+00
   172.00 deg.: X-S =     0.340622 mb/sr,
+                                         /R =   4.5157E+00
   173.00 deg.: X-S =     0.351567 mb/sr,
+                                         /R =   4.6715E+00
   174.00 deg.: X-S =     0.361501 mb/sr,
+                                         /R =   4.8130E+00
   175.00 deg.: X-S =     0.370241 mb/sr,
+                                         /R =   4.9377E+00
   176.00 deg.: X-S =     0.377625 mb/sr,
+                                         /R =   5.0431E+00
   177.00 deg.: X-S =     0.383516 mb/sr,
+                                         /R =   5.1272E+00
   178.00 deg.: X-S =     0.387804 mb/sr,
+                                         /R =   5.1885E+00
   179.00 deg.: X-S =     0.390409 mb/sr,
+                                         /R =   5.2257E+00
   179.99 deg.: X-S =     0.391283 mb/sr,
+                                         /R =   5.2382E+00
                                           Integrated 2135.0967 mb, over [   3.000, 180.000] at    35.0000 MeV 
 Finished all xsecs @    5.08999964E-03

  The following files have been created:
   3:local copy of User input.            6:standard output.                   
   7:elastic  S-matrix elements.         13:total cross sections/state.        
  16:tables of cross sections.           38:cross sections for each J/pi.      
  39:cross sections for each Ecm.        40:all cross sectns. for each Elab.   
  45:scat phase shift as E functions.    56:Fusion for each Jtotal.            
 201:Separate cross sections.           

 PARAMETERS : MAXQRN   MFNL   MLOC  LMAX1 MCLIST
    ALLOWED :      1      1      4     70      6
    REQUIRED:      0      0      4     19      4


 ACCURACY ANALYSIS at    35.000 MeV :

  Elastic h*k = 0.037 so OK       compared with 0.200

   Real(S-el) > 0.01 first at J =       0.5
   Real(S-el) > 0.10 first at J =       0.5
   Real(S-el) > 0.50 first at J =       4.5
   Real(S-el) > 0.90 first at J =       6.5
   Real(S-el) > 0.99 first at J =       8.5
   R-turn =    14.32 fm    at J =      17.5

 Forward-angle excitation cut off below   1.361 deg by max JT =      17.5
                              and below   0.330 deg by max R.

