 FRESCO - FRES 3.4: Coupled Reaction Channels
 Assuming NAMELIST input.

 p+O20 with CH89;                                                                

   0.030  60.000   0.500   0.000   0.000   0.000   0.000   0.000   0.000   0.000

 Centre-of-mass Range is   2002 * 0.0300 fm., Maximum at  60.00 fm., Interpolating NL forms every  0.51 fm.
 Non - locality width is      4 * 0.0300 fm., Maximum of   0.09 fm., Centred at  0.00 fm.
 2-Nucleon Separation of      0 * 0.5100 fm., Maximum of   0.00 fm., Minimum at  0.00 fm.
 Maximum single particle bins of 59.6700 fm.
               M,Mint =         2001        1990


 Range of total J is     0.0 <= J <=    50.0 (at least     0.0) and Absorbtion =>     0.0010 mb.
 Dry Run = F, CC set limits =  0  0, Relativistic kinematics =  , Both/Far/Near Analyses =  1                     

 Cross Sections (and up to T0 for 0=projectile) for Theta from   3.0 to-180.0 in steps of  1.0 degrees, DGAM=0,  Coordinates = 0 (Mads)

 Lower Radial Cutoff = maximum of -1.60*L*h &       0.0 fm.,  Lower Cutoff for Couplings =   0.0  fm.


 Iterate Couplings between   0 and   0 times, to  0.000 % if sooner.                                          
  Block solved exactly =   0 chs., with Pade = 0 & Isocen =  =0, NOSOL = F, initwf =  0
  NL quadrature with   18 Gaussian points, Calculate multipoles up to    56 from   0
  M-transfers for lp+lt greater than or equal to  6, Angular Integration Cutoff below  2.7778 %


 Trace switches are :  CHANS =  1, LISTCC =  0, TRENEG =  0, CDETR =  0, SMATS =  2, XSTABL =  1, NLPL =  0

                       WAVES =  0, LAMPL =  0, VEFF =  0, KFUS =  0, WDISK =  0, BPM =  0, MELFIL =  0

                       CDCC =  0, NFUS =  0

 Using unit mass = 1.000000 amu and 1/fine-structure constant = 137.03599 ( 1.000000 * true ) with hc = 197.32705 MeV.fm,
  thus 2*amu/hbar^2 = 0.0478450 = 1/20.9008 and Coulomb constant = 0.1574855 so e^2 = 1.43997, and nuclear magneton= 0.1261183

 Now pre-scan input and save to file 3



 *********** PARTITION NUMBER  1 ******************************************************************************************

   PROJ=p          MASS=  1.0073 Z=   1.0,        # STATES=    1T, TARG=O20      MASS= 19.9997 Z=   8.0,     Q-VALUE =  -0.0000 MEV.

     1:  J= 0.5+ (B# 1), E=  0.0000, K= 0.5              Potl#  1       J= 0.0+ (B# 1), E=  0.0000, K= 0.0    


 ************************************************************************************************************************************

 The following POTENTIALS are defined :

  KP#       TYPE      IT    SHAPE      at     V1        r1        a1        V2        r2        a2        A-in     A-used


                                            A#1       A#2        r0c       ac                                                h @ 1
    1    0=Coulomb       0=CHARGE (WS)  1    20.000     0.000    1.2842    0.0000    0.0000    0.0000     0.000    20.000   0.03000

    1    1=Volume        0=Woods-Saxon  2   41.6166    1.1671    0.6900    3.4191    1.1753    0.6900     0.000    20.000

    1    2=Surface       0=Woods-Saxon  3    0.0000    0.0000    0.0000    7.2556    1.1753    0.6900     0.000    20.000

    1    3=Projtl S.O.   0=Woods-Saxon  4    5.9000    0.8979    0.6300    0.0000    0.0000    0.0000     0.000    20.000

 Incoming partition  1 in excitation state # 1,   Laboratory Energy given for partition  1 Nucleus 1 in Excitation pair 1

0Lab. ENERGY ranges :

   from    35.0000     to   0.00000     in     0 intervals
   from    0.00000     to   0.00000     in     0 intervals
   from    0.00000     to   0.00000     in     0 intervals

 Largest real,imaginary parts of any form factor at R=   59.52 are   2.42E-02  7.77E-32 MeV
 Finished all Couplings @    4.34000045E-04           4

 Symmetric Hamiltonian
1***********************************************************************************************************************************
************************************************************************************************************************************

        INCOMING p        ;    LABORATORY p        ENERGY =   35.000     MeV.

 ***********************************************************************************************************************************
 ***********************************************************************************************************************************

 Allocate arrays for            2  channels, of which            1  need wfs.

 ######################################################################################################################
 #                                                                                                                    #
 # Total SPIN and PARITY =     0.5 +,      1 channels,    0 in 1st block.  Rmin & Coul turning =    0.0    0.3 fm.  #
 #                                                                                                                    #
 ######################################################################################################################



    C Projectl Target   #   EX.   (L  Proj) J  + Targ = Jtotal     E-cm      Re K     Re Eta     RM*K            CH
    1 p        O20      #    1: I   0 0.5    0.5  0.0     0.5    33.32176   1.23648   0.21373   74.1887   0.33920  -0.36833 1 1 1   1
   S-matrix    1 =    0.06258  -0.40940 for L=    0, J=    0.5 channel on core I =   0.0 from L=    0,  Acc. loss =  0.0 D.
 Elastic phase shift   1 =  -40.655  25.253 deg. for the L =    0, J =    0.5 channel.
       0.5  0.06257695 -0.40940311i: elastic S-matrix  @@      0.00  0   0 F  0
 Reaction Xsec     0.5+/ 0 @ 1 =  17.024 , Out:   0.000#


 Total SPIN, PARITY =     0.5 -,      1 chs,      0 cc.  Rmin & Coul turning =    0.0    0.3
   S-matrix    1 =   -0.25580  -0.26608 for L=    1, J=    0.5 channel on core I =   0.0 from L=    1,  Acc. loss =  0.0 D.
 Elastic phase shift   1 =  -66.936  28.554 deg. for the L =    1, J =    0.5 channel.
       0.5 -0.25579864 -0.26607650i: elastic S-matrix  @@      0.00  0   0 F  0
 Reaction Xsec     0.5-/ 1 @ 1 =  17.749 , Out:   0.000#


 Total SPIN, PARITY =     1.5 +,      1 chs,      0 cc.  Rmin & Coul turning =    0.0    1.3
   S-matrix    1 =   -0.37688   0.00121 for L=    2, J=    1.5 channel on core I =   0.0 from L=    2,  Acc. loss =  0.0 D.
 Elastic phase shift   1 =   89.908  27.955 deg. for the L =    2, J =    1.5 channel.
       1.5 -0.37688366  0.00121274i: elastic S-matrix  @@      0.00  0   0 F  0
 Reaction Xsec     1.5+/ 2 @ 1 =  35.259 , Out:   0.000#


 Total SPIN, PARITY =     1.5 -,      1 chs,      0 cc.  Rmin & Coul turning =    0.0    1.3
   S-matrix    1 =   -0.09218  -0.37187 for L=    1, J=    1.5 channel on core I =   0.0 from L=    1,  Acc. loss =  0.0 D.
 Elastic phase shift   1 =  -51.961  27.485 deg. for the L =    1, J =    1.5 channel.
       1.5 -0.09218354 -0.37186806i: elastic S-matrix  @@      0.00  0   0 F  0
 Reaction Xsec     1.5-/ 1 @ 1 =  35.064 , Out:   0.000#


 Total SPIN, PARITY =     2.5 +,      1 chs,      0 cc.  Rmin & Coul turning =    0.1    2.2
   S-matrix    1 =   -0.26007  -0.29096 for L=    2, J=    2.5 channel on core I =   0.0 from L=    2,  Acc. loss =  0.0 D.
 Elastic phase shift   1 =  -65.896  26.957 deg. for the L =    2, J =    2.5 channel.
       2.5 -0.26006774 -0.29095762i: elastic S-matrix  @@      0.00  0   0 F  0
 Reaction Xsec     2.5+/ 2 @ 1 =  52.257 , Out:   0.000#


 Total SPIN, PARITY =     2.5 -,      1 chs,      0 cc.  Rmin & Coul turning =    0.1    2.2
   S-matrix    1 =   -0.21323   0.19124 for L=    3, J=    2.5 channel on core I =   0.0 from L=    3,  Acc. loss =  0.0 D.
 Elastic phase shift   1 =   69.056  35.818 deg. for the L =    3, J =    2.5 channel.
       2.5 -0.21323418  0.19123767i: elastic S-matrix  @@      0.00  0   0 F  0
 Reaction Xsec     2.5-/ 3 @ 1 =  56.588 , Out:   0.000#


 Total SPIN, PARITY =     3.5 +,      1 chs,      0 cc.  Rmin & Coul turning =    0.1    3.0
   S-matrix    1 =    0.18216   0.27493 for L=    4, J=    3.5 channel on core I =   0.0 from L=    4,  Acc. loss =  0.0 D.
 Elastic phase shift   1 =   28.237  31.778 deg. for the L =    4, J =    3.5 channel.
       3.5  0.18215759  0.27493295i: elastic S-matrix  @@      0.00  0   0 F  0
 Reaction Xsec     3.5+/ 4 @ 1 =  73.253 , Out:   0.000#


 Total SPIN, PARITY =     3.5 -,      1 chs,      0 cc.  Rmin & Coul turning =    0.1    3.0
   S-matrix    1 =   -0.33542  -0.14793 for L=    3, J=    3.5 channel on core I =   0.0 from L=    3,  Acc. loss =  0.0 D.
 Elastic phase shift   1 =  -78.101  28.748 deg. for the L =    3, J =    3.5 channel.
       3.5 -0.33542225 -0.14792717i: elastic S-matrix  @@      0.00  0   0 F  0
 Reaction Xsec     3.5-/ 3 @ 1 =  71.147 , Out:   0.000#


 Total SPIN, PARITY =     4.5 +,      1 chs,      0 cc.  Rmin & Coul turning =    0.2    3.8
   S-matrix    1 =   -0.10258   0.16392 for L=    4, J=    4.5 channel on core I =   0.0 from L=    4,  Acc. loss =  0.0 D.
 Elastic phase shift   1 =   61.019  47.073 deg. for the L =    4, J =    4.5 channel.
       4.5 -0.10258097  0.16391839i: elastic S-matrix  @@      0.00  0   0 F  0
 Reaction Xsec     4.5+/ 4 @ 1 =  98.900 , Out:   0.000#


 Total SPIN, PARITY =     4.5 -,      1 chs,      0 cc.  Rmin & Coul turning =    0.2    3.8
   S-matrix    1 =    0.60380   0.22909 for L=    5, J=    4.5 channel on core I =   0.0 from L=    5,  Acc. loss =  0.0 D.
 Elastic phase shift   1 =   10.389  12.527 deg. for the L =    5, J =    4.5 channel.
       4.5  0.60380146  0.22909286i: elastic S-matrix  @@      0.00  0   0 F  0
 Reaction Xsec     4.5-/ 5 @ 1 =  59.892 , Out:   0.000#


 Total SPIN, PARITY =     5.5 +,      1 chs,      0 cc.  Rmin & Coul turning =    0.2    4.6
   S-matrix    1 =    0.84973   0.12097 for L=    6, J=    5.5 channel on core I =   0.0 from L=    6,  Acc. loss =  0.0 D.
 Elastic phase shift   1 =    4.051   4.378 deg. for the L =    6, J =    5.5 channel.
       5.5  0.84972782  0.12097109i: elastic S-matrix  @@      0.00  0   0 F  0
 Reaction Xsec     5.5+/ 6 @ 1 =  32.466 , Out:   0.000#


 Total SPIN, PARITY =     5.5 -,      1 chs,      0 cc.  Rmin & Coul turning =    0.2    4.6
   S-matrix    1 =    0.46190   0.30612 for L=    5, J=    5.5 channel on core I =   0.0 from L=    5,  Acc. loss =  0.0 D.
 Elastic phase shift   1 =   16.767  16.912 deg. for the L =    5, J =    5.5 channel.
       5.5  0.46190173  0.30612313i: elastic S-matrix  @@      0.00  0   0 F  0
 Reaction Xsec     5.5-/ 5 @ 1 =  85.432 , Out:   0.000#


 Total SPIN, PARITY =     6.5 +,      1 chs,      0 cc.  Rmin & Coul turning =    0.3    5.4
   S-matrix    1 =    0.82265   0.17114 for L=    6, J=    6.5 channel on core I =   0.0 from L=    6,  Acc. loss =  0.0 D.
 Elastic phase shift   1 =    5.876   4.986 deg. for the L =    6, J =    6.5 channel.
       6.5  0.82265080  0.17114398i: elastic S-matrix  @@      0.00  0   0 F  0
 Reaction Xsec     6.5+/ 6 @ 1 =  42.282 , Out:   0.000#


 Total SPIN, PARITY =     6.5 -,      1 chs,      0 cc.  Rmin & Coul turning =    0.3    5.4
   S-matrix    1 =    0.94769   0.04995 for L=    7, J=    6.5 channel on core I =   0.0 from L=    7,  Acc. loss =  0.0 D.
 Elastic phase shift   1 =    1.509   1.500 deg. for the L =    7, J =    6.5 channel.
       6.5  0.94768576  0.04994809i: elastic S-matrix  @@      0.00  0   0 F  0
 Reaction Xsec     6.5-/ 7 @ 1 =  14.297 , Out:   0.000#


 Total SPIN, PARITY =     7.5 +,      1 chs,      0 cc.  Rmin & Coul turning =    0.3    6.2
   S-matrix    1 =    0.98206   0.01860 for L=    8, J=    7.5 channel on core I =   0.0 from L=    8,  Acc. loss =  0.0 D.
 Elastic phase shift   1 =    0.543   0.514 deg. for the L =    8, J =    7.5 channel.
       7.5  0.98205514  0.01860187i: elastic S-matrix  @@      0.00  0   0 F  0
 Reaction Xsec     7.5+/ 8 @ 1 =   5.790 , Out:   0.000#


 Total SPIN, PARITY =     7.5 -,      1 chs,      0 cc.  Rmin & Coul turning =    0.3    6.2
   S-matrix    1 =    0.94396   0.06729 for L=    7, J=    7.5 channel on core I =   0.0 from L=    7,  Acc. loss =  0.0 D.
 Elastic phase shift   1 =    2.039   1.580 deg. for the L =    7, J =    7.5 channel.
       7.5  0.94396026  0.06728519i: elastic S-matrix  @@      0.00  0   0 F  0
 Reaction Xsec     7.5-/ 7 @ 1 =  17.164 , Out:   0.000#


 Total SPIN, PARITY =     8.5 +,      1 chs,      0 cc.  Rmin & Coul turning =    0.4    7.0
   S-matrix    1 =    0.98158   0.02403 for L=    8, J=    8.5 channel on core I =   0.0 from L=    8,  Acc. loss =  0.0 D.
 Elastic phase shift   1 =    0.701   0.524 deg. for the L =    8, J =    8.5 channel.
       8.5  0.98157661  0.02402834i: elastic S-matrix  @@      0.00  0   0 F  0
 Reaction Xsec     8.5+/ 8 @ 1 =   6.645 , Out:   0.000#


 Total SPIN, PARITY =     8.5 -,      1 chs,      0 cc.  Rmin & Coul turning =    0.4    7.0
   S-matrix    1 =    0.99385   0.00664 for L=    9, J=    8.5 channel on core I =   0.0 from L=    9,  Acc. loss =  0.0 D.
 Elastic phase shift   1 =    0.191   0.176 deg. for the L =    9, J =    8.5 channel.
       8.5  0.99385169  0.00663912i: elastic S-matrix  @@      0.00  0   0 F  0
 Reaction Xsec     8.5-/ 9 @ 1 =   2.259 , Out:   0.000#


 Total SPIN, PARITY =     9.5 +,      1 chs,      0 cc.  Rmin & Coul turning =    0.4    7.8
   S-matrix    1 =    0.99790   0.00232 for L=   10, J=    9.5 channel on core I =   0.0 from L=   10,  Acc. loss =  0.0 D.
 Elastic phase shift   1 =    0.067   0.060 deg. for the L =   10, J =    9.5 channel.
       9.5  0.99789558  0.00232456i: elastic S-matrix  @@      0.00  0   0 F  0
 Reaction Xsec     9.5+/10 @ 1 =   0.863 , Out:   0.000#


 Total SPIN, PARITY =     9.5 -,      1 chs,      0 cc.  Rmin & Coul turning =    0.4    7.8
   S-matrix    1 =    0.99379   0.00832 for L=    9, J=    9.5 channel on core I =   0.0 from L=    9,  Acc. loss =  0.0 D.
 Elastic phase shift   1 =    0.240   0.177 deg. for the L =    9, J =    9.5 channel.
       9.5  0.99379091  0.00832316i: elastic S-matrix  @@      0.00  0   0 F  0
 Reaction Xsec     9.5-/ 9 @ 1 =   2.530 , Out:   0.000#


 Total SPIN, PARITY =    10.5 +,      1 chs,      0 cc.  Rmin & Coul turning =    0.5    8.7
   S-matrix    1 =    0.99789   0.00285 for L=   10, J=   10.5 channel on core I =   0.0 from L=   10,  Acc. loss =  0.0 D.
 Elastic phase shift   1 =    0.082   0.060 deg. for the L =   10, J =   10.5 channel.
      10.5  0.99788787  0.00284833i: elastic S-matrix  @@      0.00  0   0 F  0
 Reaction Xsec    10.5+/10 @ 1 =   0.952 , Out:   0.000#


 Total SPIN, PARITY =    10.5 -,      1 chs,      0 cc.  Rmin & Coul turning =    0.5    8.7
   S-matrix    1 =    0.99928   0.00081 for L=   11, J=   10.5 channel on core I =   0.0 from L=   11,  Acc. loss =  0.0 D.
 Elastic phase shift   1 =    0.023   0.021 deg. for the L =   11, J =   10.5 channel.
      10.5  0.99928112  0.00080588i: elastic S-matrix  @@      0.00  0   0 F  0
 Reaction Xsec    10.5-/11 @ 1 =   0.325 , Out:   0.000#


 Total SPIN, PARITY =    11.5 +,      1 chs,      0 cc.  Rmin & Coul turning =    0.5    9.5
   S-matrix    1 =    0.99976   0.00028 for L=   12, J=   11.5 channel on core I =   0.0 from L=   12,  Acc. loss =  0.0 D.
 Elastic phase shift   1 =    0.008   0.007 deg. for the L =   12, J =   11.5 channel.
      11.5  0.99975500  0.00027770i: elastic S-matrix  @@      0.00  0   0 F  0
 Reaction Xsec    11.5+/12 @ 1 =   0.121 , Out:   0.000#


 Total SPIN, PARITY =    11.5 -,      1 chs,      0 cc.  Rmin & Coul turning =    0.5    9.5
   S-matrix    1 =    0.99928   0.00097 for L=   11, J=   11.5 channel on core I =   0.0 from L=   11,  Acc. loss =  0.0 D.
 Elastic phase shift   1 =    0.028   0.021 deg. for the L =   11, J =   11.5 channel.
      11.5  0.99928014  0.00096889i: elastic S-matrix  @@      0.00  0   0 F  0
 Reaction Xsec    11.5-/11 @ 1 =   0.355 , Out:   0.000#


 Total SPIN, PARITY =    12.5 +,      1 chs,      0 cc.  Rmin & Coul turning =    0.6   10.3
   S-matrix    1 =    0.99975   0.00033 for L=   12, J=   12.5 channel on core I =   0.0 from L=   12,  Acc. loss =  0.0 D.
 Elastic phase shift   1 =    0.009   0.007 deg. for the L =   12, J =   12.5 channel.
      12.5  0.99975488  0.00032837i: elastic S-matrix  @@      0.00  0   0 F  0
 Reaction Xsec    12.5+/12 @ 1 =   0.131 , Out:   0.000#


 Total SPIN, PARITY =    12.5 -,      1 chs,      0 cc.  Rmin & Coul turning =    0.6   10.3
   S-matrix    1 =    0.99992   0.00010 for L=   13, J=   12.5 channel on core I =   0.0 from L=   13,  Acc. loss =  0.0 D.
 Elastic phase shift   1 =    0.003   0.002 deg. for the L =   13, J =   12.5 channel.
      12.5  0.99991670  0.00009528i: elastic S-matrix  @@      0.00  0   0 F  0
 Reaction Xsec    12.5-/13 @ 1 =   0.044 , Out:   0.000#


 Total SPIN, PARITY =    13.5 +,      1 chs,      0 cc.  Rmin & Coul turning =    0.6   11.1
   S-matrix    1 =    0.99997   0.00003 for L=   14, J=   13.5 channel on core I =   0.0 from L=   14,  Acc. loss =  0.0 D.
 Elastic phase shift   1 =    0.001   0.001 deg. for the L =   14, J =   13.5 channel.
      13.5  0.99997174  0.00003258i: elastic S-matrix  @@      0.00  0   0 F  0
 Reaction Xsec    13.5+/14 @ 1 =   0.016 , Out:   0.000#


 Total SPIN, PARITY =    13.5 -,      1 chs,      0 cc.  Rmin & Coul turning =    0.6   11.1
   S-matrix    1 =    0.99992   0.00011 for L=   13, J=   13.5 channel on core I =   0.0 from L=   13,  Acc. loss =  0.0 D.
 Elastic phase shift   1 =    0.003   0.002 deg. for the L =   13, J =   13.5 channel.
      13.5  0.99991668  0.00011100i: elastic S-matrix  @@      0.00  0   0 F  0
 Reaction Xsec    13.5-/13 @ 1 =   0.048 , Out:   0.000#


 Total SPIN, PARITY =    14.5 +,      1 chs,      0 cc.  Rmin & Coul turning =    0.7   11.9
   S-matrix    1 =    0.99997   0.00004 for L=   14, J=   14.5 channel on core I =   0.0 from L=   14,  Acc. loss =  0.0 D.
 Elastic phase shift   1 =    0.001   0.001 deg. for the L =   14, J =   14.5 channel.
      14.5  0.99997174  0.00003745i: elastic S-matrix  @@      0.00  0   0 F  0
 Reaction Xsec    14.5+/14 @ 1 =   0.017 , Out:   0.000#


 Total SPIN, PARITY =    14.5 -,      1 chs,      0 cc.  Rmin & Coul turning =    0.7   11.9
   S-matrix    1 =    0.99999   0.00001 for L=   15, J=   14.5 channel on core I =   0.0 from L=   15,  Acc. loss =  0.0 D.
 Elastic phase shift   1 =    0.000   0.000 deg. for the L =   15, J =   14.5 channel.
      14.5  0.99999043  0.00001111i: elastic S-matrix  @@      0.00  0   0 F  0
 Reaction Xsec    14.5-/15 @ 1 =   5.899/, Out:   0.000#


 Total SPIN, PARITY =    15.5 +,      1 chs,      0 cc.  Rmin & Coul turning =    0.7   12.7
   S-matrix    1 =    1.00000   0.00000 for L=   16, J=   15.5 channel on core I =   0.0 from L=   16,  Acc. loss =  0.0 D.
 Elastic phase shift   1 =    0.000   0.000 deg. for the L =   16, J =   15.5 channel.
      15.5  0.99999677  0.00000378i: elastic S-matrix  @@      0.00  0   0 F  0
 Reaction Xsec    15.5+/16 @ 1 =   2.127/, Out:   0.000#


 Total SPIN, PARITY =    15.5 -,      1 chs,      0 cc.  Rmin & Coul turning =    0.7   12.7
   S-matrix    1 =    0.99999   0.00001 for L=   15, J=   15.5 channel on core I =   0.0 from L=   15,  Acc. loss =  0.0 D.
 Elastic phase shift   1 =    0.000   0.000 deg. for the L =   15, J =   15.5 channel.
      15.5  0.99999043  0.00001261i: elastic S-matrix  @@      0.00  0   0 F  0
 Reaction Xsec    15.5-/15 @ 1 =   6.292/, Out:   0.000#


 Total SPIN, PARITY =    16.5 +,      1 chs,      0 cc.  Rmin & Coul turning =    0.8   13.5
   S-matrix    1 =    1.00000   0.00000 for L=   16, J=   16.5 channel on core I =   0.0 from L=   16,  Acc. loss =  0.0 D.
 Elastic phase shift   1 =    0.000   0.000 deg. for the L =   16, J =   16.5 channel.
      16.5  0.99999677  0.00000424i: elastic S-matrix  @@      0.00  0   0 F  0
 Reaction Xsec    16.5+/16 @ 1 =   2.260/, Out:   0.000#


 Total SPIN, PARITY =    16.5 -,      1 chs,      0 cc.  Rmin & Coul turning =    0.8   13.5
   S-matrix    1 =    1.00000   0.00000 for L=   17, J=   16.5 channel on core I =   0.0 from L=   17,  Acc. loss =  0.0 D.
 Elastic phase shift   1 =    0.000   0.000 deg. for the L =   17, J =   16.5 channel.
      16.5  0.99999891  0.00000128i: elastic S-matrix  @@      0.00  0   0 F  0
 Reaction Xsec    16.5-/17 @ 1 =   0.763/, Out:   0.000#


 Total SPIN, PARITY =    17.5 +,      1 chs,      0 cc.  Rmin & Coul turning =    0.8   14.3
   S-matrix    1 =    1.00000   0.00000 for L=   18, J=   17.5 channel on core I =   0.0 from L=   18,  Acc. loss =  0.0 D.
 Elastic phase shift   1 =    0.000   0.000 deg. for the L =   18, J =   17.5 channel.
      17.5  0.99999963  0.00000044i: elastic S-matrix  @@      0.00  0   0 F  0
 Reaction Xsec    17.5+/18 @ 1 =   0.272/, Out:   0.000#


 Total SPIN, PARITY =    17.5 -,      1 chs,      0 cc.  Rmin & Coul turning =    0.8   14.3
   S-matrix    1 =    1.00000   0.00000 for L=   17, J=   17.5 channel on core I =   0.0 from L=   17,  Acc. loss =  0.0 D.
 Elastic phase shift   1 =    0.000   0.000 deg. for the L =   17, J =   17.5 channel.
      17.5  0.99999891  0.00000143i: elastic S-matrix  @@      0.00  0   0 F  0
 Reaction Xsec    17.5-/17 @ 1 =   0.807/, Out:   0.000#

 Finished all CC sets @    4.42000013E-03
0CUMULATIVE REACTION cross section                 =  728.88756  <L> =     4.02  <L**2> =     19.6
0CUMULATIVE outgoing cross sections in partition 1 :    0.00000
0Cumulative ABSORBTION by Imaginary Potentials     =  728.88756  <L> =     4.02  <L**2> =     19.6
   Fusion for specific p        M-states :  728.887563  728.887563
0CUMULATIVE OUTGOING cross section                 =    0.00000
 To convert to S-factors (MeV.mb = keV.b),  multiply by  1.2763E+02


 CROSS SECTIONS FOR OUTGOING p        & O20      in state #   1 with spins & parities 0.5  + &  0.0  +;  0

     3.00 deg.: X-S =   1.2979E+05 mb/sr,
+                                         /R =   8.1582E-01
     4.00 deg.: X-S =   3.6867E+04 mb/sr,
+                                         /R =   7.3215E-01
     5.00 deg.: X-S =   1.3932E+04 mb/sr,
+                                         /R =   6.7520E-01
     6.00 deg.: X-S =  6649.394017 mb/sr,
+                                         /R =   6.6784E-01
     7.00 deg.: X-S =  3936.922236 mb/sr,
+                                         /R =   7.3207E-01
     8.00 deg.: X-S =  2800.239915 mb/sr,
+                                         /R =   8.8762E-01
     9.00 deg.: X-S =  2268.230649 mb/sr,
+                                         /R =   1.1507E+00
    10.00 deg.: X-S =  1984.032298 mb/sr,
+                                         /R =   1.5326E+00
    11.00 deg.: X-S =  1804.669172 mb/sr,
+                                         /R =   2.0388E+00
    12.00 deg.: X-S =  1669.569362 mb/sr,
+                                         /R =   2.6683E+00
    13.00 deg.: X-S =  1552.401837 mb/sr,
+                                         /R =   3.4130E+00
    14.00 deg.: X-S =  1441.873803 mb/sr,
+                                         /R =   4.2579E+00
    15.00 deg.: X-S =  1333.544492 mb/sr,
+                                         /R =   5.1819E+00
    16.00 deg.: X-S =  1226.144363 mb/sr,
+                                         /R =   6.1582E+00
    17.00 deg.: X-S =  1119.849025 mb/sr,
+                                         /R =   7.1558E+00
    18.00 deg.: X-S =  1015.443671 mb/sr,
+                                         /R =   8.1410E+00
    19.00 deg.: X-S =   913.910183 mb/sr,
+                                         /R =   9.0789E+00
    20.00 deg.: X-S =   816.221993 mb/sr,
+                                         /R =   9.9353E+00
    21.00 deg.: X-S =   723.244249 mb/sr,
+                                         /R =   1.0678E+01
    22.00 deg.: X-S =   635.688855 mb/sr,
+                                         /R =   1.1281E+01
    23.00 deg.: X-S =   554.098853 mb/sr,
+                                         /R =   1.1719E+01
    24.00 deg.: X-S =   478.848822 mb/sr,
+                                         /R =   1.1979E+01
    25.00 deg.: X-S =   410.154177 mb/sr,
+                                         /R =   1.2050E+01
    26.00 deg.: X-S =   348.085404 mb/sr,
+                                         /R =   1.1932E+01
    27.00 deg.: X-S =   292.584908 mb/sr,
+                                         /R =   1.1633E+01
    28.00 deg.: X-S =   243.485097 mb/sr,
+                                         /R =   1.1165E+01
    29.00 deg.: X-S =   200.526753 mb/sr,
+                                         /R =   1.0550E+01
    30.00 deg.: X-S =   163.377074 mb/sr,
+                                         /R =   9.8145E+00
    31.00 deg.: X-S =   131.646927 mb/sr,
+                                         /R =   8.9887E+00
    32.00 deg.: X-S =   104.906984 mb/sr,
+                                         /R =   8.1068E+00
    33.00 deg.: X-S =    82.702482 mb/sr,
+                                         /R =   7.2041E+00
    34.00 deg.: X-S =    64.566461 mb/sr,
+                                         /R =   6.3160E+00
    35.00 deg.: X-S =    50.031359 mb/sr,
+                                         /R =   5.4765E+00
    36.00 deg.: X-S =    38.638922 mb/sr,
+                                         /R =   4.7168E+00
    37.00 deg.: X-S =    29.948434 mb/sr,
+                                         /R =   4.0642E+00
    38.00 deg.: X-S =    23.543305 mb/sr,
+                                         /R =   3.5410E+00
    39.00 deg.: X-S =    19.036101 mb/sr,
+                                         /R =   3.1641E+00
    40.00 deg.: X-S =    16.072123 mb/sr,
+                                         /R =   2.9442E+00
    41.00 deg.: X-S =    14.331671 mb/sr,
+                                         /R =   2.8860E+00
    42.00 deg.: X-S =    13.531124 mb/sr,
+                                         /R =   2.9877E+00
    43.00 deg.: X-S =    13.423006 mb/sr,
+                                         /R =   3.2422E+00
    44.00 deg.: X-S =    13.795197 mb/sr,
+                                         /R =   3.6368E+00
    45.00 deg.: X-S =    14.469422 mb/sr,
+                                         /R =   4.1543E+00
    46.00 deg.: X-S =    15.299204 mb/sr,
+                                         /R =   4.7739E+00
    47.00 deg.: X-S =    16.167389 mb/sr,
+                                         /R =   5.4718E+00
    48.00 deg.: X-S =    16.983399 mb/sr,
+                                         /R =   6.2226E+00
    49.00 deg.: X-S =    17.680311 mb/sr,
+                                         /R =   6.9999E+00
    50.00 deg.: X-S =    18.211876 mb/sr,
+                                         /R =   7.7775E+00
    51.00 deg.: X-S =    18.549554 mb/sr,
+                                         /R =   8.5303E+00
    52.00 deg.: X-S =    18.679652 mb/sr,
+                                         /R =   9.2348E+00
    53.00 deg.: X-S =    18.600606 mb/sr,
+                                         /R =   9.8703E+00
    54.00 deg.: X-S =    18.320459 mb/sr,
+                                         /R =   1.0419E+01
    55.00 deg.: X-S =    17.854560 mb/sr,
+                                         /R =   1.0866E+01
    56.00 deg.: X-S =    17.223521 mb/sr,
+                                         /R =   1.1201E+01
    57.00 deg.: X-S =    16.451410 mb/sr,
+                                         /R =   1.1417E+01
    58.00 deg.: X-S =    15.564212 mb/sr,
+                                         /R =   1.1511E+01
    59.00 deg.: X-S =    14.588537 mb/sr,
+                                         /R =   1.1483E+01
    60.00 deg.: X-S =    13.550563 mb/sr,
+                                         /R =   1.1338E+01
    61.00 deg.: X-S =    12.475200 mb/sr,
+                                         /R =   1.1082E+01
    62.00 deg.: X-S =    11.385464 mb/sr,
+                                         /R =   1.0725E+01
    63.00 deg.: X-S =    10.302025 mb/sr,
+                                         /R =   1.0279E+01
    64.00 deg.: X-S =     9.242923 mb/sr,
+                                         /R =   9.7575E+00
    65.00 deg.: X-S =     8.223411 mb/sr,
+                                         /R =   9.1751E+00
    66.00 deg.: X-S =     7.255925 mb/sr,
+                                         /R =   8.5471E+00
    67.00 deg.: X-S =     6.350142 mb/sr,
+                                         /R =   7.8892E+00
    68.00 deg.: X-S =     5.513115 mb/sr,
+                                         /R =   7.2166E+00
    69.00 deg.: X-S =     4.749463 mb/sr,
+                                         /R =   6.5441E+00
    70.00 deg.: X-S =     4.061604 mb/sr,
+                                         /R =   5.8851E+00
    71.00 deg.: X-S =     3.450009 mb/sr,
+                                         /R =   5.2520E+00
    72.00 deg.: X-S =     2.913479 mb/sr,
+                                         /R =   4.6556E+00
    73.00 deg.: X-S =     2.449414 mb/sr,
+                                         /R =   4.1049E+00
    74.00 deg.: X-S =     2.054084 mb/sr,
+                                         /R =   3.6071E+00
    75.00 deg.: X-S =     1.722885 mb/sr,
+                                         /R =   3.1676E+00
    76.00 deg.: X-S =     1.450578 mb/sr,
+                                         /R =   2.7900E+00
    77.00 deg.: X-S =     1.231508 mb/sr,
+                                         /R =   2.4759E+00
    78.00 deg.: X-S =     1.059797 mb/sr,
+                                         /R =   2.2254E+00
    79.00 deg.: X-S =     0.929512 mb/sr,
+                                         /R =   2.0370E+00
    80.00 deg.: X-S =     0.834813 mb/sr,
+                                         /R =   1.9079E+00
    81.00 deg.: X-S =     0.770067 mb/sr,
+                                         /R =   1.8340E+00
    82.00 deg.: X-S =     0.729948 mb/sr,
+                                         /R =   1.8103E+00
    83.00 deg.: X-S =     0.709505 mb/sr,
+                                         /R =   1.8311E+00
    84.00 deg.: X-S =     0.704217 mb/sr,
+                                         /R =   1.8899E+00
    85.00 deg.: X-S =     0.710026 mb/sr,
+                                         /R =   1.9802E+00
    86.00 deg.: X-S =     0.723353 mb/sr,
+                                         /R =   2.0950E+00
    87.00 deg.: X-S =     0.741102 mb/sr,
+                                         /R =   2.2275E+00
    88.00 deg.: X-S =     0.760652 mb/sr,
+                                         /R =   2.3712E+00
    89.00 deg.: X-S =     0.779837 mb/sr,
+                                         /R =   2.5197E+00
    90.00 deg.: X-S =     0.796922 mb/sr,
+                                         /R =   2.6672E+00
    91.00 deg.: X-S =     0.810568 mb/sr,
+                                         /R =   2.8083E+00
    92.00 deg.: X-S =     0.819801 mb/sr,
+                                         /R =   2.9386E+00
    93.00 deg.: X-S =     0.823968 mb/sr,
+                                         /R =   3.0539E+00
    94.00 deg.: X-S =     0.822702 mb/sr,
+                                         /R =   3.1510E+00
    95.00 deg.: X-S =     0.815881 mb/sr,
+                                         /R =   3.2273E+00
    96.00 deg.: X-S =     0.803588 mb/sr,
+                                         /R =   3.2811E+00
    97.00 deg.: X-S =     0.786076 mb/sr,
+                                         /R =   3.3112E+00
    98.00 deg.: X-S =     0.763730 mb/sr,
+                                         /R =   3.3170E+00
    99.00 deg.: X-S =     0.737040 mb/sr,
+                                         /R =   3.2989E+00
   100.00 deg.: X-S =     0.706564 mb/sr,
+                                         /R =   3.2573E+00
   101.00 deg.: X-S =     0.672910 mb/sr,
+                                         /R =   3.1935E+00
   102.00 deg.: X-S =     0.636709 mb/sr,
+                                         /R =   3.1092E+00
   103.00 deg.: X-S =     0.598593 mb/sr,
+                                         /R =   3.0061E+00
   104.00 deg.: X-S =     0.559184 mb/sr,
+                                         /R =   2.8865E+00
   105.00 deg.: X-S =     0.519075 mb/sr,
+                                         /R =   2.7529E+00
   106.00 deg.: X-S =     0.478823 mb/sr,
+                                         /R =   2.6077E+00
   107.00 deg.: X-S =     0.438939 mb/sr,
+                                         /R =   2.4536E+00
   108.00 deg.: X-S =     0.399880 mb/sr,
+                                         /R =   2.2933E+00
   109.00 deg.: X-S =     0.362051 mb/sr,
+                                         /R =   2.1291E+00
   110.00 deg.: X-S =     0.325796 mb/sr,
+                                         /R =   1.9638E+00
   111.00 deg.: X-S =     0.291403 mb/sr,
+                                         /R =   1.7995E+00
   112.00 deg.: X-S =     0.259100 mb/sr,
+                                         /R =   1.6385E+00
   113.00 deg.: X-S =     0.229063 mb/sr,
+                                         /R =   1.4828E+00
   114.00 deg.: X-S =     0.201414 mb/sr,
+                                         /R =   1.3340E+00
   115.00 deg.: X-S =     0.176226 mb/sr,
+                                         /R =   1.1937E+00
   116.00 deg.: X-S =     0.153527 mb/sr,
+                                         /R =   1.0631E+00
   117.00 deg.: X-S =     0.133305 mb/sr,
+                                         /R =   9.4320E-01
   118.00 deg.: X-S =     0.115514 mb/sr,
+                                         /R =   8.3481E-01
   119.00 deg.: X-S =     0.100075 mb/sr,
+                                         /R =   7.3841E-01
   120.00 deg.: X-S =     0.086883 mb/sr,
+                                         /R =   6.5426E-01
   121.00 deg.: X-S =     0.075813 mb/sr,
+                                         /R =   5.8241E-01
   122.00 deg.: X-S =     0.066722 mb/sr,
+                                         /R =   5.2269E-01
   123.00 deg.: X-S =     0.059455 mb/sr,
+                                         /R =   4.7476E-01
   124.00 deg.: X-S =     0.053845 mb/sr,
+                                         /R =   4.3811E-01
   125.00 deg.: X-S =     0.049724 mb/sr,
+                                         /R =   4.1208E-01
   126.00 deg.: X-S =     0.046921 mb/sr,
+                                         /R =   3.9589E-01
   127.00 deg.: X-S =     0.045263 mb/sr,
+                                         /R =   3.8869E-01
   128.00 deg.: X-S =     0.044584 mb/sr,
+                                         /R =   3.8950E-01
   129.00 deg.: X-S =     0.044723 mb/sr,
+                                         /R =   3.9735E-01
   130.00 deg.: X-S =     0.045526 mb/sr,
+                                         /R =   4.1120E-01
   131.00 deg.: X-S =     0.046850 mb/sr,
+                                         /R =   4.3003E-01
   132.00 deg.: X-S =     0.048562 mb/sr,
+                                         /R =   4.5280E-01
   133.00 deg.: X-S =     0.050539 mb/sr,
+                                         /R =   4.7854E-01
   134.00 deg.: X-S =     0.052674 mb/sr,
+                                         /R =   5.0628E-01
   135.00 deg.: X-S =     0.054870 mb/sr,
+                                         /R =   5.3517E-01
   136.00 deg.: X-S =     0.057044 mb/sr,
+                                         /R =   5.6437E-01
   137.00 deg.: X-S =     0.059126 mb/sr,
+                                         /R =   5.9317E-01
   138.00 deg.: X-S =     0.061059 mb/sr,
+                                         /R =   6.2094E-01
   139.00 deg.: X-S =     0.062798 mb/sr,
+                                         /R =   6.4712E-01
   140.00 deg.: X-S =     0.064310 mb/sr,
+                                         /R =   6.7129E-01
   141.00 deg.: X-S =     0.065573 mb/sr,
+                                         /R =   6.9311E-01
   142.00 deg.: X-S =     0.066576 mb/sr,
+                                         /R =   7.1234E-01
   143.00 deg.: X-S =     0.067316 mb/sr,
+                                         /R =   7.2885E-01
   144.00 deg.: X-S =     0.067799 mb/sr,
+                                         /R =   7.4258E-01
   145.00 deg.: X-S =     0.068040 mb/sr,
+                                         /R =   7.5359E-01
   146.00 deg.: X-S =     0.068057 mb/sr,
+                                         /R =   7.6199E-01
   147.00 deg.: X-S =     0.067875 mb/sr,
+                                         /R =   7.6798E-01
   148.00 deg.: X-S =     0.067524 mb/sr,
+                                         /R =   7.7182E-01
   149.00 deg.: X-S =     0.067034 mb/sr,
+                                         /R =   7.7381E-01
   150.00 deg.: X-S =     0.066441 mb/sr,
+                                         /R =   7.7429E-01
   151.00 deg.: X-S =     0.065777 mb/sr,
+                                         /R =   7.7363E-01
   152.00 deg.: X-S =     0.065078 mb/sr,
+                                         /R =   7.7222E-01
   153.00 deg.: X-S =     0.064377 mb/sr,
+                                         /R =   7.7045E-01
   154.00 deg.: X-S =     0.063705 mb/sr,
+                                         /R =   7.6870E-01
   155.00 deg.: X-S =     0.063091 mb/sr,
+                                         /R =   7.6734E-01
   156.00 deg.: X-S =     0.062562 mb/sr,
+                                         /R =   7.6669E-01
   157.00 deg.: X-S =     0.062139 mb/sr,
+                                         /R =   7.6705E-01
   158.00 deg.: X-S =     0.061840 mb/sr,
+                                         /R =   7.6869E-01
   159.00 deg.: X-S =     0.061680 mb/sr,
+                                         /R =   7.7179E-01
   160.00 deg.: X-S =     0.061667 mb/sr,
+                                         /R =   7.7651E-01
   161.00 deg.: X-S =     0.061805 mb/sr,
+                                         /R =   7.8294E-01
   162.00 deg.: X-S =     0.062095 mb/sr,
+                                         /R =   7.9110E-01
   163.00 deg.: X-S =     0.062533 mb/sr,
+                                         /R =   8.0097E-01
   164.00 deg.: X-S =     0.063109 mb/sr,
+                                         /R =   8.1245E-01
   165.00 deg.: X-S =     0.063811 mb/sr,
+                                         /R =   8.2540E-01
   166.00 deg.: X-S =     0.064623 mb/sr,
+                                         /R =   8.3962E-01
   167.00 deg.: X-S =     0.065526 mb/sr,
+                                         /R =   8.5488E-01
   168.00 deg.: X-S =     0.066499 mb/sr,
+                                         /R =   8.7090E-01
   169.00 deg.: X-S =     0.067519 mb/sr,
+                                         /R =   8.8736E-01
   170.00 deg.: X-S =     0.068560 mb/sr,
+                                         /R =   9.0394E-01
   171.00 deg.: X-S =     0.069599 mb/sr,
+                                         /R =   9.2030E-01
   172.00 deg.: X-S =     0.070610 mb/sr,
+                                         /R =   9.3609E-01
   173.00 deg.: X-S =     0.071568 mb/sr,
+                                         /R =   9.5097E-01
   174.00 deg.: X-S =     0.072451 mb/sr,
+                                         /R =   9.6462E-01
   175.00 deg.: X-S =     0.073238 mb/sr,
+                                         /R =   9.7673E-01
   176.00 deg.: X-S =     0.073909 mb/sr,
+                                         /R =   9.8703E-01
   177.00 deg.: X-S =     0.074448 mb/sr,
+                                         /R =   9.9529E-01
   178.00 deg.: X-S =     0.074843 mb/sr,
+                                         /R =   1.0013E+00
   179.00 deg.: X-S =     0.075084 mb/sr,
+                                         /R =   1.0050E+00
   179.99 deg.: X-S =     0.075165 mb/sr,
+                                         /R =   1.0063E+00
                                           Integrated 2024.9987 mb, over [   3.000, 180.000] at    35.0000 MeV 
 Finished all xsecs @    5.73599990E-03

  The following files have been created:
   3:local copy of User input.            6:standard output.                   
   7:elastic  S-matrix elements.         13:total cross sections/state.        
  16:tables of cross sections.           38:cross sections for each J/pi.      
  39:cross sections for each Ecm.        40:all cross sectns. for each Elab.   
  45:scat phase shift as E functions.    56:Fusion for each Jtotal.            
 201:Separate cross sections.           

 PARAMETERS : MAXQRN   MFNL   MLOC  LMAX1 MCLIST
    ALLOWED :      1      1      4     70      6
    REQUIRED:      0      0      4     19      4


 ACCURACY ANALYSIS at    35.000 MeV :

  Elastic h*k = 0.037 so OK       compared with 0.200

   Real(S-el) > 0.01 first at J =       0.5
   Real(S-el) > 0.10 first at J =       3.5
   Real(S-el) > 0.50 first at J =       4.5
   Real(S-el) > 0.90 first at J =       6.5
   Real(S-el) > 0.99 first at J =       8.5
   R-turn =    14.32 fm    at J =      17.5

 Forward-angle excitation cut off below   1.361 deg by max JT =      17.5
                              and below   0.330 deg by max R.

