 FRESCO - FRES 3.4: Coupled Reaction Channels
 Assuming NAMELIST input.

 p+O20 3- E. Khan reanalysis;                                                    

   0.030  60.000   0.500   0.000   0.000   0.000   0.000   0.000   0.000   0.000

 Centre-of-mass Range is   2002 * 0.0300 fm., Maximum at  60.00 fm., Interpolating NL forms every  0.51 fm.
 Non - locality width is      4 * 0.0300 fm., Maximum of   0.09 fm., Centred at  0.00 fm.
 2-Nucleon Separation of      0 * 0.5100 fm., Maximum of   0.00 fm., Minimum at  0.00 fm.
 Maximum single particle bins of 59.6700 fm.
               M,Mint =         2001        1990


 Range of total J is     0.0 <= J <=    50.0 (at least     0.0) and Absorbtion =>    -1.0000 mb.
 Dry Run = F, CC set limits =  0  0, Relativistic kinematics =  , Both/Far/Near Analyses =  1                     

 Cross Sections (and up to T0 for 0=projectile) for Theta from   3.0 to-180.0 in steps of  1.0 degrees, DGAM=0,  Coordinates = 0 (Mads)

 Lower Radial Cutoff = maximum of -1.60*L*h &       0.0 fm.,  Lower Cutoff for Couplings =   0.0  fm.


 Iterate Couplings between   0 and   1 times, to  0.000 % if sooner.                                          
  Block solved exactly =   2 chs., with Pade = 0 & Isocen =  =0, NOSOL = F, initwf =  0
  NL quadrature with   18 Gaussian points, Calculate multipoles up to    56 from   0
  M-transfers for lp+lt greater than or equal to  6, Angular Integration Cutoff below  2.7778 %


 Trace switches are :  CHANS =  1, LISTCC =  0, TRENEG =  0, CDETR =  0, SMATS =  2, XSTABL =  1, NLPL =  0

                       WAVES =  0, LAMPL =  0, VEFF =  0, KFUS =  0, WDISK =  0, BPM =  0, MELFIL =  0

                       CDCC =  0, NFUS =  0

 Using unit mass = 1.000000 amu and 1/fine-structure constant = 137.03599 ( 1.000000 * true ) with hc = 197.32705 MeV.fm,
  thus 2*amu/hbar^2 = 0.0478450 = 1/20.9008 and Coulomb constant = 0.1574855 so e^2 = 1.43997, and nuclear magneton= 0.1261183

 Now pre-scan input and save to file 3



 *********** PARTITION NUMBER  1 ******************************************************************************************

   PROJ=p          MASS=  1.0073 Z=   1.0,        # STATES=    2T, TARG=O20      MASS= 19.9997 Z=   8.0,     Q-VALUE =  -0.0000 MEV.

     1:  J= 0.5+ (B# 1), E=  0.0000, K= 0.5              Potl#  1       J= 0.0+ (B# 1), E=  0.0000, K= 0.0    

     2:  J= 0.5+ (B# 1), E=  0.0000, K= 0.5              Potl#  1       J= 3.0- (B#-1), E=  5.6100, K= 0.0    
                                  (Just State  1)


 ************************************************************************************************************************************

 The following POTENTIALS are defined :

  KP#       TYPE      IT    SHAPE      at     V1        r1        a1        V2        r2        a2        A-in     A-used


                                            A#1       A#2        r0c       ac                                                h @ 1
    1    0=Coulomb       0=CHARGE (WS)  1    20.000     0.000    1.2000    0.0000    0.0000    0.0000     0.000    20.000   0.03000

                                           Mn(E1)    Mn(E2)    Mn(E3)  .....
    1   11=Target defm  10=derivatives  2    0.0000    0.0000   40.0000    0.0000    0.0000    0.0000     0.000     3.257= RADIUS

              At    2 is k =  3 (Potl. beta = 0.60602)
                                     Beta of targ. = 0.60602 (using radius of 3.257 fm.).

    1    1=Volume        0=Woods-Saxon  3   46.1325    1.1700    0.7500    0.0000    0.0000    0.0000     0.000    20.000

                                            Def1      Def2      Def3   .....
    1   11=Target defm  10=derivatives  4    0.0000    0.0000    2.0326    0.0000    0.0000    0.0000     0.000     3.176= RADIUS

              At    4 is k =  3 (Potl. beta = 0.64000)
                                     Beta of targ. = 0.64000 (using radius of 3.176 fm.).

    1    1=Volume        0=Woods-Saxon  5    0.0000    0.0000    0.0000    6.8194    1.3200    0.6500     0.000    20.000

                                            Def1      Def2      Def3   .....
    1   11=Target defm  10=derivatives  6    0.0000    0.0000    2.2931    0.0000    0.0000    0.0000     0.000     3.583= RADIUS

              At    6 is k =  3 (Potl. beta = 0.64000)
                                     Beta of targ. = 0.64000 (using radius of 3.583 fm.).

    1    2=Surface       0=Woods-Saxon  7    0.0000    0.0000    0.0000    3.3825    1.3200    0.6500     0.000    20.000

                                            Def1      Def2      Def3   .....
    1   11=Target defm  10=derivatives  8    0.0000    0.0000    2.2931    0.0000    0.0000    0.0000     0.000     3.583= RADIUS

              At    8 is k =  3 (Potl. beta = 0.64000)
                                     Beta of targ. = 0.64000 (using radius of 3.583 fm.).

    1    3=Projtl S.O.   0=Woods-Saxon  9    3.1000    1.0100    0.7500    0.0000    0.0000    0.0000     0.000    20.000

 Incoming partition  1 in excitation state # 1,   Laboratory Energy given for partition  1 Nucleus 1 in Excitation pair 1

0Lab. ENERGY ranges :

   from    43.2700     to   0.00000     in     0 intervals
   from    0.00000     to   0.00000     in     0 intervals
   from    0.00000     to   0.00000     in     0 intervals

 Largest real,imaginary parts of any form factor at R=   59.52 are   2.42E-02  3.62E-32 MeV
 Finished all Couplings @    6.66000065E-04           9

 Symmetric Hamiltonian
1***********************************************************************************************************************************
************************************************************************************************************************************

        INCOMING p        ;    LABORATORY p        ENERGY =   43.270     MeV.

 ***********************************************************************************************************************************
 ***********************************************************************************************************************************

 Allocate arrays for            3  channels, of which            3  need wfs.

 ######################################################################################################################
 #                                                                                                                    #
 # Total SPIN and PARITY =     0.5 +,      3 channels,    3 in 1st block.  Rmin & Coul turning =    0.0    0.3 fm.  #
 #                                                                                                                    #
 ######################################################################################################################



    C Projectl Target   #   EX.   (L  Proj) J  + Targ = Jtotal     E-cm      Re K     Re Eta     RM*K            CH
    1 p        O20      #    1: I   0 0.5    0.5  0.0     0.5    41.19522   1.37482   0.19223   82.4893   0.13909   0.48087 1 1 1   1
    2 p        O20      #    2:     3 0.5    2.5  3.0     0.5    35.58522   1.27778   0.20682   76.6671  -0.42267  -0.26886 1 1 1   2
    3 p        O20      #    2:     3 0.5    3.5  3.0     0.5    35.58522   1.27778   0.20682   76.6671  -0.42267  -0.26886 1 1 1   2
   S-matrix    1 =    0.12445  -0.35795 for L=    0, J=    0.5 channel on core I =   0.0 from L=    0,  Acc. loss =  0.1 D.
 Elastic phase shift   1 =  -35.415  27.797 deg. for the L =    0, J =    0.5 channel.
       0.5  0.12444867 -0.35795184i: elastic S-matrix  @@      0.00  0   0 F  0
 Reaction Xsec     0.5+/ 0 @ 1 =  14.234 , Out:   0.000#   0.270   13.964f


 Total SPIN, PARITY =     0.5 -,      3 chs,      3 cc.  Rmin & Coul turning =    0.0    0.3
   S-matrix    1 =   -0.12355  -0.33935 for L=    1, J=    0.5 channel on core I =   0.0 from L=    1,  Acc. loss =  0.3 D.
 Elastic phase shift   1 =  -55.003  29.178 deg. for the L =    1, J =    0.5 channel.
       0.5 -0.12354895 -0.33934815i: elastic S-matrix  @@      0.00  0   0 F  0
 Reaction Xsec     0.5-/ 1 @ 1 =  14.453 , Out:   0.000#   0.454   13.999f

 Allocate arrays for            5  channels, of which            5  need wfs.

 Total SPIN, PARITY =     1.5 +,      5 chs,      5 cc.  Rmin & Coul turning =    0.0    1.2
   S-matrix    1 =   -0.33878  -0.15917 for L=    2, J=    1.5 channel on core I =   0.0 from L=    2,  Acc. loss =  0.0 D.
 Elastic phase shift   1 =  -77.417  28.151 deg. for the L =    2, J =    1.5 channel.
       1.5 -0.33878297 -0.15917095i: elastic S-matrix  @@      0.00  0   0 F  0
 Reaction Xsec     1.5+/ 2 @ 1 =  28.585 , Out:   0.000#   1.072   27.512f


 Total SPIN, PARITY =     1.5 -,      5 chs,      5 cc.  Rmin & Coul turning =    0.0    1.2
   S-matrix    1 =   -0.05868  -0.36169 for L=    1, J=    1.5 channel on core I =   0.0 from L=    1,  Acc. loss =  0.3 D.
 Elastic phase shift   1 =  -49.607  28.762 deg. for the L =    1, J =    1.5 channel.
       1.5 -0.05867537 -0.36168622i: elastic S-matrix  @@      0.00  0   0 F  0
 Reaction Xsec     1.5-/ 1 @ 1 =  28.779 , Out:   0.000#   0.889   27.889f

 Allocate arrays for            7  channels, of which            7  need wfs.

 Total SPIN, PARITY =     2.5 +,      7 chs,      7 cc.  Rmin & Coul turning =    0.1    1.9
   S-matrix    1 =   -0.25776  -0.26642 for L=    2, J=    2.5 channel on core I =   0.0 from L=    2,  Acc. loss =  0.0 D.
 Elastic phase shift   1 =  -67.027  28.429 deg. for the L =    2, J =    2.5 channel.
       2.5 -0.25776435 -0.26642325i: elastic S-matrix  @@      0.00  0   0 F  0
 Reaction Xsec     2.5+/ 2 @ 1 =  43.011 , Out:   0.000#   1.917   41.094f


 Total SPIN, PARITY =     2.5 -,      7 chs,      7 cc.  Rmin & Coul turning =    0.1    1.9
   S-matrix    1 =   -0.37643   0.06606 for L=    3, J=    2.5 channel on core I =   0.0 from L=    3,  Acc. loss =  0.3 D.
 Elastic phase shift   1 =   85.023  27.555 deg. for the L =    3, J =    2.5 channel.
       2.5 -0.37643076  0.06605970i: elastic S-matrix  @@      0.00  0   0 F  0
 Reaction Xsec     2.5-/ 3 @ 1 =  42.580 , Out:   0.000#   1.451   41.129f

 Allocate arrays for            8  channels, of which            8  need wfs.

 Total SPIN, PARITY =     3.5 +,      8 chs,      8 cc.  Rmin & Coul turning =    0.1    2.7
   S-matrix    1 =   -0.10727   0.26461 for L=    4, J=    3.5 channel on core I =   0.0 from L=    4,  Acc. loss =  0.0 D.
 Elastic phase shift   1 =   56.034  35.908 deg. for the L =    4, J =    3.5 channel.
       3.5 -0.10726859  0.26460690i: elastic S-matrix  @@      0.00  0   0 F  0
 Reaction Xsec     3.5+/ 4 @ 1 =  61.064 , Out:   0.000#   3.681   57.383f


 Total SPIN, PARITY =     3.5 -,      8 chs,      8 cc.  Rmin & Coul turning =    0.1    2.7
   S-matrix    1 =   -0.37983  -0.12466 for L=    3, J=    3.5 channel on core I =   0.0 from L=    3,  Acc. loss =  0.4 D.
 Elastic phase shift   1 =  -80.915  26.266 deg. for the L =    3, J =    3.5 channel.
       3.5 -0.37983391 -0.12466350i: elastic S-matrix  @@      0.00  0   0 F  0
 Reaction Xsec     3.5-/ 3 @ 1 =  55.859 , Out:   0.000#   2.183   53.676f


 Total SPIN, PARITY =     4.5 +,      8 chs,      8 cc.  Rmin & Coul turning =    0.2    3.4
   S-matrix    1 =   -0.27228   0.12308 for L=    4, J=    4.5 channel on core I =   0.0 from L=    4,  Acc. loss =  0.0 D.
 Elastic phase shift   1 =   77.838  34.605 deg. for the L =    4, J =    4.5 channel.
       4.5 -0.27228399  0.12308356i: elastic S-matrix  @@      0.00  0   0 F  0
 Reaction Xsec     4.5+/ 4 @ 1 =  75.685 , Out:   0.000#   4.121   71.563f


 Total SPIN, PARITY =     4.5 -,      8 chs,      8 cc.  Rmin & Coul turning =    0.2    3.4
   S-matrix    1 =    0.33455   0.33321 for L=    5, J=    4.5 channel on core I =   0.0 from L=    5,  Acc. loss =  0.1 D.
 Elastic phase shift   1 =   22.442  21.498 deg. for the L =    5, J =    4.5 channel.
       4.5  0.33454750  0.33320517i: elastic S-matrix  @@      0.00  0   0 F  0
 Reaction Xsec     4.5-/ 5 @ 1 =  64.577 , Out:   0.000#   5.391   59.186f


 Total SPIN, PARITY =     5.5 +,      8 chs,      8 cc.  Rmin & Coul turning =    0.2    4.1
   S-matrix    1 =    0.70191   0.25288 for L=    6, J=    5.5 channel on core I =   0.0 from L=    6,  Acc. loss =  0.0 D.
 Elastic phase shift   1 =    9.906   8.392 deg. for the L =    6, J =    5.5 channel.
       5.5  0.70190523  0.25287639i: elastic S-matrix  @@      0.00  0   0 F  0
 Reaction Xsec     5.5+/ 6 @ 1 =  44.217 , Out:   0.000#   3.141   41.076f


 Total SPIN, PARITY =     5.5 -,      8 chs,      8 cc.  Rmin & Coul turning =    0.2    4.1
   S-matrix    1 =    0.14530   0.36042 for L=    5, J=    5.5 channel on core I =   0.0 from L=    5,  Acc. loss =  0.1 D.
 Elastic phase shift   1 =   34.022  27.078 deg. for the L =    5, J =    5.5 channel.
       5.5  0.14529548  0.36041796i: elastic S-matrix  @@      0.00  0   0 F  0
 Reaction Xsec     5.5-/ 5 @ 1 =  84.666 , Out:   0.000#   6.624   78.043f


 Total SPIN, PARITY =     6.5 +,      8 chs,      8 cc.  Rmin & Coul turning =    0.3    4.9
   S-matrix    1 =    0.62043   0.33638 for L=    6, J=    6.5 channel on core I =   0.0 from L=    6,  Acc. loss =  0.0 D.
 Elastic phase shift   1 =   14.233   9.983 deg. for the L =    6, J =    6.5 channel.
       6.5  0.62043495  0.33638165i: elastic S-matrix  @@      0.00  0   0 F  0
 Reaction Xsec     6.5+/ 6 @ 1 =  58.396 , Out:   0.000#   4.325   54.070f


 Total SPIN, PARITY =     6.5 -,      8 chs,      8 cc.  Rmin & Coul turning =    0.3    4.9
   S-matrix    1 =    0.89038   0.13593 for L=    7, J=    6.5 channel on core I =   0.0 from L=    7,  Acc. loss =  0.1 D.
 Elastic phase shift   1 =    4.340   2.996 deg. for the L =    7, J =    6.5 channel.
       6.5  0.89037857  0.13592815i: elastic S-matrix  @@      0.00  0   0 F  0
 Reaction Xsec     6.5-/ 7 @ 1 =  21.960 , Out:   0.000#   1.261   20.699f


 Total SPIN, PARITY =     7.5 +,      8 chs,      8 cc.  Rmin & Coul turning =    0.3    5.6
   S-matrix    1 =    0.96131   0.06195 for L=    8, J=    7.5 channel on core I =   0.0 from L=    8,  Acc. loss =  0.0 D.
 Elastic phase shift   1 =    1.844   1.071 deg. for the L =    8, J =    7.5 channel.
       7.5  0.96131001  0.06195118i: elastic S-matrix  @@      0.00  0   0 F  0
 Reaction Xsec     7.5+/ 8 @ 1 =   9.580 , Out:   0.000#   0.519    9.060f


 Total SPIN, PARITY =     7.5 -,      8 chs,      8 cc.  Rmin & Coul turning =    0.3    5.6
   S-matrix    1 =    0.87121   0.18737 for L=    7, J=    7.5 channel on core I =   0.0 from L=    7,  Acc. loss =  0.1 D.
 Elastic phase shift   1 =    6.069   3.302 deg. for the L =    7, J =    7.5 channel.
       7.5  0.87121454  0.18737116i: elastic S-matrix  @@      0.00  0   0 F  0
 Reaction Xsec     7.5-/ 7 @ 1 =  27.375 , Out:   0.000#   1.488   25.887f


 Total SPIN, PARITY =     8.5 +,      8 chs,      8 cc.  Rmin & Coul turning =    0.4    6.3
   S-matrix    1 =    0.95789   0.08443 for L=    8, J=    8.5 channel on core I =   0.0 from L=    8,  Acc. loss =  0.0 D.
 Elastic phase shift   1 =    2.518   1.122 deg. for the L =    8, J =    8.5 channel.
       8.5  0.95788903  0.08442640i: elastic S-matrix  @@      0.00  0   0 F  0
 Reaction Xsec     8.5+/ 8 @ 1 =  11.267 , Out:   0.000#   0.600   10.667f


 Total SPIN, PARITY =     8.5 -,      8 chs,      8 cc.  Rmin & Coul turning =    0.4    6.3
   S-matrix    1 =    0.98644   0.02669 for L=    9, J=    8.5 channel on core I =   0.0 from L=    9,  Acc. loss =  0.1 D.
 Elastic phase shift   1 =    0.775   0.381 deg. for the L =    9, J =    8.5 channel.
       8.5  0.98644054  0.02668935i: elastic S-matrix  @@      0.00  0   0 F  0
 Reaction Xsec     8.5-/ 9 @ 1 =   3.923 , Out:   0.000#   0.144    3.778f


 Total SPIN, PARITY =     9.5 +,      8 chs,      8 cc.  Rmin & Coul turning =    0.4    7.0
   S-matrix    1 =    0.99527   0.01115 for L=   10, J=    9.5 channel on core I =   0.0 from L=   10,  Acc. loss =  0.1 D.
 Elastic phase shift   1 =    0.321   0.134 deg. for the L =   10, J =    9.5 channel.
       9.5  0.99527384  0.01114675i: elastic S-matrix  @@      0.00  0   0 F  0
 Reaction Xsec     9.5+/10 @ 1 =   1.547 , Out:   0.000#   0.029    1.518f


 Total SPIN, PARITY =     9.5 -,      8 chs,      8 cc.  Rmin & Coul turning =    0.4    7.0
   S-matrix    1 =    0.98582   0.03597 for L=    9, J=    9.5 channel on core I =   0.0 from L=    9,  Acc. loss =  0.1 D.
 Elastic phase shift   1 =    1.045   0.390 deg. for the L =    9, J =    9.5 channel.
       9.5  0.98581736  0.03597061i: elastic S-matrix  @@      0.00  0   0 F  0
 Reaction Xsec     9.5-/ 9 @ 1 =   4.466 , Out:   0.000#   0.171    4.295f


 Total SPIN, PARITY =    10.5 +,      8 chs,      8 cc.  Rmin & Coul turning =    0.5    7.8
   S-matrix    1 =    0.99517   0.01495 for L=   10, J=   10.5 channel on core I =   0.0 from L=   10,  Acc. loss =  0.1 D.
 Elastic phase shift   1 =    0.430   0.136 deg. for the L =   10, J =   10.5 channel.
      10.5  0.99516617  0.01494880i: elastic S-matrix  @@      0.00  0   0 F  0
 Reaction Xsec    10.5+/10 @ 1 =   1.722 , Out:   0.000#   0.033    1.689f


 Total SPIN, PARITY =    10.5 -,      8 chs,      8 cc.  Rmin & Coul turning =    0.5    7.8
   S-matrix    1 =    0.99834   0.00458 for L=   11, J=   10.5 channel on core I =   0.0 from L=   11,  Acc. loss =  0.1 D.
 Elastic phase shift   1 =    0.131   0.047 deg. for the L =   11, J =   10.5 channel.
      10.5  0.99834416  0.00458038i: elastic S-matrix  @@      0.00  0   0 F  0
 Reaction Xsec    10.5-/11 @ 1 =   0.601 , Out:   0.000#   4.891/   0.596f


 Total SPIN, PARITY =    11.5 +,      8 chs,      8 cc.  Rmin & Coul turning =    0.5    8.5
   S-matrix    1 =    0.99942   0.00187 for L=   12, J=   11.5 channel on core I =   0.0 from L=   12,  Acc. loss =  0.0 D.
 Elastic phase shift   1 =    0.054   0.017 deg. for the L =   12, J =   11.5 channel.
      11.5  0.99941626  0.00186817i: elastic S-matrix  @@      0.00  0   0 F  0
 Reaction Xsec    11.5+/12 @ 1 =   0.232 , Out:   0.000#   0.692/   0.231f


 Total SPIN, PARITY =    11.5 -,      8 chs,      8 cc.  Rmin & Coul turning =    0.5    8.5
   S-matrix    1 =    0.99833   0.00613 for L=   11, J=   11.5 channel on core I =   0.0 from L=   11,  Acc. loss =  0.1 D.
 Elastic phase shift   1 =    0.176   0.047 deg. for the L =   11, J =   11.5 channel.
      11.5  0.99832623  0.00613320i: elastic S-matrix  @@      0.00  0   0 F  0
 Reaction Xsec    11.5-/11 @ 1 =   0.660 , Out:   0.000#   5.464/   0.654f


 Total SPIN, PARITY =    12.5 +,      8 chs,      8 cc.  Rmin & Coul turning =    0.6    9.2
   S-matrix    1 =    0.99941   0.00250 for L=   12, J=   12.5 channel on core I =   0.0 from L=   12,  Acc. loss =  0.1 D.
 Elastic phase shift   1 =    0.072   0.017 deg. for the L =   12, J =   12.5 channel.
      12.5  0.99941330  0.00250172i: elastic S-matrix  @@      0.00  0   0 F  0
 Reaction Xsec    12.5+/12 @ 1 =   0.252 , Out:   0.000#   0.759/   0.251f


 Total SPIN, PARITY =    12.5 -,      8 chs,      8 cc.  Rmin & Coul turning =    0.6    9.2
   S-matrix    1 =    0.99979   0.00076 for L=   13, J=   12.5 channel on core I =   0.0 from L=   13,  Acc. loss =  0.0 D.
 Elastic phase shift   1 =    0.022   0.006 deg. for the L =   13, J =   12.5 channel.
      12.5  0.99979348  0.00075904i: elastic S-matrix  @@      0.00  0   0 F  0
 Reaction Xsec    12.5-/13 @ 1 =   0.089 , Out:   0.000#   0.073/   0.089f


 Total SPIN, PARITY =    13.5 +,      8 chs,      8 cc.  Rmin & Coul turning =    0.6   10.0
   S-matrix    1 =    0.99993   0.00031 for L=   14, J=   13.5 channel on core I =   0.0 from L=   14,  Acc. loss =  0.0 D.
 Elastic phase shift   1 =    0.009   0.002 deg. for the L =   14, J =   13.5 channel.
      13.5  0.99992684  0.00030763i: elastic S-matrix  @@      0.00  0   0 F  0
 Reaction Xsec    13.5+/14 @ 1 =   0.034 , Out:   0.000#   8.596#   0.034f


 Total SPIN, PARITY =    13.5 -,      8 chs,      8 cc.  Rmin & Coul turning =    0.6   10.0
   S-matrix    1 =    0.99979   0.00102 for L=   13, J=   13.5 channel on core I =   0.0 from L=   13,  Acc. loss =  0.0 D.
 Elastic phase shift   1 =    0.029   0.006 deg. for the L =   13, J =   13.5 channel.
      13.5  0.99979299  0.00101717i: elastic S-matrix  @@      0.00  0   0 F  0
 Reaction Xsec    13.5-/13 @ 1 =   0.096 , Out:   0.000#   0.079/   0.096f


 Total SPIN, PARITY =    14.5 +,      8 chs,      8 cc.  Rmin & Coul turning =    0.7   10.7
   S-matrix    1 =    0.99993   0.00041 for L=   14, J=   14.5 channel on core I =   0.0 from L=   14,  Acc. loss =  0.0 D.
 Elastic phase shift   1 =    0.012   0.002 deg. for the L =   14, J =   14.5 channel.
      14.5  0.99992676  0.00041261i: elastic S-matrix  @@      0.00  0   0 F  0
 Reaction Xsec    14.5+/14 @ 1 =   0.036 , Out:   0.000#   9.226#   0.036f


 Total SPIN, PARITY =    14.5 -,      8 chs,      8 cc.  Rmin & Coul turning =    0.7   10.7
   S-matrix    1 =    0.99997   0.00012 for L=   15, J=   14.5 channel on core I =   0.0 from L=   15,  Acc. loss =  0.1 D.
 Elastic phase shift   1 =    0.004   0.001 deg. for the L =   15, J =   14.5 channel.
      14.5  0.99997408  0.00012444i: elastic S-matrix  @@      0.00  0   0 F  0
 Reaction Xsec    14.5-/15 @ 1 =   0.013 , Out:   0.000#   0.010/   0.013f


 Total SPIN, PARITY =    15.5 +,      8 chs,      8 cc.  Rmin & Coul turning =    0.7   11.4
   S-matrix    1 =    0.99999   0.00005 for L=   16, J=   15.5 channel on core I =   0.0 from L=   16,  Acc. loss =  0.0 D.
 Elastic phase shift   1 =    0.001   0.000 deg. for the L =   16, J =   15.5 channel.
      15.5  0.99999081  0.00005025i: elastic S-matrix  @@      0.00  0   0 F  0
 Reaction Xsec    15.5+/16 @ 1 =   4.885/, Out:   0.000#   0.012/   0.005f


 Total SPIN, PARITY =    15.5 -,      8 chs,      8 cc.  Rmin & Coul turning =    0.7   11.4
   S-matrix    1 =    0.99997   0.00017 for L=   15, J=   15.5 channel on core I =   0.0 from L=   15,  Acc. loss =  0.1 D.
 Elastic phase shift   1 =    0.005   0.001 deg. for the L =   15, J =   15.5 channel.
      15.5  0.99997406  0.00016705i: elastic S-matrix  @@      0.00  0   0 F  0
 Reaction Xsec    15.5-/15 @ 1 =   0.014 , Out:   0.000#   0.011/   0.014f


 Total SPIN, PARITY =    16.5 +,      8 chs,      8 cc.  Rmin & Coul turning =    0.8   12.1
   S-matrix    1 =    0.99999   0.00007 for L=   16, J=   16.5 channel on core I =   0.0 from L=   16,  Acc. loss =  0.0 D.
 Elastic phase shift   1 =    0.002   0.000 deg. for the L =   16, J =   16.5 channel.
      16.5  0.99999081  0.00006751i: elastic S-matrix  @@      0.00  0   0 F  0
 Reaction Xsec    16.5+/16 @ 1 =   5.191/, Out:   0.000#   0.013/   0.005f


 Total SPIN, PARITY =    16.5 -,      8 chs,      8 cc.  Rmin & Coul turning =    0.8   12.1
   S-matrix    1 =    1.00000   0.00002 for L=   17, J=   16.5 channel on core I =   0.0 from L=   17,  Acc. loss =  0.0 D.
 Elastic phase shift   1 =    0.001   0.000 deg. for the L =   17, J =   16.5 channel.
      16.5  0.99999674  0.00002026i: elastic S-matrix  @@      0.00  0   0 F  0
 Reaction Xsec    16.5-/17 @ 1 =   1.841/, Out:   0.000#   0.012/   0.002f


 Total SPIN, PARITY =    17.5 +,      8 chs,      8 cc.  Rmin & Coul turning =    0.8   12.9
   S-matrix    1 =    1.00000   0.00001 for L=   18, J=   17.5 channel on core I =   0.0 from L=   18,  Acc. loss =  0.0 D.
 Elastic phase shift   1 =    0.000   0.000 deg. for the L =   18, J =   17.5 channel.
      17.5  0.99999884  0.00000816i: elastic S-matrix  @@      0.00  0   0 F  0
 Reaction Xsec    17.5+/18 @ 1 =   0.693/, Out:   0.000#   0.010/   0.001f


 Total SPIN, PARITY =    17.5 -,      8 chs,      8 cc.  Rmin & Coul turning =    0.8   12.9
   S-matrix    1 =    1.00000   0.00003 for L=   17, J=   17.5 channel on core I =   0.0 from L=   17,  Acc. loss =  0.0 D.
 Elastic phase shift   1 =    0.001   0.000 deg. for the L =   17, J =   17.5 channel.
      17.5  0.99999674  0.00002724i: elastic S-matrix  @@      0.00  0   0 F  0
 Reaction Xsec    17.5-/17 @ 1 =   1.949/, Out:   0.000#   0.013/   0.002f


 Total SPIN, PARITY =    18.5 +,      8 chs,      8 cc.  Rmin & Coul turning =    0.8   13.6
   S-matrix    1 =    1.00000   0.00001 for L=   18, J=   18.5 channel on core I =   0.0 from L=   18,  Acc. loss =  0.0 D.
 Elastic phase shift   1 =    0.000   0.000 deg. for the L =   18, J =   18.5 channel.
      18.5  0.99999884  0.00001098i: elastic S-matrix  @@      0.00  0   0 F  0
 Reaction Xsec    18.5+/18 @ 1 =   0.732/, Out:   0.000#   0.011/   0.001f


 Total SPIN, PARITY =    18.5 -,      8 chs,      8 cc.  Rmin & Coul turning =    0.8   13.6
   S-matrix    1 =    1.00000   0.00000 for L=   19, J=   18.5 channel on core I =   0.0 from L=   19,  Acc. loss =  0.0 D.
 Elastic phase shift   1 =    0.000   0.000 deg. for the L =   19, J =   18.5 channel.
      18.5  0.99999958  0.00000328i: elastic S-matrix  @@      0.00  0   0 F  0
 Reaction Xsec    18.5-/19 @ 1 =   0.262/, Out:   0.000#   8.212#   0.000f


 Total SPIN, PARITY =    19.5 +,      8 chs,      8 cc.  Rmin & Coul turning =    0.9   14.3
   S-matrix    1 =    1.00000   0.00000 for L=   20, J=   19.5 channel on core I =   0.0 from L=   20,  Acc. loss =  0.0 D.
 Elastic phase shift   1 =    0.000   0.000 deg. for the L =   20, J =   19.5 channel.
      19.5  0.99999985  0.00000132i: elastic S-matrix  @@      0.00  0   0 F  0
 Reaction Xsec    19.5+/20 @ 1 =   0.101/, Out:   0.000#   6.593#   0.000f


 Total SPIN, PARITY =    19.5 -,      8 chs,      8 cc.  Rmin & Coul turning =    0.9   14.3
   S-matrix    1 =    1.00000   0.00000 for L=   19, J=   19.5 channel on core I =   0.0 from L=   19,  Acc. loss =  0.0 D.
 Elastic phase shift   1 =    0.000   0.000 deg. for the L =   19, J =   19.5 channel.
      19.5  0.99999958  0.00000442i: elastic S-matrix  @@      0.00  0   0 F  0
 Reaction Xsec    19.5-/19 @ 1 =   0.276/, Out:   0.000#   8.644#   0.000f


 Total SPIN, PARITY =    20.5 +,      8 chs,      8 cc.  Rmin & Coul turning =    1.0   15.0
   S-matrix    1 =    1.00000   0.00000 for L=   20, J=   20.5 channel on core I =   0.0 from L=   20,  Acc. loss =  0.0 D.
 Elastic phase shift   1 =    0.000   0.000 deg. for the L =   20, J =   20.5 channel.
      20.5  0.99999985  0.00000178i: elastic S-matrix  @@      0.00  0   0 F  0
 Reaction Xsec    20.5+/20 @ 1 =   0.106/, Out:   0.000#   6.923#   0.000f


 Total SPIN, PARITY =    20.5 -,      8 chs,      8 cc.  Rmin & Coul turning =    1.0   15.0
   S-matrix    1 =    1.00000   0.00000 for L=   21, J=   20.5 channel on core I =   0.0 from L=   21,  Acc. loss =  0.0 D.
 Elastic phase shift   1 =    0.000   0.000 deg. for the L =   21, J =   20.5 channel.
      20.5  0.99999994  0.00000053i: elastic S-matrix  @@      0.00  0   0 F  0
 Reaction Xsec    20.5-/21 @ 1 =   0.040/, Out:   0.000#   5.279#   0.000f


 Total SPIN, PARITY =    21.5 +,      8 chs,      8 cc.  Rmin & Coul turning =    1.0   15.8
   S-matrix    1 =    1.00000   0.00000 for L=   22, J=   21.5 channel on core I =   0.0 from L=   22,  Acc. loss =  0.0 D.
 Elastic phase shift   1 =    0.000   0.000 deg. for the L =   22, J =   21.5 channel.
      21.5  0.99999998  0.00000021i: elastic S-matrix  @@      0.00  0   0 F  0
 Reaction Xsec    21.5+/22 @ 1 =   0.017/, Out:   0.000#   4.241#   0.000f


 Total SPIN, PARITY =    21.5 -,      8 chs,      8 cc.  Rmin & Coul turning =    1.0   15.8
   S-matrix    1 =    1.00000   0.00000 for L=   21, J=   21.5 channel on core I =   0.0 from L=   21,  Acc. loss =  0.0 D.
 Elastic phase shift   1 =    0.000   0.000 deg. for the L =   21, J =   21.5 channel.
      21.5  0.99999994  0.00000072i: elastic S-matrix  @@      0.00  0   0 F  0
 Reaction Xsec    21.5-/21 @ 1 =   0.042/, Out:   0.000#   5.530#   0.000f


 Total SPIN, PARITY =    22.5 +,      8 chs,      8 cc.  Rmin & Coul turning =    1.1   16.5
   S-matrix    1 =    1.00000   0.00000 for L=   22, J=   22.5 channel on core I =   0.0 from L=   22,  Acc. loss =  0.0 D.
 Elastic phase shift   1 =    0.000   0.000 deg. for the L =   22, J =   22.5 channel.
      22.5  0.99999998  0.00000029i: elastic S-matrix  @@      0.00  0   0 F  0
 Reaction Xsec    22.5+/22 @ 1 =   0.018/, Out:   0.000#   4.434#   0.000f


 Total SPIN, PARITY =    22.5 -,      8 chs,      8 cc.  Rmin & Coul turning =    1.1   16.5
   S-matrix    1 =    1.00000   0.00000 for L=   23, J=   22.5 channel on core I =   0.0 from L=   23,  Acc. loss =  0.0 D.
 Elastic phase shift   1 =    0.000   0.000 deg. for the L =   23, J =   22.5 channel.
      22.5  0.99999999  0.00000009i: elastic S-matrix  @@      0.00  0   0 F  0
 Reaction Xsec    22.5-/23 @ 1 =   8.119#, Out:   0.000#   3.422#   0.000f


 Total SPIN, PARITY =    23.5 +,      8 chs,      8 cc.  Rmin & Coul turning =    1.1   17.2
   S-matrix    1 =    1.00000   0.00000 for L=   24, J=   23.5 channel on core I =   0.0 from L=   24,  Acc. loss =  0.0 D.
 Elastic phase shift   1 =    0.000   0.000 deg. for the L =   24, J =   23.5 channel.
      23.5  0.99999999  0.00000004i: elastic S-matrix  @@      0.00  0   0 F  0
 Reaction Xsec    23.5+/24 @ 1 =   4.496#, Out:   0.000#   2.777#   0.000f


 Total SPIN, PARITY =    23.5 -,      8 chs,      8 cc.  Rmin & Coul turning =    1.1   17.2
   S-matrix    1 =    1.00000   0.00000 for L=   23, J=   23.5 channel on core I =   0.0 from L=   23,  Acc. loss =  0.0 D.
 Elastic phase shift   1 =    0.000   0.000 deg. for the L =   23, J =   23.5 channel.
      23.5  0.99999999  0.00000012i: elastic S-matrix  @@      0.00  0   0 F  0
 Reaction Xsec    23.5-/23 @ 1 =   8.472#, Out:   0.000#   3.570#   0.000f


 Total SPIN, PARITY =    24.5 +,      8 chs,      8 cc.  Rmin & Coul turning =    1.1   18.0
   S-matrix    1 =    1.00000   0.00000 for L=   24, J=   24.5 channel on core I =   0.0 from L=   24,  Acc. loss =  0.0 D.
 Elastic phase shift   1 =    0.000   0.000 deg. for the L =   24, J =   24.5 channel.
      24.5  0.99999999  0.00000005i: elastic S-matrix  @@      0.00  0   0 F  0
 Reaction Xsec    24.5+/24 @ 1 =   4.683#, Out:   0.000#   2.893#   0.000f


 Total SPIN, PARITY =    24.5 -,      8 chs,      8 cc.  Rmin & Coul turning =    1.1   18.0
   S-matrix    1 =    1.00000   0.00000 for L=   25, J=   24.5 channel on core I =   0.0 from L=   25,  Acc. loss =  0.0 D.
 Elastic phase shift   1 =    0.000   0.000 deg. for the L =   25, J =   24.5 channel.
      24.5  1.00000000  0.00000002i: elastic S-matrix  @@      0.00  0   0 F  0
 Reaction Xsec    24.5-/25 @ 1 =   2.893#, Out:   0.000#   2.265#   0.000f


 Total SPIN, PARITY =    25.5 +,      8 chs,      8 cc.  Rmin & Coul turning =    1.2   18.7
   S-matrix    1 =    1.00000   0.00000 for L=   26, J=   25.5 channel on core I =   0.0 from L=   26,  Acc. loss =  0.0 D.
 Elastic phase shift   1 =    0.000   0.000 deg. for the L =   26, J =   25.5 channel.
      25.5  1.00000000  0.00000001i: elastic S-matrix  @@      0.00  0   0 F  0
 Reaction Xsec    25.5+/26 @ 1 =   2.085#, Out:   0.000#   1.856#   0.000f


 Total SPIN, PARITY =    25.5 -,      8 chs,      8 cc.  Rmin & Coul turning =    1.2   18.7
   S-matrix    1 =    1.00000   0.00000 for L=   25, J=   25.5 channel on core I =   0.0 from L=   25,  Acc. loss =  0.0 D.
 Elastic phase shift   1 =    0.000   0.000 deg. for the L =   25, J =   25.5 channel.
      25.5  1.00000000  0.00000002i: elastic S-matrix  @@      0.00  0   0 F  0
 Reaction Xsec    25.5-/25 @ 1 =   3.009#, Out:   0.000#   2.356#   0.000f


 Total SPIN, PARITY =    26.5 +,      8 chs,      8 cc.  Rmin & Coul turning =    1.2   19.4
   S-matrix    1 =    1.00000   0.00000 for L=   26, J=   26.5 channel on core I =   0.0 from L=   26,  Acc. loss =  0.0 D.
 Elastic phase shift   1 =    0.000   0.000 deg. for the L =   26, J =   26.5 channel.
      26.5  1.00000000  0.00000001i: elastic S-matrix  @@      0.00  0   0 F  0
 Reaction Xsec    26.5+/26 @ 1 =   2.165#, Out:   0.000#   1.928#   0.000f


 Total SPIN, PARITY =    26.5 -,      8 chs,      8 cc.  Rmin & Coul turning =    1.2   19.4
   S-matrix    1 =    1.00000   0.00000 for L=   27, J=   26.5 channel on core I =   0.0 from L=   27,  Acc. loss =  0.0 D.
 Elastic phase shift   1 =    0.000   0.000 deg. for the L =   27, J =   26.5 channel.
      26.5  1.00000000  0.00000000i: elastic S-matrix  @@      0.00  0   0 F  0
 Reaction Xsec    26.5-/27 @ 1 =   1.613#, Out:   0.000#   1.530#   0.000f


 Total SPIN, PARITY =    27.5 +,      8 chs,      8 cc.  Rmin & Coul turning =    1.3   20.1
   S-matrix    1 =    1.00000   0.00000 for L=   28, J=   27.5 channel on core I =   0.0 from L=   28,  Acc. loss =  0.0 D.
 Elastic phase shift   1 =    0.000   0.000 deg. for the L =   28, J =   27.5 channel.
      27.5  1.00000000  0.00000000i: elastic S-matrix  @@      0.00  0   0 F  0
 Reaction Xsec    27.5+/28 @ 1 =   1.294#, Out:   0.000#   1.264#   0.000f


 Total SPIN, PARITY =    27.5 -,      8 chs,      8 cc.  Rmin & Coul turning =    1.3   20.1
   S-matrix    1 =    1.00000   0.00000 for L=   27, J=   27.5 channel on core I =   0.0 from L=   27,  Acc. loss =  0.0 D.
 Elastic phase shift   1 =    0.000   0.000 deg. for the L =   27, J =   27.5 channel.
      27.5  1.00000000  0.00000000i: elastic S-matrix  @@      0.00  0   0 F  0
 Reaction Xsec    27.5-/27 @ 1 =   1.673#, Out:   0.000#   1.586#   0.000f


 Total SPIN, PARITY =    28.5 +,      8 chs,      8 cc.  Rmin & Coul turning =    1.3   20.9
   S-matrix    1 =    1.00000   0.00000 for L=   28, J=   28.5 channel on core I =   0.0 from L=   28,  Acc. loss =  0.0 D.
 Elastic phase shift   1 =    0.000   0.000 deg. for the L =   28, J =   28.5 channel.
      28.5  1.00000000  0.00000000i: elastic S-matrix  @@      0.00  0   0 F  0
 Reaction Xsec    28.5+/28 @ 1 =   1.340#, Out:   0.000#   1.309#   0.000f


 Total SPIN, PARITY =    28.5 -,      8 chs,      8 cc.  Rmin & Coul turning =    1.3   20.9
   S-matrix    1 =    1.00000   0.00000 for L=   29, J=   28.5 channel on core I =   0.0 from L=   29,  Acc. loss =  0.0 D.
 Elastic phase shift   1 =    0.000   0.000 deg. for the L =   29, J =   28.5 channel.
      28.5  1.00000000  0.00000000i: elastic S-matrix  @@      0.00  0   0 F  0
 Reaction Xsec    28.5-/29 @ 1 =   1.060#, Out:   0.000#   1.050#   0.000f


 Total SPIN, PARITY =    29.5 +,      8 chs,      8 cc.  Rmin & Coul turning =    1.4   21.6
   S-matrix    1 =    1.00000   0.00000 for L=   30, J=   29.5 channel on core I =   0.0 from L=   30,  Acc. loss =  0.0 D.
 Elastic phase shift   1 =    0.000   0.000 deg. for the L =   30, J =   29.5 channel.
      29.5  1.00000000  0.00000000i: elastic S-matrix  @@      0.00  0   0 F  0
 Reaction Xsec    29.5+/30 @ 1 =   0.878#, Out:   0.000#   0.874#   0.000f


 Total SPIN, PARITY =    29.5 -,      8 chs,      8 cc.  Rmin & Coul turning =    1.4   21.6
   S-matrix    1 =    1.00000   0.00000 for L=   29, J=   29.5 channel on core I =   0.0 from L=   29,  Acc. loss =  0.0 D.
 Elastic phase shift   1 =    0.000   0.000 deg. for the L =   29, J =   29.5 channel.
      29.5  1.00000000  0.00000000i: elastic S-matrix  @@      0.00  0   0 F  0
 Reaction Xsec    29.5-/29 @ 1 =   1.097#, Out:   0.000#   1.086#   0.000f


 Total SPIN, PARITY =    30.5 +,      8 chs,      8 cc.  Rmin & Coul turning =    1.4   22.3
   S-matrix    1 =    1.00000   0.00000 for L=   30, J=   30.5 channel on core I =   0.0 from L=   30,  Acc. loss =  0.0 D.
 Elastic phase shift   1 =    0.000   0.000 deg. for the L =   30, J =   30.5 channel.
      30.5  1.00000000  0.00000000i: elastic S-matrix  @@      0.00  0   0 F  0
 Reaction Xsec    30.5+/30 @ 1 =   0.908#, Out:   0.000#   0.904#   0.000f


 Total SPIN, PARITY =    30.5 -,      8 chs,      8 cc.  Rmin & Coul turning =    1.4   22.3
   S-matrix    1 =    1.00000   0.00000 for L=   31, J=   30.5 channel on core I =   0.0 from L=   31,  Acc. loss =  0.0 D.
 Elastic phase shift   1 =    0.000   0.000 deg. for the L =   31, J =   30.5 channel.
      30.5  1.00000000  0.00000000i: elastic S-matrix  @@      0.00  0   0 F  0
 Reaction Xsec    30.5-/31 @ 1 =   0.731#, Out:   0.000#   0.730#   0.000f


 Total SPIN, PARITY =    31.5 +,      8 chs,      8 cc.  Rmin & Coul turning =    1.5   23.0
   S-matrix    1 =    1.00000   0.00000 for L=   32, J=   31.5 channel on core I =   0.0 from L=   32,  Acc. loss =  0.0 D.
 Elastic phase shift   1 =    0.000   0.000 deg. for the L =   32, J =   31.5 channel.
      31.5  1.00000000  0.00000000i: elastic S-matrix  @@      0.00  0   0 F  0
 Reaction Xsec    31.5+/32 @ 1 =   0.613#, Out:   0.000#   0.612#   0.000f


 Total SPIN, PARITY =    31.5 -,      8 chs,      8 cc.  Rmin & Coul turning =    1.5   23.0
   S-matrix    1 =    1.00000   0.00000 for L=   31, J=   31.5 channel on core I =   0.0 from L=   31,  Acc. loss =  0.0 D.
 Elastic phase shift   1 =    0.000   0.000 deg. for the L =   31, J =   31.5 channel.
      31.5  1.00000000  0.00000000i: elastic S-matrix  @@      0.00  0   0 F  0
 Reaction Xsec    31.5-/31 @ 1 =   0.755#, Out:   0.000#   0.753#   0.000f


 Total SPIN, PARITY =    32.5 +,      8 chs,      8 cc.  Rmin & Coul turning =    1.5   23.8
   S-matrix    1 =    1.00000   0.00000 for L=   32, J=   32.5 channel on core I =   0.0 from L=   32,  Acc. loss =  0.0 D.
 Elastic phase shift   1 =    0.000   0.000 deg. for the L =   32, J =   32.5 channel.
      32.5  1.00000000  0.00000000i: elastic S-matrix  @@      0.00  0   0 F  0
 Reaction Xsec    32.5+/32 @ 1 =   0.632#, Out:   0.000#   0.631#   0.000f


 Total SPIN, PARITY =    32.5 -,      8 chs,      8 cc.  Rmin & Coul turning =    1.5   23.8
   S-matrix    1 =    1.00000   0.00000 for L=   33, J=   32.5 channel on core I =   0.0 from L=   33,  Acc. loss =  0.0 D.
 Elastic phase shift   1 =    0.000   0.000 deg. for the L =   33, J =   32.5 channel.
      32.5  1.00000000  0.00000000i: elastic S-matrix  @@      0.00  0   0 F  0
 Reaction Xsec    32.5-/33 @ 1 =   0.514#, Out:   0.000#   0.514#   0.000f


 Total SPIN, PARITY =    33.5 +,      8 chs,      8 cc.  Rmin & Coul turning =    1.6   24.5
   S-matrix    1 =    1.00000   0.00000 for L=   34, J=   33.5 channel on core I =   0.0 from L=   34,  Acc. loss =  0.0 D.
 Elastic phase shift   1 =    0.000   0.000 deg. for the L =   34, J =   33.5 channel.
      33.5  1.00000000  0.00000000i: elastic S-matrix  @@      0.00  0   0 F  0
 Reaction Xsec    33.5+/34 @ 1 =   0.432#, Out:   0.000#   0.432#   0.000f


 Total SPIN, PARITY =    33.5 -,      8 chs,      8 cc.  Rmin & Coul turning =    1.6   24.5
   S-matrix    1 =    1.00000   0.00000 for L=   33, J=   33.5 channel on core I =   0.0 from L=   33,  Acc. loss =  0.0 D.
 Elastic phase shift   1 =    0.000   0.000 deg. for the L =   33, J =   33.5 channel.
      33.5  1.00000000  0.00000000i: elastic S-matrix  @@      0.00  0   0 F  0
 Reaction Xsec    33.5-/33 @ 1 =   0.529#, Out:   0.000#   0.529#   0.000f


 Total SPIN, PARITY =    34.5 +,      8 chs,      8 cc.  Rmin & Coul turning =    1.6   25.2
   S-matrix    1 =    1.00000   0.00000 for L=   34, J=   34.5 channel on core I =   0.0 from L=   34,  Acc. loss =  0.0 D.
 Elastic phase shift   1 =    0.000   0.000 deg. for the L =   34, J =   34.5 channel.
      34.5  1.00000000  0.00000000i: elastic S-matrix  @@      0.00  0   0 F  0
 Reaction Xsec    34.5+/34 @ 1 =   0.445#, Out:   0.000#   0.445#   0.000f


 Total SPIN, PARITY =    34.5 -,      8 chs,      8 cc.  Rmin & Coul turning =    1.6   25.2
   S-matrix    1 =    1.00000   0.00000 for L=   35, J=   34.5 channel on core I =   0.0 from L=   35,  Acc. loss =  0.0 D.
 Elastic phase shift   1 =    0.000   0.000 deg. for the L =   35, J =   34.5 channel.
      34.5  1.00000000  0.00000000i: elastic S-matrix  @@      0.00  0   0 F  0
 Reaction Xsec    34.5-/35 @ 1 =   0.365#, Out:   0.000#   0.365#   0.000f


 Total SPIN, PARITY =    35.5 +,      8 chs,      8 cc.  Rmin & Coul turning =    1.7   26.0
   S-matrix    1 =    1.00000   0.00000 for L=   36, J=   35.5 channel on core I =   0.0 from L=   36,  Acc. loss =  0.0 D.
 Elastic phase shift   1 =    0.000   0.000 deg. for the L =   36, J =   35.5 channel.
      35.5  1.00000000  0.00000000i: elastic S-matrix  @@      0.00  0   0 F  0
 Reaction Xsec    35.5+/36 @ 1 =   0.308#, Out:   0.000#   0.308#   0.000f


 Total SPIN, PARITY =    35.5 -,      8 chs,      8 cc.  Rmin & Coul turning =    1.7   26.0
   S-matrix    1 =    1.00000   0.00000 for L=   35, J=   35.5 channel on core I =   0.0 from L=   35,  Acc. loss =  0.0 D.
 Elastic phase shift   1 =    0.000   0.000 deg. for the L =   35, J =   35.5 channel.
      35.5  1.00000000  0.00000000i: elastic S-matrix  @@      0.00  0   0 F  0
 Reaction Xsec    35.5-/35 @ 1 =   0.376#, Out:   0.000#   0.376#   0.000f


 Total SPIN, PARITY =    36.5 +,      8 chs,      8 cc.  Rmin & Coul turning =    1.7   26.7
   S-matrix    1 =    1.00000   0.00000 for L=   36, J=   36.5 channel on core I =   0.0 from L=   36,  Acc. loss =  0.0 D.
 Elastic phase shift   1 =    0.000   0.000 deg. for the L =   36, J =   36.5 channel.
      36.5  1.00000000  0.00000000i: elastic S-matrix  @@      0.00  0   0 F  0
 Reaction Xsec    36.5+/36 @ 1 =   0.317#, Out:   0.000#   0.317#   0.000f


 Total SPIN, PARITY =    36.5 -,      8 chs,      8 cc.  Rmin & Coul turning =    1.7   26.7
   S-matrix    1 =    1.00000   0.00000 for L=   37, J=   36.5 channel on core I =   0.0 from L=   37,  Acc. loss =  0.0 D.
 Elastic phase shift   1 =    0.000   0.000 deg. for the L =   37, J =   36.5 channel.
      36.5  1.00000000  0.00000000i: elastic S-matrix  @@      0.00  0   0 F  0
 Reaction Xsec    36.5-/37 @ 1 =   0.261#, Out:   0.000#   0.261#   0.000f


 Total SPIN, PARITY =    37.5 +,      8 chs,      8 cc.  Rmin & Coul turning =    1.8   27.4
   S-matrix    1 =    1.00000   0.00000 for L=   38, J=   37.5 channel on core I =   0.0 from L=   38,  Acc. loss =  0.0 D.
 Elastic phase shift   1 =    0.000   0.000 deg. for the L =   38, J =   37.5 channel.
      37.5  1.00000000  0.00000000i: elastic S-matrix  @@      0.00  0   0 F  0
 Reaction Xsec    37.5+/38 @ 1 =   0.222#, Out:   0.000#   0.222#   0.000f


 Total SPIN, PARITY =    37.5 -,      8 chs,      8 cc.  Rmin & Coul turning =    1.8   27.4
   S-matrix    1 =    1.00000   0.00000 for L=   37, J=   37.5 channel on core I =   0.0 from L=   37,  Acc. loss =  0.0 D.
 Elastic phase shift   1 =    0.000   0.000 deg. for the L =   37, J =   37.5 channel.
      37.5  1.00000000  0.00000000i: elastic S-matrix  @@      0.00  0   0 F  0
 Reaction Xsec    37.5-/37 @ 1 =   0.268#, Out:   0.000#   0.268#   0.000f


 Total SPIN, PARITY =    38.5 +,      8 chs,      8 cc.  Rmin & Coul turning =    1.8   28.1
   S-matrix    1 =    1.00000   0.00000 for L=   38, J=   38.5 channel on core I =   0.0 from L=   38,  Acc. loss =  0.0 D.
 Elastic phase shift   1 =    0.000   0.000 deg. for the L =   38, J =   38.5 channel.
      38.5  1.00000000  0.00000000i: elastic S-matrix  @@      0.00  0   0 F  0
 Reaction Xsec    38.5+/38 @ 1 =   0.228#, Out:   0.000#   0.228#   0.000f


 Total SPIN, PARITY =    38.5 -,      8 chs,      8 cc.  Rmin & Coul turning =    1.8   28.1
   S-matrix    1 =    1.00000   0.00000 for L=   39, J=   38.5 channel on core I =   0.0 from L=   39,  Acc. loss =  0.0 D.
 Elastic phase shift   1 =    0.000   0.000 deg. for the L =   39, J =   38.5 channel.
      38.5  1.00000000  0.00000000i: elastic S-matrix  @@      0.00  0   0 F  0
 Reaction Xsec    38.5-/39 @ 1 =   0.188#, Out:   0.000#   0.188#   0.000f


 Total SPIN, PARITY =    39.5 +,      8 chs,      8 cc.  Rmin & Coul turning =    1.9   28.9
   S-matrix    1 =    1.00000   0.00000 for L=   40, J=   39.5 channel on core I =   0.0 from L=   40,  Acc. loss =  0.0 D.
 Elastic phase shift   1 =    0.000   0.000 deg. for the L =   40, J =   39.5 channel.
      39.5  1.00000000  0.00000000i: elastic S-matrix  @@      0.00  0   0 F  0
 Reaction Xsec    39.5+/40 @ 1 =   0.161#, Out:   0.000#   0.161#   0.000f


 Total SPIN, PARITY =    39.5 -,      8 chs,      8 cc.  Rmin & Coul turning =    1.9   28.9
   S-matrix    1 =    1.00000   0.00000 for L=   39, J=   39.5 channel on core I =   0.0 from L=   39,  Acc. loss =  0.0 D.
 Elastic phase shift   1 =    0.000   0.000 deg. for the L =   39, J =   39.5 channel.
      39.5  1.00000000  0.00000000i: elastic S-matrix  @@      0.00  0   0 F  0
 Reaction Xsec    39.5-/39 @ 1 =   0.193#, Out:   0.000#   0.193#  -0.000f


 Total SPIN, PARITY =    40.5 +,      8 chs,      8 cc.  Rmin & Coul turning =    1.9   29.6
   S-matrix    1 =    1.00000   0.00000 for L=   40, J=   40.5 channel on core I =   0.0 from L=   40,  Acc. loss =  0.0 D.
 Elastic phase shift   1 =    0.000   0.000 deg. for the L =   40, J =   40.5 channel.
      40.5  1.00000000  0.00000000i: elastic S-matrix  @@      0.00  0   0 F  0
 Reaction Xsec    40.5+/40 @ 1 =   0.165#, Out:   0.000#   0.165#   0.000f


 Total SPIN, PARITY =    40.5 -,      8 chs,      8 cc.  Rmin & Coul turning =    1.9   29.6
   S-matrix    1 =    1.00000   0.00000 for L=   41, J=   40.5 channel on core I =   0.0 from L=   41,  Acc. loss =  0.0 D.
 Elastic phase shift   1 =    0.000   0.000 deg. for the L =   41, J =   40.5 channel.
      40.5  1.00000000  0.00000000i: elastic S-matrix  @@      0.00  0   0 F  0
 Reaction Xsec    40.5-/41 @ 1 =   0.137#, Out:   0.000#   0.137#   0.000f


 Total SPIN, PARITY =    41.5 +,      8 chs,      8 cc.  Rmin & Coul turning =    1.9   30.3
   S-matrix    1 =    1.00000   0.00000 for L=   42, J=   41.5 channel on core I =   0.0 from L=   42,  Acc. loss =  0.0 D.
 Elastic phase shift   1 =    0.000   0.000 deg. for the L =   42, J =   41.5 channel.
      41.5  1.00000000  0.00000000i: elastic S-matrix  @@      0.00  0   0 F  0
 Reaction Xsec    41.5+/42 @ 1 =   0.117#, Out:   0.000#   0.117#  -0.000f


 Total SPIN, PARITY =    41.5 -,      8 chs,      8 cc.  Rmin & Coul turning =    1.9   30.3
   S-matrix    1 =    1.00000   0.00000 for L=   41, J=   41.5 channel on core I =   0.0 from L=   41,  Acc. loss =  0.0 D.
 Elastic phase shift   1 =    0.000   0.000 deg. for the L =   41, J =   41.5 channel.
      41.5  1.00000000  0.00000000i: elastic S-matrix  @@      0.00  0   0 F  0
 Reaction Xsec    41.5-/41 @ 1 =   0.141#, Out:   0.000#   0.141#   0.000f


 Total SPIN, PARITY =    42.5 +,      8 chs,      8 cc.  Rmin & Coul turning =    2.0   31.1
   S-matrix    1 =    1.00000   0.00000 for L=   42, J=   42.5 channel on core I =   0.0 from L=   42,  Acc. loss =  0.0 D.
 Elastic phase shift   1 =    0.000   0.000 deg. for the L =   42, J =   42.5 channel.
      42.5  1.00000000  0.00000000i: elastic S-matrix  @@      0.00  0   0 F  0
 Reaction Xsec    42.5+/42 @ 1 =   0.120#, Out:   0.000#   0.120#  -0.000f


 Total SPIN, PARITY =    42.5 -,      8 chs,      8 cc.  Rmin & Coul turning =    2.0   31.1
   S-matrix    1 =    1.00000   0.00000 for L=   43, J=   42.5 channel on core I =   0.0 from L=   43,  Acc. loss =  0.0 D.
 Elastic phase shift   1 =    0.000   0.000 deg. for the L =   43, J =   42.5 channel.
      42.5  1.00000000  0.00000000i: elastic S-matrix  @@      0.00  0   0 F  0
 Reaction Xsec    42.5-/43 @ 1 =   0.100#, Out:   0.000#   0.100#   0.000f


 Total SPIN, PARITY =    43.5 +,      8 chs,      8 cc.  Rmin & Coul turning =    2.0   31.8
   S-matrix    1 =    1.00000   0.00000 for L=   44, J=   43.5 channel on core I =   0.0 from L=   44,  Acc. loss =  0.0 D.
 Elastic phase shift   1 =    0.000   0.000 deg. for the L =   44, J =   43.5 channel.
      43.5  1.00000000  0.00000000i: elastic S-matrix  @@      0.00  0   0 F  0
 Reaction Xsec    43.5+/44 @ 1 =   0.086#, Out:   0.000#   0.086#  -0.000f


 Total SPIN, PARITY =    43.5 -,      8 chs,      8 cc.  Rmin & Coul turning =    2.0   31.8
   S-matrix    1 =    1.00000   0.00000 for L=   43, J=   43.5 channel on core I =   0.0 from L=   43,  Acc. loss =  0.0 D.
 Elastic phase shift   1 =    0.000   0.000 deg. for the L =   43, J =   43.5 channel.
      43.5  1.00000000  0.00000000i: elastic S-matrix  @@      0.00  0   0 F  0
 Reaction Xsec    43.5-/43 @ 1 =   0.102#, Out:   0.000#   0.102#   0.000f


 Total SPIN, PARITY =    44.5 +,      8 chs,      8 cc.  Rmin & Coul turning =    2.1   32.5
   S-matrix    1 =    1.00000   0.00000 for L=   44, J=   44.5 channel on core I =   0.0 from L=   44,  Acc. loss =  0.0 D.
 Elastic phase shift   1 =    0.000   0.000 deg. for the L =   44, J =   44.5 channel.
      44.5  1.00000000  0.00000000i: elastic S-matrix  @@      0.00  0   0 F  0
 Reaction Xsec    44.5+/44 @ 1 =   0.088#, Out:   0.000#   0.088#   0.000f


 Total SPIN, PARITY =    44.5 -,      8 chs,      8 cc.  Rmin & Coul turning =    2.1   32.5
   S-matrix    1 =    1.00000   0.00000 for L=   45, J=   44.5 channel on core I =   0.0 from L=   45,  Acc. loss =  0.0 D.
 Elastic phase shift   1 =    0.000   0.000 deg. for the L =   45, J =   44.5 channel.
      44.5  1.00000000  0.00000000i: elastic S-matrix  @@      0.00  0   0 F  0
 Reaction Xsec    44.5-/45 @ 1 =   0.074#, Out:   0.000#   0.074#   0.000f


 Total SPIN, PARITY =    45.5 +,      8 chs,      8 cc.  Rmin & Coul turning =    2.2   33.2
   S-matrix    1 =    1.00000   0.00000 for L=   46, J=   45.5 channel on core I =   0.0 from L=   46,  Acc. loss =  0.0 D.
 Elastic phase shift   1 =    0.000   0.000 deg. for the L =   46, J =   45.5 channel.
      45.5  1.00000000  0.00000000i: elastic S-matrix  @@      0.00  0   0 F  0
 Reaction Xsec    45.5+/46 @ 1 =   0.063#, Out:   0.000#   0.063#   0.000f


 Total SPIN, PARITY =    45.5 -,      8 chs,      8 cc.  Rmin & Coul turning =    2.2   33.2
   S-matrix    1 =    1.00000   0.00000 for L=   45, J=   45.5 channel on core I =   0.0 from L=   45,  Acc. loss =  0.0 D.
 Elastic phase shift   1 =    0.000   0.000 deg. for the L =   45, J =   45.5 channel.
      45.5  1.00000000  0.00000000i: elastic S-matrix  @@      0.00  0   0 F  0
 Reaction Xsec    45.5-/45 @ 1 =   0.075#, Out:   0.000#   0.075#   0.000f


 Total SPIN, PARITY =    46.5 +,      8 chs,      8 cc.  Rmin & Coul turning =    2.2   34.0
   S-matrix    1 =    1.00000   0.00000 for L=   46, J=   46.5 channel on core I =   0.0 from L=   46,  Acc. loss =  0.0 D.
 Elastic phase shift   1 =    0.000   0.000 deg. for the L =   46, J =   46.5 channel.
      46.5  1.00000000  0.00000000i: elastic S-matrix  @@      0.00  0   0 F  0
 Reaction Xsec    46.5+/46 @ 1 =   0.065#, Out:   0.000#   0.065#  -0.000f


 Total SPIN, PARITY =    46.5 -,      8 chs,      8 cc.  Rmin & Coul turning =    2.2   34.0
   S-matrix    1 =    1.00000   0.00000 for L=   47, J=   46.5 channel on core I =   0.0 from L=   47,  Acc. loss =  0.0 D.
 Elastic phase shift   1 =    0.000   0.000 deg. for the L =   47, J =   46.5 channel.
      46.5  1.00000000  0.00000000i: elastic S-matrix  @@      0.00  0   0 F  0
 Reaction Xsec    46.5-/47 @ 1 =   0.055#, Out:   0.000#   0.055#   0.000f


 Total SPIN, PARITY =    47.5 +,      8 chs,      8 cc.  Rmin & Coul turning =    2.2   34.7
   S-matrix    1 =    1.00000   0.00000 for L=   48, J=   47.5 channel on core I =   0.0 from L=   48,  Acc. loss =  0.0 D.
 Elastic phase shift   1 =    0.000   0.000 deg. for the L =   48, J =   47.5 channel.
      47.5  1.00000000  0.00000000i: elastic S-matrix  @@      0.00  0   0 F  0
 Reaction Xsec    47.5+/48 @ 1 =   0.047#, Out:   0.000#   0.047#   0.000f


 Total SPIN, PARITY =    47.5 -,      8 chs,      8 cc.  Rmin & Coul turning =    2.2   34.7
   S-matrix    1 =    1.00000   0.00000 for L=   47, J=   47.5 channel on core I =   0.0 from L=   47,  Acc. loss =  0.0 D.
 Elastic phase shift   1 =    0.000   0.000 deg. for the L =   47, J =   47.5 channel.
      47.5  1.00000000  0.00000000i: elastic S-matrix  @@      0.00  0   0 F  0
 Reaction Xsec    47.5-/47 @ 1 =   0.056#, Out:   0.000#   0.056#  -0.000f


 Total SPIN, PARITY =    48.5 +,      8 chs,      8 cc.  Rmin & Coul turning =    2.3   35.4
   S-matrix    1 =    1.00000   0.00000 for L=   48, J=   48.5 channel on core I =   0.0 from L=   48,  Acc. loss =  0.0 D.
 Elastic phase shift   1 =    0.000   0.000 deg. for the L =   48, J =   48.5 channel.
      48.5  1.00000000  0.00000000i: elastic S-matrix  @@      0.00  0   0 F  0
 Reaction Xsec    48.5+/48 @ 1 =   0.048#, Out:   0.000#   0.048#  -0.000f


 Total SPIN, PARITY =    48.5 -,      8 chs,      8 cc.  Rmin & Coul turning =    2.3   35.4
   S-matrix    1 =    1.00000   0.00000 for L=   49, J=   48.5 channel on core I =   0.0 from L=   49,  Acc. loss =  0.0 D.
 Elastic phase shift   1 =    0.000   0.000 deg. for the L =   49, J =   48.5 channel.
      48.5  1.00000000  0.00000000i: elastic S-matrix  @@      0.00  0   0 F  0
 Reaction Xsec    48.5-/49 @ 1 =   0.040#, Out:   0.000#   0.040#  -0.000f


 Total SPIN, PARITY =    49.5 +,      8 chs,      8 cc.  Rmin & Coul turning =    2.3   36.1
   S-matrix    1 =    1.00000   0.00000 for L=   50, J=   49.5 channel on core I =   0.0 from L=   50,  Acc. loss =  0.0 D.
 Elastic phase shift   1 =    0.000   0.000 deg. for the L =   50, J =   49.5 channel.
      49.5  1.00000000  0.00000000i: elastic S-matrix  @@      0.00  0   0 F  0
 Reaction Xsec    49.5+/50 @ 1 =   0.035#, Out:   0.000#   0.035#  -0.000f


 Total SPIN, PARITY =    49.5 -,      8 chs,      8 cc.  Rmin & Coul turning =    2.3   36.1
   S-matrix    1 =    1.00000   0.00000 for L=   49, J=   49.5 channel on core I =   0.0 from L=   49,  Acc. loss =  0.0 D.
 Elastic phase shift   1 =    0.000   0.000 deg. for the L =   49, J =   49.5 channel.
      49.5  1.00000000  0.00000000i: elastic S-matrix  @@      0.00  0   0 F  0
 Reaction Xsec    49.5-/49 @ 1 =   0.041#, Out:   0.000#   0.041#   0.000f


 Total SPIN, PARITY =    50.5 +,      8 chs,      8 cc.  Rmin & Coul turning =    2.4   36.9
   S-matrix    1 =    1.00000   0.00000 for L=   50, J=   50.5 channel on core I =   0.0 from L=   50,  Acc. loss =  0.0 D.
 Elastic phase shift   1 =    0.000   0.000 deg. for the L =   50, J =   50.5 channel.
      50.5  1.00000000  0.00000000i: elastic S-matrix  @@      0.00  0   0 F  0
 Reaction Xsec    50.5+/50 @ 1 =   0.036#, Out:   0.000#   0.036#   0.000f


 Total SPIN, PARITY =    50.5 -,      8 chs,      8 cc.  Rmin & Coul turning =    2.4   36.9
   S-matrix    1 =    1.00000   0.00000 for L=   51, J=   50.5 channel on core I =   0.0 from L=   51,  Acc. loss =  0.0 D.
 Elastic phase shift   1 =    0.000   0.000 deg. for the L =   51, J =   50.5 channel.
      50.5  1.00000000  0.00000000i: elastic S-matrix  @@      0.00  0   0 F  0
 Reaction Xsec    50.5-/51 @ 1 =   0.031#, Out:   0.000#   0.031#  -0.000f

 Finished all CC sets @   0.303463995    
0CUMULATIVE REACTION cross section                 =  699.98836  <L> =     4.42  <L**2> =     23.5
0CUMULATIVE outgoing cross sections in partition 1 :    0.00000   39.77861
0Cumulative ABSORBTION by Imaginary Potentials     =  660.20975  <L> =     4.40  <L**2> =     23.3
   Fusion for specific p        M-states :  660.209748  660.209748
0CUMULATIVE OUTGOING cross section                 =   39.77861
 To convert to S-factors (MeV.mb = keV.b),  multiply by  1.3784E+02


 CROSS SECTIONS FOR OUTGOING p        & O20      in state #   1 with spins & parities 0.5  + &  0.0  +;  0

     3.00 deg.: X-S =   7.8925E+04 mb/sr,
+                                         /R =   7.5826E-01
     4.00 deg.: X-S =   2.1939E+04 mb/sr,
+                                         /R =   6.6593E-01
     5.00 deg.: X-S =  8523.188457 mb/sr,
+                                         /R =   6.3132E-01
     6.00 deg.: X-S =  4518.868392 mb/sr,
+                                         /R =   6.9368E-01
     7.00 deg.: X-S =  3129.627874 mb/sr,
+                                         /R =   8.8945E-01
     8.00 deg.: X-S =  2578.144957 mb/sr,
+                                         /R =   1.2490E+00
     9.00 deg.: X-S =  2313.458521 mb/sr,
+                                         /R =   1.7938E+00
    10.00 deg.: X-S =  2145.830280 mb/sr,
+                                         /R =   2.5334E+00
    11.00 deg.: X-S =  2006.513644 mb/sr,
+                                         /R =   3.4647E+00
    12.00 deg.: X-S =  1871.029475 mb/sr,
+                                         /R =   4.5703E+00
    13.00 deg.: X-S =  1732.002837 mb/sr,
+                                         /R =   5.8199E+00
    14.00 deg.: X-S =  1588.778529 mb/sr,
+                                         /R =   7.1709E+00
    15.00 deg.: X-S =  1443.221880 mb/sr,
+                                         /R =   8.5714E+00
    16.00 deg.: X-S =  1297.956487 mb/sr,
+                                         /R =   9.9635E+00
    17.00 deg.: X-S =  1155.613769 mb/sr,
+                                         /R =   1.1286E+01
    18.00 deg.: X-S =  1018.520531 mb/sr,
+                                         /R =   1.2480E+01
    19.00 deg.: X-S =   888.582661 mb/sr,
+                                         /R =   1.3492E+01
    20.00 deg.: X-S =   767.259069 mb/sr,
+                                         /R =   1.4274E+01
    21.00 deg.: X-S =   655.578052 mb/sr,
+                                         /R =   1.4794E+01
    22.00 deg.: X-S =   554.173746 mb/sr,
+                                         /R =   1.5030E+01
    23.00 deg.: X-S =   463.331825 mb/sr,
+                                         /R =   1.4978E+01
    24.00 deg.: X-S =   383.038894 mb/sr,
+                                         /R =   1.4645E+01
    25.00 deg.: X-S =   313.032470 mb/sr,
+                                         /R =   1.4056E+01
    26.00 deg.: X-S =   252.849670 mb/sr,
+                                         /R =   1.3248E+01
    27.00 deg.: X-S =   201.873330 mb/sr,
+                                         /R =   1.2267E+01
    28.00 deg.: X-S =   159.374667 mb/sr,
+                                         /R =   1.1170E+01
    29.00 deg.: X-S =   124.551852 mb/sr,
+                                         /R =   1.0016E+01
    30.00 deg.: X-S =    96.564085 mb/sr,
+                                         /R =   8.8661E+00
    31.00 deg.: X-S =    74.560926 mb/sr,
+                                         /R =   7.7810E+00
    32.00 deg.: X-S =    57.706841 mb/sr,
+                                         /R =   6.8157E+00
    33.00 deg.: X-S =    45.201025 mb/sr,
+                                         /R =   6.0179E+00
    34.00 deg.: X-S =    36.292744 mb/sr,
+                                         /R =   5.4261E+00
    35.00 deg.: X-S =    30.292480 mb/sr,
+                                         /R =   5.0679E+00
    36.00 deg.: X-S =    26.579297 mb/sr,
+                                         /R =   4.9591E+00
    37.00 deg.: X-S =    24.604858 mb/sr,
+                                         /R =   5.1034E+00
    38.00 deg.: X-S =    23.894575 mb/sr,
+                                         /R =   5.4928E+00
    39.00 deg.: X-S =    24.046373 mb/sr,
+                                         /R =   6.1089E+00
    40.00 deg.: X-S =    24.727540 mb/sr,
+                                         /R =   6.9234E+00
    41.00 deg.: X-S =    25.670128 mb/sr,
+                                         /R =   7.9006E+00
    42.00 deg.: X-S =    26.665294 mb/sr,
+                                         /R =   8.9990E+00
    43.00 deg.: X-S =    27.556986 mb/sr,
+                                         /R =   1.0173E+01
    44.00 deg.: X-S =    28.235275 mb/sr,
+                                         /R =   1.1377E+01
    45.00 deg.: X-S =    28.629621 mb/sr,
+                                         /R =   1.2563E+01
    46.00 deg.: X-S =    28.702290 mb/sr,
+                                         /R =   1.3689E+01
    47.00 deg.: X-S =    28.442104 mb/sr,
+                                         /R =   1.4713E+01
    48.00 deg.: X-S =    27.858658 mb/sr,
+                                         /R =   1.5601E+01
    49.00 deg.: X-S =    26.977087 mb/sr,
+                                         /R =   1.6324E+01
    50.00 deg.: X-S =    25.833439 mb/sr,
+                                         /R =   1.6862E+01
    51.00 deg.: X-S =    24.470692 mb/sr,
+                                         /R =   1.7199E+01
    52.00 deg.: X-S =    22.935392 mb/sr,
+                                         /R =   1.7330E+01
    53.00 deg.: X-S =    21.274906 mb/sr,
+                                         /R =   1.7255E+01
    54.00 deg.: X-S =    19.535249 mb/sr,
+                                         /R =   1.6980E+01
    55.00 deg.: X-S =    17.759437 mb/sr,
+                                         /R =   1.6519E+01
    56.00 deg.: X-S =    15.986303 mb/sr,
+                                         /R =   1.5890E+01
    57.00 deg.: X-S =    14.249733 mb/sr,
+                                         /R =   1.5114E+01
    58.00 deg.: X-S =    12.578241 mb/sr,
+                                         /R =   1.4218E+01
    59.00 deg.: X-S =    10.994842 mb/sr,
+                                         /R =   1.3227E+01
    60.00 deg.: X-S =     9.517149 mb/sr,
+                                         /R =   1.2171E+01
    61.00 deg.: X-S =     8.157659 mb/sr,
+                                         /R =   1.1076E+01
    62.00 deg.: X-S =     6.924163 mb/sr,
+                                         /R =   9.9691E+00
    63.00 deg.: X-S =     5.820252 mb/sr,
+                                         /R =   8.8759E+00
    64.00 deg.: X-S =     4.845875 mb/sr,
+                                         /R =   7.8188E+00
    65.00 deg.: X-S =     3.997916 mb/sr,
+                                         /R =   6.8176E+00
    66.00 deg.: X-S =     3.270776 mb/sr,
+                                         /R =   5.8886E+00
    67.00 deg.: X-S =     2.656927 mb/sr,
+                                         /R =   5.0451E+00
    68.00 deg.: X-S =     2.147436 mb/sr,
+                                         /R =   4.2963E+00
    69.00 deg.: X-S =     1.732437 mb/sr,
+                                         /R =   3.6484E+00
    70.00 deg.: X-S =     1.401551 mb/sr,
+                                         /R =   3.1039E+00
    71.00 deg.: X-S =     1.144248 mb/sr,
+                                         /R =   2.6624E+00
    72.00 deg.: X-S =     0.950150 mb/sr,
+                                         /R =   2.3206E+00
    73.00 deg.: X-S =     0.809279 mb/sr,
+                                         /R =   2.0729E+00
    74.00 deg.: X-S =     0.712250 mb/sr,
+                                         /R =   1.9117E+00
    75.00 deg.: X-S =     0.650409 mb/sr,
+                                         /R =   1.8277E+00
    76.00 deg.: X-S =     0.615931 mb/sr,
+                                         /R =   1.8106E+00
    77.00 deg.: X-S =     0.601875 mb/sr,
+                                         /R =   1.8494E+00
    78.00 deg.: X-S =     0.602205 mb/sr,
+                                         /R =   1.9327E+00
    79.00 deg.: X-S =     0.611784 mb/sr,
+                                         /R =   2.0491E+00
    80.00 deg.: X-S =     0.626341 mb/sr,
+                                         /R =   2.1878E+00
    81.00 deg.: X-S =     0.642420 mb/sr,
+                                         /R =   2.3384E+00
    82.00 deg.: X-S =     0.657321 mb/sr,
+                                         /R =   2.4916E+00
    83.00 deg.: X-S =     0.669024 mb/sr,
+                                         /R =   2.6389E+00
    84.00 deg.: X-S =     0.676115 mb/sr,
+                                         /R =   2.7733E+00
    85.00 deg.: X-S =     0.677703 mb/sr,
+                                         /R =   2.8887E+00
    86.00 deg.: X-S =     0.673340 mb/sr,
+                                         /R =   2.9806E+00
    87.00 deg.: X-S =     0.662947 mb/sr,
+                                         /R =   3.0455E+00
    88.00 deg.: X-S =     0.646738 mb/sr,
+                                         /R =   3.0814E+00
    89.00 deg.: X-S =     0.625155 mb/sr,
+                                         /R =   3.0872E+00
    90.00 deg.: X-S =     0.598806 mb/sr,
+                                         /R =   3.0631E+00
    91.00 deg.: X-S =     0.568410 mb/sr,
+                                         /R =   3.0100E+00
    92.00 deg.: X-S =     0.534754 mb/sr,
+                                         /R =   2.9297E+00
    93.00 deg.: X-S =     0.498645 mb/sr,
+                                         /R =   2.8247E+00
    94.00 deg.: X-S =     0.460889 mb/sr,
+                                         /R =   2.6980E+00
    95.00 deg.: X-S =     0.422253 mb/sr,
+                                         /R =   2.5529E+00
    96.00 deg.: X-S =     0.383451 mb/sr,
+                                         /R =   2.3930E+00
    97.00 deg.: X-S =     0.345130 mb/sr,
+                                         /R =   2.2220E+00
    98.00 deg.: X-S =     0.307855 mb/sr,
+                                         /R =   2.0436E+00
    99.00 deg.: X-S =     0.272108 mb/sr,
+                                         /R =   1.8615E+00
   100.00 deg.: X-S =     0.238285 mb/sr,
+                                         /R =   1.6790E+00
   101.00 deg.: X-S =     0.206694 mb/sr,
+                                         /R =   1.4993E+00
   102.00 deg.: X-S =     0.177562 mb/sr,
+                                         /R =   1.3252E+00
   103.00 deg.: X-S =     0.151039 mb/sr,
+                                         /R =   1.1593E+00
   104.00 deg.: X-S =     0.127204 mb/sr,
+                                         /R =   1.0036E+00
   105.00 deg.: X-S =     0.106074 mb/sr,
+                                         /R =   8.5981E-01
   106.00 deg.: X-S =     0.087608 mb/sr,
+                                         /R =   7.2923E-01
   107.00 deg.: X-S =     0.071722 mb/sr,
+                                         /R =   6.1277E-01
   108.00 deg.: X-S =     0.058293 mb/sr,
+                                         /R =   5.1094E-01
   109.00 deg.: X-S =     0.047166 mb/sr,
+                                         /R =   4.2393E-01
   110.00 deg.: X-S =     0.038164 mb/sr,
+                                         /R =   3.5160E-01
   111.00 deg.: X-S =     0.031096 mb/sr,
+                                         /R =   2.9350E-01
   112.00 deg.: X-S =     0.025760 mb/sr,
+                                         /R =   2.4898E-01
   113.00 deg.: X-S =     0.021950 mb/sr,
+                                         /R =   2.1716E-01
   114.00 deg.: X-S =     0.019461 mb/sr,
+                                         /R =   1.9700E-01
   115.00 deg.: X-S =     0.018094 mb/sr,
+                                         /R =   1.8732E-01
   116.00 deg.: X-S =     0.017658 mb/sr,
+                                         /R =   1.8687E-01
   117.00 deg.: X-S =     0.017973 mb/sr,
+                                         /R =   1.9436E-01
   118.00 deg.: X-S =     0.018872 mb/sr,
+                                         /R =   2.0845E-01
   119.00 deg.: X-S =     0.020202 mb/sr,
+                                         /R =   2.2783E-01
   120.00 deg.: X-S =     0.021828 mb/sr,
+                                         /R =   2.5123E-01
   121.00 deg.: X-S =     0.023628 mb/sr,
+                                         /R =   2.7743E-01
   122.00 deg.: X-S =     0.025497 mb/sr,
+                                         /R =   3.0528E-01
   123.00 deg.: X-S =     0.027346 mb/sr,
+                                         /R =   3.3375E-01
   124.00 deg.: X-S =     0.029100 mb/sr,
+                                         /R =   3.6188E-01
   125.00 deg.: X-S =     0.030700 mb/sr,
+                                         /R =   3.8885E-01
   126.00 deg.: X-S =     0.032099 mb/sr,
+                                         /R =   4.1394E-01
   127.00 deg.: X-S =     0.033261 mb/sr,
+                                         /R =   4.3655E-01
   128.00 deg.: X-S =     0.034165 mb/sr,
+                                         /R =   4.5619E-01
   129.00 deg.: X-S =     0.034795 mb/sr,
+                                         /R =   4.7250E-01
   130.00 deg.: X-S =     0.035148 mb/sr,
+                                         /R =   4.8522E-01
   131.00 deg.: X-S =     0.035226 mb/sr,
+                                         /R =   4.9418E-01
   132.00 deg.: X-S =     0.035037 mb/sr,
+                                         /R =   4.9933E-01
   133.00 deg.: X-S =     0.034597 mb/sr,
+                                         /R =   5.0068E-01
   134.00 deg.: X-S =     0.033922 mb/sr,
+                                         /R =   4.9833E-01
   135.00 deg.: X-S =     0.033035 mb/sr,
+                                         /R =   4.9245E-01
   136.00 deg.: X-S =     0.031959 mb/sr,
+                                         /R =   4.8327E-01
   137.00 deg.: X-S =     0.030720 mb/sr,
+                                         /R =   4.7104E-01
   138.00 deg.: X-S =     0.029343 mb/sr,
+                                         /R =   4.5609E-01
   139.00 deg.: X-S =     0.027856 mb/sr,
+                                         /R =   4.3873E-01
   140.00 deg.: X-S =     0.026283 mb/sr,
+                                         /R =   4.1932E-01
   141.00 deg.: X-S =     0.024650 mb/sr,
+                                         /R =   3.9823E-01
   142.00 deg.: X-S =     0.022981 mb/sr,
+                                         /R =   3.7582E-01
   143.00 deg.: X-S =     0.021298 mb/sr,
+                                         /R =   3.5245E-01
   144.00 deg.: X-S =     0.019622 mb/sr,
+                                         /R =   3.2847E-01
   145.00 deg.: X-S =     0.017971 mb/sr,
+                                         /R =   3.0421E-01
   146.00 deg.: X-S =     0.016361 mb/sr,
+                                         /R =   2.7999E-01
   147.00 deg.: X-S =     0.014808 mb/sr,
+                                         /R =   2.5608E-01
   148.00 deg.: X-S =     0.013323 mb/sr,
+                                         /R =   2.3276E-01
   149.00 deg.: X-S =     0.011917 mb/sr,
+                                         /R =   2.1024E-01
   150.00 deg.: X-S =     0.010596 mb/sr,
+                                         /R =   1.8873E-01
   151.00 deg.: X-S =     0.009367 mb/sr,
+                                         /R =   1.6839E-01
   152.00 deg.: X-S =     0.008235 mb/sr,
+                                         /R =   1.4935E-01
   153.00 deg.: X-S =     0.007200 mb/sr,
+                                         /R =   1.3171E-01
   154.00 deg.: X-S =     0.006265 mb/sr,
+                                         /R =   1.1554E-01
   155.00 deg.: X-S =     0.005427 mb/sr,
+                                         /R =   1.0088E-01
   156.00 deg.: X-S =     0.004684 mb/sr,
+                                         /R =   8.7740E-02
   157.00 deg.: X-S =     0.004034 mb/sr,
+                                         /R =   7.6116E-02
   158.00 deg.: X-S =     0.003472 mb/sr,
+                                         /R =   6.5970E-02
   159.00 deg.: X-S =     0.002993 mb/sr,
+                                         /R =   5.7250E-02
   160.00 deg.: X-S =     0.002592 mb/sr,
+                                         /R =   4.9883E-02
   161.00 deg.: X-S =     0.002262 mb/sr,
+                                         /R =   4.3788E-02
   162.00 deg.: X-S =     0.001996 mb/sr,
+                                         /R =   3.8869E-02
   163.00 deg.: X-S =     0.001789 mb/sr,
+                                         /R =   3.5023E-02
   164.00 deg.: X-S =     0.001634 mb/sr,
+                                         /R =   3.2142E-02
   165.00 deg.: X-S =     0.001523 mb/sr,
+                                         /R =   3.0115E-02
   166.00 deg.: X-S =     0.001452 mb/sr,
+                                         /R =   2.8828E-02
   167.00 deg.: X-S =     0.001413 mb/sr,
+                                         /R =   2.8171E-02
   168.00 deg.: X-S =     0.001401 mb/sr,
+                                         /R =   2.8036E-02
   169.00 deg.: X-S =     0.001410 mb/sr,
+                                         /R =   2.8318E-02
   170.00 deg.: X-S =     0.001435 mb/sr,
+                                         /R =   2.8919E-02
   171.00 deg.: X-S =     0.001472 mb/sr,
+                                         /R =   2.9747E-02
   172.00 deg.: X-S =     0.001516 mb/sr,
+                                         /R =   3.0718E-02
   173.00 deg.: X-S =     0.001564 mb/sr,
+                                         /R =   3.1757E-02
   174.00 deg.: X-S =     0.001612 mb/sr,
+                                         /R =   3.2794E-02
   175.00 deg.: X-S =     0.001657 mb/sr,
+                                         /R =   3.3772E-02
   176.00 deg.: X-S =     0.001697 mb/sr,
+                                         /R =   3.4640E-02
   177.00 deg.: X-S =     0.001730 mb/sr,
+                                         /R =   3.5358E-02
   178.00 deg.: X-S =     0.001755 mb/sr,
+                                         /R =   3.5893E-02
   179.00 deg.: X-S =     0.001771 mb/sr,
+                                         /R =   3.6224E-02
   179.99 deg.: X-S =     0.001776 mb/sr,
+                                         /R =   3.6335E-02
                                           Integrated 1505.3650 mb, over [   3.000, 180.000] at    43.2700 MeV 

 CROSS SECTIONS FOR OUTGOING p        & O20      in state #   2 with spins & parities 0.5  + &  3.0  -;  0

     3.00 deg.: X-S =     3.603493 mb/sr,
+                                         REAC   3.9779E+01 mb
     4.00 deg.: X-S =     3.878377 mb/sr,
     5.00 deg.: X-S =     4.216909 mb/sr,
     6.00 deg.: X-S =     4.608841 mb/sr,
     7.00 deg.: X-S =     5.043611 mb/sr,
     8.00 deg.: X-S =     5.511611 mb/sr,
     9.00 deg.: X-S =     6.004936 mb/sr,
    10.00 deg.: X-S =     6.517434 mb/sr,
    11.00 deg.: X-S =     7.044265 mb/sr,
    12.00 deg.: X-S =     7.581462 mb/sr,
    13.00 deg.: X-S =     8.125850 mb/sr,
    14.00 deg.: X-S =     8.675321 mb/sr,
    15.00 deg.: X-S =     9.229183 mb/sr,
    16.00 deg.: X-S =     9.788186 mb/sr,
    17.00 deg.: X-S =    10.354078 mb/sr,
    18.00 deg.: X-S =    10.928806 mb/sr,
    19.00 deg.: X-S =    11.513673 mb/sr,
    20.00 deg.: X-S =    12.108725 mb/sr,
    21.00 deg.: X-S =    12.712446 mb/sr,
    22.00 deg.: X-S =    13.321659 mb/sr,
    23.00 deg.: X-S =    13.931516 mb/sr,
    24.00 deg.: X-S =    14.535478 mb/sr,
    25.00 deg.: X-S =    15.125352 mb/sr,
    26.00 deg.: X-S =    15.691428 mb/sr,
    27.00 deg.: X-S =    16.222793 mb/sr,
    28.00 deg.: X-S =    16.707753 mb/sr,
    29.00 deg.: X-S =    17.134338 mb/sr,
    30.00 deg.: X-S =    17.490815 mb/sr,
    31.00 deg.: X-S =    17.766206 mb/sr,
    32.00 deg.: X-S =    17.950800 mb/sr,
    33.00 deg.: X-S =    18.036633 mb/sr,
    34.00 deg.: X-S =    18.017869 mb/sr,
    35.00 deg.: X-S =    17.891063 mb/sr,
    36.00 deg.: X-S =    17.655270 mb/sr,
    37.00 deg.: X-S =    17.312055 mb/sr,
    38.00 deg.: X-S =    16.865445 mb/sr,
    39.00 deg.: X-S =    16.321830 mb/sr,
    40.00 deg.: X-S =    15.689812 mb/sr,
    41.00 deg.: X-S =    14.979936 mb/sr,
    42.00 deg.: X-S =    14.204317 mb/sr,
    43.00 deg.: X-S =    13.376194 mb/sr,
    44.00 deg.: X-S =    12.509464 mb/sr,
    45.00 deg.: X-S =    11.618266 mb/sr,
    46.00 deg.: X-S =    10.716621 mb/sr,
    47.00 deg.: X-S =     9.818103 mb/sr,
    48.00 deg.: X-S =     8.935504 mb/sr,
    49.00 deg.: X-S =     8.080529 mb/sr,
    50.00 deg.: X-S =     7.263508 mb/sr,
    51.00 deg.: X-S =     6.493207 mb/sr,
    52.00 deg.: X-S =     5.776724 mb/sr,
    53.00 deg.: X-S =     5.119465 mb/sr,
    54.00 deg.: X-S =     4.525158 mb/sr,
    55.00 deg.: X-S =     3.995892 mb/sr,
    56.00 deg.: X-S =     3.532173 mb/sr,
    57.00 deg.: X-S =     3.133034 mb/sr,
    58.00 deg.: X-S =     2.796187 mb/sr,
    59.00 deg.: X-S =     2.518243 mb/sr,
    60.00 deg.: X-S =     2.294923 mb/sr,
    61.00 deg.: X-S =     2.121270 mb/sr,
    62.00 deg.: X-S =     1.991816 mb/sr,
    63.00 deg.: X-S =     1.900750 mb/sr,
    64.00 deg.: X-S =     1.842084 mb/sr,
    65.00 deg.: X-S =     1.809834 mb/sr,
    66.00 deg.: X-S =     1.798198 mb/sr,
    67.00 deg.: X-S =     1.801705 mb/sr,
    68.00 deg.: X-S =     1.815313 mb/sr,
    69.00 deg.: X-S =     1.834464 mb/sr,
    70.00 deg.: X-S =     1.855120 mb/sr,
    71.00 deg.: X-S =     1.873791 mb/sr,
    72.00 deg.: X-S =     1.887566 mb/sr,
    73.00 deg.: X-S =     1.894142 mb/sr,
    74.00 deg.: X-S =     1.891817 mb/sr,
    75.00 deg.: X-S =     1.879454 mb/sr,
    76.00 deg.: X-S =     1.856424 mb/sr,
    77.00 deg.: X-S =     1.822537 mb/sr,
    78.00 deg.: X-S =     1.777984 mb/sr,
    79.00 deg.: X-S =     1.723293 mb/sr,
    80.00 deg.: X-S =     1.659279 mb/sr,
    81.00 deg.: X-S =     1.586997 mb/sr,
    82.00 deg.: X-S =     1.507672 mb/sr,
    83.00 deg.: X-S =     1.422642 mb/sr,
    84.00 deg.: X-S =     1.333288 mb/sr,
    85.00 deg.: X-S =     1.240997 mb/sr,
    86.00 deg.: X-S =     1.147124 mb/sr,
    87.00 deg.: X-S =     1.052968 mb/sr,
    88.00 deg.: X-S =     0.959747 mb/sr,
    89.00 deg.: X-S =     0.868573 mb/sr,
    90.00 deg.: X-S =     0.780431 mb/sr,
    91.00 deg.: X-S =     0.696162 mb/sr,
    92.00 deg.: X-S =     0.616461 mb/sr,
    93.00 deg.: X-S =     0.541881 mb/sr,
    94.00 deg.: X-S =     0.472831 mb/sr,
    95.00 deg.: X-S =     0.409591 mb/sr,
    96.00 deg.: X-S =     0.352316 mb/sr,
    97.00 deg.: X-S =     0.301042 mb/sr,
    98.00 deg.: X-S =     0.255701 mb/sr,
    99.00 deg.: X-S =     0.216130 mb/sr,
   100.00 deg.: X-S =     0.182088 mb/sr,
   101.00 deg.: X-S =     0.153274 mb/sr,
   102.00 deg.: X-S =     0.129332 mb/sr,
   103.00 deg.: X-S =     0.109875 mb/sr,
   104.00 deg.: X-S =     0.094485 mb/sr,
   105.00 deg.: X-S =     0.082734 mb/sr,
   106.00 deg.: X-S =     0.074188 mb/sr,
   107.00 deg.: X-S =     0.068416 mb/sr,
   108.00 deg.: X-S =     0.064998 mb/sr,
   109.00 deg.: X-S =     0.063533 mb/sr,
   110.00 deg.: X-S =     0.063644 mb/sr,
   111.00 deg.: X-S =     0.064983 mb/sr,
   112.00 deg.: X-S =     0.067233 mb/sr,
   113.00 deg.: X-S =     0.070110 mb/sr,
   114.00 deg.: X-S =     0.073360 mb/sr,
   115.00 deg.: X-S =     0.076764 mb/sr,
   116.00 deg.: X-S =     0.080132 mb/sr,
   117.00 deg.: X-S =     0.083306 mb/sr,
   118.00 deg.: X-S =     0.086164 mb/sr,
   119.00 deg.: X-S =     0.088607 mb/sr,
   120.00 deg.: X-S =     0.090568 mb/sr,
   121.00 deg.: X-S =     0.091998 mb/sr,
   122.00 deg.: X-S =     0.092868 mb/sr,
   123.00 deg.: X-S =     0.093167 mb/sr,
   124.00 deg.: X-S =     0.092899 mb/sr,
   125.00 deg.: X-S =     0.092083 mb/sr,
   126.00 deg.: X-S =     0.090750 mb/sr,
   127.00 deg.: X-S =     0.088940 mb/sr,
   128.00 deg.: X-S =     0.086697 mb/sr,
   129.00 deg.: X-S =     0.084070 mb/sr,
   130.00 deg.: X-S =     0.081108 mb/sr,
   131.00 deg.: X-S =     0.077864 mb/sr,
   132.00 deg.: X-S =     0.074390 mb/sr,
   133.00 deg.: X-S =     0.070739 mb/sr,
   134.00 deg.: X-S =     0.066960 mb/sr,
   135.00 deg.: X-S =     0.063100 mb/sr,
   136.00 deg.: X-S =     0.059205 mb/sr,
   137.00 deg.: X-S =     0.055312 mb/sr,
   138.00 deg.: X-S =     0.051460 mb/sr,
   139.00 deg.: X-S =     0.047680 mb/sr,
   140.00 deg.: X-S =     0.044000 mb/sr,
   141.00 deg.: X-S =     0.040446 mb/sr,
   142.00 deg.: X-S =     0.037038 mb/sr,
   143.00 deg.: X-S =     0.033793 mb/sr,
   144.00 deg.: X-S =     0.030725 mb/sr,
   145.00 deg.: X-S =     0.027844 mb/sr,
   146.00 deg.: X-S =     0.025158 mb/sr,
   147.00 deg.: X-S =     0.022672 mb/sr,
   148.00 deg.: X-S =     0.020386 mb/sr,
   149.00 deg.: X-S =     0.018302 mb/sr,
   150.00 deg.: X-S =     0.016416 mb/sr,
   151.00 deg.: X-S =     0.014726 mb/sr,
   152.00 deg.: X-S =     0.013228 mb/sr,
   153.00 deg.: X-S =     0.011915 mb/sr,
   154.00 deg.: X-S =     0.010780 mb/sr,
   155.00 deg.: X-S =     0.009815 mb/sr,
   156.00 deg.: X-S =     0.009009 mb/sr,
   157.00 deg.: X-S =     0.008354 mb/sr,
   158.00 deg.: X-S =     0.007839 mb/sr,
   159.00 deg.: X-S =     0.007453 mb/sr,
   160.00 deg.: X-S =     0.007187 mb/sr,
   161.00 deg.: X-S =     0.007030 mb/sr,
   162.00 deg.: X-S =     0.006969 mb/sr,
   163.00 deg.: X-S =     0.006993 mb/sr,
   164.00 deg.: X-S =     0.007091 mb/sr,
   165.00 deg.: X-S =     0.007252 mb/sr,
   166.00 deg.: X-S =     0.007464 mb/sr,
   167.00 deg.: X-S =     0.007716 mb/sr,
   168.00 deg.: X-S =     0.007998 mb/sr,
   169.00 deg.: X-S =     0.008301 mb/sr,
   170.00 deg.: X-S =     0.008614 mb/sr,
   171.00 deg.: X-S =     0.008927 mb/sr,
   172.00 deg.: X-S =     0.009233 mb/sr,
   173.00 deg.: X-S =     0.009522 mb/sr,
   174.00 deg.: X-S =     0.009787 mb/sr,
   175.00 deg.: X-S =     0.010023 mb/sr,
   176.00 deg.: X-S =     0.010224 mb/sr,
   177.00 deg.: X-S =     0.010386 mb/sr,
   178.00 deg.: X-S =     0.010505 mb/sr,
   179.00 deg.: X-S =     0.010577 mb/sr,
   180.00 deg.: X-S =     0.010602 mb/sr,
                                           Integrated   39.7588 mb, over [   3.000, 180.000] at    43.2700 MeV 
 Finished all xsecs @   0.307175010    

  The following files have been created:
   3:local copy of User input.            6:standard output.                   
   7:elastic  S-matrix elements.         13:total cross sections/state.        
  16:tables of cross sections.           35:Astrophysics S-factors  / Ecm.     
  38:cross sections for each J/pi.       39:cross sections for each Ecm.       
  40:all cross sectns. for each Elab.    45:scat phase shift as E functions.   
  56:Fusion for each Jtotal.             75:S-factors for lab energies.        
 201:Separate cross sections.           202:Separate cross sections.           

 PARAMETERS : MAXQRN   MFNL   MLOC  LMAX1 MCLIST
    ALLOWED :      1     64      9     70     15
    REQUIRED:      0      0      9     55      5


 ACCURACY ANALYSIS at    43.270 MeV :

  Elastic h*k = 0.041 so OK       compared with 0.200

   Real(S-el) > 0.01 first at J =       0.5
   Real(S-el) > 0.10 first at J =       0.5
   Real(S-el) > 0.50 first at J =       5.5
   Real(S-el) > 0.90 first at J =       7.5
   Real(S-el) > 0.99 first at J =       9.5
   R-turn =    36.87 fm    at J =      50.5

 Forward-angle excitation cut off below   0.432 deg by max JT =      50.5
                              and below   0.267 deg by max R.

 Total CPU  0 time =       0.31 seconds
