 FRESCO - FRES 3.4: Coupled Reaction Channels
 Assuming NAMELIST input.

 20O + d gs with DA1p OMP;                                                       

   0.030  60.000   0.500   0.000   0.000   0.000   0.000   0.000   0.000   0.000

 Centre-of-mass Range is   2002 * 0.0300 fm., Maximum at  60.00 fm., Interpolating NL forms every  0.51 fm.
 Non - locality width is      4 * 0.0300 fm., Maximum of   0.09 fm., Centred at  0.00 fm.
 2-Nucleon Separation of      0 * 0.5100 fm., Maximum of   0.00 fm., Minimum at  0.00 fm.
 Maximum single particle bins of 59.6700 fm.
               M,Mint =         2001        1990


 Range of total J is     0.0 <= J <=    50.0 (at least     0.0) and Absorbtion =>    -1.0000 mb.
 Dry Run = F, CC set limits =  0  0, Relativistic kinematics =  , Both/Far/Near Analyses =  1                     

 Cross Sections (and up to T0 for 0=projectile) for Theta from   3.0 to-180.0 in steps of  1.0 degrees, DGAM=0,  Coordinates = 0 (Mads)

 Lower Radial Cutoff = maximum of -1.60*L*h &       0.0 fm.,  Lower Cutoff for Couplings =   0.0  fm.


 Iterate Couplings between   0 and   0 times, to  0.000 % if sooner.                                          
  Block solved exactly =   0 chs., with Pade = 0 & Isocen =  =0, NOSOL = F, initwf =  0
  NL quadrature with   18 Gaussian points, Calculate multipoles up to    56 from   0
  M-transfers for lp+lt greater than or equal to  6, Angular Integration Cutoff below  2.7778 %


 Trace switches are :  CHANS =  1, LISTCC =  0, TRENEG =  0, CDETR =  0, SMATS =  2, XSTABL =  1, NLPL =  0

                       WAVES =  0, LAMPL =  0, VEFF =  0, KFUS =  0, WDISK =  0, BPM =  0, MELFIL =  0

                       CDCC =  0, NFUS =  0

 Using unit mass = 1.000000 amu and 1/fine-structure constant = 137.03599 ( 1.000000 * true ) with hc = 197.32705 MeV.fm,
  thus 2*amu/hbar^2 = 0.0478450 = 1/20.9008 and Coulomb constant = 0.1574855 so e^2 = 1.43997, and nuclear magneton= 0.1261183

 Now pre-scan input and save to file 3



 *********** PARTITION NUMBER  1 ******************************************************************************************

   PROJ=d          MASS=  2.0136 Z=   1.0,        # STATES=    1T, TARG=O20      MASS= 19.9997 Z=   8.0,     Q-VALUE =  -0.0000 MEV.

     1:  J= 1.0+ (B# 1), E=  0.0000, K= 0.0              Potl#  1       J= 0.0+ (B# 1), E=  0.0000, K= 0.0    


 ************************************************************************************************************************************

 The following POTENTIALS are defined :

  KP#       TYPE      IT    SHAPE      at     V1        r1        a1        V2        r2        a2        A-in     A-used


                                            A#1       A#2        r0c       ac                                                h @ 1
    1    0=Coulomb       0=CHARGE (WS)  1    20.000     0.000    1.3000    0.0000    0.0000    0.0000     0.000    20.000   0.03000

    1    1=Volume        0=Woods-Saxon  2   80.4630    1.0751    0.7760   11.4963    1.5827    0.7440     0.000    20.000

    1    2=Surface       0=Woods-Saxon  3    0.0000    0.0000    0.0000    0.0001    1.5827    0.7440     0.000    20.000

 Incoming partition  1 in excitation state # 1,   Laboratory Energy given for partition  1 Nucleus 1 in Excitation pair 1

0Lab. ENERGY ranges :

   from    70.0000     to   0.00000     in     0 intervals
   from    0.00000     to   0.00000     in     0 intervals
   from    0.00000     to   0.00000     in     0 intervals

 Largest real,imaginary parts of any form factor at R=   59.52 are   2.42E-02  6.68E-32 MeV
 Finished all Couplings @    8.41000117E-04           3

 Symmetric Hamiltonian
1***********************************************************************************************************************************
************************************************************************************************************************************

        INCOMING d        ;    LABORATORY d        ENERGY =   70.000     MeV.

 ***********************************************************************************************************************************
 ***********************************************************************************************************************************

 Allocate arrays for            3  channels, of which            1  need wfs.

 ######################################################################################################################
 #                                                                                                                    #
 # Total SPIN and PARITY =     0.0 -,      1 channels,    0 in 1st block.  Rmin & Coul turning =    0.0    0.2 fm.  #
 #                                                                                                                    #
 ######################################################################################################################



    C Projectl Target   #   EX.   (L  Proj) J  + Targ = Jtotal     E-cm      Re K     Re Eta     RM*K            CH
    1 d        O20      #    1: I   1 1.0    0.0  0.0     0.0    63.59709   2.35933   0.21368  141.5597  -0.30307   0.39817 1 1 1   1
   S-matrix    1 =   -0.01209   0.23993 for L=    1, J=    0.0 channel on core I =   0.0 from L=    1,  Acc. loss =  0.0 D.
 Elastic phase shift   1 =   46.442  40.856 deg. for the L =    1, J =    0.0 channel.
       0.0 -0.01208772  0.23993225i: elastic S-matrix  @@      0.00  0   0 F  0
 Reaction Xsec     0.0-/ 1 @ 1 =   1.773 , Out:   0.000#

 Allocate arrays for            3  channels, of which            2  need wfs.

 Total SPIN, PARITY =     1.0 +,      2 chs,      0 cc.  Rmin & Coul turning =    0.0    0.7
   S-matrix    1 =   -0.13110   0.20126 for L=    0, J=    1.0 channel on core I =   0.0 from L=    0,  Acc. loss =  0.0 D.
 Elastic phase shift   1 =   61.540  40.860 deg. for the L =    0, J =    1.0 channel.
       1.0 -0.13110403  0.20126243i: elastic S-matrix  @@      0.00  0   0 F  0
 Reaction Xsec     1.0+/ 0 @ 1 =   5.318 , Out:   0.000#

   S-matrix    2 =    0.08787   0.22387 for L=    2, J=    1.0 channel on core I =   0.0 from L=    2,  Acc. loss =  0.0 D.
 Elastic phase shift   2 =   34.285  40.825 deg. for the L =    2, J =    1.0 channel.
       1.0  0.08786952  0.22386731i: elastic S-matrix  @@      0.00  0   0 F  0
 Reaction Xsec     1.0+/ 2 @ 2 =   5.317 , Out:   0.000#


 Total SPIN, PARITY =     1.0 -,      1 chs,      0 cc.  Rmin & Coul turning =    0.0    0.7
   S-matrix    1 =   -0.01209   0.23993 for L=    1, J=    1.0 channel on core I =   0.0 from L=    1,  Acc. loss =  0.0 D.
 Elastic phase shift   1 =   46.442  40.856 deg. for the L =    1, J =    1.0 channel.
       1.0 -0.01208772  0.23993225i: elastic S-matrix  @@      0.00  0   0 F  0
 Reaction Xsec     1.0-/ 1 @ 1 =   5.318 , Out:   0.000#


 Total SPIN, PARITY =     2.0 +,      1 chs,      0 cc.  Rmin & Coul turning =    0.1    1.1
   S-matrix    1 =    0.08787   0.22387 for L=    2, J=    2.0 channel on core I =   0.0 from L=    2,  Acc. loss =  0.0 D.
 Elastic phase shift   1 =   34.285  40.825 deg. for the L =    2, J =    2.0 channel.
       2.0  0.08786952  0.22386731i: elastic S-matrix  @@      0.00  0   0 F  0
 Reaction Xsec     2.0+/ 2 @ 1 =   8.862 , Out:   0.000#


 Total SPIN, PARITY =     2.0 -,      2 chs,      0 cc.  Rmin & Coul turning =    0.1    1.1
   S-matrix    1 =   -0.01209   0.23993 for L=    1, J=    2.0 channel on core I =   0.0 from L=    1,  Acc. loss =  0.0 D.
 Elastic phase shift   1 =   46.442  40.856 deg. for the L =    1, J =    2.0 channel.
       2.0 -0.01208772  0.23993225i: elastic S-matrix  @@      0.00  0   0 F  0
 Reaction Xsec     2.0-/ 1 @ 1 =   8.863 , Out:   0.000#

   S-matrix    2 =    0.17836   0.16170 for L=    3, J=    2.0 channel on core I =   0.0 from L=    3,  Acc. loss =  0.0 D.
 Elastic phase shift   2 =   21.098  40.795 deg. for the L =    3, J =    2.0 channel.
       2.0  0.17836002  0.16170034i: elastic S-matrix  @@      0.00  0   0 F  0
 Reaction Xsec     2.0-/ 3 @ 2 =   8.861 , Out:   0.000#


 Total SPIN, PARITY =     3.0 +,      2 chs,      0 cc.  Rmin & Coul turning =    0.1    1.6
   S-matrix    1 =    0.08787   0.22387 for L=    2, J=    3.0 channel on core I =   0.0 from L=    2,  Acc. loss =  0.0 D.
 Elastic phase shift   1 =   34.285  40.825 deg. for the L =    2, J =    3.0 channel.
       3.0  0.08786952  0.22386731i: elastic S-matrix  @@      0.00  0   0 F  0
 Reaction Xsec     3.0+/ 2 @ 1 =  12.407 , Out:   0.000#

   S-matrix    2 =    0.23625   0.04603 for L=    4, J=    3.0 channel on core I =   0.0 from L=    4,  Acc. loss =  0.0 D.
 Elastic phase shift   2 =    5.512  40.801 deg. for the L =    4, J =    3.0 channel.
       3.0  0.23625014  0.04602530i: elastic S-matrix  @@      0.00  0   0 F  0
 Reaction Xsec     3.0+/ 4 @ 2 =  12.406 , Out:   0.000#


 Total SPIN, PARITY =     3.0 -,      1 chs,      0 cc.  Rmin & Coul turning =    0.1    1.6
   S-matrix    1 =    0.17836   0.16170 for L=    3, J=    3.0 channel on core I =   0.0 from L=    3,  Acc. loss =  0.0 D.
 Elastic phase shift   1 =   21.098  40.795 deg. for the L =    3, J =    3.0 channel.
       3.0  0.17836002  0.16170034i: elastic S-matrix  @@      0.00  0   0 F  0
 Reaction Xsec     3.0-/ 3 @ 1 =  12.406 , Out:   0.000#


 Total SPIN, PARITY =     4.0 +,      1 chs,      0 cc.  Rmin & Coul turning =    0.2    2.0
   S-matrix    1 =    0.23625   0.04603 for L=    4, J=    4.0 channel on core I =   0.0 from L=    4,  Acc. loss =  0.0 D.
 Elastic phase shift   1 =    5.512  40.801 deg. for the L =    4, J =    4.0 channel.
       4.0  0.23625014  0.04602530i: elastic S-matrix  @@      0.00  0   0 F  0
 Reaction Xsec     4.0+/ 4 @ 1 =  15.951 , Out:   0.000#


 Total SPIN, PARITY =     4.0 -,      2 chs,      0 cc.  Rmin & Coul turning =    0.2    2.0
   S-matrix    1 =    0.17836   0.16170 for L=    3, J=    4.0 channel on core I =   0.0 from L=    3,  Acc. loss =  0.0 D.
 Elastic phase shift   1 =   21.098  40.795 deg. for the L =    3, J =    4.0 channel.
       4.0  0.17836002  0.16170034i: elastic S-matrix  @@      0.00  0   0 F  0
 Reaction Xsec     4.0-/ 3 @ 1 =  15.950 , Out:   0.000#

   S-matrix    2 =    0.21589  -0.10597 for L=    5, J=    4.0 channel on core I =   0.0 from L=    5,  Acc. loss =  0.0 D.
 Elastic phase shift   2 =  -13.072  40.825 deg. for the L =    5, J =    4.0 channel.
       4.0  0.21589099 -0.10597091i: elastic S-matrix  @@      0.00  0   0 F  0
 Reaction Xsec     4.0-/ 5 @ 2 =  15.952 , Out:   0.000#


 Total SPIN, PARITY =     5.0 +,      2 chs,      0 cc.  Rmin & Coul turning =    0.2    2.4
   S-matrix    1 =    0.23625   0.04603 for L=    4, J=    5.0 channel on core I =   0.0 from L=    4,  Acc. loss =  0.0 D.
 Elastic phase shift   1 =    5.512  40.801 deg. for the L =    4, J =    5.0 channel.
       5.0  0.23625014  0.04602530i: elastic S-matrix  @@      0.00  0   0 F  0
 Reaction Xsec     5.0+/ 4 @ 1 =  19.495 , Out:   0.000#

   S-matrix    2 =    0.07839  -0.22583 for L=    6, J=    5.0 channel on core I =   0.0 from L=    6,  Acc. loss =  0.0 D.
 Elastic phase shift   2 =  -35.429  40.997 deg. for the L =    6, J =    5.0 channel.
       5.0  0.07838876 -0.22583308i: elastic S-matrix  @@      0.00  0   0 F  0
 Reaction Xsec     5.0+/ 6 @ 2 =  19.511 , Out:   0.000#


 Total SPIN, PARITY =     5.0 -,      1 chs,      0 cc.  Rmin & Coul turning =    0.2    2.4
   S-matrix    1 =    0.21589  -0.10597 for L=    5, J=    5.0 channel on core I =   0.0 from L=    5,  Acc. loss =  0.0 D.
 Elastic phase shift   1 =  -13.072  40.825 deg. for the L =    5, J =    5.0 channel.
       5.0  0.21589099 -0.10597091i: elastic S-matrix  @@      0.00  0   0 F  0
 Reaction Xsec     5.0-/ 5 @ 1 =  19.497 , Out:   0.000#


 Total SPIN, PARITY =     6.0 +,      1 chs,      0 cc.  Rmin & Coul turning =    0.3    2.8
   S-matrix    1 =    0.07839  -0.22583 for L=    6, J=    6.0 channel on core I =   0.0 from L=    6,  Acc. loss =  0.0 D.
 Elastic phase shift   1 =  -35.429  40.997 deg. for the L =    6, J =    6.0 channel.
       6.0  0.07838876 -0.22583308i: elastic S-matrix  @@      0.00  0   0 F  0
 Reaction Xsec     6.0+/ 6 @ 1 =  23.059 , Out:   0.000#


 Total SPIN, PARITY =     6.0 -,      2 chs,      0 cc.  Rmin & Coul turning =    0.3    2.8
   S-matrix    1 =    0.21589  -0.10597 for L=    5, J=    6.0 channel on core I =   0.0 from L=    5,  Acc. loss =  0.0 D.
 Elastic phase shift   1 =  -13.072  40.825 deg. for the L =    5, J =    6.0 channel.
       6.0  0.21589099 -0.10597091i: elastic S-matrix  @@      0.00  0   0 F  0
 Reaction Xsec     6.0-/ 5 @ 1 =  23.042 , Out:   0.000#

   S-matrix    2 =   -0.13268  -0.19879 for L=    7, J=    6.0 channel on core I =   0.0 from L=    7,  Acc. loss =  0.0 D.
 Elastic phase shift   2 =  -61.860  41.003 deg. for the L =    7, J =    6.0 channel.
       6.0 -0.13267947 -0.19879367i: elastic S-matrix  @@      0.00  0   0 F  0
 Reaction Xsec     6.0-/ 7 @ 2 =  23.060 , Out:   0.000#


 Total SPIN, PARITY =     7.0 +,      2 chs,      0 cc.  Rmin & Coul turning =    0.3    3.3
   S-matrix    1 =    0.07839  -0.22583 for L=    6, J=    7.0 channel on core I =   0.0 from L=    6,  Acc. loss =  0.0 D.
 Elastic phase shift   1 =  -35.429  40.997 deg. for the L =    6, J =    7.0 channel.
       7.0  0.07838876 -0.22583308i: elastic S-matrix  @@      0.00  0   0 F  0
 Reaction Xsec     7.0+/ 6 @ 1 =  26.607 , Out:   0.000#

   S-matrix    2 =   -0.23617   0.02587 for L=    8, J=    7.0 channel on core I =   0.0 from L=    8,  Acc. loss =  0.0 D.
 Elastic phase shift   2 =   86.874  41.174 deg. for the L =    8, J =    7.0 channel.
       7.0 -0.23616514  0.02587310i: elastic S-matrix  @@      0.00  0   0 F  0
 Reaction Xsec     7.0+/ 8 @ 2 =  26.626 , Out:   0.000#


 Total SPIN, PARITY =     7.0 -,      1 chs,      0 cc.  Rmin & Coul turning =    0.3    3.3
   S-matrix    1 =   -0.13268  -0.19879 for L=    7, J=    7.0 channel on core I =   0.0 from L=    7,  Acc. loss =  0.0 D.
 Elastic phase shift   1 =  -61.860  41.003 deg. for the L =    7, J =    7.0 channel.
       7.0 -0.13267947 -0.19879367i: elastic S-matrix  @@      0.00  0   0 F  0
 Reaction Xsec     7.0-/ 7 @ 1 =  26.607 , Out:   0.000#


 Total SPIN, PARITY =     8.0 +,      1 chs,      0 cc.  Rmin & Coul turning =    0.4    3.7
   S-matrix    1 =   -0.23617   0.02587 for L=    8, J=    8.0 channel on core I =   0.0 from L=    8,  Acc. loss =  0.0 D.
 Elastic phase shift   1 =   86.874  41.174 deg. for the L =    8, J =    8.0 channel.
       8.0 -0.23616514  0.02587310i: elastic S-matrix  @@      0.00  0   0 F  0
 Reaction Xsec     8.0+/ 8 @ 1 =  30.177 , Out:   0.000#


 Total SPIN, PARITY =     8.0 -,      2 chs,      0 cc.  Rmin & Coul turning =    0.4    3.7
   S-matrix    1 =   -0.13268  -0.19879 for L=    7, J=    8.0 channel on core I =   0.0 from L=    7,  Acc. loss =  0.0 D.
 Elastic phase shift   1 =  -61.860  41.003 deg. for the L =    7, J =    8.0 channel.
       8.0 -0.13267947 -0.19879367i: elastic S-matrix  @@      0.00  0   0 F  0
 Reaction Xsec     8.0-/ 7 @ 1 =  30.155 , Out:   0.000#

   S-matrix    2 =   -0.07960   0.28482 for L=    9, J=    8.0 channel on core I =   0.0 from L=    9,  Acc. loss =  0.0 D.
 Elastic phase shift   2 =   52.807  34.901 deg. for the L =    9, J =    8.0 channel.
       8.0 -0.07959930  0.28482458i: elastic S-matrix  @@      0.00  0   0 F  0
 Reaction Xsec     8.0-/ 9 @ 2 =  29.185 , Out:   0.000#


 Total SPIN, PARITY =     9.0 +,      2 chs,      0 cc.  Rmin & Coul turning =    0.4    4.1
   S-matrix    1 =   -0.23617   0.02587 for L=    8, J=    9.0 channel on core I =   0.0 from L=    8,  Acc. loss =  0.0 D.
 Elastic phase shift   1 =   86.874  41.174 deg. for the L =    8, J =    9.0 channel.
       9.0 -0.23616514  0.02587310i: elastic S-matrix  @@      0.00  0   0 F  0
 Reaction Xsec     9.0+/ 8 @ 1 =  33.727 , Out:   0.000#

   S-matrix    2 =    0.22865   0.38824 for L=   10, J=    9.0 channel on core I =   0.0 from L=   10,  Acc. loss =  0.0 D.
 Elastic phase shift   2 =   29.752  22.839 deg. for the L =   10, J =    9.0 channel.
       9.0  0.22865077  0.38824444i: elastic S-matrix  @@      0.00  0   0 F  0
 Reaction Xsec     9.0+/10 @ 2 =  28.488 , Out:   0.000#


 Total SPIN, PARITY =     9.0 -,      1 chs,      0 cc.  Rmin & Coul turning =    0.4    4.1
   S-matrix    1 =   -0.07960   0.28482 for L=    9, J=    9.0 channel on core I =   0.0 from L=    9,  Acc. loss =  0.0 D.
 Elastic phase shift   1 =   52.807  34.901 deg. for the L =    9, J =    9.0 channel.
       9.0 -0.07959930  0.28482458i: elastic S-matrix  @@      0.00  0   0 F  0
 Reaction Xsec     9.0-/ 9 @ 1 =  32.618 , Out:   0.000#


 Total SPIN, PARITY =    10.0 +,      1 chs,      0 cc.  Rmin & Coul turning =    0.5    4.5
   S-matrix    1 =    0.22865   0.38824 for L=   10, J=   10.0 channel on core I =   0.0 from L=   10,  Acc. loss =  0.0 D.
 Elastic phase shift   1 =   29.752  22.839 deg. for the L =   10, J =   10.0 channel.
      10.0  0.22865077  0.38824444i: elastic S-matrix  @@      0.00  0   0 F  0
 Reaction Xsec    10.0+/10 @ 1 =  31.486 , Out:   0.000#


 Total SPIN, PARITY =    10.0 -,      2 chs,      0 cc.  Rmin & Coul turning =    0.5    4.5
   S-matrix    1 =   -0.07960   0.28482 for L=    9, J=   10.0 channel on core I =   0.0 from L=    9,  Acc. loss =  0.0 D.
 Elastic phase shift   1 =   52.807  34.901 deg. for the L =    9, J =   10.0 channel.
      10.0 -0.07959930  0.28482458i: elastic S-matrix  @@      0.00  0   0 F  0
 Reaction Xsec    10.0-/ 9 @ 1 =  36.051 , Out:   0.000#

   S-matrix    2 =    0.51098   0.35074 for L=   11, J=   10.0 channel on core I =   0.0 from L=   11,  Acc. loss =  0.0 D.
 Elastic phase shift   2 =   17.233  13.705 deg. for the L =   11, J =   10.0 channel.
      10.0  0.51097695  0.35073531i: elastic S-matrix  @@      0.00  0   0 F  0
 Reaction Xsec    10.0-/11 @ 2 =  24.332 , Out:   0.000#


 Total SPIN, PARITY =    11.0 +,      2 chs,      0 cc.  Rmin & Coul turning =    0.5    5.0
   S-matrix    1 =    0.22865   0.38824 for L=   10, J=   11.0 channel on core I =   0.0 from L=   10,  Acc. loss =  0.0 D.
 Elastic phase shift   1 =   29.752  22.839 deg. for the L =   10, J =   11.0 channel.
      11.0  0.22865077  0.38824444i: elastic S-matrix  @@      0.00  0   0 F  0
 Reaction Xsec    11.0+/10 @ 1 =  34.485 , Out:   0.000#

   S-matrix    2 =    0.70720   0.26294 for L=   12, J=   11.0 channel on core I =   0.0 from L=   12,  Acc. loss =  0.0 D.
 Elastic phase shift   2 =   10.198   8.070 deg. for the L =   12, J =   11.0 channel.
      11.0  0.70719826  0.26294165i: elastic S-matrix  @@      0.00  0   0 F  0
 Reaction Xsec    11.0+/12 @ 2 =  18.637 , Out:   0.000#


 Total SPIN, PARITY =    11.0 -,      1 chs,      0 cc.  Rmin & Coul turning =    0.5    5.0
   S-matrix    1 =    0.51098   0.35074 for L=   11, J=   11.0 channel on core I =   0.0 from L=   11,  Acc. loss =  0.0 D.
 Elastic phase shift   1 =   17.233  13.705 deg. for the L =   11, J =   11.0 channel.
      11.0  0.51097695  0.35073531i: elastic S-matrix  @@      0.00  0   0 F  0
 Reaction Xsec    11.0-/11 @ 1 =  26.649 , Out:   0.000#


 Total SPIN, PARITY =    12.0 +,      1 chs,      0 cc.  Rmin & Coul turning =    0.6    5.4
   S-matrix    1 =    0.70720   0.26294 for L=   12, J=   12.0 channel on core I =   0.0 from L=   12,  Acc. loss =  0.0 D.
 Elastic phase shift   1 =   10.198   8.070 deg. for the L =   12, J =   12.0 channel.
      12.0  0.70719826  0.26294165i: elastic S-matrix  @@      0.00  0   0 F  0
 Reaction Xsec    12.0+/12 @ 1 =  20.258 , Out:   0.000#


 Total SPIN, PARITY =    12.0 -,      2 chs,      0 cc.  Rmin & Coul turning =    0.6    5.4
   S-matrix    1 =    0.51098   0.35074 for L=   11, J=   12.0 channel on core I =   0.0 from L=   11,  Acc. loss =  0.0 D.
 Elastic phase shift   1 =   17.233  13.705 deg. for the L =   11, J =   12.0 channel.
      12.0  0.51097695  0.35073531i: elastic S-matrix  @@      0.00  0   0 F  0
 Reaction Xsec    12.0-/11 @ 1 =  28.966 , Out:   0.000#

   S-matrix    2 =    0.82883   0.17887 for L=   13, J=   12.0 channel on core I =   0.0 from L=   13,  Acc. loss =  0.0 D.
 Elastic phase shift   2 =    6.089   4.726 deg. for the L =   13, J =   12.0 channel.
      12.0  0.82882998  0.17887221i: elastic S-matrix  @@      0.00  0   0 F  0
 Reaction Xsec    12.0-/13 @ 2 =  13.218 , Out:   0.000#


 Total SPIN, PARITY =    13.0 +,      2 chs,      0 cc.  Rmin & Coul turning =    0.6    5.8
   S-matrix    1 =    0.70720   0.26294 for L=   12, J=   13.0 channel on core I =   0.0 from L=   12,  Acc. loss =  0.0 D.
 Elastic phase shift   1 =   10.198   8.070 deg. for the L =   12, J =   13.0 channel.
      13.0  0.70719826  0.26294165i: elastic S-matrix  @@      0.00  0   0 F  0
 Reaction Xsec    13.0+/12 @ 1 =  21.879 , Out:   0.000#

   S-matrix    2 =    0.90075   0.11526 for L=   14, J=   13.0 channel on core I =   0.0 from L=   14,  Acc. loss =  0.0 D.
 Elastic phase shift   2 =    3.646   2.762 deg. for the L =   14, J =   13.0 channel.
      13.0  0.90074864  0.11526466i: elastic S-matrix  @@      0.00  0   0 F  0
 Reaction Xsec    13.0+/14 @ 2 =   8.908 , Out:   0.000#


 Total SPIN, PARITY =    13.0 -,      1 chs,      0 cc.  Rmin & Coul turning =    0.6    5.8
   S-matrix    1 =    0.82883   0.17887 for L=   13, J=   13.0 channel on core I =   0.0 from L=   13,  Acc. loss =  0.0 D.
 Elastic phase shift   1 =    6.089   4.726 deg. for the L =   13, J =   13.0 channel.
      13.0  0.82882998  0.17887221i: elastic S-matrix  @@      0.00  0   0 F  0
 Reaction Xsec    13.0-/13 @ 1 =  14.276 , Out:   0.000#


 Total SPIN, PARITY =    14.0 +,      1 chs,      0 cc.  Rmin & Coul turning =    0.7    6.2
   S-matrix    1 =    0.90075   0.11526 for L=   14, J=   14.0 channel on core I =   0.0 from L=   14,  Acc. loss =  0.0 D.
 Elastic phase shift   1 =    3.646   2.762 deg. for the L =   14, J =   14.0 channel.
      14.0  0.90074864  0.11526466i: elastic S-matrix  @@      0.00  0   0 F  0
 Reaction Xsec    14.0+/14 @ 1 =   9.567 , Out:   0.000#


 Total SPIN, PARITY =    14.0 -,      2 chs,      0 cc.  Rmin & Coul turning =    0.7    6.2
   S-matrix    1 =    0.82883   0.17887 for L=   13, J=   14.0 channel on core I =   0.0 from L=   13,  Acc. loss =  0.0 D.
 Elastic phase shift   1 =    6.089   4.726 deg. for the L =   13, J =   14.0 channel.
      14.0  0.82882998  0.17887221i: elastic S-matrix  @@      0.00  0   0 F  0
 Reaction Xsec    14.0-/13 @ 1 =  15.333 , Out:   0.000#

   S-matrix    2 =    0.94253   0.07199 for L=   15, J=   14.0 channel on core I =   0.0 from L=   15,  Acc. loss =  0.0 D.
 Elastic phase shift   2 =    2.184   1.612 deg. for the L =   15, J =   14.0 channel.
      14.0  0.94253151  0.07198571i: elastic S-matrix  @@      0.00  0   0 F  0
 Reaction Xsec    14.0-/15 @ 2 =   5.808 , Out:   0.000#


 Total SPIN, PARITY =    15.0 +,      2 chs,      0 cc.  Rmin & Coul turning =    0.7    6.7
   S-matrix    1 =    0.90075   0.11526 for L=   14, J=   15.0 channel on core I =   0.0 from L=   14,  Acc. loss =  0.0 D.
 Elastic phase shift   1 =    3.646   2.762 deg. for the L =   14, J =   15.0 channel.
      15.0  0.90074864  0.11526466i: elastic S-matrix  @@      0.00  0   0 F  0
 Reaction Xsec    15.0+/14 @ 1 =  10.227 , Out:   0.000#

   S-matrix    2 =    0.96669   0.04413 for L=   16, J=   15.0 channel on core I =   0.0 from L=   16,  Acc. loss =  0.0 D.
 Elastic phase shift   2 =    1.307   0.941 deg. for the L =   16, J =   15.0 channel.
      15.0  0.96669327  0.04413280i: elastic S-matrix  @@      0.00  0   0 F  0
 Reaction Xsec    15.0+/16 @ 2 =   3.707 , Out:   0.000#


 Total SPIN, PARITY =    15.0 -,      1 chs,      0 cc.  Rmin & Coul turning =    0.7    6.7
   S-matrix    1 =    0.94253   0.07199 for L=   15, J=   15.0 channel on core I =   0.0 from L=   15,  Acc. loss =  0.0 D.
 Elastic phase shift   1 =    2.184   1.612 deg. for the L =   15, J =   15.0 channel.
      15.0  0.94253151  0.07198571i: elastic S-matrix  @@      0.00  0   0 F  0
 Reaction Xsec    15.0-/15 @ 1 =   6.208 , Out:   0.000#


 Total SPIN, PARITY =    16.0 +,      1 chs,      0 cc.  Rmin & Coul turning =    0.8    7.1
   S-matrix    1 =    0.96669   0.04413 for L=   16, J=   16.0 channel on core I =   0.0 from L=   16,  Acc. loss =  0.0 D.
 Elastic phase shift   1 =    1.307   0.941 deg. for the L =   16, J =   16.0 channel.
      16.0  0.96669327  0.04413280i: elastic S-matrix  @@      0.00  0   0 F  0
 Reaction Xsec    16.0+/16 @ 1 =   3.946 , Out:   0.000#


 Total SPIN, PARITY =    16.0 -,      2 chs,      0 cc.  Rmin & Coul turning =    0.8    7.1
   S-matrix    1 =    0.94253   0.07199 for L=   15, J=   16.0 channel on core I =   0.0 from L=   15,  Acc. loss =  0.0 D.
 Elastic phase shift   1 =    2.184   1.612 deg. for the L =   15, J =   16.0 channel.
      16.0  0.94253151  0.07198571i: elastic S-matrix  @@      0.00  0   0 F  0
 Reaction Xsec    16.0-/15 @ 1 =   6.609 , Out:   0.000#

   S-matrix    2 =    0.98067   0.02676 for L=   17, J=   16.0 channel on core I =   0.0 from L=   17,  Acc. loss =  0.0 D.
 Elastic phase shift   2 =    0.781   0.549 deg. for the L =   17, J =   16.0 channel.
      16.0  0.98067009  0.02675725i: elastic S-matrix  @@      0.00  0   0 F  0
 Reaction Xsec    16.0-/17 @ 2 =   2.332 , Out:   0.000#


 Total SPIN, PARITY =    17.0 +,      2 chs,      0 cc.  Rmin & Coul turning =    0.8    7.5
   S-matrix    1 =    0.96669   0.04413 for L=   16, J=   17.0 channel on core I =   0.0 from L=   16,  Acc. loss =  0.0 D.
 Elastic phase shift   1 =    1.307   0.941 deg. for the L =   16, J =   17.0 channel.
      17.0  0.96669327  0.04413280i: elastic S-matrix  @@      0.00  0   0 F  0
 Reaction Xsec    17.0+/16 @ 1 =   4.185 , Out:   0.000#

   S-matrix    2 =    0.98877   0.01611 for L=   18, J=   17.0 channel on core I =   0.0 from L=   18,  Acc. loss =  0.0 D.
 Elastic phase shift   2 =    0.467   0.320 deg. for the L =   18, J =   17.0 channel.
      17.0  0.98876943  0.01611180i: elastic S-matrix  @@      0.00  0   0 F  0
 Reaction Xsec    17.0+/18 @ 2 =   1.454 , Out:   0.000#


 Total SPIN, PARITY =    17.0 -,      1 chs,      0 cc.  Rmin & Coul turning =    0.8    7.5
   S-matrix    1 =    0.98067   0.02676 for L=   17, J=   17.0 channel on core I =   0.0 from L=   17,  Acc. loss =  0.0 D.
 Elastic phase shift   1 =    0.781   0.549 deg. for the L =   17, J =   17.0 channel.
      17.0  0.98067009  0.02675725i: elastic S-matrix  @@      0.00  0   0 F  0
 Reaction Xsec    17.0-/17 @ 1 =   2.474 , Out:   0.000#


 Total SPIN, PARITY =    18.0 +,      1 chs,      0 cc.  Rmin & Coul turning =    0.8    7.9
   S-matrix    1 =    0.98877   0.01611 for L=   18, J=   18.0 channel on core I =   0.0 from L=   18,  Acc. loss =  0.0 D.
 Elastic phase shift   1 =    0.467   0.320 deg. for the L =   18, J =   18.0 channel.
      18.0  0.98876943  0.01611180i: elastic S-matrix  @@      0.00  0   0 F  0
 Reaction Xsec    18.0+/18 @ 1 =   1.537 , Out:   0.000#


 Total SPIN, PARITY =    18.0 -,      2 chs,      0 cc.  Rmin & Coul turning =    0.8    7.9
   S-matrix    1 =    0.98067   0.02676 for L=   17, J=   18.0 channel on core I =   0.0 from L=   17,  Acc. loss =  0.0 D.
 Elastic phase shift   1 =    0.781   0.549 deg. for the L =   17, J =   18.0 channel.
      18.0  0.98067009  0.02675725i: elastic S-matrix  @@      0.00  0   0 F  0
 Reaction Xsec    18.0-/17 @ 1 =   2.615 , Out:   0.000#

   S-matrix    2 =    0.99347   0.00966 for L=   19, J=   18.0 channel on core I =   0.0 from L=   19,  Acc. loss =  0.0 D.
 Elastic phase shift   2 =    0.279   0.186 deg. for the L =   19, J =   18.0 channel.
      18.0  0.99347089  0.00965952i: elastic S-matrix  @@      0.00  0   0 F  0
 Reaction Xsec    18.0-/19 @ 2 =   0.899 , Out:   0.000#


 Total SPIN, PARITY =    19.0 +,      2 chs,      0 cc.  Rmin & Coul turning =    0.9    8.4
   S-matrix    1 =    0.98877   0.01611 for L=   18, J=   19.0 channel on core I =   0.0 from L=   18,  Acc. loss =  0.0 D.
 Elastic phase shift   1 =    0.467   0.320 deg. for the L =   18, J =   19.0 channel.
      19.0  0.98876943  0.01611180i: elastic S-matrix  @@      0.00  0   0 F  0
 Reaction Xsec    19.0+/18 @ 1 =   1.620 , Out:   0.000#

   S-matrix    2 =    0.99620   0.00577 for L=   20, J=   19.0 channel on core I =   0.0 from L=   20,  Acc. loss =  0.0 D.
 Elastic phase shift   2 =    0.166   0.108 deg. for the L =   20, J =   19.0 channel.
      19.0  0.99620327  0.00577450i: elastic S-matrix  @@      0.00  0   0 F  0
 Reaction Xsec    19.0+/20 @ 2 =   0.554 , Out:   0.000#


 Total SPIN, PARITY =    19.0 -,      1 chs,      0 cc.  Rmin & Coul turning =    0.9    8.4
   S-matrix    1 =    0.99347   0.00966 for L=   19, J=   19.0 channel on core I =   0.0 from L=   19,  Acc. loss =  0.0 D.
 Elastic phase shift   1 =    0.279   0.186 deg. for the L =   19, J =   19.0 channel.
      19.0  0.99347089  0.00965952i: elastic S-matrix  @@      0.00  0   0 F  0
 Reaction Xsec    19.0-/19 @ 1 =   0.948 , Out:   0.000#


 Total SPIN, PARITY =    20.0 +,      1 chs,      0 cc.  Rmin & Coul turning =    1.0    8.8
   S-matrix    1 =    0.99620   0.00577 for L=   20, J=   20.0 channel on core I =   0.0 from L=   20,  Acc. loss =  0.0 D.
 Elastic phase shift   1 =    0.166   0.108 deg. for the L =   20, J =   20.0 channel.
      20.0  0.99620327  0.00577450i: elastic S-matrix  @@      0.00  0   0 F  0
 Reaction Xsec    20.0+/20 @ 1 =   0.582 , Out:   0.000#


 Total SPIN, PARITY =    20.0 -,      2 chs,      0 cc.  Rmin & Coul turning =    1.0    8.8
   S-matrix    1 =    0.99347   0.00966 for L=   19, J=   20.0 channel on core I =   0.0 from L=   19,  Acc. loss =  0.0 D.
 Elastic phase shift   1 =    0.279   0.186 deg. for the L =   19, J =   20.0 channel.
      20.0  0.99347089  0.00965952i: elastic S-matrix  @@      0.00  0   0 F  0
 Reaction Xsec    20.0-/19 @ 1 =   0.997 , Out:   0.000#

   S-matrix    2 =    0.99779   0.00345 for L=   21, J=   20.0 channel on core I =   0.0 from L=   21,  Acc. loss =  0.0 D.
 Elastic phase shift   2 =    0.099   0.063 deg. for the L =   21, J =   20.0 channel.
      20.0  0.99779234  0.00344508i: elastic S-matrix  @@      0.00  0   0 F  0
 Reaction Xsec    20.0-/21 @ 2 =   0.339 , Out:   0.000#


 Total SPIN, PARITY =    21.0 +,      2 chs,      0 cc.  Rmin & Coul turning =    1.0    9.2
   S-matrix    1 =    0.99620   0.00577 for L=   20, J=   21.0 channel on core I =   0.0 from L=   20,  Acc. loss =  0.0 D.
 Elastic phase shift   1 =    0.166   0.108 deg. for the L =   20, J =   21.0 channel.
      21.0  0.99620327  0.00577450i: elastic S-matrix  @@      0.00  0   0 F  0
 Reaction Xsec    21.0+/20 @ 1 =   0.610 , Out:   0.000#

   S-matrix    2 =    0.99872   0.00205 for L=   22, J=   21.0 channel on core I =   0.0 from L=   22,  Acc. loss =  0.0 D.
 Elastic phase shift   2 =    0.059   0.037 deg. for the L =   22, J =   21.0 channel.
      21.0  0.99871669  0.00205230i: elastic S-matrix  @@      0.00  0   0 F  0
 Reaction Xsec    21.0+/22 @ 2 =   0.207 , Out:   0.000#


 Total SPIN, PARITY =    21.0 -,      1 chs,      0 cc.  Rmin & Coul turning =    1.0    9.2
   S-matrix    1 =    0.99779   0.00345 for L=   21, J=   21.0 channel on core I =   0.0 from L=   21,  Acc. loss =  0.0 D.
 Elastic phase shift   1 =    0.099   0.063 deg. for the L =   21, J =   21.0 channel.
      21.0  0.99779234  0.00344508i: elastic S-matrix  @@      0.00  0   0 F  0
 Reaction Xsec    21.0-/21 @ 1 =   0.356 , Out:   0.000#


 Total SPIN, PARITY =    22.0 +,      1 chs,      0 cc.  Rmin & Coul turning =    1.1    9.6
   S-matrix    1 =    0.99872   0.00205 for L=   22, J=   22.0 channel on core I =   0.0 from L=   22,  Acc. loss =  0.0 D.
 Elastic phase shift   1 =    0.059   0.037 deg. for the L =   22, J =   22.0 channel.
      22.0  0.99871669  0.00205230i: elastic S-matrix  @@      0.00  0   0 F  0
 Reaction Xsec    22.0+/22 @ 1 =   0.217 , Out:   0.000#


 Total SPIN, PARITY =    22.0 -,      2 chs,      0 cc.  Rmin & Coul turning =    1.1    9.6
   S-matrix    1 =    0.99779   0.00345 for L=   21, J=   22.0 channel on core I =   0.0 from L=   21,  Acc. loss =  0.0 D.
 Elastic phase shift   1 =    0.099   0.063 deg. for the L =   21, J =   22.0 channel.
      22.0  0.99779234  0.00344508i: elastic S-matrix  @@      0.00  0   0 F  0
 Reaction Xsec    22.0-/21 @ 1 =   0.372 , Out:   0.000#

   S-matrix    2 =    0.99925   0.00122 for L=   23, J=   22.0 channel on core I =   0.0 from L=   23,  Acc. loss =  0.0 D.
 Elastic phase shift   2 =    0.035   0.021 deg. for the L =   23, J =   22.0 channel.
      22.0  0.99925433  0.00122117i: elastic S-matrix  @@      0.00  0   0 F  0
 Reaction Xsec    22.0-/23 @ 2 =   0.126 , Out:   0.000#


 Total SPIN, PARITY =    23.0 +,      2 chs,      0 cc.  Rmin & Coul turning =    1.1   10.0
   S-matrix    1 =    0.99872   0.00205 for L=   22, J=   23.0 channel on core I =   0.0 from L=   22,  Acc. loss =  0.0 D.
 Elastic phase shift   1 =    0.059   0.037 deg. for the L =   22, J =   23.0 channel.
      23.0  0.99871669  0.00205230i: elastic S-matrix  @@      0.00  0   0 F  0
 Reaction Xsec    23.0+/22 @ 1 =   0.226 , Out:   0.000#

   S-matrix    2 =    0.99957   0.00073 for L=   24, J=   23.0 channel on core I =   0.0 from L=   24,  Acc. loss =  0.0 D.
 Elastic phase shift   2 =    0.021   0.012 deg. for the L =   24, J =   23.0 channel.
      23.0  0.99956694  0.00072594i: elastic S-matrix  @@      0.00  0   0 F  0
 Reaction Xsec    23.0+/24 @ 2 =   0.077 , Out:   0.000#


 Total SPIN, PARITY =    23.0 -,      1 chs,      0 cc.  Rmin & Coul turning =    1.1   10.0
   S-matrix    1 =    0.99925   0.00122 for L=   23, J=   23.0 channel on core I =   0.0 from L=   23,  Acc. loss =  0.0 D.
 Elastic phase shift   1 =    0.035   0.021 deg. for the L =   23, J =   23.0 channel.
      23.0  0.99925433  0.00122117i: elastic S-matrix  @@      0.00  0   0 F  0
 Reaction Xsec    23.0-/23 @ 1 =   0.132 , Out:   0.000#


 Total SPIN, PARITY =    24.0 +,      1 chs,      0 cc.  Rmin & Coul turning =    1.1   10.5
   S-matrix    1 =    0.99957   0.00073 for L=   24, J=   24.0 channel on core I =   0.0 from L=   24,  Acc. loss =  0.0 D.
 Elastic phase shift   1 =    0.021   0.012 deg. for the L =   24, J =   24.0 channel.
      24.0  0.99956694  0.00072594i: elastic S-matrix  @@      0.00  0   0 F  0
 Reaction Xsec    24.0+/24 @ 1 =   0.080 , Out:   0.000#


 Total SPIN, PARITY =    24.0 -,      2 chs,      0 cc.  Rmin & Coul turning =    1.1   10.5
   S-matrix    1 =    0.99925   0.00122 for L=   23, J=   24.0 channel on core I =   0.0 from L=   23,  Acc. loss =  0.0 D.
 Elastic phase shift   1 =    0.035   0.021 deg. for the L =   23, J =   24.0 channel.
      24.0  0.99925433  0.00122117i: elastic S-matrix  @@      0.00  0   0 F  0
 Reaction Xsec    24.0-/23 @ 1 =   0.137 , Out:   0.000#

   S-matrix    2 =    0.99975   0.00043 for L=   25, J=   24.0 channel on core I =   0.0 from L=   25,  Acc. loss =  0.0 D.
 Elastic phase shift   2 =    0.012   0.007 deg. for the L =   25, J =   24.0 channel.
      24.0  0.99974863  0.00043119i: elastic S-matrix  @@      0.00  0   0 F  0
 Reaction Xsec    24.0-/25 @ 2 =   0.046 , Out:   0.000#


 Total SPIN, PARITY =    25.0 +,      2 chs,      0 cc.  Rmin & Coul turning =    1.2   10.9
   S-matrix    1 =    0.99957   0.00073 for L=   24, J=   25.0 channel on core I =   0.0 from L=   24,  Acc. loss =  0.0 D.
 Elastic phase shift   1 =    0.021   0.012 deg. for the L =   24, J =   25.0 channel.
      25.0  0.99956694  0.00072594i: elastic S-matrix  @@      0.00  0   0 F  0
 Reaction Xsec    25.0+/24 @ 1 =   0.083 , Out:   0.000#

   S-matrix    2 =    0.99985   0.00026 for L=   26, J=   25.0 channel on core I =   0.0 from L=   26,  Acc. loss =  0.0 D.
 Elastic phase shift   2 =    0.007   0.004 deg. for the L =   26, J =   25.0 channel.
      25.0  0.99985418  0.00025593i: elastic S-matrix  @@      0.00  0   0 F  0
 Reaction Xsec    25.0+/26 @ 2 =   0.028 , Out:   0.000#


 Total SPIN, PARITY =    25.0 -,      1 chs,      0 cc.  Rmin & Coul turning =    1.2   10.9
   S-matrix    1 =    0.99975   0.00043 for L=   25, J=   25.0 channel on core I =   0.0 from L=   25,  Acc. loss =  0.0 D.
 Elastic phase shift   1 =    0.012   0.007 deg. for the L =   25, J =   25.0 channel.
      25.0  0.99974863  0.00043119i: elastic S-matrix  @@      0.00  0   0 F  0
 Reaction Xsec    25.0-/25 @ 1 =   0.048 , Out:   0.000#


 Total SPIN, PARITY =    26.0 +,      1 chs,      0 cc.  Rmin & Coul turning =    1.2   11.3
   S-matrix    1 =    0.99985   0.00026 for L=   26, J=   26.0 channel on core I =   0.0 from L=   26,  Acc. loss =  0.0 D.
 Elastic phase shift   1 =    0.007   0.004 deg. for the L =   26, J =   26.0 channel.
      26.0  0.99985418  0.00025593i: elastic S-matrix  @@      0.00  0   0 F  0
 Reaction Xsec    26.0+/26 @ 1 =   0.029 , Out:   0.000#


 Total SPIN, PARITY =    26.0 -,      2 chs,      0 cc.  Rmin & Coul turning =    1.2   11.3
   S-matrix    1 =    0.99975   0.00043 for L=   25, J=   26.0 channel on core I =   0.0 from L=   25,  Acc. loss =  0.0 D.
 Elastic phase shift   1 =    0.012   0.007 deg. for the L =   25, J =   26.0 channel.
      26.0  0.99974863  0.00043119i: elastic S-matrix  @@      0.00  0   0 F  0
 Reaction Xsec    26.0-/25 @ 1 =   0.050 , Out:   0.000#

   S-matrix    2 =    0.99992   0.00015 for L=   27, J=   26.0 channel on core I =   0.0 from L=   27,  Acc. loss =  0.0 D.
 Elastic phase shift   2 =    0.004   0.002 deg. for the L =   27, J =   26.0 channel.
      26.0  0.99991545  0.00015181i: elastic S-matrix  @@      0.00  0   0 F  0
 Reaction Xsec    26.0-/27 @ 2 =   0.017 , Out:   0.000#


 Total SPIN, PARITY =    27.0 +,      2 chs,      0 cc.  Rmin & Coul turning =    1.3   11.7
   S-matrix    1 =    0.99985   0.00026 for L=   26, J=   27.0 channel on core I =   0.0 from L=   26,  Acc. loss =  0.0 D.
 Elastic phase shift   1 =    0.007   0.004 deg. for the L =   26, J =   27.0 channel.
      27.0  0.99985418  0.00025593i: elastic S-matrix  @@      0.00  0   0 F  0
 Reaction Xsec    27.0+/26 @ 1 =   0.030 , Out:   0.000#

   S-matrix    2 =    0.99995   0.00009 for L=   28, J=   27.0 channel on core I =   0.0 from L=   28,  Acc. loss =  0.0 D.
 Elastic phase shift   2 =    0.003   0.001 deg. for the L =   28, J =   27.0 channel.
      27.0  0.99995100  0.00009000i: elastic S-matrix  @@      0.00  0   0 F  0
 Reaction Xsec    27.0+/28 @ 2 =   0.010 , Out:   0.000#


 Total SPIN, PARITY =    27.0 -,      1 chs,      0 cc.  Rmin & Coul turning =    1.3   11.7
   S-matrix    1 =    0.99992   0.00015 for L=   27, J=   27.0 channel on core I =   0.0 from L=   27,  Acc. loss =  0.0 D.
 Elastic phase shift   1 =    0.004   0.002 deg. for the L =   27, J =   27.0 channel.
      27.0  0.99991545  0.00015181i: elastic S-matrix  @@      0.00  0   0 F  0
 Reaction Xsec    27.0-/27 @ 1 =   0.017 , Out:   0.000#


 Total SPIN, PARITY =    28.0 +,      1 chs,      0 cc.  Rmin & Coul turning =    1.3   12.2
   S-matrix    1 =    0.99995   0.00009 for L=   28, J=   28.0 channel on core I =   0.0 from L=   28,  Acc. loss =  0.0 D.
 Elastic phase shift   1 =    0.003   0.001 deg. for the L =   28, J =   28.0 channel.
      28.0  0.99995100  0.00009000i: elastic S-matrix  @@      0.00  0   0 F  0
 Reaction Xsec    28.0+/28 @ 1 =   0.011 , Out:   0.000#


 Total SPIN, PARITY =    28.0 -,      2 chs,      0 cc.  Rmin & Coul turning =    1.3   12.2
   S-matrix    1 =    0.99992   0.00015 for L=   27, J=   28.0 channel on core I =   0.0 from L=   27,  Acc. loss =  0.0 D.
 Elastic phase shift   1 =    0.004   0.002 deg. for the L =   27, J =   28.0 channel.
      28.0  0.99991545  0.00015181i: elastic S-matrix  @@      0.00  0   0 F  0
 Reaction Xsec    28.0-/27 @ 1 =   0.018 , Out:   0.000#

   S-matrix    2 =    0.99997   0.00005 for L=   29, J=   28.0 channel on core I =   0.0 from L=   29,  Acc. loss =  0.0 D.
 Elastic phase shift   2 =    0.002   0.001 deg. for the L =   29, J =   28.0 channel.
      28.0  0.99997162  0.00005333i: elastic S-matrix  @@      0.00  0   0 F  0
 Reaction Xsec    28.0-/29 @ 2 =   6.086/, Out:   0.000#


 Total SPIN, PARITY =    29.0 +,      2 chs,      0 cc.  Rmin & Coul turning =    1.4   12.6
   S-matrix    1 =    0.99995   0.00009 for L=   28, J=   29.0 channel on core I =   0.0 from L=   28,  Acc. loss =  0.0 D.
 Elastic phase shift   1 =    0.003   0.001 deg. for the L =   28, J =   29.0 channel.
      29.0  0.99995100  0.00009000i: elastic S-matrix  @@      0.00  0   0 F  0
 Reaction Xsec    29.0+/28 @ 1 =   0.011 , Out:   0.000#

   S-matrix    2 =    0.99998   0.00003 for L=   30, J=   29.0 channel on core I =   0.0 from L=   30,  Acc. loss =  0.0 D.
 Elastic phase shift   2 =    0.001   0.000 deg. for the L =   30, J =   29.0 channel.
      29.0  0.99998357  0.00003158i: elastic S-matrix  @@      0.00  0   0 F  0
 Reaction Xsec    29.0+/30 @ 2 =   3.647/, Out:   0.000#


 Total SPIN, PARITY =    29.0 -,      1 chs,      0 cc.  Rmin & Coul turning =    1.4   12.6
   S-matrix    1 =    0.99997   0.00005 for L=   29, J=   29.0 channel on core I =   0.0 from L=   29,  Acc. loss =  0.0 D.
 Elastic phase shift   1 =    0.002   0.001 deg. for the L =   29, J =   29.0 channel.
      29.0  0.99997162  0.00005333i: elastic S-matrix  @@      0.00  0   0 F  0
 Reaction Xsec    29.0-/29 @ 1 =   6.299/, Out:   0.000#


 Total SPIN, PARITY =    30.0 +,      1 chs,      0 cc.  Rmin & Coul turning =    1.4   13.0
   S-matrix    1 =    0.99998   0.00003 for L=   30, J=   30.0 channel on core I =   0.0 from L=   30,  Acc. loss =  0.0 D.
 Elastic phase shift   1 =    0.001   0.000 deg. for the L =   30, J =   30.0 channel.
      30.0  0.99998357  0.00003158i: elastic S-matrix  @@      0.00  0   0 F  0
 Reaction Xsec    30.0+/30 @ 1 =   3.771/, Out:   0.000#


 Total SPIN, PARITY =    30.0 -,      2 chs,      0 cc.  Rmin & Coul turning =    1.4   13.0
   S-matrix    1 =    0.99997   0.00005 for L=   29, J=   30.0 channel on core I =   0.0 from L=   29,  Acc. loss =  0.0 D.
 Elastic phase shift   1 =    0.002   0.001 deg. for the L =   29, J =   30.0 channel.
      30.0  0.99997162  0.00005333i: elastic S-matrix  @@      0.00  0   0 F  0
 Reaction Xsec    30.0-/29 @ 1 =   6.513/, Out:   0.000#

   S-matrix    2 =    0.99999   0.00002 for L=   31, J=   30.0 channel on core I =   0.0 from L=   31,  Acc. loss =  0.0 D.
 Elastic phase shift   2 =    0.001   0.000 deg. for the L =   31, J =   30.0 channel.
      30.0  0.99999049  0.00001870i: elastic S-matrix  @@      0.00  0   0 F  0
 Reaction Xsec    30.0-/31 @ 2 =   2.182/, Out:   0.000#


 Total SPIN, PARITY =    31.0 +,      2 chs,      0 cc.  Rmin & Coul turning =    1.5   13.4
   S-matrix    1 =    0.99998   0.00003 for L=   30, J=   31.0 channel on core I =   0.0 from L=   30,  Acc. loss =  0.0 D.
 Elastic phase shift   1 =    0.001   0.000 deg. for the L =   30, J =   31.0 channel.
      31.0  0.99998357  0.00003158i: elastic S-matrix  @@      0.00  0   0 F  0
 Reaction Xsec    31.0+/30 @ 1 =   3.894/, Out:   0.000#

   S-matrix    2 =    0.99999   0.00001 for L=   32, J=   31.0 channel on core I =   0.0 from L=   32,  Acc. loss =  0.0 D.
 Elastic phase shift   2 =    0.000   0.000 deg. for the L =   32, J =   31.0 channel.
      31.0  0.99999450  0.00001106i: elastic S-matrix  @@      0.00  0   0 F  0
 Reaction Xsec    31.0+/32 @ 2 =   1.303/, Out:   0.000#


 Total SPIN, PARITY =    31.0 -,      1 chs,      0 cc.  Rmin & Coul turning =    1.5   13.4
   S-matrix    1 =    0.99999   0.00002 for L=   31, J=   31.0 channel on core I =   0.0 from L=   31,  Acc. loss =  0.0 D.
 Elastic phase shift   1 =    0.001   0.000 deg. for the L =   31, J =   31.0 channel.
      31.0  0.99999049  0.00001870i: elastic S-matrix  @@      0.00  0   0 F  0
 Reaction Xsec    31.0-/31 @ 1 =   2.253/, Out:   0.000#


 Total SPIN, PARITY =    32.0 +,      1 chs,      0 cc.  Rmin & Coul turning =    1.5   13.9
   S-matrix    1 =    0.99999   0.00001 for L=   32, J=   32.0 channel on core I =   0.0 from L=   32,  Acc. loss =  0.0 D.
 Elastic phase shift   1 =    0.000   0.000 deg. for the L =   32, J =   32.0 channel.
      32.0  0.99999450  0.00001106i: elastic S-matrix  @@      0.00  0   0 F  0
 Reaction Xsec    32.0+/32 @ 1 =   1.345/, Out:   0.000#


 Total SPIN, PARITY =    32.0 -,      2 chs,      0 cc.  Rmin & Coul turning =    1.5   13.9
   S-matrix    1 =    0.99999   0.00002 for L=   31, J=   32.0 channel on core I =   0.0 from L=   31,  Acc. loss =  0.0 D.
 Elastic phase shift   1 =    0.001   0.000 deg. for the L =   31, J =   32.0 channel.
      32.0  0.99999049  0.00001870i: elastic S-matrix  @@      0.00  0   0 F  0
 Reaction Xsec    32.0-/31 @ 1 =   2.325/, Out:   0.000#

   S-matrix    2 =    1.00000   0.00001 for L=   33, J=   32.0 channel on core I =   0.0 from L=   33,  Acc. loss =  0.0 D.
 Elastic phase shift   2 =    0.000   0.000 deg. for the L =   33, J =   32.0 channel.
      32.0  0.99999682  0.00000655i: elastic S-matrix  @@      0.00  0   0 F  0
 Reaction Xsec    32.0-/33 @ 2 =   0.777/, Out:   0.000#


 Total SPIN, PARITY =    33.0 +,      2 chs,      0 cc.  Rmin & Coul turning =    1.6   14.3
   S-matrix    1 =    0.99999   0.00001 for L=   32, J=   33.0 channel on core I =   0.0 from L=   32,  Acc. loss =  0.0 D.
 Elastic phase shift   1 =    0.000   0.000 deg. for the L =   32, J =   33.0 channel.
      33.0  0.99999450  0.00001106i: elastic S-matrix  @@      0.00  0   0 F  0
 Reaction Xsec    33.0+/32 @ 1 =   1.386/, Out:   0.000#

   S-matrix    2 =    1.00000   0.00000 for L=   34, J=   33.0 channel on core I =   0.0 from L=   34,  Acc. loss =  0.0 D.
 Elastic phase shift   2 =    0.000   0.000 deg. for the L =   34, J =   33.0 channel.
      33.0  0.99999816  0.00000387i: elastic S-matrix  @@      0.00  0   0 F  0
 Reaction Xsec    33.0+/34 @ 2 =   0.463/, Out:   0.000#


 Total SPIN, PARITY =    33.0 -,      1 chs,      0 cc.  Rmin & Coul turning =    1.6   14.3
   S-matrix    1 =    1.00000   0.00001 for L=   33, J=   33.0 channel on core I =   0.0 from L=   33,  Acc. loss =  0.0 D.
 Elastic phase shift   1 =    0.000   0.000 deg. for the L =   33, J =   33.0 channel.
      33.0  0.99999682  0.00000655i: elastic S-matrix  @@      0.00  0   0 F  0
 Reaction Xsec    33.0-/33 @ 1 =   0.801/, Out:   0.000#


 Total SPIN, PARITY =    34.0 +,      1 chs,      0 cc.  Rmin & Coul turning =    1.6   14.7
   S-matrix    1 =    1.00000   0.00000 for L=   34, J=   34.0 channel on core I =   0.0 from L=   34,  Acc. loss =  0.0 D.
 Elastic phase shift   1 =    0.000   0.000 deg. for the L =   34, J =   34.0 channel.
      34.0  0.99999816  0.00000387i: elastic S-matrix  @@      0.00  0   0 F  0
 Reaction Xsec    34.0+/34 @ 1 =   0.477/, Out:   0.000#


 Total SPIN, PARITY =    34.0 -,      2 chs,      0 cc.  Rmin & Coul turning =    1.6   14.7
   S-matrix    1 =    1.00000   0.00001 for L=   33, J=   34.0 channel on core I =   0.0 from L=   33,  Acc. loss =  0.0 D.
 Elastic phase shift   1 =    0.000   0.000 deg. for the L =   33, J =   34.0 channel.
      34.0  0.99999682  0.00000655i: elastic S-matrix  @@      0.00  0   0 F  0
 Reaction Xsec    34.0-/33 @ 1 =   0.825/, Out:   0.000#

   S-matrix    2 =    1.00000   0.00000 for L=   35, J=   34.0 channel on core I =   0.0 from L=   35,  Acc. loss =  0.0 D.
 Elastic phase shift   2 =    0.000   0.000 deg. for the L =   35, J =   34.0 channel.
      34.0  0.99999894  0.00000229i: elastic S-matrix  @@      0.00  0   0 F  0
 Reaction Xsec    34.0-/35 @ 2 =   0.276/, Out:   0.000#


 Total SPIN, PARITY =    35.0 +,      2 chs,      0 cc.  Rmin & Coul turning =    1.7   15.1
   S-matrix    1 =    1.00000   0.00000 for L=   34, J=   35.0 channel on core I =   0.0 from L=   34,  Acc. loss =  0.0 D.
 Elastic phase shift   1 =    0.000   0.000 deg. for the L =   34, J =   35.0 channel.
      35.0  0.99999816  0.00000387i: elastic S-matrix  @@      0.00  0   0 F  0
 Reaction Xsec    35.0+/34 @ 1 =   0.491/, Out:   0.000#

   S-matrix    2 =    1.00000   0.00000 for L=   36, J=   35.0 channel on core I =   0.0 from L=   36,  Acc. loss =  0.0 D.
 Elastic phase shift   2 =    0.000   0.000 deg. for the L =   36, J =   35.0 channel.
      35.0  0.99999939  0.00000136i: elastic S-matrix  @@      0.00  0   0 F  0
 Reaction Xsec    35.0+/36 @ 2 =   0.164/, Out:   0.000#


 Total SPIN, PARITY =    35.0 -,      1 chs,      0 cc.  Rmin & Coul turning =    1.7   15.1
   S-matrix    1 =    1.00000   0.00000 for L=   35, J=   35.0 channel on core I =   0.0 from L=   35,  Acc. loss =  0.0 D.
 Elastic phase shift   1 =    0.000   0.000 deg. for the L =   35, J =   35.0 channel.
      35.0  0.99999894  0.00000229i: elastic S-matrix  @@      0.00  0   0 F  0
 Reaction Xsec    35.0-/35 @ 1 =   0.284/, Out:   0.000#


 Total SPIN, PARITY =    36.0 +,      1 chs,      0 cc.  Rmin & Coul turning =    1.7   15.6
   S-matrix    1 =    1.00000   0.00000 for L=   36, J=   36.0 channel on core I =   0.0 from L=   36,  Acc. loss =  0.0 D.
 Elastic phase shift   1 =    0.000   0.000 deg. for the L =   36, J =   36.0 channel.
      36.0  0.99999939  0.00000136i: elastic S-matrix  @@      0.00  0   0 F  0
 Reaction Xsec    36.0+/36 @ 1 =   0.168/, Out:   0.000#


 Total SPIN, PARITY =    36.0 -,      2 chs,      0 cc.  Rmin & Coul turning =    1.7   15.6
   S-matrix    1 =    1.00000   0.00000 for L=   35, J=   36.0 channel on core I =   0.0 from L=   35,  Acc. loss =  0.0 D.
 Elastic phase shift   1 =    0.000   0.000 deg. for the L =   35, J =   36.0 channel.
      36.0  0.99999894  0.00000229i: elastic S-matrix  @@      0.00  0   0 F  0
 Reaction Xsec    36.0-/35 @ 1 =   0.292/, Out:   0.000#

   S-matrix    2 =    1.00000   0.00000 for L=   37, J=   36.0 channel on core I =   0.0 from L=   37,  Acc. loss =  0.0 D.
 Elastic phase shift   2 =    0.000   0.000 deg. for the L =   37, J =   36.0 channel.
      36.0  0.99999965  0.00000080i: elastic S-matrix  @@      0.00  0   0 F  0
 Reaction Xsec    36.0-/37 @ 2 =   0.097/, Out:   0.000#


 Total SPIN, PARITY =    37.0 +,      2 chs,      0 cc.  Rmin & Coul turning =    1.8   16.0
   S-matrix    1 =    1.00000   0.00000 for L=   36, J=   37.0 channel on core I =   0.0 from L=   36,  Acc. loss =  0.0 D.
 Elastic phase shift   1 =    0.000   0.000 deg. for the L =   36, J =   37.0 channel.
      37.0  0.99999939  0.00000136i: elastic S-matrix  @@      0.00  0   0 F  0
 Reaction Xsec    37.0+/36 @ 1 =   0.173/, Out:   0.000#

   S-matrix    2 =    1.00000   0.00000 for L=   38, J=   37.0 channel on core I =   0.0 from L=   38,  Acc. loss =  0.0 D.
 Elastic phase shift   2 =    0.000   0.000 deg. for the L =   38, J =   37.0 channel.
      37.0  0.99999980  0.00000048i: elastic S-matrix  @@      0.00  0   0 F  0
 Reaction Xsec    37.0+/38 @ 2 =   0.058/, Out:   0.000#


 Total SPIN, PARITY =    37.0 -,      1 chs,      0 cc.  Rmin & Coul turning =    1.8   16.0
   S-matrix    1 =    1.00000   0.00000 for L=   37, J=   37.0 channel on core I =   0.0 from L=   37,  Acc. loss =  0.0 D.
 Elastic phase shift   1 =    0.000   0.000 deg. for the L =   37, J =   37.0 channel.
      37.0  0.99999965  0.00000080i: elastic S-matrix  @@      0.00  0   0 F  0
 Reaction Xsec    37.0-/37 @ 1 =   0.100/, Out:   0.000#


 Total SPIN, PARITY =    38.0 +,      1 chs,      0 cc.  Rmin & Coul turning =    1.8   16.4
   S-matrix    1 =    1.00000   0.00000 for L=   38, J=   38.0 channel on core I =   0.0 from L=   38,  Acc. loss =  0.0 D.
 Elastic phase shift   1 =    0.000   0.000 deg. for the L =   38, J =   38.0 channel.
      38.0  0.99999980  0.00000048i: elastic S-matrix  @@      0.00  0   0 F  0
 Reaction Xsec    38.0+/38 @ 1 =   0.059/, Out:   0.000#


 Total SPIN, PARITY =    38.0 -,      2 chs,      0 cc.  Rmin & Coul turning =    1.8   16.4
   S-matrix    1 =    1.00000   0.00000 for L=   37, J=   38.0 channel on core I =   0.0 from L=   37,  Acc. loss =  0.0 D.
 Elastic phase shift   1 =    0.000   0.000 deg. for the L =   37, J =   38.0 channel.
      38.0  0.99999965  0.00000080i: elastic S-matrix  @@      0.00  0   0 F  0
 Reaction Xsec    38.0-/37 @ 1 =   0.103/, Out:   0.000#

   S-matrix    2 =    1.00000   0.00000 for L=   39, J=   38.0 channel on core I =   0.0 from L=   39,  Acc. loss =  0.0 D.
 Elastic phase shift   2 =    0.000   0.000 deg. for the L =   39, J =   38.0 channel.
      38.0  0.99999988  0.00000028i: elastic S-matrix  @@      0.00  0   0 F  0
 Reaction Xsec    38.0-/39 @ 2 =   0.034/, Out:   0.000#


 Total SPIN, PARITY =    39.0 +,      2 chs,      0 cc.  Rmin & Coul turning =    1.9   16.8
   S-matrix    1 =    1.00000   0.00000 for L=   38, J=   39.0 channel on core I =   0.0 from L=   38,  Acc. loss =  0.0 D.
 Elastic phase shift   1 =    0.000   0.000 deg. for the L =   38, J =   39.0 channel.
      39.0  0.99999980  0.00000048i: elastic S-matrix  @@      0.00  0   0 F  0
 Reaction Xsec    39.0+/38 @ 1 =   0.061/, Out:   0.000#

   S-matrix    2 =    1.00000   0.00000 for L=   40, J=   39.0 channel on core I =   0.0 from L=   40,  Acc. loss =  0.0 D.
 Elastic phase shift   2 =    0.000   0.000 deg. for the L =   40, J =   39.0 channel.
      39.0  0.99999993  0.00000017i: elastic S-matrix  @@      0.00  0   0 F  0
 Reaction Xsec    39.0+/40 @ 2 =   0.020/, Out:   0.000#


 Total SPIN, PARITY =    39.0 -,      1 chs,      0 cc.  Rmin & Coul turning =    1.9   16.8
   S-matrix    1 =    1.00000   0.00000 for L=   39, J=   39.0 channel on core I =   0.0 from L=   39,  Acc. loss =  0.0 D.
 Elastic phase shift   1 =    0.000   0.000 deg. for the L =   39, J =   39.0 channel.
      39.0  0.99999988  0.00000028i: elastic S-matrix  @@      0.00  0   0 F  0
 Reaction Xsec    39.0-/39 @ 1 =   0.035/, Out:   0.000#


 Total SPIN, PARITY =    40.0 +,      1 chs,      0 cc.  Rmin & Coul turning =    1.9   17.3
   S-matrix    1 =    1.00000   0.00000 for L=   40, J=   40.0 channel on core I =   0.0 from L=   40,  Acc. loss =  0.0 D.
 Elastic phase shift   1 =    0.000   0.000 deg. for the L =   40, J =   40.0 channel.
      40.0  0.99999993  0.00000017i: elastic S-matrix  @@      0.00  0   0 F  0
 Reaction Xsec    40.0+/40 @ 1 =   0.021/, Out:   0.000#


 Total SPIN, PARITY =    40.0 -,      2 chs,      0 cc.  Rmin & Coul turning =    1.9   17.3
   S-matrix    1 =    1.00000   0.00000 for L=   39, J=   40.0 channel on core I =   0.0 from L=   39,  Acc. loss =  0.0 D.
 Elastic phase shift   1 =    0.000   0.000 deg. for the L =   39, J =   40.0 channel.
      40.0  0.99999988  0.00000028i: elastic S-matrix  @@      0.00  0   0 F  0
 Reaction Xsec    40.0-/39 @ 1 =   0.036/, Out:   0.000#

   S-matrix    2 =    1.00000   0.00000 for L=   41, J=   40.0 channel on core I =   0.0 from L=   41,  Acc. loss =  0.0 D.
 Elastic phase shift   2 =    0.000   0.000 deg. for the L =   41, J =   40.0 channel.
      40.0  0.99999996  0.00000010i: elastic S-matrix  @@      0.00  0   0 F  0
 Reaction Xsec    40.0-/41 @ 2 =   0.012/, Out:   0.000#


 Total SPIN, PARITY =    41.0 +,      2 chs,      0 cc.  Rmin & Coul turning =    1.9   17.7
   S-matrix    1 =    1.00000   0.00000 for L=   40, J=   41.0 channel on core I =   0.0 from L=   40,  Acc. loss =  0.0 D.
 Elastic phase shift   1 =    0.000   0.000 deg. for the L =   40, J =   41.0 channel.
      41.0  0.99999993  0.00000017i: elastic S-matrix  @@      0.00  0   0 F  0
 Reaction Xsec    41.0+/40 @ 1 =   0.021/, Out:   0.000#

   S-matrix    2 =    1.00000   0.00000 for L=   42, J=   41.0 channel on core I =   0.0 from L=   42,  Acc. loss =  0.0 D.
 Elastic phase shift   2 =    0.000   0.000 deg. for the L =   42, J =   41.0 channel.
      41.0  0.99999998  0.00000006i: elastic S-matrix  @@      0.00  0   0 F  0
 Reaction Xsec    41.0+/42 @ 2 =   7.054#, Out:   0.000#


 Total SPIN, PARITY =    41.0 -,      1 chs,      0 cc.  Rmin & Coul turning =    1.9   17.7
   S-matrix    1 =    1.00000   0.00000 for L=   41, J=   41.0 channel on core I =   0.0 from L=   41,  Acc. loss =  0.0 D.
 Elastic phase shift   1 =    0.000   0.000 deg. for the L =   41, J =   41.0 channel.
      41.0  0.99999996  0.00000010i: elastic S-matrix  @@      0.00  0   0 F  0
 Reaction Xsec    41.0-/41 @ 1 =   0.012/, Out:   0.000#


 Total SPIN, PARITY =    42.0 +,      1 chs,      0 cc.  Rmin & Coul turning =    2.0   18.1
   S-matrix    1 =    1.00000   0.00000 for L=   42, J=   42.0 channel on core I =   0.0 from L=   42,  Acc. loss =  0.0 D.
 Elastic phase shift   1 =    0.000   0.000 deg. for the L =   42, J =   42.0 channel.
      42.0  0.99999998  0.00000006i: elastic S-matrix  @@      0.00  0   0 F  0
 Reaction Xsec    42.0+/42 @ 1 =   7.224#, Out:   0.000#


 Total SPIN, PARITY =    42.0 -,      2 chs,      0 cc.  Rmin & Coul turning =    2.0   18.1
   S-matrix    1 =    1.00000   0.00000 for L=   41, J=   42.0 channel on core I =   0.0 from L=   41,  Acc. loss =  0.0 D.
 Elastic phase shift   1 =    0.000   0.000 deg. for the L =   41, J =   42.0 channel.
      42.0  0.99999996  0.00000010i: elastic S-matrix  @@      0.00  0   0 F  0
 Reaction Xsec    42.0-/41 @ 1 =   0.013/, Out:   0.000#

   S-matrix    2 =    1.00000   0.00000 for L=   43, J=   42.0 channel on core I =   0.0 from L=   43,  Acc. loss =  0.0 D.
 Elastic phase shift   2 =    0.000   0.000 deg. for the L =   43, J =   42.0 channel.
      42.0  0.99999999  0.00000004i: elastic S-matrix  @@      0.00  0   0 F  0
 Reaction Xsec    42.0-/43 @ 2 =   4.163#, Out:   0.000#


 Total SPIN, PARITY =    43.0 +,      2 chs,      0 cc.  Rmin & Coul turning =    2.0   18.5
   S-matrix    1 =    1.00000   0.00000 for L=   42, J=   43.0 channel on core I =   0.0 from L=   42,  Acc. loss =  0.0 D.
 Elastic phase shift   1 =    0.000   0.000 deg. for the L =   42, J =   43.0 channel.
      43.0  0.99999998  0.00000006i: elastic S-matrix  @@      0.00  0   0 F  0
 Reaction Xsec    43.0+/42 @ 1 =   7.394#, Out:   0.000#

   S-matrix    2 =    1.00000   0.00000 for L=   44, J=   43.0 channel on core I =   0.0 from L=   44,  Acc. loss =  0.0 D.
 Elastic phase shift   2 =    0.000   0.000 deg. for the L =   44, J =   43.0 channel.
      43.0  0.99999999  0.00000002i: elastic S-matrix  @@      0.00  0   0 F  0
 Reaction Xsec    43.0+/44 @ 2 =   2.455#, Out:   0.000#


 Total SPIN, PARITY =    43.0 -,      1 chs,      0 cc.  Rmin & Coul turning =    2.0   18.5
   S-matrix    1 =    1.00000   0.00000 for L=   43, J=   43.0 channel on core I =   0.0 from L=   43,  Acc. loss =  0.0 D.
 Elastic phase shift   1 =    0.000   0.000 deg. for the L =   43, J =   43.0 channel.
      43.0  0.99999999  0.00000004i: elastic S-matrix  @@      0.00  0   0 F  0
 Reaction Xsec    43.0-/43 @ 1 =   4.261#, Out:   0.000#


 Total SPIN, PARITY =    44.0 +,      1 chs,      0 cc.  Rmin & Coul turning =    2.1   19.0
   S-matrix    1 =    1.00000   0.00000 for L=   44, J=   44.0 channel on core I =   0.0 from L=   44,  Acc. loss =  0.0 D.
 Elastic phase shift   1 =    0.000   0.000 deg. for the L =   44, J =   44.0 channel.
      44.0  0.99999999  0.00000002i: elastic S-matrix  @@      0.00  0   0 F  0
 Reaction Xsec    44.0+/44 @ 1 =   2.512#, Out:   0.000#


 Total SPIN, PARITY =    44.0 -,      2 chs,      0 cc.  Rmin & Coul turning =    2.1   19.0
   S-matrix    1 =    1.00000   0.00000 for L=   43, J=   44.0 channel on core I =   0.0 from L=   43,  Acc. loss =  0.0 D.
 Elastic phase shift   1 =    0.000   0.000 deg. for the L =   43, J =   44.0 channel.
      44.0  0.99999999  0.00000004i: elastic S-matrix  @@      0.00  0   0 F  0
 Reaction Xsec    44.0-/43 @ 1 =   4.359#, Out:   0.000#

   S-matrix    2 =    1.00000   0.00000 for L=   45, J=   44.0 channel on core I =   0.0 from L=   45,  Acc. loss =  0.0 D.
 Elastic phase shift   2 =    0.000   0.000 deg. for the L =   45, J =   44.0 channel.
      44.0  1.00000000  0.00000002i: elastic S-matrix  @@      0.00  0   0 F  0
 Reaction Xsec    44.0-/45 @ 2 =   1.447#, Out:   0.000#


 Total SPIN, PARITY =    45.0 +,      2 chs,      0 cc.  Rmin & Coul turning =    2.2   19.4
   S-matrix    1 =    1.00000   0.00000 for L=   44, J=   45.0 channel on core I =   0.0 from L=   44,  Acc. loss =  0.0 D.
 Elastic phase shift   1 =    0.000   0.000 deg. for the L =   44, J =   45.0 channel.
      45.0  0.99999999  0.00000002i: elastic S-matrix  @@      0.00  0   0 F  0
 Reaction Xsec    45.0+/44 @ 1 =   2.568#, Out:   0.000#

   S-matrix    2 =    1.00000   0.00000 for L=   46, J=   45.0 channel on core I =   0.0 from L=   46,  Acc. loss =  0.0 D.
 Elastic phase shift   2 =    0.000   0.000 deg. for the L =   46, J =   45.0 channel.
      45.0  1.00000000  0.00000001i: elastic S-matrix  @@      0.00  0   0 F  0
 Reaction Xsec    45.0+/46 @ 2 =   0.852#, Out:   0.000#


 Total SPIN, PARITY =    45.0 -,      1 chs,      0 cc.  Rmin & Coul turning =    2.2   19.4
   S-matrix    1 =    1.00000   0.00000 for L=   45, J=   45.0 channel on core I =   0.0 from L=   45,  Acc. loss =  0.0 D.
 Elastic phase shift   1 =    0.000   0.000 deg. for the L =   45, J =   45.0 channel.
      45.0  1.00000000  0.00000002i: elastic S-matrix  @@      0.00  0   0 F  0
 Reaction Xsec    45.0-/45 @ 1 =   1.479#, Out:   0.000#


 Total SPIN, PARITY =    46.0 +,      1 chs,      0 cc.  Rmin & Coul turning =    2.2   19.8
   S-matrix    1 =    1.00000   0.00000 for L=   46, J=   46.0 channel on core I =   0.0 from L=   46,  Acc. loss =  0.0 D.
 Elastic phase shift   1 =    0.000   0.000 deg. for the L =   46, J =   46.0 channel.
      46.0  1.00000000  0.00000001i: elastic S-matrix  @@      0.00  0   0 F  0
 Reaction Xsec    46.0+/46 @ 1 =   0.871#, Out:   0.000#


 Total SPIN, PARITY =    46.0 -,      2 chs,      0 cc.  Rmin & Coul turning =    2.2   19.8
   S-matrix    1 =    1.00000   0.00000 for L=   45, J=   46.0 channel on core I =   0.0 from L=   45,  Acc. loss =  0.0 D.
 Elastic phase shift   1 =    0.000   0.000 deg. for the L =   45, J =   46.0 channel.
      46.0  1.00000000  0.00000002i: elastic S-matrix  @@      0.00  0   0 F  0
 Reaction Xsec    46.0-/45 @ 1 =   1.512#, Out:   0.000#

   S-matrix    2 =    1.00000   0.00000 for L=   47, J=   46.0 channel on core I =   0.0 from L=   47,  Acc. loss =  0.0 D.
 Elastic phase shift   2 =    0.000   0.000 deg. for the L =   47, J =   46.0 channel.
      46.0  1.00000000  0.00000001i: elastic S-matrix  @@      0.00  0   0 F  0
 Reaction Xsec    46.0-/47 @ 2 =   0.501#, Out:   0.000#


 Total SPIN, PARITY =    47.0 +,      2 chs,      0 cc.  Rmin & Coul turning =    2.2   20.2
   S-matrix    1 =    1.00000   0.00000 for L=   46, J=   47.0 channel on core I =   0.0 from L=   46,  Acc. loss =  0.0 D.
 Elastic phase shift   1 =    0.000   0.000 deg. for the L =   46, J =   47.0 channel.
      47.0  1.00000000  0.00000001i: elastic S-matrix  @@      0.00  0   0 F  0
 Reaction Xsec    47.0+/46 @ 1 =   0.889#, Out:   0.000#

   S-matrix    2 =    1.00000   0.00000 for L=   48, J=   47.0 channel on core I =   0.0 from L=   48,  Acc. loss =  0.0 D.
 Elastic phase shift   2 =    0.000   0.000 deg. for the L =   48, J =   47.0 channel.
      47.0  1.00000000  0.00000001i: elastic S-matrix  @@      0.00  0   0 F  0
 Reaction Xsec    47.0+/48 @ 2 =   0.295#, Out:   0.000#


 Total SPIN, PARITY =    47.0 -,      1 chs,      0 cc.  Rmin & Coul turning =    2.2   20.2
   S-matrix    1 =    1.00000   0.00000 for L=   47, J=   47.0 channel on core I =   0.0 from L=   47,  Acc. loss =  0.0 D.
 Elastic phase shift   1 =    0.000   0.000 deg. for the L =   47, J =   47.0 channel.
      47.0  1.00000000  0.00000001i: elastic S-matrix  @@      0.00  0   0 F  0
 Reaction Xsec    47.0-/47 @ 1 =   0.512#, Out:   0.000#


 Total SPIN, PARITY =    48.0 +,      1 chs,      0 cc.  Rmin & Coul turning =    2.3   20.6
   S-matrix    1 =    1.00000   0.00000 for L=   48, J=   48.0 channel on core I =   0.0 from L=   48,  Acc. loss =  0.0 D.
 Elastic phase shift   1 =    0.000   0.000 deg. for the L =   48, J =   48.0 channel.
      48.0  1.00000000  0.00000001i: elastic S-matrix  @@      0.00  0   0 F  0
 Reaction Xsec    48.0+/48 @ 1 =   0.301#, Out:   0.000#


 Total SPIN, PARITY =    48.0 -,      2 chs,      0 cc.  Rmin & Coul turning =    2.3   20.6
   S-matrix    1 =    1.00000   0.00000 for L=   47, J=   48.0 channel on core I =   0.0 from L=   47,  Acc. loss =  0.0 D.
 Elastic phase shift   1 =    0.000   0.000 deg. for the L =   47, J =   48.0 channel.
      48.0  1.00000000  0.00000001i: elastic S-matrix  @@      0.00  0   0 F  0
 Reaction Xsec    48.0-/47 @ 1 =   0.523#, Out:   0.000#

   S-matrix    2 =    1.00000   0.00000 for L=   49, J=   48.0 channel on core I =   0.0 from L=   49,  Acc. loss =  0.0 D.
 Elastic phase shift   2 =    0.000   0.000 deg. for the L =   49, J =   48.0 channel.
      48.0  1.00000000  0.00000001i: elastic S-matrix  @@      0.00  0   0 F  0
 Reaction Xsec    48.0-/49 @ 2 =   0.173#, Out:   0.000#


 Total SPIN, PARITY =    49.0 +,      2 chs,      0 cc.  Rmin & Coul turning =    2.3   21.1
   S-matrix    1 =    1.00000   0.00000 for L=   48, J=   49.0 channel on core I =   0.0 from L=   48,  Acc. loss =  0.0 D.
 Elastic phase shift   1 =    0.000   0.000 deg. for the L =   48, J =   49.0 channel.
      49.0  1.00000000  0.00000001i: elastic S-matrix  @@      0.00  0   0 F  0
 Reaction Xsec    49.0+/48 @ 1 =   0.307#, Out:   0.000#

   S-matrix    2 =    1.00000   0.00000 for L=   50, J=   49.0 channel on core I =   0.0 from L=   50,  Acc. loss =  0.0 D.
 Elastic phase shift   2 =    0.000   0.000 deg. for the L =   50, J =   49.0 channel.
      49.0  1.00000000  0.00000000i: elastic S-matrix  @@      0.00  0   0 F  0
 Reaction Xsec    49.0+/50 @ 2 =   0.102#, Out:   0.000#


 Total SPIN, PARITY =    49.0 -,      1 chs,      0 cc.  Rmin & Coul turning =    2.3   21.1
   S-matrix    1 =    1.00000   0.00000 for L=   49, J=   49.0 channel on core I =   0.0 from L=   49,  Acc. loss =  0.0 D.
 Elastic phase shift   1 =    0.000   0.000 deg. for the L =   49, J =   49.0 channel.
      49.0  1.00000000  0.00000001i: elastic S-matrix  @@      0.00  0   0 F  0
 Reaction Xsec    49.0-/49 @ 1 =   0.177#, Out:   0.000#


 Total SPIN, PARITY =    50.0 +,      1 chs,      0 cc.  Rmin & Coul turning =    2.4   21.5
   S-matrix    1 =    1.00000   0.00000 for L=   50, J=   50.0 channel on core I =   0.0 from L=   50,  Acc. loss =  0.0 D.
 Elastic phase shift   1 =    0.000   0.000 deg. for the L =   50, J =   50.0 channel.
      50.0  1.00000000  0.00000000i: elastic S-matrix  @@      0.00  0   0 F  0
 Reaction Xsec    50.0+/50 @ 1 =   0.104#, Out:   0.000#


 Total SPIN, PARITY =    50.0 -,      2 chs,      0 cc.  Rmin & Coul turning =    2.4   21.5
   S-matrix    1 =    1.00000   0.00000 for L=   49, J=   50.0 channel on core I =   0.0 from L=   49,  Acc. loss =  0.0 D.
 Elastic phase shift   1 =    0.000   0.000 deg. for the L =   49, J =   50.0 channel.
      50.0  1.00000000  0.00000001i: elastic S-matrix  @@      0.00  0   0 F  0
 Reaction Xsec    50.0-/49 @ 1 =   0.180#, Out:   0.000#

   S-matrix    2 =    1.00000   0.00000 for L=   51, J=   50.0 channel on core I =   0.0 from L=   51,  Acc. loss =  0.0 D.
 Elastic phase shift   2 =    0.000   0.000 deg. for the L =   51, J =   50.0 channel.
      50.0  1.00000000  0.00000000i: elastic S-matrix  @@      0.00  0   0 F  0
 Reaction Xsec    50.0-/51 @ 2 =   0.060#, Out:   0.000#

 Finished all CC sets @    2.91270018E-02
0CUMULATIVE REACTION cross section                 =  885.30906  <L> =     8.67  <L**2> =     89.5
0CUMULATIVE outgoing cross sections in partition 1 :    0.00000
0Cumulative ABSORBTION by Imaginary Potentials     =  885.30906  <L> =     8.67  <L**2> =     89.5
   Fusion for specific d        M-states :  885.309058  885.309058  885.309058
0CUMULATIVE OUTGOING cross section                 =    0.00000
 To convert to S-factors (MeV.mb = keV.b),  multiply by  2.4351E+02


 CROSS SECTIONS FOR OUTGOING d        & O20      in state #   1 with spins & parities 1.0  + &  0.0  +;  0

     3.00 deg.: X-S =   2.7520E+04 mb/sr,
+                                         /R =   6.3014E-01
     4.00 deg.: X-S =   1.0973E+04 mb/sr,
+                                         /R =   7.9377E-01
     5.00 deg.: X-S =  7496.192645 mb/sr,
+                                         /R =   1.3233E+00
     6.00 deg.: X-S =  6120.544879 mb/sr,
+                                         /R =   2.2392E+00
     7.00 deg.: X-S =  5094.618496 mb/sr,
+                                         /R =   3.4508E+00
     8.00 deg.: X-S =  4128.964955 mb/sr,
+                                         /R =   4.7675E+00
     9.00 deg.: X-S =  3214.307272 mb/sr,
+                                         /R =   5.9398E+00
    10.00 deg.: X-S =  2388.301970 mb/sr,
+                                         /R =   6.7202E+00
    11.00 deg.: X-S =  1683.350083 mb/sr,
+                                         /R =   6.9275E+00
    12.00 deg.: X-S =  1116.028547 mb/sr,
+                                         /R =   6.4972E+00
    13.00 deg.: X-S =   687.459621 mb/sr,
+                                         /R =   5.5054E+00
    14.00 deg.: X-S =   386.757013 mb/sr,
+                                         /R =   4.1603E+00
    15.00 deg.: X-S =   195.159330 mb/sr,
+                                         /R =   2.7624E+00
    16.00 deg.: X-S =    89.943253 mb/sr,
+                                         /R =   1.6455E+00
    17.00 deg.: X-S =    47.698904 mb/sr,
+                                         /R =   1.1103E+00
    18.00 deg.: X-S =    46.779512 mb/sr,
+                                         /R =   1.3661E+00
    19.00 deg.: X-S =    68.886174 mb/sr,
+                                         /R =   2.4928E+00
    20.00 deg.: X-S =    99.855156 mb/sr,
+                                         /R =   4.4275E+00
    21.00 deg.: X-S =   129.785656 mb/sr,
+                                         /R =   6.9802E+00
    22.00 deg.: X-S =   152.682018 mb/sr,
+                                         /R =   9.8695E+00
    23.00 deg.: X-S =   165.790506 mb/sr,
+                                         /R =   1.2773E+01
    24.00 deg.: X-S =   168.793862 mb/sr,
+                                         /R =   1.5381E+01
    25.00 deg.: X-S =   162.995513 mb/sr,
+                                         /R =   1.7443E+01
    26.00 deg.: X-S =   150.587386 mb/sr,
+                                         /R =   1.8804E+01
    27.00 deg.: X-S =   134.057398 mb/sr,
+                                         /R =   1.9415E+01
    28.00 deg.: X-S =   115.759644 mb/sr,
+                                         /R =   1.9336E+01
    29.00 deg.: X-S =    97.644454 mb/sr,
+                                         /R =   1.8714E+01
    30.00 deg.: X-S =    81.128069 mb/sr,
+                                         /R =   1.7753E+01
    31.00 deg.: X-S =    67.071883 mb/sr,
+                                         /R =   1.6682E+01
    32.00 deg.: X-S =    55.838128 mb/sr,
+                                         /R =   1.5718E+01
    33.00 deg.: X-S =    47.390495 mb/sr,
+                                         /R =   1.5037E+01
    34.00 deg.: X-S =    41.413071 mb/sr,
+                                         /R =   1.4757E+01
    35.00 deg.: X-S =    37.427341 mb/sr,
+                                         /R =   1.4923E+01
    36.00 deg.: X-S =    34.893711 mb/sr,
+                                         /R =   1.5516E+01
    37.00 deg.: X-S =    33.290157 mb/sr,
+                                         /R =   1.6456E+01
    38.00 deg.: X-S =    32.165669 mb/sr,
+                                         /R =   1.7623E+01
    39.00 deg.: X-S =    31.169818 mb/sr,
+                                         /R =   1.8872E+01
    40.00 deg.: X-S =    30.062203 mb/sr,
+                                         /R =   2.0060E+01
    41.00 deg.: X-S =    28.706688 mb/sr,
+                                         /R =   2.1057E+01
    42.00 deg.: X-S =    27.055607 mb/sr,
+                                         /R =   2.1761E+01
    43.00 deg.: X-S =    25.128681 mb/sr,
+                                         /R =   2.2110E+01
    44.00 deg.: X-S =    22.990569 mb/sr,
+                                         /R =   2.2078E+01
    45.00 deg.: X-S =    20.729946 mb/sr,
+                                         /R =   2.1680E+01
    46.00 deg.: X-S =    18.441961 mb/sr,
+                                         /R =   2.0962E+01
    47.00 deg.: X-S =    16.215026 mb/sr,
+                                         /R =   1.9991E+01
    48.00 deg.: X-S =    14.122100 mb/sr,
+                                         /R =   1.8848E+01
    49.00 deg.: X-S =    12.216127 mb/sr,
+                                         /R =   1.7618E+01
    50.00 deg.: X-S =    10.528916 mb/sr,
+                                         /R =   1.6379E+01
    51.00 deg.: X-S =     9.072599 mb/sr,
+                                         /R =   1.5198E+01
    52.00 deg.: X-S =     7.842789 mb/sr,
+                                         /R =   1.4124E+01
    53.00 deg.: X-S =     6.822614 mb/sr,
+                                         /R =   1.3188E+01
    54.00 deg.: X-S =     5.986972 mb/sr,
+                                         /R =   1.2402E+01
    55.00 deg.: X-S =     5.306500 mb/sr,
+                                         /R =   1.1764E+01
    56.00 deg.: X-S =     4.750944 mb/sr,
+                                         /R =   1.1255E+01
    57.00 deg.: X-S =     4.291735 mb/sr,
+                                         /R =   1.0849E+01
    58.00 deg.: X-S =     3.903758 mb/sr,
+                                         /R =   1.0517E+01
    59.00 deg.: X-S =     3.566336 mb/sr,
+                                         /R =   1.0226E+01
    60.00 deg.: X-S =     3.263570 mb/sr,
+                                         /R =   9.9468E+00
    61.00 deg.: X-S =     2.984155 mb/sr,
+                                         /R =   9.6562E+00
    62.00 deg.: X-S =     2.720852 mb/sr,
+                                         /R =   9.3363E+00
    63.00 deg.: X-S =     2.469747 mb/sr,
+                                         /R =   8.9764E+00
    64.00 deg.: X-S =     2.229429 mb/sr,
+                                         /R =   8.5732E+00
    65.00 deg.: X-S =     2.000185 mb/sr,
+                                         /R =   8.1292E+00
    66.00 deg.: X-S =     1.783276 mb/sr,
+                                         /R =   7.6518E+00
    67.00 deg.: X-S =     1.580345 mb/sr,
+                                         /R =   7.1519E+00
    68.00 deg.: X-S =     1.392972 mb/sr,
+                                         /R =   6.6420E+00
    69.00 deg.: X-S =     1.222369 mb/sr,
+                                         /R =   6.1351E+00
    70.00 deg.: X-S =     1.069213 mb/sr,
+                                         /R =   5.6434E+00
    71.00 deg.: X-S =     0.933583 mb/sr,
+                                         /R =   5.1770E+00
    72.00 deg.: X-S =     0.814989 mb/sr,
+                                         /R =   4.7439E+00
    73.00 deg.: X-S =     0.712452 mb/sr,
+                                         /R =   4.3493E+00
    74.00 deg.: X-S =     0.624617 mb/sr,
+                                         /R =   3.9955E+00
    75.00 deg.: X-S =     0.549886 mb/sr,
+                                         /R =   3.6827E+00
    76.00 deg.: X-S =     0.486541 mb/sr,
+                                         /R =   3.4088E+00
    77.00 deg.: X-S =     0.432856 mb/sr,
+                                         /R =   3.1699E+00
    78.00 deg.: X-S =     0.387188 mb/sr,
+                                         /R =   2.9616E+00
    79.00 deg.: X-S =     0.348043 mb/sr,
+                                         /R =   2.7783E+00
    80.00 deg.: X-S =     0.314116 mb/sr,
+                                         /R =   2.6150E+00
    81.00 deg.: X-S =     0.284317 mb/sr,
+                                         /R =   2.4666E+00
    82.00 deg.: X-S =     0.257767 mb/sr,
+                                         /R =   2.3287E+00
    83.00 deg.: X-S =     0.233787 mb/sr,
+                                         /R =   2.1978E+00
    84.00 deg.: X-S =     0.211878 mb/sr,
+                                         /R =   2.0713E+00
    85.00 deg.: X-S =     0.191690 mb/sr,
+                                         /R =   1.9474E+00
    86.00 deg.: X-S =     0.172995 mb/sr,
+                                         /R =   1.8251E+00
    87.00 deg.: X-S =     0.155652 mb/sr,
+                                         /R =   1.7042E+00
    88.00 deg.: X-S =     0.139583 mb/sr,
+                                         /R =   1.5850E+00
    89.00 deg.: X-S =     0.124749 mb/sr,
+                                         /R =   1.4682E+00
    90.00 deg.: X-S =     0.111130 mb/sr,
+                                         /R =   1.3548E+00
    91.00 deg.: X-S =     0.098710 mb/sr,
+                                         /R =   1.2458E+00
    92.00 deg.: X-S =     0.087468 mb/sr,
+                                         /R =   1.1421E+00
    93.00 deg.: X-S =     0.077373 mb/sr,
+                                         /R =   1.0446E+00
    94.00 deg.: X-S =     0.068380 mb/sr,
+                                         /R =   9.5400E-01
    95.00 deg.: X-S =     0.060427 mb/sr,
+                                         /R =   8.7069E-01
    96.00 deg.: X-S =     0.053444 mb/sr,
+                                         /R =   7.9488E-01
    97.00 deg.: X-S =     0.047348 mb/sr,
+                                         /R =   7.2650E-01
    98.00 deg.: X-S =     0.042052 mb/sr,
+                                         /R =   6.6530E-01
    99.00 deg.: X-S =     0.037466 mb/sr,
+                                         /R =   6.1084E-01
   100.00 deg.: X-S =     0.033499 mb/sr,
+                                         /R =   5.6255E-01
   101.00 deg.: X-S =     0.030068 mb/sr,
+                                         /R =   5.1980E-01
   102.00 deg.: X-S =     0.027091 mb/sr,
+                                         /R =   4.8189E-01
   103.00 deg.: X-S =     0.024496 mb/sr,
+                                         /R =   4.4811E-01
   104.00 deg.: X-S =     0.022220 mb/sr,
+                                         /R =   4.1781E-01
   105.00 deg.: X-S =     0.020206 mb/sr,
+                                         /R =   3.9036E-01
   106.00 deg.: X-S =     0.018410 mb/sr,
+                                         /R =   3.6522E-01
   107.00 deg.: X-S =     0.016793 mb/sr,
+                                         /R =   3.4193E-01
   108.00 deg.: X-S =     0.015324 mb/sr,
+                                         /R =   3.2012E-01
   109.00 deg.: X-S =     0.013980 mb/sr,
+                                         /R =   2.9948E-01
   110.00 deg.: X-S =     0.012744 mb/sr,
+                                         /R =   2.7981E-01
   111.00 deg.: X-S =     0.011601 mb/sr,
+                                         /R =   2.6097E-01
   112.00 deg.: X-S =     0.010544 mb/sr,
+                                         /R =   2.4288E-01
   113.00 deg.: X-S =     0.009563 mb/sr,
+                                         /R =   2.2550E-01
   114.00 deg.: X-S =     0.008656 mb/sr,
+                                         /R =   2.0884E-01
   115.00 deg.: X-S =     0.007819 mb/sr,
+                                         /R =   1.9293E-01
   116.00 deg.: X-S =     0.007049 mb/sr,
+                                         /R =   1.7780E-01
   117.00 deg.: X-S =     0.006344 mb/sr,
+                                         /R =   1.6351E-01
   118.00 deg.: X-S =     0.005702 mb/sr,
+                                         /R =   1.5010E-01
   119.00 deg.: X-S =     0.005120 mb/sr,
+                                         /R =   1.3761E-01
   120.00 deg.: X-S =     0.004596 mb/sr,
+                                         /R =   1.2607E-01
   121.00 deg.: X-S =     0.004127 mb/sr,
+                                         /R =   1.1548E-01
   122.00 deg.: X-S =     0.003709 mb/sr,
+                                         /R =   1.0584E-01
   123.00 deg.: X-S =     0.003339 mb/sr,
+                                         /R =   9.7131E-02
   124.00 deg.: X-S =     0.003013 mb/sr,
+                                         /R =   8.9305E-02
   125.00 deg.: X-S =     0.002727 mb/sr,
+                                         /R =   8.2311E-02
   126.00 deg.: X-S =     0.002475 mb/sr,
+                                         /R =   7.6084E-02
   127.00 deg.: X-S =     0.002255 mb/sr,
+                                         /R =   7.0548E-02
   128.00 deg.: X-S =     0.002062 mb/sr,
+                                         /R =   6.5622E-02
   129.00 deg.: X-S =     0.001892 mb/sr,
+                                         /R =   6.1222E-02
   130.00 deg.: X-S =     0.001741 mb/sr,
+                                         /R =   5.7266E-02
   131.00 deg.: X-S =     0.001605 mb/sr,
+                                         /R =   5.3674E-02
   132.00 deg.: X-S =     0.001483 mb/sr,
+                                         /R =   5.0374E-02
   133.00 deg.: X-S =     0.001371 mb/sr,
+                                         /R =   4.7303E-02
   134.00 deg.: X-S =     0.001268 mb/sr,
+                                         /R =   4.4408E-02
   135.00 deg.: X-S =     0.001172 mb/sr,
+                                         /R =   4.1650E-02
   136.00 deg.: X-S =     0.001082 mb/sr,
+                                         /R =   3.8999E-02
   137.00 deg.: X-S =     0.000997 mb/sr,
+                                         /R =   3.6442E-02
   138.00 deg.: X-S =     0.000917 mb/sr,
+                                         /R =   3.3973E-02
   139.00 deg.: X-S =     0.000842 mb/sr,
+                                         /R =   3.1597E-02
   140.00 deg.: X-S =     0.000771 mb/sr,
+                                         /R =   2.9326E-02
   141.00 deg.: X-S =     0.000706 mb/sr,
+                                         /R =   2.7176E-02
   142.00 deg.: X-S =     0.000646 mb/sr,
+                                         /R =   2.5166E-02
   143.00 deg.: X-S =     0.000591 mb/sr,
+                                         /R =   2.3312E-02
   144.00 deg.: X-S =     0.000542 mb/sr,
+                                         /R =   2.1628E-02
   145.00 deg.: X-S =     0.000499 mb/sr,
+                                         /R =   2.0121E-02
   146.00 deg.: X-S =     0.000461 mb/sr,
+                                         /R =   1.8792E-02
   147.00 deg.: X-S =     0.000428 mb/sr,
+                                         /R =   1.7631E-02
   148.00 deg.: X-S =     0.000399 mb/sr,
+                                         /R =   1.6624E-02
   149.00 deg.: X-S =     0.000374 mb/sr,
+                                         /R =   1.5746E-02
   150.00 deg.: X-S =     0.000353 mb/sr,
+                                         /R =   1.4967E-02
   151.00 deg.: X-S =     0.000333 mb/sr,
+                                         /R =   1.4253E-02
   152.00 deg.: X-S =     0.000314 mb/sr,
+                                         /R =   1.3570E-02
   153.00 deg.: X-S =     0.000296 mb/sr,
+                                         /R =   1.2886E-02
   154.00 deg.: X-S =     0.000277 mb/sr,
+                                         /R =   1.2171E-02
   155.00 deg.: X-S =     0.000257 mb/sr,
+                                         /R =   1.1407E-02
   156.00 deg.: X-S =     0.000237 mb/sr,
+                                         /R =   1.0582E-02
   157.00 deg.: X-S =     0.000216 mb/sr,
+                                         /R =   9.6979E-03
   158.00 deg.: X-S =     0.000194 mb/sr,
+                                         /R =   8.7684E-03
   159.00 deg.: X-S =     0.000172 mb/sr,
+                                         /R =   7.8191E-03
   160.00 deg.: X-S =     0.000150 mb/sr,
+                                         /R =   6.8869E-03
   161.00 deg.: X-S =     0.000130 mb/sr,
+                                         /R =   6.0172E-03
   162.00 deg.: X-S =     0.000113 mb/sr,
+                                         /R =   5.2612E-03
   163.00 deg.: X-S =     0.000100 mb/sr,
+                                         /R =   4.6721E-03
   164.00 deg.: X-S =   9.1718E-05 mb/sr,
+                                         /R =   4.3011E-03
   165.00 deg.: X-S =   8.8991E-05 mb/sr,
+                                         /R =   4.1930E-03
   166.00 deg.: X-S =   9.2601E-05 mb/sr,
+                                         /R =   4.3826E-03
   167.00 deg.: X-S =     0.000103 mb/sr,
+                                         /R =   4.8905E-03
   168.00 deg.: X-S =     0.000120 mb/sr,
+                                         /R =   5.7213E-03
   169.00 deg.: X-S =     0.000143 mb/sr,
+                                         /R =   6.8612E-03
   170.00 deg.: X-S =     0.000172 mb/sr,
+                                         /R =   8.2778E-03
   171.00 deg.: X-S =     0.000206 mb/sr,
+                                         /R =   9.9213E-03
   172.00 deg.: X-S =     0.000243 mb/sr,
+                                         /R =   1.1726E-02
   173.00 deg.: X-S =     0.000281 mb/sr,
+                                         /R =   1.3613E-02
   174.00 deg.: X-S =     0.000320 mb/sr,
+                                         /R =   1.5497E-02
   175.00 deg.: X-S =     0.000356 mb/sr,
+                                         /R =   1.7287E-02
   176.00 deg.: X-S =     0.000388 mb/sr,
+                                         /R =   1.8895E-02
   177.00 deg.: X-S =     0.000416 mb/sr,
+                                         /R =   2.0241E-02
   178.00 deg.: X-S =     0.000436 mb/sr,
+                                         /R =   2.1255E-02
   179.00 deg.: X-S =     0.000449 mb/sr,
+                                         /R =   2.1886E-02
   179.99 deg.: X-S =     0.000453 mb/sr,
+                                         /R =   2.2100E-02
                                           Integrated  832.3960 mb, over [   3.000, 180.000] at    70.0000 MeV 
 Finished all xsecs @    3.10739987E-02

  The following files have been created:
   3:local copy of User input.            6:standard output.                   
   7:elastic  S-matrix elements.         13:total cross sections/state.        
  16:tables of cross sections.           38:cross sections for each J/pi.      
  39:cross sections for each Ecm.        40:all cross sectns. for each Elab.   
  45:scat phase shift as E functions.    56:Fusion for each Jtotal.            
 201:Separate cross sections.           

 PARAMETERS : MAXQRN   MFNL   MLOC  LMAX1 MCLIST
    ALLOWED :      1      4      3     70      5
    REQUIRED:      0      0      3     52      3


 ACCURACY ANALYSIS at    70.000 MeV :

  Elastic h*k = 0.071 so OK       compared with 0.200

   Real(S-el) > 0.01 first at J =       1.0
   Real(S-el) > 0.10 first at J =       2.0
   Real(S-el) > 0.50 first at J =      10.0
   Real(S-el) > 0.90 first at J =      13.0
   Real(S-el) > 0.99 first at J =      18.0
   R-turn =    21.49 fm    at J =      50.0

 Forward-angle excitation cut off below   0.485 deg by max JT =      50.0
                              and below   0.173 deg by max R.

 Total CPU  0 time =       0.03 seconds
