 FRESCO - FRES 3.4: Coupled Reaction Channels
 Assuming NAMELIST input.

 p+O20 with CH89;                                                                

   0.030  60.000   0.500   0.000   0.000   0.000   0.000   0.000   0.000   0.000

 Centre-of-mass Range is   2002 * 0.0300 fm., Maximum at  60.00 fm., Interpolating NL forms every  0.51 fm.
 Non - locality width is      4 * 0.0300 fm., Maximum of   0.09 fm., Centred at  0.00 fm.
 2-Nucleon Separation of      0 * 0.5100 fm., Maximum of   0.00 fm., Minimum at  0.00 fm.
 Maximum single particle bins of 59.6700 fm.
               M,Mint =         2001        1990


 Range of total J is     0.0 <= J <=    50.0 (at least     0.0) and Absorbtion =>     0.0010 mb.
 Dry Run = F, CC set limits =  0  0, Relativistic kinematics =  , Both/Far/Near Analyses =  1                     

 Cross Sections (and up to T0 for 0=projectile) for Theta from   3.0 to-180.0 in steps of  1.0 degrees, DGAM=0,  Coordinates = 0 (Mads)

 Lower Radial Cutoff = maximum of -1.60*L*h &       0.0 fm.,  Lower Cutoff for Couplings =   0.0  fm.


 Iterate Couplings between   0 and   0 times, to  0.000 % if sooner.                                          
  Block solved exactly =   0 chs., with Pade = 0 & Isocen =  =0, NOSOL = F, initwf =  0
  NL quadrature with   18 Gaussian points, Calculate multipoles up to    56 from   0
  M-transfers for lp+lt greater than or equal to  6, Angular Integration Cutoff below  2.7778 %


 Trace switches are :  CHANS =  1, LISTCC =  0, TRENEG =  0, CDETR =  0, SMATS =  2, XSTABL =  1, NLPL =  0

                       WAVES =  0, LAMPL =  0, VEFF =  0, KFUS =  0, WDISK =  0, BPM =  0, MELFIL =  0

                       CDCC =  0, NFUS =  0

 Using unit mass = 1.000000 amu and 1/fine-structure constant = 137.03599 ( 1.000000 * true ) with hc = 197.32705 MeV.fm,
  thus 2*amu/hbar^2 = 0.0478450 = 1/20.9008 and Coulomb constant = 0.1574855 so e^2 = 1.43997, and nuclear magneton= 0.1261183

 Now pre-scan input and save to file 3



 *********** PARTITION NUMBER  1 ******************************************************************************************

   PROJ=p          MASS=  1.0073 Z=   1.0,        # STATES=    1T, TARG=O20      MASS= 19.9997 Z=   8.0,     Q-VALUE =  -0.0000 MEV.

     1:  J= 0.5+ (B# 1), E=  0.0000, K= 0.5              Potl#  1       J= 0.0+ (B# 1), E=  0.0000, K= 0.0    


 ************************************************************************************************************************************

 The following POTENTIALS are defined :

  KP#       TYPE      IT    SHAPE      at     V1        r1        a1        V2        r2        a2        A-in     A-used


                                            A#1       A#2        r0c       ac                                                h @ 1
    1    0=Coulomb       0=CHARGE (WS)  1    20.000     0.000    1.2842    0.0000    0.0000    0.0000     0.000    20.000   0.03000

    1    1=Volume        0=Woods-Saxon  2   53.1768    1.1671    0.6900    1.8805    1.1753    0.6900     0.000    20.000

    1    2=Surface       0=Woods-Saxon  3    0.0000    0.0000    0.0000    3.9906    1.1753    0.6900     0.000    20.000

    1    3=Projtl S.O.   0=Woods-Saxon  4    5.9000    0.8979    0.6300    0.0000    0.0000    0.0000     0.000    20.000

 Incoming partition  1 in excitation state # 1,   Laboratory Energy given for partition  1 Nucleus 1 in Excitation pair 1

0Lab. ENERGY ranges :

   from    35.0000     to   0.00000     in     0 intervals
   from    0.00000     to   0.00000     in     0 intervals
   from    0.00000     to   0.00000     in     0 intervals

 Largest real,imaginary parts of any form factor at R=   59.52 are   2.42E-02  4.28E-32 MeV
 Finished all Couplings @    4.57999995E-04           4

 Symmetric Hamiltonian
1***********************************************************************************************************************************
************************************************************************************************************************************

        INCOMING p        ;    LABORATORY p        ENERGY =   35.000     MeV.

 ***********************************************************************************************************************************
 ***********************************************************************************************************************************

 Allocate arrays for            2  channels, of which            1  need wfs.

 ######################################################################################################################
 #                                                                                                                    #
 # Total SPIN and PARITY =     0.5 +,      1 channels,    0 in 1st block.  Rmin & Coul turning =    0.0    0.3 fm.  #
 #                                                                                                                    #
 ######################################################################################################################



    C Projectl Target   #   EX.   (L  Proj) J  + Targ = Jtotal     E-cm      Re K     Re Eta     RM*K            CH
    1 p        O20      #    1: I   0 0.5    0.5  0.0     0.5    33.32176   1.23648   0.21373   74.1887   0.33920  -0.36833 1 1 1   1
   S-matrix    1 =    0.55674  -0.28104 for L=    0, J=    0.5 channel on core I =   0.0 from L=    0,  Acc. loss =  0.0 D.
 Elastic phase shift   1 =  -13.392  13.527 deg. for the L =    0, J =    0.5 channel.
       0.5  0.55673692 -0.28103888i: elastic S-matrix  @@      0.00  0   0 F  0
 Reaction Xsec     0.5+/ 0 @ 1 =  12.556 , Out:   0.000#


 Total SPIN, PARITY =     0.5 -,      1 chs,      0 cc.  Rmin & Coul turning =    0.0    0.3
   S-matrix    1 =    0.11955  -0.59096 for L=    1, J=    0.5 channel on core I =   0.0 from L=    1,  Acc. loss =  0.0 D.
 Elastic phase shift   1 =  -39.282  14.495 deg. for the L =    1, J =    0.5 channel.
       0.5  0.11955299 -0.59095813i: elastic S-matrix  @@      0.00  0   0 F  0
 Reaction Xsec     0.5-/ 1 @ 1 =  13.079 , Out:   0.000#


 Total SPIN, PARITY =     1.5 +,      1 chs,      0 cc.  Rmin & Coul turning =    0.0    1.3
   S-matrix    1 =   -0.36650  -0.46371 for L=    2, J=    1.5 channel on core I =   0.0 from L=    2,  Acc. loss =  0.0 D.
 Elastic phase shift   1 =  -64.161  15.064 deg. for the L =    2, J =    1.5 channel.
       1.5 -0.36649529 -0.46371164i: elastic S-matrix  @@      0.00  0   0 F  0
 Reaction Xsec     1.5+/ 2 @ 1 =  26.740 , Out:   0.000#


 Total SPIN, PARITY =     1.5 -,      1 chs,      0 cc.  Rmin & Coul turning =    0.0    1.3
   S-matrix    1 =    0.38407  -0.48130 for L=    1, J=    1.5 channel on core I =   0.0 from L=    1,  Acc. loss =  0.0 D.
 Elastic phase shift   1 =  -25.705  13.891 deg. for the L =    1, J =    1.5 channel.
       1.5  0.38407452 -0.48130430i: elastic S-matrix  @@      0.00  0   0 F  0
 Reaction Xsec     1.5-/ 1 @ 1 =  25.514 , Out:   0.000#


 Total SPIN, PARITY =     2.5 +,      1 chs,      0 cc.  Rmin & Coul turning =    0.1    2.2
   S-matrix    1 =    0.09477  -0.58882 for L=    2, J=    2.5 channel on core I =   0.0 from L=    2,  Acc. loss =  0.0 D.
 Elastic phase shift   1 =  -40.428  14.807 deg. for the L =    2, J =    2.5 channel.
       2.5  0.09477191 -0.58882116i: elastic S-matrix  @@      0.00  0   0 F  0
 Reaction Xsec     2.5+/ 2 @ 1 =  39.718 , Out:   0.000#


 Total SPIN, PARITY =     2.5 -,      1 chs,      0 cc.  Rmin & Coul turning =    0.1    2.2
   S-matrix    1 =   -0.54819  -0.00802 for L=    3, J=    2.5 channel on core I =   0.0 from L=    3,  Acc. loss =  0.0 D.
 Elastic phase shift   1 =  -89.581  17.218 deg. for the L =    3, J =    2.5 channel.
       2.5 -0.54818545 -0.00801970i: elastic S-matrix  @@      0.00  0   0 F  0
 Reaction Xsec     2.5-/ 3 @ 1 =  43.116 , Out:   0.000#


 Total SPIN, PARITY =     3.5 +,      1 chs,      0 cc.  Rmin & Coul turning =    0.1    3.0
   S-matrix    1 =   -0.09000   0.47866 for L=    4, J=    3.5 channel on core I =   0.0 from L=    4,  Acc. loss =  0.0 D.
 Elastic phase shift   1 =   50.325  20.609 deg. for the L =    4, J =    3.5 channel.
       3.5 -0.09000408  0.47865771i: elastic S-matrix  @@      0.00  0   0 F  0
 Reaction Xsec     3.5+/ 4 @ 1 =  62.696 , Out:   0.000#


 Total SPIN, PARITY =     3.5 -,      1 chs,      0 cc.  Rmin & Coul turning =    0.1    3.0
   S-matrix    1 =   -0.26686  -0.54414 for L=    3, J=    3.5 channel on core I =   0.0 from L=    3,  Acc. loss =  0.0 D.
 Elastic phase shift   1 =  -58.062  14.347 deg. for the L =    3, J =    3.5 channel.
       3.5 -0.26686137 -0.54413554i: elastic S-matrix  @@      0.00  0   0 F  0
 Reaction Xsec     3.5-/ 3 @ 1 =  52.004 , Out:   0.000#


 Total SPIN, PARITY =     4.5 +,      1 chs,      0 cc.  Rmin & Coul turning =    0.2    3.8
   S-matrix    1 =   -0.44516   0.01022 for L=    4, J=    4.5 channel on core I =   0.0 from L=    4,  Acc. loss =  0.0 D.
 Elastic phase shift   1 =   89.342  23.178 deg. for the L =    4, J =    4.5 channel.
       4.5 -0.44515664  0.01022446i: elastic S-matrix  @@      0.00  0   0 F  0
 Reaction Xsec     4.5+/ 4 @ 1 =  82.371 , Out:   0.000#


 Total SPIN, PARITY =     4.5 -,      1 chs,      0 cc.  Rmin & Coul turning =    0.2    3.8
   S-matrix    1 =    0.60385   0.43188 for L=    5, J=    4.5 channel on core I =   0.0 from L=    5,  Acc. loss =  0.0 D.
 Elastic phase shift   1 =   17.786   8.533 deg. for the L =    5, J =    4.5 channel.
       4.5  0.60385077  0.43187715i: elastic S-matrix  @@      0.00  0   0 F  0
 Reaction Xsec     4.5-/ 5 @ 1 =  46.115 , Out:   0.000#


 Total SPIN, PARITY =     5.5 +,      1 chs,      0 cc.  Rmin & Coul turning =    0.2    4.6
   S-matrix    1 =    0.89050   0.19276 for L=    6, J=    5.5 channel on core I =   0.0 from L=    6,  Acc. loss =  0.0 D.
 Elastic phase shift   1 =    6.107   2.667 deg. for the L =    6, J =    5.5 channel.
       5.5  0.89049727  0.19276331i: elastic S-matrix  @@      0.00  0   0 F  0
 Reaction Xsec     5.5+/ 6 @ 1 =  20.942 , Out:   0.000#


 Total SPIN, PARITY =     5.5 -,      1 chs,      0 cc.  Rmin & Coul turning =    0.2    4.6
   S-matrix    1 =    0.35257   0.53498 for L=    5, J=    5.5 channel on core I =   0.0 from L=    5,  Acc. loss =  0.0 D.
 Elastic phase shift   1 =   28.307  12.754 deg. for the L =    5, J =    5.5 channel.
       5.5  0.35257143  0.53497725i: elastic S-matrix  @@      0.00  0   0 F  0
 Reaction Xsec     5.5-/ 5 @ 1 =  72.679 , Out:   0.000#


 Total SPIN, PARITY =     6.5 +,      1 chs,      0 cc.  Rmin & Coul turning =    0.3    5.4
   S-matrix    1 =    0.85883   0.25767 for L=    6, J=    6.5 channel on core I =   0.0 from L=    6,  Acc. loss =  0.0 D.
 Elastic phase shift   1 =    8.350   3.125 deg. for the L =    6, J =    6.5 channel.
       6.5  0.85882595  0.25767405i: elastic S-matrix  @@      0.00  0   0 F  0
 Reaction Xsec     6.5+/ 6 @ 1 =  28.195 , Out:   0.000#


 Total SPIN, PARITY =     6.5 -,      1 chs,      0 cc.  Rmin & Coul turning =    0.3    5.4
   S-matrix    1 =    0.96777   0.07148 for L=    7, J=    6.5 channel on core I =   0.0 from L=    7,  Acc. loss =  0.0 D.
 Elastic phase shift   1 =    2.112   0.861 deg. for the L =    7, J =    6.5 channel.
       6.5  0.96776678  0.07147574i: elastic S-matrix  @@      0.00  0   0 F  0
 Reaction Xsec     6.5-/ 7 @ 1 =   8.388 , Out:   0.000#


 Total SPIN, PARITY =     7.5 +,      1 chs,      0 cc.  Rmin & Coul turning =    0.3    6.2
   S-matrix    1 =    0.98969   0.02532 for L=    8, J=    7.5 channel on core I =   0.0 from L=    8,  Acc. loss =  0.0 D.
 Elastic phase shift   1 =    0.733   0.287 deg. for the L =    8, J =    7.5 channel.
       7.5  0.98969176  0.02532007i: elastic S-matrix  @@      0.00  0   0 F  0
 Reaction Xsec     7.5+/ 8 @ 1 =   3.266 , Out:   0.000#


 Total SPIN, PARITY =     7.5 -,      1 chs,      0 cc.  Rmin & Coul turning =    0.3    6.2
   S-matrix    1 =    0.96442   0.09064 for L=    7, J=    7.5 channel on core I =   0.0 from L=    7,  Acc. loss =  0.0 D.
 Elastic phase shift   1 =    2.684   0.912 deg. for the L =    7, J =    7.5 channel.
       7.5  0.96442191  0.09063700i: elastic S-matrix  @@      0.00  0   0 F  0
 Reaction Xsec     7.5-/ 7 @ 1 =  10.139 , Out:   0.000#


 Total SPIN, PARITY =     8.5 +,      1 chs,      0 cc.  Rmin & Coul turning =    0.4    7.0
   S-matrix    1 =    0.98932   0.03095 for L=    8, J=    8.5 channel on core I =   0.0 from L=    8,  Acc. loss =  0.0 D.
 Elastic phase shift   1 =    0.896   0.294 deg. for the L =    8, J =    8.5 channel.
       8.5  0.98931647  0.03095223i: elastic S-matrix  @@      0.00  0   0 F  0
 Reaction Xsec     8.5+/ 8 @ 1 =   3.753 , Out:   0.000#


 Total SPIN, PARITY =     8.5 -,      1 chs,      0 cc.  Rmin & Coul turning =    0.4    7.0
   S-matrix    1 =    0.99656   0.00884 for L=    9, J=    8.5 channel on core I =   0.0 from L=    9,  Acc. loss =  0.0 D.
 Elastic phase shift   1 =    0.254   0.098 deg. for the L =    9, J =    8.5 channel.
       8.5  0.99656259  0.00883648i: elastic S-matrix  @@      0.00  0   0 F  0
 Reaction Xsec     8.5-/ 9 @ 1 =   1.255 , Out:   0.000#


 Total SPIN, PARITY =     9.5 +,      1 chs,      0 cc.  Rmin & Coul turning =    0.4    7.8
   S-matrix    1 =    0.99884   0.00306 for L=   10, J=    9.5 channel on core I =   0.0 from L=   10,  Acc. loss =  0.0 D.
 Elastic phase shift   1 =    0.088   0.033 deg. for the L =   10, J =    9.5 channel.
       9.5  0.99883543  0.00306138i: elastic S-matrix  @@      0.00  0   0 F  0
 Reaction Xsec     9.5+/10 @ 1 =   0.476 , Out:   0.000#


 Total SPIN, PARITY =     9.5 -,      1 chs,      0 cc.  Rmin & Coul turning =    0.4    7.8
   S-matrix    1 =    0.99652   0.01054 for L=    9, J=    9.5 channel on core I =   0.0 from L=    9,  Acc. loss =  0.0 D.
 Elastic phase shift   1 =    0.303   0.098 deg. for the L =    9, J =    9.5 channel.
       9.5  0.99651848  0.01054443i: elastic S-matrix  @@      0.00  0   0 F  0
 Reaction Xsec     9.5-/ 9 @ 1 =   1.405 , Out:   0.000#


 Total SPIN, PARITY =    10.5 +,      1 chs,      0 cc.  Rmin & Coul turning =    0.5    8.7
   S-matrix    1 =    0.99883   0.00359 for L=   10, J=   10.5 channel on core I =   0.0 from L=   10,  Acc. loss =  0.0 D.
 Elastic phase shift   1 =    0.103   0.033 deg. for the L =   10, J =   10.5 channel.
      10.5  0.99883012  0.00358802i: elastic S-matrix  @@      0.00  0   0 F  0
 Reaction Xsec    10.5+/10 @ 1 =   0.526 , Out:   0.000#


 Total SPIN, PARITY =    10.5 -,      1 chs,      0 cc.  Rmin & Coul turning =    0.5    8.7
   S-matrix    1 =    0.99960   0.00106 for L=   11, J=   10.5 channel on core I =   0.0 from L=   11,  Acc. loss =  0.0 D.
 Elastic phase shift   1 =    0.030   0.011 deg. for the L =   11, J =   10.5 channel.
      10.5  0.99960370  0.00105541i: elastic S-matrix  @@      0.00  0   0 F  0
 Reaction Xsec    10.5-/11 @ 1 =   0.179 , Out:   0.000#


 Total SPIN, PARITY =    11.5 +,      1 chs,      0 cc.  Rmin & Coul turning =    0.5    9.5
   S-matrix    1 =    0.99987   0.00036 for L=   12, J=   11.5 channel on core I =   0.0 from L=   12,  Acc. loss =  0.0 D.
 Elastic phase shift   1 =    0.010   0.004 deg. for the L =   12, J =   11.5 channel.
      11.5  0.99986513  0.00036243i: elastic S-matrix  @@      0.00  0   0 F  0
 Reaction Xsec    11.5+/12 @ 1 =   0.066 , Out:   0.000#


 Total SPIN, PARITY =    11.5 -,      1 chs,      0 cc.  Rmin & Coul turning =    0.5    9.5
   S-matrix    1 =    0.99960   0.00122 for L=   11, J=   11.5 channel on core I =   0.0 from L=   11,  Acc. loss =  0.0 D.
 Elastic phase shift   1 =    0.035   0.011 deg. for the L =   11, J =   11.5 channel.
      11.5  0.99960305  0.00121877i: elastic S-matrix  @@      0.00  0   0 F  0
 Reaction Xsec    11.5-/11 @ 1 =   0.195 , Out:   0.000#


 Total SPIN, PARITY =    12.5 +,      1 chs,      0 cc.  Rmin & Coul turning =    0.6   10.3
   S-matrix    1 =    0.99987   0.00041 for L=   12, J=   12.5 channel on core I =   0.0 from L=   12,  Acc. loss =  0.0 D.
 Elastic phase shift   1 =    0.012   0.004 deg. for the L =   12, J =   12.5 channel.
      12.5  0.99986505  0.00041316i: elastic S-matrix  @@      0.00  0   0 F  0
 Reaction Xsec    12.5+/12 @ 1 =   0.072 , Out:   0.000#


 Total SPIN, PARITY =    12.5 -,      1 chs,      0 cc.  Rmin & Coul turning =    0.6   10.3
   S-matrix    1 =    0.99995   0.00012 for L=   13, J=   12.5 channel on core I =   0.0 from L=   13,  Acc. loss =  0.0 D.
 Elastic phase shift   1 =    0.004   0.001 deg. for the L =   13, J =   12.5 channel.
      12.5  0.99995417  0.00012405i: elastic S-matrix  @@      0.00  0   0 F  0
 Reaction Xsec    12.5-/13 @ 1 =   0.024 , Out:   0.000#


 Total SPIN, PARITY =    13.5 +,      1 chs,      0 cc.  Rmin & Coul turning =    0.6   11.1
   S-matrix    1 =    0.99998   0.00004 for L=   14, J=   13.5 channel on core I =   0.0 from L=   14,  Acc. loss =  0.0 D.
 Elastic phase shift   1 =    0.001   0.000 deg. for the L =   14, J =   13.5 channel.
      13.5  0.99998445  0.00004234i: elastic S-matrix  @@      0.00  0   0 F  0
 Reaction Xsec    13.5+/14 @ 1 =   8.944/, Out:   0.000#


 Total SPIN, PARITY =    13.5 -,      1 chs,      0 cc.  Rmin & Coul turning =    0.6   11.1
   S-matrix    1 =    0.99995   0.00014 for L=   13, J=   13.5 channel on core I =   0.0 from L=   13,  Acc. loss =  0.0 D.
 Elastic phase shift   1 =    0.004   0.001 deg. for the L =   13, J =   13.5 channel.
      13.5  0.99995416  0.00013978i: elastic S-matrix  @@      0.00  0   0 F  0
 Reaction Xsec    13.5-/13 @ 1 =   0.026 , Out:   0.000#


 Total SPIN, PARITY =    14.5 +,      1 chs,      0 cc.  Rmin & Coul turning =    0.7   11.9
   S-matrix    1 =    0.99998   0.00005 for L=   14, J=   14.5 channel on core I =   0.0 from L=   14,  Acc. loss =  0.0 D.
 Elastic phase shift   1 =    0.001   0.000 deg. for the L =   14, J =   14.5 channel.
      14.5  0.99998445  0.00004721i: elastic S-matrix  @@      0.00  0   0 F  0
 Reaction Xsec    14.5+/14 @ 1 =   9.583/, Out:   0.000#


 Total SPIN, PARITY =    14.5 -,      1 chs,      0 cc.  Rmin & Coul turning =    0.7   11.9
   S-matrix    1 =    0.99999   0.00001 for L=   15, J=   14.5 channel on core I =   0.0 from L=   15,  Acc. loss =  0.0 D.
 Elastic phase shift   1 =    0.000   0.000 deg. for the L =   15, J =   14.5 channel.
      14.5  0.99999474  0.00001441i: elastic S-matrix  @@      0.00  0   0 F  0
 Reaction Xsec    14.5-/15 @ 1 =   3.245/, Out:   0.000#


 Total SPIN, PARITY =    15.5 +,      1 chs,      0 cc.  Rmin & Coul turning =    0.7   12.7
   S-matrix    1 =    1.00000   0.00000 for L=   16, J=   15.5 channel on core I =   0.0 from L=   16,  Acc. loss =  0.0 D.
 Elastic phase shift   1 =    0.000   0.000 deg. for the L =   16, J =   15.5 channel.
      15.5  0.99999822  0.00000490i: elastic S-matrix  @@      0.00  0   0 F  0
 Reaction Xsec    15.5+/16 @ 1 =   1.170/, Out:   0.000#


 Total SPIN, PARITY =    15.5 -,      1 chs,      0 cc.  Rmin & Coul turning =    0.7   12.7
   S-matrix    1 =    0.99999   0.00002 for L=   15, J=   15.5 channel on core I =   0.0 from L=   15,  Acc. loss =  0.0 D.
 Elastic phase shift   1 =    0.000   0.000 deg. for the L =   15, J =   15.5 channel.
      15.5  0.99999474  0.00001592i: elastic S-matrix  @@      0.00  0   0 F  0
 Reaction Xsec    15.5-/15 @ 1 =   3.461/, Out:   0.000#


 Total SPIN, PARITY =    16.5 +,      1 chs,      0 cc.  Rmin & Coul turning =    0.8   13.5
   S-matrix    1 =    1.00000   0.00001 for L=   16, J=   16.5 channel on core I =   0.0 from L=   16,  Acc. loss =  0.0 D.
 Elastic phase shift   1 =    0.000   0.000 deg. for the L =   16, J =   16.5 channel.
      16.5  0.99999822  0.00000536i: elastic S-matrix  @@      0.00  0   0 F  0
 Reaction Xsec    16.5+/16 @ 1 =   1.243/, Out:   0.000#


 Total SPIN, PARITY =    16.5 -,      1 chs,      0 cc.  Rmin & Coul turning =    0.8   13.5
   S-matrix    1 =    1.00000   0.00000 for L=   17, J=   16.5 channel on core I =   0.0 from L=   17,  Acc. loss =  0.0 D.
 Elastic phase shift   1 =    0.000   0.000 deg. for the L =   17, J =   16.5 channel.
      16.5  0.99999940  0.00000166i: elastic S-matrix  @@      0.00  0   0 F  0
 Reaction Xsec    16.5-/17 @ 1 =   0.419/, Out:   0.000#


 Total SPIN, PARITY =    17.5 +,      1 chs,      0 cc.  Rmin & Coul turning =    0.8   14.3
   S-matrix    1 =    1.00000   0.00000 for L=   18, J=   17.5 channel on core I =   0.0 from L=   18,  Acc. loss =  0.0 D.
 Elastic phase shift   1 =    0.000   0.000 deg. for the L =   18, J =   17.5 channel.
      17.5  0.99999980  0.00000056i: elastic S-matrix  @@      0.00  0   0 F  0
 Reaction Xsec    17.5+/18 @ 1 =   0.150/, Out:   0.000#


 Total SPIN, PARITY =    17.5 -,      1 chs,      0 cc.  Rmin & Coul turning =    0.8   14.3
   S-matrix    1 =    1.00000   0.00000 for L=   17, J=   17.5 channel on core I =   0.0 from L=   17,  Acc. loss =  0.0 D.
 Elastic phase shift   1 =    0.000   0.000 deg. for the L =   17, J =   17.5 channel.
      17.5  0.99999940  0.00000180i: elastic S-matrix  @@      0.00  0   0 F  0
 Reaction Xsec    17.5-/17 @ 1 =   0.444/, Out:   0.000#

 Finished all CC sets @    4.24800022E-03
0CUMULATIVE REACTION cross section                 =  555.52579  <L> =     3.97  <L**2> =     18.8
0CUMULATIVE outgoing cross sections in partition 1 :    0.00000
0Cumulative ABSORBTION by Imaginary Potentials     =  555.52579  <L> =     3.97  <L**2> =     18.8
   Fusion for specific p        M-states :  555.525789  555.525789
0CUMULATIVE OUTGOING cross section                 =    0.00000
 To convert to S-factors (MeV.mb = keV.b),  multiply by  1.2763E+02


 CROSS SECTIONS FOR OUTGOING p        & O20      in state #   1 with spins & parities 0.5  + &  0.0  +;  0

     3.00 deg.: X-S =   1.2995E+05 mb/sr,
+                                         /R =   8.1683E-01
     4.00 deg.: X-S =   3.7246E+04 mb/sr,
+                                         /R =   7.3970E-01
     5.00 deg.: X-S =   1.4352E+04 mb/sr,
+                                         /R =   6.9553E-01
     6.00 deg.: X-S =  7060.315611 mb/sr,
+                                         /R =   7.0912E-01
     7.00 deg.: X-S =  4324.571474 mb/sr,
+                                         /R =   8.0415E-01
     8.00 deg.: X-S =  3160.335459 mb/sr,
+                                         /R =   1.0018E+00
     9.00 deg.: X-S =  2600.012268 mb/sr,
+                                         /R =   1.3190E+00
    10.00 deg.: X-S =  2288.004706 mb/sr,
+                                         /R =   1.7674E+00
    11.00 deg.: X-S =  2081.811268 mb/sr,
+                                         /R =   2.3519E+00
    12.00 deg.: X-S =  1921.054434 mb/sr,
+                                         /R =   3.0702E+00
    13.00 deg.: X-S =  1779.503688 mb/sr,
+                                         /R =   3.9122E+00
    14.00 deg.: X-S =  1645.939550 mb/sr,
+                                         /R =   4.8605E+00
    15.00 deg.: X-S =  1515.988418 mb/sr,
+                                         /R =   5.8909E+00
    16.00 deg.: X-S =  1388.445274 mb/sr,
+                                         /R =   6.9734E+00
    17.00 deg.: X-S =  1263.544800 mb/sr,
+                                         /R =   8.0740E+00
    18.00 deg.: X-S =  1142.121337 mb/sr,
+                                         /R =   9.1566E+00
    19.00 deg.: X-S =  1025.191706 mb/sr,
+                                         /R =   1.0184E+01
    20.00 deg.: X-S =   913.746728 mb/sr,
+                                         /R =   1.1122E+01
    21.00 deg.: X-S =   808.649202 mb/sr,
+                                         /R =   1.1939E+01
    22.00 deg.: X-S =   710.587918 mb/sr,
+                                         /R =   1.2610E+01
    23.00 deg.: X-S =   620.062049 mb/sr,
+                                         /R =   1.3114E+01
    24.00 deg.: X-S =   537.382484 mb/sr,
+                                         /R =   1.3443E+01
    25.00 deg.: X-S =   462.682793 mb/sr,
+                                         /R =   1.3593E+01
    26.00 deg.: X-S =   395.935702 mb/sr,
+                                         /R =   1.3573E+01
    27.00 deg.: X-S =   336.972617 mb/sr,
+                                         /R =   1.3398E+01
    28.00 deg.: X-S =   285.504637 mb/sr,
+                                         /R =   1.3092E+01
    29.00 deg.: X-S =   241.143993 mb/sr,
+                                         /R =   1.2687E+01
    30.00 deg.: X-S =   203.425170 mb/sr,
+                                         /R =   1.2220E+01
    31.00 deg.: X-S =   171.825141 mb/sr,
+                                         /R =   1.1732E+01
    32.00 deg.: X-S =   145.782300 mb/sr,
+                                         /R =   1.1265E+01
    33.00 deg.: X-S =   124.713772 mb/sr,
+                                         /R =   1.0864E+01
    34.00 deg.: X-S =   108.030878 mb/sr,
+                                         /R =   1.0568E+01
    35.00 deg.: X-S =    95.152623 mb/sr,
+                                         /R =   1.0415E+01
    36.00 deg.: X-S =    85.517130 mb/sr,
+                                         /R =   1.0439E+01
    37.00 deg.: X-S =    78.591021 mb/sr,
+                                         /R =   1.0665E+01
    38.00 deg.: X-S =    73.876781 mb/sr,
+                                         /R =   1.1111E+01
    39.00 deg.: X-S =    70.918225 mb/sr,
+                                         /R =   1.1788E+01
    40.00 deg.: X-S =    69.304175 mb/sr,
+                                         /R =   1.2696E+01
    41.00 deg.: X-S =    68.670533 mb/sr,
+                                         /R =   1.3828E+01
    42.00 deg.: X-S =    68.700915 mb/sr,
+                                         /R =   1.5169E+01
    43.00 deg.: X-S =    69.126049 mb/sr,
+                                         /R =   1.6697E+01
    44.00 deg.: X-S =    69.722136 mb/sr,
+                                         /R =   1.8381E+01
    45.00 deg.: X-S =    70.308371 mb/sr,
+                                         /R =   2.0186E+01
    46.00 deg.: X-S =    70.743812 mb/sr,
+                                         /R =   2.2075E+01
    47.00 deg.: X-S =    70.923782 mb/sr,
+                                         /R =   2.4004E+01
    48.00 deg.: X-S =    70.775965 mb/sr,
+                                         /R =   2.5932E+01
    49.00 deg.: X-S =    70.256345 mb/sr,
+                                         /R =   2.7815E+01
    50.00 deg.: X-S =    69.345112 mb/sr,
+                                         /R =   2.9614E+01
    51.00 deg.: X-S =    68.042656 mb/sr,
+                                         /R =   3.1290E+01
    52.00 deg.: X-S =    66.365725 mb/sr,
+                                         /R =   3.2810E+01
    53.00 deg.: X-S =    64.343824 mb/sr,
+                                         /R =   3.4144E+01
    54.00 deg.: X-S =    62.015914 mb/sr,
+                                         /R =   3.5268E+01
    55.00 deg.: X-S =    59.427435 mb/sr,
+                                         /R =   3.6166E+01
    56.00 deg.: X-S =    56.627687 mb/sr,
+                                         /R =   3.6826E+01
    57.00 deg.: X-S =    53.667566 mb/sr,
+                                         /R =   3.7244E+01
    58.00 deg.: X-S =    50.597667 mb/sr,
+                                         /R =   3.7420E+01
    59.00 deg.: X-S =    47.466729 mb/sr,
+                                         /R =   3.7363E+01
    60.00 deg.: X-S =    44.320409 mb/sr,
+                                         /R =   3.7083E+01
    61.00 deg.: X-S =    41.200365 mb/sr,
+                                         /R =   3.6599E+01
    62.00 deg.: X-S =    38.143614 mb/sr,
+                                         /R =   3.5931E+01
    63.00 deg.: X-S =    35.182131 mb/sr,
+                                         /R =   3.5104E+01
    64.00 deg.: X-S =    32.342665 mb/sr,
+                                         /R =   3.4143E+01
    65.00 deg.: X-S =    29.646739 mb/sr,
+                                         /R =   3.3078E+01
    66.00 deg.: X-S =    27.110794 mb/sr,
+                                         /R =   3.1935E+01
    67.00 deg.: X-S =    24.746457 mb/sr,
+                                         /R =   3.0744E+01
    68.00 deg.: X-S =    22.560895 mb/sr,
+                                         /R =   2.9532E+01
    69.00 deg.: X-S =    20.557242 mb/sr,
+                                         /R =   2.8325E+01
    70.00 deg.: X-S =    18.735058 mb/sr,
+                                         /R =   2.7146E+01
    71.00 deg.: X-S =    17.090823 mb/sr,
+                                         /R =   2.6018E+01
    72.00 deg.: X-S =    15.618428 mb/sr,
+                                         /R =   2.4958E+01
    73.00 deg.: X-S =    14.309657 mb/sr,
+                                         /R =   2.3981E+01
    74.00 deg.: X-S =    13.154652 mb/sr,
+                                         /R =   2.3101E+01
    75.00 deg.: X-S =    12.142346 mb/sr,
+                                         /R =   2.2325E+01
    76.00 deg.: X-S =    11.260860 mb/sr,
+                                         /R =   2.1659E+01
    77.00 deg.: X-S =    10.497863 mb/sr,
+                                         /R =   2.1105E+01
    78.00 deg.: X-S =     9.840879 mb/sr,
+                                         /R =   2.0664E+01
    79.00 deg.: X-S =     9.277564 mb/sr,
+                                         /R =   2.0331E+01
    80.00 deg.: X-S =     8.795925 mb/sr,
+                                         /R =   2.0102E+01
    81.00 deg.: X-S =     8.384506 mb/sr,
+                                         /R =   1.9969E+01
    82.00 deg.: X-S =     8.032533 mb/sr,
+                                         /R =   1.9921E+01
    83.00 deg.: X-S =     7.730017 mb/sr,
+                                         /R =   1.9949E+01
    84.00 deg.: X-S =     7.467828 mb/sr,
+                                         /R =   2.0041E+01
    85.00 deg.: X-S =     7.237741 mb/sr,
+                                         /R =   2.0185E+01
    86.00 deg.: X-S =     7.032448 mb/sr,
+                                         /R =   2.0367E+01
    87.00 deg.: X-S =     6.845560 mb/sr,
+                                         /R =   2.0575E+01
    88.00 deg.: X-S =     6.671578 mb/sr,
+                                         /R =   2.0797E+01
    89.00 deg.: X-S =     6.505862 mb/sr,
+                                         /R =   2.1021E+01
    90.00 deg.: X-S =     6.344576 mb/sr,
+                                         /R =   2.1234E+01
    91.00 deg.: X-S =     6.184636 mb/sr,
+                                         /R =   2.1428E+01
    92.00 deg.: X-S =     6.023645 mb/sr,
+                                         /R =   2.1592E+01
    93.00 deg.: X-S =     5.859828 mb/sr,
+                                         /R =   2.1718E+01
    94.00 deg.: X-S =     5.691963 mb/sr,
+                                         /R =   2.1800E+01
    95.00 deg.: X-S =     5.519315 mb/sr,
+                                         /R =   2.1832E+01
    96.00 deg.: X-S =     5.341575 mb/sr,
+                                         /R =   2.1810E+01
    97.00 deg.: X-S =     5.158788 mb/sr,
+                                         /R =   2.1730E+01
    98.00 deg.: X-S =     4.971305 mb/sr,
+                                         /R =   2.1591E+01
    99.00 deg.: X-S =     4.779717 mb/sr,
+                                         /R =   2.1393E+01
   100.00 deg.: X-S =     4.584814 mb/sr,
+                                         /R =   2.1136E+01
   101.00 deg.: X-S =     4.387531 mb/sr,
+                                         /R =   2.0823E+01
   102.00 deg.: X-S =     4.188911 mb/sr,
+                                         /R =   2.0455E+01
   103.00 deg.: X-S =     3.990065 mb/sr,
+                                         /R =   2.0038E+01
   104.00 deg.: X-S =     3.792141 mb/sr,
+                                         /R =   1.9575E+01
   105.00 deg.: X-S =     3.596290 mb/sr,
+                                         /R =   1.9073E+01
   106.00 deg.: X-S =     3.403645 mb/sr,
+                                         /R =   1.8537E+01
   107.00 deg.: X-S =     3.215298 mb/sr,
+                                         /R =   1.7973E+01
   108.00 deg.: X-S =     3.032280 mb/sr,
+                                         /R =   1.7390E+01
   109.00 deg.: X-S =     2.855542 mb/sr,
+                                         /R =   1.6793E+01
   110.00 deg.: X-S =     2.685948 mb/sr,
+                                         /R =   1.6190E+01
   111.00 deg.: X-S =     2.524260 mb/sr,
+                                         /R =   1.5588E+01
   112.00 deg.: X-S =     2.371128 mb/sr,
+                                         /R =   1.4995E+01
   113.00 deg.: X-S =     2.227086 mb/sr,
+                                         /R =   1.4416E+01
   114.00 deg.: X-S =     2.092549 mb/sr,
+                                         /R =   1.3859E+01
   115.00 deg.: X-S =     1.967807 mb/sr,
+                                         /R =   1.3329E+01
   116.00 deg.: X-S =     1.853024 mb/sr,
+                                         /R =   1.2831E+01
   117.00 deg.: X-S =     1.748243 mb/sr,
+                                         /R =   1.2370E+01
   118.00 deg.: X-S =     1.653388 mb/sr,
+                                         /R =   1.1949E+01
   119.00 deg.: X-S =     1.568265 mb/sr,
+                                         /R =   1.1572E+01
   120.00 deg.: X-S =     1.492572 mb/sr,
+                                         /R =   1.1240E+01
   121.00 deg.: X-S =     1.425905 mb/sr,
+                                         /R =   1.0954E+01
   122.00 deg.: X-S =     1.367770 mb/sr,
+                                         /R =   1.0715E+01
   123.00 deg.: X-S =     1.317590 mb/sr,
+                                         /R =   1.0521E+01
   124.00 deg.: X-S =     1.274719 mb/sr,
+                                         /R =   1.0372E+01
   125.00 deg.: X-S =     1.238456 mb/sr,
+                                         /R =   1.0263E+01
   126.00 deg.: X-S =     1.208056 mb/sr,
+                                         /R =   1.0193E+01
   127.00 deg.: X-S =     1.182749 mb/sr,
+                                         /R =   1.0157E+01
   128.00 deg.: X-S =     1.161751 mb/sr,
+                                         /R =   1.0150E+01
   129.00 deg.: X-S =     1.144281 mb/sr,
+                                         /R =   1.0167E+01
   130.00 deg.: X-S =     1.129576 mb/sr,
+                                         /R =   1.0203E+01
   131.00 deg.: X-S =     1.116907 mb/sr,
+                                         /R =   1.0252E+01
   132.00 deg.: X-S =     1.105591 mb/sr,
+                                         /R =   1.0309E+01
   133.00 deg.: X-S =     1.095005 mb/sr,
+                                         /R =   1.0368E+01
   134.00 deg.: X-S =     1.084600 mb/sr,
+                                         /R =   1.0425E+01
   135.00 deg.: X-S =     1.073907 mb/sr,
+                                         /R =   1.0474E+01
   136.00 deg.: X-S =     1.062552 mb/sr,
+                                         /R =   1.0512E+01
   137.00 deg.: X-S =     1.050255 mb/sr,
+                                         /R =   1.0537E+01
   138.00 deg.: X-S =     1.036843 mb/sr,
+                                         /R =   1.0544E+01
   139.00 deg.: X-S =     1.022244 mb/sr,
+                                         /R =   1.0534E+01
   140.00 deg.: X-S =     1.006495 mb/sr,
+                                         /R =   1.0506E+01
   141.00 deg.: X-S =     0.989734 mb/sr,
+                                         /R =   1.0462E+01
   142.00 deg.: X-S =     0.972197 mb/sr,
+                                         /R =   1.0402E+01
   143.00 deg.: X-S =     0.954213 mb/sr,
+                                         /R =   1.0332E+01
   144.00 deg.: X-S =     0.936192 mb/sr,
+                                         /R =   1.0254E+01
   145.00 deg.: X-S =     0.918613 mb/sr,
+                                         /R =   1.0174E+01
   146.00 deg.: X-S =     0.902017 mb/sr,
+                                         /R =   1.0099E+01
   147.00 deg.: X-S =     0.886985 mb/sr,
+                                         /R =   1.0036E+01
   148.00 deg.: X-S =     0.874128 mb/sr,
+                                         /R =   9.9916E+00
   149.00 deg.: X-S =     0.864066 mb/sr,
+                                         /R =   9.9743E+00
   150.00 deg.: X-S =     0.857415 mb/sr,
+                                         /R =   9.9921E+00
   151.00 deg.: X-S =     0.854767 mb/sr,
+                                         /R =   1.0053E+01
   152.00 deg.: X-S =     0.856674 mb/sr,
+                                         /R =   1.0165E+01
   153.00 deg.: X-S =     0.863632 mb/sr,
+                                         /R =   1.0336E+01
   154.00 deg.: X-S =     0.876065 mb/sr,
+                                         /R =   1.0571E+01
   155.00 deg.: X-S =     0.894313 mb/sr,
+                                         /R =   1.0877E+01
   156.00 deg.: X-S =     0.918615 mb/sr,
+                                         /R =   1.1258E+01
   157.00 deg.: X-S =     0.949105 mb/sr,
+                                         /R =   1.1716E+01
   158.00 deg.: X-S =     0.985800 mb/sr,
+                                         /R =   1.2254E+01
   159.00 deg.: X-S =     1.028596 mb/sr,
+                                         /R =   1.2871E+01
   160.00 deg.: X-S =     1.077267 mb/sr,
+                                         /R =   1.3565E+01
   161.00 deg.: X-S =     1.131460 mb/sr,
+                                         /R =   1.4333E+01
   162.00 deg.: X-S =     1.190702 mb/sr,
+                                         /R =   1.5170E+01
   163.00 deg.: X-S =     1.254406 mb/sr,
+                                         /R =   1.6067E+01
   164.00 deg.: X-S =     1.321875 mb/sr,
+                                         /R =   1.7017E+01
   165.00 deg.: X-S =     1.392317 mb/sr,
+                                         /R =   1.8010E+01
   166.00 deg.: X-S =     1.464855 mb/sr,
+                                         /R =   1.9032E+01
   167.00 deg.: X-S =     1.538544 mb/sr,
+                                         /R =   2.0072E+01
   168.00 deg.: X-S =     1.612388 mb/sr,
+                                         /R =   2.1116E+01
   169.00 deg.: X-S =     1.685353 mb/sr,
+                                         /R =   2.2150E+01
   170.00 deg.: X-S =     1.756395 mb/sr,
+                                         /R =   2.3157E+01
   171.00 deg.: X-S =     1.824472 mb/sr,
+                                         /R =   2.4125E+01
   172.00 deg.: X-S =     1.888567 mb/sr,
+                                         /R =   2.5037E+01
   173.00 deg.: X-S =     1.947710 mb/sr,
+                                         /R =   2.5881E+01
   174.00 deg.: X-S =     2.000989 mb/sr,
+                                         /R =   2.6641E+01
   175.00 deg.: X-S =     2.047579 mb/sr,
+                                         /R =   2.7307E+01
   176.00 deg.: X-S =     2.086749 mb/sr,
+                                         /R =   2.7868E+01
   177.00 deg.: X-S =     2.117880 mb/sr,
+                                         /R =   2.8314E+01
   178.00 deg.: X-S =     2.140479 mb/sr,
+                                         /R =   2.8638E+01
   179.00 deg.: X-S =     2.154184 mb/sr,
+                                         /R =   2.8834E+01
   179.99 deg.: X-S =     2.158776 mb/sr,
+                                         /R =   2.8900E+01
                                           Integrated 2294.8038 mb, over [   3.000, 180.000] at    35.0000 MeV 
 Finished all xsecs @    5.15099987E-03

  The following files have been created:
   3:local copy of User input.            6:standard output.                   
   7:elastic  S-matrix elements.         13:total cross sections/state.        
  16:tables of cross sections.           38:cross sections for each J/pi.      
  39:cross sections for each Ecm.        40:all cross sectns. for each Elab.   
  45:scat phase shift as E functions.    56:Fusion for each Jtotal.            
 201:Separate cross sections.           

 PARAMETERS : MAXQRN   MFNL   MLOC  LMAX1 MCLIST
    ALLOWED :      1      1      4     70      6
    REQUIRED:      0      0      4     19      4


 ACCURACY ANALYSIS at    35.000 MeV :

  Elastic h*k = 0.037 so OK       compared with 0.200

   Real(S-el) > 0.01 first at J =       0.5
   Real(S-el) > 0.10 first at J =       0.5
   Real(S-el) > 0.50 first at J =       0.5
   Real(S-el) > 0.90 first at J =       6.5
   Real(S-el) > 0.99 first at J =       8.5
   R-turn =    14.32 fm    at J =      17.5

 Forward-angle excitation cut off below   1.361 deg by max JT =      17.5
                              and below   0.330 deg by max R.

