 FRESCO - FRES 3.4: Coupled Reaction Channels
 Assuming NAMELIST input.

 p+O20 with CH89;                                                                

   0.030  60.000   0.500   0.000   0.000   0.000   0.000   0.000   0.000   0.000

 Centre-of-mass Range is   2002 * 0.0300 fm., Maximum at  60.00 fm., Interpolating NL forms every  0.51 fm.
 Non - locality width is      4 * 0.0300 fm., Maximum of   0.09 fm., Centred at  0.00 fm.
 2-Nucleon Separation of      0 * 0.5100 fm., Maximum of   0.00 fm., Minimum at  0.00 fm.
 Maximum single particle bins of 59.6700 fm.
               M,Mint =         2001        1990


 Range of total J is     0.0 <= J <=    50.0 (at least     0.0) and Absorbtion =>     0.0010 mb.
 Dry Run = F, CC set limits =  0  0, Relativistic kinematics =  , Both/Far/Near Analyses =  1                     

 Cross Sections (and up to T0 for 0=projectile) for Theta from   3.0 to-180.0 in steps of  1.0 degrees, DGAM=0,  Coordinates = 0 (Mads)

 Lower Radial Cutoff = maximum of -1.60*L*h &       0.0 fm.,  Lower Cutoff for Couplings =   0.0  fm.


 Iterate Couplings between   0 and   0 times, to  0.000 % if sooner.                                          
  Block solved exactly =   0 chs., with Pade = 0 & Isocen =  =0, NOSOL = F, initwf =  0
  NL quadrature with   18 Gaussian points, Calculate multipoles up to    56 from   0
  M-transfers for lp+lt greater than or equal to  6, Angular Integration Cutoff below  2.7778 %


 Trace switches are :  CHANS =  1, LISTCC =  0, TRENEG =  0, CDETR =  0, SMATS =  2, XSTABL =  1, NLPL =  0

                       WAVES =  0, LAMPL =  0, VEFF =  0, KFUS =  0, WDISK =  0, BPM =  0, MELFIL =  0

                       CDCC =  0, NFUS =  0

 Using unit mass = 1.000000 amu and 1/fine-structure constant = 137.03599 ( 1.000000 * true ) with hc = 197.32705 MeV.fm,
  thus 2*amu/hbar^2 = 0.0478450 = 1/20.9008 and Coulomb constant = 0.1574855 so e^2 = 1.43997, and nuclear magneton= 0.1261183

 Now pre-scan input and save to file 3



 *********** PARTITION NUMBER  1 ******************************************************************************************

   PROJ=p          MASS=  1.0073 Z=   1.0,        # STATES=    1T, TARG=O20      MASS= 19.9997 Z=   8.0,     Q-VALUE =  -0.0000 MEV.

     1:  J= 0.5+ (B# 1), E=  0.0000, K= 0.5              Potl#  1       J= 0.0+ (B# 1), E=  0.0000, K= 0.0    


 ************************************************************************************************************************************

 The following POTENTIALS are defined :

  KP#       TYPE      IT    SHAPE      at     V1        r1        a1        V2        r2        a2        A-in     A-used


                                            A#1       A#2        r0c       ac                                                h @ 1
    1    0=Coulomb       0=CHARGE (WS)  1    20.000     0.000    1.2842    0.0000    0.0000    0.0000     0.000    20.000   0.03000

    1    1=Volume        0=Woods-Saxon  2   34.6805    1.1671    0.6900    2.2224    1.1753    0.6900     0.000    20.000

    1    2=Surface       0=Woods-Saxon  3    0.0000    0.0000    0.0000    4.7161    1.1753    0.6900     0.000    20.000

    1    3=Projtl S.O.   0=Woods-Saxon  4    5.9000    0.8979    0.6300    0.0000    0.0000    0.0000     0.000    20.000

 Incoming partition  1 in excitation state # 1,   Laboratory Energy given for partition  1 Nucleus 1 in Excitation pair 1

0Lab. ENERGY ranges :

   from    35.0000     to   0.00000     in     0 intervals
   from    0.00000     to   0.00000     in     0 intervals
   from    0.00000     to   0.00000     in     0 intervals

 Largest real,imaginary parts of any form factor at R=   59.52 are   2.42E-02  5.05E-32 MeV
 Finished all Couplings @    4.71999985E-04           4

 Symmetric Hamiltonian
1***********************************************************************************************************************************
************************************************************************************************************************************

        INCOMING p        ;    LABORATORY p        ENERGY =   35.000     MeV.

 ***********************************************************************************************************************************
 ***********************************************************************************************************************************

 Allocate arrays for            2  channels, of which            1  need wfs.

 ######################################################################################################################
 #                                                                                                                    #
 # Total SPIN and PARITY =     0.5 +,      1 channels,    0 in 1st block.  Rmin & Coul turning =    0.0    0.3 fm.  #
 #                                                                                                                    #
 ######################################################################################################################



    C Projectl Target   #   EX.   (L  Proj) J  + Targ = Jtotal     E-cm      Re K     Re Eta     RM*K            CH
    1 p        O20      #    1: I   0 0.5    0.5  0.0     0.5    33.32176   1.23648   0.21373   74.1887   0.33920  -0.36833 1 1 1   1
   S-matrix    1 =   -0.24523  -0.49139 for L=    0, J=    0.5 channel on core I =   0.0 from L=    0,  Acc. loss =  0.0 D.
 Elastic phase shift   1 =  -58.261  17.170 deg. for the L =    0, J =    0.5 channel.
       0.5 -0.24522682 -0.49138609i: elastic S-matrix  @@      0.00  0   0 F  0
 Reaction Xsec     0.5+/ 0 @ 1 =  14.351 , Out:   0.000#


 Total SPIN, PARITY =     0.5 -,      1 chs,      0 cc.  Rmin & Coul turning =    0.0    0.3
   S-matrix    1 =   -0.50967  -0.07358 for L=    1, J=    0.5 channel on core I =   0.0 from L=    1,  Acc. loss =  0.0 D.
 Elastic phase shift   1 =  -85.892  19.013 deg. for the L =    1, J =    0.5 channel.
       0.5 -0.50967312 -0.07358276i: elastic S-matrix  @@      0.00  0   0 F  0
 Reaction Xsec     0.5-/ 1 @ 1 =  15.099 , Out:   0.000#


 Total SPIN, PARITY =     1.5 +,      1 chs,      0 cc.  Rmin & Coul turning =    0.0    1.3
   S-matrix    1 =   -0.42549   0.27928 for L=    2, J=    1.5 channel on core I =   0.0 from L=    2,  Acc. loss =  0.0 D.
 Elastic phase shift   1 =   73.360  19.349 deg. for the L =    2, J =    1.5 channel.
       1.5 -0.42548740  0.27928243i: elastic S-matrix  @@      0.00  0   0 F  0
 Reaction Xsec     1.5+/ 2 @ 1 =  30.451 , Out:   0.000#


 Total SPIN, PARITY =     1.5 -,      1 chs,      0 cc.  Rmin & Coul turning =    0.0    1.3
   S-matrix    1 =   -0.40446  -0.33138 for L=    1, J=    1.5 channel on core I =   0.0 from L=    1,  Acc. loss =  0.0 D.
 Elastic phase shift   1 =  -70.336  18.576 deg. for the L =    1, J =    1.5 channel.
       1.5 -0.40446138 -0.33137699i: elastic S-matrix  @@      0.00  0   0 F  0
 Reaction Xsec     1.5-/ 1 @ 1 =  29.861 , Out:   0.000#


 Total SPIN, PARITY =     2.5 +,      1 chs,      0 cc.  Rmin & Coul turning =    0.1    2.2
   S-matrix    1 =   -0.51375  -0.16640 for L=    2, J=    2.5 channel on core I =   0.0 from L=    2,  Acc. loss =  0.0 D.
 Elastic phase shift   1 =  -81.027  17.651 deg. for the L =    2, J =    2.5 channel.
       2.5 -0.51375339 -0.16639519i: elastic S-matrix  @@      0.00  0   0 F  0
 Reaction Xsec     2.5+/ 2 @ 1 =  43.667 , Out:   0.000#


 Total SPIN, PARITY =     2.5 -,      1 chs,      0 cc.  Rmin & Coul turning =    0.1    2.2
   S-matrix    1 =   -0.07994   0.41717 for L=    3, J=    2.5 channel on core I =   0.0 from L=    3,  Acc. loss =  0.0 D.
 Elastic phase shift   1 =   50.424  24.529 deg. for the L =    3, J =    2.5 channel.
       2.5 -0.07994341  0.41716636i: elastic S-matrix  @@      0.00  0   0 F  0
 Reaction Xsec     2.5-/ 3 @ 1 =  50.523 , Out:   0.000#


 Total SPIN, PARITY =     3.5 +,      1 chs,      0 cc.  Rmin & Coul turning =    0.1    3.0
   S-matrix    1 =    0.37693   0.37820 for L=    4, J=    3.5 channel on core I =   0.0 from L=    4,  Acc. loss =  0.0 D.
 Elastic phase shift   1 =   22.548  17.975 deg. for the L =    4, J =    3.5 channel.
       3.5  0.37693407  0.37820238i: elastic S-matrix  @@      0.00  0   0 F  0
 Reaction Xsec     3.5+/ 4 @ 1 =  58.759 , Out:   0.000#


 Total SPIN, PARITY =     3.5 -,      1 chs,      0 cc.  Rmin & Coul turning =    0.1    3.0
   S-matrix    1 =   -0.46530   0.07703 for L=    3, J=    3.5 channel on core I =   0.0 from L=    3,  Acc. loss =  0.0 D.
 Elastic phase shift   1 =   85.300  21.530 deg. for the L =    3, J =    3.5 channel.
       3.5 -0.46530343  0.07703232i: elastic S-matrix  @@      0.00  0   0 F  0
 Reaction Xsec     3.5-/ 3 @ 1 =  63.910 , Out:   0.000#


 Total SPIN, PARITY =     4.5 +,      1 chs,      0 cc.  Rmin & Coul turning =    0.2    3.8
   S-matrix    1 =   -0.01295   0.40231 for L=    4, J=    4.5 channel on core I =   0.0 from L=    4,  Acc. loss =  0.0 D.
 Elastic phase shift   1 =   45.922  26.070 deg. for the L =    4, J =    4.5 channel.
       4.5 -0.01294774  0.40231499i: elastic S-matrix  @@      0.00  0   0 F  0
 Reaction Xsec     4.5+/ 4 @ 1 =  86.095 , Out:   0.000#


 Total SPIN, PARITY =     4.5 -,      1 chs,      0 cc.  Rmin & Coul turning =    0.2    3.8
   S-matrix    1 =    0.73256   0.23303 for L=    5, J=    4.5 channel on core I =   0.0 from L=    5,  Acc. loss =  0.0 D.
 Elastic phase shift   1 =    8.823   7.535 deg. for the L =    5, J =    4.5 channel.
       4.5  0.73256156  0.23303496i: elastic S-matrix  @@      0.00  0   0 F  0
 Reaction Xsec     4.5-/ 5 @ 1 =  42.026 , Out:   0.000#


 Total SPIN, PARITY =     5.5 +,      1 chs,      0 cc.  Rmin & Coul turning =    0.2    4.6
   S-matrix    1 =    0.90285   0.10635 for L=    6, J=    5.5 channel on core I =   0.0 from L=    6,  Acc. loss =  0.0 D.
 Elastic phase shift   1 =    3.359   2.730 deg. for the L =    6, J =    5.5 channel.
       5.5  0.90285276  0.10634903i: elastic S-matrix  @@      0.00  0   0 F  0
 Reaction Xsec     5.5+/ 6 @ 1 =  21.397 , Out:   0.000#


 Total SPIN, PARITY =     5.5 -,      1 chs,      0 cc.  Rmin & Coul turning =    0.2    4.6
   S-matrix    1 =    0.61022   0.35761 for L=    5, J=    5.5 channel on core I =   0.0 from L=    5,  Acc. loss =  0.0 D.
 Elastic phase shift   1 =   15.186   9.921 deg. for the L =    5, J =    5.5 channel.
       5.5  0.61021571  0.35761290i: elastic S-matrix  @@      0.00  0   0 F  0
 Reaction Xsec     5.5-/ 5 @ 1 =  61.614 , Out:   0.000#


 Total SPIN, PARITY =     6.5 +,      1 chs,      0 cc.  Rmin & Coul turning =    0.3    5.4
   S-matrix    1 =    0.88344   0.16025 for L=    6, J=    6.5 channel on core I =   0.0 from L=    6,  Acc. loss =  0.0 D.
 Elastic phase shift   1 =    5.141   3.087 deg. for the L =    6, J =    6.5 channel.
       6.5  0.88344436  0.16025395i: elastic S-matrix  @@      0.00  0   0 F  0
 Reaction Xsec     6.5+/ 6 @ 1 =  27.882 , Out:   0.000#


 Total SPIN, PARITY =     6.5 -,      1 chs,      0 cc.  Rmin & Coul turning =    0.3    5.4
   S-matrix    1 =    0.96631   0.04162 for L=    7, J=    6.5 channel on core I =   0.0 from L=    7,  Acc. loss =  0.0 D.
 Elastic phase shift   1 =    1.233   0.955 deg. for the L =    7, J =    6.5 channel.
       6.5  0.96631198  0.04162474i: elastic S-matrix  @@      0.00  0   0 F  0
 Reaction Xsec     6.5-/ 7 @ 1 =   9.279 , Out:   0.000#


 Total SPIN, PARITY =     7.5 +,      1 chs,      0 cc.  Rmin & Coul turning =    0.3    6.2
   S-matrix    1 =    0.98840   0.01524 for L=    8, J=    7.5 channel on core I =   0.0 from L=    8,  Acc. loss =  0.0 D.
 Elastic phase shift   1 =    0.442   0.331 deg. for the L =    8, J =    7.5 channel.
       7.5  0.98840263  0.01523724i: elastic S-matrix  @@      0.00  0   0 F  0
 Reaction Xsec     7.5+/ 8 @ 1 =   3.753 , Out:   0.000#


 Total SPIN, PARITY =     7.5 -,      1 chs,      0 cc.  Rmin & Coul turning =    0.3    6.2
   S-matrix    1 =    0.96375   0.05903 for L=    7, J=    7.5 channel on core I =   0.0 from L=    7,  Acc. loss =  0.0 D.
 Elastic phase shift   1 =    1.753   1.004 deg. for the L =    7, J =    7.5 channel.
       7.5  0.96375275  0.05903351i: elastic S-matrix  @@      0.00  0   0 F  0
 Reaction Xsec     7.5-/ 7 @ 1 =  11.128 , Out:   0.000#


 Total SPIN, PARITY =     8.5 +,      1 chs,      0 cc.  Rmin & Coul turning =    0.4    7.0
   S-matrix    1 =    0.98808   0.02064 for L=    8, J=    8.5 channel on core I =   0.0 from L=    8,  Acc. loss =  0.0 D.
 Elastic phase shift   1 =    0.598   0.337 deg. for the L =    8, J =    8.5 channel.
       8.5  0.98807652  0.02064141i: elastic S-matrix  @@      0.00  0   0 F  0
 Reaction Xsec     8.5+/ 8 @ 1 =   4.305 , Out:   0.000#


 Total SPIN, PARITY =     8.5 -,      1 chs,      0 cc.  Rmin & Coul turning =    0.4    7.0
   S-matrix    1 =    0.99601   0.00541 for L=    9, J=    8.5 channel on core I =   0.0 from L=    9,  Acc. loss =  0.0 D.
 Elastic phase shift   1 =    0.156   0.114 deg. for the L =    9, J =    8.5 channel.
       8.5  0.99601497  0.00541369i: elastic S-matrix  @@      0.00  0   0 F  0
 Reaction Xsec     8.5-/ 9 @ 1 =   1.466 , Out:   0.000#


 Total SPIN, PARITY =     9.5 +,      1 chs,      0 cc.  Rmin & Coul turning =    0.4    7.8
   S-matrix    1 =    0.99863   0.00190 for L=   10, J=    9.5 channel on core I =   0.0 from L=   10,  Acc. loss =  0.0 D.
 Elastic phase shift   1 =    0.054   0.039 deg. for the L =   10, J =    9.5 channel.
       9.5  0.99863390  0.00189522i: elastic S-matrix  @@      0.00  0   0 F  0
 Reaction Xsec     9.5+/10 @ 1 =   0.560 , Out:   0.000#


 Total SPIN, PARITY =     9.5 -,      1 chs,      0 cc.  Rmin & Coul turning =    0.4    7.8
   S-matrix    1 =    0.99597   0.00709 for L=    9, J=    9.5 channel on core I =   0.0 from L=    9,  Acc. loss =  0.0 D.
 Elastic phase shift   1 =    0.204   0.115 deg. for the L =    9, J =    9.5 channel.
       9.5  0.99597366  0.00709252i: elastic S-matrix  @@      0.00  0   0 F  0
 Reaction Xsec     9.5-/ 9 @ 1 =   1.641 , Out:   0.000#


 Total SPIN, PARITY =    10.5 +,      1 chs,      0 cc.  Rmin & Coul turning =    0.5    8.7
   S-matrix    1 =    0.99863   0.00242 for L=   10, J=   10.5 channel on core I =   0.0 from L=   10,  Acc. loss =  0.0 D.
 Elastic phase shift   1 =    0.069   0.039 deg. for the L =   10, J =   10.5 channel.
      10.5  0.99862868  0.00241813i: elastic S-matrix  @@      0.00  0   0 F  0
 Reaction Xsec    10.5+/10 @ 1 =   0.618 , Out:   0.000#


 Total SPIN, PARITY =    10.5 -,      1 chs,      0 cc.  Rmin & Coul turning =    0.5    8.7
   S-matrix    1 =    0.99953   0.00066 for L=   11, J=   10.5 channel on core I =   0.0 from L=   11,  Acc. loss =  0.0 D.
 Elastic phase shift   1 =    0.019   0.013 deg. for the L =   11, J =   10.5 channel.
      10.5  0.99953299  0.00065789i: elastic S-matrix  @@      0.00  0   0 F  0
 Reaction Xsec    10.5-/11 @ 1 =   0.211 , Out:   0.000#


 Total SPIN, PARITY =    11.5 +,      1 chs,      0 cc.  Rmin & Coul turning =    0.5    9.5
   S-matrix    1 =    0.99984   0.00023 for L=   12, J=   11.5 channel on core I =   0.0 from L=   12,  Acc. loss =  0.0 D.
 Elastic phase shift   1 =    0.007   0.005 deg. for the L =   12, J =   11.5 channel.
      11.5  0.99984079  0.00022709i: elastic S-matrix  @@      0.00  0   0 F  0
 Reaction Xsec    11.5+/12 @ 1 =   0.078 , Out:   0.000#


 Total SPIN, PARITY =    11.5 -,      1 chs,      0 cc.  Rmin & Coul turning =    0.5    9.5
   S-matrix    1 =    0.99953   0.00082 for L=   11, J=   11.5 channel on core I =   0.0 from L=   11,  Acc. loss =  0.0 D.
 Elastic phase shift   1 =    0.024   0.013 deg. for the L =   11, J =   11.5 channel.
      11.5  0.99953233  0.00082078i: elastic S-matrix  @@      0.00  0   0 F  0
 Reaction Xsec    11.5-/11 @ 1 =   0.230 , Out:   0.000#


 Total SPIN, PARITY =    12.5 +,      1 chs,      0 cc.  Rmin & Coul turning =    0.6   10.3
   S-matrix    1 =    0.99984   0.00028 for L=   12, J=   12.5 channel on core I =   0.0 from L=   12,  Acc. loss =  0.0 D.
 Elastic phase shift   1 =    0.008   0.005 deg. for the L =   12, J =   12.5 channel.
      12.5  0.99984071  0.00027775i: elastic S-matrix  @@      0.00  0   0 F  0
 Reaction Xsec    12.5+/12 @ 1 =   0.085 , Out:   0.000#


 Total SPIN, PARITY =    12.5 -,      1 chs,      0 cc.  Rmin & Coul turning =    0.6   10.3
   S-matrix    1 =    0.99995   0.00008 for L=   13, J=   12.5 channel on core I =   0.0 from L=   13,  Acc. loss =  0.0 D.
 Elastic phase shift   1 =    0.002   0.002 deg. for the L =   13, J =   12.5 channel.
      12.5  0.99994586  0.00007805i: elastic S-matrix  @@      0.00  0   0 F  0
 Reaction Xsec    12.5-/13 @ 1 =   0.029 , Out:   0.000#


 Total SPIN, PARITY =    13.5 +,      1 chs,      0 cc.  Rmin & Coul turning =    0.6   11.1
   S-matrix    1 =    0.99998   0.00003 for L=   14, J=   13.5 channel on core I =   0.0 from L=   14,  Acc. loss =  0.0 D.
 Elastic phase shift   1 =    0.001   0.001 deg. for the L =   14, J =   13.5 channel.
      13.5  0.99998163  0.00002673i: elastic S-matrix  @@      0.00  0   0 F  0
 Reaction Xsec    13.5+/14 @ 1 =   0.011 , Out:   0.000#


 Total SPIN, PARITY =    13.5 -,      1 chs,      0 cc.  Rmin & Coul turning =    0.6   11.1
   S-matrix    1 =    0.99995   0.00009 for L=   13, J=   13.5 channel on core I =   0.0 from L=   13,  Acc. loss =  0.0 D.
 Elastic phase shift   1 =    0.003   0.002 deg. for the L =   13, J =   13.5 channel.
      13.5  0.99994585  0.00009377i: elastic S-matrix  @@      0.00  0   0 F  0
 Reaction Xsec    13.5-/13 @ 1 =   0.031 , Out:   0.000#


 Total SPIN, PARITY =    14.5 +,      1 chs,      0 cc.  Rmin & Coul turning =    0.7   11.9
   S-matrix    1 =    0.99998   0.00003 for L=   14, J=   14.5 channel on core I =   0.0 from L=   14,  Acc. loss =  0.0 D.
 Elastic phase shift   1 =    0.001   0.001 deg. for the L =   14, J =   14.5 channel.
      14.5  0.99998163  0.00003160i: elastic S-matrix  @@      0.00  0   0 F  0
 Reaction Xsec    14.5+/14 @ 1 =   0.011 , Out:   0.000#


 Total SPIN, PARITY =    14.5 -,      1 chs,      0 cc.  Rmin & Coul turning =    0.7   11.9
   S-matrix    1 =    0.99999   0.00001 for L=   15, J=   14.5 channel on core I =   0.0 from L=   15,  Acc. loss =  0.0 D.
 Elastic phase shift   1 =    0.000   0.000 deg. for the L =   15, J =   14.5 channel.
      14.5  0.99999378  0.00000913i: elastic S-matrix  @@      0.00  0   0 F  0
 Reaction Xsec    14.5-/15 @ 1 =   3.834/, Out:   0.000#


 Total SPIN, PARITY =    15.5 +,      1 chs,      0 cc.  Rmin & Coul turning =    0.7   12.7
   S-matrix    1 =    1.00000   0.00000 for L=   16, J=   15.5 channel on core I =   0.0 from L=   16,  Acc. loss =  0.0 D.
 Elastic phase shift   1 =    0.000   0.000 deg. for the L =   16, J =   15.5 channel.
      15.5  0.99999790  0.00000311i: elastic S-matrix  @@      0.00  0   0 F  0
 Reaction Xsec    15.5+/16 @ 1 =   1.382/, Out:   0.000#


 Total SPIN, PARITY =    15.5 -,      1 chs,      0 cc.  Rmin & Coul turning =    0.7   12.7
   S-matrix    1 =    0.99999   0.00001 for L=   15, J=   15.5 channel on core I =   0.0 from L=   15,  Acc. loss =  0.0 D.
 Elastic phase shift   1 =    0.000   0.000 deg. for the L =   15, J =   15.5 channel.
      15.5  0.99999378  0.00001063i: elastic S-matrix  @@      0.00  0   0 F  0
 Reaction Xsec    15.5-/15 @ 1 =   4.090/, Out:   0.000#


 Total SPIN, PARITY =    16.5 +,      1 chs,      0 cc.  Rmin & Coul turning =    0.8   13.5
   S-matrix    1 =    1.00000   0.00000 for L=   16, J=   16.5 channel on core I =   0.0 from L=   16,  Acc. loss =  0.0 D.
 Elastic phase shift   1 =    0.000   0.000 deg. for the L =   16, J =   16.5 channel.
      16.5  0.99999790  0.00000357i: elastic S-matrix  @@      0.00  0   0 F  0
 Reaction Xsec    16.5+/16 @ 1 =   1.469/, Out:   0.000#


 Total SPIN, PARITY =    16.5 -,      1 chs,      0 cc.  Rmin & Coul turning =    0.8   13.5
   S-matrix    1 =    1.00000   0.00000 for L=   17, J=   16.5 channel on core I =   0.0 from L=   17,  Acc. loss =  0.0 D.
 Elastic phase shift   1 =    0.000   0.000 deg. for the L =   17, J =   16.5 channel.
      16.5  0.99999929  0.00000106i: elastic S-matrix  @@      0.00  0   0 F  0
 Reaction Xsec    16.5-/17 @ 1 =   0.496/, Out:   0.000#


 Total SPIN, PARITY =    17.5 +,      1 chs,      0 cc.  Rmin & Coul turning =    0.8   14.3
   S-matrix    1 =    1.00000   0.00000 for L=   18, J=   17.5 channel on core I =   0.0 from L=   18,  Acc. loss =  0.0 D.
 Elastic phase shift   1 =    0.000   0.000 deg. for the L =   18, J =   17.5 channel.
      17.5  0.99999976  0.00000036i: elastic S-matrix  @@      0.00  0   0 F  0
 Reaction Xsec    17.5+/18 @ 1 =   0.177/, Out:   0.000#


 Total SPIN, PARITY =    17.5 -,      1 chs,      0 cc.  Rmin & Coul turning =    0.8   14.3
   S-matrix    1 =    1.00000   0.00000 for L=   17, J=   17.5 channel on core I =   0.0 from L=   17,  Acc. loss =  0.0 D.
 Elastic phase shift   1 =    0.000   0.000 deg. for the L =   17, J =   17.5 channel.
      17.5  0.99999929  0.00000120i: elastic S-matrix  @@      0.00  0   0 F  0
 Reaction Xsec    17.5-/17 @ 1 =   0.525/, Out:   0.000#

 Finished all CC sets @    4.88199992E-03
0CUMULATIVE REACTION cross section                 =  579.08426  <L> =     3.87  <L**2> =     18.2
0CUMULATIVE outgoing cross sections in partition 1 :    0.00000
0Cumulative ABSORBTION by Imaginary Potentials     =  579.08426  <L> =     3.87  <L**2> =     18.2
   Fusion for specific p        M-states :  579.084256  579.084256
0CUMULATIVE OUTGOING cross section                 =    0.00000
 To convert to S-factors (MeV.mb = keV.b),  multiply by  1.2763E+02


 CROSS SECTIONS FOR OUTGOING p        & O20      in state #   1 with spins & parities 0.5  + &  0.0  +;  0

     3.00 deg.: X-S =   1.2696E+05 mb/sr,
+                                         /R =   7.9808E-01
     4.00 deg.: X-S =   3.4893E+04 mb/sr,
+                                         /R =   6.9295E-01
     5.00 deg.: X-S =   1.2492E+04 mb/sr,
+                                         /R =   6.0539E-01
     6.00 deg.: X-S =  5560.568106 mb/sr,
+                                         /R =   5.5849E-01
     7.00 deg.: X-S =  3092.781867 mb/sr,
+                                         /R =   5.7510E-01
     8.00 deg.: X-S =  2134.672894 mb/sr,
+                                         /R =   6.7665E-01
     9.00 deg.: X-S =  1738.294765 mb/sr,
+                                         /R =   8.8184E-01
    10.00 deg.: X-S =  1560.551743 mb/sr,
+                                         /R =   1.2055E+00
    11.00 deg.: X-S =  1466.989315 mb/sr,
+                                         /R =   1.6573E+00
    12.00 deg.: X-S =  1402.496706 mb/sr,
+                                         /R =   2.2415E+00
    13.00 deg.: X-S =  1344.347832 mb/sr,
+                                         /R =   2.9556E+00
    14.00 deg.: X-S =  1283.692123 mb/sr,
+                                         /R =   3.7908E+00
    15.00 deg.: X-S =  1217.784059 mb/sr,
+                                         /R =   4.7321E+00
    16.00 deg.: X-S =  1146.560441 mb/sr,
+                                         /R =   5.7585E+00
    17.00 deg.: X-S =  1071.079299 mb/sr,
+                                         /R =   6.8442E+00
    18.00 deg.: X-S =   992.792358 mb/sr,
+                                         /R =   7.9594E+00
    19.00 deg.: X-S =   913.204133 mb/sr,
+                                         /R =   9.0719E+00
    20.00 deg.: X-S =   833.715304 mb/sr,
+                                         /R =   1.0148E+01
    21.00 deg.: X-S =   755.555663 mb/sr,
+                                         /R =   1.1156E+01
    22.00 deg.: X-S =   679.761155 mb/sr,
+                                         /R =   1.2063E+01
    23.00 deg.: X-S =   607.172732 mb/sr,
+                                         /R =   1.2842E+01
    24.00 deg.: X-S =   538.445911 mb/sr,
+                                         /R =   1.3469E+01
    25.00 deg.: X-S =   474.065457 mb/sr,
+                                         /R =   1.3928E+01
    26.00 deg.: X-S =   414.362328 mb/sr,
+                                         /R =   1.4204E+01
    27.00 deg.: X-S =   359.531386 mb/sr,
+                                         /R =   1.4295E+01
    28.00 deg.: X-S =   309.649097 mb/sr,
+                                         /R =   1.4199E+01
    29.00 deg.: X-S =   264.690739 mb/sr,
+                                         /R =   1.3926E+01
    30.00 deg.: X-S =   224.546866 mb/sr,
+                                         /R =   1.3489E+01
    31.00 deg.: X-S =   189.038812 mb/sr,
+                                         /R =   1.2907E+01
    32.00 deg.: X-S =   157.933136 mb/sr,
+                                         /R =   1.2204E+01
    33.00 deg.: X-S =   130.954878 mb/sr,
+                                         /R =   1.1407E+01
    34.00 deg.: X-S =   107.799577 mb/sr,
+                                         /R =   1.0545E+01
    35.00 deg.: X-S =    88.144008 mb/sr,
+                                         /R =   9.6483E+00
    36.00 deg.: X-S =    71.655608 mb/sr,
+                                         /R =   8.7473E+00
    37.00 deg.: X-S =    58.000615 mb/sr,
+                                         /R =   7.8710E+00
    38.00 deg.: X-S =    46.850930 mb/sr,
+                                         /R =   7.0466E+00
    39.00 deg.: X-S =    37.889773 mb/sr,
+                                         /R =   6.2979E+00
    40.00 deg.: X-S =    30.816180 mb/sr,
+                                         /R =   5.6452E+00
    41.00 deg.: X-S =    25.348442 mb/sr,
+                                         /R =   5.1044E+00
    42.00 deg.: X-S =    21.226555 mb/sr,
+                                         /R =   4.6869E+00
    43.00 deg.: X-S =    18.213811 mb/sr,
+                                         /R =   4.3994E+00
    44.00 deg.: X-S =    16.097606 mb/sr,
+                                         /R =   4.2438E+00
    45.00 deg.: X-S =    14.689596 mb/sr,
+                                         /R =   4.2176E+00
    46.00 deg.: X-S =    13.825287 mb/sr,
+                                         /R =   4.3140E+00
    47.00 deg.: X-S =    13.363173 mb/sr,
+                                         /R =   4.5227E+00
    48.00 deg.: X-S =    13.183514 mb/sr,
+                                         /R =   4.8303E+00
    49.00 deg.: X-S =    13.186841 mb/sr,
+                                         /R =   5.2208E+00
    50.00 deg.: X-S =    13.292271 mb/sr,
+                                         /R =   5.6765E+00
    51.00 deg.: X-S =    13.435705 mb/sr,
+                                         /R =   6.1786E+00
    52.00 deg.: X-S =    13.567968 mb/sr,
+                                         /R =   6.7077E+00
    53.00 deg.: X-S =    13.652949 mb/sr,
+                                         /R =   7.2448E+00
    54.00 deg.: X-S =    13.665776 mb/sr,
+                                         /R =   7.7717E+00
    55.00 deg.: X-S =    13.591081 mb/sr,
+                                         /R =   8.2712E+00
    56.00 deg.: X-S =    13.421357 mb/sr,
+                                         /R =   8.7282E+00
    57.00 deg.: X-S =    13.155445 mb/sr,
+                                         /R =   9.1295E+00
    58.00 deg.: X-S =    12.797161 mb/sr,
+                                         /R =   9.4643E+00
    59.00 deg.: X-S =    12.354071 mb/sr,
+                                         /R =   9.7243E+00
    60.00 deg.: X-S =    11.836404 mb/sr,
+                                         /R =   9.9036E+00
    61.00 deg.: X-S =    11.256129 mb/sr,
+                                         /R =   9.9990E+00
    62.00 deg.: X-S =    10.626160 mb/sr,
+                                         /R =   1.0010E+01
    63.00 deg.: X-S =     9.959705 mb/sr,
+                                         /R =   9.9375E+00
    64.00 deg.: X-S =     9.269737 mb/sr,
+                                         /R =   9.7858E+00
    65.00 deg.: X-S =     8.568583 mb/sr,
+                                         /R =   9.5602E+00
    66.00 deg.: X-S =     7.867615 mb/sr,
+                                         /R =   9.2677E+00
    67.00 deg.: X-S =     7.177031 mb/sr,
+                                         /R =   8.9165E+00
    68.00 deg.: X-S =     6.505716 mb/sr,
+                                         /R =   8.5160E+00
    69.00 deg.: X-S =     5.861171 mb/sr,
+                                         /R =   8.0759E+00
    70.00 deg.: X-S =     5.249501 mb/sr,
+                                         /R =   7.6063E+00
    71.00 deg.: X-S =     4.675440 mb/sr,
+                                         /R =   7.1176E+00
    72.00 deg.: X-S =     4.142421 mb/sr,
+                                         /R =   6.6194E+00
    73.00 deg.: X-S =     3.652668 mb/sr,
+                                         /R =   6.1214E+00
    74.00 deg.: X-S =     3.207308 mb/sr,
+                                         /R =   5.6323E+00
    75.00 deg.: X-S =     2.806493 mb/sr,
+                                         /R =   5.1599E+00
    76.00 deg.: X-S =     2.449534 mb/sr,
+                                         /R =   4.7113E+00
    77.00 deg.: X-S =     2.135035 mb/sr,
+                                         /R =   4.2924E+00
    78.00 deg.: X-S =     1.861016 mb/sr,
+                                         /R =   3.9078E+00
    79.00 deg.: X-S =     1.625046 mb/sr,
+                                         /R =   3.5612E+00
    80.00 deg.: X-S =     1.424352 mb/sr,
+                                         /R =   3.2552E+00
    81.00 deg.: X-S =     1.255931 mb/sr,
+                                         /R =   2.9911E+00
    82.00 deg.: X-S =     1.116646 mb/sr,
+                                         /R =   2.7694E+00
    83.00 deg.: X-S =     1.003307 mb/sr,
+                                         /R =   2.5893E+00
    84.00 deg.: X-S =     0.912746 mb/sr,
+                                         /R =   2.4495E+00
    85.00 deg.: X-S =     0.841879 mb/sr,
+                                         /R =   2.3479E+00
    86.00 deg.: X-S =     0.787753 mb/sr,
+                                         /R =   2.2815E+00
    87.00 deg.: X-S =     0.747589 mb/sr,
+                                         /R =   2.2470E+00
    88.00 deg.: X-S =     0.718810 mb/sr,
+                                         /R =   2.2407E+00
    89.00 deg.: X-S =     0.699060 mb/sr,
+                                         /R =   2.2587E+00
    90.00 deg.: X-S =     0.686220 mb/sr,
+                                         /R =   2.2967E+00
    91.00 deg.: X-S =     0.678410 mb/sr,
+                                         /R =   2.3505E+00
    92.00 deg.: X-S =     0.673992 mb/sr,
+                                         /R =   2.4159E+00
    93.00 deg.: X-S =     0.671563 mb/sr,
+                                         /R =   2.4890E+00
    94.00 deg.: X-S =     0.669946 mb/sr,
+                                         /R =   2.5659E+00
    95.00 deg.: X-S =     0.668176 mb/sr,
+                                         /R =   2.6431E+00
    96.00 deg.: X-S =     0.665488 mb/sr,
+                                         /R =   2.7172E+00
    97.00 deg.: X-S =     0.661297 mb/sr,
+                                         /R =   2.7856E+00
    98.00 deg.: X-S =     0.655181 mb/sr,
+                                         /R =   2.8456E+00
    99.00 deg.: X-S =     0.646865 mb/sr,
+                                         /R =   2.8953E+00
   100.00 deg.: X-S =     0.636198 mb/sr,
+                                         /R =   2.9329E+00
   101.00 deg.: X-S =     0.623139 mb/sr,
+                                         /R =   2.9573E+00
   102.00 deg.: X-S =     0.607737 mb/sr,
+                                         /R =   2.9677E+00
   103.00 deg.: X-S =     0.590116 mb/sr,
+                                         /R =   2.9635E+00
   104.00 deg.: X-S =     0.570458 mb/sr,
+                                         /R =   2.9447E+00
   105.00 deg.: X-S =     0.548990 mb/sr,
+                                         /R =   2.9115E+00
   106.00 deg.: X-S =     0.525970 mb/sr,
+                                         /R =   2.8645E+00
   107.00 deg.: X-S =     0.501678 mb/sr,
+                                         /R =   2.8043E+00
   108.00 deg.: X-S =     0.476403 mb/sr,
+                                         /R =   2.7321E+00
   109.00 deg.: X-S =     0.450435 mb/sr,
+                                         /R =   2.6489E+00
   110.00 deg.: X-S =     0.424060 mb/sr,
+                                         /R =   2.5561E+00
   111.00 deg.: X-S =     0.397550 mb/sr,
+                                         /R =   2.4550E+00
   112.00 deg.: X-S =     0.371162 mb/sr,
+                                         /R =   2.3472E+00
   113.00 deg.: X-S =     0.345131 mb/sr,
+                                         /R =   2.2341E+00
   114.00 deg.: X-S =     0.319671 mb/sr,
+                                         /R =   2.1172E+00
   115.00 deg.: X-S =     0.294969 mb/sr,
+                                         /R =   1.9980E+00
   116.00 deg.: X-S =     0.271188 mb/sr,
+                                         /R =   1.8778E+00
   117.00 deg.: X-S =     0.248462 mb/sr,
+                                         /R =   1.7580E+00
   118.00 deg.: X-S =     0.226902 mb/sr,
+                                         /R =   1.6398E+00
   119.00 deg.: X-S =     0.206591 mb/sr,
+                                         /R =   1.5244E+00
   120.00 deg.: X-S =     0.187592 mb/sr,
+                                         /R =   1.4126E+00
   121.00 deg.: X-S =     0.169941 mb/sr,
+                                         /R =   1.3055E+00
   122.00 deg.: X-S =     0.153658 mb/sr,
+                                         /R =   1.2037E+00
   123.00 deg.: X-S =     0.138740 mb/sr,
+                                         /R =   1.1079E+00
   124.00 deg.: X-S =     0.125171 mb/sr,
+                                         /R =   1.0184E+00
   125.00 deg.: X-S =     0.112920 mb/sr,
+                                         /R =   9.3579E-01
   126.00 deg.: X-S =     0.101943 mb/sr,
+                                         /R =   8.6015E-01
   127.00 deg.: X-S =     0.092186 mb/sr,
+                                         /R =   7.9163E-01
   128.00 deg.: X-S =     0.083588 mb/sr,
+                                         /R =   7.3026E-01
   129.00 deg.: X-S =     0.076082 mb/sr,
+                                         /R =   6.7597E-01
   130.00 deg.: X-S =     0.069597 mb/sr,
+                                         /R =   6.2862E-01
   131.00 deg.: X-S =     0.064059 mb/sr,
+                                         /R =   5.8798E-01
   132.00 deg.: X-S =     0.059393 mb/sr,
+                                         /R =   5.5380E-01
   133.00 deg.: X-S =     0.055527 mb/sr,
+                                         /R =   5.2576E-01
   134.00 deg.: X-S =     0.052387 mb/sr,
+                                         /R =   5.0352E-01
   135.00 deg.: X-S =     0.049905 mb/sr,
+                                         /R =   4.8674E-01
   136.00 deg.: X-S =     0.048014 mb/sr,
+                                         /R =   4.7503E-01
   137.00 deg.: X-S =     0.046654 mb/sr,
+                                         /R =   4.6805E-01
   138.00 deg.: X-S =     0.045767 mb/sr,
+                                         /R =   4.6543E-01
   139.00 deg.: X-S =     0.045302 mb/sr,
+                                         /R =   4.6683E-01
   140.00 deg.: X-S =     0.045213 mb/sr,
+                                         /R =   4.7195E-01
   141.00 deg.: X-S =     0.045458 mb/sr,
+                                         /R =   4.8050E-01
   142.00 deg.: X-S =     0.046001 mb/sr,
+                                         /R =   4.9220E-01
   143.00 deg.: X-S =     0.046812 mb/sr,
+                                         /R =   5.0685E-01
   144.00 deg.: X-S =     0.047864 mb/sr,
+                                         /R =   5.2424E-01
   145.00 deg.: X-S =     0.049135 mb/sr,
+                                         /R =   5.4421E-01
   146.00 deg.: X-S =     0.050607 mb/sr,
+                                         /R =   5.6662E-01
   147.00 deg.: X-S =     0.052266 mb/sr,
+                                         /R =   5.9137E-01
   148.00 deg.: X-S =     0.054099 mb/sr,
+                                         /R =   6.1836E-01
   149.00 deg.: X-S =     0.056097 mb/sr,
+                                         /R =   6.4755E-01
   150.00 deg.: X-S =     0.058252 mb/sr,
+                                         /R =   6.7885E-01
   151.00 deg.: X-S =     0.060558 mb/sr,
+                                         /R =   7.1225E-01
   152.00 deg.: X-S =     0.063009 mb/sr,
+                                         /R =   7.4767E-01
   153.00 deg.: X-S =     0.065600 mb/sr,
+                                         /R =   7.8509E-01
   154.00 deg.: X-S =     0.068324 mb/sr,
+                                         /R =   8.2444E-01
   155.00 deg.: X-S =     0.071175 mb/sr,
+                                         /R =   8.6565E-01
   156.00 deg.: X-S =     0.074144 mb/sr,
+                                         /R =   9.0863E-01
   157.00 deg.: X-S =     0.077224 mb/sr,
+                                         /R =   9.5327E-01
   158.00 deg.: X-S =     0.080403 mb/sr,
+                                         /R =   9.9942E-01
   159.00 deg.: X-S =     0.083668 mb/sr,
+                                         /R =   1.0469E+00
   160.00 deg.: X-S =     0.087005 mb/sr,
+                                         /R =   1.0956E+00
   161.00 deg.: X-S =     0.090398 mb/sr,
+                                         /R =   1.1451E+00
   162.00 deg.: X-S =     0.093827 mb/sr,
+                                         /R =   1.1954E+00
   163.00 deg.: X-S =     0.097273 mb/sr,
+                                         /R =   1.2459E+00
   164.00 deg.: X-S =     0.100713 mb/sr,
+                                         /R =   1.2965E+00
   165.00 deg.: X-S =     0.104124 mb/sr,
+                                         /R =   1.3468E+00
   166.00 deg.: X-S =     0.107482 mb/sr,
+                                         /R =   1.3965E+00
   167.00 deg.: X-S =     0.110760 mb/sr,
+                                         /R =   1.4450E+00
   168.00 deg.: X-S =     0.113933 mb/sr,
+                                         /R =   1.4921E+00
   169.00 deg.: X-S =     0.116973 mb/sr,
+                                         /R =   1.5373E+00
   170.00 deg.: X-S =     0.119855 mb/sr,
+                                         /R =   1.5803E+00
   171.00 deg.: X-S =     0.122553 mb/sr,
+                                         /R =   1.6205E+00
   172.00 deg.: X-S =     0.125043 mb/sr,
+                                         /R =   1.6577E+00
   173.00 deg.: X-S =     0.127300 mb/sr,
+                                         /R =   1.6915E+00
   174.00 deg.: X-S =     0.129304 mb/sr,
+                                         /R =   1.7216E+00
   175.00 deg.: X-S =     0.131035 mb/sr,
+                                         /R =   1.7475E+00
   176.00 deg.: X-S =     0.132475 mb/sr,
+                                         /R =   1.7692E+00
   177.00 deg.: X-S =     0.133611 mb/sr,
+                                         /R =   1.7862E+00
   178.00 deg.: X-S =     0.134431 mb/sr,
+                                         /R =   1.7986E+00
   179.00 deg.: X-S =     0.134926 mb/sr,
+                                         /R =   1.8060E+00
   179.99 deg.: X-S =     0.135091 mb/sr,
+                                         /R =   1.8085E+00
                                           Integrated 1947.4383 mb, over [   3.000, 180.000] at    35.0000 MeV 
 Finished all xsecs @    5.80300018E-03

  The following files have been created:
   3:local copy of User input.            6:standard output.                   
   7:elastic  S-matrix elements.         13:total cross sections/state.        
  16:tables of cross sections.           38:cross sections for each J/pi.      
  39:cross sections for each Ecm.        40:all cross sectns. for each Elab.   
  45:scat phase shift as E functions.    56:Fusion for each Jtotal.            
 201:Separate cross sections.           

 PARAMETERS : MAXQRN   MFNL   MLOC  LMAX1 MCLIST
    ALLOWED :      1      1      4     70      6
    REQUIRED:      0      0      4     19      4


 ACCURACY ANALYSIS at    35.000 MeV :

  Elastic h*k = 0.037 so OK       compared with 0.200

   Real(S-el) > 0.01 first at J =       3.5
   Real(S-el) > 0.10 first at J =       3.5
   Real(S-el) > 0.50 first at J =       4.5
   Real(S-el) > 0.90 first at J =       5.5
   Real(S-el) > 0.99 first at J =       8.5
   R-turn =    14.32 fm    at J =      17.5

 Forward-angle excitation cut off below   1.361 deg by max JT =      17.5
                              and below   0.330 deg by max R.

