 FRESCO - FRES 3.4: Coupled Reaction Channels
 Assuming NAMELIST input.

 p+O20 with CH89;                                                                

   0.030  60.000   0.500   0.000   0.000   0.000   0.000   0.000   0.000   0.000

 Centre-of-mass Range is   2002 * 0.0300 fm., Maximum at  60.00 fm., Interpolating NL forms every  0.51 fm.
 Non - locality width is      4 * 0.0300 fm., Maximum of   0.09 fm., Centred at  0.00 fm.
 2-Nucleon Separation of      0 * 0.5100 fm., Maximum of   0.00 fm., Minimum at  0.00 fm.
 Maximum single particle bins of 59.6700 fm.
               M,Mint =         2001        1990


 Range of total J is     0.0 <= J <=    50.0 (at least     0.0) and Absorbtion =>     0.0010 mb.
 Dry Run = F, CC set limits =  0  0, Relativistic kinematics =  , Both/Far/Near Analyses =  1                     

 Cross Sections (and up to T0 for 0=projectile) for Theta from   3.0 to-180.0 in steps of  1.0 degrees, DGAM=0,  Coordinates = 0 (Mads)

 Lower Radial Cutoff = maximum of -1.60*L*h &       0.0 fm.,  Lower Cutoff for Couplings =   0.0  fm.


 Iterate Couplings between   0 and   0 times, to  0.000 % if sooner.                                          
  Block solved exactly =   0 chs., with Pade = 0 & Isocen =  =0, NOSOL = F, initwf =  0
  NL quadrature with   18 Gaussian points, Calculate multipoles up to    56 from   0
  M-transfers for lp+lt greater than or equal to  6, Angular Integration Cutoff below  2.7778 %


 Trace switches are :  CHANS =  1, LISTCC =  0, TRENEG =  0, CDETR =  0, SMATS =  2, XSTABL =  1, NLPL =  0

                       WAVES =  0, LAMPL =  0, VEFF =  0, KFUS =  0, WDISK =  0, BPM =  0, MELFIL =  0

                       CDCC =  0, NFUS =  0

 Using unit mass = 1.000000 amu and 1/fine-structure constant = 137.03599 ( 1.000000 * true ) with hc = 197.32705 MeV.fm,
  thus 2*amu/hbar^2 = 0.0478450 = 1/20.9008 and Coulomb constant = 0.1574855 so e^2 = 1.43997, and nuclear magneton= 0.1261183

 Now pre-scan input and save to file 3



 *********** PARTITION NUMBER  1 ******************************************************************************************

   PROJ=p          MASS=  1.0073 Z=   1.0,        # STATES=    1T, TARG=O20      MASS= 19.9997 Z=   8.0,     Q-VALUE =  -0.0000 MEV.

     1:  J= 0.5+ (B# 1), E=  0.0000, K= 0.5              Potl#  1       J= 0.0+ (B# 1), E=  0.0000, K= 0.0    


 ************************************************************************************************************************************

 The following POTENTIALS are defined :

  KP#       TYPE      IT    SHAPE      at     V1        r1        a1        V2        r2        a2        A-in     A-used


                                            A#1       A#2        r0c       ac                                                h @ 1
    1    0=Coulomb       0=CHARGE (WS)  1    20.000     0.000    1.2842    0.0000    0.0000    0.0000     0.000    20.000   0.03000

    1    1=Volume        0=Woods-Saxon  2   32.3685    1.1671    0.6900    4.1029    1.1753    0.6900     0.000    20.000

    1    2=Surface       0=Woods-Saxon  3    0.0000    0.0000    0.0000    8.7067    1.1753    0.6900     0.000    20.000

    1    3=Projtl S.O.   0=Woods-Saxon  4    5.9000    0.8979    0.6300    0.0000    0.0000    0.0000     0.000    20.000

 Incoming partition  1 in excitation state # 1,   Laboratory Energy given for partition  1 Nucleus 1 in Excitation pair 1

0Lab. ENERGY ranges :

   from    35.0000     to   0.00000     in     0 intervals
   from    0.00000     to   0.00000     in     0 intervals
   from    0.00000     to   0.00000     in     0 intervals

 Largest real,imaginary parts of any form factor at R=   59.52 are   2.42E-02  9.33E-32 MeV
 Finished all Couplings @    9.86000057E-04           4

 Symmetric Hamiltonian
1***********************************************************************************************************************************
************************************************************************************************************************************

        INCOMING p        ;    LABORATORY p        ENERGY =   35.000     MeV.

 ***********************************************************************************************************************************
 ***********************************************************************************************************************************

 Allocate arrays for            2  channels, of which            1  need wfs.

 ######################################################################################################################
 #                                                                                                                    #
 # Total SPIN and PARITY =     0.5 +,      1 channels,    0 in 1st block.  Rmin & Coul turning =    0.0    0.3 fm.  #
 #                                                                                                                    #
 ######################################################################################################################



    C Projectl Target   #   EX.   (L  Proj) J  + Targ = Jtotal     E-cm      Re K     Re Eta     RM*K            CH
    1 p        O20      #    1: I   0 0.5    0.5  0.0     0.5    33.32176   1.23648   0.21373   74.1887   0.33920  -0.36833 1 1 1   1
   S-matrix    1 =   -0.19439  -0.26714 for L=    0, J=    0.5 channel on core I =   0.0 from L=    0,  Acc. loss =  0.0 D.
 Elastic phase shift   1 =  -63.021  31.728 deg. for the L =    0, J =    0.5 channel.
       0.5 -0.19438635 -0.26714116i: elastic S-matrix  @@      0.00  0   0 F  0
 Reaction Xsec     0.5+/ 0 @ 1 =  18.305 , Out:   0.000#


 Total SPIN, PARITY =     0.5 -,      1 chs,      0 cc.  Rmin & Coul turning =    0.0    0.3
   S-matrix    1 =   -0.28600   0.01548 for L=    1, J=    0.5 channel on core I =   0.0 from L=    1,  Acc. loss =  0.0 D.
 Elastic phase shift   1 =   88.451  35.819 deg. for the L =    1, J =    0.5 channel.
       0.5 -0.28599886  0.01547671i: elastic S-matrix  @@      0.00  0   0 F  0
 Reaction Xsec     0.5-/ 1 @ 1 =  18.863 , Out:   0.000#


 Total SPIN, PARITY =     1.5 +,      1 chs,      0 cc.  Rmin & Coul turning =    0.0    1.3
   S-matrix    1 =   -0.22421   0.18767 for L=    2, J=    1.5 channel on core I =   0.0 from L=    2,  Acc. loss =  0.0 D.
 Elastic phase shift   1 =   70.035  35.228 deg. for the L =    2, J =    1.5 channel.
       1.5 -0.22421063  0.18766503i: elastic S-matrix  @@      0.00  0   0 F  0
 Reaction Xsec     1.5+/ 2 @ 1 =  37.583 , Out:   0.000#


 Total SPIN, PARITY =     1.5 -,      1 chs,      0 cc.  Rmin & Coul turning =    0.0    1.3
   S-matrix    1 =   -0.25603  -0.14534 for L=    1, J=    1.5 channel on core I =   0.0 from L=    1,  Acc. loss =  0.0 D.
 Elastic phase shift   1 =  -75.209  35.030 deg. for the L =    1, J =    1.5 channel.
       1.5 -0.25603342 -0.14533936i: elastic S-matrix  @@      0.00  0   0 F  0
 Reaction Xsec     1.5-/ 1 @ 1 =  37.535 , Out:   0.000#


 Total SPIN, PARITY =     2.5 +,      1 chs,      0 cc.  Rmin & Coul turning =    0.1    2.2
   S-matrix    1 =   -0.32000  -0.04632 for L=    2, J=    2.5 channel on core I =   0.0 from L=    2,  Acc. loss =  0.0 D.
 Elastic phase shift   1 =  -85.882  32.345 deg. for the L =    2, J =    2.5 channel.
       2.5 -0.32000345 -0.04631613i: elastic S-matrix  @@      0.00  0   0 F  0
 Reaction Xsec     2.5+/ 2 @ 1 =  55.200 , Out:   0.000#


 Total SPIN, PARITY =     2.5 -,      1 chs,      0 cc.  Rmin & Coul turning =    0.1    2.2
   S-matrix    1 =   -0.02782   0.18827 for L=    3, J=    2.5 channel on core I =   0.0 from L=    3,  Acc. loss =  0.0 D.
 Elastic phase shift   1 =   49.202  47.530 deg. for the L =    3, J =    2.5 channel.
       2.5 -0.02781515  0.18826792i: elastic S-matrix  @@      0.00  0   0 F  0
 Reaction Xsec     2.5-/ 3 @ 1 =  59.412 , Out:   0.000#


 Total SPIN, PARITY =     3.5 +,      1 chs,      0 cc.  Rmin & Coul turning =    0.1    3.0
   S-matrix    1 =    0.28798   0.16463 for L=    4, J=    3.5 channel on core I =   0.0 from L=    4,  Acc. loss =  0.0 D.
 Elastic phase shift   1 =   14.878  31.612 deg. for the L =    4, J =    3.5 channel.
       3.5  0.28798493  0.16463482i: elastic S-matrix  @@      0.00  0   0 F  0
 Reaction Xsec     3.5+/ 4 @ 1 =  73.149 , Out:   0.000#


 Total SPIN, PARITY =     3.5 -,      1 chs,      0 cc.  Rmin & Coul turning =    0.1    3.0
   S-matrix    1 =   -0.25058   0.03383 for L=    3, J=    3.5 channel on core I =   0.0 from L=    3,  Acc. loss =  0.0 D.
 Elastic phase shift   1 =   86.156  39.389 deg. for the L =    3, J =    3.5 channel.
       3.5 -0.25058444  0.03382552i: elastic S-matrix  @@      0.00  0   0 F  0
 Reaction Xsec     3.5-/ 3 @ 1 =  76.938 , Out:   0.000#


 Total SPIN, PARITY =     4.5 +,      1 chs,      0 cc.  Rmin & Coul turning =    0.2    3.8
   S-matrix    1 =    0.06605   0.16675 for L=    4, J=    4.5 channel on core I =   0.0 from L=    4,  Acc. loss =  0.0 D.
 Elastic phase shift   1 =   34.196  49.228 deg. for the L =    4, J =    4.5 channel.
       4.5  0.06605037  0.16675042i: elastic S-matrix  @@      0.00  0   0 F  0
 Reaction Xsec     4.5+/ 4 @ 1 =  99.437 , Out:   0.000#


 Total SPIN, PARITY =     4.5 -,      1 chs,      0 cc.  Rmin & Coul turning =    0.2    3.8
   S-matrix    1 =    0.61966   0.13305 for L=    5, J=    4.5 channel on core I =   0.0 from L=    5,  Acc. loss =  0.0 D.
 Elastic phase shift   1 =    6.059  13.065 deg. for the L =    5, J =    4.5 channel.
       4.5  0.61966042  0.13304850i: elastic S-matrix  @@      0.00  0   0 F  0
 Reaction Xsec     4.5-/ 5 @ 1 =  61.472 , Out:   0.000#


 Total SPIN, PARITY =     5.5 +,      1 chs,      0 cc.  Rmin & Coul turning =    0.2    4.6
   S-matrix    1 =    0.83934   0.07772 for L=    6, J=    5.5 channel on core I =   0.0 from L=    6,  Acc. loss =  0.0 D.
 Elastic phase shift   1 =    2.645   4.895 deg. for the L =    6, J =    5.5 channel.
       5.5  0.83933567  0.07771731i: elastic S-matrix  @@      0.00  0   0 F  0
 Reaction Xsec     5.5+/ 6 @ 1 =  35.689 , Out:   0.000#


 Total SPIN, PARITY =     5.5 -,      1 chs,      0 cc.  Rmin & Coul turning =    0.2    4.6
   S-matrix    1 =    0.51869   0.20747 for L=    5, J=    5.5 channel on core I =   0.0 from L=    5,  Acc. loss =  0.0 D.
 Elastic phase shift   1 =   10.901  16.680 deg. for the L =    5, J =    5.5 channel.
       5.5  0.51868986  0.20747213i: elastic S-matrix  @@      0.00  0   0 F  0
 Reaction Xsec     5.5-/ 5 @ 1 =  84.813 , Out:   0.000#


 Total SPIN, PARITY =     6.5 +,      1 chs,      0 cc.  Rmin & Coul turning =    0.3    5.4
   S-matrix    1 =    0.81664   0.12216 for L=    6, J=    6.5 channel on core I =   0.0 from L=    6,  Acc. loss =  0.0 D.
 Elastic phase shift   1 =    4.254   5.486 deg. for the L =    6, J =    6.5 channel.
       6.5  0.81664052  0.12216170i: elastic S-matrix  @@      0.00  0   0 F  0
 Reaction Xsec     6.5+/ 6 @ 1 =  45.766 , Out:   0.000#


 Total SPIN, PARITY =     6.5 -,      1 chs,      0 cc.  Rmin & Coul turning =    0.3    5.4
   S-matrix    1 =    0.94031   0.03471 for L=    7, J=    6.5 channel on core I =   0.0 from L=    7,  Acc. loss =  0.0 D.
 Elastic phase shift   1 =    1.057   1.744 deg. for the L =    7, J =    6.5 channel.
       6.5  0.94030543  0.03470899i: elastic S-matrix  @@      0.00  0   0 F  0
 Reaction Xsec     6.5-/ 7 @ 1 =  16.487 , Out:   0.000#


 Total SPIN, PARITY =     7.5 +,      1 chs,      0 cc.  Rmin & Coul turning =    0.3    6.2
   S-matrix    1 =    0.97890   0.01348 for L=    8, J=    7.5 channel on core I =   0.0 from L=    8,  Acc. loss =  0.0 D.
 Elastic phase shift   1 =    0.395   0.608 deg. for the L =    8, J =    7.5 channel.
       7.5  0.97890308  0.01348250i: elastic S-matrix  @@      0.00  0   0 F  0
 Reaction Xsec     7.5+/ 8 @ 1 =   6.833 , Out:   0.000#


 Total SPIN, PARITY =     7.5 -,      1 chs,      0 cc.  Rmin & Coul turning =    0.3    6.2
   S-matrix    1 =    0.93673   0.05105 for L=    7, J=    7.5 channel on core I =   0.0 from L=    7,  Acc. loss =  0.0 D.
 Elastic phase shift   1 =    1.560   1.830 deg. for the L =    7, J =    7.5 channel.
       7.5  0.93672971  0.05105324i: elastic S-matrix  @@      0.00  0   0 F  0
 Reaction Xsec     7.5-/ 7 @ 1 =  19.715 , Out:   0.000#


 Total SPIN, PARITY =     8.5 +,      1 chs,      0 cc.  Rmin & Coul turning =    0.4    7.0
   S-matrix    1 =    0.97841   0.01878 for L=    8, J=    8.5 channel on core I =   0.0 from L=    8,  Acc. loss =  0.0 D.
 Elastic phase shift   1 =    0.550   0.620 deg. for the L =    8, J =    8.5 channel.
       8.5  0.97840720  0.01877814i: elastic S-matrix  @@      0.00  0   0 F  0
 Reaction Xsec     8.5+/ 8 @ 1 =   7.835 , Out:   0.000#


 Total SPIN, PARITY =     8.5 -,      1 chs,      0 cc.  Rmin & Coul turning =    0.4    7.0
   S-matrix    1 =    0.99268   0.00491 for L=    9, J=    8.5 channel on core I =   0.0 from L=    9,  Acc. loss =  0.0 D.
 Elastic phase shift   1 =    0.142   0.210 deg. for the L =    9, J =    8.5 channel.
       8.5  0.99268186  0.00491396i: elastic S-matrix  @@      0.00  0   0 F  0
 Reaction Xsec     8.5-/ 9 @ 1 =   2.692 , Out:   0.000#


 Total SPIN, PARITY =     9.5 +,      1 chs,      0 cc.  Rmin & Coul turning =    0.4    7.8
   S-matrix    1 =    0.99748   0.00174 for L=   10, J=    9.5 channel on core I =   0.0 from L=   10,  Acc. loss =  0.0 D.
 Elastic phase shift   1 =    0.050   0.072 deg. for the L =   10, J =    9.5 channel.
       9.5  0.99748278  0.00173934i: elastic S-matrix  @@      0.00  0   0 F  0
 Reaction Xsec     9.5+/10 @ 1 =   1.033 , Out:   0.000#


 Total SPIN, PARITY =     9.5 -,      1 chs,      0 cc.  Rmin & Coul turning =    0.4    7.8
   S-matrix    1 =    0.99262   0.00658 for L=    9, J=    9.5 channel on core I =   0.0 from L=    9,  Acc. loss =  0.0 D.
 Elastic phase shift   1 =    0.190   0.212 deg. for the L =    9, J =    9.5 channel.
       9.5  0.99261612  0.00658157i: elastic S-matrix  @@      0.00  0   0 F  0
 Reaction Xsec     9.5-/ 9 @ 1 =   3.014 , Out:   0.000#


 Total SPIN, PARITY =    10.5 +,      1 chs,      0 cc.  Rmin & Coul turning =    0.5    8.7
   S-matrix    1 =    0.99747   0.00226 for L=   10, J=   10.5 channel on core I =   0.0 from L=   10,  Acc. loss =  0.0 D.
 Elastic phase shift   1 =    0.065   0.072 deg. for the L =   10, J =   10.5 channel.
      10.5  0.99747423  0.00226105i: elastic S-matrix  @@      0.00  0   0 F  0
 Reaction Xsec    10.5+/10 @ 1 =   1.139 , Out:   0.000#


 Total SPIN, PARITY =    10.5 -,      1 chs,      0 cc.  Rmin & Coul turning =    0.5    8.7
   S-matrix    1 =    0.99914   0.00061 for L=   11, J=   10.5 channel on core I =   0.0 from L=   11,  Acc. loss =  0.0 D.
 Elastic phase shift   1 =    0.017   0.025 deg. for the L =   11, J =   10.5 channel.
      10.5  0.99913843  0.00060680i: elastic S-matrix  @@      0.00  0   0 F  0
 Reaction Xsec    10.5-/11 @ 1 =   0.389 , Out:   0.000#


 Total SPIN, PARITY =    11.5 +,      1 chs,      0 cc.  Rmin & Coul turning =    0.5    9.5
   S-matrix    1 =    0.99971   0.00021 for L=   12, J=   11.5 channel on core I =   0.0 from L=   12,  Acc. loss =  0.0 D.
 Elastic phase shift   1 =    0.006   0.008 deg. for the L =   12, J =   11.5 channel.
      11.5  0.99970615  0.00020998i: elastic S-matrix  @@      0.00  0   0 F  0
 Reaction Xsec    11.5+/12 @ 1 =   0.145 , Out:   0.000#


 Total SPIN, PARITY =    11.5 -,      1 chs,      0 cc.  Rmin & Coul turning =    0.5    9.5
   S-matrix    1 =    0.99914   0.00077 for L=   11, J=   11.5 channel on core I =   0.0 from L=   11,  Acc. loss =  0.0 D.
 Elastic phase shift   1 =    0.022   0.025 deg. for the L =   11, J =   11.5 channel.
      11.5  0.99913732  0.00076956i: elastic S-matrix  @@      0.00  0   0 F  0
 Reaction Xsec    11.5-/11 @ 1 =   0.425 , Out:   0.000#


 Total SPIN, PARITY =    12.5 +,      1 chs,      0 cc.  Rmin & Coul turning =    0.6   10.3
   S-matrix    1 =    0.99971   0.00026 for L=   12, J=   12.5 channel on core I =   0.0 from L=   12,  Acc. loss =  0.0 D.
 Elastic phase shift   1 =    0.007   0.008 deg. for the L =   12, J =   12.5 channel.
      12.5  0.99970601  0.00026062i: elastic S-matrix  @@      0.00  0   0 F  0
 Reaction Xsec    12.5+/12 @ 1 =   0.157 , Out:   0.000#


 Total SPIN, PARITY =    12.5 -,      1 chs,      0 cc.  Rmin & Coul turning =    0.6   10.3
   S-matrix    1 =    0.99990   0.00007 for L=   13, J=   12.5 channel on core I =   0.0 from L=   13,  Acc. loss =  0.0 D.
 Elastic phase shift   1 =    0.002   0.003 deg. for the L =   13, J =   12.5 channel.
      12.5  0.99990006  0.00007228i: elastic S-matrix  @@      0.00  0   0 F  0
 Reaction Xsec    12.5-/13 @ 1 =   0.053 , Out:   0.000#


 Total SPIN, PARITY =    13.5 +,      1 chs,      0 cc.  Rmin & Coul turning =    0.6   11.1
   S-matrix    1 =    0.99997   0.00002 for L=   14, J=   13.5 channel on core I =   0.0 from L=   14,  Acc. loss =  0.0 D.
 Elastic phase shift   1 =    0.001   0.001 deg. for the L =   14, J =   13.5 channel.
      13.5  0.99996609  0.00002478i: elastic S-matrix  @@      0.00  0   0 F  0
 Reaction Xsec    13.5+/14 @ 1 =   0.020 , Out:   0.000#


 Total SPIN, PARITY =    13.5 -,      1 chs,      0 cc.  Rmin & Coul turning =    0.6   11.1
   S-matrix    1 =    0.99990   0.00009 for L=   13, J=   13.5 channel on core I =   0.0 from L=   13,  Acc. loss =  0.0 D.
 Elastic phase shift   1 =    0.003   0.003 deg. for the L =   13, J =   13.5 channel.
      13.5  0.99990004  0.00008799i: elastic S-matrix  @@      0.00  0   0 F  0
 Reaction Xsec    13.5-/13 @ 1 =   0.058 , Out:   0.000#


 Total SPIN, PARITY =    14.5 +,      1 chs,      0 cc.  Rmin & Coul turning =    0.7   11.9
   S-matrix    1 =    0.99997   0.00003 for L=   14, J=   14.5 channel on core I =   0.0 from L=   14,  Acc. loss =  0.0 D.
 Elastic phase shift   1 =    0.001   0.001 deg. for the L =   14, J =   14.5 channel.
      14.5  0.99996609  0.00002965i: elastic S-matrix  @@      0.00  0   0 F  0
 Reaction Xsec    14.5+/14 @ 1 =   0.021 , Out:   0.000#


 Total SPIN, PARITY =    14.5 -,      1 chs,      0 cc.  Rmin & Coul turning =    0.7   11.9
   S-matrix    1 =    0.99999   0.00001 for L=   15, J=   14.5 channel on core I =   0.0 from L=   15,  Acc. loss =  0.0 D.
 Elastic phase shift   1 =    0.000   0.000 deg. for the L =   15, J =   14.5 channel.
      14.5  0.99998852  0.00000847i: elastic S-matrix  @@      0.00  0   0 F  0
 Reaction Xsec    14.5-/15 @ 1 =   7.079/, Out:   0.000#


 Total SPIN, PARITY =    15.5 +,      1 chs,      0 cc.  Rmin & Coul turning =    0.7   12.7
   S-matrix    1 =    1.00000   0.00000 for L=   16, J=   15.5 channel on core I =   0.0 from L=   16,  Acc. loss =  0.0 D.
 Elastic phase shift   1 =    0.000   0.000 deg. for the L =   16, J =   15.5 channel.
      15.5  0.99999612  0.00000289i: elastic S-matrix  @@      0.00  0   0 F  0
 Reaction Xsec    15.5+/16 @ 1 =   2.552/, Out:   0.000#


 Total SPIN, PARITY =    15.5 -,      1 chs,      0 cc.  Rmin & Coul turning =    0.7   12.7
   S-matrix    1 =    0.99999   0.00001 for L=   15, J=   15.5 channel on core I =   0.0 from L=   15,  Acc. loss =  0.0 D.
 Elastic phase shift   1 =    0.000   0.000 deg. for the L =   15, J =   15.5 channel.
      15.5  0.99998852  0.00000997i: elastic S-matrix  @@      0.00  0   0 F  0
 Reaction Xsec    15.5-/15 @ 1 =   7.551/, Out:   0.000#


 Total SPIN, PARITY =    16.5 +,      1 chs,      0 cc.  Rmin & Coul turning =    0.8   13.5
   S-matrix    1 =    1.00000   0.00000 for L=   16, J=   16.5 channel on core I =   0.0 from L=   16,  Acc. loss =  0.0 D.
 Elastic phase shift   1 =    0.000   0.000 deg. for the L =   16, J =   16.5 channel.
      16.5  0.99999612  0.00000335i: elastic S-matrix  @@      0.00  0   0 F  0
 Reaction Xsec    16.5+/16 @ 1 =   2.712/, Out:   0.000#


 Total SPIN, PARITY =    16.5 -,      1 chs,      0 cc.  Rmin & Coul turning =    0.8   13.5
   S-matrix    1 =    1.00000   0.00000 for L=   17, J=   16.5 channel on core I =   0.0 from L=   17,  Acc. loss =  0.0 D.
 Elastic phase shift   1 =    0.000   0.000 deg. for the L =   17, J =   16.5 channel.
      16.5  0.99999869  0.00000098i: elastic S-matrix  @@      0.00  0   0 F  0
 Reaction Xsec    16.5-/17 @ 1 =   0.915/, Out:   0.000#


 Total SPIN, PARITY =    17.5 +,      1 chs,      0 cc.  Rmin & Coul turning =    0.8   14.3
   S-matrix    1 =    1.00000   0.00000 for L=   18, J=   17.5 channel on core I =   0.0 from L=   18,  Acc. loss =  0.0 D.
 Elastic phase shift   1 =    0.000   0.000 deg. for the L =   18, J =   17.5 channel.
      17.5  0.99999956  0.00000033i: elastic S-matrix  @@      0.00  0   0 F  0
 Reaction Xsec    17.5+/18 @ 1 =   0.327/, Out:   0.000#


 Total SPIN, PARITY =    17.5 -,      1 chs,      0 cc.  Rmin & Coul turning =    0.8   14.3
   S-matrix    1 =    1.00000   0.00000 for L=   17, J=   17.5 channel on core I =   0.0 from L=   17,  Acc. loss =  0.0 D.
 Elastic phase shift   1 =    0.000   0.000 deg. for the L =   17, J =   17.5 channel.
      17.5  0.99999869  0.00000112i: elastic S-matrix  @@      0.00  0   0 F  0
 Reaction Xsec    17.5-/17 @ 1 =   0.969/, Out:   0.000#

 Finished all CC sets @    8.46300088E-03
0CUMULATIVE REACTION cross section                 =  764.20064  <L> =     4.04  <L**2> =     19.9
0CUMULATIVE outgoing cross sections in partition 1 :    0.00000
0Cumulative ABSORBTION by Imaginary Potentials     =  764.20064  <L> =     4.04  <L**2> =     19.9
   Fusion for specific p        M-states :  764.200636  764.200636
0CUMULATIVE OUTGOING cross section                 =    0.00000
 To convert to S-factors (MeV.mb = keV.b),  multiply by  1.2763E+02


 CROSS SECTIONS FOR OUTGOING p        & O20      in state #   1 with spins & parities 0.5  + &  0.0  +;  0

     3.00 deg.: X-S =   1.3106E+05 mb/sr,
+                                         /R =   8.2383E-01
     4.00 deg.: X-S =   3.7232E+04 mb/sr,
+                                         /R =   7.3941E-01
     5.00 deg.: X-S =   1.3938E+04 mb/sr,
+                                         /R =   6.7549E-01
     6.00 deg.: X-S =  6492.367351 mb/sr,
+                                         /R =   6.5207E-01
     7.00 deg.: X-S =  3701.655201 mb/sr,
+                                         /R =   6.8832E-01
     8.00 deg.: X-S =  2528.400982 mb/sr,
+                                         /R =   8.0145E-01
     9.00 deg.: X-S =  1982.310933 mb/sr,
+                                         /R =   1.0056E+00
    10.00 deg.: X-S =  1697.035685 mb/sr,
+                                         /R =   1.3109E+00
    11.00 deg.: X-S =  1524.487013 mb/sr,
+                                         /R =   1.7223E+00
    12.00 deg.: X-S =  1401.128493 mb/sr,
+                                         /R =   2.2393E+00
    13.00 deg.: X-S =  1298.794181 mb/sr,
+                                         /R =   2.8554E+00
    14.00 deg.: X-S =  1204.986747 mb/sr,
+                                         /R =   3.5584E+00
    15.00 deg.: X-S =  1114.432563 mb/sr,
+                                         /R =   4.3305E+00
    16.00 deg.: X-S =  1025.260588 mb/sr,
+                                         /R =   5.1493E+00
    17.00 deg.: X-S =   937.197226 mb/sr,
+                                         /R =   5.9887E+00
    18.00 deg.: X-S =   850.684686 mb/sr,
+                                         /R =   6.8201E+00
    19.00 deg.: X-S =   766.440332 mb/sr,
+                                         /R =   7.6139E+00
    20.00 deg.: X-S =   685.234201 mb/sr,
+                                         /R =   8.3409E+00
    21.00 deg.: X-S =   607.777847 mb/sr,
+                                         /R =   8.9736E+00
    22.00 deg.: X-S =   534.671548 mb/sr,
+                                         /R =   9.4880E+00
    23.00 deg.: X-S =   466.382873 mb/sr,
+                                         /R =   9.8641E+00
    24.00 deg.: X-S =   403.242440 mb/sr,
+                                         /R =   1.0087E+01
    25.00 deg.: X-S =   345.449233 mb/sr,
+                                         /R =   1.0149E+01
    26.00 deg.: X-S =   293.081223 mb/sr,
+                                         /R =   1.0047E+01
    27.00 deg.: X-S =   246.108842 mb/sr,
+                                         /R =   9.7850E+00
    28.00 deg.: X-S =   204.409826 mb/sr,
+                                         /R =   9.3733E+00
    29.00 deg.: X-S =   167.784479 mb/sr,
+                                         /R =   8.8276E+00
    30.00 deg.: X-S =   135.970739 mb/sr,
+                                         /R =   8.1681E+00
    31.00 deg.: X-S =   108.658610 mb/sr,
+                                         /R =   7.4191E+00
    32.00 deg.: X-S =    85.503642 mb/sr,
+                                         /R =   6.6074E+00
    33.00 deg.: X-S =    66.139264 mb/sr,
+                                         /R =   5.7613E+00
    34.00 deg.: X-S =    50.187800 mb/sr,
+                                         /R =   4.9094E+00
    35.00 deg.: X-S =    37.270117 mb/sr,
+                                         /R =   4.0796E+00
    36.00 deg.: X-S =    27.013834 mb/sr,
+                                         /R =   3.2977E+00
    37.00 deg.: X-S =    19.060134 mb/sr,
+                                         /R =   2.5866E+00
    38.00 deg.: X-S =    13.069197 mb/sr,
+                                         /R =   1.9657E+00
    39.00 deg.: X-S =     8.724338 mb/sr,
+                                         /R =   1.4501E+00
    40.00 deg.: X-S =     5.734958 mb/sr,
+                                         /R =   1.0506E+00
    41.00 deg.: X-S =     3.838390 mb/sr,
+                                         /R =   7.7293E-01
    42.00 deg.: X-S =     2.800800 mb/sr,
+                                         /R =   6.1843E-01
    43.00 deg.: X-S =     2.417251 mb/sr,
+                                         /R =   5.8387E-01
    44.00 deg.: X-S =     2.511074 mb/sr,
+                                         /R =   6.6199E-01
    45.00 deg.: X-S =     2.932665 mb/sr,
+                                         /R =   8.4200E-01
    46.00 deg.: X-S =     3.557851 mb/sr,
+                                         /R =   1.1102E+00
    47.00 deg.: X-S =     4.285917 mb/sr,
+                                         /R =   1.4506E+00
    48.00 deg.: X-S =     5.037425 mb/sr,
+                                         /R =   1.8457E+00
    49.00 deg.: X-S =     5.751896 mb/sr,
+                                         /R =   2.2773E+00
    50.00 deg.: X-S =     6.385454 mb/sr,
+                                         /R =   2.7269E+00
    51.00 deg.: X-S =     6.908490 mb/sr,
+                                         /R =   3.1770E+00
    52.00 deg.: X-S =     7.303407 mb/sr,
+                                         /R =   3.6106E+00
    53.00 deg.: X-S =     7.562489 mb/sr,
+                                         /R =   4.0130E+00
    54.00 deg.: X-S =     7.685929 mb/sr,
+                                         /R =   4.3709E+00
    55.00 deg.: X-S =     7.680038 mb/sr,
+                                         /R =   4.6739E+00
    56.00 deg.: X-S =     7.555640 mb/sr,
+                                         /R =   4.9136E+00
    57.00 deg.: X-S =     7.326682 mb/sr,
+                                         /R =   5.0845E+00
    58.00 deg.: X-S =     7.009028 mb/sr,
+                                         /R =   5.1836E+00
    59.00 deg.: X-S =     6.619461 mb/sr,
+                                         /R =   5.2104E+00
    60.00 deg.: X-S =     6.174858 mb/sr,
+                                         /R =   5.1665E+00
    61.00 deg.: X-S =     5.691544 mb/sr,
+                                         /R =   5.0559E+00
    62.00 deg.: X-S =     5.184793 mb/sr,
+                                         /R =   4.8841E+00
    63.00 deg.: X-S =     4.668476 mb/sr,
+                                         /R =   4.6581E+00
    64.00 deg.: X-S =     4.154822 mb/sr,
+                                         /R =   4.3861E+00
    65.00 deg.: X-S =     3.654288 mb/sr,
+                                         /R =   4.0772E+00
    66.00 deg.: X-S =     3.175513 mb/sr,
+                                         /R =   3.7406E+00
    67.00 deg.: X-S =     2.725341 mb/sr,
+                                         /R =   3.3859E+00
    68.00 deg.: X-S =     2.308900 mb/sr,
+                                         /R =   3.0223E+00
    69.00 deg.: X-S =     1.929728 mb/sr,
+                                         /R =   2.6589E+00
    70.00 deg.: X-S =     1.589913 mb/sr,
+                                         /R =   2.3037E+00
    71.00 deg.: X-S =     1.290275 mb/sr,
+                                         /R =   1.9642E+00
    72.00 deg.: X-S =     1.030533 mb/sr,
+                                         /R =   1.6468E+00
    73.00 deg.: X-S =     0.809493 mb/sr,
+                                         /R =   1.3566E+00
    74.00 deg.: X-S =     0.625225 mb/sr,
+                                         /R =   1.0979E+00
    75.00 deg.: X-S =     0.475229 mb/sr,
+                                         /R =   8.7374E-01
    76.00 deg.: X-S =     0.356590 mb/sr,
+                                         /R =   6.8585E-01
    77.00 deg.: X-S =     0.266124 mb/sr,
+                                         /R =   5.3503E-01
    78.00 deg.: X-S =     0.200503 mb/sr,
+                                         /R =   4.2102E-01
    79.00 deg.: X-S =     0.156358 mb/sr,
+                                         /R =   3.4265E-01
    80.00 deg.: X-S =     0.130376 mb/sr,
+                                         /R =   2.9796E-01
    81.00 deg.: X-S =     0.119371 mb/sr,
+                                         /R =   2.8429E-01
    82.00 deg.: X-S =     0.120346 mb/sr,
+                                         /R =   2.9847E-01
    83.00 deg.: X-S =     0.130532 mb/sr,
+                                         /R =   3.3687E-01
    84.00 deg.: X-S =     0.147425 mb/sr,
+                                         /R =   3.9565E-01
    85.00 deg.: X-S =     0.168797 mb/sr,
+                                         /R =   4.7075E-01
    86.00 deg.: X-S =     0.192710 mb/sr,
+                                         /R =   5.5812E-01
    87.00 deg.: X-S =     0.217516 mb/sr,
+                                         /R =   6.5378E-01
    88.00 deg.: X-S =     0.241842 mb/sr,
+                                         /R =   7.5389E-01
    89.00 deg.: X-S =     0.264588 mb/sr,
+                                         /R =   8.5489E-01
    90.00 deg.: X-S =     0.284897 mb/sr,
+                                         /R =   9.5350E-01
    91.00 deg.: X-S =     0.302143 mb/sr,
+                                         /R =   1.0468E+00
    92.00 deg.: X-S =     0.315904 mb/sr,
+                                         /R =   1.1324E+00
    93.00 deg.: X-S =     0.325936 mb/sr,
+                                         /R =   1.2080E+00
    94.00 deg.: X-S =     0.332154 mb/sr,
+                                         /R =   1.2722E+00
    95.00 deg.: X-S =     0.334601 mb/sr,
+                                         /R =   1.3236E+00
    96.00 deg.: X-S =     0.333428 mb/sr,
+                                         /R =   1.3614E+00
    97.00 deg.: X-S =     0.328872 mb/sr,
+                                         /R =   1.3853E+00
    98.00 deg.: X-S =     0.321234 mb/sr,
+                                         /R =   1.3952E+00
    99.00 deg.: X-S =     0.310862 mb/sr,
+                                         /R =   1.3914E+00
   100.00 deg.: X-S =     0.298133 mb/sr,
+                                         /R =   1.3744E+00
   101.00 deg.: X-S =     0.283441 mb/sr,
+                                         /R =   1.3452E+00
   102.00 deg.: X-S =     0.267179 mb/sr,
+                                         /R =   1.3047E+00
   103.00 deg.: X-S =     0.249735 mb/sr,
+                                         /R =   1.2541E+00
   104.00 deg.: X-S =     0.231480 mb/sr,
+                                         /R =   1.1949E+00
   105.00 deg.: X-S =     0.212762 mb/sr,
+                                         /R =   1.1284E+00
   106.00 deg.: X-S =     0.193901 mb/sr,
+                                         /R =   1.0560E+00
   107.00 deg.: X-S =     0.175183 mb/sr,
+                                         /R =   9.7926E-01
   108.00 deg.: X-S =     0.156863 mb/sr,
+                                         /R =   8.9959E-01
   109.00 deg.: X-S =     0.139161 mb/sr,
+                                         /R =   8.1838E-01
   110.00 deg.: X-S =     0.122259 mb/sr,
+                                         /R =   7.3694E-01
   111.00 deg.: X-S =     0.106307 mb/sr,
+                                         /R =   6.5649E-01
   112.00 deg.: X-S =     0.091420 mb/sr,
+                                         /R =   5.7814E-01
   113.00 deg.: X-S =     0.077685 mb/sr,
+                                         /R =   5.0287E-01
   114.00 deg.: X-S =     0.065156 mb/sr,
+                                         /R =   4.3153E-01
   115.00 deg.: X-S =     0.053864 mb/sr,
+                                         /R =   3.6484E-01
   116.00 deg.: X-S =     0.043814 mb/sr,
+                                         /R =   3.0338E-01
   117.00 deg.: X-S =     0.034994 mb/sr,
+                                         /R =   2.4760E-01
   118.00 deg.: X-S =     0.027370 mb/sr,
+                                         /R =   1.9780E-01
   119.00 deg.: X-S =     0.020896 mb/sr,
+                                         /R =   1.5418E-01
   120.00 deg.: X-S =     0.015512 mb/sr,
+                                         /R =   1.1681E-01
   121.00 deg.: X-S =     0.011151 mb/sr,
+                                         /R =   8.5667E-02
   122.00 deg.: X-S =     0.007737 mb/sr,
+                                         /R =   6.0608E-02
   123.00 deg.: X-S =     0.005188 mb/sr,
+                                         /R =   4.1425E-02
   124.00 deg.: X-S =     0.003420 mb/sr,
+                                         /R =   2.7829E-02
   125.00 deg.: X-S =     0.002349 mb/sr,
+                                         /R =   1.9470E-02
   126.00 deg.: X-S =     0.001890 mb/sr,
+                                         /R =   1.5950E-02
   127.00 deg.: X-S =     0.001960 mb/sr,
+                                         /R =   1.6832E-02
   128.00 deg.: X-S =     0.002478 mb/sr,
+                                         /R =   2.1649E-02
   129.00 deg.: X-S =     0.003368 mb/sr,
+                                         /R =   2.9919E-02
   130.00 deg.: X-S =     0.004556 mb/sr,
+                                         /R =   4.1153E-02
   131.00 deg.: X-S =     0.005977 mb/sr,
+                                         /R =   5.4860E-02
   132.00 deg.: X-S =     0.007567 mb/sr,
+                                         /R =   7.0561E-02
   133.00 deg.: X-S =     0.009272 mb/sr,
+                                         /R =   8.7789E-02
   134.00 deg.: X-S =     0.011039 mb/sr,
+                                         /R =   1.0610E-01
   135.00 deg.: X-S =     0.012824 mb/sr,
+                                         /R =   1.2508E-01
   136.00 deg.: X-S =     0.014589 mb/sr,
+                                         /R =   1.4434E-01
   137.00 deg.: X-S =     0.016299 mb/sr,
+                                         /R =   1.6352E-01
   138.00 deg.: X-S =     0.017927 mb/sr,
+                                         /R =   1.8231E-01
   139.00 deg.: X-S =     0.019450 mb/sr,
+                                         /R =   2.0043E-01
   140.00 deg.: X-S =     0.020849 mb/sr,
+                                         /R =   2.1763E-01
   141.00 deg.: X-S =     0.022110 mb/sr,
+                                         /R =   2.3370E-01
   142.00 deg.: X-S =     0.023224 mb/sr,
+                                         /R =   2.4848E-01
   143.00 deg.: X-S =     0.024184 mb/sr,
+                                         /R =   2.6184E-01
   144.00 deg.: X-S =     0.024988 mb/sr,
+                                         /R =   2.7368E-01
   145.00 deg.: X-S =     0.025636 mb/sr,
+                                         /R =   2.8393E-01
   146.00 deg.: X-S =     0.026130 mb/sr,
+                                         /R =   2.9256E-01
   147.00 deg.: X-S =     0.026476 mb/sr,
+                                         /R =   2.9957E-01
   148.00 deg.: X-S =     0.026680 mb/sr,
+                                         /R =   3.0496E-01
   149.00 deg.: X-S =     0.026750 mb/sr,
+                                         /R =   3.0879E-01
   150.00 deg.: X-S =     0.026696 mb/sr,
+                                         /R =   3.1111E-01
   151.00 deg.: X-S =     0.026528 mb/sr,
+                                         /R =   3.1201E-01
   152.00 deg.: X-S =     0.026257 mb/sr,
+                                         /R =   3.1157E-01
   153.00 deg.: X-S =     0.025895 mb/sr,
+                                         /R =   3.0991E-01
   154.00 deg.: X-S =     0.025452 mb/sr,
+                                         /R =   3.0712E-01
   155.00 deg.: X-S =     0.024940 mb/sr,
+                                         /R =   3.0333E-01
   156.00 deg.: X-S =     0.024372 mb/sr,
+                                         /R =   2.9867E-01
   157.00 deg.: X-S =     0.023756 mb/sr,
+                                         /R =   2.9325E-01
   158.00 deg.: X-S =     0.023105 mb/sr,
+                                         /R =   2.8721E-01
   159.00 deg.: X-S =     0.022429 mb/sr,
+                                         /R =   2.8065E-01
   160.00 deg.: X-S =     0.021736 mb/sr,
+                                         /R =   2.7370E-01
   161.00 deg.: X-S =     0.021035 mb/sr,
+                                         /R =   2.6647E-01
   162.00 deg.: X-S =     0.020335 mb/sr,
+                                         /R =   2.5906E-01
   163.00 deg.: X-S =     0.019642 mb/sr,
+                                         /R =   2.5159E-01
   164.00 deg.: X-S =     0.018964 mb/sr,
+                                         /R =   2.4413E-01
   165.00 deg.: X-S =     0.018305 mb/sr,
+                                         /R =   2.3678E-01
   166.00 deg.: X-S =     0.017672 mb/sr,
+                                         /R =   2.2961E-01
   167.00 deg.: X-S =     0.017069 mb/sr,
+                                         /R =   2.2269E-01
   168.00 deg.: X-S =     0.016499 mb/sr,
+                                         /R =   2.1608E-01
   169.00 deg.: X-S =     0.015966 mb/sr,
+                                         /R =   2.0984E-01
   170.00 deg.: X-S =     0.015473 mb/sr,
+                                         /R =   2.0401E-01
   171.00 deg.: X-S =     0.015022 mb/sr,
+                                         /R =   1.9864E-01
   172.00 deg.: X-S =     0.014615 mb/sr,
+                                         /R =   1.9375E-01
   173.00 deg.: X-S =     0.014253 mb/sr,
+                                         /R =   1.8938E-01
   174.00 deg.: X-S =     0.013937 mb/sr,
+                                         /R =   1.8556E-01
   175.00 deg.: X-S =     0.013669 mb/sr,
+                                         /R =   1.8229E-01
   176.00 deg.: X-S =     0.013448 mb/sr,
+                                         /R =   1.7960E-01
   177.00 deg.: X-S =     0.013277 mb/sr,
+                                         /R =   1.7749E-01
   178.00 deg.: X-S =     0.013154 mb/sr,
+                                         /R =   1.7598E-01
   179.00 deg.: X-S =     0.013080 mb/sr,
+                                         /R =   1.7507E-01
   179.99 deg.: X-S =     0.013055 mb/sr,
+                                         /R =   1.7477E-01
                                           Integrated 1894.3719 mb, over [   3.000, 180.000] at    35.0000 MeV 
 Finished all xsecs @    9.62300040E-03

  The following files have been created:
   3:local copy of User input.            6:standard output.                   
   7:elastic  S-matrix elements.         13:total cross sections/state.        
  16:tables of cross sections.           38:cross sections for each J/pi.      
  39:cross sections for each Ecm.        40:all cross sectns. for each Elab.   
  45:scat phase shift as E functions.    56:Fusion for each Jtotal.            
 201:Separate cross sections.           

 PARAMETERS : MAXQRN   MFNL   MLOC  LMAX1 MCLIST
    ALLOWED :      1      1      4     70      6
    REQUIRED:      0      0      4     19      4


 ACCURACY ANALYSIS at    35.000 MeV :

  Elastic h*k = 0.037 so OK       compared with 0.200

   Real(S-el) > 0.01 first at J =       3.5
   Real(S-el) > 0.10 first at J =       3.5
   Real(S-el) > 0.50 first at J =       4.5
   Real(S-el) > 0.90 first at J =       6.5
   Real(S-el) > 0.99 first at J =       8.5
   R-turn =    14.32 fm    at J =      17.5

 Forward-angle excitation cut off below   1.361 deg by max JT =      17.5
                              and below   0.330 deg by max R.

