 FRESCO - FRES 3.4: Coupled Reaction Channels
 Assuming NAMELIST input.

 p+O20 2nd ex with BG ;                                                          

   0.030  60.000   0.500   0.000   0.000   0.000   0.000   0.000   0.000   0.000

 Centre-of-mass Range is   2002 * 0.0300 fm., Maximum at  60.00 fm., Interpolating NL forms every  0.51 fm.
 Non - locality width is      4 * 0.0300 fm., Maximum of   0.09 fm., Centred at  0.00 fm.
 2-Nucleon Separation of      0 * 0.5100 fm., Maximum of   0.00 fm., Minimum at  0.00 fm.
 Maximum single particle bins of 59.6700 fm.
               M,Mint =         2001        1990


 Range of total J is     0.0 <= J <=    50.0 (at least     0.0) and Absorbtion =>    -1.0000 mb.
 Dry Run = F, CC set limits =  0  0, Relativistic kinematics =  , Both/Far/Near Analyses =  1                     

 Cross Sections (and up to T0 for 0=projectile) for Theta from   0.0 to-180.0 in steps of  1.0 degrees, DGAM=0,  Coordinates = 0 (Mads)

 Lower Radial Cutoff = maximum of -1.60*L*h &       0.0 fm.,  Lower Cutoff for Couplings =   0.0  fm.


 Iterate Couplings between   0 and   1 times, to  0.000 % if sooner.                                          
  Block solved exactly =   2 chs., with Pade = 0 & Isocen =  =0, NOSOL = F, initwf =  0
  NL quadrature with   18 Gaussian points, Calculate multipoles up to    56 from   0
  M-transfers for lp+lt greater than or equal to  6, Angular Integration Cutoff below  2.7778 %


 Trace switches are :  CHANS =  1, LISTCC =  0, TRENEG =  0, CDETR =  0, SMATS =  2, XSTABL =  1, NLPL =  0

                       WAVES =  0, LAMPL =  0, VEFF =  0, KFUS =  0, WDISK =  0, BPM =  0, MELFIL =  0

                       CDCC =  0, NFUS =  0

 Using unit mass = 1.000000 amu and 1/fine-structure constant = 137.03599 ( 1.000000 * true ) with hc = 197.32705 MeV.fm,
  thus 2*amu/hbar^2 = 0.0478450 = 1/20.9008 and Coulomb constant = 0.1574855 so e^2 = 1.43997, and nuclear magneton= 0.1261183

 Now pre-scan input and save to file 3



 *********** PARTITION NUMBER  1 ******************************************************************************************

   PROJ=p          MASS=  1.0073 Z=   1.0,        # STATES=    2T, TARG=O20      MASS= 19.9997 Z=   8.0,     Q-VALUE =  -0.0000 MEV.

     1:  J= 0.5+ (B# 1), E=  0.0000, K= 0.5              Potl#  1       J= 0.0+ (B# 1), E=  0.0000, K= 0.0    

     2:  J= 0.5+ (B# 1), E=  0.0000, K= 0.5              Potl#  1       J= 2.0+ (B# 1), E=  4.1000, K= 0.0    
                                  (Just State  1)


 ************************************************************************************************************************************

 The following POTENTIALS are defined :

  KP#       TYPE      IT    SHAPE      at     V1        r1        a1        V2        r2        a2        A-in     A-used


                                            A#1       A#2        r0c       ac                                                h @ 1
    1    0=Coulomb       0=CHARGE (WS)  1    20.000     0.000    1.3000    0.0000    0.0000    0.0000     0.000    20.000   0.03000

                                           Mn(E1)    Mn(E2)    Mn(E3)  .....
    1   11=Target defm  10=derivatives  2    0.0000    5.3000    0.0000    0.0000    0.0000    0.0000     0.000     3.529= RADIUS

              At    2 is k =  2 (Potl. beta = 0.22286)
                                     Beta of targ. = 0.22286 (using radius of 3.529 fm.).

    1    1=Volume        0=Woods-Saxon  3   48.7789    1.1700    0.7500    0.0000    0.0000    0.0000     0.000    20.000

                                            Def1      Def2      Def3   .....
    1   11=Target defm  10=derivatives  4    0.0000    2.1278    0.0000    0.0000    0.0000    0.0000     0.000     3.176= RADIUS

              At    4 is k =  2 (Potl. beta = 0.67000)
                                     Beta of targ. = 0.67000 (using radius of 3.176 fm.).

    1    1=Volume        0=Woods-Saxon  5    0.0000    0.0000    0.0000    5.0000    1.3200    0.6500     0.000    20.000

                                            Def1      Def2      Def3   .....
    1   11=Target defm  10=derivatives  6    0.0000    2.4006    0.0000    0.0000    0.0000    0.0000     0.000     3.583= RADIUS

              At    6 is k =  2 (Potl. beta = 0.67000)
                                     Beta of targ. = 0.67000 (using radius of 3.583 fm.).

    1    2=Surface       0=Woods-Saxon  7    0.0000    0.0000    0.0000    5.4500    1.3200    0.6500     0.000    20.000

                                            Def1      Def2      Def3   .....
    1   11=Target defm  10=derivatives  8    0.0000    2.4006    0.0000    0.0000    0.0000    0.0000     0.000     3.583= RADIUS

              At    8 is k =  2 (Potl. beta = 0.67000)
                                     Beta of targ. = 0.67000 (using radius of 3.583 fm.).

    1    3=Projtl S.O.   0=Woods-Saxon  9    3.1000    1.0100    0.7500    0.0000    0.0000    0.0000     0.000    20.000

 Incoming partition  1 in excitation state # 1,   Laboratory Energy given for partition  1 Nucleus 1 in Excitation pair 1

0Lab. ENERGY ranges :

   from    35.0000     to   0.00000     in     0 intervals
   from    0.00000     to   0.00000     in     0 intervals
   from    0.00000     to   0.00000     in     0 intervals

 Largest real,imaginary parts of any form factor at R=   59.52 are   2.42E-02  5.84E-32 MeV
 Finished all Couplings @    8.81000073E-04           9

 Symmetric Hamiltonian
1***********************************************************************************************************************************
************************************************************************************************************************************

        INCOMING p        ;    LABORATORY p        ENERGY =   35.000     MeV.

 ***********************************************************************************************************************************
 ***********************************************************************************************************************************

 Allocate arrays for            3  channels, of which            3  need wfs.

 ######################################################################################################################
 #                                                                                                                    #
 # Total SPIN and PARITY =     0.5 +,      3 channels,    3 in 1st block.  Rmin & Coul turning =    0.0    0.3 fm.  #
 #                                                                                                                    #
 ######################################################################################################################



    C Projectl Target   #   EX.   (L  Proj) J  + Targ = Jtotal     E-cm      Re K     Re Eta     RM*K            CH
    1 p        O20      #    1: I   0 0.5    0.5  0.0     0.5    33.32176   1.23648   0.21373   74.1887   0.33920  -0.36833 1 1 1   1
    2 p        O20      #    2:     2 0.5    1.5  2.0     0.5    29.22176   1.15791   0.22823   69.4748  -0.24538  -0.43678 1 1 1   2
    3 p        O20      #    2:     2 0.5    2.5  2.0     0.5    29.22176   1.15791   0.22823   69.4748  -0.24538  -0.43678 1 1 1   2
   S-matrix    1 =    0.16793  -0.27082 for L=    0, J=    0.5 channel on core I =   0.0 from L=    0,  Acc. loss =  0.0 D.
 Elastic phase shift   1 =  -29.099  32.763 deg. for the L =    0, J =    0.5 channel.
       0.5  0.16792749 -0.27081773i: elastic S-matrix  @@      0.00  0   0 F  0
 Reaction Xsec     0.5+/ 0 @ 1 =  18.462 , Out:   0.000#   1.481   16.981f


 Total SPIN, PARITY =     0.5 -,      3 chs,      3 cc.  Rmin & Coul turning =    0.0    0.3
   S-matrix    1 =   -0.03207  -0.27901 for L=    1, J=    0.5 channel on core I =   0.0 from L=    1,  Acc. loss =  0.0 D.
 Elastic phase shift   1 =  -48.278  36.381 deg. for the L =    1, J =    0.5 channel.
       0.5 -0.03206577 -0.27900927i: elastic S-matrix  @@      0.00  0   0 F  0
 Reaction Xsec     0.5-/ 1 @ 1 =  18.928 , Out:   0.000#   1.201   17.727f

 Allocate arrays for            5  channels, of which            5  need wfs.

 Total SPIN, PARITY =     1.5 +,      5 chs,      5 cc.  Rmin & Coul turning =    0.0    1.3
   S-matrix    1 =   -0.23923  -0.23097 for L=    2, J=    1.5 channel on core I =   0.0 from L=    2,  Acc. loss =  0.0 D.
 Elastic phase shift   1 =  -68.004  31.542 deg. for the L =    2, J =    1.5 channel.
       1.5 -0.23923247 -0.23096616i: elastic S-matrix  @@      0.00  0   0 F  0
 Reaction Xsec     1.5+/ 2 @ 1 =  36.552 , Out:   0.000#   2.823   33.729f


 Total SPIN, PARITY =     1.5 -,      5 chs,      5 cc.  Rmin & Coul turning =    0.0    1.3
   S-matrix    1 =    0.04866  -0.29169 for L=    1, J=    1.5 channel on core I =   0.0 from L=    1,  Acc. loss =  0.0 D.
 Elastic phase shift   1 =  -40.265  34.903 deg. for the L =    1, J =    1.5 channel.
       1.5  0.04865673 -0.29168541i: elastic S-matrix  @@      0.00  0   0 F  0
 Reaction Xsec     1.5-/ 1 @ 1 =  37.503 , Out:   0.000#   2.252   35.251f

 Allocate arrays for            6  channels, of which            6  need wfs.

 Total SPIN, PARITY =     2.5 +,      6 chs,      6 cc.  Rmin & Coul turning =    0.1    2.2
   S-matrix    1 =   -0.12790  -0.30477 for L=    2, J=    2.5 channel on core I =   0.0 from L=    2,  Acc. loss =  0.0 D.
 Elastic phase shift   1 =  -56.383  31.716 deg. for the L =    2, J =    2.5 channel.
       2.5 -0.12790199 -0.30476897i: elastic S-matrix  @@      0.00  0   0 F  0
 Reaction Xsec     2.5+/ 2 @ 1 =  54.911 , Out:   0.000#   4.056   50.855f


 Total SPIN, PARITY =     2.5 -,      6 chs,      6 cc.  Rmin & Coul turning =    0.1    2.2
   S-matrix    1 =   -0.28497  -0.10242 for L=    3, J=    2.5 channel on core I =   0.0 from L=    3,  Acc. loss =  0.0 D.
 Elastic phase shift   1 =  -80.116  34.223 deg. for the L =    3, J =    2.5 channel.
       2.5 -0.28497485 -0.10242208i: elastic S-matrix  @@      0.00  0   0 F  0
 Reaction Xsec     2.5-/ 3 @ 1 =  55.992 , Out:   0.000#   2.987   53.005f


 Total SPIN, PARITY =     3.5 +,      6 chs,      6 cc.  Rmin & Coul turning =    0.1    3.0
   S-matrix    1 =   -0.00965   0.13198 for L=    4, J=    3.5 channel on core I =   0.0 from L=    4,  Acc. loss =  0.0 D.
 Elastic phase shift   1 =   47.090  57.939 deg. for the L =    4, J =    3.5 channel.
       3.5 -0.00964578  0.13197797i: elastic S-matrix  @@      0.00  0   0 F  0
 Reaction Xsec     3.5+/ 4 @ 1 =  80.754 , Out:   0.000#   6.321   74.433f


 Total SPIN, PARITY =     3.5 -,      6 chs,      6 cc.  Rmin & Coul turning =    0.1    3.0
   S-matrix    1 =   -0.24366  -0.25101 for L=    3, J=    3.5 channel on core I =   0.0 from L=    3,  Acc. loss =  0.0 D.
 Elastic phase shift   1 =  -67.074  30.090 deg. for the L =    3, J =    3.5 channel.
       3.5 -0.24365576 -0.25101177i: elastic S-matrix  @@      0.00  0   0 F  0
 Reaction Xsec     3.5-/ 3 @ 1 =  72.135 , Out:   0.000#   3.543   68.592f


 Total SPIN, PARITY =     4.5 +,      6 chs,      6 cc.  Rmin & Coul turning =    0.2    3.8
   S-matrix    1 =   -0.12421   0.02203 for L=    4, J=    4.5 channel on core I =   0.0 from L=    4,  Acc. loss =  0.0 D.
 Elastic phase shift   1 =   84.972  59.310 deg. for the L =    4, J =    4.5 channel.
       4.5 -0.12420673  0.02202696i: elastic S-matrix  @@      0.00  0   0 F  0
 Reaction Xsec     4.5+/ 4 @ 1 = 101.107 , Out:   0.000#   7.105   94.002f


 Total SPIN, PARITY =     4.5 -,      6 chs,      6 cc.  Rmin & Coul turning =    0.2    3.8
   S-matrix    1 =    0.46018   0.24579 for L=    5, J=    4.5 channel on core I =   0.0 from L=    5,  Acc. loss =  0.0 D.
 Elastic phase shift   1 =   14.054  18.640 deg. for the L =    5, J =    4.5 channel.
       4.5  0.46017526  0.24579339i: elastic S-matrix  @@      0.00  0   0 F  0
 Reaction Xsec     4.5-/ 5 @ 1 =  74.778 , Out:   0.000#   5.233   69.545f


 Total SPIN, PARITY =     5.5 +,      6 chs,      6 cc.  Rmin & Coul turning =    0.2    4.6
   S-matrix    1 =    0.79634   0.16567 for L=    6, J=    5.5 channel on core I =   0.0 from L=    6,  Acc. loss =  0.0 D.
 Elastic phase shift   1 =    5.876   5.917 deg. for the L =    6, J =    5.5 channel.
       5.5  0.79633839  0.16566525i: elastic S-matrix  @@      0.00  0   0 F  0
 Reaction Xsec     5.5+/ 6 @ 1 =  41.721 , Out:   0.000#   3.250   38.471f


 Total SPIN, PARITY =     5.5 -,      6 chs,      6 cc.  Rmin & Coul turning =    0.2    4.6
   S-matrix    1 =    0.33105   0.27951 for L=    5, J=    5.5 channel on core I =   0.0 from L=    5,  Acc. loss =  0.0 D.
 Elastic phase shift   1 =   20.088  23.961 deg. for the L =    5, J =    5.5 channel.
       5.5  0.33104601  0.27951197i: elastic S-matrix  @@      0.00  0   0 F  0
 Reaction Xsec     5.5-/ 5 @ 1 = 100.146 , Out:   0.000#   6.850   93.296f


 Total SPIN, PARITY =     6.5 +,      6 chs,      6 cc.  Rmin & Coul turning =    0.3    5.4
   S-matrix    1 =    0.75945   0.22232 for L=    6, J=    6.5 channel on core I =   0.0 from L=    6,  Acc. loss =  0.0 D.
 Elastic phase shift   1 =    8.159   6.705 deg. for the L =    6, J =    6.5 channel.
       6.5  0.75944571  0.22232246i: elastic S-matrix  @@      0.00  0   0 F  0
 Reaction Xsec     6.5+/ 6 @ 1 =  53.769 , Out:   0.000#   3.724   50.045f


 Total SPIN, PARITY =     6.5 -,      6 chs,      6 cc.  Rmin & Coul turning =    0.3    5.4
   S-matrix    1 =    0.93098   0.07855 for L=    7, J=    6.5 channel on core I =   0.0 from L=    7,  Acc. loss =  0.2 D.
 Elastic phase shift   1 =    2.411   1.947 deg. for the L =    7, J =    6.5 channel.
       6.5  0.93097976  0.07854907i: elastic S-matrix  @@      0.00  0   0 F  0
 Reaction Xsec     6.5-/ 7 @ 1 =  18.283 , Out:   0.000#   1.374   16.909f


 Total SPIN, PARITY =     7.5 +,      6 chs,      6 cc.  Rmin & Coul turning =    0.3    6.2
   S-matrix    1 =    0.97812   0.03292 for L=    8, J=    7.5 channel on core I =   0.0 from L=    8,  Acc. loss =  0.1 D.
 Elastic phase shift   1 =    0.964   0.618 deg. for the L =    8, J =    7.5 channel.
       7.5  0.97812161  0.03292390i: elastic S-matrix  @@      0.00  0   0 F  0
 Reaction Xsec     7.5+/ 8 @ 1 =   6.936 , Out:   0.000#   0.286    6.650f


 Total SPIN, PARITY =     7.5 -,      6 chs,      6 cc.  Rmin & Coul turning =    0.3    6.2
   S-matrix    1 =    0.92453   0.10389 for L=    7, J=    7.5 channel on core I =   0.0 from L=    7,  Acc. loss =  0.2 D.
 Elastic phase shift   1 =    3.206   2.068 deg. for the L =    7, J =    7.5 channel.
       7.5  0.92453156  0.10388666i: elastic S-matrix  @@      0.00  0   0 F  0
 Reaction Xsec     7.5-/ 7 @ 1 =  22.102 , Out:   0.000#   1.696   20.406f


 Total SPIN, PARITY =     8.5 +,      6 chs,      6 cc.  Rmin & Coul turning =    0.4    7.0
   S-matrix    1 =    0.97703   0.04283 for L=    8, J=    8.5 channel on core I =   0.0 from L=    8,  Acc. loss =  0.1 D.
 Elastic phase shift   1 =    1.255   0.638 deg. for the L =    8, J =    8.5 channel.
       8.5  0.97703402  0.04282889i: elastic S-matrix  @@      0.00  0   0 F  0
 Reaction Xsec     8.5+/ 8 @ 1 =   8.058 , Out:   0.000#   0.349    7.708f


 Total SPIN, PARITY =     8.5 -,      6 chs,      6 cc.  Rmin & Coul turning =    0.4    7.0
   S-matrix    1 =    0.99323   0.01277 for L=    9, J=    8.5 channel on core I =   0.0 from L=    9,  Acc. loss =  0.0 D.
 Elastic phase shift   1 =    0.368   0.192 deg. for the L =    9, J =    8.5 channel.
       8.5  0.99322524  0.01276884i: elastic S-matrix  @@      0.00  0   0 F  0
 Reaction Xsec     8.5-/ 9 @ 1 =   2.467 , Out:   0.000#   0.040    2.427f


 Total SPIN, PARITY =     9.5 +,      6 chs,      6 cc.  Rmin & Coul turning =    0.4    7.8
   S-matrix    1 =    0.99788   0.00480 for L=   10, J=    9.5 channel on core I =   0.0 from L=   10,  Acc. loss =  0.0 D.
 Elastic phase shift   1 =    0.138   0.060 deg. for the L =   10, J =    9.5 channel.
       9.5  0.99787904  0.00479742i: elastic S-matrix  @@      0.00  0   0 F  0
 Reaction Xsec     9.5+/10 @ 1 =   0.866 , Out:   0.000#   4.109/   0.862f


 Total SPIN, PARITY =     9.5 -,      6 chs,      6 cc.  Rmin & Coul turning =    0.4    7.8
   S-matrix    1 =    0.99307   0.01648 for L=    9, J=    9.5 channel on core I =   0.0 from L=    9,  Acc. loss =  0.0 D.
 Elastic phase shift   1 =    0.475   0.195 deg. for the L =    9, J =    9.5 channel.
       9.5  0.99306866  0.01648187i: elastic S-matrix  @@      0.00  0   0 F  0
 Reaction Xsec     9.5-/ 9 @ 1 =   2.783 , Out:   0.000#   0.046    2.737f


 Total SPIN, PARITY =    10.5 +,      6 chs,      6 cc.  Rmin & Coul turning =    0.5    8.7
   S-matrix    1 =    0.99786   0.00618 for L=   10, J=   10.5 channel on core I =   0.0 from L=   10,  Acc. loss =  0.0 D.
 Elastic phase shift   1 =    0.177   0.061 deg. for the L =   10, J =   10.5 channel.
      10.5  0.99785738  0.00617673i: elastic S-matrix  @@      0.00  0   0 F  0
 Reaction Xsec    10.5+/10 @ 1 =   0.959 , Out:   0.000#   4.631/   0.954f


 Total SPIN, PARITY =    10.5 -,      6 chs,      6 cc.  Rmin & Coul turning =    0.5    8.7
   S-matrix    1 =    0.99933   0.00178 for L=   11, J=   10.5 channel on core I =   0.0 from L=   11,  Acc. loss =  0.0 D.
 Elastic phase shift   1 =    0.051   0.019 deg. for the L =   11, J =   10.5 channel.
      10.5  0.99932833  0.00178262i: elastic S-matrix  @@      0.00  0   0 F  0
 Reaction Xsec    10.5-/11 @ 1 =   0.303 , Out:   0.000#   0.253/   0.303f


 Total SPIN, PARITY =    11.5 +,      6 chs,      6 cc.  Rmin & Coul turning =    0.5    9.5
   S-matrix    1 =    0.99979   0.00066 for L=   12, J=   11.5 channel on core I =   0.0 from L=   12,  Acc. loss =  0.0 D.
 Elastic phase shift   1 =    0.019   0.006 deg. for the L =   12, J =   11.5 channel.
      11.5  0.99978591  0.00065934i: elastic S-matrix  @@      0.00  0   0 F  0
 Reaction Xsec    11.5+/12 @ 1 =   0.105 , Out:   0.000#   0.106/   0.105f


 Total SPIN, PARITY =    11.5 -,      6 chs,      6 cc.  Rmin & Coul turning =    0.5    9.5
   S-matrix    1 =    0.99933   0.00229 for L=   11, J=   11.5 channel on core I =   0.0 from L=   11,  Acc. loss =  0.0 D.
 Elastic phase shift   1 =    0.066   0.019 deg. for the L =   11, J =   11.5 channel.
      11.5  0.99932533  0.00229474i: elastic S-matrix  @@      0.00  0   0 F  0
 Reaction Xsec    11.5-/11 @ 1 =   0.331 , Out:   0.000#   0.279/   0.331f


 Total SPIN, PARITY =    12.5 +,      6 chs,      6 cc.  Rmin & Coul turning =    0.6   10.3
   S-matrix    1 =    0.99979   0.00085 for L=   12, J=   12.5 channel on core I =   0.0 from L=   12,  Acc. loss =  0.0 D.
 Elastic phase shift   1 =    0.024   0.006 deg. for the L =   12, J =   12.5 channel.
      12.5  0.99978549  0.00084930i: elastic S-matrix  @@      0.00  0   0 F  0
 Reaction Xsec    12.5+/12 @ 1 =   0.114 , Out:   0.000#   0.115/   0.114f


 Total SPIN, PARITY =    12.5 -,      6 chs,      6 cc.  Rmin & Coul turning =    0.6   10.3
   S-matrix    1 =    0.99993   0.00024 for L=   13, J=   12.5 channel on core I =   0.0 from L=   13,  Acc. loss =  0.0 D.
 Elastic phase shift   1 =    0.007   0.002 deg. for the L =   13, J =   12.5 channel.
      12.5  0.99993146  0.00024324i: elastic S-matrix  @@      0.00  0   0 F  0
 Reaction Xsec    12.5-/13 @ 1 =   0.037 , Out:   0.000#   0.185/   0.036f


 Total SPIN, PARITY =    13.5 +,      6 chs,      6 cc.  Rmin & Coul turning =    0.6   11.1
   S-matrix    1 =    0.99998   0.00009 for L=   14, J=   13.5 channel on core I =   0.0 from L=   14,  Acc. loss =  0.0 D.
 Elastic phase shift   1 =    0.003   0.001 deg. for the L =   14, J =   13.5 channel.
      13.5  0.99997792  0.00008958i: elastic S-matrix  @@      0.00  0   0 F  0
 Reaction Xsec    13.5+/14 @ 1 =   0.013 , Out:   0.000#   0.203/   0.012f


 Total SPIN, PARITY =    13.5 -,      6 chs,      6 cc.  Rmin & Coul turning =    0.6   11.1
   S-matrix    1 =    0.99993   0.00031 for L=   13, J=   13.5 channel on core I =   0.0 from L=   13,  Acc. loss =  0.0 D.
 Elastic phase shift   1 =    0.009   0.002 deg. for the L =   13, J =   13.5 channel.
      13.5  0.99993141  0.00031357i: elastic S-matrix  @@      0.00  0   0 F  0
 Reaction Xsec    13.5-/13 @ 1 =   0.039 , Out:   0.000#   0.199/   0.039f


 Total SPIN, PARITY =    14.5 +,      6 chs,      6 cc.  Rmin & Coul turning =    0.7   11.9
   S-matrix    1 =    0.99998   0.00012 for L=   14, J=   14.5 channel on core I =   0.0 from L=   14,  Acc. loss =  0.0 D.
 Elastic phase shift   1 =    0.003   0.001 deg. for the L =   14, J =   14.5 channel.
      14.5  0.99997792  0.00011556i: elastic S-matrix  @@      0.00  0   0 F  0
 Reaction Xsec    14.5+/14 @ 1 =   0.014 , Out:   0.000#   0.217/   0.013f


 Total SPIN, PARITY =    14.5 -,      6 chs,      6 cc.  Rmin & Coul turning =    0.7   11.9
   S-matrix    1 =    0.99999   0.00003 for L=   15, J=   14.5 channel on core I =   0.0 from L=   15,  Acc. loss =  0.0 D.
 Elastic phase shift   1 =    0.001   0.000 deg. for the L =   15, J =   14.5 channel.
      14.5  0.99999279  0.00003297i: elastic S-matrix  @@      0.00  0   0 F  0
 Reaction Xsec    14.5-/15 @ 1 =   4.447/, Out:   0.000#   0.186/   0.004f


 Total SPIN, PARITY =    15.5 +,      6 chs,      6 cc.  Rmin & Coul turning =    0.7   12.7
   S-matrix    1 =    1.00000   0.00001 for L=   16, J=   15.5 channel on core I =   0.0 from L=   16,  Acc. loss =  0.0 D.
 Elastic phase shift   1 =    0.000   0.000 deg. for the L =   16, J =   15.5 channel.
      15.5  0.99999756  0.00001214i: elastic S-matrix  @@      0.00  0   0 F  0
 Reaction Xsec    15.5+/16 @ 1 =   1.605/, Out:   0.000#   0.161/   0.001f


 Total SPIN, PARITY =    15.5 -,      6 chs,      6 cc.  Rmin & Coul turning =    0.7   12.7
   S-matrix    1 =    0.99999   0.00004 for L=   15, J=   15.5 channel on core I =   0.0 from L=   15,  Acc. loss =  0.0 D.
 Elastic phase shift   1 =    0.001   0.000 deg. for the L =   15, J =   15.5 channel.
      15.5  0.99999278  0.00004254i: elastic S-matrix  @@      0.00  0   0 F  0
 Reaction Xsec    15.5-/15 @ 1 =   4.744/, Out:   0.000#   0.199/   0.005f


 Total SPIN, PARITY =    16.5 +,      6 chs,      6 cc.  Rmin & Coul turning =    0.8   13.5
   S-matrix    1 =    1.00000   0.00002 for L=   16, J=   16.5 channel on core I =   0.0 from L=   16,  Acc. loss =  0.0 D.
 Elastic phase shift   1 =    0.000   0.000 deg. for the L =   16, J =   16.5 channel.
      16.5  0.99999756  0.00001567i: elastic S-matrix  @@      0.00  0   0 F  0
 Reaction Xsec    16.5+/16 @ 1 =   1.705/, Out:   0.000#   0.171/   0.002f


 Total SPIN, PARITY =    16.5 -,      6 chs,      6 cc.  Rmin & Coul turning =    0.8   13.5
   S-matrix    1 =    1.00000   0.00000 for L=   17, J=   16.5 channel on core I =   0.0 from L=   17,  Acc. loss =  0.0 D.
 Elastic phase shift   1 =    0.000   0.000 deg. for the L =   17, J =   16.5 channel.
      16.5  0.99999911  0.00000449i: elastic S-matrix  @@      0.00  0   0 F  0
 Reaction Xsec    16.5-/17 @ 1 =   0.623/, Out:   0.000#   0.136/   0.000f


 Total SPIN, PARITY =    17.5 +,      6 chs,      6 cc.  Rmin & Coul turning =    0.8   14.3
   S-matrix    1 =    1.00000   0.00000 for L=   18, J=   17.5 channel on core I =   0.0 from L=   18,  Acc. loss =  0.0 D.
 Elastic phase shift   1 =    0.000   0.000 deg. for the L =   18, J =   17.5 channel.
      17.5  0.99999962  0.00000169i: elastic S-matrix  @@      0.00  0   0 F  0
 Reaction Xsec    17.5+/18 @ 1 =   0.278/, Out:   0.000#   0.115/   0.000f


 Total SPIN, PARITY =    17.5 -,      6 chs,      6 cc.  Rmin & Coul turning =    0.8   14.3
   S-matrix    1 =    1.00000   0.00001 for L=   17, J=   17.5 channel on core I =   0.0 from L=   17,  Acc. loss =  0.0 D.
 Elastic phase shift   1 =    0.000   0.000 deg. for the L =   17, J =   17.5 channel.
      17.5  0.99999911  0.00000579i: elastic S-matrix  @@      0.00  0   0 F  0
 Reaction Xsec    17.5-/17 @ 1 =   0.660/, Out:   0.000#   0.144/   0.001f


 Total SPIN, PARITY =    18.5 +,      6 chs,      6 cc.  Rmin & Coul turning =    0.8   15.1
   S-matrix    1 =    1.00000   0.00000 for L=   18, J=   18.5 channel on core I =   0.0 from L=   18,  Acc. loss =  0.0 D.
 Elastic phase shift   1 =    0.000   0.000 deg. for the L =   18, J =   18.5 channel.
      18.5  0.99999962  0.00000216i: elastic S-matrix  @@      0.00  0   0 F  0
 Reaction Xsec    18.5+/18 @ 1 =   0.294/, Out:   0.000#   0.121/   0.000f


 Total SPIN, PARITY =    18.5 -,      6 chs,      6 cc.  Rmin & Coul turning =    0.8   15.1
   S-matrix    1 =    1.00000   0.00000 for L=   19, J=   18.5 channel on core I =   0.0 from L=   19,  Acc. loss =  0.0 D.
 Elastic phase shift   1 =    0.000   0.000 deg. for the L =   19, J =   18.5 channel.
      18.5  0.99999981  0.00000065i: elastic S-matrix  @@      0.00  0   0 F  0
 Reaction Xsec    18.5-/19 @ 1 =   0.151/, Out:   0.000#   0.097/   0.000f


 Total SPIN, PARITY =    19.5 +,      6 chs,      6 cc.  Rmin & Coul turning =    0.9   15.9
   S-matrix    1 =    1.00000   0.00000 for L=   20, J=   19.5 channel on core I =   0.0 from L=   20,  Acc. loss =  0.0 D.
 Elastic phase shift   1 =    0.000   0.000 deg. for the L =   20, J =   19.5 channel.
      19.5  0.99999988  0.00000027i: elastic S-matrix  @@      0.00  0   0 F  0
 Reaction Xsec    19.5+/20 @ 1 =   0.100/, Out:   0.000#   0.082/   0.000f


 Total SPIN, PARITY =    19.5 -,      6 chs,      6 cc.  Rmin & Coul turning =    0.9   15.9
   S-matrix    1 =    1.00000   0.00000 for L=   19, J=   19.5 channel on core I =   0.0 from L=   19,  Acc. loss =  0.0 D.
 Elastic phase shift   1 =    0.000   0.000 deg. for the L =   19, J =   19.5 channel.
      19.5  0.99999981  0.00000083i: elastic S-matrix  @@      0.00  0   0 F  0
 Reaction Xsec    19.5-/19 @ 1 =   0.159/, Out:   0.000#   0.102/   0.000f


 Total SPIN, PARITY =    20.5 +,      6 chs,      6 cc.  Rmin & Coul turning =    1.0   16.7
   S-matrix    1 =    1.00000   0.00000 for L=   20, J=   20.5 channel on core I =   0.0 from L=   20,  Acc. loss =  0.0 D.
 Elastic phase shift   1 =    0.000   0.000 deg. for the L =   20, J =   20.5 channel.
      20.5  0.99999988  0.00000033i: elastic S-matrix  @@      0.00  0   0 F  0
 Reaction Xsec    20.5+/20 @ 1 =   0.105/, Out:   0.000#   0.086/   0.000f


 Total SPIN, PARITY =    20.5 -,      6 chs,      6 cc.  Rmin & Coul turning =    1.0   16.7
   S-matrix    1 =    1.00000   0.00000 for L=   21, J=   20.5 channel on core I =   0.0 from L=   21,  Acc. loss =  0.0 D.
 Elastic phase shift   1 =    0.000   0.000 deg. for the L =   21, J =   20.5 channel.
      20.5  0.99999991  0.00000013i: elastic S-matrix  @@      0.00  0   0 F  0
 Reaction Xsec    20.5-/21 @ 1 =   0.075/, Out:   0.000#   0.069/   0.000f


 Total SPIN, PARITY =    21.5 +,      6 chs,      6 cc.  Rmin & Coul turning =    1.0   17.6
   S-matrix    1 =    1.00000   0.00000 for L=   22, J=   21.5 channel on core I =   0.0 from L=   22,  Acc. loss =  0.0 D.
 Elastic phase shift   1 =    0.000   0.000 deg. for the L =   22, J =   21.5 channel.
      21.5  0.99999993  0.00000007i: elastic S-matrix  @@      0.00  0   0 F  0
 Reaction Xsec    21.5+/22 @ 1 =   0.061/, Out:   0.000#   0.059/   0.000f


 Total SPIN, PARITY =    21.5 -,      6 chs,      6 cc.  Rmin & Coul turning =    1.0   17.6
   S-matrix    1 =    1.00000   0.00000 for L=   21, J=   21.5 channel on core I =   0.0 from L=   21,  Acc. loss =  0.0 D.
 Elastic phase shift   1 =    0.000   0.000 deg. for the L =   21, J =   21.5 channel.
      21.5  0.99999991  0.00000015i: elastic S-matrix  @@      0.00  0   0 F  0
 Reaction Xsec    21.5-/21 @ 1 =   0.079/, Out:   0.000#   0.073/   0.000f


 Total SPIN, PARITY =    22.5 +,      6 chs,      6 cc.  Rmin & Coul turning =    1.1   18.4
   S-matrix    1 =    1.00000   0.00000 for L=   22, J=   22.5 channel on core I =   0.0 from L=   22,  Acc. loss =  0.0 D.
 Elastic phase shift   1 =    0.000   0.000 deg. for the L =   22, J =   22.5 channel.
      22.5  0.99999993  0.00000008i: elastic S-matrix  @@      0.00  0   0 F  0
 Reaction Xsec    22.5+/22 @ 1 =   0.064/, Out:   0.000#   0.062/   0.000f


 Total SPIN, PARITY =    22.5 -,      6 chs,      6 cc.  Rmin & Coul turning =    1.1   18.4
   S-matrix    1 =    1.00000   0.00000 for L=   23, J=   22.5 channel on core I =   0.0 from L=   23,  Acc. loss =  0.0 D.
 Elastic phase shift   1 =    0.000   0.000 deg. for the L =   23, J =   22.5 channel.
      22.5  0.99999995  0.00000005i: elastic S-matrix  @@      0.00  0   0 F  0
 Reaction Xsec    22.5-/23 @ 1 =   0.051/, Out:   0.000#   0.050/   0.000f


 Total SPIN, PARITY =    23.5 +,      6 chs,      6 cc.  Rmin & Coul turning =    1.1   19.2
   S-matrix    1 =    1.00000   0.00000 for L=   24, J=   23.5 channel on core I =   0.0 from L=   24,  Acc. loss =  0.0 D.
 Elastic phase shift   1 =    0.000   0.000 deg. for the L =   24, J =   23.5 channel.
      23.5  0.99999996  0.00000004i: elastic S-matrix  @@      0.00  0   0 F  0
 Reaction Xsec    23.5+/24 @ 1 =   0.043/, Out:   0.000#   0.043/   0.000f


 Total SPIN, PARITY =    23.5 -,      6 chs,      6 cc.  Rmin & Coul turning =    1.1   19.2
   S-matrix    1 =    1.00000   0.00000 for L=   23, J=   23.5 channel on core I =   0.0 from L=   23,  Acc. loss =  0.0 D.
 Elastic phase shift   1 =    0.000   0.000 deg. for the L =   23, J =   23.5 channel.
      23.5  0.99999995  0.00000005i: elastic S-matrix  @@      0.00  0   0 F  0
 Reaction Xsec    23.5-/23 @ 1 =   0.053/, Out:   0.000#   0.053/   0.000f


 Total SPIN, PARITY =    24.5 +,      6 chs,      6 cc.  Rmin & Coul turning =    1.1   20.0
   S-matrix    1 =    1.00000   0.00000 for L=   24, J=   24.5 channel on core I =   0.0 from L=   24,  Acc. loss =  0.0 D.
 Elastic phase shift   1 =    0.000   0.000 deg. for the L =   24, J =   24.5 channel.
      24.5  0.99999996  0.00000004i: elastic S-matrix  @@      0.00  0   0 F  0
 Reaction Xsec    24.5+/24 @ 1 =   0.045/, Out:   0.000#   0.045/   0.000f


 Total SPIN, PARITY =    24.5 -,      6 chs,      6 cc.  Rmin & Coul turning =    1.1   20.0
   S-matrix    1 =    1.00000   0.00000 for L=   25, J=   24.5 channel on core I =   0.0 from L=   25,  Acc. loss =  0.0 D.
 Elastic phase shift   1 =    0.000   0.000 deg. for the L =   25, J =   24.5 channel.
      24.5  0.99999996  0.00000003i: elastic S-matrix  @@      0.00  0   0 F  0
 Reaction Xsec    24.5-/25 @ 1 =   0.037/, Out:   0.000#   0.037/   0.000f


 Total SPIN, PARITY =    25.5 +,      6 chs,      6 cc.  Rmin & Coul turning =    1.2   20.8
   S-matrix    1 =    1.00000   0.00000 for L=   26, J=   25.5 channel on core I =   0.0 from L=   26,  Acc. loss =  0.0 D.
 Elastic phase shift   1 =    0.000   0.000 deg. for the L =   26, J =   25.5 channel.
      25.5  0.99999997  0.00000003i: elastic S-matrix  @@      0.00  0   0 F  0
 Reaction Xsec    25.5+/26 @ 1 =   0.032/, Out:   0.000#   0.032/   0.000f


 Total SPIN, PARITY =    25.5 -,      6 chs,      6 cc.  Rmin & Coul turning =    1.2   20.8
   S-matrix    1 =    1.00000   0.00000 for L=   25, J=   25.5 channel on core I =   0.0 from L=   25,  Acc. loss =  0.0 D.
 Elastic phase shift   1 =    0.000   0.000 deg. for the L =   25, J =   25.5 channel.
      25.5  0.99999996  0.00000003i: elastic S-matrix  @@      0.00  0   0 F  0
 Reaction Xsec    25.5-/25 @ 1 =   0.039/, Out:   0.000#   0.038/   0.000f


 Total SPIN, PARITY =    26.5 +,      6 chs,      6 cc.  Rmin & Coul turning =    1.2   21.6
   S-matrix    1 =    1.00000   0.00000 for L=   26, J=   26.5 channel on core I =   0.0 from L=   26,  Acc. loss =  0.0 D.
 Elastic phase shift   1 =    0.000   0.000 deg. for the L =   26, J =   26.5 channel.
      26.5  0.99999997  0.00000003i: elastic S-matrix  @@      0.00  0   0 F  0
 Reaction Xsec    26.5+/26 @ 1 =   0.033/, Out:   0.000#   0.033/   0.000f


 Total SPIN, PARITY =    26.5 -,      6 chs,      6 cc.  Rmin & Coul turning =    1.2   21.6
   S-matrix    1 =    1.00000   0.00000 for L=   27, J=   26.5 channel on core I =   0.0 from L=   27,  Acc. loss =  0.0 D.
 Elastic phase shift   1 =    0.000   0.000 deg. for the L =   27, J =   26.5 channel.
      26.5  0.99999998  0.00000002i: elastic S-matrix  @@      0.00  0   0 F  0
 Reaction Xsec    26.5-/27 @ 1 =   0.027/, Out:   0.000#   0.027/   0.000f


 Total SPIN, PARITY =    27.5 +,      6 chs,      6 cc.  Rmin & Coul turning =    1.3   22.4
   S-matrix    1 =    1.00000   0.00000 for L=   28, J=   27.5 channel on core I =   0.0 from L=   28,  Acc. loss =  0.0 D.
 Elastic phase shift   1 =    0.000   0.000 deg. for the L =   28, J =   27.5 channel.
      27.5  0.99999998  0.00000002i: elastic S-matrix  @@      0.00  0   0 F  0
 Reaction Xsec    27.5+/28 @ 1 =   0.024/, Out:   0.000#   0.024/   0.000f


 Total SPIN, PARITY =    27.5 -,      6 chs,      6 cc.  Rmin & Coul turning =    1.3   22.4
   S-matrix    1 =    1.00000   0.00000 for L=   27, J=   27.5 channel on core I =   0.0 from L=   27,  Acc. loss =  0.0 D.
 Elastic phase shift   1 =    0.000   0.000 deg. for the L =   27, J =   27.5 channel.
      27.5  0.99999998  0.00000002i: elastic S-matrix  @@      0.00  0   0 F  0
 Reaction Xsec    27.5-/27 @ 1 =   0.028/, Out:   0.000#   0.028/   0.000f


 Total SPIN, PARITY =    28.5 +,      6 chs,      6 cc.  Rmin & Coul turning =    1.3   23.2
   S-matrix    1 =    1.00000   0.00000 for L=   28, J=   28.5 channel on core I =   0.0 from L=   28,  Acc. loss =  0.0 D.
 Elastic phase shift   1 =    0.000   0.000 deg. for the L =   28, J =   28.5 channel.
      28.5  0.99999998  0.00000002i: elastic S-matrix  @@      0.00  0   0 F  0
 Reaction Xsec    28.5+/28 @ 1 =   0.025/, Out:   0.000#   0.025/   0.000f


 Total SPIN, PARITY =    28.5 -,      6 chs,      6 cc.  Rmin & Coul turning =    1.3   23.2
   S-matrix    1 =    1.00000   0.00000 for L=   29, J=   28.5 channel on core I =   0.0 from L=   29,  Acc. loss =  0.0 D.
 Elastic phase shift   1 =    0.000   0.000 deg. for the L =   29, J =   28.5 channel.
      28.5  0.99999998  0.00000002i: elastic S-matrix  @@      0.00  0   0 F  0
 Reaction Xsec    28.5-/29 @ 1 =   0.021/, Out:   0.000#   0.021/   0.000f


 Total SPIN, PARITY =    29.5 +,      6 chs,      6 cc.  Rmin & Coul turning =    1.4   24.0
   S-matrix    1 =    1.00000   0.00000 for L=   30, J=   29.5 channel on core I =   0.0 from L=   30,  Acc. loss =  0.0 D.
 Elastic phase shift   1 =    0.000   0.000 deg. for the L =   30, J =   29.5 channel.
      29.5  0.99999999  0.00000002i: elastic S-matrix  @@      0.00  0   0 F  0
 Reaction Xsec    29.5+/30 @ 1 =   0.018/, Out:   0.000#   0.018/   0.000f


 Total SPIN, PARITY =    29.5 -,      6 chs,      6 cc.  Rmin & Coul turning =    1.4   24.0
   S-matrix    1 =    1.00000   0.00000 for L=   29, J=   29.5 channel on core I =   0.0 from L=   29,  Acc. loss =  0.0 D.
 Elastic phase shift   1 =    0.000   0.000 deg. for the L =   29, J =   29.5 channel.
      29.5  0.99999998  0.00000002i: elastic S-matrix  @@      0.00  0   0 F  0
 Reaction Xsec    29.5-/29 @ 1 =   0.021/, Out:   0.000#   0.021/   0.000f


 Total SPIN, PARITY =    30.5 +,      6 chs,      6 cc.  Rmin & Coul turning =    1.4   24.8
   S-matrix    1 =    1.00000   0.00000 for L=   30, J=   30.5 channel on core I =   0.0 from L=   30,  Acc. loss =  0.0 D.
 Elastic phase shift   1 =    0.000   0.000 deg. for the L =   30, J =   30.5 channel.
      30.5  0.99999999  0.00000002i: elastic S-matrix  @@      0.00  0   0 F  0
 Reaction Xsec    30.5+/30 @ 1 =   0.018/, Out:   0.000#   0.018/   0.000f


 Total SPIN, PARITY =    30.5 -,      6 chs,      6 cc.  Rmin & Coul turning =    1.4   24.8
   S-matrix    1 =    1.00000   0.00000 for L=   31, J=   30.5 channel on core I =   0.0 from L=   31,  Acc. loss =  0.0 D.
 Elastic phase shift   1 =    0.000   0.000 deg. for the L =   31, J =   30.5 channel.
      30.5  0.99999999  0.00000001i: elastic S-matrix  @@      0.00  0   0 F  0
 Reaction Xsec    30.5-/31 @ 1 =   0.016/, Out:   0.000#   0.016/   0.000f


 Total SPIN, PARITY =    31.5 +,      6 chs,      6 cc.  Rmin & Coul turning =    1.5   25.6
   S-matrix    1 =    1.00000   0.00000 for L=   32, J=   31.5 channel on core I =   0.0 from L=   32,  Acc. loss =  0.0 D.
 Elastic phase shift   1 =    0.000   0.000 deg. for the L =   32, J =   31.5 channel.
      31.5  0.99999999  0.00000001i: elastic S-matrix  @@      0.00  0   0 F  0
 Reaction Xsec    31.5+/32 @ 1 =   0.014/, Out:   0.000#   0.014/   0.000f


 Total SPIN, PARITY =    31.5 -,      6 chs,      6 cc.  Rmin & Coul turning =    1.5   25.6
   S-matrix    1 =    1.00000   0.00000 for L=   31, J=   31.5 channel on core I =   0.0 from L=   31,  Acc. loss =  0.0 D.
 Elastic phase shift   1 =    0.000   0.000 deg. for the L =   31, J =   31.5 channel.
      31.5  0.99999999  0.00000001i: elastic S-matrix  @@      0.00  0   0 F  0
 Reaction Xsec    31.5-/31 @ 1 =   0.016/, Out:   0.000#   0.016/   0.000f


 Total SPIN, PARITY =    32.5 +,      6 chs,      6 cc.  Rmin & Coul turning =    1.5   26.5
   S-matrix    1 =    1.00000   0.00000 for L=   32, J=   32.5 channel on core I =   0.0 from L=   32,  Acc. loss =  0.0 D.
 Elastic phase shift   1 =    0.000   0.000 deg. for the L =   32, J =   32.5 channel.
      32.5  0.99999999  0.00000001i: elastic S-matrix  @@      0.00  0   0 F  0
 Reaction Xsec    32.5+/32 @ 1 =   0.014/, Out:   0.000#   0.014/   0.000f


 Total SPIN, PARITY =    32.5 -,      6 chs,      6 cc.  Rmin & Coul turning =    1.5   26.5
   S-matrix    1 =    1.00000   0.00000 for L=   33, J=   32.5 channel on core I =   0.0 from L=   33,  Acc. loss =  0.0 D.
 Elastic phase shift   1 =    0.000   0.000 deg. for the L =   33, J =   32.5 channel.
      32.5  0.99999999  0.00000001i: elastic S-matrix  @@      0.00  0   0 F  0
 Reaction Xsec    32.5-/33 @ 1 =   0.012/, Out:   0.000#   0.012/   0.000f


 Total SPIN, PARITY =    33.5 +,      6 chs,      6 cc.  Rmin & Coul turning =    1.6   27.3
   S-matrix    1 =    1.00000   0.00000 for L=   34, J=   33.5 channel on core I =   0.0 from L=   34,  Acc. loss =  0.0 D.
 Elastic phase shift   1 =    0.000   0.000 deg. for the L =   34, J =   33.5 channel.
      33.5  0.99999999  0.00000001i: elastic S-matrix  @@      0.00  0   0 F  0
 Reaction Xsec    33.5+/34 @ 1 =   0.010/, Out:   0.000#   0.010/   0.000f


 Total SPIN, PARITY =    33.5 -,      6 chs,      6 cc.  Rmin & Coul turning =    1.6   27.3
   S-matrix    1 =    1.00000   0.00000 for L=   33, J=   33.5 channel on core I =   0.0 from L=   33,  Acc. loss =  0.0 D.
 Elastic phase shift   1 =    0.000   0.000 deg. for the L =   33, J =   33.5 channel.
      33.5  0.99999999  0.00000001i: elastic S-matrix  @@      0.00  0   0 F  0
 Reaction Xsec    33.5-/33 @ 1 =   0.012/, Out:   0.000#   0.012/   0.000f


 Total SPIN, PARITY =    34.5 +,      6 chs,      6 cc.  Rmin & Coul turning =    1.6   28.1
   S-matrix    1 =    1.00000   0.00000 for L=   34, J=   34.5 channel on core I =   0.0 from L=   34,  Acc. loss =  0.0 D.
 Elastic phase shift   1 =    0.000   0.000 deg. for the L =   34, J =   34.5 channel.
      34.5  0.99999999  0.00000001i: elastic S-matrix  @@      0.00  0   0 F  0
 Reaction Xsec    34.5+/34 @ 1 =   0.011/, Out:   0.000#   0.011/   0.000f


 Total SPIN, PARITY =    34.5 -,      6 chs,      6 cc.  Rmin & Coul turning =    1.6   28.1
   S-matrix    1 =    1.00000   0.00000 for L=   35, J=   34.5 channel on core I =   0.0 from L=   35,  Acc. loss =  0.0 D.
 Elastic phase shift   1 =    0.000   0.000 deg. for the L =   35, J =   34.5 channel.
      34.5  0.99999999  0.00000001i: elastic S-matrix  @@      0.00  0   0 F  0
 Reaction Xsec    34.5-/35 @ 1 =   9.026#, Out:   0.000#   9.026#   0.000f


 Total SPIN, PARITY =    35.5 +,      6 chs,      6 cc.  Rmin & Coul turning =    1.7   28.9
   S-matrix    1 =    1.00000   0.00000 for L=   36, J=   35.5 channel on core I =   0.0 from L=   36,  Acc. loss =  0.0 D.
 Elastic phase shift   1 =    0.000   0.000 deg. for the L =   36, J =   35.5 channel.
      35.5  0.99999999  0.00000001i: elastic S-matrix  @@      0.00  0   0 F  0
 Reaction Xsec    35.5+/36 @ 1 =   7.926#, Out:   0.000#   7.926#   0.000f


 Total SPIN, PARITY =    35.5 -,      6 chs,      6 cc.  Rmin & Coul turning =    1.7   28.9
   S-matrix    1 =    1.00000   0.00000 for L=   35, J=   35.5 channel on core I =   0.0 from L=   35,  Acc. loss =  0.0 D.
 Elastic phase shift   1 =    0.000   0.000 deg. for the L =   35, J =   35.5 channel.
      35.5  0.99999999  0.00000001i: elastic S-matrix  @@      0.00  0   0 F  0
 Reaction Xsec    35.5-/35 @ 1 =   9.284#, Out:   0.000#   9.283#   0.000f


 Total SPIN, PARITY =    36.5 +,      6 chs,      6 cc.  Rmin & Coul turning =    1.7   29.7
   S-matrix    1 =    1.00000   0.00000 for L=   36, J=   36.5 channel on core I =   0.0 from L=   36,  Acc. loss =  0.0 D.
 Elastic phase shift   1 =    0.000   0.000 deg. for the L =   36, J =   36.5 channel.
      36.5  0.99999999  0.00000001i: elastic S-matrix  @@      0.00  0   0 F  0
 Reaction Xsec    36.5+/36 @ 1 =   8.146#, Out:   0.000#   8.146#   0.000f


 Total SPIN, PARITY =    36.5 -,      6 chs,      6 cc.  Rmin & Coul turning =    1.7   29.7
   S-matrix    1 =    1.00000   0.00000 for L=   37, J=   36.5 channel on core I =   0.0 from L=   37,  Acc. loss =  0.0 D.
 Elastic phase shift   1 =    0.000   0.000 deg. for the L =   37, J =   36.5 channel.
      36.5  1.00000000  0.00000001i: elastic S-matrix  @@      0.00  0   0 F  0
 Reaction Xsec    36.5-/37 @ 1 =   7.028#, Out:   0.000#   7.028#   0.000f


 Total SPIN, PARITY =    37.5 +,      6 chs,      6 cc.  Rmin & Coul turning =    1.8   30.5
   S-matrix    1 =    1.00000   0.00000 for L=   38, J=   37.5 channel on core I =   0.0 from L=   38,  Acc. loss =  0.0 D.
 Elastic phase shift   1 =    0.000   0.000 deg. for the L =   38, J =   37.5 channel.
      37.5  1.00000000  0.00000001i: elastic S-matrix  @@      0.00  0   0 F  0
 Reaction Xsec    37.5+/38 @ 1 =   6.124#, Out:   0.000#   6.124#   0.000f


 Total SPIN, PARITY =    37.5 -,      6 chs,      6 cc.  Rmin & Coul turning =    1.8   30.5
   S-matrix    1 =    1.00000   0.00000 for L=   37, J=   37.5 channel on core I =   0.0 from L=   37,  Acc. loss =  0.0 D.
 Elastic phase shift   1 =    0.000   0.000 deg. for the L =   37, J =   37.5 channel.
      37.5  1.00000000  0.00000001i: elastic S-matrix  @@      0.00  0   0 F  0
 Reaction Xsec    37.5-/37 @ 1 =   7.218#, Out:   0.000#   7.218#   0.000f


 Total SPIN, PARITY =    38.5 +,      6 chs,      6 cc.  Rmin & Coul turning =    1.8   31.3
   S-matrix    1 =    1.00000   0.00000 for L=   38, J=   38.5 channel on core I =   0.0 from L=   38,  Acc. loss =  0.0 D.
 Elastic phase shift   1 =    0.000   0.000 deg. for the L =   38, J =   38.5 channel.
      38.5  1.00000000  0.00000001i: elastic S-matrix  @@      0.00  0   0 F  0
 Reaction Xsec    38.5+/38 @ 1 =   6.286#, Out:   0.000#   6.285#   0.000f


 Total SPIN, PARITY =    38.5 -,      6 chs,      6 cc.  Rmin & Coul turning =    1.8   31.3
   S-matrix    1 =    1.00000   0.00000 for L=   39, J=   38.5 channel on core I =   0.0 from L=   39,  Acc. loss =  0.0 D.
 Elastic phase shift   1 =    0.000   0.000 deg. for the L =   39, J =   38.5 channel.
      38.5  1.00000000  0.00000001i: elastic S-matrix  @@      0.00  0   0 F  0
 Reaction Xsec    38.5-/39 @ 1 =   5.402#, Out:   0.000#   5.401#   0.000f


 Total SPIN, PARITY =    39.5 +,      6 chs,      6 cc.  Rmin & Coul turning =    1.9   32.1
   S-matrix    1 =    1.00000   0.00000 for L=   40, J=   39.5 channel on core I =   0.0 from L=   40,  Acc. loss =  0.0 D.
 Elastic phase shift   1 =    0.000   0.000 deg. for the L =   40, J =   39.5 channel.
      39.5  1.00000000  0.00000001i: elastic S-matrix  @@      0.00  0   0 F  0
 Reaction Xsec    39.5+/40 @ 1 =   4.839#, Out:   0.000#   4.839#   0.000f


 Total SPIN, PARITY =    39.5 -,      6 chs,      6 cc.  Rmin & Coul turning =    1.9   32.1
   S-matrix    1 =    1.00000   0.00000 for L=   39, J=   39.5 channel on core I =   0.0 from L=   39,  Acc. loss =  0.0 D.
 Elastic phase shift   1 =    0.000   0.000 deg. for the L =   39, J =   39.5 channel.
      39.5  1.00000000  0.00000001i: elastic S-matrix  @@      0.00  0   0 F  0
 Reaction Xsec    39.5-/39 @ 1 =   5.540#, Out:   0.000#   5.540#   0.000f


 Total SPIN, PARITY =    40.5 +,      6 chs,      6 cc.  Rmin & Coul turning =    1.9   32.9
   S-matrix    1 =    1.00000   0.00000 for L=   40, J=   40.5 channel on core I =   0.0 from L=   40,  Acc. loss =  0.0 D.
 Elastic phase shift   1 =    0.000   0.000 deg. for the L =   40, J =   40.5 channel.
      40.5  1.00000000  0.00000001i: elastic S-matrix  @@      0.00  0   0 F  0
 Reaction Xsec    40.5+/40 @ 1 =   4.960#, Out:   0.000#   4.960#   0.000f


 Total SPIN, PARITY =    40.5 -,      6 chs,      6 cc.  Rmin & Coul turning =    1.9   32.9
   S-matrix    1 =    1.00000   0.00000 for L=   41, J=   40.5 channel on core I =   0.0 from L=   41,  Acc. loss =  0.0 D.
 Elastic phase shift   1 =    0.000   0.000 deg. for the L =   41, J =   40.5 channel.
      40.5  1.00000000  0.00000000i: elastic S-matrix  @@      0.00  0   0 F  0
 Reaction Xsec    40.5-/41 @ 1 =   4.238#, Out:   0.000#   4.237#   0.000f


 Total SPIN, PARITY =    41.5 +,      6 chs,      6 cc.  Rmin & Coul turning =    1.9   33.7
   S-matrix    1 =    1.00000   0.00000 for L=   42, J=   41.5 channel on core I =   0.0 from L=   42,  Acc. loss =  0.0 D.
 Elastic phase shift   1 =    0.000   0.000 deg. for the L =   42, J =   41.5 channel.
      41.5  1.00000000  0.00000000i: elastic S-matrix  @@      0.00  0   0 F  0
 Reaction Xsec    41.5+/42 @ 1 =   3.733#, Out:   0.000#   3.733#   0.000f


 Total SPIN, PARITY =    41.5 -,      6 chs,      6 cc.  Rmin & Coul turning =    1.9   33.7
   S-matrix    1 =    1.00000   0.00000 for L=   41, J=   41.5 channel on core I =   0.0 from L=   41,  Acc. loss =  0.0 D.
 Elastic phase shift   1 =    0.000   0.000 deg. for the L =   41, J =   41.5 channel.
      41.5  1.00000000  0.00000000i: elastic S-matrix  @@      0.00  0   0 F  0
 Reaction Xsec    41.5-/41 @ 1 =   4.341#, Out:   0.000#   4.340#   0.000f


 Total SPIN, PARITY =    42.5 +,      6 chs,      6 cc.  Rmin & Coul turning =    2.0   34.5
   S-matrix    1 =    1.00000   0.00000 for L=   42, J=   42.5 channel on core I =   0.0 from L=   42,  Acc. loss =  0.0 D.
 Elastic phase shift   1 =    0.000   0.000 deg. for the L =   42, J =   42.5 channel.
      42.5  1.00000000  0.00000000i: elastic S-matrix  @@      0.00  0   0 F  0
 Reaction Xsec    42.5+/42 @ 1 =   3.822#, Out:   0.000#   3.822#   0.000f


 Total SPIN, PARITY =    42.5 -,      6 chs,      6 cc.  Rmin & Coul turning =    2.0   34.5
   S-matrix    1 =    1.00000   0.00000 for L=   43, J=   42.5 channel on core I =   0.0 from L=   43,  Acc. loss =  0.0 D.
 Elastic phase shift   1 =    0.000   0.000 deg. for the L =   43, J =   42.5 channel.
      42.5  1.00000000  0.00000000i: elastic S-matrix  @@      0.00  0   0 F  0
 Reaction Xsec    42.5-/43 @ 1 =   3.386#, Out:   0.000#   3.385#   0.000f


 Total SPIN, PARITY =    43.5 +,      6 chs,      6 cc.  Rmin & Coul turning =    2.0   35.4
   S-matrix    1 =    1.00000   0.00000 for L=   44, J=   43.5 channel on core I =   0.0 from L=   44,  Acc. loss =  0.0 D.
 Elastic phase shift   1 =    0.000   0.000 deg. for the L =   44, J =   43.5 channel.
      43.5  1.00000000  0.00000000i: elastic S-matrix  @@      0.00  0   0 F  0
 Reaction Xsec    43.5+/44 @ 1 =   3.006#, Out:   0.000#   3.006#   0.000f


 Total SPIN, PARITY =    43.5 -,      6 chs,      6 cc.  Rmin & Coul turning =    2.0   35.4
   S-matrix    1 =    1.00000   0.00000 for L=   43, J=   43.5 channel on core I =   0.0 from L=   43,  Acc. loss =  0.0 D.
 Elastic phase shift   1 =    0.000   0.000 deg. for the L =   43, J =   43.5 channel.
      43.5  1.00000000  0.00000000i: elastic S-matrix  @@      0.00  0   0 F  0
 Reaction Xsec    43.5-/43 @ 1 =   3.464#, Out:   0.000#   3.464#   0.000f


 Total SPIN, PARITY =    44.5 +,      6 chs,      6 cc.  Rmin & Coul turning =    2.1   36.2
   S-matrix    1 =    1.00000   0.00000 for L=   44, J=   44.5 channel on core I =   0.0 from L=   44,  Acc. loss =  0.0 D.
 Elastic phase shift   1 =    0.000   0.000 deg. for the L =   44, J =   44.5 channel.
      44.5  1.00000000  0.00000000i: elastic S-matrix  @@      0.00  0   0 F  0
 Reaction Xsec    44.5+/44 @ 1 =   3.074#, Out:   0.000#   3.074#   0.000f


 Total SPIN, PARITY =    44.5 -,      6 chs,      6 cc.  Rmin & Coul turning =    2.1   36.2
   S-matrix    1 =    1.00000   0.00000 for L=   45, J=   44.5 channel on core I =   0.0 from L=   45,  Acc. loss =  0.0 D.
 Elastic phase shift   1 =    0.000   0.000 deg. for the L =   45, J =   44.5 channel.
      44.5  1.00000000  0.00000000i: elastic S-matrix  @@      0.00  0   0 F  0
 Reaction Xsec    44.5-/45 @ 1 =   2.627#, Out:   0.000#   2.627#   0.000f


 Total SPIN, PARITY =    45.5 +,      6 chs,      6 cc.  Rmin & Coul turning =    2.2   37.0
   S-matrix    1 =    1.00000   0.00000 for L=   46, J=   45.5 channel on core I =   0.0 from L=   46,  Acc. loss =  0.0 D.
 Elastic phase shift   1 =    0.000   0.000 deg. for the L =   46, J =   45.5 channel.
      45.5  1.00000000  0.00000000i: elastic S-matrix  @@      0.00  0   0 F  0
 Reaction Xsec    45.5+/46 @ 1 =   2.389#, Out:   0.000#   2.389#   0.000f


 Total SPIN, PARITY =    45.5 -,      6 chs,      6 cc.  Rmin & Coul turning =    2.2   37.0
   S-matrix    1 =    1.00000   0.00000 for L=   45, J=   45.5 channel on core I =   0.0 from L=   45,  Acc. loss =  0.0 D.
 Elastic phase shift   1 =    0.000   0.000 deg. for the L =   45, J =   45.5 channel.
      45.5  1.00000000  0.00000000i: elastic S-matrix  @@      0.00  0   0 F  0
 Reaction Xsec    45.5-/45 @ 1 =   2.686#, Out:   0.000#   2.685#   0.000f


 Total SPIN, PARITY =    46.5 +,      6 chs,      6 cc.  Rmin & Coul turning =    2.2   37.8
   S-matrix    1 =    1.00000   0.00000 for L=   46, J=   46.5 channel on core I =   0.0 from L=   46,  Acc. loss =  0.0 D.
 Elastic phase shift   1 =    0.000   0.000 deg. for the L =   46, J =   46.5 channel.
      46.5  1.00000000  0.00000000i: elastic S-matrix  @@      0.00  0   0 F  0
 Reaction Xsec    46.5+/46 @ 1 =   2.441#, Out:   0.000#   2.441#   0.000f


 Total SPIN, PARITY =    46.5 -,      6 chs,      6 cc.  Rmin & Coul turning =    2.2   37.8
   S-matrix    1 =    1.00000   0.00000 for L=   47, J=   46.5 channel on core I =   0.0 from L=   47,  Acc. loss =  0.0 D.
 Elastic phase shift   1 =    0.000   0.000 deg. for the L =   47, J =   46.5 channel.
      46.5  1.00000000  0.00000000i: elastic S-matrix  @@      0.00  0   0 F  0
 Reaction Xsec    46.5-/47 @ 1 =   2.186#, Out:   0.000#   2.185#   0.000f


 Total SPIN, PARITY =    47.5 +,      6 chs,      6 cc.  Rmin & Coul turning =    2.2   38.6
   S-matrix    1 =    1.00000   0.00000 for L=   48, J=   47.5 channel on core I =   0.0 from L=   48,  Acc. loss =  0.0 D.
 Elastic phase shift   1 =    0.000   0.000 deg. for the L =   48, J =   47.5 channel.
      47.5  1.00000000  0.00000000i: elastic S-matrix  @@      0.00  0   0 F  0
 Reaction Xsec    47.5+/48 @ 1 =   1.915#, Out:   0.000#   1.915#   0.000f


 Total SPIN, PARITY =    47.5 -,      6 chs,      6 cc.  Rmin & Coul turning =    2.2   38.6
   S-matrix    1 =    1.00000   0.00000 for L=   47, J=   47.5 channel on core I =   0.0 from L=   47,  Acc. loss =  0.0 D.
 Elastic phase shift   1 =    0.000   0.000 deg. for the L =   47, J =   47.5 channel.
      47.5  1.00000000  0.00000000i: elastic S-matrix  @@      0.00  0   0 F  0
 Reaction Xsec    47.5-/47 @ 1 =   2.232#, Out:   0.000#   2.232#   0.000f


 Total SPIN, PARITY =    48.5 +,      6 chs,      6 cc.  Rmin & Coul turning =    2.3   39.4
   S-matrix    1 =    1.00000   0.00000 for L=   48, J=   48.5 channel on core I =   0.0 from L=   48,  Acc. loss =  0.0 D.
 Elastic phase shift   1 =    0.000   0.000 deg. for the L =   48, J =   48.5 channel.
      48.5  1.00000000  0.00000000i: elastic S-matrix  @@      0.00  0   0 F  0
 Reaction Xsec    48.5+/48 @ 1 =   1.955#, Out:   0.000#   1.955#   0.000f


 Total SPIN, PARITY =    48.5 -,      6 chs,      6 cc.  Rmin & Coul turning =    2.3   39.4
   S-matrix    1 =    1.00000   0.00000 for L=   49, J=   48.5 channel on core I =   0.0 from L=   49,  Acc. loss =  0.0 D.
 Elastic phase shift   1 =    0.000   0.000 deg. for the L =   49, J =   48.5 channel.
      48.5  1.00000000  0.00000000i: elastic S-matrix  @@      0.00  0   0 F  0
 Reaction Xsec    48.5-/49 @ 1 =   1.696#, Out:   0.000#   1.696#   0.000f


 Total SPIN, PARITY =    49.5 +,      6 chs,      6 cc.  Rmin & Coul turning =    2.3   40.2
   S-matrix    1 =    1.00000   0.00000 for L=   50, J=   49.5 channel on core I =   0.0 from L=   50,  Acc. loss =  0.0 D.
 Elastic phase shift   1 =    0.000   0.000 deg. for the L =   50, J =   49.5 channel.
      49.5  1.00000000  0.00000000i: elastic S-matrix  @@      0.00  0   0 F  0
 Reaction Xsec    49.5+/50 @ 1 =   1.585#, Out:   0.000#   1.584#   0.000f


 Total SPIN, PARITY =    49.5 -,      6 chs,      6 cc.  Rmin & Coul turning =    2.3   40.2
   S-matrix    1 =    1.00000   0.00000 for L=   49, J=   49.5 channel on core I =   0.0 from L=   49,  Acc. loss =  0.0 D.
 Elastic phase shift   1 =    0.000   0.000 deg. for the L =   49, J =   49.5 channel.
      49.5  1.00000000  0.00000000i: elastic S-matrix  @@      0.00  0   0 F  0
 Reaction Xsec    49.5-/49 @ 1 =   1.731#, Out:   0.000#   1.731#   0.000f


 Total SPIN, PARITY =    50.5 +,      6 chs,      6 cc.  Rmin & Coul turning =    2.4   41.0
   S-matrix    1 =    1.00000   0.00000 for L=   50, J=   50.5 channel on core I =   0.0 from L=   50,  Acc. loss =  0.0 D.
 Elastic phase shift   1 =    0.000   0.000 deg. for the L =   50, J =   50.5 channel.
      50.5  1.00000000  0.00000000i: elastic S-matrix  @@      0.00  0   0 F  0
 Reaction Xsec    50.5+/50 @ 1 =   1.616#, Out:   0.000#   1.616#   0.000f


 Total SPIN, PARITY =    50.5 -,      6 chs,      6 cc.  Rmin & Coul turning =    2.4   41.0
   S-matrix    1 =    1.00000   0.00000 for L=   51, J=   50.5 channel on core I =   0.0 from L=   51,  Acc. loss =  0.0 D.
 Elastic phase shift   1 =    0.000   0.000 deg. for the L =   51, J =   50.5 channel.
      50.5  1.00000000  0.00000000i: elastic S-matrix  @@      0.00  0   0 F  0
 Reaction Xsec    50.5-/51 @ 1 =   1.457#, Out:   0.000#   1.457#   0.000f

 Finished all CC sets @   0.339634001    
0CUMULATIVE REACTION cross section                 =  810.18234  <L> =     4.13  <L**2> =     20.5
0CUMULATIVE outgoing cross sections in partition 1 :    0.00000   54.62841
0Cumulative ABSORBTION by Imaginary Potentials     =  755.55393  <L> =     4.13  <L**2> =     20.5
   Fusion for specific p        M-states :  755.553927  755.553927
0CUMULATIVE OUTGOING cross section                 =   54.62841
 To convert to S-factors (MeV.mb = keV.b),  multiply by  1.2763E+02


 CROSS SECTIONS FOR OUTGOING p        & O20      in state #   1 with spins & parities 0.5  + &  0.0  +;  0

     0.01 deg.: X-S =   1.2880E+15 mb/sr,
+                                         /R =   1.0000E+00
     1.00 deg.: X-S =   1.2514E+07 mb/sr,
+                                         /R =   9.7150E-01
     2.00 deg.: X-S =   7.2650E+05 mb/sr,
+                                         /R =   9.0230E-01
     3.00 deg.: X-S =   1.3016E+05 mb/sr,
+                                         /R =   8.1819E-01
     4.00 deg.: X-S =   3.7442E+04 mb/sr,
+                                         /R =   7.4357E-01
     5.00 deg.: X-S =   1.4507E+04 mb/sr,
+                                         /R =   7.0307E-01
     6.00 deg.: X-S =  7178.875035 mb/sr,
+                                         /R =   7.2102E-01
     7.00 deg.: X-S =  4411.114049 mb/sr,
+                                         /R =   8.2024E-01
     8.00 deg.: X-S =  3219.232395 mb/sr,
+                                         /R =   1.0204E+00
     9.00 deg.: X-S =  2634.785910 mb/sr,
+                                         /R =   1.3366E+00
    10.00 deg.: X-S =  2301.519530 mb/sr,
+                                         /R =   1.7778E+00
    11.00 deg.: X-S =  2076.487864 mb/sr,
+                                         /R =   2.3459E+00
    12.00 deg.: X-S =  1899.030308 mb/sr,
+                                         /R =   3.0350E+00
    13.00 deg.: X-S =  1742.739676 mb/sr,
+                                         /R =   3.8314E+00
    14.00 deg.: X-S =  1596.284033 mb/sr,
+                                         /R =   4.7139E+00
    15.00 deg.: X-S =  1455.211302 mb/sr,
+                                         /R =   5.6547E+00
    16.00 deg.: X-S =  1318.251213 mb/sr,
+                                         /R =   6.6208E+00
    17.00 deg.: X-S =  1185.572756 mb/sr,
+                                         /R =   7.5758E+00
    18.00 deg.: X-S =  1057.935739 mb/sr,
+                                         /R =   8.4817E+00
    19.00 deg.: X-S =   936.269146 mb/sr,
+                                         /R =   9.3010E+00
    20.00 deg.: X-S =   821.461098 mb/sr,
+                                         /R =   9.9991E+00
    21.00 deg.: X-S =   714.257426 mb/sr,
+                                         /R =   1.0546E+01
    22.00 deg.: X-S =   615.217801 mb/sr,
+                                         /R =   1.0917E+01
    23.00 deg.: X-S =   524.703249 mb/sr,
+                                         /R =   1.1098E+01
    24.00 deg.: X-S =   442.881192 mb/sr,
+                                         /R =   1.1079E+01
    25.00 deg.: X-S =   369.740354 mb/sr,
+                                         /R =   1.0863E+01
    26.00 deg.: X-S =   305.111113 mb/sr,
+                                         /R =   1.0459E+01
    27.00 deg.: X-S =   248.688622 mb/sr,
+                                         /R =   9.8876E+00
    28.00 deg.: X-S =   200.056970 mb/sr,
+                                         /R =   9.1737E+00
    29.00 deg.: X-S =   158.713201 mb/sr,
+                                         /R =   8.3503E+00
    30.00 deg.: X-S =   124.090383 mb/sr,
+                                         /R =   7.4544E+00
    31.00 deg.: X-S =    95.579123 mb/sr,
+                                         /R =   6.5260E+00
    32.00 deg.: X-S =    72.547142 mb/sr,
+                                         /R =   5.6061E+00
    33.00 deg.: X-S =    54.356606 mb/sr,
+                                         /R =   4.7349E+00
    34.00 deg.: X-S =    40.379089 mb/sr,
+                                         /R =   3.9499E+00
    35.00 deg.: X-S =    30.008083 mb/sr,
+                                         /R =   3.2847E+00
    36.00 deg.: X-S =    22.669101 mb/sr,
+                                         /R =   2.7673E+00
    37.00 deg.: X-S =    17.827441 mb/sr,
+                                         /R =   2.4193E+00
    38.00 deg.: X-S =    14.993780 mb/sr,
+                                         /R =   2.2551E+00
    39.00 deg.: X-S =    13.727758 mb/sr,
+                                         /R =   2.2818E+00
    40.00 deg.: X-S =    13.639787 mb/sr,
+                                         /R =   2.4987E+00
    41.00 deg.: X-S =    14.391311 mb/sr,
+                                         /R =   2.8980E+00
    42.00 deg.: X-S =    15.693753 mb/sr,
+                                         /R =   3.4653E+00
    43.00 deg.: X-S =    17.306397 mb/sr,
+                                         /R =   4.1802E+00
    44.00 deg.: X-S =    19.033428 mb/sr,
+                                         /R =   5.0178E+00
    45.00 deg.: X-S =    20.720353 mb/sr,
+                                         /R =   5.9491E+00
    46.00 deg.: X-S =    22.250000 mb/sr,
+                                         /R =   6.9428E+00
    47.00 deg.: X-S =    23.538273 mb/sr,
+                                         /R =   7.9665E+00
    48.00 deg.: X-S =    24.529818 mb/sr,
+                                         /R =   8.9875E+00
    49.00 deg.: X-S =    25.193732 mb/sr,
+                                         /R =   9.9745E+00
    50.00 deg.: X-S =    25.519418 mb/sr,
+                                         /R =   1.0898E+01
    51.00 deg.: X-S =    25.512681 mb/sr,
+                                         /R =   1.1732E+01
    52.00 deg.: X-S =    25.192109 mb/sr,
+                                         /R =   1.2454E+01
    53.00 deg.: X-S =    24.585807 mb/sr,
+                                         /R =   1.3046E+01
    54.00 deg.: X-S =    23.728493 mb/sr,
+                                         /R =   1.3494E+01
    55.00 deg.: X-S =    22.658969 mb/sr,
+                                         /R =   1.3790E+01
    56.00 deg.: X-S =    21.417979 mb/sr,
+                                         /R =   1.3929E+01
    57.00 deg.: X-S =    20.046427 mb/sr,
+                                         /R =   1.3912E+01
    58.00 deg.: X-S =    18.583940 mb/sr,
+                                         /R =   1.3744E+01
    59.00 deg.: X-S =    17.067758 mb/sr,
+                                         /R =   1.3435E+01
    60.00 deg.: X-S =    15.531915 mb/sr,
+                                         /R =   1.2996E+01
    61.00 deg.: X-S =    14.006671 mb/sr,
+                                         /R =   1.2442E+01
    62.00 deg.: X-S =    12.518181 mb/sr,
+                                         /R =   1.1792E+01
    63.00 deg.: X-S =    11.088345 mb/sr,
+                                         /R =   1.1064E+01
    64.00 deg.: X-S =     9.734826 mb/sr,
+                                         /R =   1.0277E+01
    65.00 deg.: X-S =     8.471193 mb/sr,
+                                         /R =   9.4515E+00
    66.00 deg.: X-S =     7.307158 mb/sr,
+                                         /R =   8.6075E+00
    67.00 deg.: X-S =     6.248899 mb/sr,
+                                         /R =   7.7634E+00
    68.00 deg.: X-S =     5.299418 mb/sr,
+                                         /R =   6.9369E+00
    69.00 deg.: X-S =     4.458944 mb/sr,
+                                         /R =   6.1438E+00
    70.00 deg.: X-S =     3.725335 mb/sr,
+                                         /R =   5.3979E+00
    71.00 deg.: X-S =     3.094492 mb/sr,
+                                         /R =   4.7108E+00
    72.00 deg.: X-S =     2.560751 mb/sr,
+                                         /R =   4.0920E+00
    73.00 deg.: X-S =     2.117256 mb/sr,
+                                         /R =   3.5483E+00
    74.00 deg.: X-S =     1.756301 mb/sr,
+                                         /R =   3.0842E+00
    75.00 deg.: X-S =     1.469644 mb/sr,
+                                         /R =   2.7020E+00
    76.00 deg.: X-S =     1.248782 mb/sr,
+                                         /R =   2.4019E+00
    77.00 deg.: X-S =     1.085184 mb/sr,
+                                         /R =   2.1817E+00
    78.00 deg.: X-S =     0.970497 mb/sr,
+                                         /R =   2.0379E+00
    79.00 deg.: X-S =     0.896706 mb/sr,
+                                         /R =   1.9651E+00
    80.00 deg.: X-S =     0.856265 mb/sr,
+                                         /R =   1.9569E+00
    81.00 deg.: X-S =     0.842193 mb/sr,
+                                         /R =   2.0058E+00
    82.00 deg.: X-S =     0.848140 mb/sr,
+                                         /R =   2.1034E+00
    83.00 deg.: X-S =     0.868436 mb/sr,
+                                         /R =   2.2412E+00
    84.00 deg.: X-S =     0.898101 mb/sr,
+                                         /R =   2.4102E+00
    85.00 deg.: X-S =     0.932852 mb/sr,
+                                         /R =   2.6016E+00
    86.00 deg.: X-S =     0.969082 mb/sr,
+                                         /R =   2.8066E+00
    87.00 deg.: X-S =     1.003830 mb/sr,
+                                         /R =   3.0172E+00
    88.00 deg.: X-S =     1.034747 mb/sr,
+                                         /R =   3.2256E+00
    89.00 deg.: X-S =     1.060040 mb/sr,
+                                         /R =   3.4250E+00
    90.00 deg.: X-S =     1.078426 mb/sr,
+                                         /R =   3.6093E+00
    91.00 deg.: X-S =     1.089072 mb/sr,
+                                         /R =   3.7733E+00
    92.00 deg.: X-S =     1.091539 mb/sr,
+                                         /R =   3.9126E+00
    93.00 deg.: X-S =     1.085728 mb/sr,
+                                         /R =   4.0240E+00
    94.00 deg.: X-S =     1.071820 mb/sr,
+                                         /R =   4.1051E+00
    95.00 deg.: X-S =     1.050225 mb/sr,
+                                         /R =   4.1543E+00
    96.00 deg.: X-S =     1.021535 mb/sr,
+                                         /R =   4.1710E+00
    97.00 deg.: X-S =     0.986478 mb/sr,
+                                         /R =   4.1553E+00
    98.00 deg.: X-S =     0.945874 mb/sr,
+                                         /R =   4.1081E+00
    99.00 deg.: X-S =     0.900601 mb/sr,
+                                         /R =   4.0309E+00
   100.00 deg.: X-S =     0.851566 mb/sr,
+                                         /R =   3.9258E+00
   101.00 deg.: X-S =     0.799671 mb/sr,
+                                         /R =   3.7951E+00
   102.00 deg.: X-S =     0.745799 mb/sr,
+                                         /R =   3.6419E+00
   103.00 deg.: X-S =     0.690789 mb/sr,
+                                         /R =   3.4691E+00
   104.00 deg.: X-S =     0.635424 mb/sr,
+                                         /R =   3.2801E+00
   105.00 deg.: X-S =     0.580421 mb/sr,
+                                         /R =   3.0782E+00
   106.00 deg.: X-S =     0.526423 mb/sr,
+                                         /R =   2.8670E+00
   107.00 deg.: X-S =     0.473995 mb/sr,
+                                         /R =   2.6496E+00
   108.00 deg.: X-S =     0.423620 mb/sr,
+                                         /R =   2.4294E+00
   109.00 deg.: X-S =     0.375702 mb/sr,
+                                         /R =   2.2094E+00
   110.00 deg.: X-S =     0.330565 mb/sr,
+                                         /R =   1.9925E+00
   111.00 deg.: X-S =     0.288459 mb/sr,
+                                         /R =   1.7814E+00
   112.00 deg.: X-S =     0.249562 mb/sr,
+                                         /R =   1.5782E+00
   113.00 deg.: X-S =     0.213989 mb/sr,
+                                         /R =   1.3852E+00
   114.00 deg.: X-S =     0.181792 mb/sr,
+                                         /R =   1.2040E+00
   115.00 deg.: X-S =     0.152972 mb/sr,
+                                         /R =   1.0361E+00
   116.00 deg.: X-S =     0.127481 mb/sr,
+                                         /R =   8.8272E-01
   117.00 deg.: X-S =     0.105234 mb/sr,
+                                         /R =   7.4458E-01
   118.00 deg.: X-S =     0.086107 mb/sr,
+                                         /R =   6.2229E-01
   119.00 deg.: X-S =     0.069949 mb/sr,
+                                         /R =   5.1613E-01
   120.00 deg.: X-S =     0.056587 mb/sr,
+                                         /R =   4.2612E-01
   121.00 deg.: X-S =     0.045829 mb/sr,
+                                         /R =   3.5207E-01
   122.00 deg.: X-S =     0.037471 mb/sr,
+                                         /R =   2.9353E-01
   123.00 deg.: X-S =     0.031297 mb/sr,
+                                         /R =   2.4991E-01
   124.00 deg.: X-S =     0.027089 mb/sr,
+                                         /R =   2.2040E-01
   125.00 deg.: X-S =     0.024626 mb/sr,
+                                         /R =   2.0408E-01
   126.00 deg.: X-S =     0.023689 mb/sr,
+                                         /R =   1.9987E-01
   127.00 deg.: X-S =     0.024061 mb/sr,
+                                         /R =   2.0662E-01
   128.00 deg.: X-S =     0.025534 mb/sr,
+                                         /R =   2.2308E-01
   129.00 deg.: X-S =     0.027905 mb/sr,
+                                         /R =   2.4793E-01
   130.00 deg.: X-S =     0.030982 mb/sr,
+                                         /R =   2.7984E-01
   131.00 deg.: X-S =     0.034583 mb/sr,
+                                         /R =   3.1743E-01
   132.00 deg.: X-S =     0.038539 mb/sr,
+                                         /R =   3.5934E-01
   133.00 deg.: X-S =     0.042691 mb/sr,
+                                         /R =   4.0422E-01
   134.00 deg.: X-S =     0.046896 mb/sr,
+                                         /R =   4.5075E-01
   135.00 deg.: X-S =     0.051025 mb/sr,
+                                         /R =   4.9767E-01
   136.00 deg.: X-S =     0.054963 mb/sr,
+                                         /R =   5.4378E-01
   137.00 deg.: X-S =     0.058607 mb/sr,
+                                         /R =   5.8797E-01
   138.00 deg.: X-S =     0.061873 mb/sr,
+                                         /R =   6.2922E-01
   139.00 deg.: X-S =     0.064690 mb/sr,
+                                         /R =   6.6662E-01
   140.00 deg.: X-S =     0.067001 mb/sr,
+                                         /R =   6.9939E-01
   141.00 deg.: X-S =     0.068765 mb/sr,
+                                         /R =   7.2685E-01
   142.00 deg.: X-S =     0.069955 mb/sr,
+                                         /R =   7.4850E-01
   143.00 deg.: X-S =     0.070557 mb/sr,
+                                         /R =   7.6394E-01
   144.00 deg.: X-S =     0.070570 mb/sr,
+                                         /R =   7.7293E-01
   145.00 deg.: X-S =     0.070008 mb/sr,
+                                         /R =   7.7538E-01
   146.00 deg.: X-S =     0.068892 mb/sr,
+                                         /R =   7.7134E-01
   147.00 deg.: X-S =     0.067259 mb/sr,
+                                         /R =   7.6100E-01
   148.00 deg.: X-S =     0.065150 mb/sr,
+                                         /R =   7.4468E-01
   149.00 deg.: X-S =     0.062617 mb/sr,
+                                         /R =   7.2281E-01
   150.00 deg.: X-S =     0.059719 mb/sr,
+                                         /R =   6.9595E-01
   151.00 deg.: X-S =     0.056518 mb/sr,
+                                         /R =   6.6473E-01
   152.00 deg.: X-S =     0.053083 mb/sr,
+                                         /R =   6.2988E-01
   153.00 deg.: X-S =     0.049481 mb/sr,
+                                         /R =   5.9218E-01
   154.00 deg.: X-S =     0.045782 mb/sr,
+                                         /R =   5.5244E-01
   155.00 deg.: X-S =     0.042056 mb/sr,
+                                         /R =   5.1150E-01
   156.00 deg.: X-S =     0.038367 mb/sr,
+                                         /R =   4.7018E-01
   157.00 deg.: X-S =     0.034778 mb/sr,
+                                         /R =   4.2931E-01
   158.00 deg.: X-S =     0.031345 mb/sr,
+                                         /R =   3.8963E-01
   159.00 deg.: X-S =     0.028118 mb/sr,
+                                         /R =   3.5184E-01
   160.00 deg.: X-S =     0.025141 mb/sr,
+                                         /R =   3.1657E-01
   161.00 deg.: X-S =     0.022447 mb/sr,
+                                         /R =   2.8435E-01
   162.00 deg.: X-S =     0.020062 mb/sr,
+                                         /R =   2.5559E-01
   163.00 deg.: X-S =     0.018002 mb/sr,
+                                         /R =   2.3059E-01
   164.00 deg.: X-S =     0.016277 mb/sr,
+                                         /R =   2.0954E-01
   165.00 deg.: X-S =     0.014883 mb/sr,
+                                         /R =   1.9251E-01
   166.00 deg.: X-S =     0.013810 mb/sr,
+                                         /R =   1.7943E-01
   167.00 deg.: X-S =     0.013042 mb/sr,
+                                         /R =   1.7016E-01
   168.00 deg.: X-S =     0.012554 mb/sr,
+                                         /R =   1.6441E-01
   169.00 deg.: X-S =     0.012313 mb/sr,
+                                         /R =   1.6182E-01
   170.00 deg.: X-S =     0.012285 mb/sr,
+                                         /R =   1.6197E-01
   171.00 deg.: X-S =     0.012430 mb/sr,
+                                         /R =   1.6436E-01
   172.00 deg.: X-S =     0.012708 mb/sr,
+                                         /R =   1.6847E-01
   173.00 deg.: X-S =     0.013075 mb/sr,
+                                         /R =   1.7374E-01
   174.00 deg.: X-S =     0.013492 mb/sr,
+                                         /R =   1.7964E-01
   175.00 deg.: X-S =     0.013920 mb/sr,
+                                         /R =   1.8564E-01
   176.00 deg.: X-S =     0.014323 mb/sr,
+                                         /R =   1.9127E-01
   177.00 deg.: X-S =     0.014670 mb/sr,
+                                         /R =   1.9612E-01
   178.00 deg.: X-S =     0.014936 mb/sr,
+                                         /R =   1.9983E-01
   179.00 deg.: X-S =     0.015103 mb/sr,
+                                         /R =   2.0216E-01
   179.99 deg.: X-S =     0.015161 mb/sr,
+                                         /R =   2.0296E-01
                                           Integrated********** mb, over [   0.000, 180.000] at    35.0000 MeV 

 CROSS SECTIONS FOR OUTGOING p        & O20      in state #   2 with spins & parities 0.5  + &  2.0  +;  0

     0.00 deg.: X-S =    34.566466 mb/sr,
+                                         REAC   5.4628E+01 mb
     1.00 deg.: X-S =    34.610596 mb/sr,
     2.00 deg.: X-S =    34.699860 mb/sr,
     3.00 deg.: X-S =    34.724913 mb/sr,
     4.00 deg.: X-S =    34.559311 mb/sr,
     5.00 deg.: X-S =    34.112244 mb/sr,
     6.00 deg.: X-S =    33.360972 mb/sr,
     7.00 deg.: X-S =    32.352355 mb/sr,
     8.00 deg.: X-S =    31.178460 mb/sr,
     9.00 deg.: X-S =    29.941664 mb/sr,
    10.00 deg.: X-S =    28.726430 mb/sr,
    11.00 deg.: X-S =    27.587978 mb/sr,
    12.00 deg.: X-S =    26.556988 mb/sr,
    13.00 deg.: X-S =    25.651415 mb/sr,
    14.00 deg.: X-S =    24.885837 mb/sr,
    15.00 deg.: X-S =    24.273808 mb/sr,
    16.00 deg.: X-S =    23.824584 mb/sr,
    17.00 deg.: X-S =    23.538592 mb/sr,
    18.00 deg.: X-S =    23.405343 mb/sr,
    19.00 deg.: X-S =    23.404683 mb/sr,
    20.00 deg.: X-S =    23.509832 mb/sr,
    21.00 deg.: X-S =    23.690243 mb/sr,
    22.00 deg.: X-S =    23.913440 mb/sr,
    23.00 deg.: X-S =    24.146286 mb/sr,
    24.00 deg.: X-S =    24.356384 mb/sr,
    25.00 deg.: X-S =    24.513706 mb/sr,
    26.00 deg.: X-S =    24.591993 mb/sr,
    27.00 deg.: X-S =    24.569375 mb/sr,
    28.00 deg.: X-S =    24.428324 mb/sr,
    29.00 deg.: X-S =    24.155578 mb/sr,
    30.00 deg.: X-S =    23.742596 mb/sr,
    31.00 deg.: X-S =    23.186488 mb/sr,
    32.00 deg.: X-S =    22.490712 mb/sr,
    33.00 deg.: X-S =    21.664840 mb/sr,
    34.00 deg.: X-S =    20.723267 mb/sr,
    35.00 deg.: X-S =    19.683451 mb/sr,
    36.00 deg.: X-S =    18.564519 mb/sr,
    37.00 deg.: X-S =    17.386668 mb/sr,
    38.00 deg.: X-S =    16.171108 mb/sr,
    39.00 deg.: X-S =    14.939904 mb/sr,
    40.00 deg.: X-S =    13.715279 mb/sr,
    41.00 deg.: X-S =    12.518429 mb/sr,
    42.00 deg.: X-S =    11.368360 mb/sr,
    43.00 deg.: X-S =    10.281213 mb/sr,
    44.00 deg.: X-S =     9.270156 mb/sr,
    45.00 deg.: X-S =     8.345558 mb/sr,
    46.00 deg.: X-S =     7.515069 mb/sr,
    47.00 deg.: X-S =     6.783500 mb/sr,
    48.00 deg.: X-S =     6.152685 mb/sr,
    49.00 deg.: X-S =     5.621582 mb/sr,
    50.00 deg.: X-S =     5.186685 mb/sr,
    51.00 deg.: X-S =     4.842561 mb/sr,
    52.00 deg.: X-S =     4.582239 mb/sr,
    53.00 deg.: X-S =     4.397393 mb/sr,
    54.00 deg.: X-S =     4.278450 mb/sr,
    55.00 deg.: X-S =     4.214897 mb/sr,
    56.00 deg.: X-S =     4.195839 mb/sr,
    57.00 deg.: X-S =     4.210657 mb/sr,
    58.00 deg.: X-S =     4.249472 mb/sr,
    59.00 deg.: X-S =     4.303246 mb/sr,
    60.00 deg.: X-S =     4.363623 mb/sr,
    61.00 deg.: X-S =     4.422817 mb/sr,
    62.00 deg.: X-S =     4.473740 mb/sr,
    63.00 deg.: X-S =     4.510379 mb/sr,
    64.00 deg.: X-S =     4.528161 mb/sr,
    65.00 deg.: X-S =     4.524046 mb/sr,
    66.00 deg.: X-S =     4.496296 mb/sr,
    67.00 deg.: X-S =     4.444074 mb/sr,
    68.00 deg.: X-S =     4.367153 mb/sr,
    69.00 deg.: X-S =     4.265880 mb/sr,
    70.00 deg.: X-S =     4.141317 mb/sr,
    71.00 deg.: X-S =     3.995353 mb/sr,
    72.00 deg.: X-S =     3.830614 mb/sr,
    73.00 deg.: X-S =     3.650172 mb/sr,
    74.00 deg.: X-S =     3.457215 mb/sr,
    75.00 deg.: X-S =     3.254837 mb/sr,
    76.00 deg.: X-S =     3.046018 mb/sr,
    77.00 deg.: X-S =     2.833698 mb/sr,
    78.00 deg.: X-S =     2.620812 mb/sr,
    79.00 deg.: X-S =     2.410207 mb/sr,
    80.00 deg.: X-S =     2.204489 mb/sr,
    81.00 deg.: X-S =     2.005891 mb/sr,
    82.00 deg.: X-S =     1.816231 mb/sr,
    83.00 deg.: X-S =     1.636971 mb/sr,
    84.00 deg.: X-S =     1.469280 mb/sr,
    85.00 deg.: X-S =     1.314064 mb/sr,
    86.00 deg.: X-S =     1.171938 mb/sr,
    87.00 deg.: X-S =     1.043204 mb/sr,
    88.00 deg.: X-S =     0.927850 mb/sr,
    89.00 deg.: X-S =     0.825616 mb/sr,
    90.00 deg.: X-S =     0.736050 mb/sr,
    91.00 deg.: X-S =     0.658564 mb/sr,
    92.00 deg.: X-S =     0.592436 mb/sr,
    93.00 deg.: X-S =     0.536819 mb/sr,
    94.00 deg.: X-S =     0.490759 mb/sr,
    95.00 deg.: X-S =     0.453243 mb/sr,
    96.00 deg.: X-S =     0.423254 mb/sr,
    97.00 deg.: X-S =     0.399804 mb/sr,
    98.00 deg.: X-S =     0.381934 mb/sr,
    99.00 deg.: X-S =     0.368711 mb/sr,
   100.00 deg.: X-S =     0.359233 mb/sr,
   101.00 deg.: X-S =     0.352649 mb/sr,
   102.00 deg.: X-S =     0.348191 mb/sr,
   103.00 deg.: X-S =     0.345193 mb/sr,
   104.00 deg.: X-S =     0.343084 mb/sr,
   105.00 deg.: X-S =     0.341371 mb/sr,
   106.00 deg.: X-S =     0.339622 mb/sr,
   107.00 deg.: X-S =     0.337476 mb/sr,
   108.00 deg.: X-S =     0.334649 mb/sr,
   109.00 deg.: X-S =     0.330944 mb/sr,
   110.00 deg.: X-S =     0.326239 mb/sr,
   111.00 deg.: X-S =     0.320466 mb/sr,
   112.00 deg.: X-S =     0.313597 mb/sr,
   113.00 deg.: X-S =     0.305637 mb/sr,
   114.00 deg.: X-S =     0.296629 mb/sr,
   115.00 deg.: X-S =     0.286662 mb/sr,
   116.00 deg.: X-S =     0.275856 mb/sr,
   117.00 deg.: X-S =     0.264351 mb/sr,
   118.00 deg.: X-S =     0.252286 mb/sr,
   119.00 deg.: X-S =     0.239796 mb/sr,
   120.00 deg.: X-S =     0.227015 mb/sr,
   121.00 deg.: X-S =     0.214085 mb/sr,
   122.00 deg.: X-S =     0.201152 mb/sr,
   123.00 deg.: X-S =     0.188356 mb/sr,
   124.00 deg.: X-S =     0.175823 mb/sr,
   125.00 deg.: X-S =     0.163655 mb/sr,
   126.00 deg.: X-S =     0.151940 mb/sr,
   127.00 deg.: X-S =     0.140758 mb/sr,
   128.00 deg.: X-S =     0.130178 mb/sr,
   129.00 deg.: X-S =     0.120260 mb/sr,
   130.00 deg.: X-S =     0.111039 mb/sr,
   131.00 deg.: X-S =     0.102530 mb/sr,
   132.00 deg.: X-S =     0.094735 mb/sr,
   133.00 deg.: X-S =     0.087649 mb/sr,
   134.00 deg.: X-S =     0.081266 mb/sr,
   135.00 deg.: X-S =     0.075574 mb/sr,
   136.00 deg.: X-S =     0.070547 mb/sr,
   137.00 deg.: X-S =     0.066139 mb/sr,
   138.00 deg.: X-S =     0.062294 mb/sr,
   139.00 deg.: X-S =     0.058954 mb/sr,
   140.00 deg.: X-S =     0.056073 mb/sr,
   141.00 deg.: X-S =     0.053615 mb/sr,
   142.00 deg.: X-S =     0.051540 mb/sr,
   143.00 deg.: X-S =     0.049802 mb/sr,
   144.00 deg.: X-S =     0.048341 mb/sr,
   145.00 deg.: X-S =     0.047097 mb/sr,
   146.00 deg.: X-S =     0.046019 mb/sr,
   147.00 deg.: X-S =     0.045071 mb/sr,
   148.00 deg.: X-S =     0.044233 mb/sr,
   149.00 deg.: X-S =     0.043484 mb/sr,
   150.00 deg.: X-S =     0.042803 mb/sr,
   151.00 deg.: X-S =     0.042162 mb/sr,
   152.00 deg.: X-S =     0.041535 mb/sr,
   153.00 deg.: X-S =     0.040906 mb/sr,
   154.00 deg.: X-S =     0.040270 mb/sr,
   155.00 deg.: X-S =     0.039628 mb/sr,
   156.00 deg.: X-S =     0.038984 mb/sr,
   157.00 deg.: X-S =     0.038338 mb/sr,
   158.00 deg.: X-S =     0.037693 mb/sr,
   159.00 deg.: X-S =     0.037050 mb/sr,
   160.00 deg.: X-S =     0.036417 mb/sr,
   161.00 deg.: X-S =     0.035800 mb/sr,
   162.00 deg.: X-S =     0.035207 mb/sr,
   163.00 deg.: X-S =     0.034641 mb/sr,
   164.00 deg.: X-S =     0.034105 mb/sr,
   165.00 deg.: X-S =     0.033606 mb/sr,
   166.00 deg.: X-S =     0.033150 mb/sr,
   167.00 deg.: X-S =     0.032743 mb/sr,
   168.00 deg.: X-S =     0.032390 mb/sr,
   169.00 deg.: X-S =     0.032087 mb/sr,
   170.00 deg.: X-S =     0.031826 mb/sr,
   171.00 deg.: X-S =     0.031601 mb/sr,
   172.00 deg.: X-S =     0.031409 mb/sr,
   173.00 deg.: X-S =     0.031250 mb/sr,
   174.00 deg.: X-S =     0.031126 mb/sr,
   175.00 deg.: X-S =     0.031038 mb/sr,
   176.00 deg.: X-S =     0.030978 mb/sr,
   177.00 deg.: X-S =     0.030939 mb/sr,
   178.00 deg.: X-S =     0.030914 mb/sr,
   179.00 deg.: X-S =     0.030900 mb/sr,
   180.00 deg.: X-S =     0.030895 mb/sr,
                                           Integrated   54.6229 mb, over [   0.000, 180.000] at    35.0000 MeV 
 Finished all xsecs @   0.343683988    

  The following files have been created:
   3:local copy of User input.            6:standard output.                   
   7:elastic  S-matrix elements.         13:total cross sections/state.        
  16:tables of cross sections.           35:Astrophysics S-factors  / Ecm.     
  38:cross sections for each J/pi.       39:cross sections for each Ecm.       
  40:all cross sectns. for each Elab.    45:scat phase shift as E functions.   
  56:Fusion for each Jtotal.             75:S-factors for lab energies.        
 201:Separate cross sections.           202:Separate cross sections.           

 PARAMETERS : MAXQRN   MFNL   MLOC  LMAX1 MCLIST
    ALLOWED :      1     36      9     70     15
    REQUIRED:      0      0      9     54      9


 ACCURACY ANALYSIS at    35.000 MeV :

  Elastic h*k = 0.037 so OK       compared with 0.200

   Real(S-el) > 0.01 first at J =       0.5
   Real(S-el) > 0.10 first at J =       0.5
   Real(S-el) > 0.50 first at J =       5.5
   Real(S-el) > 0.90 first at J =       6.5
   Real(S-el) > 0.99 first at J =       8.5
   R-turn =    41.01 fm    at J =      50.5

 Forward-angle excitation cut off below   0.480 deg by max JT =      50.5
                              and below   0.330 deg by max R.

 Total CPU  0 time =       0.34 seconds
