 FRESCO - FRES 3.4: Coupled Reaction Channels
 Assuming NAMELIST input.

 p+O20 1st ex with BG ;                                                          

   0.030  60.000   0.500   0.000   0.000   0.000   0.000   0.000   0.000   0.000

 Centre-of-mass Range is   2002 * 0.0300 fm., Maximum at  60.00 fm., Interpolating NL forms every  0.51 fm.
 Non - locality width is      4 * 0.0300 fm., Maximum of   0.09 fm., Centred at  0.00 fm.
 2-Nucleon Separation of      0 * 0.5100 fm., Maximum of   0.00 fm., Minimum at  0.00 fm.
 Maximum single particle bins of 59.6700 fm.
               M,Mint =         2001        1990


 Range of total J is     0.0 <= J <=    50.0 (at least     0.0) and Absorbtion =>    -1.0000 mb.
 Dry Run = F, CC set limits =  0  0, Relativistic kinematics =  , Both/Far/Near Analyses =  1                     

 Cross Sections (and up to T0 for 0=projectile) for Theta from   0.0 to-180.0 in steps of  1.0 degrees, DGAM=0,  Coordinates = 0 (Mads)

 Lower Radial Cutoff = maximum of -1.60*L*h &       0.0 fm.,  Lower Cutoff for Couplings =   0.0  fm.


 Iterate Couplings between   0 and   1 times, to  0.000 % if sooner.                                          
  Block solved exactly =   2 chs., with Pade = 0 & Isocen =  =0, NOSOL = F, initwf =  0
  NL quadrature with   18 Gaussian points, Calculate multipoles up to    56 from   0
  M-transfers for lp+lt greater than or equal to  6, Angular Integration Cutoff below  2.7778 %


 Trace switches are :  CHANS =  1, LISTCC =  0, TRENEG =  0, CDETR =  0, SMATS =  2, XSTABL =  1, NLPL =  0

                       WAVES =  0, LAMPL =  0, VEFF =  0, KFUS =  0, WDISK =  0, BPM =  0, MELFIL =  0

                       CDCC =  0, NFUS =  0

 Using unit mass = 1.000000 amu and 1/fine-structure constant = 137.03599 ( 1.000000 * true ) with hc = 197.32705 MeV.fm,
  thus 2*amu/hbar^2 = 0.0478450 = 1/20.9008 and Coulomb constant = 0.1574855 so e^2 = 1.43997, and nuclear magneton= 0.1261183

 Now pre-scan input and save to file 3



 *********** PARTITION NUMBER  1 ******************************************************************************************

   PROJ=p          MASS=  1.0073 Z=   1.0,        # STATES=    2T, TARG=O20      MASS= 19.9997 Z=   8.0,     Q-VALUE =  -0.0000 MEV.

     1:  J= 0.5+ (B# 1), E=  0.0000, K= 0.5              Potl#  1       J= 0.0+ (B# 1), E=  0.0000, K= 0.0    

     2:  J= 0.5+ (B# 1), E=  0.0000, K= 0.5              Potl#  1       J= 2.0+ (B# 1), E=  1.6350, K= 0.0    
                                  (Just State  1)


 ************************************************************************************************************************************

 The following POTENTIALS are defined :

  KP#       TYPE      IT    SHAPE      at     V1        r1        a1        V2        r2        a2        A-in     A-used


                                            A#1       A#2        r0c       ac                                                h @ 1
    1    0=Coulomb       0=CHARGE (WS)  1    20.000     0.000    1.3000    0.0000    0.0000    0.0000     0.000    20.000   0.03000

                                           Mn(E1)    Mn(E2)    Mn(E3)  .....
    1   11=Target defm  10=derivatives  2    0.0000    5.3000    0.0000    0.0000    0.0000    0.0000     0.000     3.529= RADIUS

              At    2 is k =  2 (Potl. beta = 0.22286)
                                     Beta of targ. = 0.22286 (using radius of 3.529 fm.).

    1    1=Volume        0=Woods-Saxon  3   48.7789    1.1700    0.7500    0.0000    0.0000    0.0000     0.000    20.000

                                            Def1      Def2      Def3   .....
    1   11=Target defm  10=derivatives  4    0.0000    2.6201    0.0000    0.0000    0.0000    0.0000     0.000     3.176= RADIUS

              At    4 is k =  2 (Potl. beta = 0.82500)
                                     Beta of targ. = 0.82500 (using radius of 3.176 fm.).

    1    1=Volume        0=Woods-Saxon  5    0.0000    0.0000    0.0000    5.0000    1.3200    0.6500     0.000    20.000

                                            Def1      Def2      Def3   .....
    1   11=Target defm  10=derivatives  6    0.0000    2.9560    0.0000    0.0000    0.0000    0.0000     0.000     3.583= RADIUS

              At    6 is k =  2 (Potl. beta = 0.82500)
                                     Beta of targ. = 0.82500 (using radius of 3.583 fm.).

    1    2=Surface       0=Woods-Saxon  7    0.0000    0.0000    0.0000    5.4500    1.3200    0.6500     0.000    20.000

                                            Def1      Def2      Def3   .....
    1   11=Target defm  10=derivatives  8    0.0000    2.9560    0.0000    0.0000    0.0000    0.0000     0.000     3.583= RADIUS

              At    8 is k =  2 (Potl. beta = 0.82500)
                                     Beta of targ. = 0.82500 (using radius of 3.583 fm.).

    1    3=Projtl S.O.   0=Woods-Saxon  9    3.1000    1.0100    0.7500    0.0000    0.0000    0.0000     0.000    20.000

 Incoming partition  1 in excitation state # 1,   Laboratory Energy given for partition  1 Nucleus 1 in Excitation pair 1

0Lab. ENERGY ranges :

   from    35.0000     to   0.00000     in     0 intervals
   from    0.00000     to   0.00000     in     0 intervals
   from    0.00000     to   0.00000     in     0 intervals

 Largest real,imaginary parts of any form factor at R=   59.52 are   2.42E-02  5.84E-32 MeV
 Finished all Couplings @    6.28000009E-04           9

 Symmetric Hamiltonian
1***********************************************************************************************************************************
************************************************************************************************************************************

        INCOMING p        ;    LABORATORY p        ENERGY =   35.000     MeV.

 ***********************************************************************************************************************************
 ***********************************************************************************************************************************

 Allocate arrays for            3  channels, of which            3  need wfs.

 ######################################################################################################################
 #                                                                                                                    #
 # Total SPIN and PARITY =     0.5 +,      3 channels,    3 in 1st block.  Rmin & Coul turning =    0.0    0.3 fm.  #
 #                                                                                                                    #
 ######################################################################################################################



    C Projectl Target   #   EX.   (L  Proj) J  + Targ = Jtotal     E-cm      Re K     Re Eta     RM*K            CH
    1 p        O20      #    1: I   0 0.5    0.5  0.0     0.5    33.32176   1.23648   0.21373   74.1887   0.33920  -0.36833 1 1 1   1
    2 p        O20      #    2:     2 0.5    1.5  2.0     0.5    31.68676   1.20576   0.21918   72.3457   0.34393   0.36416 1 1 1   2
    3 p        O20      #    2:     2 0.5    2.5  2.0     0.5    31.68676   1.20576   0.21918   72.3457   0.34393   0.36416 1 1 1   2
   S-matrix    1 =    0.12688  -0.29612 for L=    0, J=    0.5 channel on core I =   0.0 from L=    0,  Acc. loss =  0.0 D.
 Elastic phase shift   1 =  -33.403  32.450 deg. for the L =    0, J =    0.5 channel.
       0.5  0.12688114 -0.29611774i: elastic S-matrix  @@      0.00  0   0 F  0
 Reaction Xsec     0.5+/ 0 @ 1 =  18.416 , Out:   0.000#   1.787   16.628f


 Total SPIN, PARITY =     0.5 -,      3 chs,      3 cc.  Rmin & Coul turning =    0.0    0.3
   S-matrix    1 =   -0.07533  -0.25662 for L=    1, J=    0.5 channel on core I =   0.0 from L=    1,  Acc. loss =  0.0 D.
 Elastic phase shift   1 =  -53.179  37.782 deg. for the L =    1, J =    0.5 channel.
       0.5 -0.07532542 -0.25662194i: elastic S-matrix  @@      0.00  0   0 F  0
 Reaction Xsec     0.5-/ 1 @ 1 =  19.079 , Out:   0.000#   1.439   17.640f

 Allocate arrays for            5  channels, of which            5  need wfs.

 Total SPIN, PARITY =     1.5 +,      5 chs,      5 cc.  Rmin & Coul turning =    0.0    1.3
   S-matrix    1 =   -0.25081  -0.21287 for L=    2, J=    1.5 channel on core I =   0.0 from L=    2,  Acc. loss =  0.0 D.
 Elastic phase shift   1 =  -69.839  31.850 deg. for the L =    2, J =    1.5 channel.
       1.5 -0.25081205 -0.21287102i: elastic S-matrix  @@      0.00  0   0 F  0
 Reaction Xsec     1.5+/ 2 @ 1 =  36.649 , Out:   0.000#   3.888   32.761f


 Total SPIN, PARITY =     1.5 -,      5 chs,      5 cc.  Rmin & Coul turning =    0.0    1.3
   S-matrix    1 =    0.00857  -0.27680 for L=    1, J=    1.5 channel on core I =   0.0 from L=    1,  Acc. loss =  0.0 D.
 Elastic phase shift   1 =  -44.114  36.783 deg. for the L =    1, J =    1.5 channel.
       1.5  0.00856859 -0.27680293i: elastic S-matrix  @@      0.00  0   0 F  0
 Reaction Xsec     1.5-/ 1 @ 1 =  37.945 , Out:   0.000#   2.817   35.127f

 Allocate arrays for            6  channels, of which            6  need wfs.

 Total SPIN, PARITY =     2.5 +,      6 chs,      6 cc.  Rmin & Coul turning =    0.1    2.2
   S-matrix    1 =   -0.14287  -0.28905 for L=    2, J=    2.5 channel on core I =   0.0 from L=    2,  Acc. loss =  0.0 D.
 Elastic phase shift   1 =  -58.151  32.426 deg. for the L =    2, J =    2.5 channel.
       2.5 -0.14286770 -0.28905144i: elastic S-matrix  @@      0.00  0   0 F  0
 Reaction Xsec     2.5+/ 2 @ 1 =  55.236 , Out:   0.000#   5.631   49.605f


 Total SPIN, PARITY =     2.5 -,      6 chs,      6 cc.  Rmin & Coul turning =    0.1    2.2
   S-matrix    1 =   -0.24663  -0.12159 for L=    3, J=    2.5 channel on core I =   0.0 from L=    3,  Acc. loss =  0.0 D.
 Elastic phase shift   1 =  -76.878  36.986 deg. for the L =    3, J =    2.5 channel.
       2.5 -0.24663437 -0.12159063i: elastic S-matrix  @@      0.00  0   0 F  0
 Reaction Xsec     2.5-/ 3 @ 1 =  56.984 , Out:   0.000#   4.523   52.460f


 Total SPIN, PARITY =     3.5 +,      6 chs,      6 cc.  Rmin & Coul turning =    0.1    3.0
   S-matrix    1 =    0.02536   0.08576 for L=    4, J=    3.5 channel on core I =   0.0 from L=    4,  Acc. loss =  0.0 D.
 Elastic phase shift   1 =   36.765  69.163 deg. for the L =    4, J =    3.5 channel.
       3.5  0.02535538  0.08576407i: elastic S-matrix  @@      0.00  0   0 F  0
 Reaction Xsec     3.5+/ 4 @ 1 =  81.536 , Out:   0.000#   9.697   71.839f


 Total SPIN, PARITY =     3.5 -,      6 chs,      6 cc.  Rmin & Coul turning =    0.1    3.0
   S-matrix    1 =   -0.20894  -0.25207 for L=    3, J=    3.5 channel on core I =   0.0 from L=    3,  Acc. loss =  0.0 D.
 Elastic phase shift   1 =  -64.827  31.987 deg. for the L =    3, J =    3.5 channel.
       3.5 -0.20893524 -0.25207485i: elastic S-matrix  @@      0.00  0   0 F  0
 Reaction Xsec     3.5-/ 3 @ 1 =  73.383 , Out:   0.000#   5.488   67.895f


 Total SPIN, PARITY =     4.5 +,      6 chs,      6 cc.  Rmin & Coul turning =    0.2    3.8
   S-matrix    1 =   -0.07371  -0.00686 for L=    4, J=    4.5 channel on core I =   0.0 from L=    4,  Acc. loss =  0.0 D.
 Elastic phase shift   1 =  -87.343  74.581 deg. for the L =    4, J =    4.5 channel.
       4.5 -0.07370573 -0.00685564i: elastic S-matrix  @@      0.00  0   0 F  0
 Reaction Xsec     4.5+/ 4 @ 1 = 102.179 , Out:   0.000#  10.851   91.328f


 Total SPIN, PARITY =     4.5 -,      6 chs,      6 cc.  Rmin & Coul turning =    0.2    3.8
   S-matrix    1 =    0.46585   0.21553 for L=    5, J=    4.5 channel on core I =   0.0 from L=    5,  Acc. loss =  0.0 D.
 Elastic phase shift   1 =   12.414  19.106 deg. for the L =    5, J =    4.5 channel.
       4.5  0.46584819  0.21553014i: elastic S-matrix  @@      0.00  0   0 F  0
 Reaction Xsec     4.5-/ 5 @ 1 =  75.672 , Out:   0.000#   8.184   67.488f


 Total SPIN, PARITY =     5.5 +,      6 chs,      6 cc.  Rmin & Coul turning =    0.2    4.6
   S-matrix    1 =    0.79728   0.15640 for L=    6, J=    5.5 channel on core I =   0.0 from L=    6,  Acc. loss =  0.1 D.
 Elastic phase shift   1 =    5.549   5.949 deg. for the L =    6, J =    5.5 channel.
       5.5  0.79728103  0.15639768i: elastic S-matrix  @@      0.00  0   0 F  0
 Reaction Xsec     5.5+/ 6 @ 1 =  41.904 , Out:   0.000#   4.352   37.552f


 Total SPIN, PARITY =     5.5 -,      6 chs,      6 cc.  Rmin & Coul turning =    0.2    4.6
   S-matrix    1 =    0.34663   0.24543 for L=    5, J=    5.5 channel on core I =   0.0 from L=    5,  Acc. loss =  0.0 D.
 Elastic phase shift   1 =   17.650  24.532 deg. for the L =    5, J =    5.5 channel.
       5.5  0.34662618  0.24543125i: elastic S-matrix  @@      0.00  0   0 F  0
 Reaction Xsec     5.5-/ 5 @ 1 = 101.050 , Out:   0.000#  10.961   90.089f


 Total SPIN, PARITY =     6.5 +,      6 chs,      6 cc.  Rmin & Coul turning =    0.3    5.4
   S-matrix    1 =    0.76052   0.21239 for L=    6, J=    6.5 channel on core I =   0.0 from L=    6,  Acc. loss =  0.1 D.
 Elastic phase shift   1 =    7.802   6.767 deg. for the L =    6, J =    6.5 channel.
       6.5  0.76051852  0.21239289i: elastic S-matrix  @@      0.00  0   0 F  0
 Reaction Xsec     6.5+/ 6 @ 1 =  54.155 , Out:   0.000#   5.051   49.104f


 Total SPIN, PARITY =     6.5 -,      6 chs,      6 cc.  Rmin & Coul turning =    0.3    5.4
   S-matrix    1 =    0.93072   0.07502 for L=    7, J=    6.5 channel on core I =   0.0 from L=    7,  Acc. loss =  0.2 D.
 Elastic phase shift   1 =    2.304   1.964 deg. for the L =    7, J =    6.5 channel.
       6.5  0.93072326  0.07501890i: elastic S-matrix  @@      0.00  0   0 F  0
 Reaction Xsec     6.5-/ 7 @ 1 =  18.429 , Out:   0.000#   1.991   16.438f


 Total SPIN, PARITY =     7.5 +,      6 chs,      6 cc.  Rmin & Coul turning =    0.3    6.2
   S-matrix    1 =    0.97763   0.03218 for L=    8, J=    7.5 channel on core I =   0.0 from L=    8,  Acc. loss =  0.1 D.
 Elastic phase shift   1 =    0.943   0.633 deg. for the L =    8, J =    7.5 channel.
       7.5  0.97763103  0.03218178i: elastic S-matrix  @@      0.00  0   0 F  0
 Reaction Xsec     7.5+/ 8 @ 1 =   7.102 , Out:   0.000#   0.492    6.610f


 Total SPIN, PARITY =     7.5 -,      6 chs,      6 cc.  Rmin & Coul turning =    0.3    6.2
   S-matrix    1 =    0.92472   0.10020 for L=    7, J=    7.5 channel on core I =   0.0 from L=    7,  Acc. loss =  0.2 D.
 Elastic phase shift   1 =    3.092   2.075 deg. for the L =    7, J =    7.5 channel.
       7.5  0.92471530  0.10020348i: elastic S-matrix  @@      0.00  0   0 F  0
 Reaction Xsec     7.5-/ 7 @ 1 =  22.169 , Out:   0.000#   2.370   19.799f


 Total SPIN, PARITY =     8.5 +,      6 chs,      6 cc.  Rmin & Coul turning =    0.4    7.0
   S-matrix    1 =    0.97655   0.04200 for L=    8, J=    8.5 channel on core I =   0.0 from L=    8,  Acc. loss =  0.1 D.
 Elastic phase shift   1 =    1.231   0.653 deg. for the L =    8, J =    8.5 channel.
       8.5  0.97654950  0.04199607i: elastic S-matrix  @@      0.00  0   0 F  0
 Reaction Xsec     8.5+/ 8 @ 1 =   8.246 , Out:   0.000#   0.597    7.649f


 Total SPIN, PARITY =     8.5 -,      6 chs,      6 cc.  Rmin & Coul turning =    0.4    7.0
   S-matrix    1 =    0.99309   0.01268 for L=    9, J=    8.5 channel on core I =   0.0 from L=    9,  Acc. loss =  0.1 D.
 Elastic phase shift   1 =    0.366   0.196 deg. for the L =    9, J =    8.5 channel.
       8.5  0.99308974  0.01268438i: elastic S-matrix  @@      0.00  0   0 F  0
 Reaction Xsec     8.5-/ 9 @ 1 =   2.517 , Out:   0.000#   0.079    2.438f


 Total SPIN, PARITY =     9.5 +,      6 chs,      6 cc.  Rmin & Coul turning =    0.4    7.8
   S-matrix    1 =    0.99785   0.00479 for L=   10, J=    9.5 channel on core I =   0.0 from L=   10,  Acc. loss =  0.1 D.
 Elastic phase shift   1 =    0.138   0.061 deg. for the L =   10, J =    9.5 channel.
       9.5  0.99785431  0.00479188i: elastic S-matrix  @@      0.00  0   0 F  0
 Reaction Xsec     9.5+/10 @ 1 =   0.876 , Out:   0.000#   0.010    0.866f


 Total SPIN, PARITY =     9.5 -,      6 chs,      6 cc.  Rmin & Coul turning =    0.4    7.8
   S-matrix    1 =    0.99293   0.01639 for L=    9, J=    9.5 channel on core I =   0.0 from L=    9,  Acc. loss =  0.1 D.
 Elastic phase shift   1 =    0.473   0.199 deg. for the L =    9, J =    9.5 channel.
       9.5  0.99292743  0.01639060i: elastic S-matrix  @@      0.00  0   0 F  0
 Reaction Xsec     9.5-/ 9 @ 1 =   2.841 , Out:   0.000#   0.092    2.749f


 Total SPIN, PARITY =    10.5 +,      6 chs,      6 cc.  Rmin & Coul turning =    0.5    8.7
   S-matrix    1 =    0.99783   0.00617 for L=   10, J=   10.5 channel on core I =   0.0 from L=   10,  Acc. loss =  0.1 D.
 Elastic phase shift   1 =    0.177   0.062 deg. for the L =   10, J =   10.5 channel.
      10.5  0.99783197  0.00617091i: elastic S-matrix  @@      0.00  0   0 F  0
 Reaction Xsec    10.5+/10 @ 1 =   0.970 , Out:   0.000#   0.011    0.959f


 Total SPIN, PARITY =    10.5 -,      6 chs,      6 cc.  Rmin & Coul turning =    0.5    8.7
   S-matrix    1 =    0.99932   0.00178 for L=   11, J=   10.5 channel on core I =   0.0 from L=   11,  Acc. loss =  0.1 D.
 Elastic phase shift   1 =    0.051   0.019 deg. for the L =   11, J =   10.5 channel.
      10.5  0.99932454  0.00178297i: elastic S-matrix  @@      0.00  0   0 F  0
 Reaction Xsec    10.5-/11 @ 1 =   0.305 , Out:   0.000#   0.976/   0.304f


 Total SPIN, PARITY =    11.5 +,      6 chs,      6 cc.  Rmin & Coul turning =    0.5    9.5
   S-matrix    1 =    0.99979   0.00066 for L=   12, J=   11.5 channel on core I =   0.0 from L=   12,  Acc. loss =  0.0 D.
 Elastic phase shift   1 =    0.019   0.006 deg. for the L =   12, J =   11.5 channel.
      11.5  0.99978545  0.00065954i: elastic S-matrix  @@      0.00  0   0 F  0
 Reaction Xsec    11.5+/12 @ 1 =   0.106 , Out:   0.000#   0.124/   0.106f


 Total SPIN, PARITY =    11.5 -,      6 chs,      6 cc.  Rmin & Coul turning =    0.5    9.5
   S-matrix    1 =    0.99932   0.00230 for L=   11, J=   11.5 channel on core I =   0.0 from L=   11,  Acc. loss =  0.1 D.
 Elastic phase shift   1 =    0.066   0.019 deg. for the L =   11, J =   11.5 channel.
      11.5  0.99932148  0.00229510i: elastic S-matrix  @@      0.00  0   0 F  0
 Reaction Xsec    11.5-/11 @ 1 =   0.333 , Out:   0.000#   1.079/   0.332f


 Total SPIN, PARITY =    12.5 +,      6 chs,      6 cc.  Rmin & Coul turning =    0.6   10.3
   S-matrix    1 =    0.99979   0.00085 for L=   12, J=   12.5 channel on core I =   0.0 from L=   12,  Acc. loss =  0.0 D.
 Elastic phase shift   1 =    0.024   0.006 deg. for the L =   12, J =   12.5 channel.
      12.5  0.99978503  0.00084950i: elastic S-matrix  @@      0.00  0   0 F  0
 Reaction Xsec    12.5+/12 @ 1 =   0.115 , Out:   0.000#   0.135/   0.115f


 Total SPIN, PARITY =    12.5 -,      6 chs,      6 cc.  Rmin & Coul turning =    0.6   10.3
   S-matrix    1 =    0.99993   0.00024 for L=   13, J=   12.5 channel on core I =   0.0 from L=   13,  Acc. loss =  0.0 D.
 Elastic phase shift   1 =    0.007   0.002 deg. for the L =   13, J =   12.5 channel.
      12.5  0.99993147  0.00024323i: elastic S-matrix  @@      0.00  0   0 F  0
 Reaction Xsec    12.5-/13 @ 1 =   0.037 , Out:   0.000#   0.137/   0.036f


 Total SPIN, PARITY =    13.5 +,      6 chs,      6 cc.  Rmin & Coul turning =    0.6   11.1
   S-matrix    1 =    0.99998   0.00009 for L=   14, J=   13.5 channel on core I =   0.0 from L=   14,  Acc. loss =  0.0 D.
 Elastic phase shift   1 =    0.003   0.001 deg. for the L =   14, J =   13.5 channel.
      13.5  0.99997798  0.00008951i: elastic S-matrix  @@      0.00  0   0 F  0
 Reaction Xsec    13.5+/14 @ 1 =   0.013 , Out:   0.000#   0.164/   0.013f


 Total SPIN, PARITY =    13.5 -,      6 chs,      6 cc.  Rmin & Coul turning =    0.6   11.1
   S-matrix    1 =    0.99993   0.00031 for L=   13, J=   13.5 channel on core I =   0.0 from L=   13,  Acc. loss =  0.0 D.
 Elastic phase shift   1 =    0.009   0.002 deg. for the L =   13, J =   13.5 channel.
      13.5  0.99993142  0.00031356i: elastic S-matrix  @@      0.00  0   0 F  0
 Reaction Xsec    13.5-/13 @ 1 =   0.039 , Out:   0.000#   0.147/   0.039f


 Total SPIN, PARITY =    14.5 +,      6 chs,      6 cc.  Rmin & Coul turning =    0.7   11.9
   S-matrix    1 =    0.99998   0.00012 for L=   14, J=   14.5 channel on core I =   0.0 from L=   14,  Acc. loss =  0.0 D.
 Elastic phase shift   1 =    0.003   0.001 deg. for the L =   14, J =   14.5 channel.
      14.5  0.99997797  0.00011549i: elastic S-matrix  @@      0.00  0   0 F  0
 Reaction Xsec    14.5+/14 @ 1 =   0.014 , Out:   0.000#   0.175/   0.013f


 Total SPIN, PARITY =    14.5 -,      6 chs,      6 cc.  Rmin & Coul turning =    0.7   11.9
   S-matrix    1 =    0.99999   0.00003 for L=   15, J=   14.5 channel on core I =   0.0 from L=   15,  Acc. loss =  0.0 D.
 Elastic phase shift   1 =    0.001   0.000 deg. for the L =   15, J =   14.5 channel.
      14.5  0.99999283  0.00003288i: elastic S-matrix  @@      0.00  0   0 F  0
 Reaction Xsec    14.5-/15 @ 1 =   4.422/, Out:   0.000#   0.160/   0.004f


 Total SPIN, PARITY =    15.5 +,      6 chs,      6 cc.  Rmin & Coul turning =    0.7   12.7
   S-matrix    1 =    1.00000   0.00001 for L=   16, J=   15.5 channel on core I =   0.0 from L=   16,  Acc. loss =  0.0 D.
 Elastic phase shift   1 =    0.000   0.000 deg. for the L =   16, J =   15.5 channel.
      15.5  0.99999759  0.00001206i: elastic S-matrix  @@      0.00  0   0 F  0
 Reaction Xsec    15.5+/16 @ 1 =   1.587/, Out:   0.000#   0.143/   0.001f


 Total SPIN, PARITY =    15.5 -,      6 chs,      6 cc.  Rmin & Coul turning =    0.7   12.7
   S-matrix    1 =    0.99999   0.00004 for L=   15, J=   15.5 channel on core I =   0.0 from L=   15,  Acc. loss =  0.0 D.
 Elastic phase shift   1 =    0.001   0.000 deg. for the L =   15, J =   15.5 channel.
      15.5  0.99999282  0.00004246i: elastic S-matrix  @@      0.00  0   0 F  0
 Reaction Xsec    15.5-/15 @ 1 =   4.718/, Out:   0.000#   0.170/   0.005f


 Total SPIN, PARITY =    16.5 +,      6 chs,      6 cc.  Rmin & Coul turning =    0.8   13.5
   S-matrix    1 =    1.00000   0.00002 for L=   16, J=   16.5 channel on core I =   0.0 from L=   16,  Acc. loss =  0.0 D.
 Elastic phase shift   1 =    0.000   0.000 deg. for the L =   16, J =   16.5 channel.
      16.5  0.99999759  0.00001558i: elastic S-matrix  @@      0.00  0   0 F  0
 Reaction Xsec    16.5+/16 @ 1 =   1.687/, Out:   0.000#   0.152/   0.002f


 Total SPIN, PARITY =    16.5 -,      6 chs,      6 cc.  Rmin & Coul turning =    0.8   13.5
   S-matrix    1 =    1.00000   0.00000 for L=   17, J=   16.5 channel on core I =   0.0 from L=   17,  Acc. loss =  0.0 D.
 Elastic phase shift   1 =    0.000   0.000 deg. for the L =   17, J =   16.5 channel.
      16.5  0.99999913  0.00000442i: elastic S-matrix  @@      0.00  0   0 F  0
 Reaction Xsec    16.5-/17 @ 1 =   0.611/, Out:   0.000#   0.124/   0.000f


 Total SPIN, PARITY =    17.5 +,      6 chs,      6 cc.  Rmin & Coul turning =    0.8   14.3
   S-matrix    1 =    1.00000   0.00000 for L=   18, J=   17.5 channel on core I =   0.0 from L=   18,  Acc. loss =  0.0 D.
 Elastic phase shift   1 =    0.000   0.000 deg. for the L =   18, J =   17.5 channel.
      17.5  0.99999963  0.00000162i: elastic S-matrix  @@      0.00  0   0 F  0
 Reaction Xsec    17.5+/18 @ 1 =   0.270/, Out:   0.000#   0.107/   0.000f


 Total SPIN, PARITY =    17.5 -,      6 chs,      6 cc.  Rmin & Coul turning =    0.8   14.3
   S-matrix    1 =    1.00000   0.00001 for L=   17, J=   17.5 channel on core I =   0.0 from L=   17,  Acc. loss =  0.0 D.
 Elastic phase shift   1 =    0.000   0.000 deg. for the L =   17, J =   17.5 channel.
      17.5  0.99999913  0.00000572i: elastic S-matrix  @@      0.00  0   0 F  0
 Reaction Xsec    17.5-/17 @ 1 =   0.647/, Out:   0.000#   0.131/   0.001f


 Total SPIN, PARITY =    18.5 +,      6 chs,      6 cc.  Rmin & Coul turning =    0.8   15.1
   S-matrix    1 =    1.00000   0.00000 for L=   18, J=   18.5 channel on core I =   0.0 from L=   18,  Acc. loss =  0.0 D.
 Elastic phase shift   1 =    0.000   0.000 deg. for the L =   18, J =   18.5 channel.
      18.5  0.99999963  0.00000210i: elastic S-matrix  @@      0.00  0   0 F  0
 Reaction Xsec    18.5+/18 @ 1 =   0.285/, Out:   0.000#   0.113/   0.000f


 Total SPIN, PARITY =    18.5 -,      6 chs,      6 cc.  Rmin & Coul turning =    0.8   15.1
   S-matrix    1 =    1.00000   0.00000 for L=   19, J=   18.5 channel on core I =   0.0 from L=   19,  Acc. loss =  0.0 D.
 Elastic phase shift   1 =    0.000   0.000 deg. for the L =   19, J =   18.5 channel.
      18.5  0.99999981  0.00000060i: elastic S-matrix  @@      0.00  0   0 F  0
 Reaction Xsec    18.5-/19 @ 1 =   0.147/, Out:   0.000#   0.092/   0.000f


 Total SPIN, PARITY =    19.5 +,      6 chs,      6 cc.  Rmin & Coul turning =    0.9   15.9
   S-matrix    1 =    1.00000   0.00000 for L=   20, J=   19.5 channel on core I =   0.0 from L=   20,  Acc. loss =  0.0 D.
 Elastic phase shift   1 =    0.000   0.000 deg. for the L =   20, J =   19.5 channel.
      19.5  0.99999988  0.00000022i: elastic S-matrix  @@      0.00  0   0 F  0
 Reaction Xsec    19.5+/20 @ 1 =   0.098/, Out:   0.000#   0.080/   0.000f


 Total SPIN, PARITY =    19.5 -,      6 chs,      6 cc.  Rmin & Coul turning =    0.9   15.9
   S-matrix    1 =    1.00000   0.00000 for L=   19, J=   19.5 channel on core I =   0.0 from L=   19,  Acc. loss =  0.0 D.
 Elastic phase shift   1 =    0.000   0.000 deg. for the L =   19, J =   19.5 channel.
      19.5  0.99999981  0.00000077i: elastic S-matrix  @@      0.00  0   0 F  0
 Reaction Xsec    19.5-/19 @ 1 =   0.155/, Out:   0.000#   0.097/   0.000f


 Total SPIN, PARITY =    20.5 +,      6 chs,      6 cc.  Rmin & Coul turning =    1.0   16.7
   S-matrix    1 =    1.00000   0.00000 for L=   20, J=   20.5 channel on core I =   0.0 from L=   20,  Acc. loss =  0.0 D.
 Elastic phase shift   1 =    0.000   0.000 deg. for the L =   20, J =   20.5 channel.
      20.5  0.99999988  0.00000029i: elastic S-matrix  @@      0.00  0   0 F  0
 Reaction Xsec    20.5+/20 @ 1 =   0.103/, Out:   0.000#   0.084/   0.000f


 Total SPIN, PARITY =    20.5 -,      6 chs,      6 cc.  Rmin & Coul turning =    1.0   16.7
   S-matrix    1 =    1.00000   0.00000 for L=   21, J=   20.5 channel on core I =   0.0 from L=   21,  Acc. loss =  0.0 D.
 Elastic phase shift   1 =    0.000   0.000 deg. for the L =   21, J =   20.5 channel.
      20.5  0.99999991  0.00000009i: elastic S-matrix  @@      0.00  0   0 F  0
 Reaction Xsec    20.5-/21 @ 1 =   0.076/, Out:   0.000#   0.070/   0.000f


 Total SPIN, PARITY =    21.5 +,      6 chs,      6 cc.  Rmin & Coul turning =    1.0   17.6
   S-matrix    1 =    1.00000   0.00000 for L=   22, J=   21.5 channel on core I =   0.0 from L=   22,  Acc. loss =  0.0 D.
 Elastic phase shift   1 =    0.000   0.000 deg. for the L =   22, J =   21.5 channel.
      21.5  0.99999993  0.00000004i: elastic S-matrix  @@      0.00  0   0 F  0
 Reaction Xsec    21.5+/22 @ 1 =   0.063/, Out:   0.000#   0.061/   0.000f


 Total SPIN, PARITY =    21.5 -,      6 chs,      6 cc.  Rmin & Coul turning =    1.0   17.6
   S-matrix    1 =    1.00000   0.00000 for L=   21, J=   21.5 channel on core I =   0.0 from L=   21,  Acc. loss =  0.0 D.
 Elastic phase shift   1 =    0.000   0.000 deg. for the L =   21, J =   21.5 channel.
      21.5  0.99999991  0.00000011i: elastic S-matrix  @@      0.00  0   0 F  0
 Reaction Xsec    21.5-/21 @ 1 =   0.079/, Out:   0.000#   0.073/   0.000f


 Total SPIN, PARITY =    22.5 +,      6 chs,      6 cc.  Rmin & Coul turning =    1.1   18.4
   S-matrix    1 =    1.00000   0.00000 for L=   22, J=   22.5 channel on core I =   0.0 from L=   22,  Acc. loss =  0.0 D.
 Elastic phase shift   1 =    0.000   0.000 deg. for the L =   22, J =   22.5 channel.
      22.5  0.99999993  0.00000004i: elastic S-matrix  @@      0.00  0   0 F  0
 Reaction Xsec    22.5+/22 @ 1 =   0.066/, Out:   0.000#   0.064/   0.000f


 Total SPIN, PARITY =    22.5 -,      6 chs,      6 cc.  Rmin & Coul turning =    1.1   18.4
   S-matrix    1 =    1.00000   0.00000 for L=   23, J=   22.5 channel on core I =   0.0 from L=   23,  Acc. loss =  0.0 D.
 Elastic phase shift   1 =    0.000   0.000 deg. for the L =   23, J =   22.5 channel.
      22.5  0.99999994  0.00000002i: elastic S-matrix  @@      0.00  0   0 F  0
 Reaction Xsec    22.5-/23 @ 1 =   0.054/, Out:   0.000#   0.054/   0.000f


 Total SPIN, PARITY =    23.5 +,      6 chs,      6 cc.  Rmin & Coul turning =    1.1   19.2
   S-matrix    1 =    1.00000   0.00000 for L=   24, J=   23.5 channel on core I =   0.0 from L=   24,  Acc. loss =  0.0 D.
 Elastic phase shift   1 =    0.000   0.000 deg. for the L =   24, J =   23.5 channel.
      23.5  0.99999995  0.00000001i: elastic S-matrix  @@      0.00  0   0 F  0
 Reaction Xsec    23.5+/24 @ 1 =   0.048/, Out:   0.000#   0.048/   0.000f


 Total SPIN, PARITY =    23.5 -,      6 chs,      6 cc.  Rmin & Coul turning =    1.1   19.2
   S-matrix    1 =    1.00000   0.00000 for L=   23, J=   23.5 channel on core I =   0.0 from L=   23,  Acc. loss =  0.0 D.
 Elastic phase shift   1 =    0.000   0.000 deg. for the L =   23, J =   23.5 channel.
      23.5  0.99999994  0.00000002i: elastic S-matrix  @@      0.00  0   0 F  0
 Reaction Xsec    23.5-/23 @ 1 =   0.057/, Out:   0.000#   0.056/   0.000f


 Total SPIN, PARITY =    24.5 +,      6 chs,      6 cc.  Rmin & Coul turning =    1.1   20.0
   S-matrix    1 =    1.00000   0.00000 for L=   24, J=   24.5 channel on core I =   0.0 from L=   24,  Acc. loss =  0.0 D.
 Elastic phase shift   1 =    0.000   0.000 deg. for the L =   24, J =   24.5 channel.
      24.5  0.99999995  0.00000001i: elastic S-matrix  @@      0.00  0   0 F  0
 Reaction Xsec    24.5+/24 @ 1 =   0.050/, Out:   0.000#   0.050/   0.000f


 Total SPIN, PARITY =    24.5 -,      6 chs,      6 cc.  Rmin & Coul turning =    1.1   20.0
   S-matrix    1 =    1.00000   0.00000 for L=   25, J=   24.5 channel on core I =   0.0 from L=   25,  Acc. loss =  0.0 D.
 Elastic phase shift   1 =    0.000   0.000 deg. for the L =   25, J =   24.5 channel.
      24.5  0.99999996  0.00000001i: elastic S-matrix  @@      0.00  0   0 F  0
 Reaction Xsec    24.5-/25 @ 1 =   0.042/, Out:   0.000#   0.042/   0.000f


 Total SPIN, PARITY =    25.5 +,      6 chs,      6 cc.  Rmin & Coul turning =    1.2   20.8
   S-matrix    1 =    1.00000   0.00000 for L=   26, J=   25.5 channel on core I =   0.0 from L=   26,  Acc. loss =  0.0 D.
 Elastic phase shift   1 =    0.000   0.000 deg. for the L =   26, J =   25.5 channel.
      25.5  0.99999996  0.00000001i: elastic S-matrix  @@      0.00  0   0 F  0
 Reaction Xsec    25.5+/26 @ 1 =   0.038/, Out:   0.000#   0.038/   0.000f


 Total SPIN, PARITY =    25.5 -,      6 chs,      6 cc.  Rmin & Coul turning =    1.2   20.8
   S-matrix    1 =    1.00000   0.00000 for L=   25, J=   25.5 channel on core I =   0.0 from L=   25,  Acc. loss =  0.0 D.
 Elastic phase shift   1 =    0.000   0.000 deg. for the L =   25, J =   25.5 channel.
      25.5  0.99999996  0.00000001i: elastic S-matrix  @@      0.00  0   0 F  0
 Reaction Xsec    25.5-/25 @ 1 =   0.044/, Out:   0.000#   0.044/   0.000f


 Total SPIN, PARITY =    26.5 +,      6 chs,      6 cc.  Rmin & Coul turning =    1.2   21.6
   S-matrix    1 =    1.00000   0.00000 for L=   26, J=   26.5 channel on core I =   0.0 from L=   26,  Acc. loss =  0.0 D.
 Elastic phase shift   1 =    0.000   0.000 deg. for the L =   26, J =   26.5 channel.
      26.5  0.99999996  0.00000001i: elastic S-matrix  @@      0.00  0   0 F  0
 Reaction Xsec    26.5+/26 @ 1 =   0.039/, Out:   0.000#   0.039/   0.000f


 Total SPIN, PARITY =    26.5 -,      6 chs,      6 cc.  Rmin & Coul turning =    1.2   21.6
   S-matrix    1 =    1.00000   0.00000 for L=   27, J=   26.5 channel on core I =   0.0 from L=   27,  Acc. loss =  0.0 D.
 Elastic phase shift   1 =    0.000   0.000 deg. for the L =   27, J =   26.5 channel.
      26.5  0.99999997  0.00000001i: elastic S-matrix  @@      0.00  0   0 F  0
 Reaction Xsec    26.5-/27 @ 1 =   0.034/, Out:   0.000#   0.034/   0.000f


 Total SPIN, PARITY =    27.5 +,      6 chs,      6 cc.  Rmin & Coul turning =    1.3   22.4
   S-matrix    1 =    1.00000   0.00000 for L=   28, J=   27.5 channel on core I =   0.0 from L=   28,  Acc. loss =  0.0 D.
 Elastic phase shift   1 =    0.000   0.000 deg. for the L =   28, J =   27.5 channel.
      27.5  0.99999997  0.00000000i: elastic S-matrix  @@      0.00  0   0 F  0
 Reaction Xsec    27.5+/28 @ 1 =   0.030/, Out:   0.000#   0.030/   0.000f


 Total SPIN, PARITY =    27.5 -,      6 chs,      6 cc.  Rmin & Coul turning =    1.3   22.4
   S-matrix    1 =    1.00000   0.00000 for L=   27, J=   27.5 channel on core I =   0.0 from L=   27,  Acc. loss =  0.0 D.
 Elastic phase shift   1 =    0.000   0.000 deg. for the L =   27, J =   27.5 channel.
      27.5  0.99999997  0.00000001i: elastic S-matrix  @@      0.00  0   0 F  0
 Reaction Xsec    27.5-/27 @ 1 =   0.035/, Out:   0.000#   0.035/   0.000f


 Total SPIN, PARITY =    28.5 +,      6 chs,      6 cc.  Rmin & Coul turning =    1.3   23.2
   S-matrix    1 =    1.00000   0.00000 for L=   28, J=   28.5 channel on core I =   0.0 from L=   28,  Acc. loss =  0.0 D.
 Elastic phase shift   1 =    0.000   0.000 deg. for the L =   28, J =   28.5 channel.
      28.5  0.99999997  0.00000000i: elastic S-matrix  @@      0.00  0   0 F  0
 Reaction Xsec    28.5+/28 @ 1 =   0.031/, Out:   0.000#   0.031/   0.000f


 Total SPIN, PARITY =    28.5 -,      6 chs,      6 cc.  Rmin & Coul turning =    1.3   23.2
   S-matrix    1 =    1.00000   0.00000 for L=   29, J=   28.5 channel on core I =   0.0 from L=   29,  Acc. loss =  0.0 D.
 Elastic phase shift   1 =    0.000   0.000 deg. for the L =   29, J =   28.5 channel.
      28.5  0.99999998  0.00000000i: elastic S-matrix  @@      0.00  0   0 F  0
 Reaction Xsec    28.5-/29 @ 1 =   0.027/, Out:   0.000#   0.027/   0.000f


 Total SPIN, PARITY =    29.5 +,      6 chs,      6 cc.  Rmin & Coul turning =    1.4   24.0
   S-matrix    1 =    1.00000   0.00000 for L=   30, J=   29.5 channel on core I =   0.0 from L=   30,  Acc. loss =  0.0 D.
 Elastic phase shift   1 =    0.000   0.000 deg. for the L =   30, J =   29.5 channel.
      29.5  0.99999998  0.00000000i: elastic S-matrix  @@      0.00  0   0 F  0
 Reaction Xsec    29.5+/30 @ 1 =   0.025/, Out:   0.000#   0.025/   0.000f


 Total SPIN, PARITY =    29.5 -,      6 chs,      6 cc.  Rmin & Coul turning =    1.4   24.0
   S-matrix    1 =    1.00000   0.00000 for L=   29, J=   29.5 channel on core I =   0.0 from L=   29,  Acc. loss =  0.0 D.
 Elastic phase shift   1 =    0.000   0.000 deg. for the L =   29, J =   29.5 channel.
      29.5  0.99999998  0.00000000i: elastic S-matrix  @@      0.00  0   0 F  0
 Reaction Xsec    29.5-/29 @ 1 =   0.028/, Out:   0.000#   0.028/   0.000f


 Total SPIN, PARITY =    30.5 +,      6 chs,      6 cc.  Rmin & Coul turning =    1.4   24.8
   S-matrix    1 =    1.00000   0.00000 for L=   30, J=   30.5 channel on core I =   0.0 from L=   30,  Acc. loss =  0.0 D.
 Elastic phase shift   1 =    0.000   0.000 deg. for the L =   30, J =   30.5 channel.
      30.5  0.99999998  0.00000000i: elastic S-matrix  @@      0.00  0   0 F  0
 Reaction Xsec    30.5+/30 @ 1 =   0.026/, Out:   0.000#   0.026/   0.000f


 Total SPIN, PARITY =    30.5 -,      6 chs,      6 cc.  Rmin & Coul turning =    1.4   24.8
   S-matrix    1 =    1.00000   0.00000 for L=   31, J=   30.5 channel on core I =   0.0 from L=   31,  Acc. loss =  0.0 D.
 Elastic phase shift   1 =    0.000   0.000 deg. for the L =   31, J =   30.5 channel.
      30.5  0.99999998  0.00000000i: elastic S-matrix  @@      0.00  0   0 F  0
 Reaction Xsec    30.5-/31 @ 1 =   0.022/, Out:   0.000#   0.022/   0.000f


 Total SPIN, PARITY =    31.5 +,      6 chs,      6 cc.  Rmin & Coul turning =    1.5   25.6
   S-matrix    1 =    1.00000   0.00000 for L=   32, J=   31.5 channel on core I =   0.0 from L=   32,  Acc. loss =  0.0 D.
 Elastic phase shift   1 =    0.000   0.000 deg. for the L =   32, J =   31.5 channel.
      31.5  0.99999998  0.00000000i: elastic S-matrix  @@      0.00  0   0 F  0
 Reaction Xsec    31.5+/32 @ 1 =   0.020/, Out:   0.000#   0.020/  -0.000f


 Total SPIN, PARITY =    31.5 -,      6 chs,      6 cc.  Rmin & Coul turning =    1.5   25.6
   S-matrix    1 =    1.00000   0.00000 for L=   31, J=   31.5 channel on core I =   0.0 from L=   31,  Acc. loss =  0.0 D.
 Elastic phase shift   1 =    0.000   0.000 deg. for the L =   31, J =   31.5 channel.
      31.5  0.99999998  0.00000000i: elastic S-matrix  @@      0.00  0   0 F  0
 Reaction Xsec    31.5-/31 @ 1 =   0.023/, Out:   0.000#   0.023/   0.000f


 Total SPIN, PARITY =    32.5 +,      6 chs,      6 cc.  Rmin & Coul turning =    1.5   26.5
   S-matrix    1 =    1.00000   0.00000 for L=   32, J=   32.5 channel on core I =   0.0 from L=   32,  Acc. loss =  0.0 D.
 Elastic phase shift   1 =    0.000   0.000 deg. for the L =   32, J =   32.5 channel.
      32.5  0.99999998  0.00000000i: elastic S-matrix  @@      0.00  0   0 F  0
 Reaction Xsec    32.5+/32 @ 1 =   0.021/, Out:   0.000#   0.021/   0.000f


 Total SPIN, PARITY =    32.5 -,      6 chs,      6 cc.  Rmin & Coul turning =    1.5   26.5
   S-matrix    1 =    1.00000   0.00000 for L=   33, J=   32.5 channel on core I =   0.0 from L=   33,  Acc. loss =  0.0 D.
 Elastic phase shift   1 =    0.000   0.000 deg. for the L =   33, J =   32.5 channel.
      32.5  0.99999999  0.00000000i: elastic S-matrix  @@      0.00  0   0 F  0
 Reaction Xsec    32.5-/33 @ 1 =   0.018/, Out:   0.000#   0.018/   0.000f


 Total SPIN, PARITY =    33.5 +,      6 chs,      6 cc.  Rmin & Coul turning =    1.6   27.3
   S-matrix    1 =    1.00000   0.00000 for L=   34, J=   33.5 channel on core I =   0.0 from L=   34,  Acc. loss =  0.0 D.
 Elastic phase shift   1 =    0.000   0.000 deg. for the L =   34, J =   33.5 channel.
      33.5  0.99999999  0.00000000i: elastic S-matrix  @@      0.00  0   0 F  0
 Reaction Xsec    33.5+/34 @ 1 =   0.017/, Out:   0.000#   0.017/   0.000f


 Total SPIN, PARITY =    33.5 -,      6 chs,      6 cc.  Rmin & Coul turning =    1.6   27.3
   S-matrix    1 =    1.00000   0.00000 for L=   33, J=   33.5 channel on core I =   0.0 from L=   33,  Acc. loss =  0.0 D.
 Elastic phase shift   1 =    0.000   0.000 deg. for the L =   33, J =   33.5 channel.
      33.5  0.99999999  0.00000000i: elastic S-matrix  @@      0.00  0   0 F  0
 Reaction Xsec    33.5-/33 @ 1 =   0.019/, Out:   0.000#   0.019/   0.000f


 Total SPIN, PARITY =    34.5 +,      6 chs,      6 cc.  Rmin & Coul turning =    1.6   28.1
   S-matrix    1 =    1.00000   0.00000 for L=   34, J=   34.5 channel on core I =   0.0 from L=   34,  Acc. loss =  0.0 D.
 Elastic phase shift   1 =    0.000   0.000 deg. for the L =   34, J =   34.5 channel.
      34.5  0.99999999  0.00000000i: elastic S-matrix  @@      0.00  0   0 F  0
 Reaction Xsec    34.5+/34 @ 1 =   0.017/, Out:   0.000#   0.017/  -0.000f


 Total SPIN, PARITY =    34.5 -,      6 chs,      6 cc.  Rmin & Coul turning =    1.6   28.1
   S-matrix    1 =    1.00000   0.00000 for L=   35, J=   34.5 channel on core I =   0.0 from L=   35,  Acc. loss =  0.0 D.
 Elastic phase shift   1 =    0.000   0.000 deg. for the L =   35, J =   34.5 channel.
      34.5  0.99999999  0.00000000i: elastic S-matrix  @@      0.00  0   0 F  0
 Reaction Xsec    34.5-/35 @ 1 =   0.015/, Out:   0.000#   0.015/   0.000f


 Total SPIN, PARITY =    35.5 +,      6 chs,      6 cc.  Rmin & Coul turning =    1.7   28.9
   S-matrix    1 =    1.00000   0.00000 for L=   36, J=   35.5 channel on core I =   0.0 from L=   36,  Acc. loss =  0.0 D.
 Elastic phase shift   1 =    0.000   0.000 deg. for the L =   36, J =   35.5 channel.
      35.5  0.99999999  0.00000000i: elastic S-matrix  @@      0.00  0   0 F  0
 Reaction Xsec    35.5+/36 @ 1 =   0.014/, Out:   0.000#   0.014/   0.000f


 Total SPIN, PARITY =    35.5 -,      6 chs,      6 cc.  Rmin & Coul turning =    1.7   28.9
   S-matrix    1 =    1.00000   0.00000 for L=   35, J=   35.5 channel on core I =   0.0 from L=   35,  Acc. loss =  0.0 D.
 Elastic phase shift   1 =    0.000   0.000 deg. for the L =   35, J =   35.5 channel.
      35.5  0.99999999  0.00000000i: elastic S-matrix  @@      0.00  0   0 F  0
 Reaction Xsec    35.5-/35 @ 1 =   0.016/, Out:   0.000#   0.016/   0.000f


 Total SPIN, PARITY =    36.5 +,      6 chs,      6 cc.  Rmin & Coul turning =    1.7   29.7
   S-matrix    1 =    1.00000   0.00000 for L=   36, J=   36.5 channel on core I =   0.0 from L=   36,  Acc. loss =  0.0 D.
 Elastic phase shift   1 =    0.000   0.000 deg. for the L =   36, J =   36.5 channel.
      36.5  0.99999999  0.00000000i: elastic S-matrix  @@      0.00  0   0 F  0
 Reaction Xsec    36.5+/36 @ 1 =   0.014/, Out:   0.000#   0.014/   0.000f


 Total SPIN, PARITY =    36.5 -,      6 chs,      6 cc.  Rmin & Coul turning =    1.7   29.7
   S-matrix    1 =    1.00000   0.00000 for L=   37, J=   36.5 channel on core I =   0.0 from L=   37,  Acc. loss =  0.0 D.
 Elastic phase shift   1 =    0.000   0.000 deg. for the L =   37, J =   36.5 channel.
      36.5  0.99999999  0.00000000i: elastic S-matrix  @@      0.00  0   0 F  0
 Reaction Xsec    36.5-/37 @ 1 =   0.013/, Out:   0.000#   0.013/   0.000f


 Total SPIN, PARITY =    37.5 +,      6 chs,      6 cc.  Rmin & Coul turning =    1.8   30.5
   S-matrix    1 =    1.00000   0.00000 for L=   38, J=   37.5 channel on core I =   0.0 from L=   38,  Acc. loss =  0.0 D.
 Elastic phase shift   1 =    0.000   0.000 deg. for the L =   38, J =   37.5 channel.
      37.5  0.99999999  0.00000000i: elastic S-matrix  @@      0.00  0   0 F  0
 Reaction Xsec    37.5+/38 @ 1 =   0.012/, Out:   0.000#   0.012/   0.000f


 Total SPIN, PARITY =    37.5 -,      6 chs,      6 cc.  Rmin & Coul turning =    1.8   30.5
   S-matrix    1 =    1.00000   0.00000 for L=   37, J=   37.5 channel on core I =   0.0 from L=   37,  Acc. loss =  0.0 D.
 Elastic phase shift   1 =    0.000   0.000 deg. for the L =   37, J =   37.5 channel.
      37.5  0.99999999  0.00000000i: elastic S-matrix  @@      0.00  0   0 F  0
 Reaction Xsec    37.5-/37 @ 1 =   0.013/, Out:   0.000#   0.013/   0.000f


 Total SPIN, PARITY =    38.5 +,      6 chs,      6 cc.  Rmin & Coul turning =    1.8   31.3
   S-matrix    1 =    1.00000   0.00000 for L=   38, J=   38.5 channel on core I =   0.0 from L=   38,  Acc. loss =  0.0 D.
 Elastic phase shift   1 =    0.000   0.000 deg. for the L =   38, J =   38.5 channel.
      38.5  0.99999999  0.00000000i: elastic S-matrix  @@      0.00  0   0 F  0
 Reaction Xsec    38.5+/38 @ 1 =   0.012/, Out:   0.000#   0.012/   0.000f


 Total SPIN, PARITY =    38.5 -,      6 chs,      6 cc.  Rmin & Coul turning =    1.8   31.3
   S-matrix    1 =    1.00000   0.00000 for L=   39, J=   38.5 channel on core I =   0.0 from L=   39,  Acc. loss =  0.0 D.
 Elastic phase shift   1 =    0.000   0.000 deg. for the L =   39, J =   38.5 channel.
      38.5  0.99999999  0.00000000i: elastic S-matrix  @@      0.00  0   0 F  0
 Reaction Xsec    38.5-/39 @ 1 =   0.011/, Out:   0.000#   0.011/   0.000f


 Total SPIN, PARITY =    39.5 +,      6 chs,      6 cc.  Rmin & Coul turning =    1.9   32.1
   S-matrix    1 =    1.00000   0.00000 for L=   40, J=   39.5 channel on core I =   0.0 from L=   40,  Acc. loss =  0.0 D.
 Elastic phase shift   1 =    0.000   0.000 deg. for the L =   40, J =   39.5 channel.
      39.5  0.99999999  0.00000000i: elastic S-matrix  @@      0.00  0   0 F  0
 Reaction Xsec    39.5+/40 @ 1 =   9.767#, Out:   0.000#   9.767#   0.000f


 Total SPIN, PARITY =    39.5 -,      6 chs,      6 cc.  Rmin & Coul turning =    1.9   32.1
   S-matrix    1 =    1.00000   0.00000 for L=   39, J=   39.5 channel on core I =   0.0 from L=   39,  Acc. loss =  0.0 D.
 Elastic phase shift   1 =    0.000   0.000 deg. for the L =   39, J =   39.5 channel.
      39.5  0.99999999  0.00000000i: elastic S-matrix  @@      0.00  0   0 F  0
 Reaction Xsec    39.5-/39 @ 1 =   0.011/, Out:   0.000#   0.011/   0.000f


 Total SPIN, PARITY =    40.5 +,      6 chs,      6 cc.  Rmin & Coul turning =    1.9   32.9
   S-matrix    1 =    1.00000   0.00000 for L=   40, J=   40.5 channel on core I =   0.0 from L=   40,  Acc. loss =  0.0 D.
 Elastic phase shift   1 =    0.000   0.000 deg. for the L =   40, J =   40.5 channel.
      40.5  0.99999999  0.00000000i: elastic S-matrix  @@      0.00  0   0 F  0
 Reaction Xsec    40.5+/40 @ 1 =   0.010/, Out:   0.000#   0.010/   0.000f


 Total SPIN, PARITY =    40.5 -,      6 chs,      6 cc.  Rmin & Coul turning =    1.9   32.9
   S-matrix    1 =    1.00000   0.00000 for L=   41, J=   40.5 channel on core I =   0.0 from L=   41,  Acc. loss =  0.0 D.
 Elastic phase shift   1 =    0.000   0.000 deg. for the L =   41, J =   40.5 channel.
      40.5  0.99999999  0.00000000i: elastic S-matrix  @@      0.00  0   0 F  0
 Reaction Xsec    40.5-/41 @ 1 =   9.020#, Out:   0.000#   9.020#   0.000f


 Total SPIN, PARITY =    41.5 +,      6 chs,      6 cc.  Rmin & Coul turning =    1.9   33.7
   S-matrix    1 =    1.00000   0.00000 for L=   42, J=   41.5 channel on core I =   0.0 from L=   42,  Acc. loss =  0.0 D.
 Elastic phase shift   1 =    0.000   0.000 deg. for the L =   42, J =   41.5 channel.
      41.5  1.00000000  0.00000000i: elastic S-matrix  @@      0.00  0   0 F  0
 Reaction Xsec    41.5+/42 @ 1 =   8.236#, Out:   0.000#   8.236#   0.000f


 Total SPIN, PARITY =    41.5 -,      6 chs,      6 cc.  Rmin & Coul turning =    1.9   33.7
   S-matrix    1 =    1.00000   0.00000 for L=   41, J=   41.5 channel on core I =   0.0 from L=   41,  Acc. loss =  0.0 D.
 Elastic phase shift   1 =    0.000   0.000 deg. for the L =   41, J =   41.5 channel.
      41.5  0.99999999  0.00000000i: elastic S-matrix  @@      0.00  0   0 F  0
 Reaction Xsec    41.5-/41 @ 1 =   9.240#, Out:   0.000#   9.240#   0.000f


 Total SPIN, PARITY =    42.5 +,      6 chs,      6 cc.  Rmin & Coul turning =    2.0   34.5
   S-matrix    1 =    1.00000   0.00000 for L=   42, J=   42.5 channel on core I =   0.0 from L=   42,  Acc. loss =  0.0 D.
 Elastic phase shift   1 =    0.000   0.000 deg. for the L =   42, J =   42.5 channel.
      42.5  1.00000000  0.00000000i: elastic S-matrix  @@      0.00  0   0 F  0
 Reaction Xsec    42.5+/42 @ 1 =   8.432#, Out:   0.000#   8.432#   0.000f


 Total SPIN, PARITY =    42.5 -,      6 chs,      6 cc.  Rmin & Coul turning =    2.0   34.5
   S-matrix    1 =    1.00000   0.00000 for L=   43, J=   42.5 channel on core I =   0.0 from L=   43,  Acc. loss =  0.0 D.
 Elastic phase shift   1 =    0.000   0.000 deg. for the L =   43, J =   42.5 channel.
      42.5  1.00000000  0.00000000i: elastic S-matrix  @@      0.00  0   0 F  0
 Reaction Xsec    42.5-/43 @ 1 =   7.537#, Out:   0.000#   7.537#   0.000f


 Total SPIN, PARITY =    43.5 +,      6 chs,      6 cc.  Rmin & Coul turning =    2.0   35.4
   S-matrix    1 =    1.00000   0.00000 for L=   44, J=   43.5 channel on core I =   0.0 from L=   44,  Acc. loss =  0.0 D.
 Elastic phase shift   1 =    0.000   0.000 deg. for the L =   44, J =   43.5 channel.
      43.5  1.00000000  0.00000000i: elastic S-matrix  @@      0.00  0   0 F  0
 Reaction Xsec    43.5+/44 @ 1 =   6.989#, Out:   0.000#   6.988#   0.000f


 Total SPIN, PARITY =    43.5 -,      6 chs,      6 cc.  Rmin & Coul turning =    2.0   35.4
   S-matrix    1 =    1.00000   0.00000 for L=   43, J=   43.5 channel on core I =   0.0 from L=   43,  Acc. loss =  0.0 D.
 Elastic phase shift   1 =    0.000   0.000 deg. for the L =   43, J =   43.5 channel.
      43.5  1.00000000  0.00000000i: elastic S-matrix  @@      0.00  0   0 F  0
 Reaction Xsec    43.5-/43 @ 1 =   7.712#, Out:   0.000#   7.712#   0.000f


 Total SPIN, PARITY =    44.5 +,      6 chs,      6 cc.  Rmin & Coul turning =    2.1   36.2
   S-matrix    1 =    1.00000   0.00000 for L=   44, J=   44.5 channel on core I =   0.0 from L=   44,  Acc. loss =  0.0 D.
 Elastic phase shift   1 =    0.000   0.000 deg. for the L =   44, J =   44.5 channel.
      44.5  1.00000000  0.00000000i: elastic S-matrix  @@      0.00  0   0 F  0
 Reaction Xsec    44.5+/44 @ 1 =   7.147#, Out:   0.000#   7.147#   0.000f


 Total SPIN, PARITY =    44.5 -,      6 chs,      6 cc.  Rmin & Coul turning =    2.1   36.2
   S-matrix    1 =    1.00000   0.00000 for L=   45, J=   44.5 channel on core I =   0.0 from L=   45,  Acc. loss =  0.0 D.
 Elastic phase shift   1 =    0.000   0.000 deg. for the L =   45, J =   44.5 channel.
      44.5  1.00000000  0.00000000i: elastic S-matrix  @@      0.00  0   0 F  0
 Reaction Xsec    44.5-/45 @ 1 =   6.414#, Out:   0.000#   6.414#   0.000f


 Total SPIN, PARITY =    45.5 +,      6 chs,      6 cc.  Rmin & Coul turning =    2.2   37.0
   S-matrix    1 =    1.00000   0.00000 for L=   46, J=   45.5 channel on core I =   0.0 from L=   46,  Acc. loss =  0.0 D.
 Elastic phase shift   1 =    0.000   0.000 deg. for the L =   46, J =   45.5 channel.
      45.5  1.00000000  0.00000000i: elastic S-matrix  @@      0.00  0   0 F  0
 Reaction Xsec    45.5+/46 @ 1 =   5.840#, Out:   0.000#   5.839#   0.000f


 Total SPIN, PARITY =    45.5 -,      6 chs,      6 cc.  Rmin & Coul turning =    2.2   37.0
   S-matrix    1 =    1.00000   0.00000 for L=   45, J=   45.5 channel on core I =   0.0 from L=   45,  Acc. loss =  0.0 D.
 Elastic phase shift   1 =    0.000   0.000 deg. for the L =   45, J =   45.5 channel.
      45.5  1.00000000  0.00000000i: elastic S-matrix  @@      0.00  0   0 F  0
 Reaction Xsec    45.5-/45 @ 1 =   6.556#, Out:   0.000#   6.556#   0.000f


 Total SPIN, PARITY =    46.5 +,      6 chs,      6 cc.  Rmin & Coul turning =    2.2   37.8
   S-matrix    1 =    1.00000   0.00000 for L=   46, J=   46.5 channel on core I =   0.0 from L=   46,  Acc. loss =  0.0 D.
 Elastic phase shift   1 =    0.000   0.000 deg. for the L =   46, J =   46.5 channel.
      46.5  1.00000000  0.00000000i: elastic S-matrix  @@      0.00  0   0 F  0
 Reaction Xsec    46.5+/46 @ 1 =   5.966#, Out:   0.000#   5.966#   0.000f


 Total SPIN, PARITY =    46.5 -,      6 chs,      6 cc.  Rmin & Coul turning =    2.2   37.8
   S-matrix    1 =    1.00000   0.00000 for L=   47, J=   46.5 channel on core I =   0.0 from L=   47,  Acc. loss =  0.0 D.
 Elastic phase shift   1 =    0.000   0.000 deg. for the L =   47, J =   46.5 channel.
      46.5  1.00000000  0.00000000i: elastic S-matrix  @@      0.00  0   0 F  0
 Reaction Xsec    46.5-/47 @ 1 =   5.408#, Out:   0.000#   5.407#   0.000f


 Total SPIN, PARITY =    47.5 +,      6 chs,      6 cc.  Rmin & Coul turning =    2.2   38.6
   S-matrix    1 =    1.00000   0.00000 for L=   48, J=   47.5 channel on core I =   0.0 from L=   48,  Acc. loss =  0.0 D.
 Elastic phase shift   1 =    0.000   0.000 deg. for the L =   48, J =   47.5 channel.
      47.5  1.00000000  0.00000000i: elastic S-matrix  @@      0.00  0   0 F  0
 Reaction Xsec    47.5+/48 @ 1 =   5.015#, Out:   0.000#   5.015#   0.000f


 Total SPIN, PARITY =    47.5 -,      6 chs,      6 cc.  Rmin & Coul turning =    2.2   38.6
   S-matrix    1 =    1.00000   0.00000 for L=   47, J=   47.5 channel on core I =   0.0 from L=   47,  Acc. loss =  0.0 D.
 Elastic phase shift   1 =    0.000   0.000 deg. for the L =   47, J =   47.5 channel.
      47.5  1.00000000  0.00000000i: elastic S-matrix  @@      0.00  0   0 F  0
 Reaction Xsec    47.5-/47 @ 1 =   5.523#, Out:   0.000#   5.522#   0.000f


 Total SPIN, PARITY =    48.5 +,      6 chs,      6 cc.  Rmin & Coul turning =    2.3   39.4
   S-matrix    1 =    1.00000   0.00000 for L=   48, J=   48.5 channel on core I =   0.0 from L=   48,  Acc. loss =  0.0 D.
 Elastic phase shift   1 =    0.000   0.000 deg. for the L =   48, J =   48.5 channel.
      48.5  1.00000000  0.00000000i: elastic S-matrix  @@      0.00  0   0 F  0
 Reaction Xsec    48.5+/48 @ 1 =   5.120#, Out:   0.000#   5.120#   0.000f


 Total SPIN, PARITY =    48.5 -,      6 chs,      6 cc.  Rmin & Coul turning =    2.3   39.4
   S-matrix    1 =    1.00000   0.00000 for L=   49, J=   48.5 channel on core I =   0.0 from L=   49,  Acc. loss =  0.0 D.
 Elastic phase shift   1 =    0.000   0.000 deg. for the L =   49, J =   48.5 channel.
      48.5  1.00000000  0.00000000i: elastic S-matrix  @@      0.00  0   0 F  0
 Reaction Xsec    48.5-/49 @ 1 =   4.560#, Out:   0.000#   4.560#   0.000f


 Total SPIN, PARITY =    49.5 +,      6 chs,      6 cc.  Rmin & Coul turning =    2.3   40.2
   S-matrix    1 =    1.00000   0.00000 for L=   50, J=   49.5 channel on core I =   0.0 from L=   50,  Acc. loss =  0.0 D.
 Elastic phase shift   1 =    0.000   0.000 deg. for the L =   50, J =   49.5 channel.
      49.5  1.00000000  0.00000000i: elastic S-matrix  @@      0.00  0   0 F  0
 Reaction Xsec    49.5+/50 @ 1 =   4.165#, Out:   0.000#   4.165#   0.000f


 Total SPIN, PARITY =    49.5 -,      6 chs,      6 cc.  Rmin & Coul turning =    2.3   40.2
   S-matrix    1 =    1.00000   0.00000 for L=   49, J=   49.5 channel on core I =   0.0 from L=   49,  Acc. loss =  0.0 D.
 Elastic phase shift   1 =    0.000   0.000 deg. for the L =   49, J =   49.5 channel.
      49.5  1.00000000  0.00000000i: elastic S-matrix  @@      0.00  0   0 F  0
 Reaction Xsec    49.5-/49 @ 1 =   4.653#, Out:   0.000#   4.653#   0.000f


 Total SPIN, PARITY =    50.5 +,      6 chs,      6 cc.  Rmin & Coul turning =    2.4   41.0
   S-matrix    1 =    1.00000   0.00000 for L=   50, J=   50.5 channel on core I =   0.0 from L=   50,  Acc. loss =  0.0 D.
 Elastic phase shift   1 =    0.000   0.000 deg. for the L =   50, J =   50.5 channel.
      50.5  1.00000000  0.00000000i: elastic S-matrix  @@      0.00  0   0 F  0
 Reaction Xsec    50.5+/50 @ 1 =   4.248#, Out:   0.000#   4.248#   0.000f


 Total SPIN, PARITY =    50.5 -,      6 chs,      6 cc.  Rmin & Coul turning =    2.4   41.0
   S-matrix    1 =    1.00000   0.00000 for L=   51, J=   50.5 channel on core I =   0.0 from L=   51,  Acc. loss =  0.0 D.
 Elastic phase shift   1 =    0.000   0.000 deg. for the L =   51, J =   50.5 channel.
      50.5  1.00000000  0.00000000i: elastic S-matrix  @@      0.00  0   0 F  0
 Reaction Xsec    50.5-/51 @ 1 =   3.886#, Out:   0.000#   3.886#   0.000f

 Finished all CC sets @   0.246050000    
0CUMULATIVE REACTION cross section                 =  818.31492  <L> =     4.13  <L**2> =     20.5
0CUMULATIVE outgoing cross sections in partition 1 :    0.00000   80.31684
0Cumulative ABSORBTION by Imaginary Potentials     =  737.99808  <L> =     4.13  <L**2> =     20.5
   Fusion for specific p        M-states :  737.998082  737.998082
0CUMULATIVE OUTGOING cross section                 =   80.31684
 To convert to S-factors (MeV.mb = keV.b),  multiply by  1.2763E+02


 CROSS SECTIONS FOR OUTGOING p        & O20      in state #   1 with spins & parities 0.5  + &  0.0  +;  0

     0.01 deg.: X-S =   1.2880E+15 mb/sr,
+                                         /R =   1.0000E+00
     1.00 deg.: X-S =   1.2522E+07 mb/sr,
+                                         /R =   9.7213E-01
     2.00 deg.: X-S =   7.2862E+05 mb/sr,
+                                         /R =   9.0493E-01
     3.00 deg.: X-S =   1.3104E+05 mb/sr,
+                                         /R =   8.2372E-01
     4.00 deg.: X-S =   3.7879E+04 mb/sr,
+                                         /R =   7.5225E-01
     5.00 deg.: X-S =   1.4740E+04 mb/sr,
+                                         /R =   7.1437E-01
     6.00 deg.: X-S =  7304.064911 mb/sr,
+                                         /R =   7.3360E-01
     7.00 deg.: X-S =  4474.170695 mb/sr,
+                                         /R =   8.3197E-01
     8.00 deg.: X-S =  3244.757351 mb/sr,
+                                         /R =   1.0285E+00
     9.00 deg.: X-S =  2637.128718 mb/sr,
+                                         /R =   1.3378E+00
    10.00 deg.: X-S =  2289.581238 mb/sr,
+                                         /R =   1.7686E+00
    11.00 deg.: X-S =  2056.042997 mb/sr,
+                                         /R =   2.3228E+00
    12.00 deg.: X-S =  1873.942598 mb/sr,
+                                         /R =   2.9949E+00
    13.00 deg.: X-S =  1715.641473 mb/sr,
+                                         /R =   3.7718E+00
    14.00 deg.: X-S =  1568.977705 mb/sr,
+                                         /R =   4.6333E+00
    15.00 deg.: X-S =  1428.918448 mb/sr,
+                                         /R =   5.5525E+00
    16.00 deg.: X-S =  1293.774648 mb/sr,
+                                         /R =   6.4979E+00
    17.00 deg.: X-S =  1163.406493 mb/sr,
+                                         /R =   7.4342E+00
    18.00 deg.: X-S =  1038.342828 mb/sr,
+                                         /R =   8.3246E+00
    19.00 deg.: X-S =   919.338946 mb/sr,
+                                         /R =   9.1328E+00
    20.00 deg.: X-S =   807.152920 mb/sr,
+                                         /R =   9.8249E+00
    21.00 deg.: X-S =   702.434778 mb/sr,
+                                         /R =   1.0371E+01
    22.00 deg.: X-S =   605.675885 mb/sr,
+                                         /R =   1.0748E+01
    23.00 deg.: X-S =   517.191385 mb/sr,
+                                         /R =   1.0939E+01
    24.00 deg.: X-S =   437.121241 mb/sr,
+                                         /R =   1.0935E+01
    25.00 deg.: X-S =   365.441867 mb/sr,
+                                         /R =   1.0736E+01
    26.00 deg.: X-S =   301.983686 mb/sr,
+                                         /R =   1.0352E+01
    27.00 deg.: X-S =   246.451819 mb/sr,
+                                         /R =   9.7986E+00
    28.00 deg.: X-S =   198.448075 mb/sr,
+                                         /R =   9.1000E+00
    29.00 deg.: X-S =   157.493043 mb/sr,
+                                         /R =   8.2861E+00
    30.00 deg.: X-S =   123.047425 mb/sr,
+                                         /R =   7.3918E+00
    31.00 deg.: X-S =    94.532025 mb/sr,
+                                         /R =   6.4546E+00
    32.00 deg.: X-S =    71.345964 mb/sr,
+                                         /R =   5.5133E+00
    33.00 deg.: X-S =    52.882859 mb/sr,
+                                         /R =   4.6065E+00
    34.00 deg.: X-S =    38.544796 mb/sr,
+                                         /R =   3.7705E+00
    35.00 deg.: X-S =    27.754053 mb/sr,
+                                         /R =   3.0380E+00
    36.00 deg.: X-S =    19.962561 mb/sr,
+                                         /R =   2.4369E+00
    37.00 deg.: X-S =    14.659218 mb/sr,
+                                         /R =   1.9893E+00
    38.00 deg.: X-S =    11.375165 mb/sr,
+                                         /R =   1.7109E+00
    39.00 deg.: X-S =     9.687205 mb/sr,
+                                         /R =   1.6102E+00
    40.00 deg.: X-S =     9.219561 mb/sr,
+                                         /R =   1.6889E+00
    41.00 deg.: X-S =     9.644204 mb/sr,
+                                         /R =   1.9420E+00
    42.00 deg.: X-S =    10.679943 mb/sr,
+                                         /R =   2.3582E+00
    43.00 deg.: X-S =    12.090540 mb/sr,
+                                         /R =   2.9204E+00
    44.00 deg.: X-S =    13.682021 mb/sr,
+                                         /R =   3.6070E+00
    45.00 deg.: X-S =    15.299425 mb/sr,
+                                         /R =   4.3926E+00
    46.00 deg.: X-S =    16.823137 mb/sr,
+                                         /R =   5.2494E+00
    47.00 deg.: X-S =    18.165000 mb/sr,
+                                         /R =   6.1479E+00
    48.00 deg.: X-S =    19.264330 mb/sr,
+                                         /R =   7.0583E+00
    49.00 deg.: X-S =    20.083959 mb/sr,
+                                         /R =   7.9515E+00
    50.00 deg.: X-S =    20.606415 mb/sr,
+                                         /R =   8.8001E+00
    51.00 deg.: X-S =    20.830296 mb/sr,
+                                         /R =   9.5791E+00
    52.00 deg.: X-S =    20.766918 mb/sr,
+                                         /R =   1.0267E+01
    53.00 deg.: X-S =    20.437265 mb/sr,
+                                         /R =   1.0845E+01
    54.00 deg.: X-S =    19.869270 mb/sr,
+                                         /R =   1.1300E+01
    55.00 deg.: X-S =    19.095435 mb/sr,
+                                         /R =   1.1621E+01
    56.00 deg.: X-S =    18.150803 mb/sr,
+                                         /R =   1.1804E+01
    57.00 deg.: X-S =    17.071247 mb/sr,
+                                         /R =   1.1847E+01
    58.00 deg.: X-S =    15.892090 mb/sr,
+                                         /R =   1.1753E+01
    59.00 deg.: X-S =    14.647007 mb/sr,
+                                         /R =   1.1529E+01
    60.00 deg.: X-S =    13.367197 mb/sr,
+                                         /R =   1.1184E+01
    61.00 deg.: X-S =    12.080801 mb/sr,
+                                         /R =   1.0732E+01
    62.00 deg.: X-S =    10.812514 mb/sr,
+                                         /R =   1.0185E+01
    63.00 deg.: X-S =     9.583393 mb/sr,
+                                         /R =   9.5621E+00
    64.00 deg.: X-S =     8.410801 mb/sr,
+                                         /R =   8.8791E+00
    65.00 deg.: X-S =     7.308480 mb/sr,
+                                         /R =   8.1543E+00
    66.00 deg.: X-S =     6.286720 mb/sr,
+                                         /R =   7.4054E+00
    67.00 deg.: X-S =     5.352601 mb/sr,
+                                         /R =   6.6499E+00
    68.00 deg.: X-S =     4.510286 mb/sr,
+                                         /R =   5.9039E+00
    69.00 deg.: X-S =     3.761349 mb/sr,
+                                         /R =   5.1826E+00
    70.00 deg.: X-S =     3.105121 mb/sr,
+                                         /R =   4.4992E+00
    71.00 deg.: X-S =     2.539040 mb/sr,
+                                         /R =   3.8653E+00
    72.00 deg.: X-S =     2.058999 mb/sr,
+                                         /R =   3.2902E+00
    73.00 deg.: X-S =     1.659669 mb/sr,
+                                         /R =   2.7814E+00
    74.00 deg.: X-S =     1.334817 mb/sr,
+                                         /R =   2.3440E+00
    75.00 deg.: X-S =     1.077581 mb/sr,
+                                         /R =   1.9812E+00
    76.00 deg.: X-S =     0.880727 mb/sr,
+                                         /R =   1.6940E+00
    77.00 deg.: X-S =     0.736874 mb/sr,
+                                         /R =   1.4814E+00
    78.00 deg.: X-S =     0.638681 mb/sr,
+                                         /R =   1.3411E+00
    79.00 deg.: X-S =     0.579008 mb/sr,
+                                         /R =   1.2689E+00
    80.00 deg.: X-S =     0.551050 mb/sr,
+                                         /R =   1.2594E+00
    81.00 deg.: X-S =     0.548433 mb/sr,
+                                         /R =   1.3061E+00
    82.00 deg.: X-S =     0.565292 mb/sr,
+                                         /R =   1.4020E+00
    83.00 deg.: X-S =     0.596325 mb/sr,
+                                         /R =   1.5390E+00
    84.00 deg.: X-S =     0.636818 mb/sr,
+                                         /R =   1.7090E+00
    85.00 deg.: X-S =     0.682661 mb/sr,
+                                         /R =   1.9038E+00
    86.00 deg.: X-S =     0.730345 mb/sr,
+                                         /R =   2.1152E+00
    87.00 deg.: X-S =     0.776941 mb/sr,
+                                         /R =   2.3352E+00
    88.00 deg.: X-S =     0.820077 mb/sr,
+                                         /R =   2.5564E+00
    89.00 deg.: X-S =     0.857899 mb/sr,
+                                         /R =   2.7719E+00
    90.00 deg.: X-S =     0.889031 mb/sr,
+                                         /R =   2.9754E+00
    91.00 deg.: X-S =     0.912531 mb/sr,
+                                         /R =   3.1616E+00
    92.00 deg.: X-S =     0.927836 mb/sr,
+                                         /R =   3.3258E+00
    93.00 deg.: X-S =     0.934721 mb/sr,
+                                         /R =   3.4644E+00
    94.00 deg.: X-S =     0.933245 mb/sr,
+                                         /R =   3.5744E+00
    95.00 deg.: X-S =     0.923702 mb/sr,
+                                         /R =   3.6538E+00
    96.00 deg.: X-S =     0.906582 mb/sr,
+                                         /R =   3.7016E+00
    97.00 deg.: X-S =     0.882522 mb/sr,
+                                         /R =   3.7174E+00
    98.00 deg.: X-S =     0.852270 mb/sr,
+                                         /R =   3.7016E+00
    99.00 deg.: X-S =     0.816648 mb/sr,
+                                         /R =   3.6552E+00
   100.00 deg.: X-S =     0.776524 mb/sr,
+                                         /R =   3.5798E+00
   101.00 deg.: X-S =     0.732778 mb/sr,
+                                         /R =   3.4777E+00
   102.00 deg.: X-S =     0.686285 mb/sr,
+                                         /R =   3.3513E+00
   103.00 deg.: X-S =     0.637893 mb/sr,
+                                         /R =   3.2034E+00
   104.00 deg.: X-S =     0.588405 mb/sr,
+                                         /R =   3.0374E+00
   105.00 deg.: X-S =     0.538570 mb/sr,
+                                         /R =   2.8563E+00
   106.00 deg.: X-S =     0.489068 mb/sr,
+                                         /R =   2.6635E+00
   107.00 deg.: X-S =     0.440513 mb/sr,
+                                         /R =   2.4624E+00
   108.00 deg.: X-S =     0.393439 mb/sr,
+                                         /R =   2.2563E+00
   109.00 deg.: X-S =     0.348303 mb/sr,
+                                         /R =   2.0483E+00
   110.00 deg.: X-S =     0.305488 mb/sr,
+                                         /R =   1.8414E+00
   111.00 deg.: X-S =     0.265300 mb/sr,
+                                         /R =   1.6383E+00
   112.00 deg.: X-S =     0.227972 mb/sr,
+                                         /R =   1.4417E+00
   113.00 deg.: X-S =     0.193673 mb/sr,
+                                         /R =   1.2537E+00
   114.00 deg.: X-S =     0.162506 mb/sr,
+                                         /R =   1.0763E+00
   115.00 deg.: X-S =     0.134518 mb/sr,
+                                         /R =   9.1115E-01
   116.00 deg.: X-S =     0.109706 mb/sr,
+                                         /R =   7.5963E-01
   117.00 deg.: X-S =     0.088021 mb/sr,
+                                         /R =   6.2279E-01
   118.00 deg.: X-S =     0.069375 mb/sr,
+                                         /R =   5.0137E-01
   119.00 deg.: X-S =     0.053648 mb/sr,
+                                         /R =   3.9584E-01
   120.00 deg.: X-S =     0.040690 mb/sr,
+                                         /R =   3.0641E-01
   121.00 deg.: X-S =     0.030333 mb/sr,
+                                         /R =   2.3302E-01
   122.00 deg.: X-S =     0.022388 mb/sr,
+                                         /R =   1.7538E-01
   123.00 deg.: X-S =     0.016654 mb/sr,
+                                         /R =   1.3299E-01
   124.00 deg.: X-S =     0.012925 mb/sr,
+                                         /R =   1.0516E-01
   125.00 deg.: X-S =     0.010985 mb/sr,
+                                         /R =   9.1036E-02
   126.00 deg.: X-S =     0.010621 mb/sr,
+                                         /R =   8.9618E-02
   127.00 deg.: X-S =     0.011620 mb/sr,
+                                         /R =   9.9785E-02
   128.00 deg.: X-S =     0.013772 mb/sr,
+                                         /R =   1.2032E-01
   129.00 deg.: X-S =     0.016875 mb/sr,
+                                         /R =   1.4993E-01
   130.00 deg.: X-S =     0.020732 mb/sr,
+                                         /R =   1.8726E-01
   131.00 deg.: X-S =     0.025159 mb/sr,
+                                         /R =   2.3093E-01
   132.00 deg.: X-S =     0.029981 mb/sr,
+                                         /R =   2.7955E-01
   133.00 deg.: X-S =     0.035034 mb/sr,
+                                         /R =   3.3172E-01
   134.00 deg.: X-S =     0.040168 mb/sr,
+                                         /R =   3.8608E-01
   135.00 deg.: X-S =     0.045247 mb/sr,
+                                         /R =   4.4131E-01
   136.00 deg.: X-S =     0.050146 mb/sr,
+                                         /R =   4.9613E-01
   137.00 deg.: X-S =     0.054758 mb/sr,
+                                         /R =   5.4936E-01
   138.00 deg.: X-S =     0.058989 mb/sr,
+                                         /R =   5.9988E-01
   139.00 deg.: X-S =     0.062757 mb/sr,
+                                         /R =   6.4671E-01
   140.00 deg.: X-S =     0.066000 mb/sr,
+                                         /R =   6.8893E-01
   141.00 deg.: X-S =     0.068665 mb/sr,
+                                         /R =   7.2580E-01
   142.00 deg.: X-S =     0.070718 mb/sr,
+                                         /R =   7.5667E-01
   143.00 deg.: X-S =     0.072137 mb/sr,
+                                         /R =   7.8105E-01
   144.00 deg.: X-S =     0.072913 mb/sr,
+                                         /R =   7.9858E-01
   145.00 deg.: X-S =     0.073049 mb/sr,
+                                         /R =   8.0907E-01
   146.00 deg.: X-S =     0.072564 mb/sr,
+                                         /R =   8.1245E-01
   147.00 deg.: X-S =     0.071483 mb/sr,
+                                         /R =   8.0880E-01
   148.00 deg.: X-S =     0.069845 mb/sr,
+                                         /R =   7.9835E-01
   149.00 deg.: X-S =     0.067696 mb/sr,
+                                         /R =   7.8144E-01
   150.00 deg.: X-S =     0.065090 mb/sr,
+                                         /R =   7.5854E-01
   151.00 deg.: X-S =     0.062087 mb/sr,
+                                         /R =   7.3023E-01
   152.00 deg.: X-S =     0.058752 mb/sr,
+                                         /R =   6.9716E-01
   153.00 deg.: X-S =     0.055154 mb/sr,
+                                         /R =   6.6008E-01
   154.00 deg.: X-S =     0.051363 mb/sr,
+                                         /R =   6.1978E-01
   155.00 deg.: X-S =     0.047448 mb/sr,
+                                         /R =   5.7707E-01
   156.00 deg.: X-S =     0.043478 mb/sr,
+                                         /R =   5.3281E-01
   157.00 deg.: X-S =     0.039519 mb/sr,
+                                         /R =   4.8783E-01
   158.00 deg.: X-S =     0.035632 mb/sr,
+                                         /R =   4.4292E-01
   159.00 deg.: X-S =     0.031875 mb/sr,
+                                         /R =   3.9885E-01
   160.00 deg.: X-S =     0.028297 mb/sr,
+                                         /R =   3.5631E-01
   161.00 deg.: X-S =     0.024940 mb/sr,
+                                         /R =   3.1593E-01
   162.00 deg.: X-S =     0.021839 mb/sr,
+                                         /R =   2.7823E-01
   163.00 deg.: X-S =     0.019020 mb/sr,
+                                         /R =   2.4363E-01
   164.00 deg.: X-S =     0.016502 mb/sr,
+                                         /R =   2.1244E-01
   165.00 deg.: X-S =     0.014292 mb/sr,
+                                         /R =   1.8487E-01
   166.00 deg.: X-S =     0.012392 mb/sr,
+                                         /R =   1.6101E-01
   167.00 deg.: X-S =     0.010795 mb/sr,
+                                         /R =   1.4084E-01
   168.00 deg.: X-S =     0.009487 mb/sr,
+                                         /R =   1.2424E-01
   169.00 deg.: X-S =     0.008447 mb/sr,
+                                         /R =   1.1101E-01
   170.00 deg.: X-S =     0.007650 mb/sr,
+                                         /R =   1.0086E-01
   171.00 deg.: X-S =     0.007067 mb/sr,
+                                         /R =   9.3444E-02
   172.00 deg.: X-S =     0.006666 mb/sr,
+                                         /R =   8.8367E-02
   173.00 deg.: X-S =     0.006413 mb/sr,
+                                         /R =   8.5211E-02
   174.00 deg.: X-S =     0.006275 mb/sr,
+                                         /R =   8.3552E-02
   175.00 deg.: X-S =     0.006222 mb/sr,
+                                         /R =   8.2974E-02
   176.00 deg.: X-S =     0.006222 mb/sr,
+                                         /R =   8.3092E-02
   177.00 deg.: X-S =     0.006251 mb/sr,
+                                         /R =   8.3565E-02
   178.00 deg.: X-S =     0.006287 mb/sr,
+                                         /R =   8.4114E-02
   179.00 deg.: X-S =     0.006315 mb/sr,
+                                         /R =   8.4530E-02
   179.99 deg.: X-S =     0.006326 mb/sr,
+                                         /R =   8.4683E-02
                                           Integrated********** mb, over [   0.000, 180.000] at    35.0000 MeV 

 CROSS SECTIONS FOR OUTGOING p        & O20      in state #   2 with spins & parities 0.5  + &  2.0  +;  0

     0.00 deg.: X-S =    51.657297 mb/sr,
+                                         REAC   8.0317E+01 mb
     1.00 deg.: X-S =    51.612484 mb/sr,
     2.00 deg.: X-S =    51.432895 mb/sr,
     3.00 deg.: X-S =    51.007347 mb/sr,
     4.00 deg.: X-S =    50.219952 mb/sr,
     5.00 deg.: X-S =    49.016612 mb/sr,
     6.00 deg.: X-S =    47.438737 mb/sr,
     7.00 deg.: X-S =    45.606318 mb/sr,
     8.00 deg.: X-S =    43.667379 mb/sr,
     9.00 deg.: X-S =    41.750042 mb/sr,
    10.00 deg.: X-S =    39.942458 mb/sr,
    11.00 deg.: X-S =    38.300244 mb/sr,
    12.00 deg.: X-S =    36.864313 mb/sr,
    13.00 deg.: X-S =    35.671870 mb/sr,
    14.00 deg.: X-S =    34.754155 mb/sr,
    15.00 deg.: X-S =    34.126816 mb/sr,
    16.00 deg.: X-S =    33.784073 mb/sr,
    17.00 deg.: X-S =    33.702552 mb/sr,
    18.00 deg.: X-S =    33.850623 mb/sr,
    19.00 deg.: X-S =    34.194416 mb/sr,
    20.00 deg.: X-S =    34.695982 mb/sr,
    21.00 deg.: X-S =    35.307128 mb/sr,
    22.00 deg.: X-S =    35.966578 mb/sr,
    23.00 deg.: X-S =    36.605400 mb/sr,
    24.00 deg.: X-S =    37.158529 mb/sr,
    25.00 deg.: X-S =    37.574867 mb/sr,
    26.00 deg.: X-S =    37.819506 mb/sr,
    27.00 deg.: X-S =    37.868040 mb/sr,
    28.00 deg.: X-S =    37.699024 mb/sr,
    29.00 deg.: X-S =    37.291340 mb/sr,
    30.00 deg.: X-S =    36.628578 mb/sr,
    31.00 deg.: X-S =    35.706622 mb/sr,
    32.00 deg.: X-S =    34.538157 mb/sr,
    33.00 deg.: X-S =    33.150478 mb/sr,
    34.00 deg.: X-S =    31.578300 mb/sr,
    35.00 deg.: X-S =    29.856714 mb/sr,
    36.00 deg.: X-S =    28.018513 mb/sr,
    37.00 deg.: X-S =    26.096146 mb/sr,
    38.00 deg.: X-S =    24.125021 mb/sr,
    39.00 deg.: X-S =    22.144378 mb/sr,
    40.00 deg.: X-S =    20.194487 mb/sr,
    41.00 deg.: X-S =    18.312052 mb/sr,
    42.00 deg.: X-S =    16.526916 mb/sr,
    43.00 deg.: X-S =    14.861707 mb/sr,
    44.00 deg.: X-S =    13.333625 mb/sr,
    45.00 deg.: X-S =    11.956202 mb/sr,
    46.00 deg.: X-S =    10.739506 mb/sr,
    47.00 deg.: X-S =     9.688975 mb/sr,
    48.00 deg.: X-S =     8.804325 mb/sr,
    49.00 deg.: X-S =     8.079791 mb/sr,
    50.00 deg.: X-S =     7.505641 mb/sr,
    51.00 deg.: X-S =     7.069864 mb/sr,
    52.00 deg.: X-S =     6.758968 mb/sr,
    53.00 deg.: X-S =     6.557825 mb/sr,
    54.00 deg.: X-S =     6.449371 mb/sr,
    55.00 deg.: X-S =     6.415087 mb/sr,
    56.00 deg.: X-S =     6.436382 mb/sr,
    57.00 deg.: X-S =     6.496105 mb/sr,
    58.00 deg.: X-S =     6.579274 mb/sr,
    59.00 deg.: X-S =     6.672739 mb/sr,
    60.00 deg.: X-S =     6.764380 mb/sr,
    61.00 deg.: X-S =     6.842746 mb/sr,
    62.00 deg.: X-S =     6.897581 mb/sr,
    63.00 deg.: X-S =     6.920870 mb/sr,
    64.00 deg.: X-S =     6.907576 mb/sr,
    65.00 deg.: X-S =     6.855454 mb/sr,
    66.00 deg.: X-S =     6.764110 mb/sr,
    67.00 deg.: X-S =     6.633971 mb/sr,
    68.00 deg.: X-S =     6.465874 mb/sr,
    69.00 deg.: X-S =     6.261384 mb/sr,
    70.00 deg.: X-S =     6.023382 mb/sr,
    71.00 deg.: X-S =     5.756285 mb/sr,
    72.00 deg.: X-S =     5.465606 mb/sr,
    73.00 deg.: X-S =     5.157108 mb/sr,
    74.00 deg.: X-S =     4.836106 mb/sr,
    75.00 deg.: X-S =     4.507283 mb/sr,
    76.00 deg.: X-S =     4.174972 mb/sr,
    77.00 deg.: X-S =     3.843529 mb/sr,
    78.00 deg.: X-S =     3.517411 mb/sr,
    79.00 deg.: X-S =     3.200878 mb/sr,
    80.00 deg.: X-S =     2.897551 mb/sr,
    81.00 deg.: X-S =     2.610148 mb/sr,
    82.00 deg.: X-S =     2.340556 mb/sr,
    83.00 deg.: X-S =     2.090096 mb/sr,
    84.00 deg.: X-S =     1.859780 mb/sr,
    85.00 deg.: X-S =     1.650355 mb/sr,
    86.00 deg.: X-S =     1.462187 mb/sr,
    87.00 deg.: X-S =     1.295123 mb/sr,
    88.00 deg.: X-S =     1.148484 mb/sr,
    89.00 deg.: X-S =     1.021211 mb/sr,
    90.00 deg.: X-S =     0.912049 mb/sr,
    91.00 deg.: X-S =     0.819665 mb/sr,
    92.00 deg.: X-S =     0.742660 mb/sr,
    93.00 deg.: X-S =     0.679536 mb/sr,
    94.00 deg.: X-S =     0.628685 mb/sr,
    95.00 deg.: X-S =     0.588456 mb/sr,
    96.00 deg.: X-S =     0.557240 mb/sr,
    97.00 deg.: X-S =     0.533533 mb/sr,
    98.00 deg.: X-S =     0.515944 mb/sr,
    99.00 deg.: X-S =     0.503175 mb/sr,
   100.00 deg.: X-S =     0.494012 mb/sr,
   101.00 deg.: X-S =     0.487357 mb/sr,
   102.00 deg.: X-S =     0.482270 mb/sr,
   103.00 deg.: X-S =     0.477982 mb/sr,
   104.00 deg.: X-S =     0.473871 mb/sr,
   105.00 deg.: X-S =     0.469414 mb/sr,
   106.00 deg.: X-S =     0.464165 mb/sr,
   107.00 deg.: X-S =     0.457765 mb/sr,
   108.00 deg.: X-S =     0.449979 mb/sr,
   109.00 deg.: X-S =     0.440705 mb/sr,
   110.00 deg.: X-S =     0.429956 mb/sr,
   111.00 deg.: X-S =     0.417801 mb/sr,
   112.00 deg.: X-S =     0.404321 mb/sr,
   113.00 deg.: X-S =     0.389606 mb/sr,
   114.00 deg.: X-S =     0.373776 mb/sr,
   115.00 deg.: X-S =     0.357000 mb/sr,
   116.00 deg.: X-S =     0.339502 mb/sr,
   117.00 deg.: X-S =     0.321521 mb/sr,
   118.00 deg.: X-S =     0.303284 mb/sr,
   119.00 deg.: X-S =     0.284984 mb/sr,
   120.00 deg.: X-S =     0.266794 mb/sr,
   121.00 deg.: X-S =     0.248883 mb/sr,
   122.00 deg.: X-S =     0.231422 mb/sr,
   123.00 deg.: X-S =     0.214571 mb/sr,
   124.00 deg.: X-S =     0.198456 mb/sr,
   125.00 deg.: X-S =     0.183168 mb/sr,
   126.00 deg.: X-S =     0.168774 mb/sr,
   127.00 deg.: X-S =     0.155340 mb/sr,
   128.00 deg.: X-S =     0.142926 mb/sr,
   129.00 deg.: X-S =     0.131577 mb/sr,
   130.00 deg.: X-S =     0.121299 mb/sr,
   131.00 deg.: X-S =     0.112052 mb/sr,
   132.00 deg.: X-S =     0.103776 mb/sr,
   133.00 deg.: X-S =     0.096420 mb/sr,
   134.00 deg.: X-S =     0.089955 mb/sr,
   135.00 deg.: X-S =     0.084364 mb/sr,
   136.00 deg.: X-S =     0.079607 mb/sr,
   137.00 deg.: X-S =     0.075602 mb/sr,
   138.00 deg.: X-S =     0.072235 mb/sr,
   139.00 deg.: X-S =     0.069390 mb/sr,
   140.00 deg.: X-S =     0.066984 mb/sr,
   141.00 deg.: X-S =     0.064971 mb/sr,
   142.00 deg.: X-S =     0.063323 mb/sr,
   143.00 deg.: X-S =     0.061991 mb/sr,
   144.00 deg.: X-S =     0.060898 mb/sr,
   145.00 deg.: X-S =     0.059951 mb/sr,
   146.00 deg.: X-S =     0.059067 mb/sr,
   147.00 deg.: X-S =     0.058201 mb/sr,
   148.00 deg.: X-S =     0.057336 mb/sr,
   149.00 deg.: X-S =     0.056467 mb/sr,
   150.00 deg.: X-S =     0.055576 mb/sr,
   151.00 deg.: X-S =     0.054631 mb/sr,
   152.00 deg.: X-S =     0.053604 mb/sr,
   153.00 deg.: X-S =     0.052480 mb/sr,
   154.00 deg.: X-S =     0.051263 mb/sr,
   155.00 deg.: X-S =     0.049967 mb/sr,
   156.00 deg.: X-S =     0.048601 mb/sr,
   157.00 deg.: X-S =     0.047170 mb/sr,
   158.00 deg.: X-S =     0.045681 mb/sr,
   159.00 deg.: X-S =     0.044155 mb/sr,
   160.00 deg.: X-S =     0.042621 mb/sr,
   161.00 deg.: X-S =     0.041107 mb/sr,
   162.00 deg.: X-S =     0.039625 mb/sr,
   163.00 deg.: X-S =     0.038170 mb/sr,
   164.00 deg.: X-S =     0.036737 mb/sr,
   165.00 deg.: X-S =     0.035341 mb/sr,
   166.00 deg.: X-S =     0.034012 mb/sr,
   167.00 deg.: X-S =     0.032789 mb/sr,
   168.00 deg.: X-S =     0.031690 mb/sr,
   169.00 deg.: X-S =     0.030704 mb/sr,
   170.00 deg.: X-S =     0.029805 mb/sr,
   171.00 deg.: X-S =     0.028971 mb/sr,
   172.00 deg.: X-S =     0.028204 mb/sr,
   173.00 deg.: X-S =     0.027529 mb/sr,
   174.00 deg.: X-S =     0.026971 mb/sr,
   175.00 deg.: X-S =     0.026537 mb/sr,
   176.00 deg.: X-S =     0.026206 mb/sr,
   177.00 deg.: X-S =     0.025954 mb/sr,
   178.00 deg.: X-S =     0.025763 mb/sr,
   179.00 deg.: X-S =     0.025637 mb/sr,
   180.00 deg.: X-S =     0.025592 mb/sr,
                                           Integrated   80.3086 mb, over [   0.000, 180.000] at    35.0000 MeV 
 Finished all xsecs @   0.248904005    

  The following files have been created:
   3:local copy of User input.            6:standard output.                   
   7:elastic  S-matrix elements.         13:total cross sections/state.        
  16:tables of cross sections.           35:Astrophysics S-factors  / Ecm.     
  38:cross sections for each J/pi.       39:cross sections for each Ecm.       
  40:all cross sectns. for each Elab.    45:scat phase shift as E functions.   
  56:Fusion for each Jtotal.             75:S-factors for lab energies.        
 201:Separate cross sections.           202:Separate cross sections.           

 PARAMETERS : MAXQRN   MFNL   MLOC  LMAX1 MCLIST
    ALLOWED :      1     36      9     70     15
    REQUIRED:      0      0      9     54      9


 ACCURACY ANALYSIS at    35.000 MeV :

  Elastic h*k = 0.037 so OK       compared with 0.200

   Real(S-el) > 0.01 first at J =       0.5
   Real(S-el) > 0.10 first at J =       0.5
   Real(S-el) > 0.50 first at J =       5.5
   Real(S-el) > 0.90 first at J =       6.5
   Real(S-el) > 0.99 first at J =       8.5
   R-turn =    41.01 fm    at J =      50.5

 Forward-angle excitation cut off below   0.480 deg by max JT =      50.5
                              and below   0.330 deg by max R.

 Total CPU  0 time =       0.25 seconds
