 FRESCO - FRES 3.4: Coupled Reaction Channels
 Assuming NAMELIST input.

 p+O20 1st with BG ;                                                             

   0.030  60.000   0.500   0.000   0.000   0.000   0.000   0.000   0.000   0.000

 Centre-of-mass Range is   2002 * 0.0300 fm., Maximum at  60.00 fm., Interpolating NL forms every  0.51 fm.
 Non - locality width is      4 * 0.0300 fm., Maximum of   0.09 fm., Centred at  0.00 fm.
 2-Nucleon Separation of      0 * 0.5100 fm., Maximum of   0.00 fm., Minimum at  0.00 fm.
 Maximum single particle bins of 59.6700 fm.
               M,Mint =         2001        1990


 Range of total J is     0.0 <= J <=    50.0 (at least     0.0) and Absorbtion =>    -1.0000 mb.
 Dry Run = F, CC set limits =  0  0, Relativistic kinematics =  , Both/Far/Near Analyses =  1                     

 Cross Sections (and up to T0 for 0=projectile) for Theta from   3.0 to-180.0 in steps of  1.0 degrees, DGAM=0,  Coordinates = 0 (Mads)

 Lower Radial Cutoff = maximum of -1.60*L*h &       0.0 fm.,  Lower Cutoff for Couplings =   0.0  fm.


 Iterate Couplings between   0 and   1 times, to  0.000 % if sooner.                                          
  Block solved exactly =   2 chs., with Pade = 0 & Isocen =  =0, NOSOL = F, initwf =  0
  NL quadrature with   18 Gaussian points, Calculate multipoles up to    56 from   0
  M-transfers for lp+lt greater than or equal to  6, Angular Integration Cutoff below  2.7778 %


 Trace switches are :  CHANS =  1, LISTCC =  0, TRENEG =  0, CDETR =  0, SMATS =  2, XSTABL =  1, NLPL =  0

                       WAVES =  0, LAMPL =  0, VEFF =  0, KFUS =  0, WDISK =  0, BPM =  0, MELFIL =  0

                       CDCC =  0, NFUS =  0

 Using unit mass = 1.000000 amu and 1/fine-structure constant = 137.03599 ( 1.000000 * true ) with hc = 197.32705 MeV.fm,
  thus 2*amu/hbar^2 = 0.0478450 = 1/20.9008 and Coulomb constant = 0.1574855 so e^2 = 1.43997, and nuclear magneton= 0.1261183

 Now pre-scan input and save to file 3



 *********** PARTITION NUMBER  1 ******************************************************************************************

   PROJ=p          MASS=  1.0073 Z=   1.0,        # STATES=    2T, TARG=O20      MASS= 19.9997 Z=   8.0,     Q-VALUE =  -0.0000 MEV.

     1:  J= 0.5+ (B# 1), E=  0.0000, K= 0.5              Potl#  1       J= 0.0+ (B# 1), E=  0.0000, K= 0.0    

     2:  J= 0.5+ (B# 1), E=  0.0000, K= 0.5              Potl#  1       J= 2.0+ (B# 1), E=  1.6700, K= 0.0    
                                  (Just State  1)


 ************************************************************************************************************************************

 The following POTENTIALS are defined :

  KP#       TYPE      IT    SHAPE      at     V1        r1        a1        V2        r2        a2        A-in     A-used


                                            A#1       A#2        r0c       ac                                                h @ 1
    1    0=Coulomb       0=CHARGE (WS)  1    20.000     0.000    1.2000    0.0000    0.0000    0.0000     0.000    20.000   0.03000

                                           Mn(E1)    Mn(E2)    Mn(E3)  .....
    1   11=Target defm  10=derivatives  2    0.0000    5.3000    0.0000    0.0000    0.0000    0.0000     0.000     3.257= RADIUS

              At    2 is k =  2 (Potl. beta = 0.26155)
                                     Beta of targ. = 0.26155 (using radius of 3.257 fm.).

    1    1=Volume        0=Woods-Saxon  3   46.1325    1.1700    0.7500    0.0000    0.0000    0.0000     0.000    20.000

                                            Def1      Def2      Def3   .....
    1   11=Target defm  10=derivatives  4    0.0000    1.1115    0.0000    0.0000    0.0000    0.0000     0.000     3.176= RADIUS

              At    4 is k =  2 (Potl. beta = 0.35000)
                                     Beta of targ. = 0.35000 (using radius of 3.176 fm.).

    1    1=Volume        0=Woods-Saxon  5    0.0000    0.0000    0.0000    6.8194    1.3200    0.6500     0.000    20.000

                                            Def1      Def2      Def3   .....
    1   11=Target defm  10=derivatives  6    0.0000    1.2541    0.0000    0.0000    0.0000    0.0000     0.000     3.583= RADIUS

              At    6 is k =  2 (Potl. beta = 0.35000)
                                     Beta of targ. = 0.35000 (using radius of 3.583 fm.).

    1    2=Surface       0=Woods-Saxon  7    0.0000    0.0000    0.0000    3.3825    1.3200    0.6500     0.000    20.000

                                            Def1      Def2      Def3   .....
    1   11=Target defm  10=derivatives  8    0.0000    1.2541    0.0000    0.0000    0.0000    0.0000     0.000     3.583= RADIUS

              At    8 is k =  2 (Potl. beta = 0.35000)
                                     Beta of targ. = 0.35000 (using radius of 3.583 fm.).

    1    3=Projtl S.O.   0=Woods-Saxon  9    3.1000    1.0100    0.7500    0.0000    0.0000    0.0000     0.000    20.000

 Incoming partition  1 in excitation state # 1,   Laboratory Energy given for partition  1 Nucleus 1 in Excitation pair 1

0Lab. ENERGY ranges :

   from    43.2700     to   0.00000     in     0 intervals
   from    0.00000     to   0.00000     in     0 intervals
   from    0.00000     to   0.00000     in     0 intervals

 Largest real,imaginary parts of any form factor at R=   59.52 are   2.42E-02  3.62E-32 MeV
 Finished all Couplings @    1.06599985E-03           9

 Symmetric Hamiltonian
1***********************************************************************************************************************************
************************************************************************************************************************************

        INCOMING p        ;    LABORATORY p        ENERGY =   43.270     MeV.

 ***********************************************************************************************************************************
 ***********************************************************************************************************************************

 Allocate arrays for            3  channels, of which            3  need wfs.

 ######################################################################################################################
 #                                                                                                                    #
 # Total SPIN and PARITY =     0.5 +,      3 channels,    3 in 1st block.  Rmin & Coul turning =    0.0    0.3 fm.  #
 #                                                                                                                    #
 ######################################################################################################################



    C Projectl Target   #   EX.   (L  Proj) J  + Targ = Jtotal     E-cm      Re K     Re Eta     RM*K            CH
    1 p        O20      #    1: I   0 0.5    0.5  0.0     0.5    41.19522   1.37482   0.19223   82.4893   0.13909   0.48087 1 1 1   1
    2 p        O20      #    2:     2 0.5    1.5  2.0     0.5    39.52522   1.34667   0.19624   80.8000  -0.49870   0.04495 1 1 1   2
    3 p        O20      #    2:     2 0.5    2.5  2.0     0.5    39.52522   1.34667   0.19624   80.8000  -0.49870   0.04495 1 1 1   2
   S-matrix    1 =    0.04330  -0.39468 for L=    0, J=    0.5 channel on core I =   0.0 from L=    0,  Acc. loss =  0.0 D.
 Elastic phase shift   1 =  -41.869  26.462 deg. for the L =    0, J =    0.5 channel.
       0.5  0.04330228 -0.39468204i: elastic S-matrix  @@      0.00  0   0 F  0
 Reaction Xsec     0.5+/ 0 @ 1 =  14.001 , Out:   0.000#   0.325   13.676f


 Total SPIN, PARITY =     0.5 -,      3 chs,      3 cc.  Rmin & Coul turning =    0.0    0.3
   S-matrix    1 =   -0.19818  -0.33663 for L=    1, J=    0.5 channel on core I =   0.0 from L=    1,  Acc. loss =  0.0 D.
 Elastic phase shift   1 =  -60.243  26.929 deg. for the L =    1, J =    0.5 channel.
       0.5 -0.19817908 -0.33663006i: elastic S-matrix  @@      0.00  0   0 F  0
 Reaction Xsec     0.5-/ 1 @ 1 =  14.085 , Out:   0.000#   0.279   13.805f

 Allocate arrays for            5  channels, of which            5  need wfs.

 Total SPIN, PARITY =     1.5 +,      5 chs,      5 cc.  Rmin & Coul turning =    0.0    1.2
   S-matrix    1 =   -0.35694  -0.16654 for L=    2, J=    1.5 channel on core I =   0.0 from L=    2,  Acc. loss =  0.0 D.
 Elastic phase shift   1 =  -77.494  26.692 deg. for the L =    2, J =    1.5 channel.
       1.5 -0.35693774 -0.16653914i: elastic S-matrix  @@      0.00  0   0 F  0
 Reaction Xsec     1.5+/ 2 @ 1 =  28.085 , Out:   0.000#   0.585   27.500f


 Total SPIN, PARITY =     1.5 -,      5 chs,      5 cc.  Rmin & Coul turning =    0.0    1.2
   S-matrix    1 =   -0.11966  -0.37984 for L=    1, J=    1.5 channel on core I =   0.0 from L=    1,  Acc. loss =  0.0 D.
 Elastic phase shift   1 =  -53.743  26.376 deg. for the L =    1, J =    1.5 channel.
       1.5 -0.11966033 -0.37984125i: elastic S-matrix  @@      0.00  0   0 F  0
 Reaction Xsec     1.5-/ 1 @ 1 =  27.970 , Out:   0.000#   0.527   27.443f

 Allocate arrays for            6  channels, of which            6  need wfs.

 Total SPIN, PARITY =     2.5 +,      6 chs,      6 cc.  Rmin & Coul turning =    0.1    1.9
   S-matrix    1 =   -0.27216  -0.29069 for L=    2, J=    2.5 channel on core I =   0.0 from L=    2,  Acc. loss =  0.0 D.
 Elastic phase shift   1 =  -66.557  26.378 deg. for the L =    2, J =    2.5 channel.
       2.5 -0.27215644 -0.29068987i: elastic S-matrix  @@      0.00  0   0 F  0
 Reaction Xsec     2.5+/ 2 @ 1 =  41.956 , Out:   0.000#   0.826   41.130f


 Total SPIN, PARITY =     2.5 -,      6 chs,      6 cc.  Rmin & Coul turning =    0.1    1.9
   S-matrix    1 =   -0.38775   0.06944 for L=    3, J=    2.5 channel on core I =   0.0 from L=    3,  Acc. loss =  0.0 D.
 Elastic phase shift   1 =   84.924  26.689 deg. for the L =    3, J =    2.5 channel.
       2.5 -0.38774712  0.06943754i: elastic S-matrix  @@      0.00  0   0 F  0
 Reaction Xsec     2.5-/ 3 @ 1 =  42.126 , Out:   0.000#   0.754   41.371f


 Total SPIN, PARITY =     3.5 +,      6 chs,      6 cc.  Rmin & Coul turning =    0.1    2.7
   S-matrix    1 =   -0.13105   0.29682 for L=    4, J=    3.5 channel on core I =   0.0 from L=    4,  Acc. loss =  0.0 D.
 Elastic phase shift   1 =   56.911  32.246 deg. for the L =    4, J =    3.5 channel.
       3.5 -0.13104647  0.29682095i: elastic S-matrix  @@      0.00  0   0 F  0
 Reaction Xsec     3.5+/ 4 @ 1 =  59.485 , Out:   0.000#   1.629   57.855f


 Total SPIN, PARITY =     3.5 -,      6 chs,      6 cc.  Rmin & Coul turning =    0.1    2.7
   S-matrix    1 =   -0.39415  -0.13416 for L=    3, J=    3.5 channel on core I =   0.0 from L=    3,  Acc. loss =  0.0 D.
 Elastic phase shift   1 =  -80.601  25.102 deg. for the L =    3, J =    3.5 channel.
       3.5 -0.39414568 -0.13416089i: elastic S-matrix  @@      0.00  0   0 F  0
 Reaction Xsec     3.5-/ 3 @ 1 =  54.959 , Out:   0.000#   0.917   54.042f


 Total SPIN, PARITY =     4.5 +,      6 chs,      6 cc.  Rmin & Coul turning =    0.2    3.4
   S-matrix    1 =   -0.30619   0.14160 for L=    4, J=    4.5 channel on core I =   0.0 from L=    4,  Acc. loss =  0.0 D.
 Elastic phase shift   1 =   77.591  31.130 deg. for the L =    4, J =    4.5 channel.
       4.5 -0.30619055  0.14159843i: elastic S-matrix  @@      0.00  0   0 F  0
 Reaction Xsec     4.5+/ 4 @ 1 =  73.647 , Out:   0.000#   1.744   71.903f


 Total SPIN, PARITY =     4.5 -,      6 chs,      6 cc.  Rmin & Coul turning =    0.2    3.4
   S-matrix    1 =    0.32745   0.37308 for L=    5, J=    4.5 channel on core I =   0.0 from L=    5,  Acc. loss =  0.0 D.
 Elastic phase shift   1 =   24.363  20.064 deg. for the L =    5, J =    4.5 channel.
       4.5  0.32744987  0.37307933i: elastic S-matrix  @@      0.00  0   0 F  0
 Reaction Xsec     4.5-/ 5 @ 1 =  62.627 , Out:   0.000#   1.849   60.778f


 Total SPIN, PARITY =     5.5 +,      6 chs,      6 cc.  Rmin & Coul turning =    0.2    4.1
   S-matrix    1 =    0.70768   0.26946 for L=    6, J=    5.5 channel on core I =   0.0 from L=    6,  Acc. loss =  0.0 D.
 Elastic phase shift   1 =   10.423   7.966 deg. for the L =    6, J =    5.5 channel.
       5.5  0.70768214  0.26946417i: elastic S-matrix  @@      0.00  0   0 F  0
 Reaction Xsec     5.5+/ 6 @ 1 =  42.541 , Out:   0.000#   1.186   41.355f


 Total SPIN, PARITY =     5.5 -,      6 chs,      6 cc.  Rmin & Coul turning =    0.2    4.1
   S-matrix    1 =    0.12268   0.39759 for L=    5, J=    5.5 channel on core I =   0.0 from L=    5,  Acc. loss =  0.0 D.
 Elastic phase shift   1 =   36.426  25.121 deg. for the L =    5, J =    5.5 channel.
       5.5  0.12267674  0.39758659i: elastic S-matrix  @@      0.00  0   0 F  0
 Reaction Xsec     5.5-/ 5 @ 1 =  82.461 , Out:   0.000#   2.412   80.049f


 Total SPIN, PARITY =     6.5 +,      6 chs,      6 cc.  Rmin & Coul turning =    0.3    4.9
   S-matrix    1 =    0.62332   0.35813 for L=    6, J=    6.5 channel on core I =   0.0 from L=    6,  Acc. loss =  0.0 D.
 Elastic phase shift   1 =   14.940   9.456 deg. for the L =    6, J =    6.5 channel.
       6.5  0.62332086  0.35813412i: elastic S-matrix  @@      0.00  0   0 F  0
 Reaction Xsec     6.5+/ 6 @ 1 =  56.220 , Out:   0.000#   1.474   54.746f


 Total SPIN, PARITY =     6.5 -,      6 chs,      6 cc.  Rmin & Coul turning =    0.3    4.9
   S-matrix    1 =    0.89224   0.14030 for L=    7, J=    6.5 channel on core I =   0.0 from L=    7,  Acc. loss =  0.0 D.
 Elastic phase shift   1 =    4.468   2.917 deg. for the L =    7, J =    6.5 channel.
       6.5  0.89223948  0.14030190i: elastic S-matrix  @@      0.00  0   0 F  0
 Reaction Xsec     6.5-/ 7 @ 1 =  21.434 , Out:   0.000#   0.597   20.837f


 Total SPIN, PARITY =     7.5 +,      6 chs,      6 cc.  Rmin & Coul turning =    0.3    5.6
   S-matrix    1 =    0.96208   0.06342 for L=    8, J=    7.5 channel on core I =   0.0 from L=    8,  Acc. loss =  0.0 D.
 Elastic phase shift   1 =    1.886   1.045 deg. for the L =    8, J =    7.5 channel.
       7.5  0.96208249  0.06341883i: elastic S-matrix  @@      0.00  0   0 F  0
 Reaction Xsec     7.5+/ 8 @ 1 =   9.358 , Out:   0.000#   0.188    9.170f


 Total SPIN, PARITY =     7.5 -,      6 chs,      6 cc.  Rmin & Coul turning =    0.3    5.6
   S-matrix    1 =    0.87333   0.19207 for L=    7, J=    7.5 channel on core I =   0.0 from L=    7,  Acc. loss =  0.0 D.
 Elastic phase shift   1 =    6.202   3.204 deg. for the L =    7, J =    7.5 channel.
       7.5  0.87332695  0.19207333i: elastic S-matrix  @@      0.00  0   0 F  0
 Reaction Xsec     7.5-/ 7 @ 1 =  26.648 , Out:   0.000#   0.725   25.923f


 Total SPIN, PARITY =     8.5 +,      6 chs,      6 cc.  Rmin & Coul turning =    0.4    6.3
   S-matrix    1 =    0.95855   0.08600 for L=    8, J=    8.5 channel on core I =   0.0 from L=    8,  Acc. loss =  0.0 D.
 Elastic phase shift   1 =    2.563   1.098 deg. for the L =    8, J =    8.5 channel.
       8.5  0.95854763  0.08600268i: elastic S-matrix  @@      0.00  0   0 F  0
 Reaction Xsec     8.5+/ 8 @ 1 =  11.038 , Out:   0.000#   0.233   10.805f


 Total SPIN, PARITY =     8.5 -,      6 chs,      6 cc.  Rmin & Coul turning =    0.4    6.3
   S-matrix    1 =    0.98677   0.02699 for L=    9, J=    8.5 channel on core I =   0.0 from L=    9,  Acc. loss =  0.0 D.
 Elastic phase shift   1 =    0.783   0.371 deg. for the L =    9, J =    8.5 channel.
       8.5  0.98677043  0.02698727i: elastic S-matrix  @@      0.00  0   0 F  0
 Reaction Xsec     8.5-/ 9 @ 1 =   3.823 , Out:   0.000#   0.039    3.784f


 Total SPIN, PARITY =     9.5 +,      6 chs,      6 cc.  Rmin & Coul turning =    0.4    7.0
   S-matrix    1 =    0.99536   0.01118 for L=   10, J=    9.5 channel on core I =   0.0 from L=   10,  Acc. loss =  0.0 D.
 Elastic phase shift   1 =    0.322   0.131 deg. for the L =   10, J =    9.5 channel.
       9.5  0.99535919  0.01118490i: elastic S-matrix  @@      0.00  0   0 F  0
 Reaction Xsec     9.5+/10 @ 1 =   1.518 , Out:   0.000#   6.295/   1.512f


 Total SPIN, PARITY =     9.5 -,      6 chs,      6 cc.  Rmin & Coul turning =    0.4    7.0
   S-matrix    1 =    0.98615   0.03630 for L=    9, J=    9.5 channel on core I =   0.0 from L=    9,  Acc. loss =  0.0 D.
 Elastic phase shift   1 =    1.054   0.380 deg. for the L =    9, J =    9.5 channel.
       9.5  0.98615233  0.03630365i: elastic S-matrix  @@      0.00  0   0 F  0
 Reaction Xsec     9.5-/ 9 @ 1 =   4.352 , Out:   0.000#   0.047    4.305f


 Total SPIN, PARITY =    10.5 +,      6 chs,      6 cc.  Rmin & Coul turning =    0.5    7.8
   S-matrix    1 =    0.99525   0.01499 for L=   10, J=   10.5 channel on core I =   0.0 from L=   10,  Acc. loss =  0.0 D.
 Elastic phase shift   1 =    0.431   0.133 deg. for the L =   10, J =   10.5 channel.
      10.5  0.99525456  0.01498996i: elastic S-matrix  @@      0.00  0   0 F  0
 Reaction Xsec    10.5+/10 @ 1 =   1.690 , Out:   0.000#   7.225/   1.683f


 Total SPIN, PARITY =    10.5 -,      6 chs,      6 cc.  Rmin & Coul turning =    0.5    7.8
   S-matrix    1 =    0.99836   0.00458 for L=   11, J=   10.5 channel on core I =   0.0 from L=   11,  Acc. loss =  0.0 D.
 Elastic phase shift   1 =    0.132   0.047 deg. for the L =   11, J =   10.5 channel.
      10.5  0.99836126  0.00458350i: elastic S-matrix  @@      0.00  0   0 F  0
 Reaction Xsec    10.5-/11 @ 1 =   0.595 , Out:   0.000#   0.774/   0.594f


 Total SPIN, PARITY =    11.5 +,      6 chs,      6 cc.  Rmin & Coul turning =    0.5    8.5
   S-matrix    1 =    0.99942   0.00187 for L=   12, J=   11.5 channel on core I =   0.0 from L=   12,  Acc. loss =  0.0 D.
 Elastic phase shift   1 =    0.054   0.017 deg. for the L =   12, J =   11.5 channel.
      11.5  0.99941903  0.00186815i: elastic S-matrix  @@      0.00  0   0 F  0
 Reaction Xsec    11.5+/12 @ 1 =   0.231 , Out:   0.000#   0.121/   0.231f


 Total SPIN, PARITY =    11.5 -,      6 chs,      6 cc.  Rmin & Coul turning =    0.5    8.5
   S-matrix    1 =    0.99834   0.00614 for L=   11, J=   11.5 channel on core I =   0.0 from L=   11,  Acc. loss =  0.0 D.
 Elastic phase shift   1 =    0.176   0.047 deg. for the L =   11, J =   11.5 channel.
      11.5  0.99834374  0.00613647i: elastic S-matrix  @@      0.00  0   0 F  0
 Reaction Xsec    11.5-/11 @ 1 =   0.653 , Out:   0.000#   0.865/   0.652f


 Total SPIN, PARITY =    12.5 +,      6 chs,      6 cc.  Rmin & Coul turning =    0.6    9.2
   S-matrix    1 =    0.99942   0.00250 for L=   12, J=   12.5 channel on core I =   0.0 from L=   12,  Acc. loss =  0.0 D.
 Elastic phase shift   1 =    0.072   0.017 deg. for the L =   12, J =   12.5 channel.
      12.5  0.99941611  0.00250169i: elastic S-matrix  @@      0.00  0   0 F  0
 Reaction Xsec    12.5+/12 @ 1 =   0.251 , Out:   0.000#   0.132/   0.251f


 Total SPIN, PARITY =    12.5 -,      6 chs,      6 cc.  Rmin & Coul turning =    0.6    9.2
   S-matrix    1 =    0.99979   0.00076 for L=   13, J=   12.5 channel on core I =   0.0 from L=   13,  Acc. loss =  0.0 D.
 Elastic phase shift   1 =    0.022   0.006 deg. for the L =   13, J =   12.5 channel.
      12.5  0.99979363  0.00075897i: elastic S-matrix  @@      0.00  0   0 F  0
 Reaction Xsec    12.5-/13 @ 1 =   0.089 , Out:   0.000#   0.122/   0.089f


 Total SPIN, PARITY =    13.5 +,      6 chs,      6 cc.  Rmin & Coul turning =    0.6   10.0
   S-matrix    1 =    0.99993   0.00031 for L=   14, J=   13.5 channel on core I =   0.0 from L=   14,  Acc. loss =  0.0 D.
 Elastic phase shift   1 =    0.009   0.002 deg. for the L =   14, J =   13.5 channel.
      13.5  0.99992658  0.00030762i: elastic S-matrix  @@      0.00  0   0 F  0
 Reaction Xsec    13.5+/14 @ 1 =   0.034 , Out:   0.000#   0.149/   0.034f


 Total SPIN, PARITY =    13.5 -,      6 chs,      6 cc.  Rmin & Coul turning =    0.6   10.0
   S-matrix    1 =    0.99979   0.00102 for L=   13, J=   13.5 channel on core I =   0.0 from L=   13,  Acc. loss =  0.0 D.
 Elastic phase shift   1 =    0.029   0.006 deg. for the L =   13, J =   13.5 channel.
      13.5  0.99979315  0.00101709i: elastic S-matrix  @@      0.00  0   0 F  0
 Reaction Xsec    13.5-/13 @ 1 =   0.096 , Out:   0.000#   0.131/   0.096f


 Total SPIN, PARITY =    14.5 +,      6 chs,      6 cc.  Rmin & Coul turning =    0.7   10.7
   S-matrix    1 =    0.99993   0.00041 for L=   14, J=   14.5 channel on core I =   0.0 from L=   14,  Acc. loss =  0.0 D.
 Elastic phase shift   1 =    0.012   0.002 deg. for the L =   14, J =   14.5 channel.
      14.5  0.99992650  0.00041259i: elastic S-matrix  @@      0.00  0   0 F  0
 Reaction Xsec    14.5+/14 @ 1 =   0.037 , Out:   0.000#   0.159/   0.036f


 Total SPIN, PARITY =    14.5 -,      6 chs,      6 cc.  Rmin & Coul turning =    0.7   10.7
   S-matrix    1 =    0.99997   0.00012 for L=   15, J=   14.5 channel on core I =   0.0 from L=   15,  Acc. loss =  0.1 D.
 Elastic phase shift   1 =    0.004   0.001 deg. for the L =   15, J =   14.5 channel.
      14.5  0.99997380  0.00012444i: elastic S-matrix  @@      0.00  0   0 F  0
 Reaction Xsec    14.5-/15 @ 1 =   0.013 , Out:   0.000#   0.149/   0.013f


 Total SPIN, PARITY =    15.5 +,      6 chs,      6 cc.  Rmin & Coul turning =    0.7   11.4
   S-matrix    1 =    0.99999   0.00005 for L=   16, J=   15.5 channel on core I =   0.0 from L=   16,  Acc. loss =  0.0 D.
 Elastic phase shift   1 =    0.001   0.000 deg. for the L =   16, J =   15.5 channel.
      15.5  0.99999058  0.00005026i: elastic S-matrix  @@      0.00  0   0 F  0
 Reaction Xsec    15.5+/16 @ 1 =   5.009/, Out:   0.000#   0.136/   0.005f


 Total SPIN, PARITY =    15.5 -,      6 chs,      6 cc.  Rmin & Coul turning =    0.7   11.4
   S-matrix    1 =    0.99997   0.00017 for L=   15, J=   15.5 channel on core I =   0.0 from L=   15,  Acc. loss =  0.1 D.
 Elastic phase shift   1 =    0.005   0.001 deg. for the L =   15, J =   15.5 channel.
      15.5  0.99997379  0.00016705i: elastic S-matrix  @@      0.00  0   0 F  0
 Reaction Xsec    15.5-/15 @ 1 =   0.014 , Out:   0.000#   0.159/   0.014f


 Total SPIN, PARITY =    16.5 +,      6 chs,      6 cc.  Rmin & Coul turning =    0.8   12.1
   S-matrix    1 =    0.99999   0.00007 for L=   16, J=   16.5 channel on core I =   0.0 from L=   16,  Acc. loss =  0.0 D.
 Elastic phase shift   1 =    0.002   0.000 deg. for the L =   16, J =   16.5 channel.
      16.5  0.99999058  0.00006752i: elastic S-matrix  @@      0.00  0   0 F  0
 Reaction Xsec    16.5+/16 @ 1 =   5.322/, Out:   0.000#   0.145/   0.005f


 Total SPIN, PARITY =    16.5 -,      6 chs,      6 cc.  Rmin & Coul turning =    0.8   12.1
   S-matrix    1 =    1.00000   0.00002 for L=   17, J=   16.5 channel on core I =   0.0 from L=   17,  Acc. loss =  0.0 D.
 Elastic phase shift   1 =    0.001   0.000 deg. for the L =   17, J =   16.5 channel.
      16.5  0.99999655  0.00002027i: elastic S-matrix  @@      0.00  0   0 F  0
 Reaction Xsec    16.5-/17 @ 1 =   1.949/, Out:   0.000#   0.120/   0.002f


 Total SPIN, PARITY =    17.5 +,      6 chs,      6 cc.  Rmin & Coul turning =    0.8   12.9
   S-matrix    1 =    1.00000   0.00001 for L=   18, J=   17.5 channel on core I =   0.0 from L=   18,  Acc. loss =  0.0 D.
 Elastic phase shift   1 =    0.000   0.000 deg. for the L =   18, J =   17.5 channel.
      17.5  0.99999868  0.00000817i: elastic S-matrix  @@      0.00  0   0 F  0
 Reaction Xsec    17.5+/18 @ 1 =   0.787/, Out:   0.000#   0.104/   0.001f


 Total SPIN, PARITY =    17.5 -,      6 chs,      6 cc.  Rmin & Coul turning =    0.8   12.9
   S-matrix    1 =    1.00000   0.00003 for L=   17, J=   17.5 channel on core I =   0.0 from L=   17,  Acc. loss =  0.0 D.
 Elastic phase shift   1 =    0.001   0.000 deg. for the L =   17, J =   17.5 channel.
      17.5  0.99999655  0.00002725i: elastic S-matrix  @@      0.00  0   0 F  0
 Reaction Xsec    17.5-/17 @ 1 =   2.064/, Out:   0.000#   0.127/   0.002f


 Total SPIN, PARITY =    18.5 +,      6 chs,      6 cc.  Rmin & Coul turning =    0.8   13.6
   S-matrix    1 =    1.00000   0.00001 for L=   18, J=   18.5 channel on core I =   0.0 from L=   18,  Acc. loss =  0.0 D.
 Elastic phase shift   1 =    0.000   0.000 deg. for the L =   18, J =   18.5 channel.
      18.5  0.99999868  0.00001098i: elastic S-matrix  @@      0.00  0   0 F  0
 Reaction Xsec    18.5+/18 @ 1 =   0.831/, Out:   0.000#   0.110/   0.001f


 Total SPIN, PARITY =    18.5 -,      6 chs,      6 cc.  Rmin & Coul turning =    0.8   13.6
   S-matrix    1 =    1.00000   0.00000 for L=   19, J=   18.5 channel on core I =   0.0 from L=   19,  Acc. loss =  0.0 D.
 Elastic phase shift   1 =    0.000   0.000 deg. for the L =   19, J =   18.5 channel.
      18.5  0.99999945  0.00000329i: elastic S-matrix  @@      0.00  0   0 F  0
 Reaction Xsec    18.5-/19 @ 1 =   0.344/, Out:   0.000#   0.090/   0.000f


 Total SPIN, PARITY =    19.5 +,      6 chs,      6 cc.  Rmin & Coul turning =    0.9   14.3
   S-matrix    1 =    1.00000   0.00000 for L=   20, J=   19.5 channel on core I =   0.0 from L=   20,  Acc. loss =  0.0 D.
 Elastic phase shift   1 =    0.000   0.000 deg. for the L =   20, J =   19.5 channel.
      19.5  0.99999974  0.00000132i: elastic S-matrix  @@      0.00  0   0 F  0
 Reaction Xsec    19.5+/20 @ 1 =   0.172/, Out:   0.000#   0.078/   0.000f


 Total SPIN, PARITY =    19.5 -,      6 chs,      6 cc.  Rmin & Coul turning =    0.9   14.3
   S-matrix    1 =    1.00000   0.00000 for L=   19, J=   19.5 channel on core I =   0.0 from L=   19,  Acc. loss =  0.0 D.
 Elastic phase shift   1 =    0.000   0.000 deg. for the L =   19, J =   19.5 channel.
      19.5  0.99999945  0.00000442i: elastic S-matrix  @@      0.00  0   0 F  0
 Reaction Xsec    19.5-/19 @ 1 =   0.362/, Out:   0.000#   0.095/   0.000f


 Total SPIN, PARITY =    20.5 +,      6 chs,      6 cc.  Rmin & Coul turning =    1.0   15.0
   S-matrix    1 =    1.00000   0.00000 for L=   20, J=   20.5 channel on core I =   0.0 from L=   20,  Acc. loss =  0.0 D.
 Elastic phase shift   1 =    0.000   0.000 deg. for the L =   20, J =   20.5 channel.
      20.5  0.99999974  0.00000178i: elastic S-matrix  @@      0.00  0   0 F  0
 Reaction Xsec    20.5+/20 @ 1 =   0.181/, Out:   0.000#   0.082/   0.000f


 Total SPIN, PARITY =    20.5 -,      6 chs,      6 cc.  Rmin & Coul turning =    1.0   15.0
   S-matrix    1 =    1.00000   0.00000 for L=   21, J=   20.5 channel on core I =   0.0 from L=   21,  Acc. loss =  0.0 D.
 Elastic phase shift   1 =    0.000   0.000 deg. for the L =   21, J =   20.5 channel.
      20.5  0.99999985  0.00000054i: elastic S-matrix  @@      0.00  0   0 F  0
 Reaction Xsec    20.5-/21 @ 1 =   0.103/, Out:   0.000#   0.068/   0.000f


 Total SPIN, PARITY =    21.5 +,      6 chs,      6 cc.  Rmin & Coul turning =    1.0   15.8
   S-matrix    1 =    1.00000   0.00000 for L=   22, J=   21.5 channel on core I =   0.0 from L=   22,  Acc. loss =  0.0 D.
 Elastic phase shift   1 =    0.000   0.000 deg. for the L =   22, J =   21.5 channel.
      21.5  0.99999990  0.00000022i: elastic S-matrix  @@      0.00  0   0 F  0
 Reaction Xsec    21.5+/22 @ 1 =   0.073/, Out:   0.000#   0.060/   0.000f


 Total SPIN, PARITY =    21.5 -,      6 chs,      6 cc.  Rmin & Coul turning =    1.0   15.8
   S-matrix    1 =    1.00000   0.00000 for L=   21, J=   21.5 channel on core I =   0.0 from L=   21,  Acc. loss =  0.0 D.
 Elastic phase shift   1 =    0.000   0.000 deg. for the L =   21, J =   21.5 channel.
      21.5  0.99999985  0.00000072i: elastic S-matrix  @@      0.00  0   0 F  0
 Reaction Xsec    21.5-/21 @ 1 =   0.108/, Out:   0.000#   0.072/   0.000f


 Total SPIN, PARITY =    22.5 +,      6 chs,      6 cc.  Rmin & Coul turning =    1.1   16.5
   S-matrix    1 =    1.00000   0.00000 for L=   22, J=   22.5 channel on core I =   0.0 from L=   22,  Acc. loss =  0.0 D.
 Elastic phase shift   1 =    0.000   0.000 deg. for the L =   22, J =   22.5 channel.
      22.5  0.99999990  0.00000029i: elastic S-matrix  @@      0.00  0   0 F  0
 Reaction Xsec    22.5+/22 @ 1 =   0.076/, Out:   0.000#   0.063/   0.000f


 Total SPIN, PARITY =    22.5 -,      6 chs,      6 cc.  Rmin & Coul turning =    1.1   16.5
   S-matrix    1 =    1.00000   0.00000 for L=   23, J=   22.5 channel on core I =   0.0 from L=   23,  Acc. loss =  0.0 D.
 Elastic phase shift   1 =    0.000   0.000 deg. for the L =   23, J =   22.5 channel.
      22.5  0.99999992  0.00000009i: elastic S-matrix  @@      0.00  0   0 F  0
 Reaction Xsec    22.5-/23 @ 1 =   0.058/, Out:   0.000#   0.053/   0.000f


 Total SPIN, PARITY =    23.5 +,      6 chs,      6 cc.  Rmin & Coul turning =    1.1   17.2
   S-matrix    1 =    1.00000   0.00000 for L=   24, J=   23.5 channel on core I =   0.0 from L=   24,  Acc. loss =  0.0 D.
 Elastic phase shift   1 =    0.000   0.000 deg. for the L =   24, J =   23.5 channel.
      23.5  0.99999994  0.00000004i: elastic S-matrix  @@      0.00  0   0 F  0
 Reaction Xsec    23.5+/24 @ 1 =   0.049/, Out:   0.000#   0.047/   0.000f


 Total SPIN, PARITY =    23.5 -,      6 chs,      6 cc.  Rmin & Coul turning =    1.1   17.2
   S-matrix    1 =    1.00000   0.00000 for L=   23, J=   23.5 channel on core I =   0.0 from L=   23,  Acc. loss =  0.0 D.
 Elastic phase shift   1 =    0.000   0.000 deg. for the L =   23, J =   23.5 channel.
      23.5  0.99999992  0.00000012i: elastic S-matrix  @@      0.00  0   0 F  0
 Reaction Xsec    23.5-/23 @ 1 =   0.060/, Out:   0.000#   0.055/   0.000f


 Total SPIN, PARITY =    24.5 +,      6 chs,      6 cc.  Rmin & Coul turning =    1.1   18.0
   S-matrix    1 =    1.00000   0.00000 for L=   24, J=   24.5 channel on core I =   0.0 from L=   24,  Acc. loss =  0.0 D.
 Elastic phase shift   1 =    0.000   0.000 deg. for the L =   24, J =   24.5 channel.
      24.5  0.99999994  0.00000005i: elastic S-matrix  @@      0.00  0   0 F  0
 Reaction Xsec    24.5+/24 @ 1 =   0.051/, Out:   0.000#   0.049/   0.000f


 Total SPIN, PARITY =    24.5 -,      6 chs,      6 cc.  Rmin & Coul turning =    1.1   18.0
   S-matrix    1 =    1.00000   0.00000 for L=   25, J=   24.5 channel on core I =   0.0 from L=   25,  Acc. loss =  0.0 D.
 Elastic phase shift   1 =    0.000   0.000 deg. for the L =   25, J =   24.5 channel.
      24.5  0.99999995  0.00000002i: elastic S-matrix  @@      0.00  0   0 F  0
 Reaction Xsec    24.5-/25 @ 1 =   0.042/, Out:   0.000#   0.042/   0.000f


 Total SPIN, PARITY =    25.5 +,      6 chs,      6 cc.  Rmin & Coul turning =    1.2   18.7
   S-matrix    1 =    1.00000   0.00000 for L=   26, J=   25.5 channel on core I =   0.0 from L=   26,  Acc. loss =  0.0 D.
 Elastic phase shift   1 =    0.000   0.000 deg. for the L =   26, J =   25.5 channel.
      25.5  0.99999996  0.00000001i: elastic S-matrix  @@      0.00  0   0 F  0
 Reaction Xsec    25.5+/26 @ 1 =   0.037/, Out:   0.000#   0.037/   0.000f


 Total SPIN, PARITY =    25.5 -,      6 chs,      6 cc.  Rmin & Coul turning =    1.2   18.7
   S-matrix    1 =    1.00000   0.00000 for L=   25, J=   25.5 channel on core I =   0.0 from L=   25,  Acc. loss =  0.0 D.
 Elastic phase shift   1 =    0.000   0.000 deg. for the L =   25, J =   25.5 channel.
      25.5  0.99999995  0.00000002i: elastic S-matrix  @@      0.00  0   0 F  0
 Reaction Xsec    25.5-/25 @ 1 =   0.044/, Out:   0.000#   0.043/   0.000f


 Total SPIN, PARITY =    26.5 +,      6 chs,      6 cc.  Rmin & Coul turning =    1.2   19.4
   S-matrix    1 =    1.00000   0.00000 for L=   26, J=   26.5 channel on core I =   0.0 from L=   26,  Acc. loss =  0.0 D.
 Elastic phase shift   1 =    0.000   0.000 deg. for the L =   26, J =   26.5 channel.
      26.5  0.99999996  0.00000001i: elastic S-matrix  @@      0.00  0   0 F  0
 Reaction Xsec    26.5+/26 @ 1 =   0.039/, Out:   0.000#   0.039/   0.000f


 Total SPIN, PARITY =    26.5 -,      6 chs,      6 cc.  Rmin & Coul turning =    1.2   19.4
   S-matrix    1 =    1.00000   0.00000 for L=   27, J=   26.5 channel on core I =   0.0 from L=   27,  Acc. loss =  0.0 D.
 Elastic phase shift   1 =    0.000   0.000 deg. for the L =   27, J =   26.5 channel.
      26.5  0.99999996  0.00000001i: elastic S-matrix  @@      0.00  0   0 F  0
 Reaction Xsec    26.5-/27 @ 1 =   0.033/, Out:   0.000#   0.033/   0.000f


 Total SPIN, PARITY =    27.5 +,      6 chs,      6 cc.  Rmin & Coul turning =    1.3   20.1
   S-matrix    1 =    1.00000   0.00000 for L=   28, J=   27.5 channel on core I =   0.0 from L=   28,  Acc. loss =  0.0 D.
 Elastic phase shift   1 =    0.000   0.000 deg. for the L =   28, J =   27.5 channel.
      27.5  0.99999997  0.00000000i: elastic S-matrix  @@      0.00  0   0 F  0
 Reaction Xsec    27.5+/28 @ 1 =   0.030/, Out:   0.000#   0.030/   0.000f


 Total SPIN, PARITY =    27.5 -,      6 chs,      6 cc.  Rmin & Coul turning =    1.3   20.1
   S-matrix    1 =    1.00000   0.00000 for L=   27, J=   27.5 channel on core I =   0.0 from L=   27,  Acc. loss =  0.0 D.
 Elastic phase shift   1 =    0.000   0.000 deg. for the L =   27, J =   27.5 channel.
      27.5  0.99999996  0.00000001i: elastic S-matrix  @@      0.00  0   0 F  0
 Reaction Xsec    27.5-/27 @ 1 =   0.035/, Out:   0.000#   0.035/   0.000f


 Total SPIN, PARITY =    28.5 +,      6 chs,      6 cc.  Rmin & Coul turning =    1.3   20.9
   S-matrix    1 =    1.00000   0.00000 for L=   28, J=   28.5 channel on core I =   0.0 from L=   28,  Acc. loss =  0.0 D.
 Elastic phase shift   1 =    0.000   0.000 deg. for the L =   28, J =   28.5 channel.
      28.5  0.99999997  0.00000001i: elastic S-matrix  @@      0.00  0   0 F  0
 Reaction Xsec    28.5+/28 @ 1 =   0.031/, Out:   0.000#   0.031/   0.000f


 Total SPIN, PARITY =    28.5 -,      6 chs,      6 cc.  Rmin & Coul turning =    1.3   20.9
   S-matrix    1 =    1.00000   0.00000 for L=   29, J=   28.5 channel on core I =   0.0 from L=   29,  Acc. loss =  0.0 D.
 Elastic phase shift   1 =    0.000   0.000 deg. for the L =   29, J =   28.5 channel.
      28.5  0.99999997  0.00000000i: elastic S-matrix  @@      0.00  0   0 F  0
 Reaction Xsec    28.5-/29 @ 1 =   0.027/, Out:   0.000#   0.027/   0.000f


 Total SPIN, PARITY =    29.5 +,      6 chs,      6 cc.  Rmin & Coul turning =    1.4   21.6
   S-matrix    1 =    1.00000   0.00000 for L=   30, J=   29.5 channel on core I =   0.0 from L=   30,  Acc. loss =  0.0 D.
 Elastic phase shift   1 =    0.000   0.000 deg. for the L =   30, J =   29.5 channel.
      29.5  0.99999998  0.00000000i: elastic S-matrix  @@      0.00  0   0 F  0
 Reaction Xsec    29.5+/30 @ 1 =   0.025/, Out:   0.000#   0.025/   0.000f


 Total SPIN, PARITY =    29.5 -,      6 chs,      6 cc.  Rmin & Coul turning =    1.4   21.6
   S-matrix    1 =    1.00000   0.00000 for L=   29, J=   29.5 channel on core I =   0.0 from L=   29,  Acc. loss =  0.0 D.
 Elastic phase shift   1 =    0.000   0.000 deg. for the L =   29, J =   29.5 channel.
      29.5  0.99999997  0.00000000i: elastic S-matrix  @@      0.00  0   0 F  0
 Reaction Xsec    29.5-/29 @ 1 =   0.028/, Out:   0.000#   0.028/   0.000f


 Total SPIN, PARITY =    30.5 +,      6 chs,      6 cc.  Rmin & Coul turning =    1.4   22.3
   S-matrix    1 =    1.00000   0.00000 for L=   30, J=   30.5 channel on core I =   0.0 from L=   30,  Acc. loss =  0.0 D.
 Elastic phase shift   1 =    0.000   0.000 deg. for the L =   30, J =   30.5 channel.
      30.5  0.99999998  0.00000000i: elastic S-matrix  @@      0.00  0   0 F  0
 Reaction Xsec    30.5+/30 @ 1 =   0.025/, Out:   0.000#   0.025/   0.000f


 Total SPIN, PARITY =    30.5 -,      6 chs,      6 cc.  Rmin & Coul turning =    1.4   22.3
   S-matrix    1 =    1.00000   0.00000 for L=   31, J=   30.5 channel on core I =   0.0 from L=   31,  Acc. loss =  0.0 D.
 Elastic phase shift   1 =    0.000   0.000 deg. for the L =   31, J =   30.5 channel.
      30.5  0.99999998  0.00000000i: elastic S-matrix  @@      0.00  0   0 F  0
 Reaction Xsec    30.5-/31 @ 1 =   0.022/, Out:   0.000#   0.022/   0.000f


 Total SPIN, PARITY =    31.5 +,      6 chs,      6 cc.  Rmin & Coul turning =    1.5   23.0
   S-matrix    1 =    1.00000   0.00000 for L=   32, J=   31.5 channel on core I =   0.0 from L=   32,  Acc. loss =  0.0 D.
 Elastic phase shift   1 =    0.000   0.000 deg. for the L =   32, J =   31.5 channel.
      31.5  0.99999998  0.00000000i: elastic S-matrix  @@      0.00  0   0 F  0
 Reaction Xsec    31.5+/32 @ 1 =   0.020/, Out:   0.000#   0.020/   0.000f


 Total SPIN, PARITY =    31.5 -,      6 chs,      6 cc.  Rmin & Coul turning =    1.5   23.0
   S-matrix    1 =    1.00000   0.00000 for L=   31, J=   31.5 channel on core I =   0.0 from L=   31,  Acc. loss =  0.0 D.
 Elastic phase shift   1 =    0.000   0.000 deg. for the L =   31, J =   31.5 channel.
      31.5  0.99999998  0.00000000i: elastic S-matrix  @@      0.00  0   0 F  0
 Reaction Xsec    31.5-/31 @ 1 =   0.023/, Out:   0.000#   0.023/   0.000f


 Total SPIN, PARITY =    32.5 +,      6 chs,      6 cc.  Rmin & Coul turning =    1.5   23.8
   S-matrix    1 =    1.00000   0.00000 for L=   32, J=   32.5 channel on core I =   0.0 from L=   32,  Acc. loss =  0.0 D.
 Elastic phase shift   1 =    0.000   0.000 deg. for the L =   32, J =   32.5 channel.
      32.5  0.99999998  0.00000000i: elastic S-matrix  @@      0.00  0   0 F  0
 Reaction Xsec    32.5+/32 @ 1 =   0.021/, Out:   0.000#   0.021/   0.000f


 Total SPIN, PARITY =    32.5 -,      6 chs,      6 cc.  Rmin & Coul turning =    1.5   23.8
   S-matrix    1 =    1.00000   0.00000 for L=   33, J=   32.5 channel on core I =   0.0 from L=   33,  Acc. loss =  0.0 D.
 Elastic phase shift   1 =    0.000   0.000 deg. for the L =   33, J =   32.5 channel.
      32.5  0.99999998  0.00000000i: elastic S-matrix  @@      0.00  0   0 F  0
 Reaction Xsec    32.5-/33 @ 1 =   0.019/, Out:   0.000#   0.019/   0.000f


 Total SPIN, PARITY =    33.5 +,      6 chs,      6 cc.  Rmin & Coul turning =    1.6   24.5
   S-matrix    1 =    1.00000   0.00000 for L=   34, J=   33.5 channel on core I =   0.0 from L=   34,  Acc. loss =  0.0 D.
 Elastic phase shift   1 =    0.000   0.000 deg. for the L =   34, J =   33.5 channel.
      33.5  0.99999999  0.00000000i: elastic S-matrix  @@      0.00  0   0 F  0
 Reaction Xsec    33.5+/34 @ 1 =   0.017/, Out:   0.000#   0.017/  -0.000f


 Total SPIN, PARITY =    33.5 -,      6 chs,      6 cc.  Rmin & Coul turning =    1.6   24.5
   S-matrix    1 =    1.00000   0.00000 for L=   33, J=   33.5 channel on core I =   0.0 from L=   33,  Acc. loss =  0.0 D.
 Elastic phase shift   1 =    0.000   0.000 deg. for the L =   33, J =   33.5 channel.
      33.5  0.99999998  0.00000000i: elastic S-matrix  @@      0.00  0   0 F  0
 Reaction Xsec    33.5-/33 @ 1 =   0.019/, Out:   0.000#   0.019/   0.000f


 Total SPIN, PARITY =    34.5 +,      6 chs,      6 cc.  Rmin & Coul turning =    1.6   25.2
   S-matrix    1 =    1.00000   0.00000 for L=   34, J=   34.5 channel on core I =   0.0 from L=   34,  Acc. loss =  0.0 D.
 Elastic phase shift   1 =    0.000   0.000 deg. for the L =   34, J =   34.5 channel.
      34.5  0.99999999  0.00000000i: elastic S-matrix  @@      0.00  0   0 F  0
 Reaction Xsec    34.5+/34 @ 1 =   0.017/, Out:   0.000#   0.017/   0.000f


 Total SPIN, PARITY =    34.5 -,      6 chs,      6 cc.  Rmin & Coul turning =    1.6   25.2
   S-matrix    1 =    1.00000   0.00000 for L=   35, J=   34.5 channel on core I =   0.0 from L=   35,  Acc. loss =  0.0 D.
 Elastic phase shift   1 =    0.000   0.000 deg. for the L =   35, J =   34.5 channel.
      34.5  0.99999999  0.00000000i: elastic S-matrix  @@      0.00  0   0 F  0
 Reaction Xsec    34.5-/35 @ 1 =   0.015/, Out:   0.000#   0.015/  -0.000f


 Total SPIN, PARITY =    35.5 +,      6 chs,      6 cc.  Rmin & Coul turning =    1.7   26.0
   S-matrix    1 =    1.00000   0.00000 for L=   36, J=   35.5 channel on core I =   0.0 from L=   36,  Acc. loss =  0.0 D.
 Elastic phase shift   1 =    0.000   0.000 deg. for the L =   36, J =   35.5 channel.
      35.5  0.99999999  0.00000000i: elastic S-matrix  @@      0.00  0   0 F  0
 Reaction Xsec    35.5+/36 @ 1 =   0.014/, Out:   0.000#   0.014/  -0.000f


 Total SPIN, PARITY =    35.5 -,      6 chs,      6 cc.  Rmin & Coul turning =    1.7   26.0
   S-matrix    1 =    1.00000   0.00000 for L=   35, J=   35.5 channel on core I =   0.0 from L=   35,  Acc. loss =  0.0 D.
 Elastic phase shift   1 =    0.000   0.000 deg. for the L =   35, J =   35.5 channel.
      35.5  0.99999999  0.00000000i: elastic S-matrix  @@      0.00  0   0 F  0
 Reaction Xsec    35.5-/35 @ 1 =   0.016/, Out:   0.000#   0.016/  -0.000f


 Total SPIN, PARITY =    36.5 +,      6 chs,      6 cc.  Rmin & Coul turning =    1.7   26.7
   S-matrix    1 =    1.00000   0.00000 for L=   36, J=   36.5 channel on core I =   0.0 from L=   36,  Acc. loss =  0.0 D.
 Elastic phase shift   1 =    0.000   0.000 deg. for the L =   36, J =   36.5 channel.
      36.5  0.99999999  0.00000000i: elastic S-matrix  @@      0.00  0   0 F  0
 Reaction Xsec    36.5+/36 @ 1 =   0.015/, Out:   0.000#   0.015/  -0.000f


 Total SPIN, PARITY =    36.5 -,      6 chs,      6 cc.  Rmin & Coul turning =    1.7   26.7
   S-matrix    1 =    1.00000   0.00000 for L=   37, J=   36.5 channel on core I =   0.0 from L=   37,  Acc. loss =  0.0 D.
 Elastic phase shift   1 =    0.000   0.000 deg. for the L =   37, J =   36.5 channel.
      36.5  0.99999999  0.00000000i: elastic S-matrix  @@      0.00  0   0 F  0
 Reaction Xsec    36.5-/37 @ 1 =   0.013/, Out:   0.000#   0.013/  -0.000f


 Total SPIN, PARITY =    37.5 +,      6 chs,      6 cc.  Rmin & Coul turning =    1.8   27.4
   S-matrix    1 =    1.00000   0.00000 for L=   38, J=   37.5 channel on core I =   0.0 from L=   38,  Acc. loss =  0.0 D.
 Elastic phase shift   1 =    0.000   0.000 deg. for the L =   38, J =   37.5 channel.
      37.5  0.99999999  0.00000000i: elastic S-matrix  @@      0.00  0   0 F  0
 Reaction Xsec    37.5+/38 @ 1 =   0.012/, Out:   0.000#   0.012/  -0.000f


 Total SPIN, PARITY =    37.5 -,      6 chs,      6 cc.  Rmin & Coul turning =    1.8   27.4
   S-matrix    1 =    1.00000   0.00000 for L=   37, J=   37.5 channel on core I =   0.0 from L=   37,  Acc. loss =  0.0 D.
 Elastic phase shift   1 =    0.000   0.000 deg. for the L =   37, J =   37.5 channel.
      37.5  0.99999999  0.00000000i: elastic S-matrix  @@      0.00  0   0 F  0
 Reaction Xsec    37.5-/37 @ 1 =   0.013/, Out:   0.000#   0.013/  -0.000f


 Total SPIN, PARITY =    38.5 +,      6 chs,      6 cc.  Rmin & Coul turning =    1.8   28.1
   S-matrix    1 =    1.00000   0.00000 for L=   38, J=   38.5 channel on core I =   0.0 from L=   38,  Acc. loss =  0.0 D.
 Elastic phase shift   1 =    0.000   0.000 deg. for the L =   38, J =   38.5 channel.
      38.5  0.99999999  0.00000000i: elastic S-matrix  @@      0.00  0   0 F  0
 Reaction Xsec    38.5+/38 @ 1 =   0.012/, Out:   0.000#   0.012/  -0.000f


 Total SPIN, PARITY =    38.5 -,      6 chs,      6 cc.  Rmin & Coul turning =    1.8   28.1
   S-matrix    1 =    1.00000   0.00000 for L=   39, J=   38.5 channel on core I =   0.0 from L=   39,  Acc. loss =  0.0 D.
 Elastic phase shift   1 =    0.000   0.000 deg. for the L =   39, J =   38.5 channel.
      38.5  0.99999999  0.00000000i: elastic S-matrix  @@      0.00  0   0 F  0
 Reaction Xsec    38.5-/39 @ 1 =   0.011/, Out:   0.000#   0.011/  -0.000f


 Total SPIN, PARITY =    39.5 +,      6 chs,      6 cc.  Rmin & Coul turning =    1.9   28.9
   S-matrix    1 =    1.00000   0.00000 for L=   40, J=   39.5 channel on core I =   0.0 from L=   40,  Acc. loss =  0.0 D.
 Elastic phase shift   1 =    0.000   0.000 deg. for the L =   40, J =   39.5 channel.
      39.5  0.99999999  0.00000000i: elastic S-matrix  @@      0.00  0   0 F  0
 Reaction Xsec    39.5+/40 @ 1 =   0.010/, Out:   0.000#   0.010/  -0.000f


 Total SPIN, PARITY =    39.5 -,      6 chs,      6 cc.  Rmin & Coul turning =    1.9   28.9
   S-matrix    1 =    1.00000   0.00000 for L=   39, J=   39.5 channel on core I =   0.0 from L=   39,  Acc. loss =  0.0 D.
 Elastic phase shift   1 =    0.000   0.000 deg. for the L =   39, J =   39.5 channel.
      39.5  0.99999999  0.00000000i: elastic S-matrix  @@      0.00  0   0 F  0
 Reaction Xsec    39.5-/39 @ 1 =   0.011/, Out:   0.000#   0.011/  -0.000f


 Total SPIN, PARITY =    40.5 +,      6 chs,      6 cc.  Rmin & Coul turning =    1.9   29.6
   S-matrix    1 =    1.00000   0.00000 for L=   40, J=   40.5 channel on core I =   0.0 from L=   40,  Acc. loss =  0.0 D.
 Elastic phase shift   1 =    0.000   0.000 deg. for the L =   40, J =   40.5 channel.
      40.5  0.99999999  0.00000000i: elastic S-matrix  @@      0.00  0   0 F  0
 Reaction Xsec    40.5+/40 @ 1 =   0.010/, Out:   0.000#   0.010/  -0.000f


 Total SPIN, PARITY =    40.5 -,      6 chs,      6 cc.  Rmin & Coul turning =    1.9   29.6
   S-matrix    1 =    1.00000   0.00000 for L=   41, J=   40.5 channel on core I =   0.0 from L=   41,  Acc. loss =  0.0 D.
 Elastic phase shift   1 =    0.000   0.000 deg. for the L =   41, J =   40.5 channel.
      40.5  0.99999999  0.00000000i: elastic S-matrix  @@      0.00  0   0 F  0
 Reaction Xsec    40.5-/41 @ 1 =   9.392#, Out:   0.000#   9.392#  -0.000f


 Total SPIN, PARITY =    41.5 +,      6 chs,      6 cc.  Rmin & Coul turning =    1.9   30.3
   S-matrix    1 =    1.00000   0.00000 for L=   42, J=   41.5 channel on core I =   0.0 from L=   42,  Acc. loss =  0.0 D.
 Elastic phase shift   1 =    0.000   0.000 deg. for the L =   42, J =   41.5 channel.
      41.5  0.99999999  0.00000000i: elastic S-matrix  @@      0.00  0   0 F  0
 Reaction Xsec    41.5+/42 @ 1 =   8.707#, Out:   0.000#   8.707#  -0.000f


 Total SPIN, PARITY =    41.5 -,      6 chs,      6 cc.  Rmin & Coul turning =    1.9   30.3
   S-matrix    1 =    1.00000   0.00000 for L=   41, J=   41.5 channel on core I =   0.0 from L=   41,  Acc. loss =  0.0 D.
 Elastic phase shift   1 =    0.000   0.000 deg. for the L =   41, J =   41.5 channel.
      41.5  0.99999999  0.00000000i: elastic S-matrix  @@      0.00  0   0 F  0
 Reaction Xsec    41.5-/41 @ 1 =   9.621#, Out:   0.000#   9.621#  -0.000f


 Total SPIN, PARITY =    42.5 +,      6 chs,      6 cc.  Rmin & Coul turning =    2.0   31.1
   S-matrix    1 =    1.00000   0.00000 for L=   42, J=   42.5 channel on core I =   0.0 from L=   42,  Acc. loss =  0.0 D.
 Elastic phase shift   1 =    0.000   0.000 deg. for the L =   42, J =   42.5 channel.
      42.5  0.99999999  0.00000000i: elastic S-matrix  @@      0.00  0   0 F  0
 Reaction Xsec    42.5+/42 @ 1 =   8.914#, Out:   0.000#   8.914#  -0.000f


 Total SPIN, PARITY =    42.5 -,      6 chs,      6 cc.  Rmin & Coul turning =    2.0   31.1
   S-matrix    1 =    1.00000   0.00000 for L=   43, J=   42.5 channel on core I =   0.0 from L=   43,  Acc. loss =  0.0 D.
 Elastic phase shift   1 =    0.000   0.000 deg. for the L =   43, J =   42.5 channel.
      42.5  0.99999999  0.00000000i: elastic S-matrix  @@      0.00  0   0 F  0
 Reaction Xsec    42.5-/43 @ 1 =   8.014#, Out:   0.000#   8.014#  -0.000f


 Total SPIN, PARITY =    43.5 +,      6 chs,      6 cc.  Rmin & Coul turning =    2.0   31.8
   S-matrix    1 =    1.00000   0.00000 for L=   44, J=   43.5 channel on core I =   0.0 from L=   44,  Acc. loss =  0.0 D.
 Elastic phase shift   1 =    0.000   0.000 deg. for the L =   44, J =   43.5 channel.
      43.5  0.99999999  0.00000000i: elastic S-matrix  @@      0.00  0   0 F  0
 Reaction Xsec    43.5+/44 @ 1 =   7.422#, Out:   0.000#   7.422#   0.000f


 Total SPIN, PARITY =    43.5 -,      6 chs,      6 cc.  Rmin & Coul turning =    2.0   31.8
   S-matrix    1 =    1.00000   0.00000 for L=   43, J=   43.5 channel on core I =   0.0 from L=   43,  Acc. loss =  0.0 D.
 Elastic phase shift   1 =    0.000   0.000 deg. for the L =   43, J =   43.5 channel.
      43.5  0.99999999  0.00000000i: elastic S-matrix  @@      0.00  0   0 F  0
 Reaction Xsec    43.5-/43 @ 1 =   8.200#, Out:   0.000#   8.200#  -0.000f


 Total SPIN, PARITY =    44.5 +,      6 chs,      6 cc.  Rmin & Coul turning =    2.1   32.5
   S-matrix    1 =    1.00000   0.00000 for L=   44, J=   44.5 channel on core I =   0.0 from L=   44,  Acc. loss =  0.0 D.
 Elastic phase shift   1 =    0.000   0.000 deg. for the L =   44, J =   44.5 channel.
      44.5  0.99999999  0.00000000i: elastic S-matrix  @@      0.00  0   0 F  0
 Reaction Xsec    44.5+/44 @ 1 =   7.591#, Out:   0.000#   7.591#   0.000f


 Total SPIN, PARITY =    44.5 -,      6 chs,      6 cc.  Rmin & Coul turning =    2.1   32.5
   S-matrix    1 =    1.00000   0.00000 for L=   45, J=   44.5 channel on core I =   0.0 from L=   45,  Acc. loss =  0.0 D.
 Elastic phase shift   1 =    0.000   0.000 deg. for the L =   45, J =   44.5 channel.
      44.5  1.00000000  0.00000000i: elastic S-matrix  @@      0.00  0   0 F  0
 Reaction Xsec    44.5-/45 @ 1 =   6.907#, Out:   0.000#   6.907#   0.000f


 Total SPIN, PARITY =    45.5 +,      6 chs,      6 cc.  Rmin & Coul turning =    2.2   33.2
   S-matrix    1 =    1.00000   0.00000 for L=   46, J=   45.5 channel on core I =   0.0 from L=   46,  Acc. loss =  0.0 D.
 Elastic phase shift   1 =    0.000   0.000 deg. for the L =   46, J =   45.5 channel.
      45.5  1.00000000  0.00000000i: elastic S-matrix  @@      0.00  0   0 F  0
 Reaction Xsec    45.5+/46 @ 1 =   6.368#, Out:   0.000#   6.368#   0.000f


 Total SPIN, PARITY =    45.5 -,      6 chs,      6 cc.  Rmin & Coul turning =    2.2   33.2
   S-matrix    1 =    1.00000   0.00000 for L=   45, J=   45.5 channel on core I =   0.0 from L=   45,  Acc. loss =  0.0 D.
 Elastic phase shift   1 =    0.000   0.000 deg. for the L =   45, J =   45.5 channel.
      45.5  1.00000000  0.00000000i: elastic S-matrix  @@      0.00  0   0 F  0
 Reaction Xsec    45.5-/45 @ 1 =   7.061#, Out:   0.000#   7.061#   0.000f


 Total SPIN, PARITY =    46.5 +,      6 chs,      6 cc.  Rmin & Coul turning =    2.2   34.0
   S-matrix    1 =    1.00000   0.00000 for L=   46, J=   46.5 channel on core I =   0.0 from L=   46,  Acc. loss =  0.0 D.
 Elastic phase shift   1 =    0.000   0.000 deg. for the L =   46, J =   46.5 channel.
      46.5  1.00000000  0.00000000i: elastic S-matrix  @@      0.00  0   0 F  0
 Reaction Xsec    46.5+/46 @ 1 =   6.506#, Out:   0.000#   6.506#   0.000f


 Total SPIN, PARITY =    46.5 -,      6 chs,      6 cc.  Rmin & Coul turning =    2.2   34.0
   S-matrix    1 =    1.00000   0.00000 for L=   47, J=   46.5 channel on core I =   0.0 from L=   47,  Acc. loss =  0.0 D.
 Elastic phase shift   1 =    0.000   0.000 deg. for the L =   47, J =   46.5 channel.
      46.5  1.00000000  0.00000000i: elastic S-matrix  @@      0.00  0   0 F  0
 Reaction Xsec    46.5-/47 @ 1 =   5.896#, Out:   0.000#   5.896#   0.000f


 Total SPIN, PARITY =    47.5 +,      6 chs,      6 cc.  Rmin & Coul turning =    2.2   34.7
   S-matrix    1 =    1.00000   0.00000 for L=   48, J=   47.5 channel on core I =   0.0 from L=   48,  Acc. loss =  0.0 D.
 Elastic phase shift   1 =    0.000   0.000 deg. for the L =   48, J =   47.5 channel.
      47.5  1.00000000  0.00000000i: elastic S-matrix  @@      0.00  0   0 F  0
 Reaction Xsec    47.5+/48 @ 1 =   5.508#, Out:   0.000#   5.508#   0.000f


 Total SPIN, PARITY =    47.5 -,      6 chs,      6 cc.  Rmin & Coul turning =    2.2   34.7
   S-matrix    1 =    1.00000   0.00000 for L=   47, J=   47.5 channel on core I =   0.0 from L=   47,  Acc. loss =  0.0 D.
 Elastic phase shift   1 =    0.000   0.000 deg. for the L =   47, J =   47.5 channel.
      47.5  1.00000000  0.00000000i: elastic S-matrix  @@      0.00  0   0 F  0
 Reaction Xsec    47.5-/47 @ 1 =   6.021#, Out:   0.000#   6.021#   0.000f


 Total SPIN, PARITY =    48.5 +,      6 chs,      6 cc.  Rmin & Coul turning =    2.3   35.4
   S-matrix    1 =    1.00000   0.00000 for L=   48, J=   48.5 channel on core I =   0.0 from L=   48,  Acc. loss =  0.0 D.
 Elastic phase shift   1 =    0.000   0.000 deg. for the L =   48, J =   48.5 channel.
      48.5  1.00000000  0.00000000i: elastic S-matrix  @@      0.00  0   0 F  0
 Reaction Xsec    48.5+/48 @ 1 =   5.623#, Out:   0.000#   5.623#   0.000f


 Total SPIN, PARITY =    48.5 -,      6 chs,      6 cc.  Rmin & Coul turning =    2.3   35.4
   S-matrix    1 =    1.00000   0.00000 for L=   49, J=   48.5 channel on core I =   0.0 from L=   49,  Acc. loss =  0.0 D.
 Elastic phase shift   1 =    0.000   0.000 deg. for the L =   49, J =   48.5 channel.
      48.5  1.00000000  0.00000000i: elastic S-matrix  @@      0.00  0   0 F  0
 Reaction Xsec    48.5-/49 @ 1 =   5.094#, Out:   0.000#   5.094#   0.000f


 Total SPIN, PARITY =    49.5 +,      6 chs,      6 cc.  Rmin & Coul turning =    2.3   36.1
   S-matrix    1 =    1.00000   0.00000 for L=   50, J=   49.5 channel on core I =   0.0 from L=   50,  Acc. loss =  0.0 D.
 Elastic phase shift   1 =    0.000   0.000 deg. for the L =   50, J =   49.5 channel.
      49.5  1.00000000  0.00000000i: elastic S-matrix  @@      0.00  0   0 F  0
 Reaction Xsec    49.5+/50 @ 1 =   4.700#, Out:   0.000#   4.700#   0.000f


 Total SPIN, PARITY =    49.5 -,      6 chs,      6 cc.  Rmin & Coul turning =    2.3   36.1
   S-matrix    1 =    1.00000   0.00000 for L=   49, J=   49.5 channel on core I =   0.0 from L=   49,  Acc. loss =  0.0 D.
 Elastic phase shift   1 =    0.000   0.000 deg. for the L =   49, J =   49.5 channel.
      49.5  1.00000000  0.00000000i: elastic S-matrix  @@      0.00  0   0 F  0
 Reaction Xsec    49.5-/49 @ 1 =   5.198#, Out:   0.000#   5.198#   0.000f


 Total SPIN, PARITY =    50.5 +,      6 chs,      6 cc.  Rmin & Coul turning =    2.4   36.9
   S-matrix    1 =    1.00000   0.00000 for L=   50, J=   50.5 channel on core I =   0.0 from L=   50,  Acc. loss =  0.0 D.
 Elastic phase shift   1 =    0.000   0.000 deg. for the L =   50, J =   50.5 channel.
      50.5  1.00000000  0.00000000i: elastic S-matrix  @@      0.00  0   0 F  0
 Reaction Xsec    50.5+/50 @ 1 =   4.794#, Out:   0.000#   4.794#   0.000f


 Total SPIN, PARITY =    50.5 -,      6 chs,      6 cc.  Rmin & Coul turning =    2.4   36.9
   S-matrix    1 =    1.00000   0.00000 for L=   51, J=   50.5 channel on core I =   0.0 from L=   51,  Acc. loss =  0.0 D.
 Elastic phase shift   1 =    0.000   0.000 deg. for the L =   51, J =   50.5 channel.
      50.5  1.00000000  0.00000000i: elastic S-matrix  @@      0.00  0   0 F  0
 Reaction Xsec    50.5-/51 @ 1 =   4.397#, Out:   0.000#   4.397#   0.000f

 Finished all CC sets @   0.238928005    
0CUMULATIVE REACTION cross section                 =  682.05444  <L> =     4.41  <L**2> =     23.4
0CUMULATIVE outgoing cross sections in partition 1 :    0.00000   16.35551
0Cumulative ABSORBTION by Imaginary Potentials     =  665.69894  <L> =     4.41  <L**2> =     23.4
   Fusion for specific p        M-states :  665.698936  665.698936
0CUMULATIVE OUTGOING cross section                 =   16.35551
 To convert to S-factors (MeV.mb = keV.b),  multiply by  1.3784E+02


 CROSS SECTIONS FOR OUTGOING p        & O20      in state #   1 with spins & parities 0.5  + &  0.0  +;  0

     3.00 deg.: X-S =   7.8111E+04 mb/sr,
+                                         /R =   7.5044E-01
     4.00 deg.: X-S =   2.1562E+04 mb/sr,
+                                         /R =   6.5448E-01
     5.00 deg.: X-S =  8344.280744 mb/sr,
+                                         /R =   6.1807E-01
     6.00 deg.: X-S =  4443.768985 mb/sr,
+                                         /R =   6.8215E-01
     7.00 deg.: X-S =  3113.390488 mb/sr,
+                                         /R =   8.8484E-01
     8.00 deg.: X-S =  2596.711275 mb/sr,
+                                         /R =   1.2580E+00
     9.00 deg.: X-S =  2352.801266 mb/sr,
+                                         /R =   1.8243E+00
    10.00 deg.: X-S =  2197.244401 mb/sr,
+                                         /R =   2.5941E+00
    11.00 deg.: X-S =  2064.350008 mb/sr,
+                                         /R =   3.5645E+00
    12.00 deg.: X-S =  1931.511488 mb/sr,
+                                         /R =   4.7181E+00
    13.00 deg.: X-S =  1792.565684 mb/sr,
+                                         /R =   6.0234E+00
    14.00 deg.: X-S =  1647.678252 mb/sr,
+                                         /R =   7.4367E+00
    15.00 deg.: X-S =  1499.291727 mb/sr,
+                                         /R =   8.9044E+00
    16.00 deg.: X-S =  1350.447482 mb/sr,
+                                         /R =   1.0366E+01
    17.00 deg.: X-S =  1204.085495 mb/sr,
+                                         /R =   1.1760E+01
    18.00 deg.: X-S =  1062.763027 mb/sr,
+                                         /R =   1.3023E+01
    19.00 deg.: X-S =   928.558367 mb/sr,
+                                         /R =   1.4099E+01
    20.00 deg.: X-S =   803.058234 mb/sr,
+                                         /R =   1.4940E+01
    21.00 deg.: X-S =   687.383602 mb/sr,
+                                         /R =   1.5512E+01
    22.00 deg.: X-S =   582.233123 mb/sr,
+                                         /R =   1.5791E+01
    23.00 deg.: X-S =   487.934216 mb/sr,
+                                         /R =   1.5773E+01
    24.00 deg.: X-S =   404.496807 mb/sr,
+                                         /R =   1.5465E+01
    25.00 deg.: X-S =   331.666940 mb/sr,
+                                         /R =   1.4893E+01
    26.00 deg.: X-S =   268.978569 mb/sr,
+                                         /R =   1.4093E+01
    27.00 deg.: X-S =   215.802375 mb/sr,
+                                         /R =   1.3114E+01
    28.00 deg.: X-S =   171.390782 mb/sr,
+                                         /R =   1.2012E+01
    29.00 deg.: X-S =   134.918588 mb/sr,
+                                         /R =   1.0849E+01
    30.00 deg.: X-S =   105.518798 mb/sr,
+                                         /R =   9.6882E+00
    31.00 deg.: X-S =    82.313469 mb/sr,
+                                         /R =   8.5901E+00
    32.00 deg.: X-S =    64.439483 mb/sr,
+                                         /R =   7.6109E+00
    33.00 deg.: X-S =    51.069376 mb/sr,
+                                         /R =   6.7992E+00
    34.00 deg.: X-S =    41.427433 mb/sr,
+                                         /R =   6.1938E+00
    35.00 deg.: X-S =    34.801390 mb/sr,
+                                         /R =   5.8223E+00
    36.00 deg.: X-S =    30.550157 mb/sr,
+                                         /R =   5.7000E+00
    37.00 deg.: X-S =    28.108022 mb/sr,
+                                         /R =   5.8300E+00
    38.00 deg.: X-S =    26.985848 mb/sr,
+                                         /R =   6.2035E+00
    39.00 deg.: X-S =    26.769753 mb/sr,
+                                         /R =   6.8007E+00
    40.00 deg.: X-S =    27.117798 mb/sr,
+                                         /R =   7.5926E+00
    41.00 deg.: X-S =    27.755132 mb/sr,
+                                         /R =   8.5423E+00
    42.00 deg.: X-S =    28.468051 mb/sr,
+                                         /R =   9.6074E+00
    43.00 deg.: X-S =    29.097364 mb/sr,
+                                         /R =   1.0742E+01
    44.00 deg.: X-S =    29.531391 mb/sr,
+                                         /R =   1.1899E+01
    45.00 deg.: X-S =    29.698910 mb/sr,
+                                         /R =   1.3033E+01
    46.00 deg.: X-S =    29.562269 mb/sr,
+                                         /R =   1.4099E+01
    47.00 deg.: X-S =    29.110861 mb/sr,
+                                         /R =   1.5059E+01
    48.00 deg.: X-S =    28.355093 mb/sr,
+                                         /R =   1.5879E+01
    49.00 deg.: X-S =    27.320953 mb/sr,
+                                         /R =   1.6532E+01
    50.00 deg.: X-S =    26.045222 mb/sr,
+                                         /R =   1.7000E+01
    51.00 deg.: X-S =    24.571363 mb/sr,
+                                         /R =   1.7270E+01
    52.00 deg.: X-S =    22.946076 mb/sr,
+                                         /R =   1.7338E+01
    53.00 deg.: X-S =    21.216507 mb/sr,
+                                         /R =   1.7207E+01
    54.00 deg.: X-S =    19.428049 mb/sr,
+                                         /R =   1.6887E+01
    55.00 deg.: X-S =    17.622712 mb/sr,
+                                         /R =   1.6392E+01
    56.00 deg.: X-S =    15.837964 mb/sr,
+                                         /R =   1.5742E+01
    57.00 deg.: X-S =    14.106021 mb/sr,
+                                         /R =   1.4962E+01
    58.00 deg.: X-S =    12.453476 mb/sr,
+                                         /R =   1.4077E+01
    59.00 deg.: X-S =    10.901239 mb/sr,
+                                         /R =   1.3115E+01
    60.00 deg.: X-S =     9.464710 mb/sr,
+                                         /R =   1.2104E+01
    61.00 deg.: X-S =     8.154124 mb/sr,
+                                         /R =   1.1071E+01
    62.00 deg.: X-S =     6.975035 mb/sr,
+                                         /R =   1.0042E+01
    63.00 deg.: X-S =     5.928877 mb/sr,
+                                         /R =   9.0415E+00
    64.00 deg.: X-S =     5.013571 mb/sr,
+                                         /R =   8.0894E+00
    65.00 deg.: X-S =     4.224151 mb/sr,
+                                         /R =   7.2034E+00
    66.00 deg.: X-S =     3.553376 mb/sr,
+                                         /R =   6.3974E+00
    67.00 deg.: X-S =     2.992307 mb/sr,
+                                         /R =   5.6819E+00
    68.00 deg.: X-S =     2.530845 mb/sr,
+                                         /R =   5.0634E+00
    69.00 deg.: X-S =     2.158208 mb/sr,
+                                         /R =   4.5450E+00
    70.00 deg.: X-S =     1.863349 mb/sr,
+                                         /R =   4.1266E+00
    71.00 deg.: X-S =     1.635310 mb/sr,
+                                         /R =   3.8049E+00
    72.00 deg.: X-S =     1.463504 mb/sr,
+                                         /R =   3.5744E+00
    73.00 deg.: X-S =     1.337951 mb/sr,
+                                         /R =   3.4270E+00
    74.00 deg.: X-S =     1.249437 mb/sr,
+                                         /R =   3.3535E+00
    75.00 deg.: X-S =     1.189636 mb/sr,
+                                         /R =   3.3430E+00
    76.00 deg.: X-S =     1.151177 mb/sr,
+                                         /R =   3.3841E+00
    77.00 deg.: X-S =     1.127670 mb/sr,
+                                         /R =   3.4651E+00
    78.00 deg.: X-S =     1.113706 mb/sr,
+                                         /R =   3.5743E+00
    79.00 deg.: X-S =     1.104818 mb/sr,
+                                         /R =   3.7005E+00
    80.00 deg.: X-S =     1.097431 mb/sr,
+                                         /R =   3.8333E+00
    81.00 deg.: X-S =     1.088790 mb/sr,
+                                         /R =   3.9633E+00
    82.00 deg.: X-S =     1.076880 mb/sr,
+                                         /R =   4.0820E+00
    83.00 deg.: X-S =     1.060336 mb/sr,
+                                         /R =   4.1825E+00
    84.00 deg.: X-S =     1.038355 mb/sr,
+                                         /R =   4.2591E+00
    85.00 deg.: X-S =     1.010604 mb/sr,
+                                         /R =   4.3077E+00
    86.00 deg.: X-S =     0.977137 mb/sr,
+                                         /R =   4.3253E+00
    87.00 deg.: X-S =     0.938307 mb/sr,
+                                         /R =   4.3105E+00
    88.00 deg.: X-S =     0.894700 mb/sr,
+                                         /R =   4.2628E+00
    89.00 deg.: X-S =     0.847058 mb/sr,
+                                         /R =   4.1830E+00
    90.00 deg.: X-S =     0.796227 mb/sr,
+                                         /R =   4.0729E+00
    91.00 deg.: X-S =     0.743101 mb/sr,
+                                         /R =   3.9350E+00
    92.00 deg.: X-S =     0.688581 mb/sr,
+                                         /R =   3.7724E+00
    93.00 deg.: X-S =     0.633542 mb/sr,
+                                         /R =   3.5888E+00
    94.00 deg.: X-S =     0.578803 mb/sr,
+                                         /R =   3.3882E+00
    95.00 deg.: X-S =     0.525106 mb/sr,
+                                         /R =   3.1747E+00
    96.00 deg.: X-S =     0.473107 mb/sr,
+                                         /R =   2.9525E+00
    97.00 deg.: X-S =     0.423361 mb/sr,
+                                         /R =   2.7256E+00
    98.00 deg.: X-S =     0.376323 mb/sr,
+                                         /R =   2.4981E+00
    99.00 deg.: X-S =     0.332345 mb/sr,
+                                         /R =   2.2735E+00
   100.00 deg.: X-S =     0.291681 mb/sr,
+                                         /R =   2.0552E+00
   101.00 deg.: X-S =     0.254492 mb/sr,
+                                         /R =   1.8460E+00
   102.00 deg.: X-S =     0.220852 mb/sr,
+                                         /R =   1.6483E+00
   103.00 deg.: X-S =     0.190763 mb/sr,
+                                         /R =   1.4642E+00
   104.00 deg.: X-S =     0.164156 mb/sr,
+                                         /R =   1.2951E+00
   105.00 deg.: X-S =     0.140910 mb/sr,
+                                         /R =   1.1422E+00
   106.00 deg.: X-S =     0.120854 mb/sr,
+                                         /R =   1.0060E+00
   107.00 deg.: X-S =     0.103785 mb/sr,
+                                         /R =   8.8671E-01
   108.00 deg.: X-S =     0.089472 mb/sr,
+                                         /R =   7.8424E-01
   109.00 deg.: X-S =     0.077665 mb/sr,
+                                         /R =   6.9807E-01
   110.00 deg.: X-S =     0.068105 mb/sr,
+                                         /R =   6.2743E-01
   111.00 deg.: X-S =     0.060531 mb/sr,
+                                         /R =   5.7132E-01
   112.00 deg.: X-S =     0.054683 mb/sr,
+                                         /R =   5.2854E-01
   113.00 deg.: X-S =     0.050312 mb/sr,
+                                         /R =   4.9777E-01
   114.00 deg.: X-S =     0.047179 mb/sr,
+                                         /R =   4.7757E-01
   115.00 deg.: X-S =     0.045060 mb/sr,
+                                         /R =   4.6648E-01
   116.00 deg.: X-S =     0.043751 mb/sr,
+                                         /R =   4.6302E-01
   117.00 deg.: X-S =     0.043065 mb/sr,
+                                         /R =   4.6571E-01
   118.00 deg.: X-S =     0.042838 mb/sr,
+                                         /R =   4.7317E-01
   119.00 deg.: X-S =     0.042923 mb/sr,
+                                         /R =   4.8406E-01
   120.00 deg.: X-S =     0.043197 mb/sr,
+                                         /R =   4.9717E-01
   121.00 deg.: X-S =     0.043554 mb/sr,
+                                         /R =   5.1138E-01
   122.00 deg.: X-S =     0.043907 mb/sr,
+                                         /R =   5.2571E-01
   123.00 deg.: X-S =     0.044188 mb/sr,
+                                         /R =   5.3930E-01
   124.00 deg.: X-S =     0.044343 mb/sr,
+                                         /R =   5.5144E-01
   125.00 deg.: X-S =     0.044334 mb/sr,
+                                         /R =   5.6154E-01
   126.00 deg.: X-S =     0.044134 mb/sr,
+                                         /R =   5.6915E-01
   127.00 deg.: X-S =     0.043727 mb/sr,
+                                         /R =   5.7392E-01
   128.00 deg.: X-S =     0.043109 mb/sr,
+                                         /R =   5.7563E-01
   129.00 deg.: X-S =     0.042281 mb/sr,
+                                         /R =   5.7416E-01
   130.00 deg.: X-S =     0.041252 mb/sr,
+                                         /R =   5.6948E-01
   131.00 deg.: X-S =     0.040034 mb/sr,
+                                         /R =   5.6163E-01
   132.00 deg.: X-S =     0.038645 mb/sr,
+                                         /R =   5.5074E-01
   133.00 deg.: X-S =     0.037105 mb/sr,
+                                         /R =   5.3697E-01
   134.00 deg.: X-S =     0.035434 mb/sr,
+                                         /R =   5.2054E-01
   135.00 deg.: X-S =     0.033656 mb/sr,
+                                         /R =   5.0171E-01
   136.00 deg.: X-S =     0.031793 mb/sr,
+                                         /R =   4.8075E-01
   137.00 deg.: X-S =     0.029867 mb/sr,
+                                         /R =   4.5796E-01
   138.00 deg.: X-S =     0.027900 mb/sr,
+                                         /R =   4.3366E-01
   139.00 deg.: X-S =     0.025914 mb/sr,
+                                         /R =   4.0814E-01
   140.00 deg.: X-S =     0.023927 mb/sr,
+                                         /R =   3.8173E-01
   141.00 deg.: X-S =     0.021958 mb/sr,
+                                         /R =   3.5474E-01
   142.00 deg.: X-S =     0.020024 mb/sr,
+                                         /R =   3.2746E-01
   143.00 deg.: X-S =     0.018140 mb/sr,
+                                         /R =   3.0019E-01
   144.00 deg.: X-S =     0.016321 mb/sr,
+                                         /R =   2.7322E-01
   145.00 deg.: X-S =     0.014580 mb/sr,
+                                         /R =   2.4681E-01
   146.00 deg.: X-S =     0.012928 mb/sr,
+                                         /R =   2.2122E-01
   147.00 deg.: X-S =     0.011375 mb/sr,
+                                         /R =   1.9670E-01
   148.00 deg.: X-S =     0.009930 mb/sr,
+                                         /R =   1.7348E-01
   149.00 deg.: X-S =     0.008602 mb/sr,
+                                         /R =   1.5177E-01
   150.00 deg.: X-S =     0.007398 mb/sr,
+                                         /R =   1.3177E-01
   151.00 deg.: X-S =     0.006323 mb/sr,
+                                         /R =   1.1366E-01
   152.00 deg.: X-S =     0.005382 mb/sr,
+                                         /R =   9.7600E-02
   153.00 deg.: X-S =     0.004578 mb/sr,
+                                         /R =   8.3735E-02
   154.00 deg.: X-S =     0.003914 mb/sr,
+                                         /R =   7.2180E-02
   155.00 deg.: X-S =     0.003391 mb/sr,
+                                         /R =   6.3028E-02
   156.00 deg.: X-S =     0.003008 mb/sr,
+                                         /R =   5.6341E-02
   157.00 deg.: X-S =     0.002764 mb/sr,
+                                         /R =   5.2157E-02
   158.00 deg.: X-S =     0.002657 mb/sr,
+                                         /R =   5.0478E-02
   159.00 deg.: X-S =     0.002681 mb/sr,
+                                         /R =   5.1273E-02
   160.00 deg.: X-S =     0.002831 mb/sr,
+                                         /R =   5.4479E-02
   161.00 deg.: X-S =     0.003099 mb/sr,
+                                         /R =   5.9995E-02
   162.00 deg.: X-S =     0.003476 mb/sr,
+                                         /R =   6.7684E-02
   163.00 deg.: X-S =     0.003952 mb/sr,
+                                         /R =   7.7376E-02
   164.00 deg.: X-S =     0.004516 mb/sr,
+                                         /R =   8.8865E-02
   165.00 deg.: X-S =     0.005155 mb/sr,
+                                         /R =   1.0191E-01
   166.00 deg.: X-S =     0.005855 mb/sr,
+                                         /R =   1.1626E-01
   167.00 deg.: X-S =     0.006600 mb/sr,
+                                         /R =   1.3161E-01
   168.00 deg.: X-S =     0.007376 mb/sr,
+                                         /R =   1.4765E-01
   169.00 deg.: X-S =     0.008167 mb/sr,
+                                         /R =   1.6406E-01
   170.00 deg.: X-S =     0.008957 mb/sr,
+                                         /R =   1.8050E-01
   171.00 deg.: X-S =     0.009730 mb/sr,
+                                         /R =   1.9665E-01
   172.00 deg.: X-S =     0.010470 mb/sr,
+                                         /R =   2.1216E-01
   173.00 deg.: X-S =     0.011163 mb/sr,
+                                         /R =   2.2671E-01
   174.00 deg.: X-S =     0.011795 mb/sr,
+                                         /R =   2.4001E-01
   175.00 deg.: X-S =     0.012352 mb/sr,
+                                         /R =   2.5177E-01
   176.00 deg.: X-S =     0.012824 mb/sr,
+                                         /R =   2.6176E-01
   177.00 deg.: X-S =     0.013202 mb/sr,
+                                         /R =   2.6975E-01
   178.00 deg.: X-S =     0.013477 mb/sr,
+                                         /R =   2.7558E-01
   179.00 deg.: X-S =     0.013644 mb/sr,
+                                         /R =   2.7913E-01
   179.99 deg.: X-S =     0.013700 mb/sr,
+                                         /R =   2.8032E-01
                                           Integrated 1524.8895 mb, over [   3.000, 180.000] at    43.2700 MeV 

 CROSS SECTIONS FOR OUTGOING p        & O20      in state #   2 with spins & parities 0.5  + &  2.0  +;  0

     3.00 deg.: X-S =    12.825974 mb/sr,
+                                         REAC   1.6356E+01 mb
     4.00 deg.: X-S =    12.687313 mb/sr,
     5.00 deg.: X-S =    12.404854 mb/sr,
     6.00 deg.: X-S =    11.988960 mb/sr,
     7.00 deg.: X-S =    11.486825 mb/sr,
     8.00 deg.: X-S =    10.956339 mb/sr,
     9.00 deg.: X-S =    10.442930 mb/sr,
    10.00 deg.: X-S =     9.972560 mb/sr,
    11.00 deg.: X-S =     9.558041 mb/sr,
    12.00 deg.: X-S =     9.208192 mb/sr,
    13.00 deg.: X-S =     8.932034 mb/sr,
    14.00 deg.: X-S =     8.736468 mb/sr,
    15.00 deg.: X-S =     8.621391 mb/sr,
    16.00 deg.: X-S =     8.578038 mb/sr,
    17.00 deg.: X-S =     8.592733 mb/sr,
    18.00 deg.: X-S =     8.652565 mb/sr,
    19.00 deg.: X-S =     8.747714 mb/sr,
    20.00 deg.: X-S =     8.868784 mb/sr,
    21.00 deg.: X-S =     9.002233 mb/sr,
    22.00 deg.: X-S =     9.128549 mb/sr,
    23.00 deg.: X-S =     9.225415 mb/sr,
    24.00 deg.: X-S =     9.273958 mb/sr,
    25.00 deg.: X-S =     9.263487 mb/sr,
    26.00 deg.: X-S =     9.191369 mb/sr,
    27.00 deg.: X-S =     9.058735 mb/sr,
    28.00 deg.: X-S =     8.865846 mb/sr,
    29.00 deg.: X-S =     8.610747 mb/sr,
    30.00 deg.: X-S =     8.291793 mb/sr,
    31.00 deg.: X-S =     7.911574 mb/sr,
    32.00 deg.: X-S =     7.478852 mb/sr,
    33.00 deg.: X-S =     7.006975 mb/sr,
    34.00 deg.: X-S =     6.510117 mb/sr,
    35.00 deg.: X-S =     6.000183 mb/sr,
    36.00 deg.: X-S =     5.486230 mb/sr,
    37.00 deg.: X-S =     4.976045 mb/sr,
    38.00 deg.: X-S =     4.478003 mb/sr,
    39.00 deg.: X-S =     4.001469 mb/sr,
    40.00 deg.: X-S =     3.555501 mb/sr,
    41.00 deg.: X-S =     3.147067 mb/sr,
    42.00 deg.: X-S =     2.780204 mb/sr,
    43.00 deg.: X-S =     2.456545 mb/sr,
    44.00 deg.: X-S =     2.176464 mb/sr,
    45.00 deg.: X-S =     1.939801 mb/sr,
    46.00 deg.: X-S =     1.745707 mb/sr,
    47.00 deg.: X-S =     1.592049 mb/sr,
    48.00 deg.: X-S =     1.475156 mb/sr,
    49.00 deg.: X-S =     1.390314 mb/sr,
    50.00 deg.: X-S =     1.332658 mb/sr,
    51.00 deg.: X-S =     1.297759 mb/sr,
    52.00 deg.: X-S =     1.281551 mb/sr,
    53.00 deg.: X-S =     1.279833 mb/sr,
    54.00 deg.: X-S =     1.287961 mb/sr,
    55.00 deg.: X-S =     1.301123 mb/sr,
    56.00 deg.: X-S =     1.315057 mb/sr,
    57.00 deg.: X-S =     1.326660 mb/sr,
    58.00 deg.: X-S =     1.334022 mb/sr,
    59.00 deg.: X-S =     1.335910 mb/sr,
    60.00 deg.: X-S =     1.331164 mb/sr,
    61.00 deg.: X-S =     1.318489 mb/sr,
    62.00 deg.: X-S =     1.296754 mb/sr,
    63.00 deg.: X-S =     1.265508 mb/sr,
    64.00 deg.: X-S =     1.225237 mb/sr,
    65.00 deg.: X-S =     1.177154 mb/sr,
    66.00 deg.: X-S =     1.122675 mb/sr,
    67.00 deg.: X-S =     1.062992 mb/sr,
    68.00 deg.: X-S =     0.998988 mb/sr,
    69.00 deg.: X-S =     0.931486 mb/sr,
    70.00 deg.: X-S =     0.861542 mb/sr,
    71.00 deg.: X-S =     0.790523 mb/sr,
    72.00 deg.: X-S =     0.719910 mb/sr,
    73.00 deg.: X-S =     0.650994 mb/sr,
    74.00 deg.: X-S =     0.584703 mb/sr,
    75.00 deg.: X-S =     0.521638 mb/sr,
    76.00 deg.: X-S =     0.462254 mb/sr,
    77.00 deg.: X-S =     0.407004 mb/sr,
    78.00 deg.: X-S =     0.356342 mb/sr,
    79.00 deg.: X-S =     0.310613 mb/sr,
    80.00 deg.: X-S =     0.269955 mb/sr,
    81.00 deg.: X-S =     0.234287 mb/sr,
    82.00 deg.: X-S =     0.203391 mb/sr,
    83.00 deg.: X-S =     0.177009 mb/sr,
    84.00 deg.: X-S =     0.154884 mb/sr,
    85.00 deg.: X-S =     0.136729 mb/sr,
    86.00 deg.: X-S =     0.122185 mb/sr,
    87.00 deg.: X-S =     0.110823 mb/sr,
    88.00 deg.: X-S =     0.102184 mb/sr,
    89.00 deg.: X-S =     0.095842 mb/sr,
    90.00 deg.: X-S =     0.091421 mb/sr,
    91.00 deg.: X-S =     0.088583 mb/sr,
    92.00 deg.: X-S =     0.086988 mb/sr,
    93.00 deg.: X-S =     0.086292 mb/sr,
    94.00 deg.: X-S =     0.086164 mb/sr,
    95.00 deg.: X-S =     0.086332 mb/sr,
    96.00 deg.: X-S =     0.086598 mb/sr,
    97.00 deg.: X-S =     0.086822 mb/sr,
    98.00 deg.: X-S =     0.086886 mb/sr,
    99.00 deg.: X-S =     0.086673 mb/sr,
   100.00 deg.: X-S =     0.086080 mb/sr,
   101.00 deg.: X-S =     0.085034 mb/sr,
   102.00 deg.: X-S =     0.083514 mb/sr,
   103.00 deg.: X-S =     0.081540 mb/sr,
   104.00 deg.: X-S =     0.079153 mb/sr,
   105.00 deg.: X-S =     0.076385 mb/sr,
   106.00 deg.: X-S =     0.073265 mb/sr,
   107.00 deg.: X-S =     0.069826 mb/sr,
   108.00 deg.: X-S =     0.066118 mb/sr,
   109.00 deg.: X-S =     0.062211 mb/sr,
   110.00 deg.: X-S =     0.058178 mb/sr,
   111.00 deg.: X-S =     0.054084 mb/sr,
   112.00 deg.: X-S =     0.049978 mb/sr,
   113.00 deg.: X-S =     0.045903 mb/sr,
   114.00 deg.: X-S =     0.041903 mb/sr,
   115.00 deg.: X-S =     0.038029 mb/sr,
   116.00 deg.: X-S =     0.034322 mb/sr,
   117.00 deg.: X-S =     0.030813 mb/sr,
   118.00 deg.: X-S =     0.027518 mb/sr,
   119.00 deg.: X-S =     0.024446 mb/sr,
   120.00 deg.: X-S =     0.021613 mb/sr,
   121.00 deg.: X-S =     0.019035 mb/sr,
   122.00 deg.: X-S =     0.016728 mb/sr,
   123.00 deg.: X-S =     0.014687 mb/sr,
   124.00 deg.: X-S =     0.012897 mb/sr,
   125.00 deg.: X-S =     0.011332 mb/sr,
   126.00 deg.: X-S =     0.009977 mb/sr,
   127.00 deg.: X-S =     0.008827 mb/sr,
   128.00 deg.: X-S =     0.007884 mb/sr,
   129.00 deg.: X-S =     0.007140 mb/sr,
   130.00 deg.: X-S =     0.006572 mb/sr,
   131.00 deg.: X-S =     0.006147 mb/sr,
   132.00 deg.: X-S =     0.005833 mb/sr,
   133.00 deg.: X-S =     0.005611 mb/sr,
   134.00 deg.: X-S =     0.005478 mb/sr,
   135.00 deg.: X-S =     0.005432 mb/sr,
   136.00 deg.: X-S =     0.005462 mb/sr,
   137.00 deg.: X-S =     0.005548 mb/sr,
   138.00 deg.: X-S =     0.005661 mb/sr,
   139.00 deg.: X-S =     0.005782 mb/sr,
   140.00 deg.: X-S =     0.005902 mb/sr,
   141.00 deg.: X-S =     0.006023 mb/sr,
   142.00 deg.: X-S =     0.006146 mb/sr,
   143.00 deg.: X-S =     0.006265 mb/sr,
   144.00 deg.: X-S =     0.006367 mb/sr,
   145.00 deg.: X-S =     0.006442 mb/sr,
   146.00 deg.: X-S =     0.006483 mb/sr,
   147.00 deg.: X-S =     0.006491 mb/sr,
   148.00 deg.: X-S =     0.006472 mb/sr,
   149.00 deg.: X-S =     0.006428 mb/sr,
   150.00 deg.: X-S =     0.006358 mb/sr,
   151.00 deg.: X-S =     0.006259 mb/sr,
   152.00 deg.: X-S =     0.006133 mb/sr,
   153.00 deg.: X-S =     0.005986 mb/sr,
   154.00 deg.: X-S =     0.005821 mb/sr,
   155.00 deg.: X-S =     0.005641 mb/sr,
   156.00 deg.: X-S =     0.005448 mb/sr,
   157.00 deg.: X-S =     0.005241 mb/sr,
   158.00 deg.: X-S =     0.005022 mb/sr,
   159.00 deg.: X-S =     0.004799 mb/sr,
   160.00 deg.: X-S =     0.004580 mb/sr,
   161.00 deg.: X-S =     0.004369 mb/sr,
   162.00 deg.: X-S =     0.004166 mb/sr,
   163.00 deg.: X-S =     0.003968 mb/sr,
   164.00 deg.: X-S =     0.003772 mb/sr,
   165.00 deg.: X-S =     0.003581 mb/sr,
   166.00 deg.: X-S =     0.003403 mb/sr,
   167.00 deg.: X-S =     0.003244 mb/sr,
   168.00 deg.: X-S =     0.003104 mb/sr,
   169.00 deg.: X-S =     0.002982 mb/sr,
   170.00 deg.: X-S =     0.002872 mb/sr,
   171.00 deg.: X-S =     0.002769 mb/sr,
   172.00 deg.: X-S =     0.002673 mb/sr,
   173.00 deg.: X-S =     0.002590 mb/sr,
   174.00 deg.: X-S =     0.002524 mb/sr,
   175.00 deg.: X-S =     0.002475 mb/sr,
   176.00 deg.: X-S =     0.002438 mb/sr,
   177.00 deg.: X-S =     0.002411 mb/sr,
   178.00 deg.: X-S =     0.002390 mb/sr,
   179.00 deg.: X-S =     0.002376 mb/sr,
   180.00 deg.: X-S =     0.002370 mb/sr,
                                           Integrated   16.2797 mb, over [   3.000, 180.000] at    43.2700 MeV 
 Finished all xsecs @   0.241949007    

  The following files have been created:
   3:local copy of User input.            6:standard output.                   
   7:elastic  S-matrix elements.         13:total cross sections/state.        
  16:tables of cross sections.           35:Astrophysics S-factors  / Ecm.     
  38:cross sections for each J/pi.       39:cross sections for each Ecm.       
  40:all cross sectns. for each Elab.    45:scat phase shift as E functions.   
  56:Fusion for each Jtotal.             75:S-factors for lab energies.        
 201:Separate cross sections.           202:Separate cross sections.           

 PARAMETERS : MAXQRN   MFNL   MLOC  LMAX1 MCLIST
    ALLOWED :      1     36      9     70     15
    REQUIRED:      0      0      9     54      9


 ACCURACY ANALYSIS at    43.270 MeV :

  Elastic h*k = 0.041 so OK       compared with 0.200

   Real(S-el) > 0.01 first at J =       0.5
   Real(S-el) > 0.10 first at J =       4.5
   Real(S-el) > 0.50 first at J =       5.5
   Real(S-el) > 0.90 first at J =       7.5
   Real(S-el) > 0.99 first at J =       9.5
   R-turn =    36.87 fm    at J =      50.5

 Forward-angle excitation cut off below   0.432 deg by max JT =      50.5
                              and below   0.267 deg by max R.

 Total CPU  0 time =       0.24 seconds
