 FRESCO - FRES 3.4: Coupled Reaction Channels
 Assuming NAMELIST input.

 p+O20 3- E. Khan reanalysis;                                                    

   0.030  60.000   0.500   0.000   0.000   0.000   0.000   0.000   0.000   0.000

 Centre-of-mass Range is   2002 * 0.0300 fm., Maximum at  60.00 fm., Interpolating NL forms every  0.51 fm.
 Non - locality width is      4 * 0.0300 fm., Maximum of   0.09 fm., Centred at  0.00 fm.
 2-Nucleon Separation of      0 * 0.5100 fm., Maximum of   0.00 fm., Minimum at  0.00 fm.
 Maximum single particle bins of 59.6700 fm.
               M,Mint =         2001        1990


 Range of total J is     0.0 <= J <=    50.0 (at least     0.0) and Absorbtion =>    -1.0000 mb.
 Dry Run = F, CC set limits =  0  0, Relativistic kinematics =  , Both/Far/Near Analyses =  1                     

 Cross Sections (and up to T0 for 0=projectile) for Theta from   3.0 to-180.0 in steps of  1.0 degrees, DGAM=0,  Coordinates = 0 (Mads)

 Lower Radial Cutoff = maximum of -1.60*L*h &       0.0 fm.,  Lower Cutoff for Couplings =   0.0  fm.


 Iterate Couplings between   0 and   1 times, to  0.000 % if sooner.                                          
  Block solved exactly =   2 chs., with Pade = 0 & Isocen =  =0, NOSOL = F, initwf =  0
  NL quadrature with   18 Gaussian points, Calculate multipoles up to    56 from   0
  M-transfers for lp+lt greater than or equal to  6, Angular Integration Cutoff below  2.7778 %


 Trace switches are :  CHANS =  1, LISTCC =  0, TRENEG =  0, CDETR =  0, SMATS =  2, XSTABL =  1, NLPL =  0

                       WAVES =  0, LAMPL =  0, VEFF =  0, KFUS =  0, WDISK =  0, BPM =  0, MELFIL =  0

                       CDCC =  0, NFUS =  0

 Using unit mass = 1.000000 amu and 1/fine-structure constant = 137.03599 ( 1.000000 * true ) with hc = 197.32705 MeV.fm,
  thus 2*amu/hbar^2 = 0.0478450 = 1/20.9008 and Coulomb constant = 0.1574855 so e^2 = 1.43997, and nuclear magneton= 0.1261183

 Now pre-scan input and save to file 3



 *********** PARTITION NUMBER  1 ******************************************************************************************

   PROJ=p          MASS=  1.0073 Z=   1.0,        # STATES=    2T, TARG=O20      MASS= 19.9997 Z=   8.0,     Q-VALUE =  -0.0000 MEV.

     1:  J= 0.5+ (B# 1), E=  0.0000, K= 0.5              Potl#  1       J= 0.0+ (B# 1), E=  0.0000, K= 0.0    

     2:  J= 0.5+ (B# 1), E=  0.0000, K= 0.5              Potl#  1       J= 3.0- (B#-1), E=  5.6100, K= 0.0    
                                  (Just State  1)


 ************************************************************************************************************************************

 The following POTENTIALS are defined :

  KP#       TYPE      IT    SHAPE      at     V1        r1        a1        V2        r2        a2        A-in     A-used


                                            A#1       A#2        r0c       ac                                                h @ 1
    1    0=Coulomb       0=CHARGE (WS)  1    20.000     0.000    1.2000    0.0000    0.0000    0.0000     0.000    20.000   0.03000

                                           Mn(E1)    Mn(E2)    Mn(E3)  .....
    1   11=Target defm  10=derivatives  2    0.0000    0.0000   40.0000    0.0000    0.0000    0.0000     0.000     3.257= RADIUS

              At    2 is k =  3 (Potl. beta = 0.60602)
                                     Beta of targ. = 0.60602 (using radius of 3.257 fm.).

    1    1=Volume        0=Woods-Saxon  3   46.1325    1.1700    0.7500    0.0000    0.0000    0.0000     0.000    20.000

                                            Def1      Def2      Def3   .....
    1   11=Target defm  10=derivatives  4    0.0000    0.0000    0.8892    0.0000    0.0000    0.0000     0.000     3.176= RADIUS

              At    4 is k =  3 (Potl. beta = 0.28000)
                                     Beta of targ. = 0.28000 (using radius of 3.176 fm.).

    1    1=Volume        0=Woods-Saxon  5    0.0000    0.0000    0.0000    6.8194    1.3200    0.6500     0.000    20.000

                                            Def1      Def2      Def3   .....
    1   11=Target defm  10=derivatives  6    0.0000    0.0000    1.0032    0.0000    0.0000    0.0000     0.000     3.583= RADIUS

              At    6 is k =  3 (Potl. beta = 0.28000)
                                     Beta of targ. = 0.28000 (using radius of 3.583 fm.).

    1    2=Surface       0=Woods-Saxon  7    0.0000    0.0000    0.0000    3.3825    1.3200    0.6500     0.000    20.000

                                            Def1      Def2      Def3   .....
    1   11=Target defm  10=derivatives  8    0.0000    0.0000    1.0032    0.0000    0.0000    0.0000     0.000     3.583= RADIUS

              At    8 is k =  3 (Potl. beta = 0.28000)
                                     Beta of targ. = 0.28000 (using radius of 3.583 fm.).

    1    3=Projtl S.O.   0=Woods-Saxon  9    3.1000    1.0100    0.7500    0.0000    0.0000    0.0000     0.000    20.000

 Incoming partition  1 in excitation state # 1,   Laboratory Energy given for partition  1 Nucleus 1 in Excitation pair 1

0Lab. ENERGY ranges :

   from    43.2700     to   0.00000     in     0 intervals
   from    0.00000     to   0.00000     in     0 intervals
   from    0.00000     to   0.00000     in     0 intervals

 Largest real,imaginary parts of any form factor at R=   59.52 are   2.42E-02  3.62E-32 MeV
 Finished all Couplings @    6.55000098E-04           9

 Symmetric Hamiltonian
1***********************************************************************************************************************************
************************************************************************************************************************************

        INCOMING p        ;    LABORATORY p        ENERGY =   43.270     MeV.

 ***********************************************************************************************************************************
 ***********************************************************************************************************************************

 Allocate arrays for            3  channels, of which            3  need wfs.

 ######################################################################################################################
 #                                                                                                                    #
 # Total SPIN and PARITY =     0.5 +,      3 channels,    3 in 1st block.  Rmin & Coul turning =    0.0    0.3 fm.  #
 #                                                                                                                    #
 ######################################################################################################################



    C Projectl Target   #   EX.   (L  Proj) J  + Targ = Jtotal     E-cm      Re K     Re Eta     RM*K            CH
    1 p        O20      #    1: I   0 0.5    0.5  0.0     0.5    41.19522   1.37482   0.19223   82.4893   0.13909   0.48087 1 1 1   1
    2 p        O20      #    2:     3 0.5    2.5  3.0     0.5    35.58522   1.27778   0.20682   76.6671  -0.42267  -0.26886 1 1 1   2
    3 p        O20      #    2:     3 0.5    3.5  3.0     0.5    35.58522   1.27778   0.20682   76.6671  -0.42267  -0.26886 1 1 1   2
   S-matrix    1 =    0.07610  -0.39907 for L=    0, J=    0.5 channel on core I =   0.0 from L=    0,  Acc. loss =  0.0 D.
 Elastic phase shift   1 =  -39.602  25.805 deg. for the L =    0, J =    0.5 channel.
       0.5  0.07609942 -0.39906698i: elastic S-matrix  @@      0.00  0   0 F  0
 Reaction Xsec     0.5+/ 0 @ 1 =  13.878 , Out:   0.000#   0.067   13.811f


 Total SPIN, PARITY =     0.5 -,      3 chs,      3 cc.  Rmin & Coul turning =    0.0    0.3
   S-matrix    1 =   -0.18125  -0.35804 for L=    1, J=    0.5 channel on core I =   0.0 from L=    1,  Acc. loss =  0.1 D.
 Elastic phase shift   1 =  -58.425  26.157 deg. for the L =    1, J =    0.5 channel.
       0.5 -0.18124881 -0.35803980i: elastic S-matrix  @@      0.00  0   0 F  0
 Reaction Xsec     0.5-/ 1 @ 1 =  13.944 , Out:   0.000#   0.090   13.854f

 Allocate arrays for            5  channels, of which            5  need wfs.

 Total SPIN, PARITY =     1.5 +,      5 chs,      5 cc.  Rmin & Coul turning =    0.0    1.2
   S-matrix    1 =   -0.35834  -0.17607 for L=    2, J=    1.5 channel on core I =   0.0 from L=    2,  Acc. loss =  0.0 D.
 Elastic phase shift   1 =  -76.917  26.303 deg. for the L =    2, J =    1.5 channel.
       1.5 -0.35834357 -0.17606815i: elastic S-matrix  @@      0.00  0   0 F  0
 Reaction Xsec     1.5+/ 2 @ 1 =  27.943 , Out:   0.000#   0.203   27.740f


 Total SPIN, PARITY =     1.5 -,      5 chs,      5 cc.  Rmin & Coul turning =    0.0    1.2
   S-matrix    1 =   -0.10264  -0.39468 for L=    1, J=    1.5 channel on core I =   0.0 from L=    1,  Acc. loss =  0.1 D.
 Elastic phase shift   1 =  -52.289  25.696 deg. for the L =    1, J =    1.5 channel.
       1.5 -0.10264001 -0.39467724i: elastic S-matrix  @@      0.00  0   0 F  0
 Reaction Xsec     1.5-/ 1 @ 1 =  27.714 , Out:   0.000#   0.174   27.540f

 Allocate arrays for            7  channels, of which            7  need wfs.

 Total SPIN, PARITY =     2.5 +,      7 chs,      7 cc.  Rmin & Coul turning =    0.1    1.9
   S-matrix    1 =   -0.27100  -0.29770 for L=    2, J=    2.5 channel on core I =   0.0 from L=    2,  Acc. loss =  0.0 D.
 Elastic phase shift   1 =  -66.156  26.066 deg. for the L =    2, J =    2.5 channel.
       2.5 -0.27099898 -0.29770298i: elastic S-matrix  @@      0.00  0   0 F  0
 Reaction Xsec     2.5+/ 2 @ 1 =  41.782 , Out:   0.000#   0.363   41.419f


 Total SPIN, PARITY =     2.5 -,      7 chs,      7 cc.  Rmin & Coul turning =    0.1    1.9
   S-matrix    1 =   -0.39765   0.07809 for L=    3, J=    2.5 channel on core I =   0.0 from L=    3,  Acc. loss =  0.0 D.
 Elastic phase shift   1 =   84.445  25.877 deg. for the L =    3, J =    2.5 channel.
       2.5 -0.39764604  0.07808968i: elastic S-matrix  @@      0.00  0   0 F  0
 Reaction Xsec     2.5-/ 3 @ 1 =  41.675 , Out:   0.000#   0.283   41.392f

 Allocate arrays for            8  channels, of which            8  need wfs.

 Total SPIN, PARITY =     3.5 +,      8 chs,      8 cc.  Rmin & Coul turning =    0.1    2.7
   S-matrix    1 =   -0.13728   0.31164 for L=    4, J=    3.5 channel on core I =   0.0 from L=    4,  Acc. loss =  0.0 D.
 Elastic phase shift   1 =   56.887  30.860 deg. for the L =    4, J =    3.5 channel.
       3.5 -0.13727896  0.31164082i: elastic S-matrix  @@      0.00  0   0 F  0
 Reaction Xsec     3.5+/ 4 @ 1 =  58.774 , Out:   0.000#   0.737   58.037f


 Total SPIN, PARITY =     3.5 -,      8 chs,      8 cc.  Rmin & Coul turning =    0.1    2.7
   S-matrix    1 =   -0.40352  -0.13039 for L=    3, J=    3.5 channel on core I =   0.0 from L=    3,  Acc. loss =  0.1 D.
 Elastic phase shift   1 =  -81.046  24.576 deg. for the L =    3, J =    3.5 channel.
       3.5 -0.40352416 -0.13039214i: elastic S-matrix  @@      0.00  0   0 F  0
 Reaction Xsec     3.5-/ 3 @ 1 =  54.528 , Out:   0.000#   0.425   54.103f


 Total SPIN, PARITY =     4.5 +,      8 chs,      8 cc.  Rmin & Coul turning =    0.2    3.4
   S-matrix    1 =   -0.31751   0.15131 for L=    4, J=    4.5 channel on core I =   0.0 from L=    4,  Acc. loss =  0.0 D.
 Elastic phase shift   1 =   77.260  29.934 deg. for the L =    4, J =    4.5 channel.
       4.5 -0.31751463  0.15130971i: elastic S-matrix  @@      0.00  0   0 F  0
 Reaction Xsec     4.5+/ 4 @ 1 =  72.824 , Out:   0.000#   0.825   71.999f


 Total SPIN, PARITY =     4.5 -,      8 chs,      8 cc.  Rmin & Coul turning =    0.2    3.4
   S-matrix    1 =    0.32629   0.38250 for L=    5, J=    4.5 channel on core I =   0.0 from L=    5,  Acc. loss =  0.0 D.
 Elastic phase shift   1 =   24.767  19.699 deg. for the L =    5, J =    4.5 channel.
       4.5  0.32628554  0.38250288i: elastic S-matrix  @@      0.00  0   0 F  0
 Reaction Xsec     4.5-/ 5 @ 1 =  62.099 , Out:   0.000#   1.066   61.032f


 Total SPIN, PARITY =     5.5 +,      8 chs,      8 cc.  Rmin & Coul turning =    0.2    4.1
   S-matrix    1 =    0.70740   0.27420 for L=    6, J=    5.5 channel on core I =   0.0 from L=    6,  Acc. loss =  0.0 D.
 Elastic phase shift   1 =   10.594   7.912 deg. for the L =    6, J =    5.5 channel.
       5.5  0.70740234  0.27419908i: elastic S-matrix  @@      0.00  0   0 F  0
 Reaction Xsec     5.5+/ 6 @ 1 =  42.323 , Out:   0.000#   0.601   41.722f


 Total SPIN, PARITY =     5.5 -,      8 chs,      8 cc.  Rmin & Coul turning =    0.2    4.1
   S-matrix    1 =    0.11794   0.40804 for L=    5, J=    5.5 channel on core I =   0.0 from L=    5,  Acc. loss =  0.0 D.
 Elastic phase shift   1 =   36.939  24.530 deg. for the L =    5, J =    5.5 channel.
       5.5  0.11793877  0.40804499i: elastic S-matrix  @@      0.00  0   0 F  0
 Reaction Xsec     5.5-/ 5 @ 1 =  81.734 , Out:   0.000#   1.319   80.415f


 Total SPIN, PARITY =     6.5 +,      8 chs,      8 cc.  Rmin & Coul turning =    0.3    4.9
   S-matrix    1 =    0.62232   0.36294 for L=    6, J=    6.5 channel on core I =   0.0 from L=    6,  Acc. loss =  0.0 D.
 Elastic phase shift   1 =   15.126   9.394 deg. for the L =    6, J =    6.5 channel.
       6.5  0.62232478  0.36294353i: elastic S-matrix  @@      0.00  0   0 F  0
 Reaction Xsec     6.5+/ 6 @ 1 =  55.961 , Out:   0.000#   0.834   55.127f


 Total SPIN, PARITY =     6.5 -,      8 chs,      8 cc.  Rmin & Coul turning =    0.3    4.9
   S-matrix    1 =    0.89308   0.14216 for L=    7, J=    6.5 channel on core I =   0.0 from L=    7,  Acc. loss =  0.0 D.
 Elastic phase shift   1 =    4.522   2.881 deg. for the L =    7, J =    6.5 channel.
       6.5  0.89308060  0.14215912i: elastic S-matrix  @@      0.00  0   0 F  0
 Reaction Xsec     6.5-/ 7 @ 1 =  21.198 , Out:   0.000#   0.237   20.961f


 Total SPIN, PARITY =     7.5 +,      8 chs,      8 cc.  Rmin & Coul turning =    0.3    5.6
   S-matrix    1 =    0.96252   0.06369 for L=    8, J=    7.5 channel on core I =   0.0 from L=    8,  Acc. loss =  0.0 D.
 Elastic phase shift   1 =    1.893   1.032 deg. for the L =    8, J =    7.5 channel.
       7.5  0.96251562  0.06368834i: elastic S-matrix  @@      0.00  0   0 F  0
 Reaction Xsec     7.5+/ 8 @ 1 =   9.242 , Out:   0.000#   0.096    9.147f


 Total SPIN, PARITY =     7.5 -,      8 chs,      8 cc.  Rmin & Coul turning =    0.3    5.6
   S-matrix    1 =    0.87387   0.19428 for L=    7, J=    7.5 channel on core I =   0.0 from L=    7,  Acc. loss =  0.0 D.
 Elastic phase shift   1 =    6.267   3.171 deg. for the L =    7, J =    7.5 channel.
       7.5  0.87387076  0.19428109i: elastic S-matrix  @@      0.00  0   0 F  0
 Reaction Xsec     7.5-/ 7 @ 1 =  26.408 , Out:   0.000#   0.279   26.129f


 Total SPIN, PARITY =     8.5 +,      8 chs,      8 cc.  Rmin & Coul turning =    0.4    6.3
   S-matrix    1 =    0.95902   0.08635 for L=    8, J=    8.5 channel on core I =   0.0 from L=    8,  Acc. loss =  0.0 D.
 Elastic phase shift   1 =    2.572   1.083 deg. for the L =    8, J =    8.5 channel.
       8.5  0.95902050  0.08634761i: elastic S-matrix  @@      0.00  0   0 F  0
 Reaction Xsec     8.5+/ 8 @ 1 =  10.894 , Out:   0.000#   0.111   10.783f


 Total SPIN, PARITY =     8.5 -,      8 chs,      8 cc.  Rmin & Coul turning =    0.4    6.3
   S-matrix    1 =    0.98686   0.02700 for L=    9, J=    8.5 channel on core I =   0.0 from L=    9,  Acc. loss =  0.0 D.
 Elastic phase shift   1 =    0.784   0.368 deg. for the L =    9, J =    8.5 channel.
       8.5  0.98686225  0.02699785i: elastic S-matrix  @@      0.00  0   0 F  0
 Reaction Xsec     8.5-/ 9 @ 1 =   3.796 , Out:   0.000#   0.026    3.770f


 Total SPIN, PARITY =     9.5 +,      8 chs,      8 cc.  Rmin & Coul turning =    0.4    7.0
   S-matrix    1 =    0.99537   0.01118 for L=   10, J=    9.5 channel on core I =   0.0 from L=   10,  Acc. loss =  0.0 D.
 Elastic phase shift   1 =    0.322   0.131 deg. for the L =   10, J =    9.5 channel.
       9.5  0.99537374  0.01118124i: elastic S-matrix  @@      0.00  0   0 F  0
 Reaction Xsec     9.5+/10 @ 1 =   1.514 , Out:   0.000#   4.825/   1.509f


 Total SPIN, PARITY =     9.5 -,      8 chs,      8 cc.  Rmin & Coul turning =    0.4    7.0
   S-matrix    1 =    0.98625   0.03632 for L=    9, J=    9.5 channel on core I =   0.0 from L=    9,  Acc. loss =  0.0 D.
 Elastic phase shift   1 =    1.054   0.377 deg. for the L =    9, J =    9.5 channel.
       9.5  0.98625218  0.03631627i: elastic S-matrix  @@      0.00  0   0 F  0
 Reaction Xsec     9.5-/ 9 @ 1 =   4.319 , Out:   0.000#   0.030    4.289f


 Total SPIN, PARITY =    10.5 +,      8 chs,      8 cc.  Rmin & Coul turning =    0.5    7.8
   S-matrix    1 =    0.99527   0.01499 for L=   10, J=   10.5 channel on core I =   0.0 from L=   10,  Acc. loss =  0.0 D.
 Elastic phase shift   1 =    0.431   0.133 deg. for the L =   10, J =   10.5 channel.
      10.5  0.99526978  0.01498617i: elastic S-matrix  @@      0.00  0   0 F  0
 Reaction Xsec    10.5+/10 @ 1 =   1.685 , Out:   0.000#   5.564/   1.679f


 Total SPIN, PARITY =    10.5 -,      8 chs,      8 cc.  Rmin & Coul turning =    0.5    7.8
   S-matrix    1 =    0.99836   0.00458 for L=   11, J=   10.5 channel on core I =   0.0 from L=   11,  Acc. loss =  0.0 D.
 Elastic phase shift   1 =    0.131   0.047 deg. for the L =   11, J =   10.5 channel.
      10.5  0.99836333  0.00458196i: elastic S-matrix  @@      0.00  0   0 F  0
 Reaction Xsec    10.5-/11 @ 1 =   0.594 , Out:   0.000#   0.704/   0.593f


 Total SPIN, PARITY =    11.5 +,      8 chs,      8 cc.  Rmin & Coul turning =    0.5    8.5
   S-matrix    1 =    0.99942   0.00187 for L=   12, J=   11.5 channel on core I =   0.0 from L=   12,  Acc. loss =  0.0 D.
 Elastic phase shift   1 =    0.054   0.017 deg. for the L =   12, J =   11.5 channel.
      11.5  0.99941947  0.00186769i: elastic S-matrix  @@      0.00  0   0 F  0
 Reaction Xsec    11.5+/12 @ 1 =   0.231 , Out:   0.000#   0.076/   0.231f


 Total SPIN, PARITY =    11.5 -,      8 chs,      8 cc.  Rmin & Coul turning =    0.5    8.5
   S-matrix    1 =    0.99835   0.00613 for L=   11, J=   11.5 channel on core I =   0.0 from L=   11,  Acc. loss =  0.0 D.
 Elastic phase shift   1 =    0.176   0.047 deg. for the L =   11, J =   11.5 channel.
      11.5  0.99834586  0.00613490i: elastic S-matrix  @@      0.00  0   0 F  0
 Reaction Xsec    11.5-/11 @ 1 =   0.652 , Out:   0.000#   0.789/   0.651f


 Total SPIN, PARITY =    12.5 +,      8 chs,      8 cc.  Rmin & Coul turning =    0.6    9.2
   S-matrix    1 =    0.99942   0.00250 for L=   12, J=   12.5 channel on core I =   0.0 from L=   12,  Acc. loss =  0.0 D.
 Elastic phase shift   1 =    0.072   0.017 deg. for the L =   12, J =   12.5 channel.
      12.5  0.99941656  0.00250123i: elastic S-matrix  @@      0.00  0   0 F  0
 Reaction Xsec    12.5+/12 @ 1 =   0.251 , Out:   0.000#   0.084/   0.251f


 Total SPIN, PARITY =    12.5 -,      8 chs,      8 cc.  Rmin & Coul turning =    0.6    9.2
   S-matrix    1 =    0.99979   0.00076 for L=   13, J=   12.5 channel on core I =   0.0 from L=   13,  Acc. loss =  0.0 D.
 Elastic phase shift   1 =    0.022   0.006 deg. for the L =   13, J =   12.5 channel.
      12.5  0.99979394  0.00075884i: elastic S-matrix  @@      0.00  0   0 F  0
 Reaction Xsec    12.5-/13 @ 1 =   0.089 , Out:   0.000#   0.013/   0.089f


 Total SPIN, PARITY =    13.5 +,      8 chs,      8 cc.  Rmin & Coul turning =    0.6   10.0
   S-matrix    1 =    0.99993   0.00031 for L=   14, J=   13.5 channel on core I =   0.0 from L=   14,  Acc. loss =  0.0 D.
 Elastic phase shift   1 =    0.009   0.002 deg. for the L =   14, J =   13.5 channel.
      13.5  0.99992688  0.00030758i: elastic S-matrix  @@      0.00  0   0 F  0
 Reaction Xsec    13.5+/14 @ 1 =   0.034 , Out:   0.000#   0.016/   0.034f


 Total SPIN, PARITY =    13.5 -,      8 chs,      8 cc.  Rmin & Coul turning =    0.6   10.0
   S-matrix    1 =    0.99979   0.00102 for L=   13, J=   13.5 channel on core I =   0.0 from L=   13,  Acc. loss =  0.0 D.
 Elastic phase shift   1 =    0.029   0.006 deg. for the L =   13, J =   13.5 channel.
      13.5  0.99979345  0.00101696i: elastic S-matrix  @@      0.00  0   0 F  0
 Reaction Xsec    13.5-/13 @ 1 =   0.096 , Out:   0.000#   0.014/   0.096f


 Total SPIN, PARITY =    14.5 +,      8 chs,      8 cc.  Rmin & Coul turning =    0.7   10.7
   S-matrix    1 =    0.99993   0.00041 for L=   14, J=   14.5 channel on core I =   0.0 from L=   14,  Acc. loss =  0.0 D.
 Elastic phase shift   1 =    0.012   0.002 deg. for the L =   14, J =   14.5 channel.
      14.5  0.99992680  0.00041255i: elastic S-matrix  @@      0.00  0   0 F  0
 Reaction Xsec    14.5+/14 @ 1 =   0.036 , Out:   0.000#   0.017/   0.036f


 Total SPIN, PARITY =    14.5 -,      8 chs,      8 cc.  Rmin & Coul turning =    0.7   10.7
   S-matrix    1 =    0.99997   0.00012 for L=   15, J=   14.5 channel on core I =   0.0 from L=   15,  Acc. loss =  0.1 D.
 Elastic phase shift   1 =    0.004   0.001 deg. for the L =   15, J =   14.5 channel.
      14.5  0.99997407  0.00012443i: elastic S-matrix  @@      0.00  0   0 F  0
 Reaction Xsec    14.5-/15 @ 1 =   0.013 , Out:   0.000#   0.017/   0.013f


 Total SPIN, PARITY =    15.5 +,      8 chs,      8 cc.  Rmin & Coul turning =    0.7   11.4
   S-matrix    1 =    0.99999   0.00005 for L=   16, J=   15.5 channel on core I =   0.0 from L=   16,  Acc. loss =  0.0 D.
 Elastic phase shift   1 =    0.001   0.000 deg. for the L =   16, J =   15.5 channel.
      15.5  0.99999081  0.00005025i: elastic S-matrix  @@      0.00  0   0 F  0
 Reaction Xsec    15.5+/16 @ 1 =   4.888/, Out:   0.000#   0.016/   0.005f


 Total SPIN, PARITY =    15.5 -,      8 chs,      8 cc.  Rmin & Coul turning =    0.7   11.4
   S-matrix    1 =    0.99997   0.00017 for L=   15, J=   15.5 channel on core I =   0.0 from L=   15,  Acc. loss =  0.1 D.
 Elastic phase shift   1 =    0.005   0.001 deg. for the L =   15, J =   15.5 channel.
      15.5  0.99997406  0.00016703i: elastic S-matrix  @@      0.00  0   0 F  0
 Reaction Xsec    15.5-/15 @ 1 =   0.014 , Out:   0.000#   0.019/   0.014f


 Total SPIN, PARITY =    16.5 +,      8 chs,      8 cc.  Rmin & Coul turning =    0.8   12.1
   S-matrix    1 =    0.99999   0.00007 for L=   16, J=   16.5 channel on core I =   0.0 from L=   16,  Acc. loss =  0.0 D.
 Elastic phase shift   1 =    0.002   0.000 deg. for the L =   16, J =   16.5 channel.
      16.5  0.99999081  0.00006751i: elastic S-matrix  @@      0.00  0   0 F  0
 Reaction Xsec    16.5+/16 @ 1 =   5.194/, Out:   0.000#   0.017/   0.005f


 Total SPIN, PARITY =    16.5 -,      8 chs,      8 cc.  Rmin & Coul turning =    0.8   12.1
   S-matrix    1 =    1.00000   0.00002 for L=   17, J=   16.5 channel on core I =   0.0 from L=   17,  Acc. loss =  0.0 D.
 Elastic phase shift   1 =    0.001   0.000 deg. for the L =   17, J =   16.5 channel.
      16.5  0.99999674  0.00002026i: elastic S-matrix  @@      0.00  0   0 F  0
 Reaction Xsec    16.5-/17 @ 1 =   1.842/, Out:   0.000#   0.013/   0.002f


 Total SPIN, PARITY =    17.5 +,      8 chs,      8 cc.  Rmin & Coul turning =    0.8   12.9
   S-matrix    1 =    1.00000   0.00001 for L=   18, J=   17.5 channel on core I =   0.0 from L=   18,  Acc. loss =  0.0 D.
 Elastic phase shift   1 =    0.000   0.000 deg. for the L =   18, J =   17.5 channel.
      17.5  0.99999884  0.00000816i: elastic S-matrix  @@      0.00  0   0 F  0
 Reaction Xsec    17.5+/18 @ 1 =   0.694/, Out:   0.000#   0.011/   0.001f


 Total SPIN, PARITY =    17.5 -,      8 chs,      8 cc.  Rmin & Coul turning =    0.8   12.9
   S-matrix    1 =    1.00000   0.00003 for L=   17, J=   17.5 channel on core I =   0.0 from L=   17,  Acc. loss =  0.0 D.
 Elastic phase shift   1 =    0.001   0.000 deg. for the L =   17, J =   17.5 channel.
      17.5  0.99999674  0.00002724i: elastic S-matrix  @@      0.00  0   0 F  0
 Reaction Xsec    17.5-/17 @ 1 =   1.951/, Out:   0.000#   0.014/   0.002f


 Total SPIN, PARITY =    18.5 +,      8 chs,      8 cc.  Rmin & Coul turning =    0.8   13.6
   S-matrix    1 =    1.00000   0.00001 for L=   18, J=   18.5 channel on core I =   0.0 from L=   18,  Acc. loss =  0.0 D.
 Elastic phase shift   1 =    0.000   0.000 deg. for the L =   18, J =   18.5 channel.
      18.5  0.99999884  0.00001098i: elastic S-matrix  @@      0.00  0   0 F  0
 Reaction Xsec    18.5+/18 @ 1 =   0.733/, Out:   0.000#   0.011/   0.001f


 Total SPIN, PARITY =    18.5 -,      8 chs,      8 cc.  Rmin & Coul turning =    0.8   13.6
   S-matrix    1 =    1.00000   0.00000 for L=   19, J=   18.5 channel on core I =   0.0 from L=   19,  Acc. loss =  0.0 D.
 Elastic phase shift   1 =    0.000   0.000 deg. for the L =   19, J =   18.5 channel.
      18.5  0.99999958  0.00000328i: elastic S-matrix  @@      0.00  0   0 F  0
 Reaction Xsec    18.5-/19 @ 1 =   0.263/, Out:   0.000#   8.407#   0.000f


 Total SPIN, PARITY =    19.5 +,      8 chs,      8 cc.  Rmin & Coul turning =    0.9   14.3
   S-matrix    1 =    1.00000   0.00000 for L=   20, J=   19.5 channel on core I =   0.0 from L=   20,  Acc. loss =  0.0 D.
 Elastic phase shift   1 =    0.000   0.000 deg. for the L =   20, J =   19.5 channel.
      19.5  0.99999985  0.00000132i: elastic S-matrix  @@      0.00  0   0 F  0
 Reaction Xsec    19.5+/20 @ 1 =   0.101/, Out:   0.000#   6.664#   0.000f


 Total SPIN, PARITY =    19.5 -,      8 chs,      8 cc.  Rmin & Coul turning =    0.9   14.3
   S-matrix    1 =    1.00000   0.00000 for L=   19, J=   19.5 channel on core I =   0.0 from L=   19,  Acc. loss =  0.0 D.
 Elastic phase shift   1 =    0.000   0.000 deg. for the L =   19, J =   19.5 channel.
      19.5  0.99999958  0.00000442i: elastic S-matrix  @@      0.00  0   0 F  0
 Reaction Xsec    19.5-/19 @ 1 =   0.276/, Out:   0.000#   8.849#   0.000f


 Total SPIN, PARITY =    20.5 +,      8 chs,      8 cc.  Rmin & Coul turning =    1.0   15.0
   S-matrix    1 =    1.00000   0.00000 for L=   20, J=   20.5 channel on core I =   0.0 from L=   20,  Acc. loss =  0.0 D.
 Elastic phase shift   1 =    0.000   0.000 deg. for the L =   20, J =   20.5 channel.
      20.5  0.99999985  0.00000178i: elastic S-matrix  @@      0.00  0   0 F  0
 Reaction Xsec    20.5+/20 @ 1 =   0.106/, Out:   0.000#   6.997#   0.000f


 Total SPIN, PARITY =    20.5 -,      8 chs,      8 cc.  Rmin & Coul turning =    1.0   15.0
   S-matrix    1 =    1.00000   0.00000 for L=   21, J=   20.5 channel on core I =   0.0 from L=   21,  Acc. loss =  0.0 D.
 Elastic phase shift   1 =    0.000   0.000 deg. for the L =   21, J =   20.5 channel.
      20.5  0.99999994  0.00000053i: elastic S-matrix  @@      0.00  0   0 F  0
 Reaction Xsec    20.5-/21 @ 1 =   0.040/, Out:   0.000#   5.305#   0.000f


 Total SPIN, PARITY =    21.5 +,      8 chs,      8 cc.  Rmin & Coul turning =    1.0   15.8
   S-matrix    1 =    1.00000   0.00000 for L=   22, J=   21.5 channel on core I =   0.0 from L=   22,  Acc. loss =  0.0 D.
 Elastic phase shift   1 =    0.000   0.000 deg. for the L =   22, J =   21.5 channel.
      21.5  0.99999998  0.00000021i: elastic S-matrix  @@      0.00  0   0 F  0
 Reaction Xsec    21.5+/22 @ 1 =   0.017/, Out:   0.000#   4.250#   0.000f


 Total SPIN, PARITY =    21.5 -,      8 chs,      8 cc.  Rmin & Coul turning =    1.0   15.8
   S-matrix    1 =    1.00000   0.00000 for L=   21, J=   21.5 channel on core I =   0.0 from L=   21,  Acc. loss =  0.0 D.
 Elastic phase shift   1 =    0.000   0.000 deg. for the L =   21, J =   21.5 channel.
      21.5  0.99999994  0.00000072i: elastic S-matrix  @@      0.00  0   0 F  0
 Reaction Xsec    21.5-/21 @ 1 =   0.042/, Out:   0.000#   5.557#   0.000f


 Total SPIN, PARITY =    22.5 +,      8 chs,      8 cc.  Rmin & Coul turning =    1.1   16.5
   S-matrix    1 =    1.00000   0.00000 for L=   22, J=   22.5 channel on core I =   0.0 from L=   22,  Acc. loss =  0.0 D.
 Elastic phase shift   1 =    0.000   0.000 deg. for the L =   22, J =   22.5 channel.
      22.5  0.99999998  0.00000029i: elastic S-matrix  @@      0.00  0   0 F  0
 Reaction Xsec    22.5+/22 @ 1 =   0.018/, Out:   0.000#   4.444#   0.000f


 Total SPIN, PARITY =    22.5 -,      8 chs,      8 cc.  Rmin & Coul turning =    1.1   16.5
   S-matrix    1 =    1.00000   0.00000 for L=   23, J=   22.5 channel on core I =   0.0 from L=   23,  Acc. loss =  0.0 D.
 Elastic phase shift   1 =    0.000   0.000 deg. for the L =   23, J =   22.5 channel.
      22.5  0.99999999  0.00000009i: elastic S-matrix  @@      0.00  0   0 F  0
 Reaction Xsec    22.5-/23 @ 1 =   8.122#, Out:   0.000#   3.425#   0.000f


 Total SPIN, PARITY =    23.5 +,      8 chs,      8 cc.  Rmin & Coul turning =    1.1   17.2
   S-matrix    1 =    1.00000   0.00000 for L=   24, J=   23.5 channel on core I =   0.0 from L=   24,  Acc. loss =  0.0 D.
 Elastic phase shift   1 =    0.000   0.000 deg. for the L =   24, J =   23.5 channel.
      23.5  0.99999999  0.00000004i: elastic S-matrix  @@      0.00  0   0 F  0
 Reaction Xsec    23.5+/24 @ 1 =   4.497#, Out:   0.000#   2.778#   0.000f


 Total SPIN, PARITY =    23.5 -,      8 chs,      8 cc.  Rmin & Coul turning =    1.1   17.2
   S-matrix    1 =    1.00000   0.00000 for L=   23, J=   23.5 channel on core I =   0.0 from L=   23,  Acc. loss =  0.0 D.
 Elastic phase shift   1 =    0.000   0.000 deg. for the L =   23, J =   23.5 channel.
      23.5  0.99999999  0.00000012i: elastic S-matrix  @@      0.00  0   0 F  0
 Reaction Xsec    23.5-/23 @ 1 =   8.475#, Out:   0.000#   3.574#   0.000f


 Total SPIN, PARITY =    24.5 +,      8 chs,      8 cc.  Rmin & Coul turning =    1.1   18.0
   S-matrix    1 =    1.00000   0.00000 for L=   24, J=   24.5 channel on core I =   0.0 from L=   24,  Acc. loss =  0.0 D.
 Elastic phase shift   1 =    0.000   0.000 deg. for the L =   24, J =   24.5 channel.
      24.5  0.99999999  0.00000005i: elastic S-matrix  @@      0.00  0   0 F  0
 Reaction Xsec    24.5+/24 @ 1 =   4.685#, Out:   0.000#   2.894#   0.000f


 Total SPIN, PARITY =    24.5 -,      8 chs,      8 cc.  Rmin & Coul turning =    1.1   18.0
   S-matrix    1 =    1.00000   0.00000 for L=   25, J=   24.5 channel on core I =   0.0 from L=   25,  Acc. loss =  0.0 D.
 Elastic phase shift   1 =    0.000   0.000 deg. for the L =   25, J =   24.5 channel.
      24.5  1.00000000  0.00000002i: elastic S-matrix  @@      0.00  0   0 F  0
 Reaction Xsec    24.5-/25 @ 1 =   2.893#, Out:   0.000#   2.266#   0.000f


 Total SPIN, PARITY =    25.5 +,      8 chs,      8 cc.  Rmin & Coul turning =    1.2   18.7
   S-matrix    1 =    1.00000   0.00000 for L=   26, J=   25.5 channel on core I =   0.0 from L=   26,  Acc. loss =  0.0 D.
 Elastic phase shift   1 =    0.000   0.000 deg. for the L =   26, J =   25.5 channel.
      25.5  1.00000000  0.00000001i: elastic S-matrix  @@      0.00  0   0 F  0
 Reaction Xsec    25.5+/26 @ 1 =   2.085#, Out:   0.000#   1.857#   0.000f


 Total SPIN, PARITY =    25.5 -,      8 chs,      8 cc.  Rmin & Coul turning =    1.2   18.7
   S-matrix    1 =    1.00000   0.00000 for L=   25, J=   25.5 channel on core I =   0.0 from L=   25,  Acc. loss =  0.0 D.
 Elastic phase shift   1 =    0.000   0.000 deg. for the L =   25, J =   25.5 channel.
      25.5  1.00000000  0.00000002i: elastic S-matrix  @@      0.00  0   0 F  0
 Reaction Xsec    25.5-/25 @ 1 =   3.009#, Out:   0.000#   2.356#   0.000f


 Total SPIN, PARITY =    26.5 +,      8 chs,      8 cc.  Rmin & Coul turning =    1.2   19.4
   S-matrix    1 =    1.00000   0.00000 for L=   26, J=   26.5 channel on core I =   0.0 from L=   26,  Acc. loss =  0.0 D.
 Elastic phase shift   1 =    0.000   0.000 deg. for the L =   26, J =   26.5 channel.
      26.5  1.00000000  0.00000001i: elastic S-matrix  @@      0.00  0   0 F  0
 Reaction Xsec    26.5+/26 @ 1 =   2.165#, Out:   0.000#   1.928#   0.000f


 Total SPIN, PARITY =    26.5 -,      8 chs,      8 cc.  Rmin & Coul turning =    1.2   19.4
   S-matrix    1 =    1.00000   0.00000 for L=   27, J=   26.5 channel on core I =   0.0 from L=   27,  Acc. loss =  0.0 D.
 Elastic phase shift   1 =    0.000   0.000 deg. for the L =   27, J =   26.5 channel.
      26.5  1.00000000  0.00000000i: elastic S-matrix  @@      0.00  0   0 F  0
 Reaction Xsec    26.5-/27 @ 1 =   1.613#, Out:   0.000#   1.530#   0.000f


 Total SPIN, PARITY =    27.5 +,      8 chs,      8 cc.  Rmin & Coul turning =    1.3   20.1
   S-matrix    1 =    1.00000   0.00000 for L=   28, J=   27.5 channel on core I =   0.0 from L=   28,  Acc. loss =  0.0 D.
 Elastic phase shift   1 =    0.000   0.000 deg. for the L =   28, J =   27.5 channel.
      27.5  1.00000000  0.00000000i: elastic S-matrix  @@      0.00  0   0 F  0
 Reaction Xsec    27.5+/28 @ 1 =   1.294#, Out:   0.000#   1.264#   0.000f


 Total SPIN, PARITY =    27.5 -,      8 chs,      8 cc.  Rmin & Coul turning =    1.3   20.1
   S-matrix    1 =    1.00000   0.00000 for L=   27, J=   27.5 channel on core I =   0.0 from L=   27,  Acc. loss =  0.0 D.
 Elastic phase shift   1 =    0.000   0.000 deg. for the L =   27, J =   27.5 channel.
      27.5  1.00000000  0.00000000i: elastic S-matrix  @@      0.00  0   0 F  0
 Reaction Xsec    27.5-/27 @ 1 =   1.673#, Out:   0.000#   1.587#   0.000f


 Total SPIN, PARITY =    28.5 +,      8 chs,      8 cc.  Rmin & Coul turning =    1.3   20.9
   S-matrix    1 =    1.00000   0.00000 for L=   28, J=   28.5 channel on core I =   0.0 from L=   28,  Acc. loss =  0.0 D.
 Elastic phase shift   1 =    0.000   0.000 deg. for the L =   28, J =   28.5 channel.
      28.5  1.00000000  0.00000000i: elastic S-matrix  @@      0.00  0   0 F  0
 Reaction Xsec    28.5+/28 @ 1 =   1.340#, Out:   0.000#   1.309#   0.000f


 Total SPIN, PARITY =    28.5 -,      8 chs,      8 cc.  Rmin & Coul turning =    1.3   20.9
   S-matrix    1 =    1.00000   0.00000 for L=   29, J=   28.5 channel on core I =   0.0 from L=   29,  Acc. loss =  0.0 D.
 Elastic phase shift   1 =    0.000   0.000 deg. for the L =   29, J =   28.5 channel.
      28.5  1.00000000  0.00000000i: elastic S-matrix  @@      0.00  0   0 F  0
 Reaction Xsec    28.5-/29 @ 1 =   1.061#, Out:   0.000#   1.050#   0.000f


 Total SPIN, PARITY =    29.5 +,      8 chs,      8 cc.  Rmin & Coul turning =    1.4   21.6
   S-matrix    1 =    1.00000   0.00000 for L=   30, J=   29.5 channel on core I =   0.0 from L=   30,  Acc. loss =  0.0 D.
 Elastic phase shift   1 =    0.000   0.000 deg. for the L =   30, J =   29.5 channel.
      29.5  1.00000000  0.00000000i: elastic S-matrix  @@      0.00  0   0 F  0
 Reaction Xsec    29.5+/30 @ 1 =   0.878#, Out:   0.000#   0.874#   0.000f


 Total SPIN, PARITY =    29.5 -,      8 chs,      8 cc.  Rmin & Coul turning =    1.4   21.6
   S-matrix    1 =    1.00000   0.00000 for L=   29, J=   29.5 channel on core I =   0.0 from L=   29,  Acc. loss =  0.0 D.
 Elastic phase shift   1 =    0.000   0.000 deg. for the L =   29, J =   29.5 channel.
      29.5  1.00000000  0.00000000i: elastic S-matrix  @@      0.00  0   0 F  0
 Reaction Xsec    29.5-/29 @ 1 =   1.097#, Out:   0.000#   1.086#   0.000f


 Total SPIN, PARITY =    30.5 +,      8 chs,      8 cc.  Rmin & Coul turning =    1.4   22.3
   S-matrix    1 =    1.00000   0.00000 for L=   30, J=   30.5 channel on core I =   0.0 from L=   30,  Acc. loss =  0.0 D.
 Elastic phase shift   1 =    0.000   0.000 deg. for the L =   30, J =   30.5 channel.
      30.5  1.00000000  0.00000000i: elastic S-matrix  @@      0.00  0   0 F  0
 Reaction Xsec    30.5+/30 @ 1 =   0.908#, Out:   0.000#   0.904#   0.000f


 Total SPIN, PARITY =    30.5 -,      8 chs,      8 cc.  Rmin & Coul turning =    1.4   22.3
   S-matrix    1 =    1.00000   0.00000 for L=   31, J=   30.5 channel on core I =   0.0 from L=   31,  Acc. loss =  0.0 D.
 Elastic phase shift   1 =    0.000   0.000 deg. for the L =   31, J =   30.5 channel.
      30.5  1.00000000  0.00000000i: elastic S-matrix  @@      0.00  0   0 F  0
 Reaction Xsec    30.5-/31 @ 1 =   0.731#, Out:   0.000#   0.730#   0.000f


 Total SPIN, PARITY =    31.5 +,      8 chs,      8 cc.  Rmin & Coul turning =    1.5   23.0
   S-matrix    1 =    1.00000   0.00000 for L=   32, J=   31.5 channel on core I =   0.0 from L=   32,  Acc. loss =  0.0 D.
 Elastic phase shift   1 =    0.000   0.000 deg. for the L =   32, J =   31.5 channel.
      31.5  1.00000000  0.00000000i: elastic S-matrix  @@      0.00  0   0 F  0
 Reaction Xsec    31.5+/32 @ 1 =   0.613#, Out:   0.000#   0.612#   0.000f


 Total SPIN, PARITY =    31.5 -,      8 chs,      8 cc.  Rmin & Coul turning =    1.5   23.0
   S-matrix    1 =    1.00000   0.00000 for L=   31, J=   31.5 channel on core I =   0.0 from L=   31,  Acc. loss =  0.0 D.
 Elastic phase shift   1 =    0.000   0.000 deg. for the L =   31, J =   31.5 channel.
      31.5  1.00000000  0.00000000i: elastic S-matrix  @@      0.00  0   0 F  0
 Reaction Xsec    31.5-/31 @ 1 =   0.755#, Out:   0.000#   0.753#   0.000f


 Total SPIN, PARITY =    32.5 +,      8 chs,      8 cc.  Rmin & Coul turning =    1.5   23.8
   S-matrix    1 =    1.00000   0.00000 for L=   32, J=   32.5 channel on core I =   0.0 from L=   32,  Acc. loss =  0.0 D.
 Elastic phase shift   1 =    0.000   0.000 deg. for the L =   32, J =   32.5 channel.
      32.5  1.00000000  0.00000000i: elastic S-matrix  @@      0.00  0   0 F  0
 Reaction Xsec    32.5+/32 @ 1 =   0.632#, Out:   0.000#   0.631#   0.000f


 Total SPIN, PARITY =    32.5 -,      8 chs,      8 cc.  Rmin & Coul turning =    1.5   23.8
   S-matrix    1 =    1.00000   0.00000 for L=   33, J=   32.5 channel on core I =   0.0 from L=   33,  Acc. loss =  0.0 D.
 Elastic phase shift   1 =    0.000   0.000 deg. for the L =   33, J =   32.5 channel.
      32.5  1.00000000  0.00000000i: elastic S-matrix  @@      0.00  0   0 F  0
 Reaction Xsec    32.5-/33 @ 1 =   0.514#, Out:   0.000#   0.514#   0.000f


 Total SPIN, PARITY =    33.5 +,      8 chs,      8 cc.  Rmin & Coul turning =    1.6   24.5
   S-matrix    1 =    1.00000   0.00000 for L=   34, J=   33.5 channel on core I =   0.0 from L=   34,  Acc. loss =  0.0 D.
 Elastic phase shift   1 =    0.000   0.000 deg. for the L =   34, J =   33.5 channel.
      33.5  1.00000000  0.00000000i: elastic S-matrix  @@      0.00  0   0 F  0
 Reaction Xsec    33.5+/34 @ 1 =   0.432#, Out:   0.000#   0.432#   0.000f


 Total SPIN, PARITY =    33.5 -,      8 chs,      8 cc.  Rmin & Coul turning =    1.6   24.5
   S-matrix    1 =    1.00000   0.00000 for L=   33, J=   33.5 channel on core I =   0.0 from L=   33,  Acc. loss =  0.0 D.
 Elastic phase shift   1 =    0.000   0.000 deg. for the L =   33, J =   33.5 channel.
      33.5  1.00000000  0.00000000i: elastic S-matrix  @@      0.00  0   0 F  0
 Reaction Xsec    33.5-/33 @ 1 =   0.529#, Out:   0.000#   0.529#   0.000f


 Total SPIN, PARITY =    34.5 +,      8 chs,      8 cc.  Rmin & Coul turning =    1.6   25.2
   S-matrix    1 =    1.00000   0.00000 for L=   34, J=   34.5 channel on core I =   0.0 from L=   34,  Acc. loss =  0.0 D.
 Elastic phase shift   1 =    0.000   0.000 deg. for the L =   34, J =   34.5 channel.
      34.5  1.00000000  0.00000000i: elastic S-matrix  @@      0.00  0   0 F  0
 Reaction Xsec    34.5+/34 @ 1 =   0.445#, Out:   0.000#   0.445#   0.000f


 Total SPIN, PARITY =    34.5 -,      8 chs,      8 cc.  Rmin & Coul turning =    1.6   25.2
   S-matrix    1 =    1.00000   0.00000 for L=   35, J=   34.5 channel on core I =   0.0 from L=   35,  Acc. loss =  0.0 D.
 Elastic phase shift   1 =    0.000   0.000 deg. for the L =   35, J =   34.5 channel.
      34.5  1.00000000  0.00000000i: elastic S-matrix  @@      0.00  0   0 F  0
 Reaction Xsec    34.5-/35 @ 1 =   0.365#, Out:   0.000#   0.365#   0.000f


 Total SPIN, PARITY =    35.5 +,      8 chs,      8 cc.  Rmin & Coul turning =    1.7   26.0
   S-matrix    1 =    1.00000   0.00000 for L=   36, J=   35.5 channel on core I =   0.0 from L=   36,  Acc. loss =  0.0 D.
 Elastic phase shift   1 =    0.000   0.000 deg. for the L =   36, J =   35.5 channel.
      35.5  1.00000000  0.00000000i: elastic S-matrix  @@      0.00  0   0 F  0
 Reaction Xsec    35.5+/36 @ 1 =   0.308#, Out:   0.000#   0.308#   0.000f


 Total SPIN, PARITY =    35.5 -,      8 chs,      8 cc.  Rmin & Coul turning =    1.7   26.0
   S-matrix    1 =    1.00000   0.00000 for L=   35, J=   35.5 channel on core I =   0.0 from L=   35,  Acc. loss =  0.0 D.
 Elastic phase shift   1 =    0.000   0.000 deg. for the L =   35, J =   35.5 channel.
      35.5  1.00000000  0.00000000i: elastic S-matrix  @@      0.00  0   0 F  0
 Reaction Xsec    35.5-/35 @ 1 =   0.376#, Out:   0.000#   0.376#   0.000f


 Total SPIN, PARITY =    36.5 +,      8 chs,      8 cc.  Rmin & Coul turning =    1.7   26.7
   S-matrix    1 =    1.00000   0.00000 for L=   36, J=   36.5 channel on core I =   0.0 from L=   36,  Acc. loss =  0.0 D.
 Elastic phase shift   1 =    0.000   0.000 deg. for the L =   36, J =   36.5 channel.
      36.5  1.00000000  0.00000000i: elastic S-matrix  @@      0.00  0   0 F  0
 Reaction Xsec    36.5+/36 @ 1 =   0.317#, Out:   0.000#   0.317#   0.000f


 Total SPIN, PARITY =    36.5 -,      8 chs,      8 cc.  Rmin & Coul turning =    1.7   26.7
   S-matrix    1 =    1.00000   0.00000 for L=   37, J=   36.5 channel on core I =   0.0 from L=   37,  Acc. loss =  0.0 D.
 Elastic phase shift   1 =    0.000   0.000 deg. for the L =   37, J =   36.5 channel.
      36.5  1.00000000  0.00000000i: elastic S-matrix  @@      0.00  0   0 F  0
 Reaction Xsec    36.5-/37 @ 1 =   0.261#, Out:   0.000#   0.261#   0.000f


 Total SPIN, PARITY =    37.5 +,      8 chs,      8 cc.  Rmin & Coul turning =    1.8   27.4
   S-matrix    1 =    1.00000   0.00000 for L=   38, J=   37.5 channel on core I =   0.0 from L=   38,  Acc. loss =  0.0 D.
 Elastic phase shift   1 =    0.000   0.000 deg. for the L =   38, J =   37.5 channel.
      37.5  1.00000000  0.00000000i: elastic S-matrix  @@      0.00  0   0 F  0
 Reaction Xsec    37.5+/38 @ 1 =   0.222#, Out:   0.000#   0.222#   0.000f


 Total SPIN, PARITY =    37.5 -,      8 chs,      8 cc.  Rmin & Coul turning =    1.8   27.4
   S-matrix    1 =    1.00000   0.00000 for L=   37, J=   37.5 channel on core I =   0.0 from L=   37,  Acc. loss =  0.0 D.
 Elastic phase shift   1 =    0.000   0.000 deg. for the L =   37, J =   37.5 channel.
      37.5  1.00000000  0.00000000i: elastic S-matrix  @@      0.00  0   0 F  0
 Reaction Xsec    37.5-/37 @ 1 =   0.268#, Out:   0.000#   0.268#   0.000f


 Total SPIN, PARITY =    38.5 +,      8 chs,      8 cc.  Rmin & Coul turning =    1.8   28.1
   S-matrix    1 =    1.00000   0.00000 for L=   38, J=   38.5 channel on core I =   0.0 from L=   38,  Acc. loss =  0.0 D.
 Elastic phase shift   1 =    0.000   0.000 deg. for the L =   38, J =   38.5 channel.
      38.5  1.00000000  0.00000000i: elastic S-matrix  @@      0.00  0   0 F  0
 Reaction Xsec    38.5+/38 @ 1 =   0.228#, Out:   0.000#   0.228#   0.000f


 Total SPIN, PARITY =    38.5 -,      8 chs,      8 cc.  Rmin & Coul turning =    1.8   28.1
   S-matrix    1 =    1.00000   0.00000 for L=   39, J=   38.5 channel on core I =   0.0 from L=   39,  Acc. loss =  0.0 D.
 Elastic phase shift   1 =    0.000   0.000 deg. for the L =   39, J =   38.5 channel.
      38.5  1.00000000  0.00000000i: elastic S-matrix  @@      0.00  0   0 F  0
 Reaction Xsec    38.5-/39 @ 1 =   0.188#, Out:   0.000#   0.188#  -0.000f


 Total SPIN, PARITY =    39.5 +,      8 chs,      8 cc.  Rmin & Coul turning =    1.9   28.9
   S-matrix    1 =    1.00000   0.00000 for L=   40, J=   39.5 channel on core I =   0.0 from L=   40,  Acc. loss =  0.0 D.
 Elastic phase shift   1 =    0.000   0.000 deg. for the L =   40, J =   39.5 channel.
      39.5  1.00000000  0.00000000i: elastic S-matrix  @@      0.00  0   0 F  0
 Reaction Xsec    39.5+/40 @ 1 =   0.161#, Out:   0.000#   0.161#   0.000f


 Total SPIN, PARITY =    39.5 -,      8 chs,      8 cc.  Rmin & Coul turning =    1.9   28.9
   S-matrix    1 =    1.00000   0.00000 for L=   39, J=   39.5 channel on core I =   0.0 from L=   39,  Acc. loss =  0.0 D.
 Elastic phase shift   1 =    0.000   0.000 deg. for the L =   39, J =   39.5 channel.
      39.5  1.00000000  0.00000000i: elastic S-matrix  @@      0.00  0   0 F  0
 Reaction Xsec    39.5-/39 @ 1 =   0.193#, Out:   0.000#   0.193#   0.000f


 Total SPIN, PARITY =    40.5 +,      8 chs,      8 cc.  Rmin & Coul turning =    1.9   29.6
   S-matrix    1 =    1.00000   0.00000 for L=   40, J=   40.5 channel on core I =   0.0 from L=   40,  Acc. loss =  0.0 D.
 Elastic phase shift   1 =    0.000   0.000 deg. for the L =   40, J =   40.5 channel.
      40.5  1.00000000  0.00000000i: elastic S-matrix  @@      0.00  0   0 F  0
 Reaction Xsec    40.5+/40 @ 1 =   0.165#, Out:   0.000#   0.165#   0.000f


 Total SPIN, PARITY =    40.5 -,      8 chs,      8 cc.  Rmin & Coul turning =    1.9   29.6
   S-matrix    1 =    1.00000   0.00000 for L=   41, J=   40.5 channel on core I =   0.0 from L=   41,  Acc. loss =  0.0 D.
 Elastic phase shift   1 =    0.000   0.000 deg. for the L =   41, J =   40.5 channel.
      40.5  1.00000000  0.00000000i: elastic S-matrix  @@      0.00  0   0 F  0
 Reaction Xsec    40.5-/41 @ 1 =   0.137#, Out:   0.000#   0.137#  -0.000f


 Total SPIN, PARITY =    41.5 +,      8 chs,      8 cc.  Rmin & Coul turning =    1.9   30.3
   S-matrix    1 =    1.00000   0.00000 for L=   42, J=   41.5 channel on core I =   0.0 from L=   42,  Acc. loss =  0.0 D.
 Elastic phase shift   1 =    0.000   0.000 deg. for the L =   42, J =   41.5 channel.
      41.5  1.00000000  0.00000000i: elastic S-matrix  @@      0.00  0   0 F  0
 Reaction Xsec    41.5+/42 @ 1 =   0.117#, Out:   0.000#   0.117#  -0.000f


 Total SPIN, PARITY =    41.5 -,      8 chs,      8 cc.  Rmin & Coul turning =    1.9   30.3
   S-matrix    1 =    1.00000   0.00000 for L=   41, J=   41.5 channel on core I =   0.0 from L=   41,  Acc. loss =  0.0 D.
 Elastic phase shift   1 =    0.000   0.000 deg. for the L =   41, J =   41.5 channel.
      41.5  1.00000000  0.00000000i: elastic S-matrix  @@      0.00  0   0 F  0
 Reaction Xsec    41.5-/41 @ 1 =   0.141#, Out:   0.000#   0.141#  -0.000f


 Total SPIN, PARITY =    42.5 +,      8 chs,      8 cc.  Rmin & Coul turning =    2.0   31.1
   S-matrix    1 =    1.00000   0.00000 for L=   42, J=   42.5 channel on core I =   0.0 from L=   42,  Acc. loss =  0.0 D.
 Elastic phase shift   1 =    0.000   0.000 deg. for the L =   42, J =   42.5 channel.
      42.5  1.00000000  0.00000000i: elastic S-matrix  @@      0.00  0   0 F  0
 Reaction Xsec    42.5+/42 @ 1 =   0.120#, Out:   0.000#   0.120#  -0.000f


 Total SPIN, PARITY =    42.5 -,      8 chs,      8 cc.  Rmin & Coul turning =    2.0   31.1
   S-matrix    1 =    1.00000   0.00000 for L=   43, J=   42.5 channel on core I =   0.0 from L=   43,  Acc. loss =  0.0 D.
 Elastic phase shift   1 =    0.000   0.000 deg. for the L =   43, J =   42.5 channel.
      42.5  1.00000000  0.00000000i: elastic S-matrix  @@      0.00  0   0 F  0
 Reaction Xsec    42.5-/43 @ 1 =   0.100#, Out:   0.000#   0.100#   0.000f


 Total SPIN, PARITY =    43.5 +,      8 chs,      8 cc.  Rmin & Coul turning =    2.0   31.8
   S-matrix    1 =    1.00000   0.00000 for L=   44, J=   43.5 channel on core I =   0.0 from L=   44,  Acc. loss =  0.0 D.
 Elastic phase shift   1 =    0.000   0.000 deg. for the L =   44, J =   43.5 channel.
      43.5  1.00000000  0.00000000i: elastic S-matrix  @@      0.00  0   0 F  0
 Reaction Xsec    43.5+/44 @ 1 =   0.086#, Out:   0.000#   0.086#   0.000f


 Total SPIN, PARITY =    43.5 -,      8 chs,      8 cc.  Rmin & Coul turning =    2.0   31.8
   S-matrix    1 =    1.00000   0.00000 for L=   43, J=   43.5 channel on core I =   0.0 from L=   43,  Acc. loss =  0.0 D.
 Elastic phase shift   1 =    0.000   0.000 deg. for the L =   43, J =   43.5 channel.
      43.5  1.00000000  0.00000000i: elastic S-matrix  @@      0.00  0   0 F  0
 Reaction Xsec    43.5-/43 @ 1 =   0.102#, Out:   0.000#   0.102#   0.000f


 Total SPIN, PARITY =    44.5 +,      8 chs,      8 cc.  Rmin & Coul turning =    2.1   32.5
   S-matrix    1 =    1.00000   0.00000 for L=   44, J=   44.5 channel on core I =   0.0 from L=   44,  Acc. loss =  0.0 D.
 Elastic phase shift   1 =    0.000   0.000 deg. for the L =   44, J =   44.5 channel.
      44.5  1.00000000  0.00000000i: elastic S-matrix  @@      0.00  0   0 F  0
 Reaction Xsec    44.5+/44 @ 1 =   0.088#, Out:   0.000#   0.088#   0.000f


 Total SPIN, PARITY =    44.5 -,      8 chs,      8 cc.  Rmin & Coul turning =    2.1   32.5
   S-matrix    1 =    1.00000   0.00000 for L=   45, J=   44.5 channel on core I =   0.0 from L=   45,  Acc. loss =  0.0 D.
 Elastic phase shift   1 =    0.000   0.000 deg. for the L =   45, J =   44.5 channel.
      44.5  1.00000000  0.00000000i: elastic S-matrix  @@      0.00  0   0 F  0
 Reaction Xsec    44.5-/45 @ 1 =   0.074#, Out:   0.000#   0.074#  -0.000f


 Total SPIN, PARITY =    45.5 +,      8 chs,      8 cc.  Rmin & Coul turning =    2.2   33.2
   S-matrix    1 =    1.00000   0.00000 for L=   46, J=   45.5 channel on core I =   0.0 from L=   46,  Acc. loss =  0.0 D.
 Elastic phase shift   1 =    0.000   0.000 deg. for the L =   46, J =   45.5 channel.
      45.5  1.00000000  0.00000000i: elastic S-matrix  @@      0.00  0   0 F  0
 Reaction Xsec    45.5+/46 @ 1 =   0.063#, Out:   0.000#   0.063#   0.000f


 Total SPIN, PARITY =    45.5 -,      8 chs,      8 cc.  Rmin & Coul turning =    2.2   33.2
   S-matrix    1 =    1.00000   0.00000 for L=   45, J=   45.5 channel on core I =   0.0 from L=   45,  Acc. loss =  0.0 D.
 Elastic phase shift   1 =    0.000   0.000 deg. for the L =   45, J =   45.5 channel.
      45.5  1.00000000  0.00000000i: elastic S-matrix  @@      0.00  0   0 F  0
 Reaction Xsec    45.5-/45 @ 1 =   0.075#, Out:   0.000#   0.075#   0.000f


 Total SPIN, PARITY =    46.5 +,      8 chs,      8 cc.  Rmin & Coul turning =    2.2   34.0
   S-matrix    1 =    1.00000   0.00000 for L=   46, J=   46.5 channel on core I =   0.0 from L=   46,  Acc. loss =  0.0 D.
 Elastic phase shift   1 =    0.000   0.000 deg. for the L =   46, J =   46.5 channel.
      46.5  1.00000000  0.00000000i: elastic S-matrix  @@      0.00  0   0 F  0
 Reaction Xsec    46.5+/46 @ 1 =   0.065#, Out:   0.000#   0.065#   0.000f


 Total SPIN, PARITY =    46.5 -,      8 chs,      8 cc.  Rmin & Coul turning =    2.2   34.0
   S-matrix    1 =    1.00000   0.00000 for L=   47, J=   46.5 channel on core I =   0.0 from L=   47,  Acc. loss =  0.0 D.
 Elastic phase shift   1 =    0.000   0.000 deg. for the L =   47, J =   46.5 channel.
      46.5  1.00000000  0.00000000i: elastic S-matrix  @@      0.00  0   0 F  0
 Reaction Xsec    46.5-/47 @ 1 =   0.055#, Out:   0.000#   0.055#   0.000f


 Total SPIN, PARITY =    47.5 +,      8 chs,      8 cc.  Rmin & Coul turning =    2.2   34.7
   S-matrix    1 =    1.00000   0.00000 for L=   48, J=   47.5 channel on core I =   0.0 from L=   48,  Acc. loss =  0.0 D.
 Elastic phase shift   1 =    0.000   0.000 deg. for the L =   48, J =   47.5 channel.
      47.5  1.00000000  0.00000000i: elastic S-matrix  @@      0.00  0   0 F  0
 Reaction Xsec    47.5+/48 @ 1 =   0.047#, Out:   0.000#   0.047#  -0.000f


 Total SPIN, PARITY =    47.5 -,      8 chs,      8 cc.  Rmin & Coul turning =    2.2   34.7
   S-matrix    1 =    1.00000   0.00000 for L=   47, J=   47.5 channel on core I =   0.0 from L=   47,  Acc. loss =  0.0 D.
 Elastic phase shift   1 =    0.000   0.000 deg. for the L =   47, J =   47.5 channel.
      47.5  1.00000000  0.00000000i: elastic S-matrix  @@      0.00  0   0 F  0
 Reaction Xsec    47.5-/47 @ 1 =   0.056#, Out:   0.000#   0.056#  -0.000f


 Total SPIN, PARITY =    48.5 +,      8 chs,      8 cc.  Rmin & Coul turning =    2.3   35.4
   S-matrix    1 =    1.00000   0.00000 for L=   48, J=   48.5 channel on core I =   0.0 from L=   48,  Acc. loss =  0.0 D.
 Elastic phase shift   1 =    0.000   0.000 deg. for the L =   48, J =   48.5 channel.
      48.5  1.00000000  0.00000000i: elastic S-matrix  @@      0.00  0   0 F  0
 Reaction Xsec    48.5+/48 @ 1 =   0.048#, Out:   0.000#   0.048#   0.000f


 Total SPIN, PARITY =    48.5 -,      8 chs,      8 cc.  Rmin & Coul turning =    2.3   35.4
   S-matrix    1 =    1.00000   0.00000 for L=   49, J=   48.5 channel on core I =   0.0 from L=   49,  Acc. loss =  0.0 D.
 Elastic phase shift   1 =    0.000   0.000 deg. for the L =   49, J =   48.5 channel.
      48.5  1.00000000  0.00000000i: elastic S-matrix  @@      0.00  0   0 F  0
 Reaction Xsec    48.5-/49 @ 1 =   0.040#, Out:   0.000#   0.040#  -0.000f


 Total SPIN, PARITY =    49.5 +,      8 chs,      8 cc.  Rmin & Coul turning =    2.3   36.1
   S-matrix    1 =    1.00000   0.00000 for L=   50, J=   49.5 channel on core I =   0.0 from L=   50,  Acc. loss =  0.0 D.
 Elastic phase shift   1 =    0.000   0.000 deg. for the L =   50, J =   49.5 channel.
      49.5  1.00000000  0.00000000i: elastic S-matrix  @@      0.00  0   0 F  0
 Reaction Xsec    49.5+/50 @ 1 =   0.035#, Out:   0.000#   0.035#   0.000f


 Total SPIN, PARITY =    49.5 -,      8 chs,      8 cc.  Rmin & Coul turning =    2.3   36.1
   S-matrix    1 =    1.00000   0.00000 for L=   49, J=   49.5 channel on core I =   0.0 from L=   49,  Acc. loss =  0.0 D.
 Elastic phase shift   1 =    0.000   0.000 deg. for the L =   49, J =   49.5 channel.
      49.5  1.00000000  0.00000000i: elastic S-matrix  @@      0.00  0   0 F  0
 Reaction Xsec    49.5-/49 @ 1 =   0.041#, Out:   0.000#   0.041#   0.000f


 Total SPIN, PARITY =    50.5 +,      8 chs,      8 cc.  Rmin & Coul turning =    2.4   36.9
   S-matrix    1 =    1.00000   0.00000 for L=   50, J=   50.5 channel on core I =   0.0 from L=   50,  Acc. loss =  0.0 D.
 Elastic phase shift   1 =    0.000   0.000 deg. for the L =   50, J =   50.5 channel.
      50.5  1.00000000  0.00000000i: elastic S-matrix  @@      0.00  0   0 F  0
 Reaction Xsec    50.5+/50 @ 1 =   0.036#, Out:   0.000#   0.036#  -0.000f


 Total SPIN, PARITY =    50.5 -,      8 chs,      8 cc.  Rmin & Coul turning =    2.4   36.9
   S-matrix    1 =    1.00000   0.00000 for L=   51, J=   50.5 channel on core I =   0.0 from L=   51,  Acc. loss =  0.0 D.
 Elastic phase shift   1 =    0.000   0.000 deg. for the L =   51, J =   50.5 channel.
      50.5  1.00000000  0.00000000i: elastic S-matrix  @@      0.00  0   0 F  0
 Reaction Xsec    50.5-/51 @ 1 =   0.031#, Out:   0.000#   0.031#   0.000f

 Finished all CC sets @   0.307738006    
0CUMULATIVE REACTION cross section                 =  676.25983  <L> =     4.41  <L**2> =     23.4
0CUMULATIVE outgoing cross sections in partition 1 :    0.00000    7.77783
0Cumulative ABSORBTION by Imaginary Potentials     =  668.48200  <L> =     4.41  <L**2> =     23.4
   Fusion for specific p        M-states :  668.481997  668.481997
0CUMULATIVE OUTGOING cross section                 =    7.77783
 To convert to S-factors (MeV.mb = keV.b),  multiply by  1.3784E+02


 CROSS SECTIONS FOR OUTGOING p        & O20      in state #   1 with spins & parities 0.5  + &  0.0  +;  0

     3.00 deg.: X-S =   7.7940E+04 mb/sr,
+                                         /R =   7.4880E-01
     4.00 deg.: X-S =   2.1480E+04 mb/sr,
+                                         /R =   6.5199E-01
     5.00 deg.: X-S =  8303.491777 mb/sr,
+                                         /R =   6.1505E-01
     6.00 deg.: X-S =  4424.638625 mb/sr,
+                                         /R =   6.7922E-01
     7.00 deg.: X-S =  3106.562448 mb/sr,
+                                         /R =   8.8290E-01
     8.00 deg.: X-S =  2597.134372 mb/sr,
+                                         /R =   1.2582E+00
     9.00 deg.: X-S =  2357.513218 mb/sr,
+                                         /R =   1.8279E+00
    10.00 deg.: X-S =  2204.402927 mb/sr,
+                                         /R =   2.6026E+00
    11.00 deg.: X-S =  2072.763098 mb/sr,
+                                         /R =   3.5791E+00
    12.00 deg.: X-S =  1940.390317 mb/sr,
+                                         /R =   4.7398E+00
    13.00 deg.: X-S =  1801.385501 mb/sr,
+                                         /R =   6.0530E+00
    14.00 deg.: X-S =  1656.095230 mb/sr,
+                                         /R =   7.4747E+00
    15.00 deg.: X-S =  1507.090421 mb/sr,
+                                         /R =   8.9508E+00
    16.00 deg.: X-S =  1357.505834 mb/sr,
+                                         /R =   1.0421E+01
    17.00 deg.: X-S =  1210.350318 mb/sr,
+                                         /R =   1.1821E+01
    18.00 deg.: X-S =  1068.232029 mb/sr,
+                                         /R =   1.3090E+01
    19.00 deg.: X-S =   933.266427 mb/sr,
+                                         /R =   1.4170E+01
    20.00 deg.: X-S =   807.066601 mb/sr,
+                                         /R =   1.5015E+01
    21.00 deg.: X-S =   690.771194 mb/sr,
+                                         /R =   1.5588E+01
    22.00 deg.: X-S =   585.089430 mb/sr,
+                                         /R =   1.5869E+01
    23.00 deg.: X-S =   490.353492 mb/sr,
+                                         /R =   1.5851E+01
    24.00 deg.: X-S =   406.573353 mb/sr,
+                                         /R =   1.5545E+01
    25.00 deg.: X-S =   333.491333 mb/sr,
+                                         /R =   1.4975E+01
    26.00 deg.: X-S =   270.634741 mb/sr,
+                                         /R =   1.4180E+01
    27.00 deg.: X-S =   217.365458 mb/sr,
+                                         /R =   1.3209E+01
    28.00 deg.: X-S =   172.925637 mb/sr,
+                                         /R =   1.2120E+01
    29.00 deg.: X-S =   136.478943 mb/sr,
+                                         /R =   1.0975E+01
    30.00 deg.: X-S =   107.146919 mb/sr,
+                                         /R =   9.8377E+00
    31.00 deg.: X-S =    84.040280 mb/sr,
+                                         /R =   8.7703E+00
    32.00 deg.: X-S =    66.285076 mb/sr,
+                                         /R =   7.8288E+00
    33.00 deg.: X-S =    53.043819 mb/sr,
+                                         /R =   7.0621E+00
    34.00 deg.: X-S =    43.531816 mb/sr,
+                                         /R =   6.5085E+00
    35.00 deg.: X-S =    37.029030 mb/sr,
+                                         /R =   6.1950E+00
    36.00 deg.: X-S =    32.887904 mb/sr,
+                                         /R =   6.1361E+00
    37.00 deg.: X-S =    30.537605 mb/sr,
+                                         /R =   6.3339E+00
    38.00 deg.: X-S =    29.485201 mb/sr,
+                                         /R =   6.7780E+00
    39.00 deg.: X-S =    29.314303 mb/sr,
+                                         /R =   7.4472E+00
    40.00 deg.: X-S =    29.681647 mb/sr,
+                                         /R =   8.3104E+00
    41.00 deg.: X-S =    30.312132 mb/sr,
+                                         /R =   9.3293E+00
    42.00 deg.: X-S =    30.992742 mb/sr,
+                                         /R =   1.0459E+01
    43.00 deg.: X-S =    31.565759 mb/sr,
+                                         /R =   1.1653E+01
    44.00 deg.: X-S =    31.921611 mb/sr,
+                                         /R =   1.2862E+01
    45.00 deg.: X-S =    31.991666 mb/sr,
+                                         /R =   1.4039E+01
    46.00 deg.: X-S =    31.741196 mb/sr,
+                                         /R =   1.5138E+01
    47.00 deg.: X-S =    31.162714 mb/sr,
+                                         /R =   1.6120E+01
    48.00 deg.: X-S =    30.269820 mb/sr,
+                                         /R =   1.6951E+01
    49.00 deg.: X-S =    29.091656 mb/sr,
+                                         /R =   1.7604E+01
    50.00 deg.: X-S =    27.668025 mb/sr,
+                                         /R =   1.8059E+01
    51.00 deg.: X-S =    26.045207 mb/sr,
+                                         /R =   1.8306E+01
    52.00 deg.: X-S =    24.272455 mb/sr,
+                                         /R =   1.8341E+01
    53.00 deg.: X-S =    22.399158 mb/sr,
+                                         /R =   1.8166E+01
    54.00 deg.: X-S =    20.472622 mb/sr,
+                                         /R =   1.7795E+01
    55.00 deg.: X-S =    18.536422 mb/sr,
+                                         /R =   1.7242E+01
    56.00 deg.: X-S =    16.629250 mb/sr,
+                                         /R =   1.6529E+01
    57.00 deg.: X-S =    14.784208 mb/sr,
+                                         /R =   1.5681E+01
    58.00 deg.: X-S =    13.028463 mb/sr,
+                                         /R =   1.4727E+01
    59.00 deg.: X-S =    11.383210 mb/sr,
+                                         /R =   1.3695E+01
    60.00 deg.: X-S =     9.863879 mb/sr,
+                                         /R =   1.2614E+01
    61.00 deg.: X-S =     8.480510 mb/sr,
+                                         /R =   1.1514E+01
    62.00 deg.: X-S =     7.238277 mb/sr,
+                                         /R =   1.0421E+01
    63.00 deg.: X-S =     6.138085 mb/sr,
+                                         /R =   9.3606E+00
    64.00 deg.: X-S =     5.177209 mb/sr,
+                                         /R =   8.3534E+00
    65.00 deg.: X-S =     4.349960 mb/sr,
+                                         /R =   7.4179E+00
    66.00 deg.: X-S =     3.648318 mb/sr,
+                                         /R =   6.5684E+00
    67.00 deg.: X-S =     3.062545 mb/sr,
+                                         /R =   5.8153E+00
    68.00 deg.: X-S =     2.581744 mb/sr,
+                                         /R =   5.1652E+00
    69.00 deg.: X-S =     2.194356 mb/sr,
+                                         /R =   4.6211E+00
    70.00 deg.: X-S =     1.888596 mb/sr,
+                                         /R =   4.1825E+00
    71.00 deg.: X-S =     1.652815 mb/sr,
+                                         /R =   3.8457E+00
    72.00 deg.: X-S =     1.475800 mb/sr,
+                                         /R =   3.6044E+00
    73.00 deg.: X-S =     1.347007 mb/sr,
+                                         /R =   3.4502E+00
    74.00 deg.: X-S =     1.256728 mb/sr,
+                                         /R =   3.3731E+00
    75.00 deg.: X-S =     1.196214 mb/sr,
+                                         /R =   3.3615E+00
    76.00 deg.: X-S =     1.157738 mb/sr,
+                                         /R =   3.4034E+00
    77.00 deg.: X-S =     1.134622 mb/sr,
+                                         /R =   3.4864E+00
    78.00 deg.: X-S =     1.121224 mb/sr,
+                                         /R =   3.5984E+00
    79.00 deg.: X-S =     1.112905 mb/sr,
+                                         /R =   3.7276E+00
    80.00 deg.: X-S =     1.105965 mb/sr,
+                                         /R =   3.8631E+00
    81.00 deg.: X-S =     1.097566 mb/sr,
+                                         /R =   3.9952E+00
    82.00 deg.: X-S =     1.085646 mb/sr,
+                                         /R =   4.1152E+00
    83.00 deg.: X-S =     1.068822 mb/sr,
+                                         /R =   4.2159E+00
    84.00 deg.: X-S =     1.046297 mb/sr,
+                                         /R =   4.2917E+00
    85.00 deg.: X-S =     1.017764 mb/sr,
+                                         /R =   4.3382E+00
    86.00 deg.: X-S =     0.983310 mb/sr,
+                                         /R =   4.3526E+00
    87.00 deg.: X-S =     0.943335 mb/sr,
+                                         /R =   4.3336E+00
    88.00 deg.: X-S =     0.898471 mb/sr,
+                                         /R =   4.2807E+00
    89.00 deg.: X-S =     0.849510 mb/sr,
+                                         /R =   4.1951E+00
    90.00 deg.: X-S =     0.797345 mb/sr,
+                                         /R =   4.0786E+00
    91.00 deg.: X-S =     0.742913 mb/sr,
+                                         /R =   3.9340E+00
    92.00 deg.: X-S =     0.687155 mb/sr,
+                                         /R =   3.7646E+00
    93.00 deg.: X-S =     0.630977 mb/sr,
+                                         /R =   3.5743E+00
    94.00 deg.: X-S =     0.575222 mb/sr,
+                                         /R =   3.3672E+00
    95.00 deg.: X-S =     0.520654 mb/sr,
+                                         /R =   3.1478E+00
    96.00 deg.: X-S =     0.467938 mb/sr,
+                                         /R =   2.9202E+00
    97.00 deg.: X-S =     0.417638 mb/sr,
+                                         /R =   2.6888E+00
    98.00 deg.: X-S =     0.370207 mb/sr,
+                                         /R =   2.4575E+00
    99.00 deg.: X-S =     0.325995 mb/sr,
+                                         /R =   2.2301E+00
   100.00 deg.: X-S =     0.285246 mb/sr,
+                                         /R =   2.0099E+00
   101.00 deg.: X-S =     0.248110 mb/sr,
+                                         /R =   1.7997E+00
   102.00 deg.: X-S =     0.214648 mb/sr,
+                                         /R =   1.6020E+00
   103.00 deg.: X-S =     0.184845 mb/sr,
+                                         /R =   1.4188E+00
   104.00 deg.: X-S =     0.158617 mb/sr,
+                                         /R =   1.2514E+00
   105.00 deg.: X-S =     0.135826 mb/sr,
+                                         /R =   1.1010E+00
   106.00 deg.: X-S =     0.116285 mb/sr,
+                                         /R =   9.6794E-01
   107.00 deg.: X-S =     0.099774 mb/sr,
+                                         /R =   8.5244E-01
   108.00 deg.: X-S =     0.086048 mb/sr,
+                                         /R =   7.5422E-01
   109.00 deg.: X-S =     0.074843 mb/sr,
+                                         /R =   6.7270E-01
   110.00 deg.: X-S =     0.065889 mb/sr,
+                                         /R =   6.0702E-01
   111.00 deg.: X-S =     0.058914 mb/sr,
+                                         /R =   5.5606E-01
   112.00 deg.: X-S =     0.053649 mb/sr,
+                                         /R =   5.1855E-01
   113.00 deg.: X-S =     0.049838 mb/sr,
+                                         /R =   4.9308E-01
   114.00 deg.: X-S =     0.047235 mb/sr,
+                                         /R =   4.7814E-01
   115.00 deg.: X-S =     0.045613 mb/sr,
+                                         /R =   4.7221E-01
   116.00 deg.: X-S =     0.044763 mb/sr,
+                                         /R =   4.7373E-01
   117.00 deg.: X-S =     0.044497 mb/sr,
+                                         /R =   4.8120E-01
   118.00 deg.: X-S =     0.044649 mb/sr,
+                                         /R =   4.9318E-01
   119.00 deg.: X-S =     0.045071 mb/sr,
+                                         /R =   5.0829E-01
   120.00 deg.: X-S =     0.045641 mb/sr,
+                                         /R =   5.2529E-01
   121.00 deg.: X-S =     0.046251 mb/sr,
+                                         /R =   5.4305E-01
   122.00 deg.: X-S =     0.046818 mb/sr,
+                                         /R =   5.6056E-01
   123.00 deg.: X-S =     0.047273 mb/sr,
+                                         /R =   5.7695E-01
   124.00 deg.: X-S =     0.047564 mb/sr,
+                                         /R =   5.9149E-01
   125.00 deg.: X-S =     0.047653 mb/sr,
+                                         /R =   6.0358E-01
   126.00 deg.: X-S =     0.047517 mb/sr,
+                                         /R =   6.1277E-01
   127.00 deg.: X-S =     0.047141 mb/sr,
+                                         /R =   6.1872E-01
   128.00 deg.: X-S =     0.046522 mb/sr,
+                                         /R =   6.2120E-01
   129.00 deg.: X-S =     0.045664 mb/sr,
+                                         /R =   6.2009E-01
   130.00 deg.: X-S =     0.044576 mb/sr,
+                                         /R =   6.1537E-01
   131.00 deg.: X-S =     0.043276 mb/sr,
+                                         /R =   6.0711E-01
   132.00 deg.: X-S =     0.041782 mb/sr,
+                                         /R =   5.9544E-01
   133.00 deg.: X-S =     0.040116 mb/sr,
+                                         /R =   5.8054E-01
   134.00 deg.: X-S =     0.038302 mb/sr,
+                                         /R =   5.6268E-01
   135.00 deg.: X-S =     0.036367 mb/sr,
+                                         /R =   5.4212E-01
   136.00 deg.: X-S =     0.034334 mb/sr,
+                                         /R =   5.1919E-01
   137.00 deg.: X-S =     0.032231 mb/sr,
+                                         /R =   4.9422E-01
   138.00 deg.: X-S =     0.030082 mb/sr,
+                                         /R =   4.6756E-01
   139.00 deg.: X-S =     0.027910 mb/sr,
+                                         /R =   4.3958E-01
   140.00 deg.: X-S =     0.025738 mb/sr,
+                                         /R =   4.1063E-01
   141.00 deg.: X-S =     0.023588 mb/sr,
+                                         /R =   3.8107E-01
   142.00 deg.: X-S =     0.021479 mb/sr,
+                                         /R =   3.5126E-01
   143.00 deg.: X-S =     0.019430 mb/sr,
+                                         /R =   3.2154E-01
   144.00 deg.: X-S =     0.017457 mb/sr,
+                                         /R =   2.9223E-01
   145.00 deg.: X-S =     0.015574 mb/sr,
+                                         /R =   2.6364E-01
   146.00 deg.: X-S =     0.013796 mb/sr,
+                                         /R =   2.3608E-01
   147.00 deg.: X-S =     0.012132 mb/sr,
+                                         /R =   2.0981E-01
   148.00 deg.: X-S =     0.010594 mb/sr,
+                                         /R =   1.8509E-01
   149.00 deg.: X-S =     0.009190 mb/sr,
+                                         /R =   1.6214E-01
   150.00 deg.: X-S =     0.007926 mb/sr,
+                                         /R =   1.4117E-01
   151.00 deg.: X-S =     0.006807 mb/sr,
+                                         /R =   1.2236E-01
   152.00 deg.: X-S =     0.005837 mb/sr,
+                                         /R =   1.0586E-01
   153.00 deg.: X-S =     0.005018 mb/sr,
+                                         /R =   9.1793E-02
   154.00 deg.: X-S =     0.004351 mb/sr,
+                                         /R =   8.0245E-02
   155.00 deg.: X-S =     0.003834 mb/sr,
+                                         /R =   7.1278E-02
   156.00 deg.: X-S =     0.003466 mb/sr,
+                                         /R =   6.4921E-02
   157.00 deg.: X-S =     0.003242 mb/sr,
+                                         /R =   6.1167E-02
   158.00 deg.: X-S =     0.003157 mb/sr,
+                                         /R =   5.9978E-02
   159.00 deg.: X-S =     0.003204 mb/sr,
+                                         /R =   6.1280E-02
   160.00 deg.: X-S =     0.003376 mb/sr,
+                                         /R =   6.4969E-02
   161.00 deg.: X-S =     0.003662 mb/sr,
+                                         /R =   7.0905E-02
   162.00 deg.: X-S =     0.004053 mb/sr,
+                                         /R =   7.8919E-02
   163.00 deg.: X-S =     0.004536 mb/sr,
+                                         /R =   8.8810E-02
   164.00 deg.: X-S =     0.005100 mb/sr,
+                                         /R =   1.0035E-01
   165.00 deg.: X-S =     0.005731 mb/sr,
+                                         /R =   1.1330E-01
   166.00 deg.: X-S =     0.006414 mb/sr,
+                                         /R =   1.2737E-01
   167.00 deg.: X-S =     0.007136 mb/sr,
+                                         /R =   1.4229E-01
   168.00 deg.: X-S =     0.007881 mb/sr,
+                                         /R =   1.5775E-01
   169.00 deg.: X-S =     0.008635 mb/sr,
+                                         /R =   1.7345E-01
   170.00 deg.: X-S =     0.009383 mb/sr,
+                                         /R =   1.8907E-01
   171.00 deg.: X-S =     0.010110 mb/sr,
+                                         /R =   2.0431E-01
   172.00 deg.: X-S =     0.010802 mb/sr,
+                                         /R =   2.1888E-01
   173.00 deg.: X-S =     0.011447 mb/sr,
+                                         /R =   2.3249E-01
   174.00 deg.: X-S =     0.012033 mb/sr,
+                                         /R =   2.4486E-01
   175.00 deg.: X-S =     0.012548 mb/sr,
+                                         /R =   2.5578E-01
   176.00 deg.: X-S =     0.012983 mb/sr,
+                                         /R =   2.6501E-01
   177.00 deg.: X-S =     0.013330 mb/sr,
+                                         /R =   2.7238E-01
   178.00 deg.: X-S =     0.013583 mb/sr,
+                                         /R =   2.7775E-01
   179.00 deg.: X-S =     0.013736 mb/sr,
+                                         /R =   2.8102E-01
   179.99 deg.: X-S =     0.013788 mb/sr,
+                                         /R =   2.8212E-01
                                           Integrated 1529.7546 mb, over [   3.000, 180.000] at    43.2700 MeV 

 CROSS SECTIONS FOR OUTGOING p        & O20      in state #   2 with spins & parities 0.5  + &  3.0  -;  0

     3.00 deg.: X-S =     0.652823 mb/sr,
+                                         REAC   7.7778E+00 mb
     4.00 deg.: X-S =     0.710198 mb/sr,
     5.00 deg.: X-S =     0.780671 mb/sr,
     6.00 deg.: X-S =     0.861760 mb/sr,
     7.00 deg.: X-S =     0.950927 mb/sr,
     8.00 deg.: X-S =     1.046023 mb/sr,
     9.00 deg.: X-S =     1.145519 mb/sr,
    10.00 deg.: X-S =     1.248426 mb/sr,
    11.00 deg.: X-S =     1.354024 mb/sr,
    12.00 deg.: X-S =     1.461605 mb/sr,
    13.00 deg.: X-S =     1.570404 mb/sr,
    14.00 deg.: X-S =     1.679746 mb/sr,
    15.00 deg.: X-S =     1.789266 mb/sr,
    16.00 deg.: X-S =     1.899022 mb/sr,
    17.00 deg.: X-S =     2.009423 mb/sr,
    18.00 deg.: X-S =     2.120995 mb/sr,
    19.00 deg.: X-S =     2.234126 mb/sr,
    20.00 deg.: X-S =     2.348897 mb/sr,
    21.00 deg.: X-S =     2.465033 mb/sr,
    22.00 deg.: X-S =     2.581939 mb/sr,
    23.00 deg.: X-S =     2.698735 mb/sr,
    24.00 deg.: X-S =     2.814266 mb/sr,
    25.00 deg.: X-S =     2.927086 mb/sr,
    26.00 deg.: X-S =     3.035456 mb/sr,
    27.00 deg.: X-S =     3.137384 mb/sr,
    28.00 deg.: X-S =     3.230695 mb/sr,
    29.00 deg.: X-S =     3.313135 mb/sr,
    30.00 deg.: X-S =     3.382469 mb/sr,
    31.00 deg.: X-S =     3.436591 mb/sr,
    32.00 deg.: X-S =     3.473626 mb/sr,
    33.00 deg.: X-S =     3.492033 mb/sr,
    34.00 deg.: X-S =     3.490677 mb/sr,
    35.00 deg.: X-S =     3.468872 mb/sr,
    36.00 deg.: X-S =     3.426395 mb/sr,
    37.00 deg.: X-S =     3.363475 mb/sr,
    38.00 deg.: X-S =     3.280794 mb/sr,
    39.00 deg.: X-S =     3.179481 mb/sr,
    40.00 deg.: X-S =     3.061102 mb/sr,
    41.00 deg.: X-S =     2.927615 mb/sr,
    42.00 deg.: X-S =     2.781293 mb/sr,
    43.00 deg.: X-S =     2.624621 mb/sr,
    44.00 deg.: X-S =     2.460208 mb/sr,
    45.00 deg.: X-S =     2.290703 mb/sr,
    46.00 deg.: X-S =     2.118744 mb/sr,
    47.00 deg.: X-S =     1.946907 mb/sr,
    48.00 deg.: X-S =     1.777640 mb/sr,
    49.00 deg.: X-S =     1.613197 mb/sr,
    50.00 deg.: X-S =     1.455571 mb/sr,
    51.00 deg.: X-S =     1.306455 mb/sr,
    52.00 deg.: X-S =     1.167228 mb/sr,
    53.00 deg.: X-S =     1.038953 mb/sr,
    54.00 deg.: X-S =     0.922394 mb/sr,
    55.00 deg.: X-S =     0.818008 mb/sr,
    56.00 deg.: X-S =     0.725949 mb/sr,
    57.00 deg.: X-S =     0.646082 mb/sr,
    58.00 deg.: X-S =     0.578014 mb/sr,
    59.00 deg.: X-S =     0.521139 mb/sr,
    60.00 deg.: X-S =     0.474688 mb/sr,
    61.00 deg.: X-S =     0.437770 mb/sr,
    62.00 deg.: X-S =     0.409393 mb/sr,
    63.00 deg.: X-S =     0.388488 mb/sr,
    64.00 deg.: X-S =     0.373940 mb/sr,
    65.00 deg.: X-S =     0.364622 mb/sr,
    66.00 deg.: X-S =     0.359443 mb/sr,
    67.00 deg.: X-S =     0.357376 mb/sr,
    68.00 deg.: X-S =     0.357477 mb/sr,
    69.00 deg.: X-S =     0.358893 mb/sr,
    70.00 deg.: X-S =     0.360857 mb/sr,
    71.00 deg.: X-S =     0.362695 mb/sr,
    72.00 deg.: X-S =     0.363837 mb/sr,
    73.00 deg.: X-S =     0.363829 mb/sr,
    74.00 deg.: X-S =     0.362337 mb/sr,
    75.00 deg.: X-S =     0.359134 mb/sr,
    76.00 deg.: X-S =     0.354090 mb/sr,
    77.00 deg.: X-S =     0.347153 mb/sr,
    78.00 deg.: X-S =     0.338337 mb/sr,
    79.00 deg.: X-S =     0.327718 mb/sr,
    80.00 deg.: X-S =     0.315432 mb/sr,
    81.00 deg.: X-S =     0.301663 mb/sr,
    82.00 deg.: X-S =     0.286630 mb/sr,
    83.00 deg.: X-S =     0.270575 mb/sr,
    84.00 deg.: X-S =     0.253746 mb/sr,
    85.00 deg.: X-S =     0.236391 mb/sr,
    86.00 deg.: X-S =     0.218754 mb/sr,
    87.00 deg.: X-S =     0.201069 mb/sr,
    88.00 deg.: X-S =     0.183560 mb/sr,
    89.00 deg.: X-S =     0.166432 mb/sr,
    90.00 deg.: X-S =     0.149867 mb/sr,
    91.00 deg.: X-S =     0.134020 mb/sr,
    92.00 deg.: X-S =     0.119019 mb/sr,
    93.00 deg.: X-S =     0.104963 mb/sr,
    94.00 deg.: X-S =     0.091929 mb/sr,
    95.00 deg.: X-S =     0.079971 mb/sr,
    96.00 deg.: X-S =     0.069117 mb/sr,
    97.00 deg.: X-S =     0.059377 mb/sr,
    98.00 deg.: X-S =     0.050737 mb/sr,
    99.00 deg.: X-S =     0.043170 mb/sr,
   100.00 deg.: X-S =     0.036630 mb/sr,
   101.00 deg.: X-S =     0.031062 mb/sr,
   102.00 deg.: X-S =     0.026403 mb/sr,
   103.00 deg.: X-S =     0.022580 mb/sr,
   104.00 deg.: X-S =     0.019517 mb/sr,
   105.00 deg.: X-S =     0.017137 mb/sr,
   106.00 deg.: X-S =     0.015359 mb/sr,
   107.00 deg.: X-S =     0.014104 mb/sr,
   108.00 deg.: X-S =     0.013294 mb/sr,
   109.00 deg.: X-S =     0.012855 mb/sr,
   110.00 deg.: X-S =     0.012717 mb/sr,
   111.00 deg.: X-S =     0.012816 mb/sr,
   112.00 deg.: X-S =     0.013094 mb/sr,
   113.00 deg.: X-S =     0.013499 mb/sr,
   114.00 deg.: X-S =     0.013983 mb/sr,
   115.00 deg.: X-S =     0.014505 mb/sr,
   116.00 deg.: X-S =     0.015029 mb/sr,
   117.00 deg.: X-S =     0.015527 mb/sr,
   118.00 deg.: X-S =     0.015973 mb/sr,
   119.00 deg.: X-S =     0.016352 mb/sr,
   120.00 deg.: X-S =     0.016650 mb/sr,
   121.00 deg.: X-S =     0.016858 mb/sr,
   122.00 deg.: X-S =     0.016970 mb/sr,
   123.00 deg.: X-S =     0.016983 mb/sr,
   124.00 deg.: X-S =     0.016897 mb/sr,
   125.00 deg.: X-S =     0.016715 mb/sr,
   126.00 deg.: X-S =     0.016442 mb/sr,
   127.00 deg.: X-S =     0.016086 mb/sr,
   128.00 deg.: X-S =     0.015655 mb/sr,
   129.00 deg.: X-S =     0.015157 mb/sr,
   130.00 deg.: X-S =     0.014601 mb/sr,
   131.00 deg.: X-S =     0.013995 mb/sr,
   132.00 deg.: X-S =     0.013350 mb/sr,
   133.00 deg.: X-S =     0.012673 mb/sr,
   134.00 deg.: X-S =     0.011976 mb/sr,
   135.00 deg.: X-S =     0.011265 mb/sr,
   136.00 deg.: X-S =     0.010549 mb/sr,
   137.00 deg.: X-S =     0.009834 mb/sr,
   138.00 deg.: X-S =     0.009128 mb/sr,
   139.00 deg.: X-S =     0.008436 mb/sr,
   140.00 deg.: X-S =     0.007763 mb/sr,
   141.00 deg.: X-S =     0.007113 mb/sr,
   142.00 deg.: X-S =     0.006491 mb/sr,
   143.00 deg.: X-S =     0.005900 mb/sr,
   144.00 deg.: X-S =     0.005342 mb/sr,
   145.00 deg.: X-S =     0.004818 mb/sr,
   146.00 deg.: X-S =     0.004331 mb/sr,
   147.00 deg.: X-S =     0.003882 mb/sr,
   148.00 deg.: X-S =     0.003470 mb/sr,
   149.00 deg.: X-S =     0.003096 mb/sr,
   150.00 deg.: X-S =     0.002759 mb/sr,
   151.00 deg.: X-S =     0.002459 mb/sr,
   152.00 deg.: X-S =     0.002196 mb/sr,
   153.00 deg.: X-S =     0.001968 mb/sr,
   154.00 deg.: X-S =     0.001774 mb/sr,
   155.00 deg.: X-S =     0.001613 mb/sr,
   156.00 deg.: X-S =     0.001482 mb/sr,
   157.00 deg.: X-S =     0.001380 mb/sr,
   158.00 deg.: X-S =     0.001306 mb/sr,
   159.00 deg.: X-S =     0.001256 mb/sr,
   160.00 deg.: X-S =     0.001230 mb/sr,
   161.00 deg.: X-S =     0.001225 mb/sr,
   162.00 deg.: X-S =     0.001239 mb/sr,
   163.00 deg.: X-S =     0.001270 mb/sr,
   164.00 deg.: X-S =     0.001315 mb/sr,
   165.00 deg.: X-S =     0.001371 mb/sr,
   166.00 deg.: X-S =     0.001438 mb/sr,
   167.00 deg.: X-S =     0.001511 mb/sr,
   168.00 deg.: X-S =     0.001590 mb/sr,
   169.00 deg.: X-S =     0.001672 mb/sr,
   170.00 deg.: X-S =     0.001755 mb/sr,
   171.00 deg.: X-S =     0.001837 mb/sr,
   172.00 deg.: X-S =     0.001915 mb/sr,
   173.00 deg.: X-S =     0.001989 mb/sr,
   174.00 deg.: X-S =     0.002056 mb/sr,
   175.00 deg.: X-S =     0.002115 mb/sr,
   176.00 deg.: X-S =     0.002166 mb/sr,
   177.00 deg.: X-S =     0.002206 mb/sr,
   178.00 deg.: X-S =     0.002236 mb/sr,
   179.00 deg.: X-S =     0.002255 mb/sr,
   180.00 deg.: X-S =     0.002261 mb/sr,
                                           Integrated    7.7743 mb, over [   3.000, 180.000] at    43.2700 MeV 
 Finished all xsecs @   0.311416000    

  The following files have been created:
   3:local copy of User input.            6:standard output.                   
   7:elastic  S-matrix elements.         13:total cross sections/state.        
  16:tables of cross sections.           35:Astrophysics S-factors  / Ecm.     
  38:cross sections for each J/pi.       39:cross sections for each Ecm.       
  40:all cross sectns. for each Elab.    45:scat phase shift as E functions.   
  56:Fusion for each Jtotal.             75:S-factors for lab energies.        
 201:Separate cross sections.           202:Separate cross sections.           

 PARAMETERS : MAXQRN   MFNL   MLOC  LMAX1 MCLIST
    ALLOWED :      1     64      9     70     15
    REQUIRED:      0      0      9     55      5


 ACCURACY ANALYSIS at    43.270 MeV :

  Elastic h*k = 0.041 so OK       compared with 0.200

   Real(S-el) > 0.01 first at J =       0.5
   Real(S-el) > 0.10 first at J =       4.5
   Real(S-el) > 0.50 first at J =       5.5
   Real(S-el) > 0.90 first at J =       7.5
   Real(S-el) > 0.99 first at J =       9.5
   R-turn =    36.87 fm    at J =      50.5

 Forward-angle excitation cut off below   0.432 deg by max JT =      50.5
                              and below   0.267 deg by max R.

 Total CPU  0 time =       0.31 seconds
