 FRESCO - FRES 3.4: Coupled Reaction Channels
 Assuming NAMELIST input.

 p+O20 with CH89;                                                                

   0.030  60.000   0.500   0.000   0.000   0.000   0.000   0.000   0.000   0.000

 Centre-of-mass Range is   2002 * 0.0300 fm., Maximum at  60.00 fm., Interpolating NL forms every  0.51 fm.
 Non - locality width is      4 * 0.0300 fm., Maximum of   0.09 fm., Centred at  0.00 fm.
 2-Nucleon Separation of      0 * 0.5100 fm., Maximum of   0.00 fm., Minimum at  0.00 fm.
 Maximum single particle bins of 59.6700 fm.
               M,Mint =         2001        1990


 Range of total J is     0.0 <= J <=    50.0 (at least     0.0) and Absorbtion =>     0.0010 mb.
 Dry Run = F, CC set limits =  0  0, Relativistic kinematics =  , Both/Far/Near Analyses =  1                     

 Cross Sections (and up to T0 for 0=projectile) for Theta from   3.0 to-180.0 in steps of  1.0 degrees, DGAM=0,  Coordinates = 0 (Mads)

 Lower Radial Cutoff = maximum of -1.60*L*h &       0.0 fm.,  Lower Cutoff for Couplings =   0.0  fm.


 Iterate Couplings between   0 and   0 times, to  0.000 % if sooner.                                          
  Block solved exactly =   0 chs., with Pade = 0 & Isocen =  =0, NOSOL = F, initwf =  0
  NL quadrature with   18 Gaussian points, Calculate multipoles up to    56 from   0
  M-transfers for lp+lt greater than or equal to  6, Angular Integration Cutoff below  2.7778 %


 Trace switches are :  CHANS =  1, LISTCC =  0, TRENEG =  0, CDETR =  0, SMATS =  2, XSTABL =  1, NLPL =  0

                       WAVES =  0, LAMPL =  0, VEFF =  0, KFUS =  0, WDISK =  0, BPM =  0, MELFIL =  0

                       CDCC =  0, NFUS =  0

 Using unit mass = 1.000000 amu and 1/fine-structure constant = 137.03599 ( 1.000000 * true ) with hc = 197.32705 MeV.fm,
  thus 2*amu/hbar^2 = 0.0478450 = 1/20.9008 and Coulomb constant = 0.1574855 so e^2 = 1.43997, and nuclear magneton= 0.1261183

 Now pre-scan input and save to file 3



 *********** PARTITION NUMBER  1 ******************************************************************************************

   PROJ=p          MASS=  1.0073 Z=   1.0,        # STATES=    1T, TARG=O20      MASS= 19.9997 Z=   8.0,     Q-VALUE =  -0.0000 MEV.

     1:  J= 0.5+ (B# 1), E=  0.0000, K= 0.5              Potl#  1       J= 0.0+ (B# 1), E=  0.0000, K= 0.0    


 ************************************************************************************************************************************

 The following POTENTIALS are defined :

  KP#       TYPE      IT    SHAPE      at     V1        r1        a1        V2        r2        a2        A-in     A-used


                                            A#1       A#2        r0c       ac                                                h @ 1
    1    0=Coulomb       0=CHARGE (WS)  1    20.000     0.000    1.2842    0.0000    0.0000    0.0000     0.000    20.000   0.03000

    1    1=Volume        0=Woods-Saxon  2   48.5527    1.1671    0.6900    3.7610    1.1753    0.6900     0.000    20.000

    1    2=Surface       0=Woods-Saxon  3    0.0000    0.0000    0.0000    7.9812    1.1753    0.6900     0.000    20.000

    1    3=Projtl S.O.   0=Woods-Saxon  4    5.9000    0.8979    0.6300    0.0000    0.0000    0.0000     0.000    20.000

 Incoming partition  1 in excitation state # 1,   Laboratory Energy given for partition  1 Nucleus 1 in Excitation pair 1

0Lab. ENERGY ranges :

   from    35.0000     to   0.00000     in     0 intervals
   from    0.00000     to   0.00000     in     0 intervals
   from    0.00000     to   0.00000     in     0 intervals

 Largest real,imaginary parts of any form factor at R=   59.52 are   2.42E-02  8.55E-32 MeV
 Finished all Couplings @    4.22000070E-04           4

 Symmetric Hamiltonian
1***********************************************************************************************************************************
************************************************************************************************************************************

        INCOMING p        ;    LABORATORY p        ENERGY =   35.000     MeV.

 ***********************************************************************************************************************************
 ***********************************************************************************************************************************

 Allocate arrays for            2  channels, of which            1  need wfs.

 ######################################################################################################################
 #                                                                                                                    #
 # Total SPIN and PARITY =     0.5 +,      1 channels,    0 in 1st block.  Rmin & Coul turning =    0.0    0.3 fm.  #
 #                                                                                                                    #
 ######################################################################################################################



    C Projectl Target   #   EX.   (L  Proj) J  + Targ = Jtotal     E-cm      Re K     Re Eta     RM*K            CH
    1 p        O20      #    1: I   0 0.5    0.5  0.0     0.5    33.32176   1.23648   0.21373   74.1887   0.33920  -0.36833 1 1 1   1
   S-matrix    1 =    0.25735  -0.28789 for L=    0, J=    0.5 channel on core I =   0.0 from L=    0,  Acc. loss =  0.0 D.
 Elastic phase shift   1 =  -24.103  27.260 deg. for the L =    0, J =    0.5 channel.
       0.5  0.25734583 -0.28788610i: elastic S-matrix  @@      0.00  0   0 F  0
 Reaction Xsec     0.5+/ 0 @ 1 =  17.484 , Out:   0.000#


 Total SPIN, PARITY =     0.5 -,      1 chs,      0 cc.  Rmin & Coul turning =    0.0    0.3
   S-matrix    1 =   -0.04905  -0.34839 for L=    1, J=    0.5 channel on core I =   0.0 from L=    1,  Acc. loss =  0.0 D.
 Elastic phase shift   1 =  -49.007  29.926 deg. for the L =    1, J =    0.5 channel.
       0.5 -0.04905303 -0.34838636i: elastic S-matrix  @@      0.00  0   0 F  0
 Reaction Xsec     0.5-/ 1 @ 1 =  18.005 , Out:   0.000#


 Total SPIN, PARITY =     1.5 +,      1 chs,      0 cc.  Rmin & Coul turning =    0.0    1.3
   S-matrix    1 =   -0.29922  -0.17829 for L=    2, J=    1.5 channel on core I =   0.0 from L=    2,  Acc. loss =  0.0 D.
 Elastic phase shift   1 =  -74.606  30.214 deg. for the L =    2, J =    1.5 channel.
       1.5 -0.29921803 -0.17828665i: elastic S-matrix  @@      0.00  0   0 F  0
 Reaction Xsec     1.5+/ 2 @ 1 =  36.111 , Out:   0.000#


 Total SPIN, PARITY =     1.5 -,      1 chs,      0 cc.  Rmin & Coul turning =    0.0    1.3
   S-matrix    1 =    0.12650  -0.34669 for L=    1, J=    1.5 channel on core I =   0.0 from L=    1,  Acc. loss =  0.0 D.
 Elastic phase shift   1 =  -34.977  28.557 deg. for the L =    1, J =    1.5 channel.
       1.5  0.12649656 -0.34669343i: elastic S-matrix  @@      0.00  0   0 F  0
 Reaction Xsec     1.5-/ 1 @ 1 =  35.499 , Out:   0.000#


 Total SPIN, PARITY =     2.5 +,      1 chs,      0 cc.  Rmin & Coul turning =    0.1    2.2
   S-matrix    1 =   -0.06828  -0.34519 for L=    2, J=    2.5 channel on core I =   0.0 from L=    2,  Acc. loss =  0.0 D.
 Elastic phase shift   1 =  -50.595  29.922 deg. for the L =    2, J =    2.5 channel.
       2.5 -0.06828194 -0.34519225i: elastic S-matrix  @@      0.00  0   0 F  0
 Reaction Xsec     2.5+/ 2 @ 1 =  54.012 , Out:   0.000#


 Total SPIN, PARITY =     2.5 -,      1 chs,      0 cc.  Rmin & Coul turning =    0.1    2.2
   S-matrix    1 =   -0.28581   0.05039 for L=    3, J=    2.5 channel on core I =   0.0 from L=    3,  Acc. loss =  0.0 D.
 Elastic phase shift   1 =   85.001  35.441 deg. for the L =    3, J =    2.5 channel.
       2.5 -0.28581472  0.05038688i: elastic S-matrix  @@      0.00  0   0 F  0
 Reaction Xsec     2.5-/ 3 @ 1 =  56.453 , Out:   0.000#


 Total SPIN, PARITY =     3.5 +,      1 chs,      0 cc.  Rmin & Coul turning =    0.1    3.0
   S-matrix    1 =    0.05953   0.23563 for L=    4, J=    3.5 channel on core I =   0.0 from L=    4,  Acc. loss =  0.0 D.
 Elastic phase shift   1 =   37.911  40.525 deg. for the L =    4, J =    3.5 channel.
       3.5  0.05952524  0.23562503i: elastic S-matrix  @@      0.00  0   0 F  0
 Reaction Xsec     3.5+/ 4 @ 1 =  77.339 , Out:   0.000#


 Total SPIN, PARITY =     3.5 -,      1 chs,      0 cc.  Rmin & Coul turning =    0.1    3.0
   S-matrix    1 =   -0.23584  -0.27961 for L=    3, J=    3.5 channel on core I =   0.0 from L=    3,  Acc. loss =  0.0 D.
 Elastic phase shift   1 =  -65.073  28.811 deg. for the L =    3, J =    3.5 channel.
       3.5 -0.23584018 -0.27960522i: elastic S-matrix  @@      0.00  0   0 F  0
 Reaction Xsec     3.5-/ 3 @ 1 =  71.196 , Out:   0.000#


 Total SPIN, PARITY =     4.5 +,      1 chs,      0 cc.  Rmin & Coul turning =    0.2    3.8
   S-matrix    1 =   -0.15956   0.03034 for L=    4, J=    4.5 channel on core I =   0.0 from L=    4,  Acc. loss =  0.0 D.
 Elastic phase shift   1 =   84.617  52.070 deg. for the L =    4, J =    4.5 channel.
       4.5 -0.15955714  0.03033762i: elastic S-matrix  @@      0.00  0   0 F  0
 Reaction Xsec     4.5+/ 4 @ 1 = 100.031 , Out:   0.000#


 Total SPIN, PARITY =     4.5 -,      1 chs,      0 cc.  Rmin & Coul turning =    0.2    3.8
   S-matrix    1 =    0.53085   0.25431 for L=    5, J=    4.5 channel on core I =   0.0 from L=    5,  Acc. loss =  0.0 D.
 Elastic phase shift   1 =   12.799  15.183 deg. for the L =    5, J =    4.5 channel.
       4.5  0.53084524  0.25431253i: elastic S-matrix  @@      0.00  0   0 F  0
 Reaction Xsec     4.5-/ 5 @ 1 =  67.145 , Out:   0.000#


 Total SPIN, PARITY =     5.5 +,      1 chs,      0 cc.  Rmin & Coul turning =    0.2    4.6
   S-matrix    1 =    0.82584   0.14342 for L=    6, J=    5.5 channel on core I =   0.0 from L=    6,  Acc. loss =  0.0 D.
 Elastic phase shift   1 =    4.926   5.056 deg. for the L =    6, J =    5.5 channel.
       5.5  0.82583696  0.14341605i: elastic S-matrix  @@      0.00  0   0 F  0
 Reaction Xsec     5.5+/ 6 @ 1 =  36.670 , Out:   0.000#


 Total SPIN, PARITY =     5.5 -,      1 chs,      0 cc.  Rmin & Coul turning =    0.2    4.6
   S-matrix    1 =    0.36773   0.30133 for L=    5, J=    5.5 channel on core I =   0.0 from L=    5,  Acc. loss =  0.0 D.
 Elastic phase shift   1 =   19.666  21.301 deg. for the L =    5, J =    5.5 channel.
       5.5  0.36773348  0.30132573i: elastic S-matrix  @@      0.00  0   0 F  0
 Reaction Xsec     5.5-/ 5 @ 1 =  95.423 , Out:   0.000#


 Total SPIN, PARITY =     6.5 +,      1 chs,      0 cc.  Rmin & Coul turning =    0.3    5.4
   S-matrix    1 =    0.79290   0.19330 for L=    6, J=    6.5 channel on core I =   0.0 from L=    6,  Acc. loss =  0.0 D.
 Elastic phase shift   1 =    6.850   5.821 deg. for the L =    6, J =    6.5 channel.
       6.5  0.79289545  0.19329621i: elastic S-matrix  @@      0.00  0   0 F  0
 Reaction Xsec     6.5+/ 6 @ 1 =  48.035 , Out:   0.000#


 Total SPIN, PARITY =     6.5 -,      1 chs,      0 cc.  Rmin & Coul turning =    0.3    5.4
   S-matrix    1 =    0.94092   0.05972 for L=    7, J=    6.5 channel on core I =   0.0 from L=    7,  Acc. loss =  0.0 D.
 Elastic phase shift   1 =    1.816   1.687 deg. for the L =    7, J =    6.5 channel.
       6.5  0.94092139  0.05972463i: elastic S-matrix  @@      0.00  0   0 F  0
 Reaction Xsec     6.5-/ 7 @ 1 =  15.980 , Out:   0.000#


 Total SPIN, PARITY =     7.5 +,      1 chs,      0 cc.  Rmin & Coul turning =    0.3    6.2
   S-matrix    1 =    0.98003   0.02219 for L=    8, J=    7.5 channel on core I =   0.0 from L=    8,  Acc. loss =  0.0 D.
 Elastic phase shift   1 =    0.649   0.571 deg. for the L =    8, J =    7.5 channel.
       7.5  0.98003083  0.02219455i: elastic S-matrix  @@      0.00  0   0 F  0
 Reaction Xsec     7.5+/ 8 @ 1 =   6.419 , Out:   0.000#


 Total SPIN, PARITY =     7.5 -,      1 chs,      0 cc.  Rmin & Coul turning =    0.3    6.2
   S-matrix    1 =    0.93652   0.07738 for L=    7, J=    7.5 channel on core I =   0.0 from L=    7,  Acc. loss =  0.0 D.
 Elastic phase shift   1 =    2.362   1.782 deg. for the L =    7, J =    7.5 channel.
       7.5  0.93651587  0.07737997i: elastic S-matrix  @@      0.00  0   0 F  0
 Reaction Xsec     7.5-/ 7 @ 1 =  19.225 , Out:   0.000#


 Total SPIN, PARITY =     8.5 +,      1 chs,      0 cc.  Rmin & Coul turning =    0.4    7.0
   S-matrix    1 =    0.97948   0.02768 for L=    8, J=    8.5 channel on core I =   0.0 from L=    8,  Acc. loss =  0.0 D.
 Elastic phase shift   1 =    0.809   0.583 deg. for the L =    8, J =    8.5 channel.
       8.5  0.97947980  0.02768080i: elastic S-matrix  @@      0.00  0   0 F  0
 Reaction Xsec     8.5+/ 8 @ 1 =   7.370 , Out:   0.000#


 Total SPIN, PARITY =     8.5 -,      1 chs,      0 cc.  Rmin & Coul turning =    0.4    7.0
   S-matrix    1 =    0.99320   0.00790 for L=    9, J=    8.5 channel on core I =   0.0 from L=    9,  Acc. loss =  0.0 D.
 Elastic phase shift   1 =    0.228   0.194 deg. for the L =    9, J =    8.5 channel.
       8.5  0.99320408  0.00789783i: elastic S-matrix  @@      0.00  0   0 F  0
 Reaction Xsec     8.5-/ 9 @ 1 =   2.494 , Out:   0.000#


 Total SPIN, PARITY =     9.5 +,      1 chs,      0 cc.  Rmin & Coul turning =    0.4    7.8
   S-matrix    1 =    0.99768   0.00276 for L=   10, J=    9.5 channel on core I =   0.0 from L=   10,  Acc. loss =  0.0 D.
 Elastic phase shift   1 =    0.079   0.066 deg. for the L =   10, J =    9.5 channel.
       9.5  0.99768056  0.00275859i: elastic S-matrix  @@      0.00  0   0 F  0
 Reaction Xsec     9.5+/10 @ 1 =   0.951 , Out:   0.000#


 Total SPIN, PARITY =     9.5 -,      1 chs,      0 cc.  Rmin & Coul turning =    0.4    7.8
   S-matrix    1 =    0.99314   0.00959 for L=    9, J=    9.5 channel on core I =   0.0 from L=    9,  Acc. loss =  0.0 D.
 Elastic phase shift   1 =    0.277   0.196 deg. for the L =    9, J =    9.5 channel.
       9.5  0.99313524  0.00959063i: elastic S-matrix  @@      0.00  0   0 F  0
 Reaction Xsec     9.5-/ 9 @ 1 =   2.793 , Out:   0.000#


 Total SPIN, PARITY =    10.5 +,      1 chs,      0 cc.  Rmin & Coul turning =    0.5    8.7
   S-matrix    1 =    0.99767   0.00328 for L=   10, J=   10.5 channel on core I =   0.0 from L=   10,  Acc. loss =  0.0 D.
 Elastic phase shift   1 =    0.094   0.067 deg. for the L =   10, J =   10.5 channel.
      10.5  0.99767192  0.00328356i: elastic S-matrix  @@      0.00  0   0 F  0
 Reaction Xsec    10.5+/10 @ 1 =   1.049 , Out:   0.000#


 Total SPIN, PARITY =    10.5 -,      1 chs,      0 cc.  Rmin & Coul turning =    0.5    8.7
   S-matrix    1 =    0.99921   0.00095 for L=   11, J=   10.5 channel on core I =   0.0 from L=   11,  Acc. loss =  0.0 D.
 Elastic phase shift   1 =    0.027   0.023 deg. for the L =   11, J =   10.5 channel.
      10.5  0.99920860  0.00095451i: elastic S-matrix  @@      0.00  0   0 F  0
 Reaction Xsec    10.5-/11 @ 1 =   0.357 , Out:   0.000#


 Total SPIN, PARITY =    11.5 +,      1 chs,      0 cc.  Rmin & Coul turning =    0.5    9.5
   S-matrix    1 =    0.99973   0.00033 for L=   12, J=   11.5 channel on core I =   0.0 from L=   12,  Acc. loss =  0.0 D.
 Elastic phase shift   1 =    0.009   0.008 deg. for the L =   12, J =   11.5 channel.
      11.5  0.99973041  0.00032839i: elastic S-matrix  @@      0.00  0   0 F  0
 Reaction Xsec    11.5+/12 @ 1 =   0.133 , Out:   0.000#


 Total SPIN, PARITY =    11.5 -,      1 chs,      0 cc.  Rmin & Coul turning =    0.5    9.5
   S-matrix    1 =    0.99921   0.00112 for L=   11, J=   11.5 channel on core I =   0.0 from L=   11,  Acc. loss =  0.0 D.
 Elastic phase shift   1 =    0.032   0.023 deg. for the L =   11, J =   11.5 channel.
      11.5  0.99920751  0.00111769i: elastic S-matrix  @@      0.00  0   0 F  0
 Reaction Xsec    11.5-/11 @ 1 =   0.390 , Out:   0.000#


 Total SPIN, PARITY =    12.5 +,      1 chs,      0 cc.  Rmin & Coul turning =    0.6   10.3
   S-matrix    1 =    0.99973   0.00038 for L=   12, J=   12.5 channel on core I =   0.0 from L=   12,  Acc. loss =  0.0 D.
 Elastic phase shift   1 =    0.011   0.008 deg. for the L =   12, J =   12.5 channel.
      12.5  0.99973028  0.00037909i: elastic S-matrix  @@      0.00  0   0 F  0
 Reaction Xsec    12.5+/12 @ 1 =   0.144 , Out:   0.000#


 Total SPIN, PARITY =    12.5 -,      1 chs,      0 cc.  Rmin & Coul turning =    0.6   10.3
   S-matrix    1 =    0.99991   0.00011 for L=   13, J=   12.5 channel on core I =   0.0 from L=   13,  Acc. loss =  0.0 D.
 Elastic phase shift   1 =    0.003   0.003 deg. for the L =   13, J =   12.5 channel.
      12.5  0.99990836  0.00011252i: elastic S-matrix  @@      0.00  0   0 F  0
 Reaction Xsec    12.5-/13 @ 1 =   0.049 , Out:   0.000#


 Total SPIN, PARITY =    13.5 +,      1 chs,      0 cc.  Rmin & Coul turning =    0.6   11.1
   S-matrix    1 =    0.99997   0.00004 for L=   14, J=   13.5 channel on core I =   0.0 from L=   14,  Acc. loss =  0.0 D.
 Elastic phase shift   1 =    0.001   0.001 deg. for the L =   14, J =   13.5 channel.
      13.5  0.99996891  0.00003843i: elastic S-matrix  @@      0.00  0   0 F  0
 Reaction Xsec    13.5+/14 @ 1 =   0.018 , Out:   0.000#


 Total SPIN, PARITY =    13.5 -,      1 chs,      0 cc.  Rmin & Coul turning =    0.6   11.1
   S-matrix    1 =    0.99991   0.00013 for L=   13, J=   13.5 channel on core I =   0.0 from L=   13,  Acc. loss =  0.0 D.
 Elastic phase shift   1 =    0.004   0.003 deg. for the L =   13, J =   13.5 channel.
      13.5  0.99990834  0.00012825i: elastic S-matrix  @@      0.00  0   0 F  0
 Reaction Xsec    13.5-/13 @ 1 =   0.053 , Out:   0.000#


 Total SPIN, PARITY =    14.5 +,      1 chs,      0 cc.  Rmin & Coul turning =    0.7   11.9
   S-matrix    1 =    0.99997   0.00004 for L=   14, J=   14.5 channel on core I =   0.0 from L=   14,  Acc. loss =  0.0 D.
 Elastic phase shift   1 =    0.001   0.001 deg. for the L =   14, J =   14.5 channel.
      14.5  0.99996891  0.00004330i: elastic S-matrix  @@      0.00  0   0 F  0
 Reaction Xsec    14.5+/14 @ 1 =   0.019 , Out:   0.000#


 Total SPIN, PARITY =    14.5 -,      1 chs,      0 cc.  Rmin & Coul turning =    0.7   11.9
   S-matrix    1 =    0.99999   0.00001 for L=   15, J=   14.5 channel on core I =   0.0 from L=   15,  Acc. loss =  0.0 D.
 Elastic phase shift   1 =    0.000   0.000 deg. for the L =   15, J =   14.5 channel.
      14.5  0.99998947  0.00001309i: elastic S-matrix  @@      0.00  0   0 F  0
 Reaction Xsec    14.5-/15 @ 1 =   6.489/, Out:   0.000#


 Total SPIN, PARITY =    15.5 +,      1 chs,      0 cc.  Rmin & Coul turning =    0.7   12.7
   S-matrix    1 =    1.00000   0.00000 for L=   16, J=   15.5 channel on core I =   0.0 from L=   16,  Acc. loss =  0.0 D.
 Elastic phase shift   1 =    0.000   0.000 deg. for the L =   16, J =   15.5 channel.
      15.5  0.99999644  0.00000445i: elastic S-matrix  @@      0.00  0   0 F  0
 Reaction Xsec    15.5+/16 @ 1 =   2.340/, Out:   0.000#


 Total SPIN, PARITY =    15.5 -,      1 chs,      0 cc.  Rmin & Coul turning =    0.7   12.7
   S-matrix    1 =    0.99999   0.00001 for L=   15, J=   15.5 channel on core I =   0.0 from L=   15,  Acc. loss =  0.0 D.
 Elastic phase shift   1 =    0.000   0.000 deg. for the L =   15, J =   15.5 channel.
      15.5  0.99998947  0.00001459i: elastic S-matrix  @@      0.00  0   0 F  0
 Reaction Xsec    15.5-/15 @ 1 =   6.922/, Out:   0.000#


 Total SPIN, PARITY =    16.5 +,      1 chs,      0 cc.  Rmin & Coul turning =    0.8   13.5
   S-matrix    1 =    1.00000   0.00000 for L=   16, J=   16.5 channel on core I =   0.0 from L=   16,  Acc. loss =  0.0 D.
 Elastic phase shift   1 =    0.000   0.000 deg. for the L =   16, J =   16.5 channel.
      16.5  0.99999644  0.00000491i: elastic S-matrix  @@      0.00  0   0 F  0
 Reaction Xsec    16.5+/16 @ 1 =   2.486/, Out:   0.000#


 Total SPIN, PARITY =    16.5 -,      1 chs,      0 cc.  Rmin & Coul turning =    0.8   13.5
   S-matrix    1 =    1.00000   0.00000 for L=   17, J=   16.5 channel on core I =   0.0 from L=   17,  Acc. loss =  0.0 D.
 Elastic phase shift   1 =    0.000   0.000 deg. for the L =   17, J =   16.5 channel.
      16.5  0.99999880  0.00000151i: elastic S-matrix  @@      0.00  0   0 F  0
 Reaction Xsec    16.5-/17 @ 1 =   0.839/, Out:   0.000#


 Total SPIN, PARITY =    17.5 +,      1 chs,      0 cc.  Rmin & Coul turning =    0.8   14.3
   S-matrix    1 =    1.00000   0.00000 for L=   18, J=   17.5 channel on core I =   0.0 from L=   18,  Acc. loss =  0.0 D.
 Elastic phase shift   1 =    0.000   0.000 deg. for the L =   18, J =   17.5 channel.
      17.5  0.99999960  0.00000051i: elastic S-matrix  @@      0.00  0   0 F  0
 Reaction Xsec    17.5+/18 @ 1 =   0.299/, Out:   0.000#


 Total SPIN, PARITY =    17.5 -,      1 chs,      0 cc.  Rmin & Coul turning =    0.8   14.3
   S-matrix    1 =    1.00000   0.00000 for L=   17, J=   17.5 channel on core I =   0.0 from L=   17,  Acc. loss =  0.0 D.
 Elastic phase shift   1 =    0.000   0.000 deg. for the L =   17, J =   17.5 channel.
      17.5  0.99999880  0.00000165i: elastic S-matrix  @@      0.00  0   0 F  0
 Reaction Xsec    17.5-/17 @ 1 =   0.888/, Out:   0.000#

 Finished all CC sets @    4.21300018E-03
0CUMULATIVE REACTION cross section                 =  770.86664  <L> =     4.09  <L**2> =     20.2
0CUMULATIVE outgoing cross sections in partition 1 :    0.00000
0Cumulative ABSORBTION by Imaginary Potentials     =  770.86664  <L> =     4.09  <L**2> =     20.2
   Fusion for specific p        M-states :  770.866643  770.866643
0CUMULATIVE OUTGOING cross section                 =    0.00000
 To convert to S-factors (MeV.mb = keV.b),  multiply by  1.2763E+02


 CROSS SECTIONS FOR OUTGOING p        & O20      in state #   1 with spins & parities 0.5  + &  0.0  +;  0

     3.00 deg.: X-S =   1.3121E+05 mb/sr,
+                                         /R =   8.2475E-01
     4.00 deg.: X-S =   3.7832E+04 mb/sr,
+                                         /R =   7.5133E-01
     5.00 deg.: X-S =   1.4627E+04 mb/sr,
+                                         /R =   7.0888E-01
     6.00 deg.: X-S =  7170.341167 mb/sr,
+                                         /R =   7.2017E-01
     7.00 deg.: X-S =  4338.260186 mb/sr,
+                                         /R =   8.0669E-01
     8.00 deg.: X-S =  3114.654741 mb/sr,
+                                         /R =   9.8728E-01
     9.00 deg.: X-S =  2516.566436 mb/sr,
+                                         /R =   1.2767E+00
    10.00 deg.: X-S =  2180.290019 mb/sr,
+                                         /R =   1.6842E+00
    11.00 deg.: X-S =  1958.709264 mb/sr,
+                                         /R =   2.2129E+00
    12.00 deg.: X-S =  1788.652807 mb/sr,
+                                         /R =   2.8586E+00
    13.00 deg.: X-S =  1642.107480 mb/sr,
+                                         /R =   3.6102E+00
    14.00 deg.: X-S =  1506.662794 mb/sr,
+                                         /R =   4.4492E+00
    15.00 deg.: X-S =  1377.116018 mb/sr,
+                                         /R =   5.3512E+00
    16.00 deg.: X-S =  1251.663186 mb/sr,
+                                         /R =   6.2864E+00
    17.00 deg.: X-S =  1130.091827 mb/sr,
+                                         /R =   7.2213E+00
    18.00 deg.: X-S =  1012.892770 mb/sr,
+                                         /R =   8.1205E+00
    19.00 deg.: X-S =   900.812607 mb/sr,
+                                         /R =   8.9488E+00
    20.00 deg.: X-S =   794.625628 mb/sr,
+                                         /R =   9.6724E+00
    21.00 deg.: X-S =   695.018933 mb/sr,
+                                         /R =   1.0262E+01
    22.00 deg.: X-S =   602.537815 mb/sr,
+                                         /R =   1.0692E+01
    23.00 deg.: X-S =   517.564248 mb/sr,
+                                         /R =   1.0947E+01
    24.00 deg.: X-S =   440.314079 mb/sr,
+                                         /R =   1.1015E+01
    25.00 deg.: X-S =   370.844981 mb/sr,
+                                         /R =   1.0895E+01
    26.00 deg.: X-S =   309.070647 mb/sr,
+                                         /R =   1.0595E+01
    27.00 deg.: X-S =   254.778475 mb/sr,
+                                         /R =   1.0130E+01
    28.00 deg.: X-S =   207.649018 mb/sr,
+                                         /R =   9.5219E+00
    29.00 deg.: X-S =   167.276016 mb/sr,
+                                         /R =   8.8008E+00
    30.00 deg.: X-S =   133.186191 mb/sr,
+                                         /R =   8.0008E+00
    31.00 deg.: X-S =   104.858189 mb/sr,
+                                         /R =   7.1596E+00
    32.00 deg.: X-S =    81.740241 mb/sr,
+                                         /R =   6.3166E+00
    33.00 deg.: X-S =    63.266210 mb/sr,
+                                         /R =   5.5110E+00
    34.00 deg.: X-S =    48.869810 mb/sr,
+                                         /R =   4.7805E+00
    35.00 deg.: X-S =    37.996873 mb/sr,
+                                         /R =   4.1592E+00
    36.00 deg.: X-S =    30.115602 mb/sr,
+                                         /R =   3.6763E+00
    37.00 deg.: X-S =    24.724824 mb/sr,
+                                         /R =   3.3553E+00
    38.00 deg.: X-S =    21.360313 mb/sr,
+                                         /R =   3.2127E+00
    39.00 deg.: X-S =    19.599288 mb/sr,
+                                         /R =   3.2577E+00
    40.00 deg.: X-S =    19.063236 mb/sr,
+                                         /R =   3.4922E+00
    41.00 deg.: X-S =    19.419234 mb/sr,
+                                         /R =   3.9104E+00
    42.00 deg.: X-S =    20.379958 mb/sr,
+                                         /R =   4.5000E+00
    43.00 deg.: X-S =    21.702569 mb/sr,
+                                         /R =   5.2421E+00
    44.00 deg.: X-S =    23.186699 mb/sr,
+                                         /R =   6.1127E+00
    45.00 deg.: X-S =    24.671695 mb/sr,
+                                         /R =   7.0835E+00
    46.00 deg.: X-S =    26.033347 mb/sr,
+                                         /R =   8.1233E+00
    47.00 deg.: X-S =    27.180236 mb/sr,
+                                         /R =   9.1991E+00
    48.00 deg.: X-S =    28.049882 mb/sr,
+                                         /R =   1.0277E+01
    49.00 deg.: X-S =    28.604810 mb/sr,
+                                         /R =   1.1325E+01
    50.00 deg.: X-S =    28.828661 mb/sr,
+                                         /R =   1.2311E+01
    51.00 deg.: X-S =    28.722440 mb/sr,
+                                         /R =   1.3208E+01
    52.00 deg.: X-S =    28.300981 mb/sr,
+                                         /R =   1.3991E+01
    53.00 deg.: X-S =    27.589674 mb/sr,
+                                         /R =   1.4640E+01
    54.00 deg.: X-S =    26.621515 mb/sr,
+                                         /R =   1.5140E+01
    55.00 deg.: X-S =    25.434493 mb/sr,
+                                         /R =   1.5479E+01
    56.00 deg.: X-S =    24.069316 mb/sr,
+                                         /R =   1.5653E+01
    57.00 deg.: X-S =    22.567500 mb/sr,
+                                         /R =   1.5661E+01
    58.00 deg.: X-S =    20.969790 mb/sr,
+                                         /R =   1.5509E+01
    59.00 deg.: X-S =    19.314903 mb/sr,
+                                         /R =   1.5203E+01
    60.00 deg.: X-S =    17.638573 mb/sr,
+                                         /R =   1.4758E+01
    61.00 deg.: X-S =    15.972867 mb/sr,
+                                         /R =   1.4189E+01
    62.00 deg.: X-S =    14.345739 mb/sr,
+                                         /R =   1.3514E+01
    63.00 deg.: X-S =    12.780799 mb/sr,
+                                         /R =   1.2752E+01
    64.00 deg.: X-S =    11.297255 mb/sr,
+                                         /R =   1.1926E+01
    65.00 deg.: X-S =     9.910003 mb/sr,
+                                         /R =   1.1057E+01
    66.00 deg.: X-S =     8.629838 mb/sr,
+                                         /R =   1.0166E+01
    67.00 deg.: X-S =     7.463748 mb/sr,
+                                         /R =   9.2727E+00
    68.00 deg.: X-S =     6.415280 mb/sr,
+                                         /R =   8.3976E+00
    69.00 deg.: X-S =     5.484939 mb/sr,
+                                         /R =   7.5575E+00
    70.00 deg.: X-S =     4.670620 mb/sr,
+                                         /R =   6.7676E+00
    71.00 deg.: X-S =     3.968040 mb/sr,
+                                         /R =   6.0407E+00
    72.00 deg.: X-S =     3.371157 mb/sr,
+                                         /R =   5.3870E+00
    73.00 deg.: X-S =     2.872586 mb/sr,
+                                         /R =   4.8141E+00
    74.00 deg.: X-S =     2.463970 mb/sr,
+                                         /R =   4.3269E+00
    75.00 deg.: X-S =     2.136328 mb/sr,
+                                         /R =   3.9278E+00
    76.00 deg.: X-S =     1.880363 mb/sr,
+                                         /R =   3.6166E+00
    77.00 deg.: X-S =     1.686729 mb/sr,
+                                         /R =   3.3911E+00
    78.00 deg.: X-S =     1.546261 mb/sr,
+                                         /R =   3.2468E+00
    79.00 deg.: X-S =     1.450155 mb/sr,
+                                         /R =   3.1780E+00
    80.00 deg.: X-S =     1.390126 mb/sr,
+                                         /R =   3.1770E+00
    81.00 deg.: X-S =     1.358511 mb/sr,
+                                         /R =   3.2354E+00
    82.00 deg.: X-S =     1.348355 mb/sr,
+                                         /R =   3.3440E+00
    83.00 deg.: X-S =     1.353455 mb/sr,
+                                         /R =   3.4930E+00
    84.00 deg.: X-S =     1.368389 mb/sr,
+                                         /R =   3.6724E+00
    85.00 deg.: X-S =     1.388508 mb/sr,
+                                         /R =   3.8723E+00
    86.00 deg.: X-S =     1.409926 mb/sr,
+                                         /R =   4.0834E+00
    87.00 deg.: X-S =     1.429481 mb/sr,
+                                         /R =   4.2965E+00
    88.00 deg.: X-S =     1.444690 mb/sr,
+                                         /R =   4.5035E+00
    89.00 deg.: X-S =     1.453695 mb/sr,
+                                         /R =   4.6969E+00
    90.00 deg.: X-S =     1.455204 mb/sr,
+                                         /R =   4.8703E+00
    91.00 deg.: X-S =     1.448423 mb/sr,
+                                         /R =   5.0183E+00
    92.00 deg.: X-S =     1.432992 mb/sr,
+                                         /R =   5.1366E+00
    93.00 deg.: X-S =     1.408921 mb/sr,
+                                         /R =   5.2219E+00
    94.00 deg.: X-S =     1.376523 mb/sr,
+                                         /R =   5.2721E+00
    95.00 deg.: X-S =     1.336358 mb/sr,
+                                         /R =   5.2861E+00
    96.00 deg.: X-S =     1.289175 mb/sr,
+                                         /R =   5.2638E+00
    97.00 deg.: X-S =     1.235859 mb/sr,
+                                         /R =   5.2058E+00
    98.00 deg.: X-S =     1.177388 mb/sr,
+                                         /R =   5.1136E+00
    99.00 deg.: X-S =     1.114788 mb/sr,
+                                         /R =   4.9896E+00
   100.00 deg.: X-S =     1.049104 mb/sr,
+                                         /R =   4.8364E+00
   101.00 deg.: X-S =     0.981363 mb/sr,
+                                         /R =   4.6574E+00
   102.00 deg.: X-S =     0.912554 mb/sr,
+                                         /R =   4.4562E+00
   103.00 deg.: X-S =     0.843607 mb/sr,
+                                         /R =   4.2365E+00
   104.00 deg.: X-S =     0.775378 mb/sr,
+                                         /R =   4.0025E+00
   105.00 deg.: X-S =     0.708636 mb/sr,
+                                         /R =   3.7582E+00
   106.00 deg.: X-S =     0.644060 mb/sr,
+                                         /R =   3.5076E+00
   107.00 deg.: X-S =     0.582231 mb/sr,
+                                         /R =   3.2546E+00
   108.00 deg.: X-S =     0.523632 mb/sr,
+                                         /R =   3.0030E+00
   109.00 deg.: X-S =     0.468649 mb/sr,
+                                         /R =   2.7560E+00
   110.00 deg.: X-S =     0.417576 mb/sr,
+                                         /R =   2.5170E+00
   111.00 deg.: X-S =     0.370616 mb/sr,
+                                         /R =   2.2887E+00
   112.00 deg.: X-S =     0.327890 mb/sr,
+                                         /R =   2.0736E+00
   113.00 deg.: X-S =     0.289444 mb/sr,
+                                         /R =   1.8736E+00
   114.00 deg.: X-S =     0.255254 mb/sr,
+                                         /R =   1.6906E+00
   115.00 deg.: X-S =     0.225236 mb/sr,
+                                         /R =   1.5256E+00
   116.00 deg.: X-S =     0.199252 mb/sr,
+                                         /R =   1.3797E+00
   117.00 deg.: X-S =     0.177120 mb/sr,
+                                         /R =   1.2532E+00
   118.00 deg.: X-S =     0.158622 mb/sr,
+                                         /R =   1.1464E+00
   119.00 deg.: X-S =     0.143508 mb/sr,
+                                         /R =   1.0589E+00
   120.00 deg.: X-S =     0.131506 mb/sr,
+                                         /R =   9.9028E-01
   121.00 deg.: X-S =     0.122328 mb/sr,
+                                         /R =   9.3973E-01
   122.00 deg.: X-S =     0.115676 mb/sr,
+                                         /R =   9.0617E-01
   123.00 deg.: X-S =     0.111247 mb/sr,
+                                         /R =   8.8833E-01
   124.00 deg.: X-S =     0.108740 mb/sr,
+                                         /R =   8.8475E-01
   125.00 deg.: X-S =     0.107857 mb/sr,
+                                         /R =   8.9383E-01
   126.00 deg.: X-S =     0.108311 mb/sr,
+                                         /R =   9.1387E-01
   127.00 deg.: X-S =     0.109824 mb/sr,
+                                         /R =   9.4310E-01
   128.00 deg.: X-S =     0.112138 mb/sr,
+                                         /R =   9.7968E-01
   129.00 deg.: X-S =     0.115009 mb/sr,
+                                         /R =   1.0218E+00
   130.00 deg.: X-S =     0.118213 mb/sr,
+                                         /R =   1.0677E+00
   131.00 deg.: X-S =     0.121549 mb/sr,
+                                         /R =   1.1157E+00
   132.00 deg.: X-S =     0.124836 mb/sr,
+                                         /R =   1.1640E+00
   133.00 deg.: X-S =     0.127919 mb/sr,
+                                         /R =   1.2112E+00
   134.00 deg.: X-S =     0.130663 mb/sr,
+                                         /R =   1.2559E+00
   135.00 deg.: X-S =     0.132959 mb/sr,
+                                         /R =   1.2968E+00
   136.00 deg.: X-S =     0.134721 mb/sr,
+                                         /R =   1.3329E+00
   137.00 deg.: X-S =     0.135885 mb/sr,
+                                         /R =   1.3633E+00
   138.00 deg.: X-S =     0.136409 mb/sr,
+                                         /R =   1.3872E+00
   139.00 deg.: X-S =     0.136272 mb/sr,
+                                         /R =   1.4043E+00
   140.00 deg.: X-S =     0.135473 mb/sr,
+                                         /R =   1.4141E+00
   141.00 deg.: X-S =     0.134029 mb/sr,
+                                         /R =   1.4167E+00
   142.00 deg.: X-S =     0.131974 mb/sr,
+                                         /R =   1.4121E+00
   143.00 deg.: X-S =     0.129355 mb/sr,
+                                         /R =   1.4006E+00
   144.00 deg.: X-S =     0.126234 mb/sr,
+                                         /R =   1.3826E+00
   145.00 deg.: X-S =     0.122682 mb/sr,
+                                         /R =   1.3588E+00
   146.00 deg.: X-S =     0.118780 mb/sr,
+                                         /R =   1.3299E+00
   147.00 deg.: X-S =     0.114614 mb/sr,
+                                         /R =   1.2968E+00
   148.00 deg.: X-S =     0.110277 mb/sr,
+                                         /R =   1.2605E+00
   149.00 deg.: X-S =     0.105861 mb/sr,
+                                         /R =   1.2220E+00
   150.00 deg.: X-S =     0.101460 mb/sr,
+                                         /R =   1.1824E+00
   151.00 deg.: X-S =     0.097166 mb/sr,
+                                         /R =   1.1428E+00
   152.00 deg.: X-S =     0.093066 mb/sr,
+                                         /R =   1.1043E+00
   153.00 deg.: X-S =     0.089241 mb/sr,
+                                         /R =   1.0680E+00
   154.00 deg.: X-S =     0.085767 mb/sr,
+                                         /R =   1.0349E+00
   155.00 deg.: X-S =     0.082709 mb/sr,
+                                         /R =   1.0059E+00
   156.00 deg.: X-S =     0.080122 mb/sr,
+                                         /R =   9.8188E-01
   157.00 deg.: X-S =     0.078050 mb/sr,
+                                         /R =   9.6347E-01
   158.00 deg.: X-S =     0.076527 mb/sr,
+                                         /R =   9.5124E-01
   159.00 deg.: X-S =     0.075570 mb/sr,
+                                         /R =   9.4560E-01
   160.00 deg.: X-S =     0.075189 mb/sr,
+                                         /R =   9.4679E-01
   161.00 deg.: X-S =     0.075377 mb/sr,
+                                         /R =   9.5487E-01
   162.00 deg.: X-S =     0.076116 mb/sr,
+                                         /R =   9.6973E-01
   163.00 deg.: X-S =     0.077377 mb/sr,
+                                         /R =   9.9110E-01
   164.00 deg.: X-S =     0.079119 mb/sr,
+                                         /R =   1.0186E+00
   165.00 deg.: X-S =     0.081290 mb/sr,
+                                         /R =   1.0515E+00
   166.00 deg.: X-S =     0.083831 mb/sr,
+                                         /R =   1.0892E+00
   167.00 deg.: X-S =     0.086674 mb/sr,
+                                         /R =   1.1308E+00
   168.00 deg.: X-S =     0.089745 mb/sr,
+                                         /R =   1.1753E+00
   169.00 deg.: X-S =     0.092968 mb/sr,
+                                         /R =   1.2218E+00
   170.00 deg.: X-S =     0.096262 mb/sr,
+                                         /R =   1.2692E+00
   171.00 deg.: X-S =     0.099545 mb/sr,
+                                         /R =   1.3163E+00
   172.00 deg.: X-S =     0.102738 mb/sr,
+                                         /R =   1.3620E+00
   173.00 deg.: X-S =     0.105764 mb/sr,
+                                         /R =   1.4054E+00
   174.00 deg.: X-S =     0.108550 mb/sr,
+                                         /R =   1.4452E+00
   175.00 deg.: X-S =     0.111030 mb/sr,
+                                         /R =   1.4807E+00
   176.00 deg.: X-S =     0.113144 mb/sr,
+                                         /R =   1.5110E+00
   177.00 deg.: X-S =     0.114843 mb/sr,
+                                         /R =   1.5353E+00
   178.00 deg.: X-S =     0.116085 mb/sr,
+                                         /R =   1.5531E+00
   179.00 deg.: X-S =     0.116843 mb/sr,
+                                         /R =   1.5640E+00
   179.99 deg.: X-S =     0.117097 mb/sr,
+                                         /R =   1.5676E+00
                                           Integrated 2076.7569 mb, over [   3.000, 180.000] at    35.0000 MeV 
 Finished all xsecs @    5.14000002E-03

  The following files have been created:
   3:local copy of User input.            6:standard output.                   
   7:elastic  S-matrix elements.         13:total cross sections/state.        
  16:tables of cross sections.           38:cross sections for each J/pi.      
  39:cross sections for each Ecm.        40:all cross sectns. for each Elab.   
  45:scat phase shift as E functions.    56:Fusion for each Jtotal.            
 201:Separate cross sections.           

 PARAMETERS : MAXQRN   MFNL   MLOC  LMAX1 MCLIST
    ALLOWED :      1      1      4     70      6
    REQUIRED:      0      0      4     19      4


 ACCURACY ANALYSIS at    35.000 MeV :

  Elastic h*k = 0.037 so OK       compared with 0.200

   Real(S-el) > 0.01 first at J =       0.5
   Real(S-el) > 0.10 first at J =       0.5
   Real(S-el) > 0.50 first at J =       4.5
   Real(S-el) > 0.90 first at J =       6.5
   Real(S-el) > 0.99 first at J =       8.5
   R-turn =    14.32 fm    at J =      17.5

 Forward-angle excitation cut off below   1.361 deg by max JT =      17.5
                              and below   0.330 deg by max R.

