 FRESCO - FRES 3.4: Coupled Reaction Channels
 Assuming NAMELIST input.

 p+O20 1st ex with BG ;                                                          

   0.030  60.000   0.500   0.000   0.000   0.000   0.000   0.000   0.000   0.000

 Centre-of-mass Range is   2002 * 0.0300 fm., Maximum at  60.00 fm., Interpolating NL forms every  0.51 fm.
 Non - locality width is      4 * 0.0300 fm., Maximum of   0.09 fm., Centred at  0.00 fm.
 2-Nucleon Separation of      0 * 0.5100 fm., Maximum of   0.00 fm., Minimum at  0.00 fm.
 Maximum single particle bins of 59.6700 fm.
               M,Mint =         2001        1990


 Range of total J is     0.0 <= J <=    50.0 (at least     0.0) and Absorbtion =>    -1.0000 mb.
 Dry Run = F, CC set limits =  0  0, Relativistic kinematics =  , Both/Far/Near Analyses =  1                     

 Cross Sections (and up to T0 for 0=projectile) for Theta from   0.0 to-180.0 in steps of  1.0 degrees, DGAM=0,  Coordinates = 0 (Mads)

 Lower Radial Cutoff = maximum of -1.60*L*h &       0.0 fm.,  Lower Cutoff for Couplings =   0.0  fm.


 Iterate Couplings between   0 and   1 times, to  0.000 % if sooner.                                          
  Block solved exactly =   2 chs., with Pade = 0 & Isocen =  =0, NOSOL = F, initwf =  0
  NL quadrature with   18 Gaussian points, Calculate multipoles up to    56 from   0
  M-transfers for lp+lt greater than or equal to  6, Angular Integration Cutoff below  2.7778 %


 Trace switches are :  CHANS =  1, LISTCC =  0, TRENEG =  0, CDETR =  0, SMATS =  2, XSTABL =  1, NLPL =  0

                       WAVES =  0, LAMPL =  0, VEFF =  0, KFUS =  0, WDISK =  0, BPM =  0, MELFIL =  0

                       CDCC =  0, NFUS =  0

 Using unit mass = 1.000000 amu and 1/fine-structure constant = 137.03599 ( 1.000000 * true ) with hc = 197.32705 MeV.fm,
  thus 2*amu/hbar^2 = 0.0478450 = 1/20.9008 and Coulomb constant = 0.1574855 so e^2 = 1.43997, and nuclear magneton= 0.1261183

 Now pre-scan input and save to file 3



 *********** PARTITION NUMBER  1 ******************************************************************************************

   PROJ=p          MASS=  1.0073 Z=   1.0,        # STATES=    2T, TARG=O20      MASS= 19.9997 Z=   8.0,     Q-VALUE =  -0.0000 MEV.

     1:  J= 0.5+ (B# 1), E=  0.0000, K= 0.5              Potl#  1       J= 0.0+ (B# 1), E=  0.0000, K= 0.0    

     2:  J= 0.5+ (B# 1), E=  0.0000, K= 0.5              Potl#  1       J= 3.0- (B#-1), E=  5.6400, K= 0.0    
                                  (Just State  1)


 ************************************************************************************************************************************

 The following POTENTIALS are defined :

  KP#       TYPE      IT    SHAPE      at     V1        r1        a1        V2        r2        a2        A-in     A-used


                                            A#1       A#2        r0c       ac                                                h @ 1
    1    0=Coulomb       0=CHARGE (WS)  1    20.000     0.000    1.3000    0.0000    0.0000    0.0000     0.000    20.000   0.03000

                                           Mn(E1)    Mn(E2)    Mn(E3)  .....
    1   11=Target defm  10=derivatives  2    0.0000    0.0000   40.0000    0.0000    0.0000    0.0000     0.000     3.529= RADIUS

              At    2 is k =  3 (Potl. beta = 0.47665)
                                     Beta of targ. = 0.47665 (using radius of 3.529 fm.).

    1    1=Volume        0=Woods-Saxon  3   48.7789    1.1700    0.7500    0.0000    0.0000    0.0000     0.000    20.000

                                            Def1      Def2      Def3   .....
    1   11=Target defm  10=derivatives  4    0.0000    0.0000    0.3176    0.0000    0.0000    0.0000     0.000     3.176= RADIUS

              At    4 is k =  3 (Potl. beta = 0.10000)
                                     Beta of targ. = 0.10000 (using radius of 3.176 fm.).

    1    1=Volume        0=Woods-Saxon  5    0.0000    0.0000    0.0000    5.0000    1.3200    0.6500     0.000    20.000

                                            Def1      Def2      Def3   .....
    1   11=Target defm  10=derivatives  6    0.0000    0.0000    0.3583    0.0000    0.0000    0.0000     0.000     3.583= RADIUS

              At    6 is k =  3 (Potl. beta = 0.10000)
                                     Beta of targ. = 0.10000 (using radius of 3.583 fm.).

    1    2=Surface       0=Woods-Saxon  7    0.0000    0.0000    0.0000    5.4500    1.3200    0.6500     0.000    20.000

                                            Def1      Def2      Def3   .....
    1   11=Target defm  10=derivatives  8    0.0000    0.0000    0.3583    0.0000    0.0000    0.0000     0.000     3.583= RADIUS

              At    8 is k =  3 (Potl. beta = 0.10000)
                                     Beta of targ. = 0.10000 (using radius of 3.583 fm.).

    1    3=Projtl S.O.   0=Woods-Saxon  9    3.1000    1.0100    0.7500    0.0000    0.0000    0.0000     0.000    20.000

 Incoming partition  1 in excitation state # 1,   Laboratory Energy given for partition  1 Nucleus 1 in Excitation pair 1

0Lab. ENERGY ranges :

   from    35.0000     to   0.00000     in     0 intervals
   from    0.00000     to   0.00000     in     0 intervals
   from    0.00000     to   0.00000     in     0 intervals

 Largest real,imaginary parts of any form factor at R=   59.52 are   2.42E-02  5.84E-32 MeV
 Finished all Couplings @    1.61200017E-03           9

 Symmetric Hamiltonian
1***********************************************************************************************************************************
************************************************************************************************************************************

        INCOMING p        ;    LABORATORY p        ENERGY =   35.000     MeV.

 ***********************************************************************************************************************************
 ***********************************************************************************************************************************

 Allocate arrays for            3  channels, of which            3  need wfs.

 ######################################################################################################################
 #                                                                                                                    #
 # Total SPIN and PARITY =     0.5 +,      3 channels,    3 in 1st block.  Rmin & Coul turning =    0.0    0.3 fm.  #
 #                                                                                                                    #
 ######################################################################################################################



    C Projectl Target   #   EX.   (L  Proj) J  + Targ = Jtotal     E-cm      Re K     Re Eta     RM*K            CH
    1 p        O20      #    1: I   0 0.5    0.5  0.0     0.5    33.32176   1.23648   0.21373   74.1887   0.33920  -0.36833 1 1 1   1
    2 p        O20      #    2:     3 0.5    2.5  3.0     0.5    27.68176   1.12699   0.23450   67.6193   0.31964   0.38605 1 1 1   2
    3 p        O20      #    2:     3 0.5    3.5  3.0     0.5    27.68176   1.12699   0.23450   67.6193   0.31964   0.38605 1 1 1   2
   S-matrix    1 =    0.28483  -0.28282 for L=    0, J=    0.5 channel on core I =   0.0 from L=    0,  Acc. loss =  0.0 D.
 Elastic phase shift   1 =  -22.399  26.150 deg. for the L =    0, J =    0.5 channel.
       0.5  0.28482514 -0.28282490i: elastic S-matrix  @@      0.00  0   0 F  0
 Reaction Xsec     0.5+/ 0 @ 1 =  17.238 , Out:   0.000#   7.694/  17.230f


 Total SPIN, PARITY =     0.5 -,      3 chs,      3 cc.  Rmin & Coul turning =    0.0    0.3
   S-matrix    1 =    0.03225  -0.38444 for L=    1, J=    0.5 channel on core I =   0.0 from L=    1,  Acc. loss =  0.0 D.
 Elastic phase shift   1 =  -42.602  27.286 deg. for the L =    1, J =    0.5 channel.
       0.5  0.03225029 -0.38443772i: elastic S-matrix  @@      0.00  0   0 F  0
 Reaction Xsec     0.5-/ 1 @ 1 =  17.490 , Out:   0.000#   0.014   17.476f

 Allocate arrays for            5  channels, of which            5  need wfs.

 Total SPIN, PARITY =     1.5 +,      5 chs,      5 cc.  Rmin & Coul turning =    0.0    1.3
   S-matrix    1 =   -0.24417  -0.28733 for L=    2, J=    1.5 channel on core I =   0.0 from L=    2,  Acc. loss =  0.0 D.
 Elastic phase shift   1 =  -65.179  27.942 deg. for the L =    2, J =    1.5 channel.
       1.5 -0.24416673 -0.28732935i: elastic S-matrix  @@      0.00  0   0 F  0
 Reaction Xsec     1.5+/ 2 @ 1 =  35.254 , Out:   0.000#   0.027   35.227f


 Total SPIN, PARITY =     1.5 -,      5 chs,      5 cc.  Rmin & Coul turning =    0.0    1.3
   S-matrix    1 =    0.12159  -0.37553 for L=    1, J=    1.5 channel on core I =   0.0 from L=    1,  Acc. loss =  0.0 D.
 Elastic phase shift   1 =  -36.029  26.630 deg. for the L =    1, J =    1.5 channel.
       1.5  0.12159436 -0.37552924i: elastic S-matrix  @@      0.00  0   0 F  0
 Reaction Xsec     1.5-/ 1 @ 1 =  34.693 , Out:   0.000#   0.025   34.668f

 Allocate arrays for            7  channels, of which            7  need wfs.

 Total SPIN, PARITY =     2.5 +,      7 chs,      7 cc.  Rmin & Coul turning =    0.1    2.2
   S-matrix    1 =   -0.11251  -0.35960 for L=    2, J=    2.5 channel on core I =   0.0 from L=    2,  Acc. loss =  0.0 D.
 Elastic phase shift   1 =  -53.687  27.962 deg. for the L =    2, J =    2.5 channel.
       2.5 -0.11250509 -0.35959984i: elastic S-matrix  @@      0.00  0   0 F  0
 Reaction Xsec     2.5+/ 2 @ 1 =  52.893 , Out:   0.000#   0.051   52.843f


 Total SPIN, PARITY =     2.5 -,      7 chs,      7 cc.  Rmin & Coul turning =    0.1    2.2
   S-matrix    1 =   -0.36063  -0.04952 for L=    3, J=    2.5 channel on core I =   0.0 from L=    3,  Acc. loss =  0.0 D.
 Elastic phase shift   1 =  -86.090  28.950 deg. for the L =    3, J =    2.5 channel.
       2.5 -0.36062972 -0.04952475i: elastic S-matrix  @@      0.00  0   0 F  0
 Reaction Xsec     2.5-/ 3 @ 1 =  53.477 , Out:   0.000#   0.040   53.436f

 Allocate arrays for            8  channels, of which            8  need wfs.

 Total SPIN, PARITY =     3.5 +,      8 chs,      8 cc.  Rmin & Coul turning =    0.1    3.0
   S-matrix    1 =   -0.06373   0.22764 for L=    4, J=    3.5 channel on core I =   0.0 from L=    4,  Acc. loss =  0.0 D.
 Elastic phase shift   1 =   52.820  41.317 deg. for the L =    4, J =    3.5 channel.
       3.5 -0.06372760  0.22764377i: elastic S-matrix  @@      0.00  0   0 F  0
 Reaction Xsec     3.5+/ 4 @ 1 =  77.600 , Out:   0.000#   0.111   77.489f


 Total SPIN, PARITY =     3.5 -,      8 chs,      8 cc.  Rmin & Coul turning =    0.1    3.0
   S-matrix    1 =   -0.31666  -0.24081 for L=    3, J=    3.5 channel on core I =   0.0 from L=    3,  Acc. loss =  0.0 D.
 Elastic phase shift   1 =  -71.374  26.406 deg. for the L =    3, J =    3.5 channel.
       3.5 -0.31665698 -0.24081440i: elastic S-matrix  @@      0.00  0   0 F  0
 Reaction Xsec     3.5-/ 3 @ 1 =  69.185 , Out:   0.000#   0.058   69.127f


 Total SPIN, PARITY =     4.5 +,      8 chs,      8 cc.  Rmin & Coul turning =    0.2    3.8
   S-matrix    1 =   -0.21380   0.08910 for L=    4, J=    4.5 channel on core I =   0.0 from L=    4,  Acc. loss =  0.0 D.
 Elastic phase shift   1 =   78.688  41.902 deg. for the L =    4, J =    4.5 channel.
       4.5 -0.21379637  0.08910424i: elastic S-matrix  @@      0.00  0   0 F  0
 Reaction Xsec     4.5+/ 4 @ 1 =  97.230 , Out:   0.000#   0.124   97.105f


 Total SPIN, PARITY =     4.5 -,      8 chs,      8 cc.  Rmin & Coul turning =    0.2    3.8
   S-matrix    1 =    0.44836   0.30379 for L=    5, J=    4.5 channel on core I =   0.0 from L=    5,  Acc. loss =  0.0 D.
 Elastic phase shift   1 =   17.060  17.568 deg. for the L =    5, J =    4.5 channel.
       4.5  0.44835856  0.30379362i: elastic S-matrix  @@      0.00  0   0 F  0
 Reaction Xsec     4.5-/ 5 @ 1 =  72.606 , Out:   0.000#   0.133   72.473f


 Total SPIN, PARITY =     5.5 +,      8 chs,      8 cc.  Rmin & Coul turning =    0.2    4.6
   S-matrix    1 =    0.79684   0.19030 for L=    6, J=    5.5 channel on core I =   0.0 from L=    6,  Acc. loss =  0.0 D.
 Elastic phase shift   1 =    6.716   5.711 deg. for the L =    6, J =    5.5 channel.
       5.5  0.79684069  0.19030176i: elastic S-matrix  @@      0.00  0   0 F  0
 Reaction Xsec     5.5+/ 6 @ 1 =  40.541 , Out:   0.000#   0.050   40.491f


 Total SPIN, PARITY =     5.5 -,      8 chs,      8 cc.  Rmin & Coul turning =    0.2    4.6
   S-matrix    1 =    0.30368   0.34294 for L=    5, J=    5.5 channel on core I =   0.0 from L=    5,  Acc. loss =  0.0 D.
 Elastic phase shift   1 =   24.237  22.366 deg. for the L =    5, J =    5.5 channel.
       5.5  0.30367792  0.34293788i: elastic S-matrix  @@      0.00  0   0 F  0
 Reaction Xsec     5.5-/ 5 @ 1 =  97.420 , Out:   0.000#   0.174   97.247f


 Total SPIN, PARITY =     6.5 +,      8 chs,      8 cc.  Rmin & Coul turning =    0.3    5.4
   S-matrix    1 =    0.75645   0.24860 for L=    6, J=    6.5 channel on core I =   0.0 from L=    6,  Acc. loss =  0.0 D.
 Elastic phase shift   1 =    9.096   6.527 deg. for the L =    6, J =    6.5 channel.
       6.5  0.75645357  0.24860299i: elastic S-matrix  @@      0.00  0   0 F  0
 Reaction Xsec     6.5+/ 6 @ 1 =  52.641 , Out:   0.000#   0.069   52.572f


 Total SPIN, PARITY =     6.5 -,      8 chs,      8 cc.  Rmin & Coul turning =    0.3    5.4
   S-matrix    1 =    0.93466   0.08519 for L=    7, J=    6.5 channel on core I =   0.0 from L=    7,  Acc. loss =  0.0 D.
 Elastic phase shift   1 =    2.604   1.817 deg. for the L =    7, J =    6.5 channel.
       6.5  0.93465989  0.08518506i: elastic S-matrix  @@      0.00  0   0 F  0
 Reaction Xsec     6.5-/ 7 @ 1 =  17.139 , Out:   0.000#   0.018   17.121f


 Total SPIN, PARITY =     7.5 +,      8 chs,      8 cc.  Rmin & Coul turning =    0.3    6.2
   S-matrix    1 =    0.97938   0.03375 for L=    8, J=    7.5 channel on core I =   0.0 from L=    8,  Acc. loss =  0.0 D.
 Elastic phase shift   1 =    0.987   0.580 deg. for the L =    8, J =    7.5 channel.
       7.5  0.97937578  0.03375210i: elastic S-matrix  @@      0.00  0   0 F  0
 Reaction Xsec     7.5+/ 8 @ 1 =   6.523 , Out:   0.000#   5.433/   6.518f


 Total SPIN, PARITY =     7.5 -,      8 chs,      8 cc.  Rmin & Coul turning =    0.3    6.2
   S-matrix    1 =    0.92785   0.11162 for L=    7, J=    7.5 channel on core I =   0.0 from L=    7,  Acc. loss =  0.0 D.
 Elastic phase shift   1 =    3.430   1.939 deg. for the L =    7, J =    7.5 channel.
       7.5  0.92785363  0.11162110i: elastic S-matrix  @@      0.00  0   0 F  0
 Reaction Xsec     7.5-/ 7 @ 1 =  20.816 , Out:   0.000#   0.020   20.796f


 Total SPIN, PARITY =     8.5 +,      8 chs,      8 cc.  Rmin & Coul turning =    0.4    7.0
   S-matrix    1 =    0.97837   0.04378 for L=    8, J=    8.5 channel on core I =   0.0 from L=    8,  Acc. loss =  0.0 D.
 Elastic phase shift   1 =    1.281   0.598 deg. for the L =    8, J =    8.5 channel.
       8.5  0.97836652  0.04377653i: elastic S-matrix  @@      0.00  0   0 F  0
 Reaction Xsec     8.5+/ 8 @ 1 =   7.561 , Out:   0.000#   6.542/   7.554f


 Total SPIN, PARITY =     8.5 -,      8 chs,      8 cc.  Rmin & Coul turning =    0.4    7.0
   S-matrix    1 =    0.99345   0.01282 for L=    9, J=    8.5 channel on core I =   0.0 from L=    9,  Acc. loss =  0.0 D.
 Elastic phase shift   1 =    0.370   0.186 deg. for the L =    9, J =    8.5 channel.
       8.5  0.99345432  0.01282356i: elastic S-matrix  @@      0.00  0   0 F  0
 Reaction Xsec     8.5-/ 9 @ 1 =   2.383 , Out:   0.000#   0.815/   2.382f


 Total SPIN, PARITY =     9.5 +,      8 chs,      8 cc.  Rmin & Coul turning =    0.4    7.8
   S-matrix    1 =    0.99791   0.00480 for L=   10, J=    9.5 channel on core I =   0.0 from L=   10,  Acc. loss =  0.0 D.
 Elastic phase shift   1 =    0.138   0.060 deg. for the L =   10, J =    9.5 channel.
       9.5  0.99791171  0.00479587i: elastic S-matrix  @@      0.00  0   0 F  0
 Reaction Xsec     9.5+/10 @ 1 =   0.853 , Out:   0.000#   0.087/   0.853f


 Total SPIN, PARITY =     9.5 -,      8 chs,      8 cc.  Rmin & Coul turning =    0.4    7.8
   S-matrix    1 =    0.99331   0.01654 for L=    9, J=    9.5 channel on core I =   0.0 from L=    9,  Acc. loss =  0.0 D.
 Elastic phase shift   1 =    0.477   0.188 deg. for the L =    9, J =    9.5 channel.
       9.5  0.99330881  0.01654167i: elastic S-matrix  @@      0.00  0   0 F  0
 Reaction Xsec     9.5-/ 9 @ 1 =   2.684 , Out:   0.000#   0.971/   2.683f


 Total SPIN, PARITY =    10.5 +,      8 chs,      8 cc.  Rmin & Coul turning =    0.5    8.7
   S-matrix    1 =    0.99789   0.00618 for L=   10, J=   10.5 channel on core I =   0.0 from L=   10,  Acc. loss =  0.0 D.
 Elastic phase shift   1 =    0.177   0.060 deg. for the L =   10, J =   10.5 channel.
      10.5  0.99789098  0.00617526i: elastic S-matrix  @@      0.00  0   0 F  0
 Reaction Xsec    10.5+/10 @ 1 =   0.944 , Out:   0.000#   0.099/   0.944f


 Total SPIN, PARITY =    10.5 -,      8 chs,      8 cc.  Rmin & Coul turning =    0.5    8.7
   S-matrix    1 =    0.99933   0.00178 for L=   11, J=   10.5 channel on core I =   0.0 from L=   11,  Acc. loss =  0.0 D.
 Elastic phase shift   1 =    0.051   0.019 deg. for the L =   11, J =   10.5 channel.
      10.5  0.99933232  0.00178114i: elastic S-matrix  @@      0.00  0   0 F  0
 Reaction Xsec    10.5-/11 @ 1 =   0.301 , Out:   0.000#   0.036/   0.301f


 Total SPIN, PARITY =    11.5 +,      8 chs,      8 cc.  Rmin & Coul turning =    0.5    9.5
   S-matrix    1 =    0.99979   0.00066 for L=   12, J=   11.5 channel on core I =   0.0 from L=   12,  Acc. loss =  0.0 D.
 Elastic phase shift   1 =    0.019   0.006 deg. for the L =   12, J =   11.5 channel.
      11.5  0.99978651  0.00065891i: elastic S-matrix  @@      0.00  0   0 F  0
 Reaction Xsec    11.5+/12 @ 1 =   0.105 , Out:   0.000#   0.038/   0.105f


 Total SPIN, PARITY =    11.5 -,      8 chs,      8 cc.  Rmin & Coul turning =    0.5    9.5
   S-matrix    1 =    0.99933   0.00229 for L=   11, J=   11.5 channel on core I =   0.0 from L=   11,  Acc. loss =  0.0 D.
 Elastic phase shift   1 =    0.066   0.019 deg. for the L =   11, J =   11.5 channel.
      11.5  0.99932939  0.00229326i: elastic S-matrix  @@      0.00  0   0 F  0
 Reaction Xsec    11.5-/11 @ 1 =   0.329 , Out:   0.000#   0.039/   0.329f


 Total SPIN, PARITY =    12.5 +,      8 chs,      8 cc.  Rmin & Coul turning =    0.6   10.3
   S-matrix    1 =    0.99979   0.00085 for L=   12, J=   12.5 channel on core I =   0.0 from L=   12,  Acc. loss =  0.0 D.
 Elastic phase shift   1 =    0.024   0.006 deg. for the L =   12, J =   12.5 channel.
      12.5  0.99978609  0.00084886i: elastic S-matrix  @@      0.00  0   0 F  0
 Reaction Xsec    12.5+/12 @ 1 =   0.114 , Out:   0.000#   0.041/   0.114f


 Total SPIN, PARITY =    12.5 -,      8 chs,      8 cc.  Rmin & Coul turning =    0.6   10.3
   S-matrix    1 =    0.99993   0.00024 for L=   13, J=   12.5 channel on core I =   0.0 from L=   13,  Acc. loss =  0.0 D.
 Elastic phase shift   1 =    0.007   0.002 deg. for the L =   13, J =   12.5 channel.
      12.5  0.99993179  0.00024307i: elastic S-matrix  @@      0.00  0   0 F  0
 Reaction Xsec    12.5-/13 @ 1 =   0.036 , Out:   0.000#   0.034/   0.036f


 Total SPIN, PARITY =    13.5 +,      8 chs,      8 cc.  Rmin & Coul turning =    0.6   11.1
   S-matrix    1 =    0.99998   0.00009 for L=   14, J=   13.5 channel on core I =   0.0 from L=   14,  Acc. loss =  0.0 D.
 Elastic phase shift   1 =    0.003   0.001 deg. for the L =   14, J =   13.5 channel.
      13.5  0.99997823  0.00008947i: elastic S-matrix  @@      0.00  0   0 F  0
 Reaction Xsec    13.5+/14 @ 1 =   0.013 , Out:   0.000#   0.028/   0.012f


 Total SPIN, PARITY =    13.5 -,      8 chs,      8 cc.  Rmin & Coul turning =    0.6   11.1
   S-matrix    1 =    0.99993   0.00031 for L=   13, J=   13.5 channel on core I =   0.0 from L=   13,  Acc. loss =  0.0 D.
 Elastic phase shift   1 =    0.009   0.002 deg. for the L =   13, J =   13.5 channel.
      13.5  0.99993173  0.00031340i: elastic S-matrix  @@      0.00  0   0 F  0
 Reaction Xsec    13.5-/13 @ 1 =   0.039 , Out:   0.000#   0.037/   0.039f


 Total SPIN, PARITY =    14.5 +,      8 chs,      8 cc.  Rmin & Coul turning =    0.7   11.9
   S-matrix    1 =    0.99998   0.00012 for L=   14, J=   14.5 channel on core I =   0.0 from L=   14,  Acc. loss =  0.0 D.
 Elastic phase shift   1 =    0.003   0.001 deg. for the L =   14, J =   14.5 channel.
      14.5  0.99997822  0.00011545i: elastic S-matrix  @@      0.00  0   0 F  0
 Reaction Xsec    14.5+/14 @ 1 =   0.013 , Out:   0.000#   0.030/   0.013f


 Total SPIN, PARITY =    14.5 -,      8 chs,      8 cc.  Rmin & Coul turning =    0.7   11.9
   S-matrix    1 =    0.99999   0.00003 for L=   15, J=   14.5 channel on core I =   0.0 from L=   15,  Acc. loss =  0.0 D.
 Elastic phase shift   1 =    0.001   0.000 deg. for the L =   15, J =   14.5 channel.
      14.5  0.99999305  0.00003287i: elastic S-matrix  @@      0.00  0   0 F  0
 Reaction Xsec    14.5-/15 @ 1 =   4.283/, Out:   0.000#   0.021/   0.004f


 Total SPIN, PARITY =    15.5 +,      8 chs,      8 cc.  Rmin & Coul turning =    0.7   12.7
   S-matrix    1 =    1.00000   0.00001 for L=   16, J=   15.5 channel on core I =   0.0 from L=   16,  Acc. loss =  0.0 D.
 Elastic phase shift   1 =    0.000   0.000 deg. for the L =   16, J =   15.5 channel.
      15.5  0.99999778  0.00001206i: elastic S-matrix  @@      0.00  0   0 F  0
 Reaction Xsec    15.5+/16 @ 1 =   1.460/, Out:   0.000#   0.016/   0.001f


 Total SPIN, PARITY =    15.5 -,      8 chs,      8 cc.  Rmin & Coul turning =    0.7   12.7
   S-matrix    1 =    0.99999   0.00004 for L=   15, J=   15.5 channel on core I =   0.0 from L=   15,  Acc. loss =  0.0 D.
 Elastic phase shift   1 =    0.001   0.000 deg. for the L =   15, J =   15.5 channel.
      15.5  0.99999305  0.00004245i: elastic S-matrix  @@      0.00  0   0 F  0
 Reaction Xsec    15.5-/15 @ 1 =   4.569/, Out:   0.000#   0.023/   0.005f


 Total SPIN, PARITY =    16.5 +,      8 chs,      8 cc.  Rmin & Coul turning =    0.8   13.5
   S-matrix    1 =    1.00000   0.00002 for L=   16, J=   16.5 channel on core I =   0.0 from L=   16,  Acc. loss =  0.0 D.
 Elastic phase shift   1 =    0.000   0.000 deg. for the L =   16, J =   16.5 channel.
      16.5  0.99999778  0.00001558i: elastic S-matrix  @@      0.00  0   0 F  0
 Reaction Xsec    16.5+/16 @ 1 =   1.552/, Out:   0.000#   0.017/   0.002f


 Total SPIN, PARITY =    16.5 -,      8 chs,      8 cc.  Rmin & Coul turning =    0.8   13.5
   S-matrix    1 =    1.00000   0.00000 for L=   17, J=   16.5 channel on core I =   0.0 from L=   17,  Acc. loss =  0.0 D.
 Elastic phase shift   1 =    0.000   0.000 deg. for the L =   17, J =   16.5 channel.
      16.5  0.99999929  0.00000442i: elastic S-matrix  @@      0.00  0   0 F  0
 Reaction Xsec    16.5-/17 @ 1 =   0.499/, Out:   0.000#   0.012/   0.000f


 Total SPIN, PARITY =    17.5 +,      8 chs,      8 cc.  Rmin & Coul turning =    0.8   14.3
   S-matrix    1 =    1.00000   0.00000 for L=   18, J=   17.5 channel on core I =   0.0 from L=   18,  Acc. loss =  0.0 D.
 Elastic phase shift   1 =    0.000   0.000 deg. for the L =   18, J =   17.5 channel.
      17.5  0.99999977  0.00000162i: elastic S-matrix  @@      0.00  0   0 F  0
 Reaction Xsec    17.5+/18 @ 1 =   0.173/, Out:   0.000#   9.186#   0.000f


 Total SPIN, PARITY =    17.5 -,      8 chs,      8 cc.  Rmin & Coul turning =    0.8   14.3
   S-matrix    1 =    1.00000   0.00001 for L=   17, J=   17.5 channel on core I =   0.0 from L=   17,  Acc. loss =  0.0 D.
 Elastic phase shift   1 =    0.000   0.000 deg. for the L =   17, J =   17.5 channel.
      17.5  0.99999929  0.00000571i: elastic S-matrix  @@      0.00  0   0 F  0
 Reaction Xsec    17.5-/17 @ 1 =   0.528/, Out:   0.000#   0.013/   0.001f


 Total SPIN, PARITY =    18.5 +,      8 chs,      8 cc.  Rmin & Coul turning =    0.8   15.1
   S-matrix    1 =    1.00000   0.00000 for L=   18, J=   18.5 channel on core I =   0.0 from L=   18,  Acc. loss =  0.0 D.
 Elastic phase shift   1 =    0.000   0.000 deg. for the L =   18, J =   18.5 channel.
      18.5  0.99999977  0.00000209i: elastic S-matrix  @@      0.00  0   0 F  0
 Reaction Xsec    18.5+/18 @ 1 =   0.182/, Out:   0.000#   9.696#   0.000f


 Total SPIN, PARITY =    18.5 -,      8 chs,      8 cc.  Rmin & Coul turning =    0.8   15.1
   S-matrix    1 =    1.00000   0.00000 for L=   19, J=   18.5 channel on core I =   0.0 from L=   19,  Acc. loss =  0.0 D.
 Elastic phase shift   1 =    0.000   0.000 deg. for the L =   19, J =   18.5 channel.
      18.5  0.99999992  0.00000059i: elastic S-matrix  @@      0.00  0   0 F  0
 Reaction Xsec    18.5-/19 @ 1 =   0.062/, Out:   0.000#   7.049#   0.000f


 Total SPIN, PARITY =    19.5 +,      8 chs,      8 cc.  Rmin & Coul turning =    0.9   15.9
   S-matrix    1 =    1.00000   0.00000 for L=   20, J=   19.5 channel on core I =   0.0 from L=   20,  Acc. loss =  0.0 D.
 Elastic phase shift   1 =    0.000   0.000 deg. for the L =   20, J =   19.5 channel.
      19.5  0.99999997  0.00000022i: elastic S-matrix  @@      0.00  0   0 F  0
 Reaction Xsec    19.5+/20 @ 1 =   0.024/, Out:   0.000#   5.456#   0.000f


 Total SPIN, PARITY =    19.5 -,      8 chs,      8 cc.  Rmin & Coul turning =    0.9   15.9
   S-matrix    1 =    1.00000   0.00000 for L=   19, J=   19.5 channel on core I =   0.0 from L=   19,  Acc. loss =  0.0 D.
 Elastic phase shift   1 =    0.000   0.000 deg. for the L =   19, J =   19.5 channel.
      19.5  0.99999992  0.00000077i: elastic S-matrix  @@      0.00  0   0 F  0
 Reaction Xsec    19.5-/19 @ 1 =   0.065/, Out:   0.000#   7.420#   0.000f


 Total SPIN, PARITY =    20.5 +,      8 chs,      8 cc.  Rmin & Coul turning =    1.0   16.7
   S-matrix    1 =    1.00000   0.00000 for L=   20, J=   20.5 channel on core I =   0.0 from L=   20,  Acc. loss =  0.0 D.
 Elastic phase shift   1 =    0.000   0.000 deg. for the L =   20, J =   20.5 channel.
      20.5  0.99999997  0.00000028i: elastic S-matrix  @@      0.00  0   0 F  0
 Reaction Xsec    20.5+/20 @ 1 =   0.025/, Out:   0.000#   5.729#   0.000f


 Total SPIN, PARITY =    20.5 -,      8 chs,      8 cc.  Rmin & Coul turning =    1.0   16.7
   S-matrix    1 =    1.00000   0.00000 for L=   21, J=   20.5 channel on core I =   0.0 from L=   21,  Acc. loss =  0.0 D.
 Elastic phase shift   1 =    0.000   0.000 deg. for the L =   21, J =   20.5 channel.
      20.5  0.99999999  0.00000008i: elastic S-matrix  @@      0.00  0   0 F  0
 Reaction Xsec    20.5-/21 @ 1 =   0.010/, Out:   0.000#   4.252#   0.000f


 Total SPIN, PARITY =    21.5 +,      8 chs,      8 cc.  Rmin & Coul turning =    1.0   17.6
   S-matrix    1 =    1.00000   0.00000 for L=   22, J=   21.5 channel on core I =   0.0 from L=   22,  Acc. loss =  0.0 D.
 Elastic phase shift   1 =    0.000   0.000 deg. for the L =   22, J =   21.5 channel.
      21.5  0.99999999  0.00000003i: elastic S-matrix  @@      0.00  0   0 F  0
 Reaction Xsec    21.5+/22 @ 1 =   5.324#, Out:   0.000#   3.336#   0.000f


 Total SPIN, PARITY =    21.5 -,      8 chs,      8 cc.  Rmin & Coul turning =    1.0   17.6
   S-matrix    1 =    1.00000   0.00000 for L=   21, J=   21.5 channel on core I =   0.0 from L=   21,  Acc. loss =  0.0 D.
 Elastic phase shift   1 =    0.000   0.000 deg. for the L =   21, J =   21.5 channel.
      21.5  0.99999999  0.00000010i: elastic S-matrix  @@      0.00  0   0 F  0
 Reaction Xsec    21.5-/21 @ 1 =   0.011/, Out:   0.000#   4.455#   0.000f


 Total SPIN, PARITY =    22.5 +,      8 chs,      8 cc.  Rmin & Coul turning =    1.1   18.4
   S-matrix    1 =    1.00000   0.00000 for L=   22, J=   22.5 channel on core I =   0.0 from L=   22,  Acc. loss =  0.0 D.
 Elastic phase shift   1 =    0.000   0.000 deg. for the L =   22, J =   22.5 channel.
      22.5  0.99999999  0.00000004i: elastic S-matrix  @@      0.00  0   0 F  0
 Reaction Xsec    22.5+/22 @ 1 =   5.566#, Out:   0.000#   3.488#   0.000f


 Total SPIN, PARITY =    22.5 -,      8 chs,      8 cc.  Rmin & Coul turning =    1.1   18.4
   S-matrix    1 =    1.00000   0.00000 for L=   23, J=   22.5 channel on core I =   0.0 from L=   23,  Acc. loss =  0.0 D.
 Elastic phase shift   1 =    0.000   0.000 deg. for the L =   23, J =   22.5 channel.
      22.5  1.00000000  0.00000001i: elastic S-matrix  @@      0.00  0   0 F  0
 Reaction Xsec    22.5-/23 @ 1 =   3.290#, Out:   0.000#   2.634#   0.000f


 Total SPIN, PARITY =    23.5 +,      8 chs,      8 cc.  Rmin & Coul turning =    1.1   19.2
   S-matrix    1 =    1.00000   0.00000 for L=   24, J=   23.5 channel on core I =   0.0 from L=   24,  Acc. loss =  0.0 D.
 Elastic phase shift   1 =    0.000   0.000 deg. for the L =   24, J =   23.5 channel.
      23.5  1.00000000  0.00000001i: elastic S-matrix  @@      0.00  0   0 F  0
 Reaction Xsec    23.5+/24 @ 1 =   2.303#, Out:   0.000#   2.088#   0.000f


 Total SPIN, PARITY =    23.5 -,      8 chs,      8 cc.  Rmin & Coul turning =    1.1   19.2
   S-matrix    1 =    1.00000   0.00000 for L=   23, J=   23.5 channel on core I =   0.0 from L=   23,  Acc. loss =  0.0 D.
 Elastic phase shift   1 =    0.000   0.000 deg. for the L =   23, J =   23.5 channel.
      23.5  1.00000000  0.00000002i: elastic S-matrix  @@      0.00  0   0 F  0
 Reaction Xsec    23.5-/23 @ 1 =   3.433#, Out:   0.000#   2.749#   0.000f


 Total SPIN, PARITY =    24.5 +,      8 chs,      8 cc.  Rmin & Coul turning =    1.1   20.0
   S-matrix    1 =    1.00000   0.00000 for L=   24, J=   24.5 channel on core I =   0.0 from L=   24,  Acc. loss =  0.0 D.
 Elastic phase shift   1 =    0.000   0.000 deg. for the L =   24, J =   24.5 channel.
      24.5  1.00000000  0.00000001i: elastic S-matrix  @@      0.00  0   0 F  0
 Reaction Xsec    24.5+/24 @ 1 =   2.399#, Out:   0.000#   2.175#   0.000f


 Total SPIN, PARITY =    24.5 -,      8 chs,      8 cc.  Rmin & Coul turning =    1.1   20.0
   S-matrix    1 =    1.00000   0.00000 for L=   25, J=   24.5 channel on core I =   0.0 from L=   25,  Acc. loss =  0.0 D.
 Elastic phase shift   1 =    0.000   0.000 deg. for the L =   25, J =   24.5 channel.
      24.5  1.00000000  0.00000000i: elastic S-matrix  @@      0.00  0   0 F  0
 Reaction Xsec    24.5-/25 @ 1 =   1.736#, Out:   0.000#   1.665#   0.000f


 Total SPIN, PARITY =    25.5 +,      8 chs,      8 cc.  Rmin & Coul turning =    1.2   20.8
   S-matrix    1 =    1.00000   0.00000 for L=   26, J=   25.5 channel on core I =   0.0 from L=   26,  Acc. loss =  0.0 D.
 Elastic phase shift   1 =    0.000   0.000 deg. for the L =   26, J =   25.5 channel.
      25.5  1.00000000  0.00000000i: elastic S-matrix  @@      0.00  0   0 F  0
 Reaction Xsec    25.5+/26 @ 1 =   1.355#, Out:   0.000#   1.332#   0.000f


 Total SPIN, PARITY =    25.5 -,      8 chs,      8 cc.  Rmin & Coul turning =    1.2   20.8
   S-matrix    1 =    1.00000   0.00000 for L=   25, J=   25.5 channel on core I =   0.0 from L=   25,  Acc. loss =  0.0 D.
 Elastic phase shift   1 =    0.000   0.000 deg. for the L =   25, J =   25.5 channel.
      25.5  1.00000000  0.00000000i: elastic S-matrix  @@      0.00  0   0 F  0
 Reaction Xsec    25.5-/25 @ 1 =   1.805#, Out:   0.000#   1.732#   0.000f


 Total SPIN, PARITY =    26.5 +,      8 chs,      8 cc.  Rmin & Coul turning =    1.2   21.6
   S-matrix    1 =    1.00000   0.00000 for L=   26, J=   26.5 channel on core I =   0.0 from L=   26,  Acc. loss =  0.0 D.
 Elastic phase shift   1 =    0.000   0.000 deg. for the L =   26, J =   26.5 channel.
      26.5  1.00000000  0.00000000i: elastic S-matrix  @@      0.00  0   0 F  0
 Reaction Xsec    26.5+/26 @ 1 =   1.407#, Out:   0.000#   1.383#   0.000f


 Total SPIN, PARITY =    26.5 -,      8 chs,      8 cc.  Rmin & Coul turning =    1.2   21.6
   S-matrix    1 =    1.00000   0.00000 for L=   27, J=   26.5 channel on core I =   0.0 from L=   27,  Acc. loss =  0.0 D.
 Elastic phase shift   1 =    0.000   0.000 deg. for the L =   27, J =   26.5 channel.
      26.5  1.00000000  0.00000000i: elastic S-matrix  @@      0.00  0   0 F  0
 Reaction Xsec    26.5-/27 @ 1 =   1.076#, Out:   0.000#   1.069#   0.000f


 Total SPIN, PARITY =    27.5 +,      8 chs,      8 cc.  Rmin & Coul turning =    1.3   22.4
   S-matrix    1 =    1.00000   0.00000 for L=   28, J=   27.5 channel on core I =   0.0 from L=   28,  Acc. loss =  0.0 D.
 Elastic phase shift   1 =    0.000   0.000 deg. for the L =   28, J =   27.5 channel.
      27.5  1.00000000  0.00000000i: elastic S-matrix  @@      0.00  0   0 F  0
 Reaction Xsec    27.5+/28 @ 1 =   0.865#, Out:   0.000#   0.862#   0.000f


 Total SPIN, PARITY =    27.5 -,      8 chs,      8 cc.  Rmin & Coul turning =    1.3   22.4
   S-matrix    1 =    1.00000   0.00000 for L=   27, J=   27.5 channel on core I =   0.0 from L=   27,  Acc. loss =  0.0 D.
 Elastic phase shift   1 =    0.000   0.000 deg. for the L =   27, J =   27.5 channel.
      27.5  1.00000000  0.00000000i: elastic S-matrix  @@      0.00  0   0 F  0
 Reaction Xsec    27.5-/27 @ 1 =   1.116#, Out:   0.000#   1.108#   0.000f


 Total SPIN, PARITY =    28.5 +,      8 chs,      8 cc.  Rmin & Coul turning =    1.3   23.2
   S-matrix    1 =    1.00000   0.00000 for L=   28, J=   28.5 channel on core I =   0.0 from L=   28,  Acc. loss =  0.0 D.
 Elastic phase shift   1 =    0.000   0.000 deg. for the L =   28, J =   28.5 channel.
      28.5  1.00000000  0.00000000i: elastic S-matrix  @@      0.00  0   0 F  0
 Reaction Xsec    28.5+/28 @ 1 =   0.896#, Out:   0.000#   0.893#   0.000f


 Total SPIN, PARITY =    28.5 -,      8 chs,      8 cc.  Rmin & Coul turning =    1.3   23.2
   S-matrix    1 =    1.00000   0.00000 for L=   29, J=   28.5 channel on core I =   0.0 from L=   29,  Acc. loss =  0.0 D.
 Elastic phase shift   1 =    0.000   0.000 deg. for the L =   29, J =   28.5 channel.
      28.5  1.00000000  0.00000000i: elastic S-matrix  @@      0.00  0   0 F  0
 Reaction Xsec    28.5-/29 @ 1 =   0.697#, Out:   0.000#   0.696#   0.000f


 Total SPIN, PARITY =    29.5 +,      8 chs,      8 cc.  Rmin & Coul turning =    1.4   24.0
   S-matrix    1 =    1.00000   0.00000 for L=   30, J=   29.5 channel on core I =   0.0 from L=   30,  Acc. loss =  0.0 D.
 Elastic phase shift   1 =    0.000   0.000 deg. for the L =   30, J =   29.5 channel.
      29.5  1.00000000  0.00000000i: elastic S-matrix  @@      0.00  0   0 F  0
 Reaction Xsec    29.5+/30 @ 1 =   0.564#, Out:   0.000#   0.564#   0.000f


 Total SPIN, PARITY =    29.5 -,      8 chs,      8 cc.  Rmin & Coul turning =    1.4   24.0
   S-matrix    1 =    1.00000   0.00000 for L=   29, J=   29.5 channel on core I =   0.0 from L=   29,  Acc. loss =  0.0 D.
 Elastic phase shift   1 =    0.000   0.000 deg. for the L =   29, J =   29.5 channel.
      29.5  1.00000000  0.00000000i: elastic S-matrix  @@      0.00  0   0 F  0
 Reaction Xsec    29.5-/29 @ 1 =   0.721#, Out:   0.000#   0.720#   0.000f


 Total SPIN, PARITY =    30.5 +,      8 chs,      8 cc.  Rmin & Coul turning =    1.4   24.8
   S-matrix    1 =    1.00000   0.00000 for L=   30, J=   30.5 channel on core I =   0.0 from L=   30,  Acc. loss =  0.0 D.
 Elastic phase shift   1 =    0.000   0.000 deg. for the L =   30, J =   30.5 channel.
      30.5  1.00000000  0.00000000i: elastic S-matrix  @@      0.00  0   0 F  0
 Reaction Xsec    30.5+/30 @ 1 =   0.583#, Out:   0.000#   0.582#   0.000f


 Total SPIN, PARITY =    30.5 -,      8 chs,      8 cc.  Rmin & Coul turning =    1.4   24.8
   S-matrix    1 =    1.00000   0.00000 for L=   31, J=   30.5 channel on core I =   0.0 from L=   31,  Acc. loss =  0.0 D.
 Elastic phase shift   1 =    0.000   0.000 deg. for the L =   31, J =   30.5 channel.
      30.5  1.00000000  0.00000000i: elastic S-matrix  @@      0.00  0   0 F  0
 Reaction Xsec    30.5-/31 @ 1 =   0.459#, Out:   0.000#   0.459#   0.000f


 Total SPIN, PARITY =    31.5 +,      8 chs,      8 cc.  Rmin & Coul turning =    1.5   25.6
   S-matrix    1 =    1.00000   0.00000 for L=   32, J=   31.5 channel on core I =   0.0 from L=   32,  Acc. loss =  0.0 D.
 Elastic phase shift   1 =    0.000   0.000 deg. for the L =   32, J =   31.5 channel.
      31.5  1.00000000  0.00000000i: elastic S-matrix  @@      0.00  0   0 F  0
 Reaction Xsec    31.5+/32 @ 1 =   0.372#, Out:   0.000#   0.372#   0.000f


 Total SPIN, PARITY =    31.5 -,      8 chs,      8 cc.  Rmin & Coul turning =    1.5   25.6
   S-matrix    1 =    1.00000   0.00000 for L=   31, J=   31.5 channel on core I =   0.0 from L=   31,  Acc. loss =  0.0 D.
 Elastic phase shift   1 =    0.000   0.000 deg. for the L =   31, J =   31.5 channel.
      31.5  1.00000000  0.00000000i: elastic S-matrix  @@      0.00  0   0 F  0
 Reaction Xsec    31.5-/31 @ 1 =   0.474#, Out:   0.000#   0.473#   0.000f


 Total SPIN, PARITY =    32.5 +,      8 chs,      8 cc.  Rmin & Coul turning =    1.5   26.5
   S-matrix    1 =    1.00000   0.00000 for L=   32, J=   32.5 channel on core I =   0.0 from L=   32,  Acc. loss =  0.0 D.
 Elastic phase shift   1 =    0.000   0.000 deg. for the L =   32, J =   32.5 channel.
      32.5  1.00000000  0.00000000i: elastic S-matrix  @@      0.00  0   0 F  0
 Reaction Xsec    32.5+/32 @ 1 =   0.384#, Out:   0.000#   0.384#   0.000f


 Total SPIN, PARITY =    32.5 -,      8 chs,      8 cc.  Rmin & Coul turning =    1.5   26.5
   S-matrix    1 =    1.00000   0.00000 for L=   33, J=   32.5 channel on core I =   0.0 from L=   33,  Acc. loss =  0.0 D.
 Elastic phase shift   1 =    0.000   0.000 deg. for the L =   33, J =   32.5 channel.
      32.5  1.00000000  0.00000000i: elastic S-matrix  @@      0.00  0   0 F  0
 Reaction Xsec    32.5-/33 @ 1 =   0.304#, Out:   0.000#   0.304#  -0.000f


 Total SPIN, PARITY =    33.5 +,      8 chs,      8 cc.  Rmin & Coul turning =    1.6   27.3
   S-matrix    1 =    1.00000   0.00000 for L=   34, J=   33.5 channel on core I =   0.0 from L=   34,  Acc. loss =  0.0 D.
 Elastic phase shift   1 =    0.000   0.000 deg. for the L =   34, J =   33.5 channel.
      33.5  1.00000000  0.00000000i: elastic S-matrix  @@      0.00  0   0 F  0
 Reaction Xsec    33.5+/34 @ 1 =   0.249#, Out:   0.000#   0.249#   0.000f


 Total SPIN, PARITY =    33.5 -,      8 chs,      8 cc.  Rmin & Coul turning =    1.6   27.3
   S-matrix    1 =    1.00000   0.00000 for L=   33, J=   33.5 channel on core I =   0.0 from L=   33,  Acc. loss =  0.0 D.
 Elastic phase shift   1 =    0.000   0.000 deg. for the L =   33, J =   33.5 channel.
      33.5  1.00000000  0.00000000i: elastic S-matrix  @@      0.00  0   0 F  0
 Reaction Xsec    33.5-/33 @ 1 =   0.313#, Out:   0.000#   0.313#   0.000f


 Total SPIN, PARITY =    34.5 +,      8 chs,      8 cc.  Rmin & Coul turning =    1.6   28.1
   S-matrix    1 =    1.00000   0.00000 for L=   34, J=   34.5 channel on core I =   0.0 from L=   34,  Acc. loss =  0.0 D.
 Elastic phase shift   1 =    0.000   0.000 deg. for the L =   34, J =   34.5 channel.
      34.5  1.00000000  0.00000000i: elastic S-matrix  @@      0.00  0   0 F  0
 Reaction Xsec    34.5+/34 @ 1 =   0.256#, Out:   0.000#   0.256#   0.000f


 Total SPIN, PARITY =    34.5 -,      8 chs,      8 cc.  Rmin & Coul turning =    1.6   28.1
   S-matrix    1 =    1.00000   0.00000 for L=   35, J=   34.5 channel on core I =   0.0 from L=   35,  Acc. loss =  0.0 D.
 Elastic phase shift   1 =    0.000   0.000 deg. for the L =   35, J =   34.5 channel.
      34.5  1.00000000  0.00000000i: elastic S-matrix  @@      0.00  0   0 F  0
 Reaction Xsec    34.5-/35 @ 1 =   0.203#, Out:   0.000#   0.203#   0.000f


 Total SPIN, PARITY =    35.5 +,      8 chs,      8 cc.  Rmin & Coul turning =    1.7   28.9
   S-matrix    1 =    1.00000   0.00000 for L=   36, J=   35.5 channel on core I =   0.0 from L=   36,  Acc. loss =  0.0 D.
 Elastic phase shift   1 =    0.000   0.000 deg. for the L =   36, J =   35.5 channel.
      35.5  1.00000000  0.00000000i: elastic S-matrix  @@      0.00  0   0 F  0
 Reaction Xsec    35.5+/36 @ 1 =   0.167#, Out:   0.000#   0.167#   0.000f


 Total SPIN, PARITY =    35.5 -,      8 chs,      8 cc.  Rmin & Coul turning =    1.7   28.9
   S-matrix    1 =    1.00000   0.00000 for L=   35, J=   35.5 channel on core I =   0.0 from L=   35,  Acc. loss =  0.0 D.
 Elastic phase shift   1 =    0.000   0.000 deg. for the L =   35, J =   35.5 channel.
      35.5  1.00000000  0.00000000i: elastic S-matrix  @@      0.00  0   0 F  0
 Reaction Xsec    35.5-/35 @ 1 =   0.209#, Out:   0.000#   0.209#  -0.000f


 Total SPIN, PARITY =    36.5 +,      8 chs,      8 cc.  Rmin & Coul turning =    1.7   29.7
   S-matrix    1 =    1.00000   0.00000 for L=   36, J=   36.5 channel on core I =   0.0 from L=   36,  Acc. loss =  0.0 D.
 Elastic phase shift   1 =    0.000   0.000 deg. for the L =   36, J =   36.5 channel.
      36.5  1.00000000  0.00000000i: elastic S-matrix  @@      0.00  0   0 F  0
 Reaction Xsec    36.5+/36 @ 1 =   0.172#, Out:   0.000#   0.172#   0.000f


 Total SPIN, PARITY =    36.5 -,      8 chs,      8 cc.  Rmin & Coul turning =    1.7   29.7
   S-matrix    1 =    1.00000   0.00000 for L=   37, J=   36.5 channel on core I =   0.0 from L=   37,  Acc. loss =  0.0 D.
 Elastic phase shift   1 =    0.000   0.000 deg. for the L =   37, J =   36.5 channel.
      36.5  1.00000000  0.00000000i: elastic S-matrix  @@      0.00  0   0 F  0
 Reaction Xsec    36.5-/37 @ 1 =   0.138#, Out:   0.000#   0.138#   0.000f


 Total SPIN, PARITY =    37.5 +,      8 chs,      8 cc.  Rmin & Coul turning =    1.8   30.5
   S-matrix    1 =    1.00000   0.00000 for L=   38, J=   37.5 channel on core I =   0.0 from L=   38,  Acc. loss =  0.0 D.
 Elastic phase shift   1 =    0.000   0.000 deg. for the L =   38, J =   37.5 channel.
      37.5  1.00000000  0.00000000i: elastic S-matrix  @@      0.00  0   0 F  0
 Reaction Xsec    37.5+/38 @ 1 =   0.113#, Out:   0.000#   0.113#  -0.000f


 Total SPIN, PARITY =    37.5 -,      8 chs,      8 cc.  Rmin & Coul turning =    1.8   30.5
   S-matrix    1 =    1.00000   0.00000 for L=   37, J=   37.5 channel on core I =   0.0 from L=   37,  Acc. loss =  0.0 D.
 Elastic phase shift   1 =    0.000   0.000 deg. for the L =   37, J =   37.5 channel.
      37.5  1.00000000  0.00000000i: elastic S-matrix  @@      0.00  0   0 F  0
 Reaction Xsec    37.5-/37 @ 1 =   0.142#, Out:   0.000#   0.142#   0.000f


 Total SPIN, PARITY =    38.5 +,      8 chs,      8 cc.  Rmin & Coul turning =    1.8   31.3
   S-matrix    1 =    1.00000   0.00000 for L=   38, J=   38.5 channel on core I =   0.0 from L=   38,  Acc. loss =  0.0 D.
 Elastic phase shift   1 =    0.000   0.000 deg. for the L =   38, J =   38.5 channel.
      38.5  1.00000000  0.00000000i: elastic S-matrix  @@      0.00  0   0 F  0
 Reaction Xsec    38.5+/38 @ 1 =   0.116#, Out:   0.000#   0.116#   0.000f


 Total SPIN, PARITY =    38.5 -,      8 chs,      8 cc.  Rmin & Coul turning =    1.8   31.3
   S-matrix    1 =    1.00000   0.00000 for L=   39, J=   38.5 channel on core I =   0.0 from L=   39,  Acc. loss =  0.0 D.
 Elastic phase shift   1 =    0.000   0.000 deg. for the L =   39, J =   38.5 channel.
      38.5  1.00000000  0.00000000i: elastic S-matrix  @@      0.00  0   0 F  0
 Reaction Xsec    38.5-/39 @ 1 =   0.093#, Out:   0.000#   0.093#  -0.000f


 Total SPIN, PARITY =    39.5 +,      8 chs,      8 cc.  Rmin & Coul turning =    1.9   32.1
   S-matrix    1 =    1.00000   0.00000 for L=   40, J=   39.5 channel on core I =   0.0 from L=   40,  Acc. loss =  0.0 D.
 Elastic phase shift   1 =    0.000   0.000 deg. for the L =   40, J =   39.5 channel.
      39.5  1.00000000  0.00000000i: elastic S-matrix  @@      0.00  0   0 F  0
 Reaction Xsec    39.5+/40 @ 1 =   0.078#, Out:   0.000#   0.078#   0.000f


 Total SPIN, PARITY =    39.5 -,      8 chs,      8 cc.  Rmin & Coul turning =    1.9   32.1
   S-matrix    1 =    1.00000   0.00000 for L=   39, J=   39.5 channel on core I =   0.0 from L=   39,  Acc. loss =  0.0 D.
 Elastic phase shift   1 =    0.000   0.000 deg. for the L =   39, J =   39.5 channel.
      39.5  1.00000000  0.00000000i: elastic S-matrix  @@      0.00  0   0 F  0
 Reaction Xsec    39.5-/39 @ 1 =   0.096#, Out:   0.000#   0.096#  -0.000f


 Total SPIN, PARITY =    40.5 +,      8 chs,      8 cc.  Rmin & Coul turning =    1.9   32.9
   S-matrix    1 =    1.00000   0.00000 for L=   40, J=   40.5 channel on core I =   0.0 from L=   40,  Acc. loss =  0.0 D.
 Elastic phase shift   1 =    0.000   0.000 deg. for the L =   40, J =   40.5 channel.
      40.5  1.00000000  0.00000000i: elastic S-matrix  @@      0.00  0   0 F  0
 Reaction Xsec    40.5+/40 @ 1 =   0.080#, Out:   0.000#   0.080#   0.000f


 Total SPIN, PARITY =    40.5 -,      8 chs,      8 cc.  Rmin & Coul turning =    1.9   32.9
   S-matrix    1 =    1.00000   0.00000 for L=   41, J=   40.5 channel on core I =   0.0 from L=   41,  Acc. loss =  0.0 D.
 Elastic phase shift   1 =    0.000   0.000 deg. for the L =   41, J =   40.5 channel.
      40.5  1.00000000  0.00000000i: elastic S-matrix  @@      0.00  0   0 F  0
 Reaction Xsec    40.5-/41 @ 1 =   0.064#, Out:   0.000#   0.064#  -0.000f


 Total SPIN, PARITY =    41.5 +,      8 chs,      8 cc.  Rmin & Coul turning =    1.9   33.7
   S-matrix    1 =    1.00000   0.00000 for L=   42, J=   41.5 channel on core I =   0.0 from L=   42,  Acc. loss =  0.0 D.
 Elastic phase shift   1 =    0.000   0.000 deg. for the L =   42, J =   41.5 channel.
      41.5  1.00000000  0.00000000i: elastic S-matrix  @@      0.00  0   0 F  0
 Reaction Xsec    41.5+/42 @ 1 =   0.053#, Out:   0.000#   0.053#   0.000f


 Total SPIN, PARITY =    41.5 -,      8 chs,      8 cc.  Rmin & Coul turning =    1.9   33.7
   S-matrix    1 =    1.00000   0.00000 for L=   41, J=   41.5 channel on core I =   0.0 from L=   41,  Acc. loss =  0.0 D.
 Elastic phase shift   1 =    0.000   0.000 deg. for the L =   41, J =   41.5 channel.
      41.5  1.00000000  0.00000000i: elastic S-matrix  @@      0.00  0   0 F  0
 Reaction Xsec    41.5-/41 @ 1 =   0.065#, Out:   0.000#   0.065#   0.000f


 Total SPIN, PARITY =    42.5 +,      8 chs,      8 cc.  Rmin & Coul turning =    2.0   34.5
   S-matrix    1 =    1.00000   0.00000 for L=   42, J=   42.5 channel on core I =   0.0 from L=   42,  Acc. loss =  0.0 D.
 Elastic phase shift   1 =    0.000   0.000 deg. for the L =   42, J =   42.5 channel.
      42.5  1.00000000  0.00000000i: elastic S-matrix  @@      0.00  0   0 F  0
 Reaction Xsec    42.5+/42 @ 1 =   0.054#, Out:   0.000#   0.054#  -0.000f


 Total SPIN, PARITY =    42.5 -,      8 chs,      8 cc.  Rmin & Coul turning =    2.0   34.5
   S-matrix    1 =    1.00000   0.00000 for L=   43, J=   42.5 channel on core I =   0.0 from L=   43,  Acc. loss =  0.0 D.
 Elastic phase shift   1 =    0.000   0.000 deg. for the L =   43, J =   42.5 channel.
      42.5  1.00000000  0.00000000i: elastic S-matrix  @@      0.00  0   0 F  0
 Reaction Xsec    42.5-/43 @ 1 =   0.045#, Out:   0.000#   0.045#  -0.000f


 Total SPIN, PARITY =    43.5 +,      8 chs,      8 cc.  Rmin & Coul turning =    2.0   35.4
   S-matrix    1 =    1.00000   0.00000 for L=   44, J=   43.5 channel on core I =   0.0 from L=   44,  Acc. loss =  0.0 D.
 Elastic phase shift   1 =    0.000   0.000 deg. for the L =   44, J =   43.5 channel.
      43.5  1.00000000  0.00000000i: elastic S-matrix  @@      0.00  0   0 F  0
 Reaction Xsec    43.5+/44 @ 1 =   0.037#, Out:   0.000#   0.037#  -0.000f


 Total SPIN, PARITY =    43.5 -,      8 chs,      8 cc.  Rmin & Coul turning =    2.0   35.4
   S-matrix    1 =    1.00000   0.00000 for L=   43, J=   43.5 channel on core I =   0.0 from L=   43,  Acc. loss =  0.0 D.
 Elastic phase shift   1 =    0.000   0.000 deg. for the L =   43, J =   43.5 channel.
      43.5  1.00000000  0.00000000i: elastic S-matrix  @@      0.00  0   0 F  0
 Reaction Xsec    43.5-/43 @ 1 =   0.046#, Out:   0.000#   0.046#  -0.000f


 Total SPIN, PARITY =    44.5 +,      8 chs,      8 cc.  Rmin & Coul turning =    2.1   36.2
   S-matrix    1 =    1.00000   0.00000 for L=   44, J=   44.5 channel on core I =   0.0 from L=   44,  Acc. loss =  0.0 D.
 Elastic phase shift   1 =    0.000   0.000 deg. for the L =   44, J =   44.5 channel.
      44.5  1.00000000  0.00000000i: elastic S-matrix  @@      0.00  0   0 F  0
 Reaction Xsec    44.5+/44 @ 1 =   0.038#, Out:   0.000#   0.038#   0.000f


 Total SPIN, PARITY =    44.5 -,      8 chs,      8 cc.  Rmin & Coul turning =    2.1   36.2
   S-matrix    1 =    1.00000   0.00000 for L=   45, J=   44.5 channel on core I =   0.0 from L=   45,  Acc. loss =  0.0 D.
 Elastic phase shift   1 =    0.000   0.000 deg. for the L =   45, J =   44.5 channel.
      44.5  1.00000000  0.00000000i: elastic S-matrix  @@      0.00  0   0 F  0
 Reaction Xsec    44.5-/45 @ 1 =   0.031#, Out:   0.000#   0.031#   0.000f


 Total SPIN, PARITY =    45.5 +,      8 chs,      8 cc.  Rmin & Coul turning =    2.2   37.0
   S-matrix    1 =    1.00000   0.00000 for L=   46, J=   45.5 channel on core I =   0.0 from L=   46,  Acc. loss =  0.0 D.
 Elastic phase shift   1 =    0.000   0.000 deg. for the L =   46, J =   45.5 channel.
      45.5  1.00000000  0.00000000i: elastic S-matrix  @@      0.00  0   0 F  0
 Reaction Xsec    45.5+/46 @ 1 =   0.026#, Out:   0.000#   0.026#  -0.000f


 Total SPIN, PARITY =    45.5 -,      8 chs,      8 cc.  Rmin & Coul turning =    2.2   37.0
   S-matrix    1 =    1.00000   0.00000 for L=   45, J=   45.5 channel on core I =   0.0 from L=   45,  Acc. loss =  0.0 D.
 Elastic phase shift   1 =    0.000   0.000 deg. for the L =   45, J =   45.5 channel.
      45.5  1.00000000  0.00000000i: elastic S-matrix  @@      0.00  0   0 F  0
 Reaction Xsec    45.5-/45 @ 1 =   0.031#, Out:   0.000#   0.031#  -0.000f


 Total SPIN, PARITY =    46.5 +,      8 chs,      8 cc.  Rmin & Coul turning =    2.2   37.8
   S-matrix    1 =    1.00000   0.00000 for L=   46, J=   46.5 channel on core I =   0.0 from L=   46,  Acc. loss =  0.0 D.
 Elastic phase shift   1 =    0.000   0.000 deg. for the L =   46, J =   46.5 channel.
      46.5  1.00000000  0.00000000i: elastic S-matrix  @@      0.00  0   0 F  0
 Reaction Xsec    46.5+/46 @ 1 =   0.027#, Out:   0.000#   0.027#  -0.000f


 Total SPIN, PARITY =    46.5 -,      8 chs,      8 cc.  Rmin & Coul turning =    2.2   37.8
   S-matrix    1 =    1.00000   0.00000 for L=   47, J=   46.5 channel on core I =   0.0 from L=   47,  Acc. loss =  0.0 D.
 Elastic phase shift   1 =    0.000   0.000 deg. for the L =   47, J =   46.5 channel.
      46.5  1.00000000  0.00000000i: elastic S-matrix  @@      0.00  0   0 F  0
 Reaction Xsec    46.5-/47 @ 1 =   0.022#, Out:   0.000#   0.022#  -0.000f


 Total SPIN, PARITY =    47.5 +,      8 chs,      8 cc.  Rmin & Coul turning =    2.2   38.6
   S-matrix    1 =    1.00000   0.00000 for L=   48, J=   47.5 channel on core I =   0.0 from L=   48,  Acc. loss =  0.0 D.
 Elastic phase shift   1 =    0.000   0.000 deg. for the L =   48, J =   47.5 channel.
      47.5  1.00000000  0.00000000i: elastic S-matrix  @@      0.00  0   0 F  0
 Reaction Xsec    47.5+/48 @ 1 =   0.018#, Out:   0.000#   0.018#   0.000f


 Total SPIN, PARITY =    47.5 -,      8 chs,      8 cc.  Rmin & Coul turning =    2.2   38.6
   S-matrix    1 =    1.00000   0.00000 for L=   47, J=   47.5 channel on core I =   0.0 from L=   47,  Acc. loss =  0.0 D.
 Elastic phase shift   1 =    0.000   0.000 deg. for the L =   47, J =   47.5 channel.
      47.5  1.00000000  0.00000000i: elastic S-matrix  @@      0.00  0   0 F  0
 Reaction Xsec    47.5-/47 @ 1 =   0.023#, Out:   0.000#   0.023#  -0.000f


 Total SPIN, PARITY =    48.5 +,      8 chs,      8 cc.  Rmin & Coul turning =    2.3   39.4
   S-matrix    1 =    1.00000   0.00000 for L=   48, J=   48.5 channel on core I =   0.0 from L=   48,  Acc. loss =  0.0 D.
 Elastic phase shift   1 =    0.000   0.000 deg. for the L =   48, J =   48.5 channel.
      48.5  1.00000000  0.00000000i: elastic S-matrix  @@      0.00  0   0 F  0
 Reaction Xsec    48.5+/48 @ 1 =   0.019#, Out:   0.000#   0.019#   0.000f


 Total SPIN, PARITY =    48.5 -,      8 chs,      8 cc.  Rmin & Coul turning =    2.3   39.4
   S-matrix    1 =    1.00000  -0.00000 for L=   49, J=   48.5 channel on core I =   0.0 from L=   49,  Acc. loss =  0.0 D.
 Elastic phase shift   1 =   -0.000   0.000 deg. for the L =   49, J =   48.5 channel.
      48.5  1.00000000 -0.00000000i: elastic S-matrix  @@      0.00  0   0 F  0
 Reaction Xsec    48.5-/49 @ 1 =   0.016#, Out:   0.000#   0.016#   0.000f


 Total SPIN, PARITY =    49.5 +,      8 chs,      8 cc.  Rmin & Coul turning =    2.3   40.2
   S-matrix    1 =    1.00000  -0.00000 for L=   50, J=   49.5 channel on core I =   0.0 from L=   50,  Acc. loss =  0.0 D.
 Elastic phase shift   1 =   -0.000   0.000 deg. for the L =   50, J =   49.5 channel.
      49.5  1.00000000 -0.00000000i: elastic S-matrix  @@      0.00  0   0 F  0
 Reaction Xsec    49.5+/50 @ 1 =   0.014#, Out:   0.000#   0.014#  -0.000f


 Total SPIN, PARITY =    49.5 -,      8 chs,      8 cc.  Rmin & Coul turning =    2.3   40.2
   S-matrix    1 =    1.00000  -0.00000 for L=   49, J=   49.5 channel on core I =   0.0 from L=   49,  Acc. loss =  0.0 D.
 Elastic phase shift   1 =   -0.000   0.000 deg. for the L =   49, J =   49.5 channel.
      49.5  1.00000000 -0.00000000i: elastic S-matrix  @@      0.00  0   0 F  0
 Reaction Xsec    49.5-/49 @ 1 =   0.016#, Out:   0.000#   0.016#  -0.000f


 Total SPIN, PARITY =    50.5 +,      8 chs,      8 cc.  Rmin & Coul turning =    2.4   41.0
   S-matrix    1 =    1.00000  -0.00000 for L=   50, J=   50.5 channel on core I =   0.0 from L=   50,  Acc. loss =  0.0 D.
 Elastic phase shift   1 =   -0.000   0.000 deg. for the L =   50, J =   50.5 channel.
      50.5  1.00000000 -0.00000000i: elastic S-matrix  @@      0.00  0   0 F  0
 Reaction Xsec    50.5+/50 @ 1 =   0.014#, Out:   0.000#   0.014#   0.000f


 Total SPIN, PARITY =    50.5 -,      8 chs,      8 cc.  Rmin & Coul turning =    2.4   41.0
   S-matrix    1 =    1.00000   0.00000 for L=   51, J=   50.5 channel on core I =   0.0 from L=   51,  Acc. loss =  0.0 D.
 Elastic phase shift   1 =    0.000   0.000 deg. for the L =   51, J =   50.5 channel.
      50.5  1.00000000  0.00000000i: elastic S-matrix  @@      0.00  0   0 F  0
 Reaction Xsec    50.5-/51 @ 1 =   0.012#, Out:   0.000#   0.012#  -0.000f

 Finished all CC sets @   0.302136987    
0CUMULATIVE REACTION cross section                 =  778.13572  <L> =     4.14  <L**2> =     20.6
0CUMULATIVE outgoing cross sections in partition 1 :    0.00000    0.93706
0Cumulative ABSORBTION by Imaginary Potentials     =  777.19866  <L> =     4.14  <L**2> =     20.6
   Fusion for specific p        M-states :  777.198661  777.198661
0CUMULATIVE OUTGOING cross section                 =    0.93706
 To convert to S-factors (MeV.mb = keV.b),  multiply by  1.2763E+02


 CROSS SECTIONS FOR OUTGOING p        & O20      in state #   1 with spins & parities 0.5  + &  0.0  +;  0

     0.01 deg.: X-S =   1.2880E+15 mb/sr,
+                                         /R =   1.0000E+00
     1.00 deg.: X-S =   1.2497E+07 mb/sr,
+                                         /R =   9.7023E-01
     2.00 deg.: X-S =   7.2234E+05 mb/sr,
+                                         /R =   8.9713E-01
     3.00 deg.: X-S =   1.2846E+05 mb/sr,
+                                         /R =   8.0749E-01
     4.00 deg.: X-S =   3.6615E+04 mb/sr,
+                                         /R =   7.2716E-01
     5.00 deg.: X-S =   1.4081E+04 mb/sr,
+                                         /R =   6.8242E-01
     6.00 deg.: X-S =  6963.462029 mb/sr,
+                                         /R =   6.9939E-01
     7.00 deg.: X-S =  4316.245625 mb/sr,
+                                         /R =   8.0260E-01
     8.00 deg.: X-S =  3196.734886 mb/sr,
+                                         /R =   1.0133E+00
     9.00 deg.: X-S =  2656.633141 mb/sr,
+                                         /R =   1.3477E+00
    10.00 deg.: X-S =  2350.359008 mb/sr,
+                                         /R =   1.8156E+00
    11.00 deg.: X-S =  2141.075866 mb/sr,
+                                         /R =   2.4189E+00
    12.00 deg.: X-S =  1971.848556 mb/sr,
+                                         /R =   3.1514E+00
    13.00 deg.: X-S =  1818.666859 mb/sr,
+                                         /R =   3.9983E+00
    14.00 deg.: X-S =  1671.812795 mb/sr,
+                                         /R =   4.9369E+00
    15.00 deg.: X-S =  1527.963213 mb/sr,
+                                         /R =   5.9374E+00
    16.00 deg.: X-S =  1386.662123 mb/sr,
+                                         /R =   6.9644E+00
    17.00 deg.: X-S =  1248.679532 mb/sr,
+                                         /R =   7.9791E+00
    18.00 deg.: X-S =  1115.225522 mb/sr,
+                                         /R =   8.9410E+00
    19.00 deg.: X-S =   987.568506 mb/sr,
+                                         /R =   9.8106E+00
    20.00 deg.: X-S =   866.851591 mb/sr,
+                                         /R =   1.0552E+01
    21.00 deg.: X-S =   754.009277 mb/sr,
+                                         /R =   1.1133E+01
    22.00 deg.: X-S =   649.736586 mb/sr,
+                                         /R =   1.1530E+01
    23.00 deg.: X-S =   554.486330 mb/sr,
+                                         /R =   1.1727E+01
    24.00 deg.: X-S =   468.481807 mb/sr,
+                                         /R =   1.1719E+01
    25.00 deg.: X-S =   391.738003 mb/sr,
+                                         /R =   1.1509E+01
    26.00 deg.: X-S =   324.087300 mb/sr,
+                                         /R =   1.1110E+01
    27.00 deg.: X-S =   265.207289 mb/sr,
+                                         /R =   1.0544E+01
    28.00 deg.: X-S =   214.649100 mb/sr,
+                                         /R =   9.8429E+00
    29.00 deg.: X-S =   171.865168 mb/sr,
+                                         /R =   9.0423E+00
    30.00 deg.: X-S =   136.235666 mb/sr,
+                                         /R =   8.1840E+00
    31.00 deg.: X-S =   107.093023 mb/sr,
+                                         /R =   7.3122E+00
    32.00 deg.: X-S =    83.744138 mb/sr,
+                                         /R =   6.4714E+00
    33.00 deg.: X-S =    65.490017 mb/sr,
+                                         /R =   5.7047E+00
    34.00 deg.: X-S =    51.642676 mb/sr,
+                                         /R =   5.0518E+00
    35.00 deg.: X-S =    41.539260 mb/sr,
+                                         /R =   4.5469E+00
    36.00 deg.: X-S =    34.553408 mb/sr,
+                                         /R =   4.2181E+00
    37.00 deg.: X-S =    30.103970 mb/sr,
+                                         /R =   4.0853E+00
    38.00 deg.: X-S =    27.661241 mb/sr,
+                                         /R =   4.1604E+00
    39.00 deg.: X-S =    26.750923 mb/sr,
+                                         /R =   4.4464E+00
    40.00 deg.: X-S =    26.956053 mb/sr,
+                                         /R =   4.9380E+00
    41.00 deg.: X-S =    27.917170 mb/sr,
+                                         /R =   5.6217E+00
    42.00 deg.: X-S =    29.330991 mb/sr,
+                                         /R =   6.4764E+00
    43.00 deg.: X-S =    30.947858 mb/sr,
+                                         /R =   7.4752E+00
    44.00 deg.: X-S =    32.568243 mb/sr,
+                                         /R =   8.5859E+00
    45.00 deg.: X-S =    34.038542 mb/sr,
+                                         /R =   9.7729E+00
    46.00 deg.: X-S =    35.246398 mb/sr,
+                                         /R =   1.0998E+01
    47.00 deg.: X-S =    36.115751 mb/sr,
+                                         /R =   1.2223E+01
    48.00 deg.: X-S =    36.601800 mb/sr,
+                                         /R =   1.3411E+01
    49.00 deg.: X-S =    36.686035 mb/sr,
+                                         /R =   1.4524E+01
    50.00 deg.: X-S =    36.371446 mb/sr,
+                                         /R =   1.5533E+01
    51.00 deg.: X-S =    35.678029 mb/sr,
+                                         /R =   1.6407E+01
    52.00 deg.: X-S =    34.638645 mb/sr,
+                                         /R =   1.7125E+01
    53.00 deg.: X-S =    33.295294 mb/sr,
+                                         /R =   1.7668E+01
    54.00 deg.: X-S =    31.695834 mb/sr,
+                                         /R =   1.8025E+01
    55.00 deg.: X-S =    29.891148 mb/sr,
+                                         /R =   1.8191E+01
    56.00 deg.: X-S =    27.932767 mb/sr,
+                                         /R =   1.8165E+01
    57.00 deg.: X-S =    25.870928 mb/sr,
+                                         /R =   1.7954E+01
    58.00 deg.: X-S =    23.753049 mb/sr,
+                                         /R =   1.7567E+01
    59.00 deg.: X-S =    21.622579 mb/sr,
+                                         /R =   1.7020E+01
    60.00 deg.: X-S =    19.518195 mb/sr,
+                                         /R =   1.6331E+01
    61.00 deg.: X-S =    17.473299 mb/sr,
+                                         /R =   1.5522E+01
    62.00 deg.: X-S =    15.515779 mb/sr,
+                                         /R =   1.4616E+01
    63.00 deg.: X-S =    13.667991 mb/sr,
+                                         /R =   1.3638E+01
    64.00 deg.: X-S =    11.946917 mb/sr,
+                                         /R =   1.2612E+01
    65.00 deg.: X-S =    10.364463 mb/sr,
+                                         /R =   1.1564E+01
    66.00 deg.: X-S =     8.927875 mb/sr,
+                                         /R =   1.0517E+01
    67.00 deg.: X-S =     7.640210 mb/sr,
+                                         /R =   9.4919E+00
    68.00 deg.: X-S =     6.500871 mb/sr,
+                                         /R =   8.5096E+00
    69.00 deg.: X-S =     5.506154 mb/sr,
+                                         /R =   7.5867E+00
    70.00 deg.: X-S =     4.649799 mb/sr,
+                                         /R =   6.7374E+00
    71.00 deg.: X-S =     3.923525 mb/sr,
+                                         /R =   5.9729E+00
    72.00 deg.: X-S =     3.317537 mb/sr,
+                                         /R =   5.3013E+00
    73.00 deg.: X-S =     2.820993 mb/sr,
+                                         /R =   4.7276E+00
    74.00 deg.: X-S =     2.422429 mb/sr,
+                                         /R =   4.2540E+00
    75.00 deg.: X-S =     2.110129 mb/sr,
+                                         /R =   3.8796E+00
    76.00 deg.: X-S =     1.872442 mb/sr,
+                                         /R =   3.6014E+00
    77.00 deg.: X-S =     1.698057 mb/sr,
+                                         /R =   3.4138E+00
    78.00 deg.: X-S =     1.576212 mb/sr,
+                                         /R =   3.3097E+00
    79.00 deg.: X-S =     1.496864 mb/sr,
+                                         /R =   3.2803E+00
    80.00 deg.: X-S =     1.450811 mb/sr,
+                                         /R =   3.3157E+00
    81.00 deg.: X-S =     1.429775 mb/sr,
+                                         /R =   3.4052E+00
    82.00 deg.: X-S =     1.426442 mb/sr,
+                                         /R =   3.5377E+00
    83.00 deg.: X-S =     1.434483 mb/sr,
+                                         /R =   3.7021E+00
    84.00 deg.: X-S =     1.448534 mb/sr,
+                                         /R =   3.8874E+00
    85.00 deg.: X-S =     1.464162 mb/sr,
+                                         /R =   4.0833E+00
    86.00 deg.: X-S =     1.477816 mb/sr,
+                                         /R =   4.2800E+00
    87.00 deg.: X-S =     1.486758 mb/sr,
+                                         /R =   4.4687E+00
    88.00 deg.: X-S =     1.488989 mb/sr,
+                                         /R =   4.6416E+00
    89.00 deg.: X-S =     1.483166 mb/sr,
+                                         /R =   4.7921E+00
    90.00 deg.: X-S =     1.468525 mb/sr,
+                                         /R =   4.9149E+00
    91.00 deg.: X-S =     1.444789 mb/sr,
+                                         /R =   5.0057E+00
    92.00 deg.: X-S =     1.412090 mb/sr,
+                                         /R =   5.0616E+00
    93.00 deg.: X-S =     1.370895 mb/sr,
+                                         /R =   5.0810E+00
    94.00 deg.: X-S =     1.321925 mb/sr,
+                                         /R =   5.0630E+00
    95.00 deg.: X-S =     1.266095 mb/sr,
+                                         /R =   5.0082E+00
    96.00 deg.: X-S =     1.204448 mb/sr,
+                                         /R =   4.9178E+00
    97.00 deg.: X-S =     1.138106 mb/sr,
+                                         /R =   4.7940E+00
    98.00 deg.: X-S =     1.068224 mb/sr,
+                                         /R =   4.6395E+00
    99.00 deg.: X-S =     0.995947 mb/sr,
+                                         /R =   4.4577E+00
   100.00 deg.: X-S =     0.922381 mb/sr,
+                                         /R =   4.2522E+00
   101.00 deg.: X-S =     0.848570 mb/sr,
+                                         /R =   4.0272E+00
   102.00 deg.: X-S =     0.775469 mb/sr,
+                                         /R =   3.7868E+00
   103.00 deg.: X-S =     0.703938 mb/sr,
+                                         /R =   3.5351E+00
   104.00 deg.: X-S =     0.634728 mb/sr,
+                                         /R =   3.2765E+00
   105.00 deg.: X-S =     0.568477 mb/sr,
+                                         /R =   3.0149E+00
   106.00 deg.: X-S =     0.505710 mb/sr,
+                                         /R =   2.7542E+00
   107.00 deg.: X-S =     0.446842 mb/sr,
+                                         /R =   2.4978E+00
   108.00 deg.: X-S =     0.392176 mb/sr,
+                                         /R =   2.2491E+00
   109.00 deg.: X-S =     0.341920 mb/sr,
+                                         /R =   2.0108E+00
   110.00 deg.: X-S =     0.296185 mb/sr,
+                                         /R =   1.7853E+00
   111.00 deg.: X-S =     0.254999 mb/sr,
+                                         /R =   1.5747E+00
   112.00 deg.: X-S =     0.218316 mb/sr,
+                                         /R =   1.3806E+00
   113.00 deg.: X-S =     0.186026 mb/sr,
+                                         /R =   1.2042E+00
   114.00 deg.: X-S =     0.157962 mb/sr,
+                                         /R =   1.0462E+00
   115.00 deg.: X-S =     0.133914 mb/sr,
+                                         /R =   9.0706E-01
   116.00 deg.: X-S =     0.113636 mb/sr,
+                                         /R =   7.8685E-01
   117.00 deg.: X-S =     0.096854 mb/sr,
+                                         /R =   6.8529E-01
   118.00 deg.: X-S =     0.083276 mb/sr,
+                                         /R =   6.0183E-01
   119.00 deg.: X-S =     0.072597 mb/sr,
+                                         /R =   5.3566E-01
   120.00 deg.: X-S =     0.064507 mb/sr,
+                                         /R =   4.8576E-01
   121.00 deg.: X-S =     0.058699 mb/sr,
+                                         /R =   4.5093E-01
   122.00 deg.: X-S =     0.054869 mb/sr,
+                                         /R =   4.2983E-01
   123.00 deg.: X-S =     0.052721 mb/sr,
+                                         /R =   4.2099E-01
   124.00 deg.: X-S =     0.051977 mb/sr,
+                                         /R =   4.2290E-01
   125.00 deg.: X-S =     0.052370 mb/sr,
+                                         /R =   4.3400E-01
   126.00 deg.: X-S =     0.053654 mb/sr,
+                                         /R =   4.5271E-01
   127.00 deg.: X-S =     0.055600 mb/sr,
+                                         /R =   4.7745E-01
   128.00 deg.: X-S =     0.058002 mb/sr,
+                                         /R =   5.0673E-01
   129.00 deg.: X-S =     0.060673 mb/sr,
+                                         /R =   5.3906E-01
   130.00 deg.: X-S =     0.063448 mb/sr,
+                                         /R =   5.7308E-01
   131.00 deg.: X-S =     0.066184 mb/sr,
+                                         /R =   6.0749E-01
   132.00 deg.: X-S =     0.068758 mb/sr,
+                                         /R =   6.4112E-01
   133.00 deg.: X-S =     0.071067 mb/sr,
+                                         /R =   6.7290E-01
   134.00 deg.: X-S =     0.073027 mb/sr,
+                                         /R =   7.0191E-01
   135.00 deg.: X-S =     0.074573 mb/sr,
+                                         /R =   7.2734E-01
   136.00 deg.: X-S =     0.075658 mb/sr,
+                                         /R =   7.4853E-01
   137.00 deg.: X-S =     0.076248 mb/sr,
+                                         /R =   7.6495E-01
   138.00 deg.: X-S =     0.076327 mb/sr,
+                                         /R =   7.7621E-01
   139.00 deg.: X-S =     0.075891 mb/sr,
+                                         /R =   7.8205E-01
   140.00 deg.: X-S =     0.074948 mb/sr,
+                                         /R =   7.8234E-01
   141.00 deg.: X-S =     0.073518 mb/sr,
+                                         /R =   7.7709E-01
   142.00 deg.: X-S =     0.071627 mb/sr,
+                                         /R =   7.6639E-01
   143.00 deg.: X-S =     0.069314 mb/sr,
+                                         /R =   7.5048E-01
   144.00 deg.: X-S =     0.066620 mb/sr,
+                                         /R =   7.2966E-01
   145.00 deg.: X-S =     0.063595 mb/sr,
+                                         /R =   7.0435E-01
   146.00 deg.: X-S =     0.060290 mb/sr,
+                                         /R =   6.7503E-01
   147.00 deg.: X-S =     0.056763 mb/sr,
+                                         /R =   6.4225E-01
   148.00 deg.: X-S =     0.053069 mb/sr,
+                                         /R =   6.0659E-01
   149.00 deg.: X-S =     0.049266 mb/sr,
+                                         /R =   5.6870E-01
   150.00 deg.: X-S =     0.045412 mb/sr,
+                                         /R =   5.2922E-01
   151.00 deg.: X-S =     0.041562 mb/sr,
+                                         /R =   4.8883E-01
   152.00 deg.: X-S =     0.037769 mb/sr,
+                                         /R =   4.4817E-01
   153.00 deg.: X-S =     0.034083 mb/sr,
+                                         /R =   4.0790E-01
   154.00 deg.: X-S =     0.030549 mb/sr,
+                                         /R =   3.6863E-01
   155.00 deg.: X-S =     0.027208 mb/sr,
+                                         /R =   3.3092E-01
   156.00 deg.: X-S =     0.024096 mb/sr,
+                                         /R =   2.9529E-01
   157.00 deg.: X-S =     0.021242 mb/sr,
+                                         /R =   2.6221E-01
   158.00 deg.: X-S =     0.018668 mb/sr,
+                                         /R =   2.3205E-01
   159.00 deg.: X-S =     0.016394 mb/sr,
+                                         /R =   2.0513E-01
   160.00 deg.: X-S =     0.014428 mb/sr,
+                                         /R =   1.8168E-01
   161.00 deg.: X-S =     0.012776 mb/sr,
+                                         /R =   1.6184E-01
   162.00 deg.: X-S =     0.011434 mb/sr,
+                                         /R =   1.4568E-01
   163.00 deg.: X-S =     0.010396 mb/sr,
+                                         /R =   1.3316E-01
   164.00 deg.: X-S =     0.009648 mb/sr,
+                                         /R =   1.2420E-01
   165.00 deg.: X-S =     0.009170 mb/sr,
+                                         /R =   1.1862E-01
   166.00 deg.: X-S =     0.008940 mb/sr,
+                                         /R =   1.1616E-01
   167.00 deg.: X-S =     0.008931 mb/sr,
+                                         /R =   1.1652E-01
   168.00 deg.: X-S =     0.009112 mb/sr,
+                                         /R =   1.1933E-01
   169.00 deg.: X-S =     0.009451 mb/sr,
+                                         /R =   1.2420E-01
   170.00 deg.: X-S =     0.009913 mb/sr,
+                                         /R =   1.3070E-01
   171.00 deg.: X-S =     0.010464 mb/sr,
+                                         /R =   1.3836E-01
   172.00 deg.: X-S =     0.011069 mb/sr,
+                                         /R =   1.4675E-01
   173.00 deg.: X-S =     0.011695 mb/sr,
+                                         /R =   1.5540E-01
   174.00 deg.: X-S =     0.012309 mb/sr,
+                                         /R =   1.6389E-01
   175.00 deg.: X-S =     0.012883 mb/sr,
+                                         /R =   1.7182E-01
   176.00 deg.: X-S =     0.013391 mb/sr,
+                                         /R =   1.7883E-01
   177.00 deg.: X-S =     0.013809 mb/sr,
+                                         /R =   1.8462E-01
   178.00 deg.: X-S =     0.014122 mb/sr,
+                                         /R =   1.8893E-01
   179.00 deg.: X-S =     0.014314 mb/sr,
+                                         /R =   1.9160E-01
   179.99 deg.: X-S =     0.014379 mb/sr,
+                                         /R =   1.9250E-01
                                           Integrated********** mb, over [   0.000, 180.000] at    35.0000 MeV 

 CROSS SECTIONS FOR OUTGOING p        & O20      in state #   2 with spins & parities 0.5  + &  3.0  -;  0

     0.00 deg.: X-S =     0.073228 mb/sr,
+                                         REAC   9.3706E-01 mb
     1.00 deg.: X-S =     0.074309 mb/sr,
     2.00 deg.: X-S =     0.077505 mb/sr,
     3.00 deg.: X-S =     0.082677 mb/sr,
     4.00 deg.: X-S =     0.089582 mb/sr,
     5.00 deg.: X-S =     0.097887 mb/sr,
     6.00 deg.: X-S =     0.107208 mb/sr,
     7.00 deg.: X-S =     0.117190 mb/sr,
     8.00 deg.: X-S =     0.127581 mb/sr,
     9.00 deg.: X-S =     0.138262 mb/sr,
    10.00 deg.: X-S =     0.149205 mb/sr,
    11.00 deg.: X-S =     0.160398 mb/sr,
    12.00 deg.: X-S =     0.171763 mb/sr,
    13.00 deg.: X-S =     0.183146 mb/sr,
    14.00 deg.: X-S =     0.194358 mb/sr,
    15.00 deg.: X-S =     0.205244 mb/sr,
    16.00 deg.: X-S =     0.215742 mb/sr,
    17.00 deg.: X-S =     0.225879 mb/sr,
    18.00 deg.: X-S =     0.235737 mb/sr,
    19.00 deg.: X-S =     0.245387 mb/sr,
    20.00 deg.: X-S =     0.254861 mb/sr,
    21.00 deg.: X-S =     0.264146 mb/sr,
    22.00 deg.: X-S =     0.273215 mb/sr,
    23.00 deg.: X-S =     0.282055 mb/sr,
    24.00 deg.: X-S =     0.290671 mb/sr,
    25.00 deg.: X-S =     0.299070 mb/sr,
    26.00 deg.: X-S =     0.307232 mb/sr,
    27.00 deg.: X-S =     0.315092 mb/sr,
    28.00 deg.: X-S =     0.322544 mb/sr,
    29.00 deg.: X-S =     0.329451 mb/sr,
    30.00 deg.: X-S =     0.335669 mb/sr,
    31.00 deg.: X-S =     0.341058 mb/sr,
    32.00 deg.: X-S =     0.345487 mb/sr,
    33.00 deg.: X-S =     0.348826 mb/sr,
    34.00 deg.: X-S =     0.350946 mb/sr,
    35.00 deg.: X-S =     0.351727 mb/sr,
    36.00 deg.: X-S =     0.351059 mb/sr,
    37.00 deg.: X-S =     0.348860 mb/sr,
    38.00 deg.: X-S =     0.345076 mb/sr,
    39.00 deg.: X-S =     0.339692 mb/sr,
    40.00 deg.: X-S =     0.332724 mb/sr,
    41.00 deg.: X-S =     0.324225 mb/sr,
    42.00 deg.: X-S =     0.314274 mb/sr,
    43.00 deg.: X-S =     0.302978 mb/sr,
    44.00 deg.: X-S =     0.290471 mb/sr,
    45.00 deg.: X-S =     0.276910 mb/sr,
    46.00 deg.: X-S =     0.262470 mb/sr,
    47.00 deg.: X-S =     0.247345 mb/sr,
    48.00 deg.: X-S =     0.231738 mb/sr,
    49.00 deg.: X-S =     0.215858 mb/sr,
    50.00 deg.: X-S =     0.199908 mb/sr,
    51.00 deg.: X-S =     0.184084 mb/sr,
    52.00 deg.: X-S =     0.168573 mb/sr,
    53.00 deg.: X-S =     0.153547 mb/sr,
    54.00 deg.: X-S =     0.139162 mb/sr,
    55.00 deg.: X-S =     0.125556 mb/sr,
    56.00 deg.: X-S =     0.112846 mb/sr,
    57.00 deg.: X-S =     0.101119 mb/sr,
    58.00 deg.: X-S =     0.090442 mb/sr,
    59.00 deg.: X-S =     0.080852 mb/sr,
    60.00 deg.: X-S =     0.072370 mb/sr,
    61.00 deg.: X-S =     0.064994 mb/sr,
    62.00 deg.: X-S =     0.058704 mb/sr,
    63.00 deg.: X-S =     0.053459 mb/sr,
    64.00 deg.: X-S =     0.049202 mb/sr,
    65.00 deg.: X-S =     0.045860 mb/sr,
    66.00 deg.: X-S =     0.043351 mb/sr,
    67.00 deg.: X-S =     0.041584 mb/sr,
    68.00 deg.: X-S =     0.040468 mb/sr,
    69.00 deg.: X-S =     0.039908 mb/sr,
    70.00 deg.: X-S =     0.039809 mb/sr,
    71.00 deg.: X-S =     0.040072 mb/sr,
    72.00 deg.: X-S =     0.040604 mb/sr,
    73.00 deg.: X-S =     0.041315 mb/sr,
    74.00 deg.: X-S =     0.042125 mb/sr,
    75.00 deg.: X-S =     0.042964 mb/sr,
    76.00 deg.: X-S =     0.043767 mb/sr,
    77.00 deg.: X-S =     0.044482 mb/sr,
    78.00 deg.: X-S =     0.045061 mb/sr,
    79.00 deg.: X-S =     0.045464 mb/sr,
    80.00 deg.: X-S =     0.045662 mb/sr,
    81.00 deg.: X-S =     0.045636 mb/sr,
    82.00 deg.: X-S =     0.045375 mb/sr,
    83.00 deg.: X-S =     0.044877 mb/sr,
    84.00 deg.: X-S =     0.044145 mb/sr,
    85.00 deg.: X-S =     0.043188 mb/sr,
    86.00 deg.: X-S =     0.042016 mb/sr,
    87.00 deg.: X-S =     0.040647 mb/sr,
    88.00 deg.: X-S =     0.039102 mb/sr,
    89.00 deg.: X-S =     0.037405 mb/sr,
    90.00 deg.: X-S =     0.035583 mb/sr,
    91.00 deg.: X-S =     0.033661 mb/sr,
    92.00 deg.: X-S =     0.031665 mb/sr,
    93.00 deg.: X-S =     0.029621 mb/sr,
    94.00 deg.: X-S =     0.027552 mb/sr,
    95.00 deg.: X-S =     0.025482 mb/sr,
    96.00 deg.: X-S =     0.023433 mb/sr,
    97.00 deg.: X-S =     0.021427 mb/sr,
    98.00 deg.: X-S =     0.019482 mb/sr,
    99.00 deg.: X-S =     0.017612 mb/sr,
   100.00 deg.: X-S =     0.015830 mb/sr,
   101.00 deg.: X-S =     0.014146 mb/sr,
   102.00 deg.: X-S =     0.012569 mb/sr,
   103.00 deg.: X-S =     0.011105 mb/sr,
   104.00 deg.: X-S =     0.009758 mb/sr,
   105.00 deg.: X-S =     0.008530 mb/sr,
   106.00 deg.: X-S =     0.007422 mb/sr,
   107.00 deg.: X-S =     0.006432 mb/sr,
   108.00 deg.: X-S =     0.005556 mb/sr,
   109.00 deg.: X-S =     0.004790 mb/sr,
   110.00 deg.: X-S =     0.004129 mb/sr,
   111.00 deg.: X-S =     0.003566 mb/sr,
   112.00 deg.: X-S =     0.003095 mb/sr,
   113.00 deg.: X-S =     0.002710 mb/sr,
   114.00 deg.: X-S =     0.002402 mb/sr,
   115.00 deg.: X-S =     0.002163 mb/sr,
   116.00 deg.: X-S =     0.001986 mb/sr,
   117.00 deg.: X-S =     0.001862 mb/sr,
   118.00 deg.: X-S =     0.001784 mb/sr,
   119.00 deg.: X-S =     0.001746 mb/sr,
   120.00 deg.: X-S =     0.001741 mb/sr,
   121.00 deg.: X-S =     0.001762 mb/sr,
   122.00 deg.: X-S =     0.001804 mb/sr,
   123.00 deg.: X-S =     0.001860 mb/sr,
   124.00 deg.: X-S =     0.001926 mb/sr,
   125.00 deg.: X-S =     0.001998 mb/sr,
   126.00 deg.: X-S =     0.002072 mb/sr,
   127.00 deg.: X-S =     0.002144 mb/sr,
   128.00 deg.: X-S =     0.002212 mb/sr,
   129.00 deg.: X-S =     0.002274 mb/sr,
   130.00 deg.: X-S =     0.002328 mb/sr,
   131.00 deg.: X-S =     0.002371 mb/sr,
   132.00 deg.: X-S =     0.002402 mb/sr,
   133.00 deg.: X-S =     0.002422 mb/sr,
   134.00 deg.: X-S =     0.002430 mb/sr,
   135.00 deg.: X-S =     0.002425 mb/sr,
   136.00 deg.: X-S =     0.002409 mb/sr,
   137.00 deg.: X-S =     0.002381 mb/sr,
   138.00 deg.: X-S =     0.002341 mb/sr,
   139.00 deg.: X-S =     0.002290 mb/sr,
   140.00 deg.: X-S =     0.002230 mb/sr,
   141.00 deg.: X-S =     0.002160 mb/sr,
   142.00 deg.: X-S =     0.002083 mb/sr,
   143.00 deg.: X-S =     0.001999 mb/sr,
   144.00 deg.: X-S =     0.001909 mb/sr,
   145.00 deg.: X-S =     0.001814 mb/sr,
   146.00 deg.: X-S =     0.001716 mb/sr,
   147.00 deg.: X-S =     0.001614 mb/sr,
   148.00 deg.: X-S =     0.001511 mb/sr,
   149.00 deg.: X-S =     0.001408 mb/sr,
   150.00 deg.: X-S =     0.001305 mb/sr,
   151.00 deg.: X-S =     0.001204 mb/sr,
   152.00 deg.: X-S =     0.001105 mb/sr,
   153.00 deg.: X-S =     0.001008 mb/sr,
   154.00 deg.: X-S =     0.000915 mb/sr,
   155.00 deg.: X-S =     0.000825 mb/sr,
   156.00 deg.: X-S =     0.000740 mb/sr,
   157.00 deg.: X-S =     0.000660 mb/sr,
   158.00 deg.: X-S =     0.000585 mb/sr,
   159.00 deg.: X-S =     0.000516 mb/sr,
   160.00 deg.: X-S =     0.000452 mb/sr,
   161.00 deg.: X-S =     0.000393 mb/sr,
   162.00 deg.: X-S =     0.000340 mb/sr,
   163.00 deg.: X-S =     0.000292 mb/sr,
   164.00 deg.: X-S =     0.000250 mb/sr,
   165.00 deg.: X-S =     0.000212 mb/sr,
   166.00 deg.: X-S =     0.000179 mb/sr,
   167.00 deg.: X-S =     0.000151 mb/sr,
   168.00 deg.: X-S =     0.000126 mb/sr,
   169.00 deg.: X-S =     0.000106 mb/sr,
   170.00 deg.: X-S =   8.8703E-05 mb/sr,
   171.00 deg.: X-S =   7.4631E-05 mb/sr,
   172.00 deg.: X-S =   6.3215E-05 mb/sr,
   173.00 deg.: X-S =   5.4039E-05 mb/sr,
   174.00 deg.: X-S =   4.6750E-05 mb/sr,
   175.00 deg.: X-S =   4.1098E-05 mb/sr,
   176.00 deg.: X-S =   3.6900E-05 mb/sr,
   177.00 deg.: X-S =   3.3989E-05 mb/sr,
   178.00 deg.: X-S =   3.2165E-05 mb/sr,
   179.00 deg.: X-S =   3.1199E-05 mb/sr,
   180.00 deg.: X-S =   3.0902E-05 mb/sr,
                                           Integrated    0.9370 mb, over [   0.000, 180.000] at    35.0000 MeV 
 Finished all xsecs @   0.305602998    

  The following files have been created:
   3:local copy of User input.            6:standard output.                   
   7:elastic  S-matrix elements.         13:total cross sections/state.        
  16:tables of cross sections.           35:Astrophysics S-factors  / Ecm.     
  38:cross sections for each J/pi.       39:cross sections for each Ecm.       
  40:all cross sectns. for each Elab.    45:scat phase shift as E functions.   
  56:Fusion for each Jtotal.             75:S-factors for lab energies.        
 201:Separate cross sections.           202:Separate cross sections.           

 PARAMETERS : MAXQRN   MFNL   MLOC  LMAX1 MCLIST
    ALLOWED :      1     64      9     70     15
    REQUIRED:      0      0      9     55      5


 ACCURACY ANALYSIS at    35.000 MeV :

  Elastic h*k = 0.037 so OK       compared with 0.200

   Real(S-el) > 0.01 first at J =       0.5
   Real(S-el) > 0.10 first at J =       0.5
   Real(S-el) > 0.50 first at J =       5.5
   Real(S-el) > 0.90 first at J =       6.5
   Real(S-el) > 0.99 first at J =       8.5
   R-turn =    41.01 fm    at J =      50.5

 Forward-angle excitation cut off below   0.480 deg by max JT =      50.5
                              and below   0.330 deg by max R.

 Total CPU  0 time =       0.31 seconds
