 FRESCO - FRES 3.4: Coupled Reaction Channels
 Assuming NAMELIST input.

 p+O20 with CH89;                                                                

   0.030  60.000   0.500   0.000   0.000   0.000   0.000   0.000   0.000   0.000

 Centre-of-mass Range is   2002 * 0.0300 fm., Maximum at  60.00 fm., Interpolating NL forms every  0.51 fm.
 Non - locality width is      4 * 0.0300 fm., Maximum of   0.09 fm., Centred at  0.00 fm.
 2-Nucleon Separation of      0 * 0.5100 fm., Maximum of   0.00 fm., Minimum at  0.00 fm.
 Maximum single particle bins of 59.6700 fm.
               M,Mint =         2001        1990


 Range of total J is     0.0 <= J <=    50.0 (at least     0.0) and Absorbtion =>     0.0010 mb.
 Dry Run = F, CC set limits =  0  0, Relativistic kinematics =  , Both/Far/Near Analyses =  1                     

 Cross Sections (and up to T0 for 0=projectile) for Theta from   3.0 to-180.0 in steps of  1.0 degrees, DGAM=0,  Coordinates = 0 (Mads)

 Lower Radial Cutoff = maximum of -1.60*L*h &       0.0 fm.,  Lower Cutoff for Couplings =   0.0  fm.


 Iterate Couplings between   0 and   0 times, to  0.000 % if sooner.                                          
  Block solved exactly =   0 chs., with Pade = 0 & Isocen =  =0, NOSOL = F, initwf =  0
  NL quadrature with   18 Gaussian points, Calculate multipoles up to    56 from   0
  M-transfers for lp+lt greater than or equal to  6, Angular Integration Cutoff below  2.7778 %


 Trace switches are :  CHANS =  1, LISTCC =  0, TRENEG =  0, CDETR =  0, SMATS =  2, XSTABL =  1, NLPL =  0

                       WAVES =  0, LAMPL =  0, VEFF =  0, KFUS =  0, WDISK =  0, BPM =  0, MELFIL =  0

                       CDCC =  0, NFUS =  0

 Using unit mass = 1.000000 amu and 1/fine-structure constant = 137.03599 ( 1.000000 * true ) with hc = 197.32705 MeV.fm,
  thus 2*amu/hbar^2 = 0.0478450 = 1/20.9008 and Coulomb constant = 0.1574855 so e^2 = 1.43997, and nuclear magneton= 0.1261183

 Now pre-scan input and save to file 3



 *********** PARTITION NUMBER  1 ******************************************************************************************

   PROJ=p          MASS=  1.0073 Z=   1.0,        # STATES=    1T, TARG=O20      MASS= 19.9997 Z=   8.0,     Q-VALUE =  -0.0000 MEV.

     1:  J= 0.5+ (B# 1), E=  0.0000, K= 0.5              Potl#  1       J= 0.0+ (B# 1), E=  0.0000, K= 0.0    


 ************************************************************************************************************************************

 The following POTENTIALS are defined :

  KP#       TYPE      IT    SHAPE      at     V1        r1        a1        V2        r2        a2        A-in     A-used


                                            A#1       A#2        r0c       ac                                                h @ 1
    1    0=Coulomb       0=CHARGE (WS)  1    20.000     0.000    1.2842    0.0000    0.0000    0.0000     0.000    20.000   0.03000

    1    1=Volume        0=Woods-Saxon  2   55.4888    1.1671    0.6900    4.4448    1.1753    0.6900     0.000    20.000

    1    2=Surface       0=Woods-Saxon  3    0.0000    0.0000    0.0000    9.4323    1.1753    0.6900     0.000    20.000

    1    3=Projtl S.O.   0=Woods-Saxon  4    5.9000    0.8979    0.6300    0.0000    0.0000    0.0000     0.000    20.000

 Incoming partition  1 in excitation state # 1,   Laboratory Energy given for partition  1 Nucleus 1 in Excitation pair 1

0Lab. ENERGY ranges :

   from    35.0000     to   0.00000     in     0 intervals
   from    0.00000     to   0.00000     in     0 intervals
   from    0.00000     to   0.00000     in     0 intervals

 Largest real,imaginary parts of any form factor at R=   59.52 are   2.42E-02  1.01E-31 MeV
 Finished all Couplings @    4.73000109E-04           4

 Symmetric Hamiltonian
1***********************************************************************************************************************************
************************************************************************************************************************************

        INCOMING p        ;    LABORATORY p        ENERGY =   35.000     MeV.

 ***********************************************************************************************************************************
 ***********************************************************************************************************************************

 Allocate arrays for            2  channels, of which            1  need wfs.

 ######################################################################################################################
 #                                                                                                                    #
 # Total SPIN and PARITY =     0.5 +,      1 channels,    0 in 1st block.  Rmin & Coul turning =    0.0    0.3 fm.  #
 #                                                                                                                    #
 ######################################################################################################################



    C Projectl Target   #   EX.   (L  Proj) J  + Targ = Jtotal     E-cm      Re K     Re Eta     RM*K            CH
    1 p        O20      #    1: I   0 0.5    0.5  0.0     0.5    33.32176   1.23648   0.21373   74.1887   0.33920  -0.36833 1 1 1   1
   S-matrix    1 =    0.31497  -0.08816 for L=    0, J=    0.5 channel on core I =   0.0 from L=    0,  Acc. loss =  0.0 D.
 Elastic phase shift   1 =   -7.819  32.016 deg. for the L =    0, J =    0.5 channel.
       0.5  0.31496504 -0.08816221i: elastic S-matrix  @@      0.00  0   0 F  0
 Reaction Xsec     0.5+/ 0 @ 1 =  18.350 , Out:   0.000#


 Total SPIN, PARITY =     0.5 -,      1 chs,      0 cc.  Rmin & Coul turning =    0.0    0.3
   S-matrix    1 =    0.13928  -0.28047 for L=    1, J=    0.5 channel on core I =   0.0 from L=    1,  Acc. loss =  0.0 D.
 Elastic phase shift   1 =  -31.795  33.263 deg. for the L =    1, J =    0.5 channel.
       0.5  0.13928441 -0.28046528i: elastic S-matrix  @@      0.00  0   0 F  0
 Reaction Xsec     0.5-/ 1 @ 1 =  18.533 , Out:   0.000#


 Total SPIN, PARITY =     1.5 +,      1 chs,      0 cc.  Rmin & Coul turning =    0.0    1.3
   S-matrix    1 =   -0.13454  -0.25248 for L=    2, J=    1.5 channel on core I =   0.0 from L=    2,  Acc. loss =  0.0 D.
 Elastic phase shift   1 =  -59.026  35.852 deg. for the L =    2, J =    1.5 channel.
       1.5 -0.13453876 -0.25247736i: elastic S-matrix  @@      0.00  0   0 F  0
 Reaction Xsec     1.5+/ 2 @ 1 =  37.733 , Out:   0.000#


 Total SPIN, PARITY =     1.5 -,      1 chs,      0 cc.  Rmin & Coul turning =    0.0    1.3
   S-matrix    1 =    0.26166  -0.20134 for L=    1, J=    1.5 channel on core I =   0.0 from L=    1,  Acc. loss =  0.0 D.
 Elastic phase shift   1 =  -18.789  31.748 deg. for the L =    1, J =    1.5 channel.
       1.5  0.26165644 -0.20133920i: elastic S-matrix  @@      0.00  0   0 F  0
 Reaction Xsec     1.5-/ 1 @ 1 =  36.617 , Out:   0.000#


 Total SPIN, PARITY =     2.5 +,      1 chs,      0 cc.  Rmin & Coul turning =    0.1    2.2
   S-matrix    1 =    0.10108  -0.27018 for L=    2, J=    2.5 channel on core I =   0.0 from L=    2,  Acc. loss =  0.0 D.
 Elastic phase shift   1 =  -34.744  35.614 deg. for the L =    2, J =    2.5 channel.
       2.5  0.10108145 -0.27018094i: elastic S-matrix  @@      0.00  0   0 F  0
 Reaction Xsec     2.5+/ 2 @ 1 =  56.515 , Out:   0.000#


 Total SPIN, PARITY =     2.5 -,      1 chs,      0 cc.  Rmin & Coul turning =    0.1    2.2
   S-matrix    1 =   -0.25733  -0.09349 for L=    3, J=    2.5 channel on core I =   0.0 from L=    3,  Acc. loss =  0.0 D.
 Elastic phase shift   1 =  -80.017  37.111 deg. for the L =    3, J =    2.5 channel.
       2.5 -0.25733223 -0.09348887i: elastic S-matrix  @@      0.00  0   0 F  0
 Reaction Xsec     2.5-/ 3 @ 1 =  57.024 , Out:   0.000#


 Total SPIN, PARITY =     3.5 +,      1 chs,      0 cc.  Rmin & Coul turning =    0.1    3.0
   S-matrix    1 =   -0.02730   0.13405 for L=    4, J=    3.5 channel on core I =   0.0 from L=    4,  Acc. loss =  0.0 D.
 Elastic phase shift   1 =   50.756  56.986 deg. for the L =    4, J =    3.5 channel.
       3.5 -0.02730215  0.13405419i: elastic S-matrix  @@      0.00  0   0 F  0
 Reaction Xsec     3.5+/ 4 @ 1 =  80.655 , Out:   0.000#


 Total SPIN, PARITY =     3.5 -,      1 chs,      0 cc.  Rmin & Coul turning =    0.1    3.0
   S-matrix    1 =   -0.08817  -0.31399 for L=    3, J=    3.5 channel on core I =   0.0 from L=    3,  Acc. loss =  0.0 D.
 Elastic phase shift   1 =  -52.843  32.098 deg. for the L =    3, J =    3.5 channel.
       3.5 -0.08817098 -0.31399455i: elastic S-matrix  @@      0.00  0   0 F  0
 Reaction Xsec     3.5-/ 3 @ 1 =  73.451 , Out:   0.000#


 Total SPIN, PARITY =     4.5 +,      1 chs,      0 cc.  Rmin & Coul turning =    0.2    3.8
   S-matrix    1 =   -0.12911  -0.10488 for L=    4, J=    4.5 channel on core I =   0.0 from L=    4,  Acc. loss =  0.0 D.
 Elastic phase shift   1 =  -70.455  51.386 deg. for the L =    4, J =    4.5 channel.
       4.5 -0.12910549 -0.10488341i: elastic S-matrix  @@      0.00  0   0 F  0
 Reaction Xsec     4.5+/ 4 @ 1 =  99.899 , Out:   0.000#


 Total SPIN, PARITY =     4.5 -,      1 chs,      0 cc.  Rmin & Coul turning =    0.2    3.8
   S-matrix    1 =    0.44042   0.24313 for L=    5, J=    4.5 channel on core I =   0.0 from L=    5,  Acc. loss =  0.0 D.
 Elastic phase shift   1 =   14.450  19.682 deg. for the L =    5, J =    4.5 channel.
       4.5  0.44042318  0.24313091i: elastic S-matrix  @@      0.00  0   0 F  0
 Reaction Xsec     4.5-/ 5 @ 1 =  76.739 , Out:   0.000#


 Total SPIN, PARITY =     5.5 +,      1 chs,      0 cc.  Rmin & Coul turning =    0.2    4.6
   S-matrix    1 =    0.78794   0.15831 for L=    6, J=    5.5 channel on core I =   0.0 from L=    6,  Acc. loss =  0.0 D.
 Elastic phase shift   1 =    5.680   6.261 deg. for the L =    6, J =    5.5 channel.
       5.5  0.78793816  0.15831015i: elastic S-matrix  @@      0.00  0   0 F  0
 Reaction Xsec     5.5+/ 6 @ 1 =  43.656 , Out:   0.000#


 Total SPIN, PARITY =     5.5 -,      1 chs,      0 cc.  Rmin & Coul turning =    0.2    4.6
   S-matrix    1 =    0.27605   0.24423 for L=    5, J=    5.5 channel on core I =   0.0 from L=    5,  Acc. loss =  0.0 D.
 Elastic phase shift   1 =   20.750  28.593 deg. for the L =    5, J =    5.5 channel.
       5.5  0.27605007  0.24423394i: elastic S-matrix  @@      0.00  0   0 F  0
 Reaction Xsec     5.5-/ 5 @ 1 = 106.541 , Out:   0.000#


 Total SPIN, PARITY =     6.5 +,      1 chs,      0 cc.  Rmin & Coul turning =    0.3    5.4
   S-matrix    1 =    0.74824   0.20452 for L=    6, J=    6.5 channel on core I =   0.0 from L=    6,  Acc. loss =  0.0 D.
 Elastic phase shift   1 =    7.644   7.277 deg. for the L =    6, J =    6.5 channel.
       6.5  0.74823613  0.20452408i: elastic S-matrix  @@      0.00  0   0 F  0
 Reaction Xsec     6.5+/ 6 @ 1 =  57.293 , Out:   0.000#


 Total SPIN, PARITY =     6.5 -,      1 chs,      0 cc.  Rmin & Coul turning =    0.3    5.4
   S-matrix    1 =    0.92882   0.06843 for L=    7, J=    6.5 channel on core I =   0.0 from L=    7,  Acc. loss =  0.0 D.
 Elastic phase shift   1 =    2.107   2.038 deg. for the L =    7, J =    6.5 channel.
       6.5  0.92881904  0.06842652i: elastic S-matrix  @@      0.00  0   0 F  0
 Reaction Xsec     6.5-/ 7 @ 1 =  19.075 , Out:   0.000#


 Total SPIN, PARITY =     7.5 +,      1 chs,      0 cc.  Rmin & Coul turning =    0.3    6.2
   S-matrix    1 =    0.97618   0.02564 for L=    8, J=    7.5 channel on core I =   0.0 from L=    8,  Acc. loss =  0.0 D.
 Elastic phase shift   1 =    0.752   0.681 deg. for the L =    8, J =    7.5 channel.
       7.5  0.97617877  0.02564480i: elastic S-matrix  @@      0.00  0   0 F  0
 Reaction Xsec     7.5+/ 8 @ 1 =   7.630 , Out:   0.000#


 Total SPIN, PARITY =     7.5 -,      1 chs,      0 cc.  Rmin & Coul turning =    0.3    6.2
   S-matrix    1 =    0.92345   0.08614 for L=    7, J=    7.5 channel on core I =   0.0 from L=    7,  Acc. loss =  0.0 D.
 Elastic phase shift   1 =    2.665   2.157 deg. for the L =    7, J =    7.5 channel.
       7.5  0.92344592  0.08614492i: elastic S-matrix  @@      0.00  0   0 F  0
 Reaction Xsec     7.5-/ 7 @ 1 =  22.986 , Out:   0.000#


 Total SPIN, PARITY =     8.5 +,      1 chs,      0 cc.  Rmin & Coul turning =    0.4    7.0
   S-matrix    1 =    0.97552   0.03117 for L=    8, J=    8.5 channel on core I =   0.0 from L=    8,  Acc. loss =  0.0 D.
 Elastic phase shift   1 =    0.915   0.696 deg. for the L =    8, J =    8.5 channel.
       8.5  0.97551536  0.03117179i: elastic S-matrix  @@      0.00  0   0 F  0
 Reaction Xsec     8.5+/ 8 @ 1 =   8.766 , Out:   0.000#


 Total SPIN, PARITY =     8.5 -,      1 chs,      0 cc.  Rmin & Coul turning =    0.4    7.0
   S-matrix    1 =    0.99194   0.00914 for L=    9, J=    8.5 channel on core I =   0.0 from L=    9,  Acc. loss =  0.0 D.
 Elastic phase shift   1 =    0.264   0.231 deg. for the L =    9, J =    8.5 channel.
       8.5  0.99193555  0.00913775i: elastic S-matrix  @@      0.00  0   0 F  0
 Reaction Xsec     8.5-/ 9 @ 1 =   2.955 , Out:   0.000#


 Total SPIN, PARITY =     9.5 +,      1 chs,      0 cc.  Rmin & Coul turning =    0.4    7.8
   S-matrix    1 =    0.99725   0.00319 for L=   10, J=    9.5 channel on core I =   0.0 from L=   10,  Acc. loss =  0.0 D.
 Elastic phase shift   1 =    0.092   0.079 deg. for the L =   10, J =    9.5 channel.
       9.5  0.99725412  0.00319014i: elastic S-matrix  @@      0.00  0   0 F  0
 Reaction Xsec     9.5+/10 @ 1 =   1.125 , Out:   0.000#


 Total SPIN, PARITY =     9.5 -,      1 chs,      0 cc.  Rmin & Coul turning =    0.4    7.8
   S-matrix    1 =    0.99185   0.01084 for L=    9, J=    9.5 channel on core I =   0.0 from L=    9,  Acc. loss =  0.0 D.
 Elastic phase shift   1 =    0.313   0.233 deg. for the L =    9, J =    9.5 channel.
       9.5  0.99185352  0.01083772i: elastic S-matrix  @@      0.00  0   0 F  0
 Reaction Xsec     9.5-/ 9 @ 1 =   3.310 , Out:   0.000#


 Total SPIN, PARITY =    10.5 +,      1 chs,      0 cc.  Rmin & Coul turning =    0.5    8.7
   S-matrix    1 =    0.99724   0.00372 for L=   10, J=   10.5 channel on core I =   0.0 from L=   10,  Acc. loss =  0.0 D.
 Elastic phase shift   1 =    0.107   0.079 deg. for the L =   10, J =   10.5 channel.
      10.5  0.99724388  0.00371617i: elastic S-matrix  @@      0.00  0   0 F  0
 Reaction Xsec    10.5+/10 @ 1 =   1.241 , Out:   0.000#


 Total SPIN, PARITY =    10.5 -,      1 chs,      0 cc.  Rmin & Coul turning =    0.5    8.7
   S-matrix    1 =    0.99906   0.00110 for L=   11, J=   10.5 channel on core I =   0.0 from L=   11,  Acc. loss =  0.0 D.
 Elastic phase shift   1 =    0.032   0.027 deg. for the L =   11, J =   10.5 channel.
      10.5  0.99906404  0.00110282i: elastic S-matrix  @@      0.00  0   0 F  0
 Reaction Xsec    10.5-/11 @ 1 =   0.423 , Out:   0.000#


 Total SPIN, PARITY =    11.5 +,      1 chs,      0 cc.  Rmin & Coul turning =    0.5    9.5
   S-matrix    1 =    0.99968   0.00038 for L=   12, J=   11.5 channel on core I =   0.0 from L=   12,  Acc. loss =  0.0 D.
 Elastic phase shift   1 =    0.011   0.009 deg. for the L =   12, J =   11.5 channel.
      11.5  0.99968131  0.00037905i: elastic S-matrix  @@      0.00  0   0 F  0
 Reaction Xsec    11.5+/12 @ 1 =   0.157 , Out:   0.000#


 Total SPIN, PARITY =    11.5 -,      1 chs,      0 cc.  Rmin & Coul turning =    0.5    9.5
   S-matrix    1 =    0.99906   0.00127 for L=   11, J=   11.5 channel on core I =   0.0 from L=   11,  Acc. loss =  0.0 D.
 Elastic phase shift   1 =    0.036   0.027 deg. for the L =   11, J =   11.5 channel.
      11.5  0.99906275  0.00126614i: elastic S-matrix  @@      0.00  0   0 F  0
 Reaction Xsec    11.5-/11 @ 1 =   0.462 , Out:   0.000#


 Total SPIN, PARITY =    12.5 +,      1 chs,      0 cc.  Rmin & Coul turning =    0.6   10.3
   S-matrix    1 =    0.99968   0.00043 for L=   12, J=   12.5 channel on core I =   0.0 from L=   12,  Acc. loss =  0.0 D.
 Elastic phase shift   1 =    0.012   0.009 deg. for the L =   12, J =   12.5 channel.
      12.5  0.99968114  0.00042977i: elastic S-matrix  @@      0.00  0   0 F  0
 Reaction Xsec    12.5+/12 @ 1 =   0.170 , Out:   0.000#


 Total SPIN, PARITY =    12.5 -,      1 chs,      0 cc.  Rmin & Coul turning =    0.6   10.3
   S-matrix    1 =    0.99989   0.00013 for L=   13, J=   12.5 channel on core I =   0.0 from L=   13,  Acc. loss =  0.0 D.
 Elastic phase shift   1 =    0.004   0.003 deg. for the L =   13, J =   12.5 channel.
      12.5  0.99989168  0.00012976i: elastic S-matrix  @@      0.00  0   0 F  0
 Reaction Xsec    12.5-/13 @ 1 =   0.058 , Out:   0.000#


 Total SPIN, PARITY =    13.5 +,      1 chs,      0 cc.  Rmin & Coul turning =    0.6   11.1
   S-matrix    1 =    0.99996   0.00004 for L=   14, J=   13.5 channel on core I =   0.0 from L=   14,  Acc. loss =  0.0 D.
 Elastic phase shift   1 =    0.001   0.001 deg. for the L =   14, J =   13.5 channel.
      13.5  0.99996326  0.00004428i: elastic S-matrix  @@      0.00  0   0 F  0
 Reaction Xsec    13.5+/14 @ 1 =   0.021 , Out:   0.000#


 Total SPIN, PARITY =    13.5 -,      1 chs,      0 cc.  Rmin & Coul turning =    0.6   11.1
   S-matrix    1 =    0.99989   0.00015 for L=   13, J=   13.5 channel on core I =   0.0 from L=   13,  Acc. loss =  0.0 D.
 Elastic phase shift   1 =    0.004   0.003 deg. for the L =   13, J =   13.5 channel.
      13.5  0.99989166  0.00014549i: elastic S-matrix  @@      0.00  0   0 F  0
 Reaction Xsec    13.5-/13 @ 1 =   0.062 , Out:   0.000#


 Total SPIN, PARITY =    14.5 +,      1 chs,      0 cc.  Rmin & Coul turning =    0.7   11.9
   S-matrix    1 =    0.99996   0.00005 for L=   14, J=   14.5 channel on core I =   0.0 from L=   14,  Acc. loss =  0.0 D.
 Elastic phase shift   1 =    0.001   0.001 deg. for the L =   14, J =   14.5 channel.
      14.5  0.99996325  0.00004915i: elastic S-matrix  @@      0.00  0   0 F  0
 Reaction Xsec    14.5+/14 @ 1 =   0.023 , Out:   0.000#


 Total SPIN, PARITY =    14.5 -,      1 chs,      0 cc.  Rmin & Coul turning =    0.7   11.9
   S-matrix    1 =    0.99999   0.00002 for L=   15, J=   14.5 channel on core I =   0.0 from L=   15,  Acc. loss =  0.0 D.
 Elastic phase shift   1 =    0.000   0.000 deg. for the L =   15, J =   14.5 channel.
      14.5  0.99998756  0.00001507i: elastic S-matrix  @@      0.00  0   0 F  0
 Reaction Xsec    14.5-/15 @ 1 =   7.669/, Out:   0.000#


 Total SPIN, PARITY =    15.5 +,      1 chs,      0 cc.  Rmin & Coul turning =    0.7   12.7
   S-matrix    1 =    1.00000   0.00001 for L=   16, J=   15.5 channel on core I =   0.0 from L=   16,  Acc. loss =  0.0 D.
 Elastic phase shift   1 =    0.000   0.000 deg. for the L =   16, J =   15.5 channel.
      15.5  0.99999580  0.00000512i: elastic S-matrix  @@      0.00  0   0 F  0
 Reaction Xsec    15.5+/16 @ 1 =   2.765/, Out:   0.000#


 Total SPIN, PARITY =    15.5 -,      1 chs,      0 cc.  Rmin & Coul turning =    0.7   12.7
   S-matrix    1 =    0.99999   0.00002 for L=   15, J=   15.5 channel on core I =   0.0 from L=   15,  Acc. loss =  0.0 D.
 Elastic phase shift   1 =    0.000   0.000 deg. for the L =   15, J =   15.5 channel.
      15.5  0.99998756  0.00001658i: elastic S-matrix  @@      0.00  0   0 F  0
 Reaction Xsec    15.5-/15 @ 1 =   8.180/, Out:   0.000#


 Total SPIN, PARITY =    16.5 +,      1 chs,      0 cc.  Rmin & Coul turning =    0.8   13.5
   S-matrix    1 =    1.00000   0.00001 for L=   16, J=   16.5 channel on core I =   0.0 from L=   16,  Acc. loss =  0.0 D.
 Elastic phase shift   1 =    0.000   0.000 deg. for the L =   16, J =   16.5 channel.
      16.5  0.99999580  0.00000558i: elastic S-matrix  @@      0.00  0   0 F  0
 Reaction Xsec    16.5+/16 @ 1 =   2.938/, Out:   0.000#


 Total SPIN, PARITY =    16.5 -,      1 chs,      0 cc.  Rmin & Coul turning =    0.8   13.5
   S-matrix    1 =    1.00000   0.00000 for L=   17, J=   16.5 channel on core I =   0.0 from L=   17,  Acc. loss =  0.0 D.
 Elastic phase shift   1 =    0.000   0.000 deg. for the L =   17, J =   16.5 channel.
      16.5  0.99999858  0.00000174i: elastic S-matrix  @@      0.00  0   0 F  0
 Reaction Xsec    16.5-/17 @ 1 =   0.991/, Out:   0.000#


 Total SPIN, PARITY =    17.5 +,      1 chs,      0 cc.  Rmin & Coul turning =    0.8   14.3
   S-matrix    1 =    1.00000   0.00000 for L=   18, J=   17.5 channel on core I =   0.0 from L=   18,  Acc. loss =  0.0 D.
 Elastic phase shift   1 =    0.000   0.000 deg. for the L =   18, J =   17.5 channel.
      17.5  0.99999952  0.00000059i: elastic S-matrix  @@      0.00  0   0 F  0
 Reaction Xsec    17.5+/18 @ 1 =   0.354/, Out:   0.000#


 Total SPIN, PARITY =    17.5 -,      1 chs,      0 cc.  Rmin & Coul turning =    0.8   14.3
   S-matrix    1 =    1.00000   0.00000 for L=   17, J=   17.5 channel on core I =   0.0 from L=   17,  Acc. loss =  0.0 D.
 Elastic phase shift   1 =    0.000   0.000 deg. for the L =   17, J =   17.5 channel.
      17.5  0.99999858  0.00000188i: elastic S-matrix  @@      0.00  0   0 F  0
 Reaction Xsec    17.5-/17 @ 1 =   1.050/, Out:   0.000#

 Finished all CC sets @    4.29400010E-03
0CUMULATIVE REACTION cross section                 =  831.49282  <L> =     4.17  <L**2> =     20.9
0CUMULATIVE outgoing cross sections in partition 1 :    0.00000
0Cumulative ABSORBTION by Imaginary Potentials     =  831.49282  <L> =     4.17  <L**2> =     20.9
   Fusion for specific p        M-states :  831.492824  831.492824
0CUMULATIVE OUTGOING cross section                 =    0.00000
 To convert to S-factors (MeV.mb = keV.b),  multiply by  1.2763E+02


 CROSS SECTIONS FOR OUTGOING p        & O20      in state #   1 with spins & parities 0.5  + &  0.0  +;  0

     3.00 deg.: X-S =   1.3276E+05 mb/sr,
+                                         /R =   8.3455E-01
     4.00 deg.: X-S =   3.8746E+04 mb/sr,
+                                         /R =   7.6948E-01
     5.00 deg.: X-S =   1.5210E+04 mb/sr,
+                                         /R =   7.3710E-01
     6.00 deg.: X-S =  7558.442084 mb/sr,
+                                         /R =   7.5915E-01
     7.00 deg.: X-S =  4601.500173 mb/sr,
+                                         /R =   8.5564E-01
     8.00 deg.: X-S =  3292.083008 mb/sr,
+                                         /R =   1.0435E+00
     9.00 deg.: X-S =  2631.938295 mb/sr,
+                                         /R =   1.3352E+00
    10.00 deg.: X-S =  2249.018751 mb/sr,
+                                         /R =   1.7373E+00
    11.00 deg.: X-S =  1991.370993 mb/sr,
+                                         /R =   2.2498E+00
    12.00 deg.: X-S =  1792.881213 mb/sr,
+                                         /R =   2.8654E+00
    13.00 deg.: X-S =  1623.674484 mb/sr,
+                                         /R =   3.5697E+00
    14.00 deg.: X-S =  1470.120456 mb/sr,
+                                         /R =   4.3413E+00
    15.00 deg.: X-S =  1326.189099 mb/sr,
+                                         /R =   5.1533E+00
    16.00 deg.: X-S =  1189.493794 mb/sr,
+                                         /R =   5.9741E+00
    17.00 deg.: X-S =  1059.393252 mb/sr,
+                                         /R =   6.7695E+00
    18.00 deg.: X-S =   936.046146 mb/sr,
+                                         /R =   7.5045E+00
    19.00 deg.: X-S =   819.927034 mb/sr,
+                                         /R =   8.1452E+00
    20.00 deg.: X-S =   711.574872 mb/sr,
+                                         /R =   8.6615E+00
    21.00 deg.: X-S =   611.463285 mb/sr,
+                                         /R =   9.0281E+00
    22.00 deg.: X-S =   519.936892 mb/sr,
+                                         /R =   9.2265E+00
    23.00 deg.: X-S =   437.184660 mb/sr,
+                                         /R =   9.2465E+00
    24.00 deg.: X-S =   363.234663 mb/sr,
+                                         /R =   9.0865E+00
    25.00 deg.: X-S =   297.961425 mb/sr,
+                                         /R =   8.7538E+00
    26.00 deg.: X-S =   241.100707 mb/sr,
+                                         /R =   8.2650E+00
    27.00 deg.: X-S =   192.268531 mb/sr,
+                                         /R =   7.6444E+00
    28.00 deg.: X-S =   150.982346 mb/sr,
+                                         /R =   6.9234E+00
    29.00 deg.: X-S =   116.682921 mb/sr,
+                                         /R =   6.1390E+00
    30.00 deg.: X-S =    88.755916 mb/sr,
+                                         /R =   5.3318E+00
    31.00 deg.: X-S =    66.552409 mb/sr,
+                                         /R =   4.5441E+00
    32.00 deg.: X-S =    49.407820 mb/sr,
+                                         /R =   3.8180E+00
    33.00 deg.: X-S =    36.658856 mb/sr,
+                                         /R =   3.1933E+00
    34.00 deg.: X-S =    27.658237 mb/sr,
+                                         /R =   2.7056E+00
    35.00 deg.: X-S =    21.787059 mb/sr,
+                                         /R =   2.3848E+00
    36.00 deg.: X-S =    18.464764 mb/sr,
+                                         /R =   2.2541E+00
    37.00 deg.: X-S =    17.156752 mb/sr,
+                                         /R =   2.3283E+00
    38.00 deg.: X-S =    17.379758 mb/sr,
+                                         /R =   2.6140E+00
    39.00 deg.: X-S =    18.705145 mb/sr,
+                                         /R =   3.1091E+00
    40.00 deg.: X-S =    20.760324 mb/sr,
+                                         /R =   3.8031E+00
    41.00 deg.: X-S =    23.228536 mb/sr,
+                                         /R =   4.6775E+00
    42.00 deg.: X-S =    25.847228 mb/sr,
+                                         /R =   5.7072E+00
    43.00 deg.: X-S =    28.405291 mb/sr,
+                                         /R =   6.8611E+00
    44.00 deg.: X-S =    30.739402 mb/sr,
+                                         /R =   8.1038E+00
    45.00 deg.: X-S =    32.729700 mb/sr,
+                                         /R =   9.3971E+00
    46.00 deg.: X-S =    34.295035 mb/sr,
+                                         /R =   1.0701E+01
    47.00 deg.: X-S =    35.387975 mb/sr,
+                                         /R =   1.1977E+01
    48.00 deg.: X-S =    35.989747 mb/sr,
+                                         /R =   1.3186E+01
    49.00 deg.: X-S =    36.105276 mb/sr,
+                                         /R =   1.4295E+01
    50.00 deg.: X-S =    35.758425 mb/sr,
+                                         /R =   1.5271E+01
    51.00 deg.: X-S =    34.987554 mb/sr,
+                                         /R =   1.6090E+01
    52.00 deg.: X-S =    33.841456 mb/sr,
+                                         /R =   1.6730E+01
    53.00 deg.: X-S =    32.375724 mb/sr,
+                                         /R =   1.7180E+01
    54.00 deg.: X-S =    30.649581 mb/sr,
+                                         /R =   1.7430E+01
    55.00 deg.: X-S =    28.723184 mb/sr,
+                                         /R =   1.7480E+01
    56.00 deg.: X-S =    26.655387 mb/sr,
+                                         /R =   1.7335E+01
    57.00 deg.: X-S =    24.501962 mb/sr,
+                                         /R =   1.7004E+01
    58.00 deg.: X-S =    22.314237 mb/sr,
+                                         /R =   1.6503E+01
    59.00 deg.: X-S =    20.138123 mb/sr,
+                                         /R =   1.5851E+01
    60.00 deg.: X-S =    18.013483 mb/sr,
+                                         /R =   1.5072E+01
    61.00 deg.: X-S =    15.973815 mb/sr,
+                                         /R =   1.4190E+01
    62.00 deg.: X-S =    14.046180 mb/sr,
+                                         /R =   1.3231E+01
    63.00 deg.: X-S =    12.251357 mb/sr,
+                                         /R =   1.2224E+01
    64.00 deg.: X-S =    10.604160 mb/sr,
+                                         /R =   1.1195E+01
    65.00 deg.: X-S =     9.113894 mb/sr,
+                                         /R =   1.0169E+01
    66.00 deg.: X-S =     7.784898 mb/sr,
+                                         /R =   9.1702E+00
    67.00 deg.: X-S =     6.617157 mb/sr,
+                                         /R =   8.2209E+00
    68.00 deg.: X-S =     5.606936 mb/sr,
+                                         /R =   7.3395E+00
    69.00 deg.: X-S =     4.747435 mb/sr,
+                                         /R =   6.5413E+00
    70.00 deg.: X-S =     4.029414 mb/sr,
+                                         /R =   5.8385E+00
    71.00 deg.: X-S =     3.441800 mb/sr,
+                                         /R =   5.2395E+00
    72.00 deg.: X-S =     2.972246 mb/sr,
+                                         /R =   4.7495E+00
    73.00 deg.: X-S =     2.607637 mb/sr,
+                                         /R =   4.3701E+00
    74.00 deg.: X-S =     2.334542 mb/sr,
+                                         /R =   4.0996E+00
    75.00 deg.: X-S =     2.139597 mb/sr,
+                                         /R =   3.9338E+00
    76.00 deg.: X-S =     2.009832 mb/sr,
+                                         /R =   3.8656E+00
    77.00 deg.: X-S =     1.932932 mb/sr,
+                                         /R =   3.8860E+00
    78.00 deg.: X-S =     1.897444 mb/sr,
+                                         /R =   3.9843E+00
    79.00 deg.: X-S =     1.892924 mb/sr,
+                                         /R =   4.1483E+00
    80.00 deg.: X-S =     1.910037 mb/sr,
+                                         /R =   4.3652E+00
    81.00 deg.: X-S =     1.940611 mb/sr,
+                                         /R =   4.6218E+00
    82.00 deg.: X-S =     1.977651 mb/sr,
+                                         /R =   4.9047E+00
    83.00 deg.: X-S =     2.015325 mb/sr,
+                                         /R =   5.2011E+00
    84.00 deg.: X-S =     2.048920 mb/sr,
+                                         /R =   5.4987E+00
    85.00 deg.: X-S =     2.074770 mb/sr,
+                                         /R =   5.7862E+00
    86.00 deg.: X-S =     2.090182 mb/sr,
+                                         /R =   6.0535E+00
    87.00 deg.: X-S =     2.093333 mb/sr,
+                                         /R =   6.2919E+00
    88.00 deg.: X-S =     2.083179 mb/sr,
+                                         /R =   6.4939E+00
    89.00 deg.: X-S =     2.059343 mb/sr,
+                                         /R =   6.6538E+00
    90.00 deg.: X-S =     2.022014 mb/sr,
+                                         /R =   6.7673E+00
    91.00 deg.: X-S =     1.971844 mb/sr,
+                                         /R =   6.8318E+00
    92.00 deg.: X-S =     1.909852 mb/sr,
+                                         /R =   6.8459E+00
    93.00 deg.: X-S =     1.837335 mb/sr,
+                                         /R =   6.8097E+00
    94.00 deg.: X-S =     1.755781 mb/sr,
+                                         /R =   6.7247E+00
    95.00 deg.: X-S =     1.666800 mb/sr,
+                                         /R =   6.5932E+00
    96.00 deg.: X-S =     1.572057 mb/sr,
+                                         /R =   6.4188E+00
    97.00 deg.: X-S =     1.473214 mb/sr,
+                                         /R =   6.2056E+00
    98.00 deg.: X-S =     1.371890 mb/sr,
+                                         /R =   5.9584E+00
    99.00 deg.: X-S =     1.269616 mb/sr,
+                                         /R =   5.6826E+00
   100.00 deg.: X-S =     1.167811 mb/sr,
+                                         /R =   5.3837E+00
   101.00 deg.: X-S =     1.067759 mb/sr,
+                                         /R =   5.0674E+00
   102.00 deg.: X-S =     0.970591 mb/sr,
+                                         /R =   4.7396E+00
   103.00 deg.: X-S =     0.877283 mb/sr,
+                                         /R =   4.4056E+00
   104.00 deg.: X-S =     0.788647 mb/sr,
+                                         /R =   4.0710E+00
   105.00 deg.: X-S =     0.705336 mb/sr,
+                                         /R =   3.7407E+00
   106.00 deg.: X-S =     0.627847 mb/sr,
+                                         /R =   3.4193E+00
   107.00 deg.: X-S =     0.556529 mb/sr,
+                                         /R =   3.1110E+00
   108.00 deg.: X-S =     0.491596 mb/sr,
+                                         /R =   2.8192E+00
   109.00 deg.: X-S =     0.433135 mb/sr,
+                                         /R =   2.5472E+00
   110.00 deg.: X-S =     0.381125 mb/sr,
+                                         /R =   2.2973E+00
   111.00 deg.: X-S =     0.335444 mb/sr,
+                                         /R =   2.0715E+00
   112.00 deg.: X-S =     0.295886 mb/sr,
+                                         /R =   1.8712E+00
   113.00 deg.: X-S =     0.262177 mb/sr,
+                                         /R =   1.6971E+00
   114.00 deg.: X-S =     0.233985 mb/sr,
+                                         /R =   1.5497E+00
   115.00 deg.: X-S =     0.210931 mb/sr,
+                                         /R =   1.4287E+00
   116.00 deg.: X-S =     0.192605 mb/sr,
+                                         /R =   1.3337E+00
   117.00 deg.: X-S =     0.178575 mb/sr,
+                                         /R =   1.2635E+00
   118.00 deg.: X-S =     0.168393 mb/sr,
+                                         /R =   1.2170E+00
   119.00 deg.: X-S =     0.161608 mb/sr,
+                                         /R =   1.1924E+00
   120.00 deg.: X-S =     0.157771 mb/sr,
+                                         /R =   1.1881E+00
   121.00 deg.: X-S =     0.156441 mb/sr,
+                                         /R =   1.2018E+00
   122.00 deg.: X-S =     0.157194 mb/sr,
+                                         /R =   1.2314E+00
   123.00 deg.: X-S =     0.159619 mb/sr,
+                                         /R =   1.2746E+00
   124.00 deg.: X-S =     0.163331 mb/sr,
+                                         /R =   1.3289E+00
   125.00 deg.: X-S =     0.167970 mb/sr,
+                                         /R =   1.3920E+00
   126.00 deg.: X-S =     0.173199 mb/sr,
+                                         /R =   1.4614E+00
   127.00 deg.: X-S =     0.178713 mb/sr,
+                                         /R =   1.5347E+00
   128.00 deg.: X-S =     0.184235 mb/sr,
+                                         /R =   1.6096E+00
   129.00 deg.: X-S =     0.189520 mb/sr,
+                                         /R =   1.6838E+00
   130.00 deg.: X-S =     0.194350 mb/sr,
+                                         /R =   1.7554E+00
   131.00 deg.: X-S =     0.198542 mb/sr,
+                                         /R =   1.8224E+00
   132.00 deg.: X-S =     0.201940 mb/sr,
+                                         /R =   1.8829E+00
   133.00 deg.: X-S =     0.204420 mb/sr,
+                                         /R =   1.9356E+00
   134.00 deg.: X-S =     0.205886 mb/sr,
+                                         /R =   1.9789E+00
   135.00 deg.: X-S =     0.206272 mb/sr,
+                                         /R =   2.0118E+00
   136.00 deg.: X-S =     0.205537 mb/sr,
+                                         /R =   2.0335E+00
   137.00 deg.: X-S =     0.203670 mb/sr,
+                                         /R =   2.0433E+00
   138.00 deg.: X-S =     0.200681 mb/sr,
+                                         /R =   2.0408E+00
   139.00 deg.: X-S =     0.196608 mb/sr,
+                                         /R =   2.0260E+00
   140.00 deg.: X-S =     0.191506 mb/sr,
+                                         /R =   1.9990E+00
   141.00 deg.: X-S =     0.185453 mb/sr,
+                                         /R =   1.9603E+00
   142.00 deg.: X-S =     0.178546 mb/sr,
+                                         /R =   1.9104E+00
   143.00 deg.: X-S =     0.170895 mb/sr,
+                                         /R =   1.8503E+00
   144.00 deg.: X-S =     0.162626 mb/sr,
+                                         /R =   1.7812E+00
   145.00 deg.: X-S =     0.153874 mb/sr,
+                                         /R =   1.7043E+00
   146.00 deg.: X-S =     0.144784 mb/sr,
+                                         /R =   1.6211E+00
   147.00 deg.: X-S =     0.135506 mb/sr,
+                                         /R =   1.5332E+00
   148.00 deg.: X-S =     0.126194 mb/sr,
+                                         /R =   1.4424E+00
   149.00 deg.: X-S =     0.117000 mb/sr,
+                                         /R =   1.3506E+00
   150.00 deg.: X-S =     0.108076 mb/sr,
+                                         /R =   1.2595E+00
   151.00 deg.: X-S =     0.099566 mb/sr,
+                                         /R =   1.1710E+00
   152.00 deg.: X-S =     0.091607 mb/sr,
+                                         /R =   1.0870E+00
   153.00 deg.: X-S =     0.084324 mb/sr,
+                                         /R =   1.0092E+00
   154.00 deg.: X-S =     0.077832 mb/sr,
+                                         /R =   9.3917E-01
   155.00 deg.: X-S =     0.072226 mb/sr,
+                                         /R =   8.7843E-01
   156.00 deg.: X-S =     0.067586 mb/sr,
+                                         /R =   8.2826E-01
   157.00 deg.: X-S =     0.063974 mb/sr,
+                                         /R =   7.8971E-01
   158.00 deg.: X-S =     0.061431 mb/sr,
+                                         /R =   7.6360E-01
   159.00 deg.: X-S =     0.059976 mb/sr,
+                                         /R =   7.5048E-01
   160.00 deg.: X-S =     0.059609 mb/sr,
+                                         /R =   7.5060E-01
   161.00 deg.: X-S =     0.060307 mb/sr,
+                                         /R =   7.6396E-01
   162.00 deg.: X-S =     0.062026 mb/sr,
+                                         /R =   7.9022E-01
   163.00 deg.: X-S =     0.064703 mb/sr,
+                                         /R =   8.2876E-01
   164.00 deg.: X-S =     0.068256 mb/sr,
+                                         /R =   8.7870E-01
   165.00 deg.: X-S =     0.072585 mb/sr,
+                                         /R =   9.3889E-01
   166.00 deg.: X-S =     0.077576 mb/sr,
+                                         /R =   1.0079E+00
   167.00 deg.: X-S =     0.083103 mb/sr,
+                                         /R =   1.0842E+00
   168.00 deg.: X-S =     0.089027 mb/sr,
+                                         /R =   1.1659E+00
   169.00 deg.: X-S =     0.095206 mb/sr,
+                                         /R =   1.2512E+00
   170.00 deg.: X-S =     0.101492 mb/sr,
+                                         /R =   1.3381E+00
   171.00 deg.: X-S =     0.107734 mb/sr,
+                                         /R =   1.4246E+00
   172.00 deg.: X-S =     0.113787 mb/sr,
+                                         /R =   1.5085E+00
   173.00 deg.: X-S =     0.119508 mb/sr,
+                                         /R =   1.5880E+00
   174.00 deg.: X-S =     0.124766 mb/sr,
+                                         /R =   1.6611E+00
   175.00 deg.: X-S =     0.129437 mb/sr,
+                                         /R =   1.7262E+00
   176.00 deg.: X-S =     0.133416 mb/sr,
+                                         /R =   1.7817E+00
   177.00 deg.: X-S =     0.136609 mb/sr,
+                                         /R =   1.8263E+00
   178.00 deg.: X-S =     0.138943 mb/sr,
+                                         /R =   1.8589E+00
   179.00 deg.: X-S =     0.140366 mb/sr,
+                                         /R =   1.8788E+00
   179.99 deg.: X-S =     0.140844 mb/sr,
+                                         /R =   1.8855E+00
                                           Integrated 2065.4503 mb, over [   3.000, 180.000] at    35.0000 MeV 
 Finished all xsecs @    5.23900008E-03

  The following files have been created:
   3:local copy of User input.            6:standard output.                   
   7:elastic  S-matrix elements.         13:total cross sections/state.        
  16:tables of cross sections.           38:cross sections for each J/pi.      
  39:cross sections for each Ecm.        40:all cross sectns. for each Elab.   
  45:scat phase shift as E functions.    56:Fusion for each Jtotal.            
 201:Separate cross sections.           

 PARAMETERS : MAXQRN   MFNL   MLOC  LMAX1 MCLIST
    ALLOWED :      1      1      4     70      6
    REQUIRED:      0      0      4     19      4


 ACCURACY ANALYSIS at    35.000 MeV :

  Elastic h*k = 0.037 so OK       compared with 0.200

   Real(S-el) > 0.01 first at J =       0.5
   Real(S-el) > 0.10 first at J =       0.5
   Real(S-el) > 0.50 first at J =       5.5
   Real(S-el) > 0.90 first at J =       6.5
   Real(S-el) > 0.99 first at J =       8.5
   R-turn =    14.32 fm    at J =      17.5

 Forward-angle excitation cut off below   1.361 deg by max JT =      17.5
                              and below   0.330 deg by max R.

