 FRESCO - FRES 3.4: Coupled Reaction Channels
 Assuming NAMELIST input.

 p+O20 1st ex with BG ;                                                          

   0.030  60.000   0.500   0.000   0.000   0.000   0.000   0.000   0.000   0.000

 Centre-of-mass Range is   2002 * 0.0300 fm., Maximum at  60.00 fm., Interpolating NL forms every  0.51 fm.
 Non - locality width is      4 * 0.0300 fm., Maximum of   0.09 fm., Centred at  0.00 fm.
 2-Nucleon Separation of      0 * 0.5100 fm., Maximum of   0.00 fm., Minimum at  0.00 fm.
 Maximum single particle bins of 59.6700 fm.
               M,Mint =         2001        1990


 Range of total J is     0.0 <= J <=    50.0 (at least     0.0) and Absorbtion =>     0.0010 mb.
 Dry Run = F, CC set limits =  0  0, Relativistic kinematics =  , Both/Far/Near Analyses =  1                     

 Cross Sections (and up to T0 for 0=projectile) for Theta from   3.0 to-180.0 in steps of  1.0 degrees, DGAM=0,  Coordinates = 0 (Mads)

 Lower Radial Cutoff = maximum of -1.60*L*h &       0.0 fm.,  Lower Cutoff for Couplings =   0.0  fm.


 Iterate Couplings between   0 and   1 times, to  0.000 % if sooner.                                          
  Block solved exactly =   2 chs., with Pade = 0 & Isocen =  =0, NOSOL = F, initwf =  0
  NL quadrature with   18 Gaussian points, Calculate multipoles up to    56 from   0
  M-transfers for lp+lt greater than or equal to  6, Angular Integration Cutoff below  2.7778 %


 Trace switches are :  CHANS =  1, LISTCC =  0, TRENEG =  0, CDETR =  0, SMATS =  2, XSTABL =  1, NLPL =  0

                       WAVES =  0, LAMPL =  0, VEFF =  0, KFUS =  0, WDISK =  0, BPM =  0, MELFIL =  0

                       CDCC =  0, NFUS =  0

 Using unit mass = 1.000000 amu and 1/fine-structure constant = 137.03599 ( 1.000000 * true ) with hc = 197.32705 MeV.fm,
  thus 2*amu/hbar^2 = 0.0478450 = 1/20.9008 and Coulomb constant = 0.1574855 so e^2 = 1.43997, and nuclear magneton= 0.1261183

 Now pre-scan input and save to file 3



 *********** PARTITION NUMBER  1 ******************************************************************************************

   PROJ=p          MASS=  1.0073 Z=   1.0,        # STATES=    2T, TARG=O20      MASS= 19.9997 Z=   8.0,     Q-VALUE =  -0.0000 MEV.

     1:  J= 0.5+ (B# 1), E=  0.0000, K= 0.5              Potl#  1       J= 0.0+ (B# 1), E=  0.0000, K= 0.0    

     2:  J= 0.5+ (B# 1), E=  0.0000, K= 0.5              Potl#  1       J= 2.0+ (B# 1), E=  1.6350, K= 0.0    
                                  (Just State  1)


 ************************************************************************************************************************************

 The following POTENTIALS are defined :

  KP#       TYPE      IT    SHAPE      at     V1        r1        a1        V2        r2        a2        A-in     A-used


                                            A#1       A#2        r0c       ac                                                h @ 1
    1    0=Coulomb       0=CHARGE (WS)  1    20.000     0.000    1.3000    0.0000    0.0000    0.0000     0.000    20.000   0.03000

                                           Mn(E1)    Mn(E2)    Mn(E3)  .....
    1   11=Target defm  10=derivatives  2    0.0000    5.3000    0.0000    0.0000    0.0000    0.0000     0.000     3.529= RADIUS

              At    2 is k =  2 (Potl. beta = 0.22286)
                                     Beta of targ. = 0.22286 (using radius of 3.529 fm.).

    1    1=Volume        0=Woods-Saxon  3   48.7789    1.1700    0.7500    0.0000    0.0000    0.0000     0.000    20.000

                                            Def1      Def2      Def3   .....
    1   11=Target defm  10=derivatives  4    0.0000    1.2386    0.0000    0.0000    0.0000    0.0000     0.000     3.176= RADIUS

              At    4 is k =  2 (Potl. beta = 0.39000)
                                     Beta of targ. = 0.39000 (using radius of 3.176 fm.).

    1    1=Volume        0=Woods-Saxon  5    0.0000    0.0000    0.0000    5.0000    1.3200    0.6500     0.000    20.000

                                            Def1      Def2      Def3   .....
    1   11=Target defm  10=derivatives  6    0.0000    1.3974    0.0000    0.0000    0.0000    0.0000     0.000     3.583= RADIUS

              At    6 is k =  2 (Potl. beta = 0.39000)
                                     Beta of targ. = 0.39000 (using radius of 3.583 fm.).

    1    2=Surface       0=Woods-Saxon  7    0.0000    0.0000    0.0000    5.4500    1.3200    0.6500     0.000    20.000

                                            Def1      Def2      Def3   .....
    1   11=Target defm  10=derivatives  8    0.0000    1.3974    0.0000    0.0000    0.0000    0.0000     0.000     3.583= RADIUS

              At    8 is k =  2 (Potl. beta = 0.39000)
                                     Beta of targ. = 0.39000 (using radius of 3.583 fm.).

    1    3=Projtl S.O.   0=Woods-Saxon  9    3.1000    1.0100    0.7500    0.0000    0.0000    0.0000     0.000    20.000

 Incoming partition  1 in excitation state # 1,   Laboratory Energy given for partition  1 Nucleus 1 in Excitation pair 1

0Lab. ENERGY ranges :

   from    35.0000     to   0.00000     in     0 intervals
   from    0.00000     to   0.00000     in     0 intervals
   from    0.00000     to   0.00000     in     0 intervals

 Largest real,imaginary parts of any form factor at R=   59.52 are   2.42E-02  5.84E-32 MeV
 Finished all Couplings @    6.33999938E-04           9

 Symmetric Hamiltonian
1***********************************************************************************************************************************
************************************************************************************************************************************

        INCOMING p        ;    LABORATORY p        ENERGY =   35.000     MeV.

 ***********************************************************************************************************************************
 ***********************************************************************************************************************************

 Allocate arrays for            3  channels, of which            3  need wfs.

 ######################################################################################################################
 #                                                                                                                    #
 # Total SPIN and PARITY =     0.5 +,      3 channels,    3 in 1st block.  Rmin & Coul turning =    0.0    0.3 fm.  #
 #                                                                                                                    #
 ######################################################################################################################



    C Projectl Target   #   EX.   (L  Proj) J  + Targ = Jtotal     E-cm      Re K     Re Eta     RM*K            CH
    1 p        O20      #    1: I   0 0.5    0.5  0.0     0.5    33.32176   1.23648   0.21373   74.1887   0.33920  -0.36833 1 1 1   1
    2 p        O20      #    2:     2 0.5    1.5  2.0     0.5    31.68676   1.20576   0.21918   72.3457   0.34393   0.36416 1 1 1   2
    3 p        O20      #    2:     2 0.5    2.5  2.0     0.5    31.68676   1.20576   0.21918   72.3457   0.34393   0.36416 1 1 1   2
   S-matrix    1 =    0.24501  -0.28343 for L=    0, J=    0.5 channel on core I =   0.0 from L=    0,  Acc. loss =  0.0 D.
 Elastic phase shift   1 =  -24.579  28.125 deg. for the L =    0, J =    0.5 channel.
       0.5  0.24501411 -0.28342816i: elastic S-matrix  @@      0.00  0   0 F  0
 Reaction Xsec     0.5+/ 0 @ 1 =  17.664 , Out:   0.000#   0.561   17.103f


 Total SPIN, PARITY =     0.5 -,      3 chs,      3 cc.  Rmin & Coul turning =    0.0    0.3
   S-matrix    1 =    0.00723  -0.35205 for L=    1, J=    0.5 channel on core I =   0.0 from L=    1,  Acc. loss =  0.0 D.
 Elastic phase shift   1 =  -44.411  29.902 deg. for the L =    1, J =    0.5 channel.
       0.5  0.00723483 -0.35205019i: elastic S-matrix  @@      0.00  0   0 F  0
 Reaction Xsec     0.5-/ 1 @ 1 =  18.000 , Out:   0.000#   0.460   17.541f

 Allocate arrays for            5  channels, of which            5  need wfs.

 Total SPIN, PARITY =     1.5 +,      5 chs,      5 cc.  Rmin & Coul turning =    0.0    1.3
   S-matrix    1 =   -0.24468  -0.26942 for L=    2, J=    1.5 channel on core I =   0.0 from L=    2,  Acc. loss =  0.0 D.
 Elastic phase shift   1 =  -66.122  28.956 deg. for the L =    2, J =    1.5 channel.
       1.5 -0.24467874 -0.26942353i: elastic S-matrix  @@      0.00  0   0 F  0
 Reaction Xsec     1.5+/ 2 @ 1 =  35.653 , Out:   0.000#   1.039   34.614f


 Total SPIN, PARITY =     1.5 -,      5 chs,      5 cc.  Rmin & Coul turning =    0.0    1.3
   S-matrix    1 =    0.09478  -0.35047 for L=    1, J=    1.5 channel on core I =   0.0 from L=    1,  Acc. loss =  0.0 D.
 Elastic phase shift   1 =  -37.434  29.026 deg. for the L =    1, J =    1.5 channel.
       1.5  0.09477714 -0.35046830i: elastic S-matrix  @@      0.00  0   0 F  0
 Reaction Xsec     1.5-/ 1 @ 1 =  35.680 , Out:   0.000#   0.859   34.821f

 Allocate arrays for            6  channels, of which            6  need wfs.

 Total SPIN, PARITY =     2.5 +,      6 chs,      6 cc.  Rmin & Coul turning =    0.1    2.2
   S-matrix    1 =   -0.11902  -0.34284 for L=    2, J=    2.5 channel on core I =   0.0 from L=    2,  Acc. loss =  0.0 D.
 Elastic phase shift   1 =  -54.572  29.037 deg. for the L =    2, J =    2.5 channel.
       2.5 -0.11901634 -0.34284180i: elastic S-matrix  @@      0.00  0   0 F  0
 Reaction Xsec     2.5+/ 2 @ 1 =  53.526 , Out:   0.000#   1.494   52.032f


 Total SPIN, PARITY =     2.5 -,      6 chs,      6 cc.  Rmin & Coul turning =    0.1    2.2
   S-matrix    1 =   -0.33426  -0.06584 for L=    3, J=    2.5 channel on core I =   0.0 from L=    3,  Acc. loss =  0.0 D.
 Elastic phase shift   1 =  -84.428  30.848 deg. for the L =    3, J =    2.5 channel.
       2.5 -0.33426032 -0.06584345i: elastic S-matrix  @@      0.00  0   0 F  0
 Reaction Xsec     2.5-/ 3 @ 1 =  54.490 , Out:   0.000#   1.206   53.284f


 Total SPIN, PARITY =     3.5 +,      6 chs,      6 cc.  Rmin & Coul turning =    0.1    3.0
   S-matrix    1 =   -0.04258   0.19600 for L=    4, J=    3.5 channel on core I =   0.0 from L=    4,  Acc. loss =  0.0 D.
 Elastic phase shift   1 =   51.128  46.025 deg. for the L =    4, J =    3.5 channel.
       3.5 -0.04257898  0.19599965i: elastic S-matrix  @@      0.00  0   0 F  0
 Reaction Xsec     3.5+/ 4 @ 1 =  78.887 , Out:   0.000#   2.573   76.314f


 Total SPIN, PARITY =     3.5 -,      6 chs,      6 cc.  Rmin & Coul turning =    0.1    3.0
   S-matrix    1 =   -0.29200  -0.24325 for L=    3, J=    3.5 channel on core I =   0.0 from L=    3,  Acc. loss =  0.0 D.
 Elastic phase shift   1 =  -70.102  27.716 deg. for the L =    3, J =    3.5 channel.
       3.5 -0.29200336 -0.24324616i: elastic S-matrix  @@      0.00  0   0 F  0
 Reaction Xsec     3.5-/ 3 @ 1 =  70.322 , Out:   0.000#   1.422   68.899f


 Total SPIN, PARITY =     4.5 +,      6 chs,      6 cc.  Rmin & Coul turning =    0.2    3.8
   S-matrix    1 =   -0.18135   0.06862 for L=    4, J=    4.5 channel on core I =   0.0 from L=    4,  Acc. loss =  0.0 D.
 Elastic phase shift   1 =   79.638  46.995 deg. for the L =    4, J =    4.5 channel.
       4.5 -0.18134884  0.06861670i: elastic S-matrix  @@      0.00  0   0 F  0
 Reaction Xsec     4.5+/ 4 @ 1 =  98.879 , Out:   0.000#   2.868   96.011f


 Total SPIN, PARITY =     4.5 -,      6 chs,      6 cc.  Rmin & Coul turning =    0.2    3.8
   S-matrix    1 =    0.45278   0.28323 for L=    5, J=    4.5 channel on core I =   0.0 from L=    5,  Acc. loss =  0.0 D.
 Elastic phase shift   1 =   16.013  17.969 deg. for the L =    5, J =    4.5 channel.
       4.5  0.45278462  0.28322755i: elastic S-matrix  @@      0.00  0   0 F  0
 Reaction Xsec     4.5-/ 5 @ 1 =  73.436 , Out:   0.000#   2.181   71.256f


 Total SPIN, PARITY =     5.5 +,      6 chs,      6 cc.  Rmin & Coul turning =    0.2    4.6
   S-matrix    1 =    0.79653   0.18239 for L=    6, J=    5.5 channel on core I =   0.0 from L=    6,  Acc. loss =  0.0 D.
 Elastic phase shift   1 =    6.449   5.785 deg. for the L =    6, J =    5.5 channel.
       5.5  0.79653037  0.18239478i: elastic S-matrix  @@      0.00  0   0 F  0
 Reaction Xsec     5.5+/ 6 @ 1 =  40.966 , Out:   0.000#   1.171   39.794f


 Total SPIN, PARITY =     5.5 -,      6 chs,      6 cc.  Rmin & Coul turning =    0.2    4.6
   S-matrix    1 =    0.31429   0.32036 for L=    5, J=    5.5 channel on core I =   0.0 from L=    5,  Acc. loss =  0.0 D.
 Elastic phase shift   1 =   22.774  22.953 deg. for the L =    5, J =    5.5 channel.
       5.5  0.31429175  0.32035650i: elastic S-matrix  @@      0.00  0   0 F  0
 Reaction Xsec     5.5-/ 5 @ 1 =  98.458 , Out:   0.000#   2.930   95.528f


 Total SPIN, PARITY =     6.5 +,      6 chs,      6 cc.  Rmin & Coul turning =    0.3    5.4
   S-matrix    1 =    0.75709   0.24001 for L=    6, J=    6.5 channel on core I =   0.0 from L=    6,  Acc. loss =  0.0 D.
 Elastic phase shift   1 =    8.795   6.600 deg. for the L =    6, J =    6.5 channel.
       6.5  0.75709053  0.24001093i: elastic S-matrix  @@      0.00  0   0 F  0
 Reaction Xsec     6.5+/ 6 @ 1 =  53.106 , Out:   0.000#   1.383   51.723f


 Total SPIN, PARITY =     6.5 -,      6 chs,      6 cc.  Rmin & Coul turning =    0.3    5.4
   S-matrix    1 =    0.93363   0.08307 for L=    7, J=    6.5 channel on core I =   0.0 from L=    7,  Acc. loss =  0.1 D.
 Elastic phase shift   1 =    2.542   1.854 deg. for the L =    7, J =    6.5 channel.
       6.5  0.93362832  0.08307137i: elastic S-matrix  @@      0.00  0   0 F  0
 Reaction Xsec     6.5-/ 7 @ 1 =  17.467 , Out:   0.000#   0.473   16.995f


 Total SPIN, PARITY =     7.5 +,      6 chs,      6 cc.  Rmin & Coul turning =    0.3    6.2
   S-matrix    1 =    0.97900   0.03346 for L=    8, J=    7.5 channel on core I =   0.0 from L=    8,  Acc. loss =  0.0 D.
 Elastic phase shift   1 =    0.979   0.591 deg. for the L =    8, J =    7.5 channel.
       7.5  0.97900314  0.03345765i: elastic S-matrix  @@      0.00  0   0 F  0
 Reaction Xsec     7.5+/ 8 @ 1 =   6.647 , Out:   0.000#   0.104    6.542f


 Total SPIN, PARITY =     7.5 -,      6 chs,      6 cc.  Rmin & Coul turning =    0.3    6.2
   S-matrix    1 =    0.92694   0.10919 for L=    7, J=    7.5 channel on core I =   0.0 from L=    7,  Acc. loss =  0.1 D.
 Elastic phase shift   1 =    3.359   1.976 deg. for the L =    7, J =    7.5 channel.
       7.5  0.92694494  0.10919207i: elastic S-matrix  @@      0.00  0   0 F  0
 Reaction Xsec     7.5-/ 7 @ 1 =  21.181 , Out:   0.000#   0.579   20.603f


 Total SPIN, PARITY =     8.5 +,      6 chs,      6 cc.  Rmin & Coul turning =    0.4    7.0
   S-matrix    1 =    0.97797   0.04344 for L=    8, J=    8.5 channel on core I =   0.0 from L=    8,  Acc. loss =  0.0 D.
 Elastic phase shift   1 =    1.272   0.610 deg. for the L =    8, J =    8.5 channel.
       8.5  0.97797315  0.04344172i: elastic S-matrix  @@      0.00  0   0 F  0
 Reaction Xsec     8.5+/ 8 @ 1 =   7.708 , Out:   0.000#   0.127    7.581f


 Total SPIN, PARITY =     8.5 -,      6 chs,      6 cc.  Rmin & Coul turning =    0.4    7.0
   S-matrix    1 =    0.99338   0.01280 for L=    9, J=    8.5 channel on core I =   0.0 from L=    9,  Acc. loss =  0.0 D.
 Elastic phase shift   1 =    0.369   0.188 deg. for the L =    9, J =    8.5 channel.
       8.5  0.99338218  0.01280071i: elastic S-matrix  @@      0.00  0   0 F  0
 Reaction Xsec     8.5-/ 9 @ 1 =   2.409 , Out:   0.000#   0.015    2.394f


 Total SPIN, PARITY =     9.5 +,      6 chs,      6 cc.  Rmin & Coul turning =    0.4    7.8
   S-matrix    1 =    0.99790   0.00480 for L=   10, J=    9.5 channel on core I =   0.0 from L=   10,  Acc. loss =  0.0 D.
 Elastic phase shift   1 =    0.138   0.060 deg. for the L =   10, J =    9.5 channel.
       9.5  0.99790095  0.00479624i: elastic S-matrix  @@      0.00  0   0 F  0
 Reaction Xsec     9.5+/10 @ 1 =   0.857 , Out:   0.000#   1.635/   0.855f


 Total SPIN, PARITY =     9.5 -,      6 chs,      6 cc.  Rmin & Coul turning =    0.4    7.8
   S-matrix    1 =    0.99323   0.01652 for L=    9, J=    9.5 channel on core I =   0.0 from L=    9,  Acc. loss =  0.0 D.
 Elastic phase shift   1 =    0.476   0.191 deg. for the L =    9, J =    9.5 channel.
       9.5  0.99323314  0.01651677i: elastic S-matrix  @@      0.00  0   0 F  0
 Reaction Xsec     9.5-/ 9 @ 1 =   2.715 , Out:   0.000#   0.018    2.698f


 Total SPIN, PARITY =    10.5 +,      6 chs,      6 cc.  Rmin & Coul turning =    0.5    8.7
   S-matrix    1 =    0.99788   0.00618 for L=   10, J=   10.5 channel on core I =   0.0 from L=   10,  Acc. loss =  0.0 D.
 Elastic phase shift   1 =    0.177   0.060 deg. for the L =   10, J =   10.5 channel.
      10.5  0.99787989  0.00617559i: elastic S-matrix  @@      0.00  0   0 F  0
 Reaction Xsec    10.5+/10 @ 1 =   0.949 , Out:   0.000#   1.850/   0.947f


 Total SPIN, PARITY =    10.5 -,      6 chs,      6 cc.  Rmin & Coul turning =    0.5    8.7
   S-matrix    1 =    0.99933   0.00178 for L=   11, J=   10.5 channel on core I =   0.0 from L=   11,  Acc. loss =  0.0 D.
 Elastic phase shift   1 =    0.051   0.019 deg. for the L =   11, J =   10.5 channel.
      10.5  0.99933079  0.00178181i: elastic S-matrix  @@      0.00  0   0 F  0
 Reaction Xsec    10.5-/11 @ 1 =   0.302 , Out:   0.000#   0.192/   0.302f


 Total SPIN, PARITY =    11.5 +,      6 chs,      6 cc.  Rmin & Coul turning =    0.5    9.5
   S-matrix    1 =    0.99979   0.00066 for L=   12, J=   11.5 channel on core I =   0.0 from L=   12,  Acc. loss =  0.0 D.
 Elastic phase shift   1 =    0.019   0.006 deg. for the L =   12, J =   11.5 channel.
      11.5  0.99978607  0.00065911i: elastic S-matrix  @@      0.00  0   0 F  0
 Reaction Xsec    11.5+/12 @ 1 =   0.105 , Out:   0.000#   0.164/   0.105f


 Total SPIN, PARITY =    11.5 -,      6 chs,      6 cc.  Rmin & Coul turning =    0.5    9.5
   S-matrix    1 =    0.99933   0.00229 for L=   11, J=   11.5 channel on core I =   0.0 from L=   11,  Acc. loss =  0.0 D.
 Elastic phase shift   1 =    0.066   0.019 deg. for the L =   11, J =   11.5 channel.
      11.5  0.99932783  0.00229393i: elastic S-matrix  @@      0.00  0   0 F  0
 Reaction Xsec    11.5-/11 @ 1 =   0.330 , Out:   0.000#   0.211/   0.330f


 Total SPIN, PARITY =    12.5 +,      6 chs,      6 cc.  Rmin & Coul turning =    0.6   10.3
   S-matrix    1 =    0.99979   0.00085 for L=   12, J=   12.5 channel on core I =   0.0 from L=   12,  Acc. loss =  0.0 D.
 Elastic phase shift   1 =    0.024   0.006 deg. for the L =   12, J =   12.5 channel.
      12.5  0.99978566  0.00084907i: elastic S-matrix  @@      0.00  0   0 F  0
 Reaction Xsec    12.5+/12 @ 1 =   0.114 , Out:   0.000#   0.177/   0.114f


 Total SPIN, PARITY =    12.5 -,      6 chs,      6 cc.  Rmin & Coul turning =    0.6   10.3
   S-matrix    1 =    0.99993   0.00024 for L=   13, J=   12.5 channel on core I =   0.0 from L=   13,  Acc. loss =  0.0 D.
 Elastic phase shift   1 =    0.007   0.002 deg. for the L =   13, J =   12.5 channel.
      12.5  0.99993147  0.00024313i: elastic S-matrix  @@      0.00  0   0 F  0
 Reaction Xsec    12.5-/13 @ 1 =   0.037 , Out:   0.000#   0.195/   0.036f


 Total SPIN, PARITY =    13.5 +,      6 chs,      6 cc.  Rmin & Coul turning =    0.6   11.1
   S-matrix    1 =    0.99998   0.00009 for L=   14, J=   13.5 channel on core I =   0.0 from L=   14,  Acc. loss =  0.0 D.
 Elastic phase shift   1 =    0.003   0.001 deg. for the L =   14, J =   13.5 channel.
      13.5  0.99997794  0.00008948i: elastic S-matrix  @@      0.00  0   0 F  0
 Reaction Xsec    13.5+/14 @ 1 =   0.013 , Out:   0.000#   0.190/   0.012f


 Total SPIN, PARITY =    13.5 -,      6 chs,      6 cc.  Rmin & Coul turning =    0.6   11.1
   S-matrix    1 =    0.99993   0.00031 for L=   13, J=   13.5 channel on core I =   0.0 from L=   13,  Acc. loss =  0.0 D.
 Elastic phase shift   1 =    0.009   0.002 deg. for the L =   13, J =   13.5 channel.
      13.5  0.99993141  0.00031345i: elastic S-matrix  @@      0.00  0   0 F  0
 Reaction Xsec    13.5-/13 @ 1 =   0.039 , Out:   0.000#   0.210/   0.039f


 Total SPIN, PARITY =    14.5 +,      6 chs,      6 cc.  Rmin & Coul turning =    0.7   11.9
   S-matrix    1 =    0.99998   0.00012 for L=   14, J=   14.5 channel on core I =   0.0 from L=   14,  Acc. loss =  0.0 D.
 Elastic phase shift   1 =    0.003   0.001 deg. for the L =   14, J =   14.5 channel.
      14.5  0.99997793  0.00011546i: elastic S-matrix  @@      0.00  0   0 F  0
 Reaction Xsec    14.5+/14 @ 1 =   0.014 , Out:   0.000#   0.204/   0.013f


 Total SPIN, PARITY =    14.5 -,      6 chs,      6 cc.  Rmin & Coul turning =    0.7   11.9
   S-matrix    1 =    0.99999   0.00003 for L=   15, J=   14.5 channel on core I =   0.0 from L=   15,  Acc. loss =  0.0 D.
 Elastic phase shift   1 =    0.001   0.000 deg. for the L =   15, J =   14.5 channel.
      14.5  0.99999281  0.00003288i: elastic S-matrix  @@      0.00  0   0 F  0
 Reaction Xsec    14.5-/15 @ 1 =   4.432/, Out:   0.000#   0.170/   0.004f


 Total SPIN, PARITY =    15.5 +,      6 chs,      6 cc.  Rmin & Coul turning =    0.7   12.7
   S-matrix    1 =    1.00000   0.00001 for L=   16, J=   15.5 channel on core I =   0.0 from L=   16,  Acc. loss =  0.0 D.
 Elastic phase shift   1 =    0.000   0.000 deg. for the L =   16, J =   15.5 channel.
      15.5  0.99999758  0.00001206i: elastic S-matrix  @@      0.00  0   0 F  0
 Reaction Xsec    15.5+/16 @ 1 =   1.591/, Out:   0.000#   0.146/   0.001f


 Total SPIN, PARITY =    15.5 -,      6 chs,      6 cc.  Rmin & Coul turning =    0.7   12.7
   S-matrix    1 =    0.99999   0.00004 for L=   15, J=   15.5 channel on core I =   0.0 from L=   15,  Acc. loss =  0.0 D.
 Elastic phase shift   1 =    0.001   0.000 deg. for the L =   15, J =   15.5 channel.
      15.5  0.99999281  0.00004245i: elastic S-matrix  @@      0.00  0   0 F  0
 Reaction Xsec    15.5-/15 @ 1 =   4.728/, Out:   0.000#   0.181/   0.005f


 Total SPIN, PARITY =    16.5 +,      6 chs,      6 cc.  Rmin & Coul turning =    0.8   13.5
   S-matrix    1 =    1.00000   0.00002 for L=   16, J=   16.5 channel on core I =   0.0 from L=   16,  Acc. loss =  0.0 D.
 Elastic phase shift   1 =    0.000   0.000 deg. for the L =   16, J =   16.5 channel.
      16.5  0.99999758  0.00001558i: elastic S-matrix  @@      0.00  0   0 F  0
 Reaction Xsec    16.5+/16 @ 1 =   1.690/, Out:   0.000#   0.156/   0.002f


 Total SPIN, PARITY =    16.5 -,      6 chs,      6 cc.  Rmin & Coul turning =    0.8   13.5
   S-matrix    1 =    1.00000   0.00000 for L=   17, J=   16.5 channel on core I =   0.0 from L=   17,  Acc. loss =  0.0 D.
 Elastic phase shift   1 =    0.000   0.000 deg. for the L =   17, J =   16.5 channel.
      16.5  0.99999912  0.00000442i: elastic S-matrix  @@      0.00  0   0 F  0
 Reaction Xsec    16.5-/17 @ 1 =   0.612/, Out:   0.000#   0.125/   0.000f


 Total SPIN, PARITY =    17.5 +,      6 chs,      6 cc.  Rmin & Coul turning =    0.8   14.3
   S-matrix    1 =    1.00000   0.00000 for L=   18, J=   17.5 channel on core I =   0.0 from L=   18,  Acc. loss =  0.0 D.
 Elastic phase shift   1 =    0.000   0.000 deg. for the L =   18, J =   17.5 channel.
      17.5  0.99999963  0.00000162i: elastic S-matrix  @@      0.00  0   0 F  0
 Reaction Xsec    17.5+/18 @ 1 =   0.271/, Out:   0.000#   0.107/   0.000f


 Total SPIN, PARITY =    17.5 -,      6 chs,      6 cc.  Rmin & Coul turning =    0.8   14.3
   S-matrix    1 =    1.00000   0.00001 for L=   17, J=   17.5 channel on core I =   0.0 from L=   17,  Acc. loss =  0.0 D.
 Elastic phase shift   1 =    0.000   0.000 deg. for the L =   17, J =   17.5 channel.
      17.5  0.99999912  0.00000572i: elastic S-matrix  @@      0.00  0   0 F  0
 Reaction Xsec    17.5-/17 @ 1 =   0.648/, Out:   0.000#   0.133/   0.001f

 Finished all CC sets @    8.47430006E-02
0CUMULATIVE REACTION cross section                 =  789.96975  <L> =     4.14  <L**2> =     20.5
0CUMULATIVE outgoing cross sections in partition 1 :    0.00000   21.46867
0Cumulative ABSORBTION by Imaginary Potentials     =  768.50108  <L> =     4.14  <L**2> =     20.5
   Fusion for specific p        M-states :  768.501076  768.501076
0CUMULATIVE OUTGOING cross section                 =   21.46867
 To convert to S-factors (MeV.mb = keV.b),  multiply by  1.2763E+02


 CROSS SECTIONS FOR OUTGOING p        & O20      in state #   1 with spins & parities 0.5  + &  0.0  +;  0

     3.00 deg.: X-S =   1.2904E+05 mb/sr,
+                                         /R =   8.1111E-01
     4.00 deg.: X-S =   3.6893E+04 mb/sr,
+                                         /R =   7.3268E-01
     5.00 deg.: X-S =   1.4223E+04 mb/sr,
+                                         /R =   6.8929E-01
     6.00 deg.: X-S =  7033.958667 mb/sr,
+                                         /R =   7.0647E-01
     7.00 deg.: X-S =  4346.075596 mb/sr,
+                                         /R =   8.0815E-01
     8.00 deg.: X-S =  3202.275377 mb/sr,
+                                         /R =   1.0151E+00
     9.00 deg.: X-S =  2647.403398 mb/sr,
+                                         /R =   1.3430E+00
    10.00 deg.: X-S =  2332.247057 mb/sr,
+                                         /R =   1.8016E+00
    11.00 deg.: X-S =  2117.891777 mb/sr,
+                                         /R =   2.3927E+00
    12.00 deg.: X-S =  1946.134750 mb/sr,
+                                         /R =   3.1103E+00
    13.00 deg.: X-S =  1792.149518 mb/sr,
+                                         /R =   3.9400E+00
    14.00 deg.: X-S =  1645.667859 mb/sr,
+                                         /R =   4.8597E+00
    15.00 deg.: X-S =  1502.981181 mb/sr,
+                                         /R =   5.8403E+00
    16.00 deg.: X-S =  1363.355051 mb/sr,
+                                         /R =   6.8473E+00
    17.00 deg.: X-S =  1227.353671 mb/sr,
+                                         /R =   7.8428E+00
    18.00 deg.: X-S =  1096.032781 mb/sr,
+                                         /R =   8.7871E+00
    19.00 deg.: X-S =   970.544430 mb/sr,
+                                         /R =   9.6415E+00
    20.00 deg.: X-S =   851.944415 mb/sr,
+                                         /R =   1.0370E+01
    21.00 deg.: X-S =   741.102855 mb/sr,
+                                         /R =   1.0942E+01
    22.00 deg.: X-S =   638.668915 mb/sr,
+                                         /R =   1.1333E+01
    23.00 deg.: X-S =   545.064768 mb/sr,
+                                         /R =   1.1528E+01
    24.00 deg.: X-S =   460.495676 mb/sr,
+                                         /R =   1.1519E+01
    25.00 deg.: X-S =   384.969022 mb/sr,
+                                         /R =   1.1310E+01
    26.00 deg.: X-S =   318.318165 mb/sr,
+                                         /R =   1.0912E+01
    27.00 deg.: X-S =   260.228611 mb/sr,
+                                         /R =   1.0346E+01
    28.00 deg.: X-S =   210.264873 mb/sr,
+                                         /R =   9.6418E+00
    29.00 deg.: X-S =   167.896900 mb/sr,
+                                         /R =   8.8335E+00
    30.00 deg.: X-S =   132.525307 mb/sr,
+                                         /R =   7.9611E+00
    31.00 deg.: X-S =   103.504810 mb/sr,
+                                         /R =   7.0672E+00
    32.00 deg.: X-S =    80.165479 mb/sr,
+                                         /R =   6.1949E+00
    33.00 deg.: X-S =    61.831541 mb/sr,
+                                         /R =   5.3860E+00
    34.00 deg.: X-S =    47.837569 mb/sr,
+                                         /R =   4.6795E+00
    35.00 deg.: X-S =    37.542016 mb/sr,
+                                         /R =   4.1094E+00
    36.00 deg.: X-S =    30.338114 mb/sr,
+                                         /R =   3.7035E+00
    37.00 deg.: X-S =    25.662239 mb/sr,
+                                         /R =   3.4825E+00
    38.00 deg.: X-S =    22.999911 mb/sr,
+                                         /R =   3.4593E+00
    39.00 deg.: X-S =    21.889613 mb/sr,
+                                         /R =   3.6384E+00
    40.00 deg.: X-S =    21.924675 mb/sr,
+                                         /R =   4.0164E+00
    41.00 deg.: X-S =    22.753473 mb/sr,
+                                         /R =   4.5818E+00
    42.00 deg.: X-S =    24.078202 mb/sr,
+                                         /R =   5.3166E+00
    43.00 deg.: X-S =    25.652486 mb/sr,
+                                         /R =   6.1962E+00
    44.00 deg.: X-S =    27.278075 mb/sr,
+                                         /R =   7.1913E+00
    45.00 deg.: X-S =    28.800874 mb/sr,
+                                         /R =   8.2691E+00
    46.00 deg.: X-S =    30.106516 mb/sr,
+                                         /R =   9.3943E+00
    47.00 deg.: X-S =    31.115675 mb/sr,
+                                         /R =   1.0531E+01
    48.00 deg.: X-S =    31.779297 mb/sr,
+                                         /R =   1.1644E+01
    49.00 deg.: X-S =    32.073882 mb/sr,
+                                         /R =   1.2698E+01
    50.00 deg.: X-S =    31.996946 mb/sr,
+                                         /R =   1.3664E+01
    51.00 deg.: X-S =    31.562747 mb/sr,
+                                         /R =   1.4515E+01
    52.00 deg.: X-S =    30.798353 mb/sr,
+                                         /R =   1.5226E+01
    53.00 deg.: X-S =    29.740095 mb/sr,
+                                         /R =   1.5781E+01
    54.00 deg.: X-S =    28.430432 mb/sr,
+                                         /R =   1.6168E+01
    55.00 deg.: X-S =    26.915245 mb/sr,
+                                         /R =   1.6380E+01
    56.00 deg.: X-S =    25.241551 mb/sr,
+                                         /R =   1.6415E+01
    57.00 deg.: X-S =    23.455636 mb/sr,
+                                         /R =   1.6278E+01
    58.00 deg.: X-S =    21.601560 mb/sr,
+                                         /R =   1.5976E+01
    59.00 deg.: X-S =    19.720037 mb/sr,
+                                         /R =   1.5522E+01
    60.00 deg.: X-S =    17.847623 mb/sr,
+                                         /R =   1.4933E+01
    61.00 deg.: X-S =    16.016200 mb/sr,
+                                         /R =   1.4227E+01
    62.00 deg.: X-S =    14.252697 mb/sr,
+                                         /R =   1.3426E+01
    63.00 deg.: X-S =    12.579033 mb/sr,
+                                         /R =   1.2551E+01
    64.00 deg.: X-S =    11.012218 mb/sr,
+                                         /R =   1.1625E+01
    65.00 deg.: X-S =     9.564595 mb/sr,
+                                         /R =   1.0671E+01
    66.00 deg.: X-S =     8.244188 mb/sr,
+                                         /R =   9.7112E+00
    67.00 deg.: X-S =     7.055119 mb/sr,
+                                         /R =   8.7650E+00
    68.00 deg.: X-S =     5.998070 mb/sr,
+                                         /R =   7.8515E+00
    69.00 deg.: X-S =     5.070780 mb/sr,
+                                         /R =   6.9868E+00
    70.00 deg.: X-S =     4.268532 mb/sr,
+                                         /R =   6.1849E+00
    71.00 deg.: X-S =     3.584644 mb/sr,
+                                         /R =   5.4570E+00
    72.00 deg.: X-S =     3.010925 mb/sr,
+                                         /R =   4.8113E+00
    73.00 deg.: X-S =     2.538108 mb/sr,
+                                         /R =   4.2536E+00
    74.00 deg.: X-S =     2.156234 mb/sr,
+                                         /R =   3.7865E+00
    75.00 deg.: X-S =     1.855003 mb/sr,
+                                         /R =   3.4106E+00
    76.00 deg.: X-S =     1.624068 mb/sr,
+                                         /R =   3.1237E+00
    77.00 deg.: X-S =     1.453290 mb/sr,
+                                         /R =   2.9217E+00
    78.00 deg.: X-S =     1.332945 mb/sr,
+                                         /R =   2.7989E+00
    79.00 deg.: X-S =     1.253884 mb/sr,
+                                         /R =   2.7478E+00
    80.00 deg.: X-S =     1.207658 mb/sr,
+                                         /R =   2.7600E+00
    81.00 deg.: X-S =     1.186603 mb/sr,
+                                         /R =   2.8260E+00
    82.00 deg.: X-S =     1.183887 mb/sr,
+                                         /R =   2.9361E+00
    83.00 deg.: X-S =     1.193540 mb/sr,
+                                         /R =   3.0803E+00
    84.00 deg.: X-S =     1.210443 mb/sr,
+                                         /R =   3.2485E+00
    85.00 deg.: X-S =     1.230311 mb/sr,
+                                         /R =   3.4312E+00
    86.00 deg.: X-S =     1.249653 mb/sr,
+                                         /R =   3.6192E+00
    87.00 deg.: X-S =     1.265716 mb/sr,
+                                         /R =   3.8043E+00
    88.00 deg.: X-S =     1.276425 mb/sr,
+                                         /R =   3.9790E+00
    89.00 deg.: X-S =     1.280316 mb/sr,
+                                         /R =   4.1367E+00
    90.00 deg.: X-S =     1.276462 mb/sr,
+                                         /R =   4.2721E+00
    91.00 deg.: X-S =     1.264401 mb/sr,
+                                         /R =   4.3807E+00
    92.00 deg.: X-S =     1.244066 mb/sr,
+                                         /R =   4.4594E+00
    93.00 deg.: X-S =     1.215712 mb/sr,
+                                         /R =   4.5058E+00
    94.00 deg.: X-S =     1.179855 mb/sr,
+                                         /R =   4.5189E+00
    95.00 deg.: X-S =     1.137208 mb/sr,
+                                         /R =   4.4984E+00
    96.00 deg.: X-S =     1.088625 mb/sr,
+                                         /R =   4.4449E+00
    97.00 deg.: X-S =     1.035057 mb/sr,
+                                         /R =   4.3599E+00
    98.00 deg.: X-S =     0.977501 mb/sr,
+                                         /R =   4.2455E+00
    99.00 deg.: X-S =     0.916972 mb/sr,
+                                         /R =   4.1042E+00
   100.00 deg.: X-S =     0.854465 mb/sr,
+                                         /R =   3.9391E+00
   101.00 deg.: X-S =     0.790933 mb/sr,
+                                         /R =   3.7537E+00
   102.00 deg.: X-S =     0.727266 mb/sr,
+                                         /R =   3.5514E+00
   103.00 deg.: X-S =     0.664277 mb/sr,
+                                         /R =   3.3359E+00
   104.00 deg.: X-S =     0.602693 mb/sr,
+                                         /R =   3.1111E+00
   105.00 deg.: X-S =     0.543145 mb/sr,
+                                         /R =   2.8805E+00
   106.00 deg.: X-S =     0.486167 mb/sr,
+                                         /R =   2.6477E+00
   107.00 deg.: X-S =     0.432196 mb/sr,
+                                         /R =   2.4159E+00
   108.00 deg.: X-S =     0.381575 mb/sr,
+                                         /R =   2.1883E+00
   109.00 deg.: X-S =     0.334554 mb/sr,
+                                         /R =   1.9674E+00
   110.00 deg.: X-S =     0.291302 mb/sr,
+                                         /R =   1.7559E+00
   111.00 deg.: X-S =     0.251907 mb/sr,
+                                         /R =   1.5556E+00
   112.00 deg.: X-S =     0.216389 mb/sr,
+                                         /R =   1.3684E+00
   113.00 deg.: X-S =     0.184706 mb/sr,
+                                         /R =   1.1956E+00
   114.00 deg.: X-S =     0.156761 mb/sr,
+                                         /R =   1.0382E+00
   115.00 deg.: X-S =     0.132413 mb/sr,
+                                         /R =   8.9689E-01
   116.00 deg.: X-S =     0.111486 mb/sr,
+                                         /R =   7.7196E-01
   117.00 deg.: X-S =     0.093772 mb/sr,
+                                         /R =   6.6348E-01
   118.00 deg.: X-S =     0.079042 mb/sr,
+                                         /R =   5.7123E-01
   119.00 deg.: X-S =     0.067052 mb/sr,
+                                         /R =   4.9475E-01
   120.00 deg.: X-S =     0.057548 mb/sr,
+                                         /R =   4.3336E-01
   121.00 deg.: X-S =     0.050272 mb/sr,
+                                         /R =   3.8619E-01
   122.00 deg.: X-S =     0.044966 mb/sr,
+                                         /R =   3.5225E-01
   123.00 deg.: X-S =     0.041377 mb/sr,
+                                         /R =   3.3041E-01
   124.00 deg.: X-S =     0.039261 mb/sr,
+                                         /R =   3.1944E-01
   125.00 deg.: X-S =     0.038382 mb/sr,
+                                         /R =   3.1808E-01
   126.00 deg.: X-S =     0.038520 mb/sr,
+                                         /R =   3.2501E-01
   127.00 deg.: X-S =     0.039465 mb/sr,
+                                         /R =   3.3890E-01
   128.00 deg.: X-S =     0.041028 mb/sr,
+                                         /R =   3.5844E-01
   129.00 deg.: X-S =     0.043032 mb/sr,
+                                         /R =   3.8233E-01
   130.00 deg.: X-S =     0.045320 mb/sr,
+                                         /R =   4.0934E-01
   131.00 deg.: X-S =     0.047750 mb/sr,
+                                         /R =   4.3829E-01
   132.00 deg.: X-S =     0.050199 mb/sr,
+                                         /R =   4.6807E-01
   133.00 deg.: X-S =     0.052560 mb/sr,
+                                         /R =   4.9767E-01
   134.00 deg.: X-S =     0.054742 mb/sr,
+                                         /R =   5.2616E-01
   135.00 deg.: X-S =     0.056669 mb/sr,
+                                         /R =   5.5271E-01
   136.00 deg.: X-S =     0.058282 mb/sr,
+                                         /R =   5.7662E-01
   137.00 deg.: X-S =     0.059535 mb/sr,
+                                         /R =   5.9727E-01
   138.00 deg.: X-S =     0.060394 mb/sr,
+                                         /R =   6.1417E-01
   139.00 deg.: X-S =     0.060838 mb/sr,
+                                         /R =   6.2693E-01
   140.00 deg.: X-S =     0.060860 mb/sr,
+                                         /R =   6.3528E-01
   141.00 deg.: X-S =     0.060458 mb/sr,
+                                         /R =   6.3905E-01
   142.00 deg.: X-S =     0.059644 mb/sr,
+                                         /R =   6.3818E-01
   143.00 deg.: X-S =     0.058437 mb/sr,
+                                         /R =   6.3271E-01
   144.00 deg.: X-S =     0.056861 mb/sr,
+                                         /R =   6.2277E-01
   145.00 deg.: X-S =     0.054948 mb/sr,
+                                         /R =   6.0859E-01
   146.00 deg.: X-S =     0.052736 mb/sr,
+                                         /R =   5.9046E-01
   147.00 deg.: X-S =     0.050266 mb/sr,
+                                         /R =   5.6874E-01
   148.00 deg.: X-S =     0.047582 mb/sr,
+                                         /R =   5.4387E-01
   149.00 deg.: X-S =     0.044729 mb/sr,
+                                         /R =   5.1633E-01
   150.00 deg.: X-S =     0.041756 mb/sr,
+                                         /R =   4.8662E-01
   151.00 deg.: X-S =     0.038710 mb/sr,
+                                         /R =   4.5529E-01
   152.00 deg.: X-S =     0.035638 mb/sr,
+                                         /R =   4.2289E-01
   153.00 deg.: X-S =     0.032585 mb/sr,
+                                         /R =   3.8998E-01
   154.00 deg.: X-S =     0.029594 mb/sr,
+                                         /R =   3.5710E-01
   155.00 deg.: X-S =     0.026704 mb/sr,
+                                         /R =   3.2478E-01
   156.00 deg.: X-S =     0.023951 mb/sr,
+                                         /R =   2.9351E-01
   157.00 deg.: X-S =     0.021366 mb/sr,
+                                         /R =   2.6375E-01
   158.00 deg.: X-S =     0.018977 mb/sr,
+                                         /R =   2.3589E-01
   159.00 deg.: X-S =     0.016805 mb/sr,
+                                         /R =   2.1028E-01
   160.00 deg.: X-S =     0.014866 mb/sr,
+                                         /R =   1.8719E-01
   161.00 deg.: X-S =     0.013170 mb/sr,
+                                         /R =   1.6683E-01
   162.00 deg.: X-S =     0.011723 mb/sr,
+                                         /R =   1.4935E-01
   163.00 deg.: X-S =     0.010524 mb/sr,
+                                         /R =   1.3479E-01
   164.00 deg.: X-S =     0.009567 mb/sr,
+                                         /R =   1.2317E-01
   165.00 deg.: X-S =     0.008843 mb/sr,
+                                         /R =   1.1439E-01
   166.00 deg.: X-S =     0.008337 mb/sr,
+                                         /R =   1.0831E-01
   167.00 deg.: X-S =     0.008028 mb/sr,
+                                         /R =   1.0474E-01
   168.00 deg.: X-S =     0.007897 mb/sr,
+                                         /R =   1.0342E-01
   169.00 deg.: X-S =     0.007917 mb/sr,
+                                         /R =   1.0404E-01
   170.00 deg.: X-S =     0.008062 mb/sr,
+                                         /R =   1.0629E-01
   171.00 deg.: X-S =     0.008304 mb/sr,
+                                         /R =   1.0980E-01
   172.00 deg.: X-S =     0.008615 mb/sr,
+                                         /R =   1.1421E-01
   173.00 deg.: X-S =     0.008967 mb/sr,
+                                         /R =   1.1915E-01
   174.00 deg.: X-S =     0.009334 mb/sr,
+                                         /R =   1.2427E-01
   175.00 deg.: X-S =     0.009690 mb/sr,
+                                         /R =   1.2923E-01
   176.00 deg.: X-S =     0.010014 mb/sr,
+                                         /R =   1.3374E-01
   177.00 deg.: X-S =     0.010287 mb/sr,
+                                         /R =   1.3753E-01
   178.00 deg.: X-S =     0.010493 mb/sr,
+                                         /R =   1.4039E-01
   179.00 deg.: X-S =     0.010622 mb/sr,
+                                         /R =   1.4217E-01
   179.99 deg.: X-S =     0.010665 mb/sr,
+                                         /R =   1.4278E-01
                                           Integrated 2099.8991 mb, over [   3.000, 180.000] at    35.0000 MeV 

 CROSS SECTIONS FOR OUTGOING p        & O20      in state #   2 with spins & parities 0.5  + &  2.0  +;  0

     3.00 deg.: X-S =    16.561758 mb/sr,
+                                         REAC   2.1469E+01 mb
     4.00 deg.: X-S =    16.207631 mb/sr,
     5.00 deg.: X-S =    15.772549 mb/sr,
     6.00 deg.: X-S =    15.270732 mb/sr,
     7.00 deg.: X-S =    14.718514 mb/sr,
     8.00 deg.: X-S =    14.133731 mb/sr,
     9.00 deg.: X-S =    13.535013 mb/sr,
    10.00 deg.: X-S =    12.941016 mb/sr,
    11.00 deg.: X-S =    12.369597 mb/sr,
    12.00 deg.: X-S =    11.836993 mb/sr,
    13.00 deg.: X-S =    11.357046 mb/sr,
    14.00 deg.: X-S =    10.940509 mb/sr,
    15.00 deg.: X-S =    10.594516 mb/sr,
    16.00 deg.: X-S =    10.322236 mb/sr,
    17.00 deg.: X-S =    10.122764 mb/sr,
    18.00 deg.: X-S =     9.991270 mb/sr,
    19.00 deg.: X-S =     9.919381 mb/sr,
    20.00 deg.: X-S =     9.895798 mb/sr,
    21.00 deg.: X-S =     9.907069 mb/sr,
    22.00 deg.: X-S =     9.938479 mb/sr,
    23.00 deg.: X-S =     9.974966 mb/sr,
    24.00 deg.: X-S =    10.001992 mb/sr,
    25.00 deg.: X-S =    10.006312 mb/sr,
    26.00 deg.: X-S =     9.976587 mb/sr,
    27.00 deg.: X-S =     9.903810 mb/sr,
    28.00 deg.: X-S =     9.781545 mb/sr,
    29.00 deg.: X-S =     9.605986 mb/sr,
    30.00 deg.: X-S =     9.375858 mb/sr,
    31.00 deg.: X-S =     9.092213 mb/sr,
    32.00 deg.: X-S =     8.758134 mb/sr,
    33.00 deg.: X-S =     8.378409 mb/sr,
    34.00 deg.: X-S =     7.959185 mb/sr,
    35.00 deg.: X-S =     7.507630 mb/sr,
    36.00 deg.: X-S =     7.031624 mb/sr,
    37.00 deg.: X-S =     6.539468 mb/sr,
    38.00 deg.: X-S =     6.039621 mb/sr,
    39.00 deg.: X-S =     5.540468 mb/sr,
    40.00 deg.: X-S =     5.050092 mb/sr,
    41.00 deg.: X-S =     4.576079 mb/sr,
    42.00 deg.: X-S =     4.125321 mb/sr,
    43.00 deg.: X-S =     3.703852 mb/sr,
    44.00 deg.: X-S =     3.316696 mb/sr,
    45.00 deg.: X-S =     2.967746 mb/sr,
    46.00 deg.: X-S =     2.659684 mb/sr,
    47.00 deg.: X-S =     2.393940 mb/sr,
    48.00 deg.: X-S =     2.170700 mb/sr,
    49.00 deg.: X-S =     1.988964 mb/sr,
    50.00 deg.: X-S =     1.846657 mb/sr,
    51.00 deg.: X-S =     1.740781 mb/sr,
    52.00 deg.: X-S =     1.667591 mb/sr,
    53.00 deg.: X-S =     1.622810 mb/sr,
    54.00 deg.: X-S =     1.601834 mb/sr,
    55.00 deg.: X-S =     1.599938 mb/sr,
    56.00 deg.: X-S =     1.612459 mb/sr,
    57.00 deg.: X-S =     1.634955 mb/sr,
    58.00 deg.: X-S =     1.663323 mb/sr,
    59.00 deg.: X-S =     1.693883 mb/sr,
    60.00 deg.: X-S =     1.723432 mb/sr,
    61.00 deg.: X-S =     1.749261 mb/sr,
    62.00 deg.: X-S =     1.769155 mb/sr,
    63.00 deg.: X-S =     1.781373 mb/sr,
    64.00 deg.: X-S =     1.784621 mb/sr,
    65.00 deg.: X-S =     1.778016 mb/sr,
    66.00 deg.: X-S =     1.761056 mb/sr,
    67.00 deg.: X-S =     1.733585 mb/sr,
    68.00 deg.: X-S =     1.695760 mb/sr,
    69.00 deg.: X-S =     1.648023 mb/sr,
    70.00 deg.: X-S =     1.591070 mb/sr,
    71.00 deg.: X-S =     1.525815 mb/sr,
    72.00 deg.: X-S =     1.453360 mb/sr,
    73.00 deg.: X-S =     1.374947 mb/sr,
    74.00 deg.: X-S =     1.291922 mb/sr,
    75.00 deg.: X-S =     1.205687 mb/sr,
    76.00 deg.: X-S =     1.117652 mb/sr,
    77.00 deg.: X-S =     1.029187 mb/sr,
    78.00 deg.: X-S =     0.941586 mb/sr,
    79.00 deg.: X-S =     0.856022 mb/sr,
    80.00 deg.: X-S =     0.773528 mb/sr,
    81.00 deg.: X-S =     0.694969 mb/sr,
    82.00 deg.: X-S =     0.621039 mb/sr,
    83.00 deg.: X-S =     0.552260 mb/sr,
    84.00 deg.: X-S =     0.488987 mb/sr,
    85.00 deg.: X-S =     0.431424 mb/sr,
    86.00 deg.: X-S =     0.379644 mb/sr,
    87.00 deg.: X-S =     0.333604 mb/sr,
    88.00 deg.: X-S =     0.293165 mb/sr,
    89.00 deg.: X-S =     0.258113 mb/sr,
    90.00 deg.: X-S =     0.228169 mb/sr,
    91.00 deg.: X-S =     0.203007 mb/sr,
    92.00 deg.: X-S =     0.182259 mb/sr,
    93.00 deg.: X-S =     0.165532 mb/sr,
    94.00 deg.: X-S =     0.152408 mb/sr,
    95.00 deg.: X-S =     0.142459 mb/sr,
    96.00 deg.: X-S =     0.135250 mb/sr,
    97.00 deg.: X-S =     0.130349 mb/sr,
    98.00 deg.: X-S =     0.127333 mb/sr,
    99.00 deg.: X-S =     0.125798 mb/sr,
   100.00 deg.: X-S =     0.125365 mb/sr,
   101.00 deg.: X-S =     0.125687 mb/sr,
   102.00 deg.: X-S =     0.126455 mb/sr,
   103.00 deg.: X-S =     0.127402 mb/sr,
   104.00 deg.: X-S =     0.128303 mb/sr,
   105.00 deg.: X-S =     0.128980 mb/sr,
   106.00 deg.: X-S =     0.129295 mb/sr,
   107.00 deg.: X-S =     0.129151 mb/sr,
   108.00 deg.: X-S =     0.128483 mb/sr,
   109.00 deg.: X-S =     0.127255 mb/sr,
   110.00 deg.: X-S =     0.125455 mb/sr,
   111.00 deg.: X-S =     0.123088 mb/sr,
   112.00 deg.: X-S =     0.120173 mb/sr,
   113.00 deg.: X-S =     0.116739 mb/sr,
   114.00 deg.: X-S =     0.112828 mb/sr,
   115.00 deg.: X-S =     0.108485 mb/sr,
   116.00 deg.: X-S =     0.103765 mb/sr,
   117.00 deg.: X-S =     0.098730 mb/sr,
   118.00 deg.: X-S =     0.093444 mb/sr,
   119.00 deg.: X-S =     0.087979 mb/sr,
   120.00 deg.: X-S =     0.082407 mb/sr,
   121.00 deg.: X-S =     0.076799 mb/sr,
   122.00 deg.: X-S =     0.071227 mb/sr,
   123.00 deg.: X-S =     0.065756 mb/sr,
   124.00 deg.: X-S =     0.060445 mb/sr,
   125.00 deg.: X-S =     0.055347 mb/sr,
   126.00 deg.: X-S =     0.050503 mb/sr,
   127.00 deg.: X-S =     0.045946 mb/sr,
   128.00 deg.: X-S =     0.041699 mb/sr,
   129.00 deg.: X-S =     0.037774 mb/sr,
   130.00 deg.: X-S =     0.034177 mb/sr,
   131.00 deg.: X-S =     0.030904 mb/sr,
   132.00 deg.: X-S =     0.027948 mb/sr,
   133.00 deg.: X-S =     0.025297 mb/sr,
   134.00 deg.: X-S =     0.022937 mb/sr,
   135.00 deg.: X-S =     0.020856 mb/sr,
   136.00 deg.: X-S =     0.019039 mb/sr,
   137.00 deg.: X-S =     0.017473 mb/sr,
   138.00 deg.: X-S =     0.016144 mb/sr,
   139.00 deg.: X-S =     0.015039 mb/sr,
   140.00 deg.: X-S =     0.014141 mb/sr,
   141.00 deg.: X-S =     0.013433 mb/sr,
   142.00 deg.: X-S =     0.012896 mb/sr,
   143.00 deg.: X-S =     0.012507 mb/sr,
   144.00 deg.: X-S =     0.012247 mb/sr,
   145.00 deg.: X-S =     0.012092 mb/sr,
   146.00 deg.: X-S =     0.012022 mb/sr,
   147.00 deg.: X-S =     0.012020 mb/sr,
   148.00 deg.: X-S =     0.012068 mb/sr,
   149.00 deg.: X-S =     0.012155 mb/sr,
   150.00 deg.: X-S =     0.012269 mb/sr,
   151.00 deg.: X-S =     0.012404 mb/sr,
   152.00 deg.: X-S =     0.012554 mb/sr,
   153.00 deg.: X-S =     0.012715 mb/sr,
   154.00 deg.: X-S =     0.012885 mb/sr,
   155.00 deg.: X-S =     0.013063 mb/sr,
   156.00 deg.: X-S =     0.013249 mb/sr,
   157.00 deg.: X-S =     0.013442 mb/sr,
   158.00 deg.: X-S =     0.013641 mb/sr,
   159.00 deg.: X-S =     0.013844 mb/sr,
   160.00 deg.: X-S =     0.014050 mb/sr,
   161.00 deg.: X-S =     0.014254 mb/sr,
   162.00 deg.: X-S =     0.014453 mb/sr,
   163.00 deg.: X-S =     0.014645 mb/sr,
   164.00 deg.: X-S =     0.014826 mb/sr,
   165.00 deg.: X-S =     0.014997 mb/sr,
   166.00 deg.: X-S =     0.015158 mb/sr,
   167.00 deg.: X-S =     0.015313 mb/sr,
   168.00 deg.: X-S =     0.015466 mb/sr,
   169.00 deg.: X-S =     0.015621 mb/sr,
   170.00 deg.: X-S =     0.015781 mb/sr,
   171.00 deg.: X-S =     0.015947 mb/sr,
   172.00 deg.: X-S =     0.016118 mb/sr,
   173.00 deg.: X-S =     0.016290 mb/sr,
   174.00 deg.: X-S =     0.016458 mb/sr,
   175.00 deg.: X-S =     0.016615 mb/sr,
   176.00 deg.: X-S =     0.016755 mb/sr,
   177.00 deg.: X-S =     0.016872 mb/sr,
   178.00 deg.: X-S =     0.016959 mb/sr,
   179.00 deg.: X-S =     0.017013 mb/sr,
   180.00 deg.: X-S =     0.017031 mb/sr,
                                           Integrated   21.3691 mb, over [   3.000, 180.000] at    35.0000 MeV 
 Finished all xsecs @    8.66289958E-02

  The following files have been created:
   3:local copy of User input.            6:standard output.                   
   7:elastic  S-matrix elements.         13:total cross sections/state.        
  16:tables of cross sections.           35:Astrophysics S-factors  / Ecm.     
  38:cross sections for each J/pi.       39:cross sections for each Ecm.       
  40:all cross sectns. for each Elab.    45:scat phase shift as E functions.   
  56:Fusion for each Jtotal.             75:S-factors for lab energies.        
 201:Separate cross sections.           202:Separate cross sections.           

 PARAMETERS : MAXQRN   MFNL   MLOC  LMAX1 MCLIST
    ALLOWED :      1     36      9     70     15
    REQUIRED:      0      0      9     21      9


 ACCURACY ANALYSIS at    35.000 MeV :

  Elastic h*k = 0.037 so OK       compared with 0.200

   Real(S-el) > 0.01 first at J =       0.5
   Real(S-el) > 0.10 first at J =       0.5
   Real(S-el) > 0.50 first at J =       5.5
   Real(S-el) > 0.90 first at J =       6.5
   Real(S-el) > 0.99 first at J =       8.5
   R-turn =    14.32 fm    at J =      17.5

 Forward-angle excitation cut off below   1.361 deg by max JT =      17.5
                              and below   0.330 deg by max R.

 Total CPU  0 time =       0.09 seconds
