 FRESCO - FRES 3.4: Coupled Reaction Channels
 Assuming NAMELIST input.

 20O(p,d) @ 30AMeV CH89 (p) + ADWA (d) gs LEA                                    

   0.100  30.000   0.100   0.100   4.500   0.000   0.000   0.000   0.000   0.000

 Centre-of-mass Range is    302 * 0.1000 fm., Maximum at  30.00 fm., Interpolating NL forms every  0.10 fm.
 Non - locality width is     46 * 0.1000 fm., Maximum of   4.50 fm., Centred at  0.00 fm.
 2-Nucleon Separation of      0 * 0.1000 fm., Maximum of   0.00 fm., Minimum at  0.00 fm.
 Maximum single particle bins of 30.0000 fm.
               M,Mint =          301         301


 Range of total J is     0.0 <= J <=    40.0 (at least     0.0) and Absorbtion =>    -0.1000 mb.
 Dry Run = F, CC set limits =  0  0, Relativistic kinematics =  , Both/Far/Near Analyses =  1                     

 Cross Sections (and up to T0 for 0=projectile) for Theta from   0.0 to-180.0 in steps of  1.0 degrees, DGAM=0,  Coordinates = 0 (Mads)

 Lower Radial Cutoff = maximum of -1.60*L*h &       0.0 fm.,  Lower Cutoff for Couplings =   0.0  fm.


 Iterate Couplings between   1 and   1 times, to  0.000 % if sooner.                                          
  Block solved exactly =   0 chs., with Pade = 0 & Isocen =  =0, NOSOL = F, initwf =  0
  NL quadrature with   48 Gaussian points, Calculate multipoles up to    46 from   0
  M-transfers for lp+lt greater than or equal to  6, Angular Integration Cutoff below  0.3906 %
  Scale partition radii according to inh = 2: target    


 Trace switches are :  CHANS =  1, LISTCC =  0, TRENEG =  0, CDETR =  0, SMATS =  2, XSTABL =  1, NLPL =  0

                       WAVES =  0, LAMPL =  0, VEFF =  0, KFUS =  0, WDISK =  0, BPM =  0, MELFIL =  0

                       CDCC =  0, NFUS =  0

 Using unit mass = 1.000000 amu and 1/fine-structure constant = 137.03599 ( 1.000000 * true ) with hc = 197.32705 MeV.fm,
  thus 2*amu/hbar^2 = 0.0478450 = 1/20.9008 and Coulomb constant = 0.1574855 so e^2 = 1.43997, and nuclear magneton= 0.1261183

  Rescaling partition radii in order to include  longitudinal recoils in zero-range transfer couplings
    according to the target masses.

 Now pre-scan input and save to file 3



 *********** PARTITION NUMBER  1 ******************************************************************************************

   PROJ=PROTON     MASS=  1.0073 Z=   1.0,        # STATES=    1T, TARG=O20      MASS= 19.9997 Z=   8.0,     Q-VALUE =   0.0000 MEV.

     1:  J= 0.5+ (B# 1), E=  0.0000, K= 0.5              Potl#  1       J= 0.0+ (B# 1), E=  0.0000, K= 0.0    


 *********** PARTITION NUMBER  2 ******************************************************************************************

   PROJ=DEUTERON   MASS=  2.0136 Z=   1.0,        # STATES=    1T, TARG=O19      MASS= 18.9992 Z=   8.0,     Q-VALUE =  -5.3835 MEV.

     1:  J= 1.0+ (B# 1), E=  0.0000, K= 0.0              Potl#  4       J= 2.5+ (B# 1), E=  0.0000, K= 0.5    
0INH = 2 => radial step sizes = 0.10527 in this partition and its potentials


 ************************************************************************************************************************************

 The following POTENTIALS are defined :

  KP#       TYPE      IT    SHAPE      at     V1        r1        a1        V2        r2        a2        A-in     A-used


                                            A#1       A#2        r0c       ac                                                h @ 1
    1    0=Coulomb       0=CHARGE (WS)  1    20.000     0.000    1.2842    0.0000    0.0000    0.0000     0.000    20.000   0.10000

    1    1=Volume        0=Woods-Saxon  2   46.2412    1.1671    0.6900    3.4191    1.1753    0.6900     0.000    20.000

    1    2=Surface       0=Woods-Saxon  3    0.0000    0.0000    0.0000    7.2556    1.1753    0.6900     0.000    20.000

    1    3=Projtl S.O.   0=Woods-Saxon  4    2.9500    0.8979    0.6300    0.0000    0.0000    0.0000     0.000    20.000
   --------------------------------------------------------------------------------------------------------------------

                                            A#1       A#2        r0c       ac                                                h @ 0
    2    0=Coulomb       0=CHARGE (WS)  5     1.000     0.000    1.2500    0.0000    0.0000    0.0000     0.000     1.000   0.10000

    2    1=Volume        5=RSC T=0      6    1.0000    0.0000    1.0000    0.0000    0.0000    0.0000     0.000     1.000

    2    3=Projtl S.O.   5=RSC T=0      7    1.0000    0.0000    1.0000    0.0000    0.0000    0.0000     0.000     1.000

    2    4=Target S.O.   5=RSC T=0      8    1.0000    0.0000    1.0000    0.0000    0.0000    0.0000     0.000     1.000

    2    7=Prj+Targ Tr   5=RSC T=0      9    1.0000    0.0000    1.0000    0.0000    0.0000    0.0000     0.000     1.000
   --------------------------------------------------------------------------------------------------------------------

                                            A#1       A#2        r0c       ac                                                h @ 0
    3    0=Coulomb       0=CHARGE (WS) 10    19.000     0.000    1.2500    0.0000    0.0000    0.0000     0.000    19.000   0.10000

    3    1=Volume        0=Woods-Saxon 11   50.0000    1.2500    0.6500    0.0000    0.0000    0.0000     0.000    19.000

    3    3=Projtl S.O.   0=Woods-Saxon 12    6.0000    1.2500    0.6500    0.0000    0.0000    0.0000     0.000    19.000
   --------------------------------------------------------------------------------------------------------------------

                                            A#1       A#2        r0c       ac                                                h @ 2
    4    0=Coulomb       0=CHARGE (WS) 13    19.000     0.000    1.3000    0.0000    0.0000    0.0000     0.000    19.000   0.10527

    4    1=Volume        7=Read:real   14    1.0000    0.0000    0.0000    0.0000    0.0000    0.0000     0.000    19.000
  Input:Adiabatic CH89 19O Volume Real                                                  
  Form at 14: Reading  303    real data points at   0.1053 intervals, starting from r =  0.1053, with overall coefficient  1.0000
    and multiplying real & imag parts by    1.00000   0.00000 respectively

    4    1=Volume        8=Read:imag   15    0.0000    1.0000    0.0000    0.0000    0.0000    0.0000     0.000    19.000
  Input:Adiabatic CH89 19O Volume Imaginary                                             
  Form at 15: Reading  303    imag data points at   0.1053 intervals, starting from r =  0.1053, with overall coefficient  1.0000
    and multiplying real & imag parts by    0.00000   1.00000 respectively

    4    3=Projtl S.O.   7=Read:real   16    0.5000    0.0000    0.0000    0.0000    0.0000    0.0000     0.000    19.000
  Input:Adiabatic CH89 19O SO Real                                                      
  Form at 16: Reading  303    real data points at   0.1053 intervals, starting from r =  0.1053, with overall coefficient  1.0000
    and multiplying real & imag parts by    0.50000   0.00000 respectively

    4    3=Projtl S.O.   8=Read:imag   17    0.0000    0.5000    0.0000    0.0000    0.0000    0.0000     0.000    19.000
  Input:Adiabatic CH89 19O SO Imaginary                                                 
  Form at 17: Reading  303    imag data points at   0.1053 intervals, starting from r =  0.1053, with overall coefficient  1.0000
    and multiplying real & imag parts by    0.00000   0.50000 respectively


 ************************************************************************************************************************************

 The following SINGLE-PARTICLE FORM FACTORS are constructed :


 No.   P1 P2 IN KIND T N  L  S1 IA J/S  IB BIND XFER  BE    SC PC FIL AFRAC Adjust  to  Z  Mass   K     Norm    rms      D0     D   ANC/Gsp

    Parameters      Mismatch   Nodes -> 1 in ch  1

      2.224000     0.00038801     1    22
      2.228066     0.00000012     1    22

 The following  2 components are in a group labelled  1 for   1.0+

 No.   P1 P2 IN KIND T N  L  S1 IA J/S  IB BIND XFER  BE    SC PC FIL AFRAC Adjust  to  Z  Mass   K     Norm    rms      D0     D   ANC/Gsp

    1:  1  2  1  3   * 1  0 0.5  1 0.5   1   2   0   2.2281  0  4  0 0.0000 BE  2.2281; 0. 1.009 0.2318 0.9671  3.994 -125.3 -129.1  0.8781

    2:  1  2  1  3     1  2 0.5  1 1.5   1   2   0   2.2281  0  4  0 0.0000 BE  2.2281; 0. 1.009 0.2318 0.2544  2.419   -7.6   -8.3  0.0231

 Overall rms norm & radius =  1.0000  3.9112, & Overall D0 & D =  -132.83  -137.41
 ------------------------------------------------------------------------------------------------------------------------------------

    Parameters      Mismatch   Nodes -> 1 in ch  1

      1.000000    -0.36516589     1    40
      1.112356     0.13120100     1    40
      1.090876     0.00925691     1    40
      1.089123     0.00005199     1    40

 No.   P1 P2 IN KIND T N  L  S1 IA J/S  IB BIND XFER  BE    SC PC FIL AFRAC Adjust  to  Z  Mass   K     Norm    rms      D0     D   ANC/Gsp

    3:  2  1  2  0     1  2 0.5  1 2.5   0   3   0   7.6081  1  4-22 0.0000 VR  1.0891; 0. 1.000 0.5882 1.0000  3.381  -45.5  -91.0  2.2232

 ************************************************************************************************************************************

 ONE-way COUPLING # 1 for partitions -2 <-  1 of KIND  5,   1  0  0 -1 -1 & P1,P2 =  122.5000   0.7457 : for J <=    40.5 & R <  29.7 fm.


 data =  1  1  1  1  1.0000,  so  < [DEUTERON #  1] / [PROTON   #  1]  * Eigen-form #  1>  =   1.0000            BE =  2.228     2

 data = -2  1  1  3  1.0000,  so  < [O20      #  1] / [O19      #  1]  * Eigen-form #  3>  =   1.0000            BE =  7.608     3
 KNT =   3, KNP =   1: NK,NG,loc=   1   1   1  18  T  T  F

     So ZERO-RANGE TRANSFER, with D0 =   122.500 and finite-range effective radius   0.7457 fm.

   3  1  1 18     2.225   122.500   126.262     1.006     0.503     0.746     0.105

 Incoming partition  1 in excitation state # 1,   Laboratory Energy given for partition  1 Nucleus 1 in Excitation pair 1

0Lab. ENERGY ranges :

   from    35.0000     to   0.00000     in     0 intervals
   from    0.00000     to   0.00000     in     0 intervals
   from    0.00000     to   0.00000     in     0 intervals

 Largest real,imaginary parts of any form factor at R=   29.00 are   4.97E-02  1.65E-15 MeV
 Finished all Couplings @    3.21900006E-03          18

 Non-symmetric Hamiltonian
1***********************************************************************************************************************************
************************************************************************************************************************************

        INCOMING PROTON   ;    LABORATORY PROTON   ENERGY =   35.000     MeV.

 ***********************************************************************************************************************************
 ***********************************************************************************************************************************

 Allocate arrays for            4  channels, of which            1  need wfs.

 ######################################################################################################################
 #                                                                                                                    #
 # Total SPIN and PARITY =     0.5 +,      4 channels,    0 in 1st block.  Rmin & Coul turning =    0.0    0.3 fm.  #
 #                                                                                                                    #
 ######################################################################################################################



    C Projectl Target   #   EX.   (L  Proj) J  + Targ = Jtotal     E-cm      Re K     Re Eta     RM*K            CH
    1 PROTON   O20      #    1: I   0 0.5    0.5  0.0     0.5    33.32173   1.23649   0.21374   37.0948   0.50011  -0.03657 1 1 1   1
    2 DEUTERON O19      #    1:     2 1.0    2.0  2.5     0.5    27.93822   1.56002   0.32162   49.2651  -0.42894   0.26073 2 1 2   1
    3 DEUTERON O19      #    1:     2 1.0    3.0  2.5     0.5    27.93822   1.56002   0.32162   49.2651  -0.42894   0.26073 2 1 2   1
    4 DEUTERON O19      #    1:     4 1.0    3.0  2.5     0.5    27.93822   1.56002   0.32162   49.2651   0.49096  -0.10798 2 1 2   1
   S-matrix    1 =    0.21469  -0.36006 for L=    0, J=    0.5 channel on core I =   0.0 from L=    0,  Acc. loss =  0.0 D.
 Elastic phase shift   1 =  -29.597  24.906 deg. for the L =    0, J =    0.5 channel.
       0.5  0.21468823 -0.36006018i: elastic S-matrix  @@      0.00  0   0 F  0
 Reaction Xsec     0.5+/ 0 @ 1 =  16.937 , Out:   0.000#   0.075   16.862f


 Total SPIN, PARITY =     0.5 -,      4 chs,      0 cc.  Rmin & Coul turning =    0.0    0.3
   S-matrix    1 =   -0.06973  -0.37915 for L=    1, J=    0.5 channel on core I =   0.0 from L=    1,  Acc. loss =  0.0 D.
 Elastic phase shift   1 =  -50.211  27.307 deg. for the L =    1, J =    0.5 channel.
       0.5 -0.06972994 -0.37914797i: elastic S-matrix  @@      0.00  0   0 F  0
 Reaction Xsec     0.5-/ 1 @ 1 =  17.494 , Out:   0.000#   0.060   17.434f

 Allocate arrays for            7  channels, of which            1  need wfs.

 Total SPIN, PARITY =     1.5 +,      7 chs,      0 cc.  Rmin & Coul turning =    0.1    1.3
   S-matrix    1 =   -0.31537  -0.22186 for L=    2, J=    1.5 channel on core I =   0.0 from L=    2,  Acc. loss =  0.0 D.
 Elastic phase shift   1 =  -72.437  27.300 deg. for the L =    2, J =    1.5 channel.
       1.5 -0.31537424 -0.22186402i: elastic S-matrix  @@      0.00  0   0 F  0
 Reaction Xsec     1.5+/ 2 @ 1 =  34.985 , Out:   0.000#   0.118   34.867f


 Total SPIN, PARITY =     1.5 -,      7 chs,      0 cc.  Rmin & Coul turning =    0.1    1.3
   S-matrix    1 =    0.02650  -0.39277 for L=    1, J=    1.5 channel on core I =   0.0 from L=    1,  Acc. loss =  0.0 D.
 Elastic phase shift   1 =  -43.070  26.707 deg. for the L =    1, J =    1.5 channel.
       1.5  0.02649698 -0.39276967i: elastic S-matrix  @@      0.00  0   0 F  0
 Reaction Xsec     1.5-/ 1 @ 1 =  34.727 , Out:   0.000#   0.141   34.587f

 Allocate arrays for            9  channels, of which            1  need wfs.

 Total SPIN, PARITY =     2.5 +,      9 chs,      0 cc.  Rmin & Coul turning =    0.3    2.2
   S-matrix    1 =   -0.19938  -0.33323 for L=    2, J=    2.5 channel on core I =   0.0 from L=    2,  Acc. loss =  0.0 D.
 Elastic phase shift   1 =  -60.446  27.099 deg. for the L =    2, J =    2.5 channel.
       2.5 -0.19937575 -0.33323213i: elastic S-matrix  @@      0.00  0   0 F  0
 Reaction Xsec     2.5+/ 2 @ 1 =  52.348 , Out:   0.000#   0.219   52.129f


 Total SPIN, PARITY =     2.5 -,      9 chs,      0 cc.  Rmin & Coul turning =    0.3    2.2
   S-matrix    1 =   -0.33093   0.01660 for L=    3, J=    2.5 channel on core I =   0.0 from L=    3,  Acc. loss =  0.0 D.
 Elastic phase shift   1 =   88.565  31.645 deg. for the L =    3, J =    2.5 channel.
       2.5 -0.33092622  0.01659589i: elastic S-matrix  @@      0.00  0   0 F  0
 Reaction Xsec     2.5-/ 3 @ 1 =  54.876 , Out:   0.000#   0.139   54.737f

 Allocate arrays for           10  channels, of which            1  need wfs.

 Total SPIN, PARITY =     3.5 +,     10 chs,      0 cc.  Rmin & Coul turning =    0.4    3.0
   S-matrix    1 =    0.01882   0.25647 for L=    4, J=    3.5 channel on core I =   0.0 from L=    4,  Acc. loss =  0.0 D.
 Elastic phase shift   1 =   42.901  38.906 deg. for the L =    4, J =    3.5 channel.
       3.5  0.01882242  0.25646567i: elastic S-matrix  @@      0.00  0   0 F  0
 Reaction Xsec     3.5+/ 4 @ 1 =  76.756 , Out:   0.000#   0.141   76.615f


 Total SPIN, PARITY =     3.5 -,     10 chs,      0 cc.  Rmin & Coul turning =    0.4    3.0
   S-matrix    1 =   -0.32839  -0.17596 for L=    3, J=    3.5 channel on core I =   0.0 from L=    3,  Acc. loss =  0.0 D.
 Elastic phase shift   1 =  -75.908  28.286 deg. for the L =    3, J =    3.5 channel.
       3.5 -0.32838953 -0.17596237i: elastic S-matrix  @@      0.00  0   0 F  0
 Reaction Xsec     3.5-/ 3 @ 1 =  70.783 , Out:   0.000#   0.321   70.462f


 Total SPIN, PARITY =     4.5 +,     10 chs,      0 cc.  Rmin & Coul turning =    0.6    3.8
   S-matrix    1 =   -0.11877   0.16049 for L=    4, J=    4.5 channel on core I =   0.0 from L=    4,  Acc. loss =  0.0 D.
 Elastic phase shift   1 =   63.251  46.157 deg. for the L =    4, J =    4.5 channel.
       4.5 -0.11876578  0.16048828i: elastic S-matrix  @@      0.00  0   0 F  0
 Reaction Xsec     4.5+/ 4 @ 1 =  98.644 , Out:   0.000#   0.145   98.499f


 Total SPIN, PARITY =     4.5 -,     10 chs,      0 cc.  Rmin & Coul turning =    0.6    3.8
   S-matrix    1 =    0.53222   0.28340 for L=    5, J=    4.5 channel on core I =   0.0 from L=    5,  Acc. loss =  0.0 D.
 Elastic phase shift   1 =   14.018  14.493 deg. for the L =    5, J =    4.5 channel.
       4.5  0.53222007  0.28340406i: elastic S-matrix  @@      0.00  0   0 F  0
 Reaction Xsec     4.5-/ 5 @ 1 =  65.386 , Out:   0.000#   0.921   64.465f


 Total SPIN, PARITY =     5.5 +,     10 chs,      0 cc.  Rmin & Coul turning =    0.8    4.6
   S-matrix    1 =    0.83523   0.15277 for L=    6, J=    5.5 channel on core I =   0.0 from L=    6,  Acc. loss =  0.0 D.
 Elastic phase shift   1 =    5.183   4.687 deg. for the L =    6, J =    5.5 channel.
       5.5  0.83522804  0.15276620i: elastic S-matrix  @@      0.00  0   0 F  0
 Reaction Xsec     5.5+/ 6 @ 1 =  34.404 , Out:   0.000#   0.983   33.421f


 Total SPIN, PARITY =     5.5 -,     10 chs,      0 cc.  Rmin & Coul turning =    0.8    4.6
   S-matrix    1 =    0.45085   0.31647 for L=    5, J=    5.5 channel on core I =   0.0 from L=    5,  Acc. loss =  0.0 D.
 Elastic phase shift   1 =   17.533  17.083 deg. for the L =    5, J =    5.5 channel.
       5.5  0.45084694  0.31647231i: elastic S-matrix  @@      0.00  0   0 F  0
 Reaction Xsec     5.5-/ 5 @ 1 =  85.880 , Out:   0.000#   1.309   84.570f


 Total SPIN, PARITY =     6.5 +,     10 chs,      0 cc.  Rmin & Coul turning =    0.9    5.4
   S-matrix    1 =    0.81998   0.17855 for L=    6, J=    6.5 channel on core I =   0.0 from L=    6,  Acc. loss =  0.0 D.
 Elastic phase shift   1 =    6.142   5.022 deg. for the L =    6, J =    6.5 channel.
       6.5  0.81998499  0.17854977i: elastic S-matrix  @@      0.00  0   0 F  0
 Reaction Xsec     6.5+/ 6 @ 1 =  42.538 , Out:   0.000#   1.716   40.822f


 Total SPIN, PARITY =     6.5 -,     10 chs,      0 cc.  Rmin & Coul turning =    0.9    5.4
   S-matrix    1 =    0.94553   0.06162 for L=    7, J=    6.5 channel on core I =   0.0 from L=    7,  Acc. loss =  0.0 D.
 Elastic phase shift   1 =    1.864   1.544 deg. for the L =    7, J =    6.5 channel.
       6.5  0.94552891  0.06162295i: elastic S-matrix  @@      0.00  0   0 F  0
 Reaction Xsec     6.5-/ 7 @ 1 =  14.697 , Out:   0.000#   0.457   14.240f


 Total SPIN, PARITY =     7.5 +,     10 chs,      0 cc.  Rmin & Coul turning =    1.1    6.2
   S-matrix    1 =    0.98176   0.02251 for L=    8, J=    7.5 channel on core I =   0.0 from L=    8,  Acc. loss =  0.0 D.
 Elastic phase shift   1 =    0.657   0.520 deg. for the L =    8, J =    7.5 channel.
       7.5  0.98175991  0.02251329i: elastic S-matrix  @@      0.00  0   0 F  0
 Reaction Xsec     7.5+/ 8 @ 1 =   5.859 , Out:   0.000#   0.201    5.657f


 Total SPIN, PARITY =     7.5 -,     10 chs,      0 cc.  Rmin & Coul turning =    1.1    6.2
   S-matrix    1 =    0.94351   0.07047 for L=    7, J=    7.5 channel on core I =   0.0 from L=    7,  Acc. loss =  0.0 D.
 Elastic phase shift   1 =    2.136   1.586 deg. for the L =    7, J =    7.5 channel.
       7.5  0.94351385  0.07047214i: elastic S-matrix  @@      0.00  0   0 F  0
 Reaction Xsec     7.5-/ 7 @ 1 =  17.230 , Out:   0.000#   0.746   16.484f


 Total SPIN, PARITY =     8.5 +,     10 chs,      0 cc.  Rmin & Coul turning =    1.2    7.0
   S-matrix    1 =    0.98151   0.02525 for L=    8, J=    8.5 channel on core I =   0.0 from L=    8,  Acc. loss =  0.0 D.
 Elastic phase shift   1 =    0.737   0.525 deg. for the L =    8, J =    8.5 channel.
       8.5  0.98150792  0.02525338i: elastic S-matrix  @@      0.00  0   0 F  0
 Reaction Xsec     8.5+/ 8 @ 1 =   6.658 , Out:   0.000#   0.299    6.359f


 Total SPIN, PARITY =     8.5 -,     10 chs,      0 cc.  Rmin & Coul turning =    1.2    7.0
   S-matrix    1 =    0.99381   0.00793 for L=    9, J=    8.5 channel on core I =   0.0 from L=    9,  Acc. loss =  0.0 D.
 Elastic phase shift   1 =    0.229   0.177 deg. for the L =    9, J =    8.5 channel.
       8.5  0.99381190  0.00793348i: elastic S-matrix  @@      0.00  0   0 F  0
 Reaction Xsec     8.5-/ 9 @ 1 =   2.270 , Out:   0.000#   0.076    2.194f


 Total SPIN, PARITY =     9.5 +,     10 chs,      0 cc.  Rmin & Coul turning =    1.4    7.8
   S-matrix    1 =    0.99789   0.00275 for L=   10, J=    9.5 channel on core I =   0.0 from L=   10,  Acc. loss =  0.0 D.
 Elastic phase shift   1 =    0.079   0.060 deg. for the L =   10, J =    9.5 channel.
       9.5  0.99789015  0.00275316i: elastic S-matrix  @@      0.00  0   0 F  0
 Reaction Xsec     9.5+/10 @ 1 =   0.865 , Out:   0.000#   0.027    0.837f


 Total SPIN, PARITY =     9.5 -,     10 chs,      0 cc.  Rmin & Coul turning =    1.4    7.8
   S-matrix    1 =    0.99378   0.00878 for L=    9, J=    9.5 channel on core I =   0.0 from L=    9,  Acc. loss =  0.0 D.
 Elastic phase shift   1 =    0.253   0.178 deg. for the L =    9, J =    9.5 channel.
       9.5  0.99378039  0.00877915i: elastic S-matrix  @@      0.00  0   0 F  0
 Reaction Xsec     9.5-/ 9 @ 1 =   2.532 , Out:   0.000#   0.109    2.423f


 Total SPIN, PARITY =    10.5 +,     10 chs,      0 cc.  Rmin & Coul turning =    1.6    8.7
   S-matrix    1 =    0.99789   0.00302 for L=   10, J=   10.5 channel on core I =   0.0 from L=   10,  Acc. loss =  0.0 D.
 Elastic phase shift   1 =    0.087   0.060 deg. for the L =   10, J =   10.5 channel.
      10.5  0.99788619  0.00301555i: elastic S-matrix  @@      0.00  0   0 F  0
 Reaction Xsec    10.5+/10 @ 1 =   0.952 , Out:   0.000#   0.039    0.914f


 Total SPIN, PARITY =    10.5 -,     10 chs,      0 cc.  Rmin & Coul turning =    1.6    8.7
   S-matrix    1 =    0.99928   0.00095 for L=   11, J=   10.5 channel on core I =   0.0 from L=   11,  Acc. loss =  0.0 D.
 Elastic phase shift   1 =    0.027   0.021 deg. for the L =   11, J =   10.5 channel.
      10.5  0.99928034  0.00094800i: elastic S-matrix  @@      0.00  0   0 F  0
 Reaction Xsec    10.5-/11 @ 1 =   0.325 , Out:   0.000#   9.834/   0.315f


 Total SPIN, PARITY =    11.5 +,     10 chs,      0 cc.  Rmin & Coul turning =    1.7    9.5
   S-matrix    1 =    0.99975   0.00032 for L=   12, J=   11.5 channel on core I =   0.0 from L=   12,  Acc. loss =  0.0 D.
 Elastic phase shift   1 =    0.009   0.007 deg. for the L =   12, J =   11.5 channel.
      11.5  0.99975488  0.00032490i: elastic S-matrix  @@      0.00  0   0 F  0
 Reaction Xsec    11.5+/12 @ 1 =   0.121 , Out:   0.000#   3.465/   0.117f


 Total SPIN, PARITY =    11.5 -,     10 chs,      0 cc.  Rmin & Coul turning =    1.7    9.5
   S-matrix    1 =    0.99928   0.00103 for L=   11, J=   11.5 channel on core I =   0.0 from L=   11,  Acc. loss =  0.0 D.
 Elastic phase shift   1 =    0.030   0.021 deg. for the L =   11, J =   11.5 channel.
      11.5  0.99927984  0.00102958i: elastic S-matrix  @@      0.00  0   0 F  0
 Reaction Xsec    11.5-/11 @ 1 =   0.355 , Out:   0.000#   0.014    0.341f


 Total SPIN, PARITY =    12.5 +,     10 chs,      0 cc.  Rmin & Coul turning =    1.9   10.3
   S-matrix    1 =    0.99975   0.00035 for L=   12, J=   12.5 channel on core I =   0.0 from L=   12,  Acc. loss =  0.0 D.
 Elastic phase shift   1 =    0.010   0.007 deg. for the L =   12, J =   12.5 channel.
      12.5  0.99975481  0.00035025i: elastic S-matrix  @@      0.00  0   0 F  0
 Reaction Xsec    12.5+/12 @ 1 =   0.131 , Out:   0.000#   4.795/   0.126f


 Total SPIN, PARITY =    12.5 -,     10 chs,      0 cc.  Rmin & Coul turning =    1.9   10.3
   S-matrix    1 =    0.99992   0.00011 for L=   13, J=   12.5 channel on core I =   0.0 from L=   13,  Acc. loss =  0.0 D.
 Elastic phase shift   1 =    0.003   0.002 deg. for the L =   13, J =   12.5 channel.
      12.5  0.99991667  0.00011101i: elastic S-matrix  @@      0.00  0   0 F  0
 Reaction Xsec    12.5-/13 @ 1 =   0.045 , Out:   0.000#   1.215/   0.043f


 Total SPIN, PARITY =    13.5 +,     10 chs,      0 cc.  Rmin & Coul turning =    2.0   11.1
   S-matrix    1 =    0.99997   0.00004 for L=   14, J=   13.5 channel on core I =   0.0 from L=   14,  Acc. loss =  0.0 D.
 Elastic phase shift   1 =    0.001   0.001 deg. for the L =   14, J =   13.5 channel.
      13.5  0.99997173  0.00003786i: elastic S-matrix  @@      0.00  0   0 F  0
 Reaction Xsec    13.5+/14 @ 1 =   0.016 , Out:   0.000#   0.426/   0.016f


 Total SPIN, PARITY =    13.5 -,     10 chs,      0 cc.  Rmin & Coul turning =    2.0   11.1
   S-matrix    1 =    0.99992   0.00012 for L=   13, J=   13.5 channel on core I =   0.0 from L=   13,  Acc. loss =  0.0 D.
 Elastic phase shift   1 =    0.003   0.002 deg. for the L =   13, J =   13.5 channel.
      13.5  0.99991667  0.00011888i: elastic S-matrix  @@      0.00  0   0 F  0
 Reaction Xsec    13.5-/13 @ 1 =   0.048 , Out:   0.000#   1.682/   0.046f


 Total SPIN, PARITY =    14.5 +,     10 chs,      0 cc.  Rmin & Coul turning =    2.2   11.9
   S-matrix    1 =    0.99997   0.00004 for L=   14, J=   14.5 channel on core I =   0.0 from L=   14,  Acc. loss =  0.0 D.
 Elastic phase shift   1 =    0.001   0.001 deg. for the L =   14, J =   14.5 channel.
      14.5  0.99997173  0.00004029i: elastic S-matrix  @@      0.00  0   0 F  0
 Reaction Xsec    14.5+/14 @ 1 =   0.017 , Out:   0.000#   0.591/   0.017f


 Total SPIN, PARITY =    14.5 -,     10 chs,      0 cc.  Rmin & Coul turning =    2.2   11.9
   S-matrix    1 =    0.99999   0.00001 for L=   15, J=   14.5 channel on core I =   0.0 from L=   15,  Acc. loss =  0.0 D.
 Elastic phase shift   1 =    0.000   0.000 deg. for the L =   15, J =   14.5 channel.
      14.5  0.99999043  0.00001293i: elastic S-matrix  @@      0.00  0   0 F  0
 Reaction Xsec    14.5-/15 @ 1 =   5.900/, Out:   0.000#   0.150/   0.006f


 Total SPIN, PARITY =    15.5 +,     10 chs,      0 cc.  Rmin & Coul turning =    2.4   12.7
   S-matrix    1 =    1.00000   0.00000 for L=   16, J=   15.5 channel on core I =   0.0 from L=   16,  Acc. loss =  0.0 D.
 Elastic phase shift   1 =    0.000   0.000 deg. for the L =   16, J =   15.5 channel.
      15.5  0.99999676  0.00000444i: elastic S-matrix  @@      0.00  0   0 F  0
 Reaction Xsec    15.5+/16 @ 1 =   2.127/, Out:   0.000#   0.053/   0.002f


 Total SPIN, PARITY =    15.5 -,     10 chs,      0 cc.  Rmin & Coul turning =    2.4   12.7
   S-matrix    1 =    0.99999   0.00001 for L=   15, J=   15.5 channel on core I =   0.0 from L=   15,  Acc. loss =  0.0 D.
 Elastic phase shift   1 =    0.000   0.000 deg. for the L =   15, J =   15.5 channel.
      15.5  0.99999043  0.00001368i: elastic S-matrix  @@      0.00  0   0 F  0
 Reaction Xsec    15.5-/15 @ 1 =   6.293/, Out:   0.000#   0.208/   0.006f


 Total SPIN, PARITY =    16.5 +,     10 chs,      0 cc.  Rmin & Coul turning =    2.5   13.5
   S-matrix    1 =    1.00000   0.00000 for L=   16, J=   16.5 channel on core I =   0.0 from L=   16,  Acc. loss =  0.0 D.
 Elastic phase shift   1 =    0.000   0.000 deg. for the L =   16, J =   16.5 channel.
      16.5  0.99999676  0.00000467i: elastic S-matrix  @@      0.00  0   0 F  0
 Reaction Xsec    16.5+/16 @ 1 =   2.260/, Out:   0.000#   0.073/   0.002f


 Total SPIN, PARITY =    16.5 -,     10 chs,      0 cc.  Rmin & Coul turning =    2.5   13.5
   S-matrix    1 =    1.00000   0.00000 for L=   17, J=   16.5 channel on core I =   0.0 from L=   17,  Acc. loss =  0.0 D.
 Elastic phase shift   1 =    0.000   0.000 deg. for the L =   17, J =   16.5 channel.
      16.5  0.99999891  0.00000153i: elastic S-matrix  @@      0.00  0   0 F  0
 Reaction Xsec    16.5-/17 @ 1 =   0.763/, Out:   0.000#   0.019/   0.001f


 Total SPIN, PARITY =    17.5 +,     10 chs,      0 cc.  Rmin & Coul turning =    2.7   14.3
   S-matrix    1 =    1.00000   0.00000 for L=   18, J=   17.5 channel on core I =   0.0 from L=   18,  Acc. loss =  0.0 D.
 Elastic phase shift   1 =    0.000   0.000 deg. for the L =   18, J =   17.5 channel.
      17.5  0.99999963  0.00000057i: elastic S-matrix  @@      0.00  0   0 F  0
 Reaction Xsec    17.5+/18 @ 1 =   0.272/, Out:   0.000#   6.574#   0.000f


 Total SPIN, PARITY =    17.5 -,     10 chs,      0 cc.  Rmin & Coul turning =    2.7   14.3
   S-matrix    1 =    1.00000   0.00000 for L=   17, J=   17.5 channel on core I =   0.0 from L=   17,  Acc. loss =  0.0 D.
 Elastic phase shift   1 =    0.000   0.000 deg. for the L =   17, J =   17.5 channel.
      17.5  0.99999891  0.00000161i: elastic S-matrix  @@      0.00  0   0 F  0
 Reaction Xsec    17.5-/17 @ 1 =   0.808/, Out:   0.000#   0.026/   0.001f


 Total SPIN, PARITY =    18.5 +,     10 chs,      0 cc.  Rmin & Coul turning =    2.8   15.1
   S-matrix    1 =    1.00000   0.00000 for L=   18, J=   18.5 channel on core I =   0.0 from L=   18,  Acc. loss =  0.0 D.
 Elastic phase shift   1 =    0.000   0.000 deg. for the L =   18, J =   18.5 channel.
      18.5  0.99999963  0.00000059i: elastic S-matrix  @@      0.00  0   0 F  0
 Reaction Xsec    18.5+/18 @ 1 =   0.287/, Out:   0.000#   9.180#   0.000f


 Total SPIN, PARITY =    18.5 -,     10 chs,      0 cc.  Rmin & Coul turning =    2.8   15.1
   S-matrix    1 =    1.00000   0.00000 for L=   19, J=   18.5 channel on core I =   0.0 from L=   19,  Acc. loss =  0.0 D.
 Elastic phase shift   1 =    0.000   0.000 deg. for the L =   19, J =   18.5 channel.
      18.5  0.99999988  0.00000023i: elastic S-matrix  @@      0.00  0   0 F  0
 Reaction Xsec    18.5-/19 @ 1 =   0.097/, Out:   0.000#   2.326#   0.000f


 Total SPIN, PARITY =    19.5 +,     10 chs,      0 cc.  Rmin & Coul turning =    3.0   15.9
   S-matrix    1 =    1.00000   0.00000 for L=   20, J=   19.5 channel on core I =   0.0 from L=   20,  Acc. loss =  0.0 D.
 Elastic phase shift   1 =    0.000   0.000 deg. for the L =   20, J =   19.5 channel.
      19.5  0.99999996  0.00000008i: elastic S-matrix  @@      0.00  0   0 F  0
 Reaction Xsec    19.5+/20 @ 1 =   0.034/, Out:   0.000#   0.824#   0.000f


 Total SPIN, PARITY =    19.5 -,     10 chs,      0 cc.  Rmin & Coul turning =    3.0   15.9
   S-matrix    1 =    1.00000   0.00000 for L=   19, J=   19.5 channel on core I =   0.0 from L=   19,  Acc. loss =  0.0 D.
 Elastic phase shift   1 =    0.000   0.000 deg. for the L =   19, J =   19.5 channel.
      19.5  0.99999988  0.00000023i: elastic S-matrix  @@      0.00  0   0 F  0
 Reaction Xsec    19.5-/19 @ 1 =   0.102/, Out:   0.000#   3.253#   0.000f


 Total SPIN, PARITY =    20.5 +,     10 chs,      0 cc.  Rmin & Coul turning =    3.2   16.7
   S-matrix    1 =    1.00000   0.00000 for L=   20, J=   20.5 channel on core I =   0.0 from L=   20,  Acc. loss =  0.0 D.
 Elastic phase shift   1 =    0.000   0.000 deg. for the L =   20, J =   20.5 channel.
      20.5  0.99999996  0.00000008i: elastic S-matrix  @@      0.00  0   0 F  0
 Reaction Xsec    20.5+/20 @ 1 =   0.036/, Out:   0.000#   1.154#   0.000f


 Total SPIN, PARITY =    20.5 -,     10 chs,      0 cc.  Rmin & Coul turning =    3.2   16.7
   S-matrix    1 =    1.00000   0.00000 for L=   21, J=   20.5 channel on core I =   0.0 from L=   21,  Acc. loss =  0.0 D.
 Elastic phase shift   1 =    0.000   0.000 deg. for the L =   21, J =   20.5 channel.
      20.5  0.99999999  0.00000005i: elastic S-matrix  @@      0.00  0   0 F  0
 Reaction Xsec    20.5-/21 @ 1 =   0.012/, Out:   0.000#   0.292#   0.000f


 Total SPIN, PARITY =    21.5 +,     10 chs,      0 cc.  Rmin & Coul turning =    3.3   17.6
   S-matrix    1 =    1.00000   0.00000 for L=   22, J=   21.5 channel on core I =   0.0 from L=   22,  Acc. loss =  0.0 D.
 Elastic phase shift   1 =    0.000   0.000 deg. for the L =   22, J =   21.5 channel.
      21.5  1.00000000  0.00000004i: elastic S-matrix  @@      0.00  0   0 F  0
 Reaction Xsec    21.5+/22 @ 1 =   4.240#, Out:   0.000#   0.104#   0.000f


 Total SPIN, PARITY =    21.5 -,     10 chs,      0 cc.  Rmin & Coul turning =    3.3   17.6
   S-matrix    1 =    1.00000   0.00000 for L=   21, J=   21.5 channel on core I =   0.0 from L=   21,  Acc. loss =  0.0 D.
 Elastic phase shift   1 =    0.000   0.000 deg. for the L =   21, J =   21.5 channel.
      21.5  0.99999999  0.00000005i: elastic S-matrix  @@      0.00  0   0 F  0
 Reaction Xsec    21.5-/21 @ 1 =   0.013/, Out:   0.000#   0.410#   0.000f


 Total SPIN, PARITY =    22.5 +,     10 chs,      0 cc.  Rmin & Coul turning =    3.5   18.4
   S-matrix    1 =    1.00000   0.00000 for L=   22, J=   22.5 channel on core I =   0.0 from L=   22,  Acc. loss =  0.0 D.
 Elastic phase shift   1 =    0.000   0.000 deg. for the L =   22, J =   22.5 channel.
      22.5  1.00000000  0.00000004i: elastic S-matrix  @@      0.00  0   0 F  0
 Reaction Xsec    22.5+/22 @ 1 =   4.433#, Out:   0.000#   0.146#   0.000f


 Total SPIN, PARITY =    22.5 -,     10 chs,      0 cc.  Rmin & Coul turning =    3.5   18.4
   S-matrix    1 =    1.00000   0.00000 for L=   23, J=   22.5 channel on core I =   0.0 from L=   23,  Acc. loss =  0.0 D.
 Elastic phase shift   1 =    0.000   0.000 deg. for the L =   23, J =   22.5 channel.
      22.5  1.00000000  0.00000000i: elastic S-matrix  @@      0.00  0   0 F  0
 Reaction Xsec    22.5-/23 @ 1 =   1.486#, Out:   0.000#   0.037#   0.000f


 Total SPIN, PARITY =    23.5 +,     10 chs,      0 cc.  Rmin & Coul turning =    3.6   19.2
   S-matrix    1 =    1.00000  -0.00000 for L=   24, J=   23.5 channel on core I =   0.0 from L=   24,  Acc. loss =  0.0 D.
 Elastic phase shift   1 =   -0.000   0.000 deg. for the L =   24, J =   23.5 channel.
      23.5  1.00000000 -0.00000001i: elastic S-matrix  @@      0.00  0   0 F  0
 Reaction Xsec    23.5+/24 @ 1 =   0.519#, Out:   0.000#   0.013#   0.000f


 Total SPIN, PARITY =    23.5 -,     10 chs,      0 cc.  Rmin & Coul turning =    3.6   19.2
   S-matrix    1 =    1.00000   0.00000 for L=   23, J=   23.5 channel on core I =   0.0 from L=   23,  Acc. loss =  0.0 D.
 Elastic phase shift   1 =    0.000   0.000 deg. for the L =   23, J =   23.5 channel.
      23.5  1.00000000  0.00000000i: elastic S-matrix  @@      0.00  0   0 F  0
 Reaction Xsec    23.5-/23 @ 1 =   1.551#, Out:   0.000#   0.052#   0.000f


 Total SPIN, PARITY =    24.5 +,     10 chs,      0 cc.  Rmin & Coul turning =    3.8   20.0
   S-matrix    1 =    1.00000  -0.00000 for L=   24, J=   24.5 channel on core I =   0.0 from L=   24,  Acc. loss =  0.0 D.
 Elastic phase shift   1 =   -0.000   0.000 deg. for the L =   24, J =   24.5 channel.
      24.5  1.00000000 -0.00000001i: elastic S-matrix  @@      0.00  0   0 F  0
 Reaction Xsec    24.5+/24 @ 1 =   0.541#, Out:   0.000#   0.018#   0.000f


 Total SPIN, PARITY =    24.5 -,     10 chs,      0 cc.  Rmin & Coul turning =    3.8   20.0
   S-matrix    1 =    1.00000   0.00000 for L=   25, J=   24.5 channel on core I =   0.0 from L=   25,  Acc. loss =  0.0 D.
 Elastic phase shift   1 =    0.000   0.000 deg. for the L =   25, J =   24.5 channel.
      24.5  1.00000000  0.00000001i: elastic S-matrix  @@      0.00  0   0 F  0
 Reaction Xsec    24.5-/25 @ 1 =   0.181#, Out:   0.000#   0.005#   0.000f


 Total SPIN, PARITY =    25.5 +,     10 chs,      0 cc.  Rmin & Coul turning =    4.0   20.8
   S-matrix    1 =    1.00000  -0.00000 for L=   26, J=   25.5 channel on core I =   0.0 from L=   26,  Acc. loss =  0.0 D.
 Elastic phase shift   1 =   -0.000   0.000 deg. for the L =   26, J =   25.5 channel.
      25.5  1.00000000 -0.00000000i: elastic S-matrix  @@      0.00  0   0 F  0
 Reaction Xsec    25.5+/26 @ 1 =   0.063#, Out:   0.000#   0.002#   0.000f


 Total SPIN, PARITY =    25.5 -,     10 chs,      0 cc.  Rmin & Coul turning =    4.0   20.8
   S-matrix    1 =    1.00000   0.00000 for L=   25, J=   25.5 channel on core I =   0.0 from L=   25,  Acc. loss =  0.0 D.
 Elastic phase shift   1 =    0.000   0.000 deg. for the L =   25, J =   25.5 channel.
      25.5  1.00000000  0.00000001i: elastic S-matrix  @@      0.00  0   0 F  0
 Reaction Xsec    25.5-/25 @ 1 =   0.188#, Out:   0.000#   0.007#   0.000f


 Total SPIN, PARITY =    26.5 +,     10 chs,      0 cc.  Rmin & Coul turning =    4.1   21.6
   S-matrix    1 =    1.00000  -0.00000 for L=   26, J=   26.5 channel on core I =   0.0 from L=   26,  Acc. loss =  0.0 D.
 Elastic phase shift   1 =   -0.000   0.000 deg. for the L =   26, J =   26.5 channel.
      26.5  1.00000000 -0.00000000i: elastic S-matrix  @@      0.00  0   0 F  0
 Reaction Xsec    26.5+/26 @ 1 =   0.065#, Out:   0.000#   0.002#   0.000f


 Total SPIN, PARITY =    26.5 -,     10 chs,      0 cc.  Rmin & Coul turning =    4.1   21.6
   S-matrix    1 =    1.00000  -0.00000 for L=   27, J=   26.5 channel on core I =   0.0 from L=   27,  Acc. loss =  0.0 D.
 Elastic phase shift   1 =   -0.000   0.000 deg. for the L =   27, J =   26.5 channel.
      26.5  1.00000000 -0.00000004i: elastic S-matrix  @@      0.00  0   0 F  0
 Reaction Xsec    26.5-/27 @ 1 =   0.022#, Out:   0.000#   0.001#   0.000f


 Total SPIN, PARITY =    27.5 +,     10 chs,      0 cc.  Rmin & Coul turning =    4.3   22.4
   S-matrix    1 =    1.00000  -0.00000 for L=   28, J=   27.5 channel on core I =   0.0 from L=   28,  Acc. loss =  0.0 D.
 Elastic phase shift   1 =   -0.000   0.000 deg. for the L =   28, J =   27.5 channel.
      27.5  1.00000000 -0.00000005i: elastic S-matrix  @@      0.00  0   0 F  0
 Reaction Xsec    27.5+/28 @ 1 =   0.008#, Out:   0.000#   0.000#   0.000f


 Total SPIN, PARITY =    27.5 -,     10 chs,      0 cc.  Rmin & Coul turning =    4.3   22.4
   S-matrix    1 =    1.00000  -0.00000 for L=   27, J=   27.5 channel on core I =   0.0 from L=   27,  Acc. loss =  0.0 D.
 Elastic phase shift   1 =   -0.000   0.000 deg. for the L =   27, J =   27.5 channel.
      27.5  1.00000000 -0.00000004i: elastic S-matrix  @@      0.00  0   0 F  0
 Reaction Xsec    27.5-/27 @ 1 =   0.023#, Out:   0.000#   0.001#   0.000f


 Total SPIN, PARITY =    28.5 +,     10 chs,      0 cc.  Rmin & Coul turning =    4.4   23.2
   S-matrix    1 =    1.00000  -0.00000 for L=   28, J=   28.5 channel on core I =   0.0 from L=   28,  Acc. loss =  0.0 D.
 Elastic phase shift   1 =   -0.000   0.000 deg. for the L =   28, J =   28.5 channel.
      28.5  1.00000000 -0.00000005i: elastic S-matrix  @@      0.00  0   0 F  0
 Reaction Xsec    28.5+/28 @ 1 =   0.008#, Out:   0.000#   0.000#   0.000f


 Total SPIN, PARITY =    28.5 -,     10 chs,      0 cc.  Rmin & Coul turning =    4.4   23.2
   S-matrix    1 =    1.00000  -0.00000 for L=   29, J=   28.5 channel on core I =   0.0 from L=   29,  Acc. loss =  0.0 D.
 Elastic phase shift   1 =   -0.000   0.000 deg. for the L =   29, J =   28.5 channel.
      28.5  1.00000000 -0.00000003i: elastic S-matrix  @@      0.00  0   0 F  0
 Reaction Xsec    28.5-/29 @ 1 =   0.003#, Out:   0.000#   0.000#   0.000f


 Total SPIN, PARITY =    29.5 +,     10 chs,      0 cc.  Rmin & Coul turning =    4.6   24.0
   S-matrix    1 =    1.00000  -0.00000 for L=   30, J=   29.5 channel on core I =   0.0 from L=   30,  Acc. loss =  0.0 D.
 Elastic phase shift   1 =   -0.000   0.000 deg. for the L =   30, J =   29.5 channel.
      29.5  1.00000000 -0.00000002i: elastic S-matrix  @@      0.00  0   0 F  0
 Reaction Xsec    29.5+/30 @ 1 =   0.001#, Out:   0.000#   0.000#   0.000f


 Total SPIN, PARITY =    29.5 -,     10 chs,      0 cc.  Rmin & Coul turning =    4.6   24.0
   S-matrix    1 =    1.00000  -0.00000 for L=   29, J=   29.5 channel on core I =   0.0 from L=   29,  Acc. loss =  0.0 D.
 Elastic phase shift   1 =   -0.000   0.000 deg. for the L =   29, J =   29.5 channel.
      29.5  1.00000000 -0.00000003i: elastic S-matrix  @@      0.00  0   0 F  0
 Reaction Xsec    29.5-/29 @ 1 =   0.003#, Out:   0.000#   0.000#   0.000f


 Total SPIN, PARITY =    30.5 +,     10 chs,      0 cc.  Rmin & Coul turning =    4.8   24.8
   S-matrix    1 =    1.00000  -0.00000 for L=   30, J=   30.5 channel on core I =   0.0 from L=   30,  Acc. loss =  0.0 D.
 Elastic phase shift   1 =   -0.000   0.000 deg. for the L =   30, J =   30.5 channel.
      30.5  1.00000000 -0.00000002i: elastic S-matrix  @@      0.00  0   0 F  0
 Reaction Xsec    30.5+/30 @ 1 =   0.001#, Out:   0.000#   0.000#   0.000f


 Total SPIN, PARITY =    30.5 -,     10 chs,      0 cc.  Rmin & Coul turning =    4.8   24.8
   S-matrix    1 =    1.00000  -0.00000 for L=   31, J=   30.5 channel on core I =   0.0 from L=   31,  Acc. loss =  0.0 D.
 Elastic phase shift   1 =   -0.000   0.000 deg. for the L =   31, J =   30.5 channel.
      30.5  1.00000000 -0.00000003i: elastic S-matrix  @@      0.00  0   0 F  0
 Reaction Xsec    30.5-/31 @ 1 =   0.000#, Out:   0.000#   0.000#   0.000f


 Total SPIN, PARITY =    31.5 +,     10 chs,      0 cc.  Rmin & Coul turning =    4.9   25.6
   S-matrix    1 =    1.00000  -0.00000 for L=   32, J=   31.5 channel on core I =   0.0 from L=   32,  Acc. loss =  0.0 D.
 Elastic phase shift   1 =   -0.000   0.000 deg. for the L =   32, J =   31.5 channel.
      31.5  1.00000000 -0.00000005i: elastic S-matrix  @@      0.00  0   0 F  0
 Reaction Xsec    31.5+/32 @ 1 =   0.000#, Out:   0.000#   0.000#   0.000f


 Total SPIN, PARITY =    31.5 -,     10 chs,      0 cc.  Rmin & Coul turning =    4.9   25.6
   S-matrix    1 =    1.00000  -0.00000 for L=   31, J=   31.5 channel on core I =   0.0 from L=   31,  Acc. loss =  0.0 D.
 Elastic phase shift   1 =   -0.000   0.000 deg. for the L =   31, J =   31.5 channel.
      31.5  1.00000000 -0.00000003i: elastic S-matrix  @@      0.00  0   0 F  0
 Reaction Xsec    31.5-/31 @ 1 =   0.000#, Out:   0.000#   0.000#   0.000f


 Total SPIN, PARITY =    32.5 +,     10 chs,      0 cc.  Rmin & Coul turning =    5.1   26.5
   S-matrix    1 =    1.00000  -0.00000 for L=   32, J=   32.5 channel on core I =   0.0 from L=   32,  Acc. loss =  0.0 D.
 Elastic phase shift   1 =   -0.000   0.000 deg. for the L =   32, J =   32.5 channel.
      32.5  1.00000000 -0.00000005i: elastic S-matrix  @@      0.00  0   0 F  0
 Reaction Xsec    32.5+/32 @ 1 =   0.000#, Out:   0.000#   0.000#   0.000f


 Total SPIN, PARITY =    32.5 -,     10 chs,      0 cc.  Rmin & Coul turning =    5.1   26.5
   S-matrix    1 =    1.00000  -0.00000 for L=   33, J=   32.5 channel on core I =   0.0 from L=   33,  Acc. loss =  0.0 D.
 Elastic phase shift   1 =   -0.000   0.000 deg. for the L =   33, J =   32.5 channel.
      32.5  1.00000000 -0.00000006i: elastic S-matrix  @@      0.00  0   0 F  0
 Reaction Xsec    32.5-/33 @ 1 =   0.000#, Out:   0.000#   0.000#   0.000f


 Total SPIN, PARITY =    33.5 +,     10 chs,      0 cc.  Rmin & Coul turning =    5.2   27.3
   S-matrix    1 =    1.00000  -0.00000 for L=   34, J=   33.5 channel on core I =   0.0 from L=   34,  Acc. loss =  0.0 D.
 Elastic phase shift   1 =   -0.000   0.000 deg. for the L =   34, J =   33.5 channel.
      33.5  1.00000000 -0.00000004i: elastic S-matrix  @@      0.00  0   0 F  0
 Reaction Xsec    33.5+/34 @ 1 =   0.000#, Out:   0.000#   0.000#   0.000f


 Total SPIN, PARITY =    33.5 -,     10 chs,      0 cc.  Rmin & Coul turning =    5.2   27.3
   S-matrix    1 =    1.00000  -0.00000 for L=   33, J=   33.5 channel on core I =   0.0 from L=   33,  Acc. loss =  0.0 D.
 Elastic phase shift   1 =   -0.000   0.000 deg. for the L =   33, J =   33.5 channel.
      33.5  1.00000000 -0.00000006i: elastic S-matrix  @@      0.00  0   0 F  0
 Reaction Xsec    33.5-/33 @ 1 =   0.000#, Out:   0.000#   0.000#   0.000f


 Total SPIN, PARITY =    34.5 +,     10 chs,      0 cc.  Rmin & Coul turning =    5.4   28.1
   S-matrix    1 =    1.00000  -0.00000 for L=   34, J=   34.5 channel on core I =   0.0 from L=   34,  Acc. loss =  0.0 D.
 Elastic phase shift   1 =   -0.000   0.000 deg. for the L =   34, J =   34.5 channel.
      34.5  1.00000000 -0.00000004i: elastic S-matrix  @@      0.00  0   0 F  0
 Reaction Xsec    34.5+/34 @ 1 =   0.000#, Out:   0.000#   0.000#   0.000f


 Total SPIN, PARITY =    34.5 -,     10 chs,      0 cc.  Rmin & Coul turning =    5.4   28.1
   S-matrix    1 =    1.00000  -0.00000 for L=   35, J=   34.5 channel on core I =   0.0 from L=   35,  Acc. loss =  0.0 D.
 Elastic phase shift   1 =   -0.000   0.000 deg. for the L =   35, J =   34.5 channel.
      34.5  1.00000000 -0.00000003i: elastic S-matrix  @@      0.00  0   0 F  0
 Reaction Xsec    34.5-/35 @ 1 =   0.000#, Out:   0.000#   0.000#   0.000f


 Total SPIN, PARITY =    35.5 +,     10 chs,      0 cc.  Rmin & Coul turning =    5.6   28.9
   S-matrix    1 =    1.00000  -0.00000 for L=   36, J=   35.5 channel on core I =   0.0 from L=   36,  Acc. loss =  0.0 D.
 Elastic phase shift   1 =   -0.000   0.000 deg. for the L =   36, J =   35.5 channel.
      35.5  1.00000000 -0.00000001i: elastic S-matrix  @@      0.00  0   0 F  0
 Reaction Xsec    35.5+/36 @ 1 =   0.000#, Out:   0.000#   0.000#   0.000f


 Total SPIN, PARITY =    35.5 -,     10 chs,      0 cc.  Rmin & Coul turning =    5.6   28.9
   S-matrix    1 =    1.00000  -0.00000 for L=   35, J=   35.5 channel on core I =   0.0 from L=   35,  Acc. loss =  0.0 D.
 Elastic phase shift   1 =   -0.000   0.000 deg. for the L =   35, J =   35.5 channel.
      35.5  1.00000000 -0.00000003i: elastic S-matrix  @@      0.00  0   0 F  0
 Reaction Xsec    35.5-/35 @ 1 =   0.000#, Out:   0.000#   0.000#   0.000f


 Total SPIN, PARITY =    36.5 +,     10 chs,      0 cc.  Rmin & Coul turning =    5.7   29.7
   S-matrix    1 =    1.00000  -0.00000 for L=   36, J=   36.5 channel on core I =   0.0 from L=   36,  Acc. loss =  0.0 D.
 Elastic phase shift   1 =   -0.000   0.000 deg. for the L =   36, J =   36.5 channel.
      36.5  1.00000000 -0.00000001i: elastic S-matrix  @@      0.00  0   0 F  0
 Reaction Xsec    36.5+/36 @ 1 =   0.000#, Out:   0.000#   0.000#   0.000f


 Total SPIN, PARITY =    36.5 -,     10 chs,      0 cc.  Rmin & Coul turning =    5.7   29.7
   S-matrix    1 =    1.00000  -0.00000 for L=   37, J=   36.5 channel on core I =   0.0 from L=   37,  Acc. loss =  0.0 D.
 Elastic phase shift   1 =   -0.000   0.000 deg. for the L =   37, J =   36.5 channel.
      36.5  1.00000000 -0.00000000i: elastic S-matrix  @@      0.00  0   0 F  0
 Reaction Xsec    36.5-/37 @ 1 =   0.000#, Out:   0.000#   0.000#   0.000f


 Total SPIN, PARITY =    37.5 +,     10 chs,      0 cc.  Rmin & Coul turning =    5.9   30.5
   S-matrix    1 =    1.00000  -0.00000 for L=   38, J=   37.5 channel on core I =   0.0 from L=   38,  Acc. loss =  0.0 D.
 Elastic phase shift   1 =   -0.000   0.000 deg. for the L =   38, J =   37.5 channel.
      37.5  1.00000000 -0.00000000i: elastic S-matrix  @@      0.00  0   0 F  0
 Reaction Xsec    37.5+/38 @ 1 =   0.000#, Out:   0.000#   0.000#   0.000f


 Total SPIN, PARITY =    37.5 -,     10 chs,      0 cc.  Rmin & Coul turning =    5.9   30.5
   S-matrix    1 =    1.00000  -0.00000 for L=   37, J=   37.5 channel on core I =   0.0 from L=   37,  Acc. loss =  0.0 D.
 Elastic phase shift   1 =   -0.000   0.000 deg. for the L =   37, J =   37.5 channel.
      37.5  1.00000000 -0.00000000i: elastic S-matrix  @@      0.00  0   0 F  0
 Reaction Xsec    37.5-/37 @ 1 =   0.000#, Out:   0.000#   0.000#   0.000f


 Total SPIN, PARITY =    38.5 +,     10 chs,      0 cc.  Rmin & Coul turning =    6.0   31.3
   S-matrix    1 =    1.00000  -0.00000 for L=   38, J=   38.5 channel on core I =   0.0 from L=   38,  Acc. loss =  0.0 D.
 Elastic phase shift   1 =   -0.000   0.000 deg. for the L =   38, J =   38.5 channel.
      38.5  1.00000000 -0.00000000i: elastic S-matrix  @@      0.00  0   0 F  0
 Reaction Xsec    38.5+/38 @ 1 =   0.000#, Out:   0.000#   0.000#   0.000f


 Total SPIN, PARITY =    38.5 -,     10 chs,      0 cc.  Rmin & Coul turning =    6.0   31.3
   S-matrix    1 =    1.00000   0.00000 for L=   39, J=   38.5 channel on core I =   0.0 from L=   39,  Acc. loss =  0.0 D.
 Elastic phase shift   1 =    0.000   0.000 deg. for the L =   39, J =   38.5 channel.
      38.5  1.00000000  0.00000000i: elastic S-matrix  @@      0.00  0   0 F  0
 Reaction Xsec    38.5-/39 @ 1 =   0.000#, Out:   0.000#   0.000#   0.000f


 Total SPIN, PARITY =    39.5 +,     10 chs,      0 cc.  Rmin & Coul turning =    6.2   32.1
   S-matrix    1 =    1.00000   0.00000 for L=   40, J=   39.5 channel on core I =   0.0 from L=   40,  Acc. loss =  0.0 D.
 Elastic phase shift   1 =    0.000  -0.000 deg. for the L =   40, J =   39.5 channel.
      39.5  1.00000000  0.00000000i: elastic S-matrix  @@      0.00  0   0 F  0
 Reaction Xsec    39.5+/40 @ 1 =   0.000#, Out:   0.000#   0.000#  -0.000f


 Total SPIN, PARITY =    39.5 -,     10 chs,      0 cc.  Rmin & Coul turning =    6.2   32.1
   S-matrix    1 =    1.00000   0.00000 for L=   39, J=   39.5 channel on core I =   0.0 from L=   39,  Acc. loss =  0.0 D.
 Elastic phase shift   1 =    0.000   0.000 deg. for the L =   39, J =   39.5 channel.
      39.5  1.00000000  0.00000000i: elastic S-matrix  @@      0.00  0   0 F  0
 Reaction Xsec    39.5-/39 @ 1 =   0.000#, Out:   0.000#   0.000#   0.000f


 Total SPIN, PARITY =    40.5 +,     10 chs,      0 cc.  Rmin & Coul turning =    6.4   32.9
   S-matrix    1 =    1.00000   0.00000 for L=   40, J=   40.5 channel on core I =   0.0 from L=   40,  Acc. loss =  0.0 D.
 Elastic phase shift   1 =    0.000  -0.000 deg. for the L =   40, J =   40.5 channel.
      40.5  1.00000000  0.00000000i: elastic S-matrix  @@      0.00  0   0 F  0
 Reaction Xsec    40.5+/40 @ 1 =  -0.000#, Out:   0.000#   0.000#  -0.000f


 Total SPIN, PARITY =    40.5 -,     10 chs,      0 cc.  Rmin & Coul turning =    6.4   32.9
   S-matrix    1 =    1.00000   0.00000 for L=   41, J=   40.5 channel on core I =   0.0 from L=   41,  Acc. loss =  0.0 D.
 Elastic phase shift   1 =    0.000   0.000 deg. for the L =   41, J =   40.5 channel.
      40.5  1.00000000  0.00000000i: elastic S-matrix  @@      0.00  0   0 F  0
 Reaction Xsec    40.5-/41 @ 1 =   0.000#, Out:   0.000#   0.000#   0.000f

 Finished all CC sets @    2.24210005E-02
0CUMULATIVE REACTION cross section                 =  737.89922  <L> =     4.04  <L**2> =     19.7
0CUMULATIVE outgoing cross sections in partition 1 :    0.00000
0CUMULATIVE outgoing cross sections in partition 2 :    8.27899
0Cumulative ABSORBTION by Imaginary Potentials     =  729.62024  <L> =     4.02  <L**2> =     19.5
   Fusion for specific PROTON   M-states :  729.620236  729.620236
0CUMULATIVE OUTGOING cross section                 =    8.27899
 To convert to S-factors (MeV.mb = keV.b),  multiply by  1.2763E+02


 CROSS SECTIONS FOR OUTGOING PROTON   & O20      in state #   1 with spins & parities 0.5  + &  0.0  +;  0

     0.01 deg.: X-S =   1.2880E+15 mb/sr,
+                                         /R =   1.0000E+00
     1.00 deg.: X-S =   1.2521E+07 mb/sr,
+                                         /R =   9.7208E-01
     2.00 deg.: X-S =   7.2709E+05 mb/sr,
+                                         /R =   9.0303E-01
     3.00 deg.: X-S =   1.3001E+05 mb/sr,
+                                         /R =   8.1721E-01
     4.00 deg.: X-S =   3.7156E+04 mb/sr,
+                                         /R =   7.3791E-01
     5.00 deg.: X-S =   1.4212E+04 mb/sr,
+                                         /R =   6.8878E-01
     6.00 deg.: X-S =  6904.547119 mb/sr,
+                                         /R =   6.9347E-01
     7.00 deg.: X-S =  4165.335996 mb/sr,
+                                         /R =   7.7454E-01
     8.00 deg.: X-S =  3003.484260 mb/sr,
+                                         /R =   9.5204E-01
     9.00 deg.: X-S =  2448.436696 mb/sr,
+                                         /R =   1.2421E+00
    10.00 deg.: X-S =  2143.215213 mb/sr,
+                                         /R =   1.6555E+00
    11.00 deg.: X-S =  1944.601924 mb/sr,
+                                         /R =   2.1969E+00
    12.00 deg.: X-S =  1791.806866 mb/sr,
+                                         /R =   2.8637E+00
    13.00 deg.: X-S =  1658.336561 mb/sr,
+                                         /R =   3.6458E+00
    14.00 deg.: X-S =  1532.787789 mb/sr,
+                                         /R =   4.5264E+00
    15.00 deg.: X-S =  1410.649074 mb/sr,
+                                         /R =   5.4815E+00
    16.00 deg.: X-S =  1290.607169 mb/sr,
+                                         /R =   6.4820E+00
    17.00 deg.: X-S =  1172.810178 mb/sr,
+                                         /R =   7.4942E+00
    18.00 deg.: X-S =  1058.023544 mb/sr,
+                                         /R =   8.4823E+00
    19.00 deg.: X-S =   947.210867 mb/sr,
+                                         /R =   9.4097E+00
    20.00 deg.: X-S =   841.324302 mb/sr,
+                                         /R =   1.0241E+01
    21.00 deg.: X-S =   741.201778 mb/sr,
+                                         /R =   1.0944E+01
    22.00 deg.: X-S =   647.520299 mb/sr,
+                                         /R =   1.1491E+01
    23.00 deg.: X-S =   560.779566 mb/sr,
+                                         /R =   1.1861E+01
    24.00 deg.: X-S =   481.302392 mb/sr,
+                                         /R =   1.2040E+01
    25.00 deg.: X-S =   409.244603 mb/sr,
+                                         /R =   1.2023E+01
    26.00 deg.: X-S =   344.610298 mb/sr,
+                                         /R =   1.1813E+01
    27.00 deg.: X-S =   287.270042 mb/sr,
+                                         /R =   1.1421E+01
    28.00 deg.: X-S =   236.980449 mb/sr,
+                                         /R =   1.0867E+01
    29.00 deg.: X-S =   193.404153 mb/sr,
+                                         /R =   1.0175E+01
    30.00 deg.: X-S =   156.129443 mb/sr,
+                                         /R =   9.3791E+00
    31.00 deg.: X-S =   124.689044 mb/sr,
+                                         /R =   8.5136E+00
    32.00 deg.: X-S =    98.577663 mb/sr,
+                                         /R =   7.6177E+00
    33.00 deg.: X-S =    77.268007 mb/sr,
+                                         /R =   6.7307E+00
    34.00 deg.: X-S =    60.225090 mb/sr,
+                                         /R =   5.8913E+00
    35.00 deg.: X-S =    46.918700 mb/sr,
+                                         /R =   5.1358E+00
    36.00 deg.: X-S =    36.833972 mb/sr,
+                                         /R =   4.4964E+00
    37.00 deg.: X-S =    29.480065 mb/sr,
+                                         /R =   4.0006E+00
    38.00 deg.: X-S =    24.397008 mb/sr,
+                                         /R =   3.6694E+00
    39.00 deg.: X-S =    21.160789 mb/sr,
+                                         /R =   3.5173E+00
    40.00 deg.: X-S =    19.386841 mb/sr,
+                                         /R =   3.5514E+00
    41.00 deg.: X-S =    18.732051 mb/sr,
+                                         /R =   3.7721E+00
    42.00 deg.: X-S =    18.895488 mb/sr,
+                                         /R =   4.1722E+00
    43.00 deg.: X-S =    19.618000 mb/sr,
+                                         /R =   4.7386E+00
    44.00 deg.: X-S =    20.680895 mb/sr,
+                                         /R =   5.4521E+00
    45.00 deg.: X-S =    21.903850 mb/sr,
+                                         /R =   6.2888E+00
    46.00 deg.: X-S =    23.142248 mb/sr,
+                                         /R =   7.2212E+00
    47.00 deg.: X-S =    24.284091 mb/sr,
+                                         /R =   8.2189E+00
    48.00 deg.: X-S =    25.246632 mb/sr,
+                                         /R =   9.2501E+00
    49.00 deg.: X-S =    25.972871 mb/sr,
+                                         /R =   1.0283E+01
    50.00 deg.: X-S =    26.428017 mb/sr,
+                                         /R =   1.1286E+01
    51.00 deg.: X-S =    26.596011 mb/sr,
+                                         /R =   1.2231E+01
    52.00 deg.: X-S =    26.476210 mb/sr,
+                                         /R =   1.3089E+01
    53.00 deg.: X-S =    26.080254 mb/sr,
+                                         /R =   1.3839E+01
    54.00 deg.: X-S =    25.429205 mb/sr,
+                                         /R =   1.4461E+01
    55.00 deg.: X-S =    24.550952 mb/sr,
+                                         /R =   1.4941E+01
    56.00 deg.: X-S =    23.477930 mb/sr,
+                                         /R =   1.5268E+01
    57.00 deg.: X-S =    22.245135 mb/sr,
+                                         /R =   1.5438E+01
    58.00 deg.: X-S =    20.888448 mb/sr,
+                                         /R =   1.5448E+01
    59.00 deg.: X-S =    19.443260 mb/sr,
+                                         /R =   1.5304E+01
    60.00 deg.: X-S =    17.943367 mb/sr,
+                                         /R =   1.5013E+01
    61.00 deg.: X-S =    16.420126 mb/sr,
+                                         /R =   1.4586E+01
    62.00 deg.: X-S =    14.901849 mb/sr,
+                                         /R =   1.4037E+01
    63.00 deg.: X-S =    13.413398 mb/sr,
+                                         /R =   1.3384E+01
    64.00 deg.: X-S =    11.975963 mb/sr,
+                                         /R =   1.2643E+01
    65.00 deg.: X-S =    10.606991 mb/sr,
+                                         /R =   1.1834E+01
    66.00 deg.: X-S =     9.320245 mb/sr,
+                                         /R =   1.0979E+01
    67.00 deg.: X-S =     8.125957 mb/sr,
+                                         /R =   1.0095E+01
    68.00 deg.: X-S =     7.031068 mb/sr,
+                                         /R =   9.2036E+00
    69.00 deg.: X-S =     6.039518 mb/sr,
+                                         /R =   8.3216E+00
    70.00 deg.: X-S =     5.152575 mb/sr,
+                                         /R =   7.4659E+00
    71.00 deg.: X-S =     4.369191 mb/sr,
+                                         /R =   6.6513E+00
    72.00 deg.: X-S =     3.686357 mb/sr,
+                                         /R =   5.8906E+00
    73.00 deg.: X-S =     3.099462 mb/sr,
+                                         /R =   5.1943E+00
    74.00 deg.: X-S =     2.602635 mb/sr,
+                                         /R =   4.5704E+00
    75.00 deg.: X-S =     2.189064 mb/sr,
+                                         /R =   4.0247E+00
    76.00 deg.: X-S =     1.851296 mb/sr,
+                                         /R =   3.5607E+00
    77.00 deg.: X-S =     1.581497 mb/sr,
+                                         /R =   3.1795E+00
    78.00 deg.: X-S =     1.371688 mb/sr,
+                                         /R =   2.8803E+00
    79.00 deg.: X-S =     1.213948 mb/sr,
+                                         /R =   2.6603E+00
    80.00 deg.: X-S =     1.100575 mb/sr,
+                                         /R =   2.5152E+00
    81.00 deg.: X-S =     1.024232 mb/sr,
+                                         /R =   2.4393E+00
    82.00 deg.: X-S =     0.978042 mb/sr,
+                                         /R =   2.4256E+00
    83.00 deg.: X-S =     0.955676 mb/sr,
+                                         /R =   2.4664E+00
    84.00 deg.: X-S =     0.951402 mb/sr,
+                                         /R =   2.5533E+00
    85.00 deg.: X-S =     0.960113 mb/sr,
+                                         /R =   2.6776E+00
    86.00 deg.: X-S =     0.977347 mb/sr,
+                                         /R =   2.8306E+00
    87.00 deg.: X-S =     0.999273 mb/sr,
+                                         /R =   3.0035E+00
    88.00 deg.: X-S =     1.022677 mb/sr,
+                                         /R =   3.1880E+00
    89.00 deg.: X-S =     1.044928 mb/sr,
+                                         /R =   3.3762E+00
    90.00 deg.: X-S =     1.063946 mb/sr,
+                                         /R =   3.5608E+00
    91.00 deg.: X-S =     1.078151 mb/sr,
+                                         /R =   3.7354E+00
    92.00 deg.: X-S =     1.086417 mb/sr,
+                                         /R =   3.8943E+00
    93.00 deg.: X-S =     1.088020 mb/sr,
+                                         /R =   4.0325E+00
    94.00 deg.: X-S =     1.082589 mb/sr,
+                                         /R =   4.1463E+00
    95.00 deg.: X-S =     1.070051 mb/sr,
+                                         /R =   4.2327E+00
    96.00 deg.: X-S =     1.050582 mb/sr,
+                                         /R =   4.2896E+00
    97.00 deg.: X-S =     1.024563 mb/sr,
+                                         /R =   4.3157E+00
    98.00 deg.: X-S =     0.992534 mb/sr,
+                                         /R =   4.3108E+00
    99.00 deg.: X-S =     0.955153 mb/sr,
+                                         /R =   4.2751E+00
   100.00 deg.: X-S =     0.913162 mb/sr,
+                                         /R =   4.2097E+00
   101.00 deg.: X-S =     0.867350 mb/sr,
+                                         /R =   4.1163E+00
   102.00 deg.: X-S =     0.818533 mb/sr,
+                                         /R =   3.9970E+00
   103.00 deg.: X-S =     0.767521 mb/sr,
+                                         /R =   3.8544E+00
   104.00 deg.: X-S =     0.715106 mb/sr,
+                                         /R =   3.6914E+00
   105.00 deg.: X-S =     0.662038 mb/sr,
+                                         /R =   3.5111E+00
   106.00 deg.: X-S =     0.609018 mb/sr,
+                                         /R =   3.3168E+00
   107.00 deg.: X-S =     0.556687 mb/sr,
+                                         /R =   3.1118E+00
   108.00 deg.: X-S =     0.505616 mb/sr,
+                                         /R =   2.8996E+00
   109.00 deg.: X-S =     0.456306 mb/sr,
+                                         /R =   2.6834E+00
   110.00 deg.: X-S =     0.409184 mb/sr,
+                                         /R =   2.4664E+00
   111.00 deg.: X-S =     0.364601 mb/sr,
+                                         /R =   2.2516E+00
   112.00 deg.: X-S =     0.322836 mb/sr,
+                                         /R =   2.0416E+00
   113.00 deg.: X-S =     0.284099 mb/sr,
+                                         /R =   1.8390E+00
   114.00 deg.: X-S =     0.248531 mb/sr,
+                                         /R =   1.6460E+00
   115.00 deg.: X-S =     0.216213 mb/sr,
+                                         /R =   1.4645E+00
   116.00 deg.: X-S =     0.187170 mb/sr,
+                                         /R =   1.2960E+00
   117.00 deg.: X-S =     0.161374 mb/sr,
+                                         /R =   1.1418E+00
   118.00 deg.: X-S =     0.138753 mb/sr,
+                                         /R =   1.0028E+00
   119.00 deg.: X-S =     0.119195 mb/sr,
+                                         /R =   8.7949E-01
   120.00 deg.: X-S =     0.102557 mb/sr,
+                                         /R =   7.7229E-01
   121.00 deg.: X-S =     0.088666 mb/sr,
+                                         /R =   6.8114E-01
   122.00 deg.: X-S =     0.077329 mb/sr,
+                                         /R =   6.0577E-01
   123.00 deg.: X-S =     0.068335 mb/sr,
+                                         /R =   5.4566E-01
   124.00 deg.: X-S =     0.061463 mb/sr,
+                                         /R =   5.0008E-01
   125.00 deg.: X-S =     0.056485 mb/sr,
+                                         /R =   4.6810E-01
   126.00 deg.: X-S =     0.053170 mb/sr,
+                                         /R =   4.4863E-01
   127.00 deg.: X-S =     0.051291 mb/sr,
+                                         /R =   4.4045E-01
   128.00 deg.: X-S =     0.050621 mb/sr,
+                                         /R =   4.4225E-01
   129.00 deg.: X-S =     0.050947 mb/sr,
+                                         /R =   4.5265E-01
   130.00 deg.: X-S =     0.052062 mb/sr,
+                                         /R =   4.7024E-01
   131.00 deg.: X-S =     0.053775 mb/sr,
+                                         /R =   4.9358E-01
   132.00 deg.: X-S =     0.055907 mb/sr,
+                                         /R =   5.2129E-01
   133.00 deg.: X-S =     0.058299 mb/sr,
+                                         /R =   5.5200E-01
   134.00 deg.: X-S =     0.060805 mb/sr,
+                                         /R =   5.8443E-01
   135.00 deg.: X-S =     0.063301 mb/sr,
+                                         /R =   6.1739E-01
   136.00 deg.: X-S =     0.065678 mb/sr,
+                                         /R =   6.4979E-01
   137.00 deg.: X-S =     0.067849 mb/sr,
+                                         /R =   6.8068E-01
   138.00 deg.: X-S =     0.069742 mb/sr,
+                                         /R =   7.0924E-01
   139.00 deg.: X-S =     0.071305 mb/sr,
+                                         /R =   7.3479E-01
   140.00 deg.: X-S =     0.072503 mb/sr,
+                                         /R =   7.5681E-01
   141.00 deg.: X-S =     0.073316 mb/sr,
+                                         /R =   7.7495E-01
   142.00 deg.: X-S =     0.073740 mb/sr,
+                                         /R =   7.8899E-01
   143.00 deg.: X-S =     0.073784 mb/sr,
+                                         /R =   7.9888E-01
   144.00 deg.: X-S =     0.073471 mb/sr,
+                                         /R =   8.0469E-01
   145.00 deg.: X-S =     0.072832 mb/sr,
+                                         /R =   8.0666E-01
   146.00 deg.: X-S =     0.071909 mb/sr,
+                                         /R =   8.0511E-01
   147.00 deg.: X-S =     0.070750 mb/sr,
+                                         /R =   8.0051E-01
   148.00 deg.: X-S =     0.069411 mb/sr,
+                                         /R =   7.9338E-01
   149.00 deg.: X-S =     0.067948 mb/sr,
+                                         /R =   7.8435E-01
   150.00 deg.: X-S =     0.066421 mb/sr,
+                                         /R =   7.7406E-01
   151.00 deg.: X-S =     0.064892 mb/sr,
+                                         /R =   7.6322E-01
   152.00 deg.: X-S =     0.063420 mb/sr,
+                                         /R =   7.5254E-01
   153.00 deg.: X-S =     0.062060 mb/sr,
+                                         /R =   7.4272E-01
   154.00 deg.: X-S =     0.060864 mb/sr,
+                                         /R =   7.3443E-01
   155.00 deg.: X-S =     0.059881 mb/sr,
+                                         /R =   7.2830E-01
   156.00 deg.: X-S =     0.059151 mb/sr,
+                                         /R =   7.2489E-01
   157.00 deg.: X-S =     0.058707 mb/sr,
+                                         /R =   7.2469E-01
   158.00 deg.: X-S =     0.058574 mb/sr,
+                                         /R =   7.2809E-01
   159.00 deg.: X-S =     0.058770 mb/sr,
+                                         /R =   7.3538E-01
   160.00 deg.: X-S =     0.059303 mb/sr,
+                                         /R =   7.4675E-01
   161.00 deg.: X-S =     0.060172 mb/sr,
+                                         /R =   7.6225E-01
   162.00 deg.: X-S =     0.061369 mb/sr,
+                                         /R =   7.8184E-01
   163.00 deg.: X-S =     0.062875 mb/sr,
+                                         /R =   8.0534E-01
   164.00 deg.: X-S =     0.064665 mb/sr,
+                                         /R =   8.3247E-01
   165.00 deg.: X-S =     0.066706 mb/sr,
+                                         /R =   8.6284E-01
   166.00 deg.: X-S =     0.068960 mb/sr,
+                                         /R =   8.9597E-01
   167.00 deg.: X-S =     0.071382 mb/sr,
+                                         /R =   9.3127E-01
   168.00 deg.: X-S =     0.073922 mb/sr,
+                                         /R =   9.6810E-01
   169.00 deg.: X-S =     0.076529 mb/sr,
+                                         /R =   1.0058E+00
   170.00 deg.: X-S =     0.079149 mb/sr,
+                                         /R =   1.0436E+00
   171.00 deg.: X-S =     0.081727 mb/sr,
+                                         /R =   1.0807E+00
   172.00 deg.: X-S =     0.084208 mb/sr,
+                                         /R =   1.1164E+00
   173.00 deg.: X-S =     0.086539 mb/sr,
+                                         /R =   1.1499E+00
   174.00 deg.: X-S =     0.088672 mb/sr,
+                                         /R =   1.1806E+00
   175.00 deg.: X-S =     0.090561 mb/sr,
+                                         /R =   1.2078E+00
   176.00 deg.: X-S =     0.092165 mb/sr,
+                                         /R =   1.2308E+00
   177.00 deg.: X-S =     0.093449 mb/sr,
+                                         /R =   1.2493E+00
   178.00 deg.: X-S =     0.094387 mb/sr,
+                                         /R =   1.2628E+00
   179.00 deg.: X-S =     0.094958 mb/sr,
+                                         /R =   1.2710E+00
   179.99 deg.: X-S =     0.095150 mb/sr,
+                                         /R =   1.2738E+00
                                           Integrated********** mb, over [   0.000, 180.000] at    35.0000 MeV 

 CROSS SECTIONS FOR OUTGOING DEUTERON & O19      in state #   1 with spins & parities 1.0  + &  2.5  +;  0

     0.00 deg.: X-S =     7.348464 mb/sr,
+                                         REAC   8.2790E+00 mb
     1.00 deg.: X-S =     7.340802 mb/sr,
     2.00 deg.: X-S =     7.318404 mb/sr,
     3.00 deg.: X-S =     7.282912 mb/sr,
     4.00 deg.: X-S =     7.236672 mb/sr,
     5.00 deg.: X-S =     7.182233 mb/sr,
     6.00 deg.: X-S =     7.121764 mb/sr,
     7.00 deg.: X-S =     7.056515 mb/sr,
     8.00 deg.: X-S =     6.986400 mb/sr,
     9.00 deg.: X-S =     6.909775 mb/sr,
    10.00 deg.: X-S =     6.823465 mb/sr,
    11.00 deg.: X-S =     6.723010 mb/sr,
    12.00 deg.: X-S =     6.603124 mb/sr,
    13.00 deg.: X-S =     6.458283 mb/sr,
    14.00 deg.: X-S =     6.283376 mb/sr,
    15.00 deg.: X-S =     6.074327 mb/sr,
    16.00 deg.: X-S =     5.828635 mb/sr,
    17.00 deg.: X-S =     5.545749 mb/sr,
    18.00 deg.: X-S =     5.227278 mb/sr,
    19.00 deg.: X-S =     4.876990 mb/sr,
    20.00 deg.: X-S =     4.500640 mb/sr,
    21.00 deg.: X-S =     4.105638 mb/sr,
    22.00 deg.: X-S =     3.700599 mb/sr,
    23.00 deg.: X-S =     3.294826 mb/sr,
    24.00 deg.: X-S =     2.897765 mb/sr,
    25.00 deg.: X-S =     2.518481 mb/sr,
    26.00 deg.: X-S =     2.165184 mb/sr,
    27.00 deg.: X-S =     1.844848 mb/sr,
    28.00 deg.: X-S =     1.562919 mb/sr,
    29.00 deg.: X-S =     1.323139 mb/sr,
    30.00 deg.: X-S =     1.127480 mb/sr,
    31.00 deg.: X-S =     0.976176 mb/sr,
    32.00 deg.: X-S =     0.867846 mb/sr,
    33.00 deg.: X-S =     0.799689 mb/sr,
    34.00 deg.: X-S =     0.767728 mb/sr,
    35.00 deg.: X-S =     0.767093 mb/sr,
    36.00 deg.: X-S =     0.792313 mb/sr,
    37.00 deg.: X-S =     0.837604 mb/sr,
    38.00 deg.: X-S =     0.897149 mb/sr,
    39.00 deg.: X-S =     0.965335 mb/sr,
    40.00 deg.: X-S =     1.036962 mb/sr,
    41.00 deg.: X-S =     1.107407 mb/sr,
    42.00 deg.: X-S =     1.172737 mb/sr,
    43.00 deg.: X-S =     1.229789 mb/sr,
    44.00 deg.: X-S =     1.276194 mb/sr,
    45.00 deg.: X-S =     1.310369 mb/sr,
    46.00 deg.: X-S =     1.331480 mb/sr,
    47.00 deg.: X-S =     1.339371 mb/sr,
    48.00 deg.: X-S =     1.334478 mb/sr,
    49.00 deg.: X-S =     1.317730 mb/sr,
    50.00 deg.: X-S =     1.290437 mb/sr,
    51.00 deg.: X-S =     1.254187 mb/sr,
    52.00 deg.: X-S =     1.210735 mb/sr,
    53.00 deg.: X-S =     1.161909 mb/sr,
    54.00 deg.: X-S =     1.109525 mb/sr,
    55.00 deg.: X-S =     1.055306 mb/sr,
    56.00 deg.: X-S =     1.000828 mb/sr,
    57.00 deg.: X-S =     0.947477 mb/sr,
    58.00 deg.: X-S =     0.896410 mb/sr,
    59.00 deg.: X-S =     0.848547 mb/sr,
    60.00 deg.: X-S =     0.804561 mb/sr,
    61.00 deg.: X-S =     0.764885 mb/sr,
    62.00 deg.: X-S =     0.729730 mb/sr,
    63.00 deg.: X-S =     0.699104 mb/sr,
    64.00 deg.: X-S =     0.672840 mb/sr,
    65.00 deg.: X-S =     0.650627 mb/sr,
    66.00 deg.: X-S =     0.632041 mb/sr,
    67.00 deg.: X-S =     0.616579 mb/sr,
    68.00 deg.: X-S =     0.603689 mb/sr,
    69.00 deg.: X-S =     0.592797 mb/sr,
    70.00 deg.: X-S =     0.583335 mb/sr,
    71.00 deg.: X-S =     0.574761 mb/sr,
    72.00 deg.: X-S =     0.566578 mb/sr,
    73.00 deg.: X-S =     0.558344 mb/sr,
    74.00 deg.: X-S =     0.549689 mb/sr,
    75.00 deg.: X-S =     0.540314 mb/sr,
    76.00 deg.: X-S =     0.529996 mb/sr,
    77.00 deg.: X-S =     0.518587 mb/sr,
    78.00 deg.: X-S =     0.506010 mb/sr,
    79.00 deg.: X-S =     0.492255 mb/sr,
    80.00 deg.: X-S =     0.477369 mb/sr,
    81.00 deg.: X-S =     0.461447 mb/sr,
    82.00 deg.: X-S =     0.444628 mb/sr,
    83.00 deg.: X-S =     0.427079 mb/sr,
    84.00 deg.: X-S =     0.408989 mb/sr,
    85.00 deg.: X-S =     0.390558 mb/sr,
    86.00 deg.: X-S =     0.371992 mb/sr,
    87.00 deg.: X-S =     0.353492 mb/sr,
    88.00 deg.: X-S =     0.335248 mb/sr,
    89.00 deg.: X-S =     0.317435 mb/sr,
    90.00 deg.: X-S =     0.300208 mb/sr,
    91.00 deg.: X-S =     0.283699 mb/sr,
    92.00 deg.: X-S =     0.268015 mb/sr,
    93.00 deg.: X-S =     0.253238 mb/sr,
    94.00 deg.: X-S =     0.239423 mb/sr,
    95.00 deg.: X-S =     0.226601 mb/sr,
    96.00 deg.: X-S =     0.214780 mb/sr,
    97.00 deg.: X-S =     0.203946 mb/sr,
    98.00 deg.: X-S =     0.194066 mb/sr,
    99.00 deg.: X-S =     0.185094 mb/sr,
   100.00 deg.: X-S =     0.176970 mb/sr,
   101.00 deg.: X-S =     0.169623 mb/sr,
   102.00 deg.: X-S =     0.162980 mb/sr,
   103.00 deg.: X-S =     0.156959 mb/sr,
   104.00 deg.: X-S =     0.151481 mb/sr,
   105.00 deg.: X-S =     0.146468 mb/sr,
   106.00 deg.: X-S =     0.141844 mb/sr,
   107.00 deg.: X-S =     0.137539 mb/sr,
   108.00 deg.: X-S =     0.133490 mb/sr,
   109.00 deg.: X-S =     0.129641 mb/sr,
   110.00 deg.: X-S =     0.125942 mb/sr,
   111.00 deg.: X-S =     0.122353 mb/sr,
   112.00 deg.: X-S =     0.118840 mb/sr,
   113.00 deg.: X-S =     0.115378 mb/sr,
   114.00 deg.: X-S =     0.111949 mb/sr,
   115.00 deg.: X-S =     0.108538 mb/sr,
   116.00 deg.: X-S =     0.105139 mb/sr,
   117.00 deg.: X-S =     0.101748 mb/sr,
   118.00 deg.: X-S =     0.098366 mb/sr,
   119.00 deg.: X-S =     0.094995 mb/sr,
   120.00 deg.: X-S =     0.091642 mb/sr,
   121.00 deg.: X-S =     0.088311 mb/sr,
   122.00 deg.: X-S =     0.085011 mb/sr,
   123.00 deg.: X-S =     0.081748 mb/sr,
   124.00 deg.: X-S =     0.078530 mb/sr,
   125.00 deg.: X-S =     0.075365 mb/sr,
   126.00 deg.: X-S =     0.072258 mb/sr,
   127.00 deg.: X-S =     0.069217 mb/sr,
   128.00 deg.: X-S =     0.066248 mb/sr,
   129.00 deg.: X-S =     0.063357 mb/sr,
   130.00 deg.: X-S =     0.060550 mb/sr,
   131.00 deg.: X-S =     0.057834 mb/sr,
   132.00 deg.: X-S =     0.055215 mb/sr,
   133.00 deg.: X-S =     0.052701 mb/sr,
   134.00 deg.: X-S =     0.050297 mb/sr,
   135.00 deg.: X-S =     0.048013 mb/sr,
   136.00 deg.: X-S =     0.045854 mb/sr,
   137.00 deg.: X-S =     0.043831 mb/sr,
   138.00 deg.: X-S =     0.041949 mb/sr,
   139.00 deg.: X-S =     0.040217 mb/sr,
   140.00 deg.: X-S =     0.038641 mb/sr,
   141.00 deg.: X-S =     0.037228 mb/sr,
   142.00 deg.: X-S =     0.035983 mb/sr,
   143.00 deg.: X-S =     0.034910 mb/sr,
   144.00 deg.: X-S =     0.034011 mb/sr,
   145.00 deg.: X-S =     0.033288 mb/sr,
   146.00 deg.: X-S =     0.032739 mb/sr,
   147.00 deg.: X-S =     0.032361 mb/sr,
   148.00 deg.: X-S =     0.032152 mb/sr,
   149.00 deg.: X-S =     0.032104 mb/sr,
   150.00 deg.: X-S =     0.032210 mb/sr,
   151.00 deg.: X-S =     0.032461 mb/sr,
   152.00 deg.: X-S =     0.032847 mb/sr,
   153.00 deg.: X-S =     0.033357 mb/sr,
   154.00 deg.: X-S =     0.033980 mb/sr,
   155.00 deg.: X-S =     0.034703 mb/sr,
   156.00 deg.: X-S =     0.035513 mb/sr,
   157.00 deg.: X-S =     0.036398 mb/sr,
   158.00 deg.: X-S =     0.037346 mb/sr,
   159.00 deg.: X-S =     0.038345 mb/sr,
   160.00 deg.: X-S =     0.039383 mb/sr,
   161.00 deg.: X-S =     0.040449 mb/sr,
   162.00 deg.: X-S =     0.041532 mb/sr,
   163.00 deg.: X-S =     0.042622 mb/sr,
   164.00 deg.: X-S =     0.043709 mb/sr,
   165.00 deg.: X-S =     0.044785 mb/sr,
   166.00 deg.: X-S =     0.045840 mb/sr,
   167.00 deg.: X-S =     0.046866 mb/sr,
   168.00 deg.: X-S =     0.047855 mb/sr,
   169.00 deg.: X-S =     0.048799 mb/sr,
   170.00 deg.: X-S =     0.049691 mb/sr,
   171.00 deg.: X-S =     0.050523 mb/sr,
   172.00 deg.: X-S =     0.051289 mb/sr,
   173.00 deg.: X-S =     0.051982 mb/sr,
   174.00 deg.: X-S =     0.052596 mb/sr,
   175.00 deg.: X-S =     0.053126 mb/sr,
   176.00 deg.: X-S =     0.053566 mb/sr,
   177.00 deg.: X-S =     0.053913 mb/sr,
   178.00 deg.: X-S =     0.054164 mb/sr,
   179.00 deg.: X-S =     0.054315 mb/sr,
   180.00 deg.: X-S =     0.054366 mb/sr,
                                           Integrated    8.2778 mb, over [   0.000, 180.000] at    35.0000 MeV 
 Finished all xsecs @    2.59659998E-02

  The following files have been created:
   3:local copy of User input.            6:standard output.                   
   7:elastic  S-matrix elements.         13:total cross sections/state.        
  16:tables of cross sections.           22:user files.                        
  35:Astrophysics S-factors  / Ecm.      38:cross sections for each J/pi.      
  39:cross sections for each Ecm.        40:all cross sectns. for each Elab.   
  45:scat phase shift as E functions.    46:bs wave functions & ANC ratios.    
  56:Fusion for each Jtotal.             75:S-factors for lab energies.        
 201:Separate cross sections.           202:Separate cross sections.           

 PARAMETERS : MAXQRN   MFNL   MLOC  LMAX1 MCLIST
    ALLOWED :      5    100     22     60      7
    REQUIRED:      1      0     18     45      5


 ACCURACY ANALYSIS at    35.000 MeV :

  Elastic h*k = 0.124 so OK       compared with 0.200

   Real(S-el) > 0.01 first at J =       0.5
   Real(S-el) > 0.10 first at J =       0.5
   Real(S-el) > 0.50 first at J =       4.5
   Real(S-el) > 0.90 first at J =       6.5
   Real(S-el) > 0.99 first at J =       8.5
   R-turn =    32.92 fm    at J =      40.5

 Forward-angle excitation cut off below   0.597 deg by max JT =      40.5
                              and below   0.660 deg by max R.

 Total CPU  0 time =       0.03 seconds
