 FRESCO - FRES 3.4: Coupled Reaction Channels
 Assuming NAMELIST input.

 p+O20 with CH89;                                                                

   0.030  60.000   0.500   0.000   0.000   0.000   0.000   0.000   0.000   0.000

 Centre-of-mass Range is   2002 * 0.0300 fm., Maximum at  60.00 fm., Interpolating NL forms every  0.51 fm.
 Non - locality width is      4 * 0.0300 fm., Maximum of   0.09 fm., Centred at  0.00 fm.
 2-Nucleon Separation of      0 * 0.5100 fm., Maximum of   0.00 fm., Minimum at  0.00 fm.
 Maximum single particle bins of 59.6700 fm.
               M,Mint =         2001        1990


 Range of total J is     0.0 <= J <=    50.0 (at least     0.0) and Absorbtion =>     0.0010 mb.
 Dry Run = F, CC set limits =  0  0, Relativistic kinematics =  , Both/Far/Near Analyses =  1                     

 Cross Sections (and up to T0 for 0=projectile) for Theta from   3.0 to-180.0 in steps of  1.0 degrees, DGAM=0,  Coordinates = 0 (Mads)

 Lower Radial Cutoff = maximum of -1.60*L*h &       0.0 fm.,  Lower Cutoff for Couplings =   0.0  fm.


 Iterate Couplings between   0 and   0 times, to  0.000 % if sooner.                                          
  Block solved exactly =   0 chs., with Pade = 0 & Isocen =  =0, NOSOL = F, initwf =  0
  NL quadrature with   18 Gaussian points, Calculate multipoles up to    56 from   0
  M-transfers for lp+lt greater than or equal to  6, Angular Integration Cutoff below  2.7778 %


 Trace switches are :  CHANS =  1, LISTCC =  0, TRENEG =  0, CDETR =  0, SMATS =  2, XSTABL =  1, NLPL =  0

                       WAVES =  0, LAMPL =  0, VEFF =  0, KFUS =  0, WDISK =  0, BPM =  0, MELFIL =  0

                       CDCC =  0, NFUS =  0

 Using unit mass = 1.000000 amu and 1/fine-structure constant = 137.03599 ( 1.000000 * true ) with hc = 197.32705 MeV.fm,
  thus 2*amu/hbar^2 = 0.0478450 = 1/20.9008 and Coulomb constant = 0.1574855 so e^2 = 1.43997, and nuclear magneton= 0.1261183

 Now pre-scan input and save to file 3



 *********** PARTITION NUMBER  1 ******************************************************************************************

   PROJ=p          MASS=  1.0073 Z=   1.0,        # STATES=    1T, TARG=O20      MASS= 19.9997 Z=   8.0,     Q-VALUE =  -0.0000 MEV.

     1:  J= 0.5+ (B# 1), E=  0.0000, K= 0.5              Potl#  1       J= 0.0+ (B# 1), E=  0.0000, K= 0.0    


 ************************************************************************************************************************************

 The following POTENTIALS are defined :

  KP#       TYPE      IT    SHAPE      at     V1        r1        a1        V2        r2        a2        A-in     A-used


                                            A#1       A#2        r0c       ac                                                h @ 1
    1    0=Coulomb       0=CHARGE (WS)  1    20.000     0.000    1.2842    0.0000    0.0000    0.0000     0.000    20.000   0.03000

    1    1=Volume        0=Woods-Saxon  2   32.3685    1.1671    0.6900    2.2224    1.1753    0.6900     0.000    20.000

    1    2=Surface       0=Woods-Saxon  3    0.0000    0.0000    0.0000    4.7161    1.1753    0.6900     0.000    20.000

    1    3=Projtl S.O.   0=Woods-Saxon  4    5.9000    0.8979    0.6300    0.0000    0.0000    0.0000     0.000    20.000

 Incoming partition  1 in excitation state # 1,   Laboratory Energy given for partition  1 Nucleus 1 in Excitation pair 1

0Lab. ENERGY ranges :

   from    35.0000     to   0.00000     in     0 intervals
   from    0.00000     to   0.00000     in     0 intervals
   from    0.00000     to   0.00000     in     0 intervals

 Largest real,imaginary parts of any form factor at R=   59.52 are   2.42E-02  5.05E-32 MeV
 Finished all Couplings @    7.12000066E-04           4

 Symmetric Hamiltonian
1***********************************************************************************************************************************
************************************************************************************************************************************

        INCOMING p        ;    LABORATORY p        ENERGY =   35.000     MeV.

 ***********************************************************************************************************************************
 ***********************************************************************************************************************************

 Allocate arrays for            2  channels, of which            1  need wfs.

 ######################################################################################################################
 #                                                                                                                    #
 # Total SPIN and PARITY =     0.5 +,      1 channels,    0 in 1st block.  Rmin & Coul turning =    0.0    0.3 fm.  #
 #                                                                                                                    #
 ######################################################################################################################



    C Projectl Target   #   EX.   (L  Proj) J  + Targ = Jtotal     E-cm      Re K     Re Eta     RM*K            CH
    1 p        O20      #    1: I   0 0.5    0.5  0.0     0.5    33.32176   1.23648   0.21373   74.1887   0.33920  -0.36833 1 1 1   1
   S-matrix    1 =   -0.33796  -0.42545 for L=    0, J=    0.5 channel on core I =   0.0 from L=    0,  Acc. loss =  0.0 D.
 Elastic phase shift   1 =  -64.231  17.475 deg. for the L =    0, J =    0.5 channel.
       0.5 -0.33795824 -0.42545452i: elastic S-matrix  @@      0.00  0   0 F  0
 Reaction Xsec     0.5+/ 0 @ 1 =  14.482 , Out:   0.000#


 Total SPIN, PARITY =     0.5 -,      1 chs,      0 cc.  Rmin & Coul turning =    0.0    0.3
   S-matrix    1 =   -0.51137   0.03770 for L=    1, J=    0.5 channel on core I =   0.0 from L=    1,  Acc. loss =  0.0 D.
 Elastic phase shift   1 =   87.892  19.136 deg. for the L =    1, J =    0.5 channel.
       0.5 -0.51136797  0.03770336i: elastic S-matrix  @@      0.00  0   0 F  0
 Reaction Xsec     0.5-/ 1 @ 1 =  15.146 , Out:   0.000#


 Total SPIN, PARITY =     1.5 +,      1 chs,      0 cc.  Rmin & Coul turning =    0.0    1.3
   S-matrix    1 =   -0.35864   0.34957 for L=    2, J=    1.5 channel on core I =   0.0 from L=    2,  Acc. loss =  0.0 D.
 Elastic phase shift   1 =   67.867  19.810 deg. for the L =    2, J =    1.5 channel.
       1.5 -0.35863987  0.34956726i: elastic S-matrix  @@      0.00  0   0 F  0
 Reaction Xsec     1.5+/ 2 @ 1 =  30.789 , Out:   0.000#


 Total SPIN, PARITY =     1.5 -,      1 chs,      0 cc.  Rmin & Coul turning =    0.0    1.3
   S-matrix    1 =   -0.46151  -0.23905 for L=    1, J=    1.5 channel on core I =   0.0 from L=    1,  Acc. loss =  0.0 D.
 Elastic phase shift   1 =  -76.309  18.748 deg. for the L =    1, J =    1.5 channel.
       1.5 -0.46150795 -0.23904591i: elastic S-matrix  @@      0.00  0   0 F  0
 Reaction Xsec     1.5-/ 1 @ 1 =  29.995 , Out:   0.000#


 Total SPIN, PARITY =     2.5 +,      1 chs,      0 cc.  Rmin & Coul turning =    0.1    2.2
   S-matrix    1 =   -0.53253  -0.07223 for L=    2, J=    2.5 channel on core I =   0.0 from L=    2,  Acc. loss =  0.0 D.
 Elastic phase shift   1 =  -86.138  17.791 deg. for the L =    2, J =    2.5 channel.
       2.5 -0.53252559 -0.07222924i: elastic S-matrix  @@      0.00  0   0 F  0
 Reaction Xsec     2.5+/ 2 @ 1 =  43.842 , Out:   0.000#


 Total SPIN, PARITY =     2.5 -,      1 chs,      0 cc.  Rmin & Coul turning =    0.1    2.2
   S-matrix    1 =   -0.00385   0.42266 for L=    3, J=    2.5 channel on core I =   0.0 from L=    3,  Acc. loss =  0.0 D.
 Elastic phase shift   1 =   45.261  24.670 deg. for the L =    3, J =    2.5 channel.
       2.5 -0.00385397  0.42265751i: elastic S-matrix  @@      0.00  0   0 F  0
 Reaction Xsec     2.5-/ 3 @ 1 =  50.632 , Out:   0.000#


 Total SPIN, PARITY =     3.5 +,      1 chs,      0 cc.  Rmin & Coul turning =    0.1    3.0
   S-matrix    1 =    0.42030   0.35160 for L=    4, J=    3.5 channel on core I =   0.0 from L=    4,  Acc. loss =  0.0 D.
 Elastic phase shift   1 =   19.957  17.233 deg. for the L =    4, J =    3.5 channel.
       3.5  0.42030311  0.35159567i: elastic S-matrix  @@      0.00  0   0 F  0
 Reaction Xsec     3.5+/ 4 @ 1 =  57.513 , Out:   0.000#


 Total SPIN, PARITY =     3.5 -,      1 chs,      0 cc.  Rmin & Coul turning =    0.1    3.0
   S-matrix    1 =   -0.43151   0.15364 for L=    3, J=    3.5 channel on core I =   0.0 from L=    3,  Acc. loss =  0.0 D.
 Elastic phase shift   1 =   80.201  22.368 deg. for the L =    3, J =    3.5 channel.
       3.5 -0.43150788  0.15363904i: elastic S-matrix  @@      0.00  0   0 F  0
 Reaction Xsec     3.5-/ 3 @ 1 =  64.949 , Out:   0.000#


 Total SPIN, PARITY =     4.5 +,      1 chs,      0 cc.  Rmin & Coul turning =    0.2    3.8
   S-matrix    1 =    0.05151   0.41445 for L=    4, J=    4.5 channel on core I =   0.0 from L=    4,  Acc. loss =  0.0 D.
 Elastic phase shift   1 =   41.457  25.013 deg. for the L =    4, J =    4.5 channel.
       4.5  0.05151495  0.41445167i: elastic S-matrix  @@      0.00  0   0 F  0
 Reaction Xsec     4.5+/ 4 @ 1 =  84.821 , Out:   0.000#


 Total SPIN, PARITY =     4.5 -,      1 chs,      0 cc.  Rmin & Coul turning =    0.2    3.8
   S-matrix    1 =    0.74551   0.21149 for L=    5, J=    4.5 channel on core I =   0.0 from L=    5,  Acc. loss =  0.0 D.
 Elastic phase shift   1 =    7.919   7.305 deg. for the L =    5, J =    4.5 channel.
       4.5  0.74551314  0.21149417i: elastic S-matrix  @@      0.00  0   0 F  0
 Reaction Xsec     4.5-/ 5 @ 1 =  41.043 , Out:   0.000#


 Total SPIN, PARITY =     5.5 +,      1 chs,      0 cc.  Rmin & Coul turning =    0.2    4.6
   S-matrix    1 =    0.90531   0.09676 for L=    6, J=    5.5 channel on core I =   0.0 from L=    6,  Acc. loss =  0.0 D.
 Elastic phase shift   1 =    3.050   2.687 deg. for the L =    6, J =    5.5 channel.
       5.5  0.90531448  0.09676098i: elastic S-matrix  @@      0.00  0   0 F  0
 Reaction Xsec     5.5+/ 6 @ 1 =  21.088 , Out:   0.000#


 Total SPIN, PARITY =     5.5 -,      1 chs,      0 cc.  Rmin & Coul turning =    0.2    4.6
   S-matrix    1 =    0.63384   0.33634 for L=    5, J=    5.5 channel on core I =   0.0 from L=    5,  Acc. loss =  0.0 D.
 Elastic phase shift   1 =   13.976   9.509 deg. for the L =    5, J =    5.5 channel.
       5.5  0.63383624  0.33634465i: elastic S-matrix  @@      0.00  0   0 F  0
 Reaction Xsec     5.5-/ 5 @ 1 =  59.811 , Out:   0.000#


 Total SPIN, PARITY =     6.5 +,      1 chs,      0 cc.  Rmin & Coul turning =    0.3    5.4
   S-matrix    1 =    0.88718   0.14972 for L=    6, J=    6.5 channel on core I =   0.0 from L=    6,  Acc. loss =  0.0 D.
 Elastic phase shift   1 =    4.789   3.027 deg. for the L =    6, J =    6.5 channel.
       6.5  0.88718160  0.14971563i: elastic S-matrix  @@      0.00  0   0 F  0
 Reaction Xsec     6.5+/ 6 @ 1 =  27.400 , Out:   0.000#


 Total SPIN, PARITY =     6.5 -,      1 chs,      0 cc.  Rmin & Coul turning =    0.3    5.4
   S-matrix    1 =    0.96669   0.03810 for L=    7, J=    6.5 channel on core I =   0.0 from L=    7,  Acc. loss =  0.0 D.
 Elastic phase shift   1 =    1.129   0.948 deg. for the L =    7, J =    6.5 channel.
       6.5  0.96669424  0.03810153i: elastic S-matrix  @@      0.00  0   0 F  0
 Reaction Xsec     6.5-/ 7 @ 1 =   9.213 , Out:   0.000#


 Total SPIN, PARITY =     7.5 +,      1 chs,      0 cc.  Rmin & Coul turning =    0.3    6.2
   S-matrix    1 =    0.98846   0.01401 for L=    8, J=    7.5 channel on core I =   0.0 from L=    8,  Acc. loss =  0.0 D.
 Elastic phase shift   1 =    0.406   0.330 deg. for the L =    8, J =    7.5 channel.
       7.5  0.98845756  0.01400742i: elastic S-matrix  @@      0.00  0   0 F  0
 Reaction Xsec     7.5+/ 8 @ 1 =   3.741 , Out:   0.000#


 Total SPIN, PARITY =     7.5 -,      1 chs,      0 cc.  Rmin & Coul turning =    0.3    6.2
   S-matrix    1 =    0.96425   0.05533 for L=    7, J=    7.5 channel on core I =   0.0 from L=    7,  Acc. loss =  0.0 D.
 Elastic phase shift   1 =    1.642   0.996 deg. for the L =    7, J =    7.5 channel.
       7.5  0.96424869  0.05533499i: elastic S-matrix  @@      0.00  0   0 F  0
 Reaction Xsec     7.5-/ 7 @ 1 =  11.041 , Out:   0.000#


 Total SPIN, PARITY =     8.5 +,      1 chs,      0 cc.  Rmin & Coul turning =    0.4    7.0
   S-matrix    1 =    0.98814   0.01939 for L=    8, J=    8.5 channel on core I =   0.0 from L=    8,  Acc. loss =  0.0 D.
 Elastic phase shift   1 =    0.562   0.336 deg. for the L =    8, J =    8.5 channel.
       8.5  0.98814154  0.01938656i: elastic S-matrix  @@      0.00  0   0 F  0
 Reaction Xsec     8.5+/ 8 @ 1 =   4.291 , Out:   0.000#


 Total SPIN, PARITY =     8.5 -,      1 chs,      0 cc.  Rmin & Coul turning =    0.4    7.0
   S-matrix    1 =    0.99602   0.00499 for L=    9, J=    8.5 channel on core I =   0.0 from L=    9,  Acc. loss =  0.0 D.
 Elastic phase shift   1 =    0.144   0.114 deg. for the L =    9, J =    8.5 channel.
       8.5  0.99602260  0.00499013i: elastic S-matrix  @@      0.00  0   0 F  0
 Reaction Xsec     8.5-/ 9 @ 1 =   1.464 , Out:   0.000#


 Total SPIN, PARITY =     9.5 +,      1 chs,      0 cc.  Rmin & Coul turning =    0.4    7.8
   S-matrix    1 =    0.99863   0.00175 for L=   10, J=    9.5 channel on core I =   0.0 from L=   10,  Acc. loss =  0.0 D.
 Elastic phase shift   1 =    0.050   0.039 deg. for the L =   10, J =    9.5 channel.
       9.5  0.99863494  0.00175005i: elastic S-matrix  @@      0.00  0   0 F  0
 Reaction Xsec     9.5+/10 @ 1 =   0.560 , Out:   0.000#


 Total SPIN, PARITY =     9.5 -,      1 chs,      0 cc.  Rmin & Coul turning =    0.4    7.8
   S-matrix    1 =    0.99598   0.00667 for L=    9, J=    9.5 channel on core I =   0.0 from L=    9,  Acc. loss =  0.0 D.
 Elastic phase shift   1 =    0.192   0.115 deg. for the L =    9, J =    9.5 channel.
       9.5  0.99598224  0.00666560i: elastic S-matrix  @@      0.00  0   0 F  0
 Reaction Xsec     9.5-/ 9 @ 1 =   1.639 , Out:   0.000#


 Total SPIN, PARITY =    10.5 +,      1 chs,      0 cc.  Rmin & Coul turning =    0.5    8.7
   S-matrix    1 =    0.99863   0.00227 for L=   10, J=   10.5 channel on core I =   0.0 from L=   10,  Acc. loss =  0.0 D.
 Elastic phase shift   1 =    0.065   0.039 deg. for the L =   10, J =   10.5 channel.
      10.5  0.99862982  0.00227252i: elastic S-matrix  @@      0.00  0   0 F  0
 Reaction Xsec    10.5+/10 @ 1 =   0.618 , Out:   0.000#


 Total SPIN, PARITY =    10.5 -,      1 chs,      0 cc.  Rmin & Coul turning =    0.5    8.7
   S-matrix    1 =    0.99953   0.00061 for L=   11, J=   10.5 channel on core I =   0.0 from L=   11,  Acc. loss =  0.0 D.
 Elastic phase shift   1 =    0.017   0.013 deg. for the L =   11, J =   10.5 channel.
      10.5  0.99953313  0.00060828i: elastic S-matrix  @@      0.00  0   0 F  0
 Reaction Xsec    10.5-/11 @ 1 =   0.211 , Out:   0.000#


 Total SPIN, PARITY =    11.5 +,      1 chs,      0 cc.  Rmin & Coul turning =    0.5    9.5
   S-matrix    1 =    0.99984   0.00021 for L=   12, J=   11.5 channel on core I =   0.0 from L=   12,  Acc. loss =  0.0 D.
 Elastic phase shift   1 =    0.006   0.005 deg. for the L =   12, J =   11.5 channel.
      11.5  0.99984081  0.00021018i: elastic S-matrix  @@      0.00  0   0 F  0
 Reaction Xsec    11.5+/12 @ 1 =   0.078 , Out:   0.000#


 Total SPIN, PARITY =    11.5 -,      1 chs,      0 cc.  Rmin & Coul turning =    0.5    9.5
   S-matrix    1 =    0.99953   0.00077 for L=   11, J=   11.5 channel on core I =   0.0 from L=   11,  Acc. loss =  0.0 D.
 Elastic phase shift   1 =    0.022   0.013 deg. for the L =   11, J =   11.5 channel.
      11.5  0.99953248  0.00077111i: elastic S-matrix  @@      0.00  0   0 F  0
 Reaction Xsec    11.5-/11 @ 1 =   0.230 , Out:   0.000#


 Total SPIN, PARITY =    12.5 +,      1 chs,      0 cc.  Rmin & Coul turning =    0.6   10.3
   S-matrix    1 =    0.99984   0.00026 for L=   12, J=   12.5 channel on core I =   0.0 from L=   12,  Acc. loss =  0.0 D.
 Elastic phase shift   1 =    0.007   0.005 deg. for the L =   12, J =   12.5 channel.
      12.5  0.99984073  0.00026083i: elastic S-matrix  @@      0.00  0   0 F  0
 Reaction Xsec    12.5+/12 @ 1 =   0.085 , Out:   0.000#


 Total SPIN, PARITY =    12.5 -,      1 chs,      0 cc.  Rmin & Coul turning =    0.6   10.3
   S-matrix    1 =    0.99995   0.00007 for L=   13, J=   12.5 channel on core I =   0.0 from L=   13,  Acc. loss =  0.0 D.
 Elastic phase shift   1 =    0.002   0.002 deg. for the L =   13, J =   12.5 channel.
      12.5  0.99994586  0.00007230i: elastic S-matrix  @@      0.00  0   0 F  0
 Reaction Xsec    12.5-/13 @ 1 =   0.029 , Out:   0.000#


 Total SPIN, PARITY =    13.5 +,      1 chs,      0 cc.  Rmin & Coul turning =    0.6   11.1
   S-matrix    1 =    0.99998   0.00002 for L=   14, J=   13.5 channel on core I =   0.0 from L=   14,  Acc. loss =  0.0 D.
 Elastic phase shift   1 =    0.001   0.001 deg. for the L =   14, J =   13.5 channel.
      13.5  0.99998163  0.00002478i: elastic S-matrix  @@      0.00  0   0 F  0
 Reaction Xsec    13.5+/14 @ 1 =   0.011 , Out:   0.000#


 Total SPIN, PARITY =    13.5 -,      1 chs,      0 cc.  Rmin & Coul turning =    0.6   11.1
   S-matrix    1 =    0.99995   0.00009 for L=   13, J=   13.5 channel on core I =   0.0 from L=   13,  Acc. loss =  0.0 D.
 Elastic phase shift   1 =    0.003   0.002 deg. for the L =   13, J =   13.5 channel.
      13.5  0.99994585  0.00008802i: elastic S-matrix  @@      0.00  0   0 F  0
 Reaction Xsec    13.5-/13 @ 1 =   0.031 , Out:   0.000#


 Total SPIN, PARITY =    14.5 +,      1 chs,      0 cc.  Rmin & Coul turning =    0.7   11.9
   S-matrix    1 =    0.99998   0.00003 for L=   14, J=   14.5 channel on core I =   0.0 from L=   14,  Acc. loss =  0.0 D.
 Elastic phase shift   1 =    0.001   0.001 deg. for the L =   14, J =   14.5 channel.
      14.5  0.99998163  0.00002965i: elastic S-matrix  @@      0.00  0   0 F  0
 Reaction Xsec    14.5+/14 @ 1 =   0.011 , Out:   0.000#


 Total SPIN, PARITY =    14.5 -,      1 chs,      0 cc.  Rmin & Coul turning =    0.7   11.9
   S-matrix    1 =    0.99999   0.00001 for L=   15, J=   14.5 channel on core I =   0.0 from L=   15,  Acc. loss =  0.0 D.
 Elastic phase shift   1 =    0.000   0.000 deg. for the L =   15, J =   14.5 channel.
      14.5  0.99999378  0.00000847i: elastic S-matrix  @@      0.00  0   0 F  0
 Reaction Xsec    14.5-/15 @ 1 =   3.834/, Out:   0.000#


 Total SPIN, PARITY =    15.5 +,      1 chs,      0 cc.  Rmin & Coul turning =    0.7   12.7
   S-matrix    1 =    1.00000   0.00000 for L=   16, J=   15.5 channel on core I =   0.0 from L=   16,  Acc. loss =  0.0 D.
 Elastic phase shift   1 =    0.000   0.000 deg. for the L =   16, J =   15.5 channel.
      15.5  0.99999790  0.00000289i: elastic S-matrix  @@      0.00  0   0 F  0
 Reaction Xsec    15.5+/16 @ 1 =   1.382/, Out:   0.000#


 Total SPIN, PARITY =    15.5 -,      1 chs,      0 cc.  Rmin & Coul turning =    0.7   12.7
   S-matrix    1 =    0.99999   0.00001 for L=   15, J=   15.5 channel on core I =   0.0 from L=   15,  Acc. loss =  0.0 D.
 Elastic phase shift   1 =    0.000   0.000 deg. for the L =   15, J =   15.5 channel.
      15.5  0.99999378  0.00000997i: elastic S-matrix  @@      0.00  0   0 F  0
 Reaction Xsec    15.5-/15 @ 1 =   4.090/, Out:   0.000#


 Total SPIN, PARITY =    16.5 +,      1 chs,      0 cc.  Rmin & Coul turning =    0.8   13.5
   S-matrix    1 =    1.00000   0.00000 for L=   16, J=   16.5 channel on core I =   0.0 from L=   16,  Acc. loss =  0.0 D.
 Elastic phase shift   1 =    0.000   0.000 deg. for the L =   16, J =   16.5 channel.
      16.5  0.99999790  0.00000335i: elastic S-matrix  @@      0.00  0   0 F  0
 Reaction Xsec    16.5+/16 @ 1 =   1.469/, Out:   0.000#


 Total SPIN, PARITY =    16.5 -,      1 chs,      0 cc.  Rmin & Coul turning =    0.8   13.5
   S-matrix    1 =    1.00000   0.00000 for L=   17, J=   16.5 channel on core I =   0.0 from L=   17,  Acc. loss =  0.0 D.
 Elastic phase shift   1 =    0.000   0.000 deg. for the L =   17, J =   16.5 channel.
      16.5  0.99999929  0.00000098i: elastic S-matrix  @@      0.00  0   0 F  0
 Reaction Xsec    16.5-/17 @ 1 =   0.496/, Out:   0.000#


 Total SPIN, PARITY =    17.5 +,      1 chs,      0 cc.  Rmin & Coul turning =    0.8   14.3
   S-matrix    1 =    1.00000   0.00000 for L=   18, J=   17.5 channel on core I =   0.0 from L=   18,  Acc. loss =  0.0 D.
 Elastic phase shift   1 =    0.000   0.000 deg. for the L =   18, J =   17.5 channel.
      17.5  0.99999976  0.00000033i: elastic S-matrix  @@      0.00  0   0 F  0
 Reaction Xsec    17.5+/18 @ 1 =   0.177/, Out:   0.000#


 Total SPIN, PARITY =    17.5 -,      1 chs,      0 cc.  Rmin & Coul turning =    0.8   14.3
   S-matrix    1 =    1.00000   0.00000 for L=   17, J=   17.5 channel on core I =   0.0 from L=   17,  Acc. loss =  0.0 D.
 Elastic phase shift   1 =    0.000   0.000 deg. for the L =   17, J =   17.5 channel.
      17.5  0.99999929  0.00000112i: elastic S-matrix  @@      0.00  0   0 F  0
 Reaction Xsec    17.5-/17 @ 1 =   0.525/, Out:   0.000#

 Finished all CC sets @    5.54599985E-03
0CUMULATIVE REACTION cross section                 =  574.77382  <L> =     3.85  <L**2> =     18.1
0CUMULATIVE outgoing cross sections in partition 1 :    0.00000
0Cumulative ABSORBTION by Imaginary Potentials     =  574.77382  <L> =     3.85  <L**2> =     18.1
   Fusion for specific p        M-states :  574.773818  574.773818
0CUMULATIVE OUTGOING cross section                 =    0.00000
 To convert to S-factors (MeV.mb = keV.b),  multiply by  1.2763E+02


 CROSS SECTIONS FOR OUTGOING p        & O20      in state #   1 with spins & parities 0.5  + &  0.0  +;  0

     3.00 deg.: X-S =   1.2721E+05 mb/sr,
+                                         /R =   7.9964E-01
     4.00 deg.: X-S =   3.4867E+04 mb/sr,
+                                         /R =   6.9245E-01
     5.00 deg.: X-S =   1.2377E+04 mb/sr,
+                                         /R =   5.9981E-01
     6.00 deg.: X-S =  5414.722100 mb/sr,
+                                         /R =   5.4384E-01
     7.00 deg.: X-S =  2938.714238 mb/sr,
+                                         /R =   5.4645E-01
     8.00 deg.: X-S =  1982.117604 mb/sr,
+                                         /R =   6.2829E-01
     9.00 deg.: X-S =  1591.770989 mb/sr,
+                                         /R =   8.0751E-01
    10.00 deg.: X-S =  1422.237624 mb/sr,
+                                         /R =   1.0986E+00
    11.00 deg.: X-S =  1337.922238 mb/sr,
+                                         /R =   1.5115E+00
    12.00 deg.: X-S =  1283.115101 mb/sr,
+                                         /R =   2.0507E+00
    13.00 deg.: X-S =  1234.751286 mb/sr,
+                                         /R =   2.7146E+00
    14.00 deg.: X-S =  1183.773149 mb/sr,
+                                         /R =   3.4957E+00
    15.00 deg.: X-S =  1127.298602 mb/sr,
+                                         /R =   4.3805E+00
    16.00 deg.: X-S =  1065.168153 mb/sr,
+                                         /R =   5.3497E+00
    17.00 deg.: X-S =   998.368575 mb/sr,
+                                         /R =   6.3796E+00
    18.00 deg.: X-S =   928.297588 mb/sr,
+                                         /R =   7.4423E+00
    19.00 deg.: X-S =   856.418942 mb/sr,
+                                         /R =   8.5078E+00
    20.00 deg.: X-S =   784.103663 mb/sr,
+                                         /R =   9.5444E+00
    21.00 deg.: X-S =   712.561796 mb/sr,
+                                         /R =   1.0521E+01
    22.00 deg.: X-S =   642.818651 mb/sr,
+                                         /R =   1.1407E+01
    23.00 deg.: X-S =   575.712992 mb/sr,
+                                         /R =   1.2176E+01
    24.00 deg.: X-S =   511.905949 mb/sr,
+                                         /R =   1.2806E+01
    25.00 deg.: X-S =   451.894994 mb/sr,
+                                         /R =   1.3276E+01
    26.00 deg.: X-S =   396.030109 mb/sr,
+                                         /R =   1.3576E+01
    27.00 deg.: X-S =   344.530654 mb/sr,
+                                         /R =   1.3698E+01
    28.00 deg.: X-S =   297.502171 mb/sr,
+                                         /R =   1.3642E+01
    29.00 deg.: X-S =   254.952680 mb/sr,
+                                         /R =   1.3414E+01
    30.00 deg.: X-S =   216.808209 mb/sr,
+                                         /R =   1.3024E+01
    31.00 deg.: X-S =   182.927417 mb/sr,
+                                         /R =   1.2490E+01
    32.00 deg.: X-S =   153.115164 mb/sr,
+                                         /R =   1.1832E+01
    33.00 deg.: X-S =   127.134987 mb/sr,
+                                         /R =   1.1075E+01
    34.00 deg.: X-S =   104.720399 mb/sr,
+                                         /R =   1.0244E+01
    35.00 deg.: X-S =    85.584992 mb/sr,
+                                         /R =   9.3682E+00
    36.00 deg.: X-S =    69.431329 mb/sr,
+                                         /R =   8.4757E+00
    37.00 deg.: X-S =    55.958643 mb/sr,
+                                         /R =   7.5939E+00
    38.00 deg.: X-S =    44.869362 mb/sr,
+                                         /R =   6.7485E+00
    39.00 deg.: X-S =    35.874510 mb/sr,
+                                         /R =   5.9629E+00
    40.00 deg.: X-S =    28.698050 mb/sr,
+                                         /R =   5.2572E+00
    41.00 deg.: X-S =    23.080243 mb/sr,
+                                         /R =   4.6477E+00
    42.00 deg.: X-S =    18.780097 mb/sr,
+                                         /R =   4.1467E+00
    43.00 deg.: X-S =    15.577016 mb/sr,
+                                         /R =   3.7625E+00
    44.00 deg.: X-S =    13.271724 mb/sr,
+                                         /R =   3.4988E+00
    45.00 deg.: X-S =    11.686578 mb/sr,
+                                         /R =   3.3554E+00
    46.00 deg.: X-S =    10.665356 mb/sr,
+                                         /R =   3.3280E+00
    47.00 deg.: X-S =    10.072607 mb/sr,
+                                         /R =   3.4090E+00
    48.00 deg.: X-S =     9.792667 mb/sr,
+                                         /R =   3.5879E+00
    49.00 deg.: X-S =     9.728407 mb/sr,
+                                         /R =   3.8516E+00
    50.00 deg.: X-S =     9.799794 mb/sr,
+                                         /R =   4.1851E+00
    51.00 deg.: X-S =     9.942326 mb/sr,
+                                         /R =   4.5721E+00
    52.00 deg.: X-S =    10.105405 mb/sr,
+                                         /R =   4.9959E+00
    53.00 deg.: X-S =    10.250691 mb/sr,
+                                         /R =   5.4394E+00
    54.00 deg.: X-S =    10.350485 mb/sr,
+                                         /R =   5.8863E+00
    55.00 deg.: X-S =    10.386167 mb/sr,
+                                         /R =   6.3208E+00
    56.00 deg.: X-S =    10.346721 mb/sr,
+                                         /R =   6.7287E+00
    57.00 deg.: X-S =    10.227359 mb/sr,
+                                         /R =   7.0975E+00
    58.00 deg.: X-S =    10.028275 mb/sr,
+                                         /R =   7.4166E+00
    59.00 deg.: X-S =     9.753508 mb/sr,
+                                         /R =   7.6773E+00
    60.00 deg.: X-S =     9.409949 mb/sr,
+                                         /R =   7.8733E+00
    61.00 deg.: X-S =     9.006469 mb/sr,
+                                         /R =   8.0006E+00
    62.00 deg.: X-S =     8.553177 mb/sr,
+                                         /R =   8.0571E+00
    63.00 deg.: X-S =     8.060794 mb/sr,
+                                         /R =   8.0429E+00
    64.00 deg.: X-S =     7.540147 mb/sr,
+                                         /R =   7.9600E+00
    65.00 deg.: X-S =     7.001758 mb/sr,
+                                         /R =   7.8121E+00
    66.00 deg.: X-S =     6.455534 mb/sr,
+                                         /R =   7.6043E+00
    67.00 deg.: X-S =     5.910534 mb/sr,
+                                         /R =   7.3431E+00
    68.00 deg.: X-S =     5.374813 mb/sr,
+                                         /R =   7.0356E+00
    69.00 deg.: X-S =     4.855330 mb/sr,
+                                         /R =   6.6899E+00
    70.00 deg.: X-S =     4.357901 mb/sr,
+                                         /R =   6.3144E+00
    71.00 deg.: X-S =     3.887205 mb/sr,
+                                         /R =   5.9176E+00
    72.00 deg.: X-S =     3.446817 mb/sr,
+                                         /R =   5.5079E+00
    73.00 deg.: X-S =     3.039273 mb/sr,
+                                         /R =   5.0934E+00
    74.00 deg.: X-S =     2.666149 mb/sr,
+                                         /R =   4.6820E+00
    75.00 deg.: X-S =     2.328161 mb/sr,
+                                         /R =   4.2805E+00
    76.00 deg.: X-S =     2.025264 mb/sr,
+                                         /R =   3.8953E+00
    77.00 deg.: X-S =     1.756766 mb/sr,
+                                         /R =   3.5319E+00
    78.00 deg.: X-S =     1.521429 mb/sr,
+                                         /R =   3.1947E+00
    79.00 deg.: X-S =     1.317578 mb/sr,
+                                         /R =   2.8874E+00
    80.00 deg.: X-S =     1.143199 mb/sr,
+                                         /R =   2.6127E+00
    81.00 deg.: X-S =     0.996032 mb/sr,
+                                         /R =   2.3722E+00
    82.00 deg.: X-S =     0.873652 mb/sr,
+                                         /R =   2.1667E+00
    83.00 deg.: X-S =     0.773548 mb/sr,
+                                         /R =   1.9964E+00
    84.00 deg.: X-S =     0.693184 mb/sr,
+                                         /R =   1.8603E+00
    85.00 deg.: X-S =     0.630057 mb/sr,
+                                         /R =   1.7571E+00
    86.00 deg.: X-S =     0.581744 mb/sr,
+                                         /R =   1.6848E+00
    87.00 deg.: X-S =     0.545935 mb/sr,
+                                         /R =   1.6409E+00
    88.00 deg.: X-S =     0.520470 mb/sr,
+                                         /R =   1.6225E+00
    89.00 deg.: X-S =     0.503351 mb/sr,
+                                         /R =   1.6263E+00
    90.00 deg.: X-S =     0.492763 mb/sr,
+                                         /R =   1.6492E+00
    91.00 deg.: X-S =     0.487080 mb/sr,
+                                         /R =   1.6876E+00
    92.00 deg.: X-S =     0.484869 mb/sr,
+                                         /R =   1.7380E+00
    93.00 deg.: X-S =     0.484885 mb/sr,
+                                         /R =   1.7971E+00
    94.00 deg.: X-S =     0.486069 mb/sr,
+                                         /R =   1.8617E+00
    95.00 deg.: X-S =     0.487541 mb/sr,
+                                         /R =   1.9285E+00
    96.00 deg.: X-S =     0.488583 mb/sr,
+                                         /R =   1.9949E+00
    97.00 deg.: X-S =     0.488632 mb/sr,
+                                         /R =   2.0583E+00
    98.00 deg.: X-S =     0.487265 mb/sr,
+                                         /R =   2.1163E+00
    99.00 deg.: X-S =     0.484185 mb/sr,
+                                         /R =   2.1671E+00
   100.00 deg.: X-S =     0.479203 mb/sr,
+                                         /R =   2.2092E+00
   101.00 deg.: X-S =     0.472228 mb/sr,
+                                         /R =   2.2411E+00
   102.00 deg.: X-S =     0.463249 mb/sr,
+                                         /R =   2.2621E+00
   103.00 deg.: X-S =     0.452325 mb/sr,
+                                         /R =   2.2715E+00
   104.00 deg.: X-S =     0.439568 mb/sr,
+                                         /R =   2.2691E+00
   105.00 deg.: X-S =     0.425135 mb/sr,
+                                         /R =   2.2547E+00
   106.00 deg.: X-S =     0.409215 mb/sr,
+                                         /R =   2.2286E+00
   107.00 deg.: X-S =     0.392018 mb/sr,
+                                         /R =   2.1914E+00
   108.00 deg.: X-S =     0.373770 mb/sr,
+                                         /R =   2.1435E+00
   109.00 deg.: X-S =     0.354702 mb/sr,
+                                         /R =   2.0859E+00
   110.00 deg.: X-S =     0.335046 mb/sr,
+                                         /R =   2.0195E+00
   111.00 deg.: X-S =     0.315026 mb/sr,
+                                         /R =   1.9454E+00
   112.00 deg.: X-S =     0.294859 mb/sr,
+                                         /R =   1.8647E+00
   113.00 deg.: X-S =     0.274746 mb/sr,
+                                         /R =   1.7785E+00
   114.00 deg.: X-S =     0.254872 mb/sr,
+                                         /R =   1.6880E+00
   115.00 deg.: X-S =     0.235404 mb/sr,
+                                         /R =   1.5945E+00
   116.00 deg.: X-S =     0.216491 mb/sr,
+                                         /R =   1.4990E+00
   117.00 deg.: X-S =     0.198259 mb/sr,
+                                         /R =   1.4028E+00
   118.00 deg.: X-S =     0.180816 mb/sr,
+                                         /R =   1.3067E+00
   119.00 deg.: X-S =     0.164248 mb/sr,
+                                         /R =   1.2119E+00
   120.00 deg.: X-S =     0.148625 mb/sr,
+                                         /R =   1.1192E+00
   121.00 deg.: X-S =     0.133995 mb/sr,
+                                         /R =   1.0294E+00
   122.00 deg.: X-S =     0.120391 mb/sr,
+                                         /R =   9.4311E-01
   123.00 deg.: X-S =     0.107831 mb/sr,
+                                         /R =   8.6105E-01
   124.00 deg.: X-S =     0.096317 mb/sr,
+                                         /R =   7.8367E-01
   125.00 deg.: X-S =     0.085840 mb/sr,
+                                         /R =   7.1137E-01
   126.00 deg.: X-S =     0.076379 mb/sr,
+                                         /R =   6.4445E-01
   127.00 deg.: X-S =     0.067905 mb/sr,
+                                         /R =   5.8312E-01
   128.00 deg.: X-S =     0.060381 mb/sr,
+                                         /R =   5.2751E-01
   129.00 deg.: X-S =     0.053762 mb/sr,
+                                         /R =   4.7766E-01
   130.00 deg.: X-S =     0.048000 mb/sr,
+                                         /R =   4.3355E-01
   131.00 deg.: X-S =     0.043045 mb/sr,
+                                         /R =   3.9510E-01
   132.00 deg.: X-S =     0.038842 mb/sr,
+                                         /R =   3.6217E-01
   133.00 deg.: X-S =     0.035337 mb/sr,
+                                         /R =   3.3459E-01
   134.00 deg.: X-S =     0.032475 mb/sr,
+                                         /R =   3.1214E-01
   135.00 deg.: X-S =     0.030202 mb/sr,
+                                         /R =   2.9457E-01
   136.00 deg.: X-S =     0.028466 mb/sr,
+                                         /R =   2.8163E-01
   137.00 deg.: X-S =     0.027216 mb/sr,
+                                         /R =   2.7305E-01
   138.00 deg.: X-S =     0.026406 mb/sr,
+                                         /R =   2.6854E-01
   139.00 deg.: X-S =     0.025991 mb/sr,
+                                         /R =   2.6783E-01
   140.00 deg.: X-S =     0.025928 mb/sr,
+                                         /R =   2.7065E-01
   141.00 deg.: X-S =     0.026181 mb/sr,
+                                         /R =   2.7674E-01
   142.00 deg.: X-S =     0.026716 mb/sr,
+                                         /R =   2.8585E-01
   143.00 deg.: X-S =     0.027499 mb/sr,
+                                         /R =   2.9774E-01
   144.00 deg.: X-S =     0.028506 mb/sr,
+                                         /R =   3.1221E-01
   145.00 deg.: X-S =     0.029709 mb/sr,
+                                         /R =   3.2905E-01
   146.00 deg.: X-S =     0.031088 mb/sr,
+                                         /R =   3.4808E-01
   147.00 deg.: X-S =     0.032624 mb/sr,
+                                         /R =   3.6913E-01
   148.00 deg.: X-S =     0.034300 mb/sr,
+                                         /R =   3.9207E-01
   149.00 deg.: X-S =     0.036102 mb/sr,
+                                         /R =   4.1674E-01
   150.00 deg.: X-S =     0.038016 mb/sr,
+                                         /R =   4.4303E-01
   151.00 deg.: X-S =     0.040032 mb/sr,
+                                         /R =   4.7083E-01
   152.00 deg.: X-S =     0.042138 mb/sr,
+                                         /R =   5.0002E-01
   153.00 deg.: X-S =     0.044326 mb/sr,
+                                         /R =   5.3049E-01
   154.00 deg.: X-S =     0.046587 mb/sr,
+                                         /R =   5.6215E-01
   155.00 deg.: X-S =     0.048911 mb/sr,
+                                         /R =   5.9487E-01
   156.00 deg.: X-S =     0.051290 mb/sr,
+                                         /R =   6.2855E-01
   157.00 deg.: X-S =     0.053715 mb/sr,
+                                         /R =   6.6307E-01
   158.00 deg.: X-S =     0.056176 mb/sr,
+                                         /R =   6.9828E-01
   159.00 deg.: X-S =     0.058664 mb/sr,
+                                         /R =   7.3406E-01
   160.00 deg.: X-S =     0.061168 mb/sr,
+                                         /R =   7.7023E-01
   161.00 deg.: X-S =     0.063676 mb/sr,
+                                         /R =   8.0664E-01
   162.00 deg.: X-S =     0.066177 mb/sr,
+                                         /R =   8.4310E-01
   163.00 deg.: X-S =     0.068658 mb/sr,
+                                         /R =   8.7942E-01
   164.00 deg.: X-S =     0.071105 mb/sr,
+                                         /R =   9.1538E-01
   165.00 deg.: X-S =     0.073504 mb/sr,
+                                         /R =   9.5078E-01
   166.00 deg.: X-S =     0.075842 mb/sr,
+                                         /R =   9.8538E-01
   167.00 deg.: X-S =     0.078102 mb/sr,
+                                         /R =   1.0189E+00
   168.00 deg.: X-S =     0.080271 mb/sr,
+                                         /R =   1.0513E+00
   169.00 deg.: X-S =     0.082334 mb/sr,
+                                         /R =   1.0821E+00
   170.00 deg.: X-S =     0.084275 mb/sr,
+                                         /R =   1.1111E+00
   171.00 deg.: X-S =     0.086082 mb/sr,
+                                         /R =   1.1383E+00
   172.00 deg.: X-S =     0.087739 mb/sr,
+                                         /R =   1.1632E+00
   173.00 deg.: X-S =     0.089234 mb/sr,
+                                         /R =   1.1857E+00
   174.00 deg.: X-S =     0.090556 mb/sr,
+                                         /R =   1.2057E+00
   175.00 deg.: X-S =     0.091694 mb/sr,
+                                         /R =   1.2229E+00
   176.00 deg.: X-S =     0.092638 mb/sr,
+                                         /R =   1.2372E+00
   177.00 deg.: X-S =     0.093381 mb/sr,
+                                         /R =   1.2484E+00
   178.00 deg.: X-S =     0.093916 mb/sr,
+                                         /R =   1.2565E+00
   179.00 deg.: X-S =     0.094238 mb/sr,
+                                         /R =   1.2614E+00
   179.99 deg.: X-S =     0.094346 mb/sr,
+                                         /R =   1.2630E+00
                                           Integrated 1892.4640 mb, over [   3.000, 180.000] at    35.0000 MeV 
 Finished all xsecs @    6.55000005E-03

  The following files have been created:
   3:local copy of User input.            6:standard output.                   
   7:elastic  S-matrix elements.         13:total cross sections/state.        
  16:tables of cross sections.           38:cross sections for each J/pi.      
  39:cross sections for each Ecm.        40:all cross sectns. for each Elab.   
  45:scat phase shift as E functions.    56:Fusion for each Jtotal.            
 201:Separate cross sections.           

 PARAMETERS : MAXQRN   MFNL   MLOC  LMAX1 MCLIST
    ALLOWED :      1      1      4     70      6
    REQUIRED:      0      0      4     19      4


 ACCURACY ANALYSIS at    35.000 MeV :

  Elastic h*k = 0.037 so OK       compared with 0.200

   Real(S-el) > 0.01 first at J =       3.5
   Real(S-el) > 0.10 first at J =       3.5
   Real(S-el) > 0.50 first at J =       4.5
   Real(S-el) > 0.90 first at J =       5.5
   Real(S-el) > 0.99 first at J =       8.5
   R-turn =    14.32 fm    at J =      17.5

 Forward-angle excitation cut off below   1.361 deg by max JT =      17.5
                              and below   0.330 deg by max R.

