 FRESCO - FRES 3.4: Coupled Reaction Channels
 Assuming NAMELIST input.

 p+O20 with CH89;                                                                

   0.030  60.000   0.500   0.000   0.000   0.000   0.000   0.000   0.000   0.000

 Centre-of-mass Range is   2002 * 0.0300 fm., Maximum at  60.00 fm., Interpolating NL forms every  0.51 fm.
 Non - locality width is      4 * 0.0300 fm., Maximum of   0.09 fm., Centred at  0.00 fm.
 2-Nucleon Separation of      0 * 0.5100 fm., Maximum of   0.00 fm., Minimum at  0.00 fm.
 Maximum single particle bins of 59.6700 fm.
               M,Mint =         2001        1990


 Range of total J is     0.0 <= J <=    50.0 (at least     0.0) and Absorbtion =>     0.0010 mb.
 Dry Run = F, CC set limits =  0  0, Relativistic kinematics =  , Both/Far/Near Analyses =  1                     

 Cross Sections (and up to T0 for 0=projectile) for Theta from   3.0 to-180.0 in steps of  1.0 degrees, DGAM=0,  Coordinates = 0 (Mads)

 Lower Radial Cutoff = maximum of -1.60*L*h &       0.0 fm.,  Lower Cutoff for Couplings =   0.0  fm.


 Iterate Couplings between   0 and   0 times, to  0.000 % if sooner.                                          
  Block solved exactly =   0 chs., with Pade = 0 & Isocen =  =0, NOSOL = F, initwf =  0
  NL quadrature with   18 Gaussian points, Calculate multipoles up to    56 from   0
  M-transfers for lp+lt greater than or equal to  6, Angular Integration Cutoff below  2.7778 %


 Trace switches are :  CHANS =  1, LISTCC =  0, TRENEG =  0, CDETR =  0, SMATS =  2, XSTABL =  1, NLPL =  0

                       WAVES =  0, LAMPL =  0, VEFF =  0, KFUS =  0, WDISK =  0, BPM =  0, MELFIL =  0

                       CDCC =  0, NFUS =  0

 Using unit mass = 1.000000 amu and 1/fine-structure constant = 137.03599 ( 1.000000 * true ) with hc = 197.32705 MeV.fm,
  thus 2*amu/hbar^2 = 0.0478450 = 1/20.9008 and Coulomb constant = 0.1574855 so e^2 = 1.43997, and nuclear magneton= 0.1261183

 Now pre-scan input and save to file 3



 *********** PARTITION NUMBER  1 ******************************************************************************************

   PROJ=p          MASS=  1.0073 Z=   1.0,        # STATES=    1T, TARG=O20      MASS= 19.9997 Z=   8.0,     Q-VALUE =  -0.0000 MEV.

     1:  J= 0.5+ (B# 1), E=  0.0000, K= 0.5              Potl#  1       J= 0.0+ (B# 1), E=  0.0000, K= 0.0    


 ************************************************************************************************************************************

 The following POTENTIALS are defined :

  KP#       TYPE      IT    SHAPE      at     V1        r1        a1        V2        r2        a2        A-in     A-used


                                            A#1       A#2        r0c       ac                                                h @ 1
    1    0=Coulomb       0=CHARGE (WS)  1    20.000     0.000    1.2842    0.0000    0.0000    0.0000     0.000    20.000   0.03000

    1    1=Volume        0=Woods-Saxon  2   27.7444    1.1671    0.6900    1.8805    1.1753    0.6900     0.000    20.000

    1    2=Surface       0=Woods-Saxon  3    0.0000    0.0000    0.0000    3.9906    1.1753    0.6900     0.000    20.000

    1    3=Projtl S.O.   0=Woods-Saxon  4    5.9000    0.8979    0.6300    0.0000    0.0000    0.0000     0.000    20.000

 Incoming partition  1 in excitation state # 1,   Laboratory Energy given for partition  1 Nucleus 1 in Excitation pair 1

0Lab. ENERGY ranges :

   from    35.0000     to   0.00000     in     0 intervals
   from    0.00000     to   0.00000     in     0 intervals
   from    0.00000     to   0.00000     in     0 intervals

 Largest real,imaginary parts of any form factor at R=   59.52 are   2.42E-02  4.28E-32 MeV
 Finished all Couplings @    5.03999996E-04           4

 Symmetric Hamiltonian
1***********************************************************************************************************************************
************************************************************************************************************************************

        INCOMING p        ;    LABORATORY p        ENERGY =   35.000     MeV.

 ***********************************************************************************************************************************
 ***********************************************************************************************************************************

 Allocate arrays for            2  channels, of which            1  need wfs.

 ######################################################################################################################
 #                                                                                                                    #
 # Total SPIN and PARITY =     0.5 +,      1 channels,    0 in 1st block.  Rmin & Coul turning =    0.0    0.3 fm.  #
 #                                                                                                                    #
 ######################################################################################################################



    C Projectl Target   #   EX.   (L  Proj) J  + Targ = Jtotal     E-cm      Re K     Re Eta     RM*K            CH
    1 p        O20      #    1: I   0 0.5    0.5  0.0     0.5    33.32176   1.23648   0.21373   74.1887   0.33920  -0.36833 1 1 1   1
   S-matrix    1 =   -0.52205  -0.26056 for L=    0, J=    0.5 channel on core I =   0.0 from L=    0,  Acc. loss =  0.0 D.
 Elastic phase shift   1 =  -76.738  15.435 deg. for the L =    0, J =    0.5 channel.
       0.5 -0.52204536 -0.26055843i: elastic S-matrix  @@      0.00  0   0 F  0
 Reaction Xsec     0.5+/ 0 @ 1 =  13.553 , Out:   0.000#


 Total SPIN, PARITY =     0.5 -,      1 chs,      0 cc.  Rmin & Coul turning =    0.0    0.3
   S-matrix    1 =   -0.49180   0.27855 for L=    1, J=    0.5 channel on core I =   0.0 from L=    1,  Acc. loss =  0.0 D.
 Elastic phase shift   1 =   75.237  16.346 deg. for the L =    1, J =    0.5 channel.
       0.5 -0.49179543  0.27855093i: elastic S-matrix  @@      0.00  0   0 F  0
 Reaction Xsec     0.5-/ 1 @ 1 =  13.984 , Out:   0.000#


 Total SPIN, PARITY =     1.5 +,      1 chs,      0 cc.  Rmin & Coul turning =    0.0    1.3
   S-matrix    1 =   -0.20580   0.49646 for L=    2, J=    1.5 channel on core I =   0.0 from L=    2,  Acc. loss =  0.0 D.
 Elastic phase shift   1 =   56.258  17.790 deg. for the L =    2, J =    1.5 channel.
       1.5 -0.20580254  0.49645506i: elastic S-matrix  @@      0.00  0   0 F  0
 Reaction Xsec     1.5+/ 2 @ 1 =  29.227 , Out:   0.000#


 Total SPIN, PARITY =     1.5 -,      1 chs,      0 cc.  Rmin & Coul turning =    0.0    1.3
   S-matrix    1 =   -0.57050  -0.02992 for L=    1, J=    1.5 channel on core I =   0.0 from L=    1,  Acc. loss =  0.0 D.
 Elastic phase shift   1 =  -88.499  16.039 deg. for the L =    1, J =    1.5 channel.
       1.5 -0.57049633 -0.02991663i: elastic S-matrix  @@      0.00  0   0 F  0
 Reaction Xsec     1.5-/ 1 @ 1 =  27.684 , Out:   0.000#


 Total SPIN, PARITY =     2.5 +,      1 chs,      0 cc.  Rmin & Coul turning =    0.1    2.2
   S-matrix    1 =   -0.56666   0.13303 for L=    2, J=    2.5 channel on core I =   0.0 from L=    2,  Acc. loss =  0.0 D.
 Elastic phase shift   1 =   83.394  15.503 deg. for the L =    2, J =    2.5 channel.
       2.5 -0.56666204  0.13302740i: elastic S-matrix  @@      0.00  0   0 F  0
 Reaction Xsec     2.5+/ 2 @ 1 =  40.760 , Out:   0.000#


 Total SPIN, PARITY =     2.5 -,      1 chs,      0 cc.  Rmin & Coul turning =    0.1    2.2
   S-matrix    1 =    0.16547   0.45773 for L=    3, J=    2.5 channel on core I =   0.0 from L=    3,  Acc. loss =  0.0 D.
 Elastic phase shift   1 =   35.063  20.628 deg. for the L =    3, J =    2.5 channel.
       2.5  0.16547034  0.45773482i: elastic S-matrix  @@      0.00  0   0 F  0
 Reaction Xsec     2.5-/ 3 @ 1 =  47.041 , Out:   0.000#


 Total SPIN, PARITY =     3.5 +,      1 chs,      0 cc.  Rmin & Coul turning =    0.1    3.0
   S-matrix    1 =    0.53400   0.32606 for L=    4, J=    3.5 channel on core I =   0.0 from L=    4,  Acc. loss =  0.0 D.
 Elastic phase shift   1 =   15.704  13.434 deg. for the L =    4, J =    3.5 channel.
       3.5  0.53400174  0.32605960i: elastic S-matrix  @@      0.00  0   0 F  0
 Reaction Xsec     3.5+/ 4 @ 1 =  50.017 , Out:   0.000#


 Total SPIN, PARITY =     3.5 -,      1 chs,      0 cc.  Rmin & Coul turning =    0.1    3.0
   S-matrix    1 =   -0.36386   0.33035 for L=    3, J=    3.5 channel on core I =   0.0 from L=    3,  Acc. loss =  0.0 D.
 Elastic phase shift   1 =   68.882  20.351 deg. for the L =    3, J =    3.5 channel.
       3.5 -0.36385611  0.33035202i: elastic S-matrix  @@      0.00  0   0 F  0
 Reaction Xsec     3.5-/ 3 @ 1 =  62.342 , Out:   0.000#


 Total SPIN, PARITY =     4.5 +,      1 chs,      0 cc.  Rmin & Coul turning =    0.2    3.8
   S-matrix    1 =    0.18865   0.47502 for L=    4, J=    4.5 channel on core I =   0.0 from L=    4,  Acc. loss =  0.0 D.
 Elastic phase shift   1 =   34.170  19.228 deg. for the L =    4, J =    4.5 channel.
       4.5  0.18864589  0.47501565i: elastic S-matrix  @@      0.00  0   0 F  0
 Reaction Xsec     4.5+/ 4 @ 1 =  75.903 , Out:   0.000#


 Total SPIN, PARITY =     4.5 -,      1 chs,      0 cc.  Rmin & Coul turning =    0.2    3.8
   S-matrix    1 =    0.79517   0.18070 for L=    5, J=    4.5 channel on core I =   0.0 from L=    5,  Acc. loss =  0.0 D.
 Elastic phase shift   1 =    6.401   5.845 deg. for the L =    5, J =    4.5 channel.
       4.5  0.79517216  0.18069894i: elastic S-matrix  @@      0.00  0   0 F  0
 Reaction Xsec     4.5-/ 5 @ 1 =  34.423 , Out:   0.000#


 Total SPIN, PARITY =     5.5 +,      1 chs,      0 cc.  Rmin & Coul turning =    0.2    4.6
   S-matrix    1 =    0.92234   0.08049 for L=    6, J=    5.5 channel on core I =   0.0 from L=    6,  Acc. loss =  0.0 D.
 Elastic phase shift   1 =    2.494   2.207 deg. for the L =    6, J =    5.5 channel.
       5.5  0.92233615  0.08049390i: elastic S-matrix  @@      0.00  0   0 F  0
 Reaction Xsec     5.5+/ 6 @ 1 =  17.608 , Out:   0.000#


 Total SPIN, PARITY =     5.5 -,      1 chs,      0 cc.  Rmin & Coul turning =    0.2    4.6
   S-matrix    1 =    0.70349   0.31451 for L=    5, J=    5.5 channel on core I =   0.0 from L=    5,  Acc. loss =  0.0 D.
 Elastic phase shift   1 =   12.044   7.465 deg. for the L =    5, J =    5.5 channel.
       5.5  0.70348897  0.31451255i: elastic S-matrix  @@      0.00  0   0 F  0
 Reaction Xsec     5.5-/ 5 @ 1 =  50.079 , Out:   0.000#


 Total SPIN, PARITY =     6.5 +,      1 chs,      0 cc.  Rmin & Coul turning =    0.3    5.4
   S-matrix    1 =    0.90763   0.13297 for L=    6, J=    6.5 channel on core I =   0.0 from L=    6,  Acc. loss =  0.0 D.
 Elastic phase shift   1 =    4.167   2.472 deg. for the L =    6, J =    6.5 channel.
       6.5  0.90762997  0.13297257i: elastic S-matrix  @@      0.00  0   0 F  0
 Reaction Xsec     6.5+/ 6 @ 1 =  22.802 , Out:   0.000#


 Total SPIN, PARITY =     6.5 -,      1 chs,      0 cc.  Rmin & Coul turning =    0.3    5.4
   S-matrix    1 =    0.97225   0.03156 for L=    7, J=    6.5 channel on core I =   0.0 from L=    7,  Acc. loss =  0.0 D.
 Elastic phase shift   1 =    0.930   0.791 deg. for the L =    7, J =    6.5 channel.
       6.5  0.97225107  0.03156303i: elastic S-matrix  @@      0.00  0   0 F  0
 Reaction Xsec     6.5-/ 7 @ 1 =   7.729 , Out:   0.000#


 Total SPIN, PARITY =     7.5 +,      1 chs,      0 cc.  Rmin & Coul turning =    0.3    6.2
   S-matrix    1 =    0.99030   0.01163 for L=    8, J=    7.5 channel on core I =   0.0 from L=    8,  Acc. loss =  0.0 D.
 Elastic phase shift   1 =    0.336   0.277 deg. for the L =    8, J =    7.5 channel.
       7.5  0.99030083  0.01162562i: elastic S-matrix  @@      0.00  0   0 F  0
 Reaction Xsec     7.5+/ 8 @ 1 =   3.151 , Out:   0.000#


 Total SPIN, PARITY =     7.5 -,      1 chs,      0 cc.  Rmin & Coul turning =    0.3    6.2
   S-matrix    1 =    0.97024   0.04859 for L=    7, J=    7.5 channel on core I =   0.0 from L=    7,  Acc. loss =  0.0 D.
 Elastic phase shift   1 =    1.434   0.830 deg. for the L =    7, J =    7.5 channel.
       7.5  0.97023797  0.04859422i: elastic S-matrix  @@      0.00  0   0 F  0
 Reaction Xsec     7.5-/ 7 @ 1 =   9.251 , Out:   0.000#


 Total SPIN, PARITY =     8.5 +,      1 chs,      0 cc.  Rmin & Coul turning =    0.4    7.0
   S-matrix    1 =    0.99004   0.01697 for L=    8, J=    8.5 channel on core I =   0.0 from L=    8,  Acc. loss =  0.0 D.
 Elastic phase shift   1 =    0.491   0.283 deg. for the L =    8, J =    8.5 channel.
       8.5  0.99003737  0.01696883i: elastic S-matrix  @@      0.00  0   0 F  0
 Reaction Xsec     8.5+/ 8 @ 1 =   3.613 , Out:   0.000#


 Total SPIN, PARITY =     8.5 -,      1 chs,      0 cc.  Rmin & Coul turning =    0.4    7.0
   S-matrix    1 =    0.99664   0.00415 for L=    9, J=    8.5 channel on core I =   0.0 from L=    9,  Acc. loss =  0.0 D.
 Elastic phase shift   1 =    0.119   0.096 deg. for the L =    9, J =    8.5 channel.
       8.5  0.99664444  0.00415425i: elastic S-matrix  @@      0.00  0   0 F  0
 Reaction Xsec     8.5-/ 9 @ 1 =   1.236 , Out:   0.000#


 Total SPIN, PARITY =     9.5 +,      1 chs,      0 cc.  Rmin & Coul turning =    0.4    7.8
   S-matrix    1 =    0.99885   0.00146 for L=   10, J=    9.5 channel on core I =   0.0 from L=   10,  Acc. loss =  0.0 D.
 Elastic phase shift   1 =    0.042   0.033 deg. for the L =   10, J =    9.5 channel.
       9.5  0.99884637  0.00146127i: elastic S-matrix  @@      0.00  0   0 F  0
 Reaction Xsec     9.5+/10 @ 1 =   0.473 , Out:   0.000#


 Total SPIN, PARITY =     9.5 -,      1 chs,      0 cc.  Rmin & Coul turning =    0.4    7.8
   S-matrix    1 =    0.99661   0.00582 for L=    9, J=    9.5 channel on core I =   0.0 from L=    9,  Acc. loss =  0.0 D.
 Elastic phase shift   1 =    0.167   0.097 deg. for the L =    9, J =    9.5 channel.
       9.5  0.99661053  0.00582435i: elastic S-matrix  @@      0.00  0   0 F  0
 Reaction Xsec     9.5-/ 9 @ 1 =   1.384 , Out:   0.000#


 Total SPIN, PARITY =    10.5 +,      1 chs,      0 cc.  Rmin & Coul turning =    0.5    8.7
   S-matrix    1 =    0.99884   0.00198 for L=   10, J=   10.5 channel on core I =   0.0 from L=   10,  Acc. loss =  0.0 D.
 Elastic phase shift   1 =    0.057   0.033 deg. for the L =   10, J =   10.5 channel.
      10.5  0.99884204  0.00198298i: elastic S-matrix  @@      0.00  0   0 F  0
 Reaction Xsec    10.5+/10 @ 1 =   0.522 , Out:   0.000#


 Total SPIN, PARITY =    10.5 -,      1 chs,      0 cc.  Rmin & Coul turning =    0.5    8.7
   S-matrix    1 =    0.99961   0.00051 for L=   11, J=   10.5 channel on core I =   0.0 from L=   11,  Acc. loss =  0.0 D.
 Elastic phase shift   1 =    0.015   0.011 deg. for the L =   11, J =   10.5 channel.
      10.5  0.99960516  0.00050928i: elastic S-matrix  @@      0.00  0   0 F  0
 Reaction Xsec    10.5-/11 @ 1 =   0.178 , Out:   0.000#


 Total SPIN, PARITY =    11.5 +,      1 chs,      0 cc.  Rmin & Coul turning =    0.5    9.5
   S-matrix    1 =    0.99987   0.00018 for L=   12, J=   11.5 channel on core I =   0.0 from L=   12,  Acc. loss =  0.0 D.
 Elastic phase shift   1 =    0.005   0.004 deg. for the L =   12, J =   11.5 channel.
      11.5  0.99986533  0.00017639i: elastic S-matrix  @@      0.00  0   0 F  0
 Reaction Xsec    11.5+/12 @ 1 =   0.066 , Out:   0.000#


 Total SPIN, PARITY =    11.5 -,      1 chs,      0 cc.  Rmin & Coul turning =    0.5    9.5
   S-matrix    1 =    0.99960   0.00067 for L=   11, J=   11.5 channel on core I =   0.0 from L=   11,  Acc. loss =  0.0 D.
 Elastic phase shift   1 =    0.019   0.011 deg. for the L =   11, J =   11.5 channel.
      11.5  0.99960461  0.00067201i: elastic S-matrix  @@      0.00  0   0 F  0
 Reaction Xsec    11.5-/11 @ 1 =   0.195 , Out:   0.000#


 Total SPIN, PARITY =    12.5 +,      1 chs,      0 cc.  Rmin & Coul turning =    0.6   10.3
   S-matrix    1 =    0.99987   0.00023 for L=   12, J=   12.5 channel on core I =   0.0 from L=   12,  Acc. loss =  0.0 D.
 Elastic phase shift   1 =    0.007   0.004 deg. for the L =   12, J =   12.5 channel.
      12.5  0.99986526  0.00022703i: elastic S-matrix  @@      0.00  0   0 F  0
 Reaction Xsec    12.5+/12 @ 1 =   0.072 , Out:   0.000#


 Total SPIN, PARITY =    12.5 -,      1 chs,      0 cc.  Rmin & Coul turning =    0.6   10.3
   S-matrix    1 =    0.99995   0.00006 for L=   13, J=   12.5 channel on core I =   0.0 from L=   13,  Acc. loss =  0.0 D.
 Elastic phase shift   1 =    0.002   0.001 deg. for the L =   13, J =   12.5 channel.
      12.5  0.99995419  0.00006081i: elastic S-matrix  @@      0.00  0   0 F  0
 Reaction Xsec    12.5-/13 @ 1 =   0.024 , Out:   0.000#


 Total SPIN, PARITY =    13.5 +,      1 chs,      0 cc.  Rmin & Coul turning =    0.6   11.1
   S-matrix    1 =    0.99998   0.00002 for L=   14, J=   13.5 channel on core I =   0.0 from L=   14,  Acc. loss =  0.0 D.
 Elastic phase shift   1 =    0.001   0.000 deg. for the L =   14, J =   13.5 channel.
      13.5  0.99998446  0.00002088i: elastic S-matrix  @@      0.00  0   0 F  0
 Reaction Xsec    13.5+/14 @ 1 =   8.942/, Out:   0.000#


 Total SPIN, PARITY =    13.5 -,      1 chs,      0 cc.  Rmin & Coul turning =    0.6   11.1
   S-matrix    1 =    0.99995   0.00008 for L=   13, J=   13.5 channel on core I =   0.0 from L=   13,  Acc. loss =  0.0 D.
 Elastic phase shift   1 =    0.002   0.001 deg. for the L =   13, J =   13.5 channel.
      13.5  0.99995419  0.00007653i: elastic S-matrix  @@      0.00  0   0 F  0
 Reaction Xsec    13.5-/13 @ 1 =   0.026 , Out:   0.000#


 Total SPIN, PARITY =    14.5 +,      1 chs,      0 cc.  Rmin & Coul turning =    0.7   11.9
   S-matrix    1 =    0.99998   0.00003 for L=   14, J=   14.5 channel on core I =   0.0 from L=   14,  Acc. loss =  0.0 D.
 Elastic phase shift   1 =    0.001   0.000 deg. for the L =   14, J =   14.5 channel.
      14.5  0.99998446  0.00002575i: elastic S-matrix  @@      0.00  0   0 F  0
 Reaction Xsec    14.5+/14 @ 1 =   9.581/, Out:   0.000#


 Total SPIN, PARITY =    14.5 -,      1 chs,      0 cc.  Rmin & Coul turning =    0.7   11.9
   S-matrix    1 =    0.99999   0.00001 for L=   15, J=   14.5 channel on core I =   0.0 from L=   15,  Acc. loss =  0.0 D.
 Elastic phase shift   1 =    0.000   0.000 deg. for the L =   15, J =   14.5 channel.
      14.5  0.99999474  0.00000715i: elastic S-matrix  @@      0.00  0   0 F  0
 Reaction Xsec    14.5-/15 @ 1 =   3.244/, Out:   0.000#


 Total SPIN, PARITY =    15.5 +,      1 chs,      0 cc.  Rmin & Coul turning =    0.7   12.7
   S-matrix    1 =    1.00000   0.00000 for L=   16, J=   15.5 channel on core I =   0.0 from L=   16,  Acc. loss =  0.0 D.
 Elastic phase shift   1 =    0.000   0.000 deg. for the L =   16, J =   15.5 channel.
      15.5  0.99999822  0.00000244i: elastic S-matrix  @@      0.00  0   0 F  0
 Reaction Xsec    15.5+/16 @ 1 =   1.170/, Out:   0.000#


 Total SPIN, PARITY =    15.5 -,      1 chs,      0 cc.  Rmin & Coul turning =    0.7   12.7
   S-matrix    1 =    0.99999   0.00001 for L=   15, J=   15.5 channel on core I =   0.0 from L=   15,  Acc. loss =  0.0 D.
 Elastic phase shift   1 =    0.000   0.000 deg. for the L =   15, J =   15.5 channel.
      15.5  0.99999474  0.00000865i: elastic S-matrix  @@      0.00  0   0 F  0
 Reaction Xsec    15.5-/15 @ 1 =   3.461/, Out:   0.000#


 Total SPIN, PARITY =    16.5 +,      1 chs,      0 cc.  Rmin & Coul turning =    0.8   13.5
   S-matrix    1 =    1.00000   0.00000 for L=   16, J=   16.5 channel on core I =   0.0 from L=   16,  Acc. loss =  0.0 D.
 Elastic phase shift   1 =    0.000   0.000 deg. for the L =   16, J =   16.5 channel.
      16.5  0.99999822  0.00000290i: elastic S-matrix  @@      0.00  0   0 F  0
 Reaction Xsec    16.5+/16 @ 1 =   1.243/, Out:   0.000#


 Total SPIN, PARITY =    16.5 -,      1 chs,      0 cc.  Rmin & Coul turning =    0.8   13.5
   S-matrix    1 =    1.00000   0.00000 for L=   17, J=   16.5 channel on core I =   0.0 from L=   17,  Acc. loss =  0.0 D.
 Elastic phase shift   1 =    0.000   0.000 deg. for the L =   17, J =   16.5 channel.
      16.5  0.99999940  0.00000083i: elastic S-matrix  @@      0.00  0   0 F  0
 Reaction Xsec    16.5-/17 @ 1 =   0.419/, Out:   0.000#


 Total SPIN, PARITY =    17.5 +,      1 chs,      0 cc.  Rmin & Coul turning =    0.8   14.3
   S-matrix    1 =    1.00000   0.00000 for L=   18, J=   17.5 channel on core I =   0.0 from L=   18,  Acc. loss =  0.0 D.
 Elastic phase shift   1 =    0.000   0.000 deg. for the L =   18, J =   17.5 channel.
      17.5  0.99999980  0.00000028i: elastic S-matrix  @@      0.00  0   0 F  0
 Reaction Xsec    17.5+/18 @ 1 =   0.150/, Out:   0.000#


 Total SPIN, PARITY =    17.5 -,      1 chs,      0 cc.  Rmin & Coul turning =    0.8   14.3
   S-matrix    1 =    1.00000   0.00000 for L=   17, J=   17.5 channel on core I =   0.0 from L=   17,  Acc. loss =  0.0 D.
 Elastic phase shift   1 =    0.000   0.000 deg. for the L =   17, J =   17.5 channel.
      17.5  0.99999940  0.00000097i: elastic S-matrix  @@      0.00  0   0 F  0
 Reaction Xsec    17.5-/17 @ 1 =   0.444/, Out:   0.000#

 Finished all CC sets @    5.90999983E-03
0CUMULATIVE REACTION cross section                 =  513.37298  <L> =     3.79  <L**2> =     17.5
0CUMULATIVE outgoing cross sections in partition 1 :    0.00000
0Cumulative ABSORBTION by Imaginary Potentials     =  513.37298  <L> =     3.79  <L**2> =     17.5
   Fusion for specific p        M-states :  513.372984  513.372984
0CUMULATIVE OUTGOING cross section                 =    0.00000
 To convert to S-factors (MeV.mb = keV.b),  multiply by  1.2763E+02


 CROSS SECTIONS FOR OUTGOING p        & O20      in state #   1 with spins & parities 0.5  + &  0.0  +;  0

     3.00 deg.: X-S =   1.2754E+05 mb/sr,
+                                         /R =   8.0173E-01
     4.00 deg.: X-S =   3.4636E+04 mb/sr,
+                                         /R =   6.8785E-01
     5.00 deg.: X-S =   1.1989E+04 mb/sr,
+                                         /R =   5.8101E-01
     6.00 deg.: X-S =  4991.108788 mb/sr,
+                                         /R =   5.0129E-01
     7.00 deg.: X-S =  2521.297622 mb/sr,
+                                         /R =   4.6883E-01
     8.00 deg.: X-S =  1586.514577 mb/sr,
+                                         /R =   5.0289E-01
     9.00 deg.: X-S =  1223.726587 mb/sr,
+                                         /R =   6.2080E-01
    10.00 deg.: X-S =  1083.481355 mb/sr,
+                                         /R =   8.3695E-01
    11.00 deg.: X-S =  1028.461631 mb/sr,
+                                         /R =   1.1619E+00
    12.00 deg.: X-S =  1002.190141 mb/sr,
+                                         /R =   1.6017E+00
    13.00 deg.: X-S =   981.246528 mb/sr,
+                                         /R =   2.1573E+00
    14.00 deg.: X-S =   956.399032 mb/sr,
+                                         /R =   2.8243E+00
    15.00 deg.: X-S =   924.671999 mb/sr,
+                                         /R =   3.5931E+00
    16.00 deg.: X-S =   885.849042 mb/sr,
+                                         /R =   4.4491E+00
    17.00 deg.: X-S =   840.878422 mb/sr,
+                                         /R =   5.3732E+00
    18.00 deg.: X-S =   791.131023 mb/sr,
+                                         /R =   6.3426E+00
    19.00 deg.: X-S =   738.053816 mb/sr,
+                                         /R =   7.3319E+00
    20.00 deg.: X-S =   683.011500 mb/sr,
+                                         /R =   8.3138E+00
    21.00 deg.: X-S =   627.219180 mb/sr,
+                                         /R =   9.2607E+00
    22.00 deg.: X-S =   571.719421 mb/sr,
+                                         /R =   1.0145E+01
    23.00 deg.: X-S =   517.380840 mb/sr,
+                                         /R =   1.0943E+01
    24.00 deg.: X-S =   464.906906 mb/sr,
+                                         /R =   1.1630E+01
    25.00 deg.: X-S =   414.849330 mb/sr,
+                                         /R =   1.2188E+01
    26.00 deg.: X-S =   367.623209 mb/sr,
+                                         /R =   1.2602E+01
    27.00 deg.: X-S =   323.522552 mb/sr,
+                                         /R =   1.2863E+01
    28.00 deg.: X-S =   282.735470 mb/sr,
+                                         /R =   1.2965E+01
    29.00 deg.: X-S =   245.358717 mb/sr,
+                                         /R =   1.2909E+01
    30.00 deg.: X-S =   211.411395 mb/sr,
+                                         /R =   1.2700E+01
    31.00 deg.: X-S =   180.847730 mb/sr,
+                                         /R =   1.2348E+01
    32.00 deg.: X-S =   153.568895 mb/sr,
+                                         /R =   1.1867E+01
    33.00 deg.: X-S =   129.433822 mb/sr,
+                                         /R =   1.1275E+01
    34.00 deg.: X-S =   108.269012 mb/sr,
+                                         /R =   1.0591E+01
    35.00 deg.: X-S =    89.877333 mb/sr,
+                                         /R =   9.8381E+00
    36.00 deg.: X-S =    74.045807 mb/sr,
+                                         /R =   9.0390E+00
    37.00 deg.: X-S =    60.552420 mb/sr,
+                                         /R =   8.2173E+00
    38.00 deg.: X-S =    49.171970 mb/sr,
+                                         /R =   7.3957E+00
    39.00 deg.: X-S =    39.681005 mb/sr,
+                                         /R =   6.5956E+00
    40.00 deg.: X-S =    31.861895 mb/sr,
+                                         /R =   5.8367E+00
    41.00 deg.: X-S =    25.506097 mb/sr,
+                                         /R =   5.1361E+00
    42.00 deg.: X-S =    20.416682 mb/sr,
+                                         /R =   4.5081E+00
    43.00 deg.: X-S =    16.410190 mb/sr,
+                                         /R =   3.9638E+00
    44.00 deg.: X-S =    13.317882 mb/sr,
+                                         /R =   3.5110E+00
    45.00 deg.: X-S =    10.986472 mb/sr,
+                                         /R =   3.1543E+00
    46.00 deg.: X-S =     9.278406 mb/sr,
+                                         /R =   2.8952E+00
    47.00 deg.: X-S =     8.071757 mb/sr,
+                                         /R =   2.7319E+00
    48.00 deg.: X-S =     7.259808 mb/sr,
+                                         /R =   2.6599E+00
    49.00 deg.: X-S =     6.750386 mb/sr,
+                                         /R =   2.6726E+00
    50.00 deg.: X-S =     6.465001 mb/sr,
+                                         /R =   2.7609E+00
    51.00 deg.: X-S =     6.337853 mb/sr,
+                                         /R =   2.9146E+00
    52.00 deg.: X-S =     6.314736 mb/sr,
+                                         /R =   3.1219E+00
    53.00 deg.: X-S =     6.351901 mb/sr,
+                                         /R =   3.3706E+00
    54.00 deg.: X-S =     6.414896 mb/sr,
+                                         /R =   3.6481E+00
    55.00 deg.: X-S =     6.477423 mb/sr,
+                                         /R =   3.9420E+00
    56.00 deg.: X-S =     6.520228 mb/sr,
+                                         /R =   4.2403E+00
    57.00 deg.: X-S =     6.530047 mb/sr,
+                                         /R =   4.5317E+00
    58.00 deg.: X-S =     6.498624 mb/sr,
+                                         /R =   4.8062E+00
    59.00 deg.: X-S =     6.421799 mb/sr,
+                                         /R =   5.0548E+00
    60.00 deg.: X-S =     6.298692 mb/sr,
+                                         /R =   5.2701E+00
    61.00 deg.: X-S =     6.130967 mb/sr,
+                                         /R =   5.4462E+00
    62.00 deg.: X-S =     5.922186 mb/sr,
+                                         /R =   5.5787E+00
    63.00 deg.: X-S =     5.677250 mb/sr,
+                                         /R =   5.6646E+00
    64.00 deg.: X-S =     5.401923 mb/sr,
+                                         /R =   5.7027E+00
    65.00 deg.: X-S =     5.102435 mb/sr,
+                                         /R =   5.6929E+00
    66.00 deg.: X-S =     4.785153 mb/sr,
+                                         /R =   5.6367E+00
    67.00 deg.: X-S =     4.456326 mb/sr,
+                                         /R =   5.5364E+00
    68.00 deg.: X-S =     4.121880 mb/sr,
+                                         /R =   5.3955E+00
    69.00 deg.: X-S =     3.787274 mb/sr,
+                                         /R =   5.2183E+00
    70.00 deg.: X-S =     3.457395 mb/sr,
+                                         /R =   5.0096E+00
    71.00 deg.: X-S =     3.136494 mb/sr,
+                                         /R =   4.7748E+00
    72.00 deg.: X-S =     2.828158 mb/sr,
+                                         /R =   4.5193E+00
    73.00 deg.: X-S =     2.535302 mb/sr,
+                                         /R =   4.2489E+00
    74.00 deg.: X-S =     2.260189 mb/sr,
+                                         /R =   3.9691E+00
    75.00 deg.: X-S =     2.004463 mb/sr,
+                                         /R =   3.6853E+00
    76.00 deg.: X-S =     1.769194 mb/sr,
+                                         /R =   3.4028E+00
    77.00 deg.: X-S =     1.554934 mb/sr,
+                                         /R =   3.1261E+00
    78.00 deg.: X-S =     1.361776 mb/sr,
+                                         /R =   2.8595E+00
    79.00 deg.: X-S =     1.189417 mb/sr,
+                                         /R =   2.6066E+00
    80.00 deg.: X-S =     1.037219 mb/sr,
+                                         /R =   2.3705E+00
    81.00 deg.: X-S =     0.904274 mb/sr,
+                                         /R =   2.1536E+00
    82.00 deg.: X-S =     0.789457 mb/sr,
+                                         /R =   1.9579E+00
    83.00 deg.: X-S =     0.691485 mb/sr,
+                                         /R =   1.7846E+00
    84.00 deg.: X-S =     0.608966 mb/sr,
+                                         /R =   1.6343E+00
    85.00 deg.: X-S =     0.540440 mb/sr,
+                                         /R =   1.5072E+00
    86.00 deg.: X-S =     0.484422 mb/sr,
+                                         /R =   1.4030E+00
    87.00 deg.: X-S =     0.439435 mb/sr,
+                                         /R =   1.3208E+00
    88.00 deg.: X-S =     0.404035 mb/sr,
+                                         /R =   1.2595E+00
    89.00 deg.: X-S =     0.376840 mb/sr,
+                                         /R =   1.2176E+00
    90.00 deg.: X-S =     0.356543 mb/sr,
+                                         /R =   1.1933E+00
    91.00 deg.: X-S =     0.341928 mb/sr,
+                                         /R =   1.1847E+00
    92.00 deg.: X-S =     0.331879 mb/sr,
+                                         /R =   1.1896E+00
    93.00 deg.: X-S =     0.325386 mb/sr,
+                                         /R =   1.2060E+00
    94.00 deg.: X-S =     0.321549 mb/sr,
+                                         /R =   1.2315E+00
    95.00 deg.: X-S =     0.319578 mb/sr,
+                                         /R =   1.2641E+00
    96.00 deg.: X-S =     0.318788 mb/sr,
+                                         /R =   1.3016E+00
    97.00 deg.: X-S =     0.318601 mb/sr,
+                                         /R =   1.3420E+00
    98.00 deg.: X-S =     0.318533 mb/sr,
+                                         /R =   1.3835E+00
    99.00 deg.: X-S =     0.318194 mb/sr,
+                                         /R =   1.4242E+00
   100.00 deg.: X-S =     0.317278 mb/sr,
+                                         /R =   1.4627E+00
   101.00 deg.: X-S =     0.315554 mb/sr,
+                                         /R =   1.4976E+00
   102.00 deg.: X-S =     0.312861 mb/sr,
+                                         /R =   1.5278E+00
   103.00 deg.: X-S =     0.309097 mb/sr,
+                                         /R =   1.5523E+00
   104.00 deg.: X-S =     0.304211 mb/sr,
+                                         /R =   1.5703E+00
   105.00 deg.: X-S =     0.298199 mb/sr,
+                                         /R =   1.5815E+00
   106.00 deg.: X-S =     0.291091 mb/sr,
+                                         /R =   1.5853E+00
   107.00 deg.: X-S =     0.282948 mb/sr,
+                                         /R =   1.5817E+00
   108.00 deg.: X-S =     0.273856 mb/sr,
+                                         /R =   1.5705E+00
   109.00 deg.: X-S =     0.263916 mb/sr,
+                                         /R =   1.5520E+00
   110.00 deg.: X-S =     0.253243 mb/sr,
+                                         /R =   1.5265E+00
   111.00 deg.: X-S =     0.241961 mb/sr,
+                                         /R =   1.4942E+00
   112.00 deg.: X-S =     0.230194 mb/sr,
+                                         /R =   1.4557E+00
   113.00 deg.: X-S =     0.218072 mb/sr,
+                                         /R =   1.4116E+00
   114.00 deg.: X-S =     0.205716 mb/sr,
+                                         /R =   1.3625E+00
   115.00 deg.: X-S =     0.193248 mb/sr,
+                                         /R =   1.3090E+00
   116.00 deg.: X-S =     0.180779 mb/sr,
+                                         /R =   1.2518E+00
   117.00 deg.: X-S =     0.168414 mb/sr,
+                                         /R =   1.1916E+00
   118.00 deg.: X-S =     0.156247 mb/sr,
+                                         /R =   1.1292E+00
   119.00 deg.: X-S =     0.144365 mb/sr,
+                                         /R =   1.0652E+00
   120.00 deg.: X-S =     0.132840 mb/sr,
+                                         /R =   1.0003E+00
   121.00 deg.: X-S =     0.121738 mb/sr,
+                                         /R =   9.3520E-01
   122.00 deg.: X-S =     0.111112 mb/sr,
+                                         /R =   8.7043E-01
   123.00 deg.: X-S =     0.101007 mb/sr,
+                                         /R =   8.0656E-01
   124.00 deg.: X-S =     0.091455 mb/sr,
+                                         /R =   7.4411E-01
   125.00 deg.: X-S =     0.082482 mb/sr,
+                                         /R =   6.8355E-01
   126.00 deg.: X-S =     0.074105 mb/sr,
+                                         /R =   6.2527E-01
   127.00 deg.: X-S =     0.066333 mb/sr,
+                                         /R =   5.6963E-01
   128.00 deg.: X-S =     0.059169 mb/sr,
+                                         /R =   5.1692E-01
   129.00 deg.: X-S =     0.052608 mb/sr,
+                                         /R =   4.6741E-01
   130.00 deg.: X-S =     0.046641 mb/sr,
+                                         /R =   4.2127E-01
   131.00 deg.: X-S =     0.041255 mb/sr,
+                                         /R =   3.7867E-01
   132.00 deg.: X-S =     0.036433 mb/sr,
+                                         /R =   3.3971E-01
   133.00 deg.: X-S =     0.032153 mb/sr,
+                                         /R =   3.0444E-01
   134.00 deg.: X-S =     0.028394 mb/sr,
+                                         /R =   2.7291E-01
   135.00 deg.: X-S =     0.025131 mb/sr,
+                                         /R =   2.4511E-01
   136.00 deg.: X-S =     0.022337 mb/sr,
+                                         /R =   2.2100E-01
   137.00 deg.: X-S =     0.019987 mb/sr,
+                                         /R =   2.0052E-01
   138.00 deg.: X-S =     0.018053 mb/sr,
+                                         /R =   1.8359E-01
   139.00 deg.: X-S =     0.016508 mb/sr,
+                                         /R =   1.7012E-01
   140.00 deg.: X-S =     0.015326 mb/sr,
+                                         /R =   1.5998E-01
   141.00 deg.: X-S =     0.014481 mb/sr,
+                                         /R =   1.5307E-01
   142.00 deg.: X-S =     0.013948 mb/sr,
+                                         /R =   1.4924E-01
   143.00 deg.: X-S =     0.013701 mb/sr,
+                                         /R =   1.4835E-01
   144.00 deg.: X-S =     0.013718 mb/sr,
+                                         /R =   1.5025E-01
   145.00 deg.: X-S =     0.013977 mb/sr,
+                                         /R =   1.5480E-01
   146.00 deg.: X-S =     0.014456 mb/sr,
+                                         /R =   1.6185E-01
   147.00 deg.: X-S =     0.015135 mb/sr,
+                                         /R =   1.7125E-01
   148.00 deg.: X-S =     0.015996 mb/sr,
+                                         /R =   1.8284E-01
   149.00 deg.: X-S =     0.017020 mb/sr,
+                                         /R =   1.9647E-01
   150.00 deg.: X-S =     0.018191 mb/sr,
+                                         /R =   2.1199E-01
   151.00 deg.: X-S =     0.019492 mb/sr,
+                                         /R =   2.2925E-01
   152.00 deg.: X-S =     0.020908 mb/sr,
+                                         /R =   2.4810E-01
   153.00 deg.: X-S =     0.022425 mb/sr,
+                                         /R =   2.6838E-01
   154.00 deg.: X-S =     0.024029 mb/sr,
+                                         /R =   2.8995E-01
   155.00 deg.: X-S =     0.025706 mb/sr,
+                                         /R =   3.1264E-01
   156.00 deg.: X-S =     0.027443 mb/sr,
+                                         /R =   3.3632E-01
   157.00 deg.: X-S =     0.029229 mb/sr,
+                                         /R =   3.6081E-01
   158.00 deg.: X-S =     0.031050 mb/sr,
+                                         /R =   3.8596E-01
   159.00 deg.: X-S =     0.032895 mb/sr,
+                                         /R =   4.1161E-01
   160.00 deg.: X-S =     0.034752 mb/sr,
+                                         /R =   4.3760E-01
   161.00 deg.: X-S =     0.036609 mb/sr,
+                                         /R =   4.6376E-01
   162.00 deg.: X-S =     0.038456 mb/sr,
+                                         /R =   4.8993E-01
   163.00 deg.: X-S =     0.040280 mb/sr,
+                                         /R =   5.1594E-01
   164.00 deg.: X-S =     0.042071 mb/sr,
+                                         /R =   5.4161E-01
   165.00 deg.: X-S =     0.043818 mb/sr,
+                                         /R =   5.6679E-01
   166.00 deg.: X-S =     0.045511 mb/sr,
+                                         /R =   5.9130E-01
   167.00 deg.: X-S =     0.047138 mb/sr,
+                                         /R =   6.1498E-01
   168.00 deg.: X-S =     0.048691 mb/sr,
+                                         /R =   6.3767E-01
   169.00 deg.: X-S =     0.050159 mb/sr,
+                                         /R =   6.5921E-01
   170.00 deg.: X-S =     0.051533 mb/sr,
+                                         /R =   6.7944E-01
   171.00 deg.: X-S =     0.052804 mb/sr,
+                                         /R =   6.9823E-01
   172.00 deg.: X-S =     0.053966 mb/sr,
+                                         /R =   7.1544E-01
   173.00 deg.: X-S =     0.055009 mb/sr,
+                                         /R =   7.3094E-01
   174.00 deg.: X-S =     0.055927 mb/sr,
+                                         /R =   7.4462E-01
   175.00 deg.: X-S =     0.056715 mb/sr,
+                                         /R =   7.5637E-01
   176.00 deg.: X-S =     0.057367 mb/sr,
+                                         /R =   7.6611E-01
   177.00 deg.: X-S =     0.057878 mb/sr,
+                                         /R =   7.7377E-01
   178.00 deg.: X-S =     0.058246 mb/sr,
+                                         /R =   7.7928E-01
   179.00 deg.: X-S =     0.058467 mb/sr,
+                                         /R =   7.8260E-01
   179.99 deg.: X-S =     0.058541 mb/sr,
+                                         /R =   7.8371E-01
                                           Integrated 1784.2846 mb, over [   3.000, 180.000] at    35.0000 MeV 
 Finished all xsecs @    7.10499939E-03

  The following files have been created:
   3:local copy of User input.            6:standard output.                   
   7:elastic  S-matrix elements.         13:total cross sections/state.        
  16:tables of cross sections.           38:cross sections for each J/pi.      
  39:cross sections for each Ecm.        40:all cross sectns. for each Elab.   
  45:scat phase shift as E functions.    56:Fusion for each Jtotal.            
 201:Separate cross sections.           

 PARAMETERS : MAXQRN   MFNL   MLOC  LMAX1 MCLIST
    ALLOWED :      1      1      4     70      6
    REQUIRED:      0      0      4     19      4


 ACCURACY ANALYSIS at    35.000 MeV :

  Elastic h*k = 0.037 so OK       compared with 0.200

   Real(S-el) > 0.01 first at J =       2.5
   Real(S-el) > 0.10 first at J =       2.5
   Real(S-el) > 0.50 first at J =       3.5
   Real(S-el) > 0.90 first at J =       5.5
   Real(S-el) > 0.99 first at J =       7.5
   R-turn =    14.32 fm    at J =      17.5

 Forward-angle excitation cut off below   1.361 deg by max JT =      17.5
                              and below   0.330 deg by max R.

