 FRESCO - FRES 3.4: Coupled Reaction Channels
 Assuming NAMELIST input.

 p+O20 3- E. Khan reanalysis;                                                    

   0.030  60.000   0.500   0.000   0.000   0.000   0.000   0.000   0.000   0.000

 Centre-of-mass Range is   2002 * 0.0300 fm., Maximum at  60.00 fm., Interpolating NL forms every  0.51 fm.
 Non - locality width is      4 * 0.0300 fm., Maximum of   0.09 fm., Centred at  0.00 fm.
 2-Nucleon Separation of      0 * 0.5100 fm., Maximum of   0.00 fm., Minimum at  0.00 fm.
 Maximum single particle bins of 59.6700 fm.
               M,Mint =         2001        1990


 Range of total J is     0.0 <= J <=    50.0 (at least     0.0) and Absorbtion =>    -1.0000 mb.
 Dry Run = F, CC set limits =  0  0, Relativistic kinematics =  , Both/Far/Near Analyses =  1                     

 Cross Sections (and up to T0 for 0=projectile) for Theta from   3.0 to-180.0 in steps of  1.0 degrees, DGAM=0,  Coordinates = 0 (Mads)

 Lower Radial Cutoff = maximum of -1.60*L*h &       0.0 fm.,  Lower Cutoff for Couplings =   0.0  fm.


 Iterate Couplings between   0 and   1 times, to  0.000 % if sooner.                                          
  Block solved exactly =   2 chs., with Pade = 0 & Isocen =  =0, NOSOL = F, initwf =  0
  NL quadrature with   18 Gaussian points, Calculate multipoles up to    56 from   0
  M-transfers for lp+lt greater than or equal to  6, Angular Integration Cutoff below  2.7778 %


 Trace switches are :  CHANS =  1, LISTCC =  0, TRENEG =  0, CDETR =  0, SMATS =  2, XSTABL =  1, NLPL =  0

                       WAVES =  0, LAMPL =  0, VEFF =  0, KFUS =  0, WDISK =  0, BPM =  0, MELFIL =  0

                       CDCC =  0, NFUS =  0

 Using unit mass = 1.000000 amu and 1/fine-structure constant = 137.03599 ( 1.000000 * true ) with hc = 197.32705 MeV.fm,
  thus 2*amu/hbar^2 = 0.0478450 = 1/20.9008 and Coulomb constant = 0.1574855 so e^2 = 1.43997, and nuclear magneton= 0.1261183

 Now pre-scan input and save to file 3



 *********** PARTITION NUMBER  1 ******************************************************************************************

   PROJ=p          MASS=  1.0073 Z=   1.0,        # STATES=    2T, TARG=O20      MASS= 19.9997 Z=   8.0,     Q-VALUE =  -0.0000 MEV.

     1:  J= 0.5+ (B# 1), E=  0.0000, K= 0.5              Potl#  1       J= 0.0+ (B# 1), E=  0.0000, K= 0.0    

     2:  J= 0.5+ (B# 1), E=  0.0000, K= 0.5              Potl#  1       J= 3.0- (B#-1), E=  5.6100, K= 0.0    
                                  (Just State  1)


 ************************************************************************************************************************************

 The following POTENTIALS are defined :

  KP#       TYPE      IT    SHAPE      at     V1        r1        a1        V2        r2        a2        A-in     A-used


                                            A#1       A#2        r0c       ac                                                h @ 1
    1    0=Coulomb       0=CHARGE (WS)  1    20.000     0.000    1.2000    0.0000    0.0000    0.0000     0.000    20.000   0.03000

                                           Mn(E1)    Mn(E2)    Mn(E3)  .....
    1   11=Target defm  10=derivatives  2    0.0000    0.0000   40.0000    0.0000    0.0000    0.0000     0.000     3.257= RADIUS

              At    2 is k =  3 (Potl. beta = 0.60602)
                                     Beta of targ. = 0.60602 (using radius of 3.257 fm.).

    1    1=Volume        0=Woods-Saxon  3   46.1325    1.1700    0.7500    0.0000    0.0000    0.0000     0.000    20.000

                                            Def1      Def2      Def3   .....
    1   11=Target defm  10=derivatives  4    0.0000    0.0000    1.2068    0.0000    0.0000    0.0000     0.000     3.176= RADIUS

              At    4 is k =  3 (Potl. beta = 0.38000)
                                     Beta of targ. = 0.38000 (using radius of 3.176 fm.).

    1    1=Volume        0=Woods-Saxon  5    0.0000    0.0000    0.0000    6.8194    1.3200    0.6500     0.000    20.000

                                            Def1      Def2      Def3   .....
    1   11=Target defm  10=derivatives  6    0.0000    0.0000    1.3615    0.0000    0.0000    0.0000     0.000     3.583= RADIUS

              At    6 is k =  3 (Potl. beta = 0.38000)
                                     Beta of targ. = 0.38000 (using radius of 3.583 fm.).

    1    2=Surface       0=Woods-Saxon  7    0.0000    0.0000    0.0000    3.3825    1.3200    0.6500     0.000    20.000

                                            Def1      Def2      Def3   .....
    1   11=Target defm  10=derivatives  8    0.0000    0.0000    1.3615    0.0000    0.0000    0.0000     0.000     3.583= RADIUS

              At    8 is k =  3 (Potl. beta = 0.38000)
                                     Beta of targ. = 0.38000 (using radius of 3.583 fm.).

    1    3=Projtl S.O.   0=Woods-Saxon  9    3.1000    1.0100    0.7500    0.0000    0.0000    0.0000     0.000    20.000

 Incoming partition  1 in excitation state # 1,   Laboratory Energy given for partition  1 Nucleus 1 in Excitation pair 1

0Lab. ENERGY ranges :

   from    43.2700     to   0.00000     in     0 intervals
   from    0.00000     to   0.00000     in     0 intervals
   from    0.00000     to   0.00000     in     0 intervals

 Largest real,imaginary parts of any form factor at R=   59.52 are   2.42E-02  3.62E-32 MeV
 Finished all Couplings @    6.21000072E-04           9

 Symmetric Hamiltonian
1***********************************************************************************************************************************
************************************************************************************************************************************

        INCOMING p        ;    LABORATORY p        ENERGY =   43.270     MeV.

 ***********************************************************************************************************************************
 ***********************************************************************************************************************************

 Allocate arrays for            3  channels, of which            3  need wfs.

 ######################################################################################################################
 #                                                                                                                    #
 # Total SPIN and PARITY =     0.5 +,      3 channels,    3 in 1st block.  Rmin & Coul turning =    0.0    0.3 fm.  #
 #                                                                                                                    #
 ######################################################################################################################



    C Projectl Target   #   EX.   (L  Proj) J  + Targ = Jtotal     E-cm      Re K     Re Eta     RM*K            CH
    1 p        O20      #    1: I   0 0.5    0.5  0.0     0.5    41.19522   1.37482   0.19223   82.4893   0.13909   0.48087 1 1 1   1
    2 p        O20      #    2:     3 0.5    2.5  3.0     0.5    35.58522   1.27778   0.20682   76.6671  -0.42267  -0.26886 1 1 1   2
    3 p        O20      #    2:     3 0.5    3.5  3.0     0.5    35.58522   1.27778   0.20682   76.6671  -0.42267  -0.26886 1 1 1   2
   S-matrix    1 =    0.08587  -0.39026 for L=    0, J=    0.5 channel on core I =   0.0 from L=    0,  Acc. loss =  0.0 D.
 Elastic phase shift   1 =  -38.795  26.279 deg. for the L =    0, J =    0.5 channel.
       0.5  0.08587157 -0.39025772i: elastic S-matrix  @@      0.00  0   0 F  0
 Reaction Xsec     0.5+/ 0 @ 1 =  13.967 , Out:   0.000#   0.118   13.849f


 Total SPIN, PARITY =     0.5 -,      3 chs,      3 cc.  Rmin & Coul turning =    0.0    0.3
   S-matrix    1 =   -0.16975  -0.35404 for L=    1, J=    0.5 channel on core I =   0.0 from L=    1,  Acc. loss =  0.1 D.
 Elastic phase shift   1 =  -57.808  26.783 deg. for the L =    1, J =    0.5 channel.
       0.5 -0.16974854 -0.35403920i: elastic S-matrix  @@      0.00  0   0 F  0
 Reaction Xsec     0.5-/ 1 @ 1 =  14.059 , Out:   0.000#   0.167   13.892f

 Allocate arrays for            5  channels, of which            5  need wfs.

 Total SPIN, PARITY =     1.5 +,      5 chs,      5 cc.  Rmin & Coul turning =    0.0    1.2
   S-matrix    1 =   -0.35446  -0.17272 for L=    2, J=    1.5 channel on core I =   0.0 from L=    2,  Acc. loss =  0.0 D.
 Elastic phase shift   1 =  -77.011  26.661 deg. for the L =    2, J =    1.5 channel.
       1.5 -0.35445954 -0.17272082i: elastic S-matrix  @@      0.00  0   0 F  0
 Reaction Xsec     1.5+/ 2 @ 1 =  28.074 , Out:   0.000#   0.378   27.696f


 Total SPIN, PARITY =     1.5 -,      5 chs,      5 cc.  Rmin & Coul turning =    0.0    1.2
   S-matrix    1 =   -0.09399  -0.38788 for L=    1, J=    1.5 channel on core I =   0.0 from L=    1,  Acc. loss =  0.1 D.
 Elastic phase shift   1 =  -51.811  26.314 deg. for the L =    1, J =    1.5 channel.
       1.5 -0.09399088 -0.38787888i: elastic S-matrix  @@      0.00  0   0 F  0
 Reaction Xsec     1.5-/ 1 @ 1 =  27.947 , Out:   0.000#   0.324   27.623f

 Allocate arrays for            7  channels, of which            7  need wfs.

 Total SPIN, PARITY =     2.5 +,      7 chs,      7 cc.  Rmin & Coul turning =    0.1    1.9
   S-matrix    1 =   -0.26843  -0.29147 for L=    2, J=    2.5 channel on core I =   0.0 from L=    2,  Acc. loss =  0.0 D.
 Elastic phase shift   1 =  -66.322  26.520 deg. for the L =    2, J =    2.5 channel.
       2.5 -0.26842667 -0.29147325i: elastic S-matrix  @@      0.00  0   0 F  0
 Reaction Xsec     2.5+/ 2 @ 1 =  42.034 , Out:   0.000#   0.677   41.357f


 Total SPIN, PARITY =     2.5 -,      7 chs,      7 cc.  Rmin & Coul turning =    0.1    1.9
   S-matrix    1 =   -0.39320   0.07562 for L=    3, J=    2.5 channel on core I =   0.0 from L=    3,  Acc. loss =  0.1 D.
 Elastic phase shift   1 =   84.557  26.221 deg. for the L =    3, J =    2.5 channel.
       2.5 -0.39319554  0.07562337i: elastic S-matrix  @@      0.00  0   0 F  0
 Reaction Xsec     2.5-/ 3 @ 1 =  41.869 , Out:   0.000#   0.525   41.344f

 Allocate arrays for            8  channels, of which            8  need wfs.

 Total SPIN, PARITY =     3.5 +,      8 chs,      8 cc.  Rmin & Coul turning =    0.1    2.7
   S-matrix    1 =   -0.13101   0.30216 for L=    4, J=    3.5 channel on core I =   0.0 from L=    4,  Acc. loss =  0.0 D.
 Elastic phase shift   1 =   56.721  31.818 deg. for the L =    4, J =    3.5 channel.
       3.5 -0.13101210  0.30215760i: elastic S-matrix  @@      0.00  0   0 F  0
 Reaction Xsec     3.5+/ 4 @ 1 =  59.273 , Out:   0.000#   1.363   57.910f


 Total SPIN, PARITY =     3.5 -,      8 chs,      8 cc.  Rmin & Coul turning =    0.1    2.7
   S-matrix    1 =   -0.39860  -0.12923 for L=    3, J=    3.5 channel on core I =   0.0 from L=    3,  Acc. loss =  0.1 D.
 Elastic phase shift   1 =  -81.018  24.919 deg. for the L =    3, J =    3.5 channel.
       3.5 -0.39859922 -0.12923090i: elastic S-matrix  @@      0.00  0   0 F  0
 Reaction Xsec     3.5-/ 3 @ 1 =  54.811 , Out:   0.000#   0.790   54.021f


 Total SPIN, PARITY =     4.5 +,      8 chs,      8 cc.  Rmin & Coul turning =    0.2    3.4
   S-matrix    1 =   -0.30819   0.14571 for L=    4, J=    4.5 channel on core I =   0.0 from L=    4,  Acc. loss =  0.0 D.
 Elastic phase shift   1 =   77.348  30.830 deg. for the L =    4, J =    4.5 channel.
       4.5 -0.30818721  0.14570563i: elastic S-matrix  @@      0.00  0   0 F  0
 Reaction Xsec     4.5+/ 4 @ 1 =  73.447 , Out:   0.000#   1.528   71.920f


 Total SPIN, PARITY =     4.5 -,      8 chs,      8 cc.  Rmin & Coul turning =    0.2    3.4
   S-matrix    1 =    0.32803   0.37255 for L=    5, J=    4.5 channel on core I =   0.0 from L=    5,  Acc. loss =  0.0 D.
 Elastic phase shift   1 =   24.318  20.065 deg. for the L =    5, J =    4.5 channel.
       4.5  0.32803127  0.37254522i: elastic S-matrix  @@      0.00  0   0 F  0
 Reaction Xsec     4.5-/ 5 @ 1 =  62.628 , Out:   0.000#   1.972   60.656f


 Total SPIN, PARITY =     5.5 +,      8 chs,      8 cc.  Rmin & Coul turning =    0.2    4.1
   S-matrix    1 =    0.70631   0.26993 for L=    6, J=    5.5 channel on core I =   0.0 from L=    6,  Acc. loss =  0.0 D.
 Elastic phase shift   1 =   10.458   8.008 deg. for the L =    6, J =    5.5 channel.
       5.5  0.70630925  0.26992530i: elastic S-matrix  @@      0.00  0   0 F  0
 Reaction Xsec     5.5+/ 6 @ 1 =  42.709 , Out:   0.000#   1.119   41.590f


 Total SPIN, PARITY =     5.5 -,      8 chs,      8 cc.  Rmin & Coul turning =    0.2    4.1
   S-matrix    1 =    0.12358   0.39844 for L=    5, J=    5.5 channel on core I =   0.0 from L=    5,  Acc. loss =  0.0 D.
 Elastic phase shift   1 =   36.384  25.046 deg. for the L =    5, J =    5.5 channel.
       5.5  0.12358041  0.39844384i: elastic S-matrix  @@      0.00  0   0 F  0
 Reaction Xsec     5.5-/ 5 @ 1 =  82.371 , Out:   0.000#   2.438   79.932f


 Total SPIN, PARITY =     6.5 +,      8 chs,      8 cc.  Rmin & Coul turning =    0.3    4.9
   S-matrix    1 =    0.62195   0.35761 for L=    6, J=    6.5 channel on core I =   0.0 from L=    6,  Acc. loss =  0.0 D.
 Elastic phase shift   1 =   14.949   9.513 deg. for the L =    6, J =    6.5 channel.
       6.5  0.62195387  0.35760982i: elastic S-matrix  @@      0.00  0   0 F  0
 Reaction Xsec     6.5+/ 6 @ 1 =  56.462 , Out:   0.000#   1.551   54.911f


 Total SPIN, PARITY =     6.5 -,      8 chs,      8 cc.  Rmin & Coul turning =    0.3    4.9
   S-matrix    1 =    0.89254   0.14092 for L=    7, J=    6.5 channel on core I =   0.0 from L=    7,  Acc. loss =  0.0 D.
 Elastic phase shift   1 =    4.486   2.904 deg. for the L =    7, J =    6.5 channel.
       6.5  0.89254391  0.14091792i: elastic S-matrix  @@      0.00  0   0 F  0
 Reaction Xsec     6.5-/ 7 @ 1 =  21.351 , Out:   0.000#   0.443   20.908f


 Total SPIN, PARITY =     7.5 +,      8 chs,      8 cc.  Rmin & Coul turning =    0.3    5.6
   S-matrix    1 =    0.96228   0.06335 for L=    8, J=    7.5 channel on core I =   0.0 from L=    8,  Acc. loss =  0.0 D.
 Elastic phase shift   1 =    1.883   1.040 deg. for the L =    8, J =    7.5 channel.
       7.5  0.96227707  0.06334503i: elastic S-matrix  @@      0.00  0   0 F  0
 Reaction Xsec     7.5+/ 8 @ 1 =   9.309 , Out:   0.000#   0.180    9.129f


 Total SPIN, PARITY =     7.5 -,      8 chs,      8 cc.  Rmin & Coul turning =    0.3    5.6
   S-matrix    1 =    0.87334   0.19290 for L=    7, J=    7.5 channel on core I =   0.0 from L=    7,  Acc. loss =  0.0 D.
 Elastic phase shift   1 =    6.228   3.197 deg. for the L =    7, J =    7.5 channel.
       7.5  0.87334378  0.19290367i: elastic S-matrix  @@      0.00  0   0 F  0
 Reaction Xsec     7.5-/ 7 @ 1 =  26.601 , Out:   0.000#   0.523   26.079f


 Total SPIN, PARITY =     8.5 +,      8 chs,      8 cc.  Rmin & Coul turning =    0.4    6.3
   S-matrix    1 =    0.95880   0.08597 for L=    8, J=    8.5 channel on core I =   0.0 from L=    8,  Acc. loss =  0.0 D.
 Elastic phase shift   1 =    2.562   1.091 deg. for the L =    8, J =    8.5 channel.
       8.5  0.95879627  0.08596739i: elastic S-matrix  @@      0.00  0   0 F  0
 Reaction Xsec     8.5+/ 8 @ 1 =  10.968 , Out:   0.000#   0.208   10.759f


 Total SPIN, PARITY =     8.5 -,      8 chs,      8 cc.  Rmin & Coul turning =    0.4    6.3
   S-matrix    1 =    0.98678   0.02694 for L=    9, J=    8.5 channel on core I =   0.0 from L=    9,  Acc. loss =  0.0 D.
 Elastic phase shift   1 =    0.782   0.371 deg. for the L =    9, J =    8.5 channel.
       8.5  0.98677952  0.02693738i: elastic S-matrix  @@      0.00  0   0 F  0
 Reaction Xsec     8.5-/ 9 @ 1 =   3.821 , Out:   0.000#   0.049    3.772f


 Total SPIN, PARITY =     9.5 +,      8 chs,      8 cc.  Rmin & Coul turning =    0.4    7.0
   S-matrix    1 =    0.99535   0.01117 for L=   10, J=    9.5 channel on core I =   0.0 from L=   10,  Acc. loss =  0.0 D.
 Elastic phase shift   1 =    0.322   0.132 deg. for the L =   10, J =    9.5 channel.
       9.5  0.99535434  0.01117460i: elastic S-matrix  @@      0.00  0   0 F  0
 Reaction Xsec     9.5+/10 @ 1 =   1.520 , Out:   0.000#   9.504/   1.510f


 Total SPIN, PARITY =     9.5 -,      8 chs,      8 cc.  Rmin & Coul turning =    0.4    7.0
   S-matrix    1 =    0.98617   0.03625 for L=    9, J=    9.5 channel on core I =   0.0 from L=    9,  Acc. loss =  0.0 D.
 Elastic phase shift   1 =    1.053   0.380 deg. for the L =    9, J =    9.5 channel.
       9.5  0.98616680  0.03624848i: elastic S-matrix  @@      0.00  0   0 F  0
 Reaction Xsec     9.5-/ 9 @ 1 =   4.348 , Out:   0.000#   0.058    4.290f


 Total SPIN, PARITY =    10.5 +,      8 chs,      8 cc.  Rmin & Coul turning =    0.5    7.8
   S-matrix    1 =    0.99525   0.01498 for L=   10, J=   10.5 channel on core I =   0.0 from L=   10,  Acc. loss =  0.0 D.
 Elastic phase shift   1 =    0.431   0.133 deg. for the L =   10, J =   10.5 channel.
      10.5  0.99524965  0.01497896i: elastic S-matrix  @@      0.00  0   0 F  0
 Reaction Xsec    10.5+/10 @ 1 =   1.692 , Out:   0.000#   0.011    1.681f


 Total SPIN, PARITY =    10.5 -,      8 chs,      8 cc.  Rmin & Coul turning =    0.5    7.8
   S-matrix    1 =    0.99836   0.00458 for L=   11, J=   10.5 channel on core I =   0.0 from L=   11,  Acc. loss =  0.0 D.
 Elastic phase shift   1 =    0.131   0.047 deg. for the L =   11, J =   10.5 channel.
      10.5  0.99835968  0.00458169i: elastic S-matrix  @@      0.00  0   0 F  0
 Reaction Xsec    10.5-/11 @ 1 =   0.595 , Out:   0.000#   1.481/   0.594f


 Total SPIN, PARITY =    11.5 +,      8 chs,      8 cc.  Rmin & Coul turning =    0.5    8.5
   S-matrix    1 =    0.99942   0.00187 for L=   12, J=   11.5 channel on core I =   0.0 from L=   12,  Acc. loss =  0.0 D.
 Elastic phase shift   1 =    0.054   0.017 deg. for the L =   12, J =   11.5 channel.
      11.5  0.99941889  0.00186779i: elastic S-matrix  @@      0.00  0   0 F  0
 Reaction Xsec    11.5+/12 @ 1 =   0.231 , Out:   0.000#   0.179/   0.231f


 Total SPIN, PARITY =    11.5 -,      8 chs,      8 cc.  Rmin & Coul turning =    0.5    8.5
   S-matrix    1 =    0.99834   0.00613 for L=   11, J=   11.5 channel on core I =   0.0 from L=   11,  Acc. loss =  0.0 D.
 Elastic phase shift   1 =    0.176   0.047 deg. for the L =   11, J =   11.5 channel.
      11.5  0.99834212  0.00613461i: elastic S-matrix  @@      0.00  0   0 F  0
 Reaction Xsec    11.5-/11 @ 1 =   0.653 , Out:   0.000#   1.658/   0.652f


 Total SPIN, PARITY =    12.5 +,      8 chs,      8 cc.  Rmin & Coul turning =    0.6    9.2
   S-matrix    1 =    0.99942   0.00250 for L=   12, J=   12.5 channel on core I =   0.0 from L=   12,  Acc. loss =  0.0 D.
 Elastic phase shift   1 =    0.072   0.017 deg. for the L =   12, J =   12.5 channel.
      12.5  0.99941596  0.00250133i: elastic S-matrix  @@      0.00  0   0 F  0
 Reaction Xsec    12.5+/12 @ 1 =   0.251 , Out:   0.000#   0.196/   0.251f


 Total SPIN, PARITY =    12.5 -,      8 chs,      8 cc.  Rmin & Coul turning =    0.6    9.2
   S-matrix    1 =    0.99979   0.00076 for L=   13, J=   12.5 channel on core I =   0.0 from L=   13,  Acc. loss =  0.0 D.
 Elastic phase shift   1 =    0.022   0.006 deg. for the L =   13, J =   12.5 channel.
      12.5  0.99979386  0.00075888i: elastic S-matrix  @@      0.01  0   0 F  0
 Reaction Xsec    12.5-/13 @ 1 =   0.089 , Out:   0.000#   0.018/   0.089f


 Total SPIN, PARITY =    13.5 +,      8 chs,      8 cc.  Rmin & Coul turning =    0.6   10.0
   S-matrix    1 =    0.99993   0.00031 for L=   14, J=   13.5 channel on core I =   0.0 from L=   14,  Acc. loss =  0.0 D.
 Elastic phase shift   1 =    0.009   0.002 deg. for the L =   14, J =   13.5 channel.
      13.5  0.99992688  0.00030759i: elastic S-matrix  @@      0.00  0   0 F  0
 Reaction Xsec    13.5+/14 @ 1 =   0.034 , Out:   0.000#   0.012/   0.034f


 Total SPIN, PARITY =    13.5 -,      8 chs,      8 cc.  Rmin & Coul turning =    0.6   10.0
   S-matrix    1 =    0.99979   0.00102 for L=   13, J=   13.5 channel on core I =   0.0 from L=   13,  Acc. loss =  0.0 D.
 Elastic phase shift   1 =    0.029   0.006 deg. for the L =   13, J =   13.5 channel.
      13.5  0.99979338  0.00101700i: elastic S-matrix  @@      0.00  0   0 F  0
 Reaction Xsec    13.5-/13 @ 1 =   0.096 , Out:   0.000#   0.020/   0.096f


 Total SPIN, PARITY =    14.5 +,      8 chs,      8 cc.  Rmin & Coul turning =    0.7   10.7
   S-matrix    1 =    0.99993   0.00041 for L=   14, J=   14.5 channel on core I =   0.0 from L=   14,  Acc. loss =  0.0 D.
 Elastic phase shift   1 =    0.012   0.002 deg. for the L =   14, J =   14.5 channel.
      14.5  0.99992680  0.00041257i: elastic S-matrix  @@      0.00  0   0 F  0
 Reaction Xsec    14.5+/14 @ 1 =   0.036 , Out:   0.000#   0.012/   0.036f


 Total SPIN, PARITY =    14.5 -,      8 chs,      8 cc.  Rmin & Coul turning =    0.7   10.7
   S-matrix    1 =    0.99997   0.00012 for L=   15, J=   14.5 channel on core I =   0.0 from L=   15,  Acc. loss =  0.1 D.
 Elastic phase shift   1 =    0.004   0.001 deg. for the L =   15, J =   14.5 channel.
      14.5  0.99997407  0.00012443i: elastic S-matrix  @@      0.00  0   0 F  0
 Reaction Xsec    14.5-/15 @ 1 =   0.013 , Out:   0.000#   0.015/   0.013f


 Total SPIN, PARITY =    15.5 +,      8 chs,      8 cc.  Rmin & Coul turning =    0.7   11.4
   S-matrix    1 =    0.99999   0.00005 for L=   16, J=   15.5 channel on core I =   0.0 from L=   16,  Acc. loss =  0.0 D.
 Elastic phase shift   1 =    0.001   0.000 deg. for the L =   16, J =   15.5 channel.
      15.5  0.99999081  0.00005025i: elastic S-matrix  @@      0.00  0   0 F  0
 Reaction Xsec    15.5+/16 @ 1 =   4.887/, Out:   0.000#   0.015/   0.005f


 Total SPIN, PARITY =    15.5 -,      8 chs,      8 cc.  Rmin & Coul turning =    0.7   11.4
   S-matrix    1 =    0.99997   0.00017 for L=   15, J=   15.5 channel on core I =   0.0 from L=   15,  Acc. loss =  0.1 D.
 Elastic phase shift   1 =    0.005   0.001 deg. for the L =   15, J =   15.5 channel.
      15.5  0.99997406  0.00016704i: elastic S-matrix  @@      0.00  0   0 F  0
 Reaction Xsec    15.5-/15 @ 1 =   0.014 , Out:   0.000#   0.016/   0.014f


 Total SPIN, PARITY =    16.5 +,      8 chs,      8 cc.  Rmin & Coul turning =    0.8   12.1
   S-matrix    1 =    0.99999   0.00007 for L=   16, J=   16.5 channel on core I =   0.0 from L=   16,  Acc. loss =  0.0 D.
 Elastic phase shift   1 =    0.002   0.000 deg. for the L =   16, J =   16.5 channel.
      16.5  0.99999081  0.00006751i: elastic S-matrix  @@      0.00  0   0 F  0
 Reaction Xsec    16.5+/16 @ 1 =   5.193/, Out:   0.000#   0.016/   0.005f


 Total SPIN, PARITY =    16.5 -,      8 chs,      8 cc.  Rmin & Coul turning =    0.8   12.1
   S-matrix    1 =    1.00000   0.00002 for L=   17, J=   16.5 channel on core I =   0.0 from L=   17,  Acc. loss =  0.0 D.
 Elastic phase shift   1 =    0.001   0.000 deg. for the L =   17, J =   16.5 channel.
      16.5  0.99999674  0.00002026i: elastic S-matrix  @@      0.00  0   0 F  0
 Reaction Xsec    16.5-/17 @ 1 =   1.842/, Out:   0.000#   0.013/   0.002f


 Total SPIN, PARITY =    17.5 +,      8 chs,      8 cc.  Rmin & Coul turning =    0.8   12.9
   S-matrix    1 =    1.00000   0.00001 for L=   18, J=   17.5 channel on core I =   0.0 from L=   18,  Acc. loss =  0.0 D.
 Elastic phase shift   1 =    0.000   0.000 deg. for the L =   18, J =   17.5 channel.
      17.5  0.99999884  0.00000816i: elastic S-matrix  @@      0.00  0   0 F  0
 Reaction Xsec    17.5+/18 @ 1 =   0.694/, Out:   0.000#   0.010/   0.001f


 Total SPIN, PARITY =    17.5 -,      8 chs,      8 cc.  Rmin & Coul turning =    0.8   12.9
   S-matrix    1 =    1.00000   0.00003 for L=   17, J=   17.5 channel on core I =   0.0 from L=   17,  Acc. loss =  0.0 D.
 Elastic phase shift   1 =    0.001   0.000 deg. for the L =   17, J =   17.5 channel.
      17.5  0.99999674  0.00002724i: elastic S-matrix  @@      0.00  0   0 F  0
 Reaction Xsec    17.5-/17 @ 1 =   1.950/, Out:   0.000#   0.014/   0.002f


 Total SPIN, PARITY =    18.5 +,      8 chs,      8 cc.  Rmin & Coul turning =    0.8   13.6
   S-matrix    1 =    1.00000   0.00001 for L=   18, J=   18.5 channel on core I =   0.0 from L=   18,  Acc. loss =  0.0 D.
 Elastic phase shift   1 =    0.000   0.000 deg. for the L =   18, J =   18.5 channel.
      18.5  0.99999884  0.00001098i: elastic S-matrix  @@      0.00  0   0 F  0
 Reaction Xsec    18.5+/18 @ 1 =   0.732/, Out:   0.000#   0.011/   0.001f


 Total SPIN, PARITY =    18.5 -,      8 chs,      8 cc.  Rmin & Coul turning =    0.8   13.6
   S-matrix    1 =    1.00000   0.00000 for L=   19, J=   18.5 channel on core I =   0.0 from L=   19,  Acc. loss =  0.0 D.
 Elastic phase shift   1 =    0.000   0.000 deg. for the L =   19, J =   18.5 channel.
      18.5  0.99999958  0.00000328i: elastic S-matrix  @@      0.00  0   0 F  0
 Reaction Xsec    18.5-/19 @ 1 =   0.263/, Out:   0.000#   8.352#   0.000f


 Total SPIN, PARITY =    19.5 +,      8 chs,      8 cc.  Rmin & Coul turning =    0.9   14.3
   S-matrix    1 =    1.00000   0.00000 for L=   20, J=   19.5 channel on core I =   0.0 from L=   20,  Acc. loss =  0.0 D.
 Elastic phase shift   1 =    0.000   0.000 deg. for the L =   20, J =   19.5 channel.
      19.5  0.99999985  0.00000132i: elastic S-matrix  @@      0.00  0   0 F  0
 Reaction Xsec    19.5+/20 @ 1 =   0.101/, Out:   0.000#   6.644#   0.000f


 Total SPIN, PARITY =    19.5 -,      8 chs,      8 cc.  Rmin & Coul turning =    0.9   14.3
   S-matrix    1 =    1.00000   0.00000 for L=   19, J=   19.5 channel on core I =   0.0 from L=   19,  Acc. loss =  0.0 D.
 Elastic phase shift   1 =    0.000   0.000 deg. for the L =   19, J =   19.5 channel.
      19.5  0.99999958  0.00000442i: elastic S-matrix  @@      0.00  0   0 F  0
 Reaction Xsec    19.5-/19 @ 1 =   0.276/, Out:   0.000#   8.792#   0.000f


 Total SPIN, PARITY =    20.5 +,      8 chs,      8 cc.  Rmin & Coul turning =    1.0   15.0
   S-matrix    1 =    1.00000   0.00000 for L=   20, J=   20.5 channel on core I =   0.0 from L=   20,  Acc. loss =  0.0 D.
 Elastic phase shift   1 =    0.000   0.000 deg. for the L =   20, J =   20.5 channel.
      20.5  0.99999985  0.00000178i: elastic S-matrix  @@      0.00  0   0 F  0
 Reaction Xsec    20.5+/20 @ 1 =   0.106/, Out:   0.000#   6.977#   0.000f


 Total SPIN, PARITY =    20.5 -,      8 chs,      8 cc.  Rmin & Coul turning =    1.0   15.0
   S-matrix    1 =    1.00000   0.00000 for L=   21, J=   20.5 channel on core I =   0.0 from L=   21,  Acc. loss =  0.0 D.
 Elastic phase shift   1 =    0.000   0.000 deg. for the L =   21, J =   20.5 channel.
      20.5  0.99999994  0.00000053i: elastic S-matrix  @@      0.00  0   0 F  0
 Reaction Xsec    20.5-/21 @ 1 =   0.040/, Out:   0.000#   5.298#   0.000f


 Total SPIN, PARITY =    21.5 +,      8 chs,      8 cc.  Rmin & Coul turning =    1.0   15.8
   S-matrix    1 =    1.00000   0.00000 for L=   22, J=   21.5 channel on core I =   0.0 from L=   22,  Acc. loss =  0.0 D.
 Elastic phase shift   1 =    0.000   0.000 deg. for the L =   22, J =   21.5 channel.
      21.5  0.99999998  0.00000021i: elastic S-matrix  @@      0.00  0   0 F  0
 Reaction Xsec    21.5+/22 @ 1 =   0.017/, Out:   0.000#   4.248#   0.000f


 Total SPIN, PARITY =    21.5 -,      8 chs,      8 cc.  Rmin & Coul turning =    1.0   15.8
   S-matrix    1 =    1.00000   0.00000 for L=   21, J=   21.5 channel on core I =   0.0 from L=   21,  Acc. loss =  0.0 D.
 Elastic phase shift   1 =    0.000   0.000 deg. for the L =   21, J =   21.5 channel.
      21.5  0.99999994  0.00000072i: elastic S-matrix  @@      0.00  0   0 F  0
 Reaction Xsec    21.5-/21 @ 1 =   0.042/, Out:   0.000#   5.550#   0.000f


 Total SPIN, PARITY =    22.5 +,      8 chs,      8 cc.  Rmin & Coul turning =    1.1   16.5
   S-matrix    1 =    1.00000   0.00000 for L=   22, J=   22.5 channel on core I =   0.0 from L=   22,  Acc. loss =  0.0 D.
 Elastic phase shift   1 =    0.000   0.000 deg. for the L =   22, J =   22.5 channel.
      22.5  0.99999998  0.00000029i: elastic S-matrix  @@      0.00  0   0 F  0
 Reaction Xsec    22.5+/22 @ 1 =   0.018/, Out:   0.000#   4.441#   0.000f


 Total SPIN, PARITY =    22.5 -,      8 chs,      8 cc.  Rmin & Coul turning =    1.1   16.5
   S-matrix    1 =    1.00000   0.00000 for L=   23, J=   22.5 channel on core I =   0.0 from L=   23,  Acc. loss =  0.0 D.
 Elastic phase shift   1 =    0.000   0.000 deg. for the L =   23, J =   22.5 channel.
      22.5  0.99999999  0.00000009i: elastic S-matrix  @@      0.00  0   0 F  0
 Reaction Xsec    22.5-/23 @ 1 =   8.121#, Out:   0.000#   3.424#   0.000f


 Total SPIN, PARITY =    23.5 +,      8 chs,      8 cc.  Rmin & Coul turning =    1.1   17.2
   S-matrix    1 =    1.00000   0.00000 for L=   24, J=   23.5 channel on core I =   0.0 from L=   24,  Acc. loss =  0.0 D.
 Elastic phase shift   1 =    0.000   0.000 deg. for the L =   24, J =   23.5 channel.
      23.5  0.99999999  0.00000004i: elastic S-matrix  @@      0.00  0   0 F  0
 Reaction Xsec    23.5+/24 @ 1 =   4.497#, Out:   0.000#   2.778#   0.000f


 Total SPIN, PARITY =    23.5 -,      8 chs,      8 cc.  Rmin & Coul turning =    1.1   17.2
   S-matrix    1 =    1.00000   0.00000 for L=   23, J=   23.5 channel on core I =   0.0 from L=   23,  Acc. loss =  0.0 D.
 Elastic phase shift   1 =    0.000   0.000 deg. for the L =   23, J =   23.5 channel.
      23.5  0.99999999  0.00000012i: elastic S-matrix  @@      0.00  0   0 F  0
 Reaction Xsec    23.5-/23 @ 1 =   8.474#, Out:   0.000#   3.573#   0.000f


 Total SPIN, PARITY =    24.5 +,      8 chs,      8 cc.  Rmin & Coul turning =    1.1   18.0
   S-matrix    1 =    1.00000   0.00000 for L=   24, J=   24.5 channel on core I =   0.0 from L=   24,  Acc. loss =  0.0 D.
 Elastic phase shift   1 =    0.000   0.000 deg. for the L =   24, J =   24.5 channel.
      24.5  0.99999999  0.00000005i: elastic S-matrix  @@      0.00  0   0 F  0
 Reaction Xsec    24.5+/24 @ 1 =   4.684#, Out:   0.000#   2.894#   0.000f


 Total SPIN, PARITY =    24.5 -,      8 chs,      8 cc.  Rmin & Coul turning =    1.1   18.0
   S-matrix    1 =    1.00000   0.00000 for L=   25, J=   24.5 channel on core I =   0.0 from L=   25,  Acc. loss =  0.0 D.
 Elastic phase shift   1 =    0.000   0.000 deg. for the L =   25, J =   24.5 channel.
      24.5  1.00000000  0.00000002i: elastic S-matrix  @@      0.00  0   0 F  0
 Reaction Xsec    24.5-/25 @ 1 =   2.893#, Out:   0.000#   2.266#   0.000f


 Total SPIN, PARITY =    25.5 +,      8 chs,      8 cc.  Rmin & Coul turning =    1.2   18.7
   S-matrix    1 =    1.00000   0.00000 for L=   26, J=   25.5 channel on core I =   0.0 from L=   26,  Acc. loss =  0.0 D.
 Elastic phase shift   1 =    0.000   0.000 deg. for the L =   26, J =   25.5 channel.
      25.5  1.00000000  0.00000001i: elastic S-matrix  @@      0.00  0   0 F  0
 Reaction Xsec    25.5+/26 @ 1 =   2.085#, Out:   0.000#   1.857#   0.000f


 Total SPIN, PARITY =    25.5 -,      8 chs,      8 cc.  Rmin & Coul turning =    1.2   18.7
   S-matrix    1 =    1.00000   0.00000 for L=   25, J=   25.5 channel on core I =   0.0 from L=   25,  Acc. loss =  0.0 D.
 Elastic phase shift   1 =    0.000   0.000 deg. for the L =   25, J =   25.5 channel.
      25.5  1.00000000  0.00000002i: elastic S-matrix  @@      0.00  0   0 F  0
 Reaction Xsec    25.5-/25 @ 1 =   3.009#, Out:   0.000#   2.356#   0.000f


 Total SPIN, PARITY =    26.5 +,      8 chs,      8 cc.  Rmin & Coul turning =    1.2   19.4
   S-matrix    1 =    1.00000   0.00000 for L=   26, J=   26.5 channel on core I =   0.0 from L=   26,  Acc. loss =  0.0 D.
 Elastic phase shift   1 =    0.000   0.000 deg. for the L =   26, J =   26.5 channel.
      26.5  1.00000000  0.00000001i: elastic S-matrix  @@      0.00  0   0 F  0
 Reaction Xsec    26.5+/26 @ 1 =   2.165#, Out:   0.000#   1.928#   0.000f


 Total SPIN, PARITY =    26.5 -,      8 chs,      8 cc.  Rmin & Coul turning =    1.2   19.4
   S-matrix    1 =    1.00000   0.00000 for L=   27, J=   26.5 channel on core I =   0.0 from L=   27,  Acc. loss =  0.0 D.
 Elastic phase shift   1 =    0.000   0.000 deg. for the L =   27, J =   26.5 channel.
      26.5  1.00000000  0.00000000i: elastic S-matrix  @@      0.00  0   0 F  0
 Reaction Xsec    26.5-/27 @ 1 =   1.613#, Out:   0.000#   1.530#   0.000f


 Total SPIN, PARITY =    27.5 +,      8 chs,      8 cc.  Rmin & Coul turning =    1.3   20.1
   S-matrix    1 =    1.00000   0.00000 for L=   28, J=   27.5 channel on core I =   0.0 from L=   28,  Acc. loss =  0.0 D.
 Elastic phase shift   1 =    0.000   0.000 deg. for the L =   28, J =   27.5 channel.
      27.5  1.00000000  0.00000000i: elastic S-matrix  @@      0.00  0   0 F  0
 Reaction Xsec    27.5+/28 @ 1 =   1.294#, Out:   0.000#   1.264#   0.000f


 Total SPIN, PARITY =    27.5 -,      8 chs,      8 cc.  Rmin & Coul turning =    1.3   20.1
   S-matrix    1 =    1.00000   0.00000 for L=   27, J=   27.5 channel on core I =   0.0 from L=   27,  Acc. loss =  0.0 D.
 Elastic phase shift   1 =    0.000   0.000 deg. for the L =   27, J =   27.5 channel.
      27.5  1.00000000  0.00000000i: elastic S-matrix  @@      0.00  0   0 F  0
 Reaction Xsec    27.5-/27 @ 1 =   1.673#, Out:   0.000#   1.587#   0.000f


 Total SPIN, PARITY =    28.5 +,      8 chs,      8 cc.  Rmin & Coul turning =    1.3   20.9
   S-matrix    1 =    1.00000   0.00000 for L=   28, J=   28.5 channel on core I =   0.0 from L=   28,  Acc. loss =  0.0 D.
 Elastic phase shift   1 =    0.000   0.000 deg. for the L =   28, J =   28.5 channel.
      28.5  1.00000000  0.00000000i: elastic S-matrix  @@      0.00  0   0 F  0
 Reaction Xsec    28.5+/28 @ 1 =   1.340#, Out:   0.000#   1.309#   0.000f


 Total SPIN, PARITY =    28.5 -,      8 chs,      8 cc.  Rmin & Coul turning =    1.3   20.9
   S-matrix    1 =    1.00000   0.00000 for L=   29, J=   28.5 channel on core I =   0.0 from L=   29,  Acc. loss =  0.0 D.
 Elastic phase shift   1 =    0.000   0.000 deg. for the L =   29, J =   28.5 channel.
      28.5  1.00000000  0.00000000i: elastic S-matrix  @@      0.00  0   0 F  0
 Reaction Xsec    28.5-/29 @ 1 =   1.061#, Out:   0.000#   1.050#   0.000f


 Total SPIN, PARITY =    29.5 +,      8 chs,      8 cc.  Rmin & Coul turning =    1.4   21.6
   S-matrix    1 =    1.00000   0.00000 for L=   30, J=   29.5 channel on core I =   0.0 from L=   30,  Acc. loss =  0.0 D.
 Elastic phase shift   1 =    0.000   0.000 deg. for the L =   30, J =   29.5 channel.
      29.5  1.00000000  0.00000000i: elastic S-matrix  @@      0.00  0   0 F  0
 Reaction Xsec    29.5+/30 @ 1 =   0.878#, Out:   0.000#   0.874#   0.000f


 Total SPIN, PARITY =    29.5 -,      8 chs,      8 cc.  Rmin & Coul turning =    1.4   21.6
   S-matrix    1 =    1.00000   0.00000 for L=   29, J=   29.5 channel on core I =   0.0 from L=   29,  Acc. loss =  0.0 D.
 Elastic phase shift   1 =    0.000   0.000 deg. for the L =   29, J =   29.5 channel.
      29.5  1.00000000  0.00000000i: elastic S-matrix  @@      0.00  0   0 F  0
 Reaction Xsec    29.5-/29 @ 1 =   1.097#, Out:   0.000#   1.086#   0.000f


 Total SPIN, PARITY =    30.5 +,      8 chs,      8 cc.  Rmin & Coul turning =    1.4   22.3
   S-matrix    1 =    1.00000   0.00000 for L=   30, J=   30.5 channel on core I =   0.0 from L=   30,  Acc. loss =  0.0 D.
 Elastic phase shift   1 =    0.000   0.000 deg. for the L =   30, J =   30.5 channel.
      30.5  1.00000000  0.00000000i: elastic S-matrix  @@      0.00  0   0 F  0
 Reaction Xsec    30.5+/30 @ 1 =   0.908#, Out:   0.000#   0.904#   0.000f


 Total SPIN, PARITY =    30.5 -,      8 chs,      8 cc.  Rmin & Coul turning =    1.4   22.3
   S-matrix    1 =    1.00000   0.00000 for L=   31, J=   30.5 channel on core I =   0.0 from L=   31,  Acc. loss =  0.0 D.
 Elastic phase shift   1 =    0.000   0.000 deg. for the L =   31, J =   30.5 channel.
      30.5  1.00000000  0.00000000i: elastic S-matrix  @@      0.00  0   0 F  0
 Reaction Xsec    30.5-/31 @ 1 =   0.731#, Out:   0.000#   0.730#   0.000f


 Total SPIN, PARITY =    31.5 +,      8 chs,      8 cc.  Rmin & Coul turning =    1.5   23.0
   S-matrix    1 =    1.00000   0.00000 for L=   32, J=   31.5 channel on core I =   0.0 from L=   32,  Acc. loss =  0.0 D.
 Elastic phase shift   1 =    0.000   0.000 deg. for the L =   32, J =   31.5 channel.
      31.5  1.00000000  0.00000000i: elastic S-matrix  @@      0.00  0   0 F  0
 Reaction Xsec    31.5+/32 @ 1 =   0.613#, Out:   0.000#   0.612#   0.000f


 Total SPIN, PARITY =    31.5 -,      8 chs,      8 cc.  Rmin & Coul turning =    1.5   23.0
   S-matrix    1 =    1.00000   0.00000 for L=   31, J=   31.5 channel on core I =   0.0 from L=   31,  Acc. loss =  0.0 D.
 Elastic phase shift   1 =    0.000   0.000 deg. for the L =   31, J =   31.5 channel.
      31.5  1.00000000  0.00000000i: elastic S-matrix  @@      0.00  0   0 F  0
 Reaction Xsec    31.5-/31 @ 1 =   0.755#, Out:   0.000#   0.753#   0.000f


 Total SPIN, PARITY =    32.5 +,      8 chs,      8 cc.  Rmin & Coul turning =    1.5   23.8
   S-matrix    1 =    1.00000   0.00000 for L=   32, J=   32.5 channel on core I =   0.0 from L=   32,  Acc. loss =  0.0 D.
 Elastic phase shift   1 =    0.000   0.000 deg. for the L =   32, J =   32.5 channel.
      32.5  1.00000000  0.00000000i: elastic S-matrix  @@      0.00  0   0 F  0
 Reaction Xsec    32.5+/32 @ 1 =   0.632#, Out:   0.000#   0.631#   0.000f


 Total SPIN, PARITY =    32.5 -,      8 chs,      8 cc.  Rmin & Coul turning =    1.5   23.8
   S-matrix    1 =    1.00000   0.00000 for L=   33, J=   32.5 channel on core I =   0.0 from L=   33,  Acc. loss =  0.0 D.
 Elastic phase shift   1 =    0.000   0.000 deg. for the L =   33, J =   32.5 channel.
      32.5  1.00000000  0.00000000i: elastic S-matrix  @@      0.00  0   0 F  0
 Reaction Xsec    32.5-/33 @ 1 =   0.514#, Out:   0.000#   0.514#   0.000f


 Total SPIN, PARITY =    33.5 +,      8 chs,      8 cc.  Rmin & Coul turning =    1.6   24.5
   S-matrix    1 =    1.00000   0.00000 for L=   34, J=   33.5 channel on core I =   0.0 from L=   34,  Acc. loss =  0.0 D.
 Elastic phase shift   1 =    0.000   0.000 deg. for the L =   34, J =   33.5 channel.
      33.5  1.00000000  0.00000000i: elastic S-matrix  @@      0.00  0   0 F  0
 Reaction Xsec    33.5+/34 @ 1 =   0.432#, Out:   0.000#   0.432#   0.000f


 Total SPIN, PARITY =    33.5 -,      8 chs,      8 cc.  Rmin & Coul turning =    1.6   24.5
   S-matrix    1 =    1.00000   0.00000 for L=   33, J=   33.5 channel on core I =   0.0 from L=   33,  Acc. loss =  0.0 D.
 Elastic phase shift   1 =    0.000   0.000 deg. for the L =   33, J =   33.5 channel.
      33.5  1.00000000  0.00000000i: elastic S-matrix  @@      0.00  0   0 F  0
 Reaction Xsec    33.5-/33 @ 1 =   0.529#, Out:   0.000#   0.529#   0.000f


 Total SPIN, PARITY =    34.5 +,      8 chs,      8 cc.  Rmin & Coul turning =    1.6   25.2
   S-matrix    1 =    1.00000   0.00000 for L=   34, J=   34.5 channel on core I =   0.0 from L=   34,  Acc. loss =  0.0 D.
 Elastic phase shift   1 =    0.000   0.000 deg. for the L =   34, J =   34.5 channel.
      34.5  1.00000000  0.00000000i: elastic S-matrix  @@      0.00  0   0 F  0
 Reaction Xsec    34.5+/34 @ 1 =   0.445#, Out:   0.000#   0.445#   0.000f


 Total SPIN, PARITY =    34.5 -,      8 chs,      8 cc.  Rmin & Coul turning =    1.6   25.2
   S-matrix    1 =    1.00000   0.00000 for L=   35, J=   34.5 channel on core I =   0.0 from L=   35,  Acc. loss =  0.0 D.
 Elastic phase shift   1 =    0.000   0.000 deg. for the L =   35, J =   34.5 channel.
      34.5  1.00000000  0.00000000i: elastic S-matrix  @@      0.00  0   0 F  0
 Reaction Xsec    34.5-/35 @ 1 =   0.365#, Out:   0.000#   0.365#   0.000f


 Total SPIN, PARITY =    35.5 +,      8 chs,      8 cc.  Rmin & Coul turning =    1.7   26.0
   S-matrix    1 =    1.00000   0.00000 for L=   36, J=   35.5 channel on core I =   0.0 from L=   36,  Acc. loss =  0.0 D.
 Elastic phase shift   1 =    0.000   0.000 deg. for the L =   36, J =   35.5 channel.
      35.5  1.00000000  0.00000000i: elastic S-matrix  @@      0.00  0   0 F  0
 Reaction Xsec    35.5+/36 @ 1 =   0.308#, Out:   0.000#   0.308#   0.000f


 Total SPIN, PARITY =    35.5 -,      8 chs,      8 cc.  Rmin & Coul turning =    1.7   26.0
   S-matrix    1 =    1.00000   0.00000 for L=   35, J=   35.5 channel on core I =   0.0 from L=   35,  Acc. loss =  0.0 D.
 Elastic phase shift   1 =    0.000   0.000 deg. for the L =   35, J =   35.5 channel.
      35.5  1.00000000  0.00000000i: elastic S-matrix  @@      0.00  0   0 F  0
 Reaction Xsec    35.5-/35 @ 1 =   0.376#, Out:   0.000#   0.376#   0.000f


 Total SPIN, PARITY =    36.5 +,      8 chs,      8 cc.  Rmin & Coul turning =    1.7   26.7
   S-matrix    1 =    1.00000   0.00000 for L=   36, J=   36.5 channel on core I =   0.0 from L=   36,  Acc. loss =  0.0 D.
 Elastic phase shift   1 =    0.000   0.000 deg. for the L =   36, J =   36.5 channel.
      36.5  1.00000000  0.00000000i: elastic S-matrix  @@      0.00  0   0 F  0
 Reaction Xsec    36.5+/36 @ 1 =   0.317#, Out:   0.000#   0.317#   0.000f


 Total SPIN, PARITY =    36.5 -,      8 chs,      8 cc.  Rmin & Coul turning =    1.7   26.7
   S-matrix    1 =    1.00000   0.00000 for L=   37, J=   36.5 channel on core I =   0.0 from L=   37,  Acc. loss =  0.0 D.
 Elastic phase shift   1 =    0.000   0.000 deg. for the L =   37, J =   36.5 channel.
      36.5  1.00000000  0.00000000i: elastic S-matrix  @@      0.00  0   0 F  0
 Reaction Xsec    36.5-/37 @ 1 =   0.261#, Out:   0.000#   0.261#   0.000f


 Total SPIN, PARITY =    37.5 +,      8 chs,      8 cc.  Rmin & Coul turning =    1.8   27.4
   S-matrix    1 =    1.00000   0.00000 for L=   38, J=   37.5 channel on core I =   0.0 from L=   38,  Acc. loss =  0.0 D.
 Elastic phase shift   1 =    0.000   0.000 deg. for the L =   38, J =   37.5 channel.
      37.5  1.00000000  0.00000000i: elastic S-matrix  @@      0.00  0   0 F  0
 Reaction Xsec    37.5+/38 @ 1 =   0.222#, Out:   0.000#   0.222#   0.000f


 Total SPIN, PARITY =    37.5 -,      8 chs,      8 cc.  Rmin & Coul turning =    1.8   27.4
   S-matrix    1 =    1.00000   0.00000 for L=   37, J=   37.5 channel on core I =   0.0 from L=   37,  Acc. loss =  0.0 D.
 Elastic phase shift   1 =    0.000   0.000 deg. for the L =   37, J =   37.5 channel.
      37.5  1.00000000  0.00000000i: elastic S-matrix  @@      0.00  0   0 F  0
 Reaction Xsec    37.5-/37 @ 1 =   0.268#, Out:   0.000#   0.268#  -0.000f


 Total SPIN, PARITY =    38.5 +,      8 chs,      8 cc.  Rmin & Coul turning =    1.8   28.1
   S-matrix    1 =    1.00000   0.00000 for L=   38, J=   38.5 channel on core I =   0.0 from L=   38,  Acc. loss =  0.0 D.
 Elastic phase shift   1 =    0.000   0.000 deg. for the L =   38, J =   38.5 channel.
      38.5  1.00000000  0.00000000i: elastic S-matrix  @@      0.00  0   0 F  0
 Reaction Xsec    38.5+/38 @ 1 =   0.228#, Out:   0.000#   0.228#   0.000f


 Total SPIN, PARITY =    38.5 -,      8 chs,      8 cc.  Rmin & Coul turning =    1.8   28.1
   S-matrix    1 =    1.00000   0.00000 for L=   39, J=   38.5 channel on core I =   0.0 from L=   39,  Acc. loss =  0.0 D.
 Elastic phase shift   1 =    0.000   0.000 deg. for the L =   39, J =   38.5 channel.
      38.5  1.00000000  0.00000000i: elastic S-matrix  @@      0.00  0   0 F  0
 Reaction Xsec    38.5-/39 @ 1 =   0.188#, Out:   0.000#   0.188#   0.000f


 Total SPIN, PARITY =    39.5 +,      8 chs,      8 cc.  Rmin & Coul turning =    1.9   28.9
   S-matrix    1 =    1.00000   0.00000 for L=   40, J=   39.5 channel on core I =   0.0 from L=   40,  Acc. loss =  0.0 D.
 Elastic phase shift   1 =    0.000   0.000 deg. for the L =   40, J =   39.5 channel.
      39.5  1.00000000  0.00000000i: elastic S-matrix  @@      0.00  0   0 F  0
 Reaction Xsec    39.5+/40 @ 1 =   0.161#, Out:   0.000#   0.161#   0.000f


 Total SPIN, PARITY =    39.5 -,      8 chs,      8 cc.  Rmin & Coul turning =    1.9   28.9
   S-matrix    1 =    1.00000   0.00000 for L=   39, J=   39.5 channel on core I =   0.0 from L=   39,  Acc. loss =  0.0 D.
 Elastic phase shift   1 =    0.000   0.000 deg. for the L =   39, J =   39.5 channel.
      39.5  1.00000000  0.00000000i: elastic S-matrix  @@      0.00  0   0 F  0
 Reaction Xsec    39.5-/39 @ 1 =   0.193#, Out:   0.000#   0.193#  -0.000f


 Total SPIN, PARITY =    40.5 +,      8 chs,      8 cc.  Rmin & Coul turning =    1.9   29.6
   S-matrix    1 =    1.00000   0.00000 for L=   40, J=   40.5 channel on core I =   0.0 from L=   40,  Acc. loss =  0.0 D.
 Elastic phase shift   1 =    0.000   0.000 deg. for the L =   40, J =   40.5 channel.
      40.5  1.00000000  0.00000000i: elastic S-matrix  @@      0.00  0   0 F  0
 Reaction Xsec    40.5+/40 @ 1 =   0.165#, Out:   0.000#   0.165#   0.000f


 Total SPIN, PARITY =    40.5 -,      8 chs,      8 cc.  Rmin & Coul turning =    1.9   29.6
   S-matrix    1 =    1.00000   0.00000 for L=   41, J=   40.5 channel on core I =   0.0 from L=   41,  Acc. loss =  0.0 D.
 Elastic phase shift   1 =    0.000   0.000 deg. for the L =   41, J =   40.5 channel.
      40.5  1.00000000  0.00000000i: elastic S-matrix  @@      0.00  0   0 F  0
 Reaction Xsec    40.5-/41 @ 1 =   0.137#, Out:   0.000#   0.137#   0.000f


 Total SPIN, PARITY =    41.5 +,      8 chs,      8 cc.  Rmin & Coul turning =    1.9   30.3
   S-matrix    1 =    1.00000   0.00000 for L=   42, J=   41.5 channel on core I =   0.0 from L=   42,  Acc. loss =  0.0 D.
 Elastic phase shift   1 =    0.000   0.000 deg. for the L =   42, J =   41.5 channel.
      41.5  1.00000000  0.00000000i: elastic S-matrix  @@      0.00  0   0 F  0
 Reaction Xsec    41.5+/42 @ 1 =   0.117#, Out:   0.000#   0.117#   0.000f


 Total SPIN, PARITY =    41.5 -,      8 chs,      8 cc.  Rmin & Coul turning =    1.9   30.3
   S-matrix    1 =    1.00000   0.00000 for L=   41, J=   41.5 channel on core I =   0.0 from L=   41,  Acc. loss =  0.0 D.
 Elastic phase shift   1 =    0.000   0.000 deg. for the L =   41, J =   41.5 channel.
      41.5  1.00000000  0.00000000i: elastic S-matrix  @@      0.00  0   0 F  0
 Reaction Xsec    41.5-/41 @ 1 =   0.141#, Out:   0.000#   0.141#   0.000f


 Total SPIN, PARITY =    42.5 +,      8 chs,      8 cc.  Rmin & Coul turning =    2.0   31.1
   S-matrix    1 =    1.00000   0.00000 for L=   42, J=   42.5 channel on core I =   0.0 from L=   42,  Acc. loss =  0.0 D.
 Elastic phase shift   1 =    0.000   0.000 deg. for the L =   42, J =   42.5 channel.
      42.5  1.00000000  0.00000000i: elastic S-matrix  @@      0.00  0   0 F  0
 Reaction Xsec    42.5+/42 @ 1 =   0.120#, Out:   0.000#   0.120#   0.000f


 Total SPIN, PARITY =    42.5 -,      8 chs,      8 cc.  Rmin & Coul turning =    2.0   31.1
   S-matrix    1 =    1.00000   0.00000 for L=   43, J=   42.5 channel on core I =   0.0 from L=   43,  Acc. loss =  0.0 D.
 Elastic phase shift   1 =    0.000   0.000 deg. for the L =   43, J =   42.5 channel.
      42.5  1.00000000  0.00000000i: elastic S-matrix  @@      0.00  0   0 F  0
 Reaction Xsec    42.5-/43 @ 1 =   0.100#, Out:   0.000#   0.100#   0.000f


 Total SPIN, PARITY =    43.5 +,      8 chs,      8 cc.  Rmin & Coul turning =    2.0   31.8
   S-matrix    1 =    1.00000   0.00000 for L=   44, J=   43.5 channel on core I =   0.0 from L=   44,  Acc. loss =  0.0 D.
 Elastic phase shift   1 =    0.000   0.000 deg. for the L =   44, J =   43.5 channel.
      43.5  1.00000000  0.00000000i: elastic S-matrix  @@      0.00  0   0 F  0
 Reaction Xsec    43.5+/44 @ 1 =   0.086#, Out:   0.000#   0.086#   0.000f


 Total SPIN, PARITY =    43.5 -,      8 chs,      8 cc.  Rmin & Coul turning =    2.0   31.8
   S-matrix    1 =    1.00000   0.00000 for L=   43, J=   43.5 channel on core I =   0.0 from L=   43,  Acc. loss =  0.0 D.
 Elastic phase shift   1 =    0.000   0.000 deg. for the L =   43, J =   43.5 channel.
      43.5  1.00000000  0.00000000i: elastic S-matrix  @@      0.00  0   0 F  0
 Reaction Xsec    43.5-/43 @ 1 =   0.102#, Out:   0.000#   0.102#  -0.000f


 Total SPIN, PARITY =    44.5 +,      8 chs,      8 cc.  Rmin & Coul turning =    2.1   32.5
   S-matrix    1 =    1.00000   0.00000 for L=   44, J=   44.5 channel on core I =   0.0 from L=   44,  Acc. loss =  0.0 D.
 Elastic phase shift   1 =    0.000   0.000 deg. for the L =   44, J =   44.5 channel.
      44.5  1.00000000  0.00000000i: elastic S-matrix  @@      0.00  0   0 F  0
 Reaction Xsec    44.5+/44 @ 1 =   0.088#, Out:   0.000#   0.088#  -0.000f


 Total SPIN, PARITY =    44.5 -,      8 chs,      8 cc.  Rmin & Coul turning =    2.1   32.5
   S-matrix    1 =    1.00000   0.00000 for L=   45, J=   44.5 channel on core I =   0.0 from L=   45,  Acc. loss =  0.0 D.
 Elastic phase shift   1 =    0.000   0.000 deg. for the L =   45, J =   44.5 channel.
      44.5  1.00000000  0.00000000i: elastic S-matrix  @@      0.00  0   0 F  0
 Reaction Xsec    44.5-/45 @ 1 =   0.074#, Out:   0.000#   0.074#   0.000f


 Total SPIN, PARITY =    45.5 +,      8 chs,      8 cc.  Rmin & Coul turning =    2.2   33.2
   S-matrix    1 =    1.00000   0.00000 for L=   46, J=   45.5 channel on core I =   0.0 from L=   46,  Acc. loss =  0.0 D.
 Elastic phase shift   1 =    0.000   0.000 deg. for the L =   46, J =   45.5 channel.
      45.5  1.00000000  0.00000000i: elastic S-matrix  @@      0.00  0   0 F  0
 Reaction Xsec    45.5+/46 @ 1 =   0.063#, Out:   0.000#   0.063#  -0.000f


 Total SPIN, PARITY =    45.5 -,      8 chs,      8 cc.  Rmin & Coul turning =    2.2   33.2
   S-matrix    1 =    1.00000   0.00000 for L=   45, J=   45.5 channel on core I =   0.0 from L=   45,  Acc. loss =  0.0 D.
 Elastic phase shift   1 =    0.000   0.000 deg. for the L =   45, J =   45.5 channel.
      45.5  1.00000000  0.00000000i: elastic S-matrix  @@      0.00  0   0 F  0
 Reaction Xsec    45.5-/45 @ 1 =   0.075#, Out:   0.000#   0.075#   0.000f


 Total SPIN, PARITY =    46.5 +,      8 chs,      8 cc.  Rmin & Coul turning =    2.2   34.0
   S-matrix    1 =    1.00000   0.00000 for L=   46, J=   46.5 channel on core I =   0.0 from L=   46,  Acc. loss =  0.0 D.
 Elastic phase shift   1 =    0.000   0.000 deg. for the L =   46, J =   46.5 channel.
      46.5  1.00000000  0.00000000i: elastic S-matrix  @@      0.00  0   0 F  0
 Reaction Xsec    46.5+/46 @ 1 =   0.065#, Out:   0.000#   0.065#  -0.000f


 Total SPIN, PARITY =    46.5 -,      8 chs,      8 cc.  Rmin & Coul turning =    2.2   34.0
   S-matrix    1 =    1.00000   0.00000 for L=   47, J=   46.5 channel on core I =   0.0 from L=   47,  Acc. loss =  0.0 D.
 Elastic phase shift   1 =    0.000   0.000 deg. for the L =   47, J =   46.5 channel.
      46.5  1.00000000  0.00000000i: elastic S-matrix  @@      0.00  0   0 F  0
 Reaction Xsec    46.5-/47 @ 1 =   0.055#, Out:   0.000#   0.055#   0.000f


 Total SPIN, PARITY =    47.5 +,      8 chs,      8 cc.  Rmin & Coul turning =    2.2   34.7
   S-matrix    1 =    1.00000   0.00000 for L=   48, J=   47.5 channel on core I =   0.0 from L=   48,  Acc. loss =  0.0 D.
 Elastic phase shift   1 =    0.000   0.000 deg. for the L =   48, J =   47.5 channel.
      47.5  1.00000000  0.00000000i: elastic S-matrix  @@      0.00  0   0 F  0
 Reaction Xsec    47.5+/48 @ 1 =   0.047#, Out:   0.000#   0.047#   0.000f


 Total SPIN, PARITY =    47.5 -,      8 chs,      8 cc.  Rmin & Coul turning =    2.2   34.7
   S-matrix    1 =    1.00000   0.00000 for L=   47, J=   47.5 channel on core I =   0.0 from L=   47,  Acc. loss =  0.0 D.
 Elastic phase shift   1 =    0.000   0.000 deg. for the L =   47, J =   47.5 channel.
      47.5  1.00000000  0.00000000i: elastic S-matrix  @@      0.00  0   0 F  0
 Reaction Xsec    47.5-/47 @ 1 =   0.056#, Out:   0.000#   0.056#   0.000f


 Total SPIN, PARITY =    48.5 +,      8 chs,      8 cc.  Rmin & Coul turning =    2.3   35.4
   S-matrix    1 =    1.00000   0.00000 for L=   48, J=   48.5 channel on core I =   0.0 from L=   48,  Acc. loss =  0.0 D.
 Elastic phase shift   1 =    0.000   0.000 deg. for the L =   48, J =   48.5 channel.
      48.5  1.00000000  0.00000000i: elastic S-matrix  @@      0.00  0   0 F  0
 Reaction Xsec    48.5+/48 @ 1 =   0.048#, Out:   0.000#   0.048#  -0.000f


 Total SPIN, PARITY =    48.5 -,      8 chs,      8 cc.  Rmin & Coul turning =    2.3   35.4
   S-matrix    1 =    1.00000   0.00000 for L=   49, J=   48.5 channel on core I =   0.0 from L=   49,  Acc. loss =  0.0 D.
 Elastic phase shift   1 =    0.000   0.000 deg. for the L =   49, J =   48.5 channel.
      48.5  1.00000000  0.00000000i: elastic S-matrix  @@      0.00  0   0 F  0
 Reaction Xsec    48.5-/49 @ 1 =   0.040#, Out:   0.000#   0.040#  -0.000f


 Total SPIN, PARITY =    49.5 +,      8 chs,      8 cc.  Rmin & Coul turning =    2.3   36.1
   S-matrix    1 =    1.00000   0.00000 for L=   50, J=   49.5 channel on core I =   0.0 from L=   50,  Acc. loss =  0.0 D.
 Elastic phase shift   1 =    0.000   0.000 deg. for the L =   50, J =   49.5 channel.
      49.5  1.00000000  0.00000000i: elastic S-matrix  @@      0.00  0   0 F  0
 Reaction Xsec    49.5+/50 @ 1 =   0.035#, Out:   0.000#   0.035#  -0.000f


 Total SPIN, PARITY =    49.5 -,      8 chs,      8 cc.  Rmin & Coul turning =    2.3   36.1
   S-matrix    1 =    1.00000   0.00000 for L=   49, J=   49.5 channel on core I =   0.0 from L=   49,  Acc. loss =  0.0 D.
 Elastic phase shift   1 =    0.000   0.000 deg. for the L =   49, J =   49.5 channel.
      49.5  1.00000000  0.00000000i: elastic S-matrix  @@      0.00  0   0 F  0
 Reaction Xsec    49.5-/49 @ 1 =   0.041#, Out:   0.000#   0.041#   0.000f


 Total SPIN, PARITY =    50.5 +,      8 chs,      8 cc.  Rmin & Coul turning =    2.4   36.9
   S-matrix    1 =    1.00000   0.00000 for L=   50, J=   50.5 channel on core I =   0.0 from L=   50,  Acc. loss =  0.0 D.
 Elastic phase shift   1 =    0.000   0.000 deg. for the L =   50, J =   50.5 channel.
      50.5  1.00000000  0.00000000i: elastic S-matrix  @@      0.00  0   0 F  0
 Reaction Xsec    50.5+/50 @ 1 =   0.036#, Out:   0.000#   0.036#  -0.000f


 Total SPIN, PARITY =    50.5 -,      8 chs,      8 cc.  Rmin & Coul turning =    2.4   36.9
   S-matrix    1 =    1.00000   0.00000 for L=   51, J=   50.5 channel on core I =   0.0 from L=   51,  Acc. loss =  0.0 D.
 Elastic phase shift   1 =    0.000   0.000 deg. for the L =   51, J =   50.5 channel.
      50.5  1.00000000  0.00000000i: elastic S-matrix  @@      0.00  0   0 F  0
 Reaction Xsec    50.5-/51 @ 1 =   0.031#, Out:   0.000#   0.031#   0.000f

 Finished all CC sets @   0.298848003    
0CUMULATIVE REACTION cross section                 =  681.28986  <L> =     4.41  <L**2> =     23.4
0CUMULATIVE outgoing cross sections in partition 1 :    0.00000   14.43500
0Cumulative ABSORBTION by Imaginary Potentials     =  666.85486  <L> =     4.40  <L**2> =     23.4
   Fusion for specific p        M-states :  666.854859  666.854859
0CUMULATIVE OUTGOING cross section                 =   14.43500
 To convert to S-factors (MeV.mb = keV.b),  multiply by  1.3784E+02


 CROSS SECTIONS FOR OUTGOING p        & O20      in state #   1 with spins & parities 0.5  + &  0.0  +;  0

     3.00 deg.: X-S =   7.8138E+04 mb/sr,
+                                         /R =   7.5070E-01
     4.00 deg.: X-S =   2.1572E+04 mb/sr,
+                                         /R =   6.5478E-01
     5.00 deg.: X-S =  8346.856643 mb/sr,
+                                         /R =   6.1826E-01
     6.00 deg.: X-S =  4442.694271 mb/sr,
+                                         /R =   6.8199E-01
     7.00 deg.: X-S =  3110.297542 mb/sr,
+                                         /R =   8.8396E-01
     8.00 deg.: X-S =  2592.436082 mb/sr,
+                                         /R =   1.2560E+00
     9.00 deg.: X-S =  2347.815957 mb/sr,
+                                         /R =   1.8204E+00
    10.00 deg.: X-S =  2191.837847 mb/sr,
+                                         /R =   2.5877E+00
    11.00 deg.: X-S =  2058.711671 mb/sr,
+                                         /R =   3.5548E+00
    12.00 deg.: X-S =  1925.773604 mb/sr,
+                                         /R =   4.7041E+00
    13.00 deg.: X-S =  1786.825845 mb/sr,
+                                         /R =   6.0041E+00
    14.00 deg.: X-S =  1642.012070 mb/sr,
+                                         /R =   7.4111E+00
    15.00 deg.: X-S =  1493.760165 mb/sr,
+                                         /R =   8.8716E+00
    16.00 deg.: X-S =  1345.101182 mb/sr,
+                                         /R =   1.0325E+01
    17.00 deg.: X-S =  1198.967334 mb/sr,
+                                         /R =   1.1710E+01
    18.00 deg.: X-S =  1057.909622 mb/sr,
+                                         /R =   1.2963E+01
    19.00 deg.: X-S =   924.000931 mb/sr,
+                                         /R =   1.4029E+01
    20.00 deg.: X-S =   798.823051 mb/sr,
+                                         /R =   1.4861E+01
    21.00 deg.: X-S =   683.492269 mb/sr,
+                                         /R =   1.5424E+01
    22.00 deg.: X-S =   578.702664 mb/sr,
+                                         /R =   1.5696E+01
    23.00 deg.: X-S =   484.777131 mb/sr,
+                                         /R =   1.5671E+01
    24.00 deg.: X-S =   401.721104 mb/sr,
+                                         /R =   1.5359E+01
    25.00 deg.: X-S =   329.276186 mb/sr,
+                                         /R =   1.4786E+01
    26.00 deg.: X-S =   266.971976 mb/sr,
+                                         /R =   1.3988E+01
    27.00 deg.: X-S =   214.174944 mb/sr,
+                                         /R =   1.3015E+01
    28.00 deg.: X-S =   170.133500 mb/sr,
+                                         /R =   1.1924E+01
    29.00 deg.: X-S =   134.018687 mb/sr,
+                                         /R =   1.0777E+01
    30.00 deg.: X-S =   104.960072 mb/sr,
+                                         /R =   9.6369E+00
    31.00 deg.: X-S =    82.076630 mb/sr,
+                                         /R =   8.5653E+00
    32.00 deg.: X-S =    64.502568 mb/sr,
+                                         /R =   7.6183E+00
    33.00 deg.: X-S =    51.408182 mb/sr,
+                                         /R =   6.8443E+00
    34.00 deg.: X-S =    42.015981 mb/sr,
+                                         /R =   6.2818E+00
    35.00 deg.: X-S =    35.612398 mb/sr,
+                                         /R =   5.9580E+00
    36.00 deg.: X-S =    31.555513 mb/sr,
+                                         /R =   5.8875E+00
    37.00 deg.: X-S =    29.279254 mb/sr,
+                                         /R =   6.0729E+00
    38.00 deg.: X-S =    28.294565 mb/sr,
+                                         /R =   6.5043E+00
    39.00 deg.: X-S =    28.188070 mb/sr,
+                                         /R =   7.1610E+00
    40.00 deg.: X-S =    28.618715 mb/sr,
+                                         /R =   8.0128E+00
    41.00 deg.: X-S =    29.312882 mb/sr,
+                                         /R =   9.0217E+00
    42.00 deg.: X-S =    30.058396 mb/sr,
+                                         /R =   1.0144E+01
    43.00 deg.: X-S =    30.697842 mb/sr,
+                                         /R =   1.1333E+01
    44.00 deg.: X-S =    31.121516 mb/sr,
+                                         /R =   1.2540E+01
    45.00 deg.: X-S =    31.260318 mb/sr,
+                                         /R =   1.3718E+01
    46.00 deg.: X-S =    31.078813 mb/sr,
+                                         /R =   1.4822E+01
    47.00 deg.: X-S =    30.568658 mb/sr,
+                                         /R =   1.5813E+01
    48.00 deg.: X-S =    29.742528 mb/sr,
+                                         /R =   1.6656E+01
    49.00 deg.: X-S =    28.628641 mb/sr,
+                                         /R =   1.7324E+01
    50.00 deg.: X-S =    27.265928 mb/sr,
+                                         /R =   1.7797E+01
    51.00 deg.: X-S =    25.699897 mb/sr,
+                                         /R =   1.8063E+01
    52.00 deg.: X-S =    23.979160 mb/sr,
+                                         /R =   1.8119E+01
    53.00 deg.: X-S =    22.152615 mb/sr,
+                                         /R =   1.7967E+01
    54.00 deg.: X-S =    20.267240 mb/sr,
+                                         /R =   1.7616E+01
    55.00 deg.: X-S =    18.366446 mb/sr,
+                                         /R =   1.7084E+01
    56.00 deg.: X-S =    16.488917 mb/sr,
+                                         /R =   1.6389E+01
    57.00 deg.: X-S =    14.667891 mb/sr,
+                                         /R =   1.5558E+01
    58.00 deg.: X-S =    12.930802 mb/sr,
+                                         /R =   1.4616E+01
    59.00 deg.: X-S =    11.299222 mb/sr,
+                                         /R =   1.3594E+01
    60.00 deg.: X-S =     9.789037 mb/sr,
+                                         /R =   1.2518E+01
    61.00 deg.: X-S =     8.410819 mb/sr,
+                                         /R =   1.1419E+01
    62.00 deg.: X-S =     7.170307 mb/sr,
+                                         /R =   1.0323E+01
    63.00 deg.: X-S =     6.068993 mb/sr,
+                                         /R =   9.2552E+00
    64.00 deg.: X-S =     5.104746 mb/sr,
+                                         /R =   8.2365E+00
    65.00 deg.: X-S =     4.272446 mb/sr,
+                                         /R =   7.2857E+00
    66.00 deg.: X-S =     3.564619 mb/sr,
+                                         /R =   6.4177E+00
    67.00 deg.: X-S =     2.972027 mb/sr,
+                                         /R =   5.6434E+00
    68.00 deg.: X-S =     2.484220 mb/sr,
+                                         /R =   4.9701E+00
    69.00 deg.: X-S =     2.090031 mb/sr,
+                                         /R =   4.4014E+00
    70.00 deg.: X-S =     1.778002 mb/sr,
+                                         /R =   3.9376E+00
    71.00 deg.: X-S =     1.536749 mb/sr,
+                                         /R =   3.5756E+00
    72.00 deg.: X-S =     1.355262 mb/sr,
+                                         /R =   3.3100E+00
    73.00 deg.: X-S =     1.223137 mb/sr,
+                                         /R =   3.1330E+00
    74.00 deg.: X-S =     1.130755 mb/sr,
+                                         /R =   3.0349E+00
    75.00 deg.: X-S =     1.069400 mb/sr,
+                                         /R =   3.0051E+00
    76.00 deg.: X-S =     1.031334 mb/sr,
+                                         /R =   3.0318E+00
    77.00 deg.: X-S =     1.009830 mb/sr,
+                                         /R =   3.1030E+00
    78.00 deg.: X-S =     0.999166 mb/sr,
+                                         /R =   3.2067E+00
    79.00 deg.: X-S =     0.994596 mb/sr,
+                                         /R =   3.3313E+00
    80.00 deg.: X-S =     0.992295 mb/sr,
+                                         /R =   3.4661E+00
    81.00 deg.: X-S =     0.989286 mb/sr,
+                                         /R =   3.6011E+00
    82.00 deg.: X-S =     0.983364 mb/sr,
+                                         /R =   3.7275E+00
    83.00 deg.: X-S =     0.972999 mb/sr,
+                                         /R =   3.8380E+00
    84.00 deg.: X-S =     0.957251 mb/sr,
+                                         /R =   3.9264E+00
    85.00 deg.: X-S =     0.935673 mb/sr,
+                                         /R =   3.9883E+00
    86.00 deg.: X-S =     0.908228 mb/sr,
+                                         /R =   4.0203E+00
    87.00 deg.: X-S =     0.875197 mb/sr,
+                                         /R =   4.0205E+00
    88.00 deg.: X-S =     0.837110 mb/sr,
+                                         /R =   3.9884E+00
    89.00 deg.: X-S =     0.794671 mb/sr,
+                                         /R =   3.9243E+00
    90.00 deg.: X-S =     0.748699 mb/sr,
+                                         /R =   3.8298E+00
    91.00 deg.: X-S =     0.700072 mb/sr,
+                                         /R =   3.7072E+00
    92.00 deg.: X-S =     0.649687 mb/sr,
+                                         /R =   3.5593E+00
    93.00 deg.: X-S =     0.598421 mb/sr,
+                                         /R =   3.3899E+00
    94.00 deg.: X-S =     0.547101 mb/sr,
+                                         /R =   3.2026E+00
    95.00 deg.: X-S =     0.496483 mb/sr,
+                                         /R =   3.0016E+00
    96.00 deg.: X-S =     0.447240 mb/sr,
+                                         /R =   2.7910E+00
    97.00 deg.: X-S =     0.399948 mb/sr,
+                                         /R =   2.5749E+00
    98.00 deg.: X-S =     0.355083 mb/sr,
+                                         /R =   2.3571E+00
    99.00 deg.: X-S =     0.313021 mb/sr,
+                                         /R =   2.1413E+00
   100.00 deg.: X-S =     0.274039 mb/sr,
+                                         /R =   1.9309E+00
   101.00 deg.: X-S =     0.238323 mb/sr,
+                                         /R =   1.7287E+00
   102.00 deg.: X-S =     0.205970 mb/sr,
+                                         /R =   1.5373E+00
   103.00 deg.: X-S =     0.177005 mb/sr,
+                                         /R =   1.3586E+00
   104.00 deg.: X-S =     0.151382 mb/sr,
+                                         /R =   1.1944E+00
   105.00 deg.: X-S =     0.129000 mb/sr,
+                                         /R =   1.0456E+00
   106.00 deg.: X-S =     0.109708 mb/sr,
+                                         /R =   9.1319E-01
   107.00 deg.: X-S =     0.093320 mb/sr,
+                                         /R =   7.9730E-01
   108.00 deg.: X-S =     0.079622 mb/sr,
+                                         /R =   6.9790E-01
   109.00 deg.: X-S =     0.068378 mb/sr,
+                                         /R =   6.1460E-01
   110.00 deg.: X-S =     0.059344 mb/sr,
+                                         /R =   5.4672E-01
   111.00 deg.: X-S =     0.052267 mb/sr,
+                                         /R =   4.9333E-01
   112.00 deg.: X-S =     0.046900 mb/sr,
+                                         /R =   4.5332E-01
   113.00 deg.: X-S =     0.042999 mb/sr,
+                                         /R =   4.2542E-01
   114.00 deg.: X-S =     0.040332 mb/sr,
+                                         /R =   4.0827E-01
   115.00 deg.: X-S =     0.038681 mb/sr,
+                                         /R =   4.0044E-01
   116.00 deg.: X-S =     0.037842 mb/sr,
+                                         /R =   4.0048E-01
   117.00 deg.: X-S =     0.037632 mb/sr,
+                                         /R =   4.0696E-01
   118.00 deg.: X-S =     0.037885 mb/sr,
+                                         /R =   4.1847E-01
   119.00 deg.: X-S =     0.038456 mb/sr,
+                                         /R =   4.3369E-01
   120.00 deg.: X-S =     0.039217 mb/sr,
+                                         /R =   4.5137E-01
   121.00 deg.: X-S =     0.040062 mb/sr,
+                                         /R =   4.7038E-01
   122.00 deg.: X-S =     0.040899 mb/sr,
+                                         /R =   4.8969E-01
   123.00 deg.: X-S =     0.041657 mb/sr,
+                                         /R =   5.0840E-01
   124.00 deg.: X-S =     0.042277 mb/sr,
+                                         /R =   5.2574E-01
   125.00 deg.: X-S =     0.042717 mb/sr,
+                                         /R =   5.4106E-01
   126.00 deg.: X-S =     0.042946 mb/sr,
+                                         /R =   5.5383E-01
   127.00 deg.: X-S =     0.042945 mb/sr,
+                                         /R =   5.6365E-01
   128.00 deg.: X-S =     0.042705 mb/sr,
+                                         /R =   5.7023E-01
   129.00 deg.: X-S =     0.042225 mb/sr,
+                                         /R =   5.7339E-01
   130.00 deg.: X-S =     0.041509 mb/sr,
+                                         /R =   5.7303E-01
   131.00 deg.: X-S =     0.040571 mb/sr,
+                                         /R =   5.6916E-01
   132.00 deg.: X-S =     0.039424 mb/sr,
+                                         /R =   5.6184E-01
   133.00 deg.: X-S =     0.038090 mb/sr,
+                                         /R =   5.5122E-01
   134.00 deg.: X-S =     0.036589 mb/sr,
+                                         /R =   5.3750E-01
   135.00 deg.: X-S =     0.034944 mb/sr,
+                                         /R =   5.2092E-01
   136.00 deg.: X-S =     0.033181 mb/sr,
+                                         /R =   5.0175E-01
   137.00 deg.: X-S =     0.031324 mb/sr,
+                                         /R =   4.8031E-01
   138.00 deg.: X-S =     0.029397 mb/sr,
+                                         /R =   4.5692E-01
   139.00 deg.: X-S =     0.027424 mb/sr,
+                                         /R =   4.3193E-01
   140.00 deg.: X-S =     0.025428 mb/sr,
+                                         /R =   4.0569E-01
   141.00 deg.: X-S =     0.023431 mb/sr,
+                                         /R =   3.7854E-01
   142.00 deg.: X-S =     0.021454 mb/sr,
+                                         /R =   3.5085E-01
   143.00 deg.: X-S =     0.019515 mb/sr,
+                                         /R =   3.2294E-01
   144.00 deg.: X-S =     0.017632 mb/sr,
+                                         /R =   2.9516E-01
   145.00 deg.: X-S =     0.015820 mb/sr,
+                                         /R =   2.6780E-01
   146.00 deg.: X-S =     0.014094 mb/sr,
+                                         /R =   2.4118E-01
   147.00 deg.: X-S =     0.012465 mb/sr,
+                                         /R =   2.1557E-01
   148.00 deg.: X-S =     0.010946 mb/sr,
+                                         /R =   1.9122E-01
   149.00 deg.: X-S =     0.009543 mb/sr,
+                                         /R =   1.6837E-01
   150.00 deg.: X-S =     0.008265 mb/sr,
+                                         /R =   1.4721E-01
   151.00 deg.: X-S =     0.007117 mb/sr,
+                                         /R =   1.2794E-01
   152.00 deg.: X-S =     0.006103 mb/sr,
+                                         /R =   1.1069E-01
   153.00 deg.: X-S =     0.005226 mb/sr,
+                                         /R =   9.5588E-02
   154.00 deg.: X-S =     0.004485 mb/sr,
+                                         /R =   8.2723E-02
   155.00 deg.: X-S =     0.003882 mb/sr,
+                                         /R =   7.2154E-02
   156.00 deg.: X-S =     0.003412 mb/sr,
+                                         /R =   6.3907E-02
   157.00 deg.: X-S =     0.003073 mb/sr,
+                                         /R =   5.7978E-02
   158.00 deg.: X-S =     0.002860 mb/sr,
+                                         /R =   5.4334E-02
   159.00 deg.: X-S =     0.002766 mb/sr,
+                                         /R =   5.2907E-02
   160.00 deg.: X-S =     0.002785 mb/sr,
+                                         /R =   5.3604E-02
   161.00 deg.: X-S =     0.002908 mb/sr,
+                                         /R =   5.6301E-02
   162.00 deg.: X-S =     0.003125 mb/sr,
+                                         /R =   6.0848E-02
   163.00 deg.: X-S =     0.003426 mb/sr,
+                                         /R =   6.7072E-02
   164.00 deg.: X-S =     0.003800 mb/sr,
+                                         /R =   7.4778E-02
   165.00 deg.: X-S =     0.004236 mb/sr,
+                                         /R =   8.3750E-02
   166.00 deg.: X-S =     0.004722 mb/sr,
+                                         /R =   9.3759E-02
   167.00 deg.: X-S =     0.005244 mb/sr,
+                                         /R =   1.0456E-01
   168.00 deg.: X-S =     0.005791 mb/sr,
+                                         /R =   1.1591E-01
   169.00 deg.: X-S =     0.006350 mb/sr,
+                                         /R =   1.2755E-01
   170.00 deg.: X-S =     0.006908 mb/sr,
+                                         /R =   1.3922E-01
   171.00 deg.: X-S =     0.007455 mb/sr,
+                                         /R =   1.5067E-01
   172.00 deg.: X-S =     0.007978 mb/sr,
+                                         /R =   1.6166E-01
   173.00 deg.: X-S =     0.008468 mb/sr,
+                                         /R =   1.7197E-01
   174.00 deg.: X-S =     0.008913 mb/sr,
+                                         /R =   1.8137E-01
   175.00 deg.: X-S =     0.009305 mb/sr,
+                                         /R =   1.8967E-01
   176.00 deg.: X-S =     0.009637 mb/sr,
+                                         /R =   1.9671E-01
   177.00 deg.: X-S =     0.009903 mb/sr,
+                                         /R =   2.0234E-01
   178.00 deg.: X-S =     0.010096 mb/sr,
+                                         /R =   2.0644E-01
   179.00 deg.: X-S =     0.010213 mb/sr,
+                                         /R =   2.0894E-01
   179.99 deg.: X-S =     0.010252 mb/sr,
+                                         /R =   2.0978E-01
                                           Integrated 1524.4542 mb, over [   3.000, 180.000] at    43.2700 MeV 

 CROSS SECTIONS FOR OUTGOING p        & O20      in state #   2 with spins & parities 0.5  + &  3.0  -;  0

     3.00 deg.: X-S =     1.240414 mb/sr,
+                                         REAC   1.4435E+01 mb
     4.00 deg.: X-S =     1.343696 mb/sr,
     5.00 deg.: X-S =     1.470754 mb/sr,
     6.00 deg.: X-S =     1.617424 mb/sr,
     7.00 deg.: X-S =     1.779430 mb/sr,
     8.00 deg.: X-S =     1.953028 mb/sr,
     9.00 deg.: X-S =     2.135360 mb/sr,
    10.00 deg.: X-S =     2.324392 mb/sr,
    11.00 deg.: X-S =     2.518572 mb/sr,
    12.00 deg.: X-S =     2.716505 mb/sr,
    13.00 deg.: X-S =     2.916877 mb/sr,
    14.00 deg.: X-S =     3.118638 mb/sr,
    15.00 deg.: X-S =     3.321276 mb/sr,
    16.00 deg.: X-S =     3.524938 mb/sr,
    17.00 deg.: X-S =     3.730284 mb/sr,
    18.00 deg.: X-S =     3.938125 mb/sr,
    19.00 deg.: X-S =     4.149041 mb/sr,
    20.00 deg.: X-S =     4.363106 mb/sr,
    21.00 deg.: X-S =     4.579791 mb/sr,
    22.00 deg.: X-S =     4.797979 mb/sr,
    23.00 deg.: X-S =     5.016003 mb/sr,
    24.00 deg.: X-S =     5.231643 mb/sr,
    25.00 deg.: X-S =     5.442128 mb/sr,
    26.00 deg.: X-S =     5.644147 mb/sr,
    27.00 deg.: X-S =     5.833941 mb/sr,
    28.00 deg.: X-S =     6.007447 mb/sr,
    29.00 deg.: X-S =     6.160471 mb/sr,
    30.00 deg.: X-S =     6.288879 mb/sr,
    31.00 deg.: X-S =     6.388784 mb/sr,
    32.00 deg.: X-S =     6.456734 mb/sr,
    33.00 deg.: X-S =     6.489894 mb/sr,
    34.00 deg.: X-S =     6.486176 mb/sr,
    35.00 deg.: X-S =     6.444330 mb/sr,
    36.00 deg.: X-S =     6.363968 mb/sr,
    37.00 deg.: X-S =     6.245563 mb/sr,
    38.00 deg.: X-S =     6.090439 mb/sr,
    39.00 deg.: X-S =     5.900752 mb/sr,
    40.00 deg.: X-S =     5.679451 mb/sr,
    41.00 deg.: X-S =     5.430199 mb/sr,
    42.00 deg.: X-S =     5.157224 mb/sr,
    43.00 deg.: X-S =     4.865157 mb/sr,
    44.00 deg.: X-S =     4.558856 mb/sr,
    45.00 deg.: X-S =     4.243266 mb/sr,
    46.00 deg.: X-S =     3.923306 mb/sr,
    47.00 deg.: X-S =     3.603760 mb/sr,
    48.00 deg.: X-S =     3.289165 mb/sr,
    49.00 deg.: X-S =     2.983690 mb/sr,
    50.00 deg.: X-S =     2.691022 mb/sr,
    51.00 deg.: X-S =     2.414296 mb/sr,
    52.00 deg.: X-S =     2.156066 mb/sr,
    53.00 deg.: X-S =     1.918299 mb/sr,
    54.00 deg.: X-S =     1.702390 mb/sr,
    55.00 deg.: X-S =     1.509163 mb/sr,
    56.00 deg.: X-S =     1.338883 mb/sr,
    57.00 deg.: X-S =     1.191285 mb/sr,
    58.00 deg.: X-S =     1.065630 mb/sr,
    59.00 deg.: X-S =     0.960788 mb/sr,
    60.00 deg.: X-S =     0.875320 mb/sr,
    61.00 deg.: X-S =     0.807551 mb/sr,
    62.00 deg.: X-S =     0.755619 mb/sr,
    63.00 deg.: X-S =     0.717530 mb/sr,
    64.00 deg.: X-S =     0.691209 mb/sr,
    65.00 deg.: X-S =     0.674568 mb/sr,
    66.00 deg.: X-S =     0.665580 mb/sr,
    67.00 deg.: X-S =     0.662335 mb/sr,
    68.00 deg.: X-S =     0.663072 mb/sr,
    69.00 deg.: X-S =     0.666196 mb/sr,
    70.00 deg.: X-S =     0.670280 mb/sr,
    71.00 deg.: X-S =     0.674078 mb/sr,
    72.00 deg.: X-S =     0.676539 mb/sr,
    73.00 deg.: X-S =     0.676827 mb/sr,
    74.00 deg.: X-S =     0.674318 mb/sr,
    75.00 deg.: X-S =     0.668591 mb/sr,
    76.00 deg.: X-S =     0.659400 mb/sr,
    77.00 deg.: X-S =     0.646650 mb/sr,
    78.00 deg.: X-S =     0.630372 mb/sr,
    79.00 deg.: X-S =     0.610716 mb/sr,
    80.00 deg.: X-S =     0.587938 mb/sr,
    81.00 deg.: X-S =     0.562380 mb/sr,
    82.00 deg.: X-S =     0.534451 mb/sr,
    83.00 deg.: X-S =     0.504598 mb/sr,
    84.00 deg.: X-S =     0.473286 mb/sr,
    85.00 deg.: X-S =     0.440978 mb/sr,
    86.00 deg.: X-S =     0.408132 mb/sr,
    87.00 deg.: X-S =     0.375188 mb/sr,
    88.00 deg.: X-S =     0.342561 mb/sr,
    89.00 deg.: X-S =     0.310634 mb/sr,
    90.00 deg.: X-S =     0.279747 mb/sr,
    91.00 deg.: X-S =     0.250187 mb/sr,
    92.00 deg.: X-S =     0.222195 mb/sr,
    93.00 deg.: X-S =     0.195960 mb/sr,
    94.00 deg.: X-S =     0.171626 mb/sr,
    95.00 deg.: X-S =     0.149292 mb/sr,
    96.00 deg.: X-S =     0.129015 mb/sr,
    97.00 deg.: X-S =     0.110809 mb/sr,
    98.00 deg.: X-S =     0.094655 mb/sr,
    99.00 deg.: X-S =     0.080498 mb/sr,
   100.00 deg.: X-S =     0.068258 mb/sr,
   101.00 deg.: X-S =     0.057833 mb/sr,
   102.00 deg.: X-S =     0.049104 mb/sr,
   103.00 deg.: X-S =     0.041937 mb/sr,
   104.00 deg.: X-S =     0.036193 mb/sr,
   105.00 deg.: X-S =     0.031724 mb/sr,
   106.00 deg.: X-S =     0.028383 mb/sr,
   107.00 deg.: X-S =     0.026021 mb/sr,
   108.00 deg.: X-S =     0.024495 mb/sr,
   109.00 deg.: X-S =     0.023666 mb/sr,
   110.00 deg.: X-S =     0.023404 mb/sr,
   111.00 deg.: X-S =     0.023590 mb/sr,
   112.00 deg.: X-S =     0.024113 mb/sr,
   113.00 deg.: X-S =     0.024877 mb/sr,
   114.00 deg.: X-S =     0.025793 mb/sr,
   115.00 deg.: X-S =     0.026783 mb/sr,
   116.00 deg.: X-S =     0.027782 mb/sr,
   117.00 deg.: X-S =     0.028734 mb/sr,
   118.00 deg.: X-S =     0.029595 mb/sr,
   119.00 deg.: X-S =     0.030331 mb/sr,
   120.00 deg.: X-S =     0.030917 mb/sr,
   121.00 deg.: X-S =     0.031336 mb/sr,
   122.00 deg.: X-S =     0.031577 mb/sr,
   123.00 deg.: X-S =     0.031632 mb/sr,
   124.00 deg.: X-S =     0.031503 mb/sr,
   125.00 deg.: X-S =     0.031195 mb/sr,
   126.00 deg.: X-S =     0.030717 mb/sr,
   127.00 deg.: X-S =     0.030083 mb/sr,
   128.00 deg.: X-S =     0.029307 mb/sr,
   129.00 deg.: X-S =     0.028403 mb/sr,
   130.00 deg.: X-S =     0.027389 mb/sr,
   131.00 deg.: X-S =     0.026281 mb/sr,
   132.00 deg.: X-S =     0.025097 mb/sr,
   133.00 deg.: X-S =     0.023853 mb/sr,
   134.00 deg.: X-S =     0.022566 mb/sr,
   135.00 deg.: X-S =     0.021253 mb/sr,
   136.00 deg.: X-S =     0.019927 mb/sr,
   137.00 deg.: X-S =     0.018603 mb/sr,
   138.00 deg.: X-S =     0.017291 mb/sr,
   139.00 deg.: X-S =     0.016003 mb/sr,
   140.00 deg.: X-S =     0.014750 mb/sr,
   141.00 deg.: X-S =     0.013538 mb/sr,
   142.00 deg.: X-S =     0.012375 mb/sr,
   143.00 deg.: X-S =     0.011268 mb/sr,
   144.00 deg.: X-S =     0.010220 mb/sr,
   145.00 deg.: X-S =     0.009236 mb/sr,
   146.00 deg.: X-S =     0.008318 mb/sr,
   147.00 deg.: X-S =     0.007468 mb/sr,
   148.00 deg.: X-S =     0.006687 mb/sr,
   149.00 deg.: X-S =     0.005976 mb/sr,
   150.00 deg.: X-S =     0.005332 mb/sr,
   151.00 deg.: X-S =     0.004757 mb/sr,
   152.00 deg.: X-S =     0.004248 mb/sr,
   153.00 deg.: X-S =     0.003804 mb/sr,
   154.00 deg.: X-S =     0.003423 mb/sr,
   155.00 deg.: X-S =     0.003102 mb/sr,
   156.00 deg.: X-S =     0.002837 mb/sr,
   157.00 deg.: X-S =     0.002625 mb/sr,
   158.00 deg.: X-S =     0.002464 mb/sr,
   159.00 deg.: X-S =     0.002349 mb/sr,
   160.00 deg.: X-S =     0.002277 mb/sr,
   161.00 deg.: X-S =     0.002245 mb/sr,
   162.00 deg.: X-S =     0.002247 mb/sr,
   163.00 deg.: X-S =     0.002280 mb/sr,
   164.00 deg.: X-S =     0.002340 mb/sr,
   165.00 deg.: X-S =     0.002423 mb/sr,
   166.00 deg.: X-S =     0.002523 mb/sr,
   167.00 deg.: X-S =     0.002639 mb/sr,
   168.00 deg.: X-S =     0.002764 mb/sr,
   169.00 deg.: X-S =     0.002897 mb/sr,
   170.00 deg.: X-S =     0.003032 mb/sr,
   171.00 deg.: X-S =     0.003167 mb/sr,
   172.00 deg.: X-S =     0.003297 mb/sr,
   173.00 deg.: X-S =     0.003419 mb/sr,
   174.00 deg.: X-S =     0.003531 mb/sr,
   175.00 deg.: X-S =     0.003630 mb/sr,
   176.00 deg.: X-S =     0.003715 mb/sr,
   177.00 deg.: X-S =     0.003783 mb/sr,
   178.00 deg.: X-S =     0.003833 mb/sr,
   179.00 deg.: X-S =     0.003864 mb/sr,
   180.00 deg.: X-S =     0.003874 mb/sr,
                                           Integrated   14.4282 mb, over [   3.000, 180.000] at    43.2700 MeV 
 Finished all xsecs @   0.302296996    

  The following files have been created:
   3:local copy of User input.            6:standard output.                   
   7:elastic  S-matrix elements.         13:total cross sections/state.        
  16:tables of cross sections.           35:Astrophysics S-factors  / Ecm.     
  38:cross sections for each J/pi.       39:cross sections for each Ecm.       
  40:all cross sectns. for each Elab.    45:scat phase shift as E functions.   
  56:Fusion for each Jtotal.             75:S-factors for lab energies.        
 201:Separate cross sections.           202:Separate cross sections.           

 PARAMETERS : MAXQRN   MFNL   MLOC  LMAX1 MCLIST
    ALLOWED :      1     64      9     70     15
    REQUIRED:      0      0      9     55      5


 ACCURACY ANALYSIS at    43.270 MeV :

  Elastic h*k = 0.041 so OK       compared with 0.200

   Real(S-el) > 0.01 first at J =       0.5
   Real(S-el) > 0.10 first at J =       4.5
   Real(S-el) > 0.50 first at J =       5.5
   Real(S-el) > 0.90 first at J =       7.5
   Real(S-el) > 0.99 first at J =       9.5
   R-turn =    36.87 fm    at J =      50.5

 Forward-angle excitation cut off below   0.432 deg by max JT =      50.5
                              and below   0.267 deg by max R.

 Total CPU  0 time =       0.30 seconds
