 FRESCO - FRES 3.4: Coupled Reaction Channels
 Assuming NAMELIST input.

 p+O20 with CH89;                                                                

   0.030  60.000   0.500   0.000   0.000   0.000   0.000   0.000   0.000   0.000

 Centre-of-mass Range is   2002 * 0.0300 fm., Maximum at  60.00 fm., Interpolating NL forms every  0.51 fm.
 Non - locality width is      4 * 0.0300 fm., Maximum of   0.09 fm., Centred at  0.00 fm.
 2-Nucleon Separation of      0 * 0.5100 fm., Maximum of   0.00 fm., Minimum at  0.00 fm.
 Maximum single particle bins of 59.6700 fm.
               M,Mint =         2001        1990


 Range of total J is     0.0 <= J <=    50.0 (at least     0.0) and Absorbtion =>     0.0010 mb.
 Dry Run = F, CC set limits =  0  0, Relativistic kinematics =  , Both/Far/Near Analyses =  1                     

 Cross Sections (and up to T0 for 0=projectile) for Theta from   3.0 to-180.0 in steps of  1.0 degrees, DGAM=0,  Coordinates = 0 (Mads)

 Lower Radial Cutoff = maximum of -1.60*L*h &       0.0 fm.,  Lower Cutoff for Couplings =   0.0  fm.


 Iterate Couplings between   0 and   0 times, to  0.000 % if sooner.                                          
  Block solved exactly =   0 chs., with Pade = 0 & Isocen =  =0, NOSOL = F, initwf =  0
  NL quadrature with   18 Gaussian points, Calculate multipoles up to    56 from   0
  M-transfers for lp+lt greater than or equal to  6, Angular Integration Cutoff below  2.7778 %


 Trace switches are :  CHANS =  1, LISTCC =  0, TRENEG =  0, CDETR =  0, SMATS =  2, XSTABL =  1, NLPL =  0

                       WAVES =  0, LAMPL =  0, VEFF =  0, KFUS =  0, WDISK =  0, BPM =  0, MELFIL =  0

                       CDCC =  0, NFUS =  0

 Using unit mass = 1.000000 amu and 1/fine-structure constant = 137.03599 ( 1.000000 * true ) with hc = 197.32705 MeV.fm,
  thus 2*amu/hbar^2 = 0.0478450 = 1/20.9008 and Coulomb constant = 0.1574855 so e^2 = 1.43997, and nuclear magneton= 0.1261183

 Now pre-scan input and save to file 3



 *********** PARTITION NUMBER  1 ******************************************************************************************

   PROJ=p          MASS=  1.0073 Z=   1.0,        # STATES=    1T, TARG=O20      MASS= 19.9997 Z=   8.0,     Q-VALUE =  -0.0000 MEV.

     1:  J= 0.5+ (B# 1), E=  0.0000, K= 0.5              Potl#  1       J= 0.0+ (B# 1), E=  0.0000, K= 0.0    


 ************************************************************************************************************************************

 The following POTENTIALS are defined :

  KP#       TYPE      IT    SHAPE      at     V1        r1        a1        V2        r2        a2        A-in     A-used


                                            A#1       A#2        r0c       ac                                                h @ 1
    1    0=Coulomb       0=CHARGE (WS)  1    20.000     0.000    1.2842    0.0000    0.0000    0.0000     0.000    20.000   0.03000

    1    1=Volume        0=Woods-Saxon  2   64.7370    1.1671    0.6900    2.7353    1.1753    0.6900     0.000    20.000

    1    2=Surface       0=Woods-Saxon  3    0.0000    0.0000    0.0000    5.8045    1.1753    0.6900     0.000    20.000

    1    3=Projtl S.O.   0=Woods-Saxon  4    5.9000    0.8979    0.6300    0.0000    0.0000    0.0000     0.000    20.000

 Incoming partition  1 in excitation state # 1,   Laboratory Energy given for partition  1 Nucleus 1 in Excitation pair 1

0Lab. ENERGY ranges :

   from    35.0000     to   0.00000     in     0 intervals
   from    0.00000     to   0.00000     in     0 intervals
   from    0.00000     to   0.00000     in     0 intervals

 Largest real,imaginary parts of any form factor at R=   59.52 are   2.42E-02  6.22E-32 MeV
 Finished all Couplings @    4.35999944E-04           4

 Symmetric Hamiltonian
1***********************************************************************************************************************************
************************************************************************************************************************************

        INCOMING p        ;    LABORATORY p        ENERGY =   35.000     MeV.

 ***********************************************************************************************************************************
 ***********************************************************************************************************************************

 Allocate arrays for            2  channels, of which            1  need wfs.

 ######################################################################################################################
 #                                                                                                                    #
 # Total SPIN and PARITY =     0.5 +,      1 channels,    0 in 1st block.  Rmin & Coul turning =    0.0    0.3 fm.  #
 #                                                                                                                    #
 ######################################################################################################################



    C Projectl Target   #   EX.   (L  Proj) J  + Targ = Jtotal     E-cm      Re K     Re Eta     RM*K            CH
    1 p        O20      #    1: I   0 0.5    0.5  0.0     0.5    33.32176   1.23648   0.21373   74.1887   0.33920  -0.36833 1 1 1   1
   S-matrix    1 =    0.45608   0.22663 for L=    0, J=    0.5 channel on core I =   0.0 from L=    0,  Acc. loss =  0.0 D.
 Elastic phase shift   1 =   13.211  19.330 deg. for the L =    0, J =    0.5 channel.
       0.5  0.45607690  0.22662654i: elastic S-matrix  @@      0.00  0   0 F  0
 Reaction Xsec     0.5+/ 0 @ 1 =  15.219 , Out:   0.000#


 Total SPIN, PARITY =     0.5 -,      1 chs,      0 cc.  Rmin & Coul turning =    0.0    0.3
   S-matrix    1 =    0.46028  -0.21708 for L=    1, J=    0.5 channel on core I =   0.0 from L=    1,  Acc. loss =  0.0 D.
 Elastic phase shift   1 =  -12.625  19.352 deg. for the L =    1, J =    0.5 channel.
       0.5  0.46028022 -0.21707935i: elastic S-matrix  @@      0.00  0   0 F  0
 Reaction Xsec     0.5-/ 1 @ 1 =  15.227 , Out:   0.000#


 Total SPIN, PARITY =     1.5 +,      1 chs,      0 cc.  Rmin & Coul turning =    0.0    1.3
   S-matrix    1 =    0.11367  -0.45392 for L=    2, J=    1.5 channel on core I =   0.0 from L=    2,  Acc. loss =  0.0 D.
 Elastic phase shift   1 =  -37.971  21.756 deg. for the L =    2, J =    1.5 channel.
       1.5  0.11367087 -0.45392431i: elastic S-matrix  @@      0.00  0   0 F  0
 Reaction Xsec     1.5+/ 2 @ 1 =  32.098 , Out:   0.000#


 Total SPIN, PARITY =     1.5 -,      1 chs,      0 cc.  Rmin & Coul turning =    0.0    1.3
   S-matrix    1 =    0.52057  -0.00267 for L=    1, J=    1.5 channel on core I =   0.0 from L=    1,  Acc. loss =  0.0 D.
 Elastic phase shift   1 =   -0.147  18.702 deg. for the L =    1, J =    1.5 channel.
       1.5  0.52056869 -0.00266793i: elastic S-matrix  @@      0.00  0   0 F  0
 Reaction Xsec     1.5-/ 1 @ 1 =  29.959 , Out:   0.000#


 Total SPIN, PARITY =     2.5 +,      1 chs,      0 cc.  Rmin & Coul turning =    0.1    2.2
   S-matrix    1 =    0.41538  -0.23929 for L=    2, J=    2.5 channel on core I =   0.0 from L=    2,  Acc. loss =  0.0 D.
 Elastic phase shift   1 =  -14.972  21.064 deg. for the L =    2, J =    2.5 channel.
       2.5  0.41538390 -0.23928938i: elastic S-matrix  @@      0.00  0   0 F  0
 Reaction Xsec     2.5+/ 2 @ 1 =  47.479 , Out:   0.000#


 Total SPIN, PARITY =     2.5 -,      1 chs,      0 cc.  Rmin & Coul turning =    0.1    2.2
   S-matrix    1 =   -0.31085  -0.35176 for L=    3, J=    2.5 channel on core I =   0.0 from L=    3,  Acc. loss =  0.0 D.
 Elastic phase shift   1 =  -65.734  21.665 deg. for the L =    3, J =    2.5 channel.
       2.5 -0.31085418 -0.35175750i: elastic S-matrix  @@      0.00  0   0 F  0
 Reaction Xsec     2.5-/ 3 @ 1 =  48.061 , Out:   0.000#


 Total SPIN, PARITY =     3.5 +,      1 chs,      0 cc.  Rmin & Coul turning =    0.1    3.0
   S-matrix    1 =   -0.27077   0.15933 for L=    4, J=    3.5 channel on core I =   0.0 from L=    4,  Acc. loss =  0.0 D.
 Elastic phase shift   1 =   74.763  33.169 deg. for the L =    4, J =    3.5 channel.
       3.5 -0.27077317  0.15933271i: elastic S-matrix  @@      0.00  0   0 F  0
 Reaction Xsec     3.5+/ 4 @ 1 =  74.080 , Out:   0.000#


 Total SPIN, PARITY =     3.5 -,      1 chs,      0 cc.  Rmin & Coul turning =    0.1    3.0
   S-matrix    1 =    0.14157  -0.47878 for L=    3, J=    3.5 channel on core I =   0.0 from L=    3,  Acc. loss =  0.0 D.
 Elastic phase shift   1 =  -36.764  19.899 deg. for the L =    3, J =    3.5 channel.
       3.5  0.14156858 -0.47878417i: elastic S-matrix  @@      0.00  0   0 F  0
 Reaction Xsec     3.5-/ 3 @ 1 =  61.704 , Out:   0.000#


 Total SPIN, PARITY =     4.5 +,      1 chs,      0 cc.  Rmin & Coul turning =    0.2    3.8
   S-matrix    1 =   -0.22282  -0.32532 for L=    4, J=    4.5 channel on core I =   0.0 from L=    4,  Acc. loss =  0.0 D.
 Elastic phase shift   1 =  -62.204  26.660 deg. for the L =    4, J =    4.5 channel.
       4.5 -0.22281787 -0.32531703i: elastic S-matrix  @@      0.00  0   0 F  0
 Reaction Xsec     4.5+/ 4 @ 1 =  86.767 , Out:   0.000#


 Total SPIN, PARITY =     4.5 -,      1 chs,      0 cc.  Rmin & Coul turning =    0.2    3.8
   S-matrix    1 =    0.40111   0.42924 for L=    5, J=    4.5 channel on core I =   0.0 from L=    5,  Acc. loss =  0.0 D.
 Elastic phase shift   1 =   23.470  15.238 deg. for the L =    5, J =    4.5 channel.
       4.5  0.40111032  0.42923692i: elastic S-matrix  @@      0.00  0   0 F  0
 Reaction Xsec     4.5-/ 5 @ 1 =  67.282 , Out:   0.000#


 Total SPIN, PARITY =     5.5 +,      1 chs,      0 cc.  Rmin & Coul turning =    0.2    4.6
   S-matrix    1 =    0.82991   0.23150 for L=    6, J=    5.5 channel on core I =   0.0 from L=    6,  Acc. loss =  0.0 D.
 Elastic phase shift   1 =    7.793   4.268 deg. for the L =    6, J =    5.5 channel.
       5.5  0.82990917  0.23150367i: elastic S-matrix  @@      0.00  0   0 F  0
 Reaction Xsec     5.5+/ 6 @ 1 =  31.766 , Out:   0.000#


 Total SPIN, PARITY =     5.5 -,      1 chs,      0 cc.  Rmin & Coul turning =    0.2    4.6
   S-matrix    1 =    0.11477   0.39639 for L=    5, J=    5.5 channel on core I =   0.0 from L=    5,  Acc. loss =  0.0 D.
 Elastic phase shift   1 =   36.926  25.357 deg. for the L =    5, J =    5.5 channel.
       5.5  0.11476905  0.39638752i: elastic S-matrix  @@      0.00  0   0 F  0
 Reaction Xsec     5.5-/ 5 @ 1 = 102.294 , Out:   0.000#


 Total SPIN, PARITY =     6.5 +,      1 chs,      0 cc.  Rmin & Coul turning =    0.3    5.4
   S-matrix    1 =    0.78226   0.29431 for L=    6, J=    6.5 channel on core I =   0.0 from L=    6,  Acc. loss =  0.0 D.
 Elastic phase shift   1 =   10.309   5.139 deg. for the L =    6, J =    6.5 channel.
       6.5  0.78226253  0.29430912i: elastic S-matrix  @@      0.00  0   0 F  0
 Reaction Xsec     6.5+/ 6 @ 1 =  43.360 , Out:   0.000#


 Total SPIN, PARITY =     6.5 -,      1 chs,      0 cc.  Rmin & Coul turning =    0.3    5.4
   S-matrix    1 =    0.95140   0.08843 for L=    7, J=    6.5 channel on core I =   0.0 from L=    7,  Acc. loss =  0.0 D.
 Elastic phase shift   1 =    2.655   1.304 deg. for the L =    7, J =    6.5 channel.
       6.5  0.95140009  0.08843270i: elastic S-matrix  @@      0.00  0   0 F  0
 Reaction Xsec     6.5-/ 7 @ 1 =  12.516 , Out:   0.000#


 Total SPIN, PARITY =     7.5 +,      1 chs,      0 cc.  Rmin & Coul turning =    0.3    6.2
   S-matrix    1 =    0.98476   0.03142 for L=    8, J=    7.5 channel on core I =   0.0 from L=    8,  Acc. loss =  0.0 D.
 Elastic phase shift   1 =    0.914   0.425 deg. for the L =    8, J =    7.5 channel.
       7.5  0.98476195  0.03141949i: elastic S-matrix  @@      0.00  0   0 F  0
 Reaction Xsec     7.5+/ 8 @ 1 =   4.809 , Out:   0.000#


 Total SPIN, PARITY =     7.5 -,      1 chs,      0 cc.  Rmin & Coul turning =    0.3    6.2
   S-matrix    1 =    0.94650   0.10818 for L=    7, J=    7.5 channel on core I =   0.0 from L=    7,  Acc. loss =  0.0 D.
 Elastic phase shift   1 =    3.260   1.389 deg. for the L =    7, J =    7.5 channel.
       7.5  0.94650323  0.10818069i: elastic S-matrix  @@      0.00  0   0 F  0
 Reaction Xsec     7.5-/ 7 @ 1 =  15.194 , Out:   0.000#


 Total SPIN, PARITY =     8.5 +,      1 chs,      0 cc.  Rmin & Coul turning =    0.4    7.0
   S-matrix    1 =    0.98423   0.03715 for L=    8, J=    8.5 channel on core I =   0.0 from L=    8,  Acc. loss =  0.0 D.
 Elastic phase shift   1 =    1.081   0.435 deg. for the L =    8, J =    8.5 channel.
       8.5  0.98422875  0.03715457i: elastic S-matrix  @@      0.00  0   0 F  0
 Reaction Xsec     8.5+/ 8 @ 1 =   5.532 , Out:   0.000#


 Total SPIN, PARITY =     8.5 -,      1 chs,      0 cc.  Rmin & Coul turning =    0.4    7.0
   S-matrix    1 =    0.99497   0.01095 for L=    9, J=    8.5 channel on core I =   0.0 from L=    9,  Acc. loss =  0.0 D.
 Elastic phase shift   1 =    0.315   0.143 deg. for the L =    9, J =    8.5 channel.
       8.5  0.99496576  0.01095081i: elastic S-matrix  @@      0.00  0   0 F  0
 Reaction Xsec     8.5-/ 9 @ 1 =   1.835 , Out:   0.000#


 Total SPIN, PARITY =     9.5 +,      1 chs,      0 cc.  Rmin & Coul turning =    0.4    7.8
   S-matrix    1 =    0.99830   0.00379 for L=   10, J=    9.5 channel on core I =   0.0 from L=   10,  Acc. loss =  0.0 D.
 Elastic phase shift   1 =    0.109   0.049 deg. for the L =   10, J =    9.5 channel.
       9.5  0.99830126  0.00378713i: elastic S-matrix  @@      0.00  0   0 F  0
 Reaction Xsec     9.5+/10 @ 1 =   0.695 , Out:   0.000#


 Total SPIN, PARITY =     9.5 -,      1 chs,      0 cc.  Rmin & Coul turning =    0.4    7.8
   S-matrix    1 =    0.99490   0.01267 for L=    9, J=    9.5 channel on core I =   0.0 from L=    9,  Acc. loss =  0.0 D.
 Elastic phase shift   1 =    0.365   0.144 deg. for the L =    9, J =    9.5 channel.
       9.5  0.99490396  0.01267328i: elastic S-matrix  @@      0.00  0   0 F  0
 Reaction Xsec     9.5-/ 9 @ 1 =   2.056 , Out:   0.000#


 Total SPIN, PARITY =    10.5 +,      1 chs,      0 cc.  Rmin & Coul turning =    0.5    8.7
   S-matrix    1 =    0.99829   0.00432 for L=   10, J=   10.5 channel on core I =   0.0 from L=   10,  Acc. loss =  0.0 D.
 Elastic phase shift   1 =    0.124   0.049 deg. for the L =   10, J =   10.5 channel.
      10.5  0.99829385  0.00431573i: elastic S-matrix  @@      0.00  0   0 F  0
 Reaction Xsec    10.5+/10 @ 1 =   0.766 , Out:   0.000#


 Total SPIN, PARITY =    10.5 -,      1 chs,      0 cc.  Rmin & Coul turning =    0.5    8.7
   S-matrix    1 =    0.99942   0.00130 for L=   11, J=   10.5 channel on core I =   0.0 from L=   11,  Acc. loss =  0.0 D.
 Elastic phase shift   1 =    0.037   0.017 deg. for the L =   11, J =   10.5 channel.
      10.5  0.99942289  0.00130347i: elastic S-matrix  @@      0.00  0   0 F  0
 Reaction Xsec    10.5-/11 @ 1 =   0.260 , Out:   0.000#


 Total SPIN, PARITY =    11.5 +,      1 chs,      0 cc.  Rmin & Coul turning =    0.5    9.5
   S-matrix    1 =    0.99980   0.00045 for L=   12, J=   11.5 channel on core I =   0.0 from L=   12,  Acc. loss =  0.0 D.
 Elastic phase shift   1 =    0.013   0.006 deg. for the L =   12, J =   11.5 channel.
      11.5  0.99980374  0.00044698i: elastic S-matrix  @@      0.00  0   0 F  0
 Reaction Xsec    11.5+/12 @ 1 =   0.097 , Out:   0.000#


 Total SPIN, PARITY =    11.5 -,      1 chs,      0 cc.  Rmin & Coul turning =    0.5    9.5
   S-matrix    1 =    0.99942   0.00147 for L=   11, J=   11.5 channel on core I =   0.0 from L=   11,  Acc. loss =  0.0 D.
 Elastic phase shift   1 =    0.042   0.017 deg. for the L =   11, J =   11.5 channel.
      11.5  0.99942198  0.00146710i: elastic S-matrix  @@      0.00  0   0 F  0
 Reaction Xsec    11.5-/11 @ 1 =   0.284 , Out:   0.000#


 Total SPIN, PARITY =    12.5 +,      1 chs,      0 cc.  Rmin & Coul turning =    0.6   10.3
   S-matrix    1 =    0.99980   0.00050 for L=   12, J=   12.5 channel on core I =   0.0 from L=   12,  Acc. loss =  0.0 D.
 Elastic phase shift   1 =    0.014   0.006 deg. for the L =   12, J =   12.5 channel.
      12.5  0.99980363  0.00049773i: elastic S-matrix  @@      0.00  0   0 F  0
 Reaction Xsec    12.5+/12 @ 1 =   0.105 , Out:   0.000#


 Total SPIN, PARITY =    12.5 -,      1 chs,      0 cc.  Rmin & Coul turning =    0.6   10.3
   S-matrix    1 =    0.99993   0.00015 for L=   13, J=   12.5 channel on core I =   0.0 from L=   13,  Acc. loss =  0.0 D.
 Elastic phase shift   1 =    0.004   0.002 deg. for the L =   13, J =   12.5 channel.
      12.5  0.99993332  0.00015280i: elastic S-matrix  @@      0.00  0   0 F  0
 Reaction Xsec    12.5-/13 @ 1 =   0.036 , Out:   0.000#


 Total SPIN, PARITY =    13.5 +,      1 chs,      0 cc.  Rmin & Coul turning =    0.6   11.1
   S-matrix    1 =    0.99998   0.00005 for L=   14, J=   13.5 channel on core I =   0.0 from L=   14,  Acc. loss =  0.0 D.
 Elastic phase shift   1 =    0.001   0.001 deg. for the L =   14, J =   13.5 channel.
      13.5  0.99997739  0.00005209i: elastic S-matrix  @@      0.00  0   0 F  0
 Reaction Xsec    13.5+/14 @ 1 =   0.013 , Out:   0.000#


 Total SPIN, PARITY =    13.5 -,      1 chs,      0 cc.  Rmin & Coul turning =    0.6   11.1
   S-matrix    1 =    0.99993   0.00017 for L=   13, J=   13.5 channel on core I =   0.0 from L=   13,  Acc. loss =  0.0 D.
 Elastic phase shift   1 =    0.005   0.002 deg. for the L =   13, J =   13.5 channel.
      13.5  0.99993331  0.00016853i: elastic S-matrix  @@      0.00  0   0 F  0
 Reaction Xsec    13.5-/13 @ 1 =   0.038 , Out:   0.000#


 Total SPIN, PARITY =    14.5 +,      1 chs,      0 cc.  Rmin & Coul turning =    0.7   11.9
   S-matrix    1 =    0.99998   0.00006 for L=   14, J=   14.5 channel on core I =   0.0 from L=   14,  Acc. loss =  0.0 D.
 Elastic phase shift   1 =    0.002   0.001 deg. for the L =   14, J =   14.5 channel.
      14.5  0.99997738  0.00005696i: elastic S-matrix  @@      0.00  0   0 F  0
 Reaction Xsec    14.5+/14 @ 1 =   0.014 , Out:   0.000#


 Total SPIN, PARITY =    14.5 -,      1 chs,      0 cc.  Rmin & Coul turning =    0.7   11.9
   S-matrix    1 =    0.99999   0.00002 for L=   15, J=   14.5 channel on core I =   0.0 from L=   15,  Acc. loss =  0.0 D.
 Elastic phase shift   1 =    0.001   0.000 deg. for the L =   15, J =   14.5 channel.
      14.5  0.99999234  0.00001771i: elastic S-matrix  @@      0.00  0   0 F  0
 Reaction Xsec    14.5-/15 @ 1 =   4.719/, Out:   0.000#


 Total SPIN, PARITY =    15.5 +,      1 chs,      0 cc.  Rmin & Coul turning =    0.7   12.7
   S-matrix    1 =    1.00000   0.00001 for L=   16, J=   15.5 channel on core I =   0.0 from L=   16,  Acc. loss =  0.0 D.
 Elastic phase shift   1 =    0.000   0.000 deg. for the L =   16, J =   15.5 channel.
      15.5  0.99999741  0.00000601i: elastic S-matrix  @@      0.00  0   0 F  0
 Reaction Xsec    15.5+/16 @ 1 =   1.702/, Out:   0.000#


 Total SPIN, PARITY =    15.5 -,      1 chs,      0 cc.  Rmin & Coul turning =    0.7   12.7
   S-matrix    1 =    0.99999   0.00002 for L=   15, J=   15.5 channel on core I =   0.0 from L=   15,  Acc. loss =  0.0 D.
 Elastic phase shift   1 =    0.001   0.000 deg. for the L =   15, J =   15.5 channel.
      15.5  0.99999234  0.00001922i: elastic S-matrix  @@      0.00  0   0 F  0
 Reaction Xsec    15.5-/15 @ 1 =   5.034/, Out:   0.000#


 Total SPIN, PARITY =    16.5 +,      1 chs,      0 cc.  Rmin & Coul turning =    0.8   13.5
   S-matrix    1 =    1.00000   0.00001 for L=   16, J=   16.5 channel on core I =   0.0 from L=   16,  Acc. loss =  0.0 D.
 Elastic phase shift   1 =    0.000   0.000 deg. for the L =   16, J =   16.5 channel.
      16.5  0.99999741  0.00000648i: elastic S-matrix  @@      0.00  0   0 F  0
 Reaction Xsec    16.5+/16 @ 1 =   1.808/, Out:   0.000#


 Total SPIN, PARITY =    16.5 -,      1 chs,      0 cc.  Rmin & Coul turning =    0.8   13.5
   S-matrix    1 =    1.00000   0.00000 for L=   17, J=   16.5 channel on core I =   0.0 from L=   17,  Acc. loss =  0.0 D.
 Elastic phase shift   1 =    0.000   0.000 deg. for the L =   17, J =   16.5 channel.
      16.5  0.99999913  0.00000204i: elastic S-matrix  @@      0.00  0   0 F  0
 Reaction Xsec    16.5-/17 @ 1 =   0.610/, Out:   0.000#


 Total SPIN, PARITY =    17.5 +,      1 chs,      0 cc.  Rmin & Coul turning =    0.8   14.3
   S-matrix    1 =    1.00000   0.00000 for L=   18, J=   17.5 channel on core I =   0.0 from L=   18,  Acc. loss =  0.0 D.
 Elastic phase shift   1 =    0.000   0.000 deg. for the L =   18, J =   17.5 channel.
      17.5  0.99999971  0.00000069i: elastic S-matrix  @@      0.00  0   0 F  0
 Reaction Xsec    17.5+/18 @ 1 =   0.218/, Out:   0.000#


 Total SPIN, PARITY =    17.5 -,      1 chs,      0 cc.  Rmin & Coul turning =    0.8   14.3
   S-matrix    1 =    1.00000   0.00000 for L=   17, J=   17.5 channel on core I =   0.0 from L=   17,  Acc. loss =  0.0 D.
 Elastic phase shift   1 =    0.000   0.000 deg. for the L =   17, J =   17.5 channel.
      17.5  0.99999913  0.00000218i: elastic S-matrix  @@      0.00  0   0 F  0
 Reaction Xsec    17.5-/17 @ 1 =   0.646/, Out:   0.000#

 Finished all CC sets @    4.85899998E-03
0CUMULATIVE REACTION cross section                 =  699.56299  <L> =     4.11  <L**2> =     20.1
0CUMULATIVE outgoing cross sections in partition 1 :    0.00000
0Cumulative ABSORBTION by Imaginary Potentials     =  699.56299  <L> =     4.11  <L**2> =     20.1
   Fusion for specific p        M-states :  699.562985  699.562985
0CUMULATIVE OUTGOING cross section                 =    0.00000
 To convert to S-factors (MeV.mb = keV.b),  multiply by  1.2763E+02


 CROSS SECTIONS FOR OUTGOING p        & O20      in state #   1 with spins & parities 0.5  + &  0.0  +;  0

     3.00 deg.: X-S =   1.3310E+05 mb/sr,
+                                         /R =   8.3668E-01
     4.00 deg.: X-S =   3.8815E+04 mb/sr,
+                                         /R =   7.7084E-01
     5.00 deg.: X-S =   1.5181E+04 mb/sr,
+                                         /R =   7.3571E-01
     6.00 deg.: X-S =  7489.420079 mb/sr,
+                                         /R =   7.5221E-01
     7.00 deg.: X-S =  4514.445205 mb/sr,
+                                         /R =   8.3946E-01
     8.00 deg.: X-S =  3196.879587 mb/sr,
+                                         /R =   1.0133E+00
     9.00 deg.: X-S =  2533.363168 mb/sr,
+                                         /R =   1.2852E+00
    10.00 deg.: X-S =  2149.567551 mb/sr,
+                                         /R =   1.6605E+00
    11.00 deg.: X-S =  1892.464939 mb/sr,
+                                         /R =   2.1380E+00
    12.00 deg.: X-S =  1695.422197 mb/sr,
+                                         /R =   2.7096E+00
    13.00 deg.: X-S =  1528.313693 mb/sr,
+                                         /R =   3.3600E+00
    14.00 deg.: X-S =  1377.391775 mb/sr,
+                                         /R =   4.0675E+00
    15.00 deg.: X-S =  1236.574907 mb/sr,
+                                         /R =   4.8051E+00
    16.00 deg.: X-S =  1103.455347 mb/sr,
+                                         /R =   5.5420E+00
    17.00 deg.: X-S =   977.381879 mb/sr,
+                                         /R =   6.2455E+00
    18.00 deg.: X-S =   858.503879 mb/sr,
+                                         /R =   6.8828E+00
    19.00 deg.: X-S =   747.281465 mb/sr,
+                                         /R =   7.4236E+00
    20.00 deg.: X-S =   644.231060 mb/sr,
+                                         /R =   7.8418E+00
    21.00 deg.: X-S =   549.794460 mb/sr,
+                                         /R =   8.1175E+00
    22.00 deg.: X-S =   464.275055 mb/sr,
+                                         /R =   8.2388E+00
    23.00 deg.: X-S =   387.811839 mb/sr,
+                                         /R =   8.2023E+00
    24.00 deg.: X-S =   320.375314 mb/sr,
+                                         /R =   8.0143E+00
    25.00 deg.: X-S =   261.776315 mb/sr,
+                                         /R =   7.6908E+00
    26.00 deg.: X-S =   211.682478 mb/sr,
+                                         /R =   7.2565E+00
    27.00 deg.: X-S =   169.639050 mb/sr,
+                                         /R =   6.7446E+00
    28.00 deg.: X-S =   135.091871 mb/sr,
+                                         /R =   6.1947E+00
    29.00 deg.: X-S =   107.411025 mb/sr,
+                                         /R =   5.6512E+00
    30.00 deg.: X-S =    85.914076 mb/sr,
+                                         /R =   5.1611E+00
    31.00 deg.: X-S =    69.888108 mb/sr,
+                                         /R =   4.7719E+00
    32.00 deg.: X-S =    58.609966 mb/sr,
+                                         /R =   4.5291E+00
    33.00 deg.: X-S =    51.364322 mb/sr,
+                                         /R =   4.4743E+00
    34.00 deg.: X-S =    47.459275 mb/sr,
+                                         /R =   4.6425E+00
    35.00 deg.: X-S =    46.239354 mb/sr,
+                                         /R =   5.0614E+00
    36.00 deg.: X-S =    47.095886 mb/sr,
+                                         /R =   5.7492E+00
    37.00 deg.: X-S =    49.474770 mb/sr,
+                                         /R =   6.7140E+00
    38.00 deg.: X-S =    52.881797 mb/sr,
+                                         /R =   7.9536E+00
    39.00 deg.: X-S =    56.885677 mb/sr,
+                                         /R =   9.4553E+00
    40.00 deg.: X-S =    61.119026 mb/sr,
+                                         /R =   1.1196E+01
    41.00 deg.: X-S =    65.277537 mb/sr,
+                                         /R =   1.3145E+01
    42.00 deg.: X-S =    69.117646 mb/sr,
+                                         /R =   1.5262E+01
    43.00 deg.: X-S =    72.452945 mb/sr,
+                                         /R =   1.7500E+01
    44.00 deg.: X-S =    75.149632 mb/sr,
+                                         /R =   1.9812E+01
    45.00 deg.: X-S =    77.121274 mb/sr,
+                                         /R =   2.2142E+01
    46.00 deg.: X-S =    78.323103 mb/sr,
+                                         /R =   2.4440E+01
    47.00 deg.: X-S =    78.746102 mb/sr,
+                                         /R =   2.6651E+01
    48.00 deg.: X-S =    78.411060 mb/sr,
+                                         /R =   2.8729E+01
    49.00 deg.: X-S =    77.362761 mb/sr,
+                                         /R =   3.0629E+01
    50.00 deg.: X-S =    75.664462 mb/sr,
+                                         /R =   3.2313E+01
    51.00 deg.: X-S =    73.392760 mb/sr,
+                                         /R =   3.3751E+01
    52.00 deg.: X-S =    70.632925 mb/sr,
+                                         /R =   3.4919E+01
    53.00 deg.: X-S =    67.474770 mb/sr,
+                                         /R =   3.5805E+01
    54.00 deg.: X-S =    64.009071 mb/sr,
+                                         /R =   3.6402E+01
    55.00 deg.: X-S =    60.324560 mb/sr,
+                                         /R =   3.6712E+01
    56.00 deg.: X-S =    56.505479 mb/sr,
+                                         /R =   3.6747E+01
    57.00 deg.: X-S =    52.629678 mb/sr,
+                                         /R =   3.6524E+01
    58.00 deg.: X-S =    48.767211 mb/sr,
+                                         /R =   3.6067E+01
    59.00 deg.: X-S =    44.979401 mb/sr,
+                                         /R =   3.5405E+01
    60.00 deg.: X-S =    41.318317 mb/sr,
+                                         /R =   3.4571E+01
    61.00 deg.: X-S =    37.826609 mb/sr,
+                                         /R =   3.3602E+01
    62.00 deg.: X-S =    34.537653 mb/sr,
+                                         /R =   3.2534E+01
    63.00 deg.: X-S =    31.475942 mb/sr,
+                                         /R =   3.1406E+01
    64.00 deg.: X-S =    28.657683 mb/sr,
+                                         /R =   3.0253E+01
    65.00 deg.: X-S =    26.091537 mb/sr,
+                                         /R =   2.9111E+01
    66.00 deg.: X-S =    23.779462 mb/sr,
+                                         /R =   2.8011E+01
    67.00 deg.: X-S =    21.717623 mb/sr,
+                                         /R =   2.6981E+01
    68.00 deg.: X-S =    19.897322 mb/sr,
+                                         /R =   2.6046E+01
    69.00 deg.: X-S =    18.305928 mb/sr,
+                                         /R =   2.5223E+01
    70.00 deg.: X-S =    16.927766 mb/sr,
+                                         /R =   2.4528E+01
    71.00 deg.: X-S =    15.744968 mb/sr,
+                                         /R =   2.3969E+01
    72.00 deg.: X-S =    14.738240 mb/sr,
+                                         /R =   2.3551E+01
    73.00 deg.: X-S =    13.887565 mb/sr,
+                                         /R =   2.3274E+01
    74.00 deg.: X-S =    13.172806 mb/sr,
+                                         /R =   2.3132E+01
    75.00 deg.: X-S =    12.574230 mb/sr,
+                                         /R =   2.3119E+01
    76.00 deg.: X-S =    12.072934 mb/sr,
+                                         /R =   2.3221E+01
    77.00 deg.: X-S =    11.651184 mb/sr,
+                                         /R =   2.3424E+01
    78.00 deg.: X-S =    11.292673 mb/sr,
+                                         /R =   2.3712E+01
    79.00 deg.: X-S =    10.982698 mb/sr,
+                                         /R =   2.4068E+01
    80.00 deg.: X-S =    10.708269 mb/sr,
+                                         /R =   2.4473E+01
    81.00 deg.: X-S =    10.458150 mb/sr,
+                                         /R =   2.4907E+01
    82.00 deg.: X-S =    10.222854 mb/sr,
+                                         /R =   2.5353E+01
    83.00 deg.: X-S =     9.994585 mb/sr,
+                                         /R =   2.5794E+01
    84.00 deg.: X-S =     9.767150 mb/sr,
+                                         /R =   2.6212E+01
    85.00 deg.: X-S =     9.535838 mb/sr,
+                                         /R =   2.6594E+01
    86.00 deg.: X-S =     9.297280 mb/sr,
+                                         /R =   2.6927E+01
    87.00 deg.: X-S =     9.049300 mb/sr,
+                                         /R =   2.7199E+01
    88.00 deg.: X-S =     8.790749 mb/sr,
+                                         /R =   2.7403E+01
    89.00 deg.: X-S =     8.521350 mb/sr,
+                                         /R =   2.7533E+01
    90.00 deg.: X-S =     8.241540 mb/sr,
+                                         /R =   2.7583E+01
    91.00 deg.: X-S =     7.952316 mb/sr,
+                                         /R =   2.7552E+01
    92.00 deg.: X-S =     7.655102 mb/sr,
+                                         /R =   2.7440E+01
    93.00 deg.: X-S =     7.351619 mb/sr,
+                                         /R =   2.7247E+01
    94.00 deg.: X-S =     7.043776 mb/sr,
+                                         /R =   2.6978E+01
    95.00 deg.: X-S =     6.733573 mb/sr,
+                                         /R =   2.6636E+01
    96.00 deg.: X-S =     6.423017 mb/sr,
+                                         /R =   2.6226E+01
    97.00 deg.: X-S =     6.114064 mb/sr,
+                                         /R =   2.5754E+01
    98.00 deg.: X-S =     5.808560 mb/sr,
+                                         /R =   2.5228E+01
    99.00 deg.: X-S =     5.508212 mb/sr,
+                                         /R =   2.4654E+01
   100.00 deg.: X-S =     5.214556 mb/sr,
+                                         /R =   2.4039E+01
   101.00 deg.: X-S =     4.928947 mb/sr,
+                                         /R =   2.3392E+01
   102.00 deg.: X-S =     4.652552 mb/sr,
+                                         /R =   2.2719E+01
   103.00 deg.: X-S =     4.386354 mb/sr,
+                                         /R =   2.2028E+01
   104.00 deg.: X-S =     4.131159 mb/sr,
+                                         /R =   2.1325E+01
   105.00 deg.: X-S =     3.887605 mb/sr,
+                                         /R =   2.0618E+01
   106.00 deg.: X-S =     3.656185 mb/sr,
+                                         /R =   1.9912E+01
   107.00 deg.: X-S =     3.437253 mb/sr,
+                                         /R =   1.9214E+01
   108.00 deg.: X-S =     3.231049 mb/sr,
+                                         /R =   1.8530E+01
   109.00 deg.: X-S =     3.037711 mb/sr,
+                                         /R =   1.7864E+01
   110.00 deg.: X-S =     2.857286 mb/sr,
+                                         /R =   1.7223E+01
   111.00 deg.: X-S =     2.689748 mb/sr,
+                                         /R =   1.6610E+01
   112.00 deg.: X-S =     2.535005 mb/sr,
+                                         /R =   1.6031E+01
   113.00 deg.: X-S =     2.392906 mb/sr,
+                                         /R =   1.5490E+01
   114.00 deg.: X-S =     2.263244 mb/sr,
+                                         /R =   1.4990E+01
   115.00 deg.: X-S =     2.145763 mb/sr,
+                                         /R =   1.4534E+01
   116.00 deg.: X-S =     2.040154 mb/sr,
+                                         /R =   1.4127E+01
   117.00 deg.: X-S =     1.946054 mb/sr,
+                                         /R =   1.3769E+01
   118.00 deg.: X-S =     1.863046 mb/sr,
+                                         /R =   1.3464E+01
   119.00 deg.: X-S =     1.790654 mb/sr,
+                                         /R =   1.3213E+01
   120.00 deg.: X-S =     1.728343 mb/sr,
+                                         /R =   1.3015E+01
   121.00 deg.: X-S =     1.675509 mb/sr,
+                                         /R =   1.2871E+01
   122.00 deg.: X-S =     1.631489 mb/sr,
+                                         /R =   1.2781E+01
   123.00 deg.: X-S =     1.595551 mb/sr,
+                                         /R =   1.2741E+01
   124.00 deg.: X-S =     1.566901 mb/sr,
+                                         /R =   1.2749E+01
   125.00 deg.: X-S =     1.544687 mb/sr,
+                                         /R =   1.2801E+01
   126.00 deg.: X-S =     1.528006 mb/sr,
+                                         /R =   1.2893E+01
   127.00 deg.: X-S =     1.515913 mb/sr,
+                                         /R =   1.3018E+01
   128.00 deg.: X-S =     1.507431 mb/sr,
+                                         /R =   1.3170E+01
   129.00 deg.: X-S =     1.501569 mb/sr,
+                                         /R =   1.3341E+01
   130.00 deg.: X-S =     1.497335 mb/sr,
+                                         /R =   1.3524E+01
   131.00 deg.: X-S =     1.493756 mb/sr,
+                                         /R =   1.3711E+01
   132.00 deg.: X-S =     1.489895 mb/sr,
+                                         /R =   1.3892E+01
   133.00 deg.: X-S =     1.484875 mb/sr,
+                                         /R =   1.4060E+01
   134.00 deg.: X-S =     1.477895 mb/sr,
+                                         /R =   1.4205E+01
   135.00 deg.: X-S =     1.468252 mb/sr,
+                                         /R =   1.4320E+01
   136.00 deg.: X-S =     1.455359 mb/sr,
+                                         /R =   1.4399E+01
   137.00 deg.: X-S =     1.438762 mb/sr,
+                                         /R =   1.4434E+01
   138.00 deg.: X-S =     1.418153 mb/sr,
+                                         /R =   1.4422E+01
   139.00 deg.: X-S =     1.393385 mb/sr,
+                                         /R =   1.4359E+01
   140.00 deg.: X-S =     1.364478 mb/sr,
+                                         /R =   1.4243E+01
   141.00 deg.: X-S =     1.331622 mb/sr,
+                                         /R =   1.4075E+01
   142.00 deg.: X-S =     1.295178 mb/sr,
+                                         /R =   1.3858E+01
   143.00 deg.: X-S =     1.255678 mb/sr,
+                                         /R =   1.3596E+01
   144.00 deg.: X-S =     1.213808 mb/sr,
+                                         /R =   1.3294E+01
   145.00 deg.: X-S =     1.170404 mb/sr,
+                                         /R =   1.2963E+01
   146.00 deg.: X-S =     1.126426 mb/sr,
+                                         /R =   1.2612E+01
   147.00 deg.: X-S =     1.082946 mb/sr,
+                                         /R =   1.2253E+01
   148.00 deg.: X-S =     1.041114 mb/sr,
+                                         /R =   1.1900E+01
   149.00 deg.: X-S =     1.002138 mb/sr,
+                                         /R =   1.1568E+01
   150.00 deg.: X-S =     0.967249 mb/sr,
+                                         /R =   1.1272E+01
   151.00 deg.: X-S =     0.937674 mb/sr,
+                                         /R =   1.1028E+01
   152.00 deg.: X-S =     0.914597 mb/sr,
+                                         /R =   1.0853E+01
   153.00 deg.: X-S =     0.899132 mb/sr,
+                                         /R =   1.0761E+01
   154.00 deg.: X-S =     0.892290 mb/sr,
+                                         /R =   1.0767E+01
   155.00 deg.: X-S =     0.894948 mb/sr,
+                                         /R =   1.0885E+01
   156.00 deg.: X-S =     0.907821 mb/sr,
+                                         /R =   1.1125E+01
   157.00 deg.: X-S =     0.931438 mb/sr,
+                                         /R =   1.1498E+01
   158.00 deg.: X-S =     0.966122 mb/sr,
+                                         /R =   1.2009E+01
   159.00 deg.: X-S =     1.011975 mb/sr,
+                                         /R =   1.2663E+01
   160.00 deg.: X-S =     1.068862 mb/sr,
+                                         /R =   1.3459E+01
   161.00 deg.: X-S =     1.136411 mb/sr,
+                                         /R =   1.4396E+01
   162.00 deg.: X-S =     1.214010 mb/sr,
+                                         /R =   1.5467E+01
   163.00 deg.: X-S =     1.300814 mb/sr,
+                                         /R =   1.6662E+01
   164.00 deg.: X-S =     1.395754 mb/sr,
+                                         /R =   1.7968E+01
   165.00 deg.: X-S =     1.497557 mb/sr,
+                                         /R =   1.9371E+01
   166.00 deg.: X-S =     1.604767 mb/sr,
+                                         /R =   2.0850E+01
   167.00 deg.: X-S =     1.715772 mb/sr,
+                                         /R =   2.2385E+01
   168.00 deg.: X-S =     1.828836 mb/sr,
+                                         /R =   2.3951E+01
   169.00 deg.: X-S =     1.942130 mb/sr,
+                                         /R =   2.5524E+01
   170.00 deg.: X-S =     2.053776 mb/sr,
+                                         /R =   2.7078E+01
   171.00 deg.: X-S =     2.161878 mb/sr,
+                                         /R =   2.8586E+01
   172.00 deg.: X-S =     2.264569 mb/sr,
+                                         /R =   3.0022E+01
   173.00 deg.: X-S =     2.360048 mb/sr,
+                                         /R =   3.1360E+01
   174.00 deg.: X-S =     2.446618 mb/sr,
+                                         /R =   3.2574E+01
   175.00 deg.: X-S =     2.522725 mb/sr,
+                                         /R =   3.3644E+01
   176.00 deg.: X-S =     2.586990 mb/sr,
+                                         /R =   3.4548E+01
   177.00 deg.: X-S =     2.638241 mb/sr,
+                                         /R =   3.5270E+01
   178.00 deg.: X-S =     2.675539 mb/sr,
+                                         /R =   3.5796E+01
   179.00 deg.: X-S =     2.698197 mb/sr,
+                                         /R =   3.6116E+01
   179.99 deg.: X-S =     2.705795 mb/sr,
+                                         /R =   3.6223E+01
                                           Integrated 2149.1154 mb, over [   3.000, 180.000] at    35.0000 MeV 
 Finished all xsecs @    6.01000013E-03

  The following files have been created:
   3:local copy of User input.            6:standard output.                   
   7:elastic  S-matrix elements.         13:total cross sections/state.        
  16:tables of cross sections.           38:cross sections for each J/pi.      
  39:cross sections for each Ecm.        40:all cross sectns. for each Elab.   
  45:scat phase shift as E functions.    56:Fusion for each Jtotal.            
 201:Separate cross sections.           

 PARAMETERS : MAXQRN   MFNL   MLOC  LMAX1 MCLIST
    ALLOWED :      1      1      4     70      6
    REQUIRED:      0      0      4     19      4


 ACCURACY ANALYSIS at    35.000 MeV :

  Elastic h*k = 0.037 so OK       compared with 0.200

   Real(S-el) > 0.01 first at J =       0.5
   Real(S-el) > 0.10 first at J =       0.5
   Real(S-el) > 0.50 first at J =       1.5
   Real(S-el) > 0.90 first at J =       6.5
   Real(S-el) > 0.99 first at J =       8.5
   R-turn =    14.32 fm    at J =      17.5

 Forward-angle excitation cut off below   1.361 deg by max JT =      17.5
                              and below   0.330 deg by max R.

