 FRESCO - FRES 3.4: Coupled Reaction Channels
 Assuming NAMELIST input.

 p+O20 with CH89;                                                                

   0.030  60.000   0.500   0.000   0.000   0.000   0.000   0.000   0.000   0.000

 Centre-of-mass Range is   2002 * 0.0300 fm., Maximum at  60.00 fm., Interpolating NL forms every  0.51 fm.
 Non - locality width is      4 * 0.0300 fm., Maximum of   0.09 fm., Centred at  0.00 fm.
 2-Nucleon Separation of      0 * 0.5100 fm., Maximum of   0.00 fm., Minimum at  0.00 fm.
 Maximum single particle bins of 59.6700 fm.
               M,Mint =         2001        1990


 Range of total J is     0.0 <= J <=    50.0 (at least     0.0) and Absorbtion =>     0.0010 mb.
 Dry Run = F, CC set limits =  0  0, Relativistic kinematics =  , Both/Far/Near Analyses =  1                     

 Cross Sections (and up to T0 for 0=projectile) for Theta from   3.0 to-180.0 in steps of  1.0 degrees, DGAM=0,  Coordinates = 0 (Mads)

 Lower Radial Cutoff = maximum of -1.60*L*h &       0.0 fm.,  Lower Cutoff for Couplings =   0.0  fm.


 Iterate Couplings between   0 and   0 times, to  0.000 % if sooner.                                          
  Block solved exactly =   0 chs., with Pade = 0 & Isocen =  =0, NOSOL = F, initwf =  0
  NL quadrature with   18 Gaussian points, Calculate multipoles up to    56 from   0
  M-transfers for lp+lt greater than or equal to  6, Angular Integration Cutoff below  2.7778 %


 Trace switches are :  CHANS =  1, LISTCC =  0, TRENEG =  0, CDETR =  0, SMATS =  2, XSTABL =  1, NLPL =  0

                       WAVES =  0, LAMPL =  0, VEFF =  0, KFUS =  0, WDISK =  0, BPM =  0, MELFIL =  0

                       CDCC =  0, NFUS =  0

 Using unit mass = 1.000000 amu and 1/fine-structure constant = 137.03599 ( 1.000000 * true ) with hc = 197.32705 MeV.fm,
  thus 2*amu/hbar^2 = 0.0478450 = 1/20.9008 and Coulomb constant = 0.1574855 so e^2 = 1.43997, and nuclear magneton= 0.1261183

 Now pre-scan input and save to file 3



 *********** PARTITION NUMBER  1 ******************************************************************************************

   PROJ=p          MASS=  1.0073 Z=   1.0,        # STATES=    1T, TARG=O20      MASS= 19.9997 Z=   8.0,     Q-VALUE =  -0.0000 MEV.

     1:  J= 0.5+ (B# 1), E=  0.0000, K= 0.5              Potl#  1       J= 0.0+ (B# 1), E=  0.0000, K= 0.0    


 ************************************************************************************************************************************

 The following POTENTIALS are defined :

  KP#       TYPE      IT    SHAPE      at     V1        r1        a1        V2        r2        a2        A-in     A-used


                                            A#1       A#2        r0c       ac                                                h @ 1
    1    0=Coulomb       0=CHARGE (WS)  1    20.000     0.000    1.2842    0.0000    0.0000    0.0000     0.000    20.000   0.03000

    1    1=Volume        0=Woods-Saxon  2   34.6805    1.1671    0.6900    2.0515    1.1753    0.6900     0.000    20.000

    1    2=Surface       0=Woods-Saxon  3    0.0000    0.0000    0.0000    4.3534    1.1753    0.6900     0.000    20.000

    1    3=Projtl S.O.   0=Woods-Saxon  4    5.9000    0.8979    0.6300    0.0000    0.0000    0.0000     0.000    20.000

 Incoming partition  1 in excitation state # 1,   Laboratory Energy given for partition  1 Nucleus 1 in Excitation pair 1

0Lab. ENERGY ranges :

   from    35.0000     to   0.00000     in     0 intervals
   from    0.00000     to   0.00000     in     0 intervals
   from    0.00000     to   0.00000     in     0 intervals

 Largest real,imaginary parts of any form factor at R=   59.52 are   2.42E-02  4.66E-32 MeV
 Finished all Couplings @    5.67000010E-04           4

 Symmetric Hamiltonian
1***********************************************************************************************************************************
************************************************************************************************************************************

        INCOMING p        ;    LABORATORY p        ENERGY =   35.000     MeV.

 ***********************************************************************************************************************************
 ***********************************************************************************************************************************

 Allocate arrays for            2  channels, of which            1  need wfs.

 ######################################################################################################################
 #                                                                                                                    #
 # Total SPIN and PARITY =     0.5 +,      1 channels,    0 in 1st block.  Rmin & Coul turning =    0.0    0.3 fm.  #
 #                                                                                                                    #
 ######################################################################################################################



    C Projectl Target   #   EX.   (L  Proj) J  + Targ = Jtotal     E-cm      Re K     Re Eta     RM*K            CH
    1 p        O20      #    1: I   0 0.5    0.5  0.0     0.5    33.32176   1.23648   0.21373   74.1887   0.33920  -0.36833 1 1 1   1
   S-matrix    1 =   -0.25786  -0.51371 for L=    0, J=    0.5 channel on core I =   0.0 from L=    0,  Acc. loss =  0.0 D.
 Elastic phase shift   1 =  -58.327  15.864 deg. for the L =    0, J =    0.5 channel.
       0.5 -0.25785984 -0.51370607i: elastic S-matrix  @@      0.00  0   0 F  0
 Reaction Xsec     0.5+/ 0 @ 1 =  13.759 , Out:   0.000#


 Total SPIN, PARITY =     0.5 -,      1 chs,      0 cc.  Rmin & Coul turning =    0.0    0.3
   S-matrix    1 =   -0.53674  -0.07666 for L=    1, J=    0.5 channel on core I =   0.0 from L=    1,  Acc. loss =  0.0 D.
 Elastic phase shift   1 =  -85.936  17.537 deg. for the L =    1, J =    0.5 channel.
       0.5 -0.53673842 -0.07666282i: elastic S-matrix  @@      0.00  0   0 F  0
 Reaction Xsec     0.5-/ 1 @ 1 =  14.508 , Out:   0.000#


 Total SPIN, PARITY =     1.5 +,      1 chs,      0 cc.  Rmin & Coul turning =    0.0    1.3
   S-matrix    1 =   -0.44632   0.29572 for L=    2, J=    1.5 channel on core I =   0.0 from L=    2,  Acc. loss =  0.0 D.
 Elastic phase shift   1 =   73.236  17.898 deg. for the L =    2, J =    1.5 channel.
       1.5 -0.44631767  0.29572039i: elastic S-matrix  @@      0.00  0   0 F  0
 Reaction Xsec     1.5+/ 2 @ 1 =  29.316 , Out:   0.000#


 Total SPIN, PARITY =     1.5 -,      1 chs,      0 cc.  Rmin & Coul turning =    0.0    1.3
   S-matrix    1 =   -0.42616  -0.34739 for L=    1, J=    1.5 channel on core I =   0.0 from L=    1,  Acc. loss =  0.0 D.
 Elastic phase shift   1 =  -70.407  17.137 deg. for the L =    1, J =    1.5 channel.
       1.5 -0.42615920 -0.34738709i: elastic S-matrix  @@      0.00  0   0 F  0
 Reaction Xsec     1.5-/ 1 @ 1 =  28.674 , Out:   0.000#


 Total SPIN, PARITY =     2.5 +,      1 chs,      0 cc.  Rmin & Coul turning =    0.1    2.2
   S-matrix    1 =   -0.53857  -0.17411 for L=    2, J=    2.5 channel on core I =   0.0 from L=    2,  Acc. loss =  0.0 D.
 Elastic phase shift   1 =  -81.042  16.305 deg. for the L =    2, J =    2.5 channel.
       2.5 -0.53856512 -0.17411118i: elastic S-matrix  @@      0.00  0   0 F  0
 Reaction Xsec     2.5+/ 2 @ 1 =  41.896 , Out:   0.000#


 Total SPIN, PARITY =     2.5 -,      1 chs,      0 cc.  Rmin & Coul turning =    0.1    2.2
   S-matrix    1 =   -0.08211   0.44692 for L=    3, J=    2.5 channel on core I =   0.0 from L=    3,  Acc. loss =  0.0 D.
 Elastic phase shift   1 =   50.205  22.597 deg. for the L =    3, J =    2.5 channel.
       2.5 -0.08210511  0.44692352i: elastic S-matrix  @@      0.00  0   0 F  0
 Reaction Xsec     2.5-/ 3 @ 1 =  48.916 , Out:   0.000#


 Total SPIN, PARITY =     3.5 +,      1 chs,      0 cc.  Rmin & Coul turning =    0.1    3.0
   S-matrix    1 =    0.39149   0.40104 for L=    4, J=    3.5 channel on core I =   0.0 from L=    4,  Acc. loss =  0.0 D.
 Elastic phase shift   1 =   22.845  16.588 deg. for the L =    4, J =    3.5 channel.
       3.5  0.39148923  0.40104004i: elastic S-matrix  @@      0.00  0   0 F  0
 Reaction Xsec     3.5+/ 4 @ 1 =  56.377 , Out:   0.000#


 Total SPIN, PARITY =     3.5 -,      1 chs,      0 cc.  Rmin & Coul turning =    0.1    3.0
   S-matrix    1 =   -0.49108   0.08719 for L=    3, J=    3.5 channel on core I =   0.0 from L=    3,  Acc. loss =  0.0 D.
 Elastic phase shift   1 =   84.966  19.928 deg. for the L =    3, J =    3.5 channel.
       3.5 -0.49108179  0.08718888i: elastic S-matrix  @@      0.00  0   0 F  0
 Reaction Xsec     3.5-/ 3 @ 1 =  61.747 , Out:   0.000#


 Total SPIN, PARITY =     4.5 +,      1 chs,      0 cc.  Rmin & Coul turning =    0.2    3.8
   S-matrix    1 =   -0.01823   0.43306 for L=    4, J=    4.5 channel on core I =   0.0 from L=    4,  Acc. loss =  0.0 D.
 Elastic phase shift   1 =   46.205  23.949 deg. for the L =    4, J =    4.5 channel.
       4.5 -0.01823249  0.43306169i: elastic S-matrix  @@      0.00  0   0 F  0
 Reaction Xsec     4.5+/ 4 @ 1 =  83.439 , Out:   0.000#


 Total SPIN, PARITY =     4.5 -,      1 chs,      0 cc.  Rmin & Coul turning =    0.2    3.8
   S-matrix    1 =    0.74612   0.24093 for L=    5, J=    4.5 channel on core I =   0.0 from L=    5,  Acc. loss =  0.0 D.
 Elastic phase shift   1 =    8.948   6.969 deg. for the L =    5, J =    4.5 channel.
       4.5  0.74612032  0.24093386i: elastic S-matrix  @@      0.00  0   0 F  0
 Reaction Xsec     4.5-/ 5 @ 1 =  39.582 , Out:   0.000#


 Total SPIN, PARITY =     5.5 +,      1 chs,      0 cc.  Rmin & Coul turning =    0.2    4.6
   S-matrix    1 =    0.90933   0.10796 for L=    6, J=    5.5 channel on core I =   0.0 from L=    6,  Acc. loss =  0.0 D.
 Elastic phase shift   1 =    3.385   2.522 deg. for the L =    6, J =    5.5 channel.
       5.5  0.90932877  0.10795823i: elastic S-matrix  @@      0.00  0   0 F  0
 Reaction Xsec     5.5+/ 6 @ 1 =  19.907 , Out:   0.000#


 Total SPIN, PARITY =     5.5 -,      1 chs,      0 cc.  Rmin & Coul turning =    0.2    4.6
   S-matrix    1 =    0.62328   0.37154 for L=    5, J=    5.5 channel on core I =   0.0 from L=    5,  Acc. loss =  0.0 D.
 Elastic phase shift   1 =   15.400   9.188 deg. for the L =    5, J =    5.5 channel.
       5.5  0.62327763  0.37153989i: elastic S-matrix  @@      0.00  0   0 F  0
 Reaction Xsec     5.5-/ 5 @ 1 =  58.376 , Out:   0.000#


 Total SPIN, PARITY =     6.5 +,      1 chs,      0 cc.  Rmin & Coul turning =    0.3    5.4
   S-matrix    1 =    0.89049   0.16267 for L=    6, J=    6.5 channel on core I =   0.0 from L=    6,  Acc. loss =  0.0 D.
 Elastic phase shift   1 =    5.176   2.853 deg. for the L =    6, J =    6.5 channel.
       6.5  0.89048893  0.16266550i: elastic S-matrix  @@      0.00  0   0 F  0
 Reaction Xsec     6.5+/ 6 @ 1 =  25.973 , Out:   0.000#


 Total SPIN, PARITY =     6.5 -,      1 chs,      0 cc.  Rmin & Coul turning =    0.3    5.4
   S-matrix    1 =    0.96878   0.04188 for L=    7, J=    6.5 channel on core I =   0.0 from L=    7,  Acc. loss =  0.0 D.
 Elastic phase shift   1 =    1.238   0.882 deg. for the L =    7, J =    6.5 channel.
       6.5  0.96877972  0.04188388i: elastic S-matrix  @@      0.00  0   0 F  0
 Reaction Xsec     6.5-/ 7 @ 1 =   8.589 , Out:   0.000#


 Total SPIN, PARITY =     7.5 +,      1 chs,      0 cc.  Rmin & Coul turning =    0.3    6.2
   S-matrix    1 =    0.98928   0.01528 for L=    8, J=    7.5 channel on core I =   0.0 from L=    8,  Acc. loss =  0.0 D.
 Elastic phase shift   1 =    0.442   0.305 deg. for the L =    8, J =    7.5 channel.
       7.5  0.98927990  0.01527524i: elastic S-matrix  @@      0.00  0   0 F  0
 Reaction Xsec     7.5+/ 8 @ 1 =   3.467 , Out:   0.000#


 Total SPIN, PARITY =     7.5 -,      1 chs,      0 cc.  Rmin & Coul turning =    0.3    6.2
   S-matrix    1 =    0.96633   0.05937 for L=    7, J=    7.5 channel on core I =   0.0 from L=    7,  Acc. loss =  0.0 D.
 Elastic phase shift   1 =    1.758   0.927 deg. for the L =    7, J =    7.5 channel.
       7.5  0.96633444  0.05936829i: elastic S-matrix  @@      0.00  0   0 F  0
 Reaction Xsec     7.5-/ 7 @ 1 =  10.303 , Out:   0.000#


 Total SPIN, PARITY =     8.5 +,      1 chs,      0 cc.  Rmin & Coul turning =    0.4    7.0
   S-matrix    1 =    0.98897   0.02069 for L=    8, J=    8.5 channel on core I =   0.0 from L=    8,  Acc. loss =  0.0 D.
 Elastic phase shift   1 =    0.599   0.311 deg. for the L =    8, J =    8.5 channel.
       8.5  0.98897078  0.02068635i: elastic S-matrix  @@      0.00  0   0 F  0
 Reaction Xsec     8.5+/ 8 @ 1 =   3.978 , Out:   0.000#


 Total SPIN, PARITY =     8.5 -,      1 chs,      0 cc.  Rmin & Coul turning =    0.4    7.0
   S-matrix    1 =    0.99632   0.00542 for L=    9, J=    8.5 channel on core I =   0.0 from L=    9,  Acc. loss =  0.0 D.
 Elastic phase shift   1 =    0.156   0.105 deg. for the L =    9, J =    8.5 channel.
       8.5  0.99631974  0.00541903i: elastic S-matrix  @@      0.00  0   0 F  0
 Reaction Xsec     8.5-/ 9 @ 1 =   1.353 , Out:   0.000#


 Total SPIN, PARITY =     9.5 +,      1 chs,      0 cc.  Rmin & Coul turning =    0.4    7.8
   S-matrix    1 =    0.99874   0.00190 for L=   10, J=    9.5 channel on core I =   0.0 from L=   10,  Acc. loss =  0.0 D.
 Elastic phase shift   1 =    0.054   0.036 deg. for the L =   10, J =    9.5 channel.
       9.5  0.99873877  0.00189596i: elastic S-matrix  @@      0.00  0   0 F  0
 Reaction Xsec     9.5+/10 @ 1 =   0.517 , Out:   0.000#


 Total SPIN, PARITY =     9.5 -,      1 chs,      0 cc.  Rmin & Coul turning =    0.4    7.8
   S-matrix    1 =    0.99628   0.00710 for L=    9, J=    9.5 channel on core I =   0.0 from L=    9,  Acc. loss =  0.0 D.
 Elastic phase shift   1 =    0.204   0.106 deg. for the L =    9, J =    9.5 channel.
       9.5  0.99628078  0.00709852i: elastic S-matrix  @@      0.00  0   0 F  0
 Reaction Xsec     9.5-/ 9 @ 1 =   1.515 , Out:   0.000#


 Total SPIN, PARITY =    10.5 +,      1 chs,      0 cc.  Rmin & Coul turning =    0.5    8.7
   S-matrix    1 =    0.99873   0.00242 for L=   10, J=   10.5 channel on core I =   0.0 from L=   10,  Acc. loss =  0.0 D.
 Elastic phase shift   1 =    0.069   0.036 deg. for the L =   10, J =   10.5 channel.
      10.5  0.99873387  0.00241893i: elastic S-matrix  @@      0.00  0   0 F  0
 Reaction Xsec    10.5+/10 @ 1 =   0.571 , Out:   0.000#


 Total SPIN, PARITY =    10.5 -,      1 chs,      0 cc.  Rmin & Coul turning =    0.5    8.7
   S-matrix    1 =    0.99957   0.00066 for L=   11, J=   10.5 channel on core I =   0.0 from L=   11,  Acc. loss =  0.0 D.
 Elastic phase shift   1 =    0.019   0.012 deg. for the L =   11, J =   10.5 channel.
      10.5  0.99956889  0.00065799i: elastic S-matrix  @@      0.00  0   0 F  0
 Reaction Xsec    10.5-/11 @ 1 =   0.195 , Out:   0.000#


 Total SPIN, PARITY =    11.5 +,      1 chs,      0 cc.  Rmin & Coul turning =    0.5    9.5
   S-matrix    1 =    0.99985   0.00023 for L=   12, J=   11.5 channel on core I =   0.0 from L=   12,  Acc. loss =  0.0 D.
 Elastic phase shift   1 =    0.007   0.004 deg. for the L =   12, J =   11.5 channel.
      11.5  0.99985303  0.00022710i: elastic S-matrix  @@      0.00  0   0 F  0
 Reaction Xsec    11.5+/12 @ 1 =   0.072 , Out:   0.000#


 Total SPIN, PARITY =    11.5 -,      1 chs,      0 cc.  Rmin & Coul turning =    0.5    9.5
   S-matrix    1 =    0.99957   0.00082 for L=   11, J=   11.5 channel on core I =   0.0 from L=   11,  Acc. loss =  0.0 D.
 Elastic phase shift   1 =    0.024   0.012 deg. for the L =   11, J =   11.5 channel.
      11.5  0.99956827  0.00082088i: elastic S-matrix  @@      0.00  0   0 F  0
 Reaction Xsec    11.5-/11 @ 1 =   0.213 , Out:   0.000#


 Total SPIN, PARITY =    12.5 +,      1 chs,      0 cc.  Rmin & Coul turning =    0.6   10.3
   S-matrix    1 =    0.99985   0.00028 for L=   12, J=   12.5 channel on core I =   0.0 from L=   12,  Acc. loss =  0.0 D.
 Elastic phase shift   1 =    0.008   0.004 deg. for the L =   12, J =   12.5 channel.
      12.5  0.99985296  0.00027776i: elastic S-matrix  @@      0.00  0   0 F  0
 Reaction Xsec    12.5+/12 @ 1 =   0.079 , Out:   0.000#


 Total SPIN, PARITY =    12.5 -,      1 chs,      0 cc.  Rmin & Coul turning =    0.6   10.3
   S-matrix    1 =    0.99995   0.00008 for L=   13, J=   12.5 channel on core I =   0.0 from L=   13,  Acc. loss =  0.0 D.
 Elastic phase shift   1 =    0.002   0.001 deg. for the L =   13, J =   12.5 channel.
      12.5  0.99995002  0.00007805i: elastic S-matrix  @@      0.00  0   0 F  0
 Reaction Xsec    12.5-/13 @ 1 =   0.027 , Out:   0.000#


 Total SPIN, PARITY =    13.5 +,      1 chs,      0 cc.  Rmin & Coul turning =    0.6   11.1
   S-matrix    1 =    0.99998   0.00003 for L=   14, J=   13.5 channel on core I =   0.0 from L=   14,  Acc. loss =  0.0 D.
 Elastic phase shift   1 =    0.001   0.000 deg. for the L =   14, J =   13.5 channel.
      13.5  0.99998304  0.00002673i: elastic S-matrix  @@      0.00  0   0 F  0
 Reaction Xsec    13.5+/14 @ 1 =   9.755/, Out:   0.000#


 Total SPIN, PARITY =    13.5 -,      1 chs,      0 cc.  Rmin & Coul turning =    0.6   11.1
   S-matrix    1 =    0.99995   0.00009 for L=   13, J=   13.5 channel on core I =   0.0 from L=   13,  Acc. loss =  0.0 D.
 Elastic phase shift   1 =    0.003   0.001 deg. for the L =   13, J =   13.5 channel.
      13.5  0.99995001  0.00009377i: elastic S-matrix  @@      0.00  0   0 F  0
 Reaction Xsec    13.5-/13 @ 1 =   0.029 , Out:   0.000#


 Total SPIN, PARITY =    14.5 +,      1 chs,      0 cc.  Rmin & Coul turning =    0.7   11.9
   S-matrix    1 =    0.99998   0.00003 for L=   14, J=   14.5 channel on core I =   0.0 from L=   14,  Acc. loss =  0.0 D.
 Elastic phase shift   1 =    0.001   0.000 deg. for the L =   14, J =   14.5 channel.
      14.5  0.99998304  0.00003160i: elastic S-matrix  @@      0.00  0   0 F  0
 Reaction Xsec    14.5+/14 @ 1 =   0.010 , Out:   0.000#


 Total SPIN, PARITY =    14.5 -,      1 chs,      0 cc.  Rmin & Coul turning =    0.7   11.9
   S-matrix    1 =    0.99999   0.00001 for L=   15, J=   14.5 channel on core I =   0.0 from L=   15,  Acc. loss =  0.0 D.
 Elastic phase shift   1 =    0.000   0.000 deg. for the L =   15, J =   14.5 channel.
      14.5  0.99999426  0.00000913i: elastic S-matrix  @@      0.00  0   0 F  0
 Reaction Xsec    14.5-/15 @ 1 =   3.539/, Out:   0.000#


 Total SPIN, PARITY =    15.5 +,      1 chs,      0 cc.  Rmin & Coul turning =    0.7   12.7
   S-matrix    1 =    1.00000   0.00000 for L=   16, J=   15.5 channel on core I =   0.0 from L=   16,  Acc. loss =  0.0 D.
 Elastic phase shift   1 =    0.000   0.000 deg. for the L =   16, J =   15.5 channel.
      15.5  0.99999806  0.00000311i: elastic S-matrix  @@      0.00  0   0 F  0
 Reaction Xsec    15.5+/16 @ 1 =   1.276/, Out:   0.000#


 Total SPIN, PARITY =    15.5 -,      1 chs,      0 cc.  Rmin & Coul turning =    0.7   12.7
   S-matrix    1 =    0.99999   0.00001 for L=   15, J=   15.5 channel on core I =   0.0 from L=   15,  Acc. loss =  0.0 D.
 Elastic phase shift   1 =    0.000   0.000 deg. for the L =   15, J =   15.5 channel.
      15.5  0.99999426  0.00001063i: elastic S-matrix  @@      0.00  0   0 F  0
 Reaction Xsec    15.5-/15 @ 1 =   3.775/, Out:   0.000#


 Total SPIN, PARITY =    16.5 +,      1 chs,      0 cc.  Rmin & Coul turning =    0.8   13.5
   S-matrix    1 =    1.00000   0.00000 for L=   16, J=   16.5 channel on core I =   0.0 from L=   16,  Acc. loss =  0.0 D.
 Elastic phase shift   1 =    0.000   0.000 deg. for the L =   16, J =   16.5 channel.
      16.5  0.99999806  0.00000357i: elastic S-matrix  @@      0.00  0   0 F  0
 Reaction Xsec    16.5+/16 @ 1 =   1.356/, Out:   0.000#


 Total SPIN, PARITY =    16.5 -,      1 chs,      0 cc.  Rmin & Coul turning =    0.8   13.5
   S-matrix    1 =    1.00000   0.00000 for L=   17, J=   16.5 channel on core I =   0.0 from L=   17,  Acc. loss =  0.0 D.
 Elastic phase shift   1 =    0.000   0.000 deg. for the L =   17, J =   16.5 channel.
      16.5  0.99999935  0.00000106i: elastic S-matrix  @@      0.00  0   0 F  0
 Reaction Xsec    16.5-/17 @ 1 =   0.458/, Out:   0.000#


 Total SPIN, PARITY =    17.5 +,      1 chs,      0 cc.  Rmin & Coul turning =    0.8   14.3
   S-matrix    1 =    1.00000   0.00000 for L=   18, J=   17.5 channel on core I =   0.0 from L=   18,  Acc. loss =  0.0 D.
 Elastic phase shift   1 =    0.000   0.000 deg. for the L =   18, J =   17.5 channel.
      17.5  0.99999978  0.00000036i: elastic S-matrix  @@      0.00  0   0 F  0
 Reaction Xsec    17.5+/18 @ 1 =   0.163/, Out:   0.000#


 Total SPIN, PARITY =    17.5 -,      1 chs,      0 cc.  Rmin & Coul turning =    0.8   14.3
   S-matrix    1 =    1.00000   0.00000 for L=   17, J=   17.5 channel on core I =   0.0 from L=   17,  Acc. loss =  0.0 D.
 Elastic phase shift   1 =    0.000   0.000 deg. for the L =   17, J =   17.5 channel.
      17.5  0.99999935  0.00000120i: elastic S-matrix  @@      0.00  0   0 F  0
 Reaction Xsec    17.5-/17 @ 1 =   0.484/, Out:   0.000#

 Finished all CC sets @    5.95999975E-03
0CUMULATIVE REACTION cross section                 =  553.40717  <L> =     3.85  <L**2> =     18.0
0CUMULATIVE outgoing cross sections in partition 1 :    0.00000
0Cumulative ABSORBTION by Imaginary Potentials     =  553.40717  <L> =     3.85  <L**2> =     18.0
   Fusion for specific p        M-states :  553.407173  553.407173
0CUMULATIVE OUTGOING cross section                 =    0.00000
 To convert to S-factors (MeV.mb = keV.b),  multiply by  1.2763E+02


 CROSS SECTIONS FOR OUTGOING p        & O20      in state #   1 with spins & parities 0.5  + &  0.0  +;  0

     3.00 deg.: X-S =   1.2651E+05 mb/sr,
+                                         /R =   7.9522E-01
     4.00 deg.: X-S =   3.4628E+04 mb/sr,
+                                         /R =   6.8769E-01
     5.00 deg.: X-S =   1.2326E+04 mb/sr,
+                                         /R =   5.9734E-01
     6.00 deg.: X-S =  5452.033046 mb/sr,
+                                         /R =   5.4758E-01
     7.00 deg.: X-S =  3020.746269 mb/sr,
+                                         /R =   5.6170E-01
     8.00 deg.: X-S =  2087.144117 mb/sr,
+                                         /R =   6.6158E-01
     9.00 deg.: X-S =  1707.940300 mb/sr,
+                                         /R =   8.6644E-01
    10.00 deg.: X-S =  1542.619555 mb/sr,
+                                         /R =   1.1916E+00
    11.00 deg.: X-S =  1458.250643 mb/sr,
+                                         /R =   1.6475E+00
    12.00 deg.: X-S =  1400.669488 mb/sr,
+                                         /R =   2.2385E+00
    13.00 deg.: X-S =  1347.764037 mb/sr,
+                                         /R =   2.9631E+00
    14.00 deg.: X-S =  1291.096809 mb/sr,
+                                         /R =   3.8127E+00
    15.00 deg.: X-S =  1228.209313 mb/sr,
+                                         /R =   4.7726E+00
    16.00 deg.: X-S =  1159.243769 mb/sr,
+                                         /R =   5.8222E+00
    17.00 deg.: X-S =  1085.409369 mb/sr,
+                                         /R =   6.9358E+00
    18.00 deg.: X-S =  1008.272093 mb/sr,
+                                         /R =   8.0835E+00
    19.00 deg.: X-S =   929.425106 mb/sr,
+                                         /R =   9.2330E+00
    20.00 deg.: X-S =   850.339634 mb/sr,
+                                         /R =   1.0351E+01
    21.00 deg.: X-S =   772.302971 mb/sr,
+                                         /R =   1.1403E+01
    22.00 deg.: X-S =   696.398992 mb/sr,
+                                         /R =   1.2358E+01
    23.00 deg.: X-S =   623.509384 mb/sr,
+                                         /R =   1.3187E+01
    24.00 deg.: X-S =   554.324859 mb/sr,
+                                         /R =   1.3867E+01
    25.00 deg.: X-S =   489.360978 mb/sr,
+                                         /R =   1.4377E+01
    26.00 deg.: X-S =   428.975883 mb/sr,
+                                         /R =   1.4705E+01
    27.00 deg.: X-S =   373.388558 mb/sr,
+                                         /R =   1.4845E+01
    28.00 deg.: X-S =   322.696899 mb/sr,
+                                         /R =   1.4797E+01
    29.00 deg.: X-S =   276.895192 mb/sr,
+                                         /R =   1.4568E+01
    30.00 deg.: X-S =   235.890751 mb/sr,
+                                         /R =   1.4171E+01
    31.00 deg.: X-S =   199.519571 mb/sr,
+                                         /R =   1.3623E+01
    32.00 deg.: X-S =   167.560876 mb/sr,
+                                         /R =   1.2948E+01
    33.00 deg.: X-S =   139.750479 mb/sr,
+                                         /R =   1.2173E+01
    34.00 deg.: X-S =   115.792895 mb/sr,
+                                         /R =   1.1327E+01
    35.00 deg.: X-S =    95.372168 mb/sr,
+                                         /R =   1.0440E+01
    36.00 deg.: X-S =    78.161412 mb/sr,
+                                         /R =   9.5414E+00
    37.00 deg.: X-S =    63.831053 mb/sr,
+                                         /R =   8.6622E+00
    38.00 deg.: X-S =    52.055820 mb/sr,
+                                         /R =   7.8294E+00
    39.00 deg.: X-S =    42.520523 mb/sr,
+                                         /R =   7.0676E+00
    40.00 deg.: X-S =    34.924688 mb/sr,
+                                         /R =   6.3978E+00
    41.00 deg.: X-S =    28.986129 mb/sr,
+                                         /R =   5.8369E+00
    42.00 deg.: X-S =    24.443539 mb/sr,
+                                         /R =   5.3973E+00
    43.00 deg.: X-S =    21.058218 mb/sr,
+                                         /R =   5.0865E+00
    44.00 deg.: X-S =    18.615011 mb/sr,
+                                         /R =   4.9075E+00
    45.00 deg.: X-S =    16.922592 mb/sr,
+                                         /R =   4.8587E+00
    46.00 deg.: X-S =    15.813173 mb/sr,
+                                         /R =   4.9343E+00
    47.00 deg.: X-S =    15.141754 mb/sr,
+                                         /R =   5.1247E+00
    48.00 deg.: X-S =    14.784994 mb/sr,
+                                         /R =   5.4171E+00
    49.00 deg.: X-S =    14.639810 mb/sr,
+                                         /R =   5.7961E+00
    50.00 deg.: X-S =    14.621764 mb/sr,
+                                         /R =   6.2443E+00
    51.00 deg.: X-S =    14.663327 mb/sr,
+                                         /R =   6.7431E+00
    52.00 deg.: X-S =    14.712070 mb/sr,
+                                         /R =   7.2733E+00
    53.00 deg.: X-S =    14.728842 mb/sr,
+                                         /R =   7.8157E+00
    54.00 deg.: X-S =    14.685984 mb/sr,
+                                         /R =   8.3518E+00
    55.00 deg.: X-S =    14.565603 mb/sr,
+                                         /R =   8.8643E+00
    56.00 deg.: X-S =    14.357948 mb/sr,
+                                         /R =   9.3373E+00
    57.00 deg.: X-S =    14.059897 mb/sr,
+                                         /R =   9.7572E+00
    58.00 deg.: X-S =    13.673584 mb/sr,
+                                         /R =   1.0113E+01
    59.00 deg.: X-S =    13.205157 mb/sr,
+                                         /R =   1.0394E+01
    60.00 deg.: X-S =    12.663687 mb/sr,
+                                         /R =   1.0596E+01
    61.00 deg.: X-S =    12.060219 mb/sr,
+                                         /R =   1.0713E+01
    62.00 deg.: X-S =    11.406960 mb/sr,
+                                         /R =   1.0745E+01
    63.00 deg.: X-S =    10.716608 mb/sr,
+                                         /R =   1.0693E+01
    64.00 deg.: X-S =    10.001796 mb/sr,
+                                         /R =   1.0559E+01
    65.00 deg.: X-S =     9.274660 mb/sr,
+                                         /R =   1.0348E+01
    66.00 deg.: X-S =     8.546505 mb/sr,
+                                         /R =   1.0067E+01
    67.00 deg.: X-S =     7.827566 mb/sr,
+                                         /R =   9.7247E+00
    68.00 deg.: X-S =     7.126845 mb/sr,
+                                         /R =   9.3290E+00
    69.00 deg.: X-S =     6.452026 mb/sr,
+                                         /R =   8.8900E+00
    70.00 deg.: X-S =     5.809436 mb/sr,
+                                         /R =   8.4177E+00
    71.00 deg.: X-S =     5.204063 mb/sr,
+                                         /R =   7.9223E+00
    72.00 deg.: X-S =     4.639608 mb/sr,
+                                         /R =   7.4139E+00
    73.00 deg.: X-S =     4.118564 mb/sr,
+                                         /R =   6.9022E+00
    74.00 deg.: X-S =     3.642322 mb/sr,
+                                         /R =   6.3962E+00
    75.00 deg.: X-S =     3.211283 mb/sr,
+                                         /R =   5.9042E+00
    76.00 deg.: X-S =     2.824984 mb/sr,
+                                         /R =   5.4335E+00
    77.00 deg.: X-S =     2.482228 mb/sr,
+                                         /R =   4.9904E+00
    78.00 deg.: X-S =     2.181210 mb/sr,
+                                         /R =   4.5801E+00
    79.00 deg.: X-S =     1.919636 mb/sr,
+                                         /R =   4.2068E+00
    80.00 deg.: X-S =     1.694845 mb/sr,
+                                         /R =   3.8734E+00
    81.00 deg.: X-S =     1.503913 mb/sr,
+                                         /R =   3.5817E+00
    82.00 deg.: X-S =     1.343750 mb/sr,
+                                         /R =   3.3326E+00
    83.00 deg.: X-S =     1.211186 mb/sr,
+                                         /R =   3.1258E+00
    84.00 deg.: X-S =     1.103050 mb/sr,
+                                         /R =   2.9603E+00
    85.00 deg.: X-S =     1.016228 mb/sr,
+                                         /R =   2.8341E+00
    86.00 deg.: X-S =     0.947720 mb/sr,
+                                         /R =   2.7448E+00
    87.00 deg.: X-S =     0.894681 mb/sr,
+                                         /R =   2.6891E+00
    88.00 deg.: X-S =     0.854456 mb/sr,
+                                         /R =   2.6636E+00
    89.00 deg.: X-S =     0.824598 mb/sr,
+                                         /R =   2.6643E+00
    90.00 deg.: X-S =     0.802889 mb/sr,
+                                         /R =   2.6871E+00
    91.00 deg.: X-S =     0.787347 mb/sr,
+                                         /R =   2.7279E+00
    92.00 deg.: X-S =     0.776226 mb/sr,
+                                         /R =   2.7824E+00
    93.00 deg.: X-S =     0.768017 mb/sr,
+                                         /R =   2.8465E+00
    94.00 deg.: X-S =     0.761435 mb/sr,
+                                         /R =   2.9163E+00
    95.00 deg.: X-S =     0.755413 mb/sr,
+                                         /R =   2.9881E+00
    96.00 deg.: X-S =     0.749087 mb/sr,
+                                         /R =   3.0586E+00
    97.00 deg.: X-S =     0.741779 mb/sr,
+                                         /R =   3.1246E+00
    98.00 deg.: X-S =     0.732980 mb/sr,
+                                         /R =   3.1835E+00
    99.00 deg.: X-S =     0.722335 mb/sr,
+                                         /R =   3.2331E+00
   100.00 deg.: X-S =     0.709622 mb/sr,
+                                         /R =   3.2714E+00
   101.00 deg.: X-S =     0.694734 mb/sr,
+                                         /R =   3.2971E+00
   102.00 deg.: X-S =     0.677664 mb/sr,
+                                         /R =   3.3092E+00
   103.00 deg.: X-S =     0.658487 mb/sr,
+                                         /R =   3.3069E+00
   104.00 deg.: X-S =     0.637344 mb/sr,
+                                         /R =   3.2900E+00
   105.00 deg.: X-S =     0.614426 mb/sr,
+                                         /R =   3.2586E+00
   106.00 deg.: X-S =     0.589965 mb/sr,
+                                         /R =   3.2130E+00
   107.00 deg.: X-S =     0.564217 mb/sr,
+                                         /R =   3.1539E+00
   108.00 deg.: X-S =     0.537455 mb/sr,
+                                         /R =   3.0822E+00
   109.00 deg.: X-S =     0.509959 mb/sr,
+                                         /R =   2.9990E+00
   110.00 deg.: X-S =     0.482006 mb/sr,
+                                         /R =   2.9054E+00
   111.00 deg.: X-S =     0.453867 mb/sr,
+                                         /R =   2.8028E+00
   112.00 deg.: X-S =     0.425798 mb/sr,
+                                         /R =   2.6927E+00
   113.00 deg.: X-S =     0.398037 mb/sr,
+                                         /R =   2.5766E+00
   114.00 deg.: X-S =     0.370801 mb/sr,
+                                         /R =   2.4558E+00
   115.00 deg.: X-S =     0.344286 mb/sr,
+                                         /R =   2.3320E+00
   116.00 deg.: X-S =     0.318660 mb/sr,
+                                         /R =   2.2065E+00
   117.00 deg.: X-S =     0.294069 mb/sr,
+                                         /R =   2.0807E+00
   118.00 deg.: X-S =     0.270629 mb/sr,
+                                         /R =   1.9558E+00
   119.00 deg.: X-S =     0.248436 mb/sr,
+                                         /R =   1.8331E+00
   120.00 deg.: X-S =     0.227559 mb/sr,
+                                         /R =   1.7136E+00
   121.00 deg.: X-S =     0.208044 mb/sr,
+                                         /R =   1.5982E+00
   122.00 deg.: X-S =     0.189918 mb/sr,
+                                         /R =   1.4878E+00
   123.00 deg.: X-S =     0.173189 mb/sr,
+                                         /R =   1.3829E+00
   124.00 deg.: X-S =     0.157845 mb/sr,
+                                         /R =   1.2843E+00
   125.00 deg.: X-S =     0.143863 mb/sr,
+                                         /R =   1.1922E+00
   126.00 deg.: X-S =     0.131204 mb/sr,
+                                         /R =   1.1070E+00
   127.00 deg.: X-S =     0.119820 mb/sr,
+                                         /R =   1.0289E+00
   128.00 deg.: X-S =     0.109655 mb/sr,
+                                         /R =   9.5799E-01
   129.00 deg.: X-S =     0.100645 mb/sr,
+                                         /R =   8.9420E-01
   130.00 deg.: X-S =     0.092721 mb/sr,
+                                         /R =   8.3748E-01
   131.00 deg.: X-S =     0.085814 mb/sr,
+                                         /R =   7.8766E-01
   132.00 deg.: X-S =     0.079851 mb/sr,
+                                         /R =   7.4455E-01
   133.00 deg.: X-S =     0.074761 mb/sr,
+                                         /R =   7.0787E-01
   134.00 deg.: X-S =     0.070472 mb/sr,
+                                         /R =   6.7735E-01
   135.00 deg.: X-S =     0.066918 mb/sr,
+                                         /R =   6.5268E-01
   136.00 deg.: X-S =     0.064034 mb/sr,
+                                         /R =   6.3353E-01
   137.00 deg.: X-S =     0.061760 mb/sr,
+                                         /R =   6.1960E-01
   138.00 deg.: X-S =     0.060040 mb/sr,
+                                         /R =   6.1057E-01
   139.00 deg.: X-S =     0.058823 mb/sr,
+                                         /R =   6.0616E-01
   140.00 deg.: X-S =     0.058064 mb/sr,
+                                         /R =   6.0610E-01
   141.00 deg.: X-S =     0.057722 mb/sr,
+                                         /R =   6.1013E-01
   142.00 deg.: X-S =     0.057763 mb/sr,
+                                         /R =   6.1805E-01
   143.00 deg.: X-S =     0.058156 mb/sr,
+                                         /R =   6.2967E-01
   144.00 deg.: X-S =     0.058876 mb/sr,
+                                         /R =   6.4484E-01
   145.00 deg.: X-S =     0.059900 mb/sr,
+                                         /R =   6.6343E-01
   146.00 deg.: X-S =     0.061211 mb/sr,
+                                         /R =   6.8534E-01
   147.00 deg.: X-S =     0.062794 mb/sr,
+                                         /R =   7.1049E-01
   148.00 deg.: X-S =     0.064637 mb/sr,
+                                         /R =   7.3882E-01
   149.00 deg.: X-S =     0.066731 mb/sr,
+                                         /R =   7.7030E-01
   150.00 deg.: X-S =     0.069065 mb/sr,
+                                         /R =   8.0487E-01
   151.00 deg.: X-S =     0.071633 mb/sr,
+                                         /R =   8.4250E-01
   152.00 deg.: X-S =     0.074426 mb/sr,
+                                         /R =   8.8315E-01
   153.00 deg.: X-S =     0.077436 mb/sr,
+                                         /R =   9.2675E-01
   154.00 deg.: X-S =     0.080655 mb/sr,
+                                         /R =   9.7324E-01
   155.00 deg.: X-S =     0.084071 mb/sr,
+                                         /R =   1.0225E+00
   156.00 deg.: X-S =     0.087674 mb/sr,
+                                         /R =   1.0744E+00
   157.00 deg.: X-S =     0.091447 mb/sr,
+                                         /R =   1.1288E+00
   158.00 deg.: X-S =     0.095377 mb/sr,
+                                         /R =   1.1856E+00
   159.00 deg.: X-S =     0.099442 mb/sr,
+                                         /R =   1.2443E+00
   160.00 deg.: X-S =     0.103623 mb/sr,
+                                         /R =   1.3048E+00
   161.00 deg.: X-S =     0.107896 mb/sr,
+                                         /R =   1.3668E+00
   162.00 deg.: X-S =     0.112234 mb/sr,
+                                         /R =   1.4299E+00
   163.00 deg.: X-S =     0.116609 mb/sr,
+                                         /R =   1.4936E+00
   164.00 deg.: X-S =     0.120990 mb/sr,
+                                         /R =   1.5576E+00
   165.00 deg.: X-S =     0.125345 mb/sr,
+                                         /R =   1.6213E+00
   166.00 deg.: X-S =     0.129640 mb/sr,
+                                         /R =   1.6844E+00
   167.00 deg.: X-S =     0.133841 mb/sr,
+                                         /R =   1.7461E+00
   168.00 deg.: X-S =     0.137912 mb/sr,
+                                         /R =   1.8061E+00
   169.00 deg.: X-S =     0.141818 mb/sr,
+                                         /R =   1.8638E+00
   170.00 deg.: X-S =     0.145524 mb/sr,
+                                         /R =   1.9187E+00
   171.00 deg.: X-S =     0.148996 mb/sr,
+                                         /R =   1.9702E+00
   172.00 deg.: X-S =     0.152202 mb/sr,
+                                         /R =   2.0178E+00
   173.00 deg.: X-S =     0.155110 mb/sr,
+                                         /R =   2.0611E+00
   174.00 deg.: X-S =     0.157693 mb/sr,
+                                         /R =   2.0995E+00
   175.00 deg.: X-S =     0.159924 mb/sr,
+                                         /R =   2.1328E+00
   176.00 deg.: X-S =     0.161781 mb/sr,
+                                         /R =   2.1605E+00
   177.00 deg.: X-S =     0.163246 mb/sr,
+                                         /R =   2.1824E+00
   178.00 deg.: X-S =     0.164303 mb/sr,
+                                         /R =   2.1982E+00
   179.00 deg.: X-S =     0.164941 mb/sr,
+                                         /R =   2.2078E+00
   179.99 deg.: X-S =     0.165155 mb/sr,
+                                         /R =   2.2110E+00
                                           Integrated 1955.7001 mb, over [   3.000, 180.000] at    35.0000 MeV 
 Finished all xsecs @    7.13299960E-03

  The following files have been created:
   3:local copy of User input.            6:standard output.                   
   7:elastic  S-matrix elements.         13:total cross sections/state.        
  16:tables of cross sections.           38:cross sections for each J/pi.      
  39:cross sections for each Ecm.        40:all cross sectns. for each Elab.   
  45:scat phase shift as E functions.    56:Fusion for each Jtotal.            
 201:Separate cross sections.           

 PARAMETERS : MAXQRN   MFNL   MLOC  LMAX1 MCLIST
    ALLOWED :      1      1      4     70      6
    REQUIRED:      0      0      4     19      4


 ACCURACY ANALYSIS at    35.000 MeV :

  Elastic h*k = 0.037 so OK       compared with 0.200

   Real(S-el) > 0.01 first at J =       3.5
   Real(S-el) > 0.10 first at J =       3.5
   Real(S-el) > 0.50 first at J =       4.5
   Real(S-el) > 0.90 first at J =       5.5
   Real(S-el) > 0.99 first at J =       8.5
   R-turn =    14.32 fm    at J =      17.5

 Forward-angle excitation cut off below   1.361 deg by max JT =      17.5
                              and below   0.330 deg by max R.

