 FRESCO - FRES 3.4: Coupled Reaction Channels
 Assuming NAMELIST input.

 p+O20 with CH89;                                                                

   0.030  60.000   0.500   0.000   0.000   0.000   0.000   0.000   0.000   0.000

 Centre-of-mass Range is   2002 * 0.0300 fm., Maximum at  60.00 fm., Interpolating NL forms every  0.51 fm.
 Non - locality width is      4 * 0.0300 fm., Maximum of   0.09 fm., Centred at  0.00 fm.
 2-Nucleon Separation of      0 * 0.5100 fm., Maximum of   0.00 fm., Minimum at  0.00 fm.
 Maximum single particle bins of 59.6700 fm.
               M,Mint =         2001        1990


 Range of total J is     0.0 <= J <=    50.0 (at least     0.0) and Absorbtion =>     0.0010 mb.
 Dry Run = F, CC set limits =  0  0, Relativistic kinematics =  , Both/Far/Near Analyses =  1                     

 Cross Sections (and up to T0 for 0=projectile) for Theta from   3.0 to-180.0 in steps of  1.0 degrees, DGAM=0,  Coordinates = 0 (Mads)

 Lower Radial Cutoff = maximum of -1.60*L*h &       0.0 fm.,  Lower Cutoff for Couplings =   0.0  fm.


 Iterate Couplings between   0 and   0 times, to  0.000 % if sooner.                                          
  Block solved exactly =   0 chs., with Pade = 0 & Isocen =  =0, NOSOL = F, initwf =  0
  NL quadrature with   18 Gaussian points, Calculate multipoles up to    56 from   0
  M-transfers for lp+lt greater than or equal to  6, Angular Integration Cutoff below  2.7778 %


 Trace switches are :  CHANS =  1, LISTCC =  0, TRENEG =  0, CDETR =  0, SMATS =  2, XSTABL =  1, NLPL =  0

                       WAVES =  0, LAMPL =  0, VEFF =  0, KFUS =  0, WDISK =  0, BPM =  0, MELFIL =  0

                       CDCC =  0, NFUS =  0

 Using unit mass = 1.000000 amu and 1/fine-structure constant = 137.03599 ( 1.000000 * true ) with hc = 197.32705 MeV.fm,
  thus 2*amu/hbar^2 = 0.0478450 = 1/20.9008 and Coulomb constant = 0.1574855 so e^2 = 1.43997, and nuclear magneton= 0.1261183

 Now pre-scan input and save to file 3



 *********** PARTITION NUMBER  1 ******************************************************************************************

   PROJ=p          MASS=  1.0073 Z=   1.0,        # STATES=    1T, TARG=O20      MASS= 19.9997 Z=   8.0,     Q-VALUE =  -0.0000 MEV.

     1:  J= 0.5+ (B# 1), E=  0.0000, K= 0.5              Potl#  1       J= 0.0+ (B# 1), E=  0.0000, K= 0.0    


 ************************************************************************************************************************************

 The following POTENTIALS are defined :

  KP#       TYPE      IT    SHAPE      at     V1        r1        a1        V2        r2        a2        A-in     A-used


                                            A#1       A#2        r0c       ac                                                h @ 1
    1    0=Coulomb       0=CHARGE (WS)  1    20.000     0.000    1.2842    0.0000    0.0000    0.0000     0.000    20.000   0.03000

    1    1=Volume        0=Woods-Saxon  2   48.5527    1.1671    0.6900    4.4448    1.1753    0.6900     0.000    20.000

    1    2=Surface       0=Woods-Saxon  3    0.0000    0.0000    0.0000    9.4323    1.1753    0.6900     0.000    20.000

    1    3=Projtl S.O.   0=Woods-Saxon  4    5.9000    0.8979    0.6300    0.0000    0.0000    0.0000     0.000    20.000

 Incoming partition  1 in excitation state # 1,   Laboratory Energy given for partition  1 Nucleus 1 in Excitation pair 1

0Lab. ENERGY ranges :

   from    35.0000     to   0.00000     in     0 intervals
   from    0.00000     to   0.00000     in     0 intervals
   from    0.00000     to   0.00000     in     0 intervals

 Largest real,imaginary parts of any form factor at R=   59.52 are   2.42E-02  1.01E-31 MeV
 Finished all Couplings @    4.49000043E-04           4

 Symmetric Hamiltonian
1***********************************************************************************************************************************
************************************************************************************************************************************

        INCOMING p        ;    LABORATORY p        ENERGY =   35.000     MeV.

 ***********************************************************************************************************************************
 ***********************************************************************************************************************************

 Allocate arrays for            2  channels, of which            1  need wfs.

 ######################################################################################################################
 #                                                                                                                    #
 # Total SPIN and PARITY =     0.5 +,      1 channels,    0 in 1st block.  Rmin & Coul turning =    0.0    0.3 fm.  #
 #                                                                                                                    #
 ######################################################################################################################



    C Projectl Target   #   EX.   (L  Proj) J  + Targ = Jtotal     E-cm      Re K     Re Eta     RM*K            CH
    1 p        O20      #    1: I   0 0.5    0.5  0.0     0.5    33.32176   1.23648   0.21373   74.1887   0.33920  -0.36833 1 1 1   1
   S-matrix    1 =    0.21698  -0.24196 for L=    0, J=    0.5 channel on core I =   0.0 from L=    0,  Acc. loss =  0.0 D.
 Elastic phase shift   1 =  -24.058  32.198 deg. for the L =    0, J =    0.5 channel.
       0.5  0.21697841 -0.24196435i: elastic S-matrix  @@      0.00  0   0 F  0
 Reaction Xsec     0.5+/ 0 @ 1 =  18.378 , Out:   0.000#


 Total SPIN, PARITY =     0.5 -,      1 chs,      0 cc.  Rmin & Coul turning =    0.0    0.3
   S-matrix    1 =   -0.03240  -0.28963 for L=    1, J=    0.5 channel on core I =   0.0 from L=    1,  Acc. loss =  0.0 D.
 Elastic phase shift   1 =  -48.191  35.321 deg. for the L =    1, J =    0.5 channel.
       0.5 -0.03239650 -0.28963192i: elastic S-matrix  @@      0.00  0   0 F  0
 Reaction Xsec     0.5-/ 1 @ 1 =  18.803 , Out:   0.000#


 Total SPIN, PARITY =     1.5 +,      1 chs,      0 cc.  Rmin & Coul turning =    0.0    1.3
   S-matrix    1 =   -0.24791  -0.14681 for L=    2, J=    1.5 channel on core I =   0.0 from L=    2,  Acc. loss =  0.0 D.
 Elastic phase shift   1 =  -74.683  35.649 deg. for the L =    2, J =    1.5 channel.
       1.5 -0.24791168 -0.14681237i: elastic S-matrix  @@      0.00  0   0 F  0
 Reaction Xsec     1.5+/ 2 @ 1 =  37.685 , Out:   0.000#


 Total SPIN, PARITY =     1.5 -,      1 chs,      0 cc.  Rmin & Coul turning =    0.0    1.3
   S-matrix    1 =    0.11386  -0.28781 for L=    1, J=    1.5 channel on core I =   0.0 from L=    1,  Acc. loss =  0.0 D.
 Elastic phase shift   1 =  -34.208  33.597 deg. for the L =    1, J =    1.5 channel.
       1.5  0.11386071 -0.28780810i: elastic S-matrix  @@      0.00  0   0 F  0
 Reaction Xsec     1.5-/ 1 @ 1 =  37.160 , Out:   0.000#


 Total SPIN, PARITY =     2.5 +,      1 chs,      0 cc.  Rmin & Coul turning =    0.1    2.2
   S-matrix    1 =   -0.05655  -0.28329 for L=    2, J=    2.5 channel on core I =   0.0 from L=    2,  Acc. loss =  0.0 D.
 Elastic phase shift   1 =  -50.644  35.573 deg. for the L =    2, J =    2.5 channel.
       2.5 -0.05654797 -0.28329444i: elastic S-matrix  @@      0.00  0   0 F  0
 Reaction Xsec     2.5+/ 2 @ 1 =  56.500 , Out:   0.000#


 Total SPIN, PARITY =     2.5 -,      1 chs,      0 cc.  Rmin & Coul turning =    0.1    2.2
   S-matrix    1 =   -0.23793   0.02220 for L=    3, J=    2.5 channel on core I =   0.0 from L=    3,  Acc. loss =  0.0 D.
 Elastic phase shift   1 =   87.335  41.008 deg. for the L =    3, J =    2.5 channel.
       2.5 -0.23792544  0.02220053i: elastic S-matrix  @@      0.00  0   0 F  0
 Reaction Xsec     2.5-/ 3 @ 1 =  58.125 , Out:   0.000#


 Total SPIN, PARITY =     3.5 +,      1 chs,      0 cc.  Rmin & Coul turning =    0.1    3.0
   S-matrix    1 =    0.06314   0.16850 for L=    4, J=    3.5 channel on core I =   0.0 from L=    4,  Acc. loss =  0.0 D.
 Elastic phase shift   1 =   34.728  49.135 deg. for the L =    4, J =    3.5 channel.
       3.5  0.06314376  0.16849807i: elastic S-matrix  @@      0.00  0   0 F  0
 Reaction Xsec     3.5+/ 4 @ 1 =  79.532 , Out:   0.000#


 Total SPIN, PARITY =     3.5 -,      1 chs,      0 cc.  Rmin & Coul turning =    0.1    3.0
   S-matrix    1 =   -0.19476  -0.24356 for L=    3, J=    3.5 channel on core I =   0.0 from L=    3,  Acc. loss =  0.0 D.
 Elastic phase shift   1 =  -64.323  33.382 deg. for the L =    3, J =    3.5 channel.
       3.5 -0.19475529 -0.24355838i: elastic S-matrix  @@      0.00  0   0 F  0
 Reaction Xsec     3.5-/ 3 @ 1 =  74.200 , Out:   0.000#


 Total SPIN, PARITY =     4.5 +,      1 chs,      0 cc.  Rmin & Coul turning =    0.2    3.8
   S-matrix    1 =   -0.10841  -0.00419 for L=    4, J=    4.5 channel on core I =   0.0 from L=    4,  Acc. loss =  0.0 D.
 Elastic phase shift   1 =  -88.892  63.628 deg. for the L =    4, J =    4.5 channel.
       4.5 -0.10841405 -0.00419457i: elastic S-matrix  @@      0.00  0   0 F  0
 Reaction Xsec     4.5+/ 4 @ 1 = 101.532 , Out:   0.000#


 Total SPIN, PARITY =     4.5 -,      1 chs,      0 cc.  Rmin & Coul turning =    0.2    3.8
   S-matrix    1 =    0.49807   0.21195 for L=    5, J=    4.5 channel on core I =   0.0 from L=    5,  Acc. loss =  0.0 D.
 Elastic phase shift   1 =   11.526  17.584 deg. for the L =    5, J =    4.5 channel.
       4.5  0.49807054  0.21195306i: elastic S-matrix  @@      0.00  0   0 F  0
 Reaction Xsec     4.5-/ 5 @ 1 =  72.638 , Out:   0.000#


 Total SPIN, PARITY =     5.5 +,      1 chs,      0 cc.  Rmin & Coul turning =    0.2    4.6
   S-matrix    1 =    0.80221   0.13242 for L=    6, J=    5.5 channel on core I =   0.0 from L=    6,  Acc. loss =  0.0 D.
 Elastic phase shift   1 =    4.687   5.929 deg. for the L =    6, J =    5.5 channel.
       5.5  0.80220879  0.13242367i: elastic S-matrix  @@      0.00  0   0 F  0
 Reaction Xsec     5.5+/ 6 @ 1 =  41.786 , Out:   0.000#


 Total SPIN, PARITY =     5.5 -,      1 chs,      0 cc.  Rmin & Coul turning =    0.2    4.6
   S-matrix    1 =    0.35279   0.24294 for L=    5, J=    5.5 channel on core I =   0.0 from L=    5,  Acc. loss =  0.0 D.
 Elastic phase shift   1 =   17.276  24.288 deg. for the L =    5, J =    5.5 channel.
       5.5  0.35278953  0.24294277i: elastic S-matrix  @@      0.00  0   0 F  0
 Reaction Xsec     5.5-/ 5 @ 1 = 100.668 , Out:   0.000#


 Total SPIN, PARITY =     6.5 +,      1 chs,      0 cc.  Rmin & Coul turning =    0.3    5.4
   S-matrix    1 =    0.76838   0.17795 for L=    6, J=    6.5 channel on core I =   0.0 from L=    6,  Acc. loss =  0.0 D.
 Elastic phase shift   1 =    6.520   6.800 deg. for the L =    6, J =    6.5 channel.
       6.5  0.76837920  0.17794957i: elastic S-matrix  @@      0.00  0   0 F  0
 Reaction Xsec     6.5+/ 6 @ 1 =  54.360 , Out:   0.000#


 Total SPIN, PARITY =     6.5 -,      1 chs,      0 cc.  Rmin & Coul turning =    0.3    5.4
   S-matrix    1 =    0.93111   0.05786 for L=    7, J=    6.5 channel on core I =   0.0 from L=    7,  Acc. loss =  0.0 D.
 Elastic phase shift   1 =    1.778   1.989 deg. for the L =    7, J =    6.5 channel.
       6.5  0.93111479  0.05785533i: elastic S-matrix  @@      0.00  0   0 F  0
 Reaction Xsec     6.5-/ 7 @ 1 =  18.653 , Out:   0.000#


 Total SPIN, PARITY =     7.5 +,      1 chs,      0 cc.  Rmin & Coul turning =    0.3    6.2
   S-matrix    1 =    0.97650   0.02192 for L=    8, J=    7.5 channel on core I =   0.0 from L=    8,  Acc. loss =  0.0 D.
 Elastic phase shift   1 =    0.643   0.674 deg. for the L =    8, J =    7.5 channel.
       7.5  0.97650426  0.02191901i: elastic S-matrix  @@      0.00  0   0 F  0
 Reaction Xsec     7.5+/ 8 @ 1 =   7.555 , Out:   0.000#


 Total SPIN, PARITY =     7.5 -,      1 chs,      0 cc.  Rmin & Coul turning =    0.3    6.2
   S-matrix    1 =    0.92628   0.07508 for L=    7, J=    7.5 channel on core I =   0.0 from L=    7,  Acc. loss =  0.0 D.
 Elastic phase shift   1 =    2.317   2.100 deg. for the L =    7, J =    7.5 channel.
       7.5  0.92628370  0.07507893i: elastic S-matrix  @@      0.00  0   0 F  0
 Reaction Xsec     7.5-/ 7 @ 1 =  22.416 , Out:   0.000#


 Total SPIN, PARITY =     8.5 +,      1 chs,      0 cc.  Rmin & Coul turning =    0.4    7.0
   S-matrix    1 =    0.97588   0.02737 for L=    8, J=    8.5 channel on core I =   0.0 from L=    8,  Acc. loss =  0.0 D.
 Elastic phase shift   1 =    0.803   0.688 deg. for the L =    8, J =    8.5 channel.
       8.5  0.97588416  0.02736831i: elastic S-matrix  @@      0.00  0   0 F  0
 Reaction Xsec     8.5+/ 8 @ 1 =   8.674 , Out:   0.000#


 Total SPIN, PARITY =     8.5 -,      1 chs,      0 cc.  Rmin & Coul turning =    0.4    7.0
   S-matrix    1 =    0.99198   0.00786 for L=    9, J=    8.5 channel on core I =   0.0 from L=    9,  Acc. loss =  0.0 D.
 Elastic phase shift   1 =    0.227   0.230 deg. for the L =    9, J =    8.5 channel.
       8.5  0.99198022  0.00785912i: elastic S-matrix  @@      0.00  0   0 F  0
 Reaction Xsec     8.5-/ 9 @ 1 =   2.943 , Out:   0.000#


 Total SPIN, PARITY =     9.5 +,      1 chs,      0 cc.  Rmin & Coul turning =    0.4    7.8
   S-matrix    1 =    0.99726   0.00275 for L=   10, J=    9.5 channel on core I =   0.0 from L=   10,  Acc. loss =  0.0 D.
 Elastic phase shift   1 =    0.079   0.078 deg. for the L =   10, J =    9.5 channel.
       9.5  0.99726019  0.00275327i: elastic S-matrix  @@      0.00  0   0 F  0
 Reaction Xsec     9.5+/10 @ 1 =   1.123 , Out:   0.000#


 Total SPIN, PARITY =     9.5 -,      1 chs,      0 cc.  Rmin & Coul turning =    0.4    7.8
   S-matrix    1 =    0.99190   0.00955 for L=    9, J=    9.5 channel on core I =   0.0 from L=    9,  Acc. loss =  0.0 D.
 Elastic phase shift   1 =    0.276   0.232 deg. for the L =    9, J =    9.5 channel.
       9.5  0.99190180  0.00954868i: elastic S-matrix  @@      0.00  0   0 F  0
 Reaction Xsec     9.5-/ 9 @ 1 =   3.296 , Out:   0.000#


 Total SPIN, PARITY =    10.5 +,      1 chs,      0 cc.  Rmin & Coul turning =    0.5    8.7
   S-matrix    1 =    0.99725   0.00328 for L=   10, J=   10.5 channel on core I =   0.0 from L=   10,  Acc. loss =  0.0 D.
 Elastic phase shift   1 =    0.094   0.079 deg. for the L =   10, J =   10.5 channel.
      10.5  0.99725028  0.00327794i: elastic S-matrix  @@      0.00  0   0 F  0
 Reaction Xsec    10.5+/10 @ 1 =   1.239 , Out:   0.000#


 Total SPIN, PARITY =    10.5 -,      1 chs,      0 cc.  Rmin & Coul turning =    0.5    8.7
   S-matrix    1 =    0.99906   0.00095 for L=   11, J=   10.5 channel on core I =   0.0 from L=   11,  Acc. loss =  0.0 D.
 Elastic phase shift   1 =    0.027   0.027 deg. for the L =   11, J =   10.5 channel.
      10.5  0.99906486  0.00095378i: elastic S-matrix  @@      0.00  0   0 F  0
 Reaction Xsec    10.5-/11 @ 1 =   0.422 , Out:   0.000#


 Total SPIN, PARITY =    11.5 +,      1 chs,      0 cc.  Rmin & Coul turning =    0.5    9.5
   S-matrix    1 =    0.99968   0.00033 for L=   12, J=   11.5 channel on core I =   0.0 from L=   12,  Acc. loss =  0.0 D.
 Elastic phase shift   1 =    0.009   0.009 deg. for the L =   12, J =   11.5 channel.
      11.5  0.99968142  0.00032830i: elastic S-matrix  @@      0.00  0   0 F  0
 Reaction Xsec    11.5+/12 @ 1 =   0.157 , Out:   0.000#


 Total SPIN, PARITY =    11.5 -,      1 chs,      0 cc.  Rmin & Coul turning =    0.5    9.5
   S-matrix    1 =    0.99906   0.00112 for L=   11, J=   11.5 channel on core I =   0.0 from L=   11,  Acc. loss =  0.0 D.
 Elastic phase shift   1 =    0.032   0.027 deg. for the L =   11, J =   11.5 channel.
      11.5  0.99906361  0.00111693i: elastic S-matrix  @@      0.00  0   0 F  0
 Reaction Xsec    11.5-/11 @ 1 =   0.461 , Out:   0.000#


 Total SPIN, PARITY =    12.5 +,      1 chs,      0 cc.  Rmin & Coul turning =    0.6   10.3
   S-matrix    1 =    0.99968   0.00038 for L=   12, J=   12.5 channel on core I =   0.0 from L=   12,  Acc. loss =  0.0 D.
 Elastic phase shift   1 =    0.011   0.009 deg. for the L =   12, J =   12.5 channel.
      12.5  0.99968126  0.00037899i: elastic S-matrix  @@      0.00  0   0 F  0
 Reaction Xsec    12.5+/12 @ 1 =   0.170 , Out:   0.000#


 Total SPIN, PARITY =    12.5 -,      1 chs,      0 cc.  Rmin & Coul turning =    0.6   10.3
   S-matrix    1 =    0.99989   0.00011 for L=   13, J=   12.5 channel on core I =   0.0 from L=   13,  Acc. loss =  0.0 D.
 Elastic phase shift   1 =    0.003   0.003 deg. for the L =   13, J =   12.5 channel.
      12.5  0.99989170  0.00011251i: elastic S-matrix  @@      0.00  0   0 F  0
 Reaction Xsec    12.5-/13 @ 1 =   0.058 , Out:   0.000#


 Total SPIN, PARITY =    13.5 +,      1 chs,      0 cc.  Rmin & Coul turning =    0.6   11.1
   S-matrix    1 =    0.99996   0.00004 for L=   14, J=   13.5 channel on core I =   0.0 from L=   14,  Acc. loss =  0.0 D.
 Elastic phase shift   1 =    0.001   0.001 deg. for the L =   14, J =   13.5 channel.
      13.5  0.99996326  0.00003843i: elastic S-matrix  @@      0.00  0   0 F  0
 Reaction Xsec    13.5+/14 @ 1 =   0.021 , Out:   0.000#


 Total SPIN, PARITY =    13.5 -,      1 chs,      0 cc.  Rmin & Coul turning =    0.6   11.1
   S-matrix    1 =    0.99989   0.00013 for L=   13, J=   13.5 channel on core I =   0.0 from L=   13,  Acc. loss =  0.0 D.
 Elastic phase shift   1 =    0.004   0.003 deg. for the L =   13, J =   13.5 channel.
      13.5  0.99989168  0.00012824i: elastic S-matrix  @@      0.00  0   0 F  0
 Reaction Xsec    13.5-/13 @ 1 =   0.062 , Out:   0.000#


 Total SPIN, PARITY =    14.5 +,      1 chs,      0 cc.  Rmin & Coul turning =    0.7   11.9
   S-matrix    1 =    0.99996   0.00004 for L=   14, J=   14.5 channel on core I =   0.0 from L=   14,  Acc. loss =  0.0 D.
 Elastic phase shift   1 =    0.001   0.001 deg. for the L =   14, J =   14.5 channel.
      14.5  0.99996326  0.00004330i: elastic S-matrix  @@      0.00  0   0 F  0
 Reaction Xsec    14.5+/14 @ 1 =   0.023 , Out:   0.000#


 Total SPIN, PARITY =    14.5 -,      1 chs,      0 cc.  Rmin & Coul turning =    0.7   11.9
   S-matrix    1 =    0.99999   0.00001 for L=   15, J=   14.5 channel on core I =   0.0 from L=   15,  Acc. loss =  0.0 D.
 Elastic phase shift   1 =    0.000   0.000 deg. for the L =   15, J =   14.5 channel.
      14.5  0.99998756  0.00001309i: elastic S-matrix  @@      0.00  0   0 F  0
 Reaction Xsec    14.5-/15 @ 1 =   7.669/, Out:   0.000#


 Total SPIN, PARITY =    15.5 +,      1 chs,      0 cc.  Rmin & Coul turning =    0.7   12.7
   S-matrix    1 =    1.00000   0.00000 for L=   16, J=   15.5 channel on core I =   0.0 from L=   16,  Acc. loss =  0.0 D.
 Elastic phase shift   1 =    0.000   0.000 deg. for the L =   16, J =   15.5 channel.
      15.5  0.99999580  0.00000445i: elastic S-matrix  @@      0.00  0   0 F  0
 Reaction Xsec    15.5+/16 @ 1 =   2.765/, Out:   0.000#


 Total SPIN, PARITY =    15.5 -,      1 chs,      0 cc.  Rmin & Coul turning =    0.7   12.7
   S-matrix    1 =    0.99999   0.00001 for L=   15, J=   15.5 channel on core I =   0.0 from L=   15,  Acc. loss =  0.0 D.
 Elastic phase shift   1 =    0.000   0.000 deg. for the L =   15, J =   15.5 channel.
      15.5  0.99998756  0.00001459i: elastic S-matrix  @@      0.00  0   0 F  0
 Reaction Xsec    15.5-/15 @ 1 =   8.180/, Out:   0.000#


 Total SPIN, PARITY =    16.5 +,      1 chs,      0 cc.  Rmin & Coul turning =    0.8   13.5
   S-matrix    1 =    1.00000   0.00000 for L=   16, J=   16.5 channel on core I =   0.0 from L=   16,  Acc. loss =  0.0 D.
 Elastic phase shift   1 =    0.000   0.000 deg. for the L =   16, J =   16.5 channel.
      16.5  0.99999580  0.00000491i: elastic S-matrix  @@      0.00  0   0 F  0
 Reaction Xsec    16.5+/16 @ 1 =   2.938/, Out:   0.000#


 Total SPIN, PARITY =    16.5 -,      1 chs,      0 cc.  Rmin & Coul turning =    0.8   13.5
   S-matrix    1 =    1.00000   0.00000 for L=   17, J=   16.5 channel on core I =   0.0 from L=   17,  Acc. loss =  0.0 D.
 Elastic phase shift   1 =    0.000   0.000 deg. for the L =   17, J =   16.5 channel.
      16.5  0.99999858  0.00000151i: elastic S-matrix  @@      0.00  0   0 F  0
 Reaction Xsec    16.5-/17 @ 1 =   0.991/, Out:   0.000#


 Total SPIN, PARITY =    17.5 +,      1 chs,      0 cc.  Rmin & Coul turning =    0.8   14.3
   S-matrix    1 =    1.00000   0.00000 for L=   18, J=   17.5 channel on core I =   0.0 from L=   18,  Acc. loss =  0.0 D.
 Elastic phase shift   1 =    0.000   0.000 deg. for the L =   18, J =   17.5 channel.
      17.5  0.99999952  0.00000051i: elastic S-matrix  @@      0.00  0   0 F  0
 Reaction Xsec    17.5+/18 @ 1 =   0.354/, Out:   0.000#


 Total SPIN, PARITY =    17.5 -,      1 chs,      0 cc.  Rmin & Coul turning =    0.8   14.3
   S-matrix    1 =    1.00000   0.00000 for L=   17, J=   17.5 channel on core I =   0.0 from L=   17,  Acc. loss =  0.0 D.
 Elastic phase shift   1 =    0.000   0.000 deg. for the L =   17, J =   17.5 channel.
      17.5  0.99999858  0.00000165i: elastic S-matrix  @@      0.00  0   0 F  0
 Reaction Xsec    17.5-/17 @ 1 =   1.050/, Out:   0.000#

 Finished all CC sets @    4.24300041E-03
0CUMULATIVE REACTION cross section                 =  818.66535  <L> =     4.14  <L**2> =     20.7
0CUMULATIVE outgoing cross sections in partition 1 :    0.00000
0Cumulative ABSORBTION by Imaginary Potentials     =  818.66535  <L> =     4.14  <L**2> =     20.7
   Fusion for specific p        M-states :  818.665345  818.665345
0CUMULATIVE OUTGOING cross section                 =    0.00000
 To convert to S-factors (MeV.mb = keV.b),  multiply by  1.2763E+02


 CROSS SECTIONS FOR OUTGOING p        & O20      in state #   1 with spins & parities 0.5  + &  0.0  +;  0

     3.00 deg.: X-S =   1.3195E+05 mb/sr,
+                                         /R =   8.2943E-01
     4.00 deg.: X-S =   3.8252E+04 mb/sr,
+                                         /R =   7.5967E-01
     5.00 deg.: X-S =   1.4884E+04 mb/sr,
+                                         /R =   7.2131E-01
     6.00 deg.: X-S =  7333.057956 mb/sr,
+                                         /R =   7.3651E-01
     7.00 deg.: X-S =  4441.879124 mb/sr,
+                                         /R =   8.2596E-01
     8.00 deg.: X-S =  3178.655764 mb/sr,
+                                         /R =   1.0076E+00
     9.00 deg.: X-S =  2552.744663 mb/sr,
+                                         /R =   1.2950E+00
    10.00 deg.: X-S =  2196.253390 mb/sr,
+                                         /R =   1.6965E+00
    11.00 deg.: X-S =  1959.630620 mb/sr,
+                                         /R =   2.2139E+00
    12.00 deg.: X-S =  1778.213091 mb/sr,
+                                         /R =   2.8419E+00
    13.00 deg.: X-S =  1623.032926 mb/sr,
+                                         /R =   3.5682E+00
    14.00 deg.: X-S =  1481.044746 mb/sr,
+                                         /R =   4.3736E+00
    15.00 deg.: X-S =  1346.608050 mb/sr,
+                                         /R =   5.2327E+00
    16.00 deg.: X-S =  1217.605904 mb/sr,
+                                         /R =   6.1153E+00
    17.00 deg.: X-S =  1093.593506 mb/sr,
+                                         /R =   6.9881E+00
    18.00 deg.: X-S =   974.882290 mb/sr,
+                                         /R =   7.8158E+00
    19.00 deg.: X-S =   862.074672 mb/sr,
+                                         /R =   8.5639E+00
    20.00 deg.: X-S =   755.824532 mb/sr,
+                                         /R =   9.2001E+00
    21.00 deg.: X-S =   656.714915 mb/sr,
+                                         /R =   9.6962E+00
    22.00 deg.: X-S =   565.198679 mb/sr,
+                                         /R =   1.0030E+01
    23.00 deg.: X-S =   481.574029 mb/sr,
+                                         /R =   1.0185E+01
    24.00 deg.: X-S =   405.979964 mb/sr,
+                                         /R =   1.0156E+01
    25.00 deg.: X-S =   338.403288 mb/sr,
+                                         /R =   9.9420E+00
    26.00 deg.: X-S =   278.692390 mb/sr,
+                                         /R =   9.5536E+00
    27.00 deg.: X-S =   226.574841 mb/sr,
+                                         /R =   9.0083E+00
    28.00 deg.: X-S =   181.676942 mb/sr,
+                                         /R =   8.3309E+00
    29.00 deg.: X-S =   143.543928 mb/sr,
+                                         /R =   7.5522E+00
    30.00 deg.: X-S =   111.659941 mb/sr,
+                                         /R =   6.7077E+00
    31.00 deg.: X-S =    85.467103 mb/sr,
+                                         /R =   5.8356E+00
    32.00 deg.: X-S =    64.383222 mb/sr,
+                                         /R =   4.9753E+00
    33.00 deg.: X-S =    47.817787 mb/sr,
+                                         /R =   4.1653E+00
    34.00 deg.: X-S =    35.186027 mb/sr,
+                                         /R =   3.4419E+00
    35.00 deg.: X-S =    25.920907 mb/sr,
+                                         /R =   2.8373E+00
    36.00 deg.: X-S =    19.483018 mb/sr,
+                                         /R =   2.3784E+00
    37.00 deg.: X-S =    15.368375 mb/sr,
+                                         /R =   2.0856E+00
    38.00 deg.: X-S =    13.114222 mb/sr,
+                                         /R =   1.9724E+00
    39.00 deg.: X-S =    12.302962 mb/sr,
+                                         /R =   2.0449E+00
    40.00 deg.: X-S =    12.564379 mb/sr,
+                                         /R =   2.3017E+00
    41.00 deg.: X-S =    13.576350 mb/sr,
+                                         /R =   2.7339E+00
    42.00 deg.: X-S =    15.064251 mb/sr,
+                                         /R =   3.3263E+00
    43.00 deg.: X-S =    16.799266 mb/sr,
+                                         /R =   4.0577E+00
    44.00 deg.: X-S =    18.595821 mb/sr,
+                                         /R =   4.9024E+00
    45.00 deg.: X-S =    20.308338 mb/sr,
+                                         /R =   5.8308E+00
    46.00 deg.: X-S =    21.827522 mb/sr,
+                                         /R =   6.8110E+00
    47.00 deg.: X-S =    23.076327 mb/sr,
+                                         /R =   7.8101E+00
    48.00 deg.: X-S =    24.005793 mb/sr,
+                                         /R =   8.7955E+00
    49.00 deg.: X-S =    24.590862 mb/sr,
+                                         /R =   9.7358E+00
    50.00 deg.: X-S =    24.826308 mb/sr,
+                                         /R =   1.0602E+01
    51.00 deg.: X-S =    24.722860 mb/sr,
+                                         /R =   1.1369E+01
    52.00 deg.: X-S =    24.303599 mb/sr,
+                                         /R =   1.2015E+01
    53.00 deg.: X-S =    23.600674 mb/sr,
+                                         /R =   1.2524E+01
    54.00 deg.: X-S =    22.652381 mb/sr,
+                                         /R =   1.2882E+01
    55.00 deg.: X-S =    21.500609 mb/sr,
+                                         /R =   1.3085E+01
    56.00 deg.: X-S =    20.188676 mb/sr,
+                                         /R =   1.3129E+01
    57.00 deg.: X-S =    18.759525 mb/sr,
+                                         /R =   1.3019E+01
    58.00 deg.: X-S =    17.254290 mb/sr,
+                                         /R =   1.2761E+01
    59.00 deg.: X-S =    15.711183 mb/sr,
+                                         /R =   1.2367E+01
    60.00 deg.: X-S =    14.164690 mb/sr,
+                                         /R =   1.1852E+01
    61.00 deg.: X-S =    12.645037 mb/sr,
+                                         /R =   1.1233E+01
    62.00 deg.: X-S =    11.177894 mb/sr,
+                                         /R =   1.0530E+01
    63.00 deg.: X-S =     9.784276 mb/sr,
+                                         /R =   9.7625E+00
    64.00 deg.: X-S =     8.480614 mb/sr,
+                                         /R =   8.9528E+00
    65.00 deg.: X-S =     7.278960 mb/sr,
+                                         /R =   8.1213E+00
    66.00 deg.: X-S =     6.187295 mb/sr,
+                                         /R =   7.2883E+00
    67.00 deg.: X-S =     5.209906 mb/sr,
+                                         /R =   6.4726E+00
    68.00 deg.: X-S =     4.347823 mb/sr,
+                                         /R =   5.6913E+00
    69.00 deg.: X-S =     3.599267 mb/sr,
+                                         /R =   4.9593E+00
    70.00 deg.: X-S =     2.960128 mb/sr,
+                                         /R =   4.2891E+00
    71.00 deg.: X-S =     2.424410 mb/sr,
+                                         /R =   3.6907E+00
    72.00 deg.: X-S =     1.984680 mb/sr,
+                                         /R =   3.1714E+00
    73.00 deg.: X-S =     1.632471 mb/sr,
+                                         /R =   2.7358E+00
    74.00 deg.: X-S =     1.358656 mb/sr,
+                                         /R =   2.3859E+00
    75.00 deg.: X-S =     1.153778 mb/sr,
+                                         /R =   2.1213E+00
    76.00 deg.: X-S =     1.008339 mb/sr,
+                                         /R =   1.9394E+00
    77.00 deg.: X-S =     0.913040 mb/sr,
+                                         /R =   1.8356E+00
    78.00 deg.: X-S =     0.858980 mb/sr,
+                                         /R =   1.8037E+00
    79.00 deg.: X-S =     0.837813 mb/sr,
+                                         /R =   1.8360E+00
    80.00 deg.: X-S =     0.841866 mb/sr,
+                                         /R =   1.9240E+00
    81.00 deg.: X-S =     0.864215 mb/sr,
+                                         /R =   2.0582E+00
    82.00 deg.: X-S =     0.898738 mb/sr,
+                                         /R =   2.2289E+00
    83.00 deg.: X-S =     0.940133 mb/sr,
+                                         /R =   2.4263E+00
    84.00 deg.: X-S =     0.983913 mb/sr,
+                                         /R =   2.6405E+00
    85.00 deg.: X-S =     1.026382 mb/sr,
+                                         /R =   2.8624E+00
    86.00 deg.: X-S =     1.064596 mb/sr,
+                                         /R =   3.0833E+00
    87.00 deg.: X-S =     1.096311 mb/sr,
+                                         /R =   3.2951E+00
    88.00 deg.: X-S =     1.119916 mb/sr,
+                                         /R =   3.4911E+00
    89.00 deg.: X-S =     1.134372 mb/sr,
+                                         /R =   3.6652E+00
    90.00 deg.: X-S =     1.139139 mb/sr,
+                                         /R =   3.8125E+00
    91.00 deg.: X-S =     1.134102 mb/sr,
+                                         /R =   3.9293E+00
    92.00 deg.: X-S =     1.119505 mb/sr,
+                                         /R =   4.0129E+00
    93.00 deg.: X-S =     1.095879 mb/sr,
+                                         /R =   4.0617E+00
    94.00 deg.: X-S =     1.063981 mb/sr,
+                                         /R =   4.0751E+00
    95.00 deg.: X-S =     1.024735 mb/sr,
+                                         /R =   4.0535E+00
    96.00 deg.: X-S =     0.979178 mb/sr,
+                                         /R =   3.9980E+00
    97.00 deg.: X-S =     0.928414 mb/sr,
+                                         /R =   3.9107E+00
    98.00 deg.: X-S =     0.873572 mb/sr,
+                                         /R =   3.7941E+00
    99.00 deg.: X-S =     0.815771 mb/sr,
+                                         /R =   3.6513E+00
   100.00 deg.: X-S =     0.756092 mb/sr,
+                                         /R =   3.4856E+00
   101.00 deg.: X-S =     0.695555 mb/sr,
+                                         /R =   3.3010E+00
   102.00 deg.: X-S =     0.635098 mb/sr,
+                                         /R =   3.1013E+00
   103.00 deg.: X-S =     0.575571 mb/sr,
+                                         /R =   2.8905E+00
   104.00 deg.: X-S =     0.517720 mb/sr,
+                                         /R =   2.6725E+00
   105.00 deg.: X-S =     0.462184 mb/sr,
+                                         /R =   2.4512E+00
   106.00 deg.: X-S =     0.409499 mb/sr,
+                                         /R =   2.2302E+00
   107.00 deg.: X-S =     0.360092 mb/sr,
+                                         /R =   2.0129E+00
   108.00 deg.: X-S =     0.314289 mb/sr,
+                                         /R =   1.8024E+00
   109.00 deg.: X-S =     0.272318 mb/sr,
+                                         /R =   1.6014E+00
   110.00 deg.: X-S =     0.234320 mb/sr,
+                                         /R =   1.4124E+00
   111.00 deg.: X-S =     0.200352 mb/sr,
+                                         /R =   1.2373E+00
   112.00 deg.: X-S =     0.170400 mb/sr,
+                                         /R =   1.0776E+00
   113.00 deg.: X-S =     0.144385 mb/sr,
+                                         /R =   9.3463E-01
   114.00 deg.: X-S =     0.122172 mb/sr,
+                                         /R =   8.0915E-01
   115.00 deg.: X-S =     0.103582 mb/sr,
+                                         /R =   7.0160E-01
   116.00 deg.: X-S =     0.088398 mb/sr,
+                                         /R =   6.1209E-01
   117.00 deg.: X-S =     0.076374 mb/sr,
+                                         /R =   5.4038E-01
   118.00 deg.: X-S =     0.067242 mb/sr,
+                                         /R =   4.8595E-01
   119.00 deg.: X-S =     0.060721 mb/sr,
+                                         /R =   4.4804E-01
   120.00 deg.: X-S =     0.056521 mb/sr,
+                                         /R =   4.2562E-01
   121.00 deg.: X-S =     0.054351 mb/sr,
+                                         /R =   4.1753E-01
   122.00 deg.: X-S =     0.053920 mb/sr,
+                                         /R =   4.2240E-01
   123.00 deg.: X-S =     0.054947 mb/sr,
+                                         /R =   4.3877E-01
   124.00 deg.: X-S =     0.057161 mb/sr,
+                                         /R =   4.6509E-01
   125.00 deg.: X-S =     0.060303 mb/sr,
+                                         /R =   4.9975E-01
   126.00 deg.: X-S =     0.064132 mb/sr,
+                                         /R =   5.4112E-01
   127.00 deg.: X-S =     0.068425 mb/sr,
+                                         /R =   5.8758E-01
   128.00 deg.: X-S =     0.072975 mb/sr,
+                                         /R =   6.3754E-01
   129.00 deg.: X-S =     0.077601 mb/sr,
+                                         /R =   6.8946E-01
   130.00 deg.: X-S =     0.082137 mb/sr,
+                                         /R =   7.4188E-01
   131.00 deg.: X-S =     0.086443 mb/sr,
+                                         /R =   7.9344E-01
   132.00 deg.: X-S =     0.090398 mb/sr,
+                                         /R =   8.4289E-01
   133.00 deg.: X-S =     0.093900 mb/sr,
+                                         /R =   8.8909E-01
   134.00 deg.: X-S =     0.096869 mb/sr,
+                                         /R =   9.3107E-01
   135.00 deg.: X-S =     0.099246 mb/sr,
+                                         /R =   9.6798E-01
   136.00 deg.: X-S =     0.100985 mb/sr,
+                                         /R =   9.9911E-01
   137.00 deg.: X-S =     0.102063 mb/sr,
+                                         /R =   1.0239E+00
   138.00 deg.: X-S =     0.102470 mb/sr,
+                                         /R =   1.0421E+00
   139.00 deg.: X-S =     0.102212 mb/sr,
+                                         /R =   1.0533E+00
   140.00 deg.: X-S =     0.101307 mb/sr,
+                                         /R =   1.0575E+00
   141.00 deg.: X-S =     0.099786 mb/sr,
+                                         /R =   1.0547E+00
   142.00 deg.: X-S =     0.097690 mb/sr,
+                                         /R =   1.0453E+00
   143.00 deg.: X-S =     0.095071 mb/sr,
+                                         /R =   1.0294E+00
   144.00 deg.: X-S =     0.091986 mb/sr,
+                                         /R =   1.0075E+00
   145.00 deg.: X-S =     0.088500 mb/sr,
+                                         /R =   9.8020E-01
   146.00 deg.: X-S =     0.084681 mb/sr,
+                                         /R =   9.4812E-01
   147.00 deg.: X-S =     0.080601 mb/sr,
+                                         /R =   9.1197E-01
   148.00 deg.: X-S =     0.076333 mb/sr,
+                                         /R =   8.7251E-01
   149.00 deg.: X-S =     0.071952 mb/sr,
+                                         /R =   8.3057E-01
   150.00 deg.: X-S =     0.067529 mb/sr,
+                                         /R =   7.8697E-01
   151.00 deg.: X-S =     0.063135 mb/sr,
+                                         /R =   7.4255E-01
   152.00 deg.: X-S =     0.058836 mb/sr,
+                                         /R =   6.9816E-01
   153.00 deg.: X-S =     0.054695 mb/sr,
+                                         /R =   6.5459E-01
   154.00 deg.: X-S =     0.050768 mb/sr,
+                                         /R =   6.1260E-01
   155.00 deg.: X-S =     0.047104 mb/sr,
+                                         /R =   5.7289E-01
   156.00 deg.: X-S =     0.043746 mb/sr,
+                                         /R =   5.3611E-01
   157.00 deg.: X-S =     0.040731 mb/sr,
+                                         /R =   5.0279E-01
   158.00 deg.: X-S =     0.038084 mb/sr,
+                                         /R =   4.7339E-01
   159.00 deg.: X-S =     0.035824 mb/sr,
+                                         /R =   4.4826E-01
   160.00 deg.: X-S =     0.033961 mb/sr,
+                                         /R =   4.2764E-01
   161.00 deg.: X-S =     0.032499 mb/sr,
+                                         /R =   4.1169E-01
   162.00 deg.: X-S =     0.031429 mb/sr,
+                                         /R =   4.0041E-01
   163.00 deg.: X-S =     0.030739 mb/sr,
+                                         /R =   3.9373E-01
   164.00 deg.: X-S =     0.030408 mb/sr,
+                                         /R =   3.9146E-01
   165.00 deg.: X-S =     0.030407 mb/sr,
+                                         /R =   3.9332E-01
   166.00 deg.: X-S =     0.030704 mb/sr,
+                                         /R =   3.9893E-01
   167.00 deg.: X-S =     0.031260 mb/sr,
+                                         /R =   4.0783E-01
   168.00 deg.: X-S =     0.032033 mb/sr,
+                                         /R =   4.1951E-01
   169.00 deg.: X-S =     0.032978 mb/sr,
+                                         /R =   4.3341E-01
   170.00 deg.: X-S =     0.034048 mb/sr,
+                                         /R =   4.4891E-01
   171.00 deg.: X-S =     0.035196 mb/sr,
+                                         /R =   4.6539E-01
   172.00 deg.: X-S =     0.036374 mb/sr,
+                                         /R =   4.8222E-01
   173.00 deg.: X-S =     0.037537 mb/sr,
+                                         /R =   4.9878E-01
   174.00 deg.: X-S =     0.038642 mb/sr,
+                                         /R =   5.1448E-01
   175.00 deg.: X-S =     0.039650 mb/sr,
+                                         /R =   5.2879E-01
   176.00 deg.: X-S =     0.040525 mb/sr,
+                                         /R =   5.4120E-01
   177.00 deg.: X-S =     0.041238 mb/sr,
+                                         /R =   5.5131E-01
   178.00 deg.: X-S =     0.041765 mb/sr,
+                                         /R =   5.5878E-01
   179.00 deg.: X-S =     0.042088 mb/sr,
+                                         /R =   5.6336E-01
   179.99 deg.: X-S =     0.042197 mb/sr,
+                                         /R =   5.6490E-01
                                           Integrated 2049.8084 mb, over [   3.000, 180.000] at    35.0000 MeV 
 Finished all xsecs @    5.18199988E-03

  The following files have been created:
   3:local copy of User input.            6:standard output.                   
   7:elastic  S-matrix elements.         13:total cross sections/state.        
  16:tables of cross sections.           38:cross sections for each J/pi.      
  39:cross sections for each Ecm.        40:all cross sectns. for each Elab.   
  45:scat phase shift as E functions.    56:Fusion for each Jtotal.            
 201:Separate cross sections.           

 PARAMETERS : MAXQRN   MFNL   MLOC  LMAX1 MCLIST
    ALLOWED :      1      1      4     70      6
    REQUIRED:      0      0      4     19      4


 ACCURACY ANALYSIS at    35.000 MeV :

  Elastic h*k = 0.037 so OK       compared with 0.200

   Real(S-el) > 0.01 first at J =       0.5
   Real(S-el) > 0.10 first at J =       0.5
   Real(S-el) > 0.50 first at J =       5.5
   Real(S-el) > 0.90 first at J =       6.5
   Real(S-el) > 0.99 first at J =       8.5
   R-turn =    14.32 fm    at J =      17.5

 Forward-angle excitation cut off below   1.361 deg by max JT =      17.5
                              and below   0.330 deg by max R.

